Port monitor named: Port1_h1[2.4].prt

nx        = 37
ny        = 4
nz        = 19

nu        = 17
nv        = 35
iu        = 2
iv        = 2

idir      = 1
dcut      = -4.425000e-002
icut      = 2
type      = 1
frequency = 2.400000e+009

fcutoff   = 0.000000e+000
alpha     = 0.000000e+000
beta      = 9.226322e+001
accuracy  = 1.810332e-010

type          = QTEM
wave imp.     = 2.489762e+002
wave imp.sig. = 9.933783e-005
line imp.     = 5.327801e+001

ref. port     = 0

-0.000000e+000  1.259454e-002  2.489243e-002  3.661230e-002  4.750201e-002  5.787276e-002  6.699015e-002  7.474176e-002  8.107597e-002  8.599780e-002  8.956150e-002  9.186132e-002  9.302135e-002  9.235374e-002  8.898105e-002  7.156022e-002  5.743026e-002  
-0.000000e+000  4.729457e-002  9.329802e-002  1.367980e-001  1.767314e-001  2.141105e-001  2.462024e-001  2.726391e-001  2.933324e-001  3.084401e-001  3.183196e-001  3.234755e-001  3.245085e-001  3.161549e-001  2.992343e-001  2.309150e-001  1.810382e-001  
-0.000000e+000  1.153329e-001  2.263137e-001  3.289505e-001  4.199260e-001  5.007829e-001  5.652140e-001  6.128963e-001  6.445073e-001  6.614793e-001  6.657314e-001  6.594229e-001  6.447550e-001  5.966368e-001  5.379353e-001  3.726595e-001  2.749506e-001  
-0.000000e+000  2.440839e-001  4.752447e-001  6.819119e-001  8.550877e-001  9.958328e-001  1.092923e+000  1.148583e+000  1.167884e+000  1.157421e+000  1.124185e+000  1.074767e+000  1.014916e+000  8.781060e-001  7.440756e-001  4.568712e-001  3.161635e-001  
-0.000000e+000  4.729860e-001  9.125124e-001  1.288588e+000  1.578712e+000  1.780456e+000  1.880138e+000  1.892891e+000  1.839721e+000  1.741939e+000  1.617866e+000  1.481629e+000  1.343267e+000  1.080117e+000  8.576905e-001  4.737921e-001  3.113536e-001  
-0.000000e+000  7.445807e-001  1.429652e+000  1.998595e+000  2.405862e+000  2.639501e+000  2.692361e+000  2.608675e+000  2.438146e+000  2.222610e+000  1.991900e+000  1.764876e+000  1.552206e+000  1.185638e+000  9.000733e-001  4.641591e-001  2.948631e-001  
-0.000000e+000  1.093106e+000  2.100531e+000  2.925412e+000  3.469732e+000  3.686675e+000  3.602849e+000  3.333625e+000  2.980578e+000  2.610097e+000  2.257978e+000  1.940075e+000  1.661095e+000  1.217504e+000  8.930324e-001  4.393233e-001  2.729165e-001  
-0.000000e+000  1.366357e+000  2.638832e+000  3.688908e+000  4.353067e+000  4.521087e+000  4.280557e+000  3.833265e+000  3.326160e+000  2.837834e+000  2.401032e+000  2.024225e+000  1.704907e+000  1.219063e+000  8.758192e-001  4.189186e-001  2.567711e-001  
-0.000000e+000  1.704838e+000  3.331835e+000  4.721112e+000  5.581006e+000  5.616522e+000  5.091715e+000  4.373268e+000  3.662140e+000  3.034960e+000  2.507831e+000  2.073447e+000  1.717717e+000  1.198937e+000  8.442350e-001  3.932266e-001  2.379980e-001  
-0.000000e+000  2.097231e+000  4.190045e+000  6.122021e+000  7.372949e+000  7.069556e+000  6.028591e+000  4.911613e+000  3.947597e+000  3.170970e+000  2.557769e+000  2.074413e+000  1.691138e+000  1.153724e+000  7.971335e-001  3.622515e-001  2.167040e-001  
-0.000000e+000  2.441314e+000  5.034806e+000  7.756131e+000  9.849670e+000  8.745756e+000  6.890383e+000  5.299475e+000  4.095574e+000  3.201444e+000  2.531352e+000  2.021411e+000  1.626951e+000  1.090133e+000  7.419863e-001  3.307724e-001  1.960845e-001  
-0.000000e+000  2.675517e+000  5.704772e+000  9.390035e+000  1.314354e+001  1.043971e+001  7.535447e+000  5.497248e+000  4.115318e+000  3.150562e+000  2.453981e+000  1.936752e+000  1.543564e+000  1.019898e+000  6.860262e-001  3.012304e-001  1.772966e-001  
-0.000000e+000  2.772812e+000  6.120721e+000  1.099607e+001  1.881610e+001  1.220741e+001  7.881580e+000  5.468423e+000  3.991253e+000  3.007421e+000  2.315039e+000  1.809599e+000  1.430243e+000  9.335135e-001  6.213176e-001  2.691392e-001  1.573934e-001  
-0.000000e+000  2.647786e+000  5.946397e+000  1.146427e+001  2.979200e+001  1.318428e+001  7.564259e+000  5.115533e+000  3.696795e+000  2.763860e+000  2.111829e+000  1.639193e+000  1.287031e+000  8.314042e-001  5.482961e-001  2.347030e-001  1.364836e-001  
-0.000000e+000  2.205349e+000  4.734426e+000  7.984638e+000  -0.000000e+000  7.928245e+000  5.896446e+000  4.281471e+000  3.153549e+000  2.363892e+000  1.800543e+000  1.390366e+000  1.085385e+000  6.941344e-001  4.535212e-001  1.917759e-001  1.108742e-001  
-0.000000e+000  1.468743e+000  2.833501e+000  3.412457e+000  -0.000000e+000  3.639657e+000  3.719578e+000  3.016834e+000  2.316751e+000  1.762263e+000  1.346860e+000  1.038629e+000  8.081545e-001  5.129801e-001  3.326492e-001  1.392508e-001  8.012036e-002  
-0.000000e+000  4.728398e-001  8.095829e-001  7.621825e-001  -0.000000e+000  9.148683e-001  1.203547e+000  1.120429e+000  9.252460e-001  7.291451e-001  5.656360e-001  4.380236e-001  3.405020e-001  2.144264e-001  1.377407e-001  5.689852e-002  3.253030e-002  
-0.000000e+000  -4.728403e-001  -8.095837e-001  -7.621833e-001  -0.000000e+000  -9.148644e-001  -1.203541e+000  -1.120422e+000  -9.252395e-001  -7.291390e-001  -5.656303e-001  -4.380184e-001  -3.404973e-001  -2.144224e-001  -1.377372e-001  -5.689600e-002  -3.252819e-002  
-0.000000e+000  -1.468744e+000  -2.833503e+000  -3.412459e+000  -0.000000e+000  -3.639649e+000  -3.719569e+000  -3.016826e+000  -2.316744e+000  -1.762257e+000  -1.346855e+000  -1.038624e+000  -8.081498e-001  -5.129761e-001  -3.326458e-001  -1.392483e-001  -8.011827e-002  
-0.000000e+000  -2.205350e+000  -4.734429e+000  -7.984642e+000  -0.000000e+000  -7.928229e+000  -5.896435e+000  -4.281462e+000  -3.153542e+000  -2.363886e+000  -1.800537e+000  -1.390361e+000  -1.085381e+000  -6.941306e-001  -4.535179e-001  -1.917735e-001  -1.108721e-001  
-0.000000e+000  -2.647787e+000  -5.946401e+000  -1.146428e+001  -2.979202e+001  -1.318425e+001  -7.564246e+000  -5.115523e+000  -3.696787e+000  -2.763854e+000  -2.111823e+000  -1.639188e+000  -1.287027e+000  -8.314004e-001  -5.482929e-001  -2.347006e-001  -1.364815e-001  
-0.000000e+000  -2.772814e+000  -6.120724e+000  -1.099607e+001  -1.881611e+001  -1.220739e+001  -7.881569e+000  -5.468415e+000  -3.991246e+000  -3.007415e+000  -2.315033e+000  -1.809594e+000  -1.430239e+000  -9.335098e-001  -6.213144e-001  -2.691368e-001  -1.573914e-001  
-0.000000e+000  -2.675518e+000  -5.704775e+000  -9.390039e+000  -1.314355e+001  -1.043970e+001  -7.535439e+000  -5.497240e+000  -4.115312e+000  -3.150556e+000  -2.453976e+000  -1.936747e+000  -1.543559e+000  -1.019895e+000  -6.860231e-001  -3.012280e-001  -1.772946e-001  
-0.000000e+000  -2.441315e+000  -5.034807e+000  -7.756133e+000  -9.849671e+000  -8.745751e+000  -6.890377e+000  -5.299468e+000  -4.095568e+000  -3.201439e+000  -2.531347e+000  -2.021407e+000  -1.626946e+000  -1.090129e+000  -7.419832e-001  -3.307700e-001  -1.960825e-001  
-0.000000e+000  -2.097231e+000  -4.190046e+000  -6.122022e+000  -7.372948e+000  -7.069552e+000  -6.028586e+000  -4.911608e+000  -3.947592e+000  -3.170965e+000  -2.557764e+000  -2.074408e+000  -1.691134e+000  -1.153721e+000  -7.971305e-001  -3.622492e-001  -2.167020e-001  
-0.000000e+000  -1.704838e+000  -3.331836e+000  -4.721112e+000  -5.581004e+000  -5.616519e+000  -5.091712e+000  -4.373264e+000  -3.662136e+000  -3.034956e+000  -2.507827e+000  -2.073444e+000  -1.717714e+000  -1.198934e+000  -8.442322e-001  -3.932244e-001  -2.379961e-001  
-0.000000e+000  -1.366357e+000  -2.638832e+000  -3.688907e+000  -4.353066e+000  -4.521084e+000  -4.280553e+000  -3.833261e+000  -3.326157e+000  -2.837830e+000  -2.401028e+000  -2.024222e+000  -1.704904e+000  -1.219060e+000  -8.758165e-001  -4.189164e-001  -2.567693e-001  
-0.000000e+000  -1.093106e+000  -2.100531e+000  -2.925412e+000  -3.469730e+000  -3.686673e+000  -3.602846e+000  -3.333622e+000  -2.980574e+000  -2.610094e+000  -2.257975e+000  -1.940072e+000  -1.661092e+000  -1.217501e+000  -8.930297e-001  -4.393212e-001  -2.729147e-001  
-0.000000e+000  -7.445805e-001  -1.429652e+000  -1.998594e+000  -2.405861e+000  -2.639499e+000  -2.692359e+000  -2.608673e+000  -2.438144e+000  -2.222608e+000  -1.991897e+000  -1.764874e+000  -1.552204e+000  -1.185635e+000  -9.000709e-001  -4.641571e-001  -2.948613e-001  
-0.000000e+000  -4.729858e-001  -9.125119e-001  -1.288587e+000  -1.578711e+000  -1.780455e+000  -1.880137e+000  -1.892890e+000  -1.839719e+000  -1.741937e+000  -1.617864e+000  -1.481627e+000  -1.343265e+000  -1.080114e+000  -8.576884e-001  -4.737903e-001  -3.113520e-001  
-0.000000e+000  -2.440837e-001  -4.752443e-001  -6.819113e-001  -8.550870e-001  -9.958318e-001  -1.092921e+000  -1.148582e+000  -1.167882e+000  -1.157420e+000  -1.124183e+000  -1.074765e+000  -1.014914e+000  -8.781043e-001  -7.440739e-001  -4.568697e-001  -3.161621e-001  
-0.000000e+000  -1.153328e-001  -2.263135e-001  -3.289501e-001  -4.199255e-001  -5.007823e-001  -5.652134e-001  -6.128955e-001  -6.445064e-001  -6.614784e-001  -6.657304e-001  -6.594219e-001  -6.447539e-001  -5.966357e-001  -5.379341e-001  -3.726584e-001  -2.749496e-001  
-0.000000e+000  -4.729451e-002  -9.329790e-002  -1.367978e-001  -1.767312e-001  -2.141102e-001  -2.462020e-001  -2.726387e-001  -2.933320e-001  -3.084396e-001  -3.183191e-001  -3.234750e-001  -3.245079e-001  -3.161543e-001  -2.992337e-001  -2.309144e-001  -1.810376e-001  
-0.000000e+000  -1.259452e-002  -2.489240e-002  -3.661225e-002  -4.750194e-002  -5.787268e-002  -6.699005e-002  -7.474165e-002  -8.107585e-002  -8.599766e-002  -8.956135e-002  -9.186117e-002  -9.302118e-002  -9.235356e-002  -8.898086e-002  -7.156003e-002  -5.743008e-002  
-0.000000e+000  -0.000000e+000  -0.000000e+000  -0.000000e+000  -0.000000e+000  -0.000000e+000  -0.000000e+000  -0.000000e+000  -0.000000e+000  -0.000000e+000  -0.000000e+000  -0.000000e+000  -0.000000e+000  -0.000000e+000  -0.000000e+000  -0.000000e+000  -0.000000e+000  

-1.060827e+000  -1.053512e+000  -1.039028e+000  -1.017660e+000  -9.915204e-001  -9.620174e-001  -9.280610e-001  -8.903192e-001  -8.494843e-001  -8.062457e-001  -7.612660e-001  -7.151613e-001  -6.451503e-001  -5.524367e-001  -3.822573e-001  -1.255859e-001  -0.000000e+000  
-1.125612e+000  -1.116949e+000  -1.099836e+000  -1.074686e+000  -1.043795e+000  -1.008787e+000  -9.688253e-001  -9.248350e-001  -8.777491e-001  -8.284668e-001  -7.778217e-001  -7.265586e-001  -6.497005e-001  -5.505199e-001  -3.728881e-001  -1.198801e-001  -0.000000e+000  
-1.427693e+000  -1.411698e+000  -1.380355e+000  -1.334897e+000  -1.278663e+000  -1.214598e+000  -1.143506e+000  -1.067801e+000  -9.897305e-001  -9.112652e-001  -8.340342e-001  -7.593066e-001  -6.523518e-001  -5.270780e-001  -3.233656e-001  -9.393160e-002  -0.000000e+000  
-1.974974e+000  -1.940264e+000  -1.873003e+000  -1.777265e+000  -1.659500e+000  -1.526951e+000  -1.385852e+000  -1.242704e+000  -1.102845e+000  -9.702561e-001  -8.475800e-001  -7.362936e-001  -5.872624e-001  -4.353839e-001  -2.220863e-001  -5.327571e-002  -0.000000e+000  
-2.978363e+000  -2.894400e+000  -2.733719e+000  -2.510068e+000  -2.240277e+000  -1.946311e+000  -1.651532e+000  -1.372809e+000  -1.121095e+000  -9.018865e-001  -7.164738e-001  -5.633546e-001  -3.774774e-001  -2.236262e-001  -5.605214e-002  5.974409e-004  -0.000000e+000  
-3.923857e+000  -3.776578e+000  -3.495768e+000  -3.109241e+000  -2.651260e+000  -2.170057e+000  -1.715141e+000  -1.314087e+000  -9.785050e-001  -7.085868e-001  -4.981245e-001  -3.382803e-001  -1.606644e-001  -3.920597e-002  5.780323e-002  3.215291e-002  -0.000000e+000  
-5.390311e+000  -5.130749e+000  -4.630728e+000  -3.938792e+000  -3.127930e+000  -2.316385e+000  -1.610655e+000  -1.048366e+000  -6.271304e-001  -3.256262e-001  -1.179424e-001  1.950380e-002  1.487834e-001  2.020070e-001  1.886274e-001  6.529358e-002  -0.000000e+000  
-6.331929e+000  -6.001072e+000  -5.349037e+000  -4.423246e+000  -3.328397e+000  -2.274652e+000  -1.418520e+000  -7.867952e-001  -3.491887e-001  -6.007470e-002  1.223225e-001  2.304748e-001  3.164161e-001  3.243719e-001  2.492187e-001  7.975704e-002  -0.000000e+000  
-7.502973e+000  -7.094153e+000  -6.257146e+000  -5.009913e+000  -3.491924e+000  -2.109686e+000  -1.085653e+000  -4.031894e-001  2.227555e-002  2.728180e-001  4.095490e-001  4.737141e-001  5.010952e-001  4.544475e-001  3.104499e-001  9.388480e-002  -0.000000e+000  
-8.957603e+000  -8.484482e+000  -7.450194e+000  -5.762290e+000  -3.552149e+000  -1.719977e+000  -5.378509e-001  1.424139e-001  5.042024e-001  6.777568e-001  7.428719e-001  7.462628e-001  6.992403e-001  5.894141e-001  3.710754e-001  1.074391e-001  -0.000000e+000  
-1.074034e+001  -1.026461e+001  -9.097988e+000  -6.843645e+000  -3.345045e+000  -9.209892e-001  3.264653e-001  8.892022e-001  1.105323e+000  1.151624e+000  1.115671e+000  1.041252e+000  9.052986e-001  7.255580e-001  4.296859e-001  1.201724e-001  -0.000000e+000  
-1.227784e+001  -1.189766e+001  -1.081253e+001  -8.171453e+000  -2.719836e+000  1.530269e-001  1.248513e+000  1.586003e+000  1.621751e+000  1.537754e+000  1.408811e+000  1.267465e+000  1.058607e+000  8.245323e-001  4.709330e-001  1.289378e-001  -0.000000e+000  
-1.395999e+001  -1.380070e+001  -1.312557e+001  -1.053106e+001  -1.150999e+000  1.846362e+000  2.435123e+000  2.388527e+000  2.180507e+000  1.940118e+000  1.706800e+000  1.493417e+000  1.208443e+000  9.196139e-001  5.095855e-001  1.370121e-001  -0.000000e+000  
-1.570130e+001  -1.590048e+001  -1.617692e+001  -1.541667e+001  2.722553e+000  4.379576e+000  3.844010e+000  3.248187e+000  2.751355e+000  2.340744e+000  1.998481e+000  1.711776e+000  1.350793e+000  1.008652e+000  5.450054e-001  1.442992e-001  -0.000000e+000  
-1.736319e+001  -1.796784e+001  -1.962555e+001  -2.438981e+001  1.525532e+001  7.678356e+000  5.275330e+000  4.074571e+000  3.293192e+000  2.718431e+000  2.271552e+000  1.914729e+000  1.481525e+000  1.089492e+000  5.765774e-001  1.507094e-001  -0.000000e+000  
-1.923218e+001  -2.010967e+001  -2.237502e+001  -2.782614e+001  1.465780e+001  9.276779e+000  6.546281e+000  4.960827e+000  3.912432e+000  3.159246e+000  2.591773e+000  2.152260e+000  1.633253e+000  1.182352e+000  6.121897e-001  1.578433e-001  -0.000000e+000  
-2.047845e+001  -2.126966e+001  -2.287786e+001  -2.498421e+001  1.147748e+001  9.198483e+000  7.094609e+000  5.509442e+000  4.346885e+000  3.484289e+000  2.832508e+000  2.331881e+000  1.747818e+000  1.252010e+000  6.385249e-001  1.630607e-001  -0.000000e+000  
-2.128368e+001  -2.184724e+001  -2.281222e+001  -2.372080e+001  9.874682e+000  8.727083e+000  7.217661e+000  5.812879e+000  4.653268e+000  3.739904e+000  3.031830e+000  2.483959e+000  1.845775e+000  1.311319e+000  6.605649e-001  1.673648e-001  -0.000000e+000  
-2.047845e+001  -2.126966e+001  -2.287786e+001  -2.498421e+001  1.147748e+001  9.198479e+000  7.094608e+000  5.509442e+000  4.346886e+000  3.484289e+000  2.832509e+000  2.331881e+000  1.747819e+000  1.252011e+000  6.385251e-001  1.630608e-001  -0.000000e+000  
-1.923218e+001  -2.010967e+001  -2.237502e+001  -2.782614e+001  1.465779e+001  9.276775e+000  6.546281e+000  4.960828e+000  3.912433e+000  3.159247e+000  2.591774e+000  2.152261e+000  1.633254e+000  1.182353e+000  6.121900e-001  1.578434e-001  -0.000000e+000  
-1.736319e+001  -1.796784e+001  -1.962555e+001  -2.438982e+001  1.525530e+001  7.678355e+000  5.275331e+000  4.074573e+000  3.293193e+000  2.718433e+000  2.271553e+000  1.914731e+000  1.481526e+000  1.089493e+000  5.765778e-001  1.507096e-001  -0.000000e+000  
-1.570130e+001  -1.590048e+001  -1.617692e+001  -1.541667e+001  2.722587e+000  4.379585e+000  3.844014e+000  3.248190e+000  2.751357e+000  2.340746e+000  1.998482e+000  1.711777e+000  1.350794e+000  1.008653e+000  5.450059e-001  1.442994e-001  -0.000000e+000  
-1.395999e+001  -1.380070e+001  -1.312557e+001  -1.053105e+001  -1.150979e+000  1.846372e+000  2.435128e+000  2.388531e+000  2.180509e+000  1.940120e+000  1.706802e+000  1.493419e+000  1.208444e+000  9.196149e-001  5.095861e-001  1.370123e-001  -0.000000e+000  
-1.227784e+001  -1.189765e+001  -1.081253e+001  -8.171443e+000  -2.719822e+000  1.530362e-001  1.248519e+000  1.586007e+000  1.621754e+000  1.537756e+000  1.408814e+000  1.267467e+000  1.058608e+000  8.245334e-001  4.709336e-001  1.289380e-001  -0.000000e+000  
-1.074033e+001  -1.026461e+001  -9.097981e+000  -6.843636e+000  -3.345034e+000  -9.209807e-001  3.264715e-001  8.892068e-001  1.105327e+000  1.151627e+000  1.115674e+000  1.041254e+000  9.053002e-001  7.255593e-001  4.296866e-001  1.201726e-001  -0.000000e+000  
-8.957597e+000  -8.484476e+000  -7.450187e+000  -5.762282e+000  -3.552141e+000  -1.719970e+000  -5.378450e-001  1.424187e-001  5.042062e-001  6.777599e-001  7.428745e-001  7.462651e-001  6.992421e-001  5.894155e-001  3.710762e-001  1.074394e-001  -0.000000e+000  
-7.502967e+000  -7.094147e+000  -6.257140e+000  -5.009906e+000  -3.491917e+000  -2.109680e+000  -1.085647e+000  -4.031848e-001  2.227942e-002  2.728212e-001  4.095518e-001  4.737164e-001  5.010971e-001  4.544489e-001  3.104508e-001  9.388505e-002  -0.000000e+000  
-6.331923e+000  -6.001066e+000  -5.349032e+000  -4.423240e+000  -3.328391e+000  -2.274647e+000  -1.418515e+000  -7.867908e-001  -3.491849e-001  -6.007141e-002  1.223253e-001  2.304772e-001  3.164180e-001  3.243735e-001  2.492196e-001  7.975731e-002  -0.000000e+000  
-5.390306e+000  -5.130743e+000  -4.630723e+000  -3.938786e+000  -3.127924e+000  -2.316380e+000  -1.610651e+000  -1.048362e+000  -6.271266e-001  -3.256229e-001  -1.179396e-001  1.950631e-002  1.487855e-001  2.020086e-001  1.886284e-001  6.529387e-002  -0.000000e+000  
-3.923852e+000  -3.776573e+000  -3.495763e+000  -3.109237e+000  -2.651256e+000  -2.170052e+000  -1.715137e+000  -1.314083e+000  -9.785016e-001  -7.085837e-001  -4.981217e-001  -3.382778e-001  -1.606623e-001  -3.920427e-002  5.780428e-002  3.215323e-002  -0.000000e+000  
-2.978359e+000  -2.894396e+000  -2.733715e+000  -2.510064e+000  -2.240273e+000  -1.946307e+000  -1.651528e+000  -1.372805e+000  -1.121092e+000  -9.018836e-001  -7.164712e-001  -5.633521e-001  -3.774753e-001  -2.236244e-001  -5.605102e-002  5.977960e-004  -0.000000e+000  
-1.974971e+000  -1.940261e+000  -1.873000e+000  -1.777262e+000  -1.659497e+000  -1.526948e+000  -1.385849e+000  -1.242701e+000  -1.102843e+000  -9.702536e-001  -8.475776e-001  -7.362914e-001  -5.872604e-001  -4.353823e-001  -2.220851e-001  -5.327533e-002  -0.000000e+000  
-1.427690e+000  -1.411696e+000  -1.380353e+000  -1.334895e+000  -1.278660e+000  -1.214596e+000  -1.143503e+000  -1.067798e+000  -9.897282e-001  -9.112630e-001  -8.340321e-001  -7.593046e-001  -6.523500e-001  -5.270764e-001  -3.233645e-001  -9.393120e-002  -0.000000e+000  
-1.125609e+000  -1.116947e+000  -1.099834e+000  -1.074684e+000  -1.043793e+000  -1.008785e+000  -9.688231e-001  -9.248330e-001  -8.777471e-001  -8.284649e-001  -7.778198e-001  -7.265568e-001  -6.496989e-001  -5.505185e-001  -3.728870e-001  -1.198797e-001  -0.000000e+000  
-1.060825e+000  -1.053510e+000  -1.039026e+000  -1.017658e+000  -9.915182e-001  -9.620153e-001  -9.280589e-001  -8.903171e-001  -8.494823e-001  -8.062438e-001  -7.612642e-001  -7.151596e-001  -6.451487e-001  -5.524353e-001  -3.822562e-001  -1.255855e-001  -0.000000e+000  

0.000000e+000  0.000000e+000  0.000000e+000  0.000000e+000  0.000000e+000  0.000000e+000  0.000000e+000  0.000000e+000  0.000000e+000  0.000000e+000  0.000000e+000  0.000000e+000  0.000000e+000  0.000000e+000  0.000000e+000  0.000000e+000  0.000000e+000  
0.000000e+000  0.000000e+000  0.000000e+000  0.000000e+000  0.000000e+000  0.000000e+000  0.000000e+000  0.000000e+000  0.000000e+000  0.000000e+000  0.000000e+000  0.000000e+000  0.000000e+000  0.000000e+000  0.000000e+000  0.000000e+000  0.000000e+000  
0.000000e+000  0.000000e+000  0.000000e+000  0.000000e+000  0.000000e+000  0.000000e+000  0.000000e+000  0.000000e+000  0.000000e+000  0.000000e+000  0.000000e+000  0.000000e+000  0.000000e+000  0.000000e+000  0.000000e+000  0.000000e+000  0.000000e+000  
0.000000e+000  0.000000e+000  0.000000e+000  0.000000e+000  0.000000e+000  0.000000e+000  0.000000e+000  0.000000e+000  0.000000e+000  0.000000e+000  0.000000e+000  0.000000e+000  0.000000e+000  0.000000e+000  0.000000e+000  0.000000e+000  0.000000e+000  
0.000000e+000  0.000000e+000  0.000000e+000  0.000000e+000  0.000000e+000  0.000000e+000  0.000000e+000  0.000000e+000  0.000000e+000  0.000000e+000  0.000000e+000  0.000000e+000  0.000000e+000  0.000000e+000  0.000000e+000  0.000000e+000  0.000000e+000  
0.000000e+000  0.000000e+000  0.000000e+000  0.000000e+000  0.000000e+000  0.000000e+000  0.000000e+000  0.000000e+000  0.000000e+000  0.000000e+000  0.000000e+000  0.000000e+000  0.000000e+000  0.000000e+000  0.000000e+000  0.000000e+000  0.000000e+000  
0.000000e+000  0.000000e+000  0.000000e+000  0.000000e+000  0.000000e+000  0.000000e+000  0.000000e+000  0.000000e+000  0.000000e+000  0.000000e+000  0.000000e+000  0.000000e+000  0.000000e+000  0.000000e+000  0.000000e+000  0.000000e+000  0.000000e+000  
0.000000e+000  0.000000e+000  0.000000e+000  0.000000e+000  0.000000e+000  0.000000e+000  0.000000e+000  0.000000e+000  0.000000e+000  0.000000e+000  0.000000e+000  0.000000e+000  0.000000e+000  0.000000e+000  0.000000e+000  0.000000e+000  0.000000e+000  
0.000000e+000  0.000000e+000  0.000000e+000  0.000000e+000  0.000000e+000  0.000000e+000  0.000000e+000  0.000000e+000  0.000000e+000  0.000000e+000  0.000000e+000  0.000000e+000  0.000000e+000  0.000000e+000  0.000000e+000  0.000000e+000  0.000000e+000  
0.000000e+000  0.000000e+000  0.000000e+000  0.000000e+000  0.000000e+000  0.000000e+000  0.000000e+000  0.000000e+000  0.000000e+000  0.000000e+000  0.000000e+000  0.000000e+000  0.000000e+000  0.000000e+000  0.000000e+000  0.000000e+000  0.000000e+000  
0.000000e+000  0.000000e+000  0.000000e+000  0.000000e+000  0.000000e+000  0.000000e+000  0.000000e+000  0.000000e+000  0.000000e+000  0.000000e+000  0.000000e+000  0.000000e+000  0.000000e+000  0.000000e+000  0.000000e+000  0.000000e+000  0.000000e+000  
0.000000e+000  0.000000e+000  0.000000e+000  0.000000e+000  0.000000e+000  0.000000e+000  0.000000e+000  0.000000e+000  0.000000e+000  0.000000e+000  0.000000e+000  0.000000e+000  0.000000e+000  0.000000e+000  0.000000e+000  0.000000e+000  0.000000e+000  
0.000000e+000  0.000000e+000  0.000000e+000  0.000000e+000  0.000000e+000  0.000000e+000  0.000000e+000  0.000000e+000  0.000000e+000  0.000000e+000  0.000000e+000  0.000000e+000  0.000000e+000  0.000000e+000  0.000000e+000  0.000000e+000  0.000000e+000  
0.000000e+000  0.000000e+000  0.000000e+000  0.000000e+000  0.000000e+000  0.000000e+000  0.000000e+000  0.000000e+000  0.000000e+000  0.000000e+000  0.000000e+000  0.000000e+000  0.000000e+000  0.000000e+000  0.000000e+000  0.000000e+000  0.000000e+000  
0.000000e+000  0.000000e+000  0.000000e+000  0.000000e+000  0.000000e+000  0.000000e+000  0.000000e+000  0.000000e+000  0.000000e+000  0.000000e+000  0.000000e+000  0.000000e+000  0.000000e+000  0.000000e+000  0.000000e+000  0.000000e+000  0.000000e+000  
0.000000e+000  0.000000e+000  0.000000e+000  0.000000e+000  0.000000e+000  0.000000e+000  0.000000e+000  0.000000e+000  0.000000e+000  0.000000e+000  0.000000e+000  0.000000e+000  0.000000e+000  0.000000e+000  0.000000e+000  0.000000e+000  0.000000e+000  
0.000000e+000  0.000000e+000  0.000000e+000  0.000000e+000  0.000000e+000  0.000000e+000  0.000000e+000  0.000000e+000  0.000000e+000  0.000000e+000  0.000000e+000  0.000000e+000  0.000000e+000  0.000000e+000  0.000000e+000  0.000000e+000  0.000000e+000  
0.000000e+000  0.000000e+000  0.000000e+000  0.000000e+000  0.000000e+000  0.000000e+000  0.000000e+000  0.000000e+000  0.000000e+000  0.000000e+000  0.000000e+000  0.000000e+000  0.000000e+000  0.000000e+000  0.000000e+000  0.000000e+000  0.000000e+000  
0.000000e+000  0.000000e+000  0.000000e+000  0.000000e+000  0.000000e+000  0.000000e+000  0.000000e+000  0.000000e+000  0.000000e+000  0.000000e+000  0.000000e+000  0.000000e+000  0.000000e+000  0.000000e+000  0.000000e+000  0.000000e+000  0.000000e+000  
0.000000e+000  0.000000e+000  0.000000e+000  0.000000e+000  0.000000e+000  0.000000e+000  0.000000e+000  0.000000e+000  0.000000e+000  0.000000e+000  0.000000e+000  0.000000e+000  0.000000e+000  0.000000e+000  0.000000e+000  0.000000e+000  0.000000e+000  
0.000000e+000  0.000000e+000  0.000000e+000  0.000000e+000  0.000000e+000  0.000000e+000  0.000000e+000  0.000000e+000  0.000000e+000  0.000000e+000  0.000000e+000  0.000000e+000  0.000000e+000  0.000000e+000  0.000000e+000  0.000000e+000  0.000000e+000  
0.000000e+000  0.000000e+000  0.000000e+000  0.000000e+000  0.000000e+000  0.000000e+000  0.000000e+000  0.000000e+000  0.000000e+000  0.000000e+000  0.000000e+000  0.000000e+000  0.000000e+000  0.000000e+000  0.000000e+000  0.000000e+000  0.000000e+000  
0.000000e+000  0.000000e+000  0.000000e+000  0.000000e+000  0.000000e+000  0.000000e+000  0.000000e+000  0.000000e+000  0.000000e+000  0.000000e+000  0.000000e+000  0.000000e+000  0.000000e+000  0.000000e+000  0.000000e+000  0.000000e+000  0.000000e+000  
0.000000e+000  0.000000e+000  0.000000e+000  0.000000e+000  0.000000e+000  0.000000e+000  0.000000e+000  0.000000e+000  0.000000e+000  0.000000e+000  0.000000e+000  0.000000e+000  0.000000e+000  0.000000e+000  0.000000e+000  0.000000e+000  0.000000e+000  
0.000000e+000  0.000000e+000  0.000000e+000  0.000000e+000  0.000000e+000  0.000000e+000  0.000000e+000  0.000000e+000  0.000000e+000  0.000000e+000  0.000000e+000  0.000000e+000  0.000000e+000  0.000000e+000  0.000000e+000  0.000000e+000  0.000000e+000  
0.000000e+000  0.000000e+000  0.000000e+000  0.000000e+000  0.000000e+000  0.000000e+000  0.000000e+000  0.000000e+000  0.000000e+000  0.000000e+000  0.000000e+000  0.000000e+000  0.000000e+000  0.000000e+000  0.000000e+000  0.000000e+000  0.000000e+000  
0.000000e+000  0.000000e+000  0.000000e+000  0.000000e+000  0.000000e+000  0.000000e+000  0.000000e+000  0.000000e+000  0.000000e+000  0.000000e+000  0.000000e+000  0.000000e+000  0.000000e+000  0.000000e+000  0.000000e+000  0.000000e+000  0.000000e+000  
0.000000e+000  0.000000e+000  0.000000e+000  0.000000e+000  0.000000e+000  0.000000e+000  0.000000e+000  0.000000e+000  0.000000e+000  0.000000e+000  0.000000e+000  0.000000e+000  0.000000e+000  0.000000e+000  0.000000e+000  0.000000e+000  0.000000e+000  
0.000000e+000  0.000000e+000  0.000000e+000  0.000000e+000  0.000000e+000  0.000000e+000  0.000000e+000  0.000000e+000  0.000000e+000  0.000000e+000  0.000000e+000  0.000000e+000  0.000000e+000  0.000000e+000  0.000000e+000  0.000000e+000  0.000000e+000  
0.000000e+000  0.000000e+000  0.000000e+000  0.000000e+000  0.000000e+000  0.000000e+000  0.000000e+000  0.000000e+000  0.000000e+000  0.000000e+000  0.000000e+000  0.000000e+000  0.000000e+000  0.000000e+000  0.000000e+000  0.000000e+000  0.000000e+000  
0.000000e+000  0.000000e+000  0.000000e+000  0.000000e+000  0.000000e+000  0.000000e+000  0.000000e+000  0.000000e+000  0.000000e+000  0.000000e+000  0.000000e+000  0.000000e+000  0.000000e+000  0.000000e+000  0.000000e+000  0.000000e+000  0.000000e+000  
0.000000e+000  0.000000e+000  0.000000e+000  0.000000e+000  0.000000e+000  0.000000e+000  0.000000e+000  0.000000e+000  0.000000e+000  0.000000e+000  0.000000e+000  0.000000e+000  0.000000e+000  0.000000e+000  0.000000e+000  0.000000e+000  0.000000e+000  
0.000000e+000  0.000000e+000  0.000000e+000  0.000000e+000  0.000000e+000  0.000000e+000  0.000000e+000  0.000000e+000  0.000000e+000  0.000000e+000  0.000000e+000  0.000000e+000  0.000000e+000  0.000000e+000  0.000000e+000  0.000000e+000  0.000000e+000  
0.000000e+000  0.000000e+000  0.000000e+000  0.000000e+000  0.000000e+000  0.000000e+000  0.000000e+000  0.000000e+000  0.000000e+000  0.000000e+000  0.000000e+000  0.000000e+000  0.000000e+000  0.000000e+000  0.000000e+000  0.000000e+000  0.000000e+000  
0.000000e+000  0.000000e+000  0.000000e+000  0.000000e+000  0.000000e+000  0.000000e+000  0.000000e+000  0.000000e+000  0.000000e+000  0.000000e+000  0.000000e+000  0.000000e+000  0.000000e+000  0.000000e+000  0.000000e+000  0.000000e+000  0.000000e+000  

0.000000e+000  0.000000e+000  0.000000e+000  0.000000e+000  0.000000e+000  0.000000e+000  0.000000e+000  0.000000e+000  0.000000e+000  0.000000e+000  0.000000e+000  0.000000e+000  0.000000e+000  0.000000e+000  0.000000e+000  0.000000e+000  0.000000e+000  
0.000000e+000  0.000000e+000  0.000000e+000  0.000000e+000  0.000000e+000  0.000000e+000  0.000000e+000  0.000000e+000  0.000000e+000  0.000000e+000  0.000000e+000  0.000000e+000  0.000000e+000  0.000000e+000  0.000000e+000  0.000000e+000  0.000000e+000  
0.000000e+000  0.000000e+000  0.000000e+000  0.000000e+000  0.000000e+000  0.000000e+000  0.000000e+000  0.000000e+000  0.000000e+000  0.000000e+000  0.000000e+000  0.000000e+000  0.000000e+000  0.000000e+000  0.000000e+000  0.000000e+000  0.000000e+000  
0.000000e+000  0.000000e+000  0.000000e+000  0.000000e+000  0.000000e+000  0.000000e+000  0.000000e+000  0.000000e+000  0.000000e+000  0.000000e+000  0.000000e+000  0.000000e+000  0.000000e+000  0.000000e+000  0.000000e+000  0.000000e+000  0.000000e+000  
0.000000e+000  0.000000e+000  0.000000e+000  0.000000e+000  0.000000e+000  0.000000e+000  0.000000e+000  0.000000e+000  0.000000e+000  0.000000e+000  0.000000e+000  0.000000e+000  0.000000e+000  0.000000e+000  0.000000e+000  0.000000e+000  0.000000e+000  
0.000000e+000  0.000000e+000  0.000000e+000  0.000000e+000  0.000000e+000  0.000000e+000  0.000000e+000  0.000000e+000  0.000000e+000  0.000000e+000  0.000000e+000  0.000000e+000  0.000000e+000  0.000000e+000  0.000000e+000  0.000000e+000  0.000000e+000  
0.000000e+000  0.000000e+000  0.000000e+000  0.000000e+000  0.000000e+000  0.000000e+000  0.000000e+000  0.000000e+000  0.000000e+000  0.000000e+000  0.000000e+000  0.000000e+000  0.000000e+000  0.000000e+000  0.000000e+000  0.000000e+000  0.000000e+000  
0.000000e+000  0.000000e+000  0.000000e+000  0.000000e+000  0.000000e+000  0.000000e+000  0.000000e+000  0.000000e+000  0.000000e+000  0.000000e+000  0.000000e+000  0.000000e+000  0.000000e+000  0.000000e+000  0.000000e+000  0.000000e+000  0.000000e+000  
0.000000e+000  0.000000e+000  0.000000e+000  0.000000e+000  0.000000e+000  0.000000e+000  0.000000e+000  0.000000e+000  0.000000e+000  0.000000e+000  0.000000e+000  0.000000e+000  0.000000e+000  0.000000e+000  0.000000e+000  0.000000e+000  0.000000e+000  
0.000000e+000  0.000000e+000  0.000000e+000  0.000000e+000  0.000000e+000  0.000000e+000  0.000000e+000  0.000000e+000  0.000000e+000  0.000000e+000  0.000000e+000  0.000000e+000  0.000000e+000  0.000000e+000  0.000000e+000  0.000000e+000  0.000000e+000  
0.000000e+000  0.000000e+000  0.000000e+000  0.000000e+000  0.000000e+000  0.000000e+000  0.000000e+000  0.000000e+000  0.000000e+000  0.000000e+000  0.000000e+000  0.000000e+000  0.000000e+000  0.000000e+000  0.000000e+000  0.000000e+000  0.000000e+000  
0.000000e+000  0.000000e+000  0.000000e+000  0.000000e+000  0.000000e+000  0.000000e+000  0.000000e+000  0.000000e+000  0.000000e+000  0.000000e+000  0.000000e+000  0.000000e+000  0.000000e+000  0.000000e+000  0.000000e+000  0.000000e+000  0.000000e+000  
0.000000e+000  0.000000e+000  0.000000e+000  0.000000e+000  0.000000e+000  0.000000e+000  0.000000e+000  0.000000e+000  0.000000e+000  0.000000e+000  0.000000e+000  0.000000e+000  0.000000e+000  0.000000e+000  0.000000e+000  0.000000e+000  0.000000e+000  
0.000000e+000  0.000000e+000  0.000000e+000  0.000000e+000  0.000000e+000  0.000000e+000  0.000000e+000  0.000000e+000  0.000000e+000  0.000000e+000  0.000000e+000  0.000000e+000  0.000000e+000  0.000000e+000  0.000000e+000  0.000000e+000  0.000000e+000  
0.000000e+000  0.000000e+000  0.000000e+000  0.000000e+000  0.000000e+000  0.000000e+000  0.000000e+000  0.000000e+000  0.000000e+000  0.000000e+000  0.000000e+000  0.000000e+000  0.000000e+000  0.000000e+000  0.000000e+000  0.000000e+000  0.000000e+000  
0.000000e+000  0.000000e+000  0.000000e+000  0.000000e+000  0.000000e+000  0.000000e+000  0.000000e+000  0.000000e+000  0.000000e+000  0.000000e+000  0.000000e+000  0.000000e+000  0.000000e+000  0.000000e+000  0.000000e+000  0.000000e+000  0.000000e+000  
0.000000e+000  0.000000e+000  0.000000e+000  0.000000e+000  0.000000e+000  0.000000e+000  0.000000e+000  0.000000e+000  0.000000e+000  0.000000e+000  0.000000e+000  0.000000e+000  0.000000e+000  0.000000e+000  0.000000e+000  0.000000e+000  0.000000e+000  
0.000000e+000  0.000000e+000  0.000000e+000  0.000000e+000  0.000000e+000  0.000000e+000  0.000000e+000  0.000000e+000  0.000000e+000  0.000000e+000  0.000000e+000  0.000000e+000  0.000000e+000  0.000000e+000  0.000000e+000  0.000000e+000  0.000000e+000  
0.000000e+000  0.000000e+000  0.000000e+000  0.000000e+000  0.000000e+000  0.000000e+000  0.000000e+000  0.000000e+000  0.000000e+000  0.000000e+000  0.000000e+000  0.000000e+000  0.000000e+000  0.000000e+000  0.000000e+000  0.000000e+000  0.000000e+000  
0.000000e+000  0.000000e+000  0.000000e+000  0.000000e+000  0.000000e+000  0.000000e+000  0.000000e+000  0.000000e+000  0.000000e+000  0.000000e+000  0.000000e+000  0.000000e+000  0.000000e+000  0.000000e+000  0.000000e+000  0.000000e+000  0.000000e+000  
0.000000e+000  0.000000e+000  0.000000e+000  0.000000e+000  0.000000e+000  0.000000e+000  0.000000e+000  0.000000e+000  0.000000e+000  0.000000e+000  0.000000e+000  0.000000e+000  0.000000e+000  0.000000e+000  0.000000e+000  0.000000e+000  0.000000e+000  
0.000000e+000  0.000000e+000  0.000000e+000  0.000000e+000  0.000000e+000  0.000000e+000  0.000000e+000  0.000000e+000  0.000000e+000  0.000000e+000  0.000000e+000  0.000000e+000  0.000000e+000  0.000000e+000  0.000000e+000  0.000000e+000  0.000000e+000  
0.000000e+000  0.000000e+000  0.000000e+000  0.000000e+000  0.000000e+000  0.000000e+000  0.000000e+000  0.000000e+000  0.000000e+000  0.000000e+000  0.000000e+000  0.000000e+000  0.000000e+000  0.000000e+000  0.000000e+000  0.000000e+000  0.000000e+000  
0.000000e+000  0.000000e+000  0.000000e+000  0.000000e+000  0.000000e+000  0.000000e+000  0.000000e+000  0.000000e+000  0.000000e+000  0.000000e+000  0.000000e+000  0.000000e+000  0.000000e+000  0.000000e+000  0.000000e+000  0.000000e+000  0.000000e+000  
0.000000e+000  0.000000e+000  0.000000e+000  0.000000e+000  0.000000e+000  0.000000e+000  0.000000e+000  0.000000e+000  0.000000e+000  0.000000e+000  0.000000e+000  0.000000e+000  0.000000e+000  0.000000e+000  0.000000e+000  0.000000e+000  0.000000e+000  
0.000000e+000  0.000000e+000  0.000000e+000  0.000000e+000  0.000000e+000  0.000000e+000  0.000000e+000  0.000000e+000  0.000000e+000  0.000000e+000  0.000000e+000  0.000000e+000  0.000000e+000  0.000000e+000  0.000000e+000  0.000000e+000  0.000000e+000  
0.000000e+000  0.000000e+000  0.000000e+000  0.000000e+000  0.000000e+000  0.000000e+000  0.000000e+000  0.000000e+000  0.000000e+000  0.000000e+000  0.000000e+000  0.000000e+000  0.000000e+000  0.000000e+000  0.000000e+000  0.000000e+000  0.000000e+000  
0.000000e+000  0.000000e+000  0.000000e+000  0.000000e+000  0.000000e+000  0.000000e+000  0.000000e+000  0.000000e+000  0.000000e+000  0.000000e+000  0.000000e+000  0.000000e+000  0.000000e+000  0.000000e+000  0.000000e+000  0.000000e+000  0.000000e+000  
0.000000e+000  0.000000e+000  0.000000e+000  0.000000e+000  0.000000e+000  0.000000e+000  0.000000e+000  0.000000e+000  0.000000e+000  0.000000e+000  0.000000e+000  0.000000e+000  0.000000e+000  0.000000e+000  0.000000e+000  0.000000e+000  0.000000e+000  
0.000000e+000  0.000000e+000  0.000000e+000  0.000000e+000  0.000000e+000  0.000000e+000  0.000000e+000  0.000000e+000  0.000000e+000  0.000000e+000  0.000000e+000  0.000000e+000  0.000000e+000  0.000000e+000  0.000000e+000  0.000000e+000  0.000000e+000  
0.000000e+000  0.000000e+000  0.000000e+000  0.000000e+000  0.000000e+000  0.000000e+000  0.000000e+000  0.000000e+000  0.000000e+000  0.000000e+000  0.000000e+000  0.000000e+000  0.000000e+000  0.000000e+000  0.000000e+000  0.000000e+000  0.000000e+000  
0.000000e+000  0.000000e+000  0.000000e+000  0.000000e+000  0.000000e+000  0.000000e+000  0.000000e+000  0.000000e+000  0.000000e+000  0.000000e+000  0.000000e+000  0.000000e+000  0.000000e+000  0.000000e+000  0.000000e+000  0.000000e+000  0.000000e+000  
0.000000e+000  0.000000e+000  0.000000e+000  0.000000e+000  0.000000e+000  0.000000e+000  0.000000e+000  0.000000e+000  0.000000e+000  0.000000e+000  0.000000e+000  0.000000e+000  0.000000e+000  0.000000e+000  0.000000e+000  0.000000e+000  0.000000e+000  
0.000000e+000  0.000000e+000  0.000000e+000  0.000000e+000  0.000000e+000  0.000000e+000  0.000000e+000  0.000000e+000  0.000000e+000  0.000000e+000  0.000000e+000  0.000000e+000  0.000000e+000  0.000000e+000  0.000000e+000  0.000000e+000  0.000000e+000  
0.000000e+000  0.000000e+000  0.000000e+000  0.000000e+000  0.000000e+000  0.000000e+000  0.000000e+000  0.000000e+000  0.000000e+000  0.000000e+000  0.000000e+000  0.000000e+000  0.000000e+000  0.000000e+000  0.000000e+000  0.000000e+000  0.000000e+000  

0.000000e+000  0.000000e+000  0.000000e+000  0.000000e+000  0.000000e+000  0.000000e+000  0.000000e+000  0.000000e+000  0.000000e+000  0.000000e+000  0.000000e+000  0.000000e+000  0.000000e+000  0.000000e+000  0.000000e+000  0.000000e+000  0.000000e+000  
0.000000e+000  0.000000e+000  0.000000e+000  0.000000e+000  0.000000e+000  0.000000e+000  0.000000e+000  0.000000e+000  0.000000e+000  0.000000e+000  0.000000e+000  0.000000e+000  0.000000e+000  0.000000e+000  0.000000e+000  0.000000e+000  0.000000e+000  
0.000000e+000  0.000000e+000  0.000000e+000  0.000000e+000  0.000000e+000  0.000000e+000  0.000000e+000  0.000000e+000  0.000000e+000  0.000000e+000  0.000000e+000  0.000000e+000  0.000000e+000  0.000000e+000  0.000000e+000  0.000000e+000  0.000000e+000  
0.000000e+000  0.000000e+000  0.000000e+000  0.000000e+000  0.000000e+000  0.000000e+000  0.000000e+000  0.000000e+000  0.000000e+000  0.000000e+000  0.000000e+000  0.000000e+000  0.000000e+000  0.000000e+000  0.000000e+000  0.000000e+000  0.000000e+000  
0.000000e+000  0.000000e+000  0.000000e+000  0.000000e+000  0.000000e+000  0.000000e+000  0.000000e+000  0.000000e+000  0.000000e+000  0.000000e+000  0.000000e+000  0.000000e+000  0.000000e+000  0.000000e+000  0.000000e+000  0.000000e+000  0.000000e+000  
0.000000e+000  0.000000e+000  0.000000e+000  0.000000e+000  0.000000e+000  0.000000e+000  0.000000e+000  0.000000e+000  0.000000e+000  0.000000e+000  0.000000e+000  0.000000e+000  0.000000e+000  0.000000e+000  0.000000e+000  0.000000e+000  0.000000e+000  
0.000000e+000  0.000000e+000  0.000000e+000  0.000000e+000  0.000000e+000  0.000000e+000  0.000000e+000  0.000000e+000  0.000000e+000  0.000000e+000  0.000000e+000  0.000000e+000  0.000000e+000  0.000000e+000  0.000000e+000  0.000000e+000  0.000000e+000  
0.000000e+000  0.000000e+000  0.000000e+000  0.000000e+000  0.000000e+000  0.000000e+000  0.000000e+000  0.000000e+000  0.000000e+000  0.000000e+000  0.000000e+000  0.000000e+000  0.000000e+000  0.000000e+000  0.000000e+000  0.000000e+000  0.000000e+000  
0.000000e+000  0.000000e+000  0.000000e+000  0.000000e+000  0.000000e+000  0.000000e+000  0.000000e+000  0.000000e+000  0.000000e+000  0.000000e+000  0.000000e+000  0.000000e+000  0.000000e+000  0.000000e+000  0.000000e+000  0.000000e+000  0.000000e+000  
0.000000e+000  0.000000e+000  0.000000e+000  0.000000e+000  0.000000e+000  0.000000e+000  0.000000e+000  0.000000e+000  0.000000e+000  0.000000e+000  0.000000e+000  0.000000e+000  0.000000e+000  0.000000e+000  0.000000e+000  0.000000e+000  0.000000e+000  
0.000000e+000  0.000000e+000  0.000000e+000  0.000000e+000  0.000000e+000  0.000000e+000  0.000000e+000  0.000000e+000  0.000000e+000  0.000000e+000  0.000000e+000  0.000000e+000  0.000000e+000  0.000000e+000  0.000000e+000  0.000000e+000  0.000000e+000  
0.000000e+000  0.000000e+000  0.000000e+000  0.000000e+000  0.000000e+000  0.000000e+000  0.000000e+000  0.000000e+000  0.000000e+000  0.000000e+000  0.000000e+000  0.000000e+000  0.000000e+000  0.000000e+000  0.000000e+000  0.000000e+000  0.000000e+000  
0.000000e+000  0.000000e+000  0.000000e+000  0.000000e+000  0.000000e+000  0.000000e+000  0.000000e+000  0.000000e+000  0.000000e+000  0.000000e+000  0.000000e+000  0.000000e+000  0.000000e+000  0.000000e+000  0.000000e+000  0.000000e+000  0.000000e+000  
0.000000e+000  0.000000e+000  0.000000e+000  0.000000e+000  0.000000e+000  0.000000e+000  0.000000e+000  0.000000e+000  0.000000e+000  0.000000e+000  0.000000e+000  0.000000e+000  0.000000e+000  0.000000e+000  0.000000e+000  0.000000e+000  0.000000e+000  
0.000000e+000  0.000000e+000  0.000000e+000  0.000000e+000  0.000000e+000  0.000000e+000  0.000000e+000  0.000000e+000  0.000000e+000  0.000000e+000  0.000000e+000  0.000000e+000  0.000000e+000  0.000000e+000  0.000000e+000  0.000000e+000  0.000000e+000  
0.000000e+000  0.000000e+000  0.000000e+000  0.000000e+000  0.000000e+000  0.000000e+000  0.000000e+000  0.000000e+000  0.000000e+000  0.000000e+000  0.000000e+000  0.000000e+000  0.000000e+000  0.000000e+000  0.000000e+000  0.000000e+000  0.000000e+000  
0.000000e+000  0.000000e+000  0.000000e+000  0.000000e+000  0.000000e+000  0.000000e+000  0.000000e+000  0.000000e+000  0.000000e+000  0.000000e+000  0.000000e+000  0.000000e+000  0.000000e+000  0.000000e+000  0.000000e+000  0.000000e+000  0.000000e+000  
0.000000e+000  0.000000e+000  0.000000e+000  0.000000e+000  0.000000e+000  0.000000e+000  0.000000e+000  0.000000e+000  0.000000e+000  0.000000e+000  0.000000e+000  0.000000e+000  0.000000e+000  0.000000e+000  0.000000e+000  0.000000e+000  0.000000e+000  
0.000000e+000  0.000000e+000  0.000000e+000  0.000000e+000  0.000000e+000  0.000000e+000  0.000000e+000  0.000000e+000  0.000000e+000  0.000000e+000  0.000000e+000  0.000000e+000  0.000000e+000  0.000000e+000  0.000000e+000  0.000000e+000  0.000000e+000  
0.000000e+000  0.000000e+000  0.000000e+000  0.000000e+000  0.000000e+000  0.000000e+000  0.000000e+000  0.000000e+000  0.000000e+000  0.000000e+000  0.000000e+000  0.000000e+000  0.000000e+000  0.000000e+000  0.000000e+000  0.000000e+000  0.000000e+000  
0.000000e+000  0.000000e+000  0.000000e+000  0.000000e+000  0.000000e+000  0.000000e+000  0.000000e+000  0.000000e+000  0.000000e+000  0.000000e+000  0.000000e+000  0.000000e+000  0.000000e+000  0.000000e+000  0.000000e+000  0.000000e+000  0.000000e+000  
0.000000e+000  0.000000e+000  0.000000e+000  0.000000e+000  0.000000e+000  0.000000e+000  0.000000e+000  0.000000e+000  0.000000e+000  0.000000e+000  0.000000e+000  0.000000e+000  0.000000e+000  0.000000e+000  0.000000e+000  0.000000e+000  0.000000e+000  
0.000000e+000  0.000000e+000  0.000000e+000  0.000000e+000  0.000000e+000  0.000000e+000  0.000000e+000  0.000000e+000  0.000000e+000  0.000000e+000  0.000000e+000  0.000000e+000  0.000000e+000  0.000000e+000  0.000000e+000  0.000000e+000  0.000000e+000  
0.000000e+000  0.000000e+000  0.000000e+000  0.000000e+000  0.000000e+000  0.000000e+000  0.000000e+000  0.000000e+000  0.000000e+000  0.000000e+000  0.000000e+000  0.000000e+000  0.000000e+000  0.000000e+000  0.000000e+000  0.000000e+000  0.000000e+000  
0.000000e+000  0.000000e+000  0.000000e+000  0.000000e+000  0.000000e+000  0.000000e+000  0.000000e+000  0.000000e+000  0.000000e+000  0.000000e+000  0.000000e+000  0.000000e+000  0.000000e+000  0.000000e+000  0.000000e+000  0.000000e+000  0.000000e+000  
0.000000e+000  0.000000e+000  0.000000e+000  0.000000e+000  0.000000e+000  0.000000e+000  0.000000e+000  0.000000e+000  0.000000e+000  0.000000e+000  0.000000e+000  0.000000e+000  0.000000e+000  0.000000e+000  0.000000e+000  0.000000e+000  0.000000e+000  
0.000000e+000  0.000000e+000  0.000000e+000  0.000000e+000  0.000000e+000  0.000000e+000  0.000000e+000  0.000000e+000  0.000000e+000  0.000000e+000  0.000000e+000  0.000000e+000  0.000000e+000  0.000000e+000  0.000000e+000  0.000000e+000  0.000000e+000  
0.000000e+000  0.000000e+000  0.000000e+000  0.000000e+000  0.000000e+000  0.000000e+000  0.000000e+000  0.000000e+000  0.000000e+000  0.000000e+000  0.000000e+000  0.000000e+000  0.000000e+000  0.000000e+000  0.000000e+000  0.000000e+000  0.000000e+000  
0.000000e+000  0.000000e+000  0.000000e+000  0.000000e+000  0.000000e+000  0.000000e+000  0.000000e+000  0.000000e+000  0.000000e+000  0.000000e+000  0.000000e+000  0.000000e+000  0.000000e+000  0.000000e+000  0.000000e+000  0.000000e+000  0.000000e+000  
0.000000e+000  0.000000e+000  0.000000e+000  0.000000e+000  0.000000e+000  0.000000e+000  0.000000e+000  0.000000e+000  0.000000e+000  0.000000e+000  0.000000e+000  0.000000e+000  0.000000e+000  0.000000e+000  0.000000e+000  0.000000e+000  0.000000e+000  
0.000000e+000  0.000000e+000  0.000000e+000  0.000000e+000  0.000000e+000  0.000000e+000  0.000000e+000  0.000000e+000  0.000000e+000  0.000000e+000  0.000000e+000  0.000000e+000  0.000000e+000  0.000000e+000  0.000000e+000  0.000000e+000  0.000000e+000  
0.000000e+000  0.000000e+000  0.000000e+000  0.000000e+000  0.000000e+000  0.000000e+000  0.000000e+000  0.000000e+000  0.000000e+000  0.000000e+000  0.000000e+000  0.000000e+000  0.000000e+000  0.000000e+000  0.000000e+000  0.000000e+000  0.000000e+000  
0.000000e+000  0.000000e+000  0.000000e+000  0.000000e+000  0.000000e+000  0.000000e+000  0.000000e+000  0.000000e+000  0.000000e+000  0.000000e+000  0.000000e+000  0.000000e+000  0.000000e+000  0.000000e+000  0.000000e+000  0.000000e+000  0.000000e+000  
0.000000e+000  0.000000e+000  0.000000e+000  0.000000e+000  0.000000e+000  0.000000e+000  0.000000e+000  0.000000e+000  0.000000e+000  0.000000e+000  0.000000e+000  0.000000e+000  0.000000e+000  0.000000e+000  0.000000e+000  0.000000e+000  0.000000e+000  
0.000000e+000  0.000000e+000  0.000000e+000  0.000000e+000  0.000000e+000  0.000000e+000  0.000000e+000  0.000000e+000  0.000000e+000  0.000000e+000  0.000000e+000  0.000000e+000  0.000000e+000  0.000000e+000  0.000000e+000  0.000000e+000  0.000000e+000  

-6.234112e-002  -6.197644e-002  -6.125016e-002  -6.016863e-002  -5.856736e-002  -5.652680e-002  -5.426045e-002  -5.180909e-002  -4.921364e-002  -4.651379e-002  -4.374678e-002  -4.094657e-002  -3.674140e-002  -3.127531e-002  -2.139362e-002  -6.936080e-003  -0.000000e+000  
-2.105392e-001  -2.092874e-001  -2.067898e-001  -2.030601e-001  -1.973322e-001  -1.898812e-001  -1.816565e-001  -1.728218e-001  -1.635383e-001  -1.539586e-001  -1.442226e-001  -1.344541e-001  -1.199112e-001  -1.013360e-001  -6.831030e-002  -2.181920e-002  -0.000000e+000  
-3.877189e-001  -3.854440e-001  -3.808638e-001  -3.739273e-001  -3.617959e-001  -3.449837e-001  -3.267357e-001  -3.075044e-001  -2.877130e-001  -2.677384e-001  -2.479016e-001  -2.284631e-001  -2.002048e-001  -1.657981e-001  -1.073451e-001  -3.296660e-002  -0.000000e+000  
-5.694862e-001  -5.668968e-001  -5.614916e-001  -5.528594e-001  -5.322778e-001  -5.004633e-001  -4.667482e-001  -4.321771e-001  -3.976477e-001  -3.638802e-001  -3.314122e-001  -3.006127e-001  -2.572521e-001  -2.076448e-001  -1.281122e-001  -3.772134e-002  -0.000000e+000  
-7.235795e-001  -7.232071e-001  -7.216576e-001  -7.174286e-001  -6.880821e-001  -6.343557e-001  -5.791959e-001  -5.246829e-001  -4.723628e-001  -4.232505e-001  -3.779099e-001  -3.365615e-001  -2.804959e-001  -2.205629e-001  -1.301208e-001  -3.701510e-002  -0.000000e+000  
-8.265372e-001  -8.305219e-001  -8.369213e-001  -8.427044e-001  -8.069987e-001  -7.304487e-001  -6.540792e-001  -5.810869e-001  -5.134457e-001  -4.521108e-001  -3.973194e-001  -3.488617e-001  -2.849918e-001  -2.199241e-001  -1.257969e-001  -3.497504e-002  -0.000000e+000  
-8.895835e-001  -9.007555e-001  -9.206982e-001  -9.444026e-001  -9.043633e-001  -8.011399e-001  -7.018390e-001  -6.107413e-001  -5.296584e-001  -4.588050e-001  -3.975513e-001  -3.449085e-001  -2.772432e-001  -2.109292e-001  -1.180493e-001  -3.232539e-002  -0.000000e+000  
-9.201601e-001  -9.374142e-001  -9.691560e-001  -1.009090e+000  -9.666807e-001  -8.425456e-001  -7.264157e-001  -6.230125e-001  -5.334980e-001  -4.571587e-001  -3.925258e-001  -3.379625e-001  -2.689068e-001  -2.027954e-001  -1.119952e-001  -3.038709e-002  -0.000000e+000  
-9.383995e-001  -9.636644e-001  -1.011597e+000  -1.075060e+000  -1.030694e+000  -8.794676e-001  -7.434489e-001  -6.269363e-001  -5.293801e-001  -4.484307e-001  -3.814084e-001  -3.258619e-001  -2.566543e-001  -1.918963e-001  -1.046289e-001  -2.814309e-002  -0.000000e+000  
-9.386956e-001  -9.737793e-001  -1.042880e+000  -1.140020e+000  -1.094171e+000  -9.073836e-001  -7.486696e-001  -6.193157e-001  -5.151353e-001  -4.312130e-001  -3.633033e-001  -3.080419e-001  -2.402318e-001  -1.781451e-001  -9.596844e-002  -2.560652e-002  -0.000000e+000  
-9.173352e-001  -9.616160e-001  -1.052787e+000  -1.191090e+000  -1.144270e+000  -9.167994e-001  -7.375066e-001  -5.991897e-001  -4.918799e-001  -4.076533e-001  -3.407815e-001  -2.871628e-001  -2.221664e-001  -1.636680e-001  -8.733509e-002  -2.315715e-002  -0.000000e+000  
-8.818927e-001  -9.329996e-001  -1.042877e+000  -1.224298e+000  -1.176699e+000  -9.083827e-001  -7.139899e-001  -5.714541e-001  -4.641973e-001  -3.816757e-001  -3.170927e-001  -2.658874e-001  -2.043965e-001  -1.497874e-001  -7.932554e-002  -2.092920e-002  -0.000000e+000  
-8.265888e-001  -8.815569e-001  -1.005194e+000  -1.233312e+000  -1.185007e+000  -8.745497e-001  -6.726724e-001  -5.316405e-001  -4.280703e-001  -3.495907e-001  -2.888616e-001  -2.411538e-001  -1.843182e-001  -1.344318e-001  -7.070800e-002  -1.857247e-002  -0.000000e+000  
-7.499428e-001  -8.034778e-001  -9.270376e-001  -1.183231e+000  -1.135599e+000  -8.032131e-001  -6.104071e-001  -4.789735e-001  -3.833614e-001  -3.114520e-001  -2.562017e-001  -2.130897e-001  -1.620534e-001  -1.176985e-001  -6.153429e-002  -1.609964e-002  -0.000000e+000  
-6.354714e-001  -6.798371e-001  -7.749019e-001  -9.291781e-001  -8.636651e-001  -6.626037e-001  -5.123886e-001  -4.026355e-001  -3.212932e-001  -2.599558e-001  -2.129696e-001  -1.764877e-001  -1.335385e-001  -9.657019e-002  -5.017354e-002  -1.307418e-002  -0.000000e+000  
-4.725671e-001  -5.019318e-001  -5.582441e-001  -6.245744e-001  -5.616326e-001  -4.692173e-001  -3.744280e-001  -2.971619e-001  -2.374971e-001  -1.918545e-001  -1.567736e-001  -1.295706e-001  -9.764557e-002  -7.036335e-002  -3.636812e-002  -9.445010e-003  -0.000000e+000  
-1.970287e-001  -2.064279e-001  -2.224409e-001  -2.373428e-001  -2.051492e-001  -1.818786e-001  -1.511796e-001  -1.224904e-001  -9.868988e-002  -7.983862e-002  -6.513656e-002  -5.368904e-002  -4.026645e-002  -2.888311e-002  -1.482615e-002  -3.833399e-003  -0.000000e+000  
1.970263e-001  2.064255e-001  2.224385e-001  2.373404e-001  2.051468e-001  1.818763e-001  1.511774e-001  1.224883e-001  9.868804e-002  7.983693e-002  6.513501e-002  5.368763e-002  4.026522e-002  2.888208e-002  1.482545e-002  3.833165e-003  -0.000000e+000  
4.725647e-001  5.019294e-001  5.582417e-001  6.245719e-001  5.616299e-001  4.692149e-001  3.744258e-001  2.971599e-001  2.374953e-001  1.918528e-001  1.567721e-001  1.295692e-001  9.764435e-002  7.036233e-002  3.636743e-002  9.444777e-003  -0.000000e+000  
6.354690e-001  6.798348e-001  7.748995e-001  9.291756e-001  8.636622e-001  6.626012e-001  5.123864e-001  4.026335e-001  3.212914e-001  2.599542e-001  2.129681e-001  1.764863e-001  1.335373e-001  9.656918e-002  5.017286e-002  1.307395e-002  -0.000000e+000  
7.499405e-001  8.034754e-001  9.270352e-001  1.183229e+000  1.135595e+000  8.032106e-001  6.104049e-001  4.789716e-001  3.833596e-001  3.114504e-001  2.562002e-001  2.130884e-001  1.620522e-001  1.176975e-001  6.153361e-002  1.609941e-002  -0.000000e+000  
8.265865e-001  8.815546e-001  1.005191e+000  1.233310e+000  1.185004e+000  8.745473e-001  6.726703e-001  5.316386e-001  4.280685e-001  3.495891e-001  2.888601e-001  2.411524e-001  1.843171e-001  1.344308e-001  7.070733e-002  1.857224e-002  -0.000000e+000  
8.818905e-001  9.329974e-001  1.042874e+000  1.224295e+000  1.176696e+000  9.083804e-001  7.139878e-001  5.714522e-001  4.641956e-001  3.816741e-001  3.170913e-001  2.658861e-001  2.043953e-001  1.497864e-001  7.932488e-002  2.092898e-002  -0.000000e+000  
9.173330e-001  9.616139e-001  1.052785e+000  1.191088e+000  1.144268e+000  9.167973e-001  7.375046e-001  5.991879e-001  4.918782e-001  4.076517e-001  3.407801e-001  2.871615e-001  2.221652e-001  1.636671e-001  8.733444e-002  2.315693e-002  -0.000000e+000  
9.386935e-001  9.737773e-001  1.042878e+000  1.140018e+000  1.094169e+000  9.073816e-001  7.486677e-001  6.193139e-001  5.151337e-001  4.312115e-001  3.633020e-001  3.080406e-001  2.402307e-001  1.781442e-001  9.596780e-002  2.560631e-002  -0.000000e+000  
9.383976e-001  9.636625e-001  1.011595e+000  1.075058e+000  1.030692e+000  8.794658e-001  7.434472e-001  6.269347e-001  5.293786e-001  4.484293e-001  3.814070e-001  3.258607e-001  2.566532e-001  1.918954e-001  1.046283e-001  2.814288e-002  -0.000000e+000  
9.201583e-001  9.374123e-001  9.691541e-001  1.009088e+000  9.666789e-001  8.425439e-001  7.264141e-001  6.230109e-001  5.334965e-001  4.571574e-001  3.925246e-001  3.379613e-001  2.689057e-001  2.027945e-001  1.119946e-001  3.038688e-002  -0.000000e+000  
8.895817e-001  9.007538e-001  9.206965e-001  9.444009e-001  9.043616e-001  8.011383e-001  7.018375e-001  6.107399e-001  5.296570e-001  4.588037e-001  3.975501e-001  3.449074e-001  2.772422e-001  2.109284e-001  1.180487e-001  3.232518e-002  -0.000000e+000  
8.265356e-001  8.305203e-001  8.369197e-001  8.427029e-001  8.069972e-001  7.304473e-001  6.540778e-001  5.810856e-001  5.134444e-001  4.521096e-001  3.973183e-001  3.488607e-001  2.849908e-001  2.199233e-001  1.257964e-001  3.497484e-002  -0.000000e+000  
7.235782e-001  7.232057e-001  7.216563e-001  7.174272e-001  6.880808e-001  6.343544e-001  5.791946e-001  5.246817e-001  4.723617e-001  4.232494e-001  3.779090e-001  3.365605e-001  2.804951e-001  2.205622e-001  1.301203e-001  3.701492e-002  -0.000000e+000  
5.694851e-001  5.668957e-001  5.614906e-001  5.528584e-001  5.322768e-001  5.004623e-001  4.667472e-001  4.321761e-001  3.976468e-001  3.638794e-001  3.314114e-001  3.006119e-001  2.572514e-001  2.076442e-001  1.281117e-001  3.772119e-002  -0.000000e+000  
3.877182e-001  3.854432e-001  3.808630e-001  3.739266e-001  3.617952e-001  3.449830e-001  3.267350e-001  3.075037e-001  2.877124e-001  2.677378e-001  2.479010e-001  2.284626e-001  2.002043e-001  1.657976e-001  1.073448e-001  3.296648e-002  -0.000000e+000  
2.105388e-001  2.092870e-001  2.067894e-001  2.030597e-001  1.973318e-001  1.898808e-001  1.816561e-001  1.728214e-001  1.635379e-001  1.539583e-001  1.442223e-001  1.344538e-001  1.199109e-001  1.013358e-001  6.831011e-002  2.181913e-002  -0.000000e+000  
6.234099e-002  6.197631e-002  6.125004e-002  6.016850e-002  5.856724e-002  5.652668e-002  5.426033e-002  5.180898e-002  4.921353e-002  4.651368e-002  4.374669e-002  4.094648e-002  3.674131e-002  3.127523e-002  2.139356e-002  6.936058e-003  -0.000000e+000  
-0.000000e+000  -0.000000e+000  -0.000000e+000  -0.000000e+000  -0.000000e+000  -0.000000e+000  -0.000000e+000  -0.000000e+000  -0.000000e+000  -0.000000e+000  -0.000000e+000  -0.000000e+000  -0.000000e+000  -0.000000e+000  -0.000000e+000  -0.000000e+000  -0.000000e+000  

