Port monitor named: Port1_h1.prt

nx        = 42
ny        = 4
nz        = 19

nu        = 17
nv        = 40
iu        = 2
iv        = 2

idir      = 1
dcut      = -4.860000e-002
icut      = 2
type      = 1
frequency = 2.400000e+009

fcutoff   = 0.000000e+000
alpha     = 0.000000e+000
beta      = 9.676720e+001
accuracy  = 1.791447e-010

type          = QTEM
wave imp.     = 2.253038e+002
wave imp.sig. = 2.524013e+001
line imp.     = 2.870366e+001

ref. port     = 0

-0.000000e+000  1.038670e-002  2.055521e-002  3.029785e-002  3.942706e-002  4.880954e-002  5.712278e-002  6.426201e-002  7.017813e-002  7.487371e-002  7.839597e-002  8.082789e-002  8.227875e-002  8.261616e-002  8.064896e-002  6.998631e-002  6.131483e-002  
-0.000000e+000  3.733633e-002  7.377785e-002  1.084801e-001  1.406945e-001  1.733526e-001  2.017392e-001  2.255147e-001  2.445798e-001  2.590465e-001  2.691975e-001  2.754408e-001  2.782657e-001  2.752518e-001  2.650386e-001  2.238086e-001  1.932930e-001  
-0.000000e+000  8.547005e-002  1.681904e-001  2.456189e-001  3.156031e-001  3.837771e-001  4.397114e-001  4.829975e-001  5.140088e-001  5.337147e-001  5.434752e-001  5.448530e-001  5.394624e-001  5.130430e-001  4.766723e-001  3.758822e-001  3.133019e-001  
-0.000000e+000  1.793994e-001  3.505555e-001  5.060407e-001  6.399679e-001  7.608711e-001  8.489106e-001  9.053608e-001  9.337452e-001  9.388137e-001  9.256683e-001  8.991597e-001  8.635516e-001  7.756726e-001  6.852827e-001  4.951863e-001  3.952131e-001  
-0.000000e+000  3.512125e-001  6.799108e-001  9.659790e-001  1.194277e+000  1.373740e+000  1.473623e+000  1.505252e+000  1.484698e+000  1.428258e+000  1.349847e+000  1.260126e+000  1.166661e+000  9.836896e-001  8.244575e-001  5.506713e-001  4.236120e-001  
-0.000000e+000  5.069352e-001  9.767631e-001  1.374999e+000  1.674683e+000  1.880499e+000  1.958626e+000  1.938265e+000  1.852981e+000  1.731306e+000  1.593760e+000  1.453540e+000  1.318413e+000  1.076035e+000  8.786388e-001  5.656960e-001  4.276850e-001  
-0.000000e+000  6.493100e-001  1.249059e+000  1.750077e+000  2.110378e+000  2.325735e+000  2.365385e+000  2.282680e+000  2.130633e+000  1.948417e+000  1.760412e+000  1.579963e+000  1.413447e+000  1.129574e+000  9.071285e-001  5.707046e-001  4.267162e-001  
-0.000000e+000  8.253033e-001  1.589385e+000  2.223325e+000  2.657295e+000  2.863762e+000  2.828618e+000  2.649577e+000  2.407467e+000  2.151866e+000  1.907882e+000  1.685954e+000  1.488937e+000  1.167869e+000  9.244226e-001  5.702537e-001  4.223274e-001  
-0.000000e+000  1.025712e+000  1.985080e+000  2.786744e+000  3.312970e+000  3.481694e+000  3.325788e+000  3.015773e+000  2.665402e+000  2.329921e+000  2.029740e+000  1.768814e+000  1.544569e+000  1.192535e+000  9.326119e-001  5.659276e-001  4.157311e-001  
-0.000000e+000  1.271941e+000  2.489780e+000  3.540685e+000  4.215336e+000  4.280190e+000  3.909961e+000  3.406401e+000  2.917224e+000  2.490421e+000  2.131647e+000  1.832933e+000  1.583768e+000  1.205497e+000  9.325671e-001  5.574879e-001  4.064306e-001  
-0.000000e+000  1.555446e+000  3.109787e+000  4.554932e+000  5.521845e+000  5.320391e+000  4.570200e+000  3.791762e+000  3.137107e+000  2.615555e+000  2.202280e+000  1.871307e+000  1.602254e+000  1.204955e+000  9.235376e-001  5.447932e-001  3.944012e-001  
-0.000000e+000  1.803305e+000  3.716547e+000  5.729019e+000  7.316802e+000  6.494379e+000  5.163074e+000  4.071465e+000  3.267473e+000  2.674744e+000  2.226042e+000  1.876439e+000  1.597014e+000  1.191432e+000  9.073321e-001  5.299278e-001  3.815230e-001  
-0.000000e+000  1.972450e+000  4.196236e+000  6.895299e+000  9.693448e+000  7.655223e+000  5.598755e+000  4.224520e+000  3.315867e+000  2.682564e+000  2.217095e+000  1.860239e+000  1.577651e+000  1.171132e+000  8.880388e-001  5.148096e-001  3.690220e-001  
-0.000000e+000  2.044414e+000  4.492100e+000  8.022586e+000  1.374540e+001  8.824897e+000  5.828925e+000  4.237498e+000  3.281767e+000  2.640384e+000  2.175995e+000  1.822202e+000  1.542845e+000  1.141930e+000  8.632616e-001  4.972899e-001  3.550466e-001  
-0.000000e+000  1.960572e+000  4.369735e+000  8.303207e+000  2.146530e+001  9.411858e+000  5.633564e+000  4.058564e+000  3.153274e+000  2.545395e+000  2.102123e+000  1.762259e+000  1.492668e+000  1.103902e+000  8.330576e-001  4.774073e-001  3.396304e-001  
-0.000000e+000  1.671844e+000  3.571430e+000  6.062337e+000  -0.000000e+000  6.017584e+000  4.662919e+000  3.630405e+000  2.908723e+000  2.383621e+000  1.984791e+000  1.671744e+000  1.419882e+000  1.051640e+000  7.932140e-001  4.524960e-001  3.207500e-001  
-0.000000e+000  1.214843e+000  2.331027e+000  2.822432e+000  -0.000000e+000  3.240283e+000  3.436725e+000  3.010754e+000  2.546345e+000  2.145990e+000  1.815355e+000  1.543487e+000  1.318709e+000  9.813685e-001  7.412271e-001  4.214291e-001  2.977259e-001  
-0.000000e+000  6.176454e-001  1.031004e+000  9.383790e-001  -0.000000e+000  1.430711e+000  2.042461e+000  2.111545e+000  1.959862e+000  1.742212e+000  1.521309e+000  1.319227e+000  1.141719e+000  8.596960e-001  6.525299e-001  3.699995e-001  2.602615e-001  
-0.000000e+000  9.437020e-002  1.421313e-001  1.094184e-001  -0.000000e+000  3.554386e-001  6.348065e-001  7.910790e-001  8.499458e-001  8.440262e-001  8.001078e-001  7.369829e-001  6.667605e-001  5.271169e-001  4.104744e-001  2.339126e-001  1.634118e-001  
-0.000000e+000  1.488024e-010  -1.877398e-010  1.793378e-010  -0.000000e+000  1.047103e-010  -0.000000e+000  -0.000000e+000  -1.560127e-010  1.053377e-010  2.943203e-010  1.922046e-010  8.414468e-011  -0.000000e+000  1.959158e-010  2.583969e-010  6.548514e-011  
-0.000000e+000  -9.437020e-002  -1.421313e-001  -1.094184e-001  -0.000000e+000  -3.554386e-001  -6.348065e-001  -7.910790e-001  -8.499458e-001  -8.440262e-001  -8.001078e-001  -7.369829e-001  -6.667605e-001  -5.271169e-001  -4.104744e-001  -2.339126e-001  -1.634118e-001  
-0.000000e+000  -6.176454e-001  -1.031004e+000  -9.383790e-001  -0.000000e+000  -1.430711e+000  -2.042461e+000  -2.111545e+000  -1.959862e+000  -1.742212e+000  -1.521309e+000  -1.319227e+000  -1.141719e+000  -8.596960e-001  -6.525299e-001  -3.699995e-001  -2.602615e-001  
-0.000000e+000  -1.214843e+000  -2.331027e+000  -2.822432e+000  -0.000000e+000  -3.240283e+000  -3.436725e+000  -3.010754e+000  -2.546345e+000  -2.145990e+000  -1.815355e+000  -1.543487e+000  -1.318709e+000  -9.813685e-001  -7.412271e-001  -4.214291e-001  -2.977259e-001  
-0.000000e+000  -1.671844e+000  -3.571430e+000  -6.062337e+000  -0.000000e+000  -6.017584e+000  -4.662919e+000  -3.630405e+000  -2.908723e+000  -2.383621e+000  -1.984791e+000  -1.671744e+000  -1.419882e+000  -1.051640e+000  -7.932140e-001  -4.524960e-001  -3.207500e-001  
-0.000000e+000  -1.960572e+000  -4.369735e+000  -8.303207e+000  -2.146530e+001  -9.411858e+000  -5.633564e+000  -4.058564e+000  -3.153274e+000  -2.545395e+000  -2.102123e+000  -1.762259e+000  -1.492668e+000  -1.103902e+000  -8.330576e-001  -4.774073e-001  -3.396304e-001  
-0.000000e+000  -2.044414e+000  -4.492100e+000  -8.022586e+000  -1.374540e+001  -8.824897e+000  -5.828925e+000  -4.237498e+000  -3.281767e+000  -2.640384e+000  -2.175995e+000  -1.822202e+000  -1.542845e+000  -1.141930e+000  -8.632616e-001  -4.972899e-001  -3.550466e-001  
-0.000000e+000  -1.972450e+000  -4.196236e+000  -6.895299e+000  -9.693448e+000  -7.655223e+000  -5.598755e+000  -4.224520e+000  -3.315867e+000  -2.682564e+000  -2.217095e+000  -1.860239e+000  -1.577651e+000  -1.171132e+000  -8.880388e-001  -5.148096e-001  -3.690221e-001  
-0.000000e+000  -1.803305e+000  -3.716547e+000  -5.729019e+000  -7.316802e+000  -6.494379e+000  -5.163074e+000  -4.071465e+000  -3.267473e+000  -2.674744e+000  -2.226042e+000  -1.876439e+000  -1.597014e+000  -1.191432e+000  -9.073321e-001  -5.299278e-001  -3.815230e-001  
-0.000000e+000  -1.555446e+000  -3.109787e+000  -4.554932e+000  -5.521845e+000  -5.320391e+000  -4.570200e+000  -3.791762e+000  -3.137107e+000  -2.615555e+000  -2.202280e+000  -1.871307e+000  -1.602254e+000  -1.204955e+000  -9.235376e-001  -5.447932e-001  -3.944012e-001  
-0.000000e+000  -1.271941e+000  -2.489780e+000  -3.540685e+000  -4.215336e+000  -4.280190e+000  -3.909961e+000  -3.406401e+000  -2.917224e+000  -2.490421e+000  -2.131647e+000  -1.832933e+000  -1.583768e+000  -1.205497e+000  -9.325671e-001  -5.574879e-001  -4.064306e-001  
-0.000000e+000  -1.025712e+000  -1.985080e+000  -2.786744e+000  -3.312970e+000  -3.481694e+000  -3.325788e+000  -3.015773e+000  -2.665402e+000  -2.329921e+000  -2.029740e+000  -1.768814e+000  -1.544569e+000  -1.192535e+000  -9.326119e-001  -5.659276e-001  -4.157311e-001  
-0.000000e+000  -8.253033e-001  -1.589385e+000  -2.223325e+000  -2.657295e+000  -2.863762e+000  -2.828618e+000  -2.649577e+000  -2.407467e+000  -2.151866e+000  -1.907882e+000  -1.685954e+000  -1.488937e+000  -1.167869e+000  -9.244226e-001  -5.702537e-001  -4.223274e-001  
-0.000000e+000  -6.493100e-001  -1.249059e+000  -1.750077e+000  -2.110378e+000  -2.325735e+000  -2.365385e+000  -2.282680e+000  -2.130633e+000  -1.948417e+000  -1.760412e+000  -1.579963e+000  -1.413447e+000  -1.129574e+000  -9.071285e-001  -5.707046e-001  -4.267162e-001  
-0.000000e+000  -5.069352e-001  -9.767631e-001  -1.374999e+000  -1.674683e+000  -1.880499e+000  -1.958626e+000  -1.938265e+000  -1.852981e+000  -1.731306e+000  -1.593760e+000  -1.453540e+000  -1.318413e+000  -1.076035e+000  -8.786388e-001  -5.656960e-001  -4.276850e-001  
-0.000000e+000  -3.512125e-001  -6.799108e-001  -9.659790e-001  -1.194277e+000  -1.373740e+000  -1.473623e+000  -1.505252e+000  -1.484698e+000  -1.428258e+000  -1.349847e+000  -1.260126e+000  -1.166661e+000  -9.836896e-001  -8.244575e-001  -5.506713e-001  -4.236120e-001  
-0.000000e+000  -1.793994e-001  -3.505555e-001  -5.060407e-001  -6.399679e-001  -7.608711e-001  -8.489106e-001  -9.053608e-001  -9.337452e-001  -9.388137e-001  -9.256683e-001  -8.991597e-001  -8.635516e-001  -7.756726e-001  -6.852827e-001  -4.951863e-001  -3.952131e-001  
-0.000000e+000  -8.547005e-002  -1.681904e-001  -2.456189e-001  -3.156031e-001  -3.837771e-001  -4.397114e-001  -4.829975e-001  -5.140088e-001  -5.337147e-001  -5.434752e-001  -5.448530e-001  -5.394624e-001  -5.130430e-001  -4.766723e-001  -3.758822e-001  -3.133019e-001  
-0.000000e+000  -3.733633e-002  -7.377785e-002  -1.084801e-001  -1.406945e-001  -1.733526e-001  -2.017392e-001  -2.255147e-001  -2.445798e-001  -2.590465e-001  -2.691975e-001  -2.754408e-001  -2.782657e-001  -2.752518e-001  -2.650386e-001  -2.238086e-001  -1.932930e-001  
-0.000000e+000  -1.038670e-002  -2.055521e-002  -3.029785e-002  -3.942706e-002  -4.880954e-002  -5.712278e-002  -6.426201e-002  -7.017813e-002  -7.487371e-002  -7.839597e-002  -8.082789e-002  -8.227875e-002  -8.261616e-002  -8.064896e-002  -6.998631e-002  -6.131483e-002  
-0.000000e+000  -0.000000e+000  -0.000000e+000  -0.000000e+000  -0.000000e+000  -0.000000e+000  -0.000000e+000  -0.000000e+000  -0.000000e+000  -0.000000e+000  -0.000000e+000  -0.000000e+000  -0.000000e+000  -0.000000e+000  -0.000000e+000  -0.000000e+000  -0.000000e+000  

-1.034440e+000  -1.027924e+000  -1.015006e+000  -9.959093e-001  -9.719020e-001  -9.436754e-001  -9.108779e-001  -8.741590e-001  -8.341941e-001  -7.916565e-001  -7.471931e-001  -7.014042e-001  -6.315427e-001  -5.380730e-001  -3.763914e-001  -1.288414e-001  -0.000000e+000  
-1.086938e+000  -1.079471e+000  -1.064695e+000  -1.042917e+000  -1.015423e+000  -9.829796e-001  -9.455447e-001  -9.039775e-001  -8.591485e-001  -8.119005e-001  -7.630166e-001  -7.131986e-001  -6.379809e-001  -5.394169e-001  -3.721600e-001  -1.257117e-001  -0.000000e+000  
-1.311536e+000  -1.299405e+000  -1.275555e+000  -1.240770e+000  -1.196439e+000  -1.143820e+000  -1.084558e+000  -1.020601e+000  -9.537822e-001  -8.857246e-001  -8.177906e-001  -7.510624e-001  -6.539930e-001  -5.359956e-001  -3.495271e-001  -1.118806e-001  -0.000000e+000  
-1.746980e+000  -1.722513e+000  -1.674894e+000  -1.606602e+000  -1.519550e+000  -1.417058e+000  -1.306090e+000  -1.191689e+000  -1.078056e+000  -9.683851e-001  -8.648722e-001  -7.688386e-001  -6.369309e-001  -4.939530e-001  -2.918541e-001  -8.531202e-002  -0.000000e+000  
-2.574585e+000  -2.515776e+000  -2.402803e+000  -2.244449e+000  -2.045607e+000  -1.818605e+000  -1.587444e+000  -1.365527e+000  -1.161664e+000  -9.804398e-001  -8.232126e-001  -6.892174e-001  -5.201142e-001  -3.645235e-001  -1.785171e-001  -4.323915e-002  -0.000000e+000  
-3.350875e+000  -3.245906e+000  -3.045474e+000  -2.768453e+000  -2.426824e+000  -2.051523e+000  -1.692468e+000  -1.371834e+000  -1.098945e+000  -8.741416e-001  -6.929174e-001  -5.489070e-001  -3.789471e-001  -2.399260e-001  -9.337267e-002  -1.590785e-002  -0.000000e+000  
-3.901771e+000  -3.758892e+000  -3.485284e+000  -3.107443e+000  -2.645199e+000  -2.151452e+000  -1.700420e+000  -1.318346e+000  -1.010050e+000  -7.686382e-001  -5.829697e-001  -4.417497e-001  -2.819517e-001  -1.606443e-001  -4.393175e-002  -9.099160e-004  -0.000000e+000  
-4.600551e+000  -4.407130e+000  -4.032788e+000  -3.511260e+000  -2.874982e+000  -2.218667e+000  -1.653511e+000  -1.205581e+000  -8.672037e-001  -6.180860e-001  -4.370666e-001  -3.065169e-001  -1.663785e-001  -7.012838e-002  9.676347e-003  1.483036e-002  -0.000000e+000  
-5.318712e+000  -5.074468e+000  -4.592014e+000  -3.904221e+000  -3.057950e+000  -2.219769e+000  -1.545165e+000  -1.047833e+000  -6.970131e-001  -4.543069e-001  -2.876770e-001  -1.738576e-001  -5.845965e-002  1.143190e-002  5.600123e-002  2.807922e-002  -0.000000e+000  
-6.205247e+000  -5.906042e+000  -5.292771e+000  -4.376195e+000  -3.215023e+000  -2.132938e+000  -1.340864e+000  -8.106025e-001  -4.681137e-001  -2.491884e-001  -1.095692e-001  -2.111816e-002  6.091812e-002  9.912945e-002  1.042068e-001  4.158218e-002  -0.000000e+000  
-7.298105e+000  -6.954308e+000  -6.202877e+000  -4.974049e+000  -3.297320e+000  -1.888826e+000  -9.941240e-001  -4.710991e-001  -1.718632e-001  -8.031081e-004  9.649362e-002  1.501050e-001  1.900927e-001  1.917453e-001  1.537292e-001  5.520793e-002  -0.000000e+000  
-8.628003e+000  -8.283968e+000  -7.442924e+000  -5.817626e+000  -3.184606e+000  -1.364615e+000  -4.444758e-001  -9.325434e-003  1.944931e-001  2.880025e-001  3.265693e-001  3.362132e-001  3.264910e-001  2.876744e-001  2.039167e-001  6.881349e-002  -0.000000e+000  
-9.773976e+000  -9.498884e+000  -8.720830e+000  -6.833793e+000  -2.759060e+000  -6.534082e-001  1.381827e-001  4.175423e-001  5.071395e-001  5.231150e-001  5.086233e-001  4.809194e-001  4.306759e-001  3.601098e-001  2.413075e-001  7.884775e-002  -0.000000e+000  
-1.102499e+001  -1.090678e+001  -1.042560e+001  -8.602850e+000  -1.663279e+000  4.579653e-001  8.769972e-001  9.024165e-001  8.424379e-001  7.677354e-001  6.949209e-001  6.275959e-001  5.353171e-001  4.324315e-001  2.783543e-001  8.872183e-002  -0.000000e+000  
-1.232037e+001  -1.245349e+001  -1.264676e+001  -1.218924e+001  1.023130e+000  2.088265e+000  1.736135e+000  1.413700e+000  1.182583e+000  1.012108e+000  8.798425e-001  7.727712e-001  6.386516e-001  5.037252e-001  3.147377e-001  9.837042e-002  -0.000000e+000  
-1.356304e+001  -1.397561e+001  -1.511759e+001  -1.832726e+001  9.625698e+000  4.151352e+000  2.586966e+000  1.897760e+000  1.504753e+000  1.245270e+000  1.057462e+000  9.128953e-001  7.389144e-001  5.730814e-001  3.501401e-001  1.077285e-001  -0.000000e+000  
-1.488643e+001  -1.547612e+001  -1.707756e+001  -2.126292e+001  9.094654e+000  5.057202e+000  3.275409e+000  2.375685e+000  1.850106e+000  1.505943e+000  1.260948e+000  1.075832e+000  8.572200e-001  6.555691e-001  3.924423e-001  1.188917e-001  -0.000000e+000  
-1.585414e+001  -1.636812e+001  -1.748729e+001  -1.910973e+001  6.653038e+000  4.899459e+000  3.548798e+000  2.678211e+000  2.110875e+000  1.720708e+000  1.436948e+000  1.220857e+000  9.654712e-001  7.322085e-001  4.321807e-001  1.293859e-001  -0.000000e+000  
-1.685801e+001  -1.705646e+001  -1.739361e+001  -1.770806e+001  4.480862e+000  4.021967e+000  3.421399e+000  2.858269e+000  2.385203e+000  2.002664e+000  1.695782e+000  1.448295e+000  1.145846e+000  8.642689e-001  5.024488e-001  1.480333e-001  -0.000000e+000  
-1.727836e+001  -1.730358e+001  -1.734157e+001  -1.737081e+001  3.159590e+000  3.052820e+000  2.862173e+000  2.624670e+000  2.369597e+000  2.116425e+000  1.876568e+000  1.655785e+000  1.356403e+000  1.041441e+000  6.079838e-001  1.769110e-001  -0.000000e+000  
-1.727836e+001  -1.730358e+001  -1.734157e+001  -1.737081e+001  3.159590e+000  3.052820e+000  2.862173e+000  2.624670e+000  2.369597e+000  2.116425e+000  1.876568e+000  1.655785e+000  1.356403e+000  1.041441e+000  6.079838e-001  1.769110e-001  -0.000000e+000  
-1.685801e+001  -1.705646e+001  -1.739361e+001  -1.770806e+001  4.480862e+000  4.021967e+000  3.421399e+000  2.858269e+000  2.385203e+000  2.002664e+000  1.695782e+000  1.448295e+000  1.145846e+000  8.642689e-001  5.024488e-001  1.480333e-001  -0.000000e+000  
-1.585414e+001  -1.636812e+001  -1.748729e+001  -1.910973e+001  6.653038e+000  4.899459e+000  3.548798e+000  2.678211e+000  2.110875e+000  1.720708e+000  1.436948e+000  1.220857e+000  9.654712e-001  7.322085e-001  4.321807e-001  1.293859e-001  -0.000000e+000  
-1.488643e+001  -1.547612e+001  -1.707756e+001  -2.126292e+001  9.094654e+000  5.057202e+000  3.275409e+000  2.375685e+000  1.850106e+000  1.505943e+000  1.260948e+000  1.075832e+000  8.572200e-001  6.555691e-001  3.924423e-001  1.188917e-001  -0.000000e+000  
-1.356304e+001  -1.397561e+001  -1.511759e+001  -1.832726e+001  9.625698e+000  4.151352e+000  2.586966e+000  1.897760e+000  1.504753e+000  1.245270e+000  1.057462e+000  9.128953e-001  7.389144e-001  5.730814e-001  3.501401e-001  1.077285e-001  -0.000000e+000  
-1.232037e+001  -1.245349e+001  -1.264676e+001  -1.218924e+001  1.023130e+000  2.088265e+000  1.736135e+000  1.413700e+000  1.182583e+000  1.012108e+000  8.798425e-001  7.727712e-001  6.386516e-001  5.037252e-001  3.147377e-001  9.837042e-002  -0.000000e+000  
-1.102499e+001  -1.090678e+001  -1.042560e+001  -8.602850e+000  -1.663279e+000  4.579653e-001  8.769972e-001  9.024165e-001  8.424379e-001  7.677354e-001  6.949209e-001  6.275959e-001  5.353171e-001  4.324315e-001  2.783543e-001  8.872183e-002  -0.000000e+000  
-9.773976e+000  -9.498884e+000  -8.720830e+000  -6.833793e+000  -2.759060e+000  -6.534082e-001  1.381827e-001  4.175423e-001  5.071395e-001  5.231150e-001  5.086233e-001  4.809194e-001  4.306759e-001  3.601098e-001  2.413075e-001  7.884775e-002  -0.000000e+000  
-8.628003e+000  -8.283968e+000  -7.442924e+000  -5.817626e+000  -3.184606e+000  -1.364615e+000  -4.444758e-001  -9.325436e-003  1.944932e-001  2.880025e-001  3.265693e-001  3.362132e-001  3.264910e-001  2.876744e-001  2.039167e-001  6.881349e-002  -0.000000e+000  
-7.298105e+000  -6.954308e+000  -6.202877e+000  -4.974049e+000  -3.297320e+000  -1.888826e+000  -9.941240e-001  -4.710991e-001  -1.718632e-001  -8.031065e-004  9.649362e-002  1.501050e-001  1.900927e-001  1.917453e-001  1.537292e-001  5.520793e-002  -0.000000e+000  
-6.205247e+000  -5.906042e+000  -5.292771e+000  -4.376195e+000  -3.215023e+000  -2.132938e+000  -1.340864e+000  -8.106025e-001  -4.681137e-001  -2.491884e-001  -1.095692e-001  -2.111816e-002  6.091812e-002  9.912945e-002  1.042068e-001  4.158218e-002  -0.000000e+000  
-5.318712e+000  -5.074468e+000  -4.592014e+000  -3.904221e+000  -3.057950e+000  -2.219769e+000  -1.545165e+000  -1.047833e+000  -6.970131e-001  -4.543069e-001  -2.876770e-001  -1.738576e-001  -5.845965e-002  1.143190e-002  5.600123e-002  2.807922e-002  -0.000000e+000  
-4.600551e+000  -4.407130e+000  -4.032788e+000  -3.511260e+000  -2.874982e+000  -2.218667e+000  -1.653511e+000  -1.205581e+000  -8.672037e-001  -6.180860e-001  -4.370666e-001  -3.065169e-001  -1.663785e-001  -7.012838e-002  9.676347e-003  1.483036e-002  -0.000000e+000  
-3.901771e+000  -3.758892e+000  -3.485284e+000  -3.107443e+000  -2.645199e+000  -2.151452e+000  -1.700420e+000  -1.318346e+000  -1.010050e+000  -7.686382e-001  -5.829697e-001  -4.417497e-001  -2.819517e-001  -1.606443e-001  -4.393175e-002  -9.099161e-004  -0.000000e+000  
-3.350875e+000  -3.245906e+000  -3.045474e+000  -2.768453e+000  -2.426824e+000  -2.051523e+000  -1.692468e+000  -1.371834e+000  -1.098945e+000  -8.741416e-001  -6.929174e-001  -5.489070e-001  -3.789471e-001  -2.399260e-001  -9.337267e-002  -1.590785e-002  -0.000000e+000  
-2.574585e+000  -2.515776e+000  -2.402803e+000  -2.244449e+000  -2.045607e+000  -1.818605e+000  -1.587444e+000  -1.365527e+000  -1.161664e+000  -9.804398e-001  -8.232126e-001  -6.892174e-001  -5.201142e-001  -3.645235e-001  -1.785171e-001  -4.323915e-002  -0.000000e+000  
-1.746980e+000  -1.722513e+000  -1.674894e+000  -1.606602e+000  -1.519550e+000  -1.417058e+000  -1.306090e+000  -1.191689e+000  -1.078056e+000  -9.683851e-001  -8.648722e-001  -7.688386e-001  -6.369309e-001  -4.939530e-001  -2.918541e-001  -8.531202e-002  -0.000000e+000  
-1.311536e+000  -1.299405e+000  -1.275555e+000  -1.240770e+000  -1.196439e+000  -1.143820e+000  -1.084558e+000  -1.020601e+000  -9.537822e-001  -8.857246e-001  -8.177906e-001  -7.510624e-001  -6.539930e-001  -5.359956e-001  -3.495271e-001  -1.118806e-001  -0.000000e+000  
-1.086938e+000  -1.079471e+000  -1.064695e+000  -1.042917e+000  -1.015423e+000  -9.829796e-001  -9.455447e-001  -9.039775e-001  -8.591485e-001  -8.119005e-001  -7.630166e-001  -7.131986e-001  -6.379809e-001  -5.394169e-001  -3.721600e-001  -1.257117e-001  -0.000000e+000  
-1.034440e+000  -1.027924e+000  -1.015006e+000  -9.959093e-001  -9.719020e-001  -9.436754e-001  -9.108779e-001  -8.741590e-001  -8.341941e-001  -7.916565e-001  -7.471931e-001  -7.014042e-001  -6.315427e-001  -5.380730e-001  -3.763914e-001  -1.288414e-001  -0.000000e+000  

0.000000e+000  0.000000e+000  0.000000e+000  0.000000e+000  0.000000e+000  0.000000e+000  0.000000e+000  0.000000e+000  0.000000e+000  0.000000e+000  0.000000e+000  0.000000e+000  0.000000e+000  0.000000e+000  0.000000e+000  0.000000e+000  0.000000e+000  
0.000000e+000  0.000000e+000  0.000000e+000  0.000000e+000  0.000000e+000  0.000000e+000  0.000000e+000  0.000000e+000  0.000000e+000  0.000000e+000  0.000000e+000  0.000000e+000  0.000000e+000  0.000000e+000  0.000000e+000  0.000000e+000  0.000000e+000  
0.000000e+000  0.000000e+000  0.000000e+000  0.000000e+000  0.000000e+000  0.000000e+000  0.000000e+000  0.000000e+000  0.000000e+000  0.000000e+000  0.000000e+000  0.000000e+000  0.000000e+000  0.000000e+000  0.000000e+000  0.000000e+000  0.000000e+000  
0.000000e+000  0.000000e+000  0.000000e+000  0.000000e+000  0.000000e+000  0.000000e+000  0.000000e+000  0.000000e+000  0.000000e+000  0.000000e+000  0.000000e+000  0.000000e+000  0.000000e+000  0.000000e+000  0.000000e+000  0.000000e+000  0.000000e+000  
0.000000e+000  0.000000e+000  0.000000e+000  0.000000e+000  0.000000e+000  0.000000e+000  0.000000e+000  0.000000e+000  0.000000e+000  0.000000e+000  0.000000e+000  0.000000e+000  0.000000e+000  0.000000e+000  0.000000e+000  0.000000e+000  0.000000e+000  
0.000000e+000  0.000000e+000  0.000000e+000  0.000000e+000  0.000000e+000  0.000000e+000  0.000000e+000  0.000000e+000  0.000000e+000  0.000000e+000  0.000000e+000  0.000000e+000  0.000000e+000  0.000000e+000  0.000000e+000  0.000000e+000  0.000000e+000  
0.000000e+000  0.000000e+000  0.000000e+000  0.000000e+000  0.000000e+000  0.000000e+000  0.000000e+000  0.000000e+000  0.000000e+000  0.000000e+000  0.000000e+000  0.000000e+000  0.000000e+000  0.000000e+000  0.000000e+000  0.000000e+000  0.000000e+000  
0.000000e+000  0.000000e+000  0.000000e+000  0.000000e+000  0.000000e+000  0.000000e+000  0.000000e+000  0.000000e+000  0.000000e+000  0.000000e+000  0.000000e+000  0.000000e+000  0.000000e+000  0.000000e+000  0.000000e+000  0.000000e+000  0.000000e+000  
0.000000e+000  0.000000e+000  0.000000e+000  0.000000e+000  0.000000e+000  0.000000e+000  0.000000e+000  0.000000e+000  0.000000e+000  0.000000e+000  0.000000e+000  0.000000e+000  0.000000e+000  0.000000e+000  0.000000e+000  0.000000e+000  0.000000e+000  
0.000000e+000  0.000000e+000  0.000000e+000  0.000000e+000  0.000000e+000  0.000000e+000  0.000000e+000  0.000000e+000  0.000000e+000  0.000000e+000  0.000000e+000  0.000000e+000  0.000000e+000  0.000000e+000  0.000000e+000  0.000000e+000  0.000000e+000  
0.000000e+000  0.000000e+000  0.000000e+000  0.000000e+000  0.000000e+000  0.000000e+000  0.000000e+000  0.000000e+000  0.000000e+000  0.000000e+000  0.000000e+000  0.000000e+000  0.000000e+000  0.000000e+000  0.000000e+000  0.000000e+000  0.000000e+000  
0.000000e+000  0.000000e+000  0.000000e+000  0.000000e+000  0.000000e+000  0.000000e+000  0.000000e+000  0.000000e+000  0.000000e+000  0.000000e+000  0.000000e+000  0.000000e+000  0.000000e+000  0.000000e+000  0.000000e+000  0.000000e+000  0.000000e+000  
0.000000e+000  0.000000e+000  0.000000e+000  0.000000e+000  0.000000e+000  0.000000e+000  0.000000e+000  0.000000e+000  0.000000e+000  0.000000e+000  0.000000e+000  0.000000e+000  0.000000e+000  0.000000e+000  0.000000e+000  0.000000e+000  0.000000e+000  
0.000000e+000  0.000000e+000  0.000000e+000  0.000000e+000  0.000000e+000  0.000000e+000  0.000000e+000  0.000000e+000  0.000000e+000  0.000000e+000  0.000000e+000  0.000000e+000  0.000000e+000  0.000000e+000  0.000000e+000  0.000000e+000  0.000000e+000  
0.000000e+000  0.000000e+000  0.000000e+000  0.000000e+000  0.000000e+000  0.000000e+000  0.000000e+000  0.000000e+000  0.000000e+000  0.000000e+000  0.000000e+000  0.000000e+000  0.000000e+000  0.000000e+000  0.000000e+000  0.000000e+000  0.000000e+000  
0.000000e+000  0.000000e+000  0.000000e+000  0.000000e+000  0.000000e+000  0.000000e+000  0.000000e+000  0.000000e+000  0.000000e+000  0.000000e+000  0.000000e+000  0.000000e+000  0.000000e+000  0.000000e+000  0.000000e+000  0.000000e+000  0.000000e+000  
0.000000e+000  0.000000e+000  0.000000e+000  0.000000e+000  0.000000e+000  0.000000e+000  0.000000e+000  0.000000e+000  0.000000e+000  0.000000e+000  0.000000e+000  0.000000e+000  0.000000e+000  0.000000e+000  0.000000e+000  0.000000e+000  0.000000e+000  
0.000000e+000  0.000000e+000  0.000000e+000  0.000000e+000  0.000000e+000  0.000000e+000  0.000000e+000  0.000000e+000  0.000000e+000  0.000000e+000  0.000000e+000  0.000000e+000  0.000000e+000  0.000000e+000  0.000000e+000  0.000000e+000  0.000000e+000  
0.000000e+000  0.000000e+000  0.000000e+000  0.000000e+000  0.000000e+000  0.000000e+000  0.000000e+000  0.000000e+000  0.000000e+000  0.000000e+000  0.000000e+000  0.000000e+000  0.000000e+000  0.000000e+000  0.000000e+000  0.000000e+000  0.000000e+000  
0.000000e+000  0.000000e+000  0.000000e+000  0.000000e+000  0.000000e+000  0.000000e+000  0.000000e+000  0.000000e+000  0.000000e+000  0.000000e+000  0.000000e+000  0.000000e+000  0.000000e+000  0.000000e+000  0.000000e+000  0.000000e+000  0.000000e+000  
0.000000e+000  0.000000e+000  0.000000e+000  0.000000e+000  0.000000e+000  0.000000e+000  0.000000e+000  0.000000e+000  0.000000e+000  0.000000e+000  0.000000e+000  0.000000e+000  0.000000e+000  0.000000e+000  0.000000e+000  0.000000e+000  0.000000e+000  
0.000000e+000  0.000000e+000  0.000000e+000  0.000000e+000  0.000000e+000  0.000000e+000  0.000000e+000  0.000000e+000  0.000000e+000  0.000000e+000  0.000000e+000  0.000000e+000  0.000000e+000  0.000000e+000  0.000000e+000  0.000000e+000  0.000000e+000  
0.000000e+000  0.000000e+000  0.000000e+000  0.000000e+000  0.000000e+000  0.000000e+000  0.000000e+000  0.000000e+000  0.000000e+000  0.000000e+000  0.000000e+000  0.000000e+000  0.000000e+000  0.000000e+000  0.000000e+000  0.000000e+000  0.000000e+000  
0.000000e+000  0.000000e+000  0.000000e+000  0.000000e+000  0.000000e+000  0.000000e+000  0.000000e+000  0.000000e+000  0.000000e+000  0.000000e+000  0.000000e+000  0.000000e+000  0.000000e+000  0.000000e+000  0.000000e+000  0.000000e+000  0.000000e+000  
0.000000e+000  0.000000e+000  0.000000e+000  0.000000e+000  0.000000e+000  0.000000e+000  0.000000e+000  0.000000e+000  0.000000e+000  0.000000e+000  0.000000e+000  0.000000e+000  0.000000e+000  0.000000e+000  0.000000e+000  0.000000e+000  0.000000e+000  
0.000000e+000  0.000000e+000  0.000000e+000  0.000000e+000  0.000000e+000  0.000000e+000  0.000000e+000  0.000000e+000  0.000000e+000  0.000000e+000  0.000000e+000  0.000000e+000  0.000000e+000  0.000000e+000  0.000000e+000  0.000000e+000  0.000000e+000  
0.000000e+000  0.000000e+000  0.000000e+000  0.000000e+000  0.000000e+000  0.000000e+000  0.000000e+000  0.000000e+000  0.000000e+000  0.000000e+000  0.000000e+000  0.000000e+000  0.000000e+000  0.000000e+000  0.000000e+000  0.000000e+000  0.000000e+000  
0.000000e+000  0.000000e+000  0.000000e+000  0.000000e+000  0.000000e+000  0.000000e+000  0.000000e+000  0.000000e+000  0.000000e+000  0.000000e+000  0.000000e+000  0.000000e+000  0.000000e+000  0.000000e+000  0.000000e+000  0.000000e+000  0.000000e+000  
0.000000e+000  0.000000e+000  0.000000e+000  0.000000e+000  0.000000e+000  0.000000e+000  0.000000e+000  0.000000e+000  0.000000e+000  0.000000e+000  0.000000e+000  0.000000e+000  0.000000e+000  0.000000e+000  0.000000e+000  0.000000e+000  0.000000e+000  
0.000000e+000  0.000000e+000  0.000000e+000  0.000000e+000  0.000000e+000  0.000000e+000  0.000000e+000  0.000000e+000  0.000000e+000  0.000000e+000  0.000000e+000  0.000000e+000  0.000000e+000  0.000000e+000  0.000000e+000  0.000000e+000  0.000000e+000  
0.000000e+000  0.000000e+000  0.000000e+000  0.000000e+000  0.000000e+000  0.000000e+000  0.000000e+000  0.000000e+000  0.000000e+000  0.000000e+000  0.000000e+000  0.000000e+000  0.000000e+000  0.000000e+000  0.000000e+000  0.000000e+000  0.000000e+000  
0.000000e+000  0.000000e+000  0.000000e+000  0.000000e+000  0.000000e+000  0.000000e+000  0.000000e+000  0.000000e+000  0.000000e+000  0.000000e+000  0.000000e+000  0.000000e+000  0.000000e+000  0.000000e+000  0.000000e+000  0.000000e+000  0.000000e+000  
0.000000e+000  0.000000e+000  0.000000e+000  0.000000e+000  0.000000e+000  0.000000e+000  0.000000e+000  0.000000e+000  0.000000e+000  0.000000e+000  0.000000e+000  0.000000e+000  0.000000e+000  0.000000e+000  0.000000e+000  0.000000e+000  0.000000e+000  
0.000000e+000  0.000000e+000  0.000000e+000  0.000000e+000  0.000000e+000  0.000000e+000  0.000000e+000  0.000000e+000  0.000000e+000  0.000000e+000  0.000000e+000  0.000000e+000  0.000000e+000  0.000000e+000  0.000000e+000  0.000000e+000  0.000000e+000  
0.000000e+000  0.000000e+000  0.000000e+000  0.000000e+000  0.000000e+000  0.000000e+000  0.000000e+000  0.000000e+000  0.000000e+000  0.000000e+000  0.000000e+000  0.000000e+000  0.000000e+000  0.000000e+000  0.000000e+000  0.000000e+000  0.000000e+000  
0.000000e+000  0.000000e+000  0.000000e+000  0.000000e+000  0.000000e+000  0.000000e+000  0.000000e+000  0.000000e+000  0.000000e+000  0.000000e+000  0.000000e+000  0.000000e+000  0.000000e+000  0.000000e+000  0.000000e+000  0.000000e+000  0.000000e+000  
0.000000e+000  0.000000e+000  0.000000e+000  0.000000e+000  0.000000e+000  0.000000e+000  0.000000e+000  0.000000e+000  0.000000e+000  0.000000e+000  0.000000e+000  0.000000e+000  0.000000e+000  0.000000e+000  0.000000e+000  0.000000e+000  0.000000e+000  
0.000000e+000  0.000000e+000  0.000000e+000  0.000000e+000  0.000000e+000  0.000000e+000  0.000000e+000  0.000000e+000  0.000000e+000  0.000000e+000  0.000000e+000  0.000000e+000  0.000000e+000  0.000000e+000  0.000000e+000  0.000000e+000  0.000000e+000  
0.000000e+000  0.000000e+000  0.000000e+000  0.000000e+000  0.000000e+000  0.000000e+000  0.000000e+000  0.000000e+000  0.000000e+000  0.000000e+000  0.000000e+000  0.000000e+000  0.000000e+000  0.000000e+000  0.000000e+000  0.000000e+000  0.000000e+000  
0.000000e+000  0.000000e+000  0.000000e+000  0.000000e+000  0.000000e+000  0.000000e+000  0.000000e+000  0.000000e+000  0.000000e+000  0.000000e+000  0.000000e+000  0.000000e+000  0.000000e+000  0.000000e+000  0.000000e+000  0.000000e+000  0.000000e+000  

0.000000e+000  0.000000e+000  0.000000e+000  0.000000e+000  0.000000e+000  0.000000e+000  0.000000e+000  0.000000e+000  0.000000e+000  0.000000e+000  0.000000e+000  0.000000e+000  0.000000e+000  0.000000e+000  0.000000e+000  0.000000e+000  0.000000e+000  
0.000000e+000  0.000000e+000  0.000000e+000  0.000000e+000  0.000000e+000  0.000000e+000  0.000000e+000  0.000000e+000  0.000000e+000  0.000000e+000  0.000000e+000  0.000000e+000  0.000000e+000  0.000000e+000  0.000000e+000  0.000000e+000  0.000000e+000  
0.000000e+000  0.000000e+000  0.000000e+000  0.000000e+000  0.000000e+000  0.000000e+000  0.000000e+000  0.000000e+000  0.000000e+000  0.000000e+000  0.000000e+000  0.000000e+000  0.000000e+000  0.000000e+000  0.000000e+000  0.000000e+000  0.000000e+000  
0.000000e+000  0.000000e+000  0.000000e+000  0.000000e+000  0.000000e+000  0.000000e+000  0.000000e+000  0.000000e+000  0.000000e+000  0.000000e+000  0.000000e+000  0.000000e+000  0.000000e+000  0.000000e+000  0.000000e+000  0.000000e+000  0.000000e+000  
0.000000e+000  0.000000e+000  0.000000e+000  0.000000e+000  0.000000e+000  0.000000e+000  0.000000e+000  0.000000e+000  0.000000e+000  0.000000e+000  0.000000e+000  0.000000e+000  0.000000e+000  0.000000e+000  0.000000e+000  0.000000e+000  0.000000e+000  
0.000000e+000  0.000000e+000  0.000000e+000  0.000000e+000  0.000000e+000  0.000000e+000  0.000000e+000  0.000000e+000  0.000000e+000  0.000000e+000  0.000000e+000  0.000000e+000  0.000000e+000  0.000000e+000  0.000000e+000  0.000000e+000  0.000000e+000  
0.000000e+000  0.000000e+000  0.000000e+000  0.000000e+000  0.000000e+000  0.000000e+000  0.000000e+000  0.000000e+000  0.000000e+000  0.000000e+000  0.000000e+000  0.000000e+000  0.000000e+000  0.000000e+000  0.000000e+000  0.000000e+000  0.000000e+000  
0.000000e+000  0.000000e+000  0.000000e+000  0.000000e+000  0.000000e+000  0.000000e+000  0.000000e+000  0.000000e+000  0.000000e+000  0.000000e+000  0.000000e+000  0.000000e+000  0.000000e+000  0.000000e+000  0.000000e+000  0.000000e+000  0.000000e+000  
0.000000e+000  0.000000e+000  0.000000e+000  0.000000e+000  0.000000e+000  0.000000e+000  0.000000e+000  0.000000e+000  0.000000e+000  0.000000e+000  0.000000e+000  0.000000e+000  0.000000e+000  0.000000e+000  0.000000e+000  0.000000e+000  0.000000e+000  
0.000000e+000  0.000000e+000  0.000000e+000  0.000000e+000  0.000000e+000  0.000000e+000  0.000000e+000  0.000000e+000  0.000000e+000  0.000000e+000  0.000000e+000  0.000000e+000  0.000000e+000  0.000000e+000  0.000000e+000  0.000000e+000  0.000000e+000  
0.000000e+000  0.000000e+000  0.000000e+000  0.000000e+000  0.000000e+000  0.000000e+000  0.000000e+000  0.000000e+000  0.000000e+000  0.000000e+000  0.000000e+000  0.000000e+000  0.000000e+000  0.000000e+000  0.000000e+000  0.000000e+000  0.000000e+000  
0.000000e+000  0.000000e+000  0.000000e+000  0.000000e+000  0.000000e+000  0.000000e+000  0.000000e+000  0.000000e+000  0.000000e+000  0.000000e+000  0.000000e+000  0.000000e+000  0.000000e+000  0.000000e+000  0.000000e+000  0.000000e+000  0.000000e+000  
0.000000e+000  0.000000e+000  0.000000e+000  0.000000e+000  0.000000e+000  0.000000e+000  0.000000e+000  0.000000e+000  0.000000e+000  0.000000e+000  0.000000e+000  0.000000e+000  0.000000e+000  0.000000e+000  0.000000e+000  0.000000e+000  0.000000e+000  
0.000000e+000  0.000000e+000  0.000000e+000  0.000000e+000  0.000000e+000  0.000000e+000  0.000000e+000  0.000000e+000  0.000000e+000  0.000000e+000  0.000000e+000  0.000000e+000  0.000000e+000  0.000000e+000  0.000000e+000  0.000000e+000  0.000000e+000  
0.000000e+000  0.000000e+000  0.000000e+000  0.000000e+000  0.000000e+000  0.000000e+000  0.000000e+000  0.000000e+000  0.000000e+000  0.000000e+000  0.000000e+000  0.000000e+000  0.000000e+000  0.000000e+000  0.000000e+000  0.000000e+000  0.000000e+000  
0.000000e+000  0.000000e+000  0.000000e+000  0.000000e+000  0.000000e+000  0.000000e+000  0.000000e+000  0.000000e+000  0.000000e+000  0.000000e+000  0.000000e+000  0.000000e+000  0.000000e+000  0.000000e+000  0.000000e+000  0.000000e+000  0.000000e+000  
0.000000e+000  0.000000e+000  0.000000e+000  0.000000e+000  0.000000e+000  0.000000e+000  0.000000e+000  0.000000e+000  0.000000e+000  0.000000e+000  0.000000e+000  0.000000e+000  0.000000e+000  0.000000e+000  0.000000e+000  0.000000e+000  0.000000e+000  
0.000000e+000  0.000000e+000  0.000000e+000  0.000000e+000  0.000000e+000  0.000000e+000  0.000000e+000  0.000000e+000  0.000000e+000  0.000000e+000  0.000000e+000  0.000000e+000  0.000000e+000  0.000000e+000  0.000000e+000  0.000000e+000  0.000000e+000  
0.000000e+000  0.000000e+000  0.000000e+000  0.000000e+000  0.000000e+000  0.000000e+000  0.000000e+000  0.000000e+000  0.000000e+000  0.000000e+000  0.000000e+000  0.000000e+000  0.000000e+000  0.000000e+000  0.000000e+000  0.000000e+000  0.000000e+000  
0.000000e+000  0.000000e+000  0.000000e+000  0.000000e+000  0.000000e+000  0.000000e+000  0.000000e+000  0.000000e+000  0.000000e+000  0.000000e+000  0.000000e+000  0.000000e+000  0.000000e+000  0.000000e+000  0.000000e+000  0.000000e+000  0.000000e+000  
0.000000e+000  0.000000e+000  0.000000e+000  0.000000e+000  0.000000e+000  0.000000e+000  0.000000e+000  0.000000e+000  0.000000e+000  0.000000e+000  0.000000e+000  0.000000e+000  0.000000e+000  0.000000e+000  0.000000e+000  0.000000e+000  0.000000e+000  
0.000000e+000  0.000000e+000  0.000000e+000  0.000000e+000  0.000000e+000  0.000000e+000  0.000000e+000  0.000000e+000  0.000000e+000  0.000000e+000  0.000000e+000  0.000000e+000  0.000000e+000  0.000000e+000  0.000000e+000  0.000000e+000  0.000000e+000  
0.000000e+000  0.000000e+000  0.000000e+000  0.000000e+000  0.000000e+000  0.000000e+000  0.000000e+000  0.000000e+000  0.000000e+000  0.000000e+000  0.000000e+000  0.000000e+000  0.000000e+000  0.000000e+000  0.000000e+000  0.000000e+000  0.000000e+000  
0.000000e+000  0.000000e+000  0.000000e+000  0.000000e+000  0.000000e+000  0.000000e+000  0.000000e+000  0.000000e+000  0.000000e+000  0.000000e+000  0.000000e+000  0.000000e+000  0.000000e+000  0.000000e+000  0.000000e+000  0.000000e+000  0.000000e+000  
0.000000e+000  0.000000e+000  0.000000e+000  0.000000e+000  0.000000e+000  0.000000e+000  0.000000e+000  0.000000e+000  0.000000e+000  0.000000e+000  0.000000e+000  0.000000e+000  0.000000e+000  0.000000e+000  0.000000e+000  0.000000e+000  0.000000e+000  
0.000000e+000  0.000000e+000  0.000000e+000  0.000000e+000  0.000000e+000  0.000000e+000  0.000000e+000  0.000000e+000  0.000000e+000  0.000000e+000  0.000000e+000  0.000000e+000  0.000000e+000  0.000000e+000  0.000000e+000  0.000000e+000  0.000000e+000  
0.000000e+000  0.000000e+000  0.000000e+000  0.000000e+000  0.000000e+000  0.000000e+000  0.000000e+000  0.000000e+000  0.000000e+000  0.000000e+000  0.000000e+000  0.000000e+000  0.000000e+000  0.000000e+000  0.000000e+000  0.000000e+000  0.000000e+000  
0.000000e+000  0.000000e+000  0.000000e+000  0.000000e+000  0.000000e+000  0.000000e+000  0.000000e+000  0.000000e+000  0.000000e+000  0.000000e+000  0.000000e+000  0.000000e+000  0.000000e+000  0.000000e+000  0.000000e+000  0.000000e+000  0.000000e+000  
0.000000e+000  0.000000e+000  0.000000e+000  0.000000e+000  0.000000e+000  0.000000e+000  0.000000e+000  0.000000e+000  0.000000e+000  0.000000e+000  0.000000e+000  0.000000e+000  0.000000e+000  0.000000e+000  0.000000e+000  0.000000e+000  0.000000e+000  
0.000000e+000  0.000000e+000  0.000000e+000  0.000000e+000  0.000000e+000  0.000000e+000  0.000000e+000  0.000000e+000  0.000000e+000  0.000000e+000  0.000000e+000  0.000000e+000  0.000000e+000  0.000000e+000  0.000000e+000  0.000000e+000  0.000000e+000  
0.000000e+000  0.000000e+000  0.000000e+000  0.000000e+000  0.000000e+000  0.000000e+000  0.000000e+000  0.000000e+000  0.000000e+000  0.000000e+000  0.000000e+000  0.000000e+000  0.000000e+000  0.000000e+000  0.000000e+000  0.000000e+000  0.000000e+000  
0.000000e+000  0.000000e+000  0.000000e+000  0.000000e+000  0.000000e+000  0.000000e+000  0.000000e+000  0.000000e+000  0.000000e+000  0.000000e+000  0.000000e+000  0.000000e+000  0.000000e+000  0.000000e+000  0.000000e+000  0.000000e+000  0.000000e+000  
0.000000e+000  0.000000e+000  0.000000e+000  0.000000e+000  0.000000e+000  0.000000e+000  0.000000e+000  0.000000e+000  0.000000e+000  0.000000e+000  0.000000e+000  0.000000e+000  0.000000e+000  0.000000e+000  0.000000e+000  0.000000e+000  0.000000e+000  
0.000000e+000  0.000000e+000  0.000000e+000  0.000000e+000  0.000000e+000  0.000000e+000  0.000000e+000  0.000000e+000  0.000000e+000  0.000000e+000  0.000000e+000  0.000000e+000  0.000000e+000  0.000000e+000  0.000000e+000  0.000000e+000  0.000000e+000  
0.000000e+000  0.000000e+000  0.000000e+000  0.000000e+000  0.000000e+000  0.000000e+000  0.000000e+000  0.000000e+000  0.000000e+000  0.000000e+000  0.000000e+000  0.000000e+000  0.000000e+000  0.000000e+000  0.000000e+000  0.000000e+000  0.000000e+000  
0.000000e+000  0.000000e+000  0.000000e+000  0.000000e+000  0.000000e+000  0.000000e+000  0.000000e+000  0.000000e+000  0.000000e+000  0.000000e+000  0.000000e+000  0.000000e+000  0.000000e+000  0.000000e+000  0.000000e+000  0.000000e+000  0.000000e+000  
0.000000e+000  0.000000e+000  0.000000e+000  0.000000e+000  0.000000e+000  0.000000e+000  0.000000e+000  0.000000e+000  0.000000e+000  0.000000e+000  0.000000e+000  0.000000e+000  0.000000e+000  0.000000e+000  0.000000e+000  0.000000e+000  0.000000e+000  
0.000000e+000  0.000000e+000  0.000000e+000  0.000000e+000  0.000000e+000  0.000000e+000  0.000000e+000  0.000000e+000  0.000000e+000  0.000000e+000  0.000000e+000  0.000000e+000  0.000000e+000  0.000000e+000  0.000000e+000  0.000000e+000  0.000000e+000  
0.000000e+000  0.000000e+000  0.000000e+000  0.000000e+000  0.000000e+000  0.000000e+000  0.000000e+000  0.000000e+000  0.000000e+000  0.000000e+000  0.000000e+000  0.000000e+000  0.000000e+000  0.000000e+000  0.000000e+000  0.000000e+000  0.000000e+000  
0.000000e+000  0.000000e+000  0.000000e+000  0.000000e+000  0.000000e+000  0.000000e+000  0.000000e+000  0.000000e+000  0.000000e+000  0.000000e+000  0.000000e+000  0.000000e+000  0.000000e+000  0.000000e+000  0.000000e+000  0.000000e+000  0.000000e+000  

0.000000e+000  0.000000e+000  0.000000e+000  0.000000e+000  0.000000e+000  0.000000e+000  0.000000e+000  0.000000e+000  0.000000e+000  0.000000e+000  0.000000e+000  0.000000e+000  0.000000e+000  0.000000e+000  0.000000e+000  0.000000e+000  0.000000e+000  
0.000000e+000  0.000000e+000  0.000000e+000  0.000000e+000  0.000000e+000  0.000000e+000  0.000000e+000  0.000000e+000  0.000000e+000  0.000000e+000  0.000000e+000  0.000000e+000  0.000000e+000  0.000000e+000  0.000000e+000  0.000000e+000  0.000000e+000  
0.000000e+000  0.000000e+000  0.000000e+000  0.000000e+000  0.000000e+000  0.000000e+000  0.000000e+000  0.000000e+000  0.000000e+000  0.000000e+000  0.000000e+000  0.000000e+000  0.000000e+000  0.000000e+000  0.000000e+000  0.000000e+000  0.000000e+000  
0.000000e+000  0.000000e+000  0.000000e+000  0.000000e+000  0.000000e+000  0.000000e+000  0.000000e+000  0.000000e+000  0.000000e+000  0.000000e+000  0.000000e+000  0.000000e+000  0.000000e+000  0.000000e+000  0.000000e+000  0.000000e+000  0.000000e+000  
0.000000e+000  0.000000e+000  0.000000e+000  0.000000e+000  0.000000e+000  0.000000e+000  0.000000e+000  0.000000e+000  0.000000e+000  0.000000e+000  0.000000e+000  0.000000e+000  0.000000e+000  0.000000e+000  0.000000e+000  0.000000e+000  0.000000e+000  
0.000000e+000  0.000000e+000  0.000000e+000  0.000000e+000  0.000000e+000  0.000000e+000  0.000000e+000  0.000000e+000  0.000000e+000  0.000000e+000  0.000000e+000  0.000000e+000  0.000000e+000  0.000000e+000  0.000000e+000  0.000000e+000  0.000000e+000  
0.000000e+000  0.000000e+000  0.000000e+000  0.000000e+000  0.000000e+000  0.000000e+000  0.000000e+000  0.000000e+000  0.000000e+000  0.000000e+000  0.000000e+000  0.000000e+000  0.000000e+000  0.000000e+000  0.000000e+000  0.000000e+000  0.000000e+000  
0.000000e+000  0.000000e+000  0.000000e+000  0.000000e+000  0.000000e+000  0.000000e+000  0.000000e+000  0.000000e+000  0.000000e+000  0.000000e+000  0.000000e+000  0.000000e+000  0.000000e+000  0.000000e+000  0.000000e+000  0.000000e+000  0.000000e+000  
0.000000e+000  0.000000e+000  0.000000e+000  0.000000e+000  0.000000e+000  0.000000e+000  0.000000e+000  0.000000e+000  0.000000e+000  0.000000e+000  0.000000e+000  0.000000e+000  0.000000e+000  0.000000e+000  0.000000e+000  0.000000e+000  0.000000e+000  
0.000000e+000  0.000000e+000  0.000000e+000  0.000000e+000  0.000000e+000  0.000000e+000  0.000000e+000  0.000000e+000  0.000000e+000  0.000000e+000  0.000000e+000  0.000000e+000  0.000000e+000  0.000000e+000  0.000000e+000  0.000000e+000  0.000000e+000  
0.000000e+000  0.000000e+000  0.000000e+000  0.000000e+000  0.000000e+000  0.000000e+000  0.000000e+000  0.000000e+000  0.000000e+000  0.000000e+000  0.000000e+000  0.000000e+000  0.000000e+000  0.000000e+000  0.000000e+000  0.000000e+000  0.000000e+000  
0.000000e+000  0.000000e+000  0.000000e+000  0.000000e+000  0.000000e+000  0.000000e+000  0.000000e+000  0.000000e+000  0.000000e+000  0.000000e+000  0.000000e+000  0.000000e+000  0.000000e+000  0.000000e+000  0.000000e+000  0.000000e+000  0.000000e+000  
0.000000e+000  0.000000e+000  0.000000e+000  0.000000e+000  0.000000e+000  0.000000e+000  0.000000e+000  0.000000e+000  0.000000e+000  0.000000e+000  0.000000e+000  0.000000e+000  0.000000e+000  0.000000e+000  0.000000e+000  0.000000e+000  0.000000e+000  
0.000000e+000  0.000000e+000  0.000000e+000  0.000000e+000  0.000000e+000  0.000000e+000  0.000000e+000  0.000000e+000  0.000000e+000  0.000000e+000  0.000000e+000  0.000000e+000  0.000000e+000  0.000000e+000  0.000000e+000  0.000000e+000  0.000000e+000  
0.000000e+000  0.000000e+000  0.000000e+000  0.000000e+000  0.000000e+000  0.000000e+000  0.000000e+000  0.000000e+000  0.000000e+000  0.000000e+000  0.000000e+000  0.000000e+000  0.000000e+000  0.000000e+000  0.000000e+000  0.000000e+000  0.000000e+000  
0.000000e+000  0.000000e+000  0.000000e+000  0.000000e+000  0.000000e+000  0.000000e+000  0.000000e+000  0.000000e+000  0.000000e+000  0.000000e+000  0.000000e+000  0.000000e+000  0.000000e+000  0.000000e+000  0.000000e+000  0.000000e+000  0.000000e+000  
0.000000e+000  0.000000e+000  0.000000e+000  0.000000e+000  0.000000e+000  0.000000e+000  0.000000e+000  0.000000e+000  0.000000e+000  0.000000e+000  0.000000e+000  0.000000e+000  0.000000e+000  0.000000e+000  0.000000e+000  0.000000e+000  0.000000e+000  
0.000000e+000  0.000000e+000  0.000000e+000  0.000000e+000  0.000000e+000  0.000000e+000  0.000000e+000  0.000000e+000  0.000000e+000  0.000000e+000  0.000000e+000  0.000000e+000  0.000000e+000  0.000000e+000  0.000000e+000  0.000000e+000  0.000000e+000  
0.000000e+000  0.000000e+000  0.000000e+000  0.000000e+000  0.000000e+000  0.000000e+000  0.000000e+000  0.000000e+000  0.000000e+000  0.000000e+000  0.000000e+000  0.000000e+000  0.000000e+000  0.000000e+000  0.000000e+000  0.000000e+000  0.000000e+000  
0.000000e+000  0.000000e+000  0.000000e+000  0.000000e+000  0.000000e+000  0.000000e+000  0.000000e+000  0.000000e+000  0.000000e+000  0.000000e+000  0.000000e+000  0.000000e+000  0.000000e+000  0.000000e+000  0.000000e+000  0.000000e+000  0.000000e+000  
0.000000e+000  0.000000e+000  0.000000e+000  0.000000e+000  0.000000e+000  0.000000e+000  0.000000e+000  0.000000e+000  0.000000e+000  0.000000e+000  0.000000e+000  0.000000e+000  0.000000e+000  0.000000e+000  0.000000e+000  0.000000e+000  0.000000e+000  
0.000000e+000  0.000000e+000  0.000000e+000  0.000000e+000  0.000000e+000  0.000000e+000  0.000000e+000  0.000000e+000  0.000000e+000  0.000000e+000  0.000000e+000  0.000000e+000  0.000000e+000  0.000000e+000  0.000000e+000  0.000000e+000  0.000000e+000  
0.000000e+000  0.000000e+000  0.000000e+000  0.000000e+000  0.000000e+000  0.000000e+000  0.000000e+000  0.000000e+000  0.000000e+000  0.000000e+000  0.000000e+000  0.000000e+000  0.000000e+000  0.000000e+000  0.000000e+000  0.000000e+000  0.000000e+000  
0.000000e+000  0.000000e+000  0.000000e+000  0.000000e+000  0.000000e+000  0.000000e+000  0.000000e+000  0.000000e+000  0.000000e+000  0.000000e+000  0.000000e+000  0.000000e+000  0.000000e+000  0.000000e+000  0.000000e+000  0.000000e+000  0.000000e+000  
0.000000e+000  0.000000e+000  0.000000e+000  0.000000e+000  0.000000e+000  0.000000e+000  0.000000e+000  0.000000e+000  0.000000e+000  0.000000e+000  0.000000e+000  0.000000e+000  0.000000e+000  0.000000e+000  0.000000e+000  0.000000e+000  0.000000e+000  
0.000000e+000  0.000000e+000  0.000000e+000  0.000000e+000  0.000000e+000  0.000000e+000  0.000000e+000  0.000000e+000  0.000000e+000  0.000000e+000  0.000000e+000  0.000000e+000  0.000000e+000  0.000000e+000  0.000000e+000  0.000000e+000  0.000000e+000  
0.000000e+000  0.000000e+000  0.000000e+000  0.000000e+000  0.000000e+000  0.000000e+000  0.000000e+000  0.000000e+000  0.000000e+000  0.000000e+000  0.000000e+000  0.000000e+000  0.000000e+000  0.000000e+000  0.000000e+000  0.000000e+000  0.000000e+000  
0.000000e+000  0.000000e+000  0.000000e+000  0.000000e+000  0.000000e+000  0.000000e+000  0.000000e+000  0.000000e+000  0.000000e+000  0.000000e+000  0.000000e+000  0.000000e+000  0.000000e+000  0.000000e+000  0.000000e+000  0.000000e+000  0.000000e+000  
0.000000e+000  0.000000e+000  0.000000e+000  0.000000e+000  0.000000e+000  0.000000e+000  0.000000e+000  0.000000e+000  0.000000e+000  0.000000e+000  0.000000e+000  0.000000e+000  0.000000e+000  0.000000e+000  0.000000e+000  0.000000e+000  0.000000e+000  
0.000000e+000  0.000000e+000  0.000000e+000  0.000000e+000  0.000000e+000  0.000000e+000  0.000000e+000  0.000000e+000  0.000000e+000  0.000000e+000  0.000000e+000  0.000000e+000  0.000000e+000  0.000000e+000  0.000000e+000  0.000000e+000  0.000000e+000  
0.000000e+000  0.000000e+000  0.000000e+000  0.000000e+000  0.000000e+000  0.000000e+000  0.000000e+000  0.000000e+000  0.000000e+000  0.000000e+000  0.000000e+000  0.000000e+000  0.000000e+000  0.000000e+000  0.000000e+000  0.000000e+000  0.000000e+000  
0.000000e+000  0.000000e+000  0.000000e+000  0.000000e+000  0.000000e+000  0.000000e+000  0.000000e+000  0.000000e+000  0.000000e+000  0.000000e+000  0.000000e+000  0.000000e+000  0.000000e+000  0.000000e+000  0.000000e+000  0.000000e+000  0.000000e+000  
0.000000e+000  0.000000e+000  0.000000e+000  0.000000e+000  0.000000e+000  0.000000e+000  0.000000e+000  0.000000e+000  0.000000e+000  0.000000e+000  0.000000e+000  0.000000e+000  0.000000e+000  0.000000e+000  0.000000e+000  0.000000e+000  0.000000e+000  
0.000000e+000  0.000000e+000  0.000000e+000  0.000000e+000  0.000000e+000  0.000000e+000  0.000000e+000  0.000000e+000  0.000000e+000  0.000000e+000  0.000000e+000  0.000000e+000  0.000000e+000  0.000000e+000  0.000000e+000  0.000000e+000  0.000000e+000  
0.000000e+000  0.000000e+000  0.000000e+000  0.000000e+000  0.000000e+000  0.000000e+000  0.000000e+000  0.000000e+000  0.000000e+000  0.000000e+000  0.000000e+000  0.000000e+000  0.000000e+000  0.000000e+000  0.000000e+000  0.000000e+000  0.000000e+000  
0.000000e+000  0.000000e+000  0.000000e+000  0.000000e+000  0.000000e+000  0.000000e+000  0.000000e+000  0.000000e+000  0.000000e+000  0.000000e+000  0.000000e+000  0.000000e+000  0.000000e+000  0.000000e+000  0.000000e+000  0.000000e+000  0.000000e+000  
0.000000e+000  0.000000e+000  0.000000e+000  0.000000e+000  0.000000e+000  0.000000e+000  0.000000e+000  0.000000e+000  0.000000e+000  0.000000e+000  0.000000e+000  0.000000e+000  0.000000e+000  0.000000e+000  0.000000e+000  0.000000e+000  0.000000e+000  
0.000000e+000  0.000000e+000  0.000000e+000  0.000000e+000  0.000000e+000  0.000000e+000  0.000000e+000  0.000000e+000  0.000000e+000  0.000000e+000  0.000000e+000  0.000000e+000  0.000000e+000  0.000000e+000  0.000000e+000  0.000000e+000  0.000000e+000  
0.000000e+000  0.000000e+000  0.000000e+000  0.000000e+000  0.000000e+000  0.000000e+000  0.000000e+000  0.000000e+000  0.000000e+000  0.000000e+000  0.000000e+000  0.000000e+000  0.000000e+000  0.000000e+000  0.000000e+000  0.000000e+000  0.000000e+000  
0.000000e+000  0.000000e+000  0.000000e+000  0.000000e+000  0.000000e+000  0.000000e+000  0.000000e+000  0.000000e+000  0.000000e+000  0.000000e+000  0.000000e+000  0.000000e+000  0.000000e+000  0.000000e+000  0.000000e+000  0.000000e+000  0.000000e+000  

6.133329e-002  6.099550e-002  6.032294e-002  5.932174e-002  5.782510e-002  5.587707e-002  5.369184e-002  5.130930e-002  4.876967e-002  4.611198e-002  4.337288e-002  4.058574e-002  3.637705e-002  3.084125e-002  2.139448e-002  7.263086e-003  0.000000e+000  
2.027464e-001  2.016082e-001  1.993397e-001  1.959575e-001  1.907691e-001  1.839197e-001  1.762759e-001  1.679907e-001  1.592153e-001  1.500937e-001  1.407580e-001  1.313254e-001  1.171819e-001  9.883599e-002  6.792808e-002  2.285635e-002  0.000000e+000  
3.729661e-001  3.708305e-001  3.665542e-001  3.601321e-001  3.494110e-001  3.346533e-001  3.184141e-001  3.010897e-001  2.830544e-001  2.646453e-001  2.461530e-001  2.278175e-001  2.008333e-001  1.670872e-001  1.121021e-001  3.688999e-002  0.000000e+000  
5.649222e-001  5.619861e-001  5.560039e-001  5.467795e-001  5.279650e-001  4.999351e-001  4.697892e-001  4.384535e-001  4.067333e-001  3.752840e-001  3.446062e-001  3.150567e-001  2.727727e-001  2.226137e-001  1.446319e-001  4.630689e-002  0.000000e+000  
7.395008e-001  7.373815e-001  7.326620e-001  7.244509e-001  6.961506e-001  6.481946e-001  5.982713e-001  5.482730e-001  4.996172e-001  4.532509e-001  4.097259e-001  3.692949e-001  3.133548e-001  2.507548e-001  1.580682e-001  4.943691e-002  0.000000e+000  
8.324198e-001  8.322149e-001  8.309178e-001  8.268424e-001  7.927552e-001  7.291492e-001  6.645237e-001  6.015529e-001  5.419516e-001  4.866309e-001  4.359313e-001  3.898326e-001  3.272450e-001  2.592840e-001  1.610661e-001  4.981717e-002  0.000000e+000  
8.943290e-001  8.963261e-001  8.990703e-001  9.001142e-001  8.618223e-001  7.848011e-001  7.080960e-001  6.349908e-001  5.672730e-001  5.056382e-001  4.501136e-001  4.003704e-001  3.336921e-001  2.626896e-001  1.616518e-001  4.964281e-002  0.000000e+000  
9.483902e-001  9.535694e-001  9.622987e-001  9.712121e-001  9.287840e-001  8.359044e-001  7.456972e-001  6.619791e-001  5.863023e-001  5.188510e-001  4.591345e-001  4.063978e-001  3.365464e-001  2.634432e-001  1.608026e-001  4.907881e-002  0.000000e+000  
9.931732e-001  1.002340e+000  1.018779e+000  1.038222e+000  9.917979e-001  8.809903e-001  7.764930e-001  6.823260e-001  5.993401e-001  5.268806e-001  4.637663e-001  4.087441e-001  3.366247e-001  2.622444e-001  1.589737e-001  4.826654e-002  0.000000e+000  
1.031398e+000  1.045865e+000  1.072973e+000  1.107806e+000  1.056958e+000  9.232949e-001  8.022243e-001  6.970699e-001  6.070699e-001  5.301939e-001  4.643198e-001  4.076000e-001  3.339780e-001  2.590428e-001  1.560407e-001  4.714379e-002  0.000000e+000  
1.059381e+000  1.080411e+000  1.121592e+000  1.178624e+000  1.122509e+000  9.594085e-001  8.198501e-001  7.040448e-001  6.080743e-001  5.278857e-001  4.602137e-001  4.025831e-001  3.284057e-001  2.537390e-001  1.519783e-001  4.570869e-002  0.000000e+000  
1.070887e+000  1.098174e+000  1.154237e+000  1.238681e+000  1.176307e+000  9.803132e-001  8.244231e-001  7.011177e-001  6.018099e-001  5.202378e-001  4.521352e-001  3.945617e-001  3.208638e-001  2.472193e-001  1.474371e-001  4.418453e-002  0.000000e+000  
1.070071e+000  1.102127e+000  1.171050e+000  1.284602e+000  1.214601e+000  9.863708e-001  8.187523e-001  6.916035e-001  5.913103e-001  5.098215e-001  4.422178e-001  3.853047e-001  3.126819e-001  2.404350e-001  1.429257e-001  4.271168e-002  0.000000e+000  
1.056769e+000  1.091734e+000  1.170514e+000  1.316308e+000  1.234581e+000  9.743789e-001  8.010986e-001  6.742006e-001  5.753327e-001  4.953916e-001  4.292315e-001  3.736227e-001  3.027606e-001  2.324424e-001  1.377900e-001  4.107114e-002  0.000000e+000  
1.029860e+000  1.064316e+000  1.143996e+000  1.311261e+000  1.211226e+000  9.363148e-001  7.696525e-001  6.485439e-001  5.538331e-001  4.769737e-001  4.132130e-001  3.595503e-001  2.911277e-001  2.232620e-001  1.320425e-001  3.926702e-002  0.000000e+000  
9.845887e-001  1.013803e+000  1.076132e+000  1.176509e+000  1.033707e+000  8.569777e-001  7.191213e-001  6.110109e-001  5.238474e-001  4.520379e-001  3.919681e-001  3.411666e-001  2.762055e-001  2.116591e-001  1.249213e-001  3.706322e-002  0.000000e+000  
9.166972e-001  9.377542e-001  9.778690e-001  1.024983e+000  8.464907e-001  7.511363e-001  6.494648e-001  5.598661e-001  4.836637e-001  4.191191e-001  3.642733e-001  3.174518e-001  2.572232e-001  1.970829e-001  1.161379e-001  3.438308e-002  0.000000e+000  
7.957088e-001  8.063209e-001  8.239347e-001  8.397453e-001  6.398577e-001  5.976032e-001  5.370602e-001  4.742009e-001  4.155977e-001  3.632762e-001  3.174001e-001  2.774634e-001  2.254288e-001  1.728511e-001  1.017215e-001  3.003190e-002  0.000000e+000  
4.768718e-001  4.784841e-001  4.809063e-001  4.827625e-001  3.212734e-001  3.107073e-001  2.918010e-001  2.681833e-001  2.427391e-001  2.173990e-001  1.933059e-001  1.710466e-001  1.407476e-001  1.086192e-001  6.402967e-002  1.882320e-002  0.000000e+000  
0.000000e+000  0.000000e+000  0.000000e+000  0.000000e+000  -1.913924e-011  -2.175120e-011  -1.702881e-011  -1.158353e-011  0.000000e+000  0.000000e+000  0.000000e+000  0.000000e+000  0.000000e+000  0.000000e+000  0.000000e+000  0.000000e+000  0.000000e+000  
-4.768718e-001  -4.784841e-001  -4.809063e-001  -4.827625e-001  -3.212734e-001  -3.107073e-001  -2.918010e-001  -2.681833e-001  -2.427391e-001  -2.173990e-001  -1.933059e-001  -1.710466e-001  -1.407476e-001  -1.086192e-001  -6.402967e-002  -1.882320e-002  0.000000e+000  
-7.957088e-001  -8.063209e-001  -8.239347e-001  -8.397453e-001  -6.398577e-001  -5.976032e-001  -5.370602e-001  -4.742009e-001  -4.155977e-001  -3.632762e-001  -3.174001e-001  -2.774634e-001  -2.254288e-001  -1.728511e-001  -1.017215e-001  -3.003190e-002  0.000000e+000  
-9.166972e-001  -9.377542e-001  -9.778690e-001  -1.024983e+000  -8.464907e-001  -7.511363e-001  -6.494648e-001  -5.598661e-001  -4.836637e-001  -4.191191e-001  -3.642733e-001  -3.174518e-001  -2.572232e-001  -1.970829e-001  -1.161379e-001  -3.438308e-002  0.000000e+000  
-9.845887e-001  -1.013803e+000  -1.076132e+000  -1.176509e+000  -1.033707e+000  -8.569777e-001  -7.191213e-001  -6.110109e-001  -5.238474e-001  -4.520379e-001  -3.919681e-001  -3.411666e-001  -2.762055e-001  -2.116591e-001  -1.249213e-001  -3.706322e-002  0.000000e+000  
-1.029860e+000  -1.064316e+000  -1.143996e+000  -1.311261e+000  -1.211226e+000  -9.363148e-001  -7.696525e-001  -6.485439e-001  -5.538331e-001  -4.769737e-001  -4.132130e-001  -3.595503e-001  -2.911277e-001  -2.232620e-001  -1.320425e-001  -3.926702e-002  0.000000e+000  
-1.056769e+000  -1.091734e+000  -1.170514e+000  -1.316308e+000  -1.234581e+000  -9.743789e-001  -8.010986e-001  -6.742006e-001  -5.753327e-001  -4.953916e-001  -4.292315e-001  -3.736227e-001  -3.027606e-001  -2.324424e-001  -1.377900e-001  -4.107114e-002  0.000000e+000  
-1.070071e+000  -1.102127e+000  -1.171050e+000  -1.284602e+000  -1.214601e+000  -9.863708e-001  -8.187523e-001  -6.916035e-001  -5.913103e-001  -5.098215e-001  -4.422178e-001  -3.853047e-001  -3.126819e-001  -2.404350e-001  -1.429257e-001  -4.271168e-002  0.000000e+000  
-1.070887e+000  -1.098174e+000  -1.154237e+000  -1.238681e+000  -1.176307e+000  -9.803132e-001  -8.244231e-001  -7.011177e-001  -6.018099e-001  -5.202378e-001  -4.521352e-001  -3.945617e-001  -3.208638e-001  -2.472193e-001  -1.474371e-001  -4.418453e-002  0.000000e+000  
-1.059381e+000  -1.080411e+000  -1.121592e+000  -1.178624e+000  -1.122509e+000  -9.594085e-001  -8.198501e-001  -7.040448e-001  -6.080743e-001  -5.278857e-001  -4.602137e-001  -4.025831e-001  -3.284057e-001  -2.537390e-001  -1.519783e-001  -4.570869e-002  0.000000e+000  
-1.031398e+000  -1.045865e+000  -1.072973e+000  -1.107806e+000  -1.056958e+000  -9.232949e-001  -8.022243e-001  -6.970699e-001  -6.070699e-001  -5.301939e-001  -4.643198e-001  -4.076000e-001  -3.339780e-001  -2.590428e-001  -1.560407e-001  -4.714379e-002  0.000000e+000  
-9.931732e-001  -1.002340e+000  -1.018779e+000  -1.038222e+000  -9.917979e-001  -8.809903e-001  -7.764930e-001  -6.823260e-001  -5.993401e-001  -5.268806e-001  -4.637663e-001  -4.087441e-001  -3.366247e-001  -2.622444e-001  -1.589737e-001  -4.826654e-002  0.000000e+000  
-9.483902e-001  -9.535694e-001  -9.622987e-001  -9.712121e-001  -9.287840e-001  -8.359044e-001  -7.456972e-001  -6.619791e-001  -5.863023e-001  -5.188510e-001  -4.591345e-001  -4.063978e-001  -3.365464e-001  -2.634432e-001  -1.608026e-001  -4.907881e-002  0.000000e+000  
-8.943290e-001  -8.963261e-001  -8.990703e-001  -9.001142e-001  -8.618223e-001  -7.848011e-001  -7.080960e-001  -6.349908e-001  -5.672730e-001  -5.056382e-001  -4.501136e-001  -4.003704e-001  -3.336921e-001  -2.626896e-001  -1.616518e-001  -4.964281e-002  0.000000e+000  
-8.324198e-001  -8.322149e-001  -8.309178e-001  -8.268424e-001  -7.927552e-001  -7.291492e-001  -6.645237e-001  -6.015529e-001  -5.419516e-001  -4.866309e-001  -4.359313e-001  -3.898326e-001  -3.272450e-001  -2.592840e-001  -1.610661e-001  -4.981717e-002  0.000000e+000  
-7.395008e-001  -7.373815e-001  -7.326620e-001  -7.244509e-001  -6.961506e-001  -6.481946e-001  -5.982713e-001  -5.482730e-001  -4.996172e-001  -4.532509e-001  -4.097259e-001  -3.692949e-001  -3.133548e-001  -2.507548e-001  -1.580682e-001  -4.943691e-002  0.000000e+000  
-5.649222e-001  -5.619861e-001  -5.560039e-001  -5.467795e-001  -5.279650e-001  -4.999351e-001  -4.697892e-001  -4.384535e-001  -4.067333e-001  -3.752840e-001  -3.446062e-001  -3.150567e-001  -2.727727e-001  -2.226137e-001  -1.446319e-001  -4.630689e-002  0.000000e+000  
-3.729661e-001  -3.708305e-001  -3.665542e-001  -3.601321e-001  -3.494110e-001  -3.346533e-001  -3.184141e-001  -3.010897e-001  -2.830544e-001  -2.646453e-001  -2.461530e-001  -2.278175e-001  -2.008333e-001  -1.670872e-001  -1.121021e-001  -3.688999e-002  0.000000e+000  
-2.027464e-001  -2.016082e-001  -1.993397e-001  -1.959575e-001  -1.907691e-001  -1.839197e-001  -1.762759e-001  -1.679907e-001  -1.592153e-001  -1.500937e-001  -1.407580e-001  -1.313254e-001  -1.171819e-001  -9.883599e-002  -6.792808e-002  -2.285635e-002  0.000000e+000  
-6.133329e-002  -6.099550e-002  -6.032294e-002  -5.932174e-002  -5.782510e-002  -5.587707e-002  -5.369184e-002  -5.130930e-002  -4.876967e-002  -4.611198e-002  -4.337288e-002  -4.058574e-002  -3.637705e-002  -3.084125e-002  -2.139448e-002  -7.263086e-003  0.000000e+000  
0.000000e+000  0.000000e+000  0.000000e+000  0.000000e+000  0.000000e+000  0.000000e+000  0.000000e+000  0.000000e+000  0.000000e+000  0.000000e+000  0.000000e+000  0.000000e+000  0.000000e+000  0.000000e+000  0.000000e+000  0.000000e+000  0.000000e+000  

