2025-10-09 13:17:04   Build version: 2025.4 Release from 2025-04-11 (change 1409410)

2025-10-09 13:17:04   Starting adaptive port meshing.

                      ------------------------------------------------------------------------------
2025-10-09 13:17:04   Mode calculation for port 1:

                      ------------------------------------------------------------------------------
2025-10-09 13:17:04   According to the selected features the <Time Domain Solver (HEX)> will be
                      started.

                      ------------------------------------------------------------------------------
2025-10-09 13:17:04   

                      ------------------------------------------------------------------------------
2025-10-09 13:17:04   

                      ------------------------------------------------------------------------------
2025-10-09 13:17:08   Using Generalized port mode solver.

                      ------------------------------------------------------------------------------
2025-10-09 13:17:09   Port mode solver: Detected dispersive material(s) at port 1. 
                      Using a constant approximation of dispersive material(s) at 2.4 GHz and neglecting loss terms.  More...

                      ------------------------------------------------------------------------------
2025-10-09 13:17:11     -------------------------------- F-Calc 2.4 --------------------------------
                        Port   Mode   Type        Z-Wave        Z-Wave-Sigma  Z-Line        F-Cutoff
                        1      1      QTEM        205           0             55.6          ---
                        ----------------------------------------------------------------------------

2025-10-09 13:17:13   Pass 1 successfully completed. 
2025-10-09 13:17:13   According to the selected features the <Time Domain Solver (HEX)> will be
                      started.

                      ------------------------------------------------------------------------------
2025-10-09 13:17:13   

                      ------------------------------------------------------------------------------
2025-10-09 13:17:13   

                      ------------------------------------------------------------------------------
2025-10-09 13:17:19     -------------------------------- F-Calc 2.4 --------------------------------
                        Port   Mode   Type        Z-Wave        Z-Wave-Sigma  Z-Line        F-Cutoff
                        1      1      QTEM        208           0             57.6          ---
                        ----------------------------------------------------------------------------

2025-10-09 13:17:20   Pass 2 successfully completed. Delta (Line Imp.): 3.46%
2025-10-09 13:17:20   According to the selected features the <Time Domain Solver (HEX)> will be
                      started.

                      ------------------------------------------------------------------------------
2025-10-09 13:17:21   

                      ------------------------------------------------------------------------------
2025-10-09 13:17:21   

                      ------------------------------------------------------------------------------
2025-10-09 13:17:29     -------------------------------- F-Calc 2.4 --------------------------------
                        Port   Mode   Type        Z-Wave        Z-Wave-Sigma  Z-Line        F-Cutoff
                        1      1      QTEM        250           7.16e-005     57.1          ---
                        ----------------------------------------------------------------------------

2025-10-09 13:17:30   Pass 3 successfully completed. Delta (Line Imp.): 0.87%
2025-10-09 13:17:30   According to the selected features the <Time Domain Solver (HEX)> will be
                      started.

                      ------------------------------------------------------------------------------
2025-10-09 13:17:30   

                      ------------------------------------------------------------------------------
2025-10-09 13:17:30   

                      ------------------------------------------------------------------------------
2025-10-09 13:17:39     -------------------------------- F-Calc 2.4 --------------------------------
                        Port   Mode   Type        Z-Wave        Z-Wave-Sigma  Z-Line        F-Cutoff
                        1      1      QTEM        252           2.16e-006     57            ---
                        ----------------------------------------------------------------------------

2025-10-09 13:17:41   Pass 4 successfully completed. Delta (Line Imp.): 0.16%
2025-10-09 13:17:41   Adaptive port meshing finished. 

                      ------------------------------------------------------------------------------
2025-10-09 13:17:45   The following farfield monitor(s) have been adjusted to model box [-58.4381,
                      58.4381, -50.5279, 45.7186, -5.26102, 16.1083]:
                        farfield (f=2.4417).
                      For further information please check the page "Special Solver Parameters -
                      Solver" in the Online Help.

                      ------------------------------------------------------------------------------
2025-10-09 13:17:45   According to the selected features the <Time Domain Solver (HEX)> will be
                      started.

                      ------------------------------------------------------------------------------
2025-10-09 13:17:45   
                      Solver started at: 2025-10-09 13:17:45 +0200

                        Module:  Time Domain: S-Parameter (Win 64)
                        Version: 2025.4 Release from 2025-04-11 (change 1409410)

2025-10-09 13:17:45   

                      ------------------------------------------------------------------------------
2025-10-09 13:17:45   

                      ------------------------------------------------------------------------------
2025-10-09 13:17:45   ======================================================================
                       Solver cycle: 1
                      ======================================================================

                      Stimulation at port 1 (mode 1) 



                      ------------------------------------------------------------------------------
2025-10-09 13:17:45   Units settings: 

                        Dimensions: mm
                        Frequency:  GHz
                        Time:       ns

                      ------------------------------------------------------------------------------
2025-10-09 13:17:45   The dispersive material update [Automatic] will be performed using the "Standard" update schema

                      ------------------------------------------------------------------------------
2025-10-09 13:18:08   Mesh statistics:

                         Hexahedral mesh type: Perfect Boundary Approximation (PBA)
                            Version: default

                         Parallelization type: domain decomposition
                            Number of parallel working threads: 2
                            Number of calculation domains used: 2

                         Used point accuracy enhancement value: 75.00%.
                         Acceleration mode: CPU
                         Used point accuracy enhancement value: 74.00%.
                         PBA fill limit: 99.00% (inverse)
2025-10-09 10:28:52      current system memory usage reached 80%

2025-10-09 13:17:49      *** Warning ***  current system memory usage reached 90% (15 GB)

2025-10-09 13:17:54      *** Warning ***  current system memory usage reached 90% (15 GB)


2025-10-09 13:18:11   Using Generalized port mode solver.

                      ------------------------------------------------------------------------------
2025-10-09 13:18:12   Port mode solver: Detected dispersive material(s) at port 1. 
                      Using a constant approximation of dispersive material(s) at 2.4 GHz and neglecting loss terms.  More...

                      ------------------------------------------------------------------------------
2025-10-09 13:18:13   Boundary conditions: 

                        YZsymmetry: none
                        XZsymmetry: none
                        XYsymmetry: none

                        Xmin: expanded open, 4 Layer, depth 33.0216 mm
                        Xmax: expanded open, 4 Layer, depth 33.0216 mm

                        Ymin: expanded open, 4 Layer, depth 32.9274 mm
                        Ymax: expanded open, 4 Layer, depth 33.0708 mm

                        Zmin: expanded open, 4 Layer, depth 33.2659 mm
                        Zmax: expanded open, 4 Layer, depth 37.9033 mm

                        PML-Type: Convolution PML

                      ------------------------------------------------------------------------------
2025-10-09 13:18:13   Frequency settings: 

                        Fmin:         2.2
                        Fmax:         2.6
                        Nfsteps(lin): 1001

                      ------------------------------------------------------------------------------
2025-10-09 13:18:13   Field update statistics:

                        Number of components in total: 	340011
                        Number of TST and special elements:	228
                        Number of lossy metal components:	7916
                        Number of disp. elements:		4450

                      Subcycling state:      			Automatically deactivated

                      ------------------------------------------------------------------------------
2025-10-09 13:18:14   Waveguide boundaries:

2025-10-09 13:18:14   Port: 1

2025-10-09 13:18:14     -------------------------------- F-Calc 2.4 --------------------------------
                        Port   Mode   Type        Z-Wave        Z-Wave-Sigma  Z-Line        F-Cutoff
                        1      1      QTEM        205           0             57            ---
                        ----------------------------------------------------------------------------

2025-10-09 13:18:15   Using standard absorber for unconsidered modes at port 1.

                      ------------------------------------------------------------------------------
2025-10-09 13:19:01   
                      --------------------------------------------------------------------------------
2025-10-09 13:19:01   Steady state energy criterion met, solver finished successfully.

                      ------------------------------------------------------------------------------
2025-10-09 13:19:01   Frequency domain results normalized to default signal.


                      ------------------------------------------------------------------------------
2025-10-09 13:19:01   
                        ----------------------------------------------------------------------------
                                            Peak memory used (kB)         Free physical memory (kB) 
                                                                          At begin     Minimum      
                        ----------------------------------------------------------------------------
                        Matrices calc.      77148                         1989257      1206054      
                        Solver run total    75408                         2154436      1912484      
                        ----------------------------------------------------------------------------

                      --------------------------------------------------------------------------------
                      Solver Statistics:

                        Hardware:
                           Computer name:                 	Heu 

                           Number of CPU threads:               4
                           Hardware info:                  	Hardware Accelerator Device not activated

                        Number of mesh cells:             	54144
                        Excitation duration:              	1.77727437e+001 ns 
                        Calculation time for excitation:  	0 	s
                        Number of calculated pulse widths:	1.14232 
                        Steady state accuracy limit:      	-40	dB 
                        Simulated number of time steps:   	7520 
                        Maximum number of time steps:     	131661 
                        Time step width:
                           without subcycles:             	2.699765593e-003 ns
                           used:                          	2.699765593e-003 ns

                        Matrix calculation time:          	22 	s
                        Solver setup time:                	12 	s
                        Solver loop time:                 	39 	s
                        Solver post-processing time:      	2 	s
                                                          	------------
                        Total solver time:                	75 	s  ( = 0 h, 1 m, 15 s )

                      ------------------------------------------------------------------------------
2025-10-09 13:19:02   
                        Adaptive port meshing time:          	40     	s
                        Total solver time (all cycles):      	75     	s  ( = 0 h, 1 m, 15 s )
                        Solver initialization and clean-up:  	1      	s
                                                             	------------
                        Total simulation time:               	116    	s  ( = 0 h, 1 m, 56 s )

                      ------------------------------------------------------------------------------
2025-10-09 13:19:02   Solver finished at: 2025-10-09 13:19:02 +0200



                      ------------------------------------------------------------------------------
2025-10-09 13:19:05   Creating parametric 1D results for Run ID 2

                      ------------------------------------------------------------------------------
