2025-10-23 11:17:32   Build version: 2025.4 Release from 2025-04-11 (change 1409410)

2025-10-23 11:17:32   Starting adaptive port meshing.

                      ------------------------------------------------------------------------------
2025-10-23 11:17:32   Mode calculation for port 1:

                      ------------------------------------------------------------------------------
2025-10-23 11:17:32   According to the selected features the <Time Domain Solver (HEX)> will be
                      started.

                      ------------------------------------------------------------------------------
2025-10-23 11:17:33   

                      ------------------------------------------------------------------------------
2025-10-23 11:17:33   

                      ------------------------------------------------------------------------------
2025-10-23 11:17:37   Using Generalized port mode solver.

                      ------------------------------------------------------------------------------
2025-10-23 11:17:37   Using electric shielding for port 1.

                      ------------------------------------------------------------------------------
2025-10-23 11:17:39   Port mode solver: Detected dispersive material(s) at port 1. 
                      Using a constant approximation of dispersive material(s) at 2.4 GHz and neglecting loss terms.  More...

                      ------------------------------------------------------------------------------
2025-10-23 11:17:39     -------------------------------- F-Calc 2.4 --------------------------------
                        Port   Mode   Type        Z-Wave        Z-Wave-Sigma  Z-Line        F-Cutoff
                        1      1      QTEM        208           3.08e-010     48.5          ---
                        ----------------------------------------------------------------------------

2025-10-23 11:17:41   Pass 1 successfully completed. 
2025-10-23 11:17:41   According to the selected features the <Time Domain Solver (HEX)> will be
                      started.

                      ------------------------------------------------------------------------------
2025-10-23 11:17:42   

                      ------------------------------------------------------------------------------
2025-10-23 11:17:42   

                      ------------------------------------------------------------------------------
2025-10-23 11:17:50     -------------------------------- F-Calc 2.4 --------------------------------
                        Port   Mode   Type        Z-Wave        Z-Wave-Sigma  Z-Line        F-Cutoff
                        1      1      QTEM        247           6.21e-008     48.7          ---
                        ----------------------------------------------------------------------------

2025-10-23 11:17:52   Pass 2 successfully completed. Delta (Line Imp.): 0.48%
2025-10-23 11:17:52   According to the selected features the <Time Domain Solver (HEX)> will be
                      started.

                      ------------------------------------------------------------------------------
2025-10-23 11:17:52   

                      ------------------------------------------------------------------------------
2025-10-23 11:17:52   

                      ------------------------------------------------------------------------------
2025-10-23 11:18:01     -------------------------------- F-Calc 2.4 --------------------------------
                        Port   Mode   Type        Z-Wave        Z-Wave-Sigma  Z-Line        F-Cutoff
                        1      1      QTEM        250           1.16e-008     48.9          ---
                        ----------------------------------------------------------------------------

2025-10-23 11:18:03   Pass 3 successfully completed. Delta (Line Imp.): 0.29%
2025-10-23 11:18:03   Adaptive port meshing finished. 

                      ------------------------------------------------------------------------------
2025-10-23 11:18:04   The following farfield monitor(s) have been adjusted to model box [-29.1737,
                      29.1737, -31.22, 27.0737, -3.44871, 13.2535]:
                        farfield (f=2.4417).
                      For further information please check the page "Special Solver Parameters -
                      Solver" in the Online Help.

                      ------------------------------------------------------------------------------
2025-10-23 11:18:04   According to the selected features the <Time Domain Solver (HEX)> will be
                      started.

                      ------------------------------------------------------------------------------
2025-10-23 11:18:05   
                      Solver started at: 2025-10-23 11:18:05 +0200

                        Module:  Time Domain: S-Parameter (Win 64)
                        Version: 2025.4 Release from 2025-04-11 (change 1409410)

2025-10-23 11:18:05   

                      ------------------------------------------------------------------------------
2025-10-23 11:18:05   

                      ------------------------------------------------------------------------------
2025-10-23 11:18:05   ======================================================================
                       Solver cycle: 1
                      ======================================================================

                      Stimulation at port 1 (mode 1) 



                      ------------------------------------------------------------------------------
2025-10-23 11:18:05   Units settings: 

                        Dimensions: mm
                        Frequency:  GHz
                        Time:       ns

                      ------------------------------------------------------------------------------
2025-10-23 11:18:05   The dispersive material update [Automatic] will be performed using the "Standard" update schema

                      ------------------------------------------------------------------------------
2025-10-23 11:18:21   Mesh statistics:

                         Hexahedral mesh type: Perfect Boundary Approximation (PBA)
                            Version: default

                         Parallelization type: domain decomposition
                            Number of parallel working threads: 2
                            Number of calculation domains used: 2

                         Used point accuracy enhancement value: 65.00%.
                         Acceleration mode: CPU
                         PBA fill limit: 99.00% (inverse)
                         Used point accuracy enhancement value: 64.00%.
2025-10-23 09:39:11      current system memory usage reached 80%
2025-10-23 09:40:45      current system memory usage reached 80%
2025-10-23 09:43:55      current system memory usage reached 80%
2025-10-23 09:45:26      current system memory usage reached 80%
2025-10-23 09:47:00      current system memory usage reached 80%
2025-10-23 09:47:01      current system memory usage reached 80%
2025-10-23 09:48:58      current system memory usage reached 80%
                         Used point accuracy enhancement value: 66.00%.
                         Used point accuracy enhancement value: 75.00%.
                         Used point accuracy enhancement value: 67.00%.
                         Used point accuracy enhancement value: 68.00%.

2025-10-23 09:24:45      *** Warning ***  current system memory usage reached 85% (14 GB)

2025-10-23 09:58:19      *** Warning ***  current system memory usage reached 85% (14 GB)

2025-10-23 10:31:18      *** Warning ***  current system memory usage reached 85% (14 GB)

2025-10-23 10:57:59      *** Warning ***  current system memory usage reached 85% (14 GB)

2025-10-23 10:57:58      *** Warning ***  current system memory usage reached 85% (14 GB)

2025-10-23 11:12:27      *** Warning ***  current system memory usage reached 85% (14 GB)

2025-10-23 11:12:26      *** Warning ***  current system memory usage reached 85% (14 GB)


2025-10-23 11:18:25   Using Generalized port mode solver.

                      ------------------------------------------------------------------------------
2025-10-23 11:18:25   Using electric shielding for port 1.

                      ------------------------------------------------------------------------------
2025-10-23 11:18:27   Port mode solver: Detected dispersive material(s) at port 1. 
                      Using a constant approximation of dispersive material(s) at 2.4 GHz and neglecting loss terms.  More...

                      ------------------------------------------------------------------------------
2025-10-23 11:18:27   Boundary conditions: 

                        YZsymmetry: none
                        XZsymmetry: none
                        XYsymmetry: none

                        Xmin: expanded open, 4 Layer, depth 31.5218 mm
                        Xmax: expanded open, 4 Layer, depth 31.5218 mm

                        Ymin: expanded open, 4 Layer, depth 35.9731 mm
                        Ymax: expanded open, 4 Layer, depth 31.5218 mm

                        Zmin: expanded open, 4 Layer, depth 31.7706 mm
                        Zmax: expanded open, 4 Layer, depth 37.6656 mm

                        PML-Type: Convolution PML

                      ------------------------------------------------------------------------------
2025-10-23 11:18:27   Frequency settings: 

                        Fmin:         2.2
                        Fmax:         2.6
                        Nfsteps(lin): 1001

                      ------------------------------------------------------------------------------
2025-10-23 11:18:28   Field update statistics:

                        Number of components in total: 	531743
                        Number of TST and special elements:	404
                        Number of lossy metal components:	10052
                        Number of disp. elements:		10264

                      Subcycling state:      			Automatically deactivated

                      ------------------------------------------------------------------------------
2025-10-23 11:18:29   Waveguide boundaries:

2025-10-23 11:18:29   Port: 1

2025-10-23 11:18:29     -------------------------------- F-Calc 2.4 --------------------------------
                        Port   Mode   Type        Z-Wave        Z-Wave-Sigma  Z-Line        F-Cutoff
                        1      1      QTEM        208           3.24e-010     48.9          ---
                        ----------------------------------------------------------------------------

2025-10-23 11:18:29   Using standard absorber for unconsidered modes at port 1.

                      ------------------------------------------------------------------------------
2025-10-23 11:19:22   
                      --------------------------------------------------------------------------------
2025-10-23 11:19:22   Steady state energy criterion met, solver finished successfully.

                      ------------------------------------------------------------------------------
2025-10-23 11:19:22   Frequency domain results normalized to default signal.


                      ------------------------------------------------------------------------------
2025-10-23 11:19:22   
                        ----------------------------------------------------------------------------
                                            Peak memory used (kB)         Free physical memory (kB) 
                                                                          At begin     Minimum      
                        ----------------------------------------------------------------------------
                        Matrices calc.      147285                        1989257      1206054      
                        Solver run total    88848                         2931072      2789672      
                        ----------------------------------------------------------------------------

                      --------------------------------------------------------------------------------
                      Solver Statistics:

                        Hardware:
                           Computer name:                 	Heu 

                           Number of CPU threads:               4
                           Hardware info:                  	Hardware Accelerator Device not activated

                        Number of mesh cells:             	85330
                        Excitation duration:              	1.77727437e+001 ns 
                        Calculation time for excitation:  	0 	s
                        Number of calculated pulse widths:	1.02125 
                        Steady state accuracy limit:      	-40	dB 
                        Simulated number of time steps:   	12922 
                        Maximum number of time steps:     	253062 
                        Time step width:
                           without subcycles:             	1.404613552e-003 ns
                           used:                          	1.404613552e-003 ns

                        Matrix calculation time:          	16 	s
                        Solver setup time:                	14 	s
                        Solver loop time:                 	44 	s
                        Solver post-processing time:      	2 	s
                                                          	------------
                        Total solver time:                	76 	s  ( = 0 h, 1 m, 16 s )

                      ------------------------------------------------------------------------------
2025-10-23 11:19:23   
                        Adaptive port meshing time:          	33     	s
                        Total solver time (all cycles):      	76     	s  ( = 0 h, 1 m, 16 s )
                        Solver initialization and clean-up:  	2      	s
                                                             	------------
                        Total simulation time:               	111    	s  ( = 0 h, 1 m, 51 s )

                      ------------------------------------------------------------------------------
2025-10-23 11:19:23   Solver finished at: 2025-10-23 11:19:23 +0200



                      ------------------------------------------------------------------------------
2025-10-23 11:19:25   Creating parametric 1D results for Run ID 12

                      ------------------------------------------------------------------------------
