Port monitor named: Port1_h1.prt

nx        = 37
ny        = 4
nz        = 19

nu        = 17
nv        = 35
iu        = 2
iv        = 2

idir      = 1
dcut      = -4.800000e-002
icut      = 2
type      = 1
frequency = 2.400000e+009

fcutoff   = 0.000000e+000
alpha     = 0.000000e+000
beta      = 9.599051e+001
accuracy  = 1.438673e-009

type          = QTEM
wave imp.     = 2.480172e+002
wave imp.sig. = 2.369209e-008
line imp.     = 3.206307e+001

ref. port     = 0

-0.000000e+000  1.910261e-002  3.778621e-002  5.565317e-002  7.234669e-002  8.956223e-002  1.047082e-001  1.175946e-001  1.281437e-001  1.363789e-001  1.424093e-001  1.464102e-001  1.486036e-001  1.483175e-001  1.439474e-001  1.234726e-001  1.077567e-001  
-0.000000e+000  7.047653e-002  1.388553e-001  2.031845e-001  2.617881e-001  3.199844e-001  3.684665e-001  4.067751e-001  4.350597e-001  4.539542e-001  4.644328e-001  4.676716e-001  4.649305e-001  4.452686e-001  4.158774e-001  3.300640e-001  2.761590e-001  
-0.000000e+000  1.622612e-001  3.174846e-001  4.592976e-001  5.825832e-001  6.963560e-001  7.809656e-001  8.371551e-001  8.676698e-001  8.764305e-001  8.678007e-001  8.460563e-001  8.150636e-001  7.352469e-001  6.508961e-001  4.694082e-001  3.741918e-001  
-0.000000e+000  3.318776e-001  6.432462e-001  9.157546e-001  1.135483e+000  1.312791e+000  1.415206e+000  1.452480e+000  1.438941e+000  1.389473e+000  1.317114e+000  1.232149e+000  1.142116e+000  9.625373e-001  8.042580e-001  5.306313e-001  4.055356e-001  
-0.000000e+000  5.465004e-001  1.052795e+000  1.481244e+000  1.802047e+000  2.020237e+000  2.097157e+000  2.066409e+000  1.965733e+000  1.826674e+000  1.671651e+000  1.514950e+000  1.364898e+000  1.098034e+000  8.829240e-001  5.508892e-001  4.098693e-001  
-0.000000e+000  8.360615e-001  1.609247e+000  2.250109e+000  2.690146e+000  2.905035e+000  2.873306e+000  2.692582e+000  2.445119e+000  2.182166e+000  1.930089e+000  1.700120e+000  1.495571e+000  1.161707e+000  9.089888e-001  5.467304e-001  3.997397e-001  
-0.000000e+000  1.049722e+000  2.028873e+000  2.844050e+000  3.379977e+000  3.560674e+000  3.407573e+000  3.091270e+000  2.728924e+000  2.379274e+000  2.065003e+000  1.791202e+000  1.555737e+000  1.186465e+000  9.150913e-001  5.397293e-001  3.908748e-001  
-0.000000e+000  1.318585e+000  2.576866e+000  3.656752e+000  4.348311e+000  4.423257e+000  4.044438e+000  3.520716e+000  3.007295e+000  2.556796e+000  2.176950e+000  1.860391e+000  1.596526e+000  1.197281e+000  9.113321e-001  5.278509e-001  3.788466e-001  
-0.000000e+000  1.634518e+000  3.264423e+000  4.773740e+000  5.778757e+000  5.566807e+000  4.773266e+000  3.946864e+000  3.249788e+000  2.693330e+000  2.252089e+000  1.898971e+000  1.612510e+000  1.191813e+000  8.967243e-001  5.109271e-001  3.636413e-001  
-0.000000e+000  1.905902e+000  3.928968e+000  6.059539e+000  7.743143e+000  6.845327e+000  5.413526e+000  4.244904e+000  3.385290e+000  2.751528e+000  2.271833e+000  1.898526e+000  1.600911e+000  1.171714e+000  8.744623e-001  4.921752e-001  3.480338e-001  
-0.000000e+000  2.084084e+000  4.434585e+000  7.290702e+000  1.025785e+001  8.061780e+000  5.864419e+000  4.399587e+000  3.430625e+000  2.754430e+000  2.257148e+000  1.876255e+000  1.575425e+000  1.145750e+000  8.502777e-001  4.742111e-001  3.336573e-001  
-0.000000e+000  2.159235e+000  4.744606e+000  8.478150e+000  1.454694e+001  9.281986e+000  6.098091e+000  4.407404e+000  3.389597e+000  2.704828e+000  2.208503e+000  1.830757e+000  1.533406e+000  1.110204e+000  8.202127e-001  4.537625e-001  3.177998e-001  
-0.000000e+000  2.069727e+000  4.611103e+000  8.763665e+000  2.271063e+001  9.881996e+000  5.886524e+000  4.215279e+000  3.250114e+000  2.599847e+000  2.125220e+000  1.761915e+000  1.474884e+000  1.065135e+000  7.843263e-001  4.308821e-001  3.005075e-001  
-0.000000e+000  1.751810e+000  3.726979e+000  6.242947e+000  -0.000000e+000  6.196454e+000  4.826347e+000  3.744799e+000  2.978011e+000  2.416656e+000  1.989755e+000  1.655464e+000  1.387914e+000  1.001613e+000  7.357091e-001  4.013582e-001  2.786631e-001  
-0.000000e+000  1.232565e+000  2.338887e+000  2.764121e+000  -0.000000e+000  3.212153e+000  3.460315e+000  3.039242e+000  2.557963e+000  2.136247e+000  1.786222e+000  1.498844e+000  1.262635e+000  9.134003e-001  6.703778e-001  3.635335e-001  2.513127e-001  
-0.000000e+000  5.844927e-001  9.637835e-001  8.594010e-001  -0.000000e+000  1.350565e+000  1.955773e+000  2.032963e+000  1.882655e+000  1.660126e+000  1.432326e+000  1.224264e+000  1.042967e+000  7.606599e-001  5.592083e-001  3.012640e-001  2.070849e-001  
-0.000000e+000  6.995105e-002  1.049991e-001  8.041472e-002  -0.000000e+000  2.565174e-001  4.557299e-001  5.628510e-001  5.974613e-001  5.847750e-001  5.454714e-001  4.938652e-001  4.389401e-001  3.348350e-001  2.516379e-001  1.353110e-001  9.207509e-002  
-0.000000e+000  -6.995105e-002  -1.049991e-001  -8.041472e-002  -0.000000e+000  -2.565174e-001  -4.557299e-001  -5.628510e-001  -5.974613e-001  -5.847750e-001  -5.454714e-001  -4.938652e-001  -4.389401e-001  -3.348350e-001  -2.516379e-001  -1.353110e-001  -9.207509e-002  
-0.000000e+000  -5.844927e-001  -9.637835e-001  -8.594010e-001  -0.000000e+000  -1.350565e+000  -1.955773e+000  -2.032963e+000  -1.882655e+000  -1.660126e+000  -1.432326e+000  -1.224264e+000  -1.042967e+000  -7.606599e-001  -5.592083e-001  -3.012640e-001  -2.070849e-001  
-0.000000e+000  -1.232565e+000  -2.338887e+000  -2.764121e+000  -0.000000e+000  -3.212153e+000  -3.460315e+000  -3.039242e+000  -2.557963e+000  -2.136247e+000  -1.786222e+000  -1.498844e+000  -1.262635e+000  -9.134003e-001  -6.703778e-001  -3.635335e-001  -2.513127e-001  
-0.000000e+000  -1.751810e+000  -3.726979e+000  -6.242947e+000  -0.000000e+000  -6.196454e+000  -4.826347e+000  -3.744799e+000  -2.978011e+000  -2.416656e+000  -1.989755e+000  -1.655464e+000  -1.387914e+000  -1.001613e+000  -7.357091e-001  -4.013582e-001  -2.786631e-001  
-0.000000e+000  -2.069727e+000  -4.611103e+000  -8.763665e+000  -2.271063e+001  -9.881996e+000  -5.886524e+000  -4.215279e+000  -3.250114e+000  -2.599847e+000  -2.125220e+000  -1.761914e+000  -1.474884e+000  -1.065135e+000  -7.843263e-001  -4.308822e-001  -3.005075e-001  
-0.000000e+000  -2.159235e+000  -4.744606e+000  -8.478150e+000  -1.454694e+001  -9.281986e+000  -6.098091e+000  -4.407404e+000  -3.389597e+000  -2.704828e+000  -2.208503e+000  -1.830757e+000  -1.533406e+000  -1.110204e+000  -8.202127e-001  -4.537624e-001  -3.177998e-001  
-0.000000e+000  -2.084084e+000  -4.434585e+000  -7.290702e+000  -1.025785e+001  -8.061780e+000  -5.864420e+000  -4.399587e+000  -3.430625e+000  -2.754430e+000  -2.257148e+000  -1.876254e+000  -1.575425e+000  -1.145750e+000  -8.502778e-001  -4.742110e-001  -3.336573e-001  
-0.000000e+000  -1.905902e+000  -3.928968e+000  -6.059539e+000  -7.743143e+000  -6.845327e+000  -5.413526e+000  -4.244904e+000  -3.385290e+000  -2.751529e+000  -2.271833e+000  -1.898526e+000  -1.600911e+000  -1.171714e+000  -8.744622e-001  -4.921752e-001  -3.480338e-001  
-0.000000e+000  -1.634518e+000  -3.264423e+000  -4.773740e+000  -5.778757e+000  -5.566807e+000  -4.773266e+000  -3.946864e+000  -3.249788e+000  -2.693330e+000  -2.252089e+000  -1.898971e+000  -1.612510e+000  -1.191813e+000  -8.967243e-001  -5.109271e-001  -3.636413e-001  
-0.000000e+000  -1.318585e+000  -2.576866e+000  -3.656752e+000  -4.348311e+000  -4.423257e+000  -4.044438e+000  -3.520716e+000  -3.007295e+000  -2.556796e+000  -2.176950e+000  -1.860391e+000  -1.596526e+000  -1.197281e+000  -9.113321e-001  -5.278509e-001  -3.788466e-001  
-0.000000e+000  -1.049722e+000  -2.028873e+000  -2.844050e+000  -3.379977e+000  -3.560674e+000  -3.407573e+000  -3.091270e+000  -2.728924e+000  -2.379274e+000  -2.065003e+000  -1.791202e+000  -1.555737e+000  -1.186465e+000  -9.150913e-001  -5.397293e-001  -3.908748e-001  
-0.000000e+000  -8.360615e-001  -1.609247e+000  -2.250109e+000  -2.690146e+000  -2.905035e+000  -2.873306e+000  -2.692582e+000  -2.445119e+000  -2.182166e+000  -1.930089e+000  -1.700120e+000  -1.495571e+000  -1.161707e+000  -9.089888e-001  -5.467304e-001  -3.997397e-001  
-0.000000e+000  -5.465003e-001  -1.052795e+000  -1.481244e+000  -1.802047e+000  -2.020237e+000  -2.097157e+000  -2.066409e+000  -1.965733e+000  -1.826674e+000  -1.671651e+000  -1.514950e+000  -1.364898e+000  -1.098034e+000  -8.829240e-001  -5.508891e-001  -4.098693e-001  
-0.000000e+000  -3.318776e-001  -6.432462e-001  -9.157546e-001  -1.135483e+000  -1.312791e+000  -1.415206e+000  -1.452480e+000  -1.438941e+000  -1.389473e+000  -1.317114e+000  -1.232149e+000  -1.142116e+000  -9.625373e-001  -8.042580e-001  -5.306313e-001  -4.055356e-001  
-0.000000e+000  -1.622612e-001  -3.174846e-001  -4.592976e-001  -5.825832e-001  -6.963560e-001  -7.809656e-001  -8.371551e-001  -8.676698e-001  -8.764305e-001  -8.678007e-001  -8.460563e-001  -8.150636e-001  -7.352469e-001  -6.508961e-001  -4.694082e-001  -3.741918e-001  
-0.000000e+000  -7.047652e-002  -1.388553e-001  -2.031845e-001  -2.617881e-001  -3.199844e-001  -3.684665e-001  -4.067751e-001  -4.350597e-001  -4.539542e-001  -4.644328e-001  -4.676716e-001  -4.649305e-001  -4.452686e-001  -4.158774e-001  -3.300640e-001  -2.761590e-001  
-0.000000e+000  -1.910261e-002  -3.778621e-002  -5.565317e-002  -7.234669e-002  -8.956223e-002  -1.047082e-001  -1.175946e-001  -1.281437e-001  -1.363789e-001  -1.424093e-001  -1.464102e-001  -1.486036e-001  -1.483175e-001  -1.439474e-001  -1.234726e-001  -1.077567e-001  
-0.000000e+000  -0.000000e+000  -0.000000e+000  -0.000000e+000  -0.000000e+000  -0.000000e+000  -0.000000e+000  -0.000000e+000  -0.000000e+000  -0.000000e+000  -0.000000e+000  -0.000000e+000  -0.000000e+000  -0.000000e+000  -0.000000e+000  -0.000000e+000  -0.000000e+000  

-1.048596e+000  -1.041859e+000  -1.028509e+000  -1.008787e+000  -9.838779e-001  -9.544053e-001  -9.201859e-001  -8.819315e-001  -8.403771e-001  -7.962497e-001  -7.502414e-001  -7.029890e-001  -6.310944e-001  -5.354539e-001  -3.716232e-001  -1.263535e-001  -0.000000e+000  
-1.218082e+000  -1.208128e+000  -1.188502e+000  -1.159744e+000  -1.123054e+000  -1.079311e+000  -1.029483e+000  -9.750213e-001  -9.173333e-001  -8.577142e-001  -7.973003e-001  -7.370442e-001  -6.480407e-001  -5.365237e-001  -3.560377e-001  -1.158806e-001  -0.000000e+000  
-1.646558e+000  -1.625388e+000  -1.584083e+000  -1.524612e+000  -1.448394e+000  -1.357890e+000  -1.258948e+000  -1.155859e+000  -1.052299e+000  -9.511736e-001  -8.545874e-001  -7.639184e-001  -6.379377e-001  -4.983869e-001  -2.979863e-001  -8.814949e-002  -0.000000e+000  
-2.467844e+000  -2.414540e+000  -2.311945e+000  -2.167645e+000  -1.985100e+000  -1.774529e+000  -1.558107e+000  -1.348207e+000  -1.153293e+000  -9.781312e-001  -8.245635e-001  -6.924060e-001  -5.241541e-001  -3.673630e-001  -1.790743e-001  -4.325678e-002  -0.000000e+000  
-3.271420e+000  -3.172074e+000  -2.982180e+000  -2.719160e+000  -2.392519e+000  -2.030373e+000  -1.681417e+000  -1.367203e+000  -1.097402e+000  -8.732313e-001  -6.911514e-001  -5.455949e-001  -3.731003e-001  -2.320168e-001  -8.529473e-002  -1.306149e-002  -0.000000e+000  
-4.566299e+000  -4.377096e+000  -4.013146e+000  -3.509224e+000  -2.892404e+000  -2.245975e+000  -1.678884e+000  -1.221090e+000  -8.702145e-001  -6.095714e-001  -4.196172e-001  -2.830371e-001  -1.377317e-001  -4.168747e-002  3.091993e-002  2.145348e-002  -0.000000e+000  
-5.339665e+000  -5.094908e+000  -4.613964e+000  -3.932330e+000  -3.091910e+000  -2.249504e+000  -1.562830e+000  -1.049969e+000  -6.843617e-001  -4.298855e-001  -2.551483e-001  -1.366214e-001  -1.832300e-002  4.849171e-002  8.176078e-002  3.583077e-002  -0.000000e+000  
-6.304071e+000  -5.997084e+000  -5.371369e+000  -4.442880e+000  -3.266984e+000  -2.159812e+000  -1.341927e+000  -7.897845e-001  -4.312021e-001  -2.018534e-001  -5.655826e-002  3.390703e-002  1.149552e-001  1.460362e-001  1.347148e-001  5.044595e-002  -0.000000e+000  
-7.508188e+000  -7.148271e+000  -6.365403e+000  -5.093935e+000  -3.361782e+000  -1.895236e+000  -9.598234e-001  -4.120281e-001  -9.946160e-002  7.735461e-002  1.754789e-001  2.267211e-001  2.600883e-001  2.494319e-001  1.890553e-001  6.512537e-002  -0.000000e+000  
-8.993315e+000  -8.630094e+000  -7.741860e+000  -6.025453e+000  -3.234738e+000  -1.307807e+000  -3.417443e-001  1.090774e-001  3.151233e-001  4.047008e-001  4.363054e-001  4.374423e-001  4.138649e-001  3.566392e-001  2.439299e-001  7.967872e-002  -0.000000e+000  
-1.020259e+001  -9.912863e+000  -9.092877e+000  -7.101075e+000  -2.771468e+000  -5.471903e-001  2.786520e-001  5.633237e-001  6.481446e-001  6.553557e-001  6.303596e-001  5.914375e-001  5.241625e-001  4.325394e-001  2.821286e-001  8.967957e-002  -0.000000e+000  
-1.152242e+001  -1.139900e+001  -1.089487e+001  -8.975008e+000  -1.598153e+000  6.325633e-001  1.061452e+000  1.077737e+000  1.004710e+000  9.159426e-001  8.288535e-001  7.474574e-001  6.348234e-001  5.081432e-001  3.197776e-001  9.944749e-002  -0.000000e+000  
-1.288846e+001  -1.303064e+001  -1.324172e+001  -1.277613e+001  1.255293e+000  2.352917e+000  1.968428e+000  1.619383e+000  1.366417e+000  1.176409e+000  1.025986e+000  9.018982e-001  7.439878e-001  5.824667e-001  3.565240e-001  1.089102e-001  -0.000000e+000  
-1.419811e+001  -1.463413e+001  -1.584802e+001  -1.931331e+001  1.026949e+001  4.518712e+000  2.865598e+000  2.132894e+000  1.709814e+000  1.425496e+000  1.215651e+000  1.051074e+000  8.497874e-001  6.545259e-001  3.920154e-001  1.179959e-001  -0.000000e+000  
-1.568669e+001  -1.630965e+001  -1.797582e+001  -2.215388e+001  9.563146e+000  5.497291e+000  3.636979e+000  2.676853e+000  2.105869e+000  1.725209e+000  1.449328e+000  1.237383e+000  9.835293e-001  7.460585e-001  4.370691e-001  1.294699e-001  -0.000000e+000  
-1.674030e+001  -1.725888e+001  -1.835948e+001  -1.988440e+001  6.982871e+000  5.292226e+000  3.926307e+000  3.013254e+000  2.401006e+000  1.969790e+000  1.649662e+000  1.401619e+000  1.104411e+000  8.297597e-001  4.784641e-001  1.399777e-001  -0.000000e+000  
-1.775879e+001  -1.793644e+001  -1.823296e+001  -1.850196e+001  4.797804e+000  4.369380e+000  3.782141e+000  3.206856e+000  2.704206e+000  2.283913e+000  1.937578e+000  1.652620e+000  1.299535e+000  9.685251e-001  5.481494e-001  1.576436e-001  -0.000000e+000  
-1.809520e+001  -1.812910e+001  -1.817999e+001  -1.821897e+001  3.754099e+000  3.613213e+000  3.362965e+000  3.053988e+000  2.726140e+000  2.405407e+000  2.106404e+000  1.835877e+000  1.475507e+000  1.109723e+000  6.260569e-001  1.777914e-001  -0.000000e+000  
-1.775879e+001  -1.793644e+001  -1.823296e+001  -1.850196e+001  4.797804e+000  4.369380e+000  3.782141e+000  3.206856e+000  2.704206e+000  2.283913e+000  1.937578e+000  1.652620e+000  1.299535e+000  9.685251e-001  5.481494e-001  1.576436e-001  -0.000000e+000  
-1.674030e+001  -1.725888e+001  -1.835948e+001  -1.988440e+001  6.982871e+000  5.292226e+000  3.926307e+000  3.013254e+000  2.401006e+000  1.969790e+000  1.649662e+000  1.401619e+000  1.104411e+000  8.297597e-001  4.784641e-001  1.399777e-001  -0.000000e+000  
-1.568669e+001  -1.630965e+001  -1.797582e+001  -2.215388e+001  9.563146e+000  5.497291e+000  3.636979e+000  2.676853e+000  2.105869e+000  1.725209e+000  1.449328e+000  1.237383e+000  9.835293e-001  7.460585e-001  4.370691e-001  1.294699e-001  -0.000000e+000  
-1.419811e+001  -1.463413e+001  -1.584802e+001  -1.931331e+001  1.026949e+001  4.518712e+000  2.865598e+000  2.132894e+000  1.709814e+000  1.425496e+000  1.215651e+000  1.051074e+000  8.497874e-001  6.545259e-001  3.920154e-001  1.179959e-001  -0.000000e+000  
-1.288846e+001  -1.303064e+001  -1.324172e+001  -1.277613e+001  1.255293e+000  2.352917e+000  1.968428e+000  1.619383e+000  1.366417e+000  1.176409e+000  1.025986e+000  9.018983e-001  7.439878e-001  5.824667e-001  3.565240e-001  1.089102e-001  -0.000000e+000  
-1.152242e+001  -1.139900e+001  -1.089487e+001  -8.975008e+000  -1.598152e+000  6.325633e-001  1.061452e+000  1.077737e+000  1.004710e+000  9.159427e-001  8.288535e-001  7.474574e-001  6.348234e-001  5.081432e-001  3.197776e-001  9.944749e-002  -0.000000e+000  
-1.020259e+001  -9.912863e+000  -9.092877e+000  -7.101075e+000  -2.771468e+000  -5.471904e-001  2.786520e-001  5.633237e-001  6.481446e-001  6.553557e-001  6.303596e-001  5.914375e-001  5.241625e-001  4.325394e-001  2.821286e-001  8.967957e-002  -0.000000e+000  
-8.993315e+000  -8.630094e+000  -7.741860e+000  -6.025453e+000  -3.234738e+000  -1.307807e+000  -3.417442e-001  1.090774e-001  3.151233e-001  4.047007e-001  4.363054e-001  4.374423e-001  4.138649e-001  3.566392e-001  2.439299e-001  7.967872e-002  -0.000000e+000  
-7.508188e+000  -7.148271e+000  -6.365403e+000  -5.093935e+000  -3.361782e+000  -1.895236e+000  -9.598234e-001  -4.120281e-001  -9.946161e-002  7.735463e-002  1.754789e-001  2.267211e-001  2.600883e-001  2.494319e-001  1.890553e-001  6.512537e-002  -0.000000e+000  
-6.304071e+000  -5.997084e+000  -5.371369e+000  -4.442880e+000  -3.266984e+000  -2.159812e+000  -1.341926e+000  -7.897845e-001  -4.312021e-001  -2.018534e-001  -5.655826e-002  3.390701e-002  1.149552e-001  1.460362e-001  1.347148e-001  5.044595e-002  -0.000000e+000  
-5.339665e+000  -5.094908e+000  -4.613964e+000  -3.932330e+000  -3.091910e+000  -2.249504e+000  -1.562831e+000  -1.049969e+000  -6.843617e-001  -4.298855e-001  -2.551484e-001  -1.366214e-001  -1.832300e-002  4.849171e-002  8.176078e-002  3.583078e-002  -0.000000e+000  
-4.566299e+000  -4.377096e+000  -4.013146e+000  -3.509224e+000  -2.892404e+000  -2.245975e+000  -1.678884e+000  -1.221090e+000  -8.702145e-001  -6.095714e-001  -4.196172e-001  -2.830372e-001  -1.377317e-001  -4.168747e-002  3.091994e-002  2.145348e-002  -0.000000e+000  
-3.271420e+000  -3.172074e+000  -2.982180e+000  -2.719160e+000  -2.392519e+000  -2.030373e+000  -1.681417e+000  -1.367203e+000  -1.097402e+000  -8.732313e-001  -6.911514e-001  -5.455949e-001  -3.731003e-001  -2.320168e-001  -8.529473e-002  -1.306149e-002  -0.000000e+000  
-2.467844e+000  -2.414540e+000  -2.311945e+000  -2.167645e+000  -1.985100e+000  -1.774529e+000  -1.558107e+000  -1.348207e+000  -1.153293e+000  -9.781312e-001  -8.245635e-001  -6.924060e-001  -5.241541e-001  -3.673630e-001  -1.790743e-001  -4.325678e-002  -0.000000e+000  
-1.646558e+000  -1.625388e+000  -1.584083e+000  -1.524612e+000  -1.448394e+000  -1.357890e+000  -1.258948e+000  -1.155859e+000  -1.052299e+000  -9.511736e-001  -8.545874e-001  -7.639184e-001  -6.379377e-001  -4.983869e-001  -2.979863e-001  -8.814949e-002  -0.000000e+000  
-1.218082e+000  -1.208128e+000  -1.188502e+000  -1.159744e+000  -1.123054e+000  -1.079311e+000  -1.029483e+000  -9.750213e-001  -9.173333e-001  -8.577142e-001  -7.973003e-001  -7.370442e-001  -6.480407e-001  -5.365237e-001  -3.560377e-001  -1.158806e-001  -0.000000e+000  
-1.048596e+000  -1.041859e+000  -1.028509e+000  -1.008787e+000  -9.838779e-001  -9.544053e-001  -9.201859e-001  -8.819315e-001  -8.403771e-001  -7.962497e-001  -7.502414e-001  -7.029890e-001  -6.310944e-001  -5.354539e-001  -3.716232e-001  -1.263535e-001  -0.000000e+000  

0.000000e+000  0.000000e+000  0.000000e+000  0.000000e+000  0.000000e+000  0.000000e+000  0.000000e+000  0.000000e+000  0.000000e+000  0.000000e+000  0.000000e+000  0.000000e+000  0.000000e+000  0.000000e+000  0.000000e+000  0.000000e+000  0.000000e+000  
0.000000e+000  0.000000e+000  0.000000e+000  0.000000e+000  0.000000e+000  0.000000e+000  0.000000e+000  0.000000e+000  0.000000e+000  0.000000e+000  0.000000e+000  0.000000e+000  0.000000e+000  0.000000e+000  0.000000e+000  0.000000e+000  0.000000e+000  
0.000000e+000  0.000000e+000  0.000000e+000  0.000000e+000  0.000000e+000  0.000000e+000  0.000000e+000  0.000000e+000  0.000000e+000  0.000000e+000  0.000000e+000  0.000000e+000  0.000000e+000  0.000000e+000  0.000000e+000  0.000000e+000  0.000000e+000  
0.000000e+000  0.000000e+000  0.000000e+000  0.000000e+000  0.000000e+000  0.000000e+000  0.000000e+000  0.000000e+000  0.000000e+000  0.000000e+000  0.000000e+000  0.000000e+000  0.000000e+000  0.000000e+000  0.000000e+000  0.000000e+000  0.000000e+000  
0.000000e+000  0.000000e+000  0.000000e+000  0.000000e+000  0.000000e+000  0.000000e+000  0.000000e+000  0.000000e+000  0.000000e+000  0.000000e+000  0.000000e+000  0.000000e+000  0.000000e+000  0.000000e+000  0.000000e+000  0.000000e+000  0.000000e+000  
0.000000e+000  0.000000e+000  0.000000e+000  0.000000e+000  0.000000e+000  0.000000e+000  0.000000e+000  0.000000e+000  0.000000e+000  0.000000e+000  0.000000e+000  0.000000e+000  0.000000e+000  0.000000e+000  0.000000e+000  0.000000e+000  0.000000e+000  
0.000000e+000  0.000000e+000  0.000000e+000  0.000000e+000  0.000000e+000  0.000000e+000  0.000000e+000  0.000000e+000  0.000000e+000  0.000000e+000  0.000000e+000  0.000000e+000  0.000000e+000  0.000000e+000  0.000000e+000  0.000000e+000  0.000000e+000  
0.000000e+000  0.000000e+000  0.000000e+000  0.000000e+000  0.000000e+000  0.000000e+000  0.000000e+000  0.000000e+000  0.000000e+000  0.000000e+000  0.000000e+000  0.000000e+000  0.000000e+000  0.000000e+000  0.000000e+000  0.000000e+000  0.000000e+000  
0.000000e+000  0.000000e+000  0.000000e+000  0.000000e+000  0.000000e+000  0.000000e+000  0.000000e+000  0.000000e+000  0.000000e+000  0.000000e+000  0.000000e+000  0.000000e+000  0.000000e+000  0.000000e+000  0.000000e+000  0.000000e+000  0.000000e+000  
0.000000e+000  0.000000e+000  0.000000e+000  0.000000e+000  0.000000e+000  0.000000e+000  0.000000e+000  0.000000e+000  0.000000e+000  0.000000e+000  0.000000e+000  0.000000e+000  0.000000e+000  0.000000e+000  0.000000e+000  0.000000e+000  0.000000e+000  
0.000000e+000  0.000000e+000  0.000000e+000  0.000000e+000  0.000000e+000  0.000000e+000  0.000000e+000  0.000000e+000  0.000000e+000  0.000000e+000  0.000000e+000  0.000000e+000  0.000000e+000  0.000000e+000  0.000000e+000  0.000000e+000  0.000000e+000  
0.000000e+000  0.000000e+000  0.000000e+000  0.000000e+000  0.000000e+000  0.000000e+000  0.000000e+000  0.000000e+000  0.000000e+000  0.000000e+000  0.000000e+000  0.000000e+000  0.000000e+000  0.000000e+000  0.000000e+000  0.000000e+000  0.000000e+000  
0.000000e+000  0.000000e+000  0.000000e+000  0.000000e+000  0.000000e+000  0.000000e+000  0.000000e+000  0.000000e+000  0.000000e+000  0.000000e+000  0.000000e+000  0.000000e+000  0.000000e+000  0.000000e+000  0.000000e+000  0.000000e+000  0.000000e+000  
0.000000e+000  0.000000e+000  0.000000e+000  0.000000e+000  0.000000e+000  0.000000e+000  0.000000e+000  0.000000e+000  0.000000e+000  0.000000e+000  0.000000e+000  0.000000e+000  0.000000e+000  0.000000e+000  0.000000e+000  0.000000e+000  0.000000e+000  
0.000000e+000  0.000000e+000  0.000000e+000  0.000000e+000  0.000000e+000  0.000000e+000  0.000000e+000  0.000000e+000  0.000000e+000  0.000000e+000  0.000000e+000  0.000000e+000  0.000000e+000  0.000000e+000  0.000000e+000  0.000000e+000  0.000000e+000  
0.000000e+000  0.000000e+000  0.000000e+000  0.000000e+000  0.000000e+000  0.000000e+000  0.000000e+000  0.000000e+000  0.000000e+000  0.000000e+000  0.000000e+000  0.000000e+000  0.000000e+000  0.000000e+000  0.000000e+000  0.000000e+000  0.000000e+000  
0.000000e+000  0.000000e+000  0.000000e+000  0.000000e+000  0.000000e+000  0.000000e+000  0.000000e+000  0.000000e+000  0.000000e+000  0.000000e+000  0.000000e+000  0.000000e+000  0.000000e+000  0.000000e+000  0.000000e+000  0.000000e+000  0.000000e+000  
0.000000e+000  0.000000e+000  0.000000e+000  0.000000e+000  0.000000e+000  0.000000e+000  0.000000e+000  0.000000e+000  0.000000e+000  0.000000e+000  0.000000e+000  0.000000e+000  0.000000e+000  0.000000e+000  0.000000e+000  0.000000e+000  0.000000e+000  
0.000000e+000  0.000000e+000  0.000000e+000  0.000000e+000  0.000000e+000  0.000000e+000  0.000000e+000  0.000000e+000  0.000000e+000  0.000000e+000  0.000000e+000  0.000000e+000  0.000000e+000  0.000000e+000  0.000000e+000  0.000000e+000  0.000000e+000  
0.000000e+000  0.000000e+000  0.000000e+000  0.000000e+000  0.000000e+000  0.000000e+000  0.000000e+000  0.000000e+000  0.000000e+000  0.000000e+000  0.000000e+000  0.000000e+000  0.000000e+000  0.000000e+000  0.000000e+000  0.000000e+000  0.000000e+000  
0.000000e+000  0.000000e+000  0.000000e+000  0.000000e+000  0.000000e+000  0.000000e+000  0.000000e+000  0.000000e+000  0.000000e+000  0.000000e+000  0.000000e+000  0.000000e+000  0.000000e+000  0.000000e+000  0.000000e+000  0.000000e+000  0.000000e+000  
0.000000e+000  0.000000e+000  0.000000e+000  0.000000e+000  0.000000e+000  0.000000e+000  0.000000e+000  0.000000e+000  0.000000e+000  0.000000e+000  0.000000e+000  0.000000e+000  0.000000e+000  0.000000e+000  0.000000e+000  0.000000e+000  0.000000e+000  
0.000000e+000  0.000000e+000  0.000000e+000  0.000000e+000  0.000000e+000  0.000000e+000  0.000000e+000  0.000000e+000  0.000000e+000  0.000000e+000  0.000000e+000  0.000000e+000  0.000000e+000  0.000000e+000  0.000000e+000  0.000000e+000  0.000000e+000  
0.000000e+000  0.000000e+000  0.000000e+000  0.000000e+000  0.000000e+000  0.000000e+000  0.000000e+000  0.000000e+000  0.000000e+000  0.000000e+000  0.000000e+000  0.000000e+000  0.000000e+000  0.000000e+000  0.000000e+000  0.000000e+000  0.000000e+000  
0.000000e+000  0.000000e+000  0.000000e+000  0.000000e+000  0.000000e+000  0.000000e+000  0.000000e+000  0.000000e+000  0.000000e+000  0.000000e+000  0.000000e+000  0.000000e+000  0.000000e+000  0.000000e+000  0.000000e+000  0.000000e+000  0.000000e+000  
0.000000e+000  0.000000e+000  0.000000e+000  0.000000e+000  0.000000e+000  0.000000e+000  0.000000e+000  0.000000e+000  0.000000e+000  0.000000e+000  0.000000e+000  0.000000e+000  0.000000e+000  0.000000e+000  0.000000e+000  0.000000e+000  0.000000e+000  
0.000000e+000  0.000000e+000  0.000000e+000  0.000000e+000  0.000000e+000  0.000000e+000  0.000000e+000  0.000000e+000  0.000000e+000  0.000000e+000  0.000000e+000  0.000000e+000  0.000000e+000  0.000000e+000  0.000000e+000  0.000000e+000  0.000000e+000  
0.000000e+000  0.000000e+000  0.000000e+000  0.000000e+000  0.000000e+000  0.000000e+000  0.000000e+000  0.000000e+000  0.000000e+000  0.000000e+000  0.000000e+000  0.000000e+000  0.000000e+000  0.000000e+000  0.000000e+000  0.000000e+000  0.000000e+000  
0.000000e+000  0.000000e+000  0.000000e+000  0.000000e+000  0.000000e+000  0.000000e+000  0.000000e+000  0.000000e+000  0.000000e+000  0.000000e+000  0.000000e+000  0.000000e+000  0.000000e+000  0.000000e+000  0.000000e+000  0.000000e+000  0.000000e+000  
0.000000e+000  0.000000e+000  0.000000e+000  0.000000e+000  0.000000e+000  0.000000e+000  0.000000e+000  0.000000e+000  0.000000e+000  0.000000e+000  0.000000e+000  0.000000e+000  0.000000e+000  0.000000e+000  0.000000e+000  0.000000e+000  0.000000e+000  
0.000000e+000  0.000000e+000  0.000000e+000  0.000000e+000  0.000000e+000  0.000000e+000  0.000000e+000  0.000000e+000  0.000000e+000  0.000000e+000  0.000000e+000  0.000000e+000  0.000000e+000  0.000000e+000  0.000000e+000  0.000000e+000  0.000000e+000  
0.000000e+000  0.000000e+000  0.000000e+000  0.000000e+000  0.000000e+000  0.000000e+000  0.000000e+000  0.000000e+000  0.000000e+000  0.000000e+000  0.000000e+000  0.000000e+000  0.000000e+000  0.000000e+000  0.000000e+000  0.000000e+000  0.000000e+000  
0.000000e+000  0.000000e+000  0.000000e+000  0.000000e+000  0.000000e+000  0.000000e+000  0.000000e+000  0.000000e+000  0.000000e+000  0.000000e+000  0.000000e+000  0.000000e+000  0.000000e+000  0.000000e+000  0.000000e+000  0.000000e+000  0.000000e+000  
0.000000e+000  0.000000e+000  0.000000e+000  0.000000e+000  0.000000e+000  0.000000e+000  0.000000e+000  0.000000e+000  0.000000e+000  0.000000e+000  0.000000e+000  0.000000e+000  0.000000e+000  0.000000e+000  0.000000e+000  0.000000e+000  0.000000e+000  
0.000000e+000  0.000000e+000  0.000000e+000  0.000000e+000  0.000000e+000  0.000000e+000  0.000000e+000  0.000000e+000  0.000000e+000  0.000000e+000  0.000000e+000  0.000000e+000  0.000000e+000  0.000000e+000  0.000000e+000  0.000000e+000  0.000000e+000  

0.000000e+000  0.000000e+000  0.000000e+000  0.000000e+000  0.000000e+000  0.000000e+000  0.000000e+000  0.000000e+000  0.000000e+000  0.000000e+000  0.000000e+000  0.000000e+000  0.000000e+000  0.000000e+000  0.000000e+000  0.000000e+000  0.000000e+000  
0.000000e+000  0.000000e+000  0.000000e+000  0.000000e+000  0.000000e+000  0.000000e+000  0.000000e+000  0.000000e+000  0.000000e+000  0.000000e+000  0.000000e+000  0.000000e+000  0.000000e+000  0.000000e+000  0.000000e+000  0.000000e+000  0.000000e+000  
0.000000e+000  0.000000e+000  0.000000e+000  0.000000e+000  0.000000e+000  0.000000e+000  0.000000e+000  0.000000e+000  0.000000e+000  0.000000e+000  0.000000e+000  0.000000e+000  0.000000e+000  0.000000e+000  0.000000e+000  0.000000e+000  0.000000e+000  
0.000000e+000  0.000000e+000  0.000000e+000  0.000000e+000  0.000000e+000  0.000000e+000  0.000000e+000  0.000000e+000  0.000000e+000  0.000000e+000  0.000000e+000  0.000000e+000  0.000000e+000  0.000000e+000  0.000000e+000  0.000000e+000  0.000000e+000  
0.000000e+000  0.000000e+000  0.000000e+000  0.000000e+000  0.000000e+000  0.000000e+000  0.000000e+000  0.000000e+000  0.000000e+000  0.000000e+000  0.000000e+000  0.000000e+000  0.000000e+000  0.000000e+000  0.000000e+000  0.000000e+000  0.000000e+000  
0.000000e+000  0.000000e+000  0.000000e+000  0.000000e+000  0.000000e+000  0.000000e+000  0.000000e+000  0.000000e+000  0.000000e+000  0.000000e+000  0.000000e+000  0.000000e+000  0.000000e+000  0.000000e+000  0.000000e+000  0.000000e+000  0.000000e+000  
0.000000e+000  0.000000e+000  0.000000e+000  0.000000e+000  0.000000e+000  0.000000e+000  0.000000e+000  0.000000e+000  0.000000e+000  0.000000e+000  0.000000e+000  0.000000e+000  0.000000e+000  0.000000e+000  0.000000e+000  0.000000e+000  0.000000e+000  
0.000000e+000  0.000000e+000  0.000000e+000  0.000000e+000  0.000000e+000  0.000000e+000  0.000000e+000  0.000000e+000  0.000000e+000  0.000000e+000  0.000000e+000  0.000000e+000  0.000000e+000  0.000000e+000  0.000000e+000  0.000000e+000  0.000000e+000  
0.000000e+000  0.000000e+000  0.000000e+000  0.000000e+000  0.000000e+000  0.000000e+000  0.000000e+000  0.000000e+000  0.000000e+000  0.000000e+000  0.000000e+000  0.000000e+000  0.000000e+000  0.000000e+000  0.000000e+000  0.000000e+000  0.000000e+000  
0.000000e+000  0.000000e+000  0.000000e+000  0.000000e+000  0.000000e+000  0.000000e+000  0.000000e+000  0.000000e+000  0.000000e+000  0.000000e+000  0.000000e+000  0.000000e+000  0.000000e+000  0.000000e+000  0.000000e+000  0.000000e+000  0.000000e+000  
0.000000e+000  0.000000e+000  0.000000e+000  0.000000e+000  0.000000e+000  0.000000e+000  0.000000e+000  0.000000e+000  0.000000e+000  0.000000e+000  0.000000e+000  0.000000e+000  0.000000e+000  0.000000e+000  0.000000e+000  0.000000e+000  0.000000e+000  
0.000000e+000  0.000000e+000  0.000000e+000  0.000000e+000  0.000000e+000  0.000000e+000  0.000000e+000  0.000000e+000  0.000000e+000  0.000000e+000  0.000000e+000  0.000000e+000  0.000000e+000  0.000000e+000  0.000000e+000  0.000000e+000  0.000000e+000  
0.000000e+000  0.000000e+000  0.000000e+000  0.000000e+000  0.000000e+000  0.000000e+000  0.000000e+000  0.000000e+000  0.000000e+000  0.000000e+000  0.000000e+000  0.000000e+000  0.000000e+000  0.000000e+000  0.000000e+000  0.000000e+000  0.000000e+000  
0.000000e+000  0.000000e+000  0.000000e+000  0.000000e+000  0.000000e+000  0.000000e+000  0.000000e+000  0.000000e+000  0.000000e+000  0.000000e+000  0.000000e+000  0.000000e+000  0.000000e+000  0.000000e+000  0.000000e+000  0.000000e+000  0.000000e+000  
0.000000e+000  0.000000e+000  0.000000e+000  0.000000e+000  0.000000e+000  0.000000e+000  0.000000e+000  0.000000e+000  0.000000e+000  0.000000e+000  0.000000e+000  0.000000e+000  0.000000e+000  0.000000e+000  0.000000e+000  0.000000e+000  0.000000e+000  
0.000000e+000  0.000000e+000  0.000000e+000  0.000000e+000  0.000000e+000  0.000000e+000  0.000000e+000  0.000000e+000  0.000000e+000  0.000000e+000  0.000000e+000  0.000000e+000  0.000000e+000  0.000000e+000  0.000000e+000  0.000000e+000  0.000000e+000  
0.000000e+000  0.000000e+000  0.000000e+000  0.000000e+000  0.000000e+000  0.000000e+000  0.000000e+000  0.000000e+000  0.000000e+000  0.000000e+000  0.000000e+000  0.000000e+000  0.000000e+000  0.000000e+000  0.000000e+000  0.000000e+000  0.000000e+000  
0.000000e+000  0.000000e+000  0.000000e+000  0.000000e+000  0.000000e+000  0.000000e+000  0.000000e+000  0.000000e+000  0.000000e+000  0.000000e+000  0.000000e+000  0.000000e+000  0.000000e+000  0.000000e+000  0.000000e+000  0.000000e+000  0.000000e+000  
0.000000e+000  0.000000e+000  0.000000e+000  0.000000e+000  0.000000e+000  0.000000e+000  0.000000e+000  0.000000e+000  0.000000e+000  0.000000e+000  0.000000e+000  0.000000e+000  0.000000e+000  0.000000e+000  0.000000e+000  0.000000e+000  0.000000e+000  
0.000000e+000  0.000000e+000  0.000000e+000  0.000000e+000  0.000000e+000  0.000000e+000  0.000000e+000  0.000000e+000  0.000000e+000  0.000000e+000  0.000000e+000  0.000000e+000  0.000000e+000  0.000000e+000  0.000000e+000  0.000000e+000  0.000000e+000  
0.000000e+000  0.000000e+000  0.000000e+000  0.000000e+000  0.000000e+000  0.000000e+000  0.000000e+000  0.000000e+000  0.000000e+000  0.000000e+000  0.000000e+000  0.000000e+000  0.000000e+000  0.000000e+000  0.000000e+000  0.000000e+000  0.000000e+000  
0.000000e+000  0.000000e+000  0.000000e+000  0.000000e+000  0.000000e+000  0.000000e+000  0.000000e+000  0.000000e+000  0.000000e+000  0.000000e+000  0.000000e+000  0.000000e+000  0.000000e+000  0.000000e+000  0.000000e+000  0.000000e+000  0.000000e+000  
0.000000e+000  0.000000e+000  0.000000e+000  0.000000e+000  0.000000e+000  0.000000e+000  0.000000e+000  0.000000e+000  0.000000e+000  0.000000e+000  0.000000e+000  0.000000e+000  0.000000e+000  0.000000e+000  0.000000e+000  0.000000e+000  0.000000e+000  
0.000000e+000  0.000000e+000  0.000000e+000  0.000000e+000  0.000000e+000  0.000000e+000  0.000000e+000  0.000000e+000  0.000000e+000  0.000000e+000  0.000000e+000  0.000000e+000  0.000000e+000  0.000000e+000  0.000000e+000  0.000000e+000  0.000000e+000  
0.000000e+000  0.000000e+000  0.000000e+000  0.000000e+000  0.000000e+000  0.000000e+000  0.000000e+000  0.000000e+000  0.000000e+000  0.000000e+000  0.000000e+000  0.000000e+000  0.000000e+000  0.000000e+000  0.000000e+000  0.000000e+000  0.000000e+000  
0.000000e+000  0.000000e+000  0.000000e+000  0.000000e+000  0.000000e+000  0.000000e+000  0.000000e+000  0.000000e+000  0.000000e+000  0.000000e+000  0.000000e+000  0.000000e+000  0.000000e+000  0.000000e+000  0.000000e+000  0.000000e+000  0.000000e+000  
0.000000e+000  0.000000e+000  0.000000e+000  0.000000e+000  0.000000e+000  0.000000e+000  0.000000e+000  0.000000e+000  0.000000e+000  0.000000e+000  0.000000e+000  0.000000e+000  0.000000e+000  0.000000e+000  0.000000e+000  0.000000e+000  0.000000e+000  
0.000000e+000  0.000000e+000  0.000000e+000  0.000000e+000  0.000000e+000  0.000000e+000  0.000000e+000  0.000000e+000  0.000000e+000  0.000000e+000  0.000000e+000  0.000000e+000  0.000000e+000  0.000000e+000  0.000000e+000  0.000000e+000  0.000000e+000  
0.000000e+000  0.000000e+000  0.000000e+000  0.000000e+000  0.000000e+000  0.000000e+000  0.000000e+000  0.000000e+000  0.000000e+000  0.000000e+000  0.000000e+000  0.000000e+000  0.000000e+000  0.000000e+000  0.000000e+000  0.000000e+000  0.000000e+000  
0.000000e+000  0.000000e+000  0.000000e+000  0.000000e+000  0.000000e+000  0.000000e+000  0.000000e+000  0.000000e+000  0.000000e+000  0.000000e+000  0.000000e+000  0.000000e+000  0.000000e+000  0.000000e+000  0.000000e+000  0.000000e+000  0.000000e+000  
0.000000e+000  0.000000e+000  0.000000e+000  0.000000e+000  0.000000e+000  0.000000e+000  0.000000e+000  0.000000e+000  0.000000e+000  0.000000e+000  0.000000e+000  0.000000e+000  0.000000e+000  0.000000e+000  0.000000e+000  0.000000e+000  0.000000e+000  
0.000000e+000  0.000000e+000  0.000000e+000  0.000000e+000  0.000000e+000  0.000000e+000  0.000000e+000  0.000000e+000  0.000000e+000  0.000000e+000  0.000000e+000  0.000000e+000  0.000000e+000  0.000000e+000  0.000000e+000  0.000000e+000  0.000000e+000  
0.000000e+000  0.000000e+000  0.000000e+000  0.000000e+000  0.000000e+000  0.000000e+000  0.000000e+000  0.000000e+000  0.000000e+000  0.000000e+000  0.000000e+000  0.000000e+000  0.000000e+000  0.000000e+000  0.000000e+000  0.000000e+000  0.000000e+000  
0.000000e+000  0.000000e+000  0.000000e+000  0.000000e+000  0.000000e+000  0.000000e+000  0.000000e+000  0.000000e+000  0.000000e+000  0.000000e+000  0.000000e+000  0.000000e+000  0.000000e+000  0.000000e+000  0.000000e+000  0.000000e+000  0.000000e+000  
0.000000e+000  0.000000e+000  0.000000e+000  0.000000e+000  0.000000e+000  0.000000e+000  0.000000e+000  0.000000e+000  0.000000e+000  0.000000e+000  0.000000e+000  0.000000e+000  0.000000e+000  0.000000e+000  0.000000e+000  0.000000e+000  0.000000e+000  

0.000000e+000  0.000000e+000  0.000000e+000  0.000000e+000  0.000000e+000  0.000000e+000  0.000000e+000  0.000000e+000  0.000000e+000  0.000000e+000  0.000000e+000  0.000000e+000  0.000000e+000  0.000000e+000  0.000000e+000  0.000000e+000  0.000000e+000  
0.000000e+000  0.000000e+000  0.000000e+000  0.000000e+000  0.000000e+000  0.000000e+000  0.000000e+000  0.000000e+000  0.000000e+000  0.000000e+000  0.000000e+000  0.000000e+000  0.000000e+000  0.000000e+000  0.000000e+000  0.000000e+000  0.000000e+000  
0.000000e+000  0.000000e+000  0.000000e+000  0.000000e+000  0.000000e+000  0.000000e+000  0.000000e+000  0.000000e+000  0.000000e+000  0.000000e+000  0.000000e+000  0.000000e+000  0.000000e+000  0.000000e+000  0.000000e+000  0.000000e+000  0.000000e+000  
0.000000e+000  0.000000e+000  0.000000e+000  0.000000e+000  0.000000e+000  0.000000e+000  0.000000e+000  0.000000e+000  0.000000e+000  0.000000e+000  0.000000e+000  0.000000e+000  0.000000e+000  0.000000e+000  0.000000e+000  0.000000e+000  0.000000e+000  
0.000000e+000  0.000000e+000  0.000000e+000  0.000000e+000  0.000000e+000  0.000000e+000  0.000000e+000  0.000000e+000  0.000000e+000  0.000000e+000  0.000000e+000  0.000000e+000  0.000000e+000  0.000000e+000  0.000000e+000  0.000000e+000  0.000000e+000  
0.000000e+000  0.000000e+000  0.000000e+000  0.000000e+000  0.000000e+000  0.000000e+000  0.000000e+000  0.000000e+000  0.000000e+000  0.000000e+000  0.000000e+000  0.000000e+000  0.000000e+000  0.000000e+000  0.000000e+000  0.000000e+000  0.000000e+000  
0.000000e+000  0.000000e+000  0.000000e+000  0.000000e+000  0.000000e+000  0.000000e+000  0.000000e+000  0.000000e+000  0.000000e+000  0.000000e+000  0.000000e+000  0.000000e+000  0.000000e+000  0.000000e+000  0.000000e+000  0.000000e+000  0.000000e+000  
0.000000e+000  0.000000e+000  0.000000e+000  0.000000e+000  0.000000e+000  0.000000e+000  0.000000e+000  0.000000e+000  0.000000e+000  0.000000e+000  0.000000e+000  0.000000e+000  0.000000e+000  0.000000e+000  0.000000e+000  0.000000e+000  0.000000e+000  
0.000000e+000  0.000000e+000  0.000000e+000  0.000000e+000  0.000000e+000  0.000000e+000  0.000000e+000  0.000000e+000  0.000000e+000  0.000000e+000  0.000000e+000  0.000000e+000  0.000000e+000  0.000000e+000  0.000000e+000  0.000000e+000  0.000000e+000  
0.000000e+000  0.000000e+000  0.000000e+000  0.000000e+000  0.000000e+000  0.000000e+000  0.000000e+000  0.000000e+000  0.000000e+000  0.000000e+000  0.000000e+000  0.000000e+000  0.000000e+000  0.000000e+000  0.000000e+000  0.000000e+000  0.000000e+000  
0.000000e+000  0.000000e+000  0.000000e+000  0.000000e+000  0.000000e+000  0.000000e+000  0.000000e+000  0.000000e+000  0.000000e+000  0.000000e+000  0.000000e+000  0.000000e+000  0.000000e+000  0.000000e+000  0.000000e+000  0.000000e+000  0.000000e+000  
0.000000e+000  0.000000e+000  0.000000e+000  0.000000e+000  0.000000e+000  0.000000e+000  0.000000e+000  0.000000e+000  0.000000e+000  0.000000e+000  0.000000e+000  0.000000e+000  0.000000e+000  0.000000e+000  0.000000e+000  0.000000e+000  0.000000e+000  
0.000000e+000  0.000000e+000  0.000000e+000  0.000000e+000  0.000000e+000  0.000000e+000  0.000000e+000  0.000000e+000  0.000000e+000  0.000000e+000  0.000000e+000  0.000000e+000  0.000000e+000  0.000000e+000  0.000000e+000  0.000000e+000  0.000000e+000  
0.000000e+000  0.000000e+000  0.000000e+000  0.000000e+000  0.000000e+000  0.000000e+000  0.000000e+000  0.000000e+000  0.000000e+000  0.000000e+000  0.000000e+000  0.000000e+000  0.000000e+000  0.000000e+000  0.000000e+000  0.000000e+000  0.000000e+000  
0.000000e+000  0.000000e+000  0.000000e+000  0.000000e+000  0.000000e+000  0.000000e+000  0.000000e+000  0.000000e+000  0.000000e+000  0.000000e+000  0.000000e+000  0.000000e+000  0.000000e+000  0.000000e+000  0.000000e+000  0.000000e+000  0.000000e+000  
0.000000e+000  0.000000e+000  0.000000e+000  0.000000e+000  0.000000e+000  0.000000e+000  0.000000e+000  0.000000e+000  0.000000e+000  0.000000e+000  0.000000e+000  0.000000e+000  0.000000e+000  0.000000e+000  0.000000e+000  0.000000e+000  0.000000e+000  
0.000000e+000  0.000000e+000  0.000000e+000  0.000000e+000  0.000000e+000  0.000000e+000  0.000000e+000  0.000000e+000  0.000000e+000  0.000000e+000  0.000000e+000  0.000000e+000  0.000000e+000  0.000000e+000  0.000000e+000  0.000000e+000  0.000000e+000  
0.000000e+000  0.000000e+000  0.000000e+000  0.000000e+000  0.000000e+000  0.000000e+000  0.000000e+000  0.000000e+000  0.000000e+000  0.000000e+000  0.000000e+000  0.000000e+000  0.000000e+000  0.000000e+000  0.000000e+000  0.000000e+000  0.000000e+000  
0.000000e+000  0.000000e+000  0.000000e+000  0.000000e+000  0.000000e+000  0.000000e+000  0.000000e+000  0.000000e+000  0.000000e+000  0.000000e+000  0.000000e+000  0.000000e+000  0.000000e+000  0.000000e+000  0.000000e+000  0.000000e+000  0.000000e+000  
0.000000e+000  0.000000e+000  0.000000e+000  0.000000e+000  0.000000e+000  0.000000e+000  0.000000e+000  0.000000e+000  0.000000e+000  0.000000e+000  0.000000e+000  0.000000e+000  0.000000e+000  0.000000e+000  0.000000e+000  0.000000e+000  0.000000e+000  
0.000000e+000  0.000000e+000  0.000000e+000  0.000000e+000  0.000000e+000  0.000000e+000  0.000000e+000  0.000000e+000  0.000000e+000  0.000000e+000  0.000000e+000  0.000000e+000  0.000000e+000  0.000000e+000  0.000000e+000  0.000000e+000  0.000000e+000  
0.000000e+000  0.000000e+000  0.000000e+000  0.000000e+000  0.000000e+000  0.000000e+000  0.000000e+000  0.000000e+000  0.000000e+000  0.000000e+000  0.000000e+000  0.000000e+000  0.000000e+000  0.000000e+000  0.000000e+000  0.000000e+000  0.000000e+000  
0.000000e+000  0.000000e+000  0.000000e+000  0.000000e+000  0.000000e+000  0.000000e+000  0.000000e+000  0.000000e+000  0.000000e+000  0.000000e+000  0.000000e+000  0.000000e+000  0.000000e+000  0.000000e+000  0.000000e+000  0.000000e+000  0.000000e+000  
0.000000e+000  0.000000e+000  0.000000e+000  0.000000e+000  0.000000e+000  0.000000e+000  0.000000e+000  0.000000e+000  0.000000e+000  0.000000e+000  0.000000e+000  0.000000e+000  0.000000e+000  0.000000e+000  0.000000e+000  0.000000e+000  0.000000e+000  
0.000000e+000  0.000000e+000  0.000000e+000  0.000000e+000  0.000000e+000  0.000000e+000  0.000000e+000  0.000000e+000  0.000000e+000  0.000000e+000  0.000000e+000  0.000000e+000  0.000000e+000  0.000000e+000  0.000000e+000  0.000000e+000  0.000000e+000  
0.000000e+000  0.000000e+000  0.000000e+000  0.000000e+000  0.000000e+000  0.000000e+000  0.000000e+000  0.000000e+000  0.000000e+000  0.000000e+000  0.000000e+000  0.000000e+000  0.000000e+000  0.000000e+000  0.000000e+000  0.000000e+000  0.000000e+000  
0.000000e+000  0.000000e+000  0.000000e+000  0.000000e+000  0.000000e+000  0.000000e+000  0.000000e+000  0.000000e+000  0.000000e+000  0.000000e+000  0.000000e+000  0.000000e+000  0.000000e+000  0.000000e+000  0.000000e+000  0.000000e+000  0.000000e+000  
0.000000e+000  0.000000e+000  0.000000e+000  0.000000e+000  0.000000e+000  0.000000e+000  0.000000e+000  0.000000e+000  0.000000e+000  0.000000e+000  0.000000e+000  0.000000e+000  0.000000e+000  0.000000e+000  0.000000e+000  0.000000e+000  0.000000e+000  
0.000000e+000  0.000000e+000  0.000000e+000  0.000000e+000  0.000000e+000  0.000000e+000  0.000000e+000  0.000000e+000  0.000000e+000  0.000000e+000  0.000000e+000  0.000000e+000  0.000000e+000  0.000000e+000  0.000000e+000  0.000000e+000  0.000000e+000  
0.000000e+000  0.000000e+000  0.000000e+000  0.000000e+000  0.000000e+000  0.000000e+000  0.000000e+000  0.000000e+000  0.000000e+000  0.000000e+000  0.000000e+000  0.000000e+000  0.000000e+000  0.000000e+000  0.000000e+000  0.000000e+000  0.000000e+000  
0.000000e+000  0.000000e+000  0.000000e+000  0.000000e+000  0.000000e+000  0.000000e+000  0.000000e+000  0.000000e+000  0.000000e+000  0.000000e+000  0.000000e+000  0.000000e+000  0.000000e+000  0.000000e+000  0.000000e+000  0.000000e+000  0.000000e+000  
0.000000e+000  0.000000e+000  0.000000e+000  0.000000e+000  0.000000e+000  0.000000e+000  0.000000e+000  0.000000e+000  0.000000e+000  0.000000e+000  0.000000e+000  0.000000e+000  0.000000e+000  0.000000e+000  0.000000e+000  0.000000e+000  0.000000e+000  
0.000000e+000  0.000000e+000  0.000000e+000  0.000000e+000  0.000000e+000  0.000000e+000  0.000000e+000  0.000000e+000  0.000000e+000  0.000000e+000  0.000000e+000  0.000000e+000  0.000000e+000  0.000000e+000  0.000000e+000  0.000000e+000  0.000000e+000  
0.000000e+000  0.000000e+000  0.000000e+000  0.000000e+000  0.000000e+000  0.000000e+000  0.000000e+000  0.000000e+000  0.000000e+000  0.000000e+000  0.000000e+000  0.000000e+000  0.000000e+000  0.000000e+000  0.000000e+000  0.000000e+000  0.000000e+000  
0.000000e+000  0.000000e+000  0.000000e+000  0.000000e+000  0.000000e+000  0.000000e+000  0.000000e+000  0.000000e+000  0.000000e+000  0.000000e+000  0.000000e+000  0.000000e+000  0.000000e+000  0.000000e+000  0.000000e+000  0.000000e+000  0.000000e+000  

1.087671e-001  1.081644e-001  1.069641e-001  1.051761e-001  1.024672e-001  9.890733e-002  9.491858e-002  9.057698e-002  8.595863e-002  8.113691e-002  7.618016e-002  7.115000e-002  6.357527e-002  5.366894e-002  3.692907e-002  1.245004e-002  0.000000e+000  
3.205996e-001  3.187500e-001  3.150527e-001  3.095150e-001  3.004539e-001  2.880705e-001  2.743872e-001  2.597272e-001  2.443997e-001  2.286880e-001  2.128404e-001  1.970663e-001  1.737688e-001  1.444551e-001  9.667944e-002  3.173878e-002  0.000000e+000  
5.288752e-001  5.260216e-001  5.202320e-001  5.113607e-001  4.938690e-001  4.680654e-001  4.402023e-001  4.111198e-001  3.815595e-001  3.521369e-001  3.233336e-001  2.955027e-001  2.555743e-001  2.080454e-001  1.343599e-001  4.277400e-002  0.000000e+000  
7.145691e-001  7.122764e-001  7.072631e-001  6.987377e-001  6.712939e-001  6.252845e-001  5.772135e-001  5.288899e-001  4.816960e-001  4.365833e-001  3.941321e-001  3.546337e-001  2.999393e-001  2.387939e-001  1.489504e-001  4.615586e-002  0.000000e+000  
8.482499e-001  8.484724e-001  8.479368e-001  8.447728e-001  8.090248e-001  7.411033e-001  6.723235e-001  6.055890e-001  5.427314e-001  4.846991e-001  4.318211e-001  3.840388e-001  3.195910e-001  2.505869e-001  1.527598e-001  4.652062e-002  0.000000e+000  
9.398961e-001  9.452968e-001  9.544142e-001  9.637960e-001  9.211128e-001  8.271068e-001  7.357311e-001  6.509202e-001  5.743152e-001  5.061494e-001  4.459498e-001  3.929582e-001  3.230442e-001  2.505792e-001  1.504144e-001  4.528975e-002  0.000000e+000  
9.874699e-001  9.971334e-001  1.014444e+000  1.034932e+000  9.880362e-001  8.750484e-001  7.683583e-001  6.722064e-001  5.875860e-001  5.138961e-001  4.499501e-001  3.944594e-001  3.221107e-001  2.483922e-001  1.478510e-001  4.424151e-002  0.000000e+000  
1.027207e+000  1.042715e+000  1.071728e+000  1.108977e+000  1.057472e+000  9.198874e-001  7.952016e-001  6.870203e-001  5.946794e-001  5.161278e-001  4.491682e-001  3.918621e-001  3.179774e-001  2.438618e-001  1.440114e-001  4.283951e-002  0.000000e+000  
1.054503e+000  1.077428e+000  1.122276e+000  1.184350e+000  1.127417e+000  9.576295e-001  8.126393e-001  6.927419e-001  5.938551e-001  5.117171e-001  4.428712e-001  3.846810e-001  3.103887e-001  2.368637e-001  1.388678e-001  4.108327e-002  0.000000e+000  
1.062173e+000  1.092070e+000  1.153511e+000  1.246163e+000  1.182933e+000  9.775345e-001  8.150205e-001  6.871943e-001  5.848837e-001  5.014324e-001  4.323020e-001  3.743535e-001  3.008449e-001  2.287498e-001  1.333789e-001  3.929213e-002  0.000000e+000  
1.056830e+000  1.091833e+000  1.167069e+000  1.291020e+000  1.220453e+000  9.814837e-001  8.069207e-001  6.752586e-001  5.720803e-001  4.888729e-001  4.204207e-001  3.633187e-001  2.911638e-001  2.208077e-001  1.282186e-001  3.764803e-002  0.000000e+000  
1.037857e+000  1.075943e+000  1.161692e+000  1.320239e+000  1.238616e+000  9.665286e-001  7.862927e-001  6.550634e-001  5.535271e-001  4.720929e-001  4.053113e-001  3.497370e-001  2.796664e-001  2.116178e-001  1.224311e-001  3.583987e-002  0.000000e+000  
1.004065e+000  1.041535e+000  1.128090e+000  1.309376e+000  1.211358e+000  9.244327e-001  7.512971e-001  6.262373e-001  5.291767e-001  4.511161e-001  3.870103e-001  3.336444e-001  2.663831e-001  2.012048e-001  1.160328e-001  3.387301e-002  0.000000e+000  
9.474719e-001  9.789741e-001  1.045854e+000  1.152351e+000  1.016657e+000  8.357048e-001  6.938493e-001  5.829915e-001  4.942778e-001  4.218965e-001  3.620182e-001  3.119872e-001  2.488218e-001  1.876370e-001  1.078576e-001  3.139368e-002  0.000000e+000  
8.606237e-001  8.825984e-001  9.239942e-001  9.715434e-001  8.076504e-001  7.136541e-001  6.118798e-001  5.219726e-001  4.458823e-001  3.820135e-001  3.283623e-001  2.831510e-001  2.257937e-001  1.700890e-001  9.749460e-002  2.829690e-002  0.000000e+000  
7.072352e-001  7.175655e-001  7.345089e-001  7.494297e-001  5.773280e-001  5.376641e-001  4.800277e-001  4.198703e-001  3.639184e-001  3.143651e-001  2.714303e-001  2.345824e-001  1.873107e-001  1.410189e-001  8.057493e-002  2.329906e-002  0.000000e+000  
3.008080e-001  3.020381e-001  3.038801e-001  3.052848e-001  2.073768e-001  1.997993e-001  1.863123e-001  1.696148e-001  1.518415e-001  1.343936e-001  1.180676e-001  1.032387e-001  8.340455e-002  6.309954e-002  3.599878e-002  1.034123e-002  0.000000e+000  
-3.008080e-001  -3.020381e-001  -3.038801e-001  -3.052848e-001  -2.073768e-001  -1.997993e-001  -1.863123e-001  -1.696148e-001  -1.518415e-001  -1.343936e-001  -1.180676e-001  -1.032387e-001  -8.340455e-002  -6.309954e-002  -3.599878e-002  -1.034123e-002  0.000000e+000  
-7.072352e-001  -7.175655e-001  -7.345089e-001  -7.494297e-001  -5.773280e-001  -5.376641e-001  -4.800277e-001  -4.198703e-001  -3.639184e-001  -3.143651e-001  -2.714303e-001  -2.345824e-001  -1.873107e-001  -1.410189e-001  -8.057493e-002  -2.329906e-002  0.000000e+000  
-8.606237e-001  -8.825984e-001  -9.239942e-001  -9.715434e-001  -8.076504e-001  -7.136541e-001  -6.118798e-001  -5.219726e-001  -4.458823e-001  -3.820135e-001  -3.283623e-001  -2.831510e-001  -2.257937e-001  -1.700890e-001  -9.749460e-002  -2.829690e-002  0.000000e+000  
-9.474719e-001  -9.789741e-001  -1.045854e+000  -1.152351e+000  -1.016657e+000  -8.357048e-001  -6.938493e-001  -5.829915e-001  -4.942778e-001  -4.218965e-001  -3.620182e-001  -3.119872e-001  -2.488218e-001  -1.876370e-001  -1.078576e-001  -3.139368e-002  0.000000e+000  
-1.004065e+000  -1.041535e+000  -1.128090e+000  -1.309376e+000  -1.211358e+000  -9.244327e-001  -7.512971e-001  -6.262373e-001  -5.291767e-001  -4.511161e-001  -3.870103e-001  -3.336444e-001  -2.663831e-001  -2.012048e-001  -1.160328e-001  -3.387301e-002  0.000000e+000  
-1.037857e+000  -1.075943e+000  -1.161692e+000  -1.320239e+000  -1.238616e+000  -9.665286e-001  -7.862927e-001  -6.550633e-001  -5.535271e-001  -4.720929e-001  -4.053113e-001  -3.497370e-001  -2.796664e-001  -2.116178e-001  -1.224311e-001  -3.583987e-002  0.000000e+000  
-1.056830e+000  -1.091833e+000  -1.167069e+000  -1.291020e+000  -1.220453e+000  -9.814837e-001  -8.069207e-001  -6.752586e-001  -5.720803e-001  -4.888729e-001  -4.204207e-001  -3.633187e-001  -2.911638e-001  -2.208077e-001  -1.282186e-001  -3.764803e-002  0.000000e+000  
-1.062173e+000  -1.092070e+000  -1.153511e+000  -1.246163e+000  -1.182933e+000  -9.775345e-001  -8.150205e-001  -6.871943e-001  -5.848837e-001  -5.014324e-001  -4.323020e-001  -3.743536e-001  -3.008449e-001  -2.287498e-001  -1.333789e-001  -3.929213e-002  0.000000e+000  
-1.054503e+000  -1.077428e+000  -1.122276e+000  -1.184350e+000  -1.127417e+000  -9.576295e-001  -8.126393e-001  -6.927419e-001  -5.938551e-001  -5.117171e-001  -4.428712e-001  -3.846810e-001  -3.103887e-001  -2.368637e-001  -1.388678e-001  -4.108327e-002  0.000000e+000  
-1.027207e+000  -1.042715e+000  -1.071728e+000  -1.108977e+000  -1.057472e+000  -9.198874e-001  -7.952016e-001  -6.870203e-001  -5.946794e-001  -5.161278e-001  -4.491682e-001  -3.918621e-001  -3.179774e-001  -2.438618e-001  -1.440114e-001  -4.283951e-002  0.000000e+000  
-9.874699e-001  -9.971334e-001  -1.014444e+000  -1.034932e+000  -9.880362e-001  -8.750484e-001  -7.683583e-001  -6.722064e-001  -5.875860e-001  -5.138961e-001  -4.499501e-001  -3.944594e-001  -3.221107e-001  -2.483922e-001  -1.478510e-001  -4.424151e-002  0.000000e+000  
-9.398961e-001  -9.452968e-001  -9.544142e-001  -9.637960e-001  -9.211128e-001  -8.271068e-001  -7.357311e-001  -6.509202e-001  -5.743152e-001  -5.061494e-001  -4.459498e-001  -3.929582e-001  -3.230442e-001  -2.505792e-001  -1.504144e-001  -4.528975e-002  0.000000e+000  
-8.482499e-001  -8.484724e-001  -8.479368e-001  -8.447728e-001  -8.090248e-001  -7.411033e-001  -6.723235e-001  -6.055890e-001  -5.427314e-001  -4.846991e-001  -4.318211e-001  -3.840388e-001  -3.195910e-001  -2.505869e-001  -1.527598e-001  -4.652062e-002  0.000000e+000  
-7.145691e-001  -7.122764e-001  -7.072631e-001  -6.987377e-001  -6.712939e-001  -6.252845e-001  -5.772135e-001  -5.288899e-001  -4.816960e-001  -4.365833e-001  -3.941321e-001  -3.546337e-001  -2.999393e-001  -2.387939e-001  -1.489504e-001  -4.615586e-002  0.000000e+000  
-5.288752e-001  -5.260216e-001  -5.202320e-001  -5.113607e-001  -4.938690e-001  -4.680654e-001  -4.402023e-001  -4.111198e-001  -3.815595e-001  -3.521369e-001  -3.233336e-001  -2.955027e-001  -2.555743e-001  -2.080454e-001  -1.343599e-001  -4.277400e-002  0.000000e+000  
-3.205996e-001  -3.187500e-001  -3.150527e-001  -3.095150e-001  -3.004539e-001  -2.880705e-001  -2.743872e-001  -2.597272e-001  -2.443997e-001  -2.286880e-001  -2.128404e-001  -1.970663e-001  -1.737688e-001  -1.444551e-001  -9.667944e-002  -3.173878e-002  0.000000e+000  
-1.087671e-001  -1.081644e-001  -1.069641e-001  -1.051761e-001  -1.024672e-001  -9.890733e-002  -9.491858e-002  -9.057698e-002  -8.595863e-002  -8.113691e-002  -7.618016e-002  -7.115000e-002  -6.357527e-002  -5.366894e-002  -3.692907e-002  -1.245004e-002  0.000000e+000  
0.000000e+000  0.000000e+000  0.000000e+000  0.000000e+000  0.000000e+000  0.000000e+000  0.000000e+000  0.000000e+000  0.000000e+000  0.000000e+000  0.000000e+000  0.000000e+000  0.000000e+000  0.000000e+000  0.000000e+000  0.000000e+000  0.000000e+000  

