2025-10-15 16:22:32   Build version: 2025.4 Release from 2025-04-11 (change 1409410)

2025-10-15 16:22:32   Starting adaptive port meshing.

                      ------------------------------------------------------------------------------
2025-10-15 16:22:32   Mode calculation for port 1:

                      ------------------------------------------------------------------------------
2025-10-15 16:22:32   According to the selected features the <Time Domain Solver (HEX)> will be
                      started.

                      ------------------------------------------------------------------------------
2025-10-15 16:22:33   

                      ------------------------------------------------------------------------------
2025-10-15 16:22:33   

                      ------------------------------------------------------------------------------
2025-10-15 16:22:37   Using Generalized port mode solver.

                      ------------------------------------------------------------------------------
2025-10-15 16:22:38   Port mode solver: Detected dispersive material(s) at port 1. 
                      Using a constant approximation of dispersive material(s) at 2.4 GHz and neglecting loss terms.  More...

                      ------------------------------------------------------------------------------
2025-10-15 16:22:39     -------------------------------- F-Calc 2.4 --------------------------------
                        Port   Mode   Type        Z-Wave        Z-Wave-Sigma  Z-Line        F-Cutoff
                        1      1      QTEM        207           0             60.1          ---
                        ----------------------------------------------------------------------------

2025-10-15 16:22:40   Pass 1 successfully completed. 
2025-10-15 16:22:41   According to the selected features the <Time Domain Solver (HEX)> will be
                      started.

                      ------------------------------------------------------------------------------
2025-10-15 16:22:41   

                      ------------------------------------------------------------------------------
2025-10-15 16:22:41   

                      ------------------------------------------------------------------------------
2025-10-15 16:22:47     -------------------------------- F-Calc 2.4 --------------------------------
                        Port   Mode   Type        Z-Wave        Z-Wave-Sigma  Z-Line        F-Cutoff
                        1      1      QTEM        210           0             62.9          ---
                        ----------------------------------------------------------------------------

2025-10-15 16:22:49   Pass 2 successfully completed. Delta (Line Imp.): 4.42%
2025-10-15 16:22:49   According to the selected features the <Time Domain Solver (HEX)> will be
                      started.

                      ------------------------------------------------------------------------------
2025-10-15 16:22:49   

                      ------------------------------------------------------------------------------
2025-10-15 16:22:49   

                      ------------------------------------------------------------------------------
2025-10-15 16:22:55     -------------------------------- F-Calc 2.4 --------------------------------
                        Port   Mode   Type        Z-Wave        Z-Wave-Sigma  Z-Line        F-Cutoff
                        1      1      QTEM        249           1.01e-007     62.7          ---
                        ----------------------------------------------------------------------------

2025-10-15 16:22:57   Pass 3 successfully completed. Delta (Line Imp.): 0.37%
2025-10-15 16:22:58   According to the selected features the <Time Domain Solver (HEX)> will be
                      started.

                      ------------------------------------------------------------------------------
2025-10-15 16:22:58   

                      ------------------------------------------------------------------------------
2025-10-15 16:22:58   

                      ------------------------------------------------------------------------------
2025-10-15 16:23:05     -------------------------------- F-Calc 2.4 --------------------------------
                        Port   Mode   Type        Z-Wave        Z-Wave-Sigma  Z-Line        F-Cutoff
                        1      1      QTEM        252           1.99e-007     62.7          ---
                        ----------------------------------------------------------------------------

2025-10-15 16:23:07   Pass 4 successfully completed. Delta (Line Imp.): 0.00%
2025-10-15 16:23:07   Adaptive port meshing finished. 

                      ------------------------------------------------------------------------------
2025-10-15 16:23:10   The following farfield monitor(s) have been adjusted to model box [-54.831,
                      54.831, -58.8637, 45.831, -5.06381, 16.1112]:
                        farfield (f=2.4417).
                      For further information please check the page "Special Solver Parameters -
                      Solver" in the Online Help.

                      ------------------------------------------------------------------------------
2025-10-15 16:23:10   According to the selected features the <Time Domain Solver (HEX)> will be
                      started.

                      ------------------------------------------------------------------------------
2025-10-15 16:23:10   
                      Solver started at: 2025-10-15 16:23:10 +0200

                        Module:  Time Domain: S-Parameter (Win 64)
                        Version: 2025.4 Release from 2025-04-11 (change 1409410)

2025-10-15 16:23:10   

                      ------------------------------------------------------------------------------
2025-10-15 16:23:10   

                      ------------------------------------------------------------------------------
2025-10-15 16:23:10   ======================================================================
                       Solver cycle: 1
                      ======================================================================

                      Stimulation at port 1 (mode 1) 



                      ------------------------------------------------------------------------------
2025-10-15 16:23:10   Units settings: 

                        Dimensions: mm
                        Frequency:  GHz
                        Time:       ns

                      ------------------------------------------------------------------------------
2025-10-15 16:23:10   The dispersive material update [Automatic] will be performed using the "Standard" update schema

                      ------------------------------------------------------------------------------
2025-10-15 16:23:22   Mesh statistics:

                         Hexahedral mesh type: Perfect Boundary Approximation (PBA)
                            Version: default

                         Parallelization type: domain decomposition
                            Number of parallel working threads: 2
                            Number of calculation domains used: 2

                         Used point accuracy enhancement value: 75.00%.
                         Acceleration mode: CPU
                         Used point accuracy enhancement value: 74.00%.
                         PBA fill limit: 99.00% (inverse)
2025-10-09 10:28:52      current system memory usage reached 80%

2025-10-09 13:17:49      *** Warning ***  current system memory usage reached 90% (15 GB)

2025-10-09 13:17:54      *** Warning ***  current system memory usage reached 90% (15 GB)


2025-10-15 16:23:25   Using Generalized port mode solver.

                      ------------------------------------------------------------------------------
2025-10-15 16:23:26   Port mode solver: Detected dispersive material(s) at port 1. 
                      Using a constant approximation of dispersive material(s) at 2.4 GHz and neglecting loss terms.  More...

                      ------------------------------------------------------------------------------
2025-10-15 16:23:26   Boundary conditions: 

                        YZsymmetry: none
                        XZsymmetry: none
                        XYsymmetry: none

                        Xmin: expanded open, 4 Layer, depth 34.543 mm
                        Xmax: expanded open, 4 Layer, depth 34.543 mm

                        Ymin: expanded open, 4 Layer, depth 32.9294 mm
                        Ymax: expanded open, 4 Layer, depth 34.5377 mm

                        Zmin: expanded open, 4 Layer, depth 34.6522 mm
                        Zmax: expanded open, 4 Layer, depth 37.8884 mm

                        PML-Type: Convolution PML

                      ------------------------------------------------------------------------------
2025-10-15 16:23:26   Frequency settings: 

                        Fmin:         2.2
                        Fmax:         2.6
                        Nfsteps(lin): 1001

                      ------------------------------------------------------------------------------
2025-10-15 16:23:27   Field update statistics:

                        Number of components in total: 	354329
                        Number of TST and special elements:	228
                        Number of lossy metal components:	8388
                        Number of disp. elements:		4697

                      Subcycling state:      			Automatically deactivated

                      ------------------------------------------------------------------------------
2025-10-15 16:23:27   Waveguide boundaries:

2025-10-15 16:23:27   Port: 1

2025-10-15 16:23:27     -------------------------------- F-Calc 2.4 --------------------------------
                        Port   Mode   Type        Z-Wave        Z-Wave-Sigma  Z-Line        F-Cutoff
                        1      1      QTEM        207           0             62.7          ---
                        ----------------------------------------------------------------------------

2025-10-15 16:23:28   Using standard absorber for unconsidered modes at port 1.

                      ------------------------------------------------------------------------------
2025-10-15 16:23:58   
                      --------------------------------------------------------------------------------
2025-10-15 16:23:58   Steady state energy criterion met, solver finished successfully.

                      ------------------------------------------------------------------------------
2025-10-15 16:23:58   Frequency domain results normalized to default signal.


                      ------------------------------------------------------------------------------
2025-10-15 16:23:58   
                        ----------------------------------------------------------------------------
                                            Peak memory used (kB)         Free physical memory (kB) 
                                                                          At begin     Minimum      
                        ----------------------------------------------------------------------------
                        Matrices calc.      130347                        1989257      1206054      
                        Solver run total    75140                         2892480      2747432      
                        ----------------------------------------------------------------------------

                      --------------------------------------------------------------------------------
                      Solver Statistics:

                        Hardware:
                           Computer name:                 	Heu 

                           Number of CPU threads:               4
                           Hardware info:                  	Hardware Accelerator Device not activated

                        Number of mesh cells:             	56448
                        Excitation duration:              	1.77727437e+001 ns 
                        Calculation time for excitation:  	0 	s
                        Number of calculated pulse widths:	1.13056 
                        Steady state accuracy limit:      	-40	dB 
                        Simulated number of time steps:   	8109 
                        Maximum number of time steps:     	143451 
                        Time step width:
                           without subcycles:             	2.477882166e-003 ns
                           used:                          	2.477882166e-003 ns

                        Matrix calculation time:          	12 	s
                        Solver setup time:                	9 	s
                        Solver loop time:                 	24 	s
                        Solver post-processing time:      	2 	s
                                                          	------------
                        Total solver time:                	47 	s

                      ------------------------------------------------------------------------------
2025-10-15 16:23:59   
                        Adaptive port meshing time:          	36     	s
                        Total solver time (all cycles):      	47     	s
                        Solver initialization and clean-up:  	2      	s
                                                             	------------
                        Total simulation time:               	85     	s  ( = 0 h, 1 m, 25 s )

                      ------------------------------------------------------------------------------
2025-10-15 16:23:59   Solver finished at: 2025-10-15 16:23:59 +0200



                      ------------------------------------------------------------------------------
2025-10-15 16:24:01   Creating parametric 1D results for Run ID 28

                      ------------------------------------------------------------------------------
