2025-10-16 18:03:44   Build version: 2025.4 Release from 2025-04-11 (change 1409410)

2025-10-16 18:03:44   Starting adaptive port meshing.

                      ------------------------------------------------------------------------------
2025-10-16 18:03:44   Mode calculation for port 1:

                      ------------------------------------------------------------------------------
2025-10-16 18:03:44   According to the selected features the <Time Domain Solver (HEX)> will be
                      started.

                      ------------------------------------------------------------------------------
2025-10-16 18:03:44   

                      ------------------------------------------------------------------------------
2025-10-16 18:03:44   

                      ------------------------------------------------------------------------------
2025-10-16 18:03:48   Using Generalized port mode solver.

                      ------------------------------------------------------------------------------
2025-10-16 18:03:48   Using electric shielding for port 1.

                      ------------------------------------------------------------------------------
2025-10-16 18:03:49   Port mode solver: Detected dispersive material(s) at port 1. 
                      Using a constant approximation of dispersive material(s) at 2.4 GHz and neglecting loss terms.  More...

                      ------------------------------------------------------------------------------
2025-10-16 18:03:50     -------------------------------- F-Calc 2.4 --------------------------------
                        Port   Mode   Type        Z-Wave        Z-Wave-Sigma  Z-Line        F-Cutoff
                        1      1      QTEM        209           0             59            ---
                        ----------------------------------------------------------------------------

2025-10-16 18:03:52   Pass 1 successfully completed. 
2025-10-16 18:03:52   According to the selected features the <Time Domain Solver (HEX)> will be
                      started.

                      ------------------------------------------------------------------------------
2025-10-16 18:03:52   

                      ------------------------------------------------------------------------------
2025-10-16 18:03:52   

                      ------------------------------------------------------------------------------
2025-10-16 18:03:58     -------------------------------- F-Calc 2.4 --------------------------------
                        Port   Mode   Type        Z-Wave        Z-Wave-Sigma  Z-Line        F-Cutoff
                        1      1      QTEM        212           0             61.9          ---
                        ----------------------------------------------------------------------------

2025-10-16 18:04:00   Pass 2 successfully completed. Delta (Line Imp.): 4.57%
2025-10-16 18:04:00   According to the selected features the <Time Domain Solver (HEX)> will be
                      started.

                      ------------------------------------------------------------------------------
2025-10-16 18:04:00   

                      ------------------------------------------------------------------------------
2025-10-16 18:04:00   

                      ------------------------------------------------------------------------------
2025-10-16 18:04:07     -------------------------------- F-Calc 2.4 --------------------------------
                        Port   Mode   Type        Z-Wave        Z-Wave-Sigma  Z-Line        F-Cutoff
                        1      1      QTEM        247           6.43e-007     61.6          ---
                        ----------------------------------------------------------------------------

2025-10-16 18:04:09   Pass 3 successfully completed. Delta (Line Imp.): 0.34%
2025-10-16 18:04:09   According to the selected features the <Time Domain Solver (HEX)> will be
                      started.

                      ------------------------------------------------------------------------------
2025-10-16 18:04:09   

                      ------------------------------------------------------------------------------
2025-10-16 18:04:09   

                      ------------------------------------------------------------------------------
2025-10-16 18:04:16     -------------------------------- F-Calc 2.4 --------------------------------
                        Port   Mode   Type        Z-Wave        Z-Wave-Sigma  Z-Line        F-Cutoff
                        1      1      QTEM        250           7.98e-008     61.7          ---
                        ----------------------------------------------------------------------------

2025-10-16 18:04:17   Pass 4 successfully completed. Delta (Line Imp.): 0.01%
2025-10-16 18:04:17   Adaptive port meshing finished. 

                      ------------------------------------------------------------------------------
2025-10-16 18:04:18   The following farfield monitor(s) have been adjusted to model box [-69.3573,
                      69.3573, -50.2884, 45.5068, -5.31622, 14.8949]:
                        farfield (f=2.4417).
                      For further information please check the page "Special Solver Parameters -
                      Solver" in the Online Help.

                      ------------------------------------------------------------------------------
2025-10-16 18:04:18   According to the selected features the <Time Domain Solver (HEX)> will be
                      started.

                      ------------------------------------------------------------------------------
2025-10-16 18:04:18   
                      Solver started at: 2025-10-16 18:04:18 +0200

                        Module:  Time Domain: S-Parameter (Win 64)
                        Version: 2025.4 Release from 2025-04-11 (change 1409410)

2025-10-16 18:04:18   

                      ------------------------------------------------------------------------------
2025-10-16 18:04:18   

                      ------------------------------------------------------------------------------
2025-10-16 18:04:18   ======================================================================
                       Solver cycle: 1
                      ======================================================================

                      Stimulation at port 1 (mode 1) 



                      ------------------------------------------------------------------------------
2025-10-16 18:04:19   Units settings: 

                        Dimensions: mm
                        Frequency:  GHz
                        Time:       ns

                      ------------------------------------------------------------------------------
2025-10-16 18:04:19   The dispersive material update [Automatic] will be performed using the "Standard" update schema

                      ------------------------------------------------------------------------------
2025-10-16 18:04:32   Mesh statistics:

                         Hexahedral mesh type: Perfect Boundary Approximation (PBA)
                            Version: default

                         Parallelization type: domain decomposition
                            Number of parallel working threads: 2
                            Number of calculation domains used: 2

                         Used point accuracy enhancement value: 75.00%.
                         Acceleration mode: CPU
                         PBA fill limit: 99.00% (inverse)
                         Used point accuracy enhancement value: 74.00%.
2025-10-16 15:53:56      current system memory usage reached 80%
2025-10-16 15:53:55      current system memory usage reached 80%

2025-10-16 18:01:02      *** Warning ***  current system memory usage reached 85% (14 GB)

2025-10-16 18:04:22      *** Warning ***  current system memory usage reached 85% (14 GB)


2025-10-16 18:04:35   Using Generalized port mode solver.

                      ------------------------------------------------------------------------------
2025-10-16 18:04:35   Using electric shielding for port 1.

                      ------------------------------------------------------------------------------
2025-10-16 18:04:36   Port mode solver: Detected dispersive material(s) at port 1. 
                      Using a constant approximation of dispersive material(s) at 2.4 GHz and neglecting loss terms.  More...

                      ------------------------------------------------------------------------------
2025-10-16 18:04:37   Boundary conditions: 

                        YZsymmetry: none
                        XZsymmetry: none
                        XYsymmetry: none

                        Xmin: expanded open, 4 Layer, depth 32.695 mm
                        Xmax: expanded open, 4 Layer, depth 32.695 mm

                        Ymin: expanded open, 4 Layer, depth 32.927 mm
                        Ymax: expanded open, 4 Layer, depth 32.641 mm

                        Zmin: expanded open, 4 Layer, depth 32.7727 mm
                        Zmax: expanded open, 4 Layer, depth 39.486 mm

                        PML-Type: Convolution PML

                      ------------------------------------------------------------------------------
2025-10-16 18:04:37   Frequency settings: 

                        Fmin:         2.2
                        Fmax:         2.6
                        Nfsteps(lin): 1001

                      ------------------------------------------------------------------------------
2025-10-16 18:04:37   Field update statistics:

                        Number of components in total: 	353496
                        Number of TST and special elements:	228
                        Number of lossy metal components:	8372
                        Number of disp. elements:		4665

                      Subcycling state:      			Automatically deactivated

                      ------------------------------------------------------------------------------
2025-10-16 18:04:37   Waveguide boundaries:

2025-10-16 18:04:37   Port: 1

2025-10-16 18:04:37     -------------------------------- F-Calc 2.4 --------------------------------
                        Port   Mode   Type        Z-Wave        Z-Wave-Sigma  Z-Line        F-Cutoff
                        1      1      QTEM        209           0             61.7          ---
                        ----------------------------------------------------------------------------

2025-10-16 18:04:38   Using standard absorber for unconsidered modes at port 1.

                      ------------------------------------------------------------------------------
2025-10-16 18:05:12   
                      --------------------------------------------------------------------------------
2025-10-16 18:05:12   Steady state energy criterion met, solver finished successfully.

                      ------------------------------------------------------------------------------
2025-10-16 18:05:12   Frequency domain results normalized to default signal.


                      ------------------------------------------------------------------------------
2025-10-16 18:05:12   
                        ----------------------------------------------------------------------------
                                            Peak memory used (kB)         Free physical memory (kB) 
                                                                          At begin     Minimum      
                        ----------------------------------------------------------------------------
                        Matrices calc.      143351                        1989257      1206054      
                        Solver run total    75072                         3006436      2829928      
                        ----------------------------------------------------------------------------

                      --------------------------------------------------------------------------------
                      Solver Statistics:

                        Hardware:
                           Computer name:                 	Heu 

                           Number of CPU threads:               4
                           Hardware info:                  	Hardware Accelerator Device not activated

                        Number of mesh cells:             	56304
                        Excitation duration:              	1.77727437e+001 ns 
                        Calculation time for excitation:  	0 	s
                        Number of calculated pulse widths:	1.27148 
                        Steady state accuracy limit:      	-40	dB 
                        Simulated number of time steps:   	8722 
                        Maximum number of time steps:     	137194 
                        Time step width:
                           without subcycles:             	2.590890900e-003 ns
                           used:                          	2.590890900e-003 ns

                        Matrix calculation time:          	13 	s
                        Solver setup time:                	10 	s
                        Solver loop time:                 	27 	s
                        Solver post-processing time:      	1 	s
                                                          	------------
                        Total solver time:                	51 	s

                      ------------------------------------------------------------------------------
2025-10-16 18:05:13   
                        Adaptive port meshing time:          	36     	s
                        Total solver time (all cycles):      	51     	s
                        Solver initialization and clean-up:  	3      	s
                                                             	------------
                        Total simulation time:               	90     	s  ( = 0 h, 1 m, 30 s )

                      ------------------------------------------------------------------------------
2025-10-16 18:05:13   Solver finished at: 2025-10-16 18:05:13 +0200



                      ------------------------------------------------------------------------------
2025-10-16 18:05:14   Creating parametric 1D results for Run ID 26

                      ------------------------------------------------------------------------------
