Port monitor named: Port1_e1[2.4].prt

nx        = 38
ny        = 4
nz        = 19

nu        = 17
nv        = 36
iu        = 2
iv        = 2

idir      = 1
dcut      = -4.740000e-002
icut      = 2
type      = 0
frequency = 2.400000e+009

fcutoff   = 0.000000e+000
alpha     = 0.000000e+000
beta      = 9.402464e+001
accuracy  = 2.778391e-010

type          = QTEM
wave imp.     = 2.489643e+002
wave imp.sig. = 1.899773e-008
line imp.     = 4.207202e+001

ref. port     = 0

-4.562238e+001  -4.520155e+001  -4.437522e+001  -4.317268e+001  -1.859367e+002  -1.829635e+002  -1.787905e+002  -1.735352e+002  -1.673320e+002  -1.603246e+002  -1.526586e+002  -1.444758e+002  -1.316256e+002  -1.136807e+002  -8.063838e+001  -2.761415e+001  0.000000e+000  
-4.884901e+001  -4.830711e+001  -4.724903e+001  -4.572371e+001  -1.961086e+002  -1.924890e+002  -1.874948e+002  -1.812968e+002  -1.740819e+002  -1.660423e+002  -1.573652e+002  -1.482255e+002  -1.340587e+002  -1.147715e+002  -8.006229e+001  -2.697349e+001  0.000000e+000  
-6.586072e+001  -6.453697e+001  -6.199104e+001  -5.841382e+001  -2.453373e+002  -2.378868e+002  -2.282039e+002  -2.167908e+002  -2.041442e+002  -1.907225e+002  -1.769251e+002  -1.630815e+002  -1.426336e+002  -1.173570e+002  -7.582538e+001  -2.371191e+001  0.000000e+000  
-1.069149e+002  -1.028434e+002  -9.511825e+001  -8.452008e+001  -3.381189e+002  -3.192651e+002  -2.967596e+002  -2.721481e+002  -2.467648e+002  -2.216641e+002  -1.976093e+002  -1.750995e+002  -1.440716e+002  -1.106555e+002  -6.269353e+001  -1.738091e+001  0.000000e+000  
-2.118962e+002  -1.983621e+002  -1.729078e+002  -1.385828e+002  -5.029227e+002  -4.506520e+002  -3.943803e+002  -3.385739e+002  -2.863123e+002  -2.393684e+002  -1.984876e+002  -1.637090e+002  -1.201109e+002  -8.115695e+001  -3.535236e+001  -7.495909e+000  0.000000e+000  
-3.449114e+002  -3.170158e+002  -2.645030e+002  -1.939273e+002  -6.361928e+002  -5.391323e+002  -4.432462e+002  -3.560660e+002  -2.811629e+002  -2.192782e+002  -1.695415e+002  -1.303703e+002  -8.483117e+001  -4.943205e+001  -1.410704e+001  -1.124779e+000  0.000000e+000  
-5.887097e+002  -5.334144e+002  -4.277712e+002  -2.838394e+002  -8.068131e+002  -6.258872e+002  -4.648265e+002  -3.339828e+002  -2.336545e+002  -1.594857e+002  -1.059786e+002  -6.811608e+001  -2.874390e+001  -4.448797e+000  1.189739e+001  5.956308e+000  0.000000e+000  
-7.572272e+002  -6.845015e+002  -5.421131e+002  -3.423707e+002  -8.843481e+002  -6.433265e+002  -4.442502e+002  -2.945512e+002  -1.877466e+002  -1.138128e+002  -6.367186e+001  -3.034743e+001  1.907429e+000  1.834377e+001  2.387623e+001  9.025143e+000  0.000000e+000  
-9.770546e+002  -8.847482e+002  -6.969343e+002  -4.200529e+002  -9.584238e+002  -6.363473e+002  -3.947021e+002  -2.298854e+002  -1.224738e+002  -5.410701e+001  -1.143477e+001  1.441223e+001  3.650087e+001  4.313932e+001  3.629141e+001  1.210376e+001  0.000000e+000  
-1.262003e+003  -1.152407e+003  -9.146561e+002  -5.313114e+002  -1.013956e+003  -5.821125e+002  -2.998608e+002  -1.313302e+002  -3.412601e+001  2.080305e+001  5.077572e+001  6.578009e+001  7.450423e+001  6.950524e+001  4.893308e+001  1.514666e+001  0.000000e+000  
-1.624241e+003  -1.510532e+003  -1.235257e+003  -7.126809e+002  -1.013629e+003  -4.395530e+002  -1.377710e+002  9.444861e+000  7.927703e+001  1.105337e+002  1.219030e+002  1.226466e+002  1.150282e+002  9.684607e+001  6.155509e+001  1.810467e+001  0.000000e+000  
-1.942960e+003  -1.847973e+003  -1.583999e+003  -9.603048e+002  -9.107996e+002  -2.309399e+002  4.060207e+001  1.427884e+002  1.776857e+002  1.843755e+002  1.784964e+002  1.668879e+002  1.457526e+002  1.171727e+002  7.068130e+001  2.020019e+001  0.000000e+000  
-2.298045e+003  -2.250341e+003  -2.071287e+003  -1.433021e+003  -6.016735e+002  1.095245e+002  2.737161e+002  2.979318e+002  2.852794e+002  2.623515e+002  2.370115e+002  2.119969e+002  1.765668e+002  1.372875e+002  7.952960e+001  2.220028e+001  0.000000e+000  
-2.671203e+003  -2.703059e+003  -2.735436e+003  -2.460769e+003  2.109142e+002  6.267897e+002  5.521694e+002  4.651062e+002  3.963060e+002  3.412104e+002  2.955150e+002  2.567390e+002  2.068076e+002  1.568310e+002  8.797984e+001  2.408396e+001  0.000000e+000  
-3.031686e+003  -3.155186e+003  -3.517645e+003  -4.673712e+003  2.952363e+003  1.302799e+003  8.348611e+002  6.265625e+002  5.030604e+002  4.171663e+002  3.518991e+002  2.998087e+002  2.357890e+002  1.754361e+002  9.591198e+001  2.583076e+001  0.000000e+000  
-3.417786e+003  -3.593330e+003  -4.066898e+003  -5.258031e+003  2.801920e+003  1.611664e+003  1.072238e+003  7.914804e+002  6.206596e+002  5.036968e+002  4.171406e+002  3.499636e+002  2.695942e+002  1.970503e+002  1.050112e+002  2.781082e+001  0.000000e+000  
-3.695371e+003  -3.847751e+003  -4.174842e+003  -4.636243e+003  2.095079e+003  1.586985e+003  1.177321e+003  9.003822e+002  7.109626e+002  5.749131e+002  4.726820e+002  3.933483e+002  2.991200e+002  2.159238e+002  1.128806e+002  2.950559e+001  0.000000e+000  
-3.967449e+003  -4.032279e+003  -4.140579e+003  -4.238982e+003  1.536650e+003  1.388819e+003  1.185023e+003  9.849136e+002  8.106031e+002  6.662748e+002  5.493439e+002  4.553901e+002  3.423720e+002  2.436939e+002  1.243458e+002  3.194341e+001  0.000000e+000  
-3.967449e+003  -4.032279e+003  -4.140579e+003  -4.238982e+003  1.536650e+003  1.388819e+003  1.185023e+003  9.849136e+002  8.106031e+002  6.662748e+002  5.493439e+002  4.553901e+002  3.423720e+002  2.436939e+002  1.243458e+002  3.194341e+001  0.000000e+000  
-3.695371e+003  -3.847751e+003  -4.174842e+003  -4.636243e+003  2.095079e+003  1.586985e+003  1.177321e+003  9.003822e+002  7.109626e+002  5.749131e+002  4.726820e+002  3.933483e+002  2.991200e+002  2.159238e+002  1.128806e+002  2.950559e+001  0.000000e+000  
-3.417786e+003  -3.593330e+003  -4.066898e+003  -5.258031e+003  2.801920e+003  1.611664e+003  1.072238e+003  7.914804e+002  6.206596e+002  5.036968e+002  4.171406e+002  3.499636e+002  2.695942e+002  1.970503e+002  1.050112e+002  2.781082e+001  0.000000e+000  
-3.031686e+003  -3.155186e+003  -3.517645e+003  -4.673712e+003  2.952363e+003  1.302799e+003  8.348611e+002  6.265625e+002  5.030604e+002  4.171663e+002  3.518991e+002  2.998087e+002  2.357890e+002  1.754361e+002  9.591198e+001  2.583076e+001  0.000000e+000  
-2.671203e+003  -2.703059e+003  -2.735436e+003  -2.460769e+003  2.109142e+002  6.267897e+002  5.521694e+002  4.651062e+002  3.963060e+002  3.412104e+002  2.955150e+002  2.567390e+002  2.068076e+002  1.568310e+002  8.797984e+001  2.408396e+001  0.000000e+000  
-2.298045e+003  -2.250341e+003  -2.071287e+003  -1.433021e+003  -6.016735e+002  1.095245e+002  2.737161e+002  2.979318e+002  2.852794e+002  2.623515e+002  2.370115e+002  2.119969e+002  1.765668e+002  1.372875e+002  7.952960e+001  2.220028e+001  0.000000e+000  
-1.942960e+003  -1.847973e+003  -1.583999e+003  -9.603048e+002  -9.107996e+002  -2.309399e+002  4.060207e+001  1.427884e+002  1.776857e+002  1.843755e+002  1.784964e+002  1.668879e+002  1.457526e+002  1.171727e+002  7.068130e+001  2.020019e+001  0.000000e+000  
-1.624241e+003  -1.510532e+003  -1.235257e+003  -7.126809e+002  -1.013629e+003  -4.395530e+002  -1.377710e+002  9.444861e+000  7.927703e+001  1.105337e+002  1.219030e+002  1.226466e+002  1.150282e+002  9.684607e+001  6.155509e+001  1.810467e+001  0.000000e+000  
-1.262003e+003  -1.152407e+003  -9.146561e+002  -5.313114e+002  -1.013956e+003  -5.821125e+002  -2.998608e+002  -1.313302e+002  -3.412601e+001  2.080305e+001  5.077572e+001  6.578009e+001  7.450423e+001  6.950524e+001  4.893308e+001  1.514666e+001  0.000000e+000  
-9.770546e+002  -8.847482e+002  -6.969343e+002  -4.200529e+002  -9.584238e+002  -6.363473e+002  -3.947021e+002  -2.298854e+002  -1.224738e+002  -5.410701e+001  -1.143477e+001  1.441223e+001  3.650087e+001  4.313932e+001  3.629141e+001  1.210376e+001  0.000000e+000  
-7.572272e+002  -6.845015e+002  -5.421131e+002  -3.423707e+002  -8.843481e+002  -6.433265e+002  -4.442502e+002  -2.945512e+002  -1.877466e+002  -1.138128e+002  -6.367186e+001  -3.034743e+001  1.907429e+000  1.834377e+001  2.387623e+001  9.025143e+000  0.000000e+000  
-5.887097e+002  -5.334144e+002  -4.277712e+002  -2.838394e+002  -8.068131e+002  -6.258872e+002  -4.648265e+002  -3.339828e+002  -2.336545e+002  -1.594857e+002  -1.059786e+002  -6.811608e+001  -2.874390e+001  -4.448797e+000  1.189739e+001  5.956308e+000  0.000000e+000  
-3.449114e+002  -3.170158e+002  -2.645030e+002  -1.939273e+002  -6.361928e+002  -5.391323e+002  -4.432462e+002  -3.560660e+002  -2.811629e+002  -2.192782e+002  -1.695415e+002  -1.303703e+002  -8.483117e+001  -4.943205e+001  -1.410704e+001  -1.124779e+000  0.000000e+000  
-2.118962e+002  -1.983621e+002  -1.729078e+002  -1.385828e+002  -5.029227e+002  -4.506520e+002  -3.943803e+002  -3.385739e+002  -2.863123e+002  -2.393684e+002  -1.984876e+002  -1.637090e+002  -1.201109e+002  -8.115695e+001  -3.535236e+001  -7.495909e+000  0.000000e+000  
-1.069149e+002  -1.028434e+002  -9.511825e+001  -8.452008e+001  -3.381189e+002  -3.192651e+002  -2.967596e+002  -2.721481e+002  -2.467648e+002  -2.216641e+002  -1.976093e+002  -1.750995e+002  -1.440716e+002  -1.106555e+002  -6.269353e+001  -1.738091e+001  0.000000e+000  
-6.586072e+001  -6.453697e+001  -6.199104e+001  -5.841382e+001  -2.453373e+002  -2.378868e+002  -2.282039e+002  -2.167908e+002  -2.041442e+002  -1.907225e+002  -1.769251e+002  -1.630815e+002  -1.426336e+002  -1.173570e+002  -7.582538e+001  -2.371191e+001  0.000000e+000  
-4.884901e+001  -4.830711e+001  -4.724903e+001  -4.572371e+001  -1.961086e+002  -1.924890e+002  -1.874948e+002  -1.812968e+002  -1.740819e+002  -1.660423e+002  -1.573652e+002  -1.482255e+002  -1.340587e+002  -1.147715e+002  -8.006229e+001  -2.697349e+001  0.000000e+000  
-4.562238e+001  -4.520155e+001  -4.437522e+001  -4.317268e+001  -1.859367e+002  -1.829635e+002  -1.787905e+002  -1.735352e+002  -1.673320e+002  -1.603246e+002  -1.526586e+002  -1.444758e+002  -1.316256e+002  -1.136807e+002  -8.063838e+001  -2.761415e+001  0.000000e+000  

0.000000e+000  -3.548735e-001  -6.820446e-001  -9.563972e-001  -1.157675e+000  -3.473064e+000  -5.627959e+000  -7.576498e+000  -9.286984e+000  -1.074177e+001  -1.193614e+001  -1.287640e+001  -1.357773e+001  -1.432846e+001  -1.443391e+001  -1.269920e+001  -1.088408e+001  
0.000000e+000  -1.687346e+000  -3.235128e+000  -4.518132e+000  -5.438000e+000  -1.407311e+001  -2.197194e+001  -2.896288e+001  -3.494185e+001  -3.986771e+001  -4.375339e+001  -4.665473e+001  -4.865862e+001  -5.029463e+001  -4.974701e+001  -4.213548e+001  -3.539490e+001  
0.000000e+000  -6.578509e+000  -1.254027e+001  -1.734156e+001  -2.057485e+001  -4.100431e+001  -5.869229e+001  -7.329338e+001  -8.472161e+001  -9.309866e+001  -9.869330e+001  -1.018635e+002  -1.030079e+002  -1.004262e+002  -9.431053e+001  -7.189969e+001  -5.710652e+001  
0.000000e+000  -2.192268e+001  -4.149950e+001  -5.668516e+001  -6.600416e+001  -1.066264e+002  -1.383657e+002  -1.611437e+002  -1.756720e+002  -1.831321e+002  -1.848962e+002  -1.823268e+002  -1.766578e+002  -1.591683e+002  -1.394887e+002  -9.372513e+001  -6.977438e+001  
0.000000e+000  -6.096485e+001  -1.147500e+002  -1.550138e+002  -1.771786e+002  -2.442696e+002  -2.872918e+002  -3.090906e+002  -3.141714e+002  -3.072957e+002  -2.926527e+002  -2.735424e+002  -2.523759e+002  -2.088674e+002  -1.702801e+002  -1.021329e+002  -7.197547e+001  
0.000000e+000  -1.155386e+002  -2.173428e+002  -2.925239e+002  -3.309684e+002  -4.174310e+002  -4.586385e+002  -4.648173e+002  -4.477103e+002  -4.172539e+002  -3.805880e+002  -3.423190e+002  -3.051761e+002  -2.387291e+002  -1.855670e+002  -1.036121e+002  -7.047924e+001  
0.000000e+000  -1.931427e+002  -3.655095e+002  -4.941013e+002  -5.562482e+002  -6.491792e+002  -6.649295e+002  -6.321370e+002  -5.756141e+002  -5.113543e+002  -4.479911e+002  -3.895146e+002  -3.373787e+002  -2.527552e+002  -1.897117e+002  -1.009396e+002  -6.707743e+001  
0.000000e+000  -2.538161e+002  -4.842619e+002  -6.605421e+002  -7.449298e+002  -8.328345e+002  -8.165137e+002  -7.458725e+002  -6.564516e+002  -5.669823e+002  -4.853778e+002  -4.140161e+002  -3.528295e+002  -2.580534e+002  -1.899006e+002  -9.831630e+001  -6.446000e+001  
0.000000e+000  -3.309753e+002  -6.412507e+002  -8.918938e+002  -1.015648e+003  -1.078925e+003  -1.000915e+003  -8.712891e+002  -7.377932e+002  -6.183549e+002  -5.170395e+002  -4.327809e+002  -3.630783e+002  -2.595897e+002  -1.874931e+002  -9.460459e+001  -6.124019e+001  
0.000000e+000  -4.227082e+002  -8.403063e+002  -1.212883e+003  -1.419413e+003  -1.409617e+003  -1.216662e+003  -9.996325e+002  -8.113294e+002  -6.594237e+002  -5.389566e+002  -4.432235e+002  -3.664876e+002  -2.566582e+002  -1.822078e+002  -8.977417e+001  -5.742509e+001  
0.000000e+000  -5.054735e+002  -1.040806e+003  -1.593750e+003  -1.983015e+003  -1.792307e+003  -1.417327e+003  -1.096983e+003  -8.569791e+002  -6.793197e+002  -5.455905e+002  -4.427833e+002  -3.621809e+002  -2.497122e+002  -1.749328e+002  -8.459787e+001  -5.360694e+001  
0.000000e+000  -5.641714e+002  -1.204140e+003  -1.980125e+003  -2.731484e+003  -2.177566e+003  -1.570649e+003  -1.154133e+003  -8.759401e+002  -6.822893e+002  -5.414476e+002  -4.354089e+002  -3.534167e+002  -2.408671e+002  -1.670213e+002  -7.959722e+001  -5.006183e+001  
0.000000e+000  -5.935463e+002  -1.314828e+003  -2.375714e+003  -4.020520e+003  -2.580810e+003  -1.663065e+003  -1.167040e+003  -8.679280e+002  -6.684636e+002  -5.262720e+002  -4.204361e+002  -3.392518e+002  -2.289903e+002  -1.573664e+002  -7.400773e+001  -4.622806e+001  
0.000000e+000  -5.735570e+002  -1.294312e+003  -2.545693e+003  -6.516491e+003  -2.816407e+003  -1.619864e+003  -1.116778e+003  -8.280584e+002  -6.363945e+002  -4.995563e+002  -3.976631e+002  -3.196081e+002  -2.140825e+002  -1.459952e+002  -6.785367e+001  -4.212245e+001  
0.000000e+000  -4.866577e+002  -1.039453e+003  -1.733446e+003  0.000000e+000  -1.755609e+003  -1.318387e+003  -9.821299e+002  -7.478902e+002  -5.803893e+002  -4.568061e+002  -3.633834e+002  -2.913804e+002  -1.939032e+002  -1.312714e+002  -6.029443e+001  -3.719549e+001  
0.000000e+000  -3.490170e+002  -6.682541e+002  -8.001124e+002  0.000000e+000  -9.018119e+002  -9.310048e+002  -7.800985e+002  -6.246219e+002  -4.957016e+002  -3.938993e+002  -3.143602e+002  -2.521014e+002  -1.670359e+002  -1.124042e+002  -5.108986e+001  -3.133891e+001  
0.000000e+000  -1.698507e+002  -2.837212e+002  -2.577782e+002  0.000000e+000  -3.549436e+002  -4.896760e+002  -4.813098e+002  -4.198305e+002  -3.482268e+002  -2.827433e+002  -2.277970e+002  -1.832801e+002  -1.210257e+002  -8.088247e+001  -3.627879e+001  -2.209140e+001  
0.000000e+000  0.000000e+000  0.000000e+000  0.000000e+000  0.000000e+000  0.000000e+000  0.000000e+000  0.000000e+000  0.000000e+000  0.000000e+000  0.000000e+000  0.000000e+000  0.000000e+000  0.000000e+000  0.000000e+000  0.000000e+000  0.000000e+000  
0.000000e+000  1.698507e+002  2.837212e+002  2.577782e+002  0.000000e+000  3.549436e+002  4.896760e+002  4.813098e+002  4.198305e+002  3.482268e+002  2.827433e+002  2.277970e+002  1.832801e+002  1.210257e+002  8.088247e+001  3.627879e+001  2.209140e+001  
0.000000e+000  3.490170e+002  6.682541e+002  8.001124e+002  0.000000e+000  9.018119e+002  9.310048e+002  7.800985e+002  6.246219e+002  4.957016e+002  3.938993e+002  3.143602e+002  2.521014e+002  1.670359e+002  1.124042e+002  5.108986e+001  3.133891e+001  
0.000000e+000  4.866577e+002  1.039453e+003  1.733446e+003  0.000000e+000  1.755609e+003  1.318387e+003  9.821299e+002  7.478902e+002  5.803893e+002  4.568061e+002  3.633834e+002  2.913804e+002  1.939032e+002  1.312714e+002  6.029443e+001  3.719549e+001  
0.000000e+000  5.735570e+002  1.294312e+003  2.545693e+003  6.516491e+003  2.816407e+003  1.619864e+003  1.116778e+003  8.280584e+002  6.363945e+002  4.995563e+002  3.976631e+002  3.196081e+002  2.140825e+002  1.459952e+002  6.785367e+001  4.212245e+001  
0.000000e+000  5.935463e+002  1.314828e+003  2.375714e+003  4.020520e+003  2.580810e+003  1.663065e+003  1.167040e+003  8.679280e+002  6.684636e+002  5.262720e+002  4.204361e+002  3.392518e+002  2.289903e+002  1.573664e+002  7.400773e+001  4.622806e+001  
0.000000e+000  5.641714e+002  1.204140e+003  1.980125e+003  2.731484e+003  2.177566e+003  1.570649e+003  1.154133e+003  8.759401e+002  6.822893e+002  5.414476e+002  4.354089e+002  3.534167e+002  2.408671e+002  1.670213e+002  7.959722e+001  5.006183e+001  
0.000000e+000  5.054735e+002  1.040806e+003  1.593750e+003  1.983015e+003  1.792307e+003  1.417327e+003  1.096983e+003  8.569791e+002  6.793197e+002  5.455905e+002  4.427833e+002  3.621809e+002  2.497122e+002  1.749328e+002  8.459787e+001  5.360694e+001  
0.000000e+000  4.227082e+002  8.403063e+002  1.212883e+003  1.419413e+003  1.409617e+003  1.216662e+003  9.996325e+002  8.113294e+002  6.594237e+002  5.389566e+002  4.432235e+002  3.664876e+002  2.566582e+002  1.822078e+002  8.977417e+001  5.742509e+001  
0.000000e+000  3.309753e+002  6.412507e+002  8.918938e+002  1.015648e+003  1.078925e+003  1.000915e+003  8.712891e+002  7.377932e+002  6.183549e+002  5.170395e+002  4.327809e+002  3.630783e+002  2.595897e+002  1.874931e+002  9.460459e+001  6.124019e+001  
0.000000e+000  2.538161e+002  4.842619e+002  6.605421e+002  7.449298e+002  8.328345e+002  8.165137e+002  7.458725e+002  6.564516e+002  5.669823e+002  4.853778e+002  4.140161e+002  3.528295e+002  2.580534e+002  1.899006e+002  9.831630e+001  6.446000e+001  
0.000000e+000  1.931427e+002  3.655095e+002  4.941013e+002  5.562482e+002  6.491792e+002  6.649295e+002  6.321370e+002  5.756141e+002  5.113543e+002  4.479911e+002  3.895146e+002  3.373787e+002  2.527552e+002  1.897117e+002  1.009396e+002  6.707743e+001  
0.000000e+000  1.155386e+002  2.173428e+002  2.925239e+002  3.309684e+002  4.174310e+002  4.586385e+002  4.648173e+002  4.477103e+002  4.172539e+002  3.805880e+002  3.423190e+002  3.051761e+002  2.387291e+002  1.855670e+002  1.036121e+002  7.047924e+001  
0.000000e+000  6.096485e+001  1.147500e+002  1.550138e+002  1.771786e+002  2.442696e+002  2.872918e+002  3.090906e+002  3.141714e+002  3.072957e+002  2.926527e+002  2.735424e+002  2.523759e+002  2.088674e+002  1.702801e+002  1.021329e+002  7.197547e+001  
0.000000e+000  2.192268e+001  4.149950e+001  5.668516e+001  6.600416e+001  1.066264e+002  1.383657e+002  1.611437e+002  1.756720e+002  1.831321e+002  1.848962e+002  1.823268e+002  1.766578e+002  1.591683e+002  1.394887e+002  9.372513e+001  6.977438e+001  
0.000000e+000  6.578509e+000  1.254027e+001  1.734156e+001  2.057485e+001  4.100431e+001  5.869229e+001  7.329338e+001  8.472161e+001  9.309866e+001  9.869330e+001  1.018635e+002  1.030079e+002  1.004262e+002  9.431053e+001  7.189969e+001  5.710652e+001  
0.000000e+000  1.687346e+000  3.235128e+000  4.518132e+000  5.438000e+000  1.407311e+001  2.197194e+001  2.896288e+001  3.494185e+001  3.986771e+001  4.375339e+001  4.665473e+001  4.865862e+001  5.029463e+001  4.974701e+001  4.213548e+001  3.539490e+001  
0.000000e+000  3.548735e-001  6.820446e-001  9.563972e-001  1.157675e+000  3.473064e+000  5.627959e+000  7.576498e+000  9.286984e+000  1.074177e+001  1.193614e+001  1.287640e+001  1.357773e+001  1.432846e+001  1.443391e+001  1.269920e+001  1.088408e+001  
0.000000e+000  0.000000e+000  0.000000e+000  0.000000e+000  0.000000e+000  0.000000e+000  0.000000e+000  0.000000e+000  0.000000e+000  0.000000e+000  0.000000e+000  0.000000e+000  0.000000e+000  0.000000e+000  0.000000e+000  0.000000e+000  0.000000e+000  

0.000000e+000  0.000000e+000  0.000000e+000  0.000000e+000  0.000000e+000  0.000000e+000  0.000000e+000  0.000000e+000  0.000000e+000  0.000000e+000  0.000000e+000  0.000000e+000  0.000000e+000  0.000000e+000  0.000000e+000  0.000000e+000  0.000000e+000  
0.000000e+000  0.000000e+000  0.000000e+000  0.000000e+000  0.000000e+000  0.000000e+000  0.000000e+000  0.000000e+000  0.000000e+000  0.000000e+000  0.000000e+000  0.000000e+000  0.000000e+000  0.000000e+000  0.000000e+000  0.000000e+000  0.000000e+000  
0.000000e+000  0.000000e+000  0.000000e+000  0.000000e+000  0.000000e+000  0.000000e+000  0.000000e+000  0.000000e+000  0.000000e+000  0.000000e+000  0.000000e+000  0.000000e+000  0.000000e+000  0.000000e+000  0.000000e+000  0.000000e+000  0.000000e+000  
0.000000e+000  0.000000e+000  0.000000e+000  0.000000e+000  0.000000e+000  0.000000e+000  0.000000e+000  0.000000e+000  0.000000e+000  0.000000e+000  0.000000e+000  0.000000e+000  0.000000e+000  0.000000e+000  0.000000e+000  0.000000e+000  0.000000e+000  
0.000000e+000  0.000000e+000  0.000000e+000  0.000000e+000  0.000000e+000  0.000000e+000  0.000000e+000  0.000000e+000  0.000000e+000  0.000000e+000  0.000000e+000  0.000000e+000  0.000000e+000  0.000000e+000  0.000000e+000  0.000000e+000  0.000000e+000  
0.000000e+000  0.000000e+000  0.000000e+000  0.000000e+000  0.000000e+000  0.000000e+000  0.000000e+000  0.000000e+000  0.000000e+000  0.000000e+000  0.000000e+000  0.000000e+000  0.000000e+000  0.000000e+000  0.000000e+000  0.000000e+000  0.000000e+000  
0.000000e+000  0.000000e+000  0.000000e+000  0.000000e+000  0.000000e+000  0.000000e+000  0.000000e+000  0.000000e+000  0.000000e+000  0.000000e+000  0.000000e+000  0.000000e+000  0.000000e+000  0.000000e+000  0.000000e+000  0.000000e+000  0.000000e+000  
0.000000e+000  0.000000e+000  0.000000e+000  0.000000e+000  0.000000e+000  0.000000e+000  0.000000e+000  0.000000e+000  0.000000e+000  0.000000e+000  0.000000e+000  0.000000e+000  0.000000e+000  0.000000e+000  0.000000e+000  0.000000e+000  0.000000e+000  
0.000000e+000  0.000000e+000  0.000000e+000  0.000000e+000  0.000000e+000  0.000000e+000  0.000000e+000  0.000000e+000  0.000000e+000  0.000000e+000  0.000000e+000  0.000000e+000  0.000000e+000  0.000000e+000  0.000000e+000  0.000000e+000  0.000000e+000  
0.000000e+000  0.000000e+000  0.000000e+000  0.000000e+000  0.000000e+000  0.000000e+000  0.000000e+000  0.000000e+000  0.000000e+000  0.000000e+000  0.000000e+000  0.000000e+000  0.000000e+000  0.000000e+000  0.000000e+000  0.000000e+000  0.000000e+000  
0.000000e+000  0.000000e+000  0.000000e+000  0.000000e+000  0.000000e+000  0.000000e+000  0.000000e+000  0.000000e+000  0.000000e+000  0.000000e+000  0.000000e+000  0.000000e+000  0.000000e+000  0.000000e+000  0.000000e+000  0.000000e+000  0.000000e+000  
0.000000e+000  0.000000e+000  0.000000e+000  0.000000e+000  0.000000e+000  0.000000e+000  0.000000e+000  0.000000e+000  0.000000e+000  0.000000e+000  0.000000e+000  0.000000e+000  0.000000e+000  0.000000e+000  0.000000e+000  0.000000e+000  0.000000e+000  
0.000000e+000  0.000000e+000  0.000000e+000  0.000000e+000  0.000000e+000  0.000000e+000  0.000000e+000  0.000000e+000  0.000000e+000  0.000000e+000  0.000000e+000  0.000000e+000  0.000000e+000  0.000000e+000  0.000000e+000  0.000000e+000  0.000000e+000  
0.000000e+000  0.000000e+000  0.000000e+000  0.000000e+000  0.000000e+000  0.000000e+000  0.000000e+000  0.000000e+000  0.000000e+000  0.000000e+000  0.000000e+000  0.000000e+000  0.000000e+000  0.000000e+000  0.000000e+000  0.000000e+000  0.000000e+000  
0.000000e+000  0.000000e+000  0.000000e+000  0.000000e+000  0.000000e+000  0.000000e+000  0.000000e+000  0.000000e+000  0.000000e+000  0.000000e+000  0.000000e+000  0.000000e+000  0.000000e+000  0.000000e+000  0.000000e+000  0.000000e+000  0.000000e+000  
0.000000e+000  0.000000e+000  0.000000e+000  0.000000e+000  0.000000e+000  0.000000e+000  0.000000e+000  0.000000e+000  0.000000e+000  0.000000e+000  0.000000e+000  0.000000e+000  0.000000e+000  0.000000e+000  0.000000e+000  0.000000e+000  0.000000e+000  
0.000000e+000  0.000000e+000  0.000000e+000  0.000000e+000  0.000000e+000  0.000000e+000  0.000000e+000  0.000000e+000  0.000000e+000  0.000000e+000  0.000000e+000  0.000000e+000  0.000000e+000  0.000000e+000  0.000000e+000  0.000000e+000  0.000000e+000  
0.000000e+000  0.000000e+000  0.000000e+000  0.000000e+000  0.000000e+000  0.000000e+000  0.000000e+000  0.000000e+000  0.000000e+000  0.000000e+000  0.000000e+000  0.000000e+000  0.000000e+000  0.000000e+000  0.000000e+000  0.000000e+000  0.000000e+000  
0.000000e+000  0.000000e+000  0.000000e+000  0.000000e+000  0.000000e+000  0.000000e+000  0.000000e+000  0.000000e+000  0.000000e+000  0.000000e+000  0.000000e+000  0.000000e+000  0.000000e+000  0.000000e+000  0.000000e+000  0.000000e+000  0.000000e+000  
0.000000e+000  0.000000e+000  0.000000e+000  0.000000e+000  0.000000e+000  0.000000e+000  0.000000e+000  0.000000e+000  0.000000e+000  0.000000e+000  0.000000e+000  0.000000e+000  0.000000e+000  0.000000e+000  0.000000e+000  0.000000e+000  0.000000e+000  
0.000000e+000  0.000000e+000  0.000000e+000  0.000000e+000  0.000000e+000  0.000000e+000  0.000000e+000  0.000000e+000  0.000000e+000  0.000000e+000  0.000000e+000  0.000000e+000  0.000000e+000  0.000000e+000  0.000000e+000  0.000000e+000  0.000000e+000  
0.000000e+000  0.000000e+000  0.000000e+000  0.000000e+000  0.000000e+000  0.000000e+000  0.000000e+000  0.000000e+000  0.000000e+000  0.000000e+000  0.000000e+000  0.000000e+000  0.000000e+000  0.000000e+000  0.000000e+000  0.000000e+000  0.000000e+000  
0.000000e+000  0.000000e+000  0.000000e+000  0.000000e+000  0.000000e+000  0.000000e+000  0.000000e+000  0.000000e+000  0.000000e+000  0.000000e+000  0.000000e+000  0.000000e+000  0.000000e+000  0.000000e+000  0.000000e+000  0.000000e+000  0.000000e+000  
0.000000e+000  0.000000e+000  0.000000e+000  0.000000e+000  0.000000e+000  0.000000e+000  0.000000e+000  0.000000e+000  0.000000e+000  0.000000e+000  0.000000e+000  0.000000e+000  0.000000e+000  0.000000e+000  0.000000e+000  0.000000e+000  0.000000e+000  
0.000000e+000  0.000000e+000  0.000000e+000  0.000000e+000  0.000000e+000  0.000000e+000  0.000000e+000  0.000000e+000  0.000000e+000  0.000000e+000  0.000000e+000  0.000000e+000  0.000000e+000  0.000000e+000  0.000000e+000  0.000000e+000  0.000000e+000  
0.000000e+000  0.000000e+000  0.000000e+000  0.000000e+000  0.000000e+000  0.000000e+000  0.000000e+000  0.000000e+000  0.000000e+000  0.000000e+000  0.000000e+000  0.000000e+000  0.000000e+000  0.000000e+000  0.000000e+000  0.000000e+000  0.000000e+000  
0.000000e+000  0.000000e+000  0.000000e+000  0.000000e+000  0.000000e+000  0.000000e+000  0.000000e+000  0.000000e+000  0.000000e+000  0.000000e+000  0.000000e+000  0.000000e+000  0.000000e+000  0.000000e+000  0.000000e+000  0.000000e+000  0.000000e+000  
0.000000e+000  0.000000e+000  0.000000e+000  0.000000e+000  0.000000e+000  0.000000e+000  0.000000e+000  0.000000e+000  0.000000e+000  0.000000e+000  0.000000e+000  0.000000e+000  0.000000e+000  0.000000e+000  0.000000e+000  0.000000e+000  0.000000e+000  
0.000000e+000  0.000000e+000  0.000000e+000  0.000000e+000  0.000000e+000  0.000000e+000  0.000000e+000  0.000000e+000  0.000000e+000  0.000000e+000  0.000000e+000  0.000000e+000  0.000000e+000  0.000000e+000  0.000000e+000  0.000000e+000  0.000000e+000  
0.000000e+000  0.000000e+000  0.000000e+000  0.000000e+000  0.000000e+000  0.000000e+000  0.000000e+000  0.000000e+000  0.000000e+000  0.000000e+000  0.000000e+000  0.000000e+000  0.000000e+000  0.000000e+000  0.000000e+000  0.000000e+000  0.000000e+000  
0.000000e+000  0.000000e+000  0.000000e+000  0.000000e+000  0.000000e+000  0.000000e+000  0.000000e+000  0.000000e+000  0.000000e+000  0.000000e+000  0.000000e+000  0.000000e+000  0.000000e+000  0.000000e+000  0.000000e+000  0.000000e+000  0.000000e+000  
0.000000e+000  0.000000e+000  0.000000e+000  0.000000e+000  0.000000e+000  0.000000e+000  0.000000e+000  0.000000e+000  0.000000e+000  0.000000e+000  0.000000e+000  0.000000e+000  0.000000e+000  0.000000e+000  0.000000e+000  0.000000e+000  0.000000e+000  
0.000000e+000  0.000000e+000  0.000000e+000  0.000000e+000  0.000000e+000  0.000000e+000  0.000000e+000  0.000000e+000  0.000000e+000  0.000000e+000  0.000000e+000  0.000000e+000  0.000000e+000  0.000000e+000  0.000000e+000  0.000000e+000  0.000000e+000  
0.000000e+000  0.000000e+000  0.000000e+000  0.000000e+000  0.000000e+000  0.000000e+000  0.000000e+000  0.000000e+000  0.000000e+000  0.000000e+000  0.000000e+000  0.000000e+000  0.000000e+000  0.000000e+000  0.000000e+000  0.000000e+000  0.000000e+000  
0.000000e+000  0.000000e+000  0.000000e+000  0.000000e+000  0.000000e+000  0.000000e+000  0.000000e+000  0.000000e+000  0.000000e+000  0.000000e+000  0.000000e+000  0.000000e+000  0.000000e+000  0.000000e+000  0.000000e+000  0.000000e+000  0.000000e+000  
0.000000e+000  0.000000e+000  0.000000e+000  0.000000e+000  0.000000e+000  0.000000e+000  0.000000e+000  0.000000e+000  0.000000e+000  0.000000e+000  0.000000e+000  0.000000e+000  0.000000e+000  0.000000e+000  0.000000e+000  0.000000e+000  0.000000e+000  

0.000000e+000  0.000000e+000  0.000000e+000  0.000000e+000  0.000000e+000  0.000000e+000  0.000000e+000  0.000000e+000  0.000000e+000  0.000000e+000  0.000000e+000  0.000000e+000  0.000000e+000  0.000000e+000  0.000000e+000  0.000000e+000  0.000000e+000  
0.000000e+000  0.000000e+000  0.000000e+000  0.000000e+000  0.000000e+000  0.000000e+000  0.000000e+000  0.000000e+000  0.000000e+000  0.000000e+000  0.000000e+000  0.000000e+000  0.000000e+000  0.000000e+000  0.000000e+000  0.000000e+000  0.000000e+000  
0.000000e+000  0.000000e+000  0.000000e+000  0.000000e+000  0.000000e+000  0.000000e+000  0.000000e+000  0.000000e+000  0.000000e+000  0.000000e+000  0.000000e+000  0.000000e+000  0.000000e+000  0.000000e+000  0.000000e+000  0.000000e+000  0.000000e+000  
0.000000e+000  0.000000e+000  0.000000e+000  0.000000e+000  0.000000e+000  0.000000e+000  0.000000e+000  0.000000e+000  0.000000e+000  0.000000e+000  0.000000e+000  0.000000e+000  0.000000e+000  0.000000e+000  0.000000e+000  0.000000e+000  0.000000e+000  
0.000000e+000  0.000000e+000  0.000000e+000  0.000000e+000  0.000000e+000  0.000000e+000  0.000000e+000  0.000000e+000  0.000000e+000  0.000000e+000  0.000000e+000  0.000000e+000  0.000000e+000  0.000000e+000  0.000000e+000  0.000000e+000  0.000000e+000  
0.000000e+000  0.000000e+000  0.000000e+000  0.000000e+000  0.000000e+000  0.000000e+000  0.000000e+000  0.000000e+000  0.000000e+000  0.000000e+000  0.000000e+000  0.000000e+000  0.000000e+000  0.000000e+000  0.000000e+000  0.000000e+000  0.000000e+000  
0.000000e+000  0.000000e+000  0.000000e+000  0.000000e+000  0.000000e+000  0.000000e+000  0.000000e+000  0.000000e+000  0.000000e+000  0.000000e+000  0.000000e+000  0.000000e+000  0.000000e+000  0.000000e+000  0.000000e+000  0.000000e+000  0.000000e+000  
0.000000e+000  0.000000e+000  0.000000e+000  0.000000e+000  0.000000e+000  0.000000e+000  0.000000e+000  0.000000e+000  0.000000e+000  0.000000e+000  0.000000e+000  0.000000e+000  0.000000e+000  0.000000e+000  0.000000e+000  0.000000e+000  0.000000e+000  
0.000000e+000  0.000000e+000  0.000000e+000  0.000000e+000  0.000000e+000  0.000000e+000  0.000000e+000  0.000000e+000  0.000000e+000  0.000000e+000  0.000000e+000  0.000000e+000  0.000000e+000  0.000000e+000  0.000000e+000  0.000000e+000  0.000000e+000  
0.000000e+000  0.000000e+000  0.000000e+000  0.000000e+000  0.000000e+000  0.000000e+000  0.000000e+000  0.000000e+000  0.000000e+000  0.000000e+000  0.000000e+000  0.000000e+000  0.000000e+000  0.000000e+000  0.000000e+000  0.000000e+000  0.000000e+000  
0.000000e+000  0.000000e+000  0.000000e+000  0.000000e+000  0.000000e+000  0.000000e+000  0.000000e+000  0.000000e+000  0.000000e+000  0.000000e+000  0.000000e+000  0.000000e+000  0.000000e+000  0.000000e+000  0.000000e+000  0.000000e+000  0.000000e+000  
0.000000e+000  0.000000e+000  0.000000e+000  0.000000e+000  0.000000e+000  0.000000e+000  0.000000e+000  0.000000e+000  0.000000e+000  0.000000e+000  0.000000e+000  0.000000e+000  0.000000e+000  0.000000e+000  0.000000e+000  0.000000e+000  0.000000e+000  
0.000000e+000  0.000000e+000  0.000000e+000  0.000000e+000  0.000000e+000  0.000000e+000  0.000000e+000  0.000000e+000  0.000000e+000  0.000000e+000  0.000000e+000  0.000000e+000  0.000000e+000  0.000000e+000  0.000000e+000  0.000000e+000  0.000000e+000  
0.000000e+000  0.000000e+000  0.000000e+000  0.000000e+000  0.000000e+000  0.000000e+000  0.000000e+000  0.000000e+000  0.000000e+000  0.000000e+000  0.000000e+000  0.000000e+000  0.000000e+000  0.000000e+000  0.000000e+000  0.000000e+000  0.000000e+000  
0.000000e+000  0.000000e+000  0.000000e+000  0.000000e+000  0.000000e+000  0.000000e+000  0.000000e+000  0.000000e+000  0.000000e+000  0.000000e+000  0.000000e+000  0.000000e+000  0.000000e+000  0.000000e+000  0.000000e+000  0.000000e+000  0.000000e+000  
0.000000e+000  0.000000e+000  0.000000e+000  0.000000e+000  0.000000e+000  0.000000e+000  0.000000e+000  0.000000e+000  0.000000e+000  0.000000e+000  0.000000e+000  0.000000e+000  0.000000e+000  0.000000e+000  0.000000e+000  0.000000e+000  0.000000e+000  
0.000000e+000  0.000000e+000  0.000000e+000  0.000000e+000  0.000000e+000  0.000000e+000  0.000000e+000  0.000000e+000  0.000000e+000  0.000000e+000  0.000000e+000  0.000000e+000  0.000000e+000  0.000000e+000  0.000000e+000  0.000000e+000  0.000000e+000  
0.000000e+000  0.000000e+000  0.000000e+000  0.000000e+000  0.000000e+000  0.000000e+000  0.000000e+000  0.000000e+000  0.000000e+000  0.000000e+000  0.000000e+000  0.000000e+000  0.000000e+000  0.000000e+000  0.000000e+000  0.000000e+000  0.000000e+000  
0.000000e+000  0.000000e+000  0.000000e+000  0.000000e+000  0.000000e+000  0.000000e+000  0.000000e+000  0.000000e+000  0.000000e+000  0.000000e+000  0.000000e+000  0.000000e+000  0.000000e+000  0.000000e+000  0.000000e+000  0.000000e+000  0.000000e+000  
0.000000e+000  0.000000e+000  0.000000e+000  0.000000e+000  0.000000e+000  0.000000e+000  0.000000e+000  0.000000e+000  0.000000e+000  0.000000e+000  0.000000e+000  0.000000e+000  0.000000e+000  0.000000e+000  0.000000e+000  0.000000e+000  0.000000e+000  
0.000000e+000  0.000000e+000  0.000000e+000  0.000000e+000  0.000000e+000  0.000000e+000  0.000000e+000  0.000000e+000  0.000000e+000  0.000000e+000  0.000000e+000  0.000000e+000  0.000000e+000  0.000000e+000  0.000000e+000  0.000000e+000  0.000000e+000  
0.000000e+000  0.000000e+000  0.000000e+000  0.000000e+000  0.000000e+000  0.000000e+000  0.000000e+000  0.000000e+000  0.000000e+000  0.000000e+000  0.000000e+000  0.000000e+000  0.000000e+000  0.000000e+000  0.000000e+000  0.000000e+000  0.000000e+000  
0.000000e+000  0.000000e+000  0.000000e+000  0.000000e+000  0.000000e+000  0.000000e+000  0.000000e+000  0.000000e+000  0.000000e+000  0.000000e+000  0.000000e+000  0.000000e+000  0.000000e+000  0.000000e+000  0.000000e+000  0.000000e+000  0.000000e+000  
0.000000e+000  0.000000e+000  0.000000e+000  0.000000e+000  0.000000e+000  0.000000e+000  0.000000e+000  0.000000e+000  0.000000e+000  0.000000e+000  0.000000e+000  0.000000e+000  0.000000e+000  0.000000e+000  0.000000e+000  0.000000e+000  0.000000e+000  
0.000000e+000  0.000000e+000  0.000000e+000  0.000000e+000  0.000000e+000  0.000000e+000  0.000000e+000  0.000000e+000  0.000000e+000  0.000000e+000  0.000000e+000  0.000000e+000  0.000000e+000  0.000000e+000  0.000000e+000  0.000000e+000  0.000000e+000  
0.000000e+000  0.000000e+000  0.000000e+000  0.000000e+000  0.000000e+000  0.000000e+000  0.000000e+000  0.000000e+000  0.000000e+000  0.000000e+000  0.000000e+000  0.000000e+000  0.000000e+000  0.000000e+000  0.000000e+000  0.000000e+000  0.000000e+000  
0.000000e+000  0.000000e+000  0.000000e+000  0.000000e+000  0.000000e+000  0.000000e+000  0.000000e+000  0.000000e+000  0.000000e+000  0.000000e+000  0.000000e+000  0.000000e+000  0.000000e+000  0.000000e+000  0.000000e+000  0.000000e+000  0.000000e+000  
0.000000e+000  0.000000e+000  0.000000e+000  0.000000e+000  0.000000e+000  0.000000e+000  0.000000e+000  0.000000e+000  0.000000e+000  0.000000e+000  0.000000e+000  0.000000e+000  0.000000e+000  0.000000e+000  0.000000e+000  0.000000e+000  0.000000e+000  
0.000000e+000  0.000000e+000  0.000000e+000  0.000000e+000  0.000000e+000  0.000000e+000  0.000000e+000  0.000000e+000  0.000000e+000  0.000000e+000  0.000000e+000  0.000000e+000  0.000000e+000  0.000000e+000  0.000000e+000  0.000000e+000  0.000000e+000  
0.000000e+000  0.000000e+000  0.000000e+000  0.000000e+000  0.000000e+000  0.000000e+000  0.000000e+000  0.000000e+000  0.000000e+000  0.000000e+000  0.000000e+000  0.000000e+000  0.000000e+000  0.000000e+000  0.000000e+000  0.000000e+000  0.000000e+000  
0.000000e+000  0.000000e+000  0.000000e+000  0.000000e+000  0.000000e+000  0.000000e+000  0.000000e+000  0.000000e+000  0.000000e+000  0.000000e+000  0.000000e+000  0.000000e+000  0.000000e+000  0.000000e+000  0.000000e+000  0.000000e+000  0.000000e+000  
0.000000e+000  0.000000e+000  0.000000e+000  0.000000e+000  0.000000e+000  0.000000e+000  0.000000e+000  0.000000e+000  0.000000e+000  0.000000e+000  0.000000e+000  0.000000e+000  0.000000e+000  0.000000e+000  0.000000e+000  0.000000e+000  0.000000e+000  
0.000000e+000  0.000000e+000  0.000000e+000  0.000000e+000  0.000000e+000  0.000000e+000  0.000000e+000  0.000000e+000  0.000000e+000  0.000000e+000  0.000000e+000  0.000000e+000  0.000000e+000  0.000000e+000  0.000000e+000  0.000000e+000  0.000000e+000  
0.000000e+000  0.000000e+000  0.000000e+000  0.000000e+000  0.000000e+000  0.000000e+000  0.000000e+000  0.000000e+000  0.000000e+000  0.000000e+000  0.000000e+000  0.000000e+000  0.000000e+000  0.000000e+000  0.000000e+000  0.000000e+000  0.000000e+000  
0.000000e+000  0.000000e+000  0.000000e+000  0.000000e+000  0.000000e+000  0.000000e+000  0.000000e+000  0.000000e+000  0.000000e+000  0.000000e+000  0.000000e+000  0.000000e+000  0.000000e+000  0.000000e+000  0.000000e+000  0.000000e+000  0.000000e+000  
0.000000e+000  0.000000e+000  0.000000e+000  0.000000e+000  0.000000e+000  0.000000e+000  0.000000e+000  0.000000e+000  0.000000e+000  0.000000e+000  0.000000e+000  0.000000e+000  0.000000e+000  0.000000e+000  0.000000e+000  0.000000e+000  0.000000e+000  

0.000000e+000  0.000000e+000  0.000000e+000  0.000000e+000  0.000000e+000  0.000000e+000  0.000000e+000  0.000000e+000  0.000000e+000  0.000000e+000  0.000000e+000  0.000000e+000  0.000000e+000  0.000000e+000  0.000000e+000  0.000000e+000  0.000000e+000  
0.000000e+000  0.000000e+000  0.000000e+000  0.000000e+000  0.000000e+000  0.000000e+000  0.000000e+000  0.000000e+000  0.000000e+000  0.000000e+000  0.000000e+000  0.000000e+000  0.000000e+000  0.000000e+000  0.000000e+000  0.000000e+000  0.000000e+000  
0.000000e+000  0.000000e+000  0.000000e+000  0.000000e+000  0.000000e+000  0.000000e+000  0.000000e+000  0.000000e+000  0.000000e+000  0.000000e+000  0.000000e+000  0.000000e+000  0.000000e+000  0.000000e+000  0.000000e+000  0.000000e+000  0.000000e+000  
0.000000e+000  0.000000e+000  0.000000e+000  0.000000e+000  0.000000e+000  0.000000e+000  0.000000e+000  0.000000e+000  0.000000e+000  0.000000e+000  0.000000e+000  0.000000e+000  0.000000e+000  0.000000e+000  0.000000e+000  0.000000e+000  0.000000e+000  
0.000000e+000  0.000000e+000  0.000000e+000  0.000000e+000  0.000000e+000  0.000000e+000  0.000000e+000  0.000000e+000  0.000000e+000  0.000000e+000  0.000000e+000  0.000000e+000  0.000000e+000  0.000000e+000  0.000000e+000  0.000000e+000  0.000000e+000  
0.000000e+000  0.000000e+000  0.000000e+000  0.000000e+000  0.000000e+000  0.000000e+000  0.000000e+000  0.000000e+000  0.000000e+000  0.000000e+000  0.000000e+000  0.000000e+000  0.000000e+000  0.000000e+000  0.000000e+000  0.000000e+000  0.000000e+000  
0.000000e+000  0.000000e+000  0.000000e+000  0.000000e+000  0.000000e+000  0.000000e+000  0.000000e+000  0.000000e+000  0.000000e+000  0.000000e+000  0.000000e+000  0.000000e+000  0.000000e+000  0.000000e+000  0.000000e+000  0.000000e+000  0.000000e+000  
0.000000e+000  0.000000e+000  0.000000e+000  0.000000e+000  0.000000e+000  0.000000e+000  0.000000e+000  0.000000e+000  0.000000e+000  0.000000e+000  0.000000e+000  0.000000e+000  0.000000e+000  0.000000e+000  0.000000e+000  0.000000e+000  0.000000e+000  
0.000000e+000  0.000000e+000  0.000000e+000  0.000000e+000  0.000000e+000  0.000000e+000  0.000000e+000  0.000000e+000  0.000000e+000  0.000000e+000  0.000000e+000  0.000000e+000  0.000000e+000  0.000000e+000  0.000000e+000  0.000000e+000  0.000000e+000  
0.000000e+000  0.000000e+000  0.000000e+000  0.000000e+000  0.000000e+000  0.000000e+000  0.000000e+000  0.000000e+000  0.000000e+000  0.000000e+000  0.000000e+000  0.000000e+000  0.000000e+000  0.000000e+000  0.000000e+000  0.000000e+000  0.000000e+000  
0.000000e+000  0.000000e+000  0.000000e+000  0.000000e+000  0.000000e+000  0.000000e+000  0.000000e+000  0.000000e+000  0.000000e+000  0.000000e+000  0.000000e+000  0.000000e+000  0.000000e+000  0.000000e+000  0.000000e+000  0.000000e+000  0.000000e+000  
0.000000e+000  0.000000e+000  0.000000e+000  0.000000e+000  0.000000e+000  0.000000e+000  0.000000e+000  0.000000e+000  0.000000e+000  0.000000e+000  0.000000e+000  0.000000e+000  0.000000e+000  0.000000e+000  0.000000e+000  0.000000e+000  0.000000e+000  
0.000000e+000  0.000000e+000  0.000000e+000  0.000000e+000  0.000000e+000  0.000000e+000  0.000000e+000  0.000000e+000  0.000000e+000  0.000000e+000  0.000000e+000  0.000000e+000  0.000000e+000  0.000000e+000  0.000000e+000  0.000000e+000  0.000000e+000  
0.000000e+000  0.000000e+000  0.000000e+000  0.000000e+000  0.000000e+000  0.000000e+000  0.000000e+000  0.000000e+000  0.000000e+000  0.000000e+000  0.000000e+000  0.000000e+000  0.000000e+000  0.000000e+000  0.000000e+000  0.000000e+000  0.000000e+000  
0.000000e+000  0.000000e+000  0.000000e+000  0.000000e+000  0.000000e+000  0.000000e+000  0.000000e+000  0.000000e+000  0.000000e+000  0.000000e+000  0.000000e+000  0.000000e+000  0.000000e+000  0.000000e+000  0.000000e+000  0.000000e+000  0.000000e+000  
0.000000e+000  0.000000e+000  0.000000e+000  0.000000e+000  0.000000e+000  0.000000e+000  0.000000e+000  0.000000e+000  0.000000e+000  0.000000e+000  0.000000e+000  0.000000e+000  0.000000e+000  0.000000e+000  0.000000e+000  0.000000e+000  0.000000e+000  
0.000000e+000  0.000000e+000  0.000000e+000  0.000000e+000  0.000000e+000  0.000000e+000  0.000000e+000  0.000000e+000  0.000000e+000  0.000000e+000  0.000000e+000  0.000000e+000  0.000000e+000  0.000000e+000  0.000000e+000  0.000000e+000  0.000000e+000  
0.000000e+000  0.000000e+000  0.000000e+000  0.000000e+000  0.000000e+000  0.000000e+000  0.000000e+000  0.000000e+000  0.000000e+000  0.000000e+000  0.000000e+000  0.000000e+000  0.000000e+000  0.000000e+000  0.000000e+000  0.000000e+000  0.000000e+000  
0.000000e+000  0.000000e+000  0.000000e+000  0.000000e+000  0.000000e+000  0.000000e+000  0.000000e+000  0.000000e+000  0.000000e+000  0.000000e+000  0.000000e+000  0.000000e+000  0.000000e+000  0.000000e+000  0.000000e+000  0.000000e+000  0.000000e+000  
0.000000e+000  0.000000e+000  0.000000e+000  0.000000e+000  0.000000e+000  0.000000e+000  0.000000e+000  0.000000e+000  0.000000e+000  0.000000e+000  0.000000e+000  0.000000e+000  0.000000e+000  0.000000e+000  0.000000e+000  0.000000e+000  0.000000e+000  
0.000000e+000  0.000000e+000  0.000000e+000  0.000000e+000  0.000000e+000  0.000000e+000  0.000000e+000  0.000000e+000  0.000000e+000  0.000000e+000  0.000000e+000  0.000000e+000  0.000000e+000  0.000000e+000  0.000000e+000  0.000000e+000  0.000000e+000  
0.000000e+000  0.000000e+000  0.000000e+000  0.000000e+000  0.000000e+000  0.000000e+000  0.000000e+000  0.000000e+000  0.000000e+000  0.000000e+000  0.000000e+000  0.000000e+000  0.000000e+000  0.000000e+000  0.000000e+000  0.000000e+000  0.000000e+000  
0.000000e+000  0.000000e+000  0.000000e+000  0.000000e+000  0.000000e+000  0.000000e+000  0.000000e+000  0.000000e+000  0.000000e+000  0.000000e+000  0.000000e+000  0.000000e+000  0.000000e+000  0.000000e+000  0.000000e+000  0.000000e+000  0.000000e+000  
0.000000e+000  0.000000e+000  0.000000e+000  0.000000e+000  0.000000e+000  0.000000e+000  0.000000e+000  0.000000e+000  0.000000e+000  0.000000e+000  0.000000e+000  0.000000e+000  0.000000e+000  0.000000e+000  0.000000e+000  0.000000e+000  0.000000e+000  
0.000000e+000  0.000000e+000  0.000000e+000  0.000000e+000  0.000000e+000  0.000000e+000  0.000000e+000  0.000000e+000  0.000000e+000  0.000000e+000  0.000000e+000  0.000000e+000  0.000000e+000  0.000000e+000  0.000000e+000  0.000000e+000  0.000000e+000  
0.000000e+000  0.000000e+000  0.000000e+000  0.000000e+000  0.000000e+000  0.000000e+000  0.000000e+000  0.000000e+000  0.000000e+000  0.000000e+000  0.000000e+000  0.000000e+000  0.000000e+000  0.000000e+000  0.000000e+000  0.000000e+000  0.000000e+000  
0.000000e+000  0.000000e+000  0.000000e+000  0.000000e+000  0.000000e+000  0.000000e+000  0.000000e+000  0.000000e+000  0.000000e+000  0.000000e+000  0.000000e+000  0.000000e+000  0.000000e+000  0.000000e+000  0.000000e+000  0.000000e+000  0.000000e+000  
0.000000e+000  0.000000e+000  0.000000e+000  0.000000e+000  0.000000e+000  0.000000e+000  0.000000e+000  0.000000e+000  0.000000e+000  0.000000e+000  0.000000e+000  0.000000e+000  0.000000e+000  0.000000e+000  0.000000e+000  0.000000e+000  0.000000e+000  
0.000000e+000  0.000000e+000  0.000000e+000  0.000000e+000  0.000000e+000  0.000000e+000  0.000000e+000  0.000000e+000  0.000000e+000  0.000000e+000  0.000000e+000  0.000000e+000  0.000000e+000  0.000000e+000  0.000000e+000  0.000000e+000  0.000000e+000  
0.000000e+000  0.000000e+000  0.000000e+000  0.000000e+000  0.000000e+000  0.000000e+000  0.000000e+000  0.000000e+000  0.000000e+000  0.000000e+000  0.000000e+000  0.000000e+000  0.000000e+000  0.000000e+000  0.000000e+000  0.000000e+000  0.000000e+000  
0.000000e+000  0.000000e+000  0.000000e+000  0.000000e+000  0.000000e+000  0.000000e+000  0.000000e+000  0.000000e+000  0.000000e+000  0.000000e+000  0.000000e+000  0.000000e+000  0.000000e+000  0.000000e+000  0.000000e+000  0.000000e+000  0.000000e+000  
0.000000e+000  0.000000e+000  0.000000e+000  0.000000e+000  0.000000e+000  0.000000e+000  0.000000e+000  0.000000e+000  0.000000e+000  0.000000e+000  0.000000e+000  0.000000e+000  0.000000e+000  0.000000e+000  0.000000e+000  0.000000e+000  0.000000e+000  
0.000000e+000  0.000000e+000  0.000000e+000  0.000000e+000  0.000000e+000  0.000000e+000  0.000000e+000  0.000000e+000  0.000000e+000  0.000000e+000  0.000000e+000  0.000000e+000  0.000000e+000  0.000000e+000  0.000000e+000  0.000000e+000  0.000000e+000  
0.000000e+000  0.000000e+000  0.000000e+000  0.000000e+000  0.000000e+000  0.000000e+000  0.000000e+000  0.000000e+000  0.000000e+000  0.000000e+000  0.000000e+000  0.000000e+000  0.000000e+000  0.000000e+000  0.000000e+000  0.000000e+000  0.000000e+000  
0.000000e+000  0.000000e+000  0.000000e+000  0.000000e+000  0.000000e+000  0.000000e+000  0.000000e+000  0.000000e+000  0.000000e+000  0.000000e+000  0.000000e+000  0.000000e+000  0.000000e+000  0.000000e+000  0.000000e+000  0.000000e+000  0.000000e+000  
0.000000e+000  0.000000e+000  0.000000e+000  0.000000e+000  0.000000e+000  0.000000e+000  0.000000e+000  0.000000e+000  0.000000e+000  0.000000e+000  0.000000e+000  0.000000e+000  0.000000e+000  0.000000e+000  0.000000e+000  0.000000e+000  0.000000e+000  

0.000000e+000  -6.428423e+000  -1.281851e+001  -1.913236e+001  -2.533300e+001  -2.598904e+001  -2.651873e+001  -2.693269e+001  -2.724251e+001  -2.746024e+001  -2.759799e+001  -2.766761e+001  -2.768043e+001  -2.756755e+001  -2.734516e+001  -2.651538e+001  -2.588721e+001  
0.000000e+000  -6.715605e+000  -1.338940e+001  -1.997999e+001  -2.644693e+001  -2.704706e+001  -2.750991e+001  -2.784975e+001  -2.808145e+001  -2.821987e+001  -2.827945e+001  -2.827382e+001  -2.821561e+001  -2.797599e+001  -2.765006e+001  -2.665493e+001  -2.596283e+001  
0.000000e+000  -8.051800e+000  -1.604683e+001  -2.392838e+001  -3.164002e+001  -3.191674e+001  -3.201167e+001  -3.195881e+001  -3.178977e+001  -3.153285e+001  -3.121261e+001  -3.084982e+001  -3.046168e+001  -2.965128e+001  -2.887365e+001  -2.719681e+001  -2.625274e+001  
0.000000e+000  -1.027162e+001  -2.047320e+001  -3.053172e+001  -4.036891e+001  -3.977687e+001  -3.897788e+001  -3.804928e+001  -3.705320e+001  -3.603696e+001  -3.503485e+001  -3.407036e+001  -3.315856e+001  -3.151951e+001  -3.014407e+001  -2.770695e+001  -2.651835e+001  
0.000000e+000  -1.342053e+001  -2.680840e+001  -4.011456e+001  -5.325929e+001  -5.058627e+001  -4.787050e+001  -4.525246e+001  -4.281681e+001  -4.060527e+001  -3.862985e+001  -3.688399e+001  -3.535087e+001  -3.285897e+001  -3.095201e+001  -2.800071e+001  -2.667891e+001  
0.000000e+000  -1.515971e+001  -3.040363e+001  -4.578031e+001  -6.126817e+001  -5.651218e+001  -5.211740e+001  -4.821458e+001  -4.483536e+001  -4.195273e+001  -3.951177e+001  -3.744898e+001  -3.570285e+001  -3.299617e+001  -3.099854e+001  -2.802536e+001  -2.670825e+001  
0.000000e+000  -1.654034e+001  -3.342390e+001  -5.093437e+001  -6.922076e+001  -6.146147e+001  -5.493285e+001  -4.962359e+001  -4.537725e+001  -4.199535e+001  -3.929103e+001  -3.710854e+001  -3.532536e+001  -3.267558e+001  -3.076956e+001  -2.796631e+001  -2.670429e+001  
0.000000e+000  -1.670467e+001  -3.393258e+001  -5.215629e+001  -7.169639e+001  -6.239039e+001  -5.496603e+001  -4.921426e+001  -4.479600e+001  -4.138658e+001  -3.872386e+001  -3.661084e+001  -3.490373e+001  -3.239436e+001  -3.059412e+001  -2.792007e+001  -2.669443e+001  
0.000000e+000  -1.649397e+001  -3.372700e+001  -5.243205e+001  -7.321582e+001  -6.224819e+001  -5.404676e+001  -4.804945e+001  -4.364868e+001  -4.036480e+001  -3.785861e+001  -3.589885e+001  -3.432844e+001  -3.203141e+001  -3.037636e+001  -2.786291e+001  -2.668041e+001  
0.000000e+000  -1.575545e+001  -3.246991e+001  -5.122164e+001  -7.312870e+001  -6.050999e+001  -5.185901e+001  -4.597227e+001  -4.187036e+001  -3.891088e+001  -3.669661e+001  -3.498187e+001  -3.361115e+001  -3.159645e+001  -3.012300e+001  -2.779700e+001  -2.666303e+001  
0.000000e+000  -1.433351e+001  -2.976128e+001  -4.776282e+001  -7.040840e+001  -5.646173e+001  -4.806890e+001  -4.286952e+001  -3.944459e+001  -3.704305e+001  -3.526482e+001  -3.388612e+001  -3.277448e+001  -3.110408e+001  -2.984287e+001  -2.772489e+001  -2.664322e+001  
0.000000e+000  -1.278458e+001  -2.658803e+001  -4.309242e+001  -6.554650e+001  -5.138706e+001  -4.407897e+001  -3.992435e+001  -3.728325e+001  -3.544458e+001  -3.407248e+001  -3.299154e+001  -3.210210e+001  -3.071623e+001  -2.962580e+001  -2.766955e+001  -2.662768e+001  
0.000000e+000  -1.084075e+001  -2.236896e+001  -3.612051e+001  -5.681152e+001  -4.411874e+001  -3.908742e+001  -3.650586e+001  -3.487733e+001  -3.370932e+001  -3.279950e+001  -3.204810e+001  -3.140005e+001  -3.031662e+001  -2.940471e+001  -2.761361e+001  -2.661175e+001  
0.000000e+000  -8.630134e+000  -1.728893e+001  -2.646624e+001  -4.126505e+001  -3.439211e+001  -3.331967e+001  -3.279381e+001  -3.233635e+001  -3.190392e+001  -3.148827e+001  -3.108391e+001  -3.068747e+001  -2.991512e+001  -2.918467e+001  -2.755832e+001  -2.659587e+001  
0.000000e+000  -6.407221e+000  -1.200638e+001  -1.463946e+001  0.000000e+000  -2.280471e+001  -2.738845e+001  -2.907258e+001  -2.980003e+001  -3.010569e+001  -3.018580e+001  -3.012943e+001  -2.998478e+001  -2.952203e+001  -2.897085e+001  -2.750494e+001  -2.658042e+001  
0.000000e+000  -4.046767e+000  -6.972967e+000  -6.863215e+000  0.000000e+000  -1.416366e+001  -2.125913e+001  -2.483632e+001  -2.681217e+001  -2.795851e+001  -2.862290e+001  -2.898318e+001  -2.914201e+001  -2.905303e+001  -2.871743e+001  -2.744206e+001  -2.656212e+001  
0.000000e+000  -2.373092e+000  -3.801157e+000  -3.230075e+000  0.000000e+000  -9.794457e+000  -1.695171e+001  -2.143881e+001  -2.426753e+001  -2.607662e+001  -2.723430e+001  -2.795868e+001  -2.838720e+001  -2.863395e+001  -2.849208e+001  -2.738645e+001  -2.654587e+001  
0.000000e+000  -7.640345e-001  -1.135622e+000  -8.571386e-001  0.000000e+000  -6.447511e+000  -1.248655e+001  -1.724157e+001  -2.079634e+001  -2.336647e+001  -2.517654e+001  -2.641858e+001  -2.724473e+001  -2.799951e+001  -2.815256e+001  -2.730324e+001  -2.652144e+001  
0.000000e+000  -7.640345e-001  -1.135622e+000  -8.571386e-001  0.000000e+000  -6.447511e+000  -1.248655e+001  -1.724157e+001  -2.079634e+001  -2.336647e+001  -2.517654e+001  -2.641858e+001  -2.724473e+001  -2.799951e+001  -2.815256e+001  -2.730324e+001  -2.652144e+001  
0.000000e+000  -2.373092e+000  -3.801157e+000  -3.230075e+000  0.000000e+000  -9.794457e+000  -1.695171e+001  -2.143881e+001  -2.426753e+001  -2.607662e+001  -2.723430e+001  -2.795868e+001  -2.838720e+001  -2.863395e+001  -2.849208e+001  -2.738645e+001  -2.654587e+001  
0.000000e+000  -4.046767e+000  -6.972967e+000  -6.863216e+000  0.000000e+000  -1.416366e+001  -2.125913e+001  -2.483632e+001  -2.681217e+001  -2.795851e+001  -2.862290e+001  -2.898318e+001  -2.914201e+001  -2.905303e+001  -2.871743e+001  -2.744206e+001  -2.656212e+001  
0.000000e+000  -6.407221e+000  -1.200638e+001  -1.463946e+001  0.000000e+000  -2.280471e+001  -2.738845e+001  -2.907258e+001  -2.980003e+001  -3.010569e+001  -3.018580e+001  -3.012943e+001  -2.998478e+001  -2.952203e+001  -2.897085e+001  -2.750494e+001  -2.658042e+001  
0.000000e+000  -8.630134e+000  -1.728893e+001  -2.646624e+001  -4.126505e+001  -3.439211e+001  -3.331967e+001  -3.279381e+001  -3.233635e+001  -3.190392e+001  -3.148827e+001  -3.108391e+001  -3.068747e+001  -2.991512e+001  -2.918467e+001  -2.755832e+001  -2.659587e+001  
0.000000e+000  -1.084075e+001  -2.236896e+001  -3.612051e+001  -5.681152e+001  -4.411874e+001  -3.908741e+001  -3.650586e+001  -3.487733e+001  -3.370932e+001  -3.279950e+001  -3.204810e+001  -3.140005e+001  -3.031662e+001  -2.940471e+001  -2.761361e+001  -2.661175e+001  
0.000000e+000  -1.278458e+001  -2.658803e+001  -4.309242e+001  -6.554650e+001  -5.138706e+001  -4.407897e+001  -3.992435e+001  -3.728325e+001  -3.544458e+001  -3.407248e+001  -3.299154e+001  -3.210210e+001  -3.071623e+001  -2.962580e+001  -2.766955e+001  -2.662768e+001  
0.000000e+000  -1.433351e+001  -2.976128e+001  -4.776282e+001  -7.040840e+001  -5.646173e+001  -4.806890e+001  -4.286952e+001  -3.944459e+001  -3.704305e+001  -3.526482e+001  -3.388612e+001  -3.277448e+001  -3.110408e+001  -2.984287e+001  -2.772489e+001  -2.664322e+001  
0.000000e+000  -1.575545e+001  -3.246991e+001  -5.122164e+001  -7.312870e+001  -6.050999e+001  -5.185901e+001  -4.597227e+001  -4.187036e+001  -3.891088e+001  -3.669661e+001  -3.498187e+001  -3.361115e+001  -3.159645e+001  -3.012300e+001  -2.779700e+001  -2.666303e+001  
0.000000e+000  -1.649397e+001  -3.372700e+001  -5.243205e+001  -7.321582e+001  -6.224819e+001  -5.404676e+001  -4.804945e+001  -4.364868e+001  -4.036480e+001  -3.785861e+001  -3.589885e+001  -3.432844e+001  -3.203141e+001  -3.037636e+001  -2.786291e+001  -2.668041e+001  
0.000000e+000  -1.670467e+001  -3.393258e+001  -5.215629e+001  -7.169639e+001  -6.239039e+001  -5.496603e+001  -4.921426e+001  -4.479600e+001  -4.138658e+001  -3.872386e+001  -3.661084e+001  -3.490373e+001  -3.239436e+001  -3.059412e+001  -2.792007e+001  -2.669443e+001  
0.000000e+000  -1.654034e+001  -3.342390e+001  -5.093437e+001  -6.922076e+001  -6.146147e+001  -5.493285e+001  -4.962359e+001  -4.537725e+001  -4.199535e+001  -3.929103e+001  -3.710854e+001  -3.532536e+001  -3.267558e+001  -3.076956e+001  -2.796631e+001  -2.670429e+001  
0.000000e+000  -1.515971e+001  -3.040363e+001  -4.578031e+001  -6.126817e+001  -5.651217e+001  -5.211740e+001  -4.821458e+001  -4.483536e+001  -4.195273e+001  -3.951177e+001  -3.744898e+001  -3.570285e+001  -3.299617e+001  -3.099854e+001  -2.802536e+001  -2.670825e+001  
0.000000e+000  -1.342053e+001  -2.680840e+001  -4.011456e+001  -5.325929e+001  -5.058627e+001  -4.787050e+001  -4.525246e+001  -4.281681e+001  -4.060527e+001  -3.862985e+001  -3.688399e+001  -3.535087e+001  -3.285897e+001  -3.095201e+001  -2.800071e+001  -2.667891e+001  
0.000000e+000  -1.027162e+001  -2.047320e+001  -3.053172e+001  -4.036891e+001  -3.977687e+001  -3.897788e+001  -3.804928e+001  -3.705320e+001  -3.603696e+001  -3.503485e+001  -3.407036e+001  -3.315856e+001  -3.151951e+001  -3.014407e+001  -2.770695e+001  -2.651835e+001  
0.000000e+000  -8.051800e+000  -1.604683e+001  -2.392838e+001  -3.164002e+001  -3.191674e+001  -3.201167e+001  -3.195881e+001  -3.178977e+001  -3.153285e+001  -3.121261e+001  -3.084982e+001  -3.046168e+001  -2.965128e+001  -2.887365e+001  -2.719681e+001  -2.625274e+001  
0.000000e+000  -6.715605e+000  -1.338940e+001  -1.997999e+001  -2.644693e+001  -2.704706e+001  -2.750991e+001  -2.784975e+001  -2.808145e+001  -2.821987e+001  -2.827945e+001  -2.827382e+001  -2.821561e+001  -2.797599e+001  -2.765006e+001  -2.665493e+001  -2.596283e+001  
0.000000e+000  -6.428423e+000  -1.281851e+001  -1.913236e+001  -2.533300e+001  -2.598904e+001  -2.651873e+001  -2.693269e+001  -2.724251e+001  -2.746024e+001  -2.759799e+001  -2.766761e+001  -2.768043e+001  -2.756755e+001  -2.734516e+001  -2.651538e+001  -2.588721e+001  

