2025-10-09 15:06:53   Build version: 2025.4 Release from 2025-04-11 (change 1409410)

2025-10-09 15:06:53   Starting adaptive port meshing.

                      ------------------------------------------------------------------------------
2025-10-09 15:06:53   Mode calculation for port 1:

                      ------------------------------------------------------------------------------
2025-10-09 15:06:53   According to the selected features the <Time Domain Solver (HEX)> will be
                      started.

                      ------------------------------------------------------------------------------
2025-10-09 15:06:53   

                      ------------------------------------------------------------------------------
2025-10-09 15:06:53   

                      ------------------------------------------------------------------------------
2025-10-09 15:06:57   Using Generalized port mode solver.

                      ------------------------------------------------------------------------------
2025-10-09 15:06:57   Port mode solver: Detected dispersive material(s) at port 1. 
                      Using a constant approximation of dispersive material(s) at 2.4 GHz and neglecting loss terms.  More...

                      ------------------------------------------------------------------------------
2025-10-09 15:06:58     -------------------------------- F-Calc 2.4 --------------------------------
                        Port   Mode   Type        Z-Wave        Z-Wave-Sigma  Z-Line        F-Cutoff
                        1      1      QTEM        207           0             60.1          ---
                        ----------------------------------------------------------------------------

2025-10-09 15:07:00   Pass 1 successfully completed. 
2025-10-09 15:07:00   According to the selected features the <Time Domain Solver (HEX)> will be
                      started.

                      ------------------------------------------------------------------------------
2025-10-09 15:07:00   

                      ------------------------------------------------------------------------------
2025-10-09 15:07:00   

                      ------------------------------------------------------------------------------
2025-10-09 15:07:07     -------------------------------- F-Calc 2.4 --------------------------------
                        Port   Mode   Type        Z-Wave        Z-Wave-Sigma  Z-Line        F-Cutoff
                        1      1      QTEM        210           0             62.9          ---
                        ----------------------------------------------------------------------------

2025-10-09 15:07:10   Pass 2 successfully completed. Delta (Line Imp.): 4.41%
2025-10-09 15:07:10   According to the selected features the <Time Domain Solver (HEX)> will be
                      started.

                      ------------------------------------------------------------------------------
2025-10-09 15:07:11   

                      ------------------------------------------------------------------------------
2025-10-09 15:07:11   

                      ------------------------------------------------------------------------------
2025-10-09 15:07:16     -------------------------------- F-Calc 2.4 --------------------------------
                        Port   Mode   Type        Z-Wave        Z-Wave-Sigma  Z-Line        F-Cutoff
                        1      1      QTEM        249           1.01e-007     62.7          ---
                        ----------------------------------------------------------------------------

2025-10-09 15:07:18   Pass 3 successfully completed. Delta (Line Imp.): 0.37%
2025-10-09 15:07:18   According to the selected features the <Time Domain Solver (HEX)> will be
                      started.

                      ------------------------------------------------------------------------------
2025-10-09 15:07:18   

                      ------------------------------------------------------------------------------
2025-10-09 15:07:18   

                      ------------------------------------------------------------------------------
2025-10-09 15:07:27     -------------------------------- F-Calc 2.4 --------------------------------
                        Port   Mode   Type        Z-Wave        Z-Wave-Sigma  Z-Line        F-Cutoff
                        1      1      QTEM        252           1.97e-007     62.7          ---
                        ----------------------------------------------------------------------------

2025-10-09 15:07:30   Pass 4 successfully completed. Delta (Line Imp.): 0.01%
2025-10-09 15:07:30   Adaptive port meshing finished. 

                      ------------------------------------------------------------------------------
2025-10-09 15:07:33   The following farfield monitor(s) have been adjusted to model box [-54.2138,
                      54.2138, -49.5366, 44.614, -5.03077, 16.1117]:
                        farfield (f=2.4417).
                      For further information please check the page "Special Solver Parameters -
                      Solver" in the Online Help.

                      ------------------------------------------------------------------------------
2025-10-09 15:07:33   According to the selected features the <Time Domain Solver (HEX)> will be
                      started.

                      ------------------------------------------------------------------------------
2025-10-09 15:07:33   
                      Solver started at: 2025-10-09 15:07:33 +0200

                        Module:  Time Domain: S-Parameter (Win 64)
                        Version: 2025.4 Release from 2025-04-11 (change 1409410)

2025-10-09 15:07:33   

                      ------------------------------------------------------------------------------
2025-10-09 15:07:33   

                      ------------------------------------------------------------------------------
2025-10-09 15:07:33   ======================================================================
                       Solver cycle: 1
                      ======================================================================

                      Stimulation at port 1 (mode 1) 



                      ------------------------------------------------------------------------------
2025-10-09 15:07:33   Units settings: 

                        Dimensions: mm
                        Frequency:  GHz
                        Time:       ns

                      ------------------------------------------------------------------------------
2025-10-09 15:07:33   The dispersive material update [Automatic] will be performed using the "Standard" update schema

                      ------------------------------------------------------------------------------
2025-10-09 15:07:52   Mesh statistics:

                         Hexahedral mesh type: Perfect Boundary Approximation (PBA)
                            Version: default

                         Parallelization type: domain decomposition
                            Number of parallel working threads: 2
                            Number of calculation domains used: 2

                         Used point accuracy enhancement value: 75.00%.
                         Acceleration mode: CPU
                         Used point accuracy enhancement value: 74.00%.
                         PBA fill limit: 99.00% (inverse)
2025-10-09 10:28:52      current system memory usage reached 80%

2025-10-09 13:17:49      *** Warning ***  current system memory usage reached 90% (15 GB)

2025-10-09 13:17:54      *** Warning ***  current system memory usage reached 90% (15 GB)


2025-10-09 15:07:55   Using Generalized port mode solver.

                      ------------------------------------------------------------------------------
2025-10-09 15:07:56   Port mode solver: Detected dispersive material(s) at port 1. 
                      Using a constant approximation of dispersive material(s) at 2.4 GHz and neglecting loss terms.  More...

                      ------------------------------------------------------------------------------
2025-10-09 15:07:57   Boundary conditions: 

                        YZsymmetry: none
                        XZsymmetry: none
                        XYsymmetry: none

                        Xmin: expanded open, 4 Layer, depth 34.778 mm
                        Xmax: expanded open, 4 Layer, depth 34.778 mm

                        Ymin: expanded open, 4 Layer, depth 32.9296 mm
                        Ymax: expanded open, 4 Layer, depth 34.8094 mm

                        Zmin: expanded open, 4 Layer, depth 34.9838 mm
                        Zmax: expanded open, 4 Layer, depth 37.8858 mm

                        PML-Type: Convolution PML

                      ------------------------------------------------------------------------------
2025-10-09 15:07:57   Frequency settings: 

                        Fmin:         2.2
                        Fmax:         2.6
                        Nfsteps(lin): 1001

                      ------------------------------------------------------------------------------
2025-10-09 15:07:57   Field update statistics:

                        Number of components in total: 	347170
                        Number of TST and special elements:	228
                        Number of lossy metal components:	8108
                        Number of disp. elements:		4596

                      Subcycling state:      			Automatically deactivated

                      ------------------------------------------------------------------------------
2025-10-09 15:07:57   Waveguide boundaries:

2025-10-09 15:07:57   Port: 1

2025-10-09 15:07:58     -------------------------------- F-Calc 2.4 --------------------------------
                        Port   Mode   Type        Z-Wave        Z-Wave-Sigma  Z-Line        F-Cutoff
                        1      1      QTEM        207           0             62.7          ---
                        ----------------------------------------------------------------------------

2025-10-09 15:07:58   Using standard absorber for unconsidered modes at port 1.

                      ------------------------------------------------------------------------------
2025-10-09 15:08:40   
                      --------------------------------------------------------------------------------
2025-10-09 15:08:40   Steady state energy criterion met, solver finished successfully.

                      ------------------------------------------------------------------------------
2025-10-09 15:08:40   Frequency domain results normalized to default signal.


                      ------------------------------------------------------------------------------
2025-10-09 15:08:40   
                        ----------------------------------------------------------------------------
                                            Peak memory used (kB)         Free physical memory (kB) 
                                                                          At begin     Minimum      
                        ----------------------------------------------------------------------------
                        Matrices calc.      101640                        1989257      1206054      
                        Solver run total    75444                         2037152      1946760      
                        ----------------------------------------------------------------------------

                      --------------------------------------------------------------------------------
                      Solver Statistics:

                        Hardware:
                           Computer name:                 	Heu 

                           Number of CPU threads:               4
                           Hardware info:                  	Hardware Accelerator Device not activated

                        Number of mesh cells:             	55296
                        Excitation duration:              	1.77727437e+001 ns 
                        Calculation time for excitation:  	0 	s
                        Number of calculated pulse widths:	1.1532 
                        Steady state accuracy limit:      	-40	dB 
                        Simulated number of time steps:   	8100 
                        Maximum number of time steps:     	140479 
                        Time step width:
                           without subcycles:             	2.530305710e-003 ns
                           used:                          	2.530305710e-003 ns

                        Matrix calculation time:          	18 	s
                        Solver setup time:                	10 	s
                        Solver loop time:                 	34 	s
                        Solver post-processing time:      	2 	s
                                                          	------------
                        Total solver time:                	64 	s  ( = 0 h, 1 m, 4 s )

                      ------------------------------------------------------------------------------
2025-10-09 15:08:41   
                        Adaptive port meshing time:          	39     	s
                        Total solver time (all cycles):      	64     	s  ( = 0 h, 1 m, 4 s )
                        Solver initialization and clean-up:  	4      	s
                                                             	------------
                        Total simulation time:               	107    	s  ( = 0 h, 1 m, 47 s )

                      ------------------------------------------------------------------------------
2025-10-09 15:08:41   Solver finished at: 2025-10-09 15:08:41 +0200



                      ------------------------------------------------------------------------------
2025-10-09 15:08:44   Creating parametric 1D results for Run ID 6

                      ------------------------------------------------------------------------------
