2025-10-23 10:42:51   Build version: 2025.4 Release from 2025-04-11 (change 1409410)

2025-10-23 10:42:51   Starting adaptive port meshing.

                      ------------------------------------------------------------------------------
2025-10-23 10:42:51   Mode calculation for port 1:

                      ------------------------------------------------------------------------------
2025-10-23 10:42:51   According to the selected features the <Time Domain Solver (HEX)> will be
                      started.

                      ------------------------------------------------------------------------------
2025-10-23 10:42:51   

                      ------------------------------------------------------------------------------
2025-10-23 10:42:51   

                      ------------------------------------------------------------------------------
2025-10-23 10:42:56   Using Generalized port mode solver.

                      ------------------------------------------------------------------------------
2025-10-23 10:42:56   Using electric shielding for port 1.

                      ------------------------------------------------------------------------------
2025-10-23 10:42:57   Port mode solver: Detected dispersive material(s) at port 1. 
                      Using a constant approximation of dispersive material(s) at 2.4 GHz and neglecting loss terms.  More...

                      ------------------------------------------------------------------------------
2025-10-23 10:42:59     -------------------------------- F-Calc 2.4 --------------------------------
                        Port   Mode   Type        Z-Wave        Z-Wave-Sigma  Z-Line        F-Cutoff
                        1      1      QTEM        208           3.08e-010     48.5          ---
                        ----------------------------------------------------------------------------

2025-10-23 10:43:01   Pass 1 successfully completed. 
2025-10-23 10:43:01   According to the selected features the <Time Domain Solver (HEX)> will be
                      started.

                      ------------------------------------------------------------------------------
2025-10-23 10:43:01   

                      ------------------------------------------------------------------------------
2025-10-23 10:43:01   

                      ------------------------------------------------------------------------------
2025-10-23 10:43:09     -------------------------------- F-Calc 2.4 --------------------------------
                        Port   Mode   Type        Z-Wave        Z-Wave-Sigma  Z-Line        F-Cutoff
                        1      1      QTEM        247           6.22e-008     48.7          ---
                        ----------------------------------------------------------------------------

2025-10-23 10:43:10   Pass 2 successfully completed. Delta (Line Imp.): 0.48%
2025-10-23 10:43:10   According to the selected features the <Time Domain Solver (HEX)> will be
                      started.

                      ------------------------------------------------------------------------------
2025-10-23 10:43:11   

                      ------------------------------------------------------------------------------
2025-10-23 10:43:11   

                      ------------------------------------------------------------------------------
2025-10-23 10:43:19     -------------------------------- F-Calc 2.4 --------------------------------
                        Port   Mode   Type        Z-Wave        Z-Wave-Sigma  Z-Line        F-Cutoff
                        1      1      QTEM        250           1.11e-008     48.9          ---
                        ----------------------------------------------------------------------------

2025-10-23 10:43:21   Pass 3 successfully completed. Delta (Line Imp.): 0.29%
2025-10-23 10:43:21   Adaptive port meshing finished. 

                      ------------------------------------------------------------------------------
2025-10-23 10:43:21   The following farfield monitor(s) have been adjusted to model box [-29.1737,
                      29.1737, -31.22, 27.0737, -3.44871, 13.2535]:
                        farfield (f=2.4417).
                      For further information please check the page "Special Solver Parameters -
                      Solver" in the Online Help.

                      ------------------------------------------------------------------------------
2025-10-23 10:43:21   According to the selected features the <Time Domain Solver (HEX)> will be
                      started.

                      ------------------------------------------------------------------------------
2025-10-23 10:43:22   
                      Solver started at: 2025-10-23 10:43:22 +0200

                        Module:  Time Domain: S-Parameter (Win 64)
                        Version: 2025.4 Release from 2025-04-11 (change 1409410)

2025-10-23 10:43:22   

                      ------------------------------------------------------------------------------
2025-10-23 10:43:22   

                      ------------------------------------------------------------------------------
2025-10-23 10:43:22   ======================================================================
                       Solver cycle: 1
                      ======================================================================

                      Stimulation at port 1 (mode 1) 



                      ------------------------------------------------------------------------------
2025-10-23 10:43:22   Units settings: 

                        Dimensions: mm
                        Frequency:  GHz
                        Time:       ns

                      ------------------------------------------------------------------------------
2025-10-23 10:43:22   The dispersive material update [Automatic] will be performed using the "Standard" update schema

                      ------------------------------------------------------------------------------
2025-10-23 10:43:38   Mesh statistics:

                         Hexahedral mesh type: Perfect Boundary Approximation (PBA)
                            Version: default

                         Parallelization type: domain decomposition
                            Number of parallel working threads: 2
                            Number of calculation domains used: 2

                         Used point accuracy enhancement value: 65.00%.
                         Acceleration mode: CPU
                         PBA fill limit: 99.00% (inverse)
                         Used point accuracy enhancement value: 64.00%.
2025-10-23 09:39:11      current system memory usage reached 80%
2025-10-23 09:40:45      current system memory usage reached 80%
2025-10-23 09:43:55      current system memory usage reached 80%
2025-10-23 09:45:26      current system memory usage reached 80%
2025-10-23 09:47:00      current system memory usage reached 80%
2025-10-23 09:47:01      current system memory usage reached 80%
2025-10-23 09:48:58      current system memory usage reached 80%
                         Used point accuracy enhancement value: 66.00%.
                         Used point accuracy enhancement value: 75.00%.

2025-10-23 09:24:45      *** Warning ***  current system memory usage reached 85% (14 GB)

2025-10-23 09:58:19      *** Warning ***  current system memory usage reached 85% (14 GB)

2025-10-23 10:31:18      *** Warning ***  current system memory usage reached 85% (14 GB)


2025-10-23 10:43:41   Using Generalized port mode solver.

                      ------------------------------------------------------------------------------
2025-10-23 10:43:41   Using electric shielding for port 1.

                      ------------------------------------------------------------------------------
2025-10-23 10:43:42   Port mode solver: Detected dispersive material(s) at port 1. 
                      Using a constant approximation of dispersive material(s) at 2.4 GHz and neglecting loss terms.  More...

                      ------------------------------------------------------------------------------
2025-10-23 10:43:42   Boundary conditions: 

                        YZsymmetry: none
                        XZsymmetry: none
                        XYsymmetry: none

                        Xmin: expanded open, 4 Layer, depth 31.5218 mm
                        Xmax: expanded open, 4 Layer, depth 31.5218 mm

                        Ymin: expanded open, 4 Layer, depth 35.9731 mm
                        Ymax: expanded open, 4 Layer, depth 31.5218 mm

                        Zmin: expanded open, 4 Layer, depth 31.7706 mm
                        Zmax: expanded open, 4 Layer, depth 37.6656 mm

                        PML-Type: Convolution PML

                      ------------------------------------------------------------------------------
2025-10-23 10:43:42   Frequency settings: 

                        Fmin:         2.2
                        Fmax:         2.6
                        Nfsteps(lin): 1001

                      ------------------------------------------------------------------------------
2025-10-23 10:43:43   Field update statistics:

                        Number of components in total: 	546829
                        Number of TST and special elements:	404
                        Number of lossy metal components:	10524
                        Number of disp. elements:		10642

                      Subcycling state:      			Automatically deactivated

                      ------------------------------------------------------------------------------
2025-10-23 10:43:43   Waveguide boundaries:

2025-10-23 10:43:43   Port: 1

2025-10-23 10:43:43     -------------------------------- F-Calc 2.4 --------------------------------
                        Port   Mode   Type        Z-Wave        Z-Wave-Sigma  Z-Line        F-Cutoff
                        1      1      QTEM        208           3.16e-010     48.9          ---
                        ----------------------------------------------------------------------------

2025-10-23 10:43:44   Using standard absorber for unconsidered modes at port 1.

                      ------------------------------------------------------------------------------
2025-10-23 10:44:41   
                      --------------------------------------------------------------------------------
2025-10-23 10:44:41   Steady state energy criterion met, solver finished successfully.

                      ------------------------------------------------------------------------------
2025-10-23 10:44:41   Frequency domain results normalized to default signal.


                      ------------------------------------------------------------------------------
2025-10-23 10:44:41   
                        ----------------------------------------------------------------------------
                                            Peak memory used (kB)         Free physical memory (kB) 
                                                                          At begin     Minimum      
                        ----------------------------------------------------------------------------
                        Matrices calc.      147238                        1989257      1206054      
                        Solver run total    89260                         3144676      2737408      
                        ----------------------------------------------------------------------------

                      --------------------------------------------------------------------------------
                      Solver Statistics:

                        Hardware:
                           Computer name:                 	Heu 

                           Number of CPU threads:               4
                           Hardware info:                  	Hardware Accelerator Device not activated

                        Number of mesh cells:             	87768
                        Excitation duration:              	1.77727437e+001 ns 
                        Calculation time for excitation:  	0 	s
                        Number of calculated pulse widths:	1.02038 
                        Steady state accuracy limit:      	-40	dB 
                        Simulated number of time steps:   	12922 
                        Maximum number of time steps:     	253277 
                        Time step width:
                           without subcycles:             	1.403421681e-003 ns
                           used:                          	1.403421681e-003 ns

                        Matrix calculation time:          	16 	s
                        Solver setup time:                	10 	s
                        Solver loop time:                 	48 	s
                        Solver post-processing time:      	4 	s
                                                          	------------
                        Total solver time:                	78 	s  ( = 0 h, 1 m, 18 s )

                      ------------------------------------------------------------------------------
2025-10-23 10:44:43   
                        Adaptive port meshing time:          	32     	s
                        Total solver time (all cycles):      	78     	s  ( = 0 h, 1 m, 18 s )
                        Solver initialization and clean-up:  	3      	s
                                                             	------------
                        Total simulation time:               	113    	s  ( = 0 h, 1 m, 53 s )

                      ------------------------------------------------------------------------------
2025-10-23 10:44:43   Solver finished at: 2025-10-23 10:44:43 +0200



                      ------------------------------------------------------------------------------
2025-10-23 10:44:46   Creating parametric 1D results for Run ID 1

                      ------------------------------------------------------------------------------
