Port monitor named: Port1_h1.prt

nx        = 39
ny        = 4
nz        = 19

nu        = 17
nv        = 37
iu        = 2
iv        = 2

idir      = 1
dcut      = -4.860000e-002
icut      = 2
type      = 1
frequency = 2.400000e+009

fcutoff   = 0.000000e+000
alpha     = 0.000000e+000
beta      = 9.599673e+001
accuracy  = 1.875814e-010

type          = QTEM
wave imp.     = 2.478276e+002
wave imp.sig. = 2.354534e-008
line imp.     = 3.207011e+001

ref. port     = 0

-0.000000e+000  1.064795e-002  2.106763e-002  3.104194e-002  4.037505e-002  4.988686e-002  5.829685e-002  6.549863e-002  7.144296e-002  7.613359e-002  7.962000e-002  8.198827e-002  8.335136e-002  8.345300e-002  8.120378e-002  6.949069e-002  6.021967e-002  
-0.000000e+000  3.901874e-002  7.708396e-002  1.132965e-001  1.468602e-001  1.805951e-001  2.098482e-001  2.342696e-001  2.537604e-001  2.684420e-001  2.786135e-001  2.847046e-001  2.872294e-001  2.832511e-001  2.718012e-001  2.260824e-001  1.930124e-001  
-0.000000e+000  9.100797e-002  1.790035e-001  2.612052e-001  3.352663e-001  4.066187e-001  4.648093e-001  5.094396e-001  5.409498e-001  5.604145e-001  5.693194e-001  5.693593e-001  5.622757e-001  5.317545e-001  4.910829e-001  3.788033e-001  3.108752e-001  
-0.000000e+000  1.904845e-001  3.720077e-001  5.364981e-001  6.775746e-001  8.032798e-001  8.939159e-001  9.509712e-001  9.783111e-001  9.810686e-001  9.647122e-001  9.344139e-001  8.947030e-001  7.983081e-001  7.000744e-001  4.926343e-001  3.860948e-001  
-0.000000e+000  3.733079e-001  7.223239e-001  1.025236e+000  1.265528e+000  1.451038e+000  1.551781e+000  1.580322e+000  1.554080e+000  1.490456e+000  1.404170e+000  1.306429e+000  1.205156e+000  1.007894e+000  8.368936e-001  5.416787e-001  4.080782e-001  
-0.000000e+000  5.938973e-001  1.143184e+000  1.605394e+000  1.946175e+000  2.166062e+000  2.232748e+000  2.185326e+000  2.066265e+000  1.909958e+000  1.740050e+000  1.571055e+000  1.411056e+000  1.130123e+000  9.055353e-001  5.563357e-001  4.087252e-001  
-0.000000e+000  8.778510e-001  1.690612e+000  2.364017e+000  2.821752e+000  3.031476e+000  2.983912e+000  2.784531e+000  2.520080e+000  2.243225e+000  1.980238e+000  1.741774e+000  1.530544e+000  1.187268e+000  9.278861e-001  5.509324e-001  3.981705e-001  
-0.000000e+000  1.087824e+000  2.104989e+000  2.953819e+000  3.508152e+000  3.679477e+000  3.507127e+000  3.171250e+000  2.792900e+000  2.431176e+000  2.107942e+000  1.827377e+000  1.586639e+000  1.209822e+000  9.328343e-001  5.436166e-001  3.892888e-001  
-0.000000e+000  1.346331e+000  2.635095e+000  3.746239e+000  4.456992e+000  4.520081e+000  4.123301e+000  3.583801e+000  3.058623e+000  2.599682e+000  2.213649e+000  1.892344e+000  1.624648e+000  1.219495e+000  9.287374e-001  5.319347e-001  3.776295e-001  
-0.000000e+000  1.644278e+000  3.287222e+000  4.814196e+000  5.833620e+000  5.618106e+000  4.821398e+000  3.991120e+000  3.290042e+000  2.729856e+000  2.285255e+000  1.929112e+000  1.639890e+000  1.214280e+000  9.147574e-001  5.157495e-001  3.631846e-001  
-0.000000e+000  1.905125e+000  3.926386e+000  6.052592e+000  7.728477e+000  6.861803e+000  5.450763e+000  4.287282e+000  3.426399e+000  2.789592e+000  2.306617e+000  1.930195e+000  1.629688e+000  1.195300e+000  8.933640e-001  4.976103e-001  3.481488e-001  
-0.000000e+000  2.083272e+000  4.432293e+000  7.285162e+000  1.024406e+001  8.096867e+000  5.915083e+000  4.449033e+000  3.475306e+000  2.794367e+000  2.292957e+000  1.908488e+000  1.604489e+000  1.169335e+000  8.690221e-001  4.795372e-001  3.337686e-001  
-0.000000e+000  2.158645e+000  4.743287e+000  8.475948e+000  1.453923e+001  9.345995e+000  6.160867e+000  4.460620e+000  3.435257e+000  2.744874e+000  2.244145e+000  1.862730e+000  1.562170e+000  1.133450e+000  8.385980e-001  4.589380e-001  3.179078e-001  
-0.000000e+000  2.069413e+000  4.610819e+000  8.766587e+000  2.273862e+001  9.978958e+000  5.950718e+000  4.265678e+000  3.293207e+000  2.637966e+000  2.159429e+000  1.792784e+000  1.502760e+000  1.087705e+000  8.021503e-001  4.358662e-001  3.006125e-001  
-0.000000e+000  1.750230e+000  3.722480e+000  6.228069e+000  -0.000000e+000  6.196794e+000  4.856251e+000  3.780047e+000  3.012740e+000  2.449480e+000  2.020312e+000  1.683649e+000  1.413711e+000  1.022724e+000  7.524238e-001  4.059358e-001  2.786658e-001  
-0.000000e+000  1.226799e+000  2.325461e+000  2.741729e+000  -0.000000e+000  3.174536e+000  3.453323e+000  3.050856e+000  2.577793e+000  2.159212e+000  1.809875e+000  1.521931e+000  1.284499e+000  9.318332e-001  6.851465e-001  3.673970e-001  2.510774e-001  
-0.000000e+000  5.765182e-001  9.495374e-001  8.450749e-001  -0.000000e+000  1.318845e+000  1.928502e+000  2.020205e+000  1.882285e+000  1.667772e+000  1.444415e+000  1.238415e+000  1.057734e+000  7.741763e-001  5.704268e-001  3.038760e-001  2.064444e-001  
-0.000000e+000  6.932284e-002  1.040200e-001  7.962309e-002  -0.000000e+000  2.509147e-001  4.480197e-001  5.560918e-001  5.930873e-001  5.830292e-001  5.459932e-001  4.960897e-001  4.423056e-001  3.390600e-001  2.557125e-001  1.360730e-001  9.150085e-002  
-0.000000e+000  -6.932284e-002  -1.040200e-001  -7.962309e-002  -0.000000e+000  -2.509147e-001  -4.480197e-001  -5.560918e-001  -5.930873e-001  -5.830292e-001  -5.459932e-001  -4.960897e-001  -4.423056e-001  -3.390600e-001  -2.557125e-001  -1.360730e-001  -9.150085e-002  
-0.000000e+000  -5.765182e-001  -9.495374e-001  -8.450749e-001  -0.000000e+000  -1.318845e+000  -1.928502e+000  -2.020205e+000  -1.882285e+000  -1.667772e+000  -1.444415e+000  -1.238415e+000  -1.057734e+000  -7.741763e-001  -5.704268e-001  -3.038760e-001  -2.064444e-001  
-0.000000e+000  -1.226799e+000  -2.325461e+000  -2.741729e+000  -0.000000e+000  -3.174536e+000  -3.453323e+000  -3.050856e+000  -2.577793e+000  -2.159212e+000  -1.809875e+000  -1.521931e+000  -1.284499e+000  -9.318332e-001  -6.851465e-001  -3.673970e-001  -2.510774e-001  
-0.000000e+000  -1.750230e+000  -3.722480e+000  -6.228069e+000  -0.000000e+000  -6.196794e+000  -4.856251e+000  -3.780047e+000  -3.012740e+000  -2.449480e+000  -2.020312e+000  -1.683649e+000  -1.413710e+000  -1.022724e+000  -7.524238e-001  -4.059358e-001  -2.786658e-001  
-0.000000e+000  -2.069413e+000  -4.610819e+000  -8.766587e+000  -2.273862e+001  -9.978958e+000  -5.950718e+000  -4.265678e+000  -3.293207e+000  -2.637966e+000  -2.159429e+000  -1.792784e+000  -1.502760e+000  -1.087705e+000  -8.021503e-001  -4.358662e-001  -3.006125e-001  
-0.000000e+000  -2.158645e+000  -4.743287e+000  -8.475948e+000  -1.453923e+001  -9.345995e+000  -6.160867e+000  -4.460620e+000  -3.435257e+000  -2.744874e+000  -2.244145e+000  -1.862730e+000  -1.562170e+000  -1.133450e+000  -8.385980e-001  -4.589380e-001  -3.179078e-001  
-0.000000e+000  -2.083272e+000  -4.432293e+000  -7.285162e+000  -1.024406e+001  -8.096867e+000  -5.915083e+000  -4.449033e+000  -3.475306e+000  -2.794367e+000  -2.292957e+000  -1.908488e+000  -1.604489e+000  -1.169335e+000  -8.690221e-001  -4.795371e-001  -3.337686e-001  
-0.000000e+000  -1.905125e+000  -3.926386e+000  -6.052592e+000  -7.728477e+000  -6.861803e+000  -5.450763e+000  -4.287282e+000  -3.426399e+000  -2.789592e+000  -2.306617e+000  -1.930195e+000  -1.629688e+000  -1.195300e+000  -8.933640e-001  -4.976104e-001  -3.481488e-001  
-0.000000e+000  -1.644278e+000  -3.287222e+000  -4.814196e+000  -5.833620e+000  -5.618106e+000  -4.821398e+000  -3.991120e+000  -3.290042e+000  -2.729856e+000  -2.285255e+000  -1.929112e+000  -1.639890e+000  -1.214280e+000  -9.147574e-001  -5.157495e-001  -3.631845e-001  
-0.000000e+000  -1.346331e+000  -2.635095e+000  -3.746239e+000  -4.456992e+000  -4.520081e+000  -4.123301e+000  -3.583801e+000  -3.058623e+000  -2.599682e+000  -2.213649e+000  -1.892344e+000  -1.624648e+000  -1.219495e+000  -9.287374e-001  -5.319347e-001  -3.776295e-001  
-0.000000e+000  -1.087824e+000  -2.104989e+000  -2.953819e+000  -3.508152e+000  -3.679477e+000  -3.507127e+000  -3.171250e+000  -2.792900e+000  -2.431176e+000  -2.107942e+000  -1.827377e+000  -1.586639e+000  -1.209822e+000  -9.328343e-001  -5.436166e-001  -3.892888e-001  
-0.000000e+000  -8.778510e-001  -1.690612e+000  -2.364017e+000  -2.821752e+000  -3.031476e+000  -2.983912e+000  -2.784531e+000  -2.520080e+000  -2.243225e+000  -1.980238e+000  -1.741774e+000  -1.530544e+000  -1.187268e+000  -9.278861e-001  -5.509324e-001  -3.981705e-001  
-0.000000e+000  -5.938973e-001  -1.143184e+000  -1.605394e+000  -1.946175e+000  -2.166062e+000  -2.232748e+000  -2.185326e+000  -2.066265e+000  -1.909958e+000  -1.740050e+000  -1.571055e+000  -1.411056e+000  -1.130123e+000  -9.055353e-001  -5.563357e-001  -4.087252e-001  
-0.000000e+000  -3.733079e-001  -7.223239e-001  -1.025236e+000  -1.265528e+000  -1.451038e+000  -1.551781e+000  -1.580322e+000  -1.554080e+000  -1.490456e+000  -1.404170e+000  -1.306429e+000  -1.205156e+000  -1.007894e+000  -8.368936e-001  -5.416787e-001  -4.080782e-001  
-0.000000e+000  -1.904845e-001  -3.720077e-001  -5.364981e-001  -6.775746e-001  -8.032798e-001  -8.939159e-001  -9.509712e-001  -9.783111e-001  -9.810686e-001  -9.647122e-001  -9.344139e-001  -8.947030e-001  -7.983081e-001  -7.000744e-001  -4.926343e-001  -3.860948e-001  
-0.000000e+000  -9.100797e-002  -1.790035e-001  -2.612052e-001  -3.352663e-001  -4.066187e-001  -4.648093e-001  -5.094396e-001  -5.409498e-001  -5.604145e-001  -5.693194e-001  -5.693593e-001  -5.622757e-001  -5.317545e-001  -4.910829e-001  -3.788033e-001  -3.108752e-001  
-0.000000e+000  -3.901874e-002  -7.708396e-002  -1.132965e-001  -1.468602e-001  -1.805951e-001  -2.098482e-001  -2.342696e-001  -2.537604e-001  -2.684420e-001  -2.786135e-001  -2.847046e-001  -2.872294e-001  -2.832511e-001  -2.718012e-001  -2.260824e-001  -1.930124e-001  
-0.000000e+000  -1.064794e-002  -2.106763e-002  -3.104194e-002  -4.037505e-002  -4.988686e-002  -5.829685e-002  -6.549863e-002  -7.144296e-002  -7.613359e-002  -7.962000e-002  -8.198827e-002  -8.335136e-002  -8.345300e-002  -8.120378e-002  -6.949069e-002  -6.021967e-002  
-0.000000e+000  -0.000000e+000  -0.000000e+000  -0.000000e+000  -0.000000e+000  -0.000000e+000  -0.000000e+000  -0.000000e+000  -0.000000e+000  -0.000000e+000  -0.000000e+000  -0.000000e+000  -0.000000e+000  -0.000000e+000  -0.000000e+000  -0.000000e+000  -0.000000e+000  

-1.050811e+000  -1.044088e+000  -1.030765e+000  -1.011075e+000  -9.863800e-001  -9.574472e-001  -9.238708e-001  -8.863212e-001  -8.454955e-001  -8.020877e-001  -7.567639e-001  -7.101423e-001  -6.390960e-001  -5.442955e-001  -3.788233e-001  -1.285794e-001  -0.000000e+000  
-1.103712e+000  -1.096008e+000  -1.080766e+000  -1.058311e+000  -1.030029e+000  -9.967788e-001  -9.584605e-001  -9.159593e-001  -8.701713e-001  -8.219631e-001  -7.721401e-001  -7.214234e-001  -6.449424e-001  -5.449998e-001  -3.738917e-001  -1.251666e-001  -0.000000e+000  
-1.345906e+000  -1.333051e+000  -1.307791e+000  -1.270983e+000  -1.224192e+000  -1.168861e+000  -1.106687e+000  -1.039745e+000  -9.699789e-001  -8.991053e-001  -8.285588e-001  -7.594734e-001  -6.593007e-001  -5.384186e-001  -3.466558e-001  -1.092111e-001  -0.000000e+000  
-1.799259e+000  -1.773120e+000  -1.722280e+000  -1.649460e+000  -1.556964e+000  -1.448578e+000  -1.331572e+000  -1.211307e+000  -1.092226e+000  -9.776826e-001  -8.699627e-001  -7.704216e-001  -6.342911e-001  -4.882384e-001  -2.818811e-001  -8.026408e-002  -0.000000e+000  
-2.663950e+000  -2.600897e+000  -2.479830e+000  -2.310309e+000  -2.098373e+000  -1.857798e+000  -1.613686e+000  -1.380202e+000  -1.166532e+000  -9.773577e-001  -8.139667e-001  -6.754321e-001  -5.016576e-001  -3.442920e-001  -1.582923e-001  -3.530970e-002  -0.000000e+000  
-3.478006e+000  -3.365627e+000  -3.150884e+000  -2.853986e+000  -2.489316e+000  -2.091326e+000  -1.712409e+000  -1.375673e+000  -1.090390e+000  -8.564568e-001  -6.688424e-001  -5.206946e-001  -3.472700e-001  -2.087617e-001  -6.693812e-002  -6.546998e-003  -0.000000e+000  
-4.748207e+000  -4.545592e+000  -4.154627e+000  -3.611790e+000  -2.952612e+000  -2.271563e+000  -1.680361e+000  -1.208454e+000  -8.506371e-001  -5.874066e-001  -3.972159e-001  -2.615487e-001  -1.183775e-001  -2.542876e-002  4.313274e-002  2.562317e-002  -0.000000e+000  
-5.507996e+000  -5.251506e+000  -4.745112e+000  -4.023470e+000  -3.138521e+000  -2.263152e+000  -1.556120e+000  -1.033081e+000  -6.635528e-001  -4.084168e-001  -2.345021e-001  -1.173609e-001  -1.356232e-003  6.275595e-002  9.237426e-002  3.937970e-002  -0.000000e+000  
-6.443623e+000  -6.128768e+000  -5.483133e+000  -4.517563e+000  -3.297927e+000  -2.163440e+000  -1.331399e+000  -7.736785e-001  -4.137716e-001  -1.848638e-001  -4.060074e-002  4.872830e-002  1.281710e-001  1.575607e-001  1.434633e-001  5.332660e-002  -0.000000e+000  
-7.595168e+000  -7.233008e+000  -6.440786e+000  -5.143842e+000  -3.378991e+000  -1.898266e+000  -9.561328e-001  -4.055774e-001  -9.193279e-002  8.531072e-002  1.836171e-001  2.349439e-001  2.683638e-001  2.576278e-001  1.957644e-001  6.731564e-002  -0.000000e+000  
-8.995032e+000  -8.632508e+000  -7.745401e+000  -6.028824e+000  -3.255096e+000  -1.336980e+000  -3.652652e-001  9.309553e-002  3.051883e-001  3.991556e-001  4.339246e-001  4.373814e-001  4.163938e-001  3.611694e-001  2.485425e-001  8.118571e-002  -0.000000e+000  
-1.020382e+001  -9.914145e+000  -9.093696e+000  -7.099638e+000  -2.801921e+000  -5.764407e-001  2.615803e-001  5.548456e-001  6.448715e-001  6.553577e-001  6.325766e-001  5.952422e-001  5.297279e-001  4.394419e-001  2.877812e-001  9.136636e-002  -0.000000e+000  
-1.152313e+001  -1.139935e+001  -1.089366e+001  -8.968430e+000  -1.638096e+000  6.122830e-001  1.056747e+000  1.079585e+000  1.009385e+000  9.221059e-001  8.359868e-001  7.553099e-001  6.435098e-001  5.174572e-001  3.264727e-001  1.013119e-001  -0.000000e+000  
-1.288879e+001  -1.303053e+001  -1.323995e+001  -1.276611e+001  1.217914e+000  2.358900e+000  1.982546e+000  1.633503e+000  1.379594e+000  1.188881e+000  1.038066e+000  9.137962e-001  7.557839e-001  5.941800e-001  3.642506e-001  1.109485e-001  -0.000000e+000  
-1.419823e+001  -1.463403e+001  -1.584823e+001  -1.932232e+001  1.036480e+001  4.575033e+000  2.900741e+000  2.158728e+000  1.730865e+000  1.443834e+000  1.232381e+000  1.066820e+000  8.645851e-001  6.685744e-001  4.007485e-001  1.202025e-001  -0.000000e+000  
-1.569720e+001  -1.632027e+001  -1.798406e+001  -2.213840e+001  9.580037e+000  5.553966e+000  3.685840e+000  2.715564e+000  2.137423e+000  1.752095e+000  1.473156e+000  1.259140e+000  1.003087e+000  7.637815e-001  4.474439e-001  1.319799e-001  -0.000000e+000  
-1.675422e+001  -1.727051e+001  -1.836316e+001  -1.986975e+001  6.969408e+000  5.321570e+000  3.967991e+000  3.053581e+000  2.436999e+000  2.001763e+000  1.678483e+000  1.428022e+000  1.127975e+000  8.507143e-001  4.903161e-001  1.427579e-001  -0.000000e+000  
-1.776718e+001  -1.794269e+001  -1.823529e+001  -1.850021e+001  4.784742e+000  4.371682e+000  3.799215e+000  3.233305e+000  2.735265e+000  2.316486e+000  1.969916e+000  1.683832e+000  1.328451e+000  9.943006e-001  5.623355e-001  1.608436e-001  -0.000000e+000  
-1.809855e+001  -1.813236e+001  -1.818310e+001  -1.822194e+001  3.754283e+000  3.617605e+000  3.373610e+000  3.070845e+000  2.748061e+000  2.430899e+000  2.134051e+000  1.864517e+000  1.504330e+000  1.136913e+000  6.413291e-001  1.811068e-001  -0.000000e+000  
-1.776718e+001  -1.794269e+001  -1.823529e+001  -1.850021e+001  4.784742e+000  4.371682e+000  3.799215e+000  3.233305e+000  2.735265e+000  2.316486e+000  1.969916e+000  1.683832e+000  1.328451e+000  9.943006e-001  5.623355e-001  1.608436e-001  -0.000000e+000  
-1.675422e+001  -1.727051e+001  -1.836316e+001  -1.986975e+001  6.969408e+000  5.321570e+000  3.967991e+000  3.053581e+000  2.436999e+000  2.001763e+000  1.678483e+000  1.428022e+000  1.127975e+000  8.507143e-001  4.903161e-001  1.427579e-001  -0.000000e+000  
-1.569720e+001  -1.632027e+001  -1.798406e+001  -2.213840e+001  9.580037e+000  5.553966e+000  3.685840e+000  2.715564e+000  2.137423e+000  1.752095e+000  1.473156e+000  1.259140e+000  1.003087e+000  7.637815e-001  4.474439e-001  1.319799e-001  -0.000000e+000  
-1.419823e+001  -1.463403e+001  -1.584823e+001  -1.932232e+001  1.036480e+001  4.575033e+000  2.900741e+000  2.158728e+000  1.730865e+000  1.443834e+000  1.232381e+000  1.066820e+000  8.645851e-001  6.685744e-001  4.007485e-001  1.202025e-001  -0.000000e+000  
-1.288879e+001  -1.303053e+001  -1.323995e+001  -1.276611e+001  1.217914e+000  2.358900e+000  1.982546e+000  1.633503e+000  1.379594e+000  1.188881e+000  1.038066e+000  9.137962e-001  7.557839e-001  5.941800e-001  3.642506e-001  1.109485e-001  -0.000000e+000  
-1.152313e+001  -1.139935e+001  -1.089366e+001  -8.968430e+000  -1.638096e+000  6.122830e-001  1.056747e+000  1.079585e+000  1.009385e+000  9.221059e-001  8.359868e-001  7.553099e-001  6.435098e-001  5.174572e-001  3.264727e-001  1.013119e-001  -0.000000e+000  
-1.020382e+001  -9.914145e+000  -9.093696e+000  -7.099638e+000  -2.801921e+000  -5.764407e-001  2.615803e-001  5.548456e-001  6.448715e-001  6.553576e-001  6.325766e-001  5.952422e-001  5.297279e-001  4.394419e-001  2.877812e-001  9.136636e-002  -0.000000e+000  
-8.995032e+000  -8.632508e+000  -7.745401e+000  -6.028824e+000  -3.255096e+000  -1.336980e+000  -3.652652e-001  9.309554e-002  3.051883e-001  3.991557e-001  4.339246e-001  4.373814e-001  4.163938e-001  3.611694e-001  2.485425e-001  8.118571e-002  -0.000000e+000  
-7.595168e+000  -7.233008e+000  -6.440786e+000  -5.143842e+000  -3.378991e+000  -1.898266e+000  -9.561328e-001  -4.055774e-001  -9.193279e-002  8.531072e-002  1.836171e-001  2.349439e-001  2.683638e-001  2.576278e-001  1.957644e-001  6.731564e-002  -0.000000e+000  
-6.443623e+000  -6.128768e+000  -5.483133e+000  -4.517563e+000  -3.297927e+000  -2.163440e+000  -1.331399e+000  -7.736785e-001  -4.137716e-001  -1.848638e-001  -4.060074e-002  4.872829e-002  1.281710e-001  1.575607e-001  1.434633e-001  5.332660e-002  -0.000000e+000  
-5.507996e+000  -5.251506e+000  -4.745112e+000  -4.023470e+000  -3.138521e+000  -2.263152e+000  -1.556120e+000  -1.033081e+000  -6.635528e-001  -4.084168e-001  -2.345021e-001  -1.173609e-001  -1.356233e-003  6.275595e-002  9.237426e-002  3.937970e-002  -0.000000e+000  
-4.748207e+000  -4.545592e+000  -4.154627e+000  -3.611790e+000  -2.952612e+000  -2.271563e+000  -1.680361e+000  -1.208454e+000  -8.506371e-001  -5.874066e-001  -3.972159e-001  -2.615487e-001  -1.183775e-001  -2.542876e-002  4.313274e-002  2.562317e-002  -0.000000e+000  
-3.478006e+000  -3.365627e+000  -3.150884e+000  -2.853986e+000  -2.489316e+000  -2.091326e+000  -1.712409e+000  -1.375673e+000  -1.090390e+000  -8.564568e-001  -6.688424e-001  -5.206946e-001  -3.472700e-001  -2.087617e-001  -6.693812e-002  -6.546998e-003  -0.000000e+000  
-2.663950e+000  -2.600897e+000  -2.479830e+000  -2.310309e+000  -2.098373e+000  -1.857798e+000  -1.613686e+000  -1.380202e+000  -1.166532e+000  -9.773577e-001  -8.139667e-001  -6.754321e-001  -5.016576e-001  -3.442920e-001  -1.582923e-001  -3.530970e-002  -0.000000e+000  
-1.799259e+000  -1.773120e+000  -1.722280e+000  -1.649460e+000  -1.556964e+000  -1.448578e+000  -1.331572e+000  -1.211307e+000  -1.092226e+000  -9.776826e-001  -8.699627e-001  -7.704216e-001  -6.342911e-001  -4.882384e-001  -2.818811e-001  -8.026408e-002  -0.000000e+000  
-1.345906e+000  -1.333051e+000  -1.307791e+000  -1.270983e+000  -1.224192e+000  -1.168861e+000  -1.106687e+000  -1.039745e+000  -9.699789e-001  -8.991053e-001  -8.285588e-001  -7.594734e-001  -6.593007e-001  -5.384186e-001  -3.466558e-001  -1.092111e-001  -0.000000e+000  
-1.103712e+000  -1.096008e+000  -1.080766e+000  -1.058311e+000  -1.030029e+000  -9.967788e-001  -9.584605e-001  -9.159593e-001  -8.701713e-001  -8.219631e-001  -7.721401e-001  -7.214234e-001  -6.449424e-001  -5.449998e-001  -3.738917e-001  -1.251666e-001  -0.000000e+000  
-1.050811e+000  -1.044088e+000  -1.030765e+000  -1.011075e+000  -9.863800e-001  -9.574472e-001  -9.238708e-001  -8.863212e-001  -8.454955e-001  -8.020877e-001  -7.567639e-001  -7.101423e-001  -6.390960e-001  -5.442955e-001  -3.788233e-001  -1.285794e-001  -0.000000e+000  

0.000000e+000  0.000000e+000  0.000000e+000  0.000000e+000  0.000000e+000  0.000000e+000  0.000000e+000  0.000000e+000  0.000000e+000  0.000000e+000  0.000000e+000  0.000000e+000  0.000000e+000  0.000000e+000  0.000000e+000  0.000000e+000  0.000000e+000  
0.000000e+000  0.000000e+000  0.000000e+000  0.000000e+000  0.000000e+000  0.000000e+000  0.000000e+000  0.000000e+000  0.000000e+000  0.000000e+000  0.000000e+000  0.000000e+000  0.000000e+000  0.000000e+000  0.000000e+000  0.000000e+000  0.000000e+000  
0.000000e+000  0.000000e+000  0.000000e+000  0.000000e+000  0.000000e+000  0.000000e+000  0.000000e+000  0.000000e+000  0.000000e+000  0.000000e+000  0.000000e+000  0.000000e+000  0.000000e+000  0.000000e+000  0.000000e+000  0.000000e+000  0.000000e+000  
0.000000e+000  0.000000e+000  0.000000e+000  0.000000e+000  0.000000e+000  0.000000e+000  0.000000e+000  0.000000e+000  0.000000e+000  0.000000e+000  0.000000e+000  0.000000e+000  0.000000e+000  0.000000e+000  0.000000e+000  0.000000e+000  0.000000e+000  
0.000000e+000  0.000000e+000  0.000000e+000  0.000000e+000  0.000000e+000  0.000000e+000  0.000000e+000  0.000000e+000  0.000000e+000  0.000000e+000  0.000000e+000  0.000000e+000  0.000000e+000  0.000000e+000  0.000000e+000  0.000000e+000  0.000000e+000  
0.000000e+000  0.000000e+000  0.000000e+000  0.000000e+000  0.000000e+000  0.000000e+000  0.000000e+000  0.000000e+000  0.000000e+000  0.000000e+000  0.000000e+000  0.000000e+000  0.000000e+000  0.000000e+000  0.000000e+000  0.000000e+000  0.000000e+000  
0.000000e+000  0.000000e+000  0.000000e+000  0.000000e+000  0.000000e+000  0.000000e+000  0.000000e+000  0.000000e+000  0.000000e+000  0.000000e+000  0.000000e+000  0.000000e+000  0.000000e+000  0.000000e+000  0.000000e+000  0.000000e+000  0.000000e+000  
0.000000e+000  0.000000e+000  0.000000e+000  0.000000e+000  0.000000e+000  0.000000e+000  0.000000e+000  0.000000e+000  0.000000e+000  0.000000e+000  0.000000e+000  0.000000e+000  0.000000e+000  0.000000e+000  0.000000e+000  0.000000e+000  0.000000e+000  
0.000000e+000  0.000000e+000  0.000000e+000  0.000000e+000  0.000000e+000  0.000000e+000  0.000000e+000  0.000000e+000  0.000000e+000  0.000000e+000  0.000000e+000  0.000000e+000  0.000000e+000  0.000000e+000  0.000000e+000  0.000000e+000  0.000000e+000  
0.000000e+000  0.000000e+000  0.000000e+000  0.000000e+000  0.000000e+000  0.000000e+000  0.000000e+000  0.000000e+000  0.000000e+000  0.000000e+000  0.000000e+000  0.000000e+000  0.000000e+000  0.000000e+000  0.000000e+000  0.000000e+000  0.000000e+000  
0.000000e+000  0.000000e+000  0.000000e+000  0.000000e+000  0.000000e+000  0.000000e+000  0.000000e+000  0.000000e+000  0.000000e+000  0.000000e+000  0.000000e+000  0.000000e+000  0.000000e+000  0.000000e+000  0.000000e+000  0.000000e+000  0.000000e+000  
0.000000e+000  0.000000e+000  0.000000e+000  0.000000e+000  0.000000e+000  0.000000e+000  0.000000e+000  0.000000e+000  0.000000e+000  0.000000e+000  0.000000e+000  0.000000e+000  0.000000e+000  0.000000e+000  0.000000e+000  0.000000e+000  0.000000e+000  
0.000000e+000  0.000000e+000  0.000000e+000  0.000000e+000  0.000000e+000  0.000000e+000  0.000000e+000  0.000000e+000  0.000000e+000  0.000000e+000  0.000000e+000  0.000000e+000  0.000000e+000  0.000000e+000  0.000000e+000  0.000000e+000  0.000000e+000  
0.000000e+000  0.000000e+000  0.000000e+000  0.000000e+000  0.000000e+000  0.000000e+000  0.000000e+000  0.000000e+000  0.000000e+000  0.000000e+000  0.000000e+000  0.000000e+000  0.000000e+000  0.000000e+000  0.000000e+000  0.000000e+000  0.000000e+000  
0.000000e+000  0.000000e+000  0.000000e+000  0.000000e+000  0.000000e+000  0.000000e+000  0.000000e+000  0.000000e+000  0.000000e+000  0.000000e+000  0.000000e+000  0.000000e+000  0.000000e+000  0.000000e+000  0.000000e+000  0.000000e+000  0.000000e+000  
0.000000e+000  0.000000e+000  0.000000e+000  0.000000e+000  0.000000e+000  0.000000e+000  0.000000e+000  0.000000e+000  0.000000e+000  0.000000e+000  0.000000e+000  0.000000e+000  0.000000e+000  0.000000e+000  0.000000e+000  0.000000e+000  0.000000e+000  
0.000000e+000  0.000000e+000  0.000000e+000  0.000000e+000  0.000000e+000  0.000000e+000  0.000000e+000  0.000000e+000  0.000000e+000  0.000000e+000  0.000000e+000  0.000000e+000  0.000000e+000  0.000000e+000  0.000000e+000  0.000000e+000  0.000000e+000  
0.000000e+000  0.000000e+000  0.000000e+000  0.000000e+000  0.000000e+000  0.000000e+000  0.000000e+000  0.000000e+000  0.000000e+000  0.000000e+000  0.000000e+000  0.000000e+000  0.000000e+000  0.000000e+000  0.000000e+000  0.000000e+000  0.000000e+000  
0.000000e+000  0.000000e+000  0.000000e+000  0.000000e+000  0.000000e+000  0.000000e+000  0.000000e+000  0.000000e+000  0.000000e+000  0.000000e+000  0.000000e+000  0.000000e+000  0.000000e+000  0.000000e+000  0.000000e+000  0.000000e+000  0.000000e+000  
0.000000e+000  0.000000e+000  0.000000e+000  0.000000e+000  0.000000e+000  0.000000e+000  0.000000e+000  0.000000e+000  0.000000e+000  0.000000e+000  0.000000e+000  0.000000e+000  0.000000e+000  0.000000e+000  0.000000e+000  0.000000e+000  0.000000e+000  
0.000000e+000  0.000000e+000  0.000000e+000  0.000000e+000  0.000000e+000  0.000000e+000  0.000000e+000  0.000000e+000  0.000000e+000  0.000000e+000  0.000000e+000  0.000000e+000  0.000000e+000  0.000000e+000  0.000000e+000  0.000000e+000  0.000000e+000  
0.000000e+000  0.000000e+000  0.000000e+000  0.000000e+000  0.000000e+000  0.000000e+000  0.000000e+000  0.000000e+000  0.000000e+000  0.000000e+000  0.000000e+000  0.000000e+000  0.000000e+000  0.000000e+000  0.000000e+000  0.000000e+000  0.000000e+000  
0.000000e+000  0.000000e+000  0.000000e+000  0.000000e+000  0.000000e+000  0.000000e+000  0.000000e+000  0.000000e+000  0.000000e+000  0.000000e+000  0.000000e+000  0.000000e+000  0.000000e+000  0.000000e+000  0.000000e+000  0.000000e+000  0.000000e+000  
0.000000e+000  0.000000e+000  0.000000e+000  0.000000e+000  0.000000e+000  0.000000e+000  0.000000e+000  0.000000e+000  0.000000e+000  0.000000e+000  0.000000e+000  0.000000e+000  0.000000e+000  0.000000e+000  0.000000e+000  0.000000e+000  0.000000e+000  
0.000000e+000  0.000000e+000  0.000000e+000  0.000000e+000  0.000000e+000  0.000000e+000  0.000000e+000  0.000000e+000  0.000000e+000  0.000000e+000  0.000000e+000  0.000000e+000  0.000000e+000  0.000000e+000  0.000000e+000  0.000000e+000  0.000000e+000  
0.000000e+000  0.000000e+000  0.000000e+000  0.000000e+000  0.000000e+000  0.000000e+000  0.000000e+000  0.000000e+000  0.000000e+000  0.000000e+000  0.000000e+000  0.000000e+000  0.000000e+000  0.000000e+000  0.000000e+000  0.000000e+000  0.000000e+000  
0.000000e+000  0.000000e+000  0.000000e+000  0.000000e+000  0.000000e+000  0.000000e+000  0.000000e+000  0.000000e+000  0.000000e+000  0.000000e+000  0.000000e+000  0.000000e+000  0.000000e+000  0.000000e+000  0.000000e+000  0.000000e+000  0.000000e+000  
0.000000e+000  0.000000e+000  0.000000e+000  0.000000e+000  0.000000e+000  0.000000e+000  0.000000e+000  0.000000e+000  0.000000e+000  0.000000e+000  0.000000e+000  0.000000e+000  0.000000e+000  0.000000e+000  0.000000e+000  0.000000e+000  0.000000e+000  
0.000000e+000  0.000000e+000  0.000000e+000  0.000000e+000  0.000000e+000  0.000000e+000  0.000000e+000  0.000000e+000  0.000000e+000  0.000000e+000  0.000000e+000  0.000000e+000  0.000000e+000  0.000000e+000  0.000000e+000  0.000000e+000  0.000000e+000  
0.000000e+000  0.000000e+000  0.000000e+000  0.000000e+000  0.000000e+000  0.000000e+000  0.000000e+000  0.000000e+000  0.000000e+000  0.000000e+000  0.000000e+000  0.000000e+000  0.000000e+000  0.000000e+000  0.000000e+000  0.000000e+000  0.000000e+000  
0.000000e+000  0.000000e+000  0.000000e+000  0.000000e+000  0.000000e+000  0.000000e+000  0.000000e+000  0.000000e+000  0.000000e+000  0.000000e+000  0.000000e+000  0.000000e+000  0.000000e+000  0.000000e+000  0.000000e+000  0.000000e+000  0.000000e+000  
0.000000e+000  0.000000e+000  0.000000e+000  0.000000e+000  0.000000e+000  0.000000e+000  0.000000e+000  0.000000e+000  0.000000e+000  0.000000e+000  0.000000e+000  0.000000e+000  0.000000e+000  0.000000e+000  0.000000e+000  0.000000e+000  0.000000e+000  
0.000000e+000  0.000000e+000  0.000000e+000  0.000000e+000  0.000000e+000  0.000000e+000  0.000000e+000  0.000000e+000  0.000000e+000  0.000000e+000  0.000000e+000  0.000000e+000  0.000000e+000  0.000000e+000  0.000000e+000  0.000000e+000  0.000000e+000  
0.000000e+000  0.000000e+000  0.000000e+000  0.000000e+000  0.000000e+000  0.000000e+000  0.000000e+000  0.000000e+000  0.000000e+000  0.000000e+000  0.000000e+000  0.000000e+000  0.000000e+000  0.000000e+000  0.000000e+000  0.000000e+000  0.000000e+000  
0.000000e+000  0.000000e+000  0.000000e+000  0.000000e+000  0.000000e+000  0.000000e+000  0.000000e+000  0.000000e+000  0.000000e+000  0.000000e+000  0.000000e+000  0.000000e+000  0.000000e+000  0.000000e+000  0.000000e+000  0.000000e+000  0.000000e+000  
0.000000e+000  0.000000e+000  0.000000e+000  0.000000e+000  0.000000e+000  0.000000e+000  0.000000e+000  0.000000e+000  0.000000e+000  0.000000e+000  0.000000e+000  0.000000e+000  0.000000e+000  0.000000e+000  0.000000e+000  0.000000e+000  0.000000e+000  
0.000000e+000  0.000000e+000  0.000000e+000  0.000000e+000  0.000000e+000  0.000000e+000  0.000000e+000  0.000000e+000  0.000000e+000  0.000000e+000  0.000000e+000  0.000000e+000  0.000000e+000  0.000000e+000  0.000000e+000  0.000000e+000  0.000000e+000  

0.000000e+000  0.000000e+000  0.000000e+000  0.000000e+000  0.000000e+000  0.000000e+000  0.000000e+000  0.000000e+000  0.000000e+000  0.000000e+000  0.000000e+000  0.000000e+000  0.000000e+000  0.000000e+000  0.000000e+000  0.000000e+000  0.000000e+000  
0.000000e+000  0.000000e+000  0.000000e+000  0.000000e+000  0.000000e+000  0.000000e+000  0.000000e+000  0.000000e+000  0.000000e+000  0.000000e+000  0.000000e+000  0.000000e+000  0.000000e+000  0.000000e+000  0.000000e+000  0.000000e+000  0.000000e+000  
0.000000e+000  0.000000e+000  0.000000e+000  0.000000e+000  0.000000e+000  0.000000e+000  0.000000e+000  0.000000e+000  0.000000e+000  0.000000e+000  0.000000e+000  0.000000e+000  0.000000e+000  0.000000e+000  0.000000e+000  0.000000e+000  0.000000e+000  
0.000000e+000  0.000000e+000  0.000000e+000  0.000000e+000  0.000000e+000  0.000000e+000  0.000000e+000  0.000000e+000  0.000000e+000  0.000000e+000  0.000000e+000  0.000000e+000  0.000000e+000  0.000000e+000  0.000000e+000  0.000000e+000  0.000000e+000  
0.000000e+000  0.000000e+000  0.000000e+000  0.000000e+000  0.000000e+000  0.000000e+000  0.000000e+000  0.000000e+000  0.000000e+000  0.000000e+000  0.000000e+000  0.000000e+000  0.000000e+000  0.000000e+000  0.000000e+000  0.000000e+000  0.000000e+000  
0.000000e+000  0.000000e+000  0.000000e+000  0.000000e+000  0.000000e+000  0.000000e+000  0.000000e+000  0.000000e+000  0.000000e+000  0.000000e+000  0.000000e+000  0.000000e+000  0.000000e+000  0.000000e+000  0.000000e+000  0.000000e+000  0.000000e+000  
0.000000e+000  0.000000e+000  0.000000e+000  0.000000e+000  0.000000e+000  0.000000e+000  0.000000e+000  0.000000e+000  0.000000e+000  0.000000e+000  0.000000e+000  0.000000e+000  0.000000e+000  0.000000e+000  0.000000e+000  0.000000e+000  0.000000e+000  
0.000000e+000  0.000000e+000  0.000000e+000  0.000000e+000  0.000000e+000  0.000000e+000  0.000000e+000  0.000000e+000  0.000000e+000  0.000000e+000  0.000000e+000  0.000000e+000  0.000000e+000  0.000000e+000  0.000000e+000  0.000000e+000  0.000000e+000  
0.000000e+000  0.000000e+000  0.000000e+000  0.000000e+000  0.000000e+000  0.000000e+000  0.000000e+000  0.000000e+000  0.000000e+000  0.000000e+000  0.000000e+000  0.000000e+000  0.000000e+000  0.000000e+000  0.000000e+000  0.000000e+000  0.000000e+000  
0.000000e+000  0.000000e+000  0.000000e+000  0.000000e+000  0.000000e+000  0.000000e+000  0.000000e+000  0.000000e+000  0.000000e+000  0.000000e+000  0.000000e+000  0.000000e+000  0.000000e+000  0.000000e+000  0.000000e+000  0.000000e+000  0.000000e+000  
0.000000e+000  0.000000e+000  0.000000e+000  0.000000e+000  0.000000e+000  0.000000e+000  0.000000e+000  0.000000e+000  0.000000e+000  0.000000e+000  0.000000e+000  0.000000e+000  0.000000e+000  0.000000e+000  0.000000e+000  0.000000e+000  0.000000e+000  
0.000000e+000  0.000000e+000  0.000000e+000  0.000000e+000  0.000000e+000  0.000000e+000  0.000000e+000  0.000000e+000  0.000000e+000  0.000000e+000  0.000000e+000  0.000000e+000  0.000000e+000  0.000000e+000  0.000000e+000  0.000000e+000  0.000000e+000  
0.000000e+000  0.000000e+000  0.000000e+000  0.000000e+000  0.000000e+000  0.000000e+000  0.000000e+000  0.000000e+000  0.000000e+000  0.000000e+000  0.000000e+000  0.000000e+000  0.000000e+000  0.000000e+000  0.000000e+000  0.000000e+000  0.000000e+000  
0.000000e+000  0.000000e+000  0.000000e+000  0.000000e+000  0.000000e+000  0.000000e+000  0.000000e+000  0.000000e+000  0.000000e+000  0.000000e+000  0.000000e+000  0.000000e+000  0.000000e+000  0.000000e+000  0.000000e+000  0.000000e+000  0.000000e+000  
0.000000e+000  0.000000e+000  0.000000e+000  0.000000e+000  0.000000e+000  0.000000e+000  0.000000e+000  0.000000e+000  0.000000e+000  0.000000e+000  0.000000e+000  0.000000e+000  0.000000e+000  0.000000e+000  0.000000e+000  0.000000e+000  0.000000e+000  
0.000000e+000  0.000000e+000  0.000000e+000  0.000000e+000  0.000000e+000  0.000000e+000  0.000000e+000  0.000000e+000  0.000000e+000  0.000000e+000  0.000000e+000  0.000000e+000  0.000000e+000  0.000000e+000  0.000000e+000  0.000000e+000  0.000000e+000  
0.000000e+000  0.000000e+000  0.000000e+000  0.000000e+000  0.000000e+000  0.000000e+000  0.000000e+000  0.000000e+000  0.000000e+000  0.000000e+000  0.000000e+000  0.000000e+000  0.000000e+000  0.000000e+000  0.000000e+000  0.000000e+000  0.000000e+000  
0.000000e+000  0.000000e+000  0.000000e+000  0.000000e+000  0.000000e+000  0.000000e+000  0.000000e+000  0.000000e+000  0.000000e+000  0.000000e+000  0.000000e+000  0.000000e+000  0.000000e+000  0.000000e+000  0.000000e+000  0.000000e+000  0.000000e+000  
0.000000e+000  0.000000e+000  0.000000e+000  0.000000e+000  0.000000e+000  0.000000e+000  0.000000e+000  0.000000e+000  0.000000e+000  0.000000e+000  0.000000e+000  0.000000e+000  0.000000e+000  0.000000e+000  0.000000e+000  0.000000e+000  0.000000e+000  
0.000000e+000  0.000000e+000  0.000000e+000  0.000000e+000  0.000000e+000  0.000000e+000  0.000000e+000  0.000000e+000  0.000000e+000  0.000000e+000  0.000000e+000  0.000000e+000  0.000000e+000  0.000000e+000  0.000000e+000  0.000000e+000  0.000000e+000  
0.000000e+000  0.000000e+000  0.000000e+000  0.000000e+000  0.000000e+000  0.000000e+000  0.000000e+000  0.000000e+000  0.000000e+000  0.000000e+000  0.000000e+000  0.000000e+000  0.000000e+000  0.000000e+000  0.000000e+000  0.000000e+000  0.000000e+000  
0.000000e+000  0.000000e+000  0.000000e+000  0.000000e+000  0.000000e+000  0.000000e+000  0.000000e+000  0.000000e+000  0.000000e+000  0.000000e+000  0.000000e+000  0.000000e+000  0.000000e+000  0.000000e+000  0.000000e+000  0.000000e+000  0.000000e+000  
0.000000e+000  0.000000e+000  0.000000e+000  0.000000e+000  0.000000e+000  0.000000e+000  0.000000e+000  0.000000e+000  0.000000e+000  0.000000e+000  0.000000e+000  0.000000e+000  0.000000e+000  0.000000e+000  0.000000e+000  0.000000e+000  0.000000e+000  
0.000000e+000  0.000000e+000  0.000000e+000  0.000000e+000  0.000000e+000  0.000000e+000  0.000000e+000  0.000000e+000  0.000000e+000  0.000000e+000  0.000000e+000  0.000000e+000  0.000000e+000  0.000000e+000  0.000000e+000  0.000000e+000  0.000000e+000  
0.000000e+000  0.000000e+000  0.000000e+000  0.000000e+000  0.000000e+000  0.000000e+000  0.000000e+000  0.000000e+000  0.000000e+000  0.000000e+000  0.000000e+000  0.000000e+000  0.000000e+000  0.000000e+000  0.000000e+000  0.000000e+000  0.000000e+000  
0.000000e+000  0.000000e+000  0.000000e+000  0.000000e+000  0.000000e+000  0.000000e+000  0.000000e+000  0.000000e+000  0.000000e+000  0.000000e+000  0.000000e+000  0.000000e+000  0.000000e+000  0.000000e+000  0.000000e+000  0.000000e+000  0.000000e+000  
0.000000e+000  0.000000e+000  0.000000e+000  0.000000e+000  0.000000e+000  0.000000e+000  0.000000e+000  0.000000e+000  0.000000e+000  0.000000e+000  0.000000e+000  0.000000e+000  0.000000e+000  0.000000e+000  0.000000e+000  0.000000e+000  0.000000e+000  
0.000000e+000  0.000000e+000  0.000000e+000  0.000000e+000  0.000000e+000  0.000000e+000  0.000000e+000  0.000000e+000  0.000000e+000  0.000000e+000  0.000000e+000  0.000000e+000  0.000000e+000  0.000000e+000  0.000000e+000  0.000000e+000  0.000000e+000  
0.000000e+000  0.000000e+000  0.000000e+000  0.000000e+000  0.000000e+000  0.000000e+000  0.000000e+000  0.000000e+000  0.000000e+000  0.000000e+000  0.000000e+000  0.000000e+000  0.000000e+000  0.000000e+000  0.000000e+000  0.000000e+000  0.000000e+000  
0.000000e+000  0.000000e+000  0.000000e+000  0.000000e+000  0.000000e+000  0.000000e+000  0.000000e+000  0.000000e+000  0.000000e+000  0.000000e+000  0.000000e+000  0.000000e+000  0.000000e+000  0.000000e+000  0.000000e+000  0.000000e+000  0.000000e+000  
0.000000e+000  0.000000e+000  0.000000e+000  0.000000e+000  0.000000e+000  0.000000e+000  0.000000e+000  0.000000e+000  0.000000e+000  0.000000e+000  0.000000e+000  0.000000e+000  0.000000e+000  0.000000e+000  0.000000e+000  0.000000e+000  0.000000e+000  
0.000000e+000  0.000000e+000  0.000000e+000  0.000000e+000  0.000000e+000  0.000000e+000  0.000000e+000  0.000000e+000  0.000000e+000  0.000000e+000  0.000000e+000  0.000000e+000  0.000000e+000  0.000000e+000  0.000000e+000  0.000000e+000  0.000000e+000  
0.000000e+000  0.000000e+000  0.000000e+000  0.000000e+000  0.000000e+000  0.000000e+000  0.000000e+000  0.000000e+000  0.000000e+000  0.000000e+000  0.000000e+000  0.000000e+000  0.000000e+000  0.000000e+000  0.000000e+000  0.000000e+000  0.000000e+000  
0.000000e+000  0.000000e+000  0.000000e+000  0.000000e+000  0.000000e+000  0.000000e+000  0.000000e+000  0.000000e+000  0.000000e+000  0.000000e+000  0.000000e+000  0.000000e+000  0.000000e+000  0.000000e+000  0.000000e+000  0.000000e+000  0.000000e+000  
0.000000e+000  0.000000e+000  0.000000e+000  0.000000e+000  0.000000e+000  0.000000e+000  0.000000e+000  0.000000e+000  0.000000e+000  0.000000e+000  0.000000e+000  0.000000e+000  0.000000e+000  0.000000e+000  0.000000e+000  0.000000e+000  0.000000e+000  
0.000000e+000  0.000000e+000  0.000000e+000  0.000000e+000  0.000000e+000  0.000000e+000  0.000000e+000  0.000000e+000  0.000000e+000  0.000000e+000  0.000000e+000  0.000000e+000  0.000000e+000  0.000000e+000  0.000000e+000  0.000000e+000  0.000000e+000  
0.000000e+000  0.000000e+000  0.000000e+000  0.000000e+000  0.000000e+000  0.000000e+000  0.000000e+000  0.000000e+000  0.000000e+000  0.000000e+000  0.000000e+000  0.000000e+000  0.000000e+000  0.000000e+000  0.000000e+000  0.000000e+000  0.000000e+000  

0.000000e+000  0.000000e+000  0.000000e+000  0.000000e+000  0.000000e+000  0.000000e+000  0.000000e+000  0.000000e+000  0.000000e+000  0.000000e+000  0.000000e+000  0.000000e+000  0.000000e+000  0.000000e+000  0.000000e+000  0.000000e+000  0.000000e+000  
0.000000e+000  0.000000e+000  0.000000e+000  0.000000e+000  0.000000e+000  0.000000e+000  0.000000e+000  0.000000e+000  0.000000e+000  0.000000e+000  0.000000e+000  0.000000e+000  0.000000e+000  0.000000e+000  0.000000e+000  0.000000e+000  0.000000e+000  
0.000000e+000  0.000000e+000  0.000000e+000  0.000000e+000  0.000000e+000  0.000000e+000  0.000000e+000  0.000000e+000  0.000000e+000  0.000000e+000  0.000000e+000  0.000000e+000  0.000000e+000  0.000000e+000  0.000000e+000  0.000000e+000  0.000000e+000  
0.000000e+000  0.000000e+000  0.000000e+000  0.000000e+000  0.000000e+000  0.000000e+000  0.000000e+000  0.000000e+000  0.000000e+000  0.000000e+000  0.000000e+000  0.000000e+000  0.000000e+000  0.000000e+000  0.000000e+000  0.000000e+000  0.000000e+000  
0.000000e+000  0.000000e+000  0.000000e+000  0.000000e+000  0.000000e+000  0.000000e+000  0.000000e+000  0.000000e+000  0.000000e+000  0.000000e+000  0.000000e+000  0.000000e+000  0.000000e+000  0.000000e+000  0.000000e+000  0.000000e+000  0.000000e+000  
0.000000e+000  0.000000e+000  0.000000e+000  0.000000e+000  0.000000e+000  0.000000e+000  0.000000e+000  0.000000e+000  0.000000e+000  0.000000e+000  0.000000e+000  0.000000e+000  0.000000e+000  0.000000e+000  0.000000e+000  0.000000e+000  0.000000e+000  
0.000000e+000  0.000000e+000  0.000000e+000  0.000000e+000  0.000000e+000  0.000000e+000  0.000000e+000  0.000000e+000  0.000000e+000  0.000000e+000  0.000000e+000  0.000000e+000  0.000000e+000  0.000000e+000  0.000000e+000  0.000000e+000  0.000000e+000  
0.000000e+000  0.000000e+000  0.000000e+000  0.000000e+000  0.000000e+000  0.000000e+000  0.000000e+000  0.000000e+000  0.000000e+000  0.000000e+000  0.000000e+000  0.000000e+000  0.000000e+000  0.000000e+000  0.000000e+000  0.000000e+000  0.000000e+000  
0.000000e+000  0.000000e+000  0.000000e+000  0.000000e+000  0.000000e+000  0.000000e+000  0.000000e+000  0.000000e+000  0.000000e+000  0.000000e+000  0.000000e+000  0.000000e+000  0.000000e+000  0.000000e+000  0.000000e+000  0.000000e+000  0.000000e+000  
0.000000e+000  0.000000e+000  0.000000e+000  0.000000e+000  0.000000e+000  0.000000e+000  0.000000e+000  0.000000e+000  0.000000e+000  0.000000e+000  0.000000e+000  0.000000e+000  0.000000e+000  0.000000e+000  0.000000e+000  0.000000e+000  0.000000e+000  
0.000000e+000  0.000000e+000  0.000000e+000  0.000000e+000  0.000000e+000  0.000000e+000  0.000000e+000  0.000000e+000  0.000000e+000  0.000000e+000  0.000000e+000  0.000000e+000  0.000000e+000  0.000000e+000  0.000000e+000  0.000000e+000  0.000000e+000  
0.000000e+000  0.000000e+000  0.000000e+000  0.000000e+000  0.000000e+000  0.000000e+000  0.000000e+000  0.000000e+000  0.000000e+000  0.000000e+000  0.000000e+000  0.000000e+000  0.000000e+000  0.000000e+000  0.000000e+000  0.000000e+000  0.000000e+000  
0.000000e+000  0.000000e+000  0.000000e+000  0.000000e+000  0.000000e+000  0.000000e+000  0.000000e+000  0.000000e+000  0.000000e+000  0.000000e+000  0.000000e+000  0.000000e+000  0.000000e+000  0.000000e+000  0.000000e+000  0.000000e+000  0.000000e+000  
0.000000e+000  0.000000e+000  0.000000e+000  0.000000e+000  0.000000e+000  0.000000e+000  0.000000e+000  0.000000e+000  0.000000e+000  0.000000e+000  0.000000e+000  0.000000e+000  0.000000e+000  0.000000e+000  0.000000e+000  0.000000e+000  0.000000e+000  
0.000000e+000  0.000000e+000  0.000000e+000  0.000000e+000  0.000000e+000  0.000000e+000  0.000000e+000  0.000000e+000  0.000000e+000  0.000000e+000  0.000000e+000  0.000000e+000  0.000000e+000  0.000000e+000  0.000000e+000  0.000000e+000  0.000000e+000  
0.000000e+000  0.000000e+000  0.000000e+000  0.000000e+000  0.000000e+000  0.000000e+000  0.000000e+000  0.000000e+000  0.000000e+000  0.000000e+000  0.000000e+000  0.000000e+000  0.000000e+000  0.000000e+000  0.000000e+000  0.000000e+000  0.000000e+000  
0.000000e+000  0.000000e+000  0.000000e+000  0.000000e+000  0.000000e+000  0.000000e+000  0.000000e+000  0.000000e+000  0.000000e+000  0.000000e+000  0.000000e+000  0.000000e+000  0.000000e+000  0.000000e+000  0.000000e+000  0.000000e+000  0.000000e+000  
0.000000e+000  0.000000e+000  0.000000e+000  0.000000e+000  0.000000e+000  0.000000e+000  0.000000e+000  0.000000e+000  0.000000e+000  0.000000e+000  0.000000e+000  0.000000e+000  0.000000e+000  0.000000e+000  0.000000e+000  0.000000e+000  0.000000e+000  
0.000000e+000  0.000000e+000  0.000000e+000  0.000000e+000  0.000000e+000  0.000000e+000  0.000000e+000  0.000000e+000  0.000000e+000  0.000000e+000  0.000000e+000  0.000000e+000  0.000000e+000  0.000000e+000  0.000000e+000  0.000000e+000  0.000000e+000  
0.000000e+000  0.000000e+000  0.000000e+000  0.000000e+000  0.000000e+000  0.000000e+000  0.000000e+000  0.000000e+000  0.000000e+000  0.000000e+000  0.000000e+000  0.000000e+000  0.000000e+000  0.000000e+000  0.000000e+000  0.000000e+000  0.000000e+000  
0.000000e+000  0.000000e+000  0.000000e+000  0.000000e+000  0.000000e+000  0.000000e+000  0.000000e+000  0.000000e+000  0.000000e+000  0.000000e+000  0.000000e+000  0.000000e+000  0.000000e+000  0.000000e+000  0.000000e+000  0.000000e+000  0.000000e+000  
0.000000e+000  0.000000e+000  0.000000e+000  0.000000e+000  0.000000e+000  0.000000e+000  0.000000e+000  0.000000e+000  0.000000e+000  0.000000e+000  0.000000e+000  0.000000e+000  0.000000e+000  0.000000e+000  0.000000e+000  0.000000e+000  0.000000e+000  
0.000000e+000  0.000000e+000  0.000000e+000  0.000000e+000  0.000000e+000  0.000000e+000  0.000000e+000  0.000000e+000  0.000000e+000  0.000000e+000  0.000000e+000  0.000000e+000  0.000000e+000  0.000000e+000  0.000000e+000  0.000000e+000  0.000000e+000  
0.000000e+000  0.000000e+000  0.000000e+000  0.000000e+000  0.000000e+000  0.000000e+000  0.000000e+000  0.000000e+000  0.000000e+000  0.000000e+000  0.000000e+000  0.000000e+000  0.000000e+000  0.000000e+000  0.000000e+000  0.000000e+000  0.000000e+000  
0.000000e+000  0.000000e+000  0.000000e+000  0.000000e+000  0.000000e+000  0.000000e+000  0.000000e+000  0.000000e+000  0.000000e+000  0.000000e+000  0.000000e+000  0.000000e+000  0.000000e+000  0.000000e+000  0.000000e+000  0.000000e+000  0.000000e+000  
0.000000e+000  0.000000e+000  0.000000e+000  0.000000e+000  0.000000e+000  0.000000e+000  0.000000e+000  0.000000e+000  0.000000e+000  0.000000e+000  0.000000e+000  0.000000e+000  0.000000e+000  0.000000e+000  0.000000e+000  0.000000e+000  0.000000e+000  
0.000000e+000  0.000000e+000  0.000000e+000  0.000000e+000  0.000000e+000  0.000000e+000  0.000000e+000  0.000000e+000  0.000000e+000  0.000000e+000  0.000000e+000  0.000000e+000  0.000000e+000  0.000000e+000  0.000000e+000  0.000000e+000  0.000000e+000  
0.000000e+000  0.000000e+000  0.000000e+000  0.000000e+000  0.000000e+000  0.000000e+000  0.000000e+000  0.000000e+000  0.000000e+000  0.000000e+000  0.000000e+000  0.000000e+000  0.000000e+000  0.000000e+000  0.000000e+000  0.000000e+000  0.000000e+000  
0.000000e+000  0.000000e+000  0.000000e+000  0.000000e+000  0.000000e+000  0.000000e+000  0.000000e+000  0.000000e+000  0.000000e+000  0.000000e+000  0.000000e+000  0.000000e+000  0.000000e+000  0.000000e+000  0.000000e+000  0.000000e+000  0.000000e+000  
0.000000e+000  0.000000e+000  0.000000e+000  0.000000e+000  0.000000e+000  0.000000e+000  0.000000e+000  0.000000e+000  0.000000e+000  0.000000e+000  0.000000e+000  0.000000e+000  0.000000e+000  0.000000e+000  0.000000e+000  0.000000e+000  0.000000e+000  
0.000000e+000  0.000000e+000  0.000000e+000  0.000000e+000  0.000000e+000  0.000000e+000  0.000000e+000  0.000000e+000  0.000000e+000  0.000000e+000  0.000000e+000  0.000000e+000  0.000000e+000  0.000000e+000  0.000000e+000  0.000000e+000  0.000000e+000  
0.000000e+000  0.000000e+000  0.000000e+000  0.000000e+000  0.000000e+000  0.000000e+000  0.000000e+000  0.000000e+000  0.000000e+000  0.000000e+000  0.000000e+000  0.000000e+000  0.000000e+000  0.000000e+000  0.000000e+000  0.000000e+000  0.000000e+000  
0.000000e+000  0.000000e+000  0.000000e+000  0.000000e+000  0.000000e+000  0.000000e+000  0.000000e+000  0.000000e+000  0.000000e+000  0.000000e+000  0.000000e+000  0.000000e+000  0.000000e+000  0.000000e+000  0.000000e+000  0.000000e+000  0.000000e+000  
0.000000e+000  0.000000e+000  0.000000e+000  0.000000e+000  0.000000e+000  0.000000e+000  0.000000e+000  0.000000e+000  0.000000e+000  0.000000e+000  0.000000e+000  0.000000e+000  0.000000e+000  0.000000e+000  0.000000e+000  0.000000e+000  0.000000e+000  
0.000000e+000  0.000000e+000  0.000000e+000  0.000000e+000  0.000000e+000  0.000000e+000  0.000000e+000  0.000000e+000  0.000000e+000  0.000000e+000  0.000000e+000  0.000000e+000  0.000000e+000  0.000000e+000  0.000000e+000  0.000000e+000  0.000000e+000  
0.000000e+000  0.000000e+000  0.000000e+000  0.000000e+000  0.000000e+000  0.000000e+000  0.000000e+000  0.000000e+000  0.000000e+000  0.000000e+000  0.000000e+000  0.000000e+000  0.000000e+000  0.000000e+000  0.000000e+000  0.000000e+000  0.000000e+000  
0.000000e+000  0.000000e+000  0.000000e+000  0.000000e+000  0.000000e+000  0.000000e+000  0.000000e+000  0.000000e+000  0.000000e+000  0.000000e+000  0.000000e+000  0.000000e+000  0.000000e+000  0.000000e+000  0.000000e+000  0.000000e+000  0.000000e+000  

6.099539e-002  6.065599e-002  5.998021e-002  5.897415e-002  5.746839e-002  5.551010e-002  5.331654e-002  5.092806e-002  4.838523e-002  4.572745e-002  4.299167e-002  4.021146e-002  3.601888e-002  3.052048e-002  2.105497e-002  7.083760e-003  0.000000e+000  
2.053465e-001  2.041829e-001  2.018636e-001  1.984050e-001  1.930880e-001  1.860710e-001  1.782519e-001  1.697881e-001  1.608349e-001  1.515401e-001  1.420394e-001  1.324529e-001  1.180988e-001  9.953748e-002  6.799819e-002  2.266464e-002  0.000000e+000  
3.799533e-001  3.777652e-001  3.733803e-001  3.667872e-001  3.556713e-001  3.403220e-001  3.234689e-001  3.055281e-001  2.868915e-001  2.679108e-001  2.488884e-001  2.300726e-001  2.024514e-001  1.680973e-001  1.117785e-001  3.634129e-002  0.000000e+000  
5.715021e-001  5.685742e-001  5.625917e-001  5.533276e-001  5.339780e-001  5.049529e-001  4.738111e-001  4.415168e-001  4.089048e-001  3.766520e-001  3.452726e-001  3.151305e-001  2.721250e-001  2.214400e-001  1.422605e-001  4.491431e-002  0.000000e+000  
7.452057e-001  7.433182e-001  7.390101e-001  7.312901e-001  7.023771e-001  6.527353e-001  6.011980e-001  5.497259e-001  4.997763e-001  4.523144e-001  4.078961e-001  3.667691e-001  3.100650e-001  2.471101e-001  1.536216e-001  4.728515e-002  0.000000e+000  
8.674313e-001  8.684229e-001  8.692954e-001  8.679136e-001  8.313260e-001  7.600677e-001  6.883146e-001  6.190882e-001  5.542268e-001  4.946234e-001  4.405296e-001  3.918109e-001  3.262813e-001  2.563947e-001  1.560032e-001  4.724167e-002  0.000000e+000  
9.499730e-001  9.562037e-001  9.669006e-001  9.783941e-001  9.355653e-001  8.392802e-001  7.460570e-001  6.598408e-001  5.821957e-001  5.132615e-001  4.524864e-001  3.990548e-001  3.286251e-001  2.557054e-001  1.533561e-001  4.594627e-002  0.000000e+000  
9.935006e-001  1.003997e+000  1.022941e+000  1.045704e+000  9.990306e-001  8.843116e-001  7.763453e-001  6.793141e-001  5.940945e-001  5.199839e-001  4.557259e-001  3.999896e-001  3.273363e-001  2.533076e-001  1.506994e-001  4.487957e-002  0.000000e+000  
1.029570e+000  1.045742e+000  1.076124e+000  1.115416e+000  1.064577e+000  9.262737e-001  8.011733e-001  6.927701e-001  6.003004e-001  5.216521e-001  4.545986e-001  3.971903e-001  3.231375e-001  2.487780e-001  1.468897e-001  4.349664e-002  0.000000e+000  
1.054255e+000  1.077454e+000  1.122926e+000  1.186072e+000  1.130393e+000  9.616348e-001  8.173761e-001  6.979420e-001  5.993198e-001  5.173051e-001  4.484828e-001  3.902465e-001  3.158137e-001  2.420122e-001  1.419047e-001  4.179746e-002  0.000000e+000  
1.061635e+000  1.091529e+000  1.152953e+000  1.245559e+000  1.184245e+000  9.813358e-001  8.200852e-001  6.928709e-001  5.908376e-001  5.074764e-001  4.383216e-001  3.802754e-001  3.065498e-001  2.340891e-001  1.365162e-001  4.003939e-002  0.000000e+000  
1.056289e+000  1.091276e+000  1.166475e+000  1.290376e+000  1.222264e+000  9.857384e-001  8.122358e-001  6.810461e-001  5.780615e-001  4.948922e-001  4.263807e-001  3.691561e-001  2.967571e-001  2.260147e-001  1.312508e-001  3.836392e-002  0.000000e+000  
1.037318e+000  1.075378e+000  1.161068e+000  1.319523e+000  1.241089e+000  9.710926e-001  7.916603e-001  6.607965e-001  5.594084e-001  4.779887e-001  4.111327e-001  3.554249e-001  2.850974e-001  2.166534e-001  1.253412e-001  3.652141e-002  0.000000e+000  
1.003540e+000  1.040976e+000  1.127449e+000  1.308561e+000  1.214460e+000  9.288876e-001  7.564184e-001  6.317214e-001  5.348231e-001  4.567879e-001  3.926141e-001  3.391178e-001  2.716018e-001  2.060301e-001  1.188038e-001  3.451730e-002  0.000000e+000  
9.467218e-001  9.781591e-001  1.044863e+000  1.150922e+000  1.017057e+000  8.386918e-001  6.980317e-001  5.877704e-001  4.993441e-001  4.270638e-001  3.671665e-001  3.170387e-001  2.536552e-001  1.921096e-001  1.104089e-001  3.197969e-002  0.000000e+000  
8.590955e-001  8.809375e-001  9.220329e-001  9.691205e-001  8.060054e-001  7.144417e-001  6.143440e-001  5.254116e-001  4.498585e-001  3.862561e-001  3.326995e-001  2.874733e-001  2.299907e-001  1.740081e-001  9.971771e-002  2.879757e-002  0.000000e+000  
7.043152e-001  7.144894e-001  7.311569e-001  7.458064e-001  5.742725e-001  5.360942e-001  4.800807e-001  4.211692e-001  3.660467e-001  3.169978e-001  2.743408e-001  2.376201e-001  1.903926e-001  1.439809e-001  8.224612e-002  2.365982e-002  0.000000e+000  
2.987506e-001  2.999678e-001  3.017899e-001  3.031787e-001  2.060936e-001  1.987880e-001  1.857202e-001  1.694621e-001  1.520755e-001  1.349339e-001  1.188321e-001  1.041558e-001  8.446494e-002  6.420902e-002  3.663379e-002  1.046831e-002  0.000000e+000  
-2.987506e-001  -2.999678e-001  -3.017899e-001  -3.031787e-001  -2.060936e-001  -1.987880e-001  -1.857202e-001  -1.694621e-001  -1.520755e-001  -1.349339e-001  -1.188321e-001  -1.041558e-001  -8.446494e-002  -6.420902e-002  -3.663379e-002  -1.046831e-002  0.000000e+000  
-7.043152e-001  -7.144894e-001  -7.311569e-001  -7.458064e-001  -5.742725e-001  -5.360942e-001  -4.800807e-001  -4.211692e-001  -3.660467e-001  -3.169978e-001  -2.743408e-001  -2.376201e-001  -1.903926e-001  -1.439809e-001  -8.224612e-002  -2.365982e-002  0.000000e+000  
-8.590955e-001  -8.809375e-001  -9.220329e-001  -9.691205e-001  -8.060054e-001  -7.144417e-001  -6.143440e-001  -5.254116e-001  -4.498585e-001  -3.862561e-001  -3.326995e-001  -2.874733e-001  -2.299907e-001  -1.740081e-001  -9.971771e-002  -2.879757e-002  0.000000e+000  
-9.467218e-001  -9.781591e-001  -1.044863e+000  -1.150922e+000  -1.017057e+000  -8.386918e-001  -6.980317e-001  -5.877704e-001  -4.993441e-001  -4.270638e-001  -3.671665e-001  -3.170387e-001  -2.536552e-001  -1.921096e-001  -1.104089e-001  -3.197969e-002  0.000000e+000  
-1.003540e+000  -1.040976e+000  -1.127449e+000  -1.308561e+000  -1.214460e+000  -9.288876e-001  -7.564184e-001  -6.317214e-001  -5.348231e-001  -4.567879e-001  -3.926141e-001  -3.391178e-001  -2.716018e-001  -2.060301e-001  -1.188038e-001  -3.451730e-002  0.000000e+000  
-1.037318e+000  -1.075378e+000  -1.161068e+000  -1.319523e+000  -1.241089e+000  -9.710926e-001  -7.916603e-001  -6.607965e-001  -5.594084e-001  -4.779887e-001  -4.111327e-001  -3.554249e-001  -2.850974e-001  -2.166534e-001  -1.253412e-001  -3.652141e-002  0.000000e+000  
-1.056289e+000  -1.091276e+000  -1.166475e+000  -1.290376e+000  -1.222264e+000  -9.857384e-001  -8.122358e-001  -6.810461e-001  -5.780615e-001  -4.948922e-001  -4.263807e-001  -3.691561e-001  -2.967571e-001  -2.260147e-001  -1.312508e-001  -3.836392e-002  0.000000e+000  
-1.061635e+000  -1.091529e+000  -1.152953e+000  -1.245559e+000  -1.184245e+000  -9.813358e-001  -8.200852e-001  -6.928709e-001  -5.908376e-001  -5.074764e-001  -4.383216e-001  -3.802754e-001  -3.065498e-001  -2.340891e-001  -1.365162e-001  -4.003939e-002  0.000000e+000  
-1.054255e+000  -1.077454e+000  -1.122926e+000  -1.186072e+000  -1.130393e+000  -9.616348e-001  -8.173761e-001  -6.979420e-001  -5.993198e-001  -5.173051e-001  -4.484828e-001  -3.902465e-001  -3.158137e-001  -2.420122e-001  -1.419047e-001  -4.179746e-002  0.000000e+000  
-1.029570e+000  -1.045742e+000  -1.076124e+000  -1.115416e+000  -1.064577e+000  -9.262737e-001  -8.011733e-001  -6.927701e-001  -6.003004e-001  -5.216521e-001  -4.545986e-001  -3.971903e-001  -3.231375e-001  -2.487780e-001  -1.468897e-001  -4.349664e-002  0.000000e+000  
-9.935006e-001  -1.003997e+000  -1.022941e+000  -1.045704e+000  -9.990306e-001  -8.843116e-001  -7.763453e-001  -6.793141e-001  -5.940945e-001  -5.199839e-001  -4.557259e-001  -3.999896e-001  -3.273363e-001  -2.533076e-001  -1.506994e-001  -4.487957e-002  0.000000e+000  
-9.499730e-001  -9.562037e-001  -9.669006e-001  -9.783941e-001  -9.355653e-001  -8.392802e-001  -7.460570e-001  -6.598408e-001  -5.821957e-001  -5.132615e-001  -4.524864e-001  -3.990548e-001  -3.286251e-001  -2.557054e-001  -1.533561e-001  -4.594627e-002  0.000000e+000  
-8.674313e-001  -8.684229e-001  -8.692954e-001  -8.679136e-001  -8.313260e-001  -7.600677e-001  -6.883146e-001  -6.190882e-001  -5.542268e-001  -4.946234e-001  -4.405296e-001  -3.918109e-001  -3.262813e-001  -2.563947e-001  -1.560032e-001  -4.724167e-002  0.000000e+000  
-7.452057e-001  -7.433182e-001  -7.390101e-001  -7.312901e-001  -7.023771e-001  -6.527353e-001  -6.011980e-001  -5.497259e-001  -4.997763e-001  -4.523144e-001  -4.078961e-001  -3.667691e-001  -3.100650e-001  -2.471101e-001  -1.536216e-001  -4.728515e-002  0.000000e+000  
-5.715021e-001  -5.685742e-001  -5.625917e-001  -5.533276e-001  -5.339780e-001  -5.049529e-001  -4.738111e-001  -4.415168e-001  -4.089048e-001  -3.766520e-001  -3.452726e-001  -3.151305e-001  -2.721250e-001  -2.214400e-001  -1.422605e-001  -4.491431e-002  0.000000e+000  
-3.799533e-001  -3.777652e-001  -3.733803e-001  -3.667872e-001  -3.556713e-001  -3.403220e-001  -3.234689e-001  -3.055281e-001  -2.868915e-001  -2.679108e-001  -2.488884e-001  -2.300726e-001  -2.024514e-001  -1.680973e-001  -1.117785e-001  -3.634128e-002  0.000000e+000  
-2.053465e-001  -2.041829e-001  -2.018636e-001  -1.984050e-001  -1.930880e-001  -1.860710e-001  -1.782519e-001  -1.697881e-001  -1.608349e-001  -1.515401e-001  -1.420394e-001  -1.324529e-001  -1.180988e-001  -9.953748e-002  -6.799819e-002  -2.266464e-002  0.000000e+000  
-6.099539e-002  -6.065599e-002  -5.998021e-002  -5.897415e-002  -5.746839e-002  -5.551010e-002  -5.331654e-002  -5.092806e-002  -4.838523e-002  -4.572745e-002  -4.299167e-002  -4.021146e-002  -3.601888e-002  -3.052048e-002  -2.105497e-002  -7.083760e-003  0.000000e+000  
0.000000e+000  0.000000e+000  0.000000e+000  0.000000e+000  0.000000e+000  0.000000e+000  0.000000e+000  0.000000e+000  0.000000e+000  0.000000e+000  0.000000e+000  0.000000e+000  0.000000e+000  0.000000e+000  0.000000e+000  0.000000e+000  0.000000e+000  

