Port monitor named: Port1_h1.prt

nx        = 37
ny        = 4
nz        = 19

nu        = 17
nv        = 35
iu        = 2
iv        = 2

idir      = 1
dcut      = -4.425000e-002
icut      = 2
type      = 1
frequency = 2.400000e+009

fcutoff   = 0.000000e+000
alpha     = 0.000000e+000
beta      = 9.215499e+001
accuracy  = 1.826633e-010

type          = QTEM
wave imp.     = 2.490222e+002
wave imp.sig. = 1.200088e-004
line imp.     = 5.405059e+001

ref. port     = 0

-0.000000e+000  1.287122e-002  2.543852e-002  3.741368e-002  4.853843e-002  5.916371e-002  6.849595e-002  7.641935e-002  8.288128e-002  8.788784e-002  9.149621e-002  9.380489e-002  9.494309e-002  9.415667e-002  9.061130e-002  7.268612e-002  5.836502e-002  
-0.000000e+000  4.816992e-002  9.501566e-002  1.392943e-001  1.799168e-001  2.180252e-001  2.506787e-001  2.775023e-001  2.984119e-001  3.135791e-001  3.233817e-001  3.283487e-001  3.291067e-001  3.200209e-001  3.023063e-001  2.323197e-001  1.820879e-001  
-0.000000e+000  1.167517e-001  2.290656e-001  3.328728e-001  4.247963e-001  5.066219e-001  5.716112e-001  6.194558e-001  6.508805e-001  6.673856e-001  6.709663e-001  6.638566e-001  6.483244e-001  5.984540e-001  5.382573e-001  3.712197e-001  2.738674e-001  
-0.000000e+000  2.455765e-001  4.780999e-001  6.858858e-001  8.598544e-001  1.001445e+000  1.098697e+000  1.153929e+000  1.172363e+000  1.160758e+000  1.126257e+000  1.075571e+000  1.014534e+000  8.757595e-001  7.404222e-001  4.531529e-001  3.138657e-001  
-0.000000e+000  4.767707e-001  9.196863e-001  1.298401e+000  1.590158e+000  1.792942e+000  1.891927e+000  1.902730e+000  1.846922e+000  1.746304e+000  1.619537e+000  1.480943e+000  1.340647e+000  1.074927e+000  8.512511e-001  4.687018e-001  3.083618e-001  
-0.000000e+000  7.513564e-001  1.442480e+000  2.016025e+000  2.425833e+000  2.660132e+000  2.710466e+000  2.622407e+000  2.446915e+000  2.226677e+000  1.991964e+000  1.761782e+000  1.546773e+000  1.177669e+000  8.913105e-001  4.581340e-001  2.914188e-001  
-0.000000e+000  1.103524e+000  2.120443e+000  2.952642e+000  3.500604e+000  3.716645e+000  3.626687e+000  3.349375e+000  2.988545e+000  2.611621e+000  2.254638e+000  1.933318e+000  1.652103e+000  1.206751e+000  8.823260e-001  4.326975e-001  2.692066e-001  
-0.000000e+000  1.378570e+000  2.662423e+000  3.721538e+000  4.390075e+000  4.555460e+000  4.305836e+000  3.848018e+000  3.331683e+000  2.836289e+000  2.394535e+000  2.014521e+000  1.693315e+000  1.206523e+000  8.640091e-001  4.120391e-001  2.529741e-001  
-0.000000e+000  1.718917e+000  3.359521e+000  4.760289e+000  5.625906e+000  5.655610e+000  5.117441e+000  4.385658e+000  3.664020e+000  3.029475e+000  2.497613e+000  2.060473e+000  1.703379e+000  1.184656e+000  8.314425e-001  3.861754e-001  2.341541e-001  
-0.000000e+000  2.113081e+000  4.222005e+000  6.168883e+000  7.428093e+000  7.112968e+000  6.052971e+000  4.919922e+000  3.944612e+000  3.160785e+000  2.543414e+000  2.057991e+000  1.674034e+000  1.137832e+000  7.835316e-001  3.551214e-001  2.128561e-001  
-0.000000e+000  2.459096e+000  5.071858e+000  7.813193e+000  9.920076e+000  8.793826e+000  6.912779e+000  5.303448e+000  4.087817e+000  3.186826e+000  2.513202e+000  2.001908e+000  1.607442e+000  1.072923e+000  7.277825e-001  3.236108e-001  1.922381e-001  
-0.000000e+000  2.695020e+000  5.747476e+000  9.461458e+000  1.324127e+001  1.049435e+001  7.555885e+000  5.496831e+000  4.102793e+000  3.131573e+000  2.432148e+000  1.914309e+000  1.521799e+000  1.001484e+000  6.712816e-001  2.940219e-001  1.734289e-001  
-0.000000e+000  2.792602e+000  6.166933e+000  1.108276e+001  1.895902e+001  1.226506e+001  7.897458e+000  5.462112e+000  3.972969e+000  2.983423e+000  2.289157e+000  1.784048e+000  1.406187e+000  9.139691e-001  6.061297e-001  2.619276e-001  1.535218e-001  
-0.000000e+000  2.665297e+000  5.990681e+000  1.156012e+001  3.001452e+001  1.323524e+001  7.573249e+000  5.101964e+000  3.671722e+000  2.734193e+000  2.081555e+000  1.610414e+000  1.260701e+000  8.108423e-001  5.327831e-001  2.275356e-001  1.326272e-001  
-0.000000e+000  2.222670e+000  4.783439e+000  8.113270e+000  -0.000000e+000  8.047508e+000  5.923073e+000  4.270259e+000  3.127235e+000  2.332763e+000  1.769449e+000  1.361483e+000  1.059520e+000  6.746174e-001  4.392038e-001  1.853580e-001  1.074399e-001  
-0.000000e+000  1.493627e+000  2.897508e+000  3.526220e+000  -0.000000e+000  3.748832e+000  3.769932e+000  3.023050e+000  2.302083e+000  1.739876e+000  1.323044e+000  1.016119e+000  7.879554e-001  4.979255e-001  3.217752e-001  1.344859e-001  7.759608e-002  
-0.000000e+000  4.892265e-001  8.430533e-001  8.018455e-001  -0.000000e+000  9.534480e-001  1.233268e+000  1.131895e+000  9.240647e-001  7.217266e-001  5.560557e-001  4.283522e-001  3.316093e-001  2.078120e-001  1.330371e-001  5.489544e-002  3.148297e-002  
-0.000000e+000  -4.892271e-001  -8.430542e-001  -8.018463e-001  -0.000000e+000  -9.534440e-001  -1.233262e+000  -1.131888e+000  -9.240583e-001  -7.217206e-001  -5.560501e-001  -4.283471e-001  -3.316047e-001  -2.078081e-001  -1.330337e-001  -5.489298e-002  -3.148091e-002  
-0.000000e+000  -1.493628e+000  -2.897510e+000  -3.526222e+000  -0.000000e+000  -3.748824e+000  -3.769923e+000  -3.023042e+000  -2.302076e+000  -1.739870e+000  -1.323039e+000  -1.016114e+000  -7.879509e-001  -4.979217e-001  -3.217719e-001  -1.344834e-001  -7.759403e-002  
-0.000000e+000  -2.222671e+000  -4.783442e+000  -8.113274e+000  -0.000000e+000  -8.047492e+000  -5.923062e+000  -4.270251e+000  -3.127228e+000  -2.332757e+000  -1.769443e+000  -1.361478e+000  -1.059516e+000  -6.746136e-001  -4.392005e-001  -1.853556e-001  -1.074379e-001  
-0.000000e+000  -2.665299e+000  -5.990684e+000  -1.156012e+001  -3.001454e+001  -1.323521e+001  -7.573236e+000  -5.101955e+000  -3.671715e+000  -2.734187e+000  -2.081550e+000  -1.610409e+000  -1.260697e+000  -8.108386e-001  -5.327799e-001  -2.275332e-001  -1.326252e-001  
-0.000000e+000  -2.792603e+000  -6.166937e+000  -1.108276e+001  -1.895903e+001  -1.226505e+001  -7.897447e+000  -5.462104e+000  -3.972962e+000  -2.983417e+000  -2.289152e+000  -1.784043e+000  -1.406183e+000  -9.139655e-001  -6.061266e-001  -2.619252e-001  -1.535199e-001  
-0.000000e+000  -2.695021e+000  -5.747478e+000  -9.461461e+000  -1.324127e+001  -1.049434e+001  -7.555877e+000  -5.496824e+000  -4.102787e+000  -3.131567e+000  -2.432144e+000  -1.914304e+000  -1.521795e+000  -1.001480e+000  -6.712786e-001  -2.940196e-001  -1.734269e-001  
-0.000000e+000  -2.459097e+000  -5.071860e+000  -7.813195e+000  -9.920077e+000  -8.793822e+000  -6.912773e+000  -5.303442e+000  -4.087811e+000  -3.186821e+000  -2.513198e+000  -2.001904e+000  -1.607438e+000  -1.072920e+000  -7.277795e-001  -3.236085e-001  -1.922362e-001  
-0.000000e+000  -2.113081e+000  -4.222006e+000  -6.168883e+000  -7.428092e+000  -7.112964e+000  -6.052966e+000  -4.919917e+000  -3.944607e+000  -3.160780e+000  -2.543410e+000  -2.057987e+000  -1.674030e+000  -1.137829e+000  -7.835286e-001  -3.551191e-001  -2.128542e-001  
-0.000000e+000  -1.718917e+000  -3.359521e+000  -4.760289e+000  -5.625905e+000  -5.655607e+000  -5.117437e+000  -4.385653e+000  -3.664016e+000  -3.029471e+000  -2.497609e+000  -2.060470e+000  -1.703375e+000  -1.184653e+000  -8.314397e-001  -3.861732e-001  -2.341522e-001  
-0.000000e+000  -1.378570e+000  -2.662422e+000  -3.721537e+000  -4.390073e+000  -4.555458e+000  -4.305833e+000  -3.848014e+000  -3.331679e+000  -2.836285e+000  -2.394531e+000  -2.014517e+000  -1.693312e+000  -1.206520e+000  -8.640065e-001  -4.120370e-001  -2.529723e-001  
-0.000000e+000  -1.103524e+000  -2.120442e+000  -2.952641e+000  -3.500603e+000  -3.716643e+000  -3.626684e+000  -3.349372e+000  -2.988542e+000  -2.611617e+000  -2.254634e+000  -1.933315e+000  -1.652100e+000  -1.206748e+000  -8.823234e-001  -4.326955e-001  -2.692048e-001  
-0.000000e+000  -7.513561e-001  -1.442479e+000  -2.016024e+000  -2.425831e+000  -2.660130e+000  -2.710464e+000  -2.622405e+000  -2.446913e+000  -2.226675e+000  -1.991961e+000  -1.761779e+000  -1.546770e+000  -1.177666e+000  -8.913081e-001  -4.581320e-001  -2.914171e-001  
-0.000000e+000  -4.767705e-001  -9.196858e-001  -1.298400e+000  -1.590157e+000  -1.792941e+000  -1.891926e+000  -1.902728e+000  -1.846920e+000  -1.746302e+000  -1.619534e+000  -1.480941e+000  -1.340645e+000  -1.074925e+000  -8.512490e-001  -4.687001e-001  -3.083602e-001  
-0.000000e+000  -2.455763e-001  -4.780995e-001  -6.858853e-001  -8.598536e-001  -1.001444e+000  -1.098696e+000  -1.153928e+000  -1.172361e+000  -1.160757e+000  -1.126255e+000  -1.075569e+000  -1.014533e+000  -8.757579e-001  -7.404206e-001  -4.531514e-001  -3.138643e-001  
-0.000000e+000  -1.167516e-001  -2.290653e-001  -3.328724e-001  -4.247959e-001  -5.066213e-001  -5.716106e-001  -6.194550e-001  -6.508797e-001  -6.673847e-001  -6.709653e-001  -6.638556e-001  -6.483234e-001  -5.984529e-001  -5.382562e-001  -3.712186e-001  -2.738664e-001  
-0.000000e+000  -4.816986e-002  -9.501554e-002  -1.392941e-001  -1.799166e-001  -2.180249e-001  -2.506784e-001  -2.775019e-001  -2.984114e-001  -3.135786e-001  -3.233812e-001  -3.283482e-001  -3.291061e-001  -3.200203e-001  -3.023057e-001  -2.323190e-001  -1.820873e-001  
-0.000000e+000  -1.287120e-002  -2.543849e-002  -3.741363e-002  -4.853836e-002  -5.916362e-002  -6.849585e-002  -7.641924e-002  -8.288115e-002  -8.788770e-002  -9.149607e-002  -9.380473e-002  -9.494292e-002  -9.415649e-002  -9.061111e-002  -7.268593e-002  -5.836483e-002  
-0.000000e+000  -0.000000e+000  -0.000000e+000  -0.000000e+000  -0.000000e+000  -0.000000e+000  -0.000000e+000  -0.000000e+000  -0.000000e+000  -0.000000e+000  -0.000000e+000  -0.000000e+000  -0.000000e+000  -0.000000e+000  -0.000000e+000  -0.000000e+000  -0.000000e+000  

-1.059469e+000  -1.052148e+000  -1.037653e+000  -1.016270e+000  -9.900691e-001  -9.604241e-001  -9.262979e-001  -8.883676e-001  -8.473352e-001  -8.038987e-001  -7.587287e-001  -7.124481e-001  -6.422026e-001  -5.492775e-001  -3.791882e-001  -1.244131e-001  -0.000000e+000  
-1.126995e+000  -1.118265e+000  -1.101022e+000  -1.075685e+000  -1.044509e+000  -1.009089e+000  -9.686624e-001  -9.241798e-001  -8.765964e-001  -8.268318e-001  -7.757362e-001  -7.240676e-001  -6.466817e-001  -5.470433e-001  -3.692935e-001  -1.184657e-001  -0.000000e+000  
-1.433631e+000  -1.417402e+000  -1.385604e+000  -1.339504e+000  -1.282377e+000  -1.217156e+000  -1.144825e+000  -1.067878e+000  -9.886270e-001  -9.090919e-001  -8.309359e-001  -7.554468e-001  -6.476033e-001  -5.217933e-001  -3.183914e-001  -9.217865e-002  -0.000000e+000  
-1.978102e+000  -1.943100e+000  -1.875286e+000  -1.778786e+000  -1.659906e+000  -1.525871e+000  -1.383291e+000  -1.238793e+000  -1.097804e+000  -9.643496e-001  -8.410825e-001  -7.294631e-001  -5.802710e-001  -4.288411e-001  -2.174522e-001  -5.203369e-002  -0.000000e+000  
-2.987161e+000  -2.902406e+000  -2.740231e+000  -2.514561e+000  -2.241947e+000  -1.944504e+000  -1.646565e+000  -1.365298e+000  -1.111784e+000  -8.915058e-001  -7.056607e-001  -5.526142e-001  -3.673999e-001  -2.151741e-001  -5.127716e-002  1.654963e-003  -0.000000e+000  
-3.939893e+000  -3.791063e+000  -3.507321e+000  -3.116842e+000  -2.653546e+000  -2.166294e+000  -1.706432e+000  -1.301952e+000  -9.644461e-001  -6.938492e-001  -4.836233e-001  -3.246203e-001  -1.487984e-001  -3.005160e-002  6.219522e-002  3.300609e-002  -0.000000e+000  
-5.419325e+000  -5.156824e+000  -4.651094e+000  -3.951256e+000  -3.129953e+000  -2.307618e+000  -1.594356e+000  -1.028041e+000  -6.055807e-001  -3.047260e-001  -9.876900e-002  3.644387e-002  1.621594e-001  2.113097e-001  1.921924e-001  6.585116e-002  -0.000000e+000  
-6.365867e+000  -6.031584e+000  -5.372628e+000  -4.436797e+000  -3.328279e+000  -2.261324e+000  -1.397168e+000  -7.621359e-001  -3.244631e-001  -3.714752e-002  1.425672e-001  2.477649e-001  3.293823e-001  3.328670e-001  2.519825e-001  8.009270e-002  -0.000000e+000  
-7.542421e+000  -7.129788e+000  -6.284643e+000  -5.024752e+000  -3.488554e+000  -2.090333e+000  -1.058321e+000  -3.739141e-001  5.001221e-002  2.973719e-001  4.303749e-001  4.908589e-001  5.132153e-001  4.618150e-001  3.122903e-001  9.398199e-002  -0.000000e+000  
-9.002991e+000  -8.525922e+000  -7.482517e+000  -5.778881e+000  -3.543754e+000  -1.692831e+000  -5.038493e-001  1.761677e-001  5.344079e-001  7.032608e-001  7.636034e-001  7.626486e-001  7.100275e-001  5.953230e-001  3.718810e-001  1.072846e-001  -0.000000e+000  
-1.079185e+001  -1.031241e+001  -9.136196e+000  -6.862829e+000  -3.328864e+000  -8.845017e-001  3.670402e-001  9.266265e-001  1.137028e+000  1.177153e+000  1.135492e+000  1.056188e+000  9.142458e-001  7.296859e-001  4.293627e-001  1.197567e-001  -0.000000e+000  
-1.234022e+001  -1.195726e+001  -1.086303e+001  -8.198813e+000  -2.692583e+000  2.010946e-001  1.296939e+000  1.628110e+000  1.655883e+000  1.564184e+000  1.428559e+000  1.281752e+000  1.066457e+000  8.275218e-001  4.698782e-001  1.283573e-001  -0.000000e+000  
-1.403429e+001  -1.387453e+001  -1.319374e+001  -1.057464e+001  -1.103614e+000  1.908967e+000  2.491963e+000  2.435200e+000  2.216701e+000  1.967001e+000  1.726029e+000  1.506659e+000  1.214903e+000  9.212841e-001  5.077493e-001  1.362605e-001  -0.000000e+000  
-1.578767e+001  -1.599051e+001  -1.627004e+001  -1.549504e+001  2.807179e+000  4.458390e+000  3.909325e+000  3.299173e+000  2.789145e+000  2.367531e+000  2.016666e+000  1.723522e+000  1.355547e+000  1.008822e+000  5.423439e-001  1.433716e-001  -0.000000e+000  
-1.746017e+001  -1.807425e+001  -1.975048e+001  -2.454121e+001  1.538802e+001  7.770954e+000  5.349285e+000  4.129723e+000  3.332029e+000  2.744458e+000  2.288077e+000  1.924476e+000  1.484246e+000  1.087986e+000  5.730547e-001  1.496023e-001  -0.000000e+000  
-1.929452e+001  -2.018611e+001  -2.249340e+001  -2.810782e+001  1.495042e+001  9.394560e+000  6.612623e+000  5.002009e+000  3.937123e+000  3.172564e+000  2.597408e+000  2.152887e+000  1.629211e+000  1.176219e+000  6.066723e-001  1.563341e-001  -0.000000e+000  
-2.052854e+001  -2.134773e+001  -2.302365e+001  -2.524653e+001  1.177251e+001  9.364149e+000  7.179237e+000  5.550924e+000  4.365020e+000  3.489367e+000  2.830233e+000  2.325589e+000  1.738535e+000  1.242297e+000  6.314954e-001  1.612522e-001  -0.000000e+000  
-2.133945e+001  -2.193805e+001  -2.296968e+001  -2.395098e+001  1.015223e+001  8.920263e+000  7.327041e+000  5.865197e+000  4.672239e+000  3.740987e+000  3.023986e+000  2.472120e+000  1.831948e+000  1.298457e+000  6.522300e-001  1.653035e-001  -0.000000e+000  
-2.052854e+001  -2.134773e+001  -2.302365e+001  -2.524653e+001  1.177250e+001  9.364146e+000  7.179236e+000  5.550924e+000  4.365021e+000  3.489368e+000  2.830233e+000  2.325589e+000  1.738535e+000  1.242298e+000  6.314956e-001  1.612523e-001  -0.000000e+000  
-1.929452e+001  -2.018610e+001  -2.249340e+001  -2.810783e+001  1.495040e+001  9.394556e+000  6.612623e+000  5.002010e+000  3.937124e+000  3.172566e+000  2.597409e+000  2.152887e+000  1.629212e+000  1.176219e+000  6.066727e-001  1.563342e-001  -0.000000e+000  
-1.746017e+001  -1.807425e+001  -1.975048e+001  -2.454122e+001  1.538800e+001  7.770953e+000  5.349286e+000  4.129725e+000  3.332030e+000  2.744459e+000  2.288079e+000  1.924477e+000  1.484247e+000  1.087986e+000  5.730551e-001  1.496024e-001  -0.000000e+000  
-1.578766e+001  -1.599051e+001  -1.627004e+001  -1.549503e+001  2.807212e+000  4.458398e+000  3.909329e+000  3.299175e+000  2.789147e+000  2.367533e+000  2.016668e+000  1.723524e+000  1.355548e+000  1.008823e+000  5.423444e-001  1.433718e-001  -0.000000e+000  
-1.403429e+001  -1.387453e+001  -1.319374e+001  -1.057463e+001  -1.103594e+000  1.908976e+000  2.491968e+000  2.435204e+000  2.216704e+000  1.967004e+000  1.726031e+000  1.506661e+000  1.214904e+000  9.212850e-001  5.077499e-001  1.362607e-001  -0.000000e+000  
-1.234022e+001  -1.195726e+001  -1.086302e+001  -8.198803e+000  -2.692570e+000  2.011038e-001  1.296945e+000  1.628114e+000  1.655886e+000  1.564187e+000  1.428562e+000  1.281754e+000  1.066459e+000  8.275229e-001  4.698788e-001  1.283575e-001  -0.000000e+000  
-1.079184e+001  -1.031241e+001  -9.136189e+000  -6.862820e+000  -3.328853e+000  -8.844934e-001  3.670463e-001  9.266310e-001  1.137031e+000  1.177156e+000  1.135495e+000  1.056190e+000  9.142473e-001  7.296871e-001  4.293633e-001  1.197569e-001  -0.000000e+000  
-9.002986e+000  -8.525916e+000  -7.482510e+000  -5.778873e+000  -3.543746e+000  -1.692824e+000  -5.038435e-001  1.761723e-001  5.344117e-001  7.032639e-001  7.636060e-001  7.626508e-001  7.100292e-001  5.953243e-001  3.718817e-001  1.072848e-001  -0.000000e+000  
-7.542415e+000  -7.129782e+000  -6.284637e+000  -5.024745e+000  -3.488547e+000  -2.090327e+000  -1.058315e+000  -3.739096e-001  5.001600e-002  2.973751e-001  4.303776e-001  4.908612e-001  5.132172e-001  4.618164e-001  3.122911e-001  9.398223e-002  -0.000000e+000  
-6.365862e+000  -6.031578e+000  -5.372622e+000  -4.436791e+000  -3.328273e+000  -2.261318e+000  -1.397163e+000  -7.621315e-001  -3.244594e-001  -3.714430e-002  1.425700e-001  2.477673e-001  3.293842e-001  3.328685e-001  2.519833e-001  8.009297e-002  -0.000000e+000  
-5.419320e+000  -5.156819e+000  -4.651088e+000  -3.951251e+000  -3.129948e+000  -2.307613e+000  -1.594351e+000  -1.028037e+000  -6.055770e-001  -3.047228e-001  -9.876620e-002  3.644632e-002  1.621614e-001  2.113113e-001  1.921933e-001  6.585144e-002  -0.000000e+000  
-3.939888e+000  -3.791058e+000  -3.507316e+000  -3.116838e+000  -2.653541e+000  -2.166290e+000  -1.706428e+000  -1.301949e+000  -9.644427e-001  -6.938462e-001  -4.836205e-001  -3.246178e-001  -1.487964e-001  -3.004994e-002  6.219625e-002  3.300640e-002  -0.000000e+000  
-2.987157e+000  -2.902402e+000  -2.740227e+000  -2.514557e+000  -2.241943e+000  -1.944500e+000  -1.646561e+000  -1.365295e+000  -1.111781e+000  -8.915029e-001  -7.056581e-001  -5.526118e-001  -3.673978e-001  -2.151724e-001  -5.127608e-002  1.655309e-003  -0.000000e+000  
-1.978099e+000  -1.943097e+000  -1.875282e+000  -1.778782e+000  -1.659903e+000  -1.525868e+000  -1.383288e+000  -1.238790e+000  -1.097802e+000  -9.643472e-001  -8.410802e-001  -7.294610e-001  -5.802691e-001  -4.288394e-001  -2.174510e-001  -5.203331e-002  -0.000000e+000  
-1.433628e+000  -1.417399e+000  -1.385601e+000  -1.339501e+000  -1.282374e+000  -1.217153e+000  -1.144823e+000  -1.067876e+000  -9.886247e-001  -9.090897e-001  -8.309338e-001  -7.554448e-001  -6.476015e-001  -5.217918e-001  -3.183903e-001  -9.217826e-002  -0.000000e+000  
-1.126992e+000  -1.118263e+000  -1.101020e+000  -1.075683e+000  -1.044507e+000  -1.009087e+000  -9.686603e-001  -9.241777e-001  -8.765945e-001  -8.268299e-001  -7.757344e-001  -7.240659e-001  -6.466801e-001  -5.470419e-001  -3.692925e-001  -1.184653e-001  -0.000000e+000  
-1.059467e+000  -1.052146e+000  -1.037651e+000  -1.016268e+000  -9.900669e-001  -9.604221e-001  -9.262959e-001  -8.883657e-001  -8.473333e-001  -8.038969e-001  -7.587270e-001  -7.124465e-001  -6.422011e-001  -5.492761e-001  -3.791871e-001  -1.244128e-001  -0.000000e+000  

0.000000e+000  0.000000e+000  0.000000e+000  0.000000e+000  0.000000e+000  0.000000e+000  0.000000e+000  0.000000e+000  0.000000e+000  0.000000e+000  0.000000e+000  0.000000e+000  0.000000e+000  0.000000e+000  0.000000e+000  0.000000e+000  0.000000e+000  
0.000000e+000  0.000000e+000  0.000000e+000  0.000000e+000  0.000000e+000  0.000000e+000  0.000000e+000  0.000000e+000  0.000000e+000  0.000000e+000  0.000000e+000  0.000000e+000  0.000000e+000  0.000000e+000  0.000000e+000  0.000000e+000  0.000000e+000  
0.000000e+000  0.000000e+000  0.000000e+000  0.000000e+000  0.000000e+000  0.000000e+000  0.000000e+000  0.000000e+000  0.000000e+000  0.000000e+000  0.000000e+000  0.000000e+000  0.000000e+000  0.000000e+000  0.000000e+000  0.000000e+000  0.000000e+000  
0.000000e+000  0.000000e+000  0.000000e+000  0.000000e+000  0.000000e+000  0.000000e+000  0.000000e+000  0.000000e+000  0.000000e+000  0.000000e+000  0.000000e+000  0.000000e+000  0.000000e+000  0.000000e+000  0.000000e+000  0.000000e+000  0.000000e+000  
0.000000e+000  0.000000e+000  0.000000e+000  0.000000e+000  0.000000e+000  0.000000e+000  0.000000e+000  0.000000e+000  0.000000e+000  0.000000e+000  0.000000e+000  0.000000e+000  0.000000e+000  0.000000e+000  0.000000e+000  0.000000e+000  0.000000e+000  
0.000000e+000  0.000000e+000  0.000000e+000  0.000000e+000  0.000000e+000  0.000000e+000  0.000000e+000  0.000000e+000  0.000000e+000  0.000000e+000  0.000000e+000  0.000000e+000  0.000000e+000  0.000000e+000  0.000000e+000  0.000000e+000  0.000000e+000  
0.000000e+000  0.000000e+000  0.000000e+000  0.000000e+000  0.000000e+000  0.000000e+000  0.000000e+000  0.000000e+000  0.000000e+000  0.000000e+000  0.000000e+000  0.000000e+000  0.000000e+000  0.000000e+000  0.000000e+000  0.000000e+000  0.000000e+000  
0.000000e+000  0.000000e+000  0.000000e+000  0.000000e+000  0.000000e+000  0.000000e+000  0.000000e+000  0.000000e+000  0.000000e+000  0.000000e+000  0.000000e+000  0.000000e+000  0.000000e+000  0.000000e+000  0.000000e+000  0.000000e+000  0.000000e+000  
0.000000e+000  0.000000e+000  0.000000e+000  0.000000e+000  0.000000e+000  0.000000e+000  0.000000e+000  0.000000e+000  0.000000e+000  0.000000e+000  0.000000e+000  0.000000e+000  0.000000e+000  0.000000e+000  0.000000e+000  0.000000e+000  0.000000e+000  
0.000000e+000  0.000000e+000  0.000000e+000  0.000000e+000  0.000000e+000  0.000000e+000  0.000000e+000  0.000000e+000  0.000000e+000  0.000000e+000  0.000000e+000  0.000000e+000  0.000000e+000  0.000000e+000  0.000000e+000  0.000000e+000  0.000000e+000  
0.000000e+000  0.000000e+000  0.000000e+000  0.000000e+000  0.000000e+000  0.000000e+000  0.000000e+000  0.000000e+000  0.000000e+000  0.000000e+000  0.000000e+000  0.000000e+000  0.000000e+000  0.000000e+000  0.000000e+000  0.000000e+000  0.000000e+000  
0.000000e+000  0.000000e+000  0.000000e+000  0.000000e+000  0.000000e+000  0.000000e+000  0.000000e+000  0.000000e+000  0.000000e+000  0.000000e+000  0.000000e+000  0.000000e+000  0.000000e+000  0.000000e+000  0.000000e+000  0.000000e+000  0.000000e+000  
0.000000e+000  0.000000e+000  0.000000e+000  0.000000e+000  0.000000e+000  0.000000e+000  0.000000e+000  0.000000e+000  0.000000e+000  0.000000e+000  0.000000e+000  0.000000e+000  0.000000e+000  0.000000e+000  0.000000e+000  0.000000e+000  0.000000e+000  
0.000000e+000  0.000000e+000  0.000000e+000  0.000000e+000  0.000000e+000  0.000000e+000  0.000000e+000  0.000000e+000  0.000000e+000  0.000000e+000  0.000000e+000  0.000000e+000  0.000000e+000  0.000000e+000  0.000000e+000  0.000000e+000  0.000000e+000  
0.000000e+000  0.000000e+000  0.000000e+000  0.000000e+000  0.000000e+000  0.000000e+000  0.000000e+000  0.000000e+000  0.000000e+000  0.000000e+000  0.000000e+000  0.000000e+000  0.000000e+000  0.000000e+000  0.000000e+000  0.000000e+000  0.000000e+000  
0.000000e+000  0.000000e+000  0.000000e+000  0.000000e+000  0.000000e+000  0.000000e+000  0.000000e+000  0.000000e+000  0.000000e+000  0.000000e+000  0.000000e+000  0.000000e+000  0.000000e+000  0.000000e+000  0.000000e+000  0.000000e+000  0.000000e+000  
0.000000e+000  0.000000e+000  0.000000e+000  0.000000e+000  0.000000e+000  0.000000e+000  0.000000e+000  0.000000e+000  0.000000e+000  0.000000e+000  0.000000e+000  0.000000e+000  0.000000e+000  0.000000e+000  0.000000e+000  0.000000e+000  0.000000e+000  
0.000000e+000  0.000000e+000  0.000000e+000  0.000000e+000  0.000000e+000  0.000000e+000  0.000000e+000  0.000000e+000  0.000000e+000  0.000000e+000  0.000000e+000  0.000000e+000  0.000000e+000  0.000000e+000  0.000000e+000  0.000000e+000  0.000000e+000  
0.000000e+000  0.000000e+000  0.000000e+000  0.000000e+000  0.000000e+000  0.000000e+000  0.000000e+000  0.000000e+000  0.000000e+000  0.000000e+000  0.000000e+000  0.000000e+000  0.000000e+000  0.000000e+000  0.000000e+000  0.000000e+000  0.000000e+000  
0.000000e+000  0.000000e+000  0.000000e+000  0.000000e+000  0.000000e+000  0.000000e+000  0.000000e+000  0.000000e+000  0.000000e+000  0.000000e+000  0.000000e+000  0.000000e+000  0.000000e+000  0.000000e+000  0.000000e+000  0.000000e+000  0.000000e+000  
0.000000e+000  0.000000e+000  0.000000e+000  0.000000e+000  0.000000e+000  0.000000e+000  0.000000e+000  0.000000e+000  0.000000e+000  0.000000e+000  0.000000e+000  0.000000e+000  0.000000e+000  0.000000e+000  0.000000e+000  0.000000e+000  0.000000e+000  
0.000000e+000  0.000000e+000  0.000000e+000  0.000000e+000  0.000000e+000  0.000000e+000  0.000000e+000  0.000000e+000  0.000000e+000  0.000000e+000  0.000000e+000  0.000000e+000  0.000000e+000  0.000000e+000  0.000000e+000  0.000000e+000  0.000000e+000  
0.000000e+000  0.000000e+000  0.000000e+000  0.000000e+000  0.000000e+000  0.000000e+000  0.000000e+000  0.000000e+000  0.000000e+000  0.000000e+000  0.000000e+000  0.000000e+000  0.000000e+000  0.000000e+000  0.000000e+000  0.000000e+000  0.000000e+000  
0.000000e+000  0.000000e+000  0.000000e+000  0.000000e+000  0.000000e+000  0.000000e+000  0.000000e+000  0.000000e+000  0.000000e+000  0.000000e+000  0.000000e+000  0.000000e+000  0.000000e+000  0.000000e+000  0.000000e+000  0.000000e+000  0.000000e+000  
0.000000e+000  0.000000e+000  0.000000e+000  0.000000e+000  0.000000e+000  0.000000e+000  0.000000e+000  0.000000e+000  0.000000e+000  0.000000e+000  0.000000e+000  0.000000e+000  0.000000e+000  0.000000e+000  0.000000e+000  0.000000e+000  0.000000e+000  
0.000000e+000  0.000000e+000  0.000000e+000  0.000000e+000  0.000000e+000  0.000000e+000  0.000000e+000  0.000000e+000  0.000000e+000  0.000000e+000  0.000000e+000  0.000000e+000  0.000000e+000  0.000000e+000  0.000000e+000  0.000000e+000  0.000000e+000  
0.000000e+000  0.000000e+000  0.000000e+000  0.000000e+000  0.000000e+000  0.000000e+000  0.000000e+000  0.000000e+000  0.000000e+000  0.000000e+000  0.000000e+000  0.000000e+000  0.000000e+000  0.000000e+000  0.000000e+000  0.000000e+000  0.000000e+000  
0.000000e+000  0.000000e+000  0.000000e+000  0.000000e+000  0.000000e+000  0.000000e+000  0.000000e+000  0.000000e+000  0.000000e+000  0.000000e+000  0.000000e+000  0.000000e+000  0.000000e+000  0.000000e+000  0.000000e+000  0.000000e+000  0.000000e+000  
0.000000e+000  0.000000e+000  0.000000e+000  0.000000e+000  0.000000e+000  0.000000e+000  0.000000e+000  0.000000e+000  0.000000e+000  0.000000e+000  0.000000e+000  0.000000e+000  0.000000e+000  0.000000e+000  0.000000e+000  0.000000e+000  0.000000e+000  
0.000000e+000  0.000000e+000  0.000000e+000  0.000000e+000  0.000000e+000  0.000000e+000  0.000000e+000  0.000000e+000  0.000000e+000  0.000000e+000  0.000000e+000  0.000000e+000  0.000000e+000  0.000000e+000  0.000000e+000  0.000000e+000  0.000000e+000  
0.000000e+000  0.000000e+000  0.000000e+000  0.000000e+000  0.000000e+000  0.000000e+000  0.000000e+000  0.000000e+000  0.000000e+000  0.000000e+000  0.000000e+000  0.000000e+000  0.000000e+000  0.000000e+000  0.000000e+000  0.000000e+000  0.000000e+000  
0.000000e+000  0.000000e+000  0.000000e+000  0.000000e+000  0.000000e+000  0.000000e+000  0.000000e+000  0.000000e+000  0.000000e+000  0.000000e+000  0.000000e+000  0.000000e+000  0.000000e+000  0.000000e+000  0.000000e+000  0.000000e+000  0.000000e+000  
0.000000e+000  0.000000e+000  0.000000e+000  0.000000e+000  0.000000e+000  0.000000e+000  0.000000e+000  0.000000e+000  0.000000e+000  0.000000e+000  0.000000e+000  0.000000e+000  0.000000e+000  0.000000e+000  0.000000e+000  0.000000e+000  0.000000e+000  
0.000000e+000  0.000000e+000  0.000000e+000  0.000000e+000  0.000000e+000  0.000000e+000  0.000000e+000  0.000000e+000  0.000000e+000  0.000000e+000  0.000000e+000  0.000000e+000  0.000000e+000  0.000000e+000  0.000000e+000  0.000000e+000  0.000000e+000  
0.000000e+000  0.000000e+000  0.000000e+000  0.000000e+000  0.000000e+000  0.000000e+000  0.000000e+000  0.000000e+000  0.000000e+000  0.000000e+000  0.000000e+000  0.000000e+000  0.000000e+000  0.000000e+000  0.000000e+000  0.000000e+000  0.000000e+000  

0.000000e+000  0.000000e+000  0.000000e+000  0.000000e+000  0.000000e+000  0.000000e+000  0.000000e+000  0.000000e+000  0.000000e+000  0.000000e+000  0.000000e+000  0.000000e+000  0.000000e+000  0.000000e+000  0.000000e+000  0.000000e+000  0.000000e+000  
0.000000e+000  0.000000e+000  0.000000e+000  0.000000e+000  0.000000e+000  0.000000e+000  0.000000e+000  0.000000e+000  0.000000e+000  0.000000e+000  0.000000e+000  0.000000e+000  0.000000e+000  0.000000e+000  0.000000e+000  0.000000e+000  0.000000e+000  
0.000000e+000  0.000000e+000  0.000000e+000  0.000000e+000  0.000000e+000  0.000000e+000  0.000000e+000  0.000000e+000  0.000000e+000  0.000000e+000  0.000000e+000  0.000000e+000  0.000000e+000  0.000000e+000  0.000000e+000  0.000000e+000  0.000000e+000  
0.000000e+000  0.000000e+000  0.000000e+000  0.000000e+000  0.000000e+000  0.000000e+000  0.000000e+000  0.000000e+000  0.000000e+000  0.000000e+000  0.000000e+000  0.000000e+000  0.000000e+000  0.000000e+000  0.000000e+000  0.000000e+000  0.000000e+000  
0.000000e+000  0.000000e+000  0.000000e+000  0.000000e+000  0.000000e+000  0.000000e+000  0.000000e+000  0.000000e+000  0.000000e+000  0.000000e+000  0.000000e+000  0.000000e+000  0.000000e+000  0.000000e+000  0.000000e+000  0.000000e+000  0.000000e+000  
0.000000e+000  0.000000e+000  0.000000e+000  0.000000e+000  0.000000e+000  0.000000e+000  0.000000e+000  0.000000e+000  0.000000e+000  0.000000e+000  0.000000e+000  0.000000e+000  0.000000e+000  0.000000e+000  0.000000e+000  0.000000e+000  0.000000e+000  
0.000000e+000  0.000000e+000  0.000000e+000  0.000000e+000  0.000000e+000  0.000000e+000  0.000000e+000  0.000000e+000  0.000000e+000  0.000000e+000  0.000000e+000  0.000000e+000  0.000000e+000  0.000000e+000  0.000000e+000  0.000000e+000  0.000000e+000  
0.000000e+000  0.000000e+000  0.000000e+000  0.000000e+000  0.000000e+000  0.000000e+000  0.000000e+000  0.000000e+000  0.000000e+000  0.000000e+000  0.000000e+000  0.000000e+000  0.000000e+000  0.000000e+000  0.000000e+000  0.000000e+000  0.000000e+000  
0.000000e+000  0.000000e+000  0.000000e+000  0.000000e+000  0.000000e+000  0.000000e+000  0.000000e+000  0.000000e+000  0.000000e+000  0.000000e+000  0.000000e+000  0.000000e+000  0.000000e+000  0.000000e+000  0.000000e+000  0.000000e+000  0.000000e+000  
0.000000e+000  0.000000e+000  0.000000e+000  0.000000e+000  0.000000e+000  0.000000e+000  0.000000e+000  0.000000e+000  0.000000e+000  0.000000e+000  0.000000e+000  0.000000e+000  0.000000e+000  0.000000e+000  0.000000e+000  0.000000e+000  0.000000e+000  
0.000000e+000  0.000000e+000  0.000000e+000  0.000000e+000  0.000000e+000  0.000000e+000  0.000000e+000  0.000000e+000  0.000000e+000  0.000000e+000  0.000000e+000  0.000000e+000  0.000000e+000  0.000000e+000  0.000000e+000  0.000000e+000  0.000000e+000  
0.000000e+000  0.000000e+000  0.000000e+000  0.000000e+000  0.000000e+000  0.000000e+000  0.000000e+000  0.000000e+000  0.000000e+000  0.000000e+000  0.000000e+000  0.000000e+000  0.000000e+000  0.000000e+000  0.000000e+000  0.000000e+000  0.000000e+000  
0.000000e+000  0.000000e+000  0.000000e+000  0.000000e+000  0.000000e+000  0.000000e+000  0.000000e+000  0.000000e+000  0.000000e+000  0.000000e+000  0.000000e+000  0.000000e+000  0.000000e+000  0.000000e+000  0.000000e+000  0.000000e+000  0.000000e+000  
0.000000e+000  0.000000e+000  0.000000e+000  0.000000e+000  0.000000e+000  0.000000e+000  0.000000e+000  0.000000e+000  0.000000e+000  0.000000e+000  0.000000e+000  0.000000e+000  0.000000e+000  0.000000e+000  0.000000e+000  0.000000e+000  0.000000e+000  
0.000000e+000  0.000000e+000  0.000000e+000  0.000000e+000  0.000000e+000  0.000000e+000  0.000000e+000  0.000000e+000  0.000000e+000  0.000000e+000  0.000000e+000  0.000000e+000  0.000000e+000  0.000000e+000  0.000000e+000  0.000000e+000  0.000000e+000  
0.000000e+000  0.000000e+000  0.000000e+000  0.000000e+000  0.000000e+000  0.000000e+000  0.000000e+000  0.000000e+000  0.000000e+000  0.000000e+000  0.000000e+000  0.000000e+000  0.000000e+000  0.000000e+000  0.000000e+000  0.000000e+000  0.000000e+000  
0.000000e+000  0.000000e+000  0.000000e+000  0.000000e+000  0.000000e+000  0.000000e+000  0.000000e+000  0.000000e+000  0.000000e+000  0.000000e+000  0.000000e+000  0.000000e+000  0.000000e+000  0.000000e+000  0.000000e+000  0.000000e+000  0.000000e+000  
0.000000e+000  0.000000e+000  0.000000e+000  0.000000e+000  0.000000e+000  0.000000e+000  0.000000e+000  0.000000e+000  0.000000e+000  0.000000e+000  0.000000e+000  0.000000e+000  0.000000e+000  0.000000e+000  0.000000e+000  0.000000e+000  0.000000e+000  
0.000000e+000  0.000000e+000  0.000000e+000  0.000000e+000  0.000000e+000  0.000000e+000  0.000000e+000  0.000000e+000  0.000000e+000  0.000000e+000  0.000000e+000  0.000000e+000  0.000000e+000  0.000000e+000  0.000000e+000  0.000000e+000  0.000000e+000  
0.000000e+000  0.000000e+000  0.000000e+000  0.000000e+000  0.000000e+000  0.000000e+000  0.000000e+000  0.000000e+000  0.000000e+000  0.000000e+000  0.000000e+000  0.000000e+000  0.000000e+000  0.000000e+000  0.000000e+000  0.000000e+000  0.000000e+000  
0.000000e+000  0.000000e+000  0.000000e+000  0.000000e+000  0.000000e+000  0.000000e+000  0.000000e+000  0.000000e+000  0.000000e+000  0.000000e+000  0.000000e+000  0.000000e+000  0.000000e+000  0.000000e+000  0.000000e+000  0.000000e+000  0.000000e+000  
0.000000e+000  0.000000e+000  0.000000e+000  0.000000e+000  0.000000e+000  0.000000e+000  0.000000e+000  0.000000e+000  0.000000e+000  0.000000e+000  0.000000e+000  0.000000e+000  0.000000e+000  0.000000e+000  0.000000e+000  0.000000e+000  0.000000e+000  
0.000000e+000  0.000000e+000  0.000000e+000  0.000000e+000  0.000000e+000  0.000000e+000  0.000000e+000  0.000000e+000  0.000000e+000  0.000000e+000  0.000000e+000  0.000000e+000  0.000000e+000  0.000000e+000  0.000000e+000  0.000000e+000  0.000000e+000  
0.000000e+000  0.000000e+000  0.000000e+000  0.000000e+000  0.000000e+000  0.000000e+000  0.000000e+000  0.000000e+000  0.000000e+000  0.000000e+000  0.000000e+000  0.000000e+000  0.000000e+000  0.000000e+000  0.000000e+000  0.000000e+000  0.000000e+000  
0.000000e+000  0.000000e+000  0.000000e+000  0.000000e+000  0.000000e+000  0.000000e+000  0.000000e+000  0.000000e+000  0.000000e+000  0.000000e+000  0.000000e+000  0.000000e+000  0.000000e+000  0.000000e+000  0.000000e+000  0.000000e+000  0.000000e+000  
0.000000e+000  0.000000e+000  0.000000e+000  0.000000e+000  0.000000e+000  0.000000e+000  0.000000e+000  0.000000e+000  0.000000e+000  0.000000e+000  0.000000e+000  0.000000e+000  0.000000e+000  0.000000e+000  0.000000e+000  0.000000e+000  0.000000e+000  
0.000000e+000  0.000000e+000  0.000000e+000  0.000000e+000  0.000000e+000  0.000000e+000  0.000000e+000  0.000000e+000  0.000000e+000  0.000000e+000  0.000000e+000  0.000000e+000  0.000000e+000  0.000000e+000  0.000000e+000  0.000000e+000  0.000000e+000  
0.000000e+000  0.000000e+000  0.000000e+000  0.000000e+000  0.000000e+000  0.000000e+000  0.000000e+000  0.000000e+000  0.000000e+000  0.000000e+000  0.000000e+000  0.000000e+000  0.000000e+000  0.000000e+000  0.000000e+000  0.000000e+000  0.000000e+000  
0.000000e+000  0.000000e+000  0.000000e+000  0.000000e+000  0.000000e+000  0.000000e+000  0.000000e+000  0.000000e+000  0.000000e+000  0.000000e+000  0.000000e+000  0.000000e+000  0.000000e+000  0.000000e+000  0.000000e+000  0.000000e+000  0.000000e+000  
0.000000e+000  0.000000e+000  0.000000e+000  0.000000e+000  0.000000e+000  0.000000e+000  0.000000e+000  0.000000e+000  0.000000e+000  0.000000e+000  0.000000e+000  0.000000e+000  0.000000e+000  0.000000e+000  0.000000e+000  0.000000e+000  0.000000e+000  
0.000000e+000  0.000000e+000  0.000000e+000  0.000000e+000  0.000000e+000  0.000000e+000  0.000000e+000  0.000000e+000  0.000000e+000  0.000000e+000  0.000000e+000  0.000000e+000  0.000000e+000  0.000000e+000  0.000000e+000  0.000000e+000  0.000000e+000  
0.000000e+000  0.000000e+000  0.000000e+000  0.000000e+000  0.000000e+000  0.000000e+000  0.000000e+000  0.000000e+000  0.000000e+000  0.000000e+000  0.000000e+000  0.000000e+000  0.000000e+000  0.000000e+000  0.000000e+000  0.000000e+000  0.000000e+000  
0.000000e+000  0.000000e+000  0.000000e+000  0.000000e+000  0.000000e+000  0.000000e+000  0.000000e+000  0.000000e+000  0.000000e+000  0.000000e+000  0.000000e+000  0.000000e+000  0.000000e+000  0.000000e+000  0.000000e+000  0.000000e+000  0.000000e+000  
0.000000e+000  0.000000e+000  0.000000e+000  0.000000e+000  0.000000e+000  0.000000e+000  0.000000e+000  0.000000e+000  0.000000e+000  0.000000e+000  0.000000e+000  0.000000e+000  0.000000e+000  0.000000e+000  0.000000e+000  0.000000e+000  0.000000e+000  
0.000000e+000  0.000000e+000  0.000000e+000  0.000000e+000  0.000000e+000  0.000000e+000  0.000000e+000  0.000000e+000  0.000000e+000  0.000000e+000  0.000000e+000  0.000000e+000  0.000000e+000  0.000000e+000  0.000000e+000  0.000000e+000  0.000000e+000  

0.000000e+000  0.000000e+000  0.000000e+000  0.000000e+000  0.000000e+000  0.000000e+000  0.000000e+000  0.000000e+000  0.000000e+000  0.000000e+000  0.000000e+000  0.000000e+000  0.000000e+000  0.000000e+000  0.000000e+000  0.000000e+000  0.000000e+000  
0.000000e+000  0.000000e+000  0.000000e+000  0.000000e+000  0.000000e+000  0.000000e+000  0.000000e+000  0.000000e+000  0.000000e+000  0.000000e+000  0.000000e+000  0.000000e+000  0.000000e+000  0.000000e+000  0.000000e+000  0.000000e+000  0.000000e+000  
0.000000e+000  0.000000e+000  0.000000e+000  0.000000e+000  0.000000e+000  0.000000e+000  0.000000e+000  0.000000e+000  0.000000e+000  0.000000e+000  0.000000e+000  0.000000e+000  0.000000e+000  0.000000e+000  0.000000e+000  0.000000e+000  0.000000e+000  
0.000000e+000  0.000000e+000  0.000000e+000  0.000000e+000  0.000000e+000  0.000000e+000  0.000000e+000  0.000000e+000  0.000000e+000  0.000000e+000  0.000000e+000  0.000000e+000  0.000000e+000  0.000000e+000  0.000000e+000  0.000000e+000  0.000000e+000  
0.000000e+000  0.000000e+000  0.000000e+000  0.000000e+000  0.000000e+000  0.000000e+000  0.000000e+000  0.000000e+000  0.000000e+000  0.000000e+000  0.000000e+000  0.000000e+000  0.000000e+000  0.000000e+000  0.000000e+000  0.000000e+000  0.000000e+000  
0.000000e+000  0.000000e+000  0.000000e+000  0.000000e+000  0.000000e+000  0.000000e+000  0.000000e+000  0.000000e+000  0.000000e+000  0.000000e+000  0.000000e+000  0.000000e+000  0.000000e+000  0.000000e+000  0.000000e+000  0.000000e+000  0.000000e+000  
0.000000e+000  0.000000e+000  0.000000e+000  0.000000e+000  0.000000e+000  0.000000e+000  0.000000e+000  0.000000e+000  0.000000e+000  0.000000e+000  0.000000e+000  0.000000e+000  0.000000e+000  0.000000e+000  0.000000e+000  0.000000e+000  0.000000e+000  
0.000000e+000  0.000000e+000  0.000000e+000  0.000000e+000  0.000000e+000  0.000000e+000  0.000000e+000  0.000000e+000  0.000000e+000  0.000000e+000  0.000000e+000  0.000000e+000  0.000000e+000  0.000000e+000  0.000000e+000  0.000000e+000  0.000000e+000  
0.000000e+000  0.000000e+000  0.000000e+000  0.000000e+000  0.000000e+000  0.000000e+000  0.000000e+000  0.000000e+000  0.000000e+000  0.000000e+000  0.000000e+000  0.000000e+000  0.000000e+000  0.000000e+000  0.000000e+000  0.000000e+000  0.000000e+000  
0.000000e+000  0.000000e+000  0.000000e+000  0.000000e+000  0.000000e+000  0.000000e+000  0.000000e+000  0.000000e+000  0.000000e+000  0.000000e+000  0.000000e+000  0.000000e+000  0.000000e+000  0.000000e+000  0.000000e+000  0.000000e+000  0.000000e+000  
0.000000e+000  0.000000e+000  0.000000e+000  0.000000e+000  0.000000e+000  0.000000e+000  0.000000e+000  0.000000e+000  0.000000e+000  0.000000e+000  0.000000e+000  0.000000e+000  0.000000e+000  0.000000e+000  0.000000e+000  0.000000e+000  0.000000e+000  
0.000000e+000  0.000000e+000  0.000000e+000  0.000000e+000  0.000000e+000  0.000000e+000  0.000000e+000  0.000000e+000  0.000000e+000  0.000000e+000  0.000000e+000  0.000000e+000  0.000000e+000  0.000000e+000  0.000000e+000  0.000000e+000  0.000000e+000  
0.000000e+000  0.000000e+000  0.000000e+000  0.000000e+000  0.000000e+000  0.000000e+000  0.000000e+000  0.000000e+000  0.000000e+000  0.000000e+000  0.000000e+000  0.000000e+000  0.000000e+000  0.000000e+000  0.000000e+000  0.000000e+000  0.000000e+000  
0.000000e+000  0.000000e+000  0.000000e+000  0.000000e+000  0.000000e+000  0.000000e+000  0.000000e+000  0.000000e+000  0.000000e+000  0.000000e+000  0.000000e+000  0.000000e+000  0.000000e+000  0.000000e+000  0.000000e+000  0.000000e+000  0.000000e+000  
0.000000e+000  0.000000e+000  0.000000e+000  0.000000e+000  0.000000e+000  0.000000e+000  0.000000e+000  0.000000e+000  0.000000e+000  0.000000e+000  0.000000e+000  0.000000e+000  0.000000e+000  0.000000e+000  0.000000e+000  0.000000e+000  0.000000e+000  
0.000000e+000  0.000000e+000  0.000000e+000  0.000000e+000  0.000000e+000  0.000000e+000  0.000000e+000  0.000000e+000  0.000000e+000  0.000000e+000  0.000000e+000  0.000000e+000  0.000000e+000  0.000000e+000  0.000000e+000  0.000000e+000  0.000000e+000  
0.000000e+000  0.000000e+000  0.000000e+000  0.000000e+000  0.000000e+000  0.000000e+000  0.000000e+000  0.000000e+000  0.000000e+000  0.000000e+000  0.000000e+000  0.000000e+000  0.000000e+000  0.000000e+000  0.000000e+000  0.000000e+000  0.000000e+000  
0.000000e+000  0.000000e+000  0.000000e+000  0.000000e+000  0.000000e+000  0.000000e+000  0.000000e+000  0.000000e+000  0.000000e+000  0.000000e+000  0.000000e+000  0.000000e+000  0.000000e+000  0.000000e+000  0.000000e+000  0.000000e+000  0.000000e+000  
0.000000e+000  0.000000e+000  0.000000e+000  0.000000e+000  0.000000e+000  0.000000e+000  0.000000e+000  0.000000e+000  0.000000e+000  0.000000e+000  0.000000e+000  0.000000e+000  0.000000e+000  0.000000e+000  0.000000e+000  0.000000e+000  0.000000e+000  
0.000000e+000  0.000000e+000  0.000000e+000  0.000000e+000  0.000000e+000  0.000000e+000  0.000000e+000  0.000000e+000  0.000000e+000  0.000000e+000  0.000000e+000  0.000000e+000  0.000000e+000  0.000000e+000  0.000000e+000  0.000000e+000  0.000000e+000  
0.000000e+000  0.000000e+000  0.000000e+000  0.000000e+000  0.000000e+000  0.000000e+000  0.000000e+000  0.000000e+000  0.000000e+000  0.000000e+000  0.000000e+000  0.000000e+000  0.000000e+000  0.000000e+000  0.000000e+000  0.000000e+000  0.000000e+000  
0.000000e+000  0.000000e+000  0.000000e+000  0.000000e+000  0.000000e+000  0.000000e+000  0.000000e+000  0.000000e+000  0.000000e+000  0.000000e+000  0.000000e+000  0.000000e+000  0.000000e+000  0.000000e+000  0.000000e+000  0.000000e+000  0.000000e+000  
0.000000e+000  0.000000e+000  0.000000e+000  0.000000e+000  0.000000e+000  0.000000e+000  0.000000e+000  0.000000e+000  0.000000e+000  0.000000e+000  0.000000e+000  0.000000e+000  0.000000e+000  0.000000e+000  0.000000e+000  0.000000e+000  0.000000e+000  
0.000000e+000  0.000000e+000  0.000000e+000  0.000000e+000  0.000000e+000  0.000000e+000  0.000000e+000  0.000000e+000  0.000000e+000  0.000000e+000  0.000000e+000  0.000000e+000  0.000000e+000  0.000000e+000  0.000000e+000  0.000000e+000  0.000000e+000  
0.000000e+000  0.000000e+000  0.000000e+000  0.000000e+000  0.000000e+000  0.000000e+000  0.000000e+000  0.000000e+000  0.000000e+000  0.000000e+000  0.000000e+000  0.000000e+000  0.000000e+000  0.000000e+000  0.000000e+000  0.000000e+000  0.000000e+000  
0.000000e+000  0.000000e+000  0.000000e+000  0.000000e+000  0.000000e+000  0.000000e+000  0.000000e+000  0.000000e+000  0.000000e+000  0.000000e+000  0.000000e+000  0.000000e+000  0.000000e+000  0.000000e+000  0.000000e+000  0.000000e+000  0.000000e+000  
0.000000e+000  0.000000e+000  0.000000e+000  0.000000e+000  0.000000e+000  0.000000e+000  0.000000e+000  0.000000e+000  0.000000e+000  0.000000e+000  0.000000e+000  0.000000e+000  0.000000e+000  0.000000e+000  0.000000e+000  0.000000e+000  0.000000e+000  
0.000000e+000  0.000000e+000  0.000000e+000  0.000000e+000  0.000000e+000  0.000000e+000  0.000000e+000  0.000000e+000  0.000000e+000  0.000000e+000  0.000000e+000  0.000000e+000  0.000000e+000  0.000000e+000  0.000000e+000  0.000000e+000  0.000000e+000  
0.000000e+000  0.000000e+000  0.000000e+000  0.000000e+000  0.000000e+000  0.000000e+000  0.000000e+000  0.000000e+000  0.000000e+000  0.000000e+000  0.000000e+000  0.000000e+000  0.000000e+000  0.000000e+000  0.000000e+000  0.000000e+000  0.000000e+000  
0.000000e+000  0.000000e+000  0.000000e+000  0.000000e+000  0.000000e+000  0.000000e+000  0.000000e+000  0.000000e+000  0.000000e+000  0.000000e+000  0.000000e+000  0.000000e+000  0.000000e+000  0.000000e+000  0.000000e+000  0.000000e+000  0.000000e+000  
0.000000e+000  0.000000e+000  0.000000e+000  0.000000e+000  0.000000e+000  0.000000e+000  0.000000e+000  0.000000e+000  0.000000e+000  0.000000e+000  0.000000e+000  0.000000e+000  0.000000e+000  0.000000e+000  0.000000e+000  0.000000e+000  0.000000e+000  
0.000000e+000  0.000000e+000  0.000000e+000  0.000000e+000  0.000000e+000  0.000000e+000  0.000000e+000  0.000000e+000  0.000000e+000  0.000000e+000  0.000000e+000  0.000000e+000  0.000000e+000  0.000000e+000  0.000000e+000  0.000000e+000  0.000000e+000  
0.000000e+000  0.000000e+000  0.000000e+000  0.000000e+000  0.000000e+000  0.000000e+000  0.000000e+000  0.000000e+000  0.000000e+000  0.000000e+000  0.000000e+000  0.000000e+000  0.000000e+000  0.000000e+000  0.000000e+000  0.000000e+000  0.000000e+000  
0.000000e+000  0.000000e+000  0.000000e+000  0.000000e+000  0.000000e+000  0.000000e+000  0.000000e+000  0.000000e+000  0.000000e+000  0.000000e+000  0.000000e+000  0.000000e+000  0.000000e+000  0.000000e+000  0.000000e+000  0.000000e+000  0.000000e+000  
0.000000e+000  0.000000e+000  0.000000e+000  0.000000e+000  0.000000e+000  0.000000e+000  0.000000e+000  0.000000e+000  0.000000e+000  0.000000e+000  0.000000e+000  0.000000e+000  0.000000e+000  0.000000e+000  0.000000e+000  0.000000e+000  0.000000e+000  

6.345476e-002  6.308303e-002  6.234271e-002  6.124026e-002  5.960406e-002  5.751427e-002  5.519303e-002  5.268247e-002  5.002486e-002  4.726114e-002  4.442973e-002  4.156556e-002  3.726642e-002  3.168429e-002  2.162150e-002  7.000727e-003  0.000000e+000  
2.127315e-001  2.114642e-001  2.089356e-001  2.051590e-001  1.993361e-001  1.917390e-001  1.833543e-001  1.743511e-001  1.648952e-001  1.551438e-001  1.452405e-001  1.353119e-001  1.205432e-001  1.017145e-001  6.835700e-002  2.179367e-002  0.000000e+000  
3.886632e-001  3.863842e-001  3.817941e-001  3.748391e-001  3.625972e-001  3.455718e-001  3.270992e-001  3.076428e-001  2.876350e-001  2.674603e-001  2.474447e-001  2.278522e-001  1.994019e-001  1.648432e-001  1.063683e-001  3.260947e-002  0.000000e+000  
5.685510e-001  5.659808e-001  5.606106e-001  5.520227e-001  5.313638e-001  4.993297e-001  4.653944e-001  4.306183e-001  3.959111e-001  3.620002e-001  3.294265e-001  2.985589e-001  2.551493e-001  2.055955e-001  1.264541e-001  3.719026e-002  0.000000e+000  
7.222064e-001  7.219062e-001  7.204898e-001  7.164330e-001  6.869705e-001  6.328116e-001  5.772463e-001  5.223874e-001  4.697986e-001  4.204995e-001  3.750502e-001  3.336615e-001  2.776215e-001  2.178801e-001  1.281145e-001  3.640841e-002  0.000000e+000  
8.246074e-001  8.287419e-001  8.354199e-001  8.415686e-001  8.057252e-001  7.285039e-001  6.515419e-001  5.780834e-001  5.101171e-001  4.485908e-001  3.937227e-001  3.452802e-001  2.815378e-001  2.168020e-001  1.235862e-001  3.433015e-002  0.000000e+000  
8.867771e-001  8.982015e-001  9.186219e-001  9.429675e-001  9.027895e-001  7.986276e-001  6.985640e-001  6.069301e-001  5.255290e-001  4.545398e-001  3.932905e-001  3.407533e-001  2.733498e-001  2.075118e-001  1.157370e-001  3.166832e-002  0.000000e+000  
9.165936e-001  9.341560e-001  9.664894e-001  1.007232e+000  9.646913e-001  8.394812e-001  7.225322e-001  6.186035e-001  5.288230e-001  4.524197e-001  3.878678e-001  3.334833e-001  2.647880e-001  1.992453e-001  1.096586e-001  2.973368e-002  0.000000e+000  
9.339531e-001  9.595845e-001  1.008235e+000  1.072706e+000  1.028211e+000  8.757561e-001  7.388814e-001  6.218862e-001  5.241460e-001  4.432269e-001  3.763774e-001  3.210922e-001  2.523505e-001  1.882529e-001  1.022947e-001  2.750009e-002  0.000000e+000  
9.332524e-001  9.687575e-001  1.038705e+000  1.137081e+000  1.091097e+000  9.029215e-001  7.433536e-001  6.136022e-001  5.093517e-001  4.255748e-001  3.579421e-001  3.030303e-001  2.357944e-001  1.744548e-001  9.366561e-002  2.498089e-002  0.000000e+000  
9.108980e-001  9.556558e-001  1.047815e+000  1.187636e+000  1.140656e+000  9.116208e-001  7.314949e-001  5.928776e-001  4.856147e-001  4.016461e-001  3.351499e-001  2.819622e-001  2.176368e-001  1.599589e-001  8.507200e-002  2.254876e-002  0.000000e+000  
8.743820e-001  9.260170e-001  1.037038e+000  1.220360e+000  1.172566e+000  9.024662e-001  7.072707e-001  5.645416e-001  4.574543e-001  3.753057e-001  3.111966e-001  2.605019e-001  1.997749e-001  1.460550e-001  7.709252e-002  2.033374e-002  0.000000e+000  
8.178008e-001  8.733142e-001  9.981969e-001  1.228616e+000  1.180095e+000  8.677247e-001  6.651524e-001  5.240809e-001  4.208336e-001  3.428619e-001  2.827168e-001  2.356052e-001  1.796298e-001  1.306990e-001  6.851818e-002  1.799283e-002  0.000000e+000  
7.396677e-001  7.937049e-001  9.184751e-001  1.177161e+000  1.129458e+000  7.953071e-001  6.019974e-001  4.707252e-001  3.756222e-001  3.043764e-001  2.498317e-001  2.074064e-001  1.573278e-001  1.139904e-001  5.940138e-002  1.553879e-002  0.000000e+000  
6.249563e-001  6.698190e-001  7.662207e-001  9.236573e-001  8.597691e-001  6.554067e-001  5.043036e-001  3.946799e-001  3.138952e-001  2.532705e-001  2.070199e-001  1.712348e-001  1.292342e-001  9.323744e-002  4.829210e-002  1.258360e-002  0.000000e+000  
4.645287e-001  4.945018e-001  5.523124e-001  6.211299e-001  5.603303e-001  4.650193e-001  3.688180e-001  2.912827e-001  2.319063e-001  1.867715e-001  1.522531e-001  1.255927e-001  9.440834e-002  6.787531e-002  3.498003e-002  9.085741e-003  0.000000e+000  
1.936945e-001  2.034575e-001  2.201982e-001  2.359356e-001  2.049683e-001  1.806868e-001  1.491897e-001  1.201675e-001  9.636252e-002  7.767347e-002  6.319588e-002  5.198096e-002  3.888412e-002  2.782975e-002  1.424730e-002  3.685029e-003  0.000000e+000  
-1.936920e-001  -2.034550e-001  -2.201957e-001  -2.359331e-001  -2.049659e-001  -1.806845e-001  -1.491876e-001  -1.201655e-001  -9.636072e-002  -7.767183e-002  -6.319437e-002  -5.197958e-002  -3.888291e-002  -2.782875e-002  -1.424662e-002  -3.684802e-003  0.000000e+000  
-4.645262e-001  -4.944993e-001  -5.523099e-001  -6.211274e-001  -5.603277e-001  -4.650169e-001  -3.688158e-001  -2.912807e-001  -2.319045e-001  -1.867699e-001  -1.522516e-001  -1.255914e-001  -9.440715e-002  -6.787432e-002  -3.497936e-002  -9.085515e-003  0.000000e+000  
-6.249539e-001  -6.698166e-001  -7.662182e-001  -9.236547e-001  -8.597663e-001  -6.554043e-001  -5.043014e-001  -3.946780e-001  -3.138934e-001  -2.532689e-001  -2.070184e-001  -1.712334e-001  -1.292330e-001  -9.323645e-002  -4.829143e-002  -1.258338e-002  0.000000e+000  
-7.396653e-001  -7.937025e-001  -9.184726e-001  -1.177159e+000  -1.129455e+000  -7.953046e-001  -6.019953e-001  -4.707233e-001  -3.756205e-001  -3.043748e-001  -2.498302e-001  -2.074051e-001  -1.573266e-001  -1.139894e-001  -5.940072e-002  -1.553857e-002  0.000000e+000  
-8.177985e-001  -8.733119e-001  -9.981945e-001  -1.228614e+000  -1.180093e+000  -8.677223e-001  -6.651503e-001  -5.240790e-001  -4.208319e-001  -3.428603e-001  -2.827154e-001  -2.356039e-001  -1.796287e-001  -1.306980e-001  -6.851753e-002  -1.799261e-002  0.000000e+000  
-8.743797e-001  -9.260147e-001  -1.037036e+000  -1.220358e+000  -1.172564e+000  -9.024640e-001  -7.072687e-001  -5.645398e-001  -4.574527e-001  -3.753041e-001  -3.111952e-001  -2.605006e-001  -1.997738e-001  -1.460541e-001  -7.709188e-002  -2.033352e-002  0.000000e+000  
-9.108959e-001  -9.556536e-001  -1.047813e+000  -1.187633e+000  -1.140653e+000  -9.116188e-001  -7.314930e-001  -5.928759e-001  -4.856130e-001  -4.016446e-001  -3.351485e-001  -2.819609e-001  -2.176357e-001  -1.599580e-001  -8.507137e-002  -2.254854e-002  0.000000e+000  
-9.332503e-001  -9.687554e-001  -1.038703e+000  -1.137079e+000  -1.091095e+000  -9.029195e-001  -7.433518e-001  -6.136005e-001  -5.093502e-001  -4.255734e-001  -3.579408e-001  -3.030291e-001  -2.357933e-001  -1.744538e-001  -9.366498e-002  -2.498067e-002  0.000000e+000  
-9.339511e-001  -9.595825e-001  -1.008233e+000  -1.072704e+000  -1.028209e+000  -8.757543e-001  -7.388797e-001  -6.218846e-001  -5.241445e-001  -4.432255e-001  -3.763761e-001  -3.210910e-001  -2.523495e-001  -1.882520e-001  -1.022941e-001  -2.749988e-002  0.000000e+000  
-9.165918e-001  -9.341541e-001  -9.664876e-001  -1.007230e+000  -9.646895e-001  -8.394795e-001  -7.225306e-001  -6.186020e-001  -5.288215e-001  -4.524183e-001  -3.878666e-001  -3.334821e-001  -2.647870e-001  -1.992444e-001  -1.096580e-001  -2.973348e-002  0.000000e+000  
-8.867753e-001  -8.981998e-001  -9.186202e-001  -9.429658e-001  -9.027878e-001  -7.986260e-001  -6.985625e-001  -6.069287e-001  -5.255276e-001  -4.545385e-001  -3.932893e-001  -3.407522e-001  -2.733488e-001  -2.075110e-001  -1.157364e-001  -3.166813e-002  0.000000e+000  
-8.246058e-001  -8.287403e-001  -8.354183e-001  -8.415671e-001  -8.057237e-001  -7.285024e-001  -6.515405e-001  -5.780821e-001  -5.101159e-001  -4.485896e-001  -3.937216e-001  -3.452792e-001  -2.815369e-001  -2.168012e-001  -1.235857e-001  -3.432996e-002  0.000000e+000  
-7.222051e-001  -7.219049e-001  -7.204885e-001  -7.164316e-001  -6.869692e-001  -6.328103e-001  -5.772451e-001  -5.223863e-001  -4.697975e-001  -4.204985e-001  -3.750492e-001  -3.336606e-001  -2.776207e-001  -2.178794e-001  -1.281140e-001  -3.640823e-002  0.000000e+000  
-5.685499e-001  -5.659797e-001  -5.606095e-001  -5.520216e-001  -5.313628e-001  -4.993287e-001  -4.653934e-001  -4.306173e-001  -3.959102e-001  -3.619994e-001  -3.294257e-001  -2.985582e-001  -2.551487e-001  -2.055949e-001  -1.264537e-001  -3.719011e-002  0.000000e+000  
-3.886625e-001  -3.863834e-001  -3.817934e-001  -3.748384e-001  -3.625965e-001  -3.455711e-001  -3.270985e-001  -3.076421e-001  -2.876344e-001  -2.674597e-001  -2.474441e-001  -2.278516e-001  -1.994014e-001  -1.648428e-001  -1.063680e-001  -3.260936e-002  0.000000e+000  
-2.127311e-001  -2.114638e-001  -2.089351e-001  -2.051586e-001  -1.993357e-001  -1.917386e-001  -1.833540e-001  -1.743507e-001  -1.648949e-001  -1.551435e-001  -1.452401e-001  -1.353116e-001  -1.205429e-001  -1.017142e-001  -6.835681e-002  -2.179360e-002  0.000000e+000  
-6.345463e-002  -6.308290e-002  -6.234258e-002  -6.124014e-002  -5.960394e-002  -5.751415e-002  -5.519291e-002  -5.268236e-002  -5.002476e-002  -4.726104e-002  -4.442963e-002  -4.156547e-002  -3.726633e-002  -3.168421e-002  -2.162145e-002  -7.000706e-003  0.000000e+000  
0.000000e+000  0.000000e+000  0.000000e+000  0.000000e+000  0.000000e+000  0.000000e+000  0.000000e+000  0.000000e+000  0.000000e+000  0.000000e+000  0.000000e+000  0.000000e+000  0.000000e+000  0.000000e+000  0.000000e+000  0.000000e+000  0.000000e+000  

