Port monitor named: Port1_e1.prt

nx        = 36
ny        = 4
nz        = 19

nu        = 17
nv        = 34
iu        = 2
iv        = 2

idir      = 1
dcut      = -4.830000e-002
icut      = 2
type      = 0
frequency = 2.400000e+009

fcutoff   = 0.000000e+000
alpha     = 0.000000e+000
beta      = 9.401359e+001
accuracy  = 7.328193e-010

type          = QTEM
wave imp.     = 2.494757e+002
wave imp.sig. = 1.253141e-007
line imp.     = 4.205455e+001

ref. port     = 0

-4.559417e+001  -4.516574e+001  -4.432520e+001  -4.310371e+001  -1.855421e+002  -1.823780e+002  -1.779276e+002  -1.723283e+002  -1.657354e+002  -1.583126e+002  -1.502239e+002  -1.416261e+002  -1.281833e+002  -1.095785e+002  -7.684582e+001  -2.629634e+001  0.000000e+000  
-5.449221e+001  -5.371456e+001  -5.220676e+001  -5.005853e+001  -2.131093e+002  -2.080346e+002  -2.011773e+002  -1.928434e+002  -1.833512e+002  -1.730096e+002  -1.621023e+002  -1.508782e+002  -1.338797e+002  -1.117872e+002  -7.509634e+001  -2.466731e+001  0.000000e+000  
-8.739176e+001  -8.473647e+001  -7.967559e+001  -7.267650e+001  -2.970988e+002  -2.832609e+002  -2.661604e+002  -2.469388e+002  -2.266237e+002  -2.060678e+002  -1.859264e+002  -1.666644e+002  -1.395369e+002  -1.090379e+002  -6.496268e+001  -1.915056e+001  0.000000e+000  
-1.763197e+002  -1.662669e+002  -1.473284e+002  -1.216970e+002  -4.546215e+002  -4.122358e+002  -3.653835e+002  -3.178892e+002  -2.725240e+002  -2.310129e+002  -1.942167e+002  -1.623686e+002  -1.217557e+002  -8.422503e+001  -3.996125e+001  -9.557743e+000  0.000000e+000  
-2.999585e+002  -2.769773e+002  -2.337600e+002  -1.756832e+002  -5.925713e+002  -5.073760e+002  -4.217053e+002  -3.426324e+002  -2.737732e+002  -2.161760e+002  -1.693503e+002  -1.320620e+002  -8.822422e+001  -5.334413e+001  -1.856943e+001  -2.885635e+000  0.000000e+000  
-5.444073e+002  -4.940415e+002  -3.982285e+002  -2.682788e+002  -7.787221e+002  -6.072074e+002  -4.532105e+002  -3.272853e+002  -2.302540e+002  -1.582755e+002  -1.062339e+002  -6.935876e+001  -3.097213e+001  -7.179383e+000  8.649481e+000  4.770860e+000  0.000000e+000  
-7.136651e+002  -6.453834e+002  -5.124533e+002  -3.272421e+002  -8.606037e+002  -6.277008e+002  -4.346146e+002  -2.890975e+002  -1.851488e+002  -1.131681e+002  -6.437805e+001  -3.199432e+001  -7.094729e-001  1.519857e+001  2.053916e+001  7.905472e+000  0.000000e+000  
-9.388014e+002  -8.496401e+002  -6.694729e+002  -4.062387e+002  -9.400377e+002  -6.232936e+002  -3.860051e+002  -2.246061e+002  -1.197838e+002  -5.334569e+001  -1.209885e+001  1.270474e+001  3.367250e+001  3.964576e+001  3.289733e+001  1.105847e+001  0.000000e+000  
-1.236901e+003  -1.128403e+003  -8.945319e+002  -5.208010e+002  -1.000403e+003  -5.686677e+002  -2.892551e+002  -1.241722e+002  -3.000651e+001  2.251961e+001  5.067118e+001  6.432758e+001  7.159257e+001  6.569062e+001  4.549115e+001  1.417706e+001  0.000000e+000  
-1.623759e+003  -1.509821e+003  -1.234220e+003  -7.119008e+002  -9.989933e+002  -4.172434e+002  -1.197347e+002  2.144639e+001  8.633748e+001  1.139699e+002  1.227407e+002  1.216326e+002  1.120615e+002  9.267638e+001  5.804480e+001  1.720368e+001  0.000000e+000  
-1.942620e+003  -1.847613e+003  -1.583815e+003  -9.609495e+002  -8.903428e+002  -2.088669e+002  5.401838e+001  1.493751e+002  1.798441e+002  1.836474e+002  1.758292e+002  1.629047e+002  1.404582e+002  1.112361e+002  6.644516e+001  1.918956e+001  0.000000e+000  
-2.297853e+003  -2.250256e+003  -2.071705e+003  -1.435159e+003  -5.759113e+002  1.249550e+002  2.780316e+002  2.968213e+002  2.814183e+002  2.568824e+002  2.305183e+002  2.048526e+002  1.688572e+002  1.295524e+002  7.457570e+001  2.108397e+001  0.000000e+000  
-2.671117e+003  -2.703095e+003  -2.735985e+003  -2.463947e+003  2.337592e+002  6.230984e+002  5.424246e+002  4.546383e+002  3.858422e+002  3.307669e+002  2.850888e+002  2.463810e+002  1.966714e+002  1.473093e+002  8.232871e+001  2.286723e+001  0.000000e+000  
-3.031660e+003  -3.155193e+003  -3.517508e+003  -4.671310e+003  2.884548e+003  1.262436e+003  8.091643e+002  6.069398e+002  4.863037e+002  4.019638e+002  3.376814e+002  2.863367e+002  2.232948e+002  1.641849e+002  8.959682e+001  2.452016e+001  0.000000e+000  
-3.414969e+003  -3.590411e+003  -4.064542e+003  -5.262421e+003  2.777802e+003  1.569423e+003  1.037298e+003  7.633514e+002  5.969218e+002  4.827824e+002  3.981975e+002  3.325447e+002  2.540904e+002  1.836103e+002  9.785929e+001  2.637855e+001  0.000000e+000  
-3.691592e+003  -3.844496e+003  -4.173723e+003  -4.640602e+003  2.092427e+003  1.560023e+003  1.144914e+003  8.697782e+002  6.833693e+002  5.500296e+002  4.500749e+002  3.726931e+002  2.810391e+002  2.005827e+002  1.050080e+002  2.797101e+001  0.000000e+000  
-3.965407e+003  -4.030720e+003  -4.139956e+003  -4.239407e+003  1.537753e+003  1.378980e+003  1.165204e+003  9.593281e+002  7.828159e+002  6.385414e+002  5.228832e+002  4.307614e+002  3.207626e+002  2.256488e+002  1.154546e+002  3.027049e+001  0.000000e+000  
-3.965407e+003  -4.030720e+003  -4.139956e+003  -4.239407e+003  1.537753e+003  1.378980e+003  1.165204e+003  9.593281e+002  7.828159e+002  6.385414e+002  5.228832e+002  4.307614e+002  3.207626e+002  2.256488e+002  1.154546e+002  3.027049e+001  0.000000e+000  
-3.691592e+003  -3.844496e+003  -4.173723e+003  -4.640602e+003  2.092427e+003  1.560023e+003  1.144914e+003  8.697782e+002  6.833693e+002  5.500296e+002  4.500749e+002  3.726931e+002  2.810391e+002  2.005827e+002  1.050080e+002  2.797101e+001  0.000000e+000  
-3.414969e+003  -3.590411e+003  -4.064542e+003  -5.262421e+003  2.777802e+003  1.569423e+003  1.037298e+003  7.633514e+002  5.969218e+002  4.827824e+002  3.981975e+002  3.325447e+002  2.540904e+002  1.836103e+002  9.785929e+001  2.637855e+001  0.000000e+000  
-3.031660e+003  -3.155193e+003  -3.517508e+003  -4.671310e+003  2.884548e+003  1.262436e+003  8.091643e+002  6.069398e+002  4.863037e+002  4.019638e+002  3.376814e+002  2.863367e+002  2.232948e+002  1.641849e+002  8.959682e+001  2.452016e+001  0.000000e+000  
-2.671117e+003  -2.703095e+003  -2.735985e+003  -2.463947e+003  2.337592e+002  6.230984e+002  5.424246e+002  4.546383e+002  3.858422e+002  3.307669e+002  2.850888e+002  2.463810e+002  1.966714e+002  1.473093e+002  8.232871e+001  2.286723e+001  0.000000e+000  
-2.297853e+003  -2.250256e+003  -2.071705e+003  -1.435159e+003  -5.759113e+002  1.249550e+002  2.780316e+002  2.968213e+002  2.814183e+002  2.568824e+002  2.305183e+002  2.048526e+002  1.688572e+002  1.295524e+002  7.457570e+001  2.108397e+001  0.000000e+000  
-1.942620e+003  -1.847613e+003  -1.583815e+003  -9.609495e+002  -8.903428e+002  -2.088669e+002  5.401838e+001  1.493751e+002  1.798441e+002  1.836474e+002  1.758292e+002  1.629047e+002  1.404582e+002  1.112361e+002  6.644516e+001  1.918956e+001  0.000000e+000  
-1.623759e+003  -1.509821e+003  -1.234220e+003  -7.119008e+002  -9.989933e+002  -4.172434e+002  -1.197347e+002  2.144639e+001  8.633748e+001  1.139699e+002  1.227407e+002  1.216326e+002  1.120615e+002  9.267638e+001  5.804480e+001  1.720368e+001  0.000000e+000  
-1.236901e+003  -1.128403e+003  -8.945319e+002  -5.208010e+002  -1.000403e+003  -5.686677e+002  -2.892551e+002  -1.241722e+002  -3.000651e+001  2.251961e+001  5.067118e+001  6.432758e+001  7.159257e+001  6.569062e+001  4.549115e+001  1.417706e+001  0.000000e+000  
-9.388014e+002  -8.496401e+002  -6.694729e+002  -4.062387e+002  -9.400377e+002  -6.232936e+002  -3.860051e+002  -2.246061e+002  -1.197838e+002  -5.334569e+001  -1.209885e+001  1.270474e+001  3.367250e+001  3.964576e+001  3.289733e+001  1.105847e+001  0.000000e+000  
-7.136651e+002  -6.453834e+002  -5.124533e+002  -3.272421e+002  -8.606037e+002  -6.277008e+002  -4.346146e+002  -2.890975e+002  -1.851488e+002  -1.131681e+002  -6.437805e+001  -3.199432e+001  -7.094729e-001  1.519857e+001  2.053916e+001  7.905472e+000  0.000000e+000  
-5.444073e+002  -4.940415e+002  -3.982285e+002  -2.682788e+002  -7.787221e+002  -6.072074e+002  -4.532105e+002  -3.272853e+002  -2.302540e+002  -1.582755e+002  -1.062339e+002  -6.935876e+001  -3.097213e+001  -7.179383e+000  8.649481e+000  4.770860e+000  0.000000e+000  
-2.999585e+002  -2.769773e+002  -2.337600e+002  -1.756832e+002  -5.925713e+002  -5.073760e+002  -4.217053e+002  -3.426324e+002  -2.737732e+002  -2.161760e+002  -1.693503e+002  -1.320620e+002  -8.822422e+001  -5.334413e+001  -1.856943e+001  -2.885635e+000  0.000000e+000  
-1.763197e+002  -1.662669e+002  -1.473284e+002  -1.216970e+002  -4.546215e+002  -4.122358e+002  -3.653835e+002  -3.178892e+002  -2.725240e+002  -2.310129e+002  -1.942167e+002  -1.623686e+002  -1.217557e+002  -8.422503e+001  -3.996125e+001  -9.557743e+000  0.000000e+000  
-8.739176e+001  -8.473647e+001  -7.967559e+001  -7.267650e+001  -2.970988e+002  -2.832609e+002  -2.661604e+002  -2.469388e+002  -2.266237e+002  -2.060678e+002  -1.859264e+002  -1.666644e+002  -1.395369e+002  -1.090379e+002  -6.496268e+001  -1.915056e+001  0.000000e+000  
-5.449221e+001  -5.371456e+001  -5.220676e+001  -5.005853e+001  -2.131093e+002  -2.080346e+002  -2.011773e+002  -1.928434e+002  -1.833512e+002  -1.730096e+002  -1.621023e+002  -1.508782e+002  -1.338797e+002  -1.117872e+002  -7.509634e+001  -2.466731e+001  0.000000e+000  
-4.559417e+001  -4.516574e+001  -4.432520e+001  -4.310371e+001  -1.855421e+002  -1.823780e+002  -1.779276e+002  -1.723283e+002  -1.657354e+002  -1.583126e+002  -1.502239e+002  -1.416261e+002  -1.281833e+002  -1.095785e+002  -7.684582e+001  -2.629634e+001  0.000000e+000  

0.000000e+000  -6.104258e-001  -1.171988e+000  -1.640529e+000  -1.980726e+000  -5.943046e+000  -9.604784e+000  -1.288374e+001  -1.572616e+001  -1.810576e+001  -2.002065e+001  -2.148906e+001  -2.254453e+001  -2.354890e+001  -2.350530e+001  -2.059737e+001  -1.791791e+001  
0.000000e+000  -3.672628e+000  -7.019565e+000  -9.751621e+000  -1.164775e+001  -2.644165e+001  -3.954340e+001  -5.066055e+001  -5.966896e+001  -6.658720e+001  -7.154280e+001  -7.473728e+001  -7.641464e+001  -7.600038e+001  -7.261693e+001  -5.835007e+001  -4.846320e+001  
0.000000e+000  -1.536062e+001  -2.914044e+001  -3.995799e+001  -4.680672e+001  -8.137761e+001  -1.091627e+002  -1.298835e+002  -1.439136e+002  -1.520475e+002  -1.552890e+002  -1.546879e+002  -1.512337e+002  -1.383809e+002  -1.228721e+002  -8.650491e+001  -6.715197e+001  
0.000000e+000  -4.847095e+001  -9.133221e+001  -1.236643e+002  -1.419399e+002  -2.043448e+002  -2.460368e+002  -2.690026e+002  -2.768155e+002  -2.734531e+002  -2.625503e+002  -2.470696e+002  -2.292474e+002  -1.913611e+002  -1.571212e+002  -9.796722e+001  -7.173957e+001  
0.000000e+000  -1.000164e+002  -1.881100e+002  -2.533124e+002  -2.872532e+002  -3.722334e+002  -4.152354e+002  -4.251438e+002  -4.125341e+002  -3.865860e+002  -3.540575e+002  -3.194212e+002  -2.854055e+002  -2.238646e+002  -1.744234e+002  -1.007184e+002  -7.103557e+001  
0.000000e+000  -1.797263e+002  -3.396306e+002  -4.584878e+002  -5.162696e+002  -6.108612e+002  -6.295025e+002  -6.000690e+002  -5.468930e+002  -4.857538e+002  -4.252213e+002  -3.692892e+002  -3.194384e+002  -2.387082e+002  -1.789111e+002  -9.813409e+001  -6.754520e+001  
0.000000e+000  -2.410441e+002  -4.589569e+002  -6.245820e+002  -7.039167e+002  -7.948575e+002  -7.819330e+002  -7.146818e+002  -6.284380e+002  -5.418685e+002  -4.628944e+002  -3.939234e+002  -3.349189e+002  -2.439628e+002  -1.790796e+002  -9.553326e+001  -6.487658e+001  
0.000000e+000  -3.212917e+002  -6.211000e+002  -8.613772e+002  -9.793818e+002  -1.045851e+003  -9.697143e+002  -8.420236e+002  -7.107187e+002  -5.935877e+002  -4.945680e+002  -4.125235e+002  -3.449217e+002  -2.452595e+002  -1.765170e+002  -9.173519e+001  -6.150976e+001  
0.000000e+000  -4.190908e+002  -8.319607e+002  -1.198363e+003  -1.400236e+003  -1.388795e+003  -1.191233e+003  -9.723806e+002  -7.845443e+002  -6.342389e+002  -5.158163e+002  -4.222464e+002  -3.476484e+002  -2.418257e+002  -1.709161e+002  -8.670504e+001  -5.745251e+001  
0.000000e+000  -5.056974e+002  -1.041591e+003  -1.595905e+003  -1.987461e+003  -1.778908e+003  -1.390190e+003  -1.066221e+003  -8.271109e+002  -6.517849e+002  -5.207118e+002  -4.205289e+002  -3.424119e+002  -2.344066e+002  -1.634501e+002  -8.142281e+001  -5.346923e+001  
0.000000e+000  -5.644068e+002  -1.204815e+003  -1.981763e+003  -2.735520e+003  -2.150891e+003  -1.533121e+003  -1.117508e+003  -8.429262e+002  -6.530402e+002  -5.156349e+002  -4.126809e+002  -3.334675e+002  -2.256879e+002  -1.558063e+002  -7.655571e+001  -4.992868e+001  
0.000000e+000  -5.937147e+002  -1.315188e+003  -2.376281e+003  -4.022755e+003  -2.533662e+003  -1.616033e+003  -1.126943e+003  -8.336750e+002  -6.388151e+002  -5.004300e+002  -3.978761e+002  -3.195918e+002  -2.142169e+002  -1.465862e+002  -7.113315e+001  -4.610084e+001  
0.000000e+000  -5.736491e+002  -1.294352e+003  -2.544623e+003  -6.508241e+003  -2.746060e+003  -1.571070e+003  -1.078099e+003  -7.952417e+002  -6.079061e+002  -4.746772e+002  -3.759503e+002  -3.007248e+002  -2.000007e+002  -1.358181e+002  -6.517888e+001  -4.200258e+001  
0.000000e+000  -4.871226e+002  -1.040756e+003  -1.737665e+003  0.000000e+000  -1.745694e+003  -1.290976e+003  -9.526890e+002  -7.200991e+002  -5.551269e+002  -4.342589e+002  -3.435080e+002  -2.740294e+002  -1.810062e+002  -1.220256e+002  -5.791466e+001  -3.710800e+001  
0.000000e+000  -3.506860e+002  -6.721536e+002  -8.067212e+002  0.000000e+000  -9.174741e+002  -9.258104e+002  -7.642836e+002  -6.052916e+002  -4.761087e+002  -3.754689e+002  -2.976782e+002  -2.373414e+002  -1.560118e+002  -1.045347e+002  -4.912711e+001  -3.131525e+001  
0.000000e+000  -1.723720e+002  -2.882743e+002  -2.624367e+002  0.000000e+000  -3.699462e+002  -4.984902e+002  -4.805984e+002  -4.126573e+002  -3.379300e+002  -2.715473e+002  -2.169228e+002  -1.732975e+002  -1.134111e+002  -7.544617e+001  -3.501734e+001  -2.217308e+001  
0.000000e+000  0.000000e+000  0.000000e+000  0.000000e+000  0.000000e+000  0.000000e+000  0.000000e+000  0.000000e+000  0.000000e+000  0.000000e+000  0.000000e+000  0.000000e+000  0.000000e+000  0.000000e+000  0.000000e+000  0.000000e+000  0.000000e+000  
0.000000e+000  1.723720e+002  2.882743e+002  2.624367e+002  0.000000e+000  3.699462e+002  4.984902e+002  4.805984e+002  4.126573e+002  3.379300e+002  2.715473e+002  2.169228e+002  1.732975e+002  1.134111e+002  7.544617e+001  3.501734e+001  2.217308e+001  
0.000000e+000  3.506860e+002  6.721536e+002  8.067212e+002  0.000000e+000  9.174741e+002  9.258104e+002  7.642836e+002  6.052916e+002  4.761087e+002  3.754689e+002  2.976782e+002  2.373414e+002  1.560118e+002  1.045347e+002  4.912711e+001  3.131525e+001  
0.000000e+000  4.871226e+002  1.040756e+003  1.737665e+003  0.000000e+000  1.745694e+003  1.290976e+003  9.526890e+002  7.200991e+002  5.551269e+002  4.342589e+002  3.435080e+002  2.740294e+002  1.810062e+002  1.220256e+002  5.791466e+001  3.710800e+001  
0.000000e+000  5.736491e+002  1.294352e+003  2.544623e+003  6.508241e+003  2.746060e+003  1.571070e+003  1.078099e+003  7.952417e+002  6.079061e+002  4.746772e+002  3.759503e+002  3.007248e+002  2.000007e+002  1.358181e+002  6.517888e+001  4.200258e+001  
0.000000e+000  5.937147e+002  1.315188e+003  2.376281e+003  4.022755e+003  2.533662e+003  1.616033e+003  1.126943e+003  8.336750e+002  6.388151e+002  5.004300e+002  3.978761e+002  3.195918e+002  2.142169e+002  1.465862e+002  7.113315e+001  4.610084e+001  
0.000000e+000  5.644068e+002  1.204815e+003  1.981763e+003  2.735520e+003  2.150891e+003  1.533121e+003  1.117508e+003  8.429262e+002  6.530402e+002  5.156349e+002  4.126809e+002  3.334675e+002  2.256879e+002  1.558063e+002  7.655571e+001  4.992868e+001  
0.000000e+000  5.056974e+002  1.041591e+003  1.595905e+003  1.987461e+003  1.778908e+003  1.390190e+003  1.066221e+003  8.271109e+002  6.517849e+002  5.207118e+002  4.205289e+002  3.424119e+002  2.344066e+002  1.634501e+002  8.142281e+001  5.346923e+001  
0.000000e+000  4.190908e+002  8.319607e+002  1.198363e+003  1.400236e+003  1.388795e+003  1.191233e+003  9.723806e+002  7.845443e+002  6.342389e+002  5.158163e+002  4.222464e+002  3.476484e+002  2.418257e+002  1.709161e+002  8.670504e+001  5.745251e+001  
0.000000e+000  3.212917e+002  6.211000e+002  8.613772e+002  9.793818e+002  1.045851e+003  9.697143e+002  8.420236e+002  7.107187e+002  5.935877e+002  4.945680e+002  4.125235e+002  3.449217e+002  2.452595e+002  1.765170e+002  9.173519e+001  6.150976e+001  
0.000000e+000  2.410441e+002  4.589569e+002  6.245820e+002  7.039167e+002  7.948575e+002  7.819330e+002  7.146818e+002  6.284380e+002  5.418685e+002  4.628944e+002  3.939234e+002  3.349189e+002  2.439628e+002  1.790796e+002  9.553326e+001  6.487658e+001  
0.000000e+000  1.797263e+002  3.396306e+002  4.584878e+002  5.162696e+002  6.108612e+002  6.295025e+002  6.000690e+002  5.468930e+002  4.857538e+002  4.252213e+002  3.692892e+002  3.194384e+002  2.387082e+002  1.789111e+002  9.813409e+001  6.754520e+001  
0.000000e+000  1.000164e+002  1.881100e+002  2.533124e+002  2.872532e+002  3.722334e+002  4.152354e+002  4.251438e+002  4.125341e+002  3.865860e+002  3.540575e+002  3.194212e+002  2.854055e+002  2.238646e+002  1.744234e+002  1.007184e+002  7.103557e+001  
0.000000e+000  4.847095e+001  9.133221e+001  1.236643e+002  1.419399e+002  2.043448e+002  2.460368e+002  2.690026e+002  2.768155e+002  2.734531e+002  2.625503e+002  2.470696e+002  2.292474e+002  1.913611e+002  1.571212e+002  9.796722e+001  7.173957e+001  
0.000000e+000  1.536062e+001  2.914044e+001  3.995799e+001  4.680672e+001  8.137761e+001  1.091627e+002  1.298835e+002  1.439136e+002  1.520475e+002  1.552890e+002  1.546879e+002  1.512337e+002  1.383809e+002  1.228721e+002  8.650491e+001  6.715197e+001  
0.000000e+000  3.672628e+000  7.019565e+000  9.751621e+000  1.164775e+001  2.644165e+001  3.954340e+001  5.066055e+001  5.966896e+001  6.658720e+001  7.154280e+001  7.473728e+001  7.641464e+001  7.600038e+001  7.261693e+001  5.835007e+001  4.846320e+001  
0.000000e+000  6.104258e-001  1.171988e+000  1.640529e+000  1.980726e+000  5.943046e+000  9.604784e+000  1.288374e+001  1.572616e+001  1.810576e+001  2.002065e+001  2.148906e+001  2.254453e+001  2.354890e+001  2.350530e+001  2.059737e+001  1.791791e+001  
0.000000e+000  0.000000e+000  0.000000e+000  0.000000e+000  0.000000e+000  0.000000e+000  0.000000e+000  0.000000e+000  0.000000e+000  0.000000e+000  0.000000e+000  0.000000e+000  0.000000e+000  0.000000e+000  0.000000e+000  0.000000e+000  0.000000e+000  

0.000000e+000  0.000000e+000  0.000000e+000  0.000000e+000  0.000000e+000  0.000000e+000  0.000000e+000  0.000000e+000  0.000000e+000  0.000000e+000  0.000000e+000  0.000000e+000  0.000000e+000  0.000000e+000  0.000000e+000  0.000000e+000  0.000000e+000  
0.000000e+000  0.000000e+000  0.000000e+000  0.000000e+000  0.000000e+000  0.000000e+000  0.000000e+000  0.000000e+000  0.000000e+000  0.000000e+000  0.000000e+000  0.000000e+000  0.000000e+000  0.000000e+000  0.000000e+000  0.000000e+000  0.000000e+000  
0.000000e+000  0.000000e+000  0.000000e+000  0.000000e+000  0.000000e+000  0.000000e+000  0.000000e+000  0.000000e+000  0.000000e+000  0.000000e+000  0.000000e+000  0.000000e+000  0.000000e+000  0.000000e+000  0.000000e+000  0.000000e+000  0.000000e+000  
0.000000e+000  0.000000e+000  0.000000e+000  0.000000e+000  0.000000e+000  0.000000e+000  0.000000e+000  0.000000e+000  0.000000e+000  0.000000e+000  0.000000e+000  0.000000e+000  0.000000e+000  0.000000e+000  0.000000e+000  0.000000e+000  0.000000e+000  
0.000000e+000  0.000000e+000  0.000000e+000  0.000000e+000  0.000000e+000  0.000000e+000  0.000000e+000  0.000000e+000  0.000000e+000  0.000000e+000  0.000000e+000  0.000000e+000  0.000000e+000  0.000000e+000  0.000000e+000  0.000000e+000  0.000000e+000  
0.000000e+000  0.000000e+000  0.000000e+000  0.000000e+000  0.000000e+000  0.000000e+000  0.000000e+000  0.000000e+000  0.000000e+000  0.000000e+000  0.000000e+000  0.000000e+000  0.000000e+000  0.000000e+000  0.000000e+000  0.000000e+000  0.000000e+000  
0.000000e+000  0.000000e+000  0.000000e+000  0.000000e+000  0.000000e+000  0.000000e+000  0.000000e+000  0.000000e+000  0.000000e+000  0.000000e+000  0.000000e+000  0.000000e+000  0.000000e+000  0.000000e+000  0.000000e+000  0.000000e+000  0.000000e+000  
0.000000e+000  0.000000e+000  0.000000e+000  0.000000e+000  0.000000e+000  0.000000e+000  0.000000e+000  0.000000e+000  0.000000e+000  0.000000e+000  0.000000e+000  0.000000e+000  0.000000e+000  0.000000e+000  0.000000e+000  0.000000e+000  0.000000e+000  
0.000000e+000  0.000000e+000  0.000000e+000  0.000000e+000  0.000000e+000  0.000000e+000  0.000000e+000  0.000000e+000  0.000000e+000  0.000000e+000  0.000000e+000  0.000000e+000  0.000000e+000  0.000000e+000  0.000000e+000  0.000000e+000  0.000000e+000  
0.000000e+000  0.000000e+000  0.000000e+000  0.000000e+000  0.000000e+000  0.000000e+000  0.000000e+000  0.000000e+000  0.000000e+000  0.000000e+000  0.000000e+000  0.000000e+000  0.000000e+000  0.000000e+000  0.000000e+000  0.000000e+000  0.000000e+000  
0.000000e+000  0.000000e+000  0.000000e+000  0.000000e+000  0.000000e+000  0.000000e+000  0.000000e+000  0.000000e+000  0.000000e+000  0.000000e+000  0.000000e+000  0.000000e+000  0.000000e+000  0.000000e+000  0.000000e+000  0.000000e+000  0.000000e+000  
0.000000e+000  0.000000e+000  0.000000e+000  0.000000e+000  0.000000e+000  0.000000e+000  0.000000e+000  0.000000e+000  0.000000e+000  0.000000e+000  0.000000e+000  0.000000e+000  0.000000e+000  0.000000e+000  0.000000e+000  0.000000e+000  0.000000e+000  
0.000000e+000  0.000000e+000  0.000000e+000  0.000000e+000  0.000000e+000  0.000000e+000  0.000000e+000  0.000000e+000  0.000000e+000  0.000000e+000  0.000000e+000  0.000000e+000  0.000000e+000  0.000000e+000  0.000000e+000  0.000000e+000  0.000000e+000  
0.000000e+000  0.000000e+000  0.000000e+000  0.000000e+000  0.000000e+000  0.000000e+000  0.000000e+000  0.000000e+000  0.000000e+000  0.000000e+000  0.000000e+000  0.000000e+000  0.000000e+000  0.000000e+000  0.000000e+000  0.000000e+000  0.000000e+000  
0.000000e+000  0.000000e+000  0.000000e+000  0.000000e+000  0.000000e+000  0.000000e+000  0.000000e+000  0.000000e+000  0.000000e+000  0.000000e+000  0.000000e+000  0.000000e+000  0.000000e+000  0.000000e+000  0.000000e+000  0.000000e+000  0.000000e+000  
0.000000e+000  0.000000e+000  0.000000e+000  0.000000e+000  0.000000e+000  0.000000e+000  0.000000e+000  0.000000e+000  0.000000e+000  0.000000e+000  0.000000e+000  0.000000e+000  0.000000e+000  0.000000e+000  0.000000e+000  0.000000e+000  0.000000e+000  
0.000000e+000  0.000000e+000  0.000000e+000  0.000000e+000  0.000000e+000  0.000000e+000  0.000000e+000  0.000000e+000  0.000000e+000  0.000000e+000  0.000000e+000  0.000000e+000  0.000000e+000  0.000000e+000  0.000000e+000  0.000000e+000  0.000000e+000  
0.000000e+000  0.000000e+000  0.000000e+000  0.000000e+000  0.000000e+000  0.000000e+000  0.000000e+000  0.000000e+000  0.000000e+000  0.000000e+000  0.000000e+000  0.000000e+000  0.000000e+000  0.000000e+000  0.000000e+000  0.000000e+000  0.000000e+000  
0.000000e+000  0.000000e+000  0.000000e+000  0.000000e+000  0.000000e+000  0.000000e+000  0.000000e+000  0.000000e+000  0.000000e+000  0.000000e+000  0.000000e+000  0.000000e+000  0.000000e+000  0.000000e+000  0.000000e+000  0.000000e+000  0.000000e+000  
0.000000e+000  0.000000e+000  0.000000e+000  0.000000e+000  0.000000e+000  0.000000e+000  0.000000e+000  0.000000e+000  0.000000e+000  0.000000e+000  0.000000e+000  0.000000e+000  0.000000e+000  0.000000e+000  0.000000e+000  0.000000e+000  0.000000e+000  
0.000000e+000  0.000000e+000  0.000000e+000  0.000000e+000  0.000000e+000  0.000000e+000  0.000000e+000  0.000000e+000  0.000000e+000  0.000000e+000  0.000000e+000  0.000000e+000  0.000000e+000  0.000000e+000  0.000000e+000  0.000000e+000  0.000000e+000  
0.000000e+000  0.000000e+000  0.000000e+000  0.000000e+000  0.000000e+000  0.000000e+000  0.000000e+000  0.000000e+000  0.000000e+000  0.000000e+000  0.000000e+000  0.000000e+000  0.000000e+000  0.000000e+000  0.000000e+000  0.000000e+000  0.000000e+000  
0.000000e+000  0.000000e+000  0.000000e+000  0.000000e+000  0.000000e+000  0.000000e+000  0.000000e+000  0.000000e+000  0.000000e+000  0.000000e+000  0.000000e+000  0.000000e+000  0.000000e+000  0.000000e+000  0.000000e+000  0.000000e+000  0.000000e+000  
0.000000e+000  0.000000e+000  0.000000e+000  0.000000e+000  0.000000e+000  0.000000e+000  0.000000e+000  0.000000e+000  0.000000e+000  0.000000e+000  0.000000e+000  0.000000e+000  0.000000e+000  0.000000e+000  0.000000e+000  0.000000e+000  0.000000e+000  
0.000000e+000  0.000000e+000  0.000000e+000  0.000000e+000  0.000000e+000  0.000000e+000  0.000000e+000  0.000000e+000  0.000000e+000  0.000000e+000  0.000000e+000  0.000000e+000  0.000000e+000  0.000000e+000  0.000000e+000  0.000000e+000  0.000000e+000  
0.000000e+000  0.000000e+000  0.000000e+000  0.000000e+000  0.000000e+000  0.000000e+000  0.000000e+000  0.000000e+000  0.000000e+000  0.000000e+000  0.000000e+000  0.000000e+000  0.000000e+000  0.000000e+000  0.000000e+000  0.000000e+000  0.000000e+000  
0.000000e+000  0.000000e+000  0.000000e+000  0.000000e+000  0.000000e+000  0.000000e+000  0.000000e+000  0.000000e+000  0.000000e+000  0.000000e+000  0.000000e+000  0.000000e+000  0.000000e+000  0.000000e+000  0.000000e+000  0.000000e+000  0.000000e+000  
0.000000e+000  0.000000e+000  0.000000e+000  0.000000e+000  0.000000e+000  0.000000e+000  0.000000e+000  0.000000e+000  0.000000e+000  0.000000e+000  0.000000e+000  0.000000e+000  0.000000e+000  0.000000e+000  0.000000e+000  0.000000e+000  0.000000e+000  
0.000000e+000  0.000000e+000  0.000000e+000  0.000000e+000  0.000000e+000  0.000000e+000  0.000000e+000  0.000000e+000  0.000000e+000  0.000000e+000  0.000000e+000  0.000000e+000  0.000000e+000  0.000000e+000  0.000000e+000  0.000000e+000  0.000000e+000  
0.000000e+000  0.000000e+000  0.000000e+000  0.000000e+000  0.000000e+000  0.000000e+000  0.000000e+000  0.000000e+000  0.000000e+000  0.000000e+000  0.000000e+000  0.000000e+000  0.000000e+000  0.000000e+000  0.000000e+000  0.000000e+000  0.000000e+000  
0.000000e+000  0.000000e+000  0.000000e+000  0.000000e+000  0.000000e+000  0.000000e+000  0.000000e+000  0.000000e+000  0.000000e+000  0.000000e+000  0.000000e+000  0.000000e+000  0.000000e+000  0.000000e+000  0.000000e+000  0.000000e+000  0.000000e+000  
0.000000e+000  0.000000e+000  0.000000e+000  0.000000e+000  0.000000e+000  0.000000e+000  0.000000e+000  0.000000e+000  0.000000e+000  0.000000e+000  0.000000e+000  0.000000e+000  0.000000e+000  0.000000e+000  0.000000e+000  0.000000e+000  0.000000e+000  
0.000000e+000  0.000000e+000  0.000000e+000  0.000000e+000  0.000000e+000  0.000000e+000  0.000000e+000  0.000000e+000  0.000000e+000  0.000000e+000  0.000000e+000  0.000000e+000  0.000000e+000  0.000000e+000  0.000000e+000  0.000000e+000  0.000000e+000  
0.000000e+000  0.000000e+000  0.000000e+000  0.000000e+000  0.000000e+000  0.000000e+000  0.000000e+000  0.000000e+000  0.000000e+000  0.000000e+000  0.000000e+000  0.000000e+000  0.000000e+000  0.000000e+000  0.000000e+000  0.000000e+000  0.000000e+000  

0.000000e+000  0.000000e+000  0.000000e+000  0.000000e+000  0.000000e+000  0.000000e+000  0.000000e+000  0.000000e+000  0.000000e+000  0.000000e+000  0.000000e+000  0.000000e+000  0.000000e+000  0.000000e+000  0.000000e+000  0.000000e+000  0.000000e+000  
0.000000e+000  0.000000e+000  0.000000e+000  0.000000e+000  0.000000e+000  0.000000e+000  0.000000e+000  0.000000e+000  0.000000e+000  0.000000e+000  0.000000e+000  0.000000e+000  0.000000e+000  0.000000e+000  0.000000e+000  0.000000e+000  0.000000e+000  
0.000000e+000  0.000000e+000  0.000000e+000  0.000000e+000  0.000000e+000  0.000000e+000  0.000000e+000  0.000000e+000  0.000000e+000  0.000000e+000  0.000000e+000  0.000000e+000  0.000000e+000  0.000000e+000  0.000000e+000  0.000000e+000  0.000000e+000  
0.000000e+000  0.000000e+000  0.000000e+000  0.000000e+000  0.000000e+000  0.000000e+000  0.000000e+000  0.000000e+000  0.000000e+000  0.000000e+000  0.000000e+000  0.000000e+000  0.000000e+000  0.000000e+000  0.000000e+000  0.000000e+000  0.000000e+000  
0.000000e+000  0.000000e+000  0.000000e+000  0.000000e+000  0.000000e+000  0.000000e+000  0.000000e+000  0.000000e+000  0.000000e+000  0.000000e+000  0.000000e+000  0.000000e+000  0.000000e+000  0.000000e+000  0.000000e+000  0.000000e+000  0.000000e+000  
0.000000e+000  0.000000e+000  0.000000e+000  0.000000e+000  0.000000e+000  0.000000e+000  0.000000e+000  0.000000e+000  0.000000e+000  0.000000e+000  0.000000e+000  0.000000e+000  0.000000e+000  0.000000e+000  0.000000e+000  0.000000e+000  0.000000e+000  
0.000000e+000  0.000000e+000  0.000000e+000  0.000000e+000  0.000000e+000  0.000000e+000  0.000000e+000  0.000000e+000  0.000000e+000  0.000000e+000  0.000000e+000  0.000000e+000  0.000000e+000  0.000000e+000  0.000000e+000  0.000000e+000  0.000000e+000  
0.000000e+000  0.000000e+000  0.000000e+000  0.000000e+000  0.000000e+000  0.000000e+000  0.000000e+000  0.000000e+000  0.000000e+000  0.000000e+000  0.000000e+000  0.000000e+000  0.000000e+000  0.000000e+000  0.000000e+000  0.000000e+000  0.000000e+000  
0.000000e+000  0.000000e+000  0.000000e+000  0.000000e+000  0.000000e+000  0.000000e+000  0.000000e+000  0.000000e+000  0.000000e+000  0.000000e+000  0.000000e+000  0.000000e+000  0.000000e+000  0.000000e+000  0.000000e+000  0.000000e+000  0.000000e+000  
0.000000e+000  0.000000e+000  0.000000e+000  0.000000e+000  0.000000e+000  0.000000e+000  0.000000e+000  0.000000e+000  0.000000e+000  0.000000e+000  0.000000e+000  0.000000e+000  0.000000e+000  0.000000e+000  0.000000e+000  0.000000e+000  0.000000e+000  
0.000000e+000  0.000000e+000  0.000000e+000  0.000000e+000  0.000000e+000  0.000000e+000  0.000000e+000  0.000000e+000  0.000000e+000  0.000000e+000  0.000000e+000  0.000000e+000  0.000000e+000  0.000000e+000  0.000000e+000  0.000000e+000  0.000000e+000  
0.000000e+000  0.000000e+000  0.000000e+000  0.000000e+000  0.000000e+000  0.000000e+000  0.000000e+000  0.000000e+000  0.000000e+000  0.000000e+000  0.000000e+000  0.000000e+000  0.000000e+000  0.000000e+000  0.000000e+000  0.000000e+000  0.000000e+000  
0.000000e+000  0.000000e+000  0.000000e+000  0.000000e+000  0.000000e+000  0.000000e+000  0.000000e+000  0.000000e+000  0.000000e+000  0.000000e+000  0.000000e+000  0.000000e+000  0.000000e+000  0.000000e+000  0.000000e+000  0.000000e+000  0.000000e+000  
0.000000e+000  0.000000e+000  0.000000e+000  0.000000e+000  0.000000e+000  0.000000e+000  0.000000e+000  0.000000e+000  0.000000e+000  0.000000e+000  0.000000e+000  0.000000e+000  0.000000e+000  0.000000e+000  0.000000e+000  0.000000e+000  0.000000e+000  
0.000000e+000  0.000000e+000  0.000000e+000  0.000000e+000  0.000000e+000  0.000000e+000  0.000000e+000  0.000000e+000  0.000000e+000  0.000000e+000  0.000000e+000  0.000000e+000  0.000000e+000  0.000000e+000  0.000000e+000  0.000000e+000  0.000000e+000  
0.000000e+000  0.000000e+000  0.000000e+000  0.000000e+000  0.000000e+000  0.000000e+000  0.000000e+000  0.000000e+000  0.000000e+000  0.000000e+000  0.000000e+000  0.000000e+000  0.000000e+000  0.000000e+000  0.000000e+000  0.000000e+000  0.000000e+000  
0.000000e+000  0.000000e+000  0.000000e+000  0.000000e+000  0.000000e+000  0.000000e+000  0.000000e+000  0.000000e+000  0.000000e+000  0.000000e+000  0.000000e+000  0.000000e+000  0.000000e+000  0.000000e+000  0.000000e+000  0.000000e+000  0.000000e+000  
0.000000e+000  0.000000e+000  0.000000e+000  0.000000e+000  0.000000e+000  0.000000e+000  0.000000e+000  0.000000e+000  0.000000e+000  0.000000e+000  0.000000e+000  0.000000e+000  0.000000e+000  0.000000e+000  0.000000e+000  0.000000e+000  0.000000e+000  
0.000000e+000  0.000000e+000  0.000000e+000  0.000000e+000  0.000000e+000  0.000000e+000  0.000000e+000  0.000000e+000  0.000000e+000  0.000000e+000  0.000000e+000  0.000000e+000  0.000000e+000  0.000000e+000  0.000000e+000  0.000000e+000  0.000000e+000  
0.000000e+000  0.000000e+000  0.000000e+000  0.000000e+000  0.000000e+000  0.000000e+000  0.000000e+000  0.000000e+000  0.000000e+000  0.000000e+000  0.000000e+000  0.000000e+000  0.000000e+000  0.000000e+000  0.000000e+000  0.000000e+000  0.000000e+000  
0.000000e+000  0.000000e+000  0.000000e+000  0.000000e+000  0.000000e+000  0.000000e+000  0.000000e+000  0.000000e+000  0.000000e+000  0.000000e+000  0.000000e+000  0.000000e+000  0.000000e+000  0.000000e+000  0.000000e+000  0.000000e+000  0.000000e+000  
0.000000e+000  0.000000e+000  0.000000e+000  0.000000e+000  0.000000e+000  0.000000e+000  0.000000e+000  0.000000e+000  0.000000e+000  0.000000e+000  0.000000e+000  0.000000e+000  0.000000e+000  0.000000e+000  0.000000e+000  0.000000e+000  0.000000e+000  
0.000000e+000  0.000000e+000  0.000000e+000  0.000000e+000  0.000000e+000  0.000000e+000  0.000000e+000  0.000000e+000  0.000000e+000  0.000000e+000  0.000000e+000  0.000000e+000  0.000000e+000  0.000000e+000  0.000000e+000  0.000000e+000  0.000000e+000  
0.000000e+000  0.000000e+000  0.000000e+000  0.000000e+000  0.000000e+000  0.000000e+000  0.000000e+000  0.000000e+000  0.000000e+000  0.000000e+000  0.000000e+000  0.000000e+000  0.000000e+000  0.000000e+000  0.000000e+000  0.000000e+000  0.000000e+000  
0.000000e+000  0.000000e+000  0.000000e+000  0.000000e+000  0.000000e+000  0.000000e+000  0.000000e+000  0.000000e+000  0.000000e+000  0.000000e+000  0.000000e+000  0.000000e+000  0.000000e+000  0.000000e+000  0.000000e+000  0.000000e+000  0.000000e+000  
0.000000e+000  0.000000e+000  0.000000e+000  0.000000e+000  0.000000e+000  0.000000e+000  0.000000e+000  0.000000e+000  0.000000e+000  0.000000e+000  0.000000e+000  0.000000e+000  0.000000e+000  0.000000e+000  0.000000e+000  0.000000e+000  0.000000e+000  
0.000000e+000  0.000000e+000  0.000000e+000  0.000000e+000  0.000000e+000  0.000000e+000  0.000000e+000  0.000000e+000  0.000000e+000  0.000000e+000  0.000000e+000  0.000000e+000  0.000000e+000  0.000000e+000  0.000000e+000  0.000000e+000  0.000000e+000  
0.000000e+000  0.000000e+000  0.000000e+000  0.000000e+000  0.000000e+000  0.000000e+000  0.000000e+000  0.000000e+000  0.000000e+000  0.000000e+000  0.000000e+000  0.000000e+000  0.000000e+000  0.000000e+000  0.000000e+000  0.000000e+000  0.000000e+000  
0.000000e+000  0.000000e+000  0.000000e+000  0.000000e+000  0.000000e+000  0.000000e+000  0.000000e+000  0.000000e+000  0.000000e+000  0.000000e+000  0.000000e+000  0.000000e+000  0.000000e+000  0.000000e+000  0.000000e+000  0.000000e+000  0.000000e+000  
0.000000e+000  0.000000e+000  0.000000e+000  0.000000e+000  0.000000e+000  0.000000e+000  0.000000e+000  0.000000e+000  0.000000e+000  0.000000e+000  0.000000e+000  0.000000e+000  0.000000e+000  0.000000e+000  0.000000e+000  0.000000e+000  0.000000e+000  
0.000000e+000  0.000000e+000  0.000000e+000  0.000000e+000  0.000000e+000  0.000000e+000  0.000000e+000  0.000000e+000  0.000000e+000  0.000000e+000  0.000000e+000  0.000000e+000  0.000000e+000  0.000000e+000  0.000000e+000  0.000000e+000  0.000000e+000  
0.000000e+000  0.000000e+000  0.000000e+000  0.000000e+000  0.000000e+000  0.000000e+000  0.000000e+000  0.000000e+000  0.000000e+000  0.000000e+000  0.000000e+000  0.000000e+000  0.000000e+000  0.000000e+000  0.000000e+000  0.000000e+000  0.000000e+000  
0.000000e+000  0.000000e+000  0.000000e+000  0.000000e+000  0.000000e+000  0.000000e+000  0.000000e+000  0.000000e+000  0.000000e+000  0.000000e+000  0.000000e+000  0.000000e+000  0.000000e+000  0.000000e+000  0.000000e+000  0.000000e+000  0.000000e+000  
0.000000e+000  0.000000e+000  0.000000e+000  0.000000e+000  0.000000e+000  0.000000e+000  0.000000e+000  0.000000e+000  0.000000e+000  0.000000e+000  0.000000e+000  0.000000e+000  0.000000e+000  0.000000e+000  0.000000e+000  0.000000e+000  0.000000e+000  

0.000000e+000  0.000000e+000  0.000000e+000  0.000000e+000  0.000000e+000  0.000000e+000  0.000000e+000  0.000000e+000  0.000000e+000  0.000000e+000  0.000000e+000  0.000000e+000  0.000000e+000  0.000000e+000  0.000000e+000  0.000000e+000  0.000000e+000  
0.000000e+000  0.000000e+000  0.000000e+000  0.000000e+000  0.000000e+000  0.000000e+000  0.000000e+000  0.000000e+000  0.000000e+000  0.000000e+000  0.000000e+000  0.000000e+000  0.000000e+000  0.000000e+000  0.000000e+000  0.000000e+000  0.000000e+000  
0.000000e+000  0.000000e+000  0.000000e+000  0.000000e+000  0.000000e+000  0.000000e+000  0.000000e+000  0.000000e+000  0.000000e+000  0.000000e+000  0.000000e+000  0.000000e+000  0.000000e+000  0.000000e+000  0.000000e+000  0.000000e+000  0.000000e+000  
0.000000e+000  0.000000e+000  0.000000e+000  0.000000e+000  0.000000e+000  0.000000e+000  0.000000e+000  0.000000e+000  0.000000e+000  0.000000e+000  0.000000e+000  0.000000e+000  0.000000e+000  0.000000e+000  0.000000e+000  0.000000e+000  0.000000e+000  
0.000000e+000  0.000000e+000  0.000000e+000  0.000000e+000  0.000000e+000  0.000000e+000  0.000000e+000  0.000000e+000  0.000000e+000  0.000000e+000  0.000000e+000  0.000000e+000  0.000000e+000  0.000000e+000  0.000000e+000  0.000000e+000  0.000000e+000  
0.000000e+000  0.000000e+000  0.000000e+000  0.000000e+000  0.000000e+000  0.000000e+000  0.000000e+000  0.000000e+000  0.000000e+000  0.000000e+000  0.000000e+000  0.000000e+000  0.000000e+000  0.000000e+000  0.000000e+000  0.000000e+000  0.000000e+000  
0.000000e+000  0.000000e+000  0.000000e+000  0.000000e+000  0.000000e+000  0.000000e+000  0.000000e+000  0.000000e+000  0.000000e+000  0.000000e+000  0.000000e+000  0.000000e+000  0.000000e+000  0.000000e+000  0.000000e+000  0.000000e+000  0.000000e+000  
0.000000e+000  0.000000e+000  0.000000e+000  0.000000e+000  0.000000e+000  0.000000e+000  0.000000e+000  0.000000e+000  0.000000e+000  0.000000e+000  0.000000e+000  0.000000e+000  0.000000e+000  0.000000e+000  0.000000e+000  0.000000e+000  0.000000e+000  
0.000000e+000  0.000000e+000  0.000000e+000  0.000000e+000  0.000000e+000  0.000000e+000  0.000000e+000  0.000000e+000  0.000000e+000  0.000000e+000  0.000000e+000  0.000000e+000  0.000000e+000  0.000000e+000  0.000000e+000  0.000000e+000  0.000000e+000  
0.000000e+000  0.000000e+000  0.000000e+000  0.000000e+000  0.000000e+000  0.000000e+000  0.000000e+000  0.000000e+000  0.000000e+000  0.000000e+000  0.000000e+000  0.000000e+000  0.000000e+000  0.000000e+000  0.000000e+000  0.000000e+000  0.000000e+000  
0.000000e+000  0.000000e+000  0.000000e+000  0.000000e+000  0.000000e+000  0.000000e+000  0.000000e+000  0.000000e+000  0.000000e+000  0.000000e+000  0.000000e+000  0.000000e+000  0.000000e+000  0.000000e+000  0.000000e+000  0.000000e+000  0.000000e+000  
0.000000e+000  0.000000e+000  0.000000e+000  0.000000e+000  0.000000e+000  0.000000e+000  0.000000e+000  0.000000e+000  0.000000e+000  0.000000e+000  0.000000e+000  0.000000e+000  0.000000e+000  0.000000e+000  0.000000e+000  0.000000e+000  0.000000e+000  
0.000000e+000  0.000000e+000  0.000000e+000  0.000000e+000  0.000000e+000  0.000000e+000  0.000000e+000  0.000000e+000  0.000000e+000  0.000000e+000  0.000000e+000  0.000000e+000  0.000000e+000  0.000000e+000  0.000000e+000  0.000000e+000  0.000000e+000  
0.000000e+000  0.000000e+000  0.000000e+000  0.000000e+000  0.000000e+000  0.000000e+000  0.000000e+000  0.000000e+000  0.000000e+000  0.000000e+000  0.000000e+000  0.000000e+000  0.000000e+000  0.000000e+000  0.000000e+000  0.000000e+000  0.000000e+000  
0.000000e+000  0.000000e+000  0.000000e+000  0.000000e+000  0.000000e+000  0.000000e+000  0.000000e+000  0.000000e+000  0.000000e+000  0.000000e+000  0.000000e+000  0.000000e+000  0.000000e+000  0.000000e+000  0.000000e+000  0.000000e+000  0.000000e+000  
0.000000e+000  0.000000e+000  0.000000e+000  0.000000e+000  0.000000e+000  0.000000e+000  0.000000e+000  0.000000e+000  0.000000e+000  0.000000e+000  0.000000e+000  0.000000e+000  0.000000e+000  0.000000e+000  0.000000e+000  0.000000e+000  0.000000e+000  
0.000000e+000  0.000000e+000  0.000000e+000  0.000000e+000  0.000000e+000  0.000000e+000  0.000000e+000  0.000000e+000  0.000000e+000  0.000000e+000  0.000000e+000  0.000000e+000  0.000000e+000  0.000000e+000  0.000000e+000  0.000000e+000  0.000000e+000  
0.000000e+000  0.000000e+000  0.000000e+000  0.000000e+000  0.000000e+000  0.000000e+000  0.000000e+000  0.000000e+000  0.000000e+000  0.000000e+000  0.000000e+000  0.000000e+000  0.000000e+000  0.000000e+000  0.000000e+000  0.000000e+000  0.000000e+000  
0.000000e+000  0.000000e+000  0.000000e+000  0.000000e+000  0.000000e+000  0.000000e+000  0.000000e+000  0.000000e+000  0.000000e+000  0.000000e+000  0.000000e+000  0.000000e+000  0.000000e+000  0.000000e+000  0.000000e+000  0.000000e+000  0.000000e+000  
0.000000e+000  0.000000e+000  0.000000e+000  0.000000e+000  0.000000e+000  0.000000e+000  0.000000e+000  0.000000e+000  0.000000e+000  0.000000e+000  0.000000e+000  0.000000e+000  0.000000e+000  0.000000e+000  0.000000e+000  0.000000e+000  0.000000e+000  
0.000000e+000  0.000000e+000  0.000000e+000  0.000000e+000  0.000000e+000  0.000000e+000  0.000000e+000  0.000000e+000  0.000000e+000  0.000000e+000  0.000000e+000  0.000000e+000  0.000000e+000  0.000000e+000  0.000000e+000  0.000000e+000  0.000000e+000  
0.000000e+000  0.000000e+000  0.000000e+000  0.000000e+000  0.000000e+000  0.000000e+000  0.000000e+000  0.000000e+000  0.000000e+000  0.000000e+000  0.000000e+000  0.000000e+000  0.000000e+000  0.000000e+000  0.000000e+000  0.000000e+000  0.000000e+000  
0.000000e+000  0.000000e+000  0.000000e+000  0.000000e+000  0.000000e+000  0.000000e+000  0.000000e+000  0.000000e+000  0.000000e+000  0.000000e+000  0.000000e+000  0.000000e+000  0.000000e+000  0.000000e+000  0.000000e+000  0.000000e+000  0.000000e+000  
0.000000e+000  0.000000e+000  0.000000e+000  0.000000e+000  0.000000e+000  0.000000e+000  0.000000e+000  0.000000e+000  0.000000e+000  0.000000e+000  0.000000e+000  0.000000e+000  0.000000e+000  0.000000e+000  0.000000e+000  0.000000e+000  0.000000e+000  
0.000000e+000  0.000000e+000  0.000000e+000  0.000000e+000  0.000000e+000  0.000000e+000  0.000000e+000  0.000000e+000  0.000000e+000  0.000000e+000  0.000000e+000  0.000000e+000  0.000000e+000  0.000000e+000  0.000000e+000  0.000000e+000  0.000000e+000  
0.000000e+000  0.000000e+000  0.000000e+000  0.000000e+000  0.000000e+000  0.000000e+000  0.000000e+000  0.000000e+000  0.000000e+000  0.000000e+000  0.000000e+000  0.000000e+000  0.000000e+000  0.000000e+000  0.000000e+000  0.000000e+000  0.000000e+000  
0.000000e+000  0.000000e+000  0.000000e+000  0.000000e+000  0.000000e+000  0.000000e+000  0.000000e+000  0.000000e+000  0.000000e+000  0.000000e+000  0.000000e+000  0.000000e+000  0.000000e+000  0.000000e+000  0.000000e+000  0.000000e+000  0.000000e+000  
0.000000e+000  0.000000e+000  0.000000e+000  0.000000e+000  0.000000e+000  0.000000e+000  0.000000e+000  0.000000e+000  0.000000e+000  0.000000e+000  0.000000e+000  0.000000e+000  0.000000e+000  0.000000e+000  0.000000e+000  0.000000e+000  0.000000e+000  
0.000000e+000  0.000000e+000  0.000000e+000  0.000000e+000  0.000000e+000  0.000000e+000  0.000000e+000  0.000000e+000  0.000000e+000  0.000000e+000  0.000000e+000  0.000000e+000  0.000000e+000  0.000000e+000  0.000000e+000  0.000000e+000  0.000000e+000  
0.000000e+000  0.000000e+000  0.000000e+000  0.000000e+000  0.000000e+000  0.000000e+000  0.000000e+000  0.000000e+000  0.000000e+000  0.000000e+000  0.000000e+000  0.000000e+000  0.000000e+000  0.000000e+000  0.000000e+000  0.000000e+000  0.000000e+000  
0.000000e+000  0.000000e+000  0.000000e+000  0.000000e+000  0.000000e+000  0.000000e+000  0.000000e+000  0.000000e+000  0.000000e+000  0.000000e+000  0.000000e+000  0.000000e+000  0.000000e+000  0.000000e+000  0.000000e+000  0.000000e+000  0.000000e+000  
0.000000e+000  0.000000e+000  0.000000e+000  0.000000e+000  0.000000e+000  0.000000e+000  0.000000e+000  0.000000e+000  0.000000e+000  0.000000e+000  0.000000e+000  0.000000e+000  0.000000e+000  0.000000e+000  0.000000e+000  0.000000e+000  0.000000e+000  
0.000000e+000  0.000000e+000  0.000000e+000  0.000000e+000  0.000000e+000  0.000000e+000  0.000000e+000  0.000000e+000  0.000000e+000  0.000000e+000  0.000000e+000  0.000000e+000  0.000000e+000  0.000000e+000  0.000000e+000  0.000000e+000  0.000000e+000  
0.000000e+000  0.000000e+000  0.000000e+000  0.000000e+000  0.000000e+000  0.000000e+000  0.000000e+000  0.000000e+000  0.000000e+000  0.000000e+000  0.000000e+000  0.000000e+000  0.000000e+000  0.000000e+000  0.000000e+000  0.000000e+000  0.000000e+000  

0.000000e+000  -6.416472e+000  -1.279470e+001  -1.909688e+001  -2.528609e+001  -2.596409e+001  -2.650678e+001  -2.692626e+001  -2.723557e+001  -2.744821e+001  -2.757762e+001  -2.763684e+001  -2.763823e+001  -2.750197e+001  -2.726049e+001  -2.646490e+001  -2.590390e+001  
0.000000e+000  -7.191794e+000  -1.433619e+001  -2.138618e+001  -2.829552e+001  -2.881286e+001  -2.916450e+001  -2.937359e+001  -2.946294e+001  -2.945421e+001  -2.936731e+001  -2.922012e+001  -2.902839e+001  -2.855217e+001  -2.803746e+001  -2.683189e+001  -2.611389e+001  
0.000000e+000  -9.344589e+000  -1.862215e+001  -2.776443e+001  -3.670109e+001  -3.652063e+001  -3.612023e+001  -3.556416e+001  -3.490674e+001  -3.419184e+001  -3.345346e+001  -3.271698e+001  -3.200067e+001  -3.066641e+001  -2.951306e+001  -2.747062e+001  -2.646625e+001  
0.000000e+000  -1.262932e+001  -2.520468e+001  -3.766086e+001  -4.991183e+001  -4.783129e+001  -4.562269e+001  -4.342519e+001  -4.132992e+001  -3.938928e+001  -3.762731e+001  -3.604907e+001  -3.464806e+001  -3.233976e+001  -3.055812e+001  -2.787516e+001  -2.669050e+001  
0.000000e+000  -1.465571e+001  -2.935344e+001  -4.410586e+001  -5.886884e+001  -5.464078e+001  -5.065443e+001  -4.705904e+001  -4.390745e+001  -4.119239e+001  -3.887532e+001  -3.690540e+001  -3.523050e+001  -3.262190e+001  -3.069571e+001  -2.793403e+001  -2.673755e+001  
0.000000e+000  -1.643121e+001  -3.315541e+001  -5.040801e+001  -6.829938e+001  -6.075275e+001  -5.435425e+001  -4.912460e+001  -4.492943e+001  -4.158364e+001  -3.890769e+001  -3.674956e+001  -3.498857e+001  -3.237963e+001  -3.051376e+001  -2.788918e+001  -2.674006e+001  
0.000000e+000  -1.669694e+001  -3.386930e+001  -5.193824e+001  -7.117569e+001  -6.195700e+001  -5.457436e+001  -4.884418e+001  -4.444021e+001  -4.104340e+001  -3.839360e+001  -3.629426e+001  -3.460151e+001  -3.212241e+001  -3.035487e+001  -2.784669e+001  -2.673087e+001  
0.000000e+000  -1.656695e+001  -3.383621e+001  -5.249252e+001  -7.308355e+001  -6.204074e+001  -5.378501e+001  -4.775781e+001  -4.334511e+001  -4.006056e+001  -3.756020e+001  -3.560980e+001  -3.405054e+001  -3.177856e+001  -3.015127e+001  -2.779205e+001  -2.671673e+001  
0.000000e+000  -1.585487e+001  -3.265321e+001  -5.144118e+001  -7.327681e+001  -6.039668e+001  -5.161763e+001  -4.568050e+001  -4.156594e+001  -3.861057e+001  -3.640714e+001  -3.470543e+001  -3.334797e+001  -3.135847e+001  -2.991017e+001  -2.772771e+001  -2.669862e+001  
0.000000e+000  -1.436282e+001  -2.982558e+001  -4.787022e+001  -7.055296e+001  -5.618430e+001  -4.767869e+001  -4.247760e+001  -3.908138e+001  -3.671279e+001  -3.496424e+001  -3.361034e+001  -3.251898e+001  -3.087829e+001  -2.964123e+001  -2.765656e+001  -2.667766e+001  
0.000000e+000  -1.281603e+001  -2.665782e+001  -4.321445e+001  -6.573487e+001  -5.116297e+001  -4.378408e+001  -3.963784e+001  -3.701883e+001  -3.520149e+001  -3.384690e+001  -3.277942e+001  -3.190004e+001  -3.052701e+001  -2.944769e+001  -2.760579e+001  -2.666235e+001  
0.000000e+000  -1.087168e+001  -2.243887e+001  -3.625171e+001  -5.706014e+001  -4.400475e+001  -3.893732e+001  -3.635572e+001  -3.473047e+001  -3.356529e+001  -3.265681e+001  -3.190500e+001  -3.125513e+001  -3.016575e+001  -2.925085e+001  -2.755448e+001  -2.664668e+001  
0.000000e+000  -8.657445e+000  -1.735035e+001  -2.658492e+001  -4.154643e+001  -3.446845e+001  -3.336045e+001  -3.280113e+001  -3.231784e+001  -3.186536e+001  -3.143260e+001  -3.101260e+001  -3.060152e+001  -2.980330e+001  -2.905517e+001  -2.750380e+001  -2.663105e+001  
0.000000e+000  -6.428280e+000  -1.205035e+001  -1.470492e+001  0.000000e+000  -2.315544e+001  -2.763220e+001  -2.923667e+001  -2.990872e+001  -3.017206e+001  -3.021697e+001  -3.012976e+001  -2.995757e+001  -2.944884e+001  -2.886523e+001  -2.745487e+001  -2.661586e+001  
0.000000e+000  -4.076295e+000  -7.029668e+000  -6.930192e+000  0.000000e+000  -1.461701e+001  -2.169447e+001  -2.518761e+001  -2.708418e+001  -2.816280e+001  -2.876882e+001  -2.907796e+001  -2.919178e+001  -2.902969e+001  -2.864210e+001  -2.739772e+001  -2.659801e+001  
0.000000e+000  -2.401315e+000  -3.850451e+000  -3.277701e+000  0.000000e+000  -1.019921e+001  -1.745218e+001  -2.190333e+001  -2.466020e+001  -2.639271e+001  -2.747773e+001  -2.813576e+001  -2.850497e+001  -2.865489e+001  -2.844360e+001  -2.734713e+001  -2.658215e+001  
0.000000e+000  -7.742639e-001  -1.151335e+000  -8.695523e-001  0.000000e+000  -6.730706e+000  -1.294445e+001  -1.776059e+001  -2.130001e+001  -2.381293e+001  -2.554757e+001  -2.671007e+001  -2.746028e+001  -2.808549e+001  -2.814362e+001  -2.727116e+001  -2.655822e+001  
0.000000e+000  -7.742639e-001  -1.151335e+000  -8.695523e-001  0.000000e+000  -6.730706e+000  -1.294445e+001  -1.776059e+001  -2.130001e+001  -2.381293e+001  -2.554757e+001  -2.671007e+001  -2.746028e+001  -2.808549e+001  -2.814362e+001  -2.727116e+001  -2.655822e+001  
0.000000e+000  -2.401315e+000  -3.850451e+000  -3.277701e+000  0.000000e+000  -1.019921e+001  -1.745218e+001  -2.190333e+001  -2.466020e+001  -2.639271e+001  -2.747773e+001  -2.813576e+001  -2.850497e+001  -2.865489e+001  -2.844360e+001  -2.734713e+001  -2.658215e+001  
0.000000e+000  -4.076295e+000  -7.029668e+000  -6.930193e+000  0.000000e+000  -1.461701e+001  -2.169447e+001  -2.518761e+001  -2.708418e+001  -2.816280e+001  -2.876882e+001  -2.907796e+001  -2.919178e+001  -2.902969e+001  -2.864210e+001  -2.739772e+001  -2.659801e+001  
0.000000e+000  -6.428280e+000  -1.205035e+001  -1.470492e+001  0.000000e+000  -2.315544e+001  -2.763220e+001  -2.923667e+001  -2.990872e+001  -3.017206e+001  -3.021697e+001  -3.012976e+001  -2.995757e+001  -2.944884e+001  -2.886523e+001  -2.745487e+001  -2.661586e+001  
0.000000e+000  -8.657444e+000  -1.735035e+001  -2.658492e+001  -4.154643e+001  -3.446845e+001  -3.336045e+001  -3.280113e+001  -3.231784e+001  -3.186536e+001  -3.143260e+001  -3.101260e+001  -3.060151e+001  -2.980330e+001  -2.905517e+001  -2.750380e+001  -2.663105e+001  
0.000000e+000  -1.087168e+001  -2.243887e+001  -3.625171e+001  -5.706014e+001  -4.400475e+001  -3.893732e+001  -3.635572e+001  -3.473047e+001  -3.356529e+001  -3.265681e+001  -3.190500e+001  -3.125513e+001  -3.016575e+001  -2.925085e+001  -2.755448e+001  -2.664668e+001  
0.000000e+000  -1.281603e+001  -2.665782e+001  -4.321445e+001  -6.573487e+001  -5.116297e+001  -4.378408e+001  -3.963784e+001  -3.701883e+001  -3.520149e+001  -3.384690e+001  -3.277942e+001  -3.190004e+001  -3.052701e+001  -2.944769e+001  -2.760579e+001  -2.666235e+001  
0.000000e+000  -1.436282e+001  -2.982558e+001  -4.787022e+001  -7.055296e+001  -5.618430e+001  -4.767869e+001  -4.247760e+001  -3.908138e+001  -3.671279e+001  -3.496424e+001  -3.361034e+001  -3.251898e+001  -3.087829e+001  -2.964123e+001  -2.765656e+001  -2.667766e+001  
0.000000e+000  -1.585487e+001  -3.265321e+001  -5.144118e+001  -7.327681e+001  -6.039668e+001  -5.161763e+001  -4.568050e+001  -4.156594e+001  -3.861057e+001  -3.640714e+001  -3.470543e+001  -3.334797e+001  -3.135847e+001  -2.991017e+001  -2.772771e+001  -2.669862e+001  
0.000000e+000  -1.656695e+001  -3.383621e+001  -5.249252e+001  -7.308355e+001  -6.204074e+001  -5.378501e+001  -4.775781e+001  -4.334511e+001  -4.006056e+001  -3.756020e+001  -3.560980e+001  -3.405054e+001  -3.177856e+001  -3.015127e+001  -2.779205e+001  -2.671673e+001  
0.000000e+000  -1.669694e+001  -3.386930e+001  -5.193824e+001  -7.117569e+001  -6.195700e+001  -5.457436e+001  -4.884418e+001  -4.444021e+001  -4.104340e+001  -3.839360e+001  -3.629426e+001  -3.460151e+001  -3.212241e+001  -3.035487e+001  -2.784669e+001  -2.673087e+001  
0.000000e+000  -1.643121e+001  -3.315541e+001  -5.040801e+001  -6.829938e+001  -6.075275e+001  -5.435425e+001  -4.912460e+001  -4.492943e+001  -4.158364e+001  -3.890769e+001  -3.674956e+001  -3.498857e+001  -3.237963e+001  -3.051376e+001  -2.788918e+001  -2.674006e+001  
0.000000e+000  -1.465571e+001  -2.935344e+001  -4.410586e+001  -5.886884e+001  -5.464078e+001  -5.065443e+001  -4.705904e+001  -4.390745e+001  -4.119239e+001  -3.887532e+001  -3.690540e+001  -3.523050e+001  -3.262190e+001  -3.069571e+001  -2.793403e+001  -2.673755e+001  
0.000000e+000  -1.262932e+001  -2.520468e+001  -3.766086e+001  -4.991183e+001  -4.783129e+001  -4.562269e+001  -4.342519e+001  -4.132992e+001  -3.938928e+001  -3.762731e+001  -3.604907e+001  -3.464806e+001  -3.233976e+001  -3.055812e+001  -2.787516e+001  -2.669050e+001  
0.000000e+000  -9.344589e+000  -1.862215e+001  -2.776443e+001  -3.670109e+001  -3.652063e+001  -3.612023e+001  -3.556416e+001  -3.490674e+001  -3.419184e+001  -3.345346e+001  -3.271698e+001  -3.200067e+001  -3.066641e+001  -2.951306e+001  -2.747062e+001  -2.646625e+001  
0.000000e+000  -7.191794e+000  -1.433619e+001  -2.138618e+001  -2.829552e+001  -2.881286e+001  -2.916450e+001  -2.937359e+001  -2.946294e+001  -2.945421e+001  -2.936731e+001  -2.922012e+001  -2.902839e+001  -2.855217e+001  -2.803746e+001  -2.683189e+001  -2.611389e+001  
0.000000e+000  -6.416473e+000  -1.279470e+001  -1.909688e+001  -2.528609e+001  -2.596409e+001  -2.650678e+001  -2.692626e+001  -2.723557e+001  -2.744821e+001  -2.757762e+001  -2.763684e+001  -2.763823e+001  -2.750197e+001  -2.726049e+001  -2.646490e+001  -2.590390e+001  

