Port monitor named: Port1_h1[2.4].prt

nx        = 36
ny        = 4
nz        = 19

nu        = 17
nv        = 34
iu        = 2
iv        = 2

idir      = 1
dcut      = -4.830000e-002
icut      = 2
type      = 1
frequency = 2.400000e+009

fcutoff   = 0.000000e+000
alpha     = 0.000000e+000
beta      = 9.401359e+001
accuracy  = 7.328193e-010

type          = QTEM
wave imp.     = 2.494757e+002
wave imp.sig. = 1.253141e-007
line imp.     = 4.205455e+001

ref. port     = 0

0.000000e+000  1.848389e-002  3.654294e-002  5.377438e-002  6.981757e-002  8.627279e-002  1.006311e-001  1.127049e-001  1.224221e-001  1.298150e-001  1.350032e-001  1.381737e-001  1.395604e-001  1.377664e-001  1.321035e-001  1.095040e-001  9.308106e-002  
0.000000e+000  6.918388e-002  1.362872e-001  1.993725e-001  2.567722e-001  3.136494e-001  3.608471e-001  3.978882e-001  4.249028e-001  4.425086e-001  4.516720e-001  4.535702e-001  4.494736e-001  4.271061e-001  3.952014e-001  3.046089e-001  2.487787e-001  
0.000000e+000  1.694708e-001  3.314695e-001  4.792290e-001  6.073103e-001  7.248757e-001  8.113837e-001  8.675800e-001  8.963616e-001  9.019139e-001  8.889330e-001  8.620502e-001  8.254730e-001  7.340512e-001  6.392693e-001  4.406572e-001  3.395236e-001  
0.000000e+000  3.560682e-001  6.897809e-001  9.811736e-001  1.215137e+000  1.402240e+000  1.507675e+000  1.541873e+000  1.520378e+000  1.459520e+000  1.373764e+000  1.274619e+000  1.170574e+000  9.654816e-001  7.873638e-001  4.893961e-001  3.586004e-001  
0.000000e+000  5.974853e-001  1.150135e+000  1.616239e+000  1.963081e+000  2.195385e+000  2.271130e+000  2.227064e+000  2.104975e+000  1.940261e+000  1.758408e+000  1.575833e+000  1.402164e+000  1.096824e+000  8.549763e-001  4.971291e-001  3.525675e-001  
0.000000e+000  9.301012e-001  1.788250e+000  2.496009e+000  2.977387e+000  3.204818e+000  3.154948e+000  2.936519e+000  2.642499e+000  2.331793e+000  2.035260e+000  1.766273e+000  1.528820e+000  1.147081e+000  8.646355e-001  4.807204e-001  3.337779e-001  
0.000000e+000  1.177073e+000  2.272206e+000  3.178872e+000  3.768264e+000  3.955586e+000  3.765174e+000  3.388562e+000  2.959424e+000  2.546171e+000  2.175979e+000  1.855339e+000  1.581915e+000  1.160619e+000  8.590060e-001  4.660598e-001  3.198222e-001  
0.000000e+000  1.491003e+000  2.910302e+000  4.121420e+000  4.886897e+000  4.950903e+000  4.497472e+000  3.876996e+000  3.268688e+000  2.735188e+000  2.286879e+000  1.915810e+000  1.609611e+000  1.156024e+000  8.408671e-001  4.458118e-001  3.025446e-001  
0.000000e+000  1.863385e+000  3.718539e+000  5.428824e+000  6.552897e+000  6.280824e+000  5.340224e+000  4.360915e+000  3.532922e+000  2.872098e+000  2.350372e+000  1.936462e+000  1.604853e+000  1.130298e+000  8.090535e-001  4.198733e-001  2.820036e-001  
0.000000e+000  2.182379e+000  4.498911e+000  6.934895e+000  8.843226e+000  7.765645e+000  6.074960e+000  4.690338e+000  3.668115e+000  2.914642e+000  2.347518e+000  1.910946e+000  1.568138e+000  1.088795e+000  7.700598e-001  3.932394e-001  2.620425e-001  
0.000000e+000  2.389729e+000  5.086807e+000  8.362251e+000  1.174044e+001  9.160078e+000  6.583088e+000  4.851409e+000  3.698914e+000  2.894508e+000  2.306974e+000  1.862830e+000  1.518279e+000  1.043433e+000  7.314407e-001  3.689813e-001  2.444001e-001  
0.000000e+000  2.478163e+000  5.450842e+000  9.748764e+000  1.668310e+001  1.055711e+001  6.840319e+000  4.840705e+000  3.626785e+000  2.810478e+000  2.224338e+000  1.785583e+000  1.447601e+000  9.862719e-001  6.859437e-001  3.422092e-001  2.254178e-001  
0.000000e+000  2.375463e+000  5.302830e+000  1.011677e+001  2.608768e+001  1.123583e+001  6.585295e+000  4.596296e+000  3.436848e+000  2.658534e+000  2.098381e+000  1.678821e+000  1.356038e+000  9.174298e-001  6.337319e-001  3.130406e-001  2.051779e-001  
0.000000e+000  2.019855e+000  4.316244e+000  7.309056e+000  0.000000e+000  7.220022e+000  5.402900e+000  4.043275e+000  3.095968e+000  2.415072e+000  1.910099e+000  1.526744e+000  1.230305e+000  8.272857e-001  5.677475e-001  2.776847e-001  1.810899e-001  
0.000000e+000  1.457200e+000  2.798251e+000  3.386011e+000  0.000000e+000  3.806345e+000  3.877319e+000  3.237601e+000  2.593971e+000  2.063401e+000  1.644932e+000  1.317865e+000  1.061614e+000  7.107688e-001  4.851266e-001  2.351948e-001  1.526853e-001  
0.000000e+000  7.179038e-001  1.202472e+000  1.098834e+000  0.000000e+000  1.542752e+000  2.092809e+000  2.034839e+000  1.763790e+000  1.458894e+000  1.184362e+000  9.559194e-001  7.716290e-001  5.146179e-001  3.489966e-001  1.673189e-001  1.079869e-001  
0.000000e+000  -3.386985e-010  1.059719e-010  1.698694e-010  0.000000e+000  9.533627e-010  1.001577e-009  6.843850e-010  0.000000e+000  -8.811091e-010  1.943158e-010  -4.755167e-010  4.633840e-010  -4.532528e-010  -1.000525e-010  1.909183e-009  1.422410e-009  
0.000000e+000  -7.179038e-001  -1.202472e+000  -1.098834e+000  0.000000e+000  -1.542752e+000  -2.092809e+000  -2.034839e+000  -1.763790e+000  -1.458894e+000  -1.184362e+000  -9.559194e-001  -7.716290e-001  -5.146179e-001  -3.489966e-001  -1.673189e-001  -1.079869e-001  
0.000000e+000  -1.457200e+000  -2.798251e+000  -3.386011e+000  0.000000e+000  -3.806345e+000  -3.877319e+000  -3.237601e+000  -2.593971e+000  -2.063401e+000  -1.644932e+000  -1.317865e+000  -1.061614e+000  -7.107688e-001  -4.851266e-001  -2.351948e-001  -1.526853e-001  
0.000000e+000  -2.019855e+000  -4.316244e+000  -7.309056e+000  0.000000e+000  -7.220022e+000  -5.402900e+000  -4.043275e+000  -3.095968e+000  -2.415072e+000  -1.910099e+000  -1.526744e+000  -1.230305e+000  -8.272857e-001  -5.677475e-001  -2.776846e-001  -1.810898e-001  
0.000000e+000  -2.375463e+000  -5.302830e+000  -1.011677e+001  -2.608768e+001  -1.123583e+001  -6.585295e+000  -4.596296e+000  -3.436848e+000  -2.658534e+000  -2.098381e+000  -1.678821e+000  -1.356038e+000  -9.174298e-001  -6.337319e-001  -3.130406e-001  -2.051780e-001  
0.000000e+000  -2.478163e+000  -5.450842e+000  -9.748764e+000  -1.668310e+001  -1.055711e+001  -6.840319e+000  -4.840705e+000  -3.626785e+000  -2.810478e+000  -2.224338e+000  -1.785583e+000  -1.447601e+000  -9.862719e-001  -6.859438e-001  -3.422092e-001  -2.254178e-001  
0.000000e+000  -2.389729e+000  -5.086806e+000  -8.362252e+000  -1.174044e+001  -9.160078e+000  -6.583088e+000  -4.851409e+000  -3.698914e+000  -2.894508e+000  -2.306974e+000  -1.862830e+000  -1.518279e+000  -1.043433e+000  -7.314407e-001  -3.689813e-001  -2.444002e-001  
0.000000e+000  -2.182379e+000  -4.498911e+000  -6.934895e+000  -8.843226e+000  -7.765645e+000  -6.074960e+000  -4.690338e+000  -3.668116e+000  -2.914642e+000  -2.347518e+000  -1.910946e+000  -1.568138e+000  -1.088795e+000  -7.700598e-001  -3.932394e-001  -2.620424e-001  
0.000000e+000  -1.863385e+000  -3.718539e+000  -5.428824e+000  -6.552897e+000  -6.280824e+000  -5.340224e+000  -4.360915e+000  -3.532922e+000  -2.872098e+000  -2.350372e+000  -1.936462e+000  -1.604853e+000  -1.130298e+000  -8.090535e-001  -4.198732e-001  -2.820036e-001  
0.000000e+000  -1.491003e+000  -2.910302e+000  -4.121420e+000  -4.886897e+000  -4.950903e+000  -4.497472e+000  -3.876996e+000  -3.268688e+000  -2.735188e+000  -2.286879e+000  -1.915810e+000  -1.609611e+000  -1.156024e+000  -8.408671e-001  -4.458119e-001  -3.025446e-001  
0.000000e+000  -1.177073e+000  -2.272206e+000  -3.178872e+000  -3.768264e+000  -3.955586e+000  -3.765174e+000  -3.388562e+000  -2.959424e+000  -2.546171e+000  -2.175979e+000  -1.855339e+000  -1.581915e+000  -1.160619e+000  -8.590060e-001  -4.660598e-001  -3.198222e-001  
0.000000e+000  -9.301012e-001  -1.788250e+000  -2.496009e+000  -2.977387e+000  -3.204818e+000  -3.154948e+000  -2.936519e+000  -2.642499e+000  -2.331793e+000  -2.035260e+000  -1.766273e+000  -1.528820e+000  -1.147081e+000  -8.646355e-001  -4.807204e-001  -3.337779e-001  
0.000000e+000  -5.974853e-001  -1.150135e+000  -1.616239e+000  -1.963081e+000  -2.195385e+000  -2.271130e+000  -2.227064e+000  -2.104975e+000  -1.940261e+000  -1.758408e+000  -1.575833e+000  -1.402164e+000  -1.096824e+000  -8.549763e-001  -4.971291e-001  -3.525675e-001  
0.000000e+000  -3.560682e-001  -6.897809e-001  -9.811736e-001  -1.215137e+000  -1.402240e+000  -1.507675e+000  -1.541873e+000  -1.520378e+000  -1.459520e+000  -1.373764e+000  -1.274619e+000  -1.170574e+000  -9.654816e-001  -7.873638e-001  -4.893961e-001  -3.586004e-001  
0.000000e+000  -1.694708e-001  -3.314695e-001  -4.792290e-001  -6.073103e-001  -7.248757e-001  -8.113837e-001  -8.675800e-001  -8.963616e-001  -9.019139e-001  -8.889330e-001  -8.620502e-001  -8.254730e-001  -7.340512e-001  -6.392693e-001  -4.406572e-001  -3.395236e-001  
0.000000e+000  -6.918388e-002  -1.362872e-001  -1.993725e-001  -2.567722e-001  -3.136494e-001  -3.608471e-001  -3.978882e-001  -4.249028e-001  -4.425086e-001  -4.516720e-001  -4.535702e-001  -4.494736e-001  -4.271061e-001  -3.952014e-001  -3.046089e-001  -2.487787e-001  
0.000000e+000  -1.848389e-002  -3.654294e-002  -5.377438e-002  -6.981757e-002  -8.627279e-002  -1.006311e-001  -1.127049e-001  -1.224221e-001  -1.298150e-001  -1.350032e-001  -1.381737e-001  -1.395604e-001  -1.377664e-001  -1.321035e-001  -1.095040e-001  -9.308106e-002  
0.000000e+000  0.000000e+000  0.000000e+000  0.000000e+000  0.000000e+000  0.000000e+000  0.000000e+000  0.000000e+000  0.000000e+000  0.000000e+000  0.000000e+000  0.000000e+000  0.000000e+000  0.000000e+000  0.000000e+000  0.000000e+000  0.000000e+000  

-1.067462e+000  -1.060322e+000  -1.046182e+000  -1.025309e+000  -9.988904e-001  -9.675522e-001  -9.312287e-001  -8.907154e-001  -8.468318e-001  -8.003854e-001  -7.521417e-001  -7.028009e-001  -6.280721e-001  -5.296878e-001  -3.630633e-001  -1.214714e-001  0.000000e+000  
-1.213259e+000  -1.203187e+000  -1.183328e+000  -1.154231e+000  -1.117086e+000  -1.072756e+000  -1.022257e+000  -9.670698e-001  -9.086386e-001  -8.482957e-001  -7.872137e-001  -7.263790e-001  -6.366845e-001  -5.248540e-001  -3.450118e-001  -1.108733e-001  0.000000e+000  
-1.658733e+000  -1.636771e+000  -1.593927e+000  -1.532243e+000  -1.453117e+000  -1.359039e+000  -1.256206e+000  -1.149128e+000  -1.041695e+000  -9.369981e-001  -8.372923e-001  -7.440600e-001  -6.151593e-001  -4.743023e-001  -2.756061e-001  -7.891401e-002  0.000000e+000  
-2.530584e+000  -2.473634e+000  -2.364051e+000  -2.209983e+000  -2.014986e+000  -1.789898e+000  -1.558736e+000  -1.334924e+000  -1.127729e+000  -9.424357e-001  -7.811194e-001  -6.436012e-001  -4.706457e-001  -3.148866e-001  -1.369263e-001  -2.843233e-002  0.000000e+000  
-3.409663e+000  -3.301157e+000  -3.093916e+000  -2.807168e+000  -2.451148e+000  -2.056414e+000  -1.676574e+000  -1.335575e+000  -1.044409e+000  -8.046610e-001  -6.124761e-001  -4.615821e-001  -2.869324e-001  -1.533247e-001  -2.899693e-002  4.858995e-003  0.000000e+000  
-4.855215e+000  -4.643752e+000  -4.237680e+000  -3.676716e+000  -2.991079e+000  -2.272872e+000  -1.643969e+000  -1.138803e+000  -7.555910e-001  -4.759192e-001  -2.775846e-001  -1.405466e-001  -2.870935e-003  7.222237e-002  1.029085e-001  4.208558e-002  0.000000e+000  
-5.729782e+000  -5.453354e+000  -4.911405e+000  -4.145732e+000  -3.204034e+000  -2.260784e+000  -1.493851e+000  -9.252093e-001  -5.259168e-001  -2.551533e-001  -7.672471e-002  3.694055e-002  1.397643e-001  1.775621e-001  1.592349e-001  5.710351e-002  0.000000e+000  
-6.829693e+000  -6.479424e+000  -5.767425e+000  -4.715120e+000  -3.387267e+000  -2.137995e+000  -1.218355e+000  -6.042426e-001  -2.146029e-001  2.436535e-002  1.654298e-001  2.432708e-001  2.983707e-001  2.907441e-001  2.171416e-001  7.209732e-002  0.000000e+000  
-8.215277e+000  -7.800688e+000  -6.901259e+000  -5.446669e+000  -3.474368e+000  -1.806491e+000  -7.487664e-001  -1.404304e-001  1.927525e-001  3.664277e-001  4.480991e-001  4.760573e-001  4.701747e-001  4.096134e-001  2.755820e-001  8.682836e-002  0.000000e+000  
-9.938948e+000  -9.517884e+000  -8.489073e+000  -6.505823e+000  -3.295312e+000  -1.086848e+000  7.181894e-003  4.989820e-001  7.021345e-001  7.675533e-001  7.654469e-001  7.296028e-001  6.507900e-001  5.312873e-001  3.333422e-001  1.010398e-001  0.000000e+000  
-1.131809e+001  -1.098122e+001  -1.002840e+001  -7.720129e+000  -2.732779e+000  -1.832847e-001  7.472773e-001  1.043825e+000  1.102322e+000  1.067700e+000  9.957238e-001  9.098580e-001  7.762027e-001  6.142499e-001  3.717547e-001  1.103238e-001  0.000000e+000  
-1.282556e+001  -1.268061e+001  -1.208920e+001  -9.848337e+000  -1.348109e+000  1.205694e+000  1.677797e+000  1.660467e+000  1.530869e+000  1.379469e+000  1.230559e+000  1.091443e+000  9.007030e-001  6.956180e-001  4.087653e-001  1.191513e-001  0.000000e+000  
-1.438711e+001  -1.455041e+001  -1.478460e+001  -1.418581e+001  1.977904e+000  3.219414e+000  2.755749e+000  2.311432e+000  1.966558e+000  1.691035e+000  1.462941e+000  1.269873e+000  1.021867e+000  7.740752e-001  4.439154e-001  1.274367e-001  0.000000e+000  
-1.588358e+001  -1.639076e+001  -1.779922e+001  -2.181219e+001  1.226004e+001  5.745754e+000  3.828987e+000  2.933486e+000  2.382226e+000  1.989045e+000  1.685398e+000  1.440487e+000  1.137221e+000  8.482909e-001  4.767506e-001  1.350966e-001  0.000000e+000  
-1.747690e+001  -1.820009e+001  -2.015211e+001  -2.519949e+001  1.195044e+001  6.968162e+000  4.742494e+000  3.567933e+000  2.836786e+000  2.325145e+000  1.939816e+000  1.636675e+000  1.269970e+000  9.333346e-001  5.139486e-001  1.436866e-001  0.000000e+000  
-1.862969e+001  -1.926344e+001  -2.063173e+001  -2.259337e+001  9.103497e+000  6.901242e+000  5.165662e+000  3.996497e+000  3.190087e+000  2.603403e+000  2.156862e+000  1.806340e+000  1.385635e+000  1.007350e+000  5.460340e-001  1.510307e-001  0.000000e+000  
-1.977483e+001  -2.004679e+001  -2.050234e+001  -2.091868e+001  6.786084e+000  6.123172e+000  5.224135e+000  4.350317e+000  3.593255e+000  2.967440e+000  2.459768e+000  2.050388e+000  1.555244e+000  1.116137e+000  5.927414e-001  1.616049e-001  0.000000e+000  
-1.977483e+001  -2.004679e+001  -2.050234e+001  -2.091868e+001  6.786084e+000  6.123172e+000  5.224135e+000  4.350317e+000  3.593255e+000  2.967440e+000  2.459768e+000  2.050388e+000  1.555244e+000  1.116137e+000  5.927414e-001  1.616049e-001  0.000000e+000  
-1.862969e+001  -1.926344e+001  -2.063173e+001  -2.259337e+001  9.103497e+000  6.901242e+000  5.165662e+000  3.996497e+000  3.190087e+000  2.603403e+000  2.156862e+000  1.806340e+000  1.385635e+000  1.007350e+000  5.460340e-001  1.510307e-001  0.000000e+000  
-1.747690e+001  -1.820009e+001  -2.015211e+001  -2.519949e+001  1.195044e+001  6.968162e+000  4.742494e+000  3.567933e+000  2.836786e+000  2.325145e+000  1.939816e+000  1.636675e+000  1.269970e+000  9.333346e-001  5.139486e-001  1.436866e-001  0.000000e+000  
-1.588358e+001  -1.639076e+001  -1.779922e+001  -2.181219e+001  1.226004e+001  5.745754e+000  3.828987e+000  2.933486e+000  2.382226e+000  1.989045e+000  1.685398e+000  1.440487e+000  1.137221e+000  8.482909e-001  4.767506e-001  1.350966e-001  0.000000e+000  
-1.438711e+001  -1.455041e+001  -1.478460e+001  -1.418581e+001  1.977904e+000  3.219414e+000  2.755749e+000  2.311432e+000  1.966558e+000  1.691035e+000  1.462941e+000  1.269873e+000  1.021867e+000  7.740752e-001  4.439154e-001  1.274367e-001  0.000000e+000  
-1.282556e+001  -1.268061e+001  -1.208920e+001  -9.848337e+000  -1.348109e+000  1.205694e+000  1.677797e+000  1.660467e+000  1.530869e+000  1.379469e+000  1.230559e+000  1.091443e+000  9.007030e-001  6.956180e-001  4.087653e-001  1.191513e-001  0.000000e+000  
-1.131809e+001  -1.098122e+001  -1.002840e+001  -7.720129e+000  -2.732779e+000  -1.832847e-001  7.472772e-001  1.043825e+000  1.102322e+000  1.067700e+000  9.957238e-001  9.098580e-001  7.762027e-001  6.142499e-001  3.717547e-001  1.103238e-001  0.000000e+000  
-9.938948e+000  -9.517884e+000  -8.489073e+000  -6.505823e+000  -3.295312e+000  -1.086848e+000  7.181902e-003  4.989820e-001  7.021345e-001  7.675533e-001  7.654469e-001  7.296028e-001  6.507900e-001  5.312873e-001  3.333422e-001  1.010398e-001  0.000000e+000  
-8.215277e+000  -7.800688e+000  -6.901259e+000  -5.446669e+000  -3.474368e+000  -1.806491e+000  -7.487664e-001  -1.404304e-001  1.927525e-001  3.664277e-001  4.480991e-001  4.760573e-001  4.701747e-001  4.096134e-001  2.755820e-001  8.682836e-002  0.000000e+000  
-6.829693e+000  -6.479424e+000  -5.767425e+000  -4.715120e+000  -3.387267e+000  -2.137995e+000  -1.218355e+000  -6.042426e-001  -2.146029e-001  2.436535e-002  1.654298e-001  2.432708e-001  2.983707e-001  2.907441e-001  2.171416e-001  7.209732e-002  0.000000e+000  
-5.729782e+000  -5.453354e+000  -4.911405e+000  -4.145732e+000  -3.204034e+000  -2.260784e+000  -1.493851e+000  -9.252093e-001  -5.259168e-001  -2.551533e-001  -7.672472e-002  3.694056e-002  1.397643e-001  1.775621e-001  1.592349e-001  5.710351e-002  0.000000e+000  
-4.855215e+000  -4.643752e+000  -4.237680e+000  -3.676716e+000  -2.991079e+000  -2.272872e+000  -1.643969e+000  -1.138803e+000  -7.555910e-001  -4.759192e-001  -2.775846e-001  -1.405466e-001  -2.870936e-003  7.222237e-002  1.029085e-001  4.208558e-002  0.000000e+000  
-3.409663e+000  -3.301157e+000  -3.093916e+000  -2.807168e+000  -2.451148e+000  -2.056414e+000  -1.676574e+000  -1.335575e+000  -1.044409e+000  -8.046610e-001  -6.124761e-001  -4.615821e-001  -2.869324e-001  -1.533247e-001  -2.899693e-002  4.858996e-003  0.000000e+000  
-2.530584e+000  -2.473634e+000  -2.364051e+000  -2.209983e+000  -2.014986e+000  -1.789898e+000  -1.558736e+000  -1.334924e+000  -1.127729e+000  -9.424357e-001  -7.811194e-001  -6.436012e-001  -4.706457e-001  -3.148866e-001  -1.369263e-001  -2.843233e-002  0.000000e+000  
-1.658733e+000  -1.636771e+000  -1.593926e+000  -1.532243e+000  -1.453117e+000  -1.359039e+000  -1.256206e+000  -1.149128e+000  -1.041695e+000  -9.369981e-001  -8.372923e-001  -7.440600e-001  -6.151593e-001  -4.743023e-001  -2.756061e-001  -7.891401e-002  0.000000e+000  
-1.213259e+000  -1.203187e+000  -1.183328e+000  -1.154231e+000  -1.117086e+000  -1.072756e+000  -1.022257e+000  -9.670698e-001  -9.086386e-001  -8.482957e-001  -7.872137e-001  -7.263790e-001  -6.366845e-001  -5.248540e-001  -3.450118e-001  -1.108733e-001  0.000000e+000  
-1.067462e+000  -1.060322e+000  -1.046182e+000  -1.025309e+000  -9.988904e-001  -9.675522e-001  -9.312287e-001  -8.907154e-001  -8.468318e-001  -8.003854e-001  -7.521417e-001  -7.028009e-001  -6.280721e-001  -5.296878e-001  -3.630633e-001  -1.214714e-001  0.000000e+000  

0.000000e+000  0.000000e+000  0.000000e+000  0.000000e+000  0.000000e+000  0.000000e+000  0.000000e+000  0.000000e+000  0.000000e+000  0.000000e+000  0.000000e+000  0.000000e+000  0.000000e+000  0.000000e+000  0.000000e+000  0.000000e+000  0.000000e+000  
0.000000e+000  0.000000e+000  0.000000e+000  0.000000e+000  0.000000e+000  0.000000e+000  0.000000e+000  0.000000e+000  0.000000e+000  0.000000e+000  0.000000e+000  0.000000e+000  0.000000e+000  0.000000e+000  0.000000e+000  0.000000e+000  0.000000e+000  
0.000000e+000  0.000000e+000  0.000000e+000  0.000000e+000  0.000000e+000  0.000000e+000  0.000000e+000  0.000000e+000  0.000000e+000  0.000000e+000  0.000000e+000  0.000000e+000  0.000000e+000  0.000000e+000  0.000000e+000  0.000000e+000  0.000000e+000  
0.000000e+000  0.000000e+000  0.000000e+000  0.000000e+000  0.000000e+000  0.000000e+000  0.000000e+000  0.000000e+000  0.000000e+000  0.000000e+000  0.000000e+000  0.000000e+000  0.000000e+000  0.000000e+000  0.000000e+000  0.000000e+000  0.000000e+000  
0.000000e+000  0.000000e+000  0.000000e+000  0.000000e+000  0.000000e+000  0.000000e+000  0.000000e+000  0.000000e+000  0.000000e+000  0.000000e+000  0.000000e+000  0.000000e+000  0.000000e+000  0.000000e+000  0.000000e+000  0.000000e+000  0.000000e+000  
0.000000e+000  0.000000e+000  0.000000e+000  0.000000e+000  0.000000e+000  0.000000e+000  0.000000e+000  0.000000e+000  0.000000e+000  0.000000e+000  0.000000e+000  0.000000e+000  0.000000e+000  0.000000e+000  0.000000e+000  0.000000e+000  0.000000e+000  
0.000000e+000  0.000000e+000  0.000000e+000  0.000000e+000  0.000000e+000  0.000000e+000  0.000000e+000  0.000000e+000  0.000000e+000  0.000000e+000  0.000000e+000  0.000000e+000  0.000000e+000  0.000000e+000  0.000000e+000  0.000000e+000  0.000000e+000  
0.000000e+000  0.000000e+000  0.000000e+000  0.000000e+000  0.000000e+000  0.000000e+000  0.000000e+000  0.000000e+000  0.000000e+000  0.000000e+000  0.000000e+000  0.000000e+000  0.000000e+000  0.000000e+000  0.000000e+000  0.000000e+000  0.000000e+000  
0.000000e+000  0.000000e+000  0.000000e+000  0.000000e+000  0.000000e+000  0.000000e+000  0.000000e+000  0.000000e+000  0.000000e+000  0.000000e+000  0.000000e+000  0.000000e+000  0.000000e+000  0.000000e+000  0.000000e+000  0.000000e+000  0.000000e+000  
0.000000e+000  0.000000e+000  0.000000e+000  0.000000e+000  0.000000e+000  0.000000e+000  0.000000e+000  0.000000e+000  0.000000e+000  0.000000e+000  0.000000e+000  0.000000e+000  0.000000e+000  0.000000e+000  0.000000e+000  0.000000e+000  0.000000e+000  
0.000000e+000  0.000000e+000  0.000000e+000  0.000000e+000  0.000000e+000  0.000000e+000  0.000000e+000  0.000000e+000  0.000000e+000  0.000000e+000  0.000000e+000  0.000000e+000  0.000000e+000  0.000000e+000  0.000000e+000  0.000000e+000  0.000000e+000  
0.000000e+000  0.000000e+000  0.000000e+000  0.000000e+000  0.000000e+000  0.000000e+000  0.000000e+000  0.000000e+000  0.000000e+000  0.000000e+000  0.000000e+000  0.000000e+000  0.000000e+000  0.000000e+000  0.000000e+000  0.000000e+000  0.000000e+000  
0.000000e+000  0.000000e+000  0.000000e+000  0.000000e+000  0.000000e+000  0.000000e+000  0.000000e+000  0.000000e+000  0.000000e+000  0.000000e+000  0.000000e+000  0.000000e+000  0.000000e+000  0.000000e+000  0.000000e+000  0.000000e+000  0.000000e+000  
0.000000e+000  0.000000e+000  0.000000e+000  0.000000e+000  0.000000e+000  0.000000e+000  0.000000e+000  0.000000e+000  0.000000e+000  0.000000e+000  0.000000e+000  0.000000e+000  0.000000e+000  0.000000e+000  0.000000e+000  0.000000e+000  0.000000e+000  
0.000000e+000  0.000000e+000  0.000000e+000  0.000000e+000  0.000000e+000  0.000000e+000  0.000000e+000  0.000000e+000  0.000000e+000  0.000000e+000  0.000000e+000  0.000000e+000  0.000000e+000  0.000000e+000  0.000000e+000  0.000000e+000  0.000000e+000  
0.000000e+000  0.000000e+000  0.000000e+000  0.000000e+000  0.000000e+000  0.000000e+000  0.000000e+000  0.000000e+000  0.000000e+000  0.000000e+000  0.000000e+000  0.000000e+000  0.000000e+000  0.000000e+000  0.000000e+000  0.000000e+000  0.000000e+000  
0.000000e+000  0.000000e+000  0.000000e+000  0.000000e+000  0.000000e+000  0.000000e+000  0.000000e+000  0.000000e+000  0.000000e+000  0.000000e+000  0.000000e+000  0.000000e+000  0.000000e+000  0.000000e+000  0.000000e+000  0.000000e+000  0.000000e+000  
0.000000e+000  0.000000e+000  0.000000e+000  0.000000e+000  0.000000e+000  0.000000e+000  0.000000e+000  0.000000e+000  0.000000e+000  0.000000e+000  0.000000e+000  0.000000e+000  0.000000e+000  0.000000e+000  0.000000e+000  0.000000e+000  0.000000e+000  
0.000000e+000  0.000000e+000  0.000000e+000  0.000000e+000  0.000000e+000  0.000000e+000  0.000000e+000  0.000000e+000  0.000000e+000  0.000000e+000  0.000000e+000  0.000000e+000  0.000000e+000  0.000000e+000  0.000000e+000  0.000000e+000  0.000000e+000  
0.000000e+000  0.000000e+000  0.000000e+000  0.000000e+000  0.000000e+000  0.000000e+000  0.000000e+000  0.000000e+000  0.000000e+000  0.000000e+000  0.000000e+000  0.000000e+000  0.000000e+000  0.000000e+000  0.000000e+000  0.000000e+000  0.000000e+000  
0.000000e+000  0.000000e+000  0.000000e+000  0.000000e+000  0.000000e+000  0.000000e+000  0.000000e+000  0.000000e+000  0.000000e+000  0.000000e+000  0.000000e+000  0.000000e+000  0.000000e+000  0.000000e+000  0.000000e+000  0.000000e+000  0.000000e+000  
0.000000e+000  0.000000e+000  0.000000e+000  0.000000e+000  0.000000e+000  0.000000e+000  0.000000e+000  0.000000e+000  0.000000e+000  0.000000e+000  0.000000e+000  0.000000e+000  0.000000e+000  0.000000e+000  0.000000e+000  0.000000e+000  0.000000e+000  
0.000000e+000  0.000000e+000  0.000000e+000  0.000000e+000  0.000000e+000  0.000000e+000  0.000000e+000  0.000000e+000  0.000000e+000  0.000000e+000  0.000000e+000  0.000000e+000  0.000000e+000  0.000000e+000  0.000000e+000  0.000000e+000  0.000000e+000  
0.000000e+000  0.000000e+000  0.000000e+000  0.000000e+000  0.000000e+000  0.000000e+000  0.000000e+000  0.000000e+000  0.000000e+000  0.000000e+000  0.000000e+000  0.000000e+000  0.000000e+000  0.000000e+000  0.000000e+000  0.000000e+000  0.000000e+000  
0.000000e+000  0.000000e+000  0.000000e+000  0.000000e+000  0.000000e+000  0.000000e+000  0.000000e+000  0.000000e+000  0.000000e+000  0.000000e+000  0.000000e+000  0.000000e+000  0.000000e+000  0.000000e+000  0.000000e+000  0.000000e+000  0.000000e+000  
0.000000e+000  0.000000e+000  0.000000e+000  0.000000e+000  0.000000e+000  0.000000e+000  0.000000e+000  0.000000e+000  0.000000e+000  0.000000e+000  0.000000e+000  0.000000e+000  0.000000e+000  0.000000e+000  0.000000e+000  0.000000e+000  0.000000e+000  
0.000000e+000  0.000000e+000  0.000000e+000  0.000000e+000  0.000000e+000  0.000000e+000  0.000000e+000  0.000000e+000  0.000000e+000  0.000000e+000  0.000000e+000  0.000000e+000  0.000000e+000  0.000000e+000  0.000000e+000  0.000000e+000  0.000000e+000  
0.000000e+000  0.000000e+000  0.000000e+000  0.000000e+000  0.000000e+000  0.000000e+000  0.000000e+000  0.000000e+000  0.000000e+000  0.000000e+000  0.000000e+000  0.000000e+000  0.000000e+000  0.000000e+000  0.000000e+000  0.000000e+000  0.000000e+000  
0.000000e+000  0.000000e+000  0.000000e+000  0.000000e+000  0.000000e+000  0.000000e+000  0.000000e+000  0.000000e+000  0.000000e+000  0.000000e+000  0.000000e+000  0.000000e+000  0.000000e+000  0.000000e+000  0.000000e+000  0.000000e+000  0.000000e+000  
0.000000e+000  0.000000e+000  0.000000e+000  0.000000e+000  0.000000e+000  0.000000e+000  0.000000e+000  0.000000e+000  0.000000e+000  0.000000e+000  0.000000e+000  0.000000e+000  0.000000e+000  0.000000e+000  0.000000e+000  0.000000e+000  0.000000e+000  
0.000000e+000  0.000000e+000  0.000000e+000  0.000000e+000  0.000000e+000  0.000000e+000  0.000000e+000  0.000000e+000  0.000000e+000  0.000000e+000  0.000000e+000  0.000000e+000  0.000000e+000  0.000000e+000  0.000000e+000  0.000000e+000  0.000000e+000  
0.000000e+000  0.000000e+000  0.000000e+000  0.000000e+000  0.000000e+000  0.000000e+000  0.000000e+000  0.000000e+000  0.000000e+000  0.000000e+000  0.000000e+000  0.000000e+000  0.000000e+000  0.000000e+000  0.000000e+000  0.000000e+000  0.000000e+000  
0.000000e+000  0.000000e+000  0.000000e+000  0.000000e+000  0.000000e+000  0.000000e+000  0.000000e+000  0.000000e+000  0.000000e+000  0.000000e+000  0.000000e+000  0.000000e+000  0.000000e+000  0.000000e+000  0.000000e+000  0.000000e+000  0.000000e+000  
0.000000e+000  0.000000e+000  0.000000e+000  0.000000e+000  0.000000e+000  0.000000e+000  0.000000e+000  0.000000e+000  0.000000e+000  0.000000e+000  0.000000e+000  0.000000e+000  0.000000e+000  0.000000e+000  0.000000e+000  0.000000e+000  0.000000e+000  

0.000000e+000  0.000000e+000  0.000000e+000  0.000000e+000  0.000000e+000  0.000000e+000  0.000000e+000  0.000000e+000  0.000000e+000  0.000000e+000  0.000000e+000  0.000000e+000  0.000000e+000  0.000000e+000  0.000000e+000  0.000000e+000  0.000000e+000  
0.000000e+000  0.000000e+000  0.000000e+000  0.000000e+000  0.000000e+000  0.000000e+000  0.000000e+000  0.000000e+000  0.000000e+000  0.000000e+000  0.000000e+000  0.000000e+000  0.000000e+000  0.000000e+000  0.000000e+000  0.000000e+000  0.000000e+000  
0.000000e+000  0.000000e+000  0.000000e+000  0.000000e+000  0.000000e+000  0.000000e+000  0.000000e+000  0.000000e+000  0.000000e+000  0.000000e+000  0.000000e+000  0.000000e+000  0.000000e+000  0.000000e+000  0.000000e+000  0.000000e+000  0.000000e+000  
0.000000e+000  0.000000e+000  0.000000e+000  0.000000e+000  0.000000e+000  0.000000e+000  0.000000e+000  0.000000e+000  0.000000e+000  0.000000e+000  0.000000e+000  0.000000e+000  0.000000e+000  0.000000e+000  0.000000e+000  0.000000e+000  0.000000e+000  
0.000000e+000  0.000000e+000  0.000000e+000  0.000000e+000  0.000000e+000  0.000000e+000  0.000000e+000  0.000000e+000  0.000000e+000  0.000000e+000  0.000000e+000  0.000000e+000  0.000000e+000  0.000000e+000  0.000000e+000  0.000000e+000  0.000000e+000  
0.000000e+000  0.000000e+000  0.000000e+000  0.000000e+000  0.000000e+000  0.000000e+000  0.000000e+000  0.000000e+000  0.000000e+000  0.000000e+000  0.000000e+000  0.000000e+000  0.000000e+000  0.000000e+000  0.000000e+000  0.000000e+000  0.000000e+000  
0.000000e+000  0.000000e+000  0.000000e+000  0.000000e+000  0.000000e+000  0.000000e+000  0.000000e+000  0.000000e+000  0.000000e+000  0.000000e+000  0.000000e+000  0.000000e+000  0.000000e+000  0.000000e+000  0.000000e+000  0.000000e+000  0.000000e+000  
0.000000e+000  0.000000e+000  0.000000e+000  0.000000e+000  0.000000e+000  0.000000e+000  0.000000e+000  0.000000e+000  0.000000e+000  0.000000e+000  0.000000e+000  0.000000e+000  0.000000e+000  0.000000e+000  0.000000e+000  0.000000e+000  0.000000e+000  
0.000000e+000  0.000000e+000  0.000000e+000  0.000000e+000  0.000000e+000  0.000000e+000  0.000000e+000  0.000000e+000  0.000000e+000  0.000000e+000  0.000000e+000  0.000000e+000  0.000000e+000  0.000000e+000  0.000000e+000  0.000000e+000  0.000000e+000  
0.000000e+000  0.000000e+000  0.000000e+000  0.000000e+000  0.000000e+000  0.000000e+000  0.000000e+000  0.000000e+000  0.000000e+000  0.000000e+000  0.000000e+000  0.000000e+000  0.000000e+000  0.000000e+000  0.000000e+000  0.000000e+000  0.000000e+000  
0.000000e+000  0.000000e+000  0.000000e+000  0.000000e+000  0.000000e+000  0.000000e+000  0.000000e+000  0.000000e+000  0.000000e+000  0.000000e+000  0.000000e+000  0.000000e+000  0.000000e+000  0.000000e+000  0.000000e+000  0.000000e+000  0.000000e+000  
0.000000e+000  0.000000e+000  0.000000e+000  0.000000e+000  0.000000e+000  0.000000e+000  0.000000e+000  0.000000e+000  0.000000e+000  0.000000e+000  0.000000e+000  0.000000e+000  0.000000e+000  0.000000e+000  0.000000e+000  0.000000e+000  0.000000e+000  
0.000000e+000  0.000000e+000  0.000000e+000  0.000000e+000  0.000000e+000  0.000000e+000  0.000000e+000  0.000000e+000  0.000000e+000  0.000000e+000  0.000000e+000  0.000000e+000  0.000000e+000  0.000000e+000  0.000000e+000  0.000000e+000  0.000000e+000  
0.000000e+000  0.000000e+000  0.000000e+000  0.000000e+000  0.000000e+000  0.000000e+000  0.000000e+000  0.000000e+000  0.000000e+000  0.000000e+000  0.000000e+000  0.000000e+000  0.000000e+000  0.000000e+000  0.000000e+000  0.000000e+000  0.000000e+000  
0.000000e+000  0.000000e+000  0.000000e+000  0.000000e+000  0.000000e+000  0.000000e+000  0.000000e+000  0.000000e+000  0.000000e+000  0.000000e+000  0.000000e+000  0.000000e+000  0.000000e+000  0.000000e+000  0.000000e+000  0.000000e+000  0.000000e+000  
0.000000e+000  0.000000e+000  0.000000e+000  0.000000e+000  0.000000e+000  0.000000e+000  0.000000e+000  0.000000e+000  0.000000e+000  0.000000e+000  0.000000e+000  0.000000e+000  0.000000e+000  0.000000e+000  0.000000e+000  0.000000e+000  0.000000e+000  
0.000000e+000  0.000000e+000  0.000000e+000  0.000000e+000  0.000000e+000  0.000000e+000  0.000000e+000  0.000000e+000  0.000000e+000  0.000000e+000  0.000000e+000  0.000000e+000  0.000000e+000  0.000000e+000  0.000000e+000  0.000000e+000  0.000000e+000  
0.000000e+000  0.000000e+000  0.000000e+000  0.000000e+000  0.000000e+000  0.000000e+000  0.000000e+000  0.000000e+000  0.000000e+000  0.000000e+000  0.000000e+000  0.000000e+000  0.000000e+000  0.000000e+000  0.000000e+000  0.000000e+000  0.000000e+000  
0.000000e+000  0.000000e+000  0.000000e+000  0.000000e+000  0.000000e+000  0.000000e+000  0.000000e+000  0.000000e+000  0.000000e+000  0.000000e+000  0.000000e+000  0.000000e+000  0.000000e+000  0.000000e+000  0.000000e+000  0.000000e+000  0.000000e+000  
0.000000e+000  0.000000e+000  0.000000e+000  0.000000e+000  0.000000e+000  0.000000e+000  0.000000e+000  0.000000e+000  0.000000e+000  0.000000e+000  0.000000e+000  0.000000e+000  0.000000e+000  0.000000e+000  0.000000e+000  0.000000e+000  0.000000e+000  
0.000000e+000  0.000000e+000  0.000000e+000  0.000000e+000  0.000000e+000  0.000000e+000  0.000000e+000  0.000000e+000  0.000000e+000  0.000000e+000  0.000000e+000  0.000000e+000  0.000000e+000  0.000000e+000  0.000000e+000  0.000000e+000  0.000000e+000  
0.000000e+000  0.000000e+000  0.000000e+000  0.000000e+000  0.000000e+000  0.000000e+000  0.000000e+000  0.000000e+000  0.000000e+000  0.000000e+000  0.000000e+000  0.000000e+000  0.000000e+000  0.000000e+000  0.000000e+000  0.000000e+000  0.000000e+000  
0.000000e+000  0.000000e+000  0.000000e+000  0.000000e+000  0.000000e+000  0.000000e+000  0.000000e+000  0.000000e+000  0.000000e+000  0.000000e+000  0.000000e+000  0.000000e+000  0.000000e+000  0.000000e+000  0.000000e+000  0.000000e+000  0.000000e+000  
0.000000e+000  0.000000e+000  0.000000e+000  0.000000e+000  0.000000e+000  0.000000e+000  0.000000e+000  0.000000e+000  0.000000e+000  0.000000e+000  0.000000e+000  0.000000e+000  0.000000e+000  0.000000e+000  0.000000e+000  0.000000e+000  0.000000e+000  
0.000000e+000  0.000000e+000  0.000000e+000  0.000000e+000  0.000000e+000  0.000000e+000  0.000000e+000  0.000000e+000  0.000000e+000  0.000000e+000  0.000000e+000  0.000000e+000  0.000000e+000  0.000000e+000  0.000000e+000  0.000000e+000  0.000000e+000  
0.000000e+000  0.000000e+000  0.000000e+000  0.000000e+000  0.000000e+000  0.000000e+000  0.000000e+000  0.000000e+000  0.000000e+000  0.000000e+000  0.000000e+000  0.000000e+000  0.000000e+000  0.000000e+000  0.000000e+000  0.000000e+000  0.000000e+000  
0.000000e+000  0.000000e+000  0.000000e+000  0.000000e+000  0.000000e+000  0.000000e+000  0.000000e+000  0.000000e+000  0.000000e+000  0.000000e+000  0.000000e+000  0.000000e+000  0.000000e+000  0.000000e+000  0.000000e+000  0.000000e+000  0.000000e+000  
0.000000e+000  0.000000e+000  0.000000e+000  0.000000e+000  0.000000e+000  0.000000e+000  0.000000e+000  0.000000e+000  0.000000e+000  0.000000e+000  0.000000e+000  0.000000e+000  0.000000e+000  0.000000e+000  0.000000e+000  0.000000e+000  0.000000e+000  
0.000000e+000  0.000000e+000  0.000000e+000  0.000000e+000  0.000000e+000  0.000000e+000  0.000000e+000  0.000000e+000  0.000000e+000  0.000000e+000  0.000000e+000  0.000000e+000  0.000000e+000  0.000000e+000  0.000000e+000  0.000000e+000  0.000000e+000  
0.000000e+000  0.000000e+000  0.000000e+000  0.000000e+000  0.000000e+000  0.000000e+000  0.000000e+000  0.000000e+000  0.000000e+000  0.000000e+000  0.000000e+000  0.000000e+000  0.000000e+000  0.000000e+000  0.000000e+000  0.000000e+000  0.000000e+000  
0.000000e+000  0.000000e+000  0.000000e+000  0.000000e+000  0.000000e+000  0.000000e+000  0.000000e+000  0.000000e+000  0.000000e+000  0.000000e+000  0.000000e+000  0.000000e+000  0.000000e+000  0.000000e+000  0.000000e+000  0.000000e+000  0.000000e+000  
0.000000e+000  0.000000e+000  0.000000e+000  0.000000e+000  0.000000e+000  0.000000e+000  0.000000e+000  0.000000e+000  0.000000e+000  0.000000e+000  0.000000e+000  0.000000e+000  0.000000e+000  0.000000e+000  0.000000e+000  0.000000e+000  0.000000e+000  
0.000000e+000  0.000000e+000  0.000000e+000  0.000000e+000  0.000000e+000  0.000000e+000  0.000000e+000  0.000000e+000  0.000000e+000  0.000000e+000  0.000000e+000  0.000000e+000  0.000000e+000  0.000000e+000  0.000000e+000  0.000000e+000  0.000000e+000  
0.000000e+000  0.000000e+000  0.000000e+000  0.000000e+000  0.000000e+000  0.000000e+000  0.000000e+000  0.000000e+000  0.000000e+000  0.000000e+000  0.000000e+000  0.000000e+000  0.000000e+000  0.000000e+000  0.000000e+000  0.000000e+000  0.000000e+000  

0.000000e+000  0.000000e+000  0.000000e+000  0.000000e+000  0.000000e+000  0.000000e+000  0.000000e+000  0.000000e+000  0.000000e+000  0.000000e+000  0.000000e+000  0.000000e+000  0.000000e+000  0.000000e+000  0.000000e+000  0.000000e+000  0.000000e+000  
0.000000e+000  0.000000e+000  0.000000e+000  0.000000e+000  0.000000e+000  0.000000e+000  0.000000e+000  0.000000e+000  0.000000e+000  0.000000e+000  0.000000e+000  0.000000e+000  0.000000e+000  0.000000e+000  0.000000e+000  0.000000e+000  0.000000e+000  
0.000000e+000  0.000000e+000  0.000000e+000  0.000000e+000  0.000000e+000  0.000000e+000  0.000000e+000  0.000000e+000  0.000000e+000  0.000000e+000  0.000000e+000  0.000000e+000  0.000000e+000  0.000000e+000  0.000000e+000  0.000000e+000  0.000000e+000  
0.000000e+000  0.000000e+000  0.000000e+000  0.000000e+000  0.000000e+000  0.000000e+000  0.000000e+000  0.000000e+000  0.000000e+000  0.000000e+000  0.000000e+000  0.000000e+000  0.000000e+000  0.000000e+000  0.000000e+000  0.000000e+000  0.000000e+000  
0.000000e+000  0.000000e+000  0.000000e+000  0.000000e+000  0.000000e+000  0.000000e+000  0.000000e+000  0.000000e+000  0.000000e+000  0.000000e+000  0.000000e+000  0.000000e+000  0.000000e+000  0.000000e+000  0.000000e+000  0.000000e+000  0.000000e+000  
0.000000e+000  0.000000e+000  0.000000e+000  0.000000e+000  0.000000e+000  0.000000e+000  0.000000e+000  0.000000e+000  0.000000e+000  0.000000e+000  0.000000e+000  0.000000e+000  0.000000e+000  0.000000e+000  0.000000e+000  0.000000e+000  0.000000e+000  
0.000000e+000  0.000000e+000  0.000000e+000  0.000000e+000  0.000000e+000  0.000000e+000  0.000000e+000  0.000000e+000  0.000000e+000  0.000000e+000  0.000000e+000  0.000000e+000  0.000000e+000  0.000000e+000  0.000000e+000  0.000000e+000  0.000000e+000  
0.000000e+000  0.000000e+000  0.000000e+000  0.000000e+000  0.000000e+000  0.000000e+000  0.000000e+000  0.000000e+000  0.000000e+000  0.000000e+000  0.000000e+000  0.000000e+000  0.000000e+000  0.000000e+000  0.000000e+000  0.000000e+000  0.000000e+000  
0.000000e+000  0.000000e+000  0.000000e+000  0.000000e+000  0.000000e+000  0.000000e+000  0.000000e+000  0.000000e+000  0.000000e+000  0.000000e+000  0.000000e+000  0.000000e+000  0.000000e+000  0.000000e+000  0.000000e+000  0.000000e+000  0.000000e+000  
0.000000e+000  0.000000e+000  0.000000e+000  0.000000e+000  0.000000e+000  0.000000e+000  0.000000e+000  0.000000e+000  0.000000e+000  0.000000e+000  0.000000e+000  0.000000e+000  0.000000e+000  0.000000e+000  0.000000e+000  0.000000e+000  0.000000e+000  
0.000000e+000  0.000000e+000  0.000000e+000  0.000000e+000  0.000000e+000  0.000000e+000  0.000000e+000  0.000000e+000  0.000000e+000  0.000000e+000  0.000000e+000  0.000000e+000  0.000000e+000  0.000000e+000  0.000000e+000  0.000000e+000  0.000000e+000  
0.000000e+000  0.000000e+000  0.000000e+000  0.000000e+000  0.000000e+000  0.000000e+000  0.000000e+000  0.000000e+000  0.000000e+000  0.000000e+000  0.000000e+000  0.000000e+000  0.000000e+000  0.000000e+000  0.000000e+000  0.000000e+000  0.000000e+000  
0.000000e+000  0.000000e+000  0.000000e+000  0.000000e+000  0.000000e+000  0.000000e+000  0.000000e+000  0.000000e+000  0.000000e+000  0.000000e+000  0.000000e+000  0.000000e+000  0.000000e+000  0.000000e+000  0.000000e+000  0.000000e+000  0.000000e+000  
0.000000e+000  0.000000e+000  0.000000e+000  0.000000e+000  0.000000e+000  0.000000e+000  0.000000e+000  0.000000e+000  0.000000e+000  0.000000e+000  0.000000e+000  0.000000e+000  0.000000e+000  0.000000e+000  0.000000e+000  0.000000e+000  0.000000e+000  
0.000000e+000  0.000000e+000  0.000000e+000  0.000000e+000  0.000000e+000  0.000000e+000  0.000000e+000  0.000000e+000  0.000000e+000  0.000000e+000  0.000000e+000  0.000000e+000  0.000000e+000  0.000000e+000  0.000000e+000  0.000000e+000  0.000000e+000  
0.000000e+000  0.000000e+000  0.000000e+000  0.000000e+000  0.000000e+000  0.000000e+000  0.000000e+000  0.000000e+000  0.000000e+000  0.000000e+000  0.000000e+000  0.000000e+000  0.000000e+000  0.000000e+000  0.000000e+000  0.000000e+000  0.000000e+000  
0.000000e+000  0.000000e+000  0.000000e+000  0.000000e+000  0.000000e+000  0.000000e+000  0.000000e+000  0.000000e+000  0.000000e+000  0.000000e+000  0.000000e+000  0.000000e+000  0.000000e+000  0.000000e+000  0.000000e+000  0.000000e+000  0.000000e+000  
0.000000e+000  0.000000e+000  0.000000e+000  0.000000e+000  0.000000e+000  0.000000e+000  0.000000e+000  0.000000e+000  0.000000e+000  0.000000e+000  0.000000e+000  0.000000e+000  0.000000e+000  0.000000e+000  0.000000e+000  0.000000e+000  0.000000e+000  
0.000000e+000  0.000000e+000  0.000000e+000  0.000000e+000  0.000000e+000  0.000000e+000  0.000000e+000  0.000000e+000  0.000000e+000  0.000000e+000  0.000000e+000  0.000000e+000  0.000000e+000  0.000000e+000  0.000000e+000  0.000000e+000  0.000000e+000  
0.000000e+000  0.000000e+000  0.000000e+000  0.000000e+000  0.000000e+000  0.000000e+000  0.000000e+000  0.000000e+000  0.000000e+000  0.000000e+000  0.000000e+000  0.000000e+000  0.000000e+000  0.000000e+000  0.000000e+000  0.000000e+000  0.000000e+000  
0.000000e+000  0.000000e+000  0.000000e+000  0.000000e+000  0.000000e+000  0.000000e+000  0.000000e+000  0.000000e+000  0.000000e+000  0.000000e+000  0.000000e+000  0.000000e+000  0.000000e+000  0.000000e+000  0.000000e+000  0.000000e+000  0.000000e+000  
0.000000e+000  0.000000e+000  0.000000e+000  0.000000e+000  0.000000e+000  0.000000e+000  0.000000e+000  0.000000e+000  0.000000e+000  0.000000e+000  0.000000e+000  0.000000e+000  0.000000e+000  0.000000e+000  0.000000e+000  0.000000e+000  0.000000e+000  
0.000000e+000  0.000000e+000  0.000000e+000  0.000000e+000  0.000000e+000  0.000000e+000  0.000000e+000  0.000000e+000  0.000000e+000  0.000000e+000  0.000000e+000  0.000000e+000  0.000000e+000  0.000000e+000  0.000000e+000  0.000000e+000  0.000000e+000  
0.000000e+000  0.000000e+000  0.000000e+000  0.000000e+000  0.000000e+000  0.000000e+000  0.000000e+000  0.000000e+000  0.000000e+000  0.000000e+000  0.000000e+000  0.000000e+000  0.000000e+000  0.000000e+000  0.000000e+000  0.000000e+000  0.000000e+000  
0.000000e+000  0.000000e+000  0.000000e+000  0.000000e+000  0.000000e+000  0.000000e+000  0.000000e+000  0.000000e+000  0.000000e+000  0.000000e+000  0.000000e+000  0.000000e+000  0.000000e+000  0.000000e+000  0.000000e+000  0.000000e+000  0.000000e+000  
0.000000e+000  0.000000e+000  0.000000e+000  0.000000e+000  0.000000e+000  0.000000e+000  0.000000e+000  0.000000e+000  0.000000e+000  0.000000e+000  0.000000e+000  0.000000e+000  0.000000e+000  0.000000e+000  0.000000e+000  0.000000e+000  0.000000e+000  
0.000000e+000  0.000000e+000  0.000000e+000  0.000000e+000  0.000000e+000  0.000000e+000  0.000000e+000  0.000000e+000  0.000000e+000  0.000000e+000  0.000000e+000  0.000000e+000  0.000000e+000  0.000000e+000  0.000000e+000  0.000000e+000  0.000000e+000  
0.000000e+000  0.000000e+000  0.000000e+000  0.000000e+000  0.000000e+000  0.000000e+000  0.000000e+000  0.000000e+000  0.000000e+000  0.000000e+000  0.000000e+000  0.000000e+000  0.000000e+000  0.000000e+000  0.000000e+000  0.000000e+000  0.000000e+000  
0.000000e+000  0.000000e+000  0.000000e+000  0.000000e+000  0.000000e+000  0.000000e+000  0.000000e+000  0.000000e+000  0.000000e+000  0.000000e+000  0.000000e+000  0.000000e+000  0.000000e+000  0.000000e+000  0.000000e+000  0.000000e+000  0.000000e+000  
0.000000e+000  0.000000e+000  0.000000e+000  0.000000e+000  0.000000e+000  0.000000e+000  0.000000e+000  0.000000e+000  0.000000e+000  0.000000e+000  0.000000e+000  0.000000e+000  0.000000e+000  0.000000e+000  0.000000e+000  0.000000e+000  0.000000e+000  
0.000000e+000  0.000000e+000  0.000000e+000  0.000000e+000  0.000000e+000  0.000000e+000  0.000000e+000  0.000000e+000  0.000000e+000  0.000000e+000  0.000000e+000  0.000000e+000  0.000000e+000  0.000000e+000  0.000000e+000  0.000000e+000  0.000000e+000  
0.000000e+000  0.000000e+000  0.000000e+000  0.000000e+000  0.000000e+000  0.000000e+000  0.000000e+000  0.000000e+000  0.000000e+000  0.000000e+000  0.000000e+000  0.000000e+000  0.000000e+000  0.000000e+000  0.000000e+000  0.000000e+000  0.000000e+000  
0.000000e+000  0.000000e+000  0.000000e+000  0.000000e+000  0.000000e+000  0.000000e+000  0.000000e+000  0.000000e+000  0.000000e+000  0.000000e+000  0.000000e+000  0.000000e+000  0.000000e+000  0.000000e+000  0.000000e+000  0.000000e+000  0.000000e+000  
0.000000e+000  0.000000e+000  0.000000e+000  0.000000e+000  0.000000e+000  0.000000e+000  0.000000e+000  0.000000e+000  0.000000e+000  0.000000e+000  0.000000e+000  0.000000e+000  0.000000e+000  0.000000e+000  0.000000e+000  0.000000e+000  0.000000e+000  

-9.734289e-002  -9.678795e-002  -9.568257e-002  -9.403605e-002  -9.151162e-002  -8.817108e-002  -8.443748e-002  -8.038555e-002  -7.608981e-002  -7.162182e-002  -6.704788e-002  -6.242736e-002  -5.550382e-002  -4.654885e-002  -3.159885e-002  -1.046862e-002  0.000000e+000  
-2.973162e-001  -2.955676e-001  -2.920720e-001  -2.868360e-001  -2.782011e-001  -2.663511e-001  -2.532740e-001  -2.392848e-001  -2.246852e-001  -2.097517e-001  -1.947269e-001  -1.798154e-001  -1.578652e-001  -1.304678e-001  -8.623763e-002  -2.785345e-002  0.000000e+000  
-5.110014e-001  -5.082246e-001  -5.025795e-001  -4.939038e-001  -4.763470e-001  -4.501959e-001  -4.220255e-001  -3.927062e-001  -3.630069e-001  -3.335650e-001  -3.048778e-001  -2.773078e-001  -2.379917e-001  -1.918511e-001  -1.214685e-001  -3.779102e-002  0.000000e+000  
-6.978097e-001  -6.958096e-001  -6.913274e-001  -6.834722e-001  -6.555303e-001  -6.078023e-001  -5.580904e-001  -5.083106e-001  -4.599296e-001  -4.139556e-001  -3.709977e-001  -3.313514e-001  -2.769509e-001  -2.174031e-001  -1.319596e-001  -3.973532e-002  0.000000e+000  
-8.311617e-001  -8.322277e-001  -8.332340e-001  -8.320369e-001  -7.955204e-001  -7.239845e-001  -6.518187e-001  -5.821481e-001  -5.169490e-001  -4.572377e-001  -4.033487e-001  -3.551845e-001  -2.910089e-001  -2.241492e-001  -1.321879e-001  -3.895630e-002  0.000000e+000  
-9.190626e-001  -9.264106e-001  -9.391371e-001  -9.532167e-001  -9.098277e-001  -8.095126e-001  -7.124741e-001  -6.230164e-001  -5.429367e-001  -4.724656e-001  -4.110320e-001  -3.577339e-001  -2.885159e-001  -2.191518e-001  -1.266928e-001  -3.681525e-002  0.000000e+000  
-9.624650e-001  -9.749821e-001  -9.976415e-001  -1.025198e+000  -9.778013e-001  -8.564788e-001  -7.425409e-001  -6.406678e-001  -5.519562e-001  -4.757046e-001  -4.105277e-001  -3.549084e-001  -2.836876e-001  -2.138019e-001  -1.222317e-001  -3.524175e-002  0.000000e+000  
-9.952884e-001  -1.014922e+000  -1.051817e+000  -1.099759e+000  -1.048190e+000  -8.994481e-001  -7.655263e-001  -6.504518e-001  -5.534821e-001  -4.722704e-001  -4.042643e-001  -3.471834e-001  -2.750941e-001  -2.057610e-001  -1.163865e-001  -3.330758e-002  0.000000e+000  
-1.011676e+000  -1.040369e+000  -1.096593e+000  -1.174831e+000  -1.118626e+000  -9.337082e-001  -7.771182e-001  -6.492199e-001  -5.454093e-001  -4.607994e-001  -3.913633e-001  -3.339887e-001  -2.624551e-001  -1.949116e-001  -1.091503e-001  -3.102006e-002  0.000000e+000  
-1.005360e+000  -1.042483e+000  -1.118800e+000  -1.234150e+000  -1.172861e+000  -9.479935e-001  -7.719962e-001  -6.356790e-001  -5.286606e-001  -4.432942e-001  -3.742790e-001  -3.178949e-001  -2.482461e-001  -1.833608e-001  -1.018988e-001  -2.880603e-002  0.000000e+000  
-9.857578e-001  -1.028931e+000  -1.121639e+000  -1.274315e+000  -1.207371e+000  -9.453295e-001  -7.562357e-001  -6.161316e-001  -5.087554e-001  -4.243296e-001  -3.567452e-001  -3.019477e-001  -2.346911e-001  -1.726368e-001  -9.537923e-002  -2.685357e-002  0.000000e+000  
-9.493573e-001  -9.961220e-001  -1.101181e+000  -1.294778e+000  -1.219833e+000  -9.211625e-001  -7.260822e-001  -5.870127e-001  -4.821682e-001  -4.004819e-001  -3.355174e-001  -2.831329e-001  -2.191578e-001  -1.606118e-001  -8.826114e-002  -2.475688e-002  0.000000e+000  
-8.947787e-001  -9.406799e-001  -1.046407e+000  -1.265928e+000  -1.181148e+000  -8.662939e-001  -6.794185e-001  -5.478616e-001  -4.488265e-001  -3.717776e-001  -3.106493e-001  -2.615106e-001  -2.017052e-001  -1.473354e-001  -8.057568e-002  -2.252497e-002  0.000000e+000  
-8.132765e-001  -8.521521e-001  -9.351832e-001  -1.069932e+000  -9.652043e-001  -7.617307e-001  -6.085303e-001  -4.930647e-001  -4.040798e-001  -3.342630e-001  -2.787521e-001  -2.341630e-001  -1.800115e-001  -1.310640e-001  -7.133035e-002  -1.987249e-002  0.000000e+000  
-6.990346e-001  -7.269052e-001  -7.801251e-001  -8.429577e-001  -7.298307e-001  -6.223876e-001  -5.124063e-001  -4.200358e-001  -3.455985e-001  -2.860589e-001  -2.383453e-001  -1.999277e-001  -1.532820e-001  -1.112892e-001  -6.030559e-002  -1.674932e-002  0.000000e+000  
-5.021965e-001  -5.158333e-001  -5.385693e-001  -5.591109e-001  -4.594001e-001  -4.157355e-001  -3.562979e-001  -2.982577e-001  -2.477096e-001  -2.056926e-001  -1.714121e-001  -1.436068e-001  -1.097745e-001  -7.942578e-002  -4.280116e-002  -1.184041e-002  0.000000e+000  
3.900163e-011  3.062609e-011  3.810772e-011  5.136089e-011  -6.068105e-011  -2.217882e-011  1.452032e-011  4.617804e-011  4.752727e-011  1.043407e-011  3.169199e-011  1.666624e-011  3.889861e-011  2.454319e-011  2.283974e-011  1.059732e-011  0.000000e+000  
5.021965e-001  5.158333e-001  5.385693e-001  5.591109e-001  4.594001e-001  4.157355e-001  3.562979e-001  2.982577e-001  2.477096e-001  2.056926e-001  1.714121e-001  1.436068e-001  1.097745e-001  7.942578e-002  4.280116e-002  1.184041e-002  0.000000e+000  
6.990346e-001  7.269052e-001  7.801251e-001  8.429577e-001  7.298307e-001  6.223876e-001  5.124063e-001  4.200358e-001  3.455985e-001  2.860589e-001  2.383453e-001  1.999277e-001  1.532820e-001  1.112892e-001  6.030559e-002  1.674932e-002  0.000000e+000  
8.132765e-001  8.521521e-001  9.351832e-001  1.069932e+000  9.652043e-001  7.617307e-001  6.085303e-001  4.930647e-001  4.040798e-001  3.342630e-001  2.787521e-001  2.341630e-001  1.800115e-001  1.310640e-001  7.133035e-002  1.987249e-002  0.000000e+000  
8.947787e-001  9.406799e-001  1.046407e+000  1.265928e+000  1.181148e+000  8.662939e-001  6.794185e-001  5.478616e-001  4.488265e-001  3.717776e-001  3.106493e-001  2.615106e-001  2.017052e-001  1.473354e-001  8.057568e-002  2.252497e-002  0.000000e+000  
9.493573e-001  9.961220e-001  1.101181e+000  1.294778e+000  1.219833e+000  9.211625e-001  7.260822e-001  5.870127e-001  4.821682e-001  4.004819e-001  3.355174e-001  2.831329e-001  2.191578e-001  1.606118e-001  8.826114e-002  2.475688e-002  0.000000e+000  
9.857578e-001  1.028931e+000  1.121639e+000  1.274315e+000  1.207371e+000  9.453295e-001  7.562357e-001  6.161316e-001  5.087554e-001  4.243296e-001  3.567452e-001  3.019477e-001  2.346911e-001  1.726368e-001  9.537923e-002  2.685357e-002  0.000000e+000  
1.005360e+000  1.042483e+000  1.118800e+000  1.234150e+000  1.172861e+000  9.479935e-001  7.719962e-001  6.356790e-001  5.286606e-001  4.432942e-001  3.742790e-001  3.178949e-001  2.482461e-001  1.833608e-001  1.018988e-001  2.880603e-002  0.000000e+000  
1.011676e+000  1.040369e+000  1.096593e+000  1.174831e+000  1.118626e+000  9.337082e-001  7.771182e-001  6.492199e-001  5.454093e-001  4.607994e-001  3.913633e-001  3.339887e-001  2.624551e-001  1.949116e-001  1.091503e-001  3.102006e-002  0.000000e+000  
9.952884e-001  1.014922e+000  1.051817e+000  1.099759e+000  1.048190e+000  8.994481e-001  7.655263e-001  6.504518e-001  5.534821e-001  4.722704e-001  4.042643e-001  3.471834e-001  2.750941e-001  2.057610e-001  1.163865e-001  3.330758e-002  0.000000e+000  
9.624650e-001  9.749821e-001  9.976415e-001  1.025198e+000  9.778013e-001  8.564788e-001  7.425409e-001  6.406678e-001  5.519562e-001  4.757046e-001  4.105277e-001  3.549084e-001  2.836876e-001  2.138019e-001  1.222317e-001  3.524175e-002  0.000000e+000  
9.190626e-001  9.264106e-001  9.391371e-001  9.532167e-001  9.098277e-001  8.095126e-001  7.124741e-001  6.230164e-001  5.429367e-001  4.724656e-001  4.110320e-001  3.577339e-001  2.885159e-001  2.191518e-001  1.266928e-001  3.681525e-002  0.000000e+000  
8.311617e-001  8.322277e-001  8.332340e-001  8.320369e-001  7.955204e-001  7.239845e-001  6.518187e-001  5.821481e-001  5.169490e-001  4.572377e-001  4.033487e-001  3.551845e-001  2.910089e-001  2.241492e-001  1.321879e-001  3.895630e-002  0.000000e+000  
6.978097e-001  6.958096e-001  6.913274e-001  6.834722e-001  6.555303e-001  6.078023e-001  5.580904e-001  5.083106e-001  4.599296e-001  4.139556e-001  3.709977e-001  3.313514e-001  2.769509e-001  2.174031e-001  1.319596e-001  3.973532e-002  0.000000e+000  
5.110014e-001  5.082246e-001  5.025795e-001  4.939038e-001  4.763470e-001  4.501959e-001  4.220255e-001  3.927062e-001  3.630069e-001  3.335650e-001  3.048778e-001  2.773078e-001  2.379917e-001  1.918511e-001  1.214685e-001  3.779102e-002  0.000000e+000  
2.973162e-001  2.955676e-001  2.920720e-001  2.868360e-001  2.782011e-001  2.663511e-001  2.532740e-001  2.392848e-001  2.246852e-001  2.097517e-001  1.947269e-001  1.798154e-001  1.578652e-001  1.304678e-001  8.623763e-002  2.785345e-002  0.000000e+000  
9.734289e-002  9.678795e-002  9.568257e-002  9.403605e-002  9.151162e-002  8.817108e-002  8.443748e-002  8.038555e-002  7.608981e-002  7.162182e-002  6.704788e-002  6.242736e-002  5.550382e-002  4.654885e-002  3.159885e-002  1.046862e-002  0.000000e+000  
0.000000e+000  0.000000e+000  0.000000e+000  0.000000e+000  0.000000e+000  0.000000e+000  0.000000e+000  0.000000e+000  0.000000e+000  0.000000e+000  0.000000e+000  0.000000e+000  0.000000e+000  0.000000e+000  0.000000e+000  0.000000e+000  0.000000e+000  

