2025-10-09 14:58:14   Build version: 2025.4 Release from 2025-04-11 (change 1409410)

2025-10-09 14:58:14   Starting adaptive port meshing.

                      ------------------------------------------------------------------------------
2025-10-09 14:58:14   Mode calculation for port 1:

                      ------------------------------------------------------------------------------
2025-10-09 14:58:14   According to the selected features the <Time Domain Solver (HEX)> will be
                      started.

                      ------------------------------------------------------------------------------
2025-10-09 14:58:14   

                      ------------------------------------------------------------------------------
2025-10-09 14:58:14   

                      ------------------------------------------------------------------------------
2025-10-09 14:58:20   Using Generalized port mode solver.

                      ------------------------------------------------------------------------------
2025-10-09 14:58:21   Port mode solver: Detected dispersive material(s) at port 1. 
                      Using a constant approximation of dispersive material(s) at 2.4 GHz and neglecting loss terms.  More...

                      ------------------------------------------------------------------------------
2025-10-09 14:58:23     -------------------------------- F-Calc 2.4 --------------------------------
                        Port   Mode   Type        Z-Wave        Z-Wave-Sigma  Z-Line        F-Cutoff
                        1      1      QTEM        207           0             60.1          ---
                        ----------------------------------------------------------------------------

2025-10-09 14:58:25   Pass 1 successfully completed. 
2025-10-09 14:58:26   According to the selected features the <Time Domain Solver (HEX)> will be
                      started.

                      ------------------------------------------------------------------------------
2025-10-09 14:58:26   

                      ------------------------------------------------------------------------------
2025-10-09 14:58:26   

                      ------------------------------------------------------------------------------
2025-10-09 14:58:33     -------------------------------- F-Calc 2.4 --------------------------------
                        Port   Mode   Type        Z-Wave        Z-Wave-Sigma  Z-Line        F-Cutoff
                        1      1      QTEM        210           0             62.9          ---
                        ----------------------------------------------------------------------------

2025-10-09 14:58:35   Pass 2 successfully completed. Delta (Line Imp.): 4.41%
2025-10-09 14:58:35   According to the selected features the <Time Domain Solver (HEX)> will be
                      started.

                      ------------------------------------------------------------------------------
2025-10-09 14:58:35   

                      ------------------------------------------------------------------------------
2025-10-09 14:58:35   

                      ------------------------------------------------------------------------------
2025-10-09 14:58:42     -------------------------------- F-Calc 2.4 --------------------------------
                        Port   Mode   Type        Z-Wave        Z-Wave-Sigma  Z-Line        F-Cutoff
                        1      1      QTEM        249           1.01e-007     62.7          ---
                        ----------------------------------------------------------------------------

2025-10-09 14:58:45   Pass 3 successfully completed. Delta (Line Imp.): 0.37%
2025-10-09 14:58:45   According to the selected features the <Time Domain Solver (HEX)> will be
                      started.

                      ------------------------------------------------------------------------------
2025-10-09 14:58:45   

                      ------------------------------------------------------------------------------
2025-10-09 14:58:45   

                      ------------------------------------------------------------------------------
2025-10-09 14:58:52     -------------------------------- F-Calc 2.4 --------------------------------
                        Port   Mode   Type        Z-Wave        Z-Wave-Sigma  Z-Line        F-Cutoff
                        1      1      QTEM        252           1.98e-007     62.7          ---
                        ----------------------------------------------------------------------------

2025-10-09 14:58:54   Pass 4 successfully completed. Delta (Line Imp.): 0.01%
2025-10-09 14:58:54   Adaptive port meshing finished. 

                      ------------------------------------------------------------------------------
2025-10-09 14:58:57   The following farfield monitor(s) have been adjusted to model box [-54.2138,
                      54.2138, -57.3636, 44.314, -5.03077, 16.1117]:
                        farfield (f=2.4417).
                      For further information please check the page "Special Solver Parameters -
                      Solver" in the Online Help.

                      ------------------------------------------------------------------------------
2025-10-09 14:58:57   According to the selected features the <Time Domain Solver (HEX)> will be
                      started.

                      ------------------------------------------------------------------------------
2025-10-09 14:58:58   
                      Solver started at: 2025-10-09 14:58:58 +0200

                        Module:  Time Domain: S-Parameter (Win 64)
                        Version: 2025.4 Release from 2025-04-11 (change 1409410)

2025-10-09 14:58:58   

                      ------------------------------------------------------------------------------
2025-10-09 14:58:58   

                      ------------------------------------------------------------------------------
2025-10-09 14:58:58   ======================================================================
                       Solver cycle: 1
                      ======================================================================

                      Stimulation at port 1 (mode 1) 



                      ------------------------------------------------------------------------------
2025-10-09 14:58:58   Units settings: 

                        Dimensions: mm
                        Frequency:  GHz
                        Time:       ns

                      ------------------------------------------------------------------------------
2025-10-09 14:58:58   The dispersive material update [Automatic] will be performed using the "Standard" update schema

                      ------------------------------------------------------------------------------
2025-10-09 14:59:18   Mesh statistics:

                         Hexahedral mesh type: Perfect Boundary Approximation (PBA)
                            Version: default

                         Parallelization type: domain decomposition
                            Number of parallel working threads: 2
                            Number of calculation domains used: 2

                         Used point accuracy enhancement value: 75.00%.
                         Acceleration mode: CPU
                         Used point accuracy enhancement value: 74.00%.
                         PBA fill limit: 99.00% (inverse)
2025-10-09 10:28:52      current system memory usage reached 80%

2025-10-09 13:17:49      *** Warning ***  current system memory usage reached 90% (15 GB)

2025-10-09 13:17:54      *** Warning ***  current system memory usage reached 90% (15 GB)


2025-10-09 14:59:22   Using Generalized port mode solver.

                      ------------------------------------------------------------------------------
2025-10-09 14:59:23   Port mode solver: Detected dispersive material(s) at port 1. 
                      Using a constant approximation of dispersive material(s) at 2.4 GHz and neglecting loss terms.  More...

                      ------------------------------------------------------------------------------
2025-10-09 14:59:24   Boundary conditions: 

                        YZsymmetry: none
                        XZsymmetry: none
                        XYsymmetry: none

                        Xmin: expanded open, 4 Layer, depth 34.778 mm
                        Xmax: expanded open, 4 Layer, depth 34.778 mm

                        Ymin: expanded open, 4 Layer, depth 32.9296 mm
                        Ymax: expanded open, 4 Layer, depth 34.8094 mm

                        Zmin: expanded open, 4 Layer, depth 34.9838 mm
                        Zmax: expanded open, 4 Layer, depth 37.8858 mm

                        PML-Type: Convolution PML

                      ------------------------------------------------------------------------------
2025-10-09 14:59:24   Frequency settings: 

                        Fmin:         2.2
                        Fmax:         2.6
                        Nfsteps(lin): 1001

                      ------------------------------------------------------------------------------
2025-10-09 14:59:24   Field update statistics:

                        Number of components in total: 	347170
                        Number of TST and special elements:	228
                        Number of lossy metal components:	8108
                        Number of disp. elements:		4596

                      Subcycling state:      			Automatically deactivated

                      ------------------------------------------------------------------------------
2025-10-09 14:59:25   Waveguide boundaries:

2025-10-09 14:59:25   Port: 1

2025-10-09 14:59:25     -------------------------------- F-Calc 2.4 --------------------------------
                        Port   Mode   Type        Z-Wave        Z-Wave-Sigma  Z-Line        F-Cutoff
                        1      1      QTEM        207           0             62.7          ---
                        ----------------------------------------------------------------------------

2025-10-09 14:59:26   Using standard absorber for unconsidered modes at port 1.

                      ------------------------------------------------------------------------------
2025-10-09 15:00:08   
                      --------------------------------------------------------------------------------
2025-10-09 15:00:08   Steady state energy criterion met, solver finished successfully.

                      ------------------------------------------------------------------------------
2025-10-09 15:00:08   Frequency domain results normalized to default signal.


                      ------------------------------------------------------------------------------
2025-10-09 15:00:08   
                        ----------------------------------------------------------------------------
                                            Peak memory used (kB)         Free physical memory (kB) 
                                                                          At begin     Minimum      
                        ----------------------------------------------------------------------------
                        Matrices calc.      101640                        1989257      1206054      
                        Solver run total    75212                         2487188      2143532      
                        ----------------------------------------------------------------------------

                      --------------------------------------------------------------------------------
                      Solver Statistics:

                        Hardware:
                           Computer name:                 	Heu 

                           Number of CPU threads:               4
                           Hardware info:                  	Hardware Accelerator Device not activated

                        Number of mesh cells:             	55296
                        Excitation duration:              	1.77727437e+001 ns 
                        Calculation time for excitation:  	0 	s
                        Number of calculated pulse widths:	1.16026 
                        Steady state accuracy limit:      	-40	dB 
                        Simulated number of time steps:   	8150 
                        Maximum number of time steps:     	140485 
                        Time step width:
                           without subcycles:             	2.530186678e-003 ns
                           used:                          	2.530186678e-003 ns

                        Matrix calculation time:          	20 	s
                        Solver setup time:                	13 	s
                        Solver loop time:                 	35 	s
                        Solver post-processing time:      	2 	s
                                                          	------------
                        Total solver time:                	70 	s  ( = 0 h, 1 m, 10 s )

                      ------------------------------------------------------------------------------
2025-10-09 15:00:09   
                        Adaptive port meshing time:          	43     	s
                        Total solver time (all cycles):      	70     	s  ( = 0 h, 1 m, 10 s )
                        Solver initialization and clean-up:  	1      	s
                                                             	------------
                        Total simulation time:               	114    	s  ( = 0 h, 1 m, 54 s )

                      ------------------------------------------------------------------------------
2025-10-09 15:00:09   Solver finished at: 2025-10-09 15:00:09 +0200



                      ------------------------------------------------------------------------------
2025-10-09 15:00:12   Creating parametric 1D results for Run ID 4

                      ------------------------------------------------------------------------------
