Port monitor named: Port1_e1.prt

nx        = 39
ny        = 4
nz        = 19

nu        = 17
nv        = 37
iu        = 2
iv        = 2

idir      = 1
dcut      = -4.860000e-002
icut      = 2
type      = 0
frequency = 2.400000e+009

fcutoff   = 0.000000e+000
alpha     = 0.000000e+000
beta      = 9.599639e+001
accuracy  = 2.540134e-010

type          = QTEM
wave imp.     = 2.478792e+002
wave imp.sig. = 2.369896e-008
line imp.     = 3.206952e+001

ref. port     = 0

-4.483189e+001  -4.443952e+001  -4.366824e+001  -4.254391e+001  -1.834112e+002  -1.805083e+002  -1.764104e+002  -1.712320e+002  -1.651047e+002  -1.581692e+002  -1.505680e+002  -1.424397e+002  -1.296520e+002  -1.117212e+002  -7.958918e+001  -2.767020e+001  -0.000000e+000  
-4.796249e+001  -4.745958e+001  -4.647657e+001  -4.505688e+001  -1.934985e+002  -1.899773e+002  -1.850889e+002  -1.790002e+002  -1.718944e+002  -1.639597e+002  -1.553793e+002  -1.463241e+002  -1.322597e+002  -1.130240e+002  -7.931099e+001  -2.717310e+001  -0.000000e+000  
-6.361751e+001  -6.243163e+001  -6.014809e+001  -5.693279e+001  -2.399319e+002  -2.329145e+002  -2.237236e+002  -2.128381e+002  -2.007315e+002  -1.878402e+002  -1.745436e+002  -1.611545e+002  -1.412989e+002  -1.165168e+002  -7.661475e+001  -2.465948e+001  -0.000000e+000  
-1.001789e+002  -9.664898e+001  -8.994461e+001  -8.073049e+001  -3.256455e+002  -3.084876e+002  -2.878381e+002  -2.651323e+002  -2.416059e+002  -2.182321e+002  -1.957143e+002  -1.745128e+002  -1.450748e+002  -1.127681e+002  -6.674581e+001  -1.953264e+001  -0.000000e+000  
-1.943305e+002  -1.825560e+002  -1.603983e+002  -1.304872e+002  -4.804213e+002  -4.330412e+002  -3.817708e+002  -3.307561e+002  -2.828232e+002  -2.395764e+002  -2.016782e+002  -1.691574e+002  -1.279216e+002  -8.983452e+001  -4.421311e+001  -1.088257e+001  -0.000000e+000  
-3.133473e+002  -2.889203e+002  -2.429137e+002  -1.810311e+002  -6.049877e+002  -5.169190e+002  -4.297901e+002  -3.505251e+002  -2.822829e+002  -2.256215e+002  -1.796793e+002  -1.430090e+002  -9.957787e+001  -6.389763e+001  -2.606124e+001  -5.077638e+000  -0.000000e+000  
-5.319683e+002  -4.832630e+002  -3.901153e+002  -2.630363e+002  -7.645261e+002  -6.000342e+002  -4.541521e+002  -3.360171e+002  -2.453491e+002  -1.778223e+002  -1.283372e+002  -9.241215e+001  -5.361173e+001  -2.658221e+001  -3.358040e+000  1.572236e+000  -0.000000e+000  
-6.788928e+002  -6.152218e+002  -4.903746e+002  -3.148777e+002  -8.350385e+002  -6.173830e+002  -4.386722e+002  -3.047270e+002  -2.088164e+002  -1.415384e+002  -9.474449e+001  -6.236538e+001  -2.905535e+001  -8.061058e+000  6.998183e+000  4.450981e+000  -0.000000e+000  
-8.694101e+002  -7.890731e+002  -6.253221e+002  -3.832884e+002  -9.026403e+002  -6.139494e+002  -3.991022e+002  -2.529181e+002  -1.568218e+002  -9.418708e+001  -5.335997e+001  -2.681662e+001  -1.327194e+000  1.215922e+001  1.785752e+001  7.391081e+000  -0.000000e+000  
-1.114928e+003  -1.020056e+003  -8.139111e+002  -4.806465e+002  -9.543558e+002  -5.706957e+002  -3.223778e+002  -1.739780e+002  -8.669274e+001  -3.501126e+001  -4.224327e+000  1.392130e+001  2.919525e+001  3.378949e+001  2.908094e+001  1.036001e+001  -0.000000e+000  
-1.425378e+003  -1.327258e+003  -1.089650e+003  -6.380049e+002  -9.584906e+002  -4.540463e+002  -1.913948e+002  -6.183338e+001  2.791268e+000  3.553511e+001  5.180317e+001  5.901285e+001  6.188992e+001  5.643332e+001  4.050384e+001  1.332189e+001  -0.000000e+000  
-1.702010e+003  -1.620100e+003  -1.392513e+003  -8.541972e+002  -8.735500e+002  -2.804024e+002  -4.574567e+001  4.539447e+001  8.125025e+001  9.431044e+001  9.705404e+001  9.472511e+001  8.725208e+001  7.374505e+001  4.907331e+001  1.551172e+001  -0.000000e+000  
-2.010037e+003  -1.968946e+003  -1.815085e+003  -1.265914e+003  -6.112947e+002  2.935478e+000  1.438456e+002  1.695757e+002  1.667258e+002  1.562853e+002  1.438993e+002  1.312896e+002  1.129220e+002  9.111836e+001  5.756731e+001  1.765924e+001  -0.000000e+000  
-2.333675e+003  -2.361060e+003  -2.389943e+003  -2.158696e+003  8.013889e+001  4.312596e+002  3.687783e+002  3.025823e+002  2.545962e+002  2.189214e+002  1.908731e+002  1.677973e+002  1.384334e+002  1.083085e+002  6.589982e+001  1.974741e+001  -0.000000e+000  
-2.646466e+003  -2.752312e+003  -3.064867e+003  -4.065996e+003  2.413724e+003  9.864563e+002  5.950030e+002  4.301374e+002  3.388017e+002  2.793129e+002  2.364035e+002  2.033031e+002  1.633113e+002  1.250677e+002  7.398417e+001  2.175917e+001  -0.000000e+000  
-3.003229e+003  -3.153247e+003  -3.553878e+003  -4.529816e+003  2.204544e+003  1.233361e+003  7.906096e+002  5.668117e+002  4.371662e+002  3.529217e+002  2.932217e+002  2.482114e+002  1.951513e+002  1.466134e+002  8.436186e+001  2.432545e+001  -0.000000e+000  
-3.254005e+003  -3.377533e+003  -3.638185e+003  -3.993661e+003  1.584218e+003  1.186620e+003  8.647576e+002  6.514301e+002  5.105534e+002  4.131162e+002  3.420740e+002  2.879360e+002  2.240444e+002  1.663970e+002  9.393250e+001  2.668231e+001  -0.000000e+000  
-3.493227e+003  -3.535055e+003  -3.604675e+003  -3.667463e+003  1.068096e+003  9.691840e+002  8.335116e+002  7.009855e+002  5.858441e+002  4.903043e+002  4.122879e+002  3.487368e+002  2.708267e+002  1.993215e+002  1.101076e+002  3.065676e+001  -0.000000e+000  
-3.570180e+003  -3.578213e+003  -3.590257e+003  -3.599465e+003  8.274609e+002  7.952718e+002  7.381298e+002  6.677145e+002  5.932286e+002  5.206576e+002  4.533412e+002  3.927895e+002  3.126588e+002  2.325756e+002  1.280974e+002  3.516510e+001  -0.000000e+000  
-3.493227e+003  -3.535055e+003  -3.604675e+003  -3.667463e+003  1.068096e+003  9.691840e+002  8.335116e+002  7.009855e+002  5.858441e+002  4.903043e+002  4.122879e+002  3.487368e+002  2.708267e+002  1.993215e+002  1.101076e+002  3.065676e+001  -0.000000e+000  
-3.254005e+003  -3.377533e+003  -3.638185e+003  -3.993661e+003  1.584218e+003  1.186620e+003  8.647576e+002  6.514301e+002  5.105534e+002  4.131162e+002  3.420740e+002  2.879360e+002  2.240444e+002  1.663970e+002  9.393250e+001  2.668231e+001  -0.000000e+000  
-3.003229e+003  -3.153247e+003  -3.553878e+003  -4.529816e+003  2.204544e+003  1.233361e+003  7.906096e+002  5.668117e+002  4.371662e+002  3.529217e+002  2.932217e+002  2.482114e+002  1.951513e+002  1.466134e+002  8.436186e+001  2.432545e+001  -0.000000e+000  
-2.646466e+003  -2.752312e+003  -3.064867e+003  -4.065996e+003  2.413724e+003  9.864563e+002  5.950030e+002  4.301374e+002  3.388017e+002  2.793129e+002  2.364035e+002  2.033031e+002  1.633113e+002  1.250677e+002  7.398417e+001  2.175917e+001  -0.000000e+000  
-2.333675e+003  -2.361060e+003  -2.389943e+003  -2.158696e+003  8.013889e+001  4.312596e+002  3.687783e+002  3.025823e+002  2.545962e+002  2.189214e+002  1.908731e+002  1.677973e+002  1.384334e+002  1.083085e+002  6.589982e+001  1.974741e+001  -0.000000e+000  
-2.010037e+003  -1.968946e+003  -1.815085e+003  -1.265914e+003  -6.112947e+002  2.935478e+000  1.438456e+002  1.695757e+002  1.667258e+002  1.562853e+002  1.438993e+002  1.312896e+002  1.129220e+002  9.111836e+001  5.756731e+001  1.765924e+001  -0.000000e+000  
-1.702010e+003  -1.620100e+003  -1.392513e+003  -8.541972e+002  -8.735500e+002  -2.804024e+002  -4.574567e+001  4.539447e+001  8.125025e+001  9.431044e+001  9.705404e+001  9.472511e+001  8.725208e+001  7.374505e+001  4.907331e+001  1.551172e+001  -0.000000e+000  
-1.425378e+003  -1.327258e+003  -1.089650e+003  -6.380049e+002  -9.584906e+002  -4.540463e+002  -1.913948e+002  -6.183338e+001  2.791268e+000  3.553511e+001  5.180317e+001  5.901285e+001  6.188992e+001  5.643332e+001  4.050384e+001  1.332189e+001  -0.000000e+000  
-1.114928e+003  -1.020056e+003  -8.139111e+002  -4.806465e+002  -9.543558e+002  -5.706957e+002  -3.223778e+002  -1.739780e+002  -8.669274e+001  -3.501126e+001  -4.224327e+000  1.392130e+001  2.919525e+001  3.378949e+001  2.908094e+001  1.036001e+001  -0.000000e+000  
-8.694101e+002  -7.890731e+002  -6.253221e+002  -3.832884e+002  -9.026403e+002  -6.139494e+002  -3.991022e+002  -2.529181e+002  -1.568218e+002  -9.418708e+001  -5.335997e+001  -2.681662e+001  -1.327194e+000  1.215922e+001  1.785752e+001  7.391081e+000  -0.000000e+000  
-6.788928e+002  -6.152218e+002  -4.903746e+002  -3.148777e+002  -8.350385e+002  -6.173830e+002  -4.386722e+002  -3.047270e+002  -2.088164e+002  -1.415384e+002  -9.474449e+001  -6.236538e+001  -2.905535e+001  -8.061058e+000  6.998183e+000  4.450981e+000  -0.000000e+000  
-5.319683e+002  -4.832630e+002  -3.901153e+002  -2.630363e+002  -7.645261e+002  -6.000342e+002  -4.541521e+002  -3.360171e+002  -2.453491e+002  -1.778223e+002  -1.283372e+002  -9.241215e+001  -5.361173e+001  -2.658221e+001  -3.358040e+000  1.572236e+000  -0.000000e+000  
-3.133473e+002  -2.889203e+002  -2.429137e+002  -1.810311e+002  -6.049877e+002  -5.169190e+002  -4.297901e+002  -3.505251e+002  -2.822829e+002  -2.256215e+002  -1.796793e+002  -1.430090e+002  -9.957787e+001  -6.389763e+001  -2.606124e+001  -5.077638e+000  -0.000000e+000  
-1.943305e+002  -1.825560e+002  -1.603983e+002  -1.304872e+002  -4.804213e+002  -4.330412e+002  -3.817708e+002  -3.307561e+002  -2.828232e+002  -2.395764e+002  -2.016782e+002  -1.691574e+002  -1.279216e+002  -8.983452e+001  -4.421311e+001  -1.088257e+001  -0.000000e+000  
-1.001789e+002  -9.664898e+001  -8.994461e+001  -8.073049e+001  -3.256455e+002  -3.084876e+002  -2.878381e+002  -2.651323e+002  -2.416059e+002  -2.182321e+002  -1.957143e+002  -1.745128e+002  -1.450748e+002  -1.127681e+002  -6.674581e+001  -1.953264e+001  -0.000000e+000  
-6.361751e+001  -6.243163e+001  -6.014809e+001  -5.693279e+001  -2.399319e+002  -2.329145e+002  -2.237236e+002  -2.128381e+002  -2.007315e+002  -1.878402e+002  -1.745436e+002  -1.611545e+002  -1.412989e+002  -1.165168e+002  -7.661475e+001  -2.465948e+001  -0.000000e+000  
-4.796249e+001  -4.745958e+001  -4.647657e+001  -4.505688e+001  -1.934985e+002  -1.899773e+002  -1.850889e+002  -1.790002e+002  -1.718944e+002  -1.639597e+002  -1.553793e+002  -1.463241e+002  -1.322597e+002  -1.130240e+002  -7.931099e+001  -2.717310e+001  -0.000000e+000  
-4.483189e+001  -4.443952e+001  -4.366824e+001  -4.254391e+001  -1.834112e+002  -1.805083e+002  -1.764104e+002  -1.712320e+002  -1.651047e+002  -1.581692e+002  -1.505680e+002  -1.424397e+002  -1.296520e+002  -1.117212e+002  -7.958918e+001  -2.767020e+001  -0.000000e+000  

-0.000000e+000  -3.043799e-001  -5.841747e-001  -8.170738e-001  -9.850420e-001  -3.276067e+000  -5.413333e+000  -7.351398e+000  -9.058863e+000  -1.051826e+001  -1.172487e+001  -1.268485e+001  -1.341299e+001  -1.423696e+001  -1.443531e+001  -1.312770e+001  -1.165716e+001  
-0.000000e+000  -1.456471e+000  -2.789872e+000  -3.889712e+000  -4.669038e+000  -1.308241e+001  -2.079812e+001  -2.764828e+001  -3.353125e+001  -3.840698e+001  -4.228800e+001  -4.522822e+001  -4.731121e+001  -4.921273e+001  -4.902813e+001  -4.308535e+001  -3.758870e+001  
-0.000000e+000  -5.636229e+000  -1.074175e+001  -1.484833e+001  -1.760432e+001  -3.702033e+001  -5.391092e+001  -6.794357e+001  -7.903287e+001  -8.728971e+001  -9.296267e+001  -9.638261e+001  -9.791689e+001  -9.643772e+001  -9.160459e+001  -7.355458e+001  -6.125024e+001  
-0.000000e+000  -1.878220e+001  -3.556000e+001  -4.858463e+001  -5.659209e+001  -9.471729e+001  -1.247548e+002  -1.466128e+002  -1.609390e+002  -1.688126e+002  -1.714812e+002  -1.701764e+002  -1.660078e+002  -1.518998e+002  -1.354721e+002  -9.760305e+001  -7.700385e+001  
-0.000000e+000  -5.313300e+001  -1.000272e+002  -1.351674e+002  -1.545653e+002  -2.176393e+002  -2.585732e+002  -2.800620e+002  -2.863250e+002  -2.817532e+002  -2.701488e+002  -2.544644e+002  -2.368316e+002  -2.001033e+002  -1.671236e+002  -1.091372e+002  -8.219404e+001  
-0.000000e+000  -1.014280e+002  -1.908493e+002  -2.569654e+002  -2.908702e+002  -3.722377e+002  -4.118311e+002  -4.194550e+002  -4.061153e+002  -3.808947e+002  -3.501594e+002  -3.179233e+002  -2.865182e+002  -2.299680e+002  -1.842106e+002  -1.132593e+002  -8.283610e+001  
-0.000000e+000  -1.700209e+002  -3.219373e+002  -4.355253e+002  -4.906071e+002  -5.780727e+002  -5.943818e+002  -5.670416e+002  -5.190346e+002  -4.645956e+002  -4.110849e+002  -3.617393e+002  -3.176527e+002  -2.455539e+002  -1.910467e+002  -1.129227e+002  -8.102427e+001  
-0.000000e+000  -2.222860e+002  -4.243838e+002  -5.793978e+002  -6.539588e+002  -7.369414e+002  -7.247268e+002  -6.645103e+002  -5.885555e+002  -5.130804e+002  -4.445278e+002  -3.846049e+002  -3.330612e+002  -2.523961e+002  -1.933291e+002  -1.118497e+002  -7.940173e+001  
-0.000000e+000  -2.883716e+002  -5.590830e+002  -7.784128e+002  -8.873694e+002  -9.482821e+002  -8.817928e+002  -7.710577e+002  -6.582527e+002  -5.581711e+002  -4.735943e+002  -4.031865e+002  -3.446409e+002  -2.564810e+002  -1.936732e+002  -1.098477e+002  -7.719760e+001  
-0.000000e+000  -3.665268e+002  -7.289585e+002  -1.053081e+003  -1.233892e+003  -1.229818e+003  -1.063648e+003  -8.793079e+002  -7.214999e+002  -5.952202e+002  -4.952850e+002  -4.155981e+002  -3.512170e+002  -2.572997e+002  -1.918625e+002  -1.068774e+002  -7.440623e+001  
-0.000000e+000  -4.372810e+002  -9.004304e+002  -1.379247e+003  -1.717816e+003  -1.554211e+003  -1.232077e+003  -9.619082e+002  -7.622497e+002  -6.154456e+002  -5.049200e+002  -4.194226e+002  -3.516563e+002  -2.547864e+002  -1.882466e+002  -1.034113e+002  -7.145225e+001  
-0.000000e+000  -4.878673e+002  -1.041186e+003  -1.712629e+003  -2.365651e+003  -1.881345e+003  -1.360977e+003  -1.011479e+003  -7.812907e+002  -6.219182e+002  -5.057192e+002  -4.174432e+002  -3.482320e+002  -2.504169e+002  -1.837922e+002  -9.988105e+001  -6.859690e+001  
-0.000000e+000  -5.131444e+002  -1.136246e+003  -2.052911e+003  -3.480226e+003  -2.220311e+003  -1.438104e+003  -1.024927e+003  -7.789660e+002  -6.154259e+002  -4.981766e+002  -4.097983e+002  -3.408069e+002  -2.437636e+002  -1.779603e+002  -9.579304e+001  -6.542332e+001  
-0.000000e+000  -4.959395e+002  -1.117915e+003  -2.195944e+003  -5.634413e+003  -2.413876e+003  -1.402793e+003  -9.875832e+002  -7.517199e+002  -5.950113e+002  -4.819985e+002  -3.963862e+002  -3.293441e+002  -2.348198e+002  -1.707542e+002  -9.115630e+001  -6.194031e+001  
-0.000000e+000  -4.185527e+002  -8.895818e+002  -1.465215e+003  -0.000000e+000  -1.485488e+003  -1.147629e+003  -8.796819e+002  -6.916099e+002  -5.556053e+002  -4.533756e+002  -3.741467e+002  -3.112982e+002  -2.216908e+002  -1.607101e+002  -8.508362e+001  -5.749934e+001  
-0.000000e+000  -2.927314e+002  -5.536820e+002  -6.472622e+002  -0.000000e+000  -7.599579e+002  -8.164487e+002  -7.118885e+002  -5.940682e+002  -4.919379e+002  -4.080220e+002  -3.397557e+002  -2.841013e+002  -2.027899e+002  -1.468368e+002  -7.718271e+001  -5.188555e+001  
-0.000000e+000  -1.373732e+002  -2.259170e+002  -2.003407e+002  -0.000000e+000  -3.142598e+002  -4.552808e+002  -4.720987e+002  -4.353132e+002  -3.817669e+002  -3.273708e+002  -2.780107e+002  -2.352687e+002  -1.693686e+002  -1.228223e+002  -6.404888e+001  -4.275830e+001  
-0.000000e+000  -1.648025e+001  -2.471175e+001  -1.889252e+001  -0.000000e+000  -5.909855e+001  -1.049790e+002  -1.294860e+002  -1.371394e+002  -1.338189e+002  -1.243615e+002  -1.121147e+002  -9.917323e+001  -7.484287e+001  -5.555316e+001  -2.887766e+001  -1.904193e+001  
-0.000000e+000  1.648025e+001  2.471175e+001  1.889252e+001  -0.000000e+000  5.909855e+001  1.049790e+002  1.294860e+002  1.371394e+002  1.338189e+002  1.243615e+002  1.121147e+002  9.917323e+001  7.484287e+001  5.555316e+001  2.887766e+001  1.904193e+001  
-0.000000e+000  1.373732e+002  2.259170e+002  2.003407e+002  -0.000000e+000  3.142598e+002  4.552808e+002  4.720987e+002  4.353132e+002  3.817669e+002  3.273708e+002  2.780107e+002  2.352687e+002  1.693686e+002  1.228223e+002  6.404888e+001  4.275830e+001  
-0.000000e+000  2.927314e+002  5.536820e+002  6.472622e+002  -0.000000e+000  7.599579e+002  8.164487e+002  7.118885e+002  5.940682e+002  4.919379e+002  4.080220e+002  3.397557e+002  2.841013e+002  2.027899e+002  1.468368e+002  7.718271e+001  5.188555e+001  
-0.000000e+000  4.185527e+002  8.895818e+002  1.465215e+003  -0.000000e+000  1.485488e+003  1.147629e+003  8.796819e+002  6.916099e+002  5.556053e+002  4.533756e+002  3.741467e+002  3.112982e+002  2.216908e+002  1.607101e+002  8.508362e+001  5.749934e+001  
-0.000000e+000  4.959395e+002  1.117915e+003  2.195944e+003  5.634413e+003  2.413876e+003  1.402793e+003  9.875832e+002  7.517199e+002  5.950113e+002  4.819985e+002  3.963862e+002  3.293441e+002  2.348198e+002  1.707542e+002  9.115630e+001  6.194031e+001  
-0.000000e+000  5.131444e+002  1.136246e+003  2.052911e+003  3.480226e+003  2.220311e+003  1.438104e+003  1.024927e+003  7.789660e+002  6.154259e+002  4.981766e+002  4.097983e+002  3.408069e+002  2.437636e+002  1.779603e+002  9.579304e+001  6.542332e+001  
-0.000000e+000  4.878673e+002  1.041186e+003  1.712629e+003  2.365651e+003  1.881345e+003  1.360977e+003  1.011479e+003  7.812907e+002  6.219182e+002  5.057192e+002  4.174432e+002  3.482320e+002  2.504169e+002  1.837922e+002  9.988105e+001  6.859690e+001  
-0.000000e+000  4.372810e+002  9.004304e+002  1.379247e+003  1.717816e+003  1.554211e+003  1.232077e+003  9.619082e+002  7.622497e+002  6.154456e+002  5.049200e+002  4.194226e+002  3.516563e+002  2.547864e+002  1.882466e+002  1.034113e+002  7.145225e+001  
-0.000000e+000  3.665268e+002  7.289585e+002  1.053081e+003  1.233892e+003  1.229818e+003  1.063648e+003  8.793079e+002  7.214999e+002  5.952202e+002  4.952850e+002  4.155981e+002  3.512170e+002  2.572997e+002  1.918625e+002  1.068774e+002  7.440623e+001  
-0.000000e+000  2.883716e+002  5.590830e+002  7.784128e+002  8.873694e+002  9.482821e+002  8.817928e+002  7.710577e+002  6.582527e+002  5.581711e+002  4.735943e+002  4.031865e+002  3.446409e+002  2.564810e+002  1.936732e+002  1.098477e+002  7.719760e+001  
-0.000000e+000  2.222860e+002  4.243838e+002  5.793978e+002  6.539588e+002  7.369414e+002  7.247268e+002  6.645103e+002  5.885555e+002  5.130804e+002  4.445278e+002  3.846049e+002  3.330612e+002  2.523961e+002  1.933291e+002  1.118497e+002  7.940173e+001  
-0.000000e+000  1.700209e+002  3.219373e+002  4.355253e+002  4.906071e+002  5.780727e+002  5.943818e+002  5.670416e+002  5.190346e+002  4.645956e+002  4.110849e+002  3.617393e+002  3.176527e+002  2.455539e+002  1.910467e+002  1.129227e+002  8.102427e+001  
-0.000000e+000  1.014280e+002  1.908493e+002  2.569654e+002  2.908702e+002  3.722377e+002  4.118311e+002  4.194550e+002  4.061153e+002  3.808947e+002  3.501594e+002  3.179233e+002  2.865182e+002  2.299680e+002  1.842106e+002  1.132593e+002  8.283610e+001  
-0.000000e+000  5.313300e+001  1.000272e+002  1.351674e+002  1.545653e+002  2.176393e+002  2.585732e+002  2.800620e+002  2.863250e+002  2.817532e+002  2.701488e+002  2.544644e+002  2.368316e+002  2.001033e+002  1.671236e+002  1.091372e+002  8.219404e+001  
-0.000000e+000  1.878220e+001  3.556000e+001  4.858463e+001  5.659209e+001  9.471729e+001  1.247548e+002  1.466128e+002  1.609390e+002  1.688126e+002  1.714812e+002  1.701764e+002  1.660078e+002  1.518998e+002  1.354721e+002  9.760305e+001  7.700385e+001  
-0.000000e+000  5.636229e+000  1.074175e+001  1.484833e+001  1.760432e+001  3.702033e+001  5.391092e+001  6.794357e+001  7.903287e+001  8.728971e+001  9.296267e+001  9.638261e+001  9.791689e+001  9.643772e+001  9.160459e+001  7.355458e+001  6.125024e+001  
-0.000000e+000  1.456471e+000  2.789872e+000  3.889712e+000  4.669038e+000  1.308241e+001  2.079812e+001  2.764828e+001  3.353125e+001  3.840698e+001  4.228800e+001  4.522822e+001  4.731121e+001  4.921273e+001  4.902813e+001  4.308535e+001  3.758870e+001  
-0.000000e+000  3.043799e-001  5.841747e-001  8.170738e-001  9.850420e-001  3.276067e+000  5.413333e+000  7.351398e+000  9.058863e+000  1.051826e+001  1.172487e+001  1.268485e+001  1.341299e+001  1.423696e+001  1.443531e+001  1.312770e+001  1.165716e+001  
-0.000000e+000  -0.000000e+000  -0.000000e+000  -0.000000e+000  -0.000000e+000  -0.000000e+000  -0.000000e+000  -0.000000e+000  -0.000000e+000  -0.000000e+000  -0.000000e+000  -0.000000e+000  -0.000000e+000  -0.000000e+000  -0.000000e+000  -0.000000e+000  -0.000000e+000  

0.000000e+000  0.000000e+000  0.000000e+000  0.000000e+000  0.000000e+000  0.000000e+000  0.000000e+000  0.000000e+000  0.000000e+000  0.000000e+000  0.000000e+000  0.000000e+000  0.000000e+000  0.000000e+000  0.000000e+000  0.000000e+000  0.000000e+000  
0.000000e+000  0.000000e+000  0.000000e+000  0.000000e+000  0.000000e+000  0.000000e+000  0.000000e+000  0.000000e+000  0.000000e+000  0.000000e+000  0.000000e+000  0.000000e+000  0.000000e+000  0.000000e+000  0.000000e+000  0.000000e+000  0.000000e+000  
0.000000e+000  0.000000e+000  0.000000e+000  0.000000e+000  0.000000e+000  0.000000e+000  0.000000e+000  0.000000e+000  0.000000e+000  0.000000e+000  0.000000e+000  0.000000e+000  0.000000e+000  0.000000e+000  0.000000e+000  0.000000e+000  0.000000e+000  
0.000000e+000  0.000000e+000  0.000000e+000  0.000000e+000  0.000000e+000  0.000000e+000  0.000000e+000  0.000000e+000  0.000000e+000  0.000000e+000  0.000000e+000  0.000000e+000  0.000000e+000  0.000000e+000  0.000000e+000  0.000000e+000  0.000000e+000  
0.000000e+000  0.000000e+000  0.000000e+000  0.000000e+000  0.000000e+000  0.000000e+000  0.000000e+000  0.000000e+000  0.000000e+000  0.000000e+000  0.000000e+000  0.000000e+000  0.000000e+000  0.000000e+000  0.000000e+000  0.000000e+000  0.000000e+000  
0.000000e+000  0.000000e+000  0.000000e+000  0.000000e+000  0.000000e+000  0.000000e+000  0.000000e+000  0.000000e+000  0.000000e+000  0.000000e+000  0.000000e+000  0.000000e+000  0.000000e+000  0.000000e+000  0.000000e+000  0.000000e+000  0.000000e+000  
0.000000e+000  0.000000e+000  0.000000e+000  0.000000e+000  0.000000e+000  0.000000e+000  0.000000e+000  0.000000e+000  0.000000e+000  0.000000e+000  0.000000e+000  0.000000e+000  0.000000e+000  0.000000e+000  0.000000e+000  0.000000e+000  0.000000e+000  
0.000000e+000  0.000000e+000  0.000000e+000  0.000000e+000  0.000000e+000  0.000000e+000  0.000000e+000  0.000000e+000  0.000000e+000  0.000000e+000  0.000000e+000  0.000000e+000  0.000000e+000  0.000000e+000  0.000000e+000  0.000000e+000  0.000000e+000  
0.000000e+000  0.000000e+000  0.000000e+000  0.000000e+000  0.000000e+000  0.000000e+000  0.000000e+000  0.000000e+000  0.000000e+000  0.000000e+000  0.000000e+000  0.000000e+000  0.000000e+000  0.000000e+000  0.000000e+000  0.000000e+000  0.000000e+000  
0.000000e+000  0.000000e+000  0.000000e+000  0.000000e+000  0.000000e+000  0.000000e+000  0.000000e+000  0.000000e+000  0.000000e+000  0.000000e+000  0.000000e+000  0.000000e+000  0.000000e+000  0.000000e+000  0.000000e+000  0.000000e+000  0.000000e+000  
0.000000e+000  0.000000e+000  0.000000e+000  0.000000e+000  0.000000e+000  0.000000e+000  0.000000e+000  0.000000e+000  0.000000e+000  0.000000e+000  0.000000e+000  0.000000e+000  0.000000e+000  0.000000e+000  0.000000e+000  0.000000e+000  0.000000e+000  
0.000000e+000  0.000000e+000  0.000000e+000  0.000000e+000  0.000000e+000  0.000000e+000  0.000000e+000  0.000000e+000  0.000000e+000  0.000000e+000  0.000000e+000  0.000000e+000  0.000000e+000  0.000000e+000  0.000000e+000  0.000000e+000  0.000000e+000  
0.000000e+000  0.000000e+000  0.000000e+000  0.000000e+000  0.000000e+000  0.000000e+000  0.000000e+000  0.000000e+000  0.000000e+000  0.000000e+000  0.000000e+000  0.000000e+000  0.000000e+000  0.000000e+000  0.000000e+000  0.000000e+000  0.000000e+000  
0.000000e+000  0.000000e+000  0.000000e+000  0.000000e+000  0.000000e+000  0.000000e+000  0.000000e+000  0.000000e+000  0.000000e+000  0.000000e+000  0.000000e+000  0.000000e+000  0.000000e+000  0.000000e+000  0.000000e+000  0.000000e+000  0.000000e+000  
0.000000e+000  0.000000e+000  0.000000e+000  0.000000e+000  0.000000e+000  0.000000e+000  0.000000e+000  0.000000e+000  0.000000e+000  0.000000e+000  0.000000e+000  0.000000e+000  0.000000e+000  0.000000e+000  0.000000e+000  0.000000e+000  0.000000e+000  
0.000000e+000  0.000000e+000  0.000000e+000  0.000000e+000  0.000000e+000  0.000000e+000  0.000000e+000  0.000000e+000  0.000000e+000  0.000000e+000  0.000000e+000  0.000000e+000  0.000000e+000  0.000000e+000  0.000000e+000  0.000000e+000  0.000000e+000  
0.000000e+000  0.000000e+000  0.000000e+000  0.000000e+000  0.000000e+000  0.000000e+000  0.000000e+000  0.000000e+000  0.000000e+000  0.000000e+000  0.000000e+000  0.000000e+000  0.000000e+000  0.000000e+000  0.000000e+000  0.000000e+000  0.000000e+000  
0.000000e+000  0.000000e+000  0.000000e+000  0.000000e+000  0.000000e+000  0.000000e+000  0.000000e+000  0.000000e+000  0.000000e+000  0.000000e+000  0.000000e+000  0.000000e+000  0.000000e+000  0.000000e+000  0.000000e+000  0.000000e+000  0.000000e+000  
0.000000e+000  0.000000e+000  0.000000e+000  0.000000e+000  0.000000e+000  0.000000e+000  0.000000e+000  0.000000e+000  0.000000e+000  0.000000e+000  0.000000e+000  0.000000e+000  0.000000e+000  0.000000e+000  0.000000e+000  0.000000e+000  0.000000e+000  
0.000000e+000  0.000000e+000  0.000000e+000  0.000000e+000  0.000000e+000  0.000000e+000  0.000000e+000  0.000000e+000  0.000000e+000  0.000000e+000  0.000000e+000  0.000000e+000  0.000000e+000  0.000000e+000  0.000000e+000  0.000000e+000  0.000000e+000  
0.000000e+000  0.000000e+000  0.000000e+000  0.000000e+000  0.000000e+000  0.000000e+000  0.000000e+000  0.000000e+000  0.000000e+000  0.000000e+000  0.000000e+000  0.000000e+000  0.000000e+000  0.000000e+000  0.000000e+000  0.000000e+000  0.000000e+000  
0.000000e+000  0.000000e+000  0.000000e+000  0.000000e+000  0.000000e+000  0.000000e+000  0.000000e+000  0.000000e+000  0.000000e+000  0.000000e+000  0.000000e+000  0.000000e+000  0.000000e+000  0.000000e+000  0.000000e+000  0.000000e+000  0.000000e+000  
0.000000e+000  0.000000e+000  0.000000e+000  0.000000e+000  0.000000e+000  0.000000e+000  0.000000e+000  0.000000e+000  0.000000e+000  0.000000e+000  0.000000e+000  0.000000e+000  0.000000e+000  0.000000e+000  0.000000e+000  0.000000e+000  0.000000e+000  
0.000000e+000  0.000000e+000  0.000000e+000  0.000000e+000  0.000000e+000  0.000000e+000  0.000000e+000  0.000000e+000  0.000000e+000  0.000000e+000  0.000000e+000  0.000000e+000  0.000000e+000  0.000000e+000  0.000000e+000  0.000000e+000  0.000000e+000  
0.000000e+000  0.000000e+000  0.000000e+000  0.000000e+000  0.000000e+000  0.000000e+000  0.000000e+000  0.000000e+000  0.000000e+000  0.000000e+000  0.000000e+000  0.000000e+000  0.000000e+000  0.000000e+000  0.000000e+000  0.000000e+000  0.000000e+000  
0.000000e+000  0.000000e+000  0.000000e+000  0.000000e+000  0.000000e+000  0.000000e+000  0.000000e+000  0.000000e+000  0.000000e+000  0.000000e+000  0.000000e+000  0.000000e+000  0.000000e+000  0.000000e+000  0.000000e+000  0.000000e+000  0.000000e+000  
0.000000e+000  0.000000e+000  0.000000e+000  0.000000e+000  0.000000e+000  0.000000e+000  0.000000e+000  0.000000e+000  0.000000e+000  0.000000e+000  0.000000e+000  0.000000e+000  0.000000e+000  0.000000e+000  0.000000e+000  0.000000e+000  0.000000e+000  
0.000000e+000  0.000000e+000  0.000000e+000  0.000000e+000  0.000000e+000  0.000000e+000  0.000000e+000  0.000000e+000  0.000000e+000  0.000000e+000  0.000000e+000  0.000000e+000  0.000000e+000  0.000000e+000  0.000000e+000  0.000000e+000  0.000000e+000  
0.000000e+000  0.000000e+000  0.000000e+000  0.000000e+000  0.000000e+000  0.000000e+000  0.000000e+000  0.000000e+000  0.000000e+000  0.000000e+000  0.000000e+000  0.000000e+000  0.000000e+000  0.000000e+000  0.000000e+000  0.000000e+000  0.000000e+000  
0.000000e+000  0.000000e+000  0.000000e+000  0.000000e+000  0.000000e+000  0.000000e+000  0.000000e+000  0.000000e+000  0.000000e+000  0.000000e+000  0.000000e+000  0.000000e+000  0.000000e+000  0.000000e+000  0.000000e+000  0.000000e+000  0.000000e+000  
0.000000e+000  0.000000e+000  0.000000e+000  0.000000e+000  0.000000e+000  0.000000e+000  0.000000e+000  0.000000e+000  0.000000e+000  0.000000e+000  0.000000e+000  0.000000e+000  0.000000e+000  0.000000e+000  0.000000e+000  0.000000e+000  0.000000e+000  
0.000000e+000  0.000000e+000  0.000000e+000  0.000000e+000  0.000000e+000  0.000000e+000  0.000000e+000  0.000000e+000  0.000000e+000  0.000000e+000  0.000000e+000  0.000000e+000  0.000000e+000  0.000000e+000  0.000000e+000  0.000000e+000  0.000000e+000  
0.000000e+000  0.000000e+000  0.000000e+000  0.000000e+000  0.000000e+000  0.000000e+000  0.000000e+000  0.000000e+000  0.000000e+000  0.000000e+000  0.000000e+000  0.000000e+000  0.000000e+000  0.000000e+000  0.000000e+000  0.000000e+000  0.000000e+000  
0.000000e+000  0.000000e+000  0.000000e+000  0.000000e+000  0.000000e+000  0.000000e+000  0.000000e+000  0.000000e+000  0.000000e+000  0.000000e+000  0.000000e+000  0.000000e+000  0.000000e+000  0.000000e+000  0.000000e+000  0.000000e+000  0.000000e+000  
0.000000e+000  0.000000e+000  0.000000e+000  0.000000e+000  0.000000e+000  0.000000e+000  0.000000e+000  0.000000e+000  0.000000e+000  0.000000e+000  0.000000e+000  0.000000e+000  0.000000e+000  0.000000e+000  0.000000e+000  0.000000e+000  0.000000e+000  
0.000000e+000  0.000000e+000  0.000000e+000  0.000000e+000  0.000000e+000  0.000000e+000  0.000000e+000  0.000000e+000  0.000000e+000  0.000000e+000  0.000000e+000  0.000000e+000  0.000000e+000  0.000000e+000  0.000000e+000  0.000000e+000  0.000000e+000  
0.000000e+000  0.000000e+000  0.000000e+000  0.000000e+000  0.000000e+000  0.000000e+000  0.000000e+000  0.000000e+000  0.000000e+000  0.000000e+000  0.000000e+000  0.000000e+000  0.000000e+000  0.000000e+000  0.000000e+000  0.000000e+000  0.000000e+000  

0.000000e+000  0.000000e+000  0.000000e+000  0.000000e+000  0.000000e+000  0.000000e+000  0.000000e+000  0.000000e+000  0.000000e+000  0.000000e+000  0.000000e+000  0.000000e+000  0.000000e+000  0.000000e+000  0.000000e+000  0.000000e+000  0.000000e+000  
0.000000e+000  0.000000e+000  0.000000e+000  0.000000e+000  0.000000e+000  0.000000e+000  0.000000e+000  0.000000e+000  0.000000e+000  0.000000e+000  0.000000e+000  0.000000e+000  0.000000e+000  0.000000e+000  0.000000e+000  0.000000e+000  0.000000e+000  
0.000000e+000  0.000000e+000  0.000000e+000  0.000000e+000  0.000000e+000  0.000000e+000  0.000000e+000  0.000000e+000  0.000000e+000  0.000000e+000  0.000000e+000  0.000000e+000  0.000000e+000  0.000000e+000  0.000000e+000  0.000000e+000  0.000000e+000  
0.000000e+000  0.000000e+000  0.000000e+000  0.000000e+000  0.000000e+000  0.000000e+000  0.000000e+000  0.000000e+000  0.000000e+000  0.000000e+000  0.000000e+000  0.000000e+000  0.000000e+000  0.000000e+000  0.000000e+000  0.000000e+000  0.000000e+000  
0.000000e+000  0.000000e+000  0.000000e+000  0.000000e+000  0.000000e+000  0.000000e+000  0.000000e+000  0.000000e+000  0.000000e+000  0.000000e+000  0.000000e+000  0.000000e+000  0.000000e+000  0.000000e+000  0.000000e+000  0.000000e+000  0.000000e+000  
0.000000e+000  0.000000e+000  0.000000e+000  0.000000e+000  0.000000e+000  0.000000e+000  0.000000e+000  0.000000e+000  0.000000e+000  0.000000e+000  0.000000e+000  0.000000e+000  0.000000e+000  0.000000e+000  0.000000e+000  0.000000e+000  0.000000e+000  
0.000000e+000  0.000000e+000  0.000000e+000  0.000000e+000  0.000000e+000  0.000000e+000  0.000000e+000  0.000000e+000  0.000000e+000  0.000000e+000  0.000000e+000  0.000000e+000  0.000000e+000  0.000000e+000  0.000000e+000  0.000000e+000  0.000000e+000  
0.000000e+000  0.000000e+000  0.000000e+000  0.000000e+000  0.000000e+000  0.000000e+000  0.000000e+000  0.000000e+000  0.000000e+000  0.000000e+000  0.000000e+000  0.000000e+000  0.000000e+000  0.000000e+000  0.000000e+000  0.000000e+000  0.000000e+000  
0.000000e+000  0.000000e+000  0.000000e+000  0.000000e+000  0.000000e+000  0.000000e+000  0.000000e+000  0.000000e+000  0.000000e+000  0.000000e+000  0.000000e+000  0.000000e+000  0.000000e+000  0.000000e+000  0.000000e+000  0.000000e+000  0.000000e+000  
0.000000e+000  0.000000e+000  0.000000e+000  0.000000e+000  0.000000e+000  0.000000e+000  0.000000e+000  0.000000e+000  0.000000e+000  0.000000e+000  0.000000e+000  0.000000e+000  0.000000e+000  0.000000e+000  0.000000e+000  0.000000e+000  0.000000e+000  
0.000000e+000  0.000000e+000  0.000000e+000  0.000000e+000  0.000000e+000  0.000000e+000  0.000000e+000  0.000000e+000  0.000000e+000  0.000000e+000  0.000000e+000  0.000000e+000  0.000000e+000  0.000000e+000  0.000000e+000  0.000000e+000  0.000000e+000  
0.000000e+000  0.000000e+000  0.000000e+000  0.000000e+000  0.000000e+000  0.000000e+000  0.000000e+000  0.000000e+000  0.000000e+000  0.000000e+000  0.000000e+000  0.000000e+000  0.000000e+000  0.000000e+000  0.000000e+000  0.000000e+000  0.000000e+000  
0.000000e+000  0.000000e+000  0.000000e+000  0.000000e+000  0.000000e+000  0.000000e+000  0.000000e+000  0.000000e+000  0.000000e+000  0.000000e+000  0.000000e+000  0.000000e+000  0.000000e+000  0.000000e+000  0.000000e+000  0.000000e+000  0.000000e+000  
0.000000e+000  0.000000e+000  0.000000e+000  0.000000e+000  0.000000e+000  0.000000e+000  0.000000e+000  0.000000e+000  0.000000e+000  0.000000e+000  0.000000e+000  0.000000e+000  0.000000e+000  0.000000e+000  0.000000e+000  0.000000e+000  0.000000e+000  
0.000000e+000  0.000000e+000  0.000000e+000  0.000000e+000  0.000000e+000  0.000000e+000  0.000000e+000  0.000000e+000  0.000000e+000  0.000000e+000  0.000000e+000  0.000000e+000  0.000000e+000  0.000000e+000  0.000000e+000  0.000000e+000  0.000000e+000  
0.000000e+000  0.000000e+000  0.000000e+000  0.000000e+000  0.000000e+000  0.000000e+000  0.000000e+000  0.000000e+000  0.000000e+000  0.000000e+000  0.000000e+000  0.000000e+000  0.000000e+000  0.000000e+000  0.000000e+000  0.000000e+000  0.000000e+000  
0.000000e+000  0.000000e+000  0.000000e+000  0.000000e+000  0.000000e+000  0.000000e+000  0.000000e+000  0.000000e+000  0.000000e+000  0.000000e+000  0.000000e+000  0.000000e+000  0.000000e+000  0.000000e+000  0.000000e+000  0.000000e+000  0.000000e+000  
0.000000e+000  0.000000e+000  0.000000e+000  0.000000e+000  0.000000e+000  0.000000e+000  0.000000e+000  0.000000e+000  0.000000e+000  0.000000e+000  0.000000e+000  0.000000e+000  0.000000e+000  0.000000e+000  0.000000e+000  0.000000e+000  0.000000e+000  
0.000000e+000  0.000000e+000  0.000000e+000  0.000000e+000  0.000000e+000  0.000000e+000  0.000000e+000  0.000000e+000  0.000000e+000  0.000000e+000  0.000000e+000  0.000000e+000  0.000000e+000  0.000000e+000  0.000000e+000  0.000000e+000  0.000000e+000  
0.000000e+000  0.000000e+000  0.000000e+000  0.000000e+000  0.000000e+000  0.000000e+000  0.000000e+000  0.000000e+000  0.000000e+000  0.000000e+000  0.000000e+000  0.000000e+000  0.000000e+000  0.000000e+000  0.000000e+000  0.000000e+000  0.000000e+000  
0.000000e+000  0.000000e+000  0.000000e+000  0.000000e+000  0.000000e+000  0.000000e+000  0.000000e+000  0.000000e+000  0.000000e+000  0.000000e+000  0.000000e+000  0.000000e+000  0.000000e+000  0.000000e+000  0.000000e+000  0.000000e+000  0.000000e+000  
0.000000e+000  0.000000e+000  0.000000e+000  0.000000e+000  0.000000e+000  0.000000e+000  0.000000e+000  0.000000e+000  0.000000e+000  0.000000e+000  0.000000e+000  0.000000e+000  0.000000e+000  0.000000e+000  0.000000e+000  0.000000e+000  0.000000e+000  
0.000000e+000  0.000000e+000  0.000000e+000  0.000000e+000  0.000000e+000  0.000000e+000  0.000000e+000  0.000000e+000  0.000000e+000  0.000000e+000  0.000000e+000  0.000000e+000  0.000000e+000  0.000000e+000  0.000000e+000  0.000000e+000  0.000000e+000  
0.000000e+000  0.000000e+000  0.000000e+000  0.000000e+000  0.000000e+000  0.000000e+000  0.000000e+000  0.000000e+000  0.000000e+000  0.000000e+000  0.000000e+000  0.000000e+000  0.000000e+000  0.000000e+000  0.000000e+000  0.000000e+000  0.000000e+000  
0.000000e+000  0.000000e+000  0.000000e+000  0.000000e+000  0.000000e+000  0.000000e+000  0.000000e+000  0.000000e+000  0.000000e+000  0.000000e+000  0.000000e+000  0.000000e+000  0.000000e+000  0.000000e+000  0.000000e+000  0.000000e+000  0.000000e+000  
0.000000e+000  0.000000e+000  0.000000e+000  0.000000e+000  0.000000e+000  0.000000e+000  0.000000e+000  0.000000e+000  0.000000e+000  0.000000e+000  0.000000e+000  0.000000e+000  0.000000e+000  0.000000e+000  0.000000e+000  0.000000e+000  0.000000e+000  
0.000000e+000  0.000000e+000  0.000000e+000  0.000000e+000  0.000000e+000  0.000000e+000  0.000000e+000  0.000000e+000  0.000000e+000  0.000000e+000  0.000000e+000  0.000000e+000  0.000000e+000  0.000000e+000  0.000000e+000  0.000000e+000  0.000000e+000  
0.000000e+000  0.000000e+000  0.000000e+000  0.000000e+000  0.000000e+000  0.000000e+000  0.000000e+000  0.000000e+000  0.000000e+000  0.000000e+000  0.000000e+000  0.000000e+000  0.000000e+000  0.000000e+000  0.000000e+000  0.000000e+000  0.000000e+000  
0.000000e+000  0.000000e+000  0.000000e+000  0.000000e+000  0.000000e+000  0.000000e+000  0.000000e+000  0.000000e+000  0.000000e+000  0.000000e+000  0.000000e+000  0.000000e+000  0.000000e+000  0.000000e+000  0.000000e+000  0.000000e+000  0.000000e+000  
0.000000e+000  0.000000e+000  0.000000e+000  0.000000e+000  0.000000e+000  0.000000e+000  0.000000e+000  0.000000e+000  0.000000e+000  0.000000e+000  0.000000e+000  0.000000e+000  0.000000e+000  0.000000e+000  0.000000e+000  0.000000e+000  0.000000e+000  
0.000000e+000  0.000000e+000  0.000000e+000  0.000000e+000  0.000000e+000  0.000000e+000  0.000000e+000  0.000000e+000  0.000000e+000  0.000000e+000  0.000000e+000  0.000000e+000  0.000000e+000  0.000000e+000  0.000000e+000  0.000000e+000  0.000000e+000  
0.000000e+000  0.000000e+000  0.000000e+000  0.000000e+000  0.000000e+000  0.000000e+000  0.000000e+000  0.000000e+000  0.000000e+000  0.000000e+000  0.000000e+000  0.000000e+000  0.000000e+000  0.000000e+000  0.000000e+000  0.000000e+000  0.000000e+000  
0.000000e+000  0.000000e+000  0.000000e+000  0.000000e+000  0.000000e+000  0.000000e+000  0.000000e+000  0.000000e+000  0.000000e+000  0.000000e+000  0.000000e+000  0.000000e+000  0.000000e+000  0.000000e+000  0.000000e+000  0.000000e+000  0.000000e+000  
0.000000e+000  0.000000e+000  0.000000e+000  0.000000e+000  0.000000e+000  0.000000e+000  0.000000e+000  0.000000e+000  0.000000e+000  0.000000e+000  0.000000e+000  0.000000e+000  0.000000e+000  0.000000e+000  0.000000e+000  0.000000e+000  0.000000e+000  
0.000000e+000  0.000000e+000  0.000000e+000  0.000000e+000  0.000000e+000  0.000000e+000  0.000000e+000  0.000000e+000  0.000000e+000  0.000000e+000  0.000000e+000  0.000000e+000  0.000000e+000  0.000000e+000  0.000000e+000  0.000000e+000  0.000000e+000  
0.000000e+000  0.000000e+000  0.000000e+000  0.000000e+000  0.000000e+000  0.000000e+000  0.000000e+000  0.000000e+000  0.000000e+000  0.000000e+000  0.000000e+000  0.000000e+000  0.000000e+000  0.000000e+000  0.000000e+000  0.000000e+000  0.000000e+000  
0.000000e+000  0.000000e+000  0.000000e+000  0.000000e+000  0.000000e+000  0.000000e+000  0.000000e+000  0.000000e+000  0.000000e+000  0.000000e+000  0.000000e+000  0.000000e+000  0.000000e+000  0.000000e+000  0.000000e+000  0.000000e+000  0.000000e+000  

0.000000e+000  0.000000e+000  0.000000e+000  0.000000e+000  0.000000e+000  0.000000e+000  0.000000e+000  0.000000e+000  0.000000e+000  0.000000e+000  0.000000e+000  0.000000e+000  0.000000e+000  0.000000e+000  0.000000e+000  0.000000e+000  0.000000e+000  
0.000000e+000  0.000000e+000  0.000000e+000  0.000000e+000  0.000000e+000  0.000000e+000  0.000000e+000  0.000000e+000  0.000000e+000  0.000000e+000  0.000000e+000  0.000000e+000  0.000000e+000  0.000000e+000  0.000000e+000  0.000000e+000  0.000000e+000  
0.000000e+000  0.000000e+000  0.000000e+000  0.000000e+000  0.000000e+000  0.000000e+000  0.000000e+000  0.000000e+000  0.000000e+000  0.000000e+000  0.000000e+000  0.000000e+000  0.000000e+000  0.000000e+000  0.000000e+000  0.000000e+000  0.000000e+000  
0.000000e+000  0.000000e+000  0.000000e+000  0.000000e+000  0.000000e+000  0.000000e+000  0.000000e+000  0.000000e+000  0.000000e+000  0.000000e+000  0.000000e+000  0.000000e+000  0.000000e+000  0.000000e+000  0.000000e+000  0.000000e+000  0.000000e+000  
0.000000e+000  0.000000e+000  0.000000e+000  0.000000e+000  0.000000e+000  0.000000e+000  0.000000e+000  0.000000e+000  0.000000e+000  0.000000e+000  0.000000e+000  0.000000e+000  0.000000e+000  0.000000e+000  0.000000e+000  0.000000e+000  0.000000e+000  
0.000000e+000  0.000000e+000  0.000000e+000  0.000000e+000  0.000000e+000  0.000000e+000  0.000000e+000  0.000000e+000  0.000000e+000  0.000000e+000  0.000000e+000  0.000000e+000  0.000000e+000  0.000000e+000  0.000000e+000  0.000000e+000  0.000000e+000  
0.000000e+000  0.000000e+000  0.000000e+000  0.000000e+000  0.000000e+000  0.000000e+000  0.000000e+000  0.000000e+000  0.000000e+000  0.000000e+000  0.000000e+000  0.000000e+000  0.000000e+000  0.000000e+000  0.000000e+000  0.000000e+000  0.000000e+000  
0.000000e+000  0.000000e+000  0.000000e+000  0.000000e+000  0.000000e+000  0.000000e+000  0.000000e+000  0.000000e+000  0.000000e+000  0.000000e+000  0.000000e+000  0.000000e+000  0.000000e+000  0.000000e+000  0.000000e+000  0.000000e+000  0.000000e+000  
0.000000e+000  0.000000e+000  0.000000e+000  0.000000e+000  0.000000e+000  0.000000e+000  0.000000e+000  0.000000e+000  0.000000e+000  0.000000e+000  0.000000e+000  0.000000e+000  0.000000e+000  0.000000e+000  0.000000e+000  0.000000e+000  0.000000e+000  
0.000000e+000  0.000000e+000  0.000000e+000  0.000000e+000  0.000000e+000  0.000000e+000  0.000000e+000  0.000000e+000  0.000000e+000  0.000000e+000  0.000000e+000  0.000000e+000  0.000000e+000  0.000000e+000  0.000000e+000  0.000000e+000  0.000000e+000  
0.000000e+000  0.000000e+000  0.000000e+000  0.000000e+000  0.000000e+000  0.000000e+000  0.000000e+000  0.000000e+000  0.000000e+000  0.000000e+000  0.000000e+000  0.000000e+000  0.000000e+000  0.000000e+000  0.000000e+000  0.000000e+000  0.000000e+000  
0.000000e+000  0.000000e+000  0.000000e+000  0.000000e+000  0.000000e+000  0.000000e+000  0.000000e+000  0.000000e+000  0.000000e+000  0.000000e+000  0.000000e+000  0.000000e+000  0.000000e+000  0.000000e+000  0.000000e+000  0.000000e+000  0.000000e+000  
0.000000e+000  0.000000e+000  0.000000e+000  0.000000e+000  0.000000e+000  0.000000e+000  0.000000e+000  0.000000e+000  0.000000e+000  0.000000e+000  0.000000e+000  0.000000e+000  0.000000e+000  0.000000e+000  0.000000e+000  0.000000e+000  0.000000e+000  
0.000000e+000  0.000000e+000  0.000000e+000  0.000000e+000  0.000000e+000  0.000000e+000  0.000000e+000  0.000000e+000  0.000000e+000  0.000000e+000  0.000000e+000  0.000000e+000  0.000000e+000  0.000000e+000  0.000000e+000  0.000000e+000  0.000000e+000  
0.000000e+000  0.000000e+000  0.000000e+000  0.000000e+000  0.000000e+000  0.000000e+000  0.000000e+000  0.000000e+000  0.000000e+000  0.000000e+000  0.000000e+000  0.000000e+000  0.000000e+000  0.000000e+000  0.000000e+000  0.000000e+000  0.000000e+000  
0.000000e+000  0.000000e+000  0.000000e+000  0.000000e+000  0.000000e+000  0.000000e+000  0.000000e+000  0.000000e+000  0.000000e+000  0.000000e+000  0.000000e+000  0.000000e+000  0.000000e+000  0.000000e+000  0.000000e+000  0.000000e+000  0.000000e+000  
0.000000e+000  0.000000e+000  0.000000e+000  0.000000e+000  0.000000e+000  0.000000e+000  0.000000e+000  0.000000e+000  0.000000e+000  0.000000e+000  0.000000e+000  0.000000e+000  0.000000e+000  0.000000e+000  0.000000e+000  0.000000e+000  0.000000e+000  
0.000000e+000  0.000000e+000  0.000000e+000  0.000000e+000  0.000000e+000  0.000000e+000  0.000000e+000  0.000000e+000  0.000000e+000  0.000000e+000  0.000000e+000  0.000000e+000  0.000000e+000  0.000000e+000  0.000000e+000  0.000000e+000  0.000000e+000  
0.000000e+000  0.000000e+000  0.000000e+000  0.000000e+000  0.000000e+000  0.000000e+000  0.000000e+000  0.000000e+000  0.000000e+000  0.000000e+000  0.000000e+000  0.000000e+000  0.000000e+000  0.000000e+000  0.000000e+000  0.000000e+000  0.000000e+000  
0.000000e+000  0.000000e+000  0.000000e+000  0.000000e+000  0.000000e+000  0.000000e+000  0.000000e+000  0.000000e+000  0.000000e+000  0.000000e+000  0.000000e+000  0.000000e+000  0.000000e+000  0.000000e+000  0.000000e+000  0.000000e+000  0.000000e+000  
0.000000e+000  0.000000e+000  0.000000e+000  0.000000e+000  0.000000e+000  0.000000e+000  0.000000e+000  0.000000e+000  0.000000e+000  0.000000e+000  0.000000e+000  0.000000e+000  0.000000e+000  0.000000e+000  0.000000e+000  0.000000e+000  0.000000e+000  
0.000000e+000  0.000000e+000  0.000000e+000  0.000000e+000  0.000000e+000  0.000000e+000  0.000000e+000  0.000000e+000  0.000000e+000  0.000000e+000  0.000000e+000  0.000000e+000  0.000000e+000  0.000000e+000  0.000000e+000  0.000000e+000  0.000000e+000  
0.000000e+000  0.000000e+000  0.000000e+000  0.000000e+000  0.000000e+000  0.000000e+000  0.000000e+000  0.000000e+000  0.000000e+000  0.000000e+000  0.000000e+000  0.000000e+000  0.000000e+000  0.000000e+000  0.000000e+000  0.000000e+000  0.000000e+000  
0.000000e+000  0.000000e+000  0.000000e+000  0.000000e+000  0.000000e+000  0.000000e+000  0.000000e+000  0.000000e+000  0.000000e+000  0.000000e+000  0.000000e+000  0.000000e+000  0.000000e+000  0.000000e+000  0.000000e+000  0.000000e+000  0.000000e+000  
0.000000e+000  0.000000e+000  0.000000e+000  0.000000e+000  0.000000e+000  0.000000e+000  0.000000e+000  0.000000e+000  0.000000e+000  0.000000e+000  0.000000e+000  0.000000e+000  0.000000e+000  0.000000e+000  0.000000e+000  0.000000e+000  0.000000e+000  
0.000000e+000  0.000000e+000  0.000000e+000  0.000000e+000  0.000000e+000  0.000000e+000  0.000000e+000  0.000000e+000  0.000000e+000  0.000000e+000  0.000000e+000  0.000000e+000  0.000000e+000  0.000000e+000  0.000000e+000  0.000000e+000  0.000000e+000  
0.000000e+000  0.000000e+000  0.000000e+000  0.000000e+000  0.000000e+000  0.000000e+000  0.000000e+000  0.000000e+000  0.000000e+000  0.000000e+000  0.000000e+000  0.000000e+000  0.000000e+000  0.000000e+000  0.000000e+000  0.000000e+000  0.000000e+000  
0.000000e+000  0.000000e+000  0.000000e+000  0.000000e+000  0.000000e+000  0.000000e+000  0.000000e+000  0.000000e+000  0.000000e+000  0.000000e+000  0.000000e+000  0.000000e+000  0.000000e+000  0.000000e+000  0.000000e+000  0.000000e+000  0.000000e+000  
0.000000e+000  0.000000e+000  0.000000e+000  0.000000e+000  0.000000e+000  0.000000e+000  0.000000e+000  0.000000e+000  0.000000e+000  0.000000e+000  0.000000e+000  0.000000e+000  0.000000e+000  0.000000e+000  0.000000e+000  0.000000e+000  0.000000e+000  
0.000000e+000  0.000000e+000  0.000000e+000  0.000000e+000  0.000000e+000  0.000000e+000  0.000000e+000  0.000000e+000  0.000000e+000  0.000000e+000  0.000000e+000  0.000000e+000  0.000000e+000  0.000000e+000  0.000000e+000  0.000000e+000  0.000000e+000  
0.000000e+000  0.000000e+000  0.000000e+000  0.000000e+000  0.000000e+000  0.000000e+000  0.000000e+000  0.000000e+000  0.000000e+000  0.000000e+000  0.000000e+000  0.000000e+000  0.000000e+000  0.000000e+000  0.000000e+000  0.000000e+000  0.000000e+000  
0.000000e+000  0.000000e+000  0.000000e+000  0.000000e+000  0.000000e+000  0.000000e+000  0.000000e+000  0.000000e+000  0.000000e+000  0.000000e+000  0.000000e+000  0.000000e+000  0.000000e+000  0.000000e+000  0.000000e+000  0.000000e+000  0.000000e+000  
0.000000e+000  0.000000e+000  0.000000e+000  0.000000e+000  0.000000e+000  0.000000e+000  0.000000e+000  0.000000e+000  0.000000e+000  0.000000e+000  0.000000e+000  0.000000e+000  0.000000e+000  0.000000e+000  0.000000e+000  0.000000e+000  0.000000e+000  
0.000000e+000  0.000000e+000  0.000000e+000  0.000000e+000  0.000000e+000  0.000000e+000  0.000000e+000  0.000000e+000  0.000000e+000  0.000000e+000  0.000000e+000  0.000000e+000  0.000000e+000  0.000000e+000  0.000000e+000  0.000000e+000  0.000000e+000  
0.000000e+000  0.000000e+000  0.000000e+000  0.000000e+000  0.000000e+000  0.000000e+000  0.000000e+000  0.000000e+000  0.000000e+000  0.000000e+000  0.000000e+000  0.000000e+000  0.000000e+000  0.000000e+000  0.000000e+000  0.000000e+000  0.000000e+000  
0.000000e+000  0.000000e+000  0.000000e+000  0.000000e+000  0.000000e+000  0.000000e+000  0.000000e+000  0.000000e+000  0.000000e+000  0.000000e+000  0.000000e+000  0.000000e+000  0.000000e+000  0.000000e+000  0.000000e+000  0.000000e+000  0.000000e+000  
0.000000e+000  0.000000e+000  0.000000e+000  0.000000e+000  0.000000e+000  0.000000e+000  0.000000e+000  0.000000e+000  0.000000e+000  0.000000e+000  0.000000e+000  0.000000e+000  0.000000e+000  0.000000e+000  0.000000e+000  0.000000e+000  0.000000e+000  

-0.000000e+000  -6.282033e+000  -1.252795e+001  -1.870205e+001  -2.476941e+001  -2.525841e+001  -2.562446e+001  -2.587936e+001  -2.603573e+001  -2.610654e+001  -2.610469e+001  -2.604264e+001  -2.593221e+001  -2.559906e+001  -2.519252e+001  -2.409821e+001  -2.336967e+001  
-0.000000e+000  -6.564585e+000  -1.308984e+001  -1.953681e+001  -2.586735e+001  -2.629249e+001  -2.658435e+001  -2.675853e+001  -2.683108e+001  -2.681785e+001  -2.673405e+001  -2.659391e+001  -2.641048e+001  -2.594898e+001  -2.543957e+001  -2.419171e+001  -2.340583e+001  
-0.000000e+000  -7.815923e+000  -1.557941e+001  -2.323804e+001  -3.073957e+001  -3.082077e+001  -3.072944e+001  -3.050081e+001  -3.016741e+001  -2.975805e+001  -2.929755e+001  -2.880664e+001  -2.830228e+001  -2.729402e+001  -2.636046e+001  -2.451547e+001  -2.351788e+001  
-0.000000e+000  -9.863494e+000  -1.966358e+001  -2.933412e+001  -3.880412e+001  -3.801682e+001  -3.703981e+001  -3.595038e+001  -3.481013e+001  -3.366551e+001  -3.254973e+001  -3.148512e+001  -3.048560e+001  -2.870511e+001  -2.722599e+001  -2.473607e+001  -2.354575e+001  
-0.000000e+000  -1.283329e+001  -2.563932e+001  -3.837567e+001  -5.097148e+001  -4.811085e+001  -4.523194e+001  -4.247419e+001  -3.991994e+001  -3.760813e+001  -3.554809e+001  -3.373101e+001  -3.213826e+001  -2.955768e+001  -2.759541e+001  -2.469342e+001  -2.342426e+001  
-0.000000e+000  -1.445365e+001  -2.899171e+001  -4.366515e+001  -5.845918e+001  -5.354216e+001  -4.901575e+001  -4.500690e+001  -4.154171e+001  -3.858821e+001  -3.608800e+001  -3.397553e+001  -3.218816e+001  -2.942269e+001  -2.739564e+001  -2.452553e+001  -2.329537e+001  
-0.000000e+000  -1.570997e+001  -3.175272e+001  -4.840506e+001  -6.581625e+001  -5.794114e+001  -5.133450e+001  -4.597192e+001  -4.168431e+001  -3.826592e+001  -3.552753e+001  -3.331387e+001  -3.150391e+001  -2.881808e+001  -2.690479e+001  -2.425997e+001  -2.312502e+001  
-0.000000e+000  -1.582543e+001  -3.215146e+001  -4.943181e+001  -6.797732e+001  -5.862679e+001  -5.118248e+001  -4.541722e+001  -4.098033e+001  -3.754470e+001  -3.485099e+001  -3.270661e+001  -3.097175e+001  -2.842604e+001  -2.662242e+001  -2.412735e+001  -2.304628e+001  
-0.000000e+000  -1.559361e+001  -3.188773e+001  -4.957886e+001  -6.924595e+001  -5.831633e+001  -5.015274e+001  -4.417177e+001  -3.976073e+001  -3.644674e+001  -3.390074e+001  -3.190033e+001  -3.029463e+001  -2.795397e+001  -2.629649e+001  -2.398271e+001  -2.296335e+001  
-0.000000e+000  -1.487724e+001  -3.065748e+001  -4.835788e+001  -6.903486e+001  -5.654059e+001  -4.796983e+001  -4.210289e+001  -3.797233e+001  -3.495702e+001  -3.267814e+001  -3.090250e+001  -2.948174e+001  -2.740953e+001  -2.593252e+001  -2.382832e+001  -2.287737e+001  
-0.000000e+000  -1.353736e+001  -2.810160e+001  -4.508176e+001  -6.641987e+001  -5.266688e+001  -4.434787e+001  -3.911825e+001  -3.560389e+001  -3.309164e+001  -3.120536e+001  -2.973408e+001  -2.855092e+001  -2.680433e+001  -2.553780e+001  -2.366684e+001  -2.278964e+001  
-0.000000e+000  -1.206895e+001  -2.509440e+001  -4.065796e+001  -6.181498e+001  -4.784680e+001  -4.055064e+001  -3.628738e+001  -3.348805e+001  -3.148606e+001  -2.996851e+001  -2.876997e+001  -2.779342e+001  -2.632096e+001  -2.522764e+001  -2.354315e+001  -2.272366e+001  
-0.000000e+000  -1.023007e+001  -2.110501e+001  -3.407136e+001  -5.358240e+001  -4.100298e+001  -3.584134e+001  -3.302326e+001  -3.114198e+001  -2.974524e+001  -2.864647e+001  -2.774987e+001  -2.699846e+001  -2.581955e+001  -2.490935e+001  -2.341851e+001  -2.265808e+001  
-0.000000e+000  -8.141186e+000  -1.630622e+001  -2.495580e+001  -3.894354e+001  -3.190411e+001  -3.042914e+001  -2.948598e+001  -2.866049e+001  -2.792557e+001  -2.727446e+001  -2.669690e+001  -2.618171e+001  -2.530835e+001  -2.458745e+001  -2.329436e+001  -2.259354e+001  
-0.000000e+000  -6.042118e+000  -1.131855e+001  -1.377782e+001  -0.000000e+000  -2.111411e+001  -2.486676e+001  -2.592497e+001  -2.616323e+001  -2.609191e+001  -2.589131e+001  -2.563598e+001  -2.535987e+001  -2.479605e+001  -2.426661e+001  -2.317215e+001  -2.253066e+001  
-0.000000e+000  -3.677272e+000  -6.309841e+000  -6.154164e+000  -0.000000e+000  -1.260669e+001  -1.868708e+001  -2.153612e+001  -2.296191e+001  -2.369822e+001  -2.406910e+001  -2.423182e+001  -2.426983e+001  -2.411717e+001  -2.384302e+001  -2.301265e+001  -2.244949e+001  
-0.000000e+000  -2.045108e+000  -3.257387e+000  -2.740709e+000  -0.000000e+000  -8.338632e+000  -1.432297e+001  -1.795708e+001  -2.016240e+001  -2.152627e+001  -2.238123e+001  -2.291560e+001  -2.324073e+001  -2.347357e+001  -2.344162e+001  -2.286290e+001  -2.237402e+001  
-0.000000e+000  -5.336329e-001  -7.920481e-001  -5.964899e-001  -0.000000e+000  -4.932686e+000  -9.557963e+000  -1.322950e+001  -1.601661e+001  -1.808258e+001  -1.959273e+001  -2.068536e+001  -2.146827e+001  -2.235062e+001  -2.273832e+001  -2.260279e+001  -2.224453e+001  
-0.000000e+000  -9.326588e-002  -1.341540e-001  -9.679287e-002  -0.000000e+000  -3.457916e+000  -6.990807e+000  -1.014889e+001  -1.285959e+001  -1.511518e+001  -1.694711e+001  -1.840606e+001  -1.954887e+001  -2.105240e+001  -2.189332e+001  -2.228865e+001  -2.209104e+001  
-0.000000e+000  -5.336329e-001  -7.920481e-001  -5.964899e-001  -0.000000e+000  -4.932686e+000  -9.557963e+000  -1.322950e+001  -1.601661e+001  -1.808258e+001  -1.959273e+001  -2.068536e+001  -2.146827e+001  -2.235062e+001  -2.273832e+001  -2.260279e+001  -2.224453e+001  
-0.000000e+000  -2.045108e+000  -3.257387e+000  -2.740709e+000  -0.000000e+000  -8.338632e+000  -1.432297e+001  -1.795708e+001  -2.016240e+001  -2.152627e+001  -2.238123e+001  -2.291560e+001  -2.324073e+001  -2.347357e+001  -2.344162e+001  -2.286290e+001  -2.237402e+001  
-0.000000e+000  -3.677272e+000  -6.309841e+000  -6.154164e+000  -0.000000e+000  -1.260669e+001  -1.868708e+001  -2.153612e+001  -2.296191e+001  -2.369822e+001  -2.406910e+001  -2.423182e+001  -2.426983e+001  -2.411717e+001  -2.384302e+001  -2.301265e+001  -2.244949e+001  
-0.000000e+000  -6.042118e+000  -1.131855e+001  -1.377782e+001  -0.000000e+000  -2.111411e+001  -2.486676e+001  -2.592497e+001  -2.616323e+001  -2.609191e+001  -2.589131e+001  -2.563598e+001  -2.535987e+001  -2.479605e+001  -2.426661e+001  -2.317215e+001  -2.253066e+001  
-0.000000e+000  -8.141186e+000  -1.630622e+001  -2.495580e+001  -3.894354e+001  -3.190411e+001  -3.042914e+001  -2.948598e+001  -2.866049e+001  -2.792557e+001  -2.727446e+001  -2.669690e+001  -2.618171e+001  -2.530835e+001  -2.458745e+001  -2.329436e+001  -2.259354e+001  
-0.000000e+000  -1.023007e+001  -2.110501e+001  -3.407136e+001  -5.358240e+001  -4.100298e+001  -3.584134e+001  -3.302326e+001  -3.114198e+001  -2.974524e+001  -2.864647e+001  -2.774987e+001  -2.699846e+001  -2.581955e+001  -2.490935e+001  -2.341851e+001  -2.265808e+001  
-0.000000e+000  -1.206895e+001  -2.509440e+001  -4.065796e+001  -6.181498e+001  -4.784680e+001  -4.055064e+001  -3.628738e+001  -3.348805e+001  -3.148606e+001  -2.996851e+001  -2.876997e+001  -2.779342e+001  -2.632096e+001  -2.522764e+001  -2.354315e+001  -2.272366e+001  
-0.000000e+000  -1.353736e+001  -2.810160e+001  -4.508176e+001  -6.641987e+001  -5.266688e+001  -4.434787e+001  -3.911825e+001  -3.560389e+001  -3.309164e+001  -3.120536e+001  -2.973408e+001  -2.855092e+001  -2.680433e+001  -2.553780e+001  -2.366684e+001  -2.278964e+001  
-0.000000e+000  -1.487724e+001  -3.065748e+001  -4.835788e+001  -6.903486e+001  -5.654059e+001  -4.796983e+001  -4.210289e+001  -3.797233e+001  -3.495702e+001  -3.267814e+001  -3.090250e+001  -2.948174e+001  -2.740953e+001  -2.593252e+001  -2.382832e+001  -2.287737e+001  
-0.000000e+000  -1.559361e+001  -3.188773e+001  -4.957886e+001  -6.924595e+001  -5.831633e+001  -5.015274e+001  -4.417177e+001  -3.976073e+001  -3.644674e+001  -3.390074e+001  -3.190033e+001  -3.029463e+001  -2.795397e+001  -2.629649e+001  -2.398271e+001  -2.296335e+001  
-0.000000e+000  -1.582543e+001  -3.215146e+001  -4.943181e+001  -6.797732e+001  -5.862679e+001  -5.118248e+001  -4.541722e+001  -4.098033e+001  -3.754470e+001  -3.485099e+001  -3.270661e+001  -3.097175e+001  -2.842604e+001  -2.662242e+001  -2.412735e+001  -2.304628e+001  
-0.000000e+000  -1.570997e+001  -3.175272e+001  -4.840506e+001  -6.581625e+001  -5.794114e+001  -5.133450e+001  -4.597192e+001  -4.168431e+001  -3.826592e+001  -3.552753e+001  -3.331387e+001  -3.150391e+001  -2.881808e+001  -2.690479e+001  -2.425997e+001  -2.312502e+001  
-0.000000e+000  -1.445365e+001  -2.899171e+001  -4.366515e+001  -5.845918e+001  -5.354216e+001  -4.901575e+001  -4.500690e+001  -4.154171e+001  -3.858821e+001  -3.608800e+001  -3.397553e+001  -3.218816e+001  -2.942269e+001  -2.739564e+001  -2.452553e+001  -2.329537e+001  
-0.000000e+000  -1.283329e+001  -2.563932e+001  -3.837567e+001  -5.097148e+001  -4.811085e+001  -4.523194e+001  -4.247419e+001  -3.991994e+001  -3.760813e+001  -3.554809e+001  -3.373101e+001  -3.213826e+001  -2.955768e+001  -2.759541e+001  -2.469342e+001  -2.342426e+001  
-0.000000e+000  -9.863494e+000  -1.966358e+001  -2.933412e+001  -3.880412e+001  -3.801682e+001  -3.703981e+001  -3.595038e+001  -3.481013e+001  -3.366551e+001  -3.254973e+001  -3.148512e+001  -3.048560e+001  -2.870511e+001  -2.722599e+001  -2.473607e+001  -2.354575e+001  
-0.000000e+000  -7.815923e+000  -1.557941e+001  -2.323804e+001  -3.073957e+001  -3.082077e+001  -3.072944e+001  -3.050081e+001  -3.016741e+001  -2.975805e+001  -2.929755e+001  -2.880664e+001  -2.830228e+001  -2.729402e+001  -2.636046e+001  -2.451547e+001  -2.351788e+001  
-0.000000e+000  -6.564585e+000  -1.308984e+001  -1.953681e+001  -2.586735e+001  -2.629249e+001  -2.658435e+001  -2.675853e+001  -2.683108e+001  -2.681785e+001  -2.673405e+001  -2.659391e+001  -2.641048e+001  -2.594898e+001  -2.543957e+001  -2.419171e+001  -2.340583e+001  
-0.000000e+000  -6.282033e+000  -1.252795e+001  -1.870205e+001  -2.476941e+001  -2.525841e+001  -2.562446e+001  -2.587936e+001  -2.603573e+001  -2.610654e+001  -2.610469e+001  -2.604264e+001  -2.593221e+001  -2.559906e+001  -2.519252e+001  -2.409821e+001  -2.336967e+001  

