Port monitor named: Port1_h1[2.4].prt

nx        = 39
ny        = 4
nz        = 19

nu        = 17
nv        = 37
iu        = 2
iv        = 2

idir      = 1
dcut      = -4.860000e-002
icut      = 2
type      = 1
frequency = 2.400000e+009

fcutoff   = 0.000000e+000
alpha     = 0.000000e+000
beta      = 9.599813e+001
accuracy  = 1.905641e-010

type          = QTEM
wave imp.     = 2.477015e+002
wave imp.sig. = 2.371765e-008
line imp.     = 3.207258e+001

ref. port     = 0

-0.000000e+000  1.068338e-002  2.113820e-002  3.114700e-002  4.051364e-002  4.997968e-002  5.836297e-002  6.555871e-002  7.151733e-002  7.624057e-002  7.977469e-002  8.220183e-002  8.363069e-002  8.387199e-002  8.174406e-002  7.006122e-002  6.045723e-002  
-0.000000e+000  3.834532e-002  7.575585e-002  1.113499e-001  1.443465e-001  1.772387e-001  2.058172e-001  2.297430e-001  2.489144e-001  2.634393e-001  2.735959e-001  2.797881e-001  2.825027e-001  2.790903e-001  2.682655e-001  2.234260e-001  1.898593e-001  
-0.000000e+000  8.818355e-002  1.734905e-001  2.532622e-001  3.252500e-001  3.942008e-001  4.507697e-001  4.945437e-001  5.258843e-001  5.457469e-001  5.554807e-001  5.566450e-001  5.508589e-001  5.231429e-001  4.849935e-001  3.758208e-001  3.073594e-001  
-0.000000e+000  1.872013e-001  3.656712e-001  5.275413e-001  6.665812e-001  7.898096e-001  8.793794e-001  9.365958e-001  9.650253e-001  9.694751e-001  9.551219e-001  9.269081e-001  8.892007e-001  7.962612e-001  7.004753e-001  4.937594e-001  3.848031e-001  
-0.000000e+000  3.669530e-001  7.101968e-001  1.008459e+000  1.245637e+000  1.428379e+000  1.529612e+000  1.560925e+000  1.538642e+000  1.479289e+000  1.397023e+000  1.302765e+000  1.204341e+000  1.010901e+000  8.418825e-001  5.449894e-001  4.077347e-001  
-0.000000e+000  5.846764e-001  1.125577e+000  1.581177e+000  1.918051e+000  2.136010e+000  2.206216e+000  2.165139e+000  2.053023e+000  1.902976e+000  1.738140e+000  1.572980e+000  1.415732e+000  1.137680e+000  9.139767e-001  5.609681e-001  4.089217e-001  
-0.000000e+000  8.667058e-001  1.668871e+000  2.333513e+000  2.786484e+000  2.996962e+000  2.958119e+000  2.769361e+000  2.514085e+000  2.244020e+000  1.985636e+000  1.750102e+000  1.540615e+000  1.198406e+000  9.385797e-001  5.562034e-001  3.985960e-001  
-0.000000e+000  1.077694e+000  2.084715e+000  2.924489e+000  3.473787e+000  3.648349e+000  3.487866e+000  3.164028e+000  2.794660e+000  2.438718e+000  2.118856e+000  1.840063e+000  1.600086e+000  1.222935e+000  9.446099e-001  5.490689e-001  3.897215e-001  
-0.000000e+000  1.338808e+000  2.619288e+000  3.721826e+000  4.427027e+000  4.497155e+000  4.115187e+000  3.587581e+000  3.069595e+000  2.614341e+000  2.229859e+000  1.908899e+000  1.640889e+000  1.234058e+000  9.411819e-001  5.373773e-001  3.779789e-001  
-0.000000e+000  1.641192e+000  3.280092e+000  4.801505e+000  5.815678e+000  5.612021e+000  4.830276e+000  4.008315e+000  3.310463e+000  2.750876e+000  2.305687e+000  1.948454e+000  1.657945e+000  1.229586e+000  9.273759e-001  5.209767e-001  3.633581e-001  
-0.000000e+000  1.904724e+000  3.925619e+000  6.051334e+000  7.725495e+000  6.874751e+000  5.474392e+000  4.313584e+000  3.452027e+000  2.813547e+000  2.328704e+000  1.950453e+000  1.648209e+000  1.210632e+000  9.057951e-001  5.025877e-001  3.481920e-001  
-0.000000e+000  2.083088e+000  4.431960e+000  7.284364e+000  1.023984e+001  8.120923e+000  5.947415e+000  4.480091e+000  3.503343e+000  2.819546e+000  2.315675e+000  1.929065e+000  1.623149e+000  1.184635e+000  8.813353e-001  4.844083e-001  3.338182e-001  
-0.000000e+000  2.158665e+000  4.743511e+000  8.476750e+000  1.453805e+001  9.387652e+000  6.200888e+000  4.494224e+000  3.464014e+000  2.770151e+000  2.266745e+000  1.883111e+000  1.580604e+000  1.148505e+000  8.506628e-001  4.636657e-001  3.179626e-001  
-0.000000e+000  2.069567e+000  4.611455e+000  8.769977e+000  2.275963e+001  1.004090e+001  5.991581e+000  4.297545e+000  3.320378e+000  2.662031e+000  2.181103e+000  1.812436e+000  1.520596e+000  1.102301e+000  8.138365e-001  4.404136e-001  3.006714e-001  
-0.000000e+000  1.749248e+000  3.719383e+000  6.216657e+000  -0.000000e+000  6.194512e+000  4.874153e+000  3.801810e+000  3.034352e+000  2.470012e+000  2.039528e+000  1.701473e+000  1.430119e+000  1.036309e+000  7.633360e-001  4.101205e-001  2.786495e-001  
-0.000000e+000  1.222384e+000  2.315076e+000  2.724245e+000  -0.000000e+000  3.147686e+000  3.446369e+000  3.056492e+000  2.589172e+000  2.172937e+000  1.824298e+000  1.536198e+000  1.298149e+000  9.435271e-001  6.946734e-001  3.709575e-001  2.508766e-001  
-0.000000e+000  5.703029e-001  9.384368e-001  8.339207e-001  -0.000000e+000  1.296893e+000  1.908509e+000  2.009514e+000  1.879897e+000  1.670953e+000  1.450827e+000  1.246463e+000  1.066425e+000  7.824123e-001  5.774326e-001  3.063454e-001  2.059259e-001  
-0.000000e+000  6.883433e-002  1.032584e-001  7.900714e-002  -0.000000e+000  2.472458e-001  4.428275e-001  5.513492e-001  5.897629e-001  5.813351e-001  5.457460e-001  4.969610e-001  4.439563e-001  3.413886e-001  2.580676e-001  1.368477e-001  9.104285e-002  
-0.000000e+000  -6.883433e-002  -1.032584e-001  -7.900714e-002  -0.000000e+000  -2.472458e-001  -4.428275e-001  -5.513492e-001  -5.897629e-001  -5.813351e-001  -5.457460e-001  -4.969610e-001  -4.439563e-001  -3.413886e-001  -2.580676e-001  -1.368477e-001  -9.104285e-002  
-0.000000e+000  -5.703029e-001  -9.384368e-001  -8.339207e-001  -0.000000e+000  -1.296893e+000  -1.908509e+000  -2.009514e+000  -1.879897e+000  -1.670953e+000  -1.450827e+000  -1.246463e+000  -1.066425e+000  -7.824123e-001  -5.774326e-001  -3.063454e-001  -2.059259e-001  
-0.000000e+000  -1.222384e+000  -2.315076e+000  -2.724245e+000  -0.000000e+000  -3.147686e+000  -3.446369e+000  -3.056492e+000  -2.589172e+000  -2.172937e+000  -1.824298e+000  -1.536198e+000  -1.298149e+000  -9.435271e-001  -6.946734e-001  -3.709575e-001  -2.508766e-001  
-0.000000e+000  -1.749248e+000  -3.719383e+000  -6.216657e+000  -0.000000e+000  -6.194512e+000  -4.874153e+000  -3.801810e+000  -3.034352e+000  -2.470012e+000  -2.039528e+000  -1.701473e+000  -1.430119e+000  -1.036309e+000  -7.633360e-001  -4.101204e-001  -2.786495e-001  
-0.000000e+000  -2.069567e+000  -4.611455e+000  -8.769977e+000  -2.275963e+001  -1.004090e+001  -5.991582e+000  -4.297545e+000  -3.320378e+000  -2.662031e+000  -2.181103e+000  -1.812436e+000  -1.520596e+000  -1.102301e+000  -8.138365e-001  -4.404136e-001  -3.006714e-001  
-0.000000e+000  -2.158665e+000  -4.743511e+000  -8.476750e+000  -1.453805e+001  -9.387652e+000  -6.200888e+000  -4.494224e+000  -3.464014e+000  -2.770151e+000  -2.266745e+000  -1.883111e+000  -1.580604e+000  -1.148505e+000  -8.506628e-001  -4.636657e-001  -3.179627e-001  
-0.000000e+000  -2.083088e+000  -4.431960e+000  -7.284364e+000  -1.023984e+001  -8.120923e+000  -5.947415e+000  -4.480091e+000  -3.503343e+000  -2.819546e+000  -2.315675e+000  -1.929065e+000  -1.623149e+000  -1.184635e+000  -8.813353e-001  -4.844083e-001  -3.338182e-001  
-0.000000e+000  -1.904724e+000  -3.925619e+000  -6.051334e+000  -7.725495e+000  -6.874751e+000  -5.474392e+000  -4.313584e+000  -3.452027e+000  -2.813547e+000  -2.328704e+000  -1.950453e+000  -1.648209e+000  -1.210632e+000  -9.057951e-001  -5.025878e-001  -3.481920e-001  
-0.000000e+000  -1.641192e+000  -3.280092e+000  -4.801505e+000  -5.815678e+000  -5.612021e+000  -4.830276e+000  -4.008315e+000  -3.310463e+000  -2.750876e+000  -2.305687e+000  -1.948454e+000  -1.657945e+000  -1.229586e+000  -9.273759e-001  -5.209767e-001  -3.633581e-001  
-0.000000e+000  -1.338808e+000  -2.619288e+000  -3.721826e+000  -4.427027e+000  -4.497155e+000  -4.115187e+000  -3.587581e+000  -3.069595e+000  -2.614341e+000  -2.229859e+000  -1.908899e+000  -1.640889e+000  -1.234058e+000  -9.411819e-001  -5.373773e-001  -3.779789e-001  
-0.000000e+000  -1.077694e+000  -2.084715e+000  -2.924489e+000  -3.473787e+000  -3.648349e+000  -3.487866e+000  -3.164028e+000  -2.794660e+000  -2.438718e+000  -2.118856e+000  -1.840063e+000  -1.600086e+000  -1.222935e+000  -9.446099e-001  -5.490690e-001  -3.897215e-001  
-0.000000e+000  -8.667058e-001  -1.668871e+000  -2.333513e+000  -2.786484e+000  -2.996962e+000  -2.958119e+000  -2.769361e+000  -2.514085e+000  -2.244020e+000  -1.985636e+000  -1.750102e+000  -1.540615e+000  -1.198406e+000  -9.385797e-001  -5.562034e-001  -3.985960e-001  
-0.000000e+000  -5.846764e-001  -1.125577e+000  -1.581177e+000  -1.918051e+000  -2.136010e+000  -2.206216e+000  -2.165139e+000  -2.053023e+000  -1.902976e+000  -1.738140e+000  -1.572980e+000  -1.415732e+000  -1.137680e+000  -9.139767e-001  -5.609681e-001  -4.089217e-001  
-0.000000e+000  -3.669530e-001  -7.101968e-001  -1.008459e+000  -1.245637e+000  -1.428379e+000  -1.529612e+000  -1.560925e+000  -1.538642e+000  -1.479289e+000  -1.397023e+000  -1.302765e+000  -1.204341e+000  -1.010901e+000  -8.418825e-001  -5.449894e-001  -4.077347e-001  
-0.000000e+000  -1.872013e-001  -3.656712e-001  -5.275413e-001  -6.665812e-001  -7.898096e-001  -8.793794e-001  -9.365958e-001  -9.650253e-001  -9.694751e-001  -9.551219e-001  -9.269081e-001  -8.892007e-001  -7.962612e-001  -7.004753e-001  -4.937594e-001  -3.848031e-001  
-0.000000e+000  -8.818355e-002  -1.734905e-001  -2.532622e-001  -3.252500e-001  -3.942008e-001  -4.507697e-001  -4.945437e-001  -5.258843e-001  -5.457469e-001  -5.554807e-001  -5.566450e-001  -5.508589e-001  -5.231429e-001  -4.849935e-001  -3.758208e-001  -3.073594e-001  
-0.000000e+000  -3.834532e-002  -7.575585e-002  -1.113499e-001  -1.443465e-001  -1.772387e-001  -2.058172e-001  -2.297430e-001  -2.489144e-001  -2.634393e-001  -2.735959e-001  -2.797881e-001  -2.825027e-001  -2.790903e-001  -2.682655e-001  -2.234260e-001  -1.898593e-001  
-0.000000e+000  -1.068338e-002  -2.113820e-002  -3.114700e-002  -4.051364e-002  -4.997968e-002  -5.836297e-002  -6.555871e-002  -7.151733e-002  -7.624057e-002  -7.977469e-002  -8.220183e-002  -8.363069e-002  -8.387199e-002  -8.174406e-002  -7.006122e-002  -6.045723e-002  
-0.000000e+000  -0.000000e+000  -0.000000e+000  -0.000000e+000  -0.000000e+000  -0.000000e+000  -0.000000e+000  -0.000000e+000  -0.000000e+000  -0.000000e+000  -0.000000e+000  -0.000000e+000  -0.000000e+000  -0.000000e+000  -0.000000e+000  -0.000000e+000  -0.000000e+000  

-1.050867e+000  -1.044149e+000  -1.030834e+000  -1.011157e+000  -9.865847e-001  -9.579761e-001  -9.247995e-001  -8.877052e-001  -8.473701e-001  -8.044690e-001  -7.596510e-001  -7.135202e-001  -6.431710e-001  -5.491486e-001  -3.839683e-001  -1.306088e-001  -0.000000e+000  
-1.104178e+000  -1.096473e+000  -1.081229e+000  -1.058769e+000  -1.030605e+000  -9.976967e-001  -9.597968e-001  -9.177660e-001  -8.724765e-001  -8.247734e-001  -7.754440e-001  -7.251952e-001  -6.493631e-001  -5.501070e-001  -3.790788e-001  -1.271152e-001  -0.000000e+000  
-1.330783e+000  -1.318270e+000  -1.293675e+000  -1.257816e+000  -1.212451e+000  -1.159127e+000  -1.099160e+000  -1.034494e+000  -9.669562e-001  -8.981736e-001  -8.295167e-001  -7.620809e-001  -6.639969e-001  -5.448724e-001  -3.537864e-001  -1.119452e-001  -0.000000e+000  
-1.784429e+000  -1.758830e+000  -1.709023e+000  -1.637641e+000  -1.547362e+000  -1.442085e+000  -1.328270e+000  -1.211015e+000  -1.094584e+000  -9.822331e-001  -8.762192e-001  -7.779180e-001  -6.430233e-001  -4.973442e-001  -2.892460e-001  -8.242606e-002  -0.000000e+000  
-2.638621e+000  -2.576893e+000  -2.458335e+000  -2.292235e+000  -2.085424e+000  -1.851549e+000  -1.613619e+000  -1.385220e+000  -1.175317e+000  -9.886314e-001  -8.266364e-001  -6.886422e-001  -5.147417e-001  -3.559001e-001  -1.655807e-001  -3.703204e-002  -0.000000e+000  
-3.445002e+000  -3.334789e+000  -3.124189e+000  -2.832950e+000  -2.476714e+000  -2.089017e+000  -1.718441e+000  -1.387435e+000  -1.105446e+000  -8.729136e-001  -6.853966e-001  -5.365318e-001  -3.613410e-001  -2.200391e-001  -7.294929e-002  -7.764103e-003  -0.000000e+000  
-4.704894e+000  -4.505511e+000  -4.121075e+000  -3.587678e+000  -2.943001e+000  -2.277898e+000  -1.696987e+000  -1.229886e+000  -8.730584e-001  -6.086696e-001  -4.163371e-001  -2.782216e-001  -1.314302e-001  -3.464370e-002  3.929803e-002  2.506410e-002  -0.000000e+000  
-5.467468e+000  -5.213796e+000  -4.713599e+000  -4.001867e+000  -3.133827e+000  -2.275630e+000  -1.577476e+000  -1.056906e+000  -6.863013e-001  -4.285844e-001  -2.516949e-001  -1.316951e-001  -1.186293e-002  5.591020e-002  9.016327e-002  3.925580e-002  -0.000000e+000  
-6.409608e+000  -6.096611e+000  -5.455828e+000  -4.499602e+000  -3.299383e+000  -2.182161e+000  -1.356036e+000  -7.976365e-001  -4.345058e-001  -2.018831e-001  -5.420377e-002  3.802766e-002  1.210547e-001  1.535882e-001  1.430418e-001  5.365637e-002  -0.000000e+000  
-7.573385e+000  -7.211670e+000  -6.421649e+000  -5.131258e+000  -3.387522e+000  -1.921299e+000  -9.801423e-001  -4.255655e-001  -1.072432e-001  7.399977e-002  1.754511e-001  2.292007e-001  2.654164e-001  2.569586e-001  1.972558e-001  6.810820e-002  -0.000000e+000  
-8.993258e+000  -8.630363e+000  -7.742639e+000  -6.026089e+000  -3.269193e+000  -1.356947e+000  -3.804686e-001  8.340004e-002  2.995562e-001  3.962849e-001  4.329480e-001  4.377466e-001  4.182229e-001  3.641104e-001  2.520163e-001  8.243958e-002  -0.000000e+000  
-1.020179e+001  -9.911771e+000  -9.090627e+000  -7.095832e+000  -2.820601e+000  -5.953359e-001  2.506706e-001  5.497841e-001  6.432996e-001  6.558785e-001  6.344325e-001  5.980068e-001  5.334600e-001  4.438771e-001  2.920949e-001  9.279067e-002  -0.000000e+000  
-1.152098e+001  -1.139689e+001  -1.089030e+001  -8.962500e+000  -1.661826e+000  5.996899e-001  1.053867e+000  1.081041e+000  1.012760e+000  9.264443e-001  8.408920e-001  7.605938e-001  6.491967e-001  5.234088e-001  3.316256e-001  1.029034e-001  -0.000000e+000  
-1.288666e+001  -1.302819e+001  -1.323694e+001  -1.275895e+001  1.196327e+000  2.363226e+000  1.991762e+000  1.642764e+000  1.388313e+000  1.197157e+000  1.046051e+000  9.216016e-001  7.634172e-001  6.016375e-001  3.702312e-001  1.127025e-001  -0.000000e+000  
-1.419619e+001  -1.463198e+001  -1.584693e+001  -1.932881e+001  1.042571e+001  4.611437e+000  2.923426e+000  2.175444e+000  1.744546e+000  1.455778e+000  1.243265e+000  1.077023e+000  8.740945e-001  6.774953e-001  4.075348e-001  1.221131e-001  -0.000000e+000  
-1.570367e+001  -1.632695e+001  -1.798905e+001  -2.212483e+001  9.587571e+000  5.590227e+000  3.717773e+000  2.741032e+000  2.158222e+000  1.769802e+000  1.488805e+000  1.273369e+000  1.015777e+000  7.751501e-001  4.555554e-001  1.341625e-001  -0.000000e+000  
-1.676353e+001  -1.727804e+001  -1.836448e+001  -1.985673e+001  6.957897e+000  5.339295e+000  3.994803e+000  3.079957e+000  2.460670e+000  2.022806e+000  1.697418e+000  1.445315e+000  1.143314e+000  8.642174e-001  4.996164e-001  1.451822e-001  -0.000000e+000  
-1.777217e+001  -1.794601e+001  -1.823556e+001  -1.849731e+001  4.775287e+000  4.372223e+000  3.809559e+000  3.250001e+000  2.755179e+000  2.337534e+000  1.990892e+000  1.704102e+000  1.347213e+000  1.010919e+000  5.735041e-001  1.636439e-001  -0.000000e+000  
-1.809962e+001  -1.813336e+001  -1.818399e+001  -1.822272e+001  3.755356e+000  3.621204e+000  3.380978e+000  3.081967e+000  2.762243e+000  2.447232e+000  2.151670e+000  1.882705e+000  1.522567e+000  1.154037e+000  6.533252e-001  1.840346e-001  -0.000000e+000  
-1.777217e+001  -1.794601e+001  -1.823556e+001  -1.849731e+001  4.775287e+000  4.372223e+000  3.809559e+000  3.250001e+000  2.755179e+000  2.337534e+000  1.990892e+000  1.704102e+000  1.347213e+000  1.010919e+000  5.735041e-001  1.636439e-001  -0.000000e+000  
-1.676353e+001  -1.727804e+001  -1.836448e+001  -1.985673e+001  6.957897e+000  5.339295e+000  3.994803e+000  3.079957e+000  2.460670e+000  2.022806e+000  1.697418e+000  1.445315e+000  1.143314e+000  8.642174e-001  4.996164e-001  1.451822e-001  -0.000000e+000  
-1.570367e+001  -1.632695e+001  -1.798905e+001  -2.212483e+001  9.587571e+000  5.590227e+000  3.717773e+000  2.741032e+000  2.158222e+000  1.769802e+000  1.488805e+000  1.273369e+000  1.015777e+000  7.751501e-001  4.555554e-001  1.341624e-001  -0.000000e+000  
-1.419619e+001  -1.463198e+001  -1.584693e+001  -1.932881e+001  1.042571e+001  4.611437e+000  2.923426e+000  2.175444e+000  1.744546e+000  1.455778e+000  1.243265e+000  1.077023e+000  8.740945e-001  6.774953e-001  4.075348e-001  1.221131e-001  -0.000000e+000  
-1.288666e+001  -1.302819e+001  -1.323694e+001  -1.275895e+001  1.196327e+000  2.363226e+000  1.991762e+000  1.642764e+000  1.388313e+000  1.197157e+000  1.046051e+000  9.216016e-001  7.634172e-001  6.016375e-001  3.702312e-001  1.127025e-001  -0.000000e+000  
-1.152098e+001  -1.139689e+001  -1.089030e+001  -8.962500e+000  -1.661826e+000  5.996899e-001  1.053867e+000  1.081041e+000  1.012760e+000  9.264443e-001  8.408920e-001  7.605938e-001  6.491967e-001  5.234088e-001  3.316256e-001  1.029034e-001  -0.000000e+000  
-1.020179e+001  -9.911771e+000  -9.090627e+000  -7.095832e+000  -2.820601e+000  -5.953359e-001  2.506706e-001  5.497841e-001  6.432996e-001  6.558785e-001  6.344325e-001  5.980068e-001  5.334600e-001  4.438771e-001  2.920949e-001  9.279067e-002  -0.000000e+000  
-8.993258e+000  -8.630363e+000  -7.742639e+000  -6.026089e+000  -3.269193e+000  -1.356947e+000  -3.804686e-001  8.340004e-002  2.995562e-001  3.962849e-001  4.329480e-001  4.377466e-001  4.182229e-001  3.641104e-001  2.520163e-001  8.243958e-002  -0.000000e+000  
-7.573385e+000  -7.211670e+000  -6.421649e+000  -5.131258e+000  -3.387522e+000  -1.921299e+000  -9.801423e-001  -4.255655e-001  -1.072432e-001  7.399977e-002  1.754511e-001  2.292007e-001  2.654164e-001  2.569586e-001  1.972558e-001  6.810820e-002  -0.000000e+000  
-6.409608e+000  -6.096611e+000  -5.455828e+000  -4.499602e+000  -3.299383e+000  -2.182161e+000  -1.356036e+000  -7.976365e-001  -4.345058e-001  -2.018831e-001  -5.420377e-002  3.802765e-002  1.210547e-001  1.535882e-001  1.430418e-001  5.365637e-002  -0.000000e+000  
-5.467468e+000  -5.213796e+000  -4.713599e+000  -4.001867e+000  -3.133827e+000  -2.275630e+000  -1.577476e+000  -1.056906e+000  -6.863013e-001  -4.285844e-001  -2.516949e-001  -1.316951e-001  -1.186293e-002  5.591020e-002  9.016327e-002  3.925580e-002  -0.000000e+000  
-4.704894e+000  -4.505511e+000  -4.121075e+000  -3.587678e+000  -2.943001e+000  -2.277898e+000  -1.696987e+000  -1.229886e+000  -8.730584e-001  -6.086696e-001  -4.163371e-001  -2.782216e-001  -1.314302e-001  -3.464370e-002  3.929803e-002  2.506410e-002  -0.000000e+000  
-3.445002e+000  -3.334789e+000  -3.124189e+000  -2.832950e+000  -2.476714e+000  -2.089017e+000  -1.718441e+000  -1.387435e+000  -1.105446e+000  -8.729136e-001  -6.853966e-001  -5.365318e-001  -3.613410e-001  -2.200391e-001  -7.294929e-002  -7.764103e-003  -0.000000e+000  
-2.638621e+000  -2.576893e+000  -2.458335e+000  -2.292235e+000  -2.085424e+000  -1.851549e+000  -1.613619e+000  -1.385220e+000  -1.175317e+000  -9.886314e-001  -8.266364e-001  -6.886422e-001  -5.147417e-001  -3.559001e-001  -1.655807e-001  -3.703204e-002  -0.000000e+000  
-1.784429e+000  -1.758830e+000  -1.709023e+000  -1.637641e+000  -1.547362e+000  -1.442085e+000  -1.328270e+000  -1.211015e+000  -1.094584e+000  -9.822331e-001  -8.762192e-001  -7.779180e-001  -6.430233e-001  -4.973442e-001  -2.892460e-001  -8.242606e-002  -0.000000e+000  
-1.330783e+000  -1.318270e+000  -1.293675e+000  -1.257816e+000  -1.212451e+000  -1.159127e+000  -1.099160e+000  -1.034494e+000  -9.669562e-001  -8.981735e-001  -8.295167e-001  -7.620809e-001  -6.639969e-001  -5.448724e-001  -3.537864e-001  -1.119452e-001  -0.000000e+000  
-1.104178e+000  -1.096473e+000  -1.081229e+000  -1.058769e+000  -1.030605e+000  -9.976967e-001  -9.597968e-001  -9.177660e-001  -8.724765e-001  -8.247734e-001  -7.754440e-001  -7.251952e-001  -6.493631e-001  -5.501070e-001  -3.790788e-001  -1.271152e-001  -0.000000e+000  
-1.050867e+000  -1.044149e+000  -1.030834e+000  -1.011157e+000  -9.865847e-001  -9.579761e-001  -9.247995e-001  -8.877052e-001  -8.473701e-001  -8.044690e-001  -7.596510e-001  -7.135202e-001  -6.431710e-001  -5.491486e-001  -3.839683e-001  -1.306088e-001  -0.000000e+000  

0.000000e+000  0.000000e+000  0.000000e+000  0.000000e+000  0.000000e+000  0.000000e+000  0.000000e+000  0.000000e+000  0.000000e+000  0.000000e+000  0.000000e+000  0.000000e+000  0.000000e+000  0.000000e+000  0.000000e+000  0.000000e+000  0.000000e+000  
0.000000e+000  0.000000e+000  0.000000e+000  0.000000e+000  0.000000e+000  0.000000e+000  0.000000e+000  0.000000e+000  0.000000e+000  0.000000e+000  0.000000e+000  0.000000e+000  0.000000e+000  0.000000e+000  0.000000e+000  0.000000e+000  0.000000e+000  
0.000000e+000  0.000000e+000  0.000000e+000  0.000000e+000  0.000000e+000  0.000000e+000  0.000000e+000  0.000000e+000  0.000000e+000  0.000000e+000  0.000000e+000  0.000000e+000  0.000000e+000  0.000000e+000  0.000000e+000  0.000000e+000  0.000000e+000  
0.000000e+000  0.000000e+000  0.000000e+000  0.000000e+000  0.000000e+000  0.000000e+000  0.000000e+000  0.000000e+000  0.000000e+000  0.000000e+000  0.000000e+000  0.000000e+000  0.000000e+000  0.000000e+000  0.000000e+000  0.000000e+000  0.000000e+000  
0.000000e+000  0.000000e+000  0.000000e+000  0.000000e+000  0.000000e+000  0.000000e+000  0.000000e+000  0.000000e+000  0.000000e+000  0.000000e+000  0.000000e+000  0.000000e+000  0.000000e+000  0.000000e+000  0.000000e+000  0.000000e+000  0.000000e+000  
0.000000e+000  0.000000e+000  0.000000e+000  0.000000e+000  0.000000e+000  0.000000e+000  0.000000e+000  0.000000e+000  0.000000e+000  0.000000e+000  0.000000e+000  0.000000e+000  0.000000e+000  0.000000e+000  0.000000e+000  0.000000e+000  0.000000e+000  
0.000000e+000  0.000000e+000  0.000000e+000  0.000000e+000  0.000000e+000  0.000000e+000  0.000000e+000  0.000000e+000  0.000000e+000  0.000000e+000  0.000000e+000  0.000000e+000  0.000000e+000  0.000000e+000  0.000000e+000  0.000000e+000  0.000000e+000  
0.000000e+000  0.000000e+000  0.000000e+000  0.000000e+000  0.000000e+000  0.000000e+000  0.000000e+000  0.000000e+000  0.000000e+000  0.000000e+000  0.000000e+000  0.000000e+000  0.000000e+000  0.000000e+000  0.000000e+000  0.000000e+000  0.000000e+000  
0.000000e+000  0.000000e+000  0.000000e+000  0.000000e+000  0.000000e+000  0.000000e+000  0.000000e+000  0.000000e+000  0.000000e+000  0.000000e+000  0.000000e+000  0.000000e+000  0.000000e+000  0.000000e+000  0.000000e+000  0.000000e+000  0.000000e+000  
0.000000e+000  0.000000e+000  0.000000e+000  0.000000e+000  0.000000e+000  0.000000e+000  0.000000e+000  0.000000e+000  0.000000e+000  0.000000e+000  0.000000e+000  0.000000e+000  0.000000e+000  0.000000e+000  0.000000e+000  0.000000e+000  0.000000e+000  
0.000000e+000  0.000000e+000  0.000000e+000  0.000000e+000  0.000000e+000  0.000000e+000  0.000000e+000  0.000000e+000  0.000000e+000  0.000000e+000  0.000000e+000  0.000000e+000  0.000000e+000  0.000000e+000  0.000000e+000  0.000000e+000  0.000000e+000  
0.000000e+000  0.000000e+000  0.000000e+000  0.000000e+000  0.000000e+000  0.000000e+000  0.000000e+000  0.000000e+000  0.000000e+000  0.000000e+000  0.000000e+000  0.000000e+000  0.000000e+000  0.000000e+000  0.000000e+000  0.000000e+000  0.000000e+000  
0.000000e+000  0.000000e+000  0.000000e+000  0.000000e+000  0.000000e+000  0.000000e+000  0.000000e+000  0.000000e+000  0.000000e+000  0.000000e+000  0.000000e+000  0.000000e+000  0.000000e+000  0.000000e+000  0.000000e+000  0.000000e+000  0.000000e+000  
0.000000e+000  0.000000e+000  0.000000e+000  0.000000e+000  0.000000e+000  0.000000e+000  0.000000e+000  0.000000e+000  0.000000e+000  0.000000e+000  0.000000e+000  0.000000e+000  0.000000e+000  0.000000e+000  0.000000e+000  0.000000e+000  0.000000e+000  
0.000000e+000  0.000000e+000  0.000000e+000  0.000000e+000  0.000000e+000  0.000000e+000  0.000000e+000  0.000000e+000  0.000000e+000  0.000000e+000  0.000000e+000  0.000000e+000  0.000000e+000  0.000000e+000  0.000000e+000  0.000000e+000  0.000000e+000  
0.000000e+000  0.000000e+000  0.000000e+000  0.000000e+000  0.000000e+000  0.000000e+000  0.000000e+000  0.000000e+000  0.000000e+000  0.000000e+000  0.000000e+000  0.000000e+000  0.000000e+000  0.000000e+000  0.000000e+000  0.000000e+000  0.000000e+000  
0.000000e+000  0.000000e+000  0.000000e+000  0.000000e+000  0.000000e+000  0.000000e+000  0.000000e+000  0.000000e+000  0.000000e+000  0.000000e+000  0.000000e+000  0.000000e+000  0.000000e+000  0.000000e+000  0.000000e+000  0.000000e+000  0.000000e+000  
0.000000e+000  0.000000e+000  0.000000e+000  0.000000e+000  0.000000e+000  0.000000e+000  0.000000e+000  0.000000e+000  0.000000e+000  0.000000e+000  0.000000e+000  0.000000e+000  0.000000e+000  0.000000e+000  0.000000e+000  0.000000e+000  0.000000e+000  
0.000000e+000  0.000000e+000  0.000000e+000  0.000000e+000  0.000000e+000  0.000000e+000  0.000000e+000  0.000000e+000  0.000000e+000  0.000000e+000  0.000000e+000  0.000000e+000  0.000000e+000  0.000000e+000  0.000000e+000  0.000000e+000  0.000000e+000  
0.000000e+000  0.000000e+000  0.000000e+000  0.000000e+000  0.000000e+000  0.000000e+000  0.000000e+000  0.000000e+000  0.000000e+000  0.000000e+000  0.000000e+000  0.000000e+000  0.000000e+000  0.000000e+000  0.000000e+000  0.000000e+000  0.000000e+000  
0.000000e+000  0.000000e+000  0.000000e+000  0.000000e+000  0.000000e+000  0.000000e+000  0.000000e+000  0.000000e+000  0.000000e+000  0.000000e+000  0.000000e+000  0.000000e+000  0.000000e+000  0.000000e+000  0.000000e+000  0.000000e+000  0.000000e+000  
0.000000e+000  0.000000e+000  0.000000e+000  0.000000e+000  0.000000e+000  0.000000e+000  0.000000e+000  0.000000e+000  0.000000e+000  0.000000e+000  0.000000e+000  0.000000e+000  0.000000e+000  0.000000e+000  0.000000e+000  0.000000e+000  0.000000e+000  
0.000000e+000  0.000000e+000  0.000000e+000  0.000000e+000  0.000000e+000  0.000000e+000  0.000000e+000  0.000000e+000  0.000000e+000  0.000000e+000  0.000000e+000  0.000000e+000  0.000000e+000  0.000000e+000  0.000000e+000  0.000000e+000  0.000000e+000  
0.000000e+000  0.000000e+000  0.000000e+000  0.000000e+000  0.000000e+000  0.000000e+000  0.000000e+000  0.000000e+000  0.000000e+000  0.000000e+000  0.000000e+000  0.000000e+000  0.000000e+000  0.000000e+000  0.000000e+000  0.000000e+000  0.000000e+000  
0.000000e+000  0.000000e+000  0.000000e+000  0.000000e+000  0.000000e+000  0.000000e+000  0.000000e+000  0.000000e+000  0.000000e+000  0.000000e+000  0.000000e+000  0.000000e+000  0.000000e+000  0.000000e+000  0.000000e+000  0.000000e+000  0.000000e+000  
0.000000e+000  0.000000e+000  0.000000e+000  0.000000e+000  0.000000e+000  0.000000e+000  0.000000e+000  0.000000e+000  0.000000e+000  0.000000e+000  0.000000e+000  0.000000e+000  0.000000e+000  0.000000e+000  0.000000e+000  0.000000e+000  0.000000e+000  
0.000000e+000  0.000000e+000  0.000000e+000  0.000000e+000  0.000000e+000  0.000000e+000  0.000000e+000  0.000000e+000  0.000000e+000  0.000000e+000  0.000000e+000  0.000000e+000  0.000000e+000  0.000000e+000  0.000000e+000  0.000000e+000  0.000000e+000  
0.000000e+000  0.000000e+000  0.000000e+000  0.000000e+000  0.000000e+000  0.000000e+000  0.000000e+000  0.000000e+000  0.000000e+000  0.000000e+000  0.000000e+000  0.000000e+000  0.000000e+000  0.000000e+000  0.000000e+000  0.000000e+000  0.000000e+000  
0.000000e+000  0.000000e+000  0.000000e+000  0.000000e+000  0.000000e+000  0.000000e+000  0.000000e+000  0.000000e+000  0.000000e+000  0.000000e+000  0.000000e+000  0.000000e+000  0.000000e+000  0.000000e+000  0.000000e+000  0.000000e+000  0.000000e+000  
0.000000e+000  0.000000e+000  0.000000e+000  0.000000e+000  0.000000e+000  0.000000e+000  0.000000e+000  0.000000e+000  0.000000e+000  0.000000e+000  0.000000e+000  0.000000e+000  0.000000e+000  0.000000e+000  0.000000e+000  0.000000e+000  0.000000e+000  
0.000000e+000  0.000000e+000  0.000000e+000  0.000000e+000  0.000000e+000  0.000000e+000  0.000000e+000  0.000000e+000  0.000000e+000  0.000000e+000  0.000000e+000  0.000000e+000  0.000000e+000  0.000000e+000  0.000000e+000  0.000000e+000  0.000000e+000  
0.000000e+000  0.000000e+000  0.000000e+000  0.000000e+000  0.000000e+000  0.000000e+000  0.000000e+000  0.000000e+000  0.000000e+000  0.000000e+000  0.000000e+000  0.000000e+000  0.000000e+000  0.000000e+000  0.000000e+000  0.000000e+000  0.000000e+000  
0.000000e+000  0.000000e+000  0.000000e+000  0.000000e+000  0.000000e+000  0.000000e+000  0.000000e+000  0.000000e+000  0.000000e+000  0.000000e+000  0.000000e+000  0.000000e+000  0.000000e+000  0.000000e+000  0.000000e+000  0.000000e+000  0.000000e+000  
0.000000e+000  0.000000e+000  0.000000e+000  0.000000e+000  0.000000e+000  0.000000e+000  0.000000e+000  0.000000e+000  0.000000e+000  0.000000e+000  0.000000e+000  0.000000e+000  0.000000e+000  0.000000e+000  0.000000e+000  0.000000e+000  0.000000e+000  
0.000000e+000  0.000000e+000  0.000000e+000  0.000000e+000  0.000000e+000  0.000000e+000  0.000000e+000  0.000000e+000  0.000000e+000  0.000000e+000  0.000000e+000  0.000000e+000  0.000000e+000  0.000000e+000  0.000000e+000  0.000000e+000  0.000000e+000  
0.000000e+000  0.000000e+000  0.000000e+000  0.000000e+000  0.000000e+000  0.000000e+000  0.000000e+000  0.000000e+000  0.000000e+000  0.000000e+000  0.000000e+000  0.000000e+000  0.000000e+000  0.000000e+000  0.000000e+000  0.000000e+000  0.000000e+000  
0.000000e+000  0.000000e+000  0.000000e+000  0.000000e+000  0.000000e+000  0.000000e+000  0.000000e+000  0.000000e+000  0.000000e+000  0.000000e+000  0.000000e+000  0.000000e+000  0.000000e+000  0.000000e+000  0.000000e+000  0.000000e+000  0.000000e+000  

0.000000e+000  0.000000e+000  0.000000e+000  0.000000e+000  0.000000e+000  0.000000e+000  0.000000e+000  0.000000e+000  0.000000e+000  0.000000e+000  0.000000e+000  0.000000e+000  0.000000e+000  0.000000e+000  0.000000e+000  0.000000e+000  0.000000e+000  
0.000000e+000  0.000000e+000  0.000000e+000  0.000000e+000  0.000000e+000  0.000000e+000  0.000000e+000  0.000000e+000  0.000000e+000  0.000000e+000  0.000000e+000  0.000000e+000  0.000000e+000  0.000000e+000  0.000000e+000  0.000000e+000  0.000000e+000  
0.000000e+000  0.000000e+000  0.000000e+000  0.000000e+000  0.000000e+000  0.000000e+000  0.000000e+000  0.000000e+000  0.000000e+000  0.000000e+000  0.000000e+000  0.000000e+000  0.000000e+000  0.000000e+000  0.000000e+000  0.000000e+000  0.000000e+000  
0.000000e+000  0.000000e+000  0.000000e+000  0.000000e+000  0.000000e+000  0.000000e+000  0.000000e+000  0.000000e+000  0.000000e+000  0.000000e+000  0.000000e+000  0.000000e+000  0.000000e+000  0.000000e+000  0.000000e+000  0.000000e+000  0.000000e+000  
0.000000e+000  0.000000e+000  0.000000e+000  0.000000e+000  0.000000e+000  0.000000e+000  0.000000e+000  0.000000e+000  0.000000e+000  0.000000e+000  0.000000e+000  0.000000e+000  0.000000e+000  0.000000e+000  0.000000e+000  0.000000e+000  0.000000e+000  
0.000000e+000  0.000000e+000  0.000000e+000  0.000000e+000  0.000000e+000  0.000000e+000  0.000000e+000  0.000000e+000  0.000000e+000  0.000000e+000  0.000000e+000  0.000000e+000  0.000000e+000  0.000000e+000  0.000000e+000  0.000000e+000  0.000000e+000  
0.000000e+000  0.000000e+000  0.000000e+000  0.000000e+000  0.000000e+000  0.000000e+000  0.000000e+000  0.000000e+000  0.000000e+000  0.000000e+000  0.000000e+000  0.000000e+000  0.000000e+000  0.000000e+000  0.000000e+000  0.000000e+000  0.000000e+000  
0.000000e+000  0.000000e+000  0.000000e+000  0.000000e+000  0.000000e+000  0.000000e+000  0.000000e+000  0.000000e+000  0.000000e+000  0.000000e+000  0.000000e+000  0.000000e+000  0.000000e+000  0.000000e+000  0.000000e+000  0.000000e+000  0.000000e+000  
0.000000e+000  0.000000e+000  0.000000e+000  0.000000e+000  0.000000e+000  0.000000e+000  0.000000e+000  0.000000e+000  0.000000e+000  0.000000e+000  0.000000e+000  0.000000e+000  0.000000e+000  0.000000e+000  0.000000e+000  0.000000e+000  0.000000e+000  
0.000000e+000  0.000000e+000  0.000000e+000  0.000000e+000  0.000000e+000  0.000000e+000  0.000000e+000  0.000000e+000  0.000000e+000  0.000000e+000  0.000000e+000  0.000000e+000  0.000000e+000  0.000000e+000  0.000000e+000  0.000000e+000  0.000000e+000  
0.000000e+000  0.000000e+000  0.000000e+000  0.000000e+000  0.000000e+000  0.000000e+000  0.000000e+000  0.000000e+000  0.000000e+000  0.000000e+000  0.000000e+000  0.000000e+000  0.000000e+000  0.000000e+000  0.000000e+000  0.000000e+000  0.000000e+000  
0.000000e+000  0.000000e+000  0.000000e+000  0.000000e+000  0.000000e+000  0.000000e+000  0.000000e+000  0.000000e+000  0.000000e+000  0.000000e+000  0.000000e+000  0.000000e+000  0.000000e+000  0.000000e+000  0.000000e+000  0.000000e+000  0.000000e+000  
0.000000e+000  0.000000e+000  0.000000e+000  0.000000e+000  0.000000e+000  0.000000e+000  0.000000e+000  0.000000e+000  0.000000e+000  0.000000e+000  0.000000e+000  0.000000e+000  0.000000e+000  0.000000e+000  0.000000e+000  0.000000e+000  0.000000e+000  
0.000000e+000  0.000000e+000  0.000000e+000  0.000000e+000  0.000000e+000  0.000000e+000  0.000000e+000  0.000000e+000  0.000000e+000  0.000000e+000  0.000000e+000  0.000000e+000  0.000000e+000  0.000000e+000  0.000000e+000  0.000000e+000  0.000000e+000  
0.000000e+000  0.000000e+000  0.000000e+000  0.000000e+000  0.000000e+000  0.000000e+000  0.000000e+000  0.000000e+000  0.000000e+000  0.000000e+000  0.000000e+000  0.000000e+000  0.000000e+000  0.000000e+000  0.000000e+000  0.000000e+000  0.000000e+000  
0.000000e+000  0.000000e+000  0.000000e+000  0.000000e+000  0.000000e+000  0.000000e+000  0.000000e+000  0.000000e+000  0.000000e+000  0.000000e+000  0.000000e+000  0.000000e+000  0.000000e+000  0.000000e+000  0.000000e+000  0.000000e+000  0.000000e+000  
0.000000e+000  0.000000e+000  0.000000e+000  0.000000e+000  0.000000e+000  0.000000e+000  0.000000e+000  0.000000e+000  0.000000e+000  0.000000e+000  0.000000e+000  0.000000e+000  0.000000e+000  0.000000e+000  0.000000e+000  0.000000e+000  0.000000e+000  
0.000000e+000  0.000000e+000  0.000000e+000  0.000000e+000  0.000000e+000  0.000000e+000  0.000000e+000  0.000000e+000  0.000000e+000  0.000000e+000  0.000000e+000  0.000000e+000  0.000000e+000  0.000000e+000  0.000000e+000  0.000000e+000  0.000000e+000  
0.000000e+000  0.000000e+000  0.000000e+000  0.000000e+000  0.000000e+000  0.000000e+000  0.000000e+000  0.000000e+000  0.000000e+000  0.000000e+000  0.000000e+000  0.000000e+000  0.000000e+000  0.000000e+000  0.000000e+000  0.000000e+000  0.000000e+000  
0.000000e+000  0.000000e+000  0.000000e+000  0.000000e+000  0.000000e+000  0.000000e+000  0.000000e+000  0.000000e+000  0.000000e+000  0.000000e+000  0.000000e+000  0.000000e+000  0.000000e+000  0.000000e+000  0.000000e+000  0.000000e+000  0.000000e+000  
0.000000e+000  0.000000e+000  0.000000e+000  0.000000e+000  0.000000e+000  0.000000e+000  0.000000e+000  0.000000e+000  0.000000e+000  0.000000e+000  0.000000e+000  0.000000e+000  0.000000e+000  0.000000e+000  0.000000e+000  0.000000e+000  0.000000e+000  
0.000000e+000  0.000000e+000  0.000000e+000  0.000000e+000  0.000000e+000  0.000000e+000  0.000000e+000  0.000000e+000  0.000000e+000  0.000000e+000  0.000000e+000  0.000000e+000  0.000000e+000  0.000000e+000  0.000000e+000  0.000000e+000  0.000000e+000  
0.000000e+000  0.000000e+000  0.000000e+000  0.000000e+000  0.000000e+000  0.000000e+000  0.000000e+000  0.000000e+000  0.000000e+000  0.000000e+000  0.000000e+000  0.000000e+000  0.000000e+000  0.000000e+000  0.000000e+000  0.000000e+000  0.000000e+000  
0.000000e+000  0.000000e+000  0.000000e+000  0.000000e+000  0.000000e+000  0.000000e+000  0.000000e+000  0.000000e+000  0.000000e+000  0.000000e+000  0.000000e+000  0.000000e+000  0.000000e+000  0.000000e+000  0.000000e+000  0.000000e+000  0.000000e+000  
0.000000e+000  0.000000e+000  0.000000e+000  0.000000e+000  0.000000e+000  0.000000e+000  0.000000e+000  0.000000e+000  0.000000e+000  0.000000e+000  0.000000e+000  0.000000e+000  0.000000e+000  0.000000e+000  0.000000e+000  0.000000e+000  0.000000e+000  
0.000000e+000  0.000000e+000  0.000000e+000  0.000000e+000  0.000000e+000  0.000000e+000  0.000000e+000  0.000000e+000  0.000000e+000  0.000000e+000  0.000000e+000  0.000000e+000  0.000000e+000  0.000000e+000  0.000000e+000  0.000000e+000  0.000000e+000  
0.000000e+000  0.000000e+000  0.000000e+000  0.000000e+000  0.000000e+000  0.000000e+000  0.000000e+000  0.000000e+000  0.000000e+000  0.000000e+000  0.000000e+000  0.000000e+000  0.000000e+000  0.000000e+000  0.000000e+000  0.000000e+000  0.000000e+000  
0.000000e+000  0.000000e+000  0.000000e+000  0.000000e+000  0.000000e+000  0.000000e+000  0.000000e+000  0.000000e+000  0.000000e+000  0.000000e+000  0.000000e+000  0.000000e+000  0.000000e+000  0.000000e+000  0.000000e+000  0.000000e+000  0.000000e+000  
0.000000e+000  0.000000e+000  0.000000e+000  0.000000e+000  0.000000e+000  0.000000e+000  0.000000e+000  0.000000e+000  0.000000e+000  0.000000e+000  0.000000e+000  0.000000e+000  0.000000e+000  0.000000e+000  0.000000e+000  0.000000e+000  0.000000e+000  
0.000000e+000  0.000000e+000  0.000000e+000  0.000000e+000  0.000000e+000  0.000000e+000  0.000000e+000  0.000000e+000  0.000000e+000  0.000000e+000  0.000000e+000  0.000000e+000  0.000000e+000  0.000000e+000  0.000000e+000  0.000000e+000  0.000000e+000  
0.000000e+000  0.000000e+000  0.000000e+000  0.000000e+000  0.000000e+000  0.000000e+000  0.000000e+000  0.000000e+000  0.000000e+000  0.000000e+000  0.000000e+000  0.000000e+000  0.000000e+000  0.000000e+000  0.000000e+000  0.000000e+000  0.000000e+000  
0.000000e+000  0.000000e+000  0.000000e+000  0.000000e+000  0.000000e+000  0.000000e+000  0.000000e+000  0.000000e+000  0.000000e+000  0.000000e+000  0.000000e+000  0.000000e+000  0.000000e+000  0.000000e+000  0.000000e+000  0.000000e+000  0.000000e+000  
0.000000e+000  0.000000e+000  0.000000e+000  0.000000e+000  0.000000e+000  0.000000e+000  0.000000e+000  0.000000e+000  0.000000e+000  0.000000e+000  0.000000e+000  0.000000e+000  0.000000e+000  0.000000e+000  0.000000e+000  0.000000e+000  0.000000e+000  
0.000000e+000  0.000000e+000  0.000000e+000  0.000000e+000  0.000000e+000  0.000000e+000  0.000000e+000  0.000000e+000  0.000000e+000  0.000000e+000  0.000000e+000  0.000000e+000  0.000000e+000  0.000000e+000  0.000000e+000  0.000000e+000  0.000000e+000  
0.000000e+000  0.000000e+000  0.000000e+000  0.000000e+000  0.000000e+000  0.000000e+000  0.000000e+000  0.000000e+000  0.000000e+000  0.000000e+000  0.000000e+000  0.000000e+000  0.000000e+000  0.000000e+000  0.000000e+000  0.000000e+000  0.000000e+000  
0.000000e+000  0.000000e+000  0.000000e+000  0.000000e+000  0.000000e+000  0.000000e+000  0.000000e+000  0.000000e+000  0.000000e+000  0.000000e+000  0.000000e+000  0.000000e+000  0.000000e+000  0.000000e+000  0.000000e+000  0.000000e+000  0.000000e+000  
0.000000e+000  0.000000e+000  0.000000e+000  0.000000e+000  0.000000e+000  0.000000e+000  0.000000e+000  0.000000e+000  0.000000e+000  0.000000e+000  0.000000e+000  0.000000e+000  0.000000e+000  0.000000e+000  0.000000e+000  0.000000e+000  0.000000e+000  

0.000000e+000  0.000000e+000  0.000000e+000  0.000000e+000  0.000000e+000  0.000000e+000  0.000000e+000  0.000000e+000  0.000000e+000  0.000000e+000  0.000000e+000  0.000000e+000  0.000000e+000  0.000000e+000  0.000000e+000  0.000000e+000  0.000000e+000  
0.000000e+000  0.000000e+000  0.000000e+000  0.000000e+000  0.000000e+000  0.000000e+000  0.000000e+000  0.000000e+000  0.000000e+000  0.000000e+000  0.000000e+000  0.000000e+000  0.000000e+000  0.000000e+000  0.000000e+000  0.000000e+000  0.000000e+000  
0.000000e+000  0.000000e+000  0.000000e+000  0.000000e+000  0.000000e+000  0.000000e+000  0.000000e+000  0.000000e+000  0.000000e+000  0.000000e+000  0.000000e+000  0.000000e+000  0.000000e+000  0.000000e+000  0.000000e+000  0.000000e+000  0.000000e+000  
0.000000e+000  0.000000e+000  0.000000e+000  0.000000e+000  0.000000e+000  0.000000e+000  0.000000e+000  0.000000e+000  0.000000e+000  0.000000e+000  0.000000e+000  0.000000e+000  0.000000e+000  0.000000e+000  0.000000e+000  0.000000e+000  0.000000e+000  
0.000000e+000  0.000000e+000  0.000000e+000  0.000000e+000  0.000000e+000  0.000000e+000  0.000000e+000  0.000000e+000  0.000000e+000  0.000000e+000  0.000000e+000  0.000000e+000  0.000000e+000  0.000000e+000  0.000000e+000  0.000000e+000  0.000000e+000  
0.000000e+000  0.000000e+000  0.000000e+000  0.000000e+000  0.000000e+000  0.000000e+000  0.000000e+000  0.000000e+000  0.000000e+000  0.000000e+000  0.000000e+000  0.000000e+000  0.000000e+000  0.000000e+000  0.000000e+000  0.000000e+000  0.000000e+000  
0.000000e+000  0.000000e+000  0.000000e+000  0.000000e+000  0.000000e+000  0.000000e+000  0.000000e+000  0.000000e+000  0.000000e+000  0.000000e+000  0.000000e+000  0.000000e+000  0.000000e+000  0.000000e+000  0.000000e+000  0.000000e+000  0.000000e+000  
0.000000e+000  0.000000e+000  0.000000e+000  0.000000e+000  0.000000e+000  0.000000e+000  0.000000e+000  0.000000e+000  0.000000e+000  0.000000e+000  0.000000e+000  0.000000e+000  0.000000e+000  0.000000e+000  0.000000e+000  0.000000e+000  0.000000e+000  
0.000000e+000  0.000000e+000  0.000000e+000  0.000000e+000  0.000000e+000  0.000000e+000  0.000000e+000  0.000000e+000  0.000000e+000  0.000000e+000  0.000000e+000  0.000000e+000  0.000000e+000  0.000000e+000  0.000000e+000  0.000000e+000  0.000000e+000  
0.000000e+000  0.000000e+000  0.000000e+000  0.000000e+000  0.000000e+000  0.000000e+000  0.000000e+000  0.000000e+000  0.000000e+000  0.000000e+000  0.000000e+000  0.000000e+000  0.000000e+000  0.000000e+000  0.000000e+000  0.000000e+000  0.000000e+000  
0.000000e+000  0.000000e+000  0.000000e+000  0.000000e+000  0.000000e+000  0.000000e+000  0.000000e+000  0.000000e+000  0.000000e+000  0.000000e+000  0.000000e+000  0.000000e+000  0.000000e+000  0.000000e+000  0.000000e+000  0.000000e+000  0.000000e+000  
0.000000e+000  0.000000e+000  0.000000e+000  0.000000e+000  0.000000e+000  0.000000e+000  0.000000e+000  0.000000e+000  0.000000e+000  0.000000e+000  0.000000e+000  0.000000e+000  0.000000e+000  0.000000e+000  0.000000e+000  0.000000e+000  0.000000e+000  
0.000000e+000  0.000000e+000  0.000000e+000  0.000000e+000  0.000000e+000  0.000000e+000  0.000000e+000  0.000000e+000  0.000000e+000  0.000000e+000  0.000000e+000  0.000000e+000  0.000000e+000  0.000000e+000  0.000000e+000  0.000000e+000  0.000000e+000  
0.000000e+000  0.000000e+000  0.000000e+000  0.000000e+000  0.000000e+000  0.000000e+000  0.000000e+000  0.000000e+000  0.000000e+000  0.000000e+000  0.000000e+000  0.000000e+000  0.000000e+000  0.000000e+000  0.000000e+000  0.000000e+000  0.000000e+000  
0.000000e+000  0.000000e+000  0.000000e+000  0.000000e+000  0.000000e+000  0.000000e+000  0.000000e+000  0.000000e+000  0.000000e+000  0.000000e+000  0.000000e+000  0.000000e+000  0.000000e+000  0.000000e+000  0.000000e+000  0.000000e+000  0.000000e+000  
0.000000e+000  0.000000e+000  0.000000e+000  0.000000e+000  0.000000e+000  0.000000e+000  0.000000e+000  0.000000e+000  0.000000e+000  0.000000e+000  0.000000e+000  0.000000e+000  0.000000e+000  0.000000e+000  0.000000e+000  0.000000e+000  0.000000e+000  
0.000000e+000  0.000000e+000  0.000000e+000  0.000000e+000  0.000000e+000  0.000000e+000  0.000000e+000  0.000000e+000  0.000000e+000  0.000000e+000  0.000000e+000  0.000000e+000  0.000000e+000  0.000000e+000  0.000000e+000  0.000000e+000  0.000000e+000  
0.000000e+000  0.000000e+000  0.000000e+000  0.000000e+000  0.000000e+000  0.000000e+000  0.000000e+000  0.000000e+000  0.000000e+000  0.000000e+000  0.000000e+000  0.000000e+000  0.000000e+000  0.000000e+000  0.000000e+000  0.000000e+000  0.000000e+000  
0.000000e+000  0.000000e+000  0.000000e+000  0.000000e+000  0.000000e+000  0.000000e+000  0.000000e+000  0.000000e+000  0.000000e+000  0.000000e+000  0.000000e+000  0.000000e+000  0.000000e+000  0.000000e+000  0.000000e+000  0.000000e+000  0.000000e+000  
0.000000e+000  0.000000e+000  0.000000e+000  0.000000e+000  0.000000e+000  0.000000e+000  0.000000e+000  0.000000e+000  0.000000e+000  0.000000e+000  0.000000e+000  0.000000e+000  0.000000e+000  0.000000e+000  0.000000e+000  0.000000e+000  0.000000e+000  
0.000000e+000  0.000000e+000  0.000000e+000  0.000000e+000  0.000000e+000  0.000000e+000  0.000000e+000  0.000000e+000  0.000000e+000  0.000000e+000  0.000000e+000  0.000000e+000  0.000000e+000  0.000000e+000  0.000000e+000  0.000000e+000  0.000000e+000  
0.000000e+000  0.000000e+000  0.000000e+000  0.000000e+000  0.000000e+000  0.000000e+000  0.000000e+000  0.000000e+000  0.000000e+000  0.000000e+000  0.000000e+000  0.000000e+000  0.000000e+000  0.000000e+000  0.000000e+000  0.000000e+000  0.000000e+000  
0.000000e+000  0.000000e+000  0.000000e+000  0.000000e+000  0.000000e+000  0.000000e+000  0.000000e+000  0.000000e+000  0.000000e+000  0.000000e+000  0.000000e+000  0.000000e+000  0.000000e+000  0.000000e+000  0.000000e+000  0.000000e+000  0.000000e+000  
0.000000e+000  0.000000e+000  0.000000e+000  0.000000e+000  0.000000e+000  0.000000e+000  0.000000e+000  0.000000e+000  0.000000e+000  0.000000e+000  0.000000e+000  0.000000e+000  0.000000e+000  0.000000e+000  0.000000e+000  0.000000e+000  0.000000e+000  
0.000000e+000  0.000000e+000  0.000000e+000  0.000000e+000  0.000000e+000  0.000000e+000  0.000000e+000  0.000000e+000  0.000000e+000  0.000000e+000  0.000000e+000  0.000000e+000  0.000000e+000  0.000000e+000  0.000000e+000  0.000000e+000  0.000000e+000  
0.000000e+000  0.000000e+000  0.000000e+000  0.000000e+000  0.000000e+000  0.000000e+000  0.000000e+000  0.000000e+000  0.000000e+000  0.000000e+000  0.000000e+000  0.000000e+000  0.000000e+000  0.000000e+000  0.000000e+000  0.000000e+000  0.000000e+000  
0.000000e+000  0.000000e+000  0.000000e+000  0.000000e+000  0.000000e+000  0.000000e+000  0.000000e+000  0.000000e+000  0.000000e+000  0.000000e+000  0.000000e+000  0.000000e+000  0.000000e+000  0.000000e+000  0.000000e+000  0.000000e+000  0.000000e+000  
0.000000e+000  0.000000e+000  0.000000e+000  0.000000e+000  0.000000e+000  0.000000e+000  0.000000e+000  0.000000e+000  0.000000e+000  0.000000e+000  0.000000e+000  0.000000e+000  0.000000e+000  0.000000e+000  0.000000e+000  0.000000e+000  0.000000e+000  
0.000000e+000  0.000000e+000  0.000000e+000  0.000000e+000  0.000000e+000  0.000000e+000  0.000000e+000  0.000000e+000  0.000000e+000  0.000000e+000  0.000000e+000  0.000000e+000  0.000000e+000  0.000000e+000  0.000000e+000  0.000000e+000  0.000000e+000  
0.000000e+000  0.000000e+000  0.000000e+000  0.000000e+000  0.000000e+000  0.000000e+000  0.000000e+000  0.000000e+000  0.000000e+000  0.000000e+000  0.000000e+000  0.000000e+000  0.000000e+000  0.000000e+000  0.000000e+000  0.000000e+000  0.000000e+000  
0.000000e+000  0.000000e+000  0.000000e+000  0.000000e+000  0.000000e+000  0.000000e+000  0.000000e+000  0.000000e+000  0.000000e+000  0.000000e+000  0.000000e+000  0.000000e+000  0.000000e+000  0.000000e+000  0.000000e+000  0.000000e+000  0.000000e+000  
0.000000e+000  0.000000e+000  0.000000e+000  0.000000e+000  0.000000e+000  0.000000e+000  0.000000e+000  0.000000e+000  0.000000e+000  0.000000e+000  0.000000e+000  0.000000e+000  0.000000e+000  0.000000e+000  0.000000e+000  0.000000e+000  0.000000e+000  
0.000000e+000  0.000000e+000  0.000000e+000  0.000000e+000  0.000000e+000  0.000000e+000  0.000000e+000  0.000000e+000  0.000000e+000  0.000000e+000  0.000000e+000  0.000000e+000  0.000000e+000  0.000000e+000  0.000000e+000  0.000000e+000  0.000000e+000  
0.000000e+000  0.000000e+000  0.000000e+000  0.000000e+000  0.000000e+000  0.000000e+000  0.000000e+000  0.000000e+000  0.000000e+000  0.000000e+000  0.000000e+000  0.000000e+000  0.000000e+000  0.000000e+000  0.000000e+000  0.000000e+000  0.000000e+000  
0.000000e+000  0.000000e+000  0.000000e+000  0.000000e+000  0.000000e+000  0.000000e+000  0.000000e+000  0.000000e+000  0.000000e+000  0.000000e+000  0.000000e+000  0.000000e+000  0.000000e+000  0.000000e+000  0.000000e+000  0.000000e+000  0.000000e+000  
0.000000e+000  0.000000e+000  0.000000e+000  0.000000e+000  0.000000e+000  0.000000e+000  0.000000e+000  0.000000e+000  0.000000e+000  0.000000e+000  0.000000e+000  0.000000e+000  0.000000e+000  0.000000e+000  0.000000e+000  0.000000e+000  0.000000e+000  
0.000000e+000  0.000000e+000  0.000000e+000  0.000000e+000  0.000000e+000  0.000000e+000  0.000000e+000  0.000000e+000  0.000000e+000  0.000000e+000  0.000000e+000  0.000000e+000  0.000000e+000  0.000000e+000  0.000000e+000  0.000000e+000  0.000000e+000  

-6.125841e-002  -6.091761e-002  -6.023904e-002  -5.922886e-002  -5.772501e-002  -5.577961e-002  -5.360168e-002  -5.123054e-002  -4.870581e-002  -4.606600e-002  -4.334731e-002  -4.058274e-002  -3.641078e-002  -3.093078e-002  -2.143598e-002  -7.225870e-003  -0.000000e+000  
-2.020548e-001  -2.009100e-001  -1.986279e-001  -1.952251e-001  -1.900232e-001  -1.831944e-001  -1.755885e-001  -1.673559e-001  -1.586451e-001  -1.495980e-001  -1.403448e-001  -1.310013e-001  -1.170002e-001  -9.886447e-002  -6.784694e-002  -2.265227e-002  -0.000000e+000  
-3.729049e-001  -3.707571e-001  -3.664548e-001  -3.599897e-001  -3.492108e-001  -3.344344e-001  -3.182034e-001  -3.009083e-001  -2.829182e-001  -2.645665e-001  -2.461414e-001  -2.278819e-001  -2.010249e-001  -1.674893e-001  -1.120407e-001  -3.651627e-002  -0.000000e+000  
-5.668558e-001  -5.639345e-001  -5.579705e-001  -5.487463e-001  -5.297414e-001  -5.014145e-001  -4.710057e-001  -4.394374e-001  -4.075125e-001  -3.758867e-001  -3.450627e-001  -3.154006e-001  -2.730040e-001  -2.228661e-001  -1.439218e-001  -4.548935e-002  -0.000000e+000  
-7.407907e-001  -7.388411e-001  -7.344245e-001  -7.265801e-001  -6.981378e-001  -6.496256e-001  -5.991990e-001  -5.487424e-001  -4.996711e-001  -4.529370e-001  -4.091005e-001  -3.684245e-001  -3.122290e-001  -2.496221e-001  -1.559301e-001  -4.800918e-002  -0.000000e+000  
-8.637354e-001  -8.645848e-001  -8.651971e-001  -8.634864e-001  -8.274603e-001  -7.577109e-001  -6.873480e-001  -6.192950e-001  -5.553633e-001  -4.964614e-001  -4.428746e-001  -3.945062e-001  -3.293187e-001  -2.595742e-001  -1.586435e-001  -4.802722e-002  -0.000000e+000  
-9.473764e-001  -9.533965e-001  -9.636926e-001  -9.746506e-001  -9.324666e-001  -8.380146e-001  -7.463308e-001  -6.612819e-001  -5.844646e-001  -5.160880e-001  -4.556684e-001  -4.024452e-001  -3.321700e-001  -2.592158e-001  -1.561055e-001  -4.673661e-002  -0.000000e+000  
-9.918637e-001  -1.002154e+000  -1.020695e+000  -1.042899e+000  -9.969170e-001  -8.840876e-001  -7.775995e-001  -6.816029e-001  -5.970577e-001  -5.233601e-001  -4.593335e-001  -4.037041e-001  -3.310839e-001  -2.569215e-001  -1.534469e-001  -4.565265e-002  -0.000000e+000  
-1.028797e+000  -1.044808e+000  -1.074860e+000  -1.113665e+000  -1.063599e+000  -9.271599e-001  -8.033746e-001  -6.957987e-001  -6.038112e-001  -5.254191e-001  -4.584758e-001  -4.010834e-001  -3.269624e-001  -2.523948e-001  -1.495757e-001  -4.423687e-002  -0.000000e+000  
-1.054090e+000  -1.077222e+000  -1.122548e+000  -1.185454e+000  -1.130688e+000  -9.635980e-001  -8.203550e-001  -7.014774e-001  -6.031343e-001  -5.212337e-001  -4.524246e-001  -3.941382e-001  -3.195705e-001  -2.455206e-001  -1.444665e-001  -4.248907e-002  -0.000000e+000  
-1.061529e+000  -1.091420e+000  -1.152846e+000  -1.245480e+000  -1.185305e+000  -9.838461e-001  -8.233592e-001  -6.965245e-001  -5.946624e-001  -5.113513e-001  -4.421716e-001  -3.840525e-001  -3.101717e-001  -2.374546e-001  -1.389512e-001  -4.068721e-002  -0.000000e+000  
-1.056177e+000  -1.091158e+000  -1.166351e+000  -1.290266e+000  -1.223628e+000  -9.885403e-001  -8.156693e-001  -6.847649e-001  -5.818961e-001  -4.987439e-001  -4.301867e-001  -3.728752e-001  -3.003061e-001  -2.292968e-001  -1.336068e-001  -3.898553e-002  -0.000000e+000  
-1.037202e+000  -1.075251e+000  -1.160920e+000  -1.319354e+000  -1.242846e+000  -9.740855e-001  -7.951251e-001  -6.644765e-001  -5.631735e-001  -4.817560e-001  -4.148457e-001  -3.590453e-001  -2.885419e-001  -2.198273e-001  -1.276043e-001  -3.711401e-002  -0.000000e+000  
-1.003423e+000  -1.040843e+000  -1.127278e+000  -1.308309e+000  -1.216581e+000  -9.318030e-001  -7.597230e-001  -6.352390e-001  -5.384340e-001  -4.604081e-001  -3.961849e-001  -3.425991e-001  -2.749104e-001  -2.090713e-001  -1.209604e-001  -3.507817e-002  -0.000000e+000  
-9.464091e-001  -9.778044e-001  -1.044389e+000  -1.150133e+000  -1.017304e+000  -8.405927e-001  -7.006877e-001  -5.908003e-001  -5.025536e-001  -4.303355e-001  -3.704239e-001  -3.202317e-001  -2.567036e-001  -1.949165e-001  -1.123941e-001  -3.249095e-002  -0.000000e+000  
-8.581349e-001  -8.798781e-001  -9.207481e-001  -9.674860e-001  -8.047546e-001  -7.147731e-001  -6.157747e-001  -5.274856e-001  -4.522911e-001  -3.888706e-001  -3.353833e-001  -2.901537e-001  -2.325965e-001  -1.764359e-001  -1.014440e-001  -2.923613e-002  -0.000000e+000  
-7.021965e-001  -7.122510e-001  -7.287069e-001  -7.431486e-001  -5.719359e-001  -5.347261e-001  -4.797889e-001  -4.217172e-001  -3.671643e-001  -3.184705e-001  -2.760171e-001  -2.393982e-001  -1.922225e-001  -1.457520e-001  -8.353544e-002  -2.397885e-002  -0.000000e+000  
-2.972007e-001  -2.984081e-001  -3.002150e-001  -3.015917e-001  -2.051106e-001  -1.979759e-001  -1.851750e-001  -1.692003e-001  -1.520673e-001  -1.351305e-001  -1.191824e-001  -1.046147e-001  -8.503165e-002  -6.482471e-002  -3.711790e-002  -1.058309e-002  -0.000000e+000  
2.972007e-001  2.984081e-001  3.002150e-001  3.015917e-001  2.051106e-001  1.979759e-001  1.851750e-001  1.692003e-001  1.520673e-001  1.351305e-001  1.191824e-001  1.046147e-001  8.503165e-002  6.482471e-002  3.711790e-002  1.058309e-002  -0.000000e+000  
7.021965e-001  7.122510e-001  7.287069e-001  7.431486e-001  5.719359e-001  5.347261e-001  4.797889e-001  4.217172e-001  3.671643e-001  3.184705e-001  2.760171e-001  2.393982e-001  1.922225e-001  1.457520e-001  8.353544e-002  2.397885e-002  -0.000000e+000  
8.581349e-001  8.798781e-001  9.207481e-001  9.674860e-001  8.047546e-001  7.147731e-001  6.157747e-001  5.274856e-001  4.522911e-001  3.888706e-001  3.353833e-001  2.901537e-001  2.325965e-001  1.764359e-001  1.014440e-001  2.923613e-002  -0.000000e+000  
9.464091e-001  9.778044e-001  1.044389e+000  1.150133e+000  1.017304e+000  8.405927e-001  7.006877e-001  5.908003e-001  5.025536e-001  4.303355e-001  3.704239e-001  3.202317e-001  2.567036e-001  1.949165e-001  1.123941e-001  3.249095e-002  -0.000000e+000  
1.003423e+000  1.040843e+000  1.127278e+000  1.308309e+000  1.216581e+000  9.318030e-001  7.597230e-001  6.352390e-001  5.384340e-001  4.604081e-001  3.961849e-001  3.425991e-001  2.749104e-001  2.090713e-001  1.209604e-001  3.507817e-002  -0.000000e+000  
1.037202e+000  1.075251e+000  1.160920e+000  1.319354e+000  1.242846e+000  9.740855e-001  7.951251e-001  6.644765e-001  5.631735e-001  4.817560e-001  4.148457e-001  3.590453e-001  2.885419e-001  2.198273e-001  1.276043e-001  3.711401e-002  -0.000000e+000  
1.056177e+000  1.091158e+000  1.166351e+000  1.290266e+000  1.223628e+000  9.885403e-001  8.156693e-001  6.847649e-001  5.818961e-001  4.987439e-001  4.301867e-001  3.728752e-001  3.003061e-001  2.292968e-001  1.336068e-001  3.898553e-002  -0.000000e+000  
1.061529e+000  1.091420e+000  1.152846e+000  1.245480e+000  1.185305e+000  9.838461e-001  8.233592e-001  6.965245e-001  5.946624e-001  5.113513e-001  4.421716e-001  3.840525e-001  3.101717e-001  2.374546e-001  1.389512e-001  4.068721e-002  -0.000000e+000  
1.054090e+000  1.077222e+000  1.122548e+000  1.185454e+000  1.130688e+000  9.635980e-001  8.203550e-001  7.014774e-001  6.031343e-001  5.212337e-001  4.524246e-001  3.941382e-001  3.195705e-001  2.455206e-001  1.444665e-001  4.248907e-002  -0.000000e+000  
1.028797e+000  1.044808e+000  1.074860e+000  1.113665e+000  1.063599e+000  9.271599e-001  8.033746e-001  6.957987e-001  6.038112e-001  5.254191e-001  4.584758e-001  4.010834e-001  3.269624e-001  2.523948e-001  1.495757e-001  4.423687e-002  -0.000000e+000  
9.918637e-001  1.002154e+000  1.020695e+000  1.042899e+000  9.969170e-001  8.840876e-001  7.775995e-001  6.816029e-001  5.970577e-001  5.233601e-001  4.593335e-001  4.037041e-001  3.310839e-001  2.569215e-001  1.534469e-001  4.565265e-002  -0.000000e+000  
9.473764e-001  9.533965e-001  9.636926e-001  9.746506e-001  9.324666e-001  8.380146e-001  7.463308e-001  6.612819e-001  5.844646e-001  5.160880e-001  4.556684e-001  4.024452e-001  3.321700e-001  2.592158e-001  1.561055e-001  4.673661e-002  -0.000000e+000  
8.637354e-001  8.645848e-001  8.651971e-001  8.634864e-001  8.274603e-001  7.577109e-001  6.873480e-001  6.192950e-001  5.553633e-001  4.964614e-001  4.428746e-001  3.945062e-001  3.293187e-001  2.595742e-001  1.586435e-001  4.802722e-002  -0.000000e+000  
7.407907e-001  7.388411e-001  7.344245e-001  7.265801e-001  6.981378e-001  6.496256e-001  5.991990e-001  5.487424e-001  4.996711e-001  4.529370e-001  4.091005e-001  3.684245e-001  3.122290e-001  2.496221e-001  1.559301e-001  4.800918e-002  -0.000000e+000  
5.668558e-001  5.639345e-001  5.579705e-001  5.487463e-001  5.297414e-001  5.014145e-001  4.710057e-001  4.394374e-001  4.075125e-001  3.758867e-001  3.450627e-001  3.154006e-001  2.730040e-001  2.228661e-001  1.439218e-001  4.548935e-002  -0.000000e+000  
3.729049e-001  3.707571e-001  3.664548e-001  3.599897e-001  3.492108e-001  3.344344e-001  3.182034e-001  3.009083e-001  2.829182e-001  2.645665e-001  2.461414e-001  2.278819e-001  2.010249e-001  1.674893e-001  1.120407e-001  3.651627e-002  -0.000000e+000  
2.020548e-001  2.009100e-001  1.986279e-001  1.952251e-001  1.900232e-001  1.831944e-001  1.755885e-001  1.673559e-001  1.586451e-001  1.495980e-001  1.403448e-001  1.310013e-001  1.170002e-001  9.886447e-002  6.784694e-002  2.265227e-002  -0.000000e+000  
6.125841e-002  6.091761e-002  6.023904e-002  5.922886e-002  5.772501e-002  5.577961e-002  5.360168e-002  5.123054e-002  4.870581e-002  4.606600e-002  4.334731e-002  4.058274e-002  3.641078e-002  3.093078e-002  2.143598e-002  7.225870e-003  -0.000000e+000  
-0.000000e+000  -0.000000e+000  -0.000000e+000  -0.000000e+000  -0.000000e+000  -0.000000e+000  -0.000000e+000  -0.000000e+000  -0.000000e+000  -0.000000e+000  -0.000000e+000  -0.000000e+000  -0.000000e+000  -0.000000e+000  -0.000000e+000  -0.000000e+000  -0.000000e+000  

