Port monitor named: Port1_h1[2.4].prt

nx        = 39
ny        = 4
nz        = 19

nu        = 17
nv        = 37
iu        = 2
iv        = 2

idir      = 1
dcut      = -4.860000e-002
icut      = 2
type      = 1
frequency = 2.400000e+009

fcutoff   = 0.000000e+000
alpha     = 0.000000e+000
beta      = 9.510689e+001
accuracy  = 1.864592e-010

type          = QTEM
wave imp.     = 2.484150e+002
wave imp.sig. = 2.243847e-008
line imp.     = 3.633390e+001

ref. port     = 0

-0.000000e+000  1.092307e-002  2.160693e-002  3.182415e-002  4.136983e-002  5.097572e-002  5.945384e-002  6.669668e-002  7.265460e-002  7.733158e-002  8.077805e-002  8.308172e-002  8.435774e-002  8.422597e-002  8.169015e-002  6.897594e-002  5.873511e-002  
-0.000000e+000  4.025252e-002  7.950179e-002  1.168021e-001  1.513173e-001  1.855677e-001  2.152123e-001  2.398959e-001  2.595178e-001  2.742017e-001  2.842530e-001  2.901110e-001  2.923021e-001  2.873990e-001  2.748128e-001  2.252644e-001  1.887587e-001  
-0.000000e+000  9.486369e-002  1.865264e-001  2.720347e-001  3.488993e-001  4.219501e-001  4.813461e-001  5.266810e-001  5.584098e-001  5.776417e-001  5.859132e-001  5.849813e-001  5.766557e-001  5.430469e-001  4.989969e-001  3.774211e-001  3.028011e-001  
-0.000000e+000  2.001256e-001  3.906693e-001  5.630069e-001  7.103319e-001  8.396321e-001  9.323268e-001  9.899645e-001  1.016557e+000  1.017449e+000  9.983525e-001  9.646922e-001  9.212317e-001  8.167867e-001  7.109406e-001  4.872561e-001  3.714944e-001  
-0.000000e+000  3.924814e-001  7.591074e-001  1.076685e+000  1.327691e+000  1.518395e+000  1.620924e+000  1.648138e+000  1.617986e+000  1.548545e+000  1.455229e+000  1.349863e+000  1.240870e+000  1.028961e+000  8.457602e-001  5.299396e-001  3.868222e-001  
-0.000000e+000  6.249127e-001  1.202368e+000  1.687309e+000  2.043458e+000  2.269467e+000  2.336301e+000  2.283807e+000  2.155753e+000  1.988034e+000  1.805646e+000  1.624140e+000  1.452285e+000  1.150819e+000  9.105965e-001  5.390459e-001  3.825870e-001  
-0.000000e+000  9.251469e-001  1.780697e+000  2.487835e+000  2.966406e+000  3.182012e+000  3.130164e+000  2.918251e+000  2.636176e+000  2.339643e+000  2.057120e+000  1.800554e+000  1.573271e+000  1.204603e+000  9.274347e-001  5.285864e-001  3.682908e-001  
-0.000000e+000  1.150115e+000  2.224113e+000  3.117837e+000  3.698337e+000  3.873900e+000  3.690667e+000  3.333360e+000  2.928632e+000  2.539877e+000  2.191465e+000  1.888710e+000  1.629074e+000  1.223961e+000  9.281334e-001  5.178834e-001  3.570480e-001  
-0.000000e+000  1.428209e+000  2.793475e+000  3.966845e+000  4.712303e+000  4.774566e+000  4.353804e+000  3.778152e+000  3.214089e+000  2.718840e+000  2.301231e+000  1.953519e+000  1.664244e+000  1.228546e+000  9.185039e-001  5.024253e-001  3.429414e-001  
-0.000000e+000  1.750123e+000  3.496797e+000  5.115117e+000  6.186791e+000  5.955970e+000  5.109056e+000  4.219089e+000  3.462436e+000  2.855258e+000  2.372587e+000  1.986237e+000  1.673320e+000  1.216012e+000  8.975862e-001  4.820853e-001  3.259867e-001  
-0.000000e+000  2.032180e+000  4.186918e+000  6.447889e+000  8.215199e+000  7.296427e+000  5.791518e+000  4.539146e+000  3.606224e+000  2.913670e+000  2.388117e+000  1.979312e+000  1.654230e+000  1.188531e+000  8.689325e-001  4.600843e-001  3.087895e-001  
-0.000000e+000  2.224831e+000  4.733090e+000  7.772474e+000  1.089591e+001  8.625897e+000  6.295362e+000  4.712742e+000  3.654287e+000  2.911897e+000  2.365473e+000  1.947799e+000  1.619241e+000  1.154086e+000  8.377644e-001  4.386623e-001  2.926520e-001  
-0.000000e+000  2.307847e+000  5.073739e+000  9.063612e+000  1.547512e+001  9.977977e+000  6.565745e+000  4.722842e+000  3.604096e+000  2.849468e+000  2.303160e+000  1.888957e+000  1.564719e+000  1.108369e+000  7.997966e-001  4.146034e-001  2.750720e-001  
-0.000000e+000  2.213853e+000  4.941525e+000  9.419326e+000  2.422785e+001  1.067617e+001  6.343556e+000  4.506338e+000  3.440464e+000  2.722459e+000  2.200096e+000  1.802492e+000  1.490625e+000  1.051445e+000  7.551192e-001  3.879871e-001  2.561118e-001  
-0.000000e+000  1.898599e+000  4.070652e+000  6.985650e+000  -0.000000e+000  6.950388e+000  5.258147e+000  4.012629e+000  3.147302e+000  2.520226e+000  2.047550e+000  1.680935e+000  1.390499e+000  9.784086e-001  6.999677e-001  3.566633e-001  2.342694e-001  
-0.000000e+000  1.419408e+000  2.753533e+000  3.415028e+000  -0.000000e+000  3.818449e+000  3.909053e+000  3.325281e+000  2.734309e+000  2.239715e+000  1.840421e+000  1.519422e+000  1.260199e+000  8.865560e-001  6.326455e-001  3.200124e-001  2.092307e-001  
-0.000000e+000  7.661426e-001  1.296850e+000  1.207997e+000  -0.000000e+000  1.687143e+000  2.314838e+000  2.301521e+000  2.056135e+000  1.760539e+000  1.481743e+000  1.239346e+000  1.035270e+000  7.305807e-001  5.204387e-001  2.608339e-001  1.694702e-001  
-0.000000e+000  1.232621e-001  1.879776e-001  1.473025e-001  -0.000000e+000  3.427591e-001  5.844634e-001  6.897884e-001  7.001329e-001  6.569716e-001  5.894802e-001  5.151678e-001  4.434161e-001  3.209907e-001  2.304697e-001  1.140409e-001  7.321095e-002  
-0.000000e+000  -1.232621e-001  -1.879776e-001  -1.473025e-001  -0.000000e+000  -3.427591e-001  -5.844634e-001  -6.897884e-001  -7.001329e-001  -6.569716e-001  -5.894802e-001  -5.151678e-001  -4.434161e-001  -3.209907e-001  -2.304697e-001  -1.140409e-001  -7.321095e-002  
-0.000000e+000  -7.661426e-001  -1.296850e+000  -1.207997e+000  -0.000000e+000  -1.687143e+000  -2.314838e+000  -2.301521e+000  -2.056135e+000  -1.760539e+000  -1.481743e+000  -1.239346e+000  -1.035270e+000  -7.305807e-001  -5.204387e-001  -2.608339e-001  -1.694702e-001  
-0.000000e+000  -1.419408e+000  -2.753533e+000  -3.415028e+000  -0.000000e+000  -3.818449e+000  -3.909053e+000  -3.325281e+000  -2.734309e+000  -2.239715e+000  -1.840421e+000  -1.519422e+000  -1.260199e+000  -8.865560e-001  -6.326455e-001  -3.200124e-001  -2.092307e-001  
-0.000000e+000  -1.898599e+000  -4.070652e+000  -6.985650e+000  -0.000000e+000  -6.950388e+000  -5.258147e+000  -4.012629e+000  -3.147302e+000  -2.520226e+000  -2.047550e+000  -1.680935e+000  -1.390499e+000  -9.784086e-001  -6.999677e-001  -3.566633e-001  -2.342694e-001  
-0.000000e+000  -2.213853e+000  -4.941525e+000  -9.419326e+000  -2.422785e+001  -1.067617e+001  -6.343556e+000  -4.506338e+000  -3.440464e+000  -2.722459e+000  -2.200096e+000  -1.802492e+000  -1.490625e+000  -1.051445e+000  -7.551192e-001  -3.879871e-001  -2.561118e-001  
-0.000000e+000  -2.307847e+000  -5.073739e+000  -9.063612e+000  -1.547512e+001  -9.977977e+000  -6.565745e+000  -4.722842e+000  -3.604096e+000  -2.849468e+000  -2.303160e+000  -1.888957e+000  -1.564719e+000  -1.108369e+000  -7.997966e-001  -4.146034e-001  -2.750721e-001  
-0.000000e+000  -2.224831e+000  -4.733090e+000  -7.772474e+000  -1.089591e+001  -8.625897e+000  -6.295362e+000  -4.712742e+000  -3.654287e+000  -2.911897e+000  -2.365473e+000  -1.947799e+000  -1.619241e+000  -1.154086e+000  -8.377644e-001  -4.386623e-001  -2.926520e-001  
-0.000000e+000  -2.032180e+000  -4.186918e+000  -6.447889e+000  -8.215199e+000  -7.296427e+000  -5.791518e+000  -4.539146e+000  -3.606224e+000  -2.913670e+000  -2.388117e+000  -1.979312e+000  -1.654230e+000  -1.188531e+000  -8.689325e-001  -4.600843e-001  -3.087895e-001  
-0.000000e+000  -1.750123e+000  -3.496797e+000  -5.115117e+000  -6.186791e+000  -5.955970e+000  -5.109056e+000  -4.219089e+000  -3.462436e+000  -2.855258e+000  -2.372587e+000  -1.986237e+000  -1.673320e+000  -1.216012e+000  -8.975862e-001  -4.820853e-001  -3.259867e-001  
-0.000000e+000  -1.428209e+000  -2.793475e+000  -3.966845e+000  -4.712303e+000  -4.774566e+000  -4.353804e+000  -3.778152e+000  -3.214089e+000  -2.718840e+000  -2.301230e+000  -1.953519e+000  -1.664244e+000  -1.228546e+000  -9.185039e-001  -5.024253e-001  -3.429414e-001  
-0.000000e+000  -1.150115e+000  -2.224113e+000  -3.117837e+000  -3.698337e+000  -3.873900e+000  -3.690667e+000  -3.333360e+000  -2.928632e+000  -2.539877e+000  -2.191465e+000  -1.888710e+000  -1.629074e+000  -1.223961e+000  -9.281334e-001  -5.178834e-001  -3.570480e-001  
-0.000000e+000  -9.251469e-001  -1.780697e+000  -2.487835e+000  -2.966406e+000  -3.182012e+000  -3.130164e+000  -2.918251e+000  -2.636176e+000  -2.339643e+000  -2.057120e+000  -1.800554e+000  -1.573271e+000  -1.204603e+000  -9.274347e-001  -5.285864e-001  -3.682908e-001  
-0.000000e+000  -6.249127e-001  -1.202368e+000  -1.687309e+000  -2.043458e+000  -2.269467e+000  -2.336301e+000  -2.283807e+000  -2.155753e+000  -1.988034e+000  -1.805646e+000  -1.624140e+000  -1.452285e+000  -1.150819e+000  -9.105965e-001  -5.390459e-001  -3.825870e-001  
-0.000000e+000  -3.924814e-001  -7.591074e-001  -1.076685e+000  -1.327691e+000  -1.518395e+000  -1.620924e+000  -1.648138e+000  -1.617986e+000  -1.548545e+000  -1.455229e+000  -1.349863e+000  -1.240870e+000  -1.028961e+000  -8.457602e-001  -5.299396e-001  -3.868222e-001  
-0.000000e+000  -2.001256e-001  -3.906693e-001  -5.630069e-001  -7.103319e-001  -8.396321e-001  -9.323268e-001  -9.899645e-001  -1.016557e+000  -1.017449e+000  -9.983525e-001  -9.646922e-001  -9.212317e-001  -8.167867e-001  -7.109406e-001  -4.872561e-001  -3.714944e-001  
-0.000000e+000  -9.486369e-002  -1.865264e-001  -2.720347e-001  -3.488993e-001  -4.219501e-001  -4.813461e-001  -5.266810e-001  -5.584098e-001  -5.776417e-001  -5.859132e-001  -5.849813e-001  -5.766557e-001  -5.430469e-001  -4.989969e-001  -3.774211e-001  -3.028011e-001  
-0.000000e+000  -4.025252e-002  -7.950179e-002  -1.168021e-001  -1.513173e-001  -1.855677e-001  -2.152123e-001  -2.398959e-001  -2.595178e-001  -2.742017e-001  -2.842530e-001  -2.901110e-001  -2.923021e-001  -2.873990e-001  -2.748128e-001  -2.252644e-001  -1.887587e-001  
-0.000000e+000  -1.092307e-002  -2.160693e-002  -3.182415e-002  -4.136983e-002  -5.097572e-002  -5.945384e-002  -6.669668e-002  -7.265460e-002  -7.733158e-002  -8.077805e-002  -8.308172e-002  -8.435774e-002  -8.422597e-002  -8.169015e-002  -6.897594e-002  -5.873511e-002  
-0.000000e+000  -0.000000e+000  -0.000000e+000  -0.000000e+000  -0.000000e+000  -0.000000e+000  -0.000000e+000  -0.000000e+000  -0.000000e+000  -0.000000e+000  -0.000000e+000  -0.000000e+000  -0.000000e+000  -0.000000e+000  -0.000000e+000  -0.000000e+000  -0.000000e+000  

-1.063037e+000  -1.056116e+000  -1.042401e+000  -1.022142e+000  -9.968402e-001  -9.673852e-001  -9.332591e-001  -8.951453e-001  -8.537538e-001  -8.097918e-001  -7.639378e-001  -7.168218e-001  -6.451042e-001  -5.496529e-001  -3.825760e-001  -1.292107e-001  -0.000000e+000  
-1.116462e+000  -1.108523e+000  -1.092820e+000  -1.069695e+000  -1.040698e+000  -1.006824e+000  -9.678502e-001  -9.246783e-001  -8.782202e-001  -8.293583e-001  -7.789132e-001  -7.276203e-001  -6.503630e-001  -5.496855e-001  -3.768896e-001  -1.254194e-001  -0.000000e+000  
-1.365627e+000  -1.352256e+000  -1.325990e+000  -1.287739e+000  -1.239346e+000  -1.182485e+000  -1.118702e+000  -1.050124e+000  -9.787445e-001  -9.063268e-001  -8.343466e-001  -7.639718e-001  -6.621200e-001  -5.397838e-001  -3.457261e-001  -1.075738e-001  -0.000000e+000  
-1.838545e+000  -1.810974e+000  -1.757374e+000  -1.680661e+000  -1.583745e+000  -1.470929e+000  -1.349357e+000  -1.224590e+000  -1.101246e+000  -9.828191e-001  -8.716956e-001  -7.692916e-001  -6.297145e-001  -4.812976e-001  -2.728919e-001  -7.549843e-002  -0.000000e+000  
-2.734651e+000  -2.667958e+000  -2.539959e+000  -2.360866e+000  -2.138293e+000  -1.887279e+000  -1.632838e+000  -1.389676e+000  -1.167403e+000  -9.709696e-001  -8.017840e-001  -6.589124e-001  -4.806721e-001  -3.218757e-001  -1.378687e-001  -2.721309e-002  -0.000000e+000  
-3.582570e+000  -3.463670e+000  -3.236574e+000  -2.922831e+000  -2.539838e+000  -2.124285e+000  -1.728591e+000  -1.376887e+000  -1.079128e+000  -8.354902e-001  -6.408932e-001  -4.882167e-001  -3.111198e-001  -1.736376e-001  -3.901548e-002  3.246525e-003  -0.000000e+000  
-4.907933e+000  -4.693558e+000  -4.280256e+000  -3.707083e+000  -3.015621e+000  -2.304480e+000  -1.685757e+000  -1.190966e+000  -8.158590e-001  -5.408372e-001  -3.436245e-001  -2.047447e-001  -6.105440e-002  2.599601e-002  7.925119e-002  3.691665e-002  -0.000000e+000  
-5.713118e+000  -5.440680e+000  -4.903467e+000  -4.139289e+000  -3.208939e+000  -2.292028e+000  -1.548992e+000  -9.982247e-001  -6.096277e-001  -3.429716e-001  -1.634506e-001  -4.502833e-002  6.838917e-002  1.230949e-001  1.325276e-001  5.135207e-002  -0.000000e+000  
-6.708075e+000  -6.372262e+000  -5.684740e+000  -4.659044e+000  -3.373980e+000  -2.181489e+000  -1.303031e+000  -7.131545e-001  -3.338671e-001  -9.535390e-002  5.166618e-002  1.392233e-001  2.117310e-001  2.273835e-001  1.875754e-001  6.588384e-002  -0.000000e+000  
-7.937027e+000  -7.549072e+000  -6.701910e+000  -5.319214e+000  -3.455314e+000  -1.892343e+000  -8.924221e-001  -3.077569e-001  2.243531e-002  2.047003e-001  3.009466e-001  3.460852e-001  3.668545e-001  3.372527e-001  2.436246e-001  8.033597e-002  -0.000000e+000  
-9.436264e+000  -9.046247e+000  -8.093196e+000  -6.254888e+000  -3.316752e+000  -1.281470e+000  -2.441619e-001  2.434527e-001  4.636485e-001  5.542716e-001  5.797800e-001  5.711619e-001  5.304698e-001  4.505725e-001  2.997845e-001  9.451831e-002  -0.000000e+000  
-1.072325e+001  -1.041014e+001  -9.524691e+000  -7.382200e+000  -2.828817e+000  -4.592695e-001  4.401378e-001  7.514147e-001  8.390664e-001  8.378897e-001  7.994715e-001  7.451993e-001  6.544273e-001  5.351631e-001  3.408647e-001  1.047318e-001  -0.000000e+000  
-1.212962e+001  -1.199347e+001  -1.143989e+001  -9.352850e+000  -1.582688e+000  8.266873e-001  1.310218e+000  1.330254e+000  1.242858e+000  1.133602e+000  1.024492e+000  9.215101e-001  7.785119e-001  6.190613e-001  3.810401e-001  1.146038e-001  -0.000000e+000  
-1.358693e+001  -1.373627e+001  -1.394517e+001  -1.336638e+001  1.475910e+000  2.720735e+000  2.327099e+000  1.943538e+000  1.654055e+000  1.429729e+000  1.247995e+000  1.095782e+000  9.004510e-001  7.010434e-001  4.198780e-001  1.240507e-001  -0.000000e+000  
-1.498483e+001  -1.545430e+001  -1.675249e+001  -2.038464e+001  1.128544e+001  5.132952e+000  3.341750e+000  2.527923e+000  2.045364e+000  1.712996e+000  1.462691e+000  1.263560e+000  1.017942e+000  7.798775e-001  4.569462e-001  1.329903e-001  -0.000000e+000  
-1.637213e+001  -1.703883e+001  -1.887232e+001  -2.384565e+001  1.103290e+001  6.208881e+000  4.131772e+000  3.074283e+000  2.439538e+000  2.008935e+000  1.691406e+000  1.444164e+000  1.145434e+000  8.655687e-001  4.970502e-001  1.425887e-001  -0.000000e+000  
-1.741314e+001  -1.801935e+001  -1.937147e+001  -2.142070e+001  8.319050e+000  6.130730e+000  4.494406e+000  3.444183e+000  2.749020e+000  2.258319e+000  1.891425e+000  1.605290e+000  1.261072e+000  9.437724e-001  5.336111e-001  1.512856e-001  -0.000000e+000  
-1.854921e+001  -1.881824e+001  -1.928233e+001  -1.972630e+001  5.908787e+000  5.286653e+000  4.486119e+000  3.740768e+000  3.114010e+000  2.604268e+000  2.192458e+000  1.858541e+000  1.449638e+000  1.073312e+000  5.944126e-001  1.656509e-001  -0.000000e+000  
-1.899672e+001  -1.907047e+001  -1.918295e+001  -1.927110e+001  4.757593e+000  4.530944e+000  4.144546e+000  3.688649e+000  3.226091e+000  2.792256e+000  2.403217e+000  2.063462e+000  1.625178e+000  1.203050e+000  6.579889e-001  1.806287e-001  -0.000000e+000  
-1.854921e+001  -1.881824e+001  -1.928233e+001  -1.972630e+001  5.908787e+000  5.286653e+000  4.486119e+000  3.740768e+000  3.114010e+000  2.604268e+000  2.192458e+000  1.858541e+000  1.449638e+000  1.073312e+000  5.944126e-001  1.656509e-001  -0.000000e+000  
-1.741314e+001  -1.801935e+001  -1.937147e+001  -2.142070e+001  8.319050e+000  6.130730e+000  4.494406e+000  3.444183e+000  2.749020e+000  2.258319e+000  1.891425e+000  1.605290e+000  1.261072e+000  9.437724e-001  5.336111e-001  1.512856e-001  -0.000000e+000  
-1.637213e+001  -1.703883e+001  -1.887232e+001  -2.384565e+001  1.103290e+001  6.208881e+000  4.131772e+000  3.074283e+000  2.439538e+000  2.008935e+000  1.691406e+000  1.444164e+000  1.145434e+000  8.655687e-001  4.970502e-001  1.425887e-001  -0.000000e+000  
-1.498483e+001  -1.545430e+001  -1.675249e+001  -2.038464e+001  1.128544e+001  5.132952e+000  3.341750e+000  2.527923e+000  2.045364e+000  1.712996e+000  1.462691e+000  1.263560e+000  1.017942e+000  7.798775e-001  4.569462e-001  1.329903e-001  -0.000000e+000  
-1.358693e+001  -1.373627e+001  -1.394517e+001  -1.336638e+001  1.475910e+000  2.720735e+000  2.327099e+000  1.943538e+000  1.654055e+000  1.429729e+000  1.247995e+000  1.095782e+000  9.004510e-001  7.010434e-001  4.198780e-001  1.240507e-001  -0.000000e+000  
-1.212962e+001  -1.199347e+001  -1.143989e+001  -9.352850e+000  -1.582688e+000  8.266873e-001  1.310218e+000  1.330254e+000  1.242858e+000  1.133602e+000  1.024492e+000  9.215101e-001  7.785119e-001  6.190613e-001  3.810401e-001  1.146038e-001  -0.000000e+000  
-1.072325e+001  -1.041014e+001  -9.524691e+000  -7.382200e+000  -2.828817e+000  -4.592695e-001  4.401378e-001  7.514147e-001  8.390664e-001  8.378897e-001  7.994715e-001  7.451993e-001  6.544273e-001  5.351631e-001  3.408647e-001  1.047318e-001  -0.000000e+000  
-9.436264e+000  -9.046247e+000  -8.093196e+000  -6.254888e+000  -3.316752e+000  -1.281470e+000  -2.441619e-001  2.434527e-001  4.636485e-001  5.542716e-001  5.797800e-001  5.711619e-001  5.304698e-001  4.505725e-001  2.997845e-001  9.451831e-002  -0.000000e+000  
-7.937027e+000  -7.549072e+000  -6.701910e+000  -5.319214e+000  -3.455314e+000  -1.892343e+000  -8.924221e-001  -3.077569e-001  2.243531e-002  2.047003e-001  3.009466e-001  3.460852e-001  3.668545e-001  3.372527e-001  2.436246e-001  8.033597e-002  -0.000000e+000  
-6.708075e+000  -6.372262e+000  -5.684740e+000  -4.659044e+000  -3.373980e+000  -2.181489e+000  -1.303031e+000  -7.131545e-001  -3.338671e-001  -9.535390e-002  5.166619e-002  1.392233e-001  2.117310e-001  2.273835e-001  1.875754e-001  6.588384e-002  -0.000000e+000  
-5.713118e+000  -5.440680e+000  -4.903467e+000  -4.139289e+000  -3.208939e+000  -2.292028e+000  -1.548992e+000  -9.982247e-001  -6.096277e-001  -3.429716e-001  -1.634506e-001  -4.502833e-002  6.838917e-002  1.230949e-001  1.325276e-001  5.135207e-002  -0.000000e+000  
-4.907933e+000  -4.693558e+000  -4.280256e+000  -3.707083e+000  -3.015621e+000  -2.304480e+000  -1.685757e+000  -1.190966e+000  -8.158590e-001  -5.408372e-001  -3.436245e-001  -2.047447e-001  -6.105440e-002  2.599601e-002  7.925119e-002  3.691665e-002  -0.000000e+000  
-3.582570e+000  -3.463670e+000  -3.236574e+000  -2.922831e+000  -2.539838e+000  -2.124285e+000  -1.728591e+000  -1.376887e+000  -1.079128e+000  -8.354902e-001  -6.408932e-001  -4.882167e-001  -3.111198e-001  -1.736376e-001  -3.901548e-002  3.246525e-003  -0.000000e+000  
-2.734651e+000  -2.667958e+000  -2.539959e+000  -2.360866e+000  -2.138293e+000  -1.887279e+000  -1.632838e+000  -1.389676e+000  -1.167403e+000  -9.709696e-001  -8.017840e-001  -6.589124e-001  -4.806721e-001  -3.218757e-001  -1.378687e-001  -2.721309e-002  -0.000000e+000  
-1.838545e+000  -1.810974e+000  -1.757374e+000  -1.680661e+000  -1.583745e+000  -1.470929e+000  -1.349357e+000  -1.224590e+000  -1.101246e+000  -9.828191e-001  -8.716956e-001  -7.692916e-001  -6.297145e-001  -4.812976e-001  -2.728919e-001  -7.549843e-002  -0.000000e+000  
-1.365627e+000  -1.352256e+000  -1.325990e+000  -1.287739e+000  -1.239346e+000  -1.182485e+000  -1.118702e+000  -1.050124e+000  -9.787445e-001  -9.063268e-001  -8.343466e-001  -7.639718e-001  -6.621200e-001  -5.397838e-001  -3.457261e-001  -1.075738e-001  -0.000000e+000  
-1.116462e+000  -1.108523e+000  -1.092820e+000  -1.069695e+000  -1.040698e+000  -1.006824e+000  -9.678502e-001  -9.246783e-001  -8.782202e-001  -8.293583e-001  -7.789132e-001  -7.276203e-001  -6.503630e-001  -5.496855e-001  -3.768896e-001  -1.254194e-001  -0.000000e+000  
-1.063037e+000  -1.056116e+000  -1.042401e+000  -1.022142e+000  -9.968402e-001  -9.673852e-001  -9.332591e-001  -8.951453e-001  -8.537538e-001  -8.097918e-001  -7.639378e-001  -7.168218e-001  -6.451042e-001  -5.496529e-001  -3.825760e-001  -1.292107e-001  -0.000000e+000  

0.000000e+000  0.000000e+000  0.000000e+000  0.000000e+000  0.000000e+000  0.000000e+000  0.000000e+000  0.000000e+000  0.000000e+000  0.000000e+000  0.000000e+000  0.000000e+000  0.000000e+000  0.000000e+000  0.000000e+000  0.000000e+000  0.000000e+000  
0.000000e+000  0.000000e+000  0.000000e+000  0.000000e+000  0.000000e+000  0.000000e+000  0.000000e+000  0.000000e+000  0.000000e+000  0.000000e+000  0.000000e+000  0.000000e+000  0.000000e+000  0.000000e+000  0.000000e+000  0.000000e+000  0.000000e+000  
0.000000e+000  0.000000e+000  0.000000e+000  0.000000e+000  0.000000e+000  0.000000e+000  0.000000e+000  0.000000e+000  0.000000e+000  0.000000e+000  0.000000e+000  0.000000e+000  0.000000e+000  0.000000e+000  0.000000e+000  0.000000e+000  0.000000e+000  
0.000000e+000  0.000000e+000  0.000000e+000  0.000000e+000  0.000000e+000  0.000000e+000  0.000000e+000  0.000000e+000  0.000000e+000  0.000000e+000  0.000000e+000  0.000000e+000  0.000000e+000  0.000000e+000  0.000000e+000  0.000000e+000  0.000000e+000  
0.000000e+000  0.000000e+000  0.000000e+000  0.000000e+000  0.000000e+000  0.000000e+000  0.000000e+000  0.000000e+000  0.000000e+000  0.000000e+000  0.000000e+000  0.000000e+000  0.000000e+000  0.000000e+000  0.000000e+000  0.000000e+000  0.000000e+000  
0.000000e+000  0.000000e+000  0.000000e+000  0.000000e+000  0.000000e+000  0.000000e+000  0.000000e+000  0.000000e+000  0.000000e+000  0.000000e+000  0.000000e+000  0.000000e+000  0.000000e+000  0.000000e+000  0.000000e+000  0.000000e+000  0.000000e+000  
0.000000e+000  0.000000e+000  0.000000e+000  0.000000e+000  0.000000e+000  0.000000e+000  0.000000e+000  0.000000e+000  0.000000e+000  0.000000e+000  0.000000e+000  0.000000e+000  0.000000e+000  0.000000e+000  0.000000e+000  0.000000e+000  0.000000e+000  
0.000000e+000  0.000000e+000  0.000000e+000  0.000000e+000  0.000000e+000  0.000000e+000  0.000000e+000  0.000000e+000  0.000000e+000  0.000000e+000  0.000000e+000  0.000000e+000  0.000000e+000  0.000000e+000  0.000000e+000  0.000000e+000  0.000000e+000  
0.000000e+000  0.000000e+000  0.000000e+000  0.000000e+000  0.000000e+000  0.000000e+000  0.000000e+000  0.000000e+000  0.000000e+000  0.000000e+000  0.000000e+000  0.000000e+000  0.000000e+000  0.000000e+000  0.000000e+000  0.000000e+000  0.000000e+000  
0.000000e+000  0.000000e+000  0.000000e+000  0.000000e+000  0.000000e+000  0.000000e+000  0.000000e+000  0.000000e+000  0.000000e+000  0.000000e+000  0.000000e+000  0.000000e+000  0.000000e+000  0.000000e+000  0.000000e+000  0.000000e+000  0.000000e+000  
0.000000e+000  0.000000e+000  0.000000e+000  0.000000e+000  0.000000e+000  0.000000e+000  0.000000e+000  0.000000e+000  0.000000e+000  0.000000e+000  0.000000e+000  0.000000e+000  0.000000e+000  0.000000e+000  0.000000e+000  0.000000e+000  0.000000e+000  
0.000000e+000  0.000000e+000  0.000000e+000  0.000000e+000  0.000000e+000  0.000000e+000  0.000000e+000  0.000000e+000  0.000000e+000  0.000000e+000  0.000000e+000  0.000000e+000  0.000000e+000  0.000000e+000  0.000000e+000  0.000000e+000  0.000000e+000  
0.000000e+000  0.000000e+000  0.000000e+000  0.000000e+000  0.000000e+000  0.000000e+000  0.000000e+000  0.000000e+000  0.000000e+000  0.000000e+000  0.000000e+000  0.000000e+000  0.000000e+000  0.000000e+000  0.000000e+000  0.000000e+000  0.000000e+000  
0.000000e+000  0.000000e+000  0.000000e+000  0.000000e+000  0.000000e+000  0.000000e+000  0.000000e+000  0.000000e+000  0.000000e+000  0.000000e+000  0.000000e+000  0.000000e+000  0.000000e+000  0.000000e+000  0.000000e+000  0.000000e+000  0.000000e+000  
0.000000e+000  0.000000e+000  0.000000e+000  0.000000e+000  0.000000e+000  0.000000e+000  0.000000e+000  0.000000e+000  0.000000e+000  0.000000e+000  0.000000e+000  0.000000e+000  0.000000e+000  0.000000e+000  0.000000e+000  0.000000e+000  0.000000e+000  
0.000000e+000  0.000000e+000  0.000000e+000  0.000000e+000  0.000000e+000  0.000000e+000  0.000000e+000  0.000000e+000  0.000000e+000  0.000000e+000  0.000000e+000  0.000000e+000  0.000000e+000  0.000000e+000  0.000000e+000  0.000000e+000  0.000000e+000  
0.000000e+000  0.000000e+000  0.000000e+000  0.000000e+000  0.000000e+000  0.000000e+000  0.000000e+000  0.000000e+000  0.000000e+000  0.000000e+000  0.000000e+000  0.000000e+000  0.000000e+000  0.000000e+000  0.000000e+000  0.000000e+000  0.000000e+000  
0.000000e+000  0.000000e+000  0.000000e+000  0.000000e+000  0.000000e+000  0.000000e+000  0.000000e+000  0.000000e+000  0.000000e+000  0.000000e+000  0.000000e+000  0.000000e+000  0.000000e+000  0.000000e+000  0.000000e+000  0.000000e+000  0.000000e+000  
0.000000e+000  0.000000e+000  0.000000e+000  0.000000e+000  0.000000e+000  0.000000e+000  0.000000e+000  0.000000e+000  0.000000e+000  0.000000e+000  0.000000e+000  0.000000e+000  0.000000e+000  0.000000e+000  0.000000e+000  0.000000e+000  0.000000e+000  
0.000000e+000  0.000000e+000  0.000000e+000  0.000000e+000  0.000000e+000  0.000000e+000  0.000000e+000  0.000000e+000  0.000000e+000  0.000000e+000  0.000000e+000  0.000000e+000  0.000000e+000  0.000000e+000  0.000000e+000  0.000000e+000  0.000000e+000  
0.000000e+000  0.000000e+000  0.000000e+000  0.000000e+000  0.000000e+000  0.000000e+000  0.000000e+000  0.000000e+000  0.000000e+000  0.000000e+000  0.000000e+000  0.000000e+000  0.000000e+000  0.000000e+000  0.000000e+000  0.000000e+000  0.000000e+000  
0.000000e+000  0.000000e+000  0.000000e+000  0.000000e+000  0.000000e+000  0.000000e+000  0.000000e+000  0.000000e+000  0.000000e+000  0.000000e+000  0.000000e+000  0.000000e+000  0.000000e+000  0.000000e+000  0.000000e+000  0.000000e+000  0.000000e+000  
0.000000e+000  0.000000e+000  0.000000e+000  0.000000e+000  0.000000e+000  0.000000e+000  0.000000e+000  0.000000e+000  0.000000e+000  0.000000e+000  0.000000e+000  0.000000e+000  0.000000e+000  0.000000e+000  0.000000e+000  0.000000e+000  0.000000e+000  
0.000000e+000  0.000000e+000  0.000000e+000  0.000000e+000  0.000000e+000  0.000000e+000  0.000000e+000  0.000000e+000  0.000000e+000  0.000000e+000  0.000000e+000  0.000000e+000  0.000000e+000  0.000000e+000  0.000000e+000  0.000000e+000  0.000000e+000  
0.000000e+000  0.000000e+000  0.000000e+000  0.000000e+000  0.000000e+000  0.000000e+000  0.000000e+000  0.000000e+000  0.000000e+000  0.000000e+000  0.000000e+000  0.000000e+000  0.000000e+000  0.000000e+000  0.000000e+000  0.000000e+000  0.000000e+000  
0.000000e+000  0.000000e+000  0.000000e+000  0.000000e+000  0.000000e+000  0.000000e+000  0.000000e+000  0.000000e+000  0.000000e+000  0.000000e+000  0.000000e+000  0.000000e+000  0.000000e+000  0.000000e+000  0.000000e+000  0.000000e+000  0.000000e+000  
0.000000e+000  0.000000e+000  0.000000e+000  0.000000e+000  0.000000e+000  0.000000e+000  0.000000e+000  0.000000e+000  0.000000e+000  0.000000e+000  0.000000e+000  0.000000e+000  0.000000e+000  0.000000e+000  0.000000e+000  0.000000e+000  0.000000e+000  
0.000000e+000  0.000000e+000  0.000000e+000  0.000000e+000  0.000000e+000  0.000000e+000  0.000000e+000  0.000000e+000  0.000000e+000  0.000000e+000  0.000000e+000  0.000000e+000  0.000000e+000  0.000000e+000  0.000000e+000  0.000000e+000  0.000000e+000  
0.000000e+000  0.000000e+000  0.000000e+000  0.000000e+000  0.000000e+000  0.000000e+000  0.000000e+000  0.000000e+000  0.000000e+000  0.000000e+000  0.000000e+000  0.000000e+000  0.000000e+000  0.000000e+000  0.000000e+000  0.000000e+000  0.000000e+000  
0.000000e+000  0.000000e+000  0.000000e+000  0.000000e+000  0.000000e+000  0.000000e+000  0.000000e+000  0.000000e+000  0.000000e+000  0.000000e+000  0.000000e+000  0.000000e+000  0.000000e+000  0.000000e+000  0.000000e+000  0.000000e+000  0.000000e+000  
0.000000e+000  0.000000e+000  0.000000e+000  0.000000e+000  0.000000e+000  0.000000e+000  0.000000e+000  0.000000e+000  0.000000e+000  0.000000e+000  0.000000e+000  0.000000e+000  0.000000e+000  0.000000e+000  0.000000e+000  0.000000e+000  0.000000e+000  
0.000000e+000  0.000000e+000  0.000000e+000  0.000000e+000  0.000000e+000  0.000000e+000  0.000000e+000  0.000000e+000  0.000000e+000  0.000000e+000  0.000000e+000  0.000000e+000  0.000000e+000  0.000000e+000  0.000000e+000  0.000000e+000  0.000000e+000  
0.000000e+000  0.000000e+000  0.000000e+000  0.000000e+000  0.000000e+000  0.000000e+000  0.000000e+000  0.000000e+000  0.000000e+000  0.000000e+000  0.000000e+000  0.000000e+000  0.000000e+000  0.000000e+000  0.000000e+000  0.000000e+000  0.000000e+000  
0.000000e+000  0.000000e+000  0.000000e+000  0.000000e+000  0.000000e+000  0.000000e+000  0.000000e+000  0.000000e+000  0.000000e+000  0.000000e+000  0.000000e+000  0.000000e+000  0.000000e+000  0.000000e+000  0.000000e+000  0.000000e+000  0.000000e+000  
0.000000e+000  0.000000e+000  0.000000e+000  0.000000e+000  0.000000e+000  0.000000e+000  0.000000e+000  0.000000e+000  0.000000e+000  0.000000e+000  0.000000e+000  0.000000e+000  0.000000e+000  0.000000e+000  0.000000e+000  0.000000e+000  0.000000e+000  
0.000000e+000  0.000000e+000  0.000000e+000  0.000000e+000  0.000000e+000  0.000000e+000  0.000000e+000  0.000000e+000  0.000000e+000  0.000000e+000  0.000000e+000  0.000000e+000  0.000000e+000  0.000000e+000  0.000000e+000  0.000000e+000  0.000000e+000  
0.000000e+000  0.000000e+000  0.000000e+000  0.000000e+000  0.000000e+000  0.000000e+000  0.000000e+000  0.000000e+000  0.000000e+000  0.000000e+000  0.000000e+000  0.000000e+000  0.000000e+000  0.000000e+000  0.000000e+000  0.000000e+000  0.000000e+000  

0.000000e+000  0.000000e+000  0.000000e+000  0.000000e+000  0.000000e+000  0.000000e+000  0.000000e+000  0.000000e+000  0.000000e+000  0.000000e+000  0.000000e+000  0.000000e+000  0.000000e+000  0.000000e+000  0.000000e+000  0.000000e+000  0.000000e+000  
0.000000e+000  0.000000e+000  0.000000e+000  0.000000e+000  0.000000e+000  0.000000e+000  0.000000e+000  0.000000e+000  0.000000e+000  0.000000e+000  0.000000e+000  0.000000e+000  0.000000e+000  0.000000e+000  0.000000e+000  0.000000e+000  0.000000e+000  
0.000000e+000  0.000000e+000  0.000000e+000  0.000000e+000  0.000000e+000  0.000000e+000  0.000000e+000  0.000000e+000  0.000000e+000  0.000000e+000  0.000000e+000  0.000000e+000  0.000000e+000  0.000000e+000  0.000000e+000  0.000000e+000  0.000000e+000  
0.000000e+000  0.000000e+000  0.000000e+000  0.000000e+000  0.000000e+000  0.000000e+000  0.000000e+000  0.000000e+000  0.000000e+000  0.000000e+000  0.000000e+000  0.000000e+000  0.000000e+000  0.000000e+000  0.000000e+000  0.000000e+000  0.000000e+000  
0.000000e+000  0.000000e+000  0.000000e+000  0.000000e+000  0.000000e+000  0.000000e+000  0.000000e+000  0.000000e+000  0.000000e+000  0.000000e+000  0.000000e+000  0.000000e+000  0.000000e+000  0.000000e+000  0.000000e+000  0.000000e+000  0.000000e+000  
0.000000e+000  0.000000e+000  0.000000e+000  0.000000e+000  0.000000e+000  0.000000e+000  0.000000e+000  0.000000e+000  0.000000e+000  0.000000e+000  0.000000e+000  0.000000e+000  0.000000e+000  0.000000e+000  0.000000e+000  0.000000e+000  0.000000e+000  
0.000000e+000  0.000000e+000  0.000000e+000  0.000000e+000  0.000000e+000  0.000000e+000  0.000000e+000  0.000000e+000  0.000000e+000  0.000000e+000  0.000000e+000  0.000000e+000  0.000000e+000  0.000000e+000  0.000000e+000  0.000000e+000  0.000000e+000  
0.000000e+000  0.000000e+000  0.000000e+000  0.000000e+000  0.000000e+000  0.000000e+000  0.000000e+000  0.000000e+000  0.000000e+000  0.000000e+000  0.000000e+000  0.000000e+000  0.000000e+000  0.000000e+000  0.000000e+000  0.000000e+000  0.000000e+000  
0.000000e+000  0.000000e+000  0.000000e+000  0.000000e+000  0.000000e+000  0.000000e+000  0.000000e+000  0.000000e+000  0.000000e+000  0.000000e+000  0.000000e+000  0.000000e+000  0.000000e+000  0.000000e+000  0.000000e+000  0.000000e+000  0.000000e+000  
0.000000e+000  0.000000e+000  0.000000e+000  0.000000e+000  0.000000e+000  0.000000e+000  0.000000e+000  0.000000e+000  0.000000e+000  0.000000e+000  0.000000e+000  0.000000e+000  0.000000e+000  0.000000e+000  0.000000e+000  0.000000e+000  0.000000e+000  
0.000000e+000  0.000000e+000  0.000000e+000  0.000000e+000  0.000000e+000  0.000000e+000  0.000000e+000  0.000000e+000  0.000000e+000  0.000000e+000  0.000000e+000  0.000000e+000  0.000000e+000  0.000000e+000  0.000000e+000  0.000000e+000  0.000000e+000  
0.000000e+000  0.000000e+000  0.000000e+000  0.000000e+000  0.000000e+000  0.000000e+000  0.000000e+000  0.000000e+000  0.000000e+000  0.000000e+000  0.000000e+000  0.000000e+000  0.000000e+000  0.000000e+000  0.000000e+000  0.000000e+000  0.000000e+000  
0.000000e+000  0.000000e+000  0.000000e+000  0.000000e+000  0.000000e+000  0.000000e+000  0.000000e+000  0.000000e+000  0.000000e+000  0.000000e+000  0.000000e+000  0.000000e+000  0.000000e+000  0.000000e+000  0.000000e+000  0.000000e+000  0.000000e+000  
0.000000e+000  0.000000e+000  0.000000e+000  0.000000e+000  0.000000e+000  0.000000e+000  0.000000e+000  0.000000e+000  0.000000e+000  0.000000e+000  0.000000e+000  0.000000e+000  0.000000e+000  0.000000e+000  0.000000e+000  0.000000e+000  0.000000e+000  
0.000000e+000  0.000000e+000  0.000000e+000  0.000000e+000  0.000000e+000  0.000000e+000  0.000000e+000  0.000000e+000  0.000000e+000  0.000000e+000  0.000000e+000  0.000000e+000  0.000000e+000  0.000000e+000  0.000000e+000  0.000000e+000  0.000000e+000  
0.000000e+000  0.000000e+000  0.000000e+000  0.000000e+000  0.000000e+000  0.000000e+000  0.000000e+000  0.000000e+000  0.000000e+000  0.000000e+000  0.000000e+000  0.000000e+000  0.000000e+000  0.000000e+000  0.000000e+000  0.000000e+000  0.000000e+000  
0.000000e+000  0.000000e+000  0.000000e+000  0.000000e+000  0.000000e+000  0.000000e+000  0.000000e+000  0.000000e+000  0.000000e+000  0.000000e+000  0.000000e+000  0.000000e+000  0.000000e+000  0.000000e+000  0.000000e+000  0.000000e+000  0.000000e+000  
0.000000e+000  0.000000e+000  0.000000e+000  0.000000e+000  0.000000e+000  0.000000e+000  0.000000e+000  0.000000e+000  0.000000e+000  0.000000e+000  0.000000e+000  0.000000e+000  0.000000e+000  0.000000e+000  0.000000e+000  0.000000e+000  0.000000e+000  
0.000000e+000  0.000000e+000  0.000000e+000  0.000000e+000  0.000000e+000  0.000000e+000  0.000000e+000  0.000000e+000  0.000000e+000  0.000000e+000  0.000000e+000  0.000000e+000  0.000000e+000  0.000000e+000  0.000000e+000  0.000000e+000  0.000000e+000  
0.000000e+000  0.000000e+000  0.000000e+000  0.000000e+000  0.000000e+000  0.000000e+000  0.000000e+000  0.000000e+000  0.000000e+000  0.000000e+000  0.000000e+000  0.000000e+000  0.000000e+000  0.000000e+000  0.000000e+000  0.000000e+000  0.000000e+000  
0.000000e+000  0.000000e+000  0.000000e+000  0.000000e+000  0.000000e+000  0.000000e+000  0.000000e+000  0.000000e+000  0.000000e+000  0.000000e+000  0.000000e+000  0.000000e+000  0.000000e+000  0.000000e+000  0.000000e+000  0.000000e+000  0.000000e+000  
0.000000e+000  0.000000e+000  0.000000e+000  0.000000e+000  0.000000e+000  0.000000e+000  0.000000e+000  0.000000e+000  0.000000e+000  0.000000e+000  0.000000e+000  0.000000e+000  0.000000e+000  0.000000e+000  0.000000e+000  0.000000e+000  0.000000e+000  
0.000000e+000  0.000000e+000  0.000000e+000  0.000000e+000  0.000000e+000  0.000000e+000  0.000000e+000  0.000000e+000  0.000000e+000  0.000000e+000  0.000000e+000  0.000000e+000  0.000000e+000  0.000000e+000  0.000000e+000  0.000000e+000  0.000000e+000  
0.000000e+000  0.000000e+000  0.000000e+000  0.000000e+000  0.000000e+000  0.000000e+000  0.000000e+000  0.000000e+000  0.000000e+000  0.000000e+000  0.000000e+000  0.000000e+000  0.000000e+000  0.000000e+000  0.000000e+000  0.000000e+000  0.000000e+000  
0.000000e+000  0.000000e+000  0.000000e+000  0.000000e+000  0.000000e+000  0.000000e+000  0.000000e+000  0.000000e+000  0.000000e+000  0.000000e+000  0.000000e+000  0.000000e+000  0.000000e+000  0.000000e+000  0.000000e+000  0.000000e+000  0.000000e+000  
0.000000e+000  0.000000e+000  0.000000e+000  0.000000e+000  0.000000e+000  0.000000e+000  0.000000e+000  0.000000e+000  0.000000e+000  0.000000e+000  0.000000e+000  0.000000e+000  0.000000e+000  0.000000e+000  0.000000e+000  0.000000e+000  0.000000e+000  
0.000000e+000  0.000000e+000  0.000000e+000  0.000000e+000  0.000000e+000  0.000000e+000  0.000000e+000  0.000000e+000  0.000000e+000  0.000000e+000  0.000000e+000  0.000000e+000  0.000000e+000  0.000000e+000  0.000000e+000  0.000000e+000  0.000000e+000  
0.000000e+000  0.000000e+000  0.000000e+000  0.000000e+000  0.000000e+000  0.000000e+000  0.000000e+000  0.000000e+000  0.000000e+000  0.000000e+000  0.000000e+000  0.000000e+000  0.000000e+000  0.000000e+000  0.000000e+000  0.000000e+000  0.000000e+000  
0.000000e+000  0.000000e+000  0.000000e+000  0.000000e+000  0.000000e+000  0.000000e+000  0.000000e+000  0.000000e+000  0.000000e+000  0.000000e+000  0.000000e+000  0.000000e+000  0.000000e+000  0.000000e+000  0.000000e+000  0.000000e+000  0.000000e+000  
0.000000e+000  0.000000e+000  0.000000e+000  0.000000e+000  0.000000e+000  0.000000e+000  0.000000e+000  0.000000e+000  0.000000e+000  0.000000e+000  0.000000e+000  0.000000e+000  0.000000e+000  0.000000e+000  0.000000e+000  0.000000e+000  0.000000e+000  
0.000000e+000  0.000000e+000  0.000000e+000  0.000000e+000  0.000000e+000  0.000000e+000  0.000000e+000  0.000000e+000  0.000000e+000  0.000000e+000  0.000000e+000  0.000000e+000  0.000000e+000  0.000000e+000  0.000000e+000  0.000000e+000  0.000000e+000  
0.000000e+000  0.000000e+000  0.000000e+000  0.000000e+000  0.000000e+000  0.000000e+000  0.000000e+000  0.000000e+000  0.000000e+000  0.000000e+000  0.000000e+000  0.000000e+000  0.000000e+000  0.000000e+000  0.000000e+000  0.000000e+000  0.000000e+000  
0.000000e+000  0.000000e+000  0.000000e+000  0.000000e+000  0.000000e+000  0.000000e+000  0.000000e+000  0.000000e+000  0.000000e+000  0.000000e+000  0.000000e+000  0.000000e+000  0.000000e+000  0.000000e+000  0.000000e+000  0.000000e+000  0.000000e+000  
0.000000e+000  0.000000e+000  0.000000e+000  0.000000e+000  0.000000e+000  0.000000e+000  0.000000e+000  0.000000e+000  0.000000e+000  0.000000e+000  0.000000e+000  0.000000e+000  0.000000e+000  0.000000e+000  0.000000e+000  0.000000e+000  0.000000e+000  
0.000000e+000  0.000000e+000  0.000000e+000  0.000000e+000  0.000000e+000  0.000000e+000  0.000000e+000  0.000000e+000  0.000000e+000  0.000000e+000  0.000000e+000  0.000000e+000  0.000000e+000  0.000000e+000  0.000000e+000  0.000000e+000  0.000000e+000  
0.000000e+000  0.000000e+000  0.000000e+000  0.000000e+000  0.000000e+000  0.000000e+000  0.000000e+000  0.000000e+000  0.000000e+000  0.000000e+000  0.000000e+000  0.000000e+000  0.000000e+000  0.000000e+000  0.000000e+000  0.000000e+000  0.000000e+000  
0.000000e+000  0.000000e+000  0.000000e+000  0.000000e+000  0.000000e+000  0.000000e+000  0.000000e+000  0.000000e+000  0.000000e+000  0.000000e+000  0.000000e+000  0.000000e+000  0.000000e+000  0.000000e+000  0.000000e+000  0.000000e+000  0.000000e+000  

0.000000e+000  0.000000e+000  0.000000e+000  0.000000e+000  0.000000e+000  0.000000e+000  0.000000e+000  0.000000e+000  0.000000e+000  0.000000e+000  0.000000e+000  0.000000e+000  0.000000e+000  0.000000e+000  0.000000e+000  0.000000e+000  0.000000e+000  
0.000000e+000  0.000000e+000  0.000000e+000  0.000000e+000  0.000000e+000  0.000000e+000  0.000000e+000  0.000000e+000  0.000000e+000  0.000000e+000  0.000000e+000  0.000000e+000  0.000000e+000  0.000000e+000  0.000000e+000  0.000000e+000  0.000000e+000  
0.000000e+000  0.000000e+000  0.000000e+000  0.000000e+000  0.000000e+000  0.000000e+000  0.000000e+000  0.000000e+000  0.000000e+000  0.000000e+000  0.000000e+000  0.000000e+000  0.000000e+000  0.000000e+000  0.000000e+000  0.000000e+000  0.000000e+000  
0.000000e+000  0.000000e+000  0.000000e+000  0.000000e+000  0.000000e+000  0.000000e+000  0.000000e+000  0.000000e+000  0.000000e+000  0.000000e+000  0.000000e+000  0.000000e+000  0.000000e+000  0.000000e+000  0.000000e+000  0.000000e+000  0.000000e+000  
0.000000e+000  0.000000e+000  0.000000e+000  0.000000e+000  0.000000e+000  0.000000e+000  0.000000e+000  0.000000e+000  0.000000e+000  0.000000e+000  0.000000e+000  0.000000e+000  0.000000e+000  0.000000e+000  0.000000e+000  0.000000e+000  0.000000e+000  
0.000000e+000  0.000000e+000  0.000000e+000  0.000000e+000  0.000000e+000  0.000000e+000  0.000000e+000  0.000000e+000  0.000000e+000  0.000000e+000  0.000000e+000  0.000000e+000  0.000000e+000  0.000000e+000  0.000000e+000  0.000000e+000  0.000000e+000  
0.000000e+000  0.000000e+000  0.000000e+000  0.000000e+000  0.000000e+000  0.000000e+000  0.000000e+000  0.000000e+000  0.000000e+000  0.000000e+000  0.000000e+000  0.000000e+000  0.000000e+000  0.000000e+000  0.000000e+000  0.000000e+000  0.000000e+000  
0.000000e+000  0.000000e+000  0.000000e+000  0.000000e+000  0.000000e+000  0.000000e+000  0.000000e+000  0.000000e+000  0.000000e+000  0.000000e+000  0.000000e+000  0.000000e+000  0.000000e+000  0.000000e+000  0.000000e+000  0.000000e+000  0.000000e+000  
0.000000e+000  0.000000e+000  0.000000e+000  0.000000e+000  0.000000e+000  0.000000e+000  0.000000e+000  0.000000e+000  0.000000e+000  0.000000e+000  0.000000e+000  0.000000e+000  0.000000e+000  0.000000e+000  0.000000e+000  0.000000e+000  0.000000e+000  
0.000000e+000  0.000000e+000  0.000000e+000  0.000000e+000  0.000000e+000  0.000000e+000  0.000000e+000  0.000000e+000  0.000000e+000  0.000000e+000  0.000000e+000  0.000000e+000  0.000000e+000  0.000000e+000  0.000000e+000  0.000000e+000  0.000000e+000  
0.000000e+000  0.000000e+000  0.000000e+000  0.000000e+000  0.000000e+000  0.000000e+000  0.000000e+000  0.000000e+000  0.000000e+000  0.000000e+000  0.000000e+000  0.000000e+000  0.000000e+000  0.000000e+000  0.000000e+000  0.000000e+000  0.000000e+000  
0.000000e+000  0.000000e+000  0.000000e+000  0.000000e+000  0.000000e+000  0.000000e+000  0.000000e+000  0.000000e+000  0.000000e+000  0.000000e+000  0.000000e+000  0.000000e+000  0.000000e+000  0.000000e+000  0.000000e+000  0.000000e+000  0.000000e+000  
0.000000e+000  0.000000e+000  0.000000e+000  0.000000e+000  0.000000e+000  0.000000e+000  0.000000e+000  0.000000e+000  0.000000e+000  0.000000e+000  0.000000e+000  0.000000e+000  0.000000e+000  0.000000e+000  0.000000e+000  0.000000e+000  0.000000e+000  
0.000000e+000  0.000000e+000  0.000000e+000  0.000000e+000  0.000000e+000  0.000000e+000  0.000000e+000  0.000000e+000  0.000000e+000  0.000000e+000  0.000000e+000  0.000000e+000  0.000000e+000  0.000000e+000  0.000000e+000  0.000000e+000  0.000000e+000  
0.000000e+000  0.000000e+000  0.000000e+000  0.000000e+000  0.000000e+000  0.000000e+000  0.000000e+000  0.000000e+000  0.000000e+000  0.000000e+000  0.000000e+000  0.000000e+000  0.000000e+000  0.000000e+000  0.000000e+000  0.000000e+000  0.000000e+000  
0.000000e+000  0.000000e+000  0.000000e+000  0.000000e+000  0.000000e+000  0.000000e+000  0.000000e+000  0.000000e+000  0.000000e+000  0.000000e+000  0.000000e+000  0.000000e+000  0.000000e+000  0.000000e+000  0.000000e+000  0.000000e+000  0.000000e+000  
0.000000e+000  0.000000e+000  0.000000e+000  0.000000e+000  0.000000e+000  0.000000e+000  0.000000e+000  0.000000e+000  0.000000e+000  0.000000e+000  0.000000e+000  0.000000e+000  0.000000e+000  0.000000e+000  0.000000e+000  0.000000e+000  0.000000e+000  
0.000000e+000  0.000000e+000  0.000000e+000  0.000000e+000  0.000000e+000  0.000000e+000  0.000000e+000  0.000000e+000  0.000000e+000  0.000000e+000  0.000000e+000  0.000000e+000  0.000000e+000  0.000000e+000  0.000000e+000  0.000000e+000  0.000000e+000  
0.000000e+000  0.000000e+000  0.000000e+000  0.000000e+000  0.000000e+000  0.000000e+000  0.000000e+000  0.000000e+000  0.000000e+000  0.000000e+000  0.000000e+000  0.000000e+000  0.000000e+000  0.000000e+000  0.000000e+000  0.000000e+000  0.000000e+000  
0.000000e+000  0.000000e+000  0.000000e+000  0.000000e+000  0.000000e+000  0.000000e+000  0.000000e+000  0.000000e+000  0.000000e+000  0.000000e+000  0.000000e+000  0.000000e+000  0.000000e+000  0.000000e+000  0.000000e+000  0.000000e+000  0.000000e+000  
0.000000e+000  0.000000e+000  0.000000e+000  0.000000e+000  0.000000e+000  0.000000e+000  0.000000e+000  0.000000e+000  0.000000e+000  0.000000e+000  0.000000e+000  0.000000e+000  0.000000e+000  0.000000e+000  0.000000e+000  0.000000e+000  0.000000e+000  
0.000000e+000  0.000000e+000  0.000000e+000  0.000000e+000  0.000000e+000  0.000000e+000  0.000000e+000  0.000000e+000  0.000000e+000  0.000000e+000  0.000000e+000  0.000000e+000  0.000000e+000  0.000000e+000  0.000000e+000  0.000000e+000  0.000000e+000  
0.000000e+000  0.000000e+000  0.000000e+000  0.000000e+000  0.000000e+000  0.000000e+000  0.000000e+000  0.000000e+000  0.000000e+000  0.000000e+000  0.000000e+000  0.000000e+000  0.000000e+000  0.000000e+000  0.000000e+000  0.000000e+000  0.000000e+000  
0.000000e+000  0.000000e+000  0.000000e+000  0.000000e+000  0.000000e+000  0.000000e+000  0.000000e+000  0.000000e+000  0.000000e+000  0.000000e+000  0.000000e+000  0.000000e+000  0.000000e+000  0.000000e+000  0.000000e+000  0.000000e+000  0.000000e+000  
0.000000e+000  0.000000e+000  0.000000e+000  0.000000e+000  0.000000e+000  0.000000e+000  0.000000e+000  0.000000e+000  0.000000e+000  0.000000e+000  0.000000e+000  0.000000e+000  0.000000e+000  0.000000e+000  0.000000e+000  0.000000e+000  0.000000e+000  
0.000000e+000  0.000000e+000  0.000000e+000  0.000000e+000  0.000000e+000  0.000000e+000  0.000000e+000  0.000000e+000  0.000000e+000  0.000000e+000  0.000000e+000  0.000000e+000  0.000000e+000  0.000000e+000  0.000000e+000  0.000000e+000  0.000000e+000  
0.000000e+000  0.000000e+000  0.000000e+000  0.000000e+000  0.000000e+000  0.000000e+000  0.000000e+000  0.000000e+000  0.000000e+000  0.000000e+000  0.000000e+000  0.000000e+000  0.000000e+000  0.000000e+000  0.000000e+000  0.000000e+000  0.000000e+000  
0.000000e+000  0.000000e+000  0.000000e+000  0.000000e+000  0.000000e+000  0.000000e+000  0.000000e+000  0.000000e+000  0.000000e+000  0.000000e+000  0.000000e+000  0.000000e+000  0.000000e+000  0.000000e+000  0.000000e+000  0.000000e+000  0.000000e+000  
0.000000e+000  0.000000e+000  0.000000e+000  0.000000e+000  0.000000e+000  0.000000e+000  0.000000e+000  0.000000e+000  0.000000e+000  0.000000e+000  0.000000e+000  0.000000e+000  0.000000e+000  0.000000e+000  0.000000e+000  0.000000e+000  0.000000e+000  
0.000000e+000  0.000000e+000  0.000000e+000  0.000000e+000  0.000000e+000  0.000000e+000  0.000000e+000  0.000000e+000  0.000000e+000  0.000000e+000  0.000000e+000  0.000000e+000  0.000000e+000  0.000000e+000  0.000000e+000  0.000000e+000  0.000000e+000  
0.000000e+000  0.000000e+000  0.000000e+000  0.000000e+000  0.000000e+000  0.000000e+000  0.000000e+000  0.000000e+000  0.000000e+000  0.000000e+000  0.000000e+000  0.000000e+000  0.000000e+000  0.000000e+000  0.000000e+000  0.000000e+000  0.000000e+000  
0.000000e+000  0.000000e+000  0.000000e+000  0.000000e+000  0.000000e+000  0.000000e+000  0.000000e+000  0.000000e+000  0.000000e+000  0.000000e+000  0.000000e+000  0.000000e+000  0.000000e+000  0.000000e+000  0.000000e+000  0.000000e+000  0.000000e+000  
0.000000e+000  0.000000e+000  0.000000e+000  0.000000e+000  0.000000e+000  0.000000e+000  0.000000e+000  0.000000e+000  0.000000e+000  0.000000e+000  0.000000e+000  0.000000e+000  0.000000e+000  0.000000e+000  0.000000e+000  0.000000e+000  0.000000e+000  
0.000000e+000  0.000000e+000  0.000000e+000  0.000000e+000  0.000000e+000  0.000000e+000  0.000000e+000  0.000000e+000  0.000000e+000  0.000000e+000  0.000000e+000  0.000000e+000  0.000000e+000  0.000000e+000  0.000000e+000  0.000000e+000  0.000000e+000  
0.000000e+000  0.000000e+000  0.000000e+000  0.000000e+000  0.000000e+000  0.000000e+000  0.000000e+000  0.000000e+000  0.000000e+000  0.000000e+000  0.000000e+000  0.000000e+000  0.000000e+000  0.000000e+000  0.000000e+000  0.000000e+000  0.000000e+000  
0.000000e+000  0.000000e+000  0.000000e+000  0.000000e+000  0.000000e+000  0.000000e+000  0.000000e+000  0.000000e+000  0.000000e+000  0.000000e+000  0.000000e+000  0.000000e+000  0.000000e+000  0.000000e+000  0.000000e+000  0.000000e+000  0.000000e+000  
0.000000e+000  0.000000e+000  0.000000e+000  0.000000e+000  0.000000e+000  0.000000e+000  0.000000e+000  0.000000e+000  0.000000e+000  0.000000e+000  0.000000e+000  0.000000e+000  0.000000e+000  0.000000e+000  0.000000e+000  0.000000e+000  0.000000e+000  

-6.044810e-002  -6.010755e-002  -5.942946e-002  -5.841996e-002  -5.691038e-002  -5.495306e-002  -5.276457e-002  -5.038520e-002  -4.785548e-002  -4.521472e-002  -4.249982e-002  -3.974429e-002  -3.559436e-002  -3.016766e-002  -2.080253e-002  -6.957885e-003  -0.000000e+000  
-2.044652e-001  -2.032932e-001  -2.009567e-001  -1.974719e-001  -1.921151e-001  -1.850637e-001  -1.772204e-001  -1.687430e-001  -1.597875e-001  -1.505020e-001  -1.410227e-001  -1.314700e-001  -1.171861e-001  -9.877198e-002  -6.741356e-002  -2.232171e-002  -0.000000e+000  
-3.801069e-001  -3.779001e-001  -3.734753e-001  -3.668168e-001  -3.555415e-001  -3.399771e-001  -3.229213e-001  -3.047951e-001  -2.859949e-001  -2.668770e-001  -2.477472e-001  -2.288573e-001  -2.011780e-001  -1.668977e-001  -1.106554e-001  -3.564448e-002  -0.000000e+000  
-5.720935e-001  -5.691905e-001  -5.632434e-001  -5.539987e-001  -5.343379e-001  -5.047269e-001  -4.730232e-001  -4.402074e-001  -4.071297e-001  -3.744796e-001  -3.427809e-001  -3.124040e-001  -2.691772e-001  -2.185472e-001  -1.395745e-001  -4.351465e-002  -0.000000e+000  
-7.441350e-001  -7.424609e-001  -7.385338e-001  -7.312770e-001  -7.020566e-001  -6.513890e-001  -5.988781e-001  -5.465167e-001  -4.957916e-001  -4.476920e-001  -4.027885e-001  -3.613348e-001  -3.043759e-001  -2.416610e-001  -1.489077e-001  -4.513344e-002  -0.000000e+000  
-8.644501e-001  -8.659453e-001  -8.677372e-001  -8.675214e-001  -8.307403e-001  -7.579475e-001  -6.847444e-001  -6.142100e-001  -5.482352e-001  -4.877489e-001  -4.330188e-001  -3.839091e-001  -3.181388e-001  -2.487195e-001  -1.496374e-001  -4.452832e-002  -0.000000e+000  
-9.444851e-001  -9.516647e-001  -9.641217e-001  -9.779050e-001  -9.351467e-001  -8.366444e-001  -7.413371e-001  -6.532813e-001  -5.741284e-001  -5.040608e-001  -4.425282e-001  -3.886890e-001  -3.181128e-001  -2.459629e-001  -1.455763e-001  -4.279523e-002  -0.000000e+000  
-9.862365e-001  -9.980880e-001  -1.019579e+000  -1.045715e+000  -9.993308e-001  -8.816580e-001  -7.709679e-001  -6.716067e-001  -5.845496e-001  -5.091178e-001  -4.440265e-001  -3.878890e-001  -3.151836e-001  -2.421597e-001  -1.419901e-001  -4.145047e-002  -0.000000e+000  
-1.019438e+000  -1.037510e+000  -1.071534e+000  -1.115782e+000  -1.065599e+000  -9.233170e-001  -7.946681e-001  -6.833684e-001  -5.887319e-001  -5.086174e-001  -4.407152e-001  -3.829760e-001  -3.090563e-001  -2.360270e-001  -1.371688e-001  -3.977779e-002  -0.000000e+000  
-1.039717e+000  -1.065495e+000  -1.116059e+000  -1.186455e+000  -1.132029e+000  -9.578363e-001  -8.090002e-001  -6.860732e-001  -5.850162e-001  -5.014851e-001  -4.318979e-001  -3.734918e-001  -2.994951e-001  -2.274553e-001  -1.310952e-001  -3.777991e-002  -0.000000e+000  
-1.041412e+000  -1.074500e+000  -1.142483e+000  -1.245069e+000  -1.185885e+000  -9.758409e-001  -8.090543e-001  -6.779417e-001  -5.733998e-001  -4.886296e-001  -4.189110e-001  -3.609390e-001  -2.880365e-001  -2.178124e-001  -1.247178e-001  -3.576302e-002  -0.000000e+000  
-1.029953e+000  -1.068565e+000  -1.151486e+000  -1.288016e+000  -1.223224e+000  -9.779196e-001  -7.981719e-001  -6.629080e-001  -5.575012e-001  -4.731310e-001  -4.043151e-001  -3.474389e-001  -2.762672e-001  -2.082212e-001  -1.186107e-001  -3.387580e-002  -0.000000e+000  
-1.003464e+000  -1.045396e+000  -1.139656e+000  -1.313498e+000  -1.240344e+000  -9.597085e-001  -7.735763e-001  -6.387220e-001  -5.351909e-001  -4.529165e-001  -3.861159e-001  -3.311050e-001  -2.624922e-001  -1.972660e-001  -1.118437e-001  -3.182485e-002  -0.000000e+000  
-9.606666e-001  -1.001902e+000  -1.096974e+000  -1.294864e+000  -1.209554e+000  -9.120649e-001  -7.331136e-001  -6.049112e-001  -5.063903e-001  -4.280032e-001  -3.643533e-001  -3.119807e-001  -2.467524e-001  -1.849817e-001  -1.044402e-001  -2.961745e-002  -0.000000e+000  
-8.972601e-001  -9.325004e-001  -1.008068e+000  -1.131981e+000  -1.015520e+000  -8.208003e-001  -6.725657e-001  -5.586417e-001  -4.687247e-001  -3.963282e-001  -3.372227e-001  -2.884837e-001  -2.277543e-001  -1.703681e-001  -9.580732e-002  -2.707905e-002  -0.000000e+000  
-8.109691e-001  -8.371549e-001  -8.876683e-001  -9.486396e-001  -8.109657e-001  -7.038098e-001  -5.935576e-001  -4.992219e-001  -4.212137e-001  -3.569831e-001  -3.039500e-001  -2.599708e-001  -2.050247e-001  -1.531024e-001  -8.579472e-002  -2.417431e-002  -0.000000e+000  
-6.610865e-001  -6.751194e-001  -6.987546e-001  -7.204894e-001  -5.783405e-001  -5.308551e-001  -4.654695e-001  -4.001794e-001  -3.415828e-001  -2.911790e-001  -2.485662e-001  -2.127691e-001  -1.677256e-001  -1.250209e-001  -6.974243e-002  -1.956849e-002  -0.000000e+000  
-2.797707e-001  -2.820175e-001  -2.854354e-001  -2.881012e-001  -2.090374e-001  -1.993442e-001  -1.827811e-001  -1.631797e-001  -1.432223e-001  -1.244318e-001  -1.075118e-001  -9.267050e-002  -7.343746e-002  -5.473665e-002  -3.033415e-002  -8.442898e-003  -0.000000e+000  
2.797707e-001  2.820175e-001  2.854354e-001  2.881012e-001  2.090374e-001  1.993442e-001  1.827811e-001  1.631797e-001  1.432223e-001  1.244318e-001  1.075118e-001  9.267050e-002  7.343746e-002  5.473665e-002  3.033415e-002  8.442897e-003  -0.000000e+000  
6.610865e-001  6.751194e-001  6.987546e-001  7.204894e-001  5.783405e-001  5.308551e-001  4.654695e-001  4.001794e-001  3.415828e-001  2.911790e-001  2.485662e-001  2.127691e-001  1.677256e-001  1.250209e-001  6.974243e-002  1.956849e-002  -0.000000e+000  
8.109691e-001  8.371549e-001  8.876683e-001  9.486396e-001  8.109657e-001  7.038098e-001  5.935576e-001  4.992219e-001  4.212137e-001  3.569830e-001  3.039500e-001  2.599708e-001  2.050247e-001  1.531024e-001  8.579472e-002  2.417431e-002  -0.000000e+000  
8.972601e-001  9.325004e-001  1.008068e+000  1.131981e+000  1.015520e+000  8.208003e-001  6.725657e-001  5.586417e-001  4.687247e-001  3.963282e-001  3.372227e-001  2.884837e-001  2.277543e-001  1.703681e-001  9.580732e-002  2.707905e-002  -0.000000e+000  
9.606666e-001  1.001902e+000  1.096974e+000  1.294864e+000  1.209554e+000  9.120649e-001  7.331136e-001  6.049112e-001  5.063903e-001  4.280032e-001  3.643533e-001  3.119807e-001  2.467524e-001  1.849817e-001  1.044402e-001  2.961745e-002  -0.000000e+000  
1.003464e+000  1.045396e+000  1.139656e+000  1.313498e+000  1.240344e+000  9.597085e-001  7.735763e-001  6.387220e-001  5.351909e-001  4.529165e-001  3.861159e-001  3.311050e-001  2.624922e-001  1.972660e-001  1.118437e-001  3.182485e-002  -0.000000e+000  
1.029953e+000  1.068565e+000  1.151486e+000  1.288016e+000  1.223224e+000  9.779196e-001  7.981719e-001  6.629080e-001  5.575012e-001  4.731310e-001  4.043151e-001  3.474389e-001  2.762672e-001  2.082212e-001  1.186107e-001  3.387580e-002  -0.000000e+000  
1.041412e+000  1.074500e+000  1.142483e+000  1.245069e+000  1.185885e+000  9.758409e-001  8.090543e-001  6.779417e-001  5.733998e-001  4.886296e-001  4.189110e-001  3.609390e-001  2.880365e-001  2.178124e-001  1.247178e-001  3.576302e-002  -0.000000e+000  
1.039717e+000  1.065495e+000  1.116059e+000  1.186455e+000  1.132029e+000  9.578363e-001  8.090002e-001  6.860732e-001  5.850162e-001  5.014851e-001  4.318979e-001  3.734918e-001  2.994951e-001  2.274553e-001  1.310952e-001  3.777991e-002  -0.000000e+000  
1.019438e+000  1.037510e+000  1.071534e+000  1.115782e+000  1.065599e+000  9.233170e-001  7.946681e-001  6.833684e-001  5.887319e-001  5.086174e-001  4.407152e-001  3.829760e-001  3.090563e-001  2.360270e-001  1.371688e-001  3.977779e-002  -0.000000e+000  
9.862365e-001  9.980880e-001  1.019579e+000  1.045715e+000  9.993308e-001  8.816580e-001  7.709679e-001  6.716067e-001  5.845496e-001  5.091178e-001  4.440265e-001  3.878890e-001  3.151836e-001  2.421597e-001  1.419901e-001  4.145047e-002  -0.000000e+000  
9.444851e-001  9.516647e-001  9.641217e-001  9.779050e-001  9.351467e-001  8.366444e-001  7.413371e-001  6.532813e-001  5.741284e-001  5.040608e-001  4.425282e-001  3.886890e-001  3.181128e-001  2.459629e-001  1.455763e-001  4.279524e-002  -0.000000e+000  
8.644501e-001  8.659453e-001  8.677372e-001  8.675214e-001  8.307403e-001  7.579475e-001  6.847444e-001  6.142100e-001  5.482352e-001  4.877489e-001  4.330188e-001  3.839091e-001  3.181388e-001  2.487195e-001  1.496374e-001  4.452832e-002  -0.000000e+000  
7.441350e-001  7.424609e-001  7.385338e-001  7.312770e-001  7.020566e-001  6.513890e-001  5.988781e-001  5.465167e-001  4.957916e-001  4.476920e-001  4.027885e-001  3.613348e-001  3.043759e-001  2.416610e-001  1.489077e-001  4.513344e-002  -0.000000e+000  
5.720935e-001  5.691905e-001  5.632434e-001  5.539987e-001  5.343379e-001  5.047269e-001  4.730232e-001  4.402074e-001  4.071297e-001  3.744796e-001  3.427809e-001  3.124040e-001  2.691772e-001  2.185472e-001  1.395745e-001  4.351465e-002  -0.000000e+000  
3.801069e-001  3.779001e-001  3.734753e-001  3.668168e-001  3.555415e-001  3.399771e-001  3.229213e-001  3.047951e-001  2.859949e-001  2.668770e-001  2.477472e-001  2.288573e-001  2.011780e-001  1.668977e-001  1.106554e-001  3.564448e-002  -0.000000e+000  
2.044652e-001  2.032932e-001  2.009567e-001  1.974719e-001  1.921151e-001  1.850637e-001  1.772204e-001  1.687430e-001  1.597875e-001  1.505020e-001  1.410227e-001  1.314700e-001  1.171861e-001  9.877198e-002  6.741356e-002  2.232171e-002  -0.000000e+000  
6.044810e-002  6.010755e-002  5.942946e-002  5.841996e-002  5.691038e-002  5.495306e-002  5.276457e-002  5.038520e-002  4.785548e-002  4.521472e-002  4.249982e-002  3.974429e-002  3.559436e-002  3.016766e-002  2.080253e-002  6.957885e-003  -0.000000e+000  
-0.000000e+000  -0.000000e+000  -0.000000e+000  -0.000000e+000  -0.000000e+000  -0.000000e+000  -0.000000e+000  -0.000000e+000  -0.000000e+000  -0.000000e+000  -0.000000e+000  -0.000000e+000  -0.000000e+000  -0.000000e+000  -0.000000e+000  -0.000000e+000  -0.000000e+000  

