2025-10-09 12:22:55   Build version: 2025.4 Release from 2025-04-11 (change 1409410)

2025-10-09 12:22:55   Starting adaptive port meshing.

                      ------------------------------------------------------------------------------
2025-10-09 12:22:55   Mode calculation for port 1:

                      ------------------------------------------------------------------------------
2025-10-09 12:22:55   According to the selected features the <Time Domain Solver (HEX)> will be
                      started.

                      ------------------------------------------------------------------------------
2025-10-09 12:22:55   

                      ------------------------------------------------------------------------------
2025-10-09 12:22:55   

                      ------------------------------------------------------------------------------
2025-10-09 12:23:00   Using Generalized port mode solver.

                      ------------------------------------------------------------------------------
2025-10-09 12:23:01   Port mode solver: Detected dispersive material(s) at port 1. 
                      Using a constant approximation of dispersive material(s) at 2.4 GHz and neglecting loss terms.  More...

                      ------------------------------------------------------------------------------
2025-10-09 12:23:02     -------------------------------- F-Calc 2.4 --------------------------------
                        Port   Mode   Type        Z-Wave        Z-Wave-Sigma  Z-Line        F-Cutoff
                        1      1      QTEM        205           0             53.3          ---
                        ----------------------------------------------------------------------------

2025-10-09 12:23:04   Pass 1 successfully completed. 
2025-10-09 12:23:04   According to the selected features the <Time Domain Solver (HEX)> will be
                      started.

                      ------------------------------------------------------------------------------
2025-10-09 12:23:04   

                      ------------------------------------------------------------------------------
2025-10-09 12:23:04   

                      ------------------------------------------------------------------------------
2025-10-09 12:23:10     -------------------------------- F-Calc 2.4 --------------------------------
                        Port   Mode   Type        Z-Wave        Z-Wave-Sigma  Z-Line        F-Cutoff
                        1      1      QTEM        207           0             54.9          ---
                        ----------------------------------------------------------------------------

2025-10-09 12:23:11   Pass 2 successfully completed. Delta (Line Imp.): 2.97%
2025-10-09 12:23:11   According to the selected features the <Time Domain Solver (HEX)> will be
                      started.

                      ------------------------------------------------------------------------------
2025-10-09 12:23:11   

                      ------------------------------------------------------------------------------
2025-10-09 12:23:11   

                      ------------------------------------------------------------------------------
2025-10-09 12:23:17     -------------------------------- F-Calc 2.4 --------------------------------
                        Port   Mode   Type        Z-Wave        Z-Wave-Sigma  Z-Line        F-Cutoff
                        1      1      QTEM        250           7.56e-005     54.3          ---
                        ----------------------------------------------------------------------------

2025-10-09 12:23:18   Pass 3 successfully completed. Delta (Line Imp.): 1.13%
2025-10-09 12:23:19   According to the selected features the <Time Domain Solver (HEX)> will be
                      started.

                      ------------------------------------------------------------------------------
2025-10-09 12:23:19   

                      ------------------------------------------------------------------------------
2025-10-09 12:23:19   

                      ------------------------------------------------------------------------------
2025-10-09 12:23:26     -------------------------------- F-Calc 2.4 --------------------------------
                        Port   Mode   Type        Z-Wave        Z-Wave-Sigma  Z-Line        F-Cutoff
                        1      1      QTEM        252           1.81e-006     54.2          ---
                        ----------------------------------------------------------------------------

2025-10-09 12:23:27   Pass 4 successfully completed. Delta (Line Imp.): 0.24%
2025-10-09 12:23:27   Adaptive port meshing finished. 

                      ------------------------------------------------------------------------------
2025-10-09 12:23:31   The following farfield monitor(s) have been adjusted to model box [-58.4381,
                      58.4381, -50.5279, 45.7186, -5.26102, 16.1083]:
                        farfield (f=2.4417).
                      For further information please check the page "Special Solver Parameters -
                      Solver" in the Online Help.

                      ------------------------------------------------------------------------------
2025-10-09 12:23:31   According to the selected features the <Time Domain Solver (HEX)> will be
                      started.

                      ------------------------------------------------------------------------------
2025-10-09 12:23:31   
                      Solver started at: 2025-10-09 12:23:31 +0200

                        Module:  Time Domain: S-Parameter (Win 64)
                        Version: 2025.4 Release from 2025-04-11 (change 1409410)

2025-10-09 12:23:31   

                      ------------------------------------------------------------------------------
2025-10-09 12:23:31   

                      ------------------------------------------------------------------------------
2025-10-09 12:23:31   ======================================================================
                       Solver cycle: 1
                      ======================================================================

                      Stimulation at port 1 (mode 1) 



                      ------------------------------------------------------------------------------
2025-10-09 12:23:31   Units settings: 

                        Dimensions: mm
                        Frequency:  GHz
                        Time:       ns

                      ------------------------------------------------------------------------------
2025-10-09 12:23:31   The dispersive material update [Automatic] will be performed using the "Standard" update schema

                      ------------------------------------------------------------------------------
2025-10-09 12:24:16   Mesh statistics:

                         Hexahedral mesh type: Perfect Boundary Approximation (PBA)
                            Version: default

                         Parallelization type: domain decomposition
                            Number of parallel working threads: 2
                            Number of calculation domains used: 2

                         Used point accuracy enhancement value: 75.00%.
                         Acceleration mode: CPU
                         Used point accuracy enhancement value: 74.00%.
                         PBA fill limit: 99.00% (inverse)
2025-10-09 10:28:52      current system memory usage reached 80%

2025-10-09 12:24:18   Using Generalized port mode solver.

                      ------------------------------------------------------------------------------
2025-10-09 12:24:20   Port mode solver: Detected dispersive material(s) at port 1. 
                      Using a constant approximation of dispersive material(s) at 2.4 GHz and neglecting loss terms.  More...

                      ------------------------------------------------------------------------------
2025-10-09 12:24:20   Boundary conditions: 

                        YZsymmetry: none
                        XZsymmetry: none
                        XYsymmetry: none

                        Xmin: expanded open, 4 Layer, depth 33.0216 mm
                        Xmax: expanded open, 4 Layer, depth 33.0216 mm

                        Ymin: expanded open, 4 Layer, depth 32.9274 mm
                        Ymax: expanded open, 4 Layer, depth 33.0708 mm

                        Zmin: expanded open, 4 Layer, depth 33.2659 mm
                        Zmax: expanded open, 4 Layer, depth 37.9033 mm

                        PML-Type: Convolution PML

                      ------------------------------------------------------------------------------
2025-10-09 12:24:20   Frequency settings: 

                        Fmin:         2.2
                        Fmax:         2.6
                        Nfsteps(lin): 1001

                      ------------------------------------------------------------------------------
2025-10-09 12:24:21   Field update statistics:

                        Number of components in total: 	340011
                        Number of TST and special elements:	228
                        Number of lossy metal components:	7916
                        Number of disp. elements:		4450

                      Subcycling state:      			Automatically deactivated

                      ------------------------------------------------------------------------------
2025-10-09 12:24:21   Waveguide boundaries:

2025-10-09 12:24:21   Port: 1

2025-10-09 12:24:21     -------------------------------- F-Calc 2.4 --------------------------------
                        Port   Mode   Type        Z-Wave        Z-Wave-Sigma  Z-Line        F-Cutoff
                        1      1      QTEM        205           0             54.2          ---
                        ----------------------------------------------------------------------------

2025-10-09 12:24:22   Using standard absorber for unconsidered modes at port 1.

                      ------------------------------------------------------------------------------
2025-10-09 12:25:18   
                      --------------------------------------------------------------------------------
2025-10-09 12:25:18   Steady state energy criterion met, solver finished successfully.

                      ------------------------------------------------------------------------------
2025-10-09 12:25:18   Frequency domain results normalized to default signal.


                      ------------------------------------------------------------------------------
2025-10-09 12:25:18   
                        ----------------------------------------------------------------------------
                                            Peak memory used (kB)         Free physical memory (kB) 
                                                                          At begin     Minimum      
                        ----------------------------------------------------------------------------
                        CAD preparation     16520                         1537268      1537268      
                        Matrices calc.      76497                         1989257      1143554      
                        Solver run total    75160                         1405560      1199284      
                        ----------------------------------------------------------------------------

                      --------------------------------------------------------------------------------
                      Solver Statistics:

                        Hardware:
                           Computer name:                 	Heu 

                           Number of CPU threads:               4
                           Hardware info:                  	Hardware Accelerator Device not activated

                        Number of mesh cells:             	54144
                        Excitation duration:              	1.77727437e+001 ns 
                        Calculation time for excitation:  	0 	s
                        Number of calculated pulse widths:	1.16525 
                        Steady state accuracy limit:      	-40	dB 
                        Simulated number of time steps:   	7498 
                        Maximum number of time steps:     	128693 
                        Time step width:
                           without subcycles:             	2.762029317e-003 ns
                           used:                          	2.762029317e-003 ns

                        CAD preparation time:             	1      	s
                        Matrix calculation time:          	43 	s
                        Solver setup time:                	10 	s
                        Solver loop time:                 	49 	s
                        Solver post-processing time:      	2 	s
                                                          	------------
                        Total solver time:                	105 	s  ( = 0 h, 1 m, 45 s )

                      ------------------------------------------------------------------------------
2025-10-09 12:25:19   
                        Adaptive port meshing time:          	35     	s
                        Total solver time (all cycles):      	105    	s  ( = 0 h, 1 m, 45 s )
                        Solver initialization and clean-up:  	2      	s
                                                             	------------
                        Total simulation time:               	142    	s  ( = 0 h, 2 m, 22 s )

                      ------------------------------------------------------------------------------
2025-10-09 12:25:19   Solver finished at: 2025-10-09 12:25:19 +0200



                      ------------------------------------------------------------------------------
2025-10-09 12:25:22   Creating parametric 1D results for Run ID 1

                      ------------------------------------------------------------------------------
