2025-10-14 10:53:52   Build version: 2025.4 Release from 2025-04-11 (change 1409410)

2025-10-14 10:53:52   Starting adaptive port meshing.

                      ------------------------------------------------------------------------------
2025-10-14 10:53:52   Mode calculation for port 1:

                      ------------------------------------------------------------------------------
2025-10-14 10:53:52   According to the selected features the <Time Domain Solver (HEX)> will be
                      started.

                      ------------------------------------------------------------------------------
2025-10-14 10:53:53   

                      ------------------------------------------------------------------------------
2025-10-14 10:53:53   

                      ------------------------------------------------------------------------------
2025-10-14 10:54:01   Using Generalized port mode solver.

                      ------------------------------------------------------------------------------
2025-10-14 10:54:01   Using electric shielding for port 1.

                      ------------------------------------------------------------------------------
2025-10-14 10:54:04   Port mode solver: Detected dispersive material(s) at port 1. 
                      Using a constant approximation of dispersive material(s) at 2.44175 GHz and neglecting loss terms.  More...

                      ------------------------------------------------------------------------------
2025-10-14 10:54:07     ------------------------------- F-Calc 2.44 --------------------------------
                        Port   Mode   Type        Z-Wave        Z-Wave-Sigma  Z-Line        F-Cutoff
                        1      1      QTEM        201           0             48.6          ---
                        ----------------------------------------------------------------------------

2025-10-14 10:54:12   Pass 1 successfully completed. 
2025-10-14 10:54:12   According to the selected features the <Time Domain Solver (HEX)> will be
                      started.

                      ------------------------------------------------------------------------------
2025-10-14 10:54:13   

                      ------------------------------------------------------------------------------
2025-10-14 10:54:13   

                      ------------------------------------------------------------------------------
2025-10-14 10:54:28     ------------------------------- F-Calc 2.44 --------------------------------
                        Port   Mode   Type        Z-Wave        Z-Wave-Sigma  Z-Line        F-Cutoff
                        1      1      QTEM        200           0             52.2          ---
                        ----------------------------------------------------------------------------

2025-10-14 10:54:33   Pass 2 successfully completed. Delta (Line Imp.): 6.99%
2025-10-14 10:54:33   According to the selected features the <Time Domain Solver (HEX)> will be
                      started.

                      ------------------------------------------------------------------------------
2025-10-14 10:54:33   

                      ------------------------------------------------------------------------------
2025-10-14 10:54:33   

                      ------------------------------------------------------------------------------
2025-10-14 10:54:48     ------------------------------- F-Calc 2.44 --------------------------------
                        Port   Mode   Type        Z-Wave        Z-Wave-Sigma  Z-Line        F-Cutoff
                        1      1      QTEM        235           3.99e-007     53.7          ---
                        ----------------------------------------------------------------------------

2025-10-14 10:54:53   Pass 3 successfully completed. Delta (Line Imp.): 2.79%
2025-10-14 10:54:53   According to the selected features the <Time Domain Solver (HEX)> will be
                      started.

                      ------------------------------------------------------------------------------
2025-10-14 10:54:54   

                      ------------------------------------------------------------------------------
2025-10-14 10:54:54   

                      ------------------------------------------------------------------------------
2025-10-14 10:55:13     ------------------------------- F-Calc 2.44 --------------------------------
                        Port   Mode   Type        Z-Wave        Z-Wave-Sigma  Z-Line        F-Cutoff
                        1      1      QTEM        241           3.83e-008     53.5          ---
                        ----------------------------------------------------------------------------

2025-10-14 10:55:19   Pass 4 successfully completed. Delta (Line Imp.): 0.44%
2025-10-14 10:55:19   Mode calculation for port 2:

                      ------------------------------------------------------------------------------
2025-10-14 10:55:19   According to the selected features the <Time Domain Solver (HEX)> will be
                      started.

                      ------------------------------------------------------------------------------
2025-10-14 10:55:19   

                      ------------------------------------------------------------------------------
2025-10-14 10:55:19   

                      ------------------------------------------------------------------------------
2025-10-14 10:55:29   Using Generalized port mode solver.

                      ------------------------------------------------------------------------------
2025-10-14 10:55:29   Using electric shielding for port 2.

                      ------------------------------------------------------------------------------
2025-10-14 10:55:33   Port mode solver: Detected dispersive material(s) at port 2. 
                      Using a constant approximation of dispersive material(s) at 2.44175 GHz and neglecting loss terms.  More...

                      ------------------------------------------------------------------------------
2025-10-14 10:55:36     ------------------------------- F-Calc 2.44 --------------------------------
                        Port   Mode   Type        Z-Wave        Z-Wave-Sigma  Z-Line        F-Cutoff
                        2      1      QTEM        201           0             48.6          ---
                        ----------------------------------------------------------------------------

2025-10-14 10:55:43   Pass 1 successfully completed. 
2025-10-14 10:55:43   According to the selected features the <Time Domain Solver (HEX)> will be
                      started.

                      ------------------------------------------------------------------------------
2025-10-14 10:55:43   

                      ------------------------------------------------------------------------------
2025-10-14 10:55:43   

                      ------------------------------------------------------------------------------
2025-10-14 10:55:59     ------------------------------- F-Calc 2.44 --------------------------------
                        Port   Mode   Type        Z-Wave        Z-Wave-Sigma  Z-Line        F-Cutoff
                        2      1      QTEM        200           0             52.2          ---
                        ----------------------------------------------------------------------------

2025-10-14 10:56:04   Pass 2 successfully completed. Delta (Line Imp.): 6.99%
2025-10-14 10:56:04   According to the selected features the <Time Domain Solver (HEX)> will be
                      started.

                      ------------------------------------------------------------------------------
2025-10-14 10:56:04   

                      ------------------------------------------------------------------------------
2025-10-14 10:56:04   

                      ------------------------------------------------------------------------------
2025-10-14 10:56:19     ------------------------------- F-Calc 2.44 --------------------------------
                        Port   Mode   Type        Z-Wave        Z-Wave-Sigma  Z-Line        F-Cutoff
                        2      1      QTEM        235           3.99e-007     53.7          ---
                        ----------------------------------------------------------------------------

2025-10-14 10:56:24   Pass 3 successfully completed. Delta (Line Imp.): 2.79%
2025-10-14 10:56:24   According to the selected features the <Time Domain Solver (HEX)> will be
                      started.

                      ------------------------------------------------------------------------------
2025-10-14 10:56:24   

                      ------------------------------------------------------------------------------
2025-10-14 10:56:24   

                      ------------------------------------------------------------------------------
2025-10-14 10:56:40     ------------------------------- F-Calc 2.44 --------------------------------
                        Port   Mode   Type        Z-Wave        Z-Wave-Sigma  Z-Line        F-Cutoff
                        2      1      QTEM        241           3.83e-008     53.5          ---
                        ----------------------------------------------------------------------------

2025-10-14 10:56:44   Pass 4 successfully completed. Delta (Line Imp.): 0.44%
2025-10-14 10:56:44   Mode calculation for port 3:

                      ------------------------------------------------------------------------------
2025-10-14 10:56:44   According to the selected features the <Time Domain Solver (HEX)> will be
                      started.

                      ------------------------------------------------------------------------------
2025-10-14 10:56:45   

                      ------------------------------------------------------------------------------
2025-10-14 10:56:45   

                      ------------------------------------------------------------------------------
2025-10-14 10:56:54   Using Generalized port mode solver.

                      ------------------------------------------------------------------------------
2025-10-14 10:56:54   Using electric shielding for port 3.

                      ------------------------------------------------------------------------------
2025-10-14 10:56:57   Port mode solver: Detected dispersive material(s) at port 3. 
                      Using a constant approximation of dispersive material(s) at 2.44175 GHz and neglecting loss terms.  More...

                      ------------------------------------------------------------------------------
2025-10-14 10:57:00     ------------------------------- F-Calc 2.44 --------------------------------
                        Port   Mode   Type        Z-Wave        Z-Wave-Sigma  Z-Line        F-Cutoff
                        3      1      QTEM        201           0             48.6          ---
                        ----------------------------------------------------------------------------

2025-10-14 10:57:05   Pass 1 successfully completed. 
2025-10-14 10:57:05   According to the selected features the <Time Domain Solver (HEX)> will be
                      started.

                      ------------------------------------------------------------------------------
2025-10-14 10:57:05   

                      ------------------------------------------------------------------------------
2025-10-14 10:57:05   

                      ------------------------------------------------------------------------------
2025-10-14 10:57:20     ------------------------------- F-Calc 2.44 --------------------------------
                        Port   Mode   Type        Z-Wave        Z-Wave-Sigma  Z-Line        F-Cutoff
                        3      1      QTEM        200           0             52.2          ---
                        ----------------------------------------------------------------------------

2025-10-14 10:57:25   Pass 2 successfully completed. Delta (Line Imp.): 6.99%
2025-10-14 10:57:25   According to the selected features the <Time Domain Solver (HEX)> will be
                      started.

                      ------------------------------------------------------------------------------
2025-10-14 10:57:25   

                      ------------------------------------------------------------------------------
2025-10-14 10:57:25   

                      ------------------------------------------------------------------------------
2025-10-14 10:57:40     ------------------------------- F-Calc 2.44 --------------------------------
                        Port   Mode   Type        Z-Wave        Z-Wave-Sigma  Z-Line        F-Cutoff
                        3      1      QTEM        235           3.99e-007     53.7          ---
                        ----------------------------------------------------------------------------

2025-10-14 10:57:45   Pass 3 successfully completed. Delta (Line Imp.): 2.79%
2025-10-14 10:57:45   According to the selected features the <Time Domain Solver (HEX)> will be
                      started.

                      ------------------------------------------------------------------------------
2025-10-14 10:57:45   

                      ------------------------------------------------------------------------------
2025-10-14 10:57:45   

                      ------------------------------------------------------------------------------
2025-10-14 10:58:00     ------------------------------- F-Calc 2.44 --------------------------------
                        Port   Mode   Type        Z-Wave        Z-Wave-Sigma  Z-Line        F-Cutoff
                        3      1      QTEM        241           3.81e-008     53.5          ---
                        ----------------------------------------------------------------------------

2025-10-14 10:58:05   Pass 4 successfully completed. Delta (Line Imp.): 0.44%
2025-10-14 10:58:05   Mode calculation for port 4:

                      ------------------------------------------------------------------------------
2025-10-14 10:58:05   According to the selected features the <Time Domain Solver (HEX)> will be
                      started.

                      ------------------------------------------------------------------------------
2025-10-14 10:58:05   

                      ------------------------------------------------------------------------------
2025-10-14 10:58:05   

                      ------------------------------------------------------------------------------
2025-10-14 10:58:17   Using Generalized port mode solver.

                      ------------------------------------------------------------------------------
2025-10-14 10:58:17   Using electric shielding for port 4.

                      ------------------------------------------------------------------------------
2025-10-14 10:58:22   Port mode solver: Detected dispersive material(s) at port 4. 
                      Using a constant approximation of dispersive material(s) at 2.44175 GHz and neglecting loss terms.  More...

                      ------------------------------------------------------------------------------
2025-10-14 10:58:25     ------------------------------- F-Calc 2.44 --------------------------------
                        Port   Mode   Type        Z-Wave        Z-Wave-Sigma  Z-Line        F-Cutoff
                        4      1      QTEM        201           0             48.6          ---
                        ----------------------------------------------------------------------------

2025-10-14 10:58:31   Pass 1 successfully completed. 
2025-10-14 10:58:31   According to the selected features the <Time Domain Solver (HEX)> will be
                      started.

                      ------------------------------------------------------------------------------
2025-10-14 10:58:32   

                      ------------------------------------------------------------------------------
2025-10-14 10:58:32   

                      ------------------------------------------------------------------------------
2025-10-14 10:58:46     ------------------------------- F-Calc 2.44 --------------------------------
                        Port   Mode   Type        Z-Wave        Z-Wave-Sigma  Z-Line        F-Cutoff
                        4      1      QTEM        200           0             52.2          ---
                        ----------------------------------------------------------------------------

2025-10-14 10:58:51   Pass 2 successfully completed. Delta (Line Imp.): 6.99%
2025-10-14 10:58:51   According to the selected features the <Time Domain Solver (HEX)> will be
                      started.

                      ------------------------------------------------------------------------------
2025-10-14 10:58:52   

                      ------------------------------------------------------------------------------
2025-10-14 10:58:52   

                      ------------------------------------------------------------------------------
2025-10-14 10:59:07     ------------------------------- F-Calc 2.44 --------------------------------
                        Port   Mode   Type        Z-Wave        Z-Wave-Sigma  Z-Line        F-Cutoff
                        4      1      QTEM        235           3.99e-007     53.7          ---
                        ----------------------------------------------------------------------------

2025-10-14 10:59:13   Pass 3 successfully completed. Delta (Line Imp.): 2.79%
2025-10-14 10:59:13   According to the selected features the <Time Domain Solver (HEX)> will be
                      started.

                      ------------------------------------------------------------------------------
2025-10-14 10:59:13   

                      ------------------------------------------------------------------------------
2025-10-14 10:59:13   

                      ------------------------------------------------------------------------------
2025-10-14 10:59:29     ------------------------------- F-Calc 2.44 --------------------------------
                        Port   Mode   Type        Z-Wave        Z-Wave-Sigma  Z-Line        F-Cutoff
                        4      1      QTEM        241           3.82e-008     53.5          ---
                        ----------------------------------------------------------------------------

2025-10-14 10:59:34   Pass 4 successfully completed. Delta (Line Imp.): 0.44%
2025-10-14 10:59:34   Adaptive port meshing finished. 

                      ------------------------------------------------------------------------------
2025-10-14 10:59:35   The following farfield monitor(s) have been adjusted to model box [-40.5093,
                      261.549, -61.413, 44.6193, -7.51846, 11.779]:
                        farfield (f=2.4417).
                      For further information please check the page "Special Solver Parameters -
                      Solver" in the Online Help.

                      ------------------------------------------------------------------------------
2025-10-14 10:59:35   According to the selected features the <Time Domain Solver (HEX)> will be
                      started.

                      ------------------------------------------------------------------------------
2025-10-14 10:59:35   
                      Solver started at: 2025-10-14 10:59:35 +0200

                        Module:  Time Domain: S-Parameter (Win 64)
                        Version: 2025.4 Release from 2025-04-11 (change 1409410)

2025-10-14 10:59:35   

                      ------------------------------------------------------------------------------
2025-10-14 10:59:35   

                      ------------------------------------------------------------------------------
2025-10-14 10:59:35   ======================================================================
                       Solver cycle: 1
                      ======================================================================

                      Stimulation at port 1 (mode 1) 



                      ------------------------------------------------------------------------------
2025-10-14 10:59:35   Units settings: 

                        Dimensions: mm
                        Frequency:  GHz
                        Time:       ns

                      ------------------------------------------------------------------------------
2025-10-14 10:59:35   The dispersive material update [Automatic] will be performed using the "Standard" update schema

                      ------------------------------------------------------------------------------
2025-10-14 10:59:50   Mesh statistics:

                         Hexahedral mesh type: Perfect Boundary Approximation (PBA)
                            Version: default

                         Parallelization type: domain decomposition
                            Number of parallel working threads: 1
                            Number of calculation domains used: 1

                         Used point accuracy enhancement value: 75.00%.
                         Acceleration mode: CPU
                         PBA fill limit: 99.00% (inverse)
2025-10-14 10:17:22      current system memory usage reached 80%

2025-10-14 10:59:59   Using Generalized port mode solver.

                      ------------------------------------------------------------------------------
2025-10-14 10:59:59   Using electric shielding for port 1, 2, 3, 4.

                      ------------------------------------------------------------------------------
2025-10-14 11:00:02   Port mode solver: Detected dispersive material(s) at port 1, 2, 3, 4. 
                      Using a constant approximation of dispersive material(s) at 2.44175 GHz and neglecting loss terms.  More...

                      ------------------------------------------------------------------------------
2025-10-14 11:00:03   Boundary conditions: 

                        YZsymmetry: none
                        XZsymmetry: none
                        XYsymmetry: none

                        Xmin: expanded open, 4 Layer, depth 33.8176 mm
                        Xmax: expanded open, 4 Layer, depth 33.8176 mm

                        Ymin: expanded open, 4 Layer, depth 40.9259 mm
                        Ymax: expanded open, 4 Layer, depth 33.8176 mm

                        Zmin: expanded open, 4 Layer, depth 38.8407 mm
                        Zmax: expanded open, 4 Layer, depth 31.932 mm

                        PML-Type: Convolution PML

                      ------------------------------------------------------------------------------
2025-10-14 11:00:03   Frequency settings: 

                        Fmin:         2.3
                        Fmax:         2.5835
                        Nfsteps(lin): 1001

                      ------------------------------------------------------------------------------
2025-10-14 11:00:04   Field update statistics:

                        Number of components in total: 	271455
                        Number of TST and special elements:	7264
                        Number of lossy metal components:	8094
                        Number of disp. elements:		6945

                      Subcycling state:      			Automatically deactivated

                      ------------------------------------------------------------------------------
2025-10-14 11:00:05   Waveguide boundaries:

2025-10-14 11:00:05   Port: 1

2025-10-14 11:00:05     ------------------------------- F-Calc 2.44 --------------------------------
                        Port   Mode   Type        Z-Wave        Z-Wave-Sigma  Z-Line        F-Cutoff
                        1      1      QTEM        201           0             53.5          ---
                        ----------------------------------------------------------------------------

2025-10-14 11:00:05   Port: 2

2025-10-14 11:00:05     ------------------------------- F-Calc 2.44 --------------------------------
                        Port   Mode   Type        Z-Wave        Z-Wave-Sigma  Z-Line        F-Cutoff
                        2      1      QTEM        201           0             53.5          ---
                        ----------------------------------------------------------------------------

2025-10-14 11:00:05   Port: 3

2025-10-14 11:00:05     ------------------------------- F-Calc 2.44 --------------------------------
                        Port   Mode   Type        Z-Wave        Z-Wave-Sigma  Z-Line        F-Cutoff
                        3      1      QTEM        201           0             53.5          ---
                        ----------------------------------------------------------------------------

2025-10-14 11:00:05   Port: 4

2025-10-14 11:00:05     ------------------------------- F-Calc 2.44 --------------------------------
                        Port   Mode   Type        Z-Wave        Z-Wave-Sigma  Z-Line        F-Cutoff
                        4      1      QTEM        201           0             53.5          ---
                        ----------------------------------------------------------------------------

2025-10-14 11:00:06   Using standard absorber for unconsidered modes at port 1.

                      ------------------------------------------------------------------------------
2025-10-14 11:00:06   Using standard absorber for unconsidered modes at port 2.

                      ------------------------------------------------------------------------------
2025-10-14 11:00:06   Using standard absorber for unconsidered modes at port 3.

                      ------------------------------------------------------------------------------
2025-10-14 11:00:06   Using standard absorber for unconsidered modes at port 4.

                      ------------------------------------------------------------------------------
2025-10-14 11:01:49   
                      --------------------------------------------------------------------------------
2025-10-14 11:01:49   Steady state energy criterion met, solver finished successfully.

                      ------------------------------------------------------------------------------
2025-10-14 11:01:49   Frequency domain results normalized to default signal.


                      ------------------------------------------------------------------------------
2025-10-14 11:01:49   
                        ----------------------------------------------------------------------------
                                            Peak memory used (kB)         Free physical memory (kB) 
                                                                          At begin     Minimum      
                        ----------------------------------------------------------------------------
                        Matrices calc.      182401                        7251953      3014648      
                        Solver run total    84216                         3132944      2948856      
                        ----------------------------------------------------------------------------

                      --------------------------------------------------------------------------------
                      Solver Statistics:

                        Hardware:
                           Computer name:                 	Heu 

                           Number of CPU threads:               4
                           Hardware info:                  	Hardware Accelerator Device not activated

                        Number of mesh cells:             	42300
                        Excitation duration:              	2.50761816e+001 ns 
                        Calculation time for excitation:  	0 	s
                        Number of calculated pulse widths:	1.00153 
                        Steady state accuracy limit:      	-40	dB 
                        Simulated number of time steps:   	19404 
                        Maximum number of time steps:     	387487 
                        Time step width:
                           without subcycles:             	1.294296106e-003 ns
                           used:                          	1.294296106e-003 ns

                        Matrix calculation time:          	14 	s
                        Solver setup time:                	25 	s
                        Solver loop time:                 	87 	s
                        Solver post-processing time:      	5 	s
                                                          	------------
                        Total solver time:                	131 	s  ( = 0 h, 2 m, 11 s )

                      ------------------------------------------------------------------------------
2025-10-14 11:01:51   ======================================================================
                       Solver cycle: 2
                      ======================================================================

                      Stimulation at port 2 (mode 1) 



                      ------------------------------------------------------------------------------
2025-10-14 11:01:52   Units settings: 

                        Dimensions: mm
                        Frequency:  GHz
                        Time:       ns

                      ------------------------------------------------------------------------------
2025-10-14 11:01:52   The dispersive material update will be performed using the "Standard" update schema

                      ------------------------------------------------------------------------------
2025-10-14 11:02:10   Boundary conditions: 

                        YZsymmetry: none
                        XZsymmetry: none
                        XYsymmetry: none

                        Xmin: expanded open, 4 Layer, depth 33.8176 mm
                        Xmax: expanded open, 4 Layer, depth 33.8176 mm

                        Ymin: expanded open, 4 Layer, depth 40.9259 mm
                        Ymax: expanded open, 4 Layer, depth 33.8176 mm

                        Zmin: expanded open, 4 Layer, depth 38.8407 mm
                        Zmax: expanded open, 4 Layer, depth 31.932 mm

                        PML-Type: Convolution PML

                      ------------------------------------------------------------------------------
2025-10-14 11:02:10   Frequency settings: 

                        Fmin:         2.3
                        Fmax:         2.5835
                        Nfsteps(lin): 1001

                      ------------------------------------------------------------------------------
2025-10-14 11:02:13   Field update statistics:

                        Number of components in total: 	271455
                        Number of TST and special elements:	7264
                        Number of lossy metal components:	8094
                        Number of disp. elements:		6945

                      Subcycling state:      			Automatically deactivated

                      ------------------------------------------------------------------------------
2025-10-14 11:03:51   
                      --------------------------------------------------------------------------------
2025-10-14 11:03:51   Steady state energy criterion met, solver finished successfully.

                      ------------------------------------------------------------------------------
2025-10-14 11:03:51   Frequency domain results normalized to default signal.


                      ------------------------------------------------------------------------------
2025-10-14 11:03:51   
                        ----------------------------------------------------------------------------
                                            Peak memory used (kB)         Free physical memory (kB) 
                                                                          At begin     Minimum      
                        ----------------------------------------------------------------------------
                        Matrices calc.      182401                        7251953      3014648      
                        Solver run total    95400                         3625768      3446804      
                        ----------------------------------------------------------------------------

                      --------------------------------------------------------------------------------
                      Solver Statistics:

                        Hardware:
                           Computer name:                 	Heu 

                           Number of CPU threads:               4
                           Hardware info:                  	Hardware Accelerator Device not activated

                        Number of mesh cells:             	42300
                        Excitation duration:              	2.50761816e+001 ns 
                        Calculation time for excitation:  	0 	s
                        Number of calculated pulse widths:	1.00153 
                        Steady state accuracy limit:      	-40	dB 
                        Simulated number of time steps:   	19404 
                        Maximum number of time steps:     	387487 
                        Time step width:
                           without subcycles:             	1.294296106e-003 ns
                           used:                          	1.294296106e-003 ns

                        Reloading matrices:               	4 	s
                        Solver setup time:                	46 	s
                        Solver loop time:                 	67 	s
                        Solver post-processing time:      	2 	s
                                                          	------------
                        Total solver time:                	119 	s  ( = 0 h, 1 m, 59 s )

                      ------------------------------------------------------------------------------
2025-10-14 11:03:51   ======================================================================
                       Solver cycle: 3
                      ======================================================================

                      Stimulation at port 3 (mode 1) 



                      ------------------------------------------------------------------------------
2025-10-14 11:03:51   Units settings: 

                        Dimensions: mm
                        Frequency:  GHz
                        Time:       ns

                      ------------------------------------------------------------------------------
2025-10-14 11:03:51   The dispersive material update will be performed using the "Standard" update schema

                      ------------------------------------------------------------------------------
2025-10-14 11:03:53   Boundary conditions: 

                        YZsymmetry: none
                        XZsymmetry: none
                        XYsymmetry: none

                        Xmin: expanded open, 4 Layer, depth 33.8176 mm
                        Xmax: expanded open, 4 Layer, depth 33.8176 mm

                        Ymin: expanded open, 4 Layer, depth 40.9259 mm
                        Ymax: expanded open, 4 Layer, depth 33.8176 mm

                        Zmin: expanded open, 4 Layer, depth 38.8407 mm
                        Zmax: expanded open, 4 Layer, depth 31.932 mm

                        PML-Type: Convolution PML

                      ------------------------------------------------------------------------------
2025-10-14 11:03:53   Frequency settings: 

                        Fmin:         2.3
                        Fmax:         2.5835
                        Nfsteps(lin): 1001

                      ------------------------------------------------------------------------------
2025-10-14 11:03:53   Field update statistics:

                        Number of components in total: 	271455
                        Number of TST and special elements:	7264
                        Number of lossy metal components:	8094
                        Number of disp. elements:		6945

                      Subcycling state:      			Automatically deactivated

                      ------------------------------------------------------------------------------
2025-10-14 11:05:05   
                      --------------------------------------------------------------------------------
2025-10-14 11:05:05   Steady state energy criterion met, solver finished successfully.

                      ------------------------------------------------------------------------------
2025-10-14 11:05:05   Frequency domain results normalized to default signal.


                      ------------------------------------------------------------------------------
2025-10-14 11:05:05   
                        ----------------------------------------------------------------------------
                                            Peak memory used (kB)         Free physical memory (kB) 
                                                                          At begin     Minimum      
                        ----------------------------------------------------------------------------
                        Matrices calc.      182401                        7251953      3014648      
                        Solver run total    98520                         3602172      3602172      
                        ----------------------------------------------------------------------------

                      --------------------------------------------------------------------------------
                      Solver Statistics:

                        Hardware:
                           Computer name:                 	Heu 

                           Number of CPU threads:               4
                           Hardware info:                  	Hardware Accelerator Device not activated

                        Number of mesh cells:             	42300
                        Excitation duration:              	2.50761816e+001 ns 
                        Calculation time for excitation:  	0 	s
                        Number of calculated pulse widths:	1.00153 
                        Steady state accuracy limit:      	-40	dB 
                        Simulated number of time steps:   	19404 
                        Maximum number of time steps:     	387487 
                        Time step width:
                           without subcycles:             	1.294296106e-003 ns
                           used:                          	1.294296106e-003 ns

                        Reloading matrices:               	0 	s
                        Solver setup time:                	4 	s
                        Solver loop time:                 	66 	s
                        Solver post-processing time:      	2 	s
                                                          	------------
                        Total solver time:                	72 	s  ( = 0 h, 1 m, 12 s )

                      ------------------------------------------------------------------------------
2025-10-14 11:05:06   ======================================================================
                       Solver cycle: 4
                      ======================================================================

                      Stimulation at port 4 (mode 1) 



                      ------------------------------------------------------------------------------
2025-10-14 11:05:06   Units settings: 

                        Dimensions: mm
                        Frequency:  GHz
                        Time:       ns

                      ------------------------------------------------------------------------------
2025-10-14 11:05:06   The dispersive material update will be performed using the "Standard" update schema

                      ------------------------------------------------------------------------------
2025-10-14 11:05:07   Boundary conditions: 

                        YZsymmetry: none
                        XZsymmetry: none
                        XYsymmetry: none

                        Xmin: expanded open, 4 Layer, depth 33.8176 mm
                        Xmax: expanded open, 4 Layer, depth 33.8176 mm

                        Ymin: expanded open, 4 Layer, depth 40.9259 mm
                        Ymax: expanded open, 4 Layer, depth 33.8176 mm

                        Zmin: expanded open, 4 Layer, depth 38.8407 mm
                        Zmax: expanded open, 4 Layer, depth 31.932 mm

                        PML-Type: Convolution PML

                      ------------------------------------------------------------------------------
2025-10-14 11:05:07   Frequency settings: 

                        Fmin:         2.3
                        Fmax:         2.5835
                        Nfsteps(lin): 1001

                      ------------------------------------------------------------------------------
2025-10-14 11:05:08   Field update statistics:

                        Number of components in total: 	271455
                        Number of TST and special elements:	7264
                        Number of lossy metal components:	8094
                        Number of disp. elements:		6945

                      Subcycling state:      			Automatically deactivated

                      ------------------------------------------------------------------------------
2025-10-14 11:06:27   
                      --------------------------------------------------------------------------------
2025-10-14 11:06:27   Steady state energy criterion met, solver finished successfully.

                      ------------------------------------------------------------------------------
2025-10-14 11:06:27   Frequency domain results normalized to default signal.


                      ------------------------------------------------------------------------------
2025-10-14 11:06:27   
                        ----------------------------------------------------------------------------
                                            Peak memory used (kB)         Free physical memory (kB) 
                                                                          At begin     Minimum      
                        ----------------------------------------------------------------------------
                        Matrices calc.      182401                        7251953      3014648      
                        Solver run total    99480                         3675112      3611648      
                        ----------------------------------------------------------------------------

                      --------------------------------------------------------------------------------
                      Solver Statistics:

                        Hardware:
                           Computer name:                 	Heu 

                           Number of CPU threads:               4
                           Hardware info:                  	Hardware Accelerator Device not activated

                        Number of mesh cells:             	42300
                        Excitation duration:              	2.50761816e+001 ns 
                        Calculation time for excitation:  	0 	s
                        Number of calculated pulse widths:	1.00153 
                        Steady state accuracy limit:      	-40	dB 
                        Simulated number of time steps:   	19404 
                        Maximum number of time steps:     	387487 
                        Time step width:
                           without subcycles:             	1.294296106e-003 ns
                           used:                          	1.294296106e-003 ns

                        Reloading matrices:               	0 	s
                        Solver setup time:                	4 	s
                        Solver loop time:                 	73 	s
                        Solver post-processing time:      	2 	s
                                                          	------------
                        Total solver time:                	79 	s  ( = 0 h, 1 m, 19 s )

                      ------------------------------------------------------------------------------
2025-10-14 11:06:27   
                        Adaptive port meshing time:          	344    	s  ( = 0 h, 5 m, 44 s )
                        Total solver time (all cycles):      	401    	s  ( = 0 h, 6 m, 41 s )
                        Solver initialization and clean-up:  	11     	s
                                                             	------------
                        Total simulation time:               	756    	s  ( = 0 h, 12 m, 36 s )

                      ------------------------------------------------------------------------------
2025-10-14 11:06:27   Solver finished at: 2025-10-14 11:06:27 +0200



                      ------------------------------------------------------------------------------
2025-10-14 11:06:29   Creating parametric 1D results for Run ID 11

                      ------------------------------------------------------------------------------
