2025-10-16 15:50:22   Build version: 2025.4 Release from 2025-04-11 (change 1409410)

2025-10-16 15:50:22   Starting adaptive port meshing.

                      ------------------------------------------------------------------------------
2025-10-16 15:50:22   Mode calculation for port 1:

                      ------------------------------------------------------------------------------
2025-10-16 15:50:22   According to the selected features the <Time Domain Solver (HEX)> will be
                      started.

                      ------------------------------------------------------------------------------
2025-10-16 15:50:23   

                      ------------------------------------------------------------------------------
2025-10-16 15:50:23   

                      ------------------------------------------------------------------------------
2025-10-16 15:50:28   Using Generalized port mode solver.

                      ------------------------------------------------------------------------------
2025-10-16 15:50:28   Using electric shielding for port 1.

                      ------------------------------------------------------------------------------
2025-10-16 15:50:29   Port mode solver: Detected dispersive material(s) at port 1. 
                      Using a constant approximation of dispersive material(s) at 2.4 GHz and neglecting loss terms.  More...

                      ------------------------------------------------------------------------------
2025-10-16 15:50:31     -------------------------------- F-Calc 2.4 --------------------------------
                        Port   Mode   Type        Z-Wave        Z-Wave-Sigma  Z-Line        F-Cutoff
                        1      1      QTEM        209           0             59            ---
                        ----------------------------------------------------------------------------

2025-10-16 15:50:34   Pass 1 successfully completed. 
2025-10-16 15:50:34   According to the selected features the <Time Domain Solver (HEX)> will be
                      started.

                      ------------------------------------------------------------------------------
2025-10-16 15:50:34   

                      ------------------------------------------------------------------------------
2025-10-16 15:50:34   

                      ------------------------------------------------------------------------------
2025-10-16 15:50:43     -------------------------------- F-Calc 2.4 --------------------------------
                        Port   Mode   Type        Z-Wave        Z-Wave-Sigma  Z-Line        F-Cutoff
                        1      1      QTEM        212           0             61.9          ---
                        ----------------------------------------------------------------------------

2025-10-16 15:50:46   Pass 2 successfully completed. Delta (Line Imp.): 4.58%
2025-10-16 15:50:47   According to the selected features the <Time Domain Solver (HEX)> will be
                      started.

                      ------------------------------------------------------------------------------
2025-10-16 15:50:47   

                      ------------------------------------------------------------------------------
2025-10-16 15:50:47   

                      ------------------------------------------------------------------------------
2025-10-16 15:50:55     -------------------------------- F-Calc 2.4 --------------------------------
                        Port   Mode   Type        Z-Wave        Z-Wave-Sigma  Z-Line        F-Cutoff
                        1      1      QTEM        247           6.42e-007     61.6          ---
                        ----------------------------------------------------------------------------

2025-10-16 15:50:58   Pass 3 successfully completed. Delta (Line Imp.): 0.34%
2025-10-16 15:50:58   According to the selected features the <Time Domain Solver (HEX)> will be
                      started.

                      ------------------------------------------------------------------------------
2025-10-16 15:50:58   

                      ------------------------------------------------------------------------------
2025-10-16 15:50:58   

                      ------------------------------------------------------------------------------
2025-10-16 15:51:05     -------------------------------- F-Calc 2.4 --------------------------------
                        Port   Mode   Type        Z-Wave        Z-Wave-Sigma  Z-Line        F-Cutoff
                        1      1      QTEM        250           8.04e-008     61.7          ---
                        ----------------------------------------------------------------------------

2025-10-16 15:51:07   Pass 4 successfully completed. Delta (Line Imp.): 0.01%
2025-10-16 15:51:07   Adaptive port meshing finished. 

                      ------------------------------------------------------------------------------
2025-10-16 15:51:11   The following farfield monitor(s) have been adjusted to model box [-59.7573,
                      59.7573, -58.8649, 45.9568, -5.31622, 14.8949]:
                        farfield (f=2.4417).
                      For further information please check the page "Special Solver Parameters -
                      Solver" in the Online Help.

                      ------------------------------------------------------------------------------
2025-10-16 15:51:11   According to the selected features the <Time Domain Solver (HEX)> will be
                      started.

                      ------------------------------------------------------------------------------
2025-10-16 15:51:12   
                      Solver started at: 2025-10-16 15:51:12 +0200

                        Module:  Time Domain: S-Parameter (Win 64)
                        Version: 2025.4 Release from 2025-04-11 (change 1409410)

2025-10-16 15:51:12   

                      ------------------------------------------------------------------------------
2025-10-16 15:51:12   

                      ------------------------------------------------------------------------------
2025-10-16 15:51:12   ======================================================================
                       Solver cycle: 1
                      ======================================================================

                      Stimulation at port 1 (mode 1) 



                      ------------------------------------------------------------------------------
2025-10-16 15:51:12   Units settings: 

                        Dimensions: mm
                        Frequency:  GHz
                        Time:       ns

                      ------------------------------------------------------------------------------
2025-10-16 15:51:12   The dispersive material update [Automatic] will be performed using the "Standard" update schema

                      ------------------------------------------------------------------------------
2025-10-16 15:51:28   Mesh statistics:

                         Hexahedral mesh type: Perfect Boundary Approximation (PBA)
                            Version: default

                         Parallelization type: domain decomposition
                            Number of parallel working threads: 2
                            Number of calculation domains used: 2

                         Used point accuracy enhancement value: 75.00%.
                         Acceleration mode: CPU
                         PBA fill limit: 99.00% (inverse)
                         Used point accuracy enhancement value: 74.00%.

2025-10-16 15:51:32   Using Generalized port mode solver.

                      ------------------------------------------------------------------------------
2025-10-16 15:51:32   Using electric shielding for port 1.

                      ------------------------------------------------------------------------------
2025-10-16 15:51:34   Port mode solver: Detected dispersive material(s) at port 1. 
                      Using a constant approximation of dispersive material(s) at 2.4 GHz and neglecting loss terms.  More...

                      ------------------------------------------------------------------------------
2025-10-16 15:51:34   Boundary conditions: 

                        YZsymmetry: none
                        XZsymmetry: none
                        XYsymmetry: none

                        Xmin: expanded open, 4 Layer, depth 32.695 mm
                        Xmax: expanded open, 4 Layer, depth 32.695 mm

                        Ymin: expanded open, 4 Layer, depth 32.927 mm
                        Ymax: expanded open, 4 Layer, depth 32.641 mm

                        Zmin: expanded open, 4 Layer, depth 32.7727 mm
                        Zmax: expanded open, 4 Layer, depth 39.486 mm

                        PML-Type: Convolution PML

                      ------------------------------------------------------------------------------
2025-10-16 15:51:34   Frequency settings: 

                        Fmin:         2.2
                        Fmax:         2.6
                        Nfsteps(lin): 1001

                      ------------------------------------------------------------------------------
2025-10-16 15:51:35   Field update statistics:

                        Number of components in total: 	340011
                        Number of TST and special elements:	228
                        Number of lossy metal components:	7916
                        Number of disp. elements:		4450

                      Subcycling state:      			Automatically deactivated

                      ------------------------------------------------------------------------------
2025-10-16 15:51:36   Waveguide boundaries:

2025-10-16 15:51:36   Port: 1

2025-10-16 15:51:36     -------------------------------- F-Calc 2.4 --------------------------------
                        Port   Mode   Type        Z-Wave        Z-Wave-Sigma  Z-Line        F-Cutoff
                        1      1      QTEM        209           0             61.7          ---
                        ----------------------------------------------------------------------------

2025-10-16 15:51:37   Using standard absorber for unconsidered modes at port 1.

                      ------------------------------------------------------------------------------
2025-10-16 15:52:03   
                      --------------------------------------------------------------------------------
2025-10-16 15:52:03   Steady state energy criterion met, solver finished successfully.

                      ------------------------------------------------------------------------------
2025-10-16 15:52:03   Frequency domain results normalized to default signal.


                      ------------------------------------------------------------------------------
2025-10-16 15:52:03   
                        ----------------------------------------------------------------------------
                                            Peak memory used (kB)         Free physical memory (kB) 
                                                                          At begin     Minimum      
                        ----------------------------------------------------------------------------
                        Matrices calc.      143341                        1989257      1206054      
                        Solver run total    74208                         3992672      3570948      
                        ----------------------------------------------------------------------------

                      --------------------------------------------------------------------------------
                      Solver Statistics:

                        Hardware:
                           Computer name:                 	Heu 

                           Number of CPU threads:               4
                           Hardware info:                  	Hardware Accelerator Device not activated

                        Number of mesh cells:             	54144
                        Excitation duration:              	1.77727437e+001 ns 
                        Calculation time for excitation:  	0 	s
                        Number of calculated pulse widths:	1.17065 
                        Steady state accuracy limit:      	-40	dB 
                        Simulated number of time steps:   	8200 
                        Maximum number of time steps:     	140092 
                        Time step width:
                           without subcycles:             	2.537278034e-003 ns
                           used:                          	2.537278034e-003 ns

                        Matrix calculation time:          	15 	s
                        Solver setup time:                	14 	s
                        Solver loop time:                 	18 	s
                        Solver post-processing time:      	2 	s
                                                          	------------
                        Total solver time:                	49 	s

                      ------------------------------------------------------------------------------
2025-10-16 15:52:04   
                        Adaptive port meshing time:          	48     	s
                        Total solver time (all cycles):      	49     	s
                        Solver initialization and clean-up:  	3      	s
                                                             	------------
                        Total simulation time:               	100    	s  ( = 0 h, 1 m, 40 s )

                      ------------------------------------------------------------------------------
2025-10-16 15:52:04   Solver finished at: 2025-10-16 15:52:04 +0200



                      ------------------------------------------------------------------------------
2025-10-16 15:52:07   Creating parametric 1D results for Run ID 10

                      ------------------------------------------------------------------------------
