Port monitor named: Port1_e1[2.4].prt

nx        = 38
ny        = 4
nz        = 19

nu        = 17
nv        = 36
iu        = 2
iv        = 2

idir      = 1
dcut      = -4.860000e-002
icut      = 2
type      = 0
frequency = 2.400000e+009

fcutoff   = 0.000000e+000
alpha     = 0.000000e+000
beta      = 9.402223e+001
accuracy  = 2.058771e-010

type          = QTEM
wave imp.     = 2.491320e+002
wave imp.sig. = 1.879101e-008
line imp.     = 4.206821e+001

ref. port     = 0

-4.560304e+001  -4.518254e+001  -4.435684e+001  -4.315523e+001  -1.858531e+002  -1.828318e+002  -1.785847e+002  -1.732342e+002  -1.669200e+002  -1.597910e+002  -1.519981e+002  -1.436875e+002  -1.306504e+002  -1.124868e+002  -7.962518e+001  -2.729952e+001  0.000000e+000  
-4.913252e+001  -4.857958e+001  -4.750040e+001  -4.594573e+001  -1.969772e+002  -1.932375e+002  -1.880775e+002  -1.816795e+002  -1.742429e+002  -1.659710e+002  -1.570614e+002  -1.476974e+002  -1.332157e+002  -1.135931e+002  -7.897165e+001  -2.660536e+001  0.000000e+000  
-6.709686e+001  -6.570748e+001  -6.303707e+001  -5.928921e+001  -2.486141e+002  -2.407355e+002  -2.305200e+002  -2.185164e+002  -2.052638e+002  -1.912550e+002  -1.769149e+002  -1.625900e+002  -1.415255e+002  -1.157238e+002  -7.433563e+001  -2.320246e+001  0.000000e+000  
-1.085666e+002  -1.043610e+002  -9.638413e+001  -8.544743e+001  -3.410634e+002  -3.214143e+002  -2.980216e+002  -2.725308e+002  -2.463486e+002  -2.205722e+002  -1.959832e+002  -1.730800e+002  -1.416542e+002  -1.081074e+002  -6.107911e+001  -1.696575e+001  0.000000e+000  
-2.156405e+002  -2.017268e+002  -1.755615e+002  -1.402879e+002  -5.072665e+002  -4.530295e+002  -3.948541e+002  -3.374373e+002  -2.839612e+002  -2.362042e+002  -1.948609e+002  -1.598973e+002  -1.163250e+002  -7.781878e+001  -3.371780e+001  -7.138847e+000  0.000000e+000  
-3.509668e+002  -3.223982e+002  -2.686064e+002  -1.963027e+002  -6.408559e+002  -5.405105e+002  -4.418802e+002  -3.527751e+002  -2.767450e+002  -2.143679e+002  -1.645812e+002  -1.256373e+002  -8.067134e+001  -4.616011e+001  -1.274415e+001  -8.523772e-001  0.000000e+000  
-5.983817e+002  -5.420143e+002  -4.342218e+002  -2.872124e+002  -8.109875e+002  -6.246402e+002  -4.599748e+002  -3.273772e+002  -2.266238e+002  -1.528009e+002  -1.000046e+002  -6.297309e+001  -2.483386e+001  -1.803253e+000  1.276568e+001  6.111555e+000  0.000000e+000  
-7.668218e+002  -6.931426e+002  -5.486868e+002  -3.456965e+002  -8.867714e+002  -6.398064e+002  -4.375395e+002  -2.868711e+002  -1.803719e+002  -1.073104e+002  -5.820573e+001  -2.588615e+001  5.027365e+000  2.023857e+001  2.433769e+001  9.090337e+000  0.000000e+000  
-9.855049e+002  -8.925456e+002  -7.030827e+002  -4.231373e+002  -9.585656e+002  -6.303901e+002  -3.865159e+002  -2.218316e+002  -1.155213e+002  -4.847962e+001  -7.048095e+000  1.774045e+001  3.853299e+001  4.410591e+001  3.630270e+001  1.207563e+001  0.000000e+000  
-1.267574e+003  -1.157785e+003  -9.192409e+002  -5.337485e+002  -1.011377e+003  -5.742071e+002  -2.914172e+002  -1.242587e+002  -2.876164e+001  2.465867e+001  5.342448e+001  6.749837e+001  7.516657e+001  6.938999e+001  4.846429e+001  1.502467e+001  0.000000e+000  
-1.624477e+003  -1.510870e+003  -1.235762e+003  -7.131812e+002  -1.008658e+003  -4.319750e+002  -1.317704e+002  1.335683e+001  8.154039e+001  1.116204e+002  1.221617e+002  1.223220e+002  1.140928e+002  9.553818e+001  6.059374e+001  1.789135e+001  0.000000e+000  
-1.943236e+003  -1.848326e+003  -1.584490e+003  -9.608925e+002  -9.043508e+002  -2.236623e+002  4.508047e+001  1.449840e+002  1.784024e+002  1.841434e+002  1.776387e+002  1.656119e+002  1.440646e+002  1.152869e+002  6.951084e+001  1.995748e+001  0.000000e+000  
-2.298330e+003  -2.250686e+003  -2.071781e+003  -1.433899e+003  -5.937330e+002  1.145632e+002  2.752310e+002  2.976496e+002  2.840692e+002  2.606036e+002  2.349283e+002  2.097049e+002  1.740970e+002  1.348130e+002  7.815245e+001  2.192924e+001  0.000000e+000  
-2.671474e+003  -2.703361e+003  -2.735840e+003  -2.461848e+003  2.177956e+002  6.256533e+002  5.491185e+002  4.617930e+002  3.929676e+002  3.378638e+002  2.921679e+002  2.534121e+002  2.035517e+002  1.537714e+002  8.640195e+001  2.378600e+001  0.000000e+000  
-3.031932e+003  -3.155418e+003  -3.517739e+003  -4.672783e+003  2.930962e+003  1.289854e+003  8.266278e+002  6.202804e+002  4.976906e+002  4.122884e+002  3.473327e+002  2.954786e+002  2.317690e+002  1.718099e+002  9.414295e+001  2.550762e+001  0.000000e+000  
-3.416951e+003  -3.592433e+003  -4.066155e+003  -5.259708e+003  2.794758e+003  1.598195e+003  1.060986e+003  7.824005e+002  6.129955e+002  4.969452e+002  4.110251e+002  3.443382e+002  2.645824e+002  1.926963e+002  1.029943e+002  2.745333e+001  0.000000e+000  
-3.694149e+003  -3.846708e+003  -4.174560e+003  -4.637954e+003  2.094591e+003  1.578534e+003  1.166958e+003  8.905306e+002  7.020601e+002  5.668778e+002  4.653769e+002  3.866682e+002  2.932627e+002  2.109396e+002  1.106514e+002  2.911947e+001  0.000000e+000  
-3.966847e+003  -4.031850e+003  -4.140485e+003  -4.239267e+003  1.537026e+003  1.385764e+003  1.178780e+003  9.767919e+002  8.017342e+002  6.573853e+002  5.408327e+002  4.474449e+002  3.353727e+002  2.378215e+002  1.218213e+002  3.151968e+001  0.000000e+000  
-3.966847e+003  -4.031850e+003  -4.140485e+003  -4.239267e+003  1.537026e+003  1.385764e+003  1.178780e+003  9.767919e+002  8.017342e+002  6.573853e+002  5.408327e+002  4.474449e+002  3.353727e+002  2.378215e+002  1.218213e+002  3.151968e+001  0.000000e+000  
-3.694149e+003  -3.846708e+003  -4.174560e+003  -4.637954e+003  2.094591e+003  1.578534e+003  1.166958e+003  8.905306e+002  7.020601e+002  5.668778e+002  4.653769e+002  3.866682e+002  2.932627e+002  2.109396e+002  1.106514e+002  2.911947e+001  0.000000e+000  
-3.416951e+003  -3.592433e+003  -4.066155e+003  -5.259708e+003  2.794758e+003  1.598195e+003  1.060986e+003  7.824005e+002  6.129955e+002  4.969452e+002  4.110251e+002  3.443382e+002  2.645824e+002  1.926963e+002  1.029943e+002  2.745333e+001  0.000000e+000  
-3.031932e+003  -3.155418e+003  -3.517739e+003  -4.672783e+003  2.930962e+003  1.289854e+003  8.266278e+002  6.202804e+002  4.976906e+002  4.122884e+002  3.473327e+002  2.954786e+002  2.317690e+002  1.718099e+002  9.414295e+001  2.550762e+001  0.000000e+000  
-2.671474e+003  -2.703361e+003  -2.735840e+003  -2.461848e+003  2.177956e+002  6.256533e+002  5.491185e+002  4.617930e+002  3.929676e+002  3.378638e+002  2.921679e+002  2.534121e+002  2.035517e+002  1.537714e+002  8.640195e+001  2.378600e+001  0.000000e+000  
-2.298330e+003  -2.250686e+003  -2.071781e+003  -1.433899e+003  -5.937330e+002  1.145632e+002  2.752310e+002  2.976496e+002  2.840692e+002  2.606036e+002  2.349283e+002  2.097049e+002  1.740970e+002  1.348130e+002  7.815245e+001  2.192924e+001  0.000000e+000  
-1.943236e+003  -1.848326e+003  -1.584490e+003  -9.608925e+002  -9.043508e+002  -2.236623e+002  4.508047e+001  1.449840e+002  1.784024e+002  1.841434e+002  1.776387e+002  1.656119e+002  1.440646e+002  1.152869e+002  6.951084e+001  1.995748e+001  0.000000e+000  
-1.624477e+003  -1.510870e+003  -1.235762e+003  -7.131812e+002  -1.008658e+003  -4.319750e+002  -1.317704e+002  1.335683e+001  8.154039e+001  1.116204e+002  1.221617e+002  1.223220e+002  1.140928e+002  9.553818e+001  6.059374e+001  1.789135e+001  0.000000e+000  
-1.267574e+003  -1.157785e+003  -9.192409e+002  -5.337485e+002  -1.011377e+003  -5.742071e+002  -2.914172e+002  -1.242587e+002  -2.876164e+001  2.465867e+001  5.342448e+001  6.749837e+001  7.516657e+001  6.938999e+001  4.846429e+001  1.502467e+001  0.000000e+000  
-9.855049e+002  -8.925456e+002  -7.030827e+002  -4.231373e+002  -9.585656e+002  -6.303901e+002  -3.865159e+002  -2.218316e+002  -1.155213e+002  -4.847962e+001  -7.048095e+000  1.774045e+001  3.853299e+001  4.410591e+001  3.630270e+001  1.207563e+001  0.000000e+000  
-7.668218e+002  -6.931426e+002  -5.486868e+002  -3.456965e+002  -8.867714e+002  -6.398064e+002  -4.375395e+002  -2.868711e+002  -1.803719e+002  -1.073104e+002  -5.820573e+001  -2.588615e+001  5.027365e+000  2.023857e+001  2.433769e+001  9.090337e+000  0.000000e+000  
-5.983817e+002  -5.420143e+002  -4.342218e+002  -2.872124e+002  -8.109875e+002  -6.246402e+002  -4.599748e+002  -3.273772e+002  -2.266238e+002  -1.528009e+002  -1.000046e+002  -6.297309e+001  -2.483386e+001  -1.803253e+000  1.276568e+001  6.111555e+000  0.000000e+000  
-3.509668e+002  -3.223982e+002  -2.686064e+002  -1.963027e+002  -6.408559e+002  -5.405105e+002  -4.418802e+002  -3.527751e+002  -2.767450e+002  -2.143679e+002  -1.645812e+002  -1.256373e+002  -8.067134e+001  -4.616011e+001  -1.274415e+001  -8.523772e-001  0.000000e+000  
-2.156405e+002  -2.017268e+002  -1.755615e+002  -1.402879e+002  -5.072665e+002  -4.530295e+002  -3.948541e+002  -3.374373e+002  -2.839612e+002  -2.362042e+002  -1.948609e+002  -1.598973e+002  -1.163250e+002  -7.781878e+001  -3.371780e+001  -7.138847e+000  0.000000e+000  
-1.085666e+002  -1.043610e+002  -9.638413e+001  -8.544743e+001  -3.410634e+002  -3.214143e+002  -2.980216e+002  -2.725308e+002  -2.463486e+002  -2.205722e+002  -1.959832e+002  -1.730800e+002  -1.416542e+002  -1.081074e+002  -6.107911e+001  -1.696575e+001  0.000000e+000  
-6.709686e+001  -6.570748e+001  -6.303707e+001  -5.928921e+001  -2.486141e+002  -2.407355e+002  -2.305200e+002  -2.185164e+002  -2.052638e+002  -1.912550e+002  -1.769149e+002  -1.625900e+002  -1.415255e+002  -1.157238e+002  -7.433563e+001  -2.320246e+001  0.000000e+000  
-4.913252e+001  -4.857958e+001  -4.750040e+001  -4.594573e+001  -1.969772e+002  -1.932375e+002  -1.880775e+002  -1.816795e+002  -1.742429e+002  -1.659710e+002  -1.570614e+002  -1.476974e+002  -1.332157e+002  -1.135931e+002  -7.897165e+001  -2.660536e+001  0.000000e+000  
-4.560304e+001  -4.518254e+001  -4.435684e+001  -4.315523e+001  -1.858531e+002  -1.828318e+002  -1.785847e+002  -1.732342e+002  -1.669200e+002  -1.597910e+002  -1.519981e+002  -1.436875e+002  -1.306504e+002  -1.124868e+002  -7.962518e+001  -2.729952e+001  0.000000e+000  

0.000000e+000  -3.707682e-001  -7.125778e-001  -9.991736e-001  -1.209380e+000  -3.657999e+000  -5.934123e+000  -7.988321e+000  -9.786690e+000  -1.131070e+001  -1.255589e+001  -1.352979e+001  -1.424941e+001  -1.499756e+001  -1.506885e+001  -1.325137e+001  -1.139458e+001  
0.000000e+000  -1.784704e+000  -3.421245e+000  -4.776772e+000  -5.747088e+000  -1.483780e+001  -2.312989e+001  -3.043950e+001  -3.665764e+001  -4.174454e+001  -4.571937e+001  -4.864740e+001  -5.062671e+001  -5.209504e+001  -5.131098e+001  -4.333179e+001  -3.646935e+001  
0.000000e+000  -6.928220e+000  -1.320331e+001  -1.824981e+001  -2.163723e+001  -4.292928e+001  -6.126262e+001  -7.627988e+001  -8.790848e+001  -9.630055e+001  -1.017640e+002  -1.046979e+002  -1.055390e+002  -1.022481e+002  -9.546970e+001  -7.254796e+001  -5.772727e+001  
0.000000e+000  -2.252961e+001  -4.264122e+001  -5.822676e+001  -6.776632e+001  -1.094271e+002  -1.417403e+002  -1.646693e+002  -1.790165e+002  -1.860699e+002  -1.873007e+002  -1.841513e+002  -1.779127e+002  -1.594267e+002  -1.390413e+002  -9.356915e+001  -6.996099e+001  
0.000000e+000  -6.250229e+001  -1.176326e+002  -1.588717e+002  -1.815073e+002  -2.499897e+002  -2.932429e+002  -3.144295e+002  -3.184284e+002  -3.103098e+002  -2.944664e+002  -2.743079e+002  -2.522876e+002  -2.076624e+002  -1.685358e+002  -1.015298e+002  -7.196234e+001  
0.000000e+000  -1.180770e+002  -2.221336e+002  -2.989639e+002  -3.381507e+002  -4.259138e+002  -4.664260e+002  -4.708080e+002  -4.515868e+002  -4.191717e+002  -3.809054e+002  -3.414327e+002  -3.034430e+002  -2.361770e+002  -1.828485e+002  -1.027376e+002  -7.035362e+001  
0.000000e+000  -1.964683e+002  -3.719464e+002  -5.029950e+002  -5.662491e+002  -6.596691e+002  -6.729563e+002  -6.368352e+002  -5.773365e+002  -5.108471e+002  -4.459792e+002  -3.865698e+002  -3.339126e+002  -2.490920e+002  -1.863537e+002  -9.993802e+001  -6.690812e+001  
0.000000e+000  -2.569064e+002  -4.904044e+002  -6.693120e+002  -7.549704e+002  -8.425267e+002  -8.226010e+002  -7.480490e+002  -6.556362e+002  -5.642310e+002  -4.815186e+002  -4.096142e+002  -3.482467e+002  -2.537730e+002  -1.862493e+002  -9.729510e+001  -6.430102e+001  
0.000000e+000  -3.333037e+002  -6.461083e+002  -8.992939e+002  -1.024521e+003  -1.086163e+003  -1.003411e+003  -8.697881e+002  -7.338303e+002  -6.131419e+002  -5.113427e+002  -4.270448e+002  -3.575491e+002  -2.548587e+002  -1.836822e+002  -9.361180e+001  -6.111274e+001  
0.000000e+000  -4.236490e+002  -8.424607e+002  -1.216643e+003  -1.424528e+003  -1.411417e+003  -1.213412e+003  -9.934431e+002  -8.039874e+002  -6.519041e+002  -5.317242e+002  -4.364852e+002  -3.603257e+002  -2.517109e+002  -1.784004e+002  -8.886135e+001  -5.735043e+001  
0.000000e+000  -5.055365e+002  -1.040893e+003  -1.593814e+003  -1.983220e+003  -1.787624e+003  -1.408744e+003  -1.087336e+003  -8.475725e+002  -6.705952e+002  -5.376651e+002  -4.356637e+002  -3.558359e+002  -2.447832e+002  -1.712386e+002  -8.376400e+001  -5.356875e+001  
0.000000e+000  -5.641860e+002  -1.204141e+003  -1.980128e+003  -2.731954e+003  -2.168803e+003  -1.558680e+003  -1.142522e+003  -8.654712e+002  -6.729888e+002  -5.332116e+002  -4.281335e+002  -3.470131e+002  -2.359795e+002  -1.634148e+002  -7.879694e+001  -5.002376e+001  
0.000000e+000  -5.935237e+002  -1.314736e+003  -2.375477e+003  -4.020604e+003  -2.565662e+003  -1.648020e+003  -1.154259e+003  -8.570234e+002  -6.590153e+002  -5.180182e+002  -4.132116e+002  -3.329406e+002  -2.242338e+002  -1.539009e+002  -7.325009e+001  -4.619077e+001  
0.000000e+000  -5.735153e+002  -1.294156e+003  -2.545036e+003  -6.513301e+003  -2.793972e+003  -1.604242e+003  -1.104431e+003  -8.175998e+002  -6.273104e+002  -4.916081e+002  -3.907098e+002  -3.135467e+002  -2.095491e+002  -1.427244e+002  -6.714758e+001  -4.208658e+001  
0.000000e+000  -4.867731e+002  -1.039826e+003  -1.734884e+003  0.000000e+000  -1.752784e+003  -1.309795e+003  -9.728196e+002  -7.390774e+002  -5.723598e+002  -4.496204e+002  -3.570312e+002  -2.858203e+002  -1.897572e+002  -1.283045e+002  -5.966905e+001  -3.717031e+001  
0.000000e+000  -3.495986e+002  -6.696345e+002  -8.024971e+002  0.000000e+000  -9.071319e+002  -9.296874e+002  -7.752949e+002  -6.186178e+002  -4.895557e+002  -3.880805e+002  -3.090672e+002  -2.473997e+002  -1.635092e+002  -1.098908e+002  -5.058298e+001  -3.133610e+001  
0.000000e+000  -1.707669e+002  -2.853782e+002  -2.594770e+002  0.000000e+000  -3.598928e+002  -4.928348e+002  -4.814431e+002  -4.178383e+002  -3.451598e+002  -2.793220e+002  -2.244275e+002  -1.801595e+002  -1.186257e+002  -7.917024e+001  -3.597186e+001  -2.212587e+001  
0.000000e+000  0.000000e+000  0.000000e+000  0.000000e+000  0.000000e+000  0.000000e+000  0.000000e+000  0.000000e+000  0.000000e+000  0.000000e+000  0.000000e+000  0.000000e+000  0.000000e+000  0.000000e+000  0.000000e+000  0.000000e+000  0.000000e+000  
0.000000e+000  1.707669e+002  2.853782e+002  2.594770e+002  0.000000e+000  3.598928e+002  4.928348e+002  4.814431e+002  4.178383e+002  3.451598e+002  2.793220e+002  2.244275e+002  1.801595e+002  1.186257e+002  7.917024e+001  3.597186e+001  2.212587e+001  
0.000000e+000  3.495986e+002  6.696345e+002  8.024971e+002  0.000000e+000  9.071319e+002  9.296874e+002  7.752949e+002  6.186178e+002  4.895557e+002  3.880805e+002  3.090672e+002  2.473997e+002  1.635092e+002  1.098908e+002  5.058298e+001  3.133610e+001  
0.000000e+000  4.867731e+002  1.039826e+003  1.734884e+003  0.000000e+000  1.752784e+003  1.309795e+003  9.728196e+002  7.390774e+002  5.723598e+002  4.496204e+002  3.570312e+002  2.858203e+002  1.897572e+002  1.283045e+002  5.966905e+001  3.717031e+001  
0.000000e+000  5.735153e+002  1.294156e+003  2.545036e+003  6.513301e+003  2.793972e+003  1.604242e+003  1.104431e+003  8.175998e+002  6.273104e+002  4.916081e+002  3.907098e+002  3.135467e+002  2.095491e+002  1.427244e+002  6.714758e+001  4.208658e+001  
0.000000e+000  5.935237e+002  1.314736e+003  2.375477e+003  4.020604e+003  2.565662e+003  1.648020e+003  1.154259e+003  8.570234e+002  6.590153e+002  5.180182e+002  4.132116e+002  3.329406e+002  2.242338e+002  1.539009e+002  7.325009e+001  4.619077e+001  
0.000000e+000  5.641860e+002  1.204141e+003  1.980128e+003  2.731954e+003  2.168803e+003  1.558680e+003  1.142522e+003  8.654712e+002  6.729888e+002  5.332116e+002  4.281335e+002  3.470131e+002  2.359795e+002  1.634148e+002  7.879694e+001  5.002376e+001  
0.000000e+000  5.055365e+002  1.040893e+003  1.593814e+003  1.983220e+003  1.787624e+003  1.408744e+003  1.087336e+003  8.475725e+002  6.705952e+002  5.376651e+002  4.356637e+002  3.558359e+002  2.447832e+002  1.712386e+002  8.376400e+001  5.356875e+001  
0.000000e+000  4.236490e+002  8.424607e+002  1.216643e+003  1.424528e+003  1.411417e+003  1.213412e+003  9.934431e+002  8.039874e+002  6.519041e+002  5.317242e+002  4.364852e+002  3.603257e+002  2.517109e+002  1.784004e+002  8.886135e+001  5.735043e+001  
0.000000e+000  3.333037e+002  6.461083e+002  8.992939e+002  1.024521e+003  1.086163e+003  1.003411e+003  8.697881e+002  7.338303e+002  6.131419e+002  5.113427e+002  4.270448e+002  3.575491e+002  2.548587e+002  1.836822e+002  9.361180e+001  6.111274e+001  
0.000000e+000  2.569064e+002  4.904044e+002  6.693120e+002  7.549704e+002  8.425267e+002  8.226010e+002  7.480490e+002  6.556362e+002  5.642310e+002  4.815186e+002  4.096142e+002  3.482467e+002  2.537730e+002  1.862493e+002  9.729510e+001  6.430102e+001  
0.000000e+000  1.964683e+002  3.719464e+002  5.029950e+002  5.662491e+002  6.596691e+002  6.729563e+002  6.368352e+002  5.773365e+002  5.108471e+002  4.459792e+002  3.865698e+002  3.339126e+002  2.490920e+002  1.863537e+002  9.993802e+001  6.690812e+001  
0.000000e+000  1.180770e+002  2.221336e+002  2.989639e+002  3.381507e+002  4.259138e+002  4.664260e+002  4.708080e+002  4.515868e+002  4.191717e+002  3.809054e+002  3.414327e+002  3.034430e+002  2.361770e+002  1.828485e+002  1.027376e+002  7.035362e+001  
0.000000e+000  6.250229e+001  1.176326e+002  1.588717e+002  1.815073e+002  2.499897e+002  2.932429e+002  3.144295e+002  3.184284e+002  3.103098e+002  2.944664e+002  2.743079e+002  2.522876e+002  2.076624e+002  1.685358e+002  1.015298e+002  7.196234e+001  
0.000000e+000  2.252961e+001  4.264122e+001  5.822676e+001  6.776632e+001  1.094271e+002  1.417403e+002  1.646693e+002  1.790165e+002  1.860699e+002  1.873007e+002  1.841513e+002  1.779127e+002  1.594267e+002  1.390413e+002  9.356915e+001  6.996099e+001  
0.000000e+000  6.928220e+000  1.320331e+001  1.824981e+001  2.163723e+001  4.292928e+001  6.126262e+001  7.627988e+001  8.790848e+001  9.630055e+001  1.017640e+002  1.046979e+002  1.055390e+002  1.022481e+002  9.546970e+001  7.254796e+001  5.772727e+001  
0.000000e+000  1.784704e+000  3.421245e+000  4.776772e+000  5.747088e+000  1.483780e+001  2.312989e+001  3.043950e+001  3.665764e+001  4.174454e+001  4.571937e+001  4.864740e+001  5.062671e+001  5.209504e+001  5.131098e+001  4.333179e+001  3.646935e+001  
0.000000e+000  3.707682e-001  7.125778e-001  9.991736e-001  1.209380e+000  3.657999e+000  5.934123e+000  7.988321e+000  9.786690e+000  1.131070e+001  1.255589e+001  1.352979e+001  1.424941e+001  1.499756e+001  1.506885e+001  1.325137e+001  1.139458e+001  
0.000000e+000  0.000000e+000  0.000000e+000  0.000000e+000  0.000000e+000  0.000000e+000  0.000000e+000  0.000000e+000  0.000000e+000  0.000000e+000  0.000000e+000  0.000000e+000  0.000000e+000  0.000000e+000  0.000000e+000  0.000000e+000  0.000000e+000  

0.000000e+000  0.000000e+000  0.000000e+000  0.000000e+000  0.000000e+000  0.000000e+000  0.000000e+000  0.000000e+000  0.000000e+000  0.000000e+000  0.000000e+000  0.000000e+000  0.000000e+000  0.000000e+000  0.000000e+000  0.000000e+000  0.000000e+000  
0.000000e+000  0.000000e+000  0.000000e+000  0.000000e+000  0.000000e+000  0.000000e+000  0.000000e+000  0.000000e+000  0.000000e+000  0.000000e+000  0.000000e+000  0.000000e+000  0.000000e+000  0.000000e+000  0.000000e+000  0.000000e+000  0.000000e+000  
0.000000e+000  0.000000e+000  0.000000e+000  0.000000e+000  0.000000e+000  0.000000e+000  0.000000e+000  0.000000e+000  0.000000e+000  0.000000e+000  0.000000e+000  0.000000e+000  0.000000e+000  0.000000e+000  0.000000e+000  0.000000e+000  0.000000e+000  
0.000000e+000  0.000000e+000  0.000000e+000  0.000000e+000  0.000000e+000  0.000000e+000  0.000000e+000  0.000000e+000  0.000000e+000  0.000000e+000  0.000000e+000  0.000000e+000  0.000000e+000  0.000000e+000  0.000000e+000  0.000000e+000  0.000000e+000  
0.000000e+000  0.000000e+000  0.000000e+000  0.000000e+000  0.000000e+000  0.000000e+000  0.000000e+000  0.000000e+000  0.000000e+000  0.000000e+000  0.000000e+000  0.000000e+000  0.000000e+000  0.000000e+000  0.000000e+000  0.000000e+000  0.000000e+000  
0.000000e+000  0.000000e+000  0.000000e+000  0.000000e+000  0.000000e+000  0.000000e+000  0.000000e+000  0.000000e+000  0.000000e+000  0.000000e+000  0.000000e+000  0.000000e+000  0.000000e+000  0.000000e+000  0.000000e+000  0.000000e+000  0.000000e+000  
0.000000e+000  0.000000e+000  0.000000e+000  0.000000e+000  0.000000e+000  0.000000e+000  0.000000e+000  0.000000e+000  0.000000e+000  0.000000e+000  0.000000e+000  0.000000e+000  0.000000e+000  0.000000e+000  0.000000e+000  0.000000e+000  0.000000e+000  
0.000000e+000  0.000000e+000  0.000000e+000  0.000000e+000  0.000000e+000  0.000000e+000  0.000000e+000  0.000000e+000  0.000000e+000  0.000000e+000  0.000000e+000  0.000000e+000  0.000000e+000  0.000000e+000  0.000000e+000  0.000000e+000  0.000000e+000  
0.000000e+000  0.000000e+000  0.000000e+000  0.000000e+000  0.000000e+000  0.000000e+000  0.000000e+000  0.000000e+000  0.000000e+000  0.000000e+000  0.000000e+000  0.000000e+000  0.000000e+000  0.000000e+000  0.000000e+000  0.000000e+000  0.000000e+000  
0.000000e+000  0.000000e+000  0.000000e+000  0.000000e+000  0.000000e+000  0.000000e+000  0.000000e+000  0.000000e+000  0.000000e+000  0.000000e+000  0.000000e+000  0.000000e+000  0.000000e+000  0.000000e+000  0.000000e+000  0.000000e+000  0.000000e+000  
0.000000e+000  0.000000e+000  0.000000e+000  0.000000e+000  0.000000e+000  0.000000e+000  0.000000e+000  0.000000e+000  0.000000e+000  0.000000e+000  0.000000e+000  0.000000e+000  0.000000e+000  0.000000e+000  0.000000e+000  0.000000e+000  0.000000e+000  
0.000000e+000  0.000000e+000  0.000000e+000  0.000000e+000  0.000000e+000  0.000000e+000  0.000000e+000  0.000000e+000  0.000000e+000  0.000000e+000  0.000000e+000  0.000000e+000  0.000000e+000  0.000000e+000  0.000000e+000  0.000000e+000  0.000000e+000  
0.000000e+000  0.000000e+000  0.000000e+000  0.000000e+000  0.000000e+000  0.000000e+000  0.000000e+000  0.000000e+000  0.000000e+000  0.000000e+000  0.000000e+000  0.000000e+000  0.000000e+000  0.000000e+000  0.000000e+000  0.000000e+000  0.000000e+000  
0.000000e+000  0.000000e+000  0.000000e+000  0.000000e+000  0.000000e+000  0.000000e+000  0.000000e+000  0.000000e+000  0.000000e+000  0.000000e+000  0.000000e+000  0.000000e+000  0.000000e+000  0.000000e+000  0.000000e+000  0.000000e+000  0.000000e+000  
0.000000e+000  0.000000e+000  0.000000e+000  0.000000e+000  0.000000e+000  0.000000e+000  0.000000e+000  0.000000e+000  0.000000e+000  0.000000e+000  0.000000e+000  0.000000e+000  0.000000e+000  0.000000e+000  0.000000e+000  0.000000e+000  0.000000e+000  
0.000000e+000  0.000000e+000  0.000000e+000  0.000000e+000  0.000000e+000  0.000000e+000  0.000000e+000  0.000000e+000  0.000000e+000  0.000000e+000  0.000000e+000  0.000000e+000  0.000000e+000  0.000000e+000  0.000000e+000  0.000000e+000  0.000000e+000  
0.000000e+000  0.000000e+000  0.000000e+000  0.000000e+000  0.000000e+000  0.000000e+000  0.000000e+000  0.000000e+000  0.000000e+000  0.000000e+000  0.000000e+000  0.000000e+000  0.000000e+000  0.000000e+000  0.000000e+000  0.000000e+000  0.000000e+000  
0.000000e+000  0.000000e+000  0.000000e+000  0.000000e+000  0.000000e+000  0.000000e+000  0.000000e+000  0.000000e+000  0.000000e+000  0.000000e+000  0.000000e+000  0.000000e+000  0.000000e+000  0.000000e+000  0.000000e+000  0.000000e+000  0.000000e+000  
0.000000e+000  0.000000e+000  0.000000e+000  0.000000e+000  0.000000e+000  0.000000e+000  0.000000e+000  0.000000e+000  0.000000e+000  0.000000e+000  0.000000e+000  0.000000e+000  0.000000e+000  0.000000e+000  0.000000e+000  0.000000e+000  0.000000e+000  
0.000000e+000  0.000000e+000  0.000000e+000  0.000000e+000  0.000000e+000  0.000000e+000  0.000000e+000  0.000000e+000  0.000000e+000  0.000000e+000  0.000000e+000  0.000000e+000  0.000000e+000  0.000000e+000  0.000000e+000  0.000000e+000  0.000000e+000  
0.000000e+000  0.000000e+000  0.000000e+000  0.000000e+000  0.000000e+000  0.000000e+000  0.000000e+000  0.000000e+000  0.000000e+000  0.000000e+000  0.000000e+000  0.000000e+000  0.000000e+000  0.000000e+000  0.000000e+000  0.000000e+000  0.000000e+000  
0.000000e+000  0.000000e+000  0.000000e+000  0.000000e+000  0.000000e+000  0.000000e+000  0.000000e+000  0.000000e+000  0.000000e+000  0.000000e+000  0.000000e+000  0.000000e+000  0.000000e+000  0.000000e+000  0.000000e+000  0.000000e+000  0.000000e+000  
0.000000e+000  0.000000e+000  0.000000e+000  0.000000e+000  0.000000e+000  0.000000e+000  0.000000e+000  0.000000e+000  0.000000e+000  0.000000e+000  0.000000e+000  0.000000e+000  0.000000e+000  0.000000e+000  0.000000e+000  0.000000e+000  0.000000e+000  
0.000000e+000  0.000000e+000  0.000000e+000  0.000000e+000  0.000000e+000  0.000000e+000  0.000000e+000  0.000000e+000  0.000000e+000  0.000000e+000  0.000000e+000  0.000000e+000  0.000000e+000  0.000000e+000  0.000000e+000  0.000000e+000  0.000000e+000  
0.000000e+000  0.000000e+000  0.000000e+000  0.000000e+000  0.000000e+000  0.000000e+000  0.000000e+000  0.000000e+000  0.000000e+000  0.000000e+000  0.000000e+000  0.000000e+000  0.000000e+000  0.000000e+000  0.000000e+000  0.000000e+000  0.000000e+000  
0.000000e+000  0.000000e+000  0.000000e+000  0.000000e+000  0.000000e+000  0.000000e+000  0.000000e+000  0.000000e+000  0.000000e+000  0.000000e+000  0.000000e+000  0.000000e+000  0.000000e+000  0.000000e+000  0.000000e+000  0.000000e+000  0.000000e+000  
0.000000e+000  0.000000e+000  0.000000e+000  0.000000e+000  0.000000e+000  0.000000e+000  0.000000e+000  0.000000e+000  0.000000e+000  0.000000e+000  0.000000e+000  0.000000e+000  0.000000e+000  0.000000e+000  0.000000e+000  0.000000e+000  0.000000e+000  
0.000000e+000  0.000000e+000  0.000000e+000  0.000000e+000  0.000000e+000  0.000000e+000  0.000000e+000  0.000000e+000  0.000000e+000  0.000000e+000  0.000000e+000  0.000000e+000  0.000000e+000  0.000000e+000  0.000000e+000  0.000000e+000  0.000000e+000  
0.000000e+000  0.000000e+000  0.000000e+000  0.000000e+000  0.000000e+000  0.000000e+000  0.000000e+000  0.000000e+000  0.000000e+000  0.000000e+000  0.000000e+000  0.000000e+000  0.000000e+000  0.000000e+000  0.000000e+000  0.000000e+000  0.000000e+000  
0.000000e+000  0.000000e+000  0.000000e+000  0.000000e+000  0.000000e+000  0.000000e+000  0.000000e+000  0.000000e+000  0.000000e+000  0.000000e+000  0.000000e+000  0.000000e+000  0.000000e+000  0.000000e+000  0.000000e+000  0.000000e+000  0.000000e+000  
0.000000e+000  0.000000e+000  0.000000e+000  0.000000e+000  0.000000e+000  0.000000e+000  0.000000e+000  0.000000e+000  0.000000e+000  0.000000e+000  0.000000e+000  0.000000e+000  0.000000e+000  0.000000e+000  0.000000e+000  0.000000e+000  0.000000e+000  
0.000000e+000  0.000000e+000  0.000000e+000  0.000000e+000  0.000000e+000  0.000000e+000  0.000000e+000  0.000000e+000  0.000000e+000  0.000000e+000  0.000000e+000  0.000000e+000  0.000000e+000  0.000000e+000  0.000000e+000  0.000000e+000  0.000000e+000  
0.000000e+000  0.000000e+000  0.000000e+000  0.000000e+000  0.000000e+000  0.000000e+000  0.000000e+000  0.000000e+000  0.000000e+000  0.000000e+000  0.000000e+000  0.000000e+000  0.000000e+000  0.000000e+000  0.000000e+000  0.000000e+000  0.000000e+000  
0.000000e+000  0.000000e+000  0.000000e+000  0.000000e+000  0.000000e+000  0.000000e+000  0.000000e+000  0.000000e+000  0.000000e+000  0.000000e+000  0.000000e+000  0.000000e+000  0.000000e+000  0.000000e+000  0.000000e+000  0.000000e+000  0.000000e+000  
0.000000e+000  0.000000e+000  0.000000e+000  0.000000e+000  0.000000e+000  0.000000e+000  0.000000e+000  0.000000e+000  0.000000e+000  0.000000e+000  0.000000e+000  0.000000e+000  0.000000e+000  0.000000e+000  0.000000e+000  0.000000e+000  0.000000e+000  
0.000000e+000  0.000000e+000  0.000000e+000  0.000000e+000  0.000000e+000  0.000000e+000  0.000000e+000  0.000000e+000  0.000000e+000  0.000000e+000  0.000000e+000  0.000000e+000  0.000000e+000  0.000000e+000  0.000000e+000  0.000000e+000  0.000000e+000  

0.000000e+000  0.000000e+000  0.000000e+000  0.000000e+000  0.000000e+000  0.000000e+000  0.000000e+000  0.000000e+000  0.000000e+000  0.000000e+000  0.000000e+000  0.000000e+000  0.000000e+000  0.000000e+000  0.000000e+000  0.000000e+000  0.000000e+000  
0.000000e+000  0.000000e+000  0.000000e+000  0.000000e+000  0.000000e+000  0.000000e+000  0.000000e+000  0.000000e+000  0.000000e+000  0.000000e+000  0.000000e+000  0.000000e+000  0.000000e+000  0.000000e+000  0.000000e+000  0.000000e+000  0.000000e+000  
0.000000e+000  0.000000e+000  0.000000e+000  0.000000e+000  0.000000e+000  0.000000e+000  0.000000e+000  0.000000e+000  0.000000e+000  0.000000e+000  0.000000e+000  0.000000e+000  0.000000e+000  0.000000e+000  0.000000e+000  0.000000e+000  0.000000e+000  
0.000000e+000  0.000000e+000  0.000000e+000  0.000000e+000  0.000000e+000  0.000000e+000  0.000000e+000  0.000000e+000  0.000000e+000  0.000000e+000  0.000000e+000  0.000000e+000  0.000000e+000  0.000000e+000  0.000000e+000  0.000000e+000  0.000000e+000  
0.000000e+000  0.000000e+000  0.000000e+000  0.000000e+000  0.000000e+000  0.000000e+000  0.000000e+000  0.000000e+000  0.000000e+000  0.000000e+000  0.000000e+000  0.000000e+000  0.000000e+000  0.000000e+000  0.000000e+000  0.000000e+000  0.000000e+000  
0.000000e+000  0.000000e+000  0.000000e+000  0.000000e+000  0.000000e+000  0.000000e+000  0.000000e+000  0.000000e+000  0.000000e+000  0.000000e+000  0.000000e+000  0.000000e+000  0.000000e+000  0.000000e+000  0.000000e+000  0.000000e+000  0.000000e+000  
0.000000e+000  0.000000e+000  0.000000e+000  0.000000e+000  0.000000e+000  0.000000e+000  0.000000e+000  0.000000e+000  0.000000e+000  0.000000e+000  0.000000e+000  0.000000e+000  0.000000e+000  0.000000e+000  0.000000e+000  0.000000e+000  0.000000e+000  
0.000000e+000  0.000000e+000  0.000000e+000  0.000000e+000  0.000000e+000  0.000000e+000  0.000000e+000  0.000000e+000  0.000000e+000  0.000000e+000  0.000000e+000  0.000000e+000  0.000000e+000  0.000000e+000  0.000000e+000  0.000000e+000  0.000000e+000  
0.000000e+000  0.000000e+000  0.000000e+000  0.000000e+000  0.000000e+000  0.000000e+000  0.000000e+000  0.000000e+000  0.000000e+000  0.000000e+000  0.000000e+000  0.000000e+000  0.000000e+000  0.000000e+000  0.000000e+000  0.000000e+000  0.000000e+000  
0.000000e+000  0.000000e+000  0.000000e+000  0.000000e+000  0.000000e+000  0.000000e+000  0.000000e+000  0.000000e+000  0.000000e+000  0.000000e+000  0.000000e+000  0.000000e+000  0.000000e+000  0.000000e+000  0.000000e+000  0.000000e+000  0.000000e+000  
0.000000e+000  0.000000e+000  0.000000e+000  0.000000e+000  0.000000e+000  0.000000e+000  0.000000e+000  0.000000e+000  0.000000e+000  0.000000e+000  0.000000e+000  0.000000e+000  0.000000e+000  0.000000e+000  0.000000e+000  0.000000e+000  0.000000e+000  
0.000000e+000  0.000000e+000  0.000000e+000  0.000000e+000  0.000000e+000  0.000000e+000  0.000000e+000  0.000000e+000  0.000000e+000  0.000000e+000  0.000000e+000  0.000000e+000  0.000000e+000  0.000000e+000  0.000000e+000  0.000000e+000  0.000000e+000  
0.000000e+000  0.000000e+000  0.000000e+000  0.000000e+000  0.000000e+000  0.000000e+000  0.000000e+000  0.000000e+000  0.000000e+000  0.000000e+000  0.000000e+000  0.000000e+000  0.000000e+000  0.000000e+000  0.000000e+000  0.000000e+000  0.000000e+000  
0.000000e+000  0.000000e+000  0.000000e+000  0.000000e+000  0.000000e+000  0.000000e+000  0.000000e+000  0.000000e+000  0.000000e+000  0.000000e+000  0.000000e+000  0.000000e+000  0.000000e+000  0.000000e+000  0.000000e+000  0.000000e+000  0.000000e+000  
0.000000e+000  0.000000e+000  0.000000e+000  0.000000e+000  0.000000e+000  0.000000e+000  0.000000e+000  0.000000e+000  0.000000e+000  0.000000e+000  0.000000e+000  0.000000e+000  0.000000e+000  0.000000e+000  0.000000e+000  0.000000e+000  0.000000e+000  
0.000000e+000  0.000000e+000  0.000000e+000  0.000000e+000  0.000000e+000  0.000000e+000  0.000000e+000  0.000000e+000  0.000000e+000  0.000000e+000  0.000000e+000  0.000000e+000  0.000000e+000  0.000000e+000  0.000000e+000  0.000000e+000  0.000000e+000  
0.000000e+000  0.000000e+000  0.000000e+000  0.000000e+000  0.000000e+000  0.000000e+000  0.000000e+000  0.000000e+000  0.000000e+000  0.000000e+000  0.000000e+000  0.000000e+000  0.000000e+000  0.000000e+000  0.000000e+000  0.000000e+000  0.000000e+000  
0.000000e+000  0.000000e+000  0.000000e+000  0.000000e+000  0.000000e+000  0.000000e+000  0.000000e+000  0.000000e+000  0.000000e+000  0.000000e+000  0.000000e+000  0.000000e+000  0.000000e+000  0.000000e+000  0.000000e+000  0.000000e+000  0.000000e+000  
0.000000e+000  0.000000e+000  0.000000e+000  0.000000e+000  0.000000e+000  0.000000e+000  0.000000e+000  0.000000e+000  0.000000e+000  0.000000e+000  0.000000e+000  0.000000e+000  0.000000e+000  0.000000e+000  0.000000e+000  0.000000e+000  0.000000e+000  
0.000000e+000  0.000000e+000  0.000000e+000  0.000000e+000  0.000000e+000  0.000000e+000  0.000000e+000  0.000000e+000  0.000000e+000  0.000000e+000  0.000000e+000  0.000000e+000  0.000000e+000  0.000000e+000  0.000000e+000  0.000000e+000  0.000000e+000  
0.000000e+000  0.000000e+000  0.000000e+000  0.000000e+000  0.000000e+000  0.000000e+000  0.000000e+000  0.000000e+000  0.000000e+000  0.000000e+000  0.000000e+000  0.000000e+000  0.000000e+000  0.000000e+000  0.000000e+000  0.000000e+000  0.000000e+000  
0.000000e+000  0.000000e+000  0.000000e+000  0.000000e+000  0.000000e+000  0.000000e+000  0.000000e+000  0.000000e+000  0.000000e+000  0.000000e+000  0.000000e+000  0.000000e+000  0.000000e+000  0.000000e+000  0.000000e+000  0.000000e+000  0.000000e+000  
0.000000e+000  0.000000e+000  0.000000e+000  0.000000e+000  0.000000e+000  0.000000e+000  0.000000e+000  0.000000e+000  0.000000e+000  0.000000e+000  0.000000e+000  0.000000e+000  0.000000e+000  0.000000e+000  0.000000e+000  0.000000e+000  0.000000e+000  
0.000000e+000  0.000000e+000  0.000000e+000  0.000000e+000  0.000000e+000  0.000000e+000  0.000000e+000  0.000000e+000  0.000000e+000  0.000000e+000  0.000000e+000  0.000000e+000  0.000000e+000  0.000000e+000  0.000000e+000  0.000000e+000  0.000000e+000  
0.000000e+000  0.000000e+000  0.000000e+000  0.000000e+000  0.000000e+000  0.000000e+000  0.000000e+000  0.000000e+000  0.000000e+000  0.000000e+000  0.000000e+000  0.000000e+000  0.000000e+000  0.000000e+000  0.000000e+000  0.000000e+000  0.000000e+000  
0.000000e+000  0.000000e+000  0.000000e+000  0.000000e+000  0.000000e+000  0.000000e+000  0.000000e+000  0.000000e+000  0.000000e+000  0.000000e+000  0.000000e+000  0.000000e+000  0.000000e+000  0.000000e+000  0.000000e+000  0.000000e+000  0.000000e+000  
0.000000e+000  0.000000e+000  0.000000e+000  0.000000e+000  0.000000e+000  0.000000e+000  0.000000e+000  0.000000e+000  0.000000e+000  0.000000e+000  0.000000e+000  0.000000e+000  0.000000e+000  0.000000e+000  0.000000e+000  0.000000e+000  0.000000e+000  
0.000000e+000  0.000000e+000  0.000000e+000  0.000000e+000  0.000000e+000  0.000000e+000  0.000000e+000  0.000000e+000  0.000000e+000  0.000000e+000  0.000000e+000  0.000000e+000  0.000000e+000  0.000000e+000  0.000000e+000  0.000000e+000  0.000000e+000  
0.000000e+000  0.000000e+000  0.000000e+000  0.000000e+000  0.000000e+000  0.000000e+000  0.000000e+000  0.000000e+000  0.000000e+000  0.000000e+000  0.000000e+000  0.000000e+000  0.000000e+000  0.000000e+000  0.000000e+000  0.000000e+000  0.000000e+000  
0.000000e+000  0.000000e+000  0.000000e+000  0.000000e+000  0.000000e+000  0.000000e+000  0.000000e+000  0.000000e+000  0.000000e+000  0.000000e+000  0.000000e+000  0.000000e+000  0.000000e+000  0.000000e+000  0.000000e+000  0.000000e+000  0.000000e+000  
0.000000e+000  0.000000e+000  0.000000e+000  0.000000e+000  0.000000e+000  0.000000e+000  0.000000e+000  0.000000e+000  0.000000e+000  0.000000e+000  0.000000e+000  0.000000e+000  0.000000e+000  0.000000e+000  0.000000e+000  0.000000e+000  0.000000e+000  
0.000000e+000  0.000000e+000  0.000000e+000  0.000000e+000  0.000000e+000  0.000000e+000  0.000000e+000  0.000000e+000  0.000000e+000  0.000000e+000  0.000000e+000  0.000000e+000  0.000000e+000  0.000000e+000  0.000000e+000  0.000000e+000  0.000000e+000  
0.000000e+000  0.000000e+000  0.000000e+000  0.000000e+000  0.000000e+000  0.000000e+000  0.000000e+000  0.000000e+000  0.000000e+000  0.000000e+000  0.000000e+000  0.000000e+000  0.000000e+000  0.000000e+000  0.000000e+000  0.000000e+000  0.000000e+000  
0.000000e+000  0.000000e+000  0.000000e+000  0.000000e+000  0.000000e+000  0.000000e+000  0.000000e+000  0.000000e+000  0.000000e+000  0.000000e+000  0.000000e+000  0.000000e+000  0.000000e+000  0.000000e+000  0.000000e+000  0.000000e+000  0.000000e+000  
0.000000e+000  0.000000e+000  0.000000e+000  0.000000e+000  0.000000e+000  0.000000e+000  0.000000e+000  0.000000e+000  0.000000e+000  0.000000e+000  0.000000e+000  0.000000e+000  0.000000e+000  0.000000e+000  0.000000e+000  0.000000e+000  0.000000e+000  
0.000000e+000  0.000000e+000  0.000000e+000  0.000000e+000  0.000000e+000  0.000000e+000  0.000000e+000  0.000000e+000  0.000000e+000  0.000000e+000  0.000000e+000  0.000000e+000  0.000000e+000  0.000000e+000  0.000000e+000  0.000000e+000  0.000000e+000  

0.000000e+000  0.000000e+000  0.000000e+000  0.000000e+000  0.000000e+000  0.000000e+000  0.000000e+000  0.000000e+000  0.000000e+000  0.000000e+000  0.000000e+000  0.000000e+000  0.000000e+000  0.000000e+000  0.000000e+000  0.000000e+000  0.000000e+000  
0.000000e+000  0.000000e+000  0.000000e+000  0.000000e+000  0.000000e+000  0.000000e+000  0.000000e+000  0.000000e+000  0.000000e+000  0.000000e+000  0.000000e+000  0.000000e+000  0.000000e+000  0.000000e+000  0.000000e+000  0.000000e+000  0.000000e+000  
0.000000e+000  0.000000e+000  0.000000e+000  0.000000e+000  0.000000e+000  0.000000e+000  0.000000e+000  0.000000e+000  0.000000e+000  0.000000e+000  0.000000e+000  0.000000e+000  0.000000e+000  0.000000e+000  0.000000e+000  0.000000e+000  0.000000e+000  
0.000000e+000  0.000000e+000  0.000000e+000  0.000000e+000  0.000000e+000  0.000000e+000  0.000000e+000  0.000000e+000  0.000000e+000  0.000000e+000  0.000000e+000  0.000000e+000  0.000000e+000  0.000000e+000  0.000000e+000  0.000000e+000  0.000000e+000  
0.000000e+000  0.000000e+000  0.000000e+000  0.000000e+000  0.000000e+000  0.000000e+000  0.000000e+000  0.000000e+000  0.000000e+000  0.000000e+000  0.000000e+000  0.000000e+000  0.000000e+000  0.000000e+000  0.000000e+000  0.000000e+000  0.000000e+000  
0.000000e+000  0.000000e+000  0.000000e+000  0.000000e+000  0.000000e+000  0.000000e+000  0.000000e+000  0.000000e+000  0.000000e+000  0.000000e+000  0.000000e+000  0.000000e+000  0.000000e+000  0.000000e+000  0.000000e+000  0.000000e+000  0.000000e+000  
0.000000e+000  0.000000e+000  0.000000e+000  0.000000e+000  0.000000e+000  0.000000e+000  0.000000e+000  0.000000e+000  0.000000e+000  0.000000e+000  0.000000e+000  0.000000e+000  0.000000e+000  0.000000e+000  0.000000e+000  0.000000e+000  0.000000e+000  
0.000000e+000  0.000000e+000  0.000000e+000  0.000000e+000  0.000000e+000  0.000000e+000  0.000000e+000  0.000000e+000  0.000000e+000  0.000000e+000  0.000000e+000  0.000000e+000  0.000000e+000  0.000000e+000  0.000000e+000  0.000000e+000  0.000000e+000  
0.000000e+000  0.000000e+000  0.000000e+000  0.000000e+000  0.000000e+000  0.000000e+000  0.000000e+000  0.000000e+000  0.000000e+000  0.000000e+000  0.000000e+000  0.000000e+000  0.000000e+000  0.000000e+000  0.000000e+000  0.000000e+000  0.000000e+000  
0.000000e+000  0.000000e+000  0.000000e+000  0.000000e+000  0.000000e+000  0.000000e+000  0.000000e+000  0.000000e+000  0.000000e+000  0.000000e+000  0.000000e+000  0.000000e+000  0.000000e+000  0.000000e+000  0.000000e+000  0.000000e+000  0.000000e+000  
0.000000e+000  0.000000e+000  0.000000e+000  0.000000e+000  0.000000e+000  0.000000e+000  0.000000e+000  0.000000e+000  0.000000e+000  0.000000e+000  0.000000e+000  0.000000e+000  0.000000e+000  0.000000e+000  0.000000e+000  0.000000e+000  0.000000e+000  
0.000000e+000  0.000000e+000  0.000000e+000  0.000000e+000  0.000000e+000  0.000000e+000  0.000000e+000  0.000000e+000  0.000000e+000  0.000000e+000  0.000000e+000  0.000000e+000  0.000000e+000  0.000000e+000  0.000000e+000  0.000000e+000  0.000000e+000  
0.000000e+000  0.000000e+000  0.000000e+000  0.000000e+000  0.000000e+000  0.000000e+000  0.000000e+000  0.000000e+000  0.000000e+000  0.000000e+000  0.000000e+000  0.000000e+000  0.000000e+000  0.000000e+000  0.000000e+000  0.000000e+000  0.000000e+000  
0.000000e+000  0.000000e+000  0.000000e+000  0.000000e+000  0.000000e+000  0.000000e+000  0.000000e+000  0.000000e+000  0.000000e+000  0.000000e+000  0.000000e+000  0.000000e+000  0.000000e+000  0.000000e+000  0.000000e+000  0.000000e+000  0.000000e+000  
0.000000e+000  0.000000e+000  0.000000e+000  0.000000e+000  0.000000e+000  0.000000e+000  0.000000e+000  0.000000e+000  0.000000e+000  0.000000e+000  0.000000e+000  0.000000e+000  0.000000e+000  0.000000e+000  0.000000e+000  0.000000e+000  0.000000e+000  
0.000000e+000  0.000000e+000  0.000000e+000  0.000000e+000  0.000000e+000  0.000000e+000  0.000000e+000  0.000000e+000  0.000000e+000  0.000000e+000  0.000000e+000  0.000000e+000  0.000000e+000  0.000000e+000  0.000000e+000  0.000000e+000  0.000000e+000  
0.000000e+000  0.000000e+000  0.000000e+000  0.000000e+000  0.000000e+000  0.000000e+000  0.000000e+000  0.000000e+000  0.000000e+000  0.000000e+000  0.000000e+000  0.000000e+000  0.000000e+000  0.000000e+000  0.000000e+000  0.000000e+000  0.000000e+000  
0.000000e+000  0.000000e+000  0.000000e+000  0.000000e+000  0.000000e+000  0.000000e+000  0.000000e+000  0.000000e+000  0.000000e+000  0.000000e+000  0.000000e+000  0.000000e+000  0.000000e+000  0.000000e+000  0.000000e+000  0.000000e+000  0.000000e+000  
0.000000e+000  0.000000e+000  0.000000e+000  0.000000e+000  0.000000e+000  0.000000e+000  0.000000e+000  0.000000e+000  0.000000e+000  0.000000e+000  0.000000e+000  0.000000e+000  0.000000e+000  0.000000e+000  0.000000e+000  0.000000e+000  0.000000e+000  
0.000000e+000  0.000000e+000  0.000000e+000  0.000000e+000  0.000000e+000  0.000000e+000  0.000000e+000  0.000000e+000  0.000000e+000  0.000000e+000  0.000000e+000  0.000000e+000  0.000000e+000  0.000000e+000  0.000000e+000  0.000000e+000  0.000000e+000  
0.000000e+000  0.000000e+000  0.000000e+000  0.000000e+000  0.000000e+000  0.000000e+000  0.000000e+000  0.000000e+000  0.000000e+000  0.000000e+000  0.000000e+000  0.000000e+000  0.000000e+000  0.000000e+000  0.000000e+000  0.000000e+000  0.000000e+000  
0.000000e+000  0.000000e+000  0.000000e+000  0.000000e+000  0.000000e+000  0.000000e+000  0.000000e+000  0.000000e+000  0.000000e+000  0.000000e+000  0.000000e+000  0.000000e+000  0.000000e+000  0.000000e+000  0.000000e+000  0.000000e+000  0.000000e+000  
0.000000e+000  0.000000e+000  0.000000e+000  0.000000e+000  0.000000e+000  0.000000e+000  0.000000e+000  0.000000e+000  0.000000e+000  0.000000e+000  0.000000e+000  0.000000e+000  0.000000e+000  0.000000e+000  0.000000e+000  0.000000e+000  0.000000e+000  
0.000000e+000  0.000000e+000  0.000000e+000  0.000000e+000  0.000000e+000  0.000000e+000  0.000000e+000  0.000000e+000  0.000000e+000  0.000000e+000  0.000000e+000  0.000000e+000  0.000000e+000  0.000000e+000  0.000000e+000  0.000000e+000  0.000000e+000  
0.000000e+000  0.000000e+000  0.000000e+000  0.000000e+000  0.000000e+000  0.000000e+000  0.000000e+000  0.000000e+000  0.000000e+000  0.000000e+000  0.000000e+000  0.000000e+000  0.000000e+000  0.000000e+000  0.000000e+000  0.000000e+000  0.000000e+000  
0.000000e+000  0.000000e+000  0.000000e+000  0.000000e+000  0.000000e+000  0.000000e+000  0.000000e+000  0.000000e+000  0.000000e+000  0.000000e+000  0.000000e+000  0.000000e+000  0.000000e+000  0.000000e+000  0.000000e+000  0.000000e+000  0.000000e+000  
0.000000e+000  0.000000e+000  0.000000e+000  0.000000e+000  0.000000e+000  0.000000e+000  0.000000e+000  0.000000e+000  0.000000e+000  0.000000e+000  0.000000e+000  0.000000e+000  0.000000e+000  0.000000e+000  0.000000e+000  0.000000e+000  0.000000e+000  
0.000000e+000  0.000000e+000  0.000000e+000  0.000000e+000  0.000000e+000  0.000000e+000  0.000000e+000  0.000000e+000  0.000000e+000  0.000000e+000  0.000000e+000  0.000000e+000  0.000000e+000  0.000000e+000  0.000000e+000  0.000000e+000  0.000000e+000  
0.000000e+000  0.000000e+000  0.000000e+000  0.000000e+000  0.000000e+000  0.000000e+000  0.000000e+000  0.000000e+000  0.000000e+000  0.000000e+000  0.000000e+000  0.000000e+000  0.000000e+000  0.000000e+000  0.000000e+000  0.000000e+000  0.000000e+000  
0.000000e+000  0.000000e+000  0.000000e+000  0.000000e+000  0.000000e+000  0.000000e+000  0.000000e+000  0.000000e+000  0.000000e+000  0.000000e+000  0.000000e+000  0.000000e+000  0.000000e+000  0.000000e+000  0.000000e+000  0.000000e+000  0.000000e+000  
0.000000e+000  0.000000e+000  0.000000e+000  0.000000e+000  0.000000e+000  0.000000e+000  0.000000e+000  0.000000e+000  0.000000e+000  0.000000e+000  0.000000e+000  0.000000e+000  0.000000e+000  0.000000e+000  0.000000e+000  0.000000e+000  0.000000e+000  
0.000000e+000  0.000000e+000  0.000000e+000  0.000000e+000  0.000000e+000  0.000000e+000  0.000000e+000  0.000000e+000  0.000000e+000  0.000000e+000  0.000000e+000  0.000000e+000  0.000000e+000  0.000000e+000  0.000000e+000  0.000000e+000  0.000000e+000  
0.000000e+000  0.000000e+000  0.000000e+000  0.000000e+000  0.000000e+000  0.000000e+000  0.000000e+000  0.000000e+000  0.000000e+000  0.000000e+000  0.000000e+000  0.000000e+000  0.000000e+000  0.000000e+000  0.000000e+000  0.000000e+000  0.000000e+000  
0.000000e+000  0.000000e+000  0.000000e+000  0.000000e+000  0.000000e+000  0.000000e+000  0.000000e+000  0.000000e+000  0.000000e+000  0.000000e+000  0.000000e+000  0.000000e+000  0.000000e+000  0.000000e+000  0.000000e+000  0.000000e+000  0.000000e+000  
0.000000e+000  0.000000e+000  0.000000e+000  0.000000e+000  0.000000e+000  0.000000e+000  0.000000e+000  0.000000e+000  0.000000e+000  0.000000e+000  0.000000e+000  0.000000e+000  0.000000e+000  0.000000e+000  0.000000e+000  0.000000e+000  0.000000e+000  
0.000000e+000  0.000000e+000  0.000000e+000  0.000000e+000  0.000000e+000  0.000000e+000  0.000000e+000  0.000000e+000  0.000000e+000  0.000000e+000  0.000000e+000  0.000000e+000  0.000000e+000  0.000000e+000  0.000000e+000  0.000000e+000  0.000000e+000  

0.000000e+000  -6.426723e+000  -1.281512e+001  -1.912730e+001  -2.532630e+001  -2.599011e+001  -2.652468e+001  -2.694101e+001  -2.725110e+001  -2.746744e+001  -2.760253e+001  -2.766863e+001  -2.767740e+001  -2.755573e+001  -2.732553e+001  -2.650644e+001  -2.589342e+001  
0.000000e+000  -6.741030e+000  -1.343992e+001  -2.005498e+001  -2.654541e+001  -2.714740e+001  -2.760793e+001  -2.794214e+001  -2.816573e+001  -2.829436e+001  -2.834314e+001  -2.832628e+001  -2.825692e+001  -2.799632e+001  -2.765317e+001  -2.665772e+001  -2.597630e+001  
0.000000e+000  -8.139368e+000  -1.622104e+001  -2.418736e+001  -3.198082e+001  -3.223529e+001  -3.230138e+001  -3.221579e+001  -3.201239e+001  -3.172127e+001  -3.136827e+001  -3.097507e+001  -3.055940e+001  -2.970341e+001  -2.889266e+001  -2.721016e+001  -2.627483e+001  
0.000000e+000  -1.033735e+001  -2.060470e+001  -3.072894e+001  -4.063135e+001  -3.999677e+001  -3.915229e+001  -3.817929e+001  -3.714250e+001  -3.609068e+001  -3.505866e+001  -3.406985e+001  -3.313892e+001  -3.147534e+001  -3.008828e+001  -2.769361e+001  -2.652950e+001  
0.000000e+000  -1.349579e+001  -2.696130e+001  -4.034934e+001  -5.358098e+001  -5.080895e+001  -4.800436e+001  -4.531276e+001  -4.282001e+001  -4.056662e+001  -3.856227e+001  -3.679772e+001  -3.525371e+001  -3.275707e+001  -3.085669e+001  -2.797701e+001  -2.668687e+001  
0.000000e+000  -1.522097e+001  -3.053179e+001  -4.598583e+001  -6.156461e+001  -5.666843e+001  -5.216397e+001  -4.818290e+001  -4.475235e+001  -4.183905e+001  -3.938213e+001  -3.731328e+001  -3.556741e+001  -3.287279e+001  -3.089252e+001  -2.799908e+001  -2.671514e+001  
0.000000e+000  -1.656967e+001  -3.349281e+001  -5.106297e+001  -6.943695e+001  -6.149322e+001  -5.484627e+001  -4.947216e+001  -4.519725e+001  -4.180862e+001  -3.910944e+001  -3.693781e+001  -3.516772e+001  -3.254518e+001  -3.066377e+001  -2.794010e+001  -2.671075e+001  
0.000000e+000  -1.671323e+001  -3.395937e+001  -5.222136e+001  -7.182949e+001  -6.234275e+001  -5.481783e+001  -4.902202e+001  -4.459284e+001  -4.118943e+001  -3.854017e+001  -3.644306e+001  -3.475184e+001  -3.227099e+001  -3.049453e+001  -2.789527e+001  -2.670104e+001  
0.000000e+000  -1.648771e+001  -3.372184e+001  -5.244487e+001  -7.327454e+001  -6.213731e+001  -5.385947e+001  -4.784091e+001  -4.344521e+001  -4.017674e+001  -3.768868e+001  -3.574651e+001  -3.419198e+001  -3.192078e+001  -3.028611e+001  -2.784018e+001  -2.668735e+001  
0.000000e+000  -1.574699e+001  -3.245644e+001  -5.121282e+001  -7.314400e+001  -6.037413e+001  -5.167363e+001  -4.578449e+001  -4.169674e+001  -3.875515e+001  -3.655787e+001  -3.485792e+001  -3.349966e+001  -3.150379e+001  -3.004482e+001  -2.777686e+001  -2.667045e+001  
0.000000e+000  -1.434337e+001  -2.978146e+001  -4.779431e+001  -7.045183e+001  -5.637439e+001  -4.794964e+001  -4.275137e+001  -3.933562e+001  -3.694387e+001  -3.517414e+001  -3.380237e+001  -3.269627e+001  -3.103369e+001  -2.977884e+001  -2.770773e+001  -2.665123e+001  
0.000000e+000  -1.279481e+001  -2.661012e+001  -4.313062e+001  -6.560778e+001  -5.131767e+001  -4.398882e+001  -3.983814e+001  -3.720442e+001  -3.537224e+001  -3.400513e+001  -3.292776e+001  -3.204078e+001  -3.065755e+001  -2.956937e+001  -2.765375e+001  -2.663587e+001  
0.000000e+000  -1.085072e+001  -2.239132e+001  -3.616271e+001  -5.689347e+001  -4.408437e+001  -3.904238e+001  -3.646190e+001  -3.483493e+001  -3.366781e+001  -3.275808e+001  -3.200605e+001  -3.135682e+001  -3.027022e+001  -2.935610e+001  -2.759918e+001  -2.662013e+001  
0.000000e+000  -8.638915e+000  -1.730869e+001  -2.650476e+001  -4.135733e+001  -3.441732e+001  -3.333455e+001  -3.279914e+001  -3.233407e+001  -3.189543e+001  -3.147419e+001  -3.106452e+001  -3.066295e+001  -2.988123e+001  -2.914390e+001  -2.754525e+001  -2.660442e+001  
0.000000e+000  -6.413962e+000  -1.202051e+001  -1.466078e+001  0.000000e+000  -2.291543e+001  -2.746714e+001  -2.912711e+001  -2.983762e+001  -3.013014e+001  -3.019906e+001  -3.013268e+001  -2.997892e+001  -2.950051e+001  -2.893776e+001  -2.749317e+001  -2.658914e+001  
0.000000e+000  -4.057009e+000  -6.992700e+000  -6.886665e+000  0.000000e+000  -1.430762e+001  -2.139981e+001  -2.495132e+001  -2.690243e+001  -2.802740e+001  -2.867317e+001  -2.901695e+001  -2.916109e+001  -2.904774e+001  -2.869422e+001  -2.743201e+001  -2.657109e+001  
0.000000e+000  -2.383121e+000  -3.818701e+000  -3.247064e+000  0.000000e+000  -9.922283e+000  -1.711254e+001  -2.158965e+001  -2.439623e+001  -2.618125e+001  -2.731584e+001  -2.801894e+001  -2.842824e+001  -2.864305e+001  -2.847760e+001  -2.737789e+001  -2.655505e+001  
0.000000e+000  -7.676729e-001  -1.141214e+000  -8.615600e-001  0.000000e+000  -6.535595e+000  -1.263138e+001  -1.740738e+001  -2.095865e+001  -2.351157e+001  -2.529821e+001  -2.651513e+001  -2.731699e+001  -2.802954e+001  -2.815082e+001  -2.729677e+001  -2.653089e+001  
0.000000e+000  -7.676728e-001  -1.141214e+000  -8.615600e-001  0.000000e+000  -6.535595e+000  -1.263138e+001  -1.740738e+001  -2.095865e+001  -2.351157e+001  -2.529821e+001  -2.651513e+001  -2.731699e+001  -2.802954e+001  -2.815082e+001  -2.729677e+001  -2.653089e+001  
0.000000e+000  -2.383121e+000  -3.818701e+000  -3.247064e+000  0.000000e+000  -9.922283e+000  -1.711254e+001  -2.158965e+001  -2.439623e+001  -2.618125e+001  -2.731584e+001  -2.801894e+001  -2.842824e+001  -2.864305e+001  -2.847760e+001  -2.737789e+001  -2.655505e+001  
0.000000e+000  -4.057009e+000  -6.992700e+000  -6.886665e+000  0.000000e+000  -1.430762e+001  -2.139981e+001  -2.495132e+001  -2.690243e+001  -2.802740e+001  -2.867317e+001  -2.901695e+001  -2.916109e+001  -2.904774e+001  -2.869422e+001  -2.743201e+001  -2.657109e+001  
0.000000e+000  -6.413962e+000  -1.202051e+001  -1.466078e+001  0.000000e+000  -2.291543e+001  -2.746714e+001  -2.912711e+001  -2.983762e+001  -3.013014e+001  -3.019906e+001  -3.013268e+001  -2.997892e+001  -2.950051e+001  -2.893776e+001  -2.749317e+001  -2.658914e+001  
0.000000e+000  -8.638915e+000  -1.730869e+001  -2.650476e+001  -4.135733e+001  -3.441732e+001  -3.333455e+001  -3.279914e+001  -3.233407e+001  -3.189543e+001  -3.147419e+001  -3.106452e+001  -3.066295e+001  -2.988123e+001  -2.914390e+001  -2.754525e+001  -2.660442e+001  
0.000000e+000  -1.085072e+001  -2.239132e+001  -3.616271e+001  -5.689347e+001  -4.408437e+001  -3.904238e+001  -3.646190e+001  -3.483493e+001  -3.366781e+001  -3.275808e+001  -3.200605e+001  -3.135682e+001  -3.027022e+001  -2.935610e+001  -2.759918e+001  -2.662013e+001  
0.000000e+000  -1.279481e+001  -2.661012e+001  -4.313062e+001  -6.560778e+001  -5.131767e+001  -4.398882e+001  -3.983814e+001  -3.720442e+001  -3.537224e+001  -3.400513e+001  -3.292776e+001  -3.204078e+001  -3.065755e+001  -2.956937e+001  -2.765375e+001  -2.663587e+001  
0.000000e+000  -1.434337e+001  -2.978146e+001  -4.779431e+001  -7.045183e+001  -5.637439e+001  -4.794964e+001  -4.275137e+001  -3.933562e+001  -3.694387e+001  -3.517414e+001  -3.380237e+001  -3.269627e+001  -3.103369e+001  -2.977884e+001  -2.770773e+001  -2.665123e+001  
0.000000e+000  -1.574699e+001  -3.245644e+001  -5.121282e+001  -7.314400e+001  -6.037413e+001  -5.167363e+001  -4.578449e+001  -4.169674e+001  -3.875515e+001  -3.655787e+001  -3.485792e+001  -3.349966e+001  -3.150379e+001  -3.004482e+001  -2.777686e+001  -2.667045e+001  
0.000000e+000  -1.648771e+001  -3.372184e+001  -5.244487e+001  -7.327454e+001  -6.213731e+001  -5.385947e+001  -4.784091e+001  -4.344521e+001  -4.017674e+001  -3.768868e+001  -3.574651e+001  -3.419198e+001  -3.192078e+001  -3.028611e+001  -2.784018e+001  -2.668735e+001  
0.000000e+000  -1.671323e+001  -3.395937e+001  -5.222136e+001  -7.182949e+001  -6.234275e+001  -5.481783e+001  -4.902202e+001  -4.459284e+001  -4.118943e+001  -3.854017e+001  -3.644306e+001  -3.475184e+001  -3.227099e+001  -3.049453e+001  -2.789527e+001  -2.670104e+001  
0.000000e+000  -1.656967e+001  -3.349281e+001  -5.106297e+001  -6.943695e+001  -6.149322e+001  -5.484627e+001  -4.947216e+001  -4.519725e+001  -4.180862e+001  -3.910944e+001  -3.693781e+001  -3.516772e+001  -3.254518e+001  -3.066377e+001  -2.794010e+001  -2.671075e+001  
0.000000e+000  -1.522097e+001  -3.053179e+001  -4.598583e+001  -6.156461e+001  -5.666843e+001  -5.216397e+001  -4.818290e+001  -4.475235e+001  -4.183905e+001  -3.938213e+001  -3.731328e+001  -3.556741e+001  -3.287279e+001  -3.089252e+001  -2.799908e+001  -2.671514e+001  
0.000000e+000  -1.349579e+001  -2.696130e+001  -4.034934e+001  -5.358098e+001  -5.080895e+001  -4.800436e+001  -4.531276e+001  -4.282001e+001  -4.056662e+001  -3.856227e+001  -3.679772e+001  -3.525371e+001  -3.275707e+001  -3.085669e+001  -2.797701e+001  -2.668687e+001  
0.000000e+000  -1.033735e+001  -2.060470e+001  -3.072894e+001  -4.063135e+001  -3.999677e+001  -3.915229e+001  -3.817929e+001  -3.714250e+001  -3.609068e+001  -3.505866e+001  -3.406985e+001  -3.313892e+001  -3.147534e+001  -3.008828e+001  -2.769361e+001  -2.652950e+001  
0.000000e+000  -8.139368e+000  -1.622104e+001  -2.418736e+001  -3.198082e+001  -3.223529e+001  -3.230138e+001  -3.221579e+001  -3.201239e+001  -3.172127e+001  -3.136827e+001  -3.097507e+001  -3.055940e+001  -2.970341e+001  -2.889266e+001  -2.721016e+001  -2.627483e+001  
0.000000e+000  -6.741030e+000  -1.343992e+001  -2.005498e+001  -2.654541e+001  -2.714740e+001  -2.760793e+001  -2.794214e+001  -2.816573e+001  -2.829436e+001  -2.834314e+001  -2.832628e+001  -2.825692e+001  -2.799632e+001  -2.765317e+001  -2.665772e+001  -2.597630e+001  
0.000000e+000  -6.426723e+000  -1.281512e+001  -1.912730e+001  -2.532630e+001  -2.599011e+001  -2.652468e+001  -2.694101e+001  -2.725110e+001  -2.746744e+001  -2.760253e+001  -2.766863e+001  -2.767740e+001  -2.755573e+001  -2.732553e+001  -2.650644e+001  -2.589342e+001  

