Unknown:
C:\Github Desktop\ESD_P5\04 Prototype udvikling\3 Antenne\1 Janus WIP\2. Antenna\1x1 (Done) Antenna\Result\farfield (f=2.4417)2D_1.ffp
C:\Github Desktop\ESD_P5\04 Prototype udvikling\3 Antenne\1 Janus WIP\2. Antenna\1x1 (Done) Antenna\Result\farfield (f=2.4417)_1.fme
C:\Github Desktop\ESD_P5\04 Prototype udvikling\3 Antenne\1 Janus WIP\2. Antenna\1x1 (Done) Antenna\Result\hardware_resources.sconf
C:\Github Desktop\ESD_P5\04 Prototype udvikling\3 Antenne\1 Janus WIP\2. Antenna\1x1 (Done) Antenna\Result\Hex.gap
C:\Github Desktop\ESD_P5\04 Prototype udvikling\3 Antenne\1 Janus WIP\2. Antenna\1x1 (Done) Antenna\Result\MCalc-SV.log
C:\Github Desktop\ESD_P5\04 Prototype udvikling\3 Antenne\1 Janus WIP\2. Antenna\1x1 (Done) Antenna\Result\MCalc.ddi
C:\Github Desktop\ESD_P5\04 Prototype udvikling\3 Antenne\1 Janus WIP\2. Antenna\1x1 (Done) Antenna\Result\MCalc.log
C:\Github Desktop\ESD_P5\04 Prototype udvikling\3 Antenne\1 Janus WIP\2. Antenna\1x1 (Done) Antenna\Result\ml_info.log
C:\Github Desktop\ESD_P5\04 Prototype udvikling\3 Antenne\1 Janus WIP\2. Antenna\1x1 (Done) Antenna\Result\Model.axg
C:\Github Desktop\ESD_P5\04 Prototype udvikling\3 Antenne\1 Janus WIP\2. Antenna\1x1 (Done) Antenna\Result\Model.coco
C:\Github Desktop\ESD_P5\04 Prototype udvikling\3 Antenne\1 Janus WIP\2. Antenna\1x1 (Done) Antenna\Result\Model.csid
C:\Github Desktop\ESD_P5\04 Prototype udvikling\3 Antenne\1 Janus WIP\2. Antenna\1x1 (Done) Antenna\Result\Model.ddi
C:\Github Desktop\ESD_P5\04 Prototype udvikling\3 Antenne\1 Janus WIP\2. Antenna\1x1 (Done) Antenna\Result\Model.elg
C:\Github Desktop\ESD_P5\04 Prototype udvikling\3 Antenne\1 Janus WIP\2. Antenna\1x1 (Done) Antenna\Result\Model.log
C:\Github Desktop\ESD_P5\04 Prototype udvikling\3 Antenne\1 Janus WIP\2. Antenna\1x1 (Done) Antenna\Result\Model.sa
C:\Github Desktop\ESD_P5\04 Prototype udvikling\3 Antenne\1 Janus WIP\2. Antenna\1x1 (Done) Antenna\Result\Model.sam
C:\Github Desktop\ESD_P5\04 Prototype udvikling\3 Antenne\1 Janus WIP\2. Antenna\1x1 (Done) Antenna\Result\ModelPBA.axg
C:\Github Desktop\ESD_P5\04 Prototype udvikling\3 Antenne\1 Janus WIP\2. Antenna\1x1 (Done) Antenna\Result\Model_1.csid
C:\Github Desktop\ESD_P5\04 Prototype udvikling\3 Antenne\1 Janus WIP\2. Antenna\1x1 (Done) Antenna\Result\Model_1.sam
C:\Github Desktop\ESD_P5\04 Prototype udvikling\3 Antenne\1 Janus WIP\2. Antenna\1x1 (Done) Antenna\Result\m^fifx.dsc
C:\Github Desktop\ESD_P5\04 Prototype udvikling\3 Antenne\1 Janus WIP\2. Antenna\1x1 (Done) Antenna\Result\m^fqq.dsc
C:\Github Desktop\ESD_P5\04 Prototype udvikling\3 Antenne\1 Janus WIP\2. Antenna\1x1 (Done) Antenna\Result\Ports.web
C:\Github Desktop\ESD_P5\04 Prototype udvikling\3 Antenne\1 Janus WIP\2. Antenna\1x1 (Done) Antenna\Result\PP-MCalc.log
C:\Github Desktop\ESD_P5\04 Prototype udvikling\3 Antenne\1 Janus WIP\2. Antenna\1x1 (Done) Antenna\Result\PP-Prio.log
C:\Github Desktop\ESD_P5\04 Prototype udvikling\3 Antenne\1 Janus WIP\2. Antenna\1x1 (Done) Antenna\Result\p^a.dsc
C:\Github Desktop\ESD_P5\04 Prototype udvikling\3 Antenne\1 Janus WIP\2. Antenna\1x1 (Done) Antenna\Result\P^m^fb.slog
C:\Github Desktop\ESD_P5\04 Prototype udvikling\3 Antenne\1 Janus WIP\2. Antenna\1x1 (Done) Antenna\Result\P^m^fbqq.slog
C:\Github Desktop\ESD_P5\04 Prototype udvikling\3 Antenne\1 Janus WIP\2. Antenna\1x1 (Done) Antenna\Result\P^m^fqq.slog
C:\Github Desktop\ESD_P5\04 Prototype udvikling\3 Antenne\1 Janus WIP\2. Antenna\1x1 (Done) Antenna\Result\P^p^m.slog
C:\Github Desktop\ESD_P5\04 Prototype udvikling\3 Antenne\1 Janus WIP\2. Antenna\1x1 (Done) Antenna\Result\P^s^pm.slog
C:\Github Desktop\ESD_P5\04 Prototype udvikling\3 Antenne\1 Janus WIP\2. Antenna\1x1 (Done) Antenna\Result\Subvolume.log
Mesh:
C:\Github Desktop\ESD_P5\04 Prototype udvikling\3 Antenne\1 Janus WIP\2. Antenna\1x1 (Done) Antenna\Result\dA.mat
C:\Github Desktop\ESD_P5\04 Prototype udvikling\3 Antenne\1 Janus WIP\2. Antenna\1x1 (Done) Antenna\Result\dad.mat
C:\Github Desktop\ESD_P5\04 Prototype udvikling\3 Antenne\1 Janus WIP\2. Antenna\1x1 (Done) Antenna\Result\ds.mat
C:\Github Desktop\ESD_P5\04 Prototype udvikling\3 Antenne\1 Janus WIP\2. Antenna\1x1 (Done) Antenna\Result\dsd.mat
C:\Github Desktop\ESD_P5\04 Prototype udvikling\3 Antenne\1 Janus WIP\2. Antenna\1x1 (Done) Antenna\Result\dsMCalc.mat
C:\Github Desktop\ESD_P5\04 Prototype udvikling\3 Antenne\1 Janus WIP\2. Antenna\1x1 (Done) Antenna\Result\Eps.mat
C:\Github Desktop\ESD_P5\04 Prototype udvikling\3 Antenne\1 Janus WIP\2. Antenna\1x1 (Done) Antenna\Result\HexMatrix.m2h
C:\Github Desktop\ESD_P5\04 Prototype udvikling\3 Antenne\1 Janus WIP\2. Antenna\1x1 (Done) Antenna\Result\HexMatrix_MCalc.m2h
C:\Github Desktop\ESD_P5\04 Prototype udvikling\3 Antenne\1 Janus WIP\2. Antenna\1x1 (Done) Antenna\Result\Kappa.mat
C:\Github Desktop\ESD_P5\04 Prototype udvikling\3 Antenne\1 Janus WIP\2. Antenna\1x1 (Done) Antenna\Result\MCalc.fmp
C:\Github Desktop\ESD_P5\04 Prototype udvikling\3 Antenne\1 Janus WIP\2. Antenna\1x1 (Done) Antenna\Result\MCalc.xcfd
C:\Github Desktop\ESD_P5\04 Prototype udvikling\3 Antenne\1 Janus WIP\2. Antenna\1x1 (Done) Antenna\Result\MCalcCCS_c.mson
C:\Github Desktop\ESD_P5\04 Prototype udvikling\3 Antenne\1 Janus WIP\2. Antenna\1x1 (Done) Antenna\Result\Meta.m2h
C:\Github Desktop\ESD_P5\04 Prototype udvikling\3 Antenne\1 Janus WIP\2. Antenna\1x1 (Done) Antenna\Result\Meta.mat
C:\Github Desktop\ESD_P5\04 Prototype udvikling\3 Antenne\1 Janus WIP\2. Antenna\1x1 (Done) Antenna\Result\Model-fmf.msqlite
C:\Github Desktop\ESD_P5\04 Prototype udvikling\3 Antenne\1 Janus WIP\2. Antenna\1x1 (Done) Antenna\Result\Model.cct
C:\Github Desktop\ESD_P5\04 Prototype udvikling\3 Antenne\1 Janus WIP\2. Antenna\1x1 (Done) Antenna\Result\Model.fmf
C:\Github Desktop\ESD_P5\04 Prototype udvikling\3 Antenne\1 Janus WIP\2. Antenna\1x1 (Done) Antenna\Result\Model.fmm
C:\Github Desktop\ESD_P5\04 Prototype udvikling\3 Antenne\1 Janus WIP\2. Antenna\1x1 (Done) Antenna\Result\Model.fpc
C:\Github Desktop\ESD_P5\04 Prototype udvikling\3 Antenne\1 Janus WIP\2. Antenna\1x1 (Done) Antenna\Result\Model.fwf
C:\Github Desktop\ESD_P5\04 Prototype udvikling\3 Antenne\1 Janus WIP\2. Antenna\1x1 (Done) Antenna\Result\Model.sic
C:\Github Desktop\ESD_P5\04 Prototype udvikling\3 Antenne\1 Janus WIP\2. Antenna\1x1 (Done) Antenna\Result\Model.sid
C:\Github Desktop\ESD_P5\04 Prototype udvikling\3 Antenne\1 Janus WIP\2. Antenna\1x1 (Done) Antenna\Result\Model.spi
C:\Github Desktop\ESD_P5\04 Prototype udvikling\3 Antenne\1 Janus WIP\2. Antenna\1x1 (Done) Antenna\Result\Model.svi
C:\Github Desktop\ESD_P5\04 Prototype udvikling\3 Antenne\1 Janus WIP\2. Antenna\1x1 (Done) Antenna\Result\Model.xcfd
C:\Github Desktop\ESD_P5\04 Prototype udvikling\3 Antenne\1 Janus WIP\2. Antenna\1x1 (Done) Antenna\Result\Mue.mat
C:\Github Desktop\ESD_P5\04 Prototype udvikling\3 Antenne\1 Janus WIP\2. Antenna\1x1 (Done) Antenna\Result\m^fqq.mem
C:\Github Desktop\ESD_P5\04 Prototype udvikling\3 Antenne\1 Janus WIP\2. Antenna\1x1 (Done) Antenna\Result\p1.spi
C:\Github Desktop\ESD_P5\04 Prototype udvikling\3 Antenne\1 Janus WIP\2. Antenna\1x1 (Done) Antenna\Result\PEC.mat
C:\Github Desktop\ESD_P5\04 Prototype udvikling\3 Antenne\1 Janus WIP\2. Antenna\1x1 (Done) Antenna\Result\Port1.wgi
C:\Github Desktop\ESD_P5\04 Prototype udvikling\3 Antenne\1 Janus WIP\2. Antenna\1x1 (Done) Antenna\Result\p^a.mem
C:\Github Desktop\ESD_P5\04 Prototype udvikling\3 Antenne\1 Janus WIP\2. Antenna\1x1 (Done) Antenna\Result\p^m.mem
C:\Github Desktop\ESD_P5\04 Prototype udvikling\3 Antenne\1 Janus WIP\2. Antenna\1x1 (Done) Antenna\Result\Rho.mat
C:\Github Desktop\ESD_P5\04 Prototype udvikling\3 Antenne\1 Janus WIP\2. Antenna\1x1 (Done) Antenna\Result\S2HMatrix.m2h
C:\Github Desktop\ESD_P5\04 Prototype udvikling\3 Antenne\1 Janus WIP\2. Antenna\1x1 (Done) Antenna\Result\Shapes.con
C:\Github Desktop\ESD_P5\04 Prototype udvikling\3 Antenne\1 Janus WIP\2. Antenna\1x1 (Done) Antenna\Result\s^pm.mem
Port:
C:\Github Desktop\ESD_P5\04 Prototype udvikling\3 Antenne\1 Janus WIP\2. Antenna\1x1 (Done) Antenna\Result\adapt_Port1_e1.prt
C:\Github Desktop\ESD_P5\04 Prototype udvikling\3 Antenne\1 Janus WIP\2. Antenna\1x1 (Done) Antenna\Result\adapt_Port1_e1[2.44175].prt
C:\Github Desktop\ESD_P5\04 Prototype udvikling\3 Antenne\1 Janus WIP\2. Antenna\1x1 (Done) Antenna\Result\adapt_Port1_h1.prt
C:\Github Desktop\ESD_P5\04 Prototype udvikling\3 Antenne\1 Janus WIP\2. Antenna\1x1 (Done) Antenna\Result\adapt_Port1_h1[2.44175].prt
C:\Github Desktop\ESD_P5\04 Prototype udvikling\3 Antenne\1 Janus WIP\2. Antenna\1x1 (Done) Antenna\Result\Model.pmi
C:\Github Desktop\ESD_P5\04 Prototype udvikling\3 Antenne\1 Janus WIP\2. Antenna\1x1 (Done) Antenna\Result\Port1_1[2.44175].m2d
C:\Github Desktop\ESD_P5\04 Prototype udvikling\3 Antenne\1 Janus WIP\2. Antenna\1x1 (Done) Antenna\Result\Port1_drv.m2d
C:\Github Desktop\ESD_P5\04 Prototype udvikling\3 Antenne\1 Janus WIP\2. Antenna\1x1 (Done) Antenna\Result\Port1_e1.prt
C:\Github Desktop\ESD_P5\04 Prototype udvikling\3 Antenne\1 Janus WIP\2. Antenna\1x1 (Done) Antenna\Result\Port1_e1[2.44175].prt
C:\Github Desktop\ESD_P5\04 Prototype udvikling\3 Antenne\1 Janus WIP\2. Antenna\1x1 (Done) Antenna\Result\Port1_h1.prt
C:\Github Desktop\ESD_P5\04 Prototype udvikling\3 Antenne\1 Janus WIP\2. Antenna\1x1 (Done) Antenna\Result\Port1_h1[2.44175].prt
