Port monitor named: Port1_h1.prt

nx        = 39
ny        = 4
nz        = 19

nu        = 17
nv        = 37
iu        = 2
iv        = 2

idir      = 1
dcut      = -4.389000e-002
icut      = 2
type      = 1
frequency = 2.400000e+009

fcutoff   = 0.000000e+000
alpha     = 0.000000e+000
beta      = 9.587175e+001
accuracy  = 1.801234e-010

type          = QTEM
wave imp.     = 2.480167e+002
wave imp.sig. = 2.311150e-008
line imp.     = 3.264076e+001

ref. port     = 0

-0.000000e+000  1.149270e-002  2.273830e-002  3.350179e-002  4.357125e-002  5.388716e-002  6.299559e-002  7.078012e-002  7.718763e-002  8.222363e-002  8.594403e-002  8.844498e-002  8.985199e-002  8.981707e-002  8.724998e-002  7.464264e-002  6.461991e-002  
-0.000000e+000  4.192350e-002  8.280344e-002  1.216567e-001  1.576151e-001  1.938760e-001  2.251873e-001  2.511746e-001  2.717459e-001  2.870549e-001  2.974516e-001  3.034273e-001  3.055622e-001  3.001787e-001  2.869677e-001  2.377137e-001  2.022816e-001  
-0.000000e+000  9.695555e-002  1.906091e-001  2.779179e-001  3.563260e-001  4.318924e-001  4.929610e-001  5.391669e-001  5.710852e-001  5.899884e-001  5.975857e-001  5.957926e-001  5.865496e-001  5.512320e-001  5.060488e-001  3.876286e-001  3.164985e-001  
-0.000000e+000  1.992597e-001  3.889456e-001  5.604445e-001  7.069727e-001  8.373580e-001  9.300982e-001  9.870147e-001  1.012494e+000  1.012233e+000  9.922066e-001  9.579906e-001  9.144048e-001  8.109637e-001  7.072070e-001  4.953695e-001  3.865881e-001  
-0.000000e+000  3.878148e-001  7.500318e-001  1.063634e+000  1.311191e+000  1.501203e+000  1.601286e+000  1.625494e+000  1.592894e+000  1.522228e+000  1.429090e+000  1.325161e+000  1.218559e+000  1.013299e+000  8.370994e-001  5.404174e-001  4.056611e-001  
-0.000000e+000  6.130060e-001  1.179676e+000  1.655658e+000  2.004823e+000  2.227577e+000  2.289306e+000  2.232662e+000  2.103160e+000  1.937015e+000  1.758666e+000  1.582803e+000  1.417388e+000  1.129331e+000  9.007466e-001  5.526671e-001  4.047293e-001  
-0.000000e+000  8.995993e-001  1.732783e+000  2.422913e+000  2.890133e+000  3.099282e+000  3.040704e+000  2.827157e+000  2.549586e+000  2.262068e+000  1.990907e+000  1.746342e+000  1.530613e+000  1.181963e+000  9.199571e-001  5.459747e-001  3.934273e-001  
-0.000000e+000  1.110167e+000  2.149008e+000  3.016478e+000  3.581401e+000  3.749015e+000  3.561348e+000  3.208717e+000  2.816456e+000  2.444319e+000  2.113584e+000  1.827683e+000  1.583160e+000  1.202104e+000  9.233015e-001  5.380369e-001  3.842092e-001  
-0.000000e+000  1.367694e+000  2.678171e+000  3.809589e+000  4.532709e+000  4.587397e+000  4.170884e+000  3.613313e+000  3.074804e+000  2.606642e+000  2.214303e+000  1.888668e+000  1.617996e+000  1.209722e+000  9.178982e-001  5.258796e-001  3.723204e-001  
-0.000000e+000  1.662793e+000  3.325247e+000  4.872051e+000  5.905439e+000  5.675705e+000  4.857235e+000  4.010510e+000  3.298524e+000  2.731138e+000  2.281686e+000  1.922233e+000  1.630767e+000  1.202964e+000  9.029781e-001  5.093798e-001  3.577575e-001  
-0.000000e+000  1.922901e+000  3.962698e+000  6.107571e+000  7.797248e+000  6.910689e+000  5.478556e+000  4.301091e+000  3.431132e+000  2.788203e+000  2.300999e+000  1.921659e+000  1.619189e+000  1.183013e+000  8.809292e-001  4.909484e-001  3.425815e-001  
-0.000000e+000  2.102811e+000  4.473677e+000  7.352336e+000  1.033687e+001  8.149517e+000  5.941145e+000  4.460656e+000  3.478100e+000  2.791250e+000  2.285760e+000  1.898501e+000  1.592667e+000  1.155998e+000  8.557952e-001  4.724265e-001  3.279262e-001  
-0.000000e+000  2.179051e+000  4.788210e+000  8.555358e+000  1.466886e+001  9.398153e+000  6.184050e+000  4.470105e+000  3.436264e+000  2.740107e+000  2.235388e+000  1.851281e+000  1.549004e+000  1.119051e+000  8.245793e-001  4.513734e-001  3.117943e-001  
-0.000000e+000  2.089095e+000  4.655422e+000  8.852140e+000  2.292656e+001  1.002301e+001  5.971666e+000  4.273841e+000  3.292794e+000  2.631676e+000  2.149134e+000  1.779857e+000  1.488224e+000  1.072232e+000  7.873432e-001  4.278457e-001  2.942341e-001  
-0.000000e+000  1.771207e+000  3.772009e+000  6.336886e+000  -0.000000e+000  6.296600e+000  4.896041e+000  3.794959e+000  3.014976e+000  2.444134e+000  2.010160e+000  1.670488e+000  1.398787e+000  1.006903e+000  7.374085e-001  3.978093e-001  2.722986e-001  
-0.000000e+000  1.255599e+000  2.388918e+000  2.839037e+000  -0.000000e+000  3.276207e+000  3.517853e+000  3.083043e+000  2.590440e+000  2.160133e+000  1.803622e+000  1.511319e+000  1.271342e+000  9.171351e-001  6.709952e-001  3.597203e-001  2.451212e-001  
-0.000000e+000  6.046407e-001  9.999138e-001  8.958949e-001  -0.000000e+000  1.380322e+000  1.992051e+000  2.064448e+000  1.906929e+000  1.677819e+000  1.444737e+000  1.232614e+000  1.048238e+000  7.620039e-001  5.582210e-001  2.971620e-001  2.012893e-001  
-0.000000e+000  7.571465e-002  1.138522e-001  8.741601e-002  -0.000000e+000  2.649204e-001  4.690857e-001  5.770155e-001  6.099609e-001  5.946041e-001  5.525231e-001  4.984651e-001  4.415592e-001  3.349048e-001  2.503491e-001  1.327962e-001  8.899203e-002  
-0.000000e+000  -7.571465e-002  -1.138522e-001  -8.741601e-002  -0.000000e+000  -2.649204e-001  -4.690857e-001  -5.770155e-001  -6.099609e-001  -5.946041e-001  -5.525231e-001  -4.984651e-001  -4.415592e-001  -3.349048e-001  -2.503491e-001  -1.327962e-001  -8.899203e-002  
-0.000000e+000  -6.046407e-001  -9.999138e-001  -8.958949e-001  -0.000000e+000  -1.380322e+000  -1.992051e+000  -2.064448e+000  -1.906929e+000  -1.677819e+000  -1.444737e+000  -1.232614e+000  -1.048238e+000  -7.620039e-001  -5.582210e-001  -2.971620e-001  -2.012893e-001  
-0.000000e+000  -1.255599e+000  -2.388918e+000  -2.839037e+000  -0.000000e+000  -3.276207e+000  -3.517853e+000  -3.083043e+000  -2.590440e+000  -2.160133e+000  -1.803622e+000  -1.511319e+000  -1.271342e+000  -9.171351e-001  -6.709952e-001  -3.597203e-001  -2.451212e-001  
-0.000000e+000  -1.771207e+000  -3.772009e+000  -6.336886e+000  -0.000000e+000  -6.296600e+000  -4.896041e+000  -3.794959e+000  -3.014976e+000  -2.444135e+000  -2.010160e+000  -1.670488e+000  -1.398787e+000  -1.006903e+000  -7.374085e-001  -3.978093e-001  -2.722986e-001  
-0.000000e+000  -2.089095e+000  -4.655422e+000  -8.852140e+000  -2.292656e+001  -1.002301e+001  -5.971666e+000  -4.273841e+000  -3.292794e+000  -2.631676e+000  -2.149134e+000  -1.779857e+000  -1.488224e+000  -1.072232e+000  -7.873432e-001  -4.278457e-001  -2.942341e-001  
-0.000000e+000  -2.179051e+000  -4.788210e+000  -8.555358e+000  -1.466886e+001  -9.398153e+000  -6.184050e+000  -4.470105e+000  -3.436264e+000  -2.740107e+000  -2.235388e+000  -1.851281e+000  -1.549004e+000  -1.119051e+000  -8.245793e-001  -4.513734e-001  -3.117943e-001  
-0.000000e+000  -2.102811e+000  -4.473677e+000  -7.352336e+000  -1.033687e+001  -8.149517e+000  -5.941145e+000  -4.460656e+000  -3.478100e+000  -2.791250e+000  -2.285760e+000  -1.898501e+000  -1.592667e+000  -1.155998e+000  -8.557952e-001  -4.724265e-001  -3.279262e-001  
-0.000000e+000  -1.922901e+000  -3.962698e+000  -6.107571e+000  -7.797248e+000  -6.910689e+000  -5.478556e+000  -4.301091e+000  -3.431132e+000  -2.788203e+000  -2.300999e+000  -1.921659e+000  -1.619189e+000  -1.183013e+000  -8.809292e-001  -4.909484e-001  -3.425815e-001  
-0.000000e+000  -1.662793e+000  -3.325247e+000  -4.872051e+000  -5.905439e+000  -5.675705e+000  -4.857235e+000  -4.010510e+000  -3.298524e+000  -2.731138e+000  -2.281686e+000  -1.922233e+000  -1.630767e+000  -1.202964e+000  -9.029781e-001  -5.093798e-001  -3.577575e-001  
-0.000000e+000  -1.367694e+000  -2.678171e+000  -3.809589e+000  -4.532709e+000  -4.587397e+000  -4.170884e+000  -3.613313e+000  -3.074804e+000  -2.606642e+000  -2.214303e+000  -1.888668e+000  -1.617996e+000  -1.209722e+000  -9.178982e-001  -5.258796e-001  -3.723204e-001  
-0.000000e+000  -1.110167e+000  -2.149008e+000  -3.016478e+000  -3.581401e+000  -3.749015e+000  -3.561348e+000  -3.208717e+000  -2.816456e+000  -2.444319e+000  -2.113584e+000  -1.827683e+000  -1.583160e+000  -1.202104e+000  -9.233015e-001  -5.380369e-001  -3.842092e-001  
-0.000000e+000  -8.995993e-001  -1.732783e+000  -2.422913e+000  -2.890133e+000  -3.099282e+000  -3.040704e+000  -2.827157e+000  -2.549586e+000  -2.262068e+000  -1.990907e+000  -1.746342e+000  -1.530613e+000  -1.181963e+000  -9.199571e-001  -5.459747e-001  -3.934273e-001  
-0.000000e+000  -6.130060e-001  -1.179676e+000  -1.655658e+000  -2.004823e+000  -2.227577e+000  -2.289306e+000  -2.232662e+000  -2.103160e+000  -1.937015e+000  -1.758666e+000  -1.582803e+000  -1.417388e+000  -1.129331e+000  -9.007466e-001  -5.526671e-001  -4.047293e-001  
-0.000000e+000  -3.878148e-001  -7.500318e-001  -1.063634e+000  -1.311191e+000  -1.501203e+000  -1.601286e+000  -1.625494e+000  -1.592894e+000  -1.522228e+000  -1.429090e+000  -1.325161e+000  -1.218559e+000  -1.013299e+000  -8.370994e-001  -5.404174e-001  -4.056611e-001  
-0.000000e+000  -1.992597e-001  -3.889456e-001  -5.604445e-001  -7.069727e-001  -8.373580e-001  -9.300982e-001  -9.870147e-001  -1.012494e+000  -1.012233e+000  -9.922066e-001  -9.579906e-001  -9.144048e-001  -8.109637e-001  -7.072070e-001  -4.953695e-001  -3.865881e-001  
-0.000000e+000  -9.695555e-002  -1.906091e-001  -2.779179e-001  -3.563260e-001  -4.318924e-001  -4.929610e-001  -5.391669e-001  -5.710852e-001  -5.899884e-001  -5.975857e-001  -5.957926e-001  -5.865496e-001  -5.512320e-001  -5.060488e-001  -3.876286e-001  -3.164985e-001  
-0.000000e+000  -4.192350e-002  -8.280344e-002  -1.216567e-001  -1.576151e-001  -1.938760e-001  -2.251873e-001  -2.511746e-001  -2.717459e-001  -2.870549e-001  -2.974516e-001  -3.034273e-001  -3.055622e-001  -3.001787e-001  -2.869677e-001  -2.377137e-001  -2.022816e-001  
-0.000000e+000  -1.149270e-002  -2.273830e-002  -3.350179e-002  -4.357125e-002  -5.388716e-002  -6.299559e-002  -7.078012e-002  -7.718763e-002  -8.222363e-002  -8.594403e-002  -8.844498e-002  -8.985199e-002  -8.981707e-002  -8.724998e-002  -7.464264e-002  -6.461991e-002  
-0.000000e+000  -0.000000e+000  -0.000000e+000  -0.000000e+000  -0.000000e+000  -0.000000e+000  -0.000000e+000  -0.000000e+000  -0.000000e+000  -0.000000e+000  -0.000000e+000  -0.000000e+000  -0.000000e+000  -0.000000e+000  -0.000000e+000  -0.000000e+000  -0.000000e+000  

-1.052545e+000  -1.045797e+000  -1.032423e+000  -1.012660e+000  -9.878013e-001  -9.585553e-001  -9.246017e-001  -8.866282e-001  -8.453490e-001  -8.014749e-001  -7.556869e-001  -7.086158e-001  -6.369332e-001  -5.414313e-001  -3.769348e-001  -1.281457e-001  -0.000000e+000  
-1.113846e+000  -1.105956e+000  -1.090352e+000  -1.067372e+000  -1.038331e+000  -1.004031e+000  -9.645283e-001  -9.207632e-001  -8.736857e-001  -8.242098e-001  -7.731799e-001  -7.213472e-001  -6.433603e-001  -5.419330e-001  -3.710928e-001  -1.241526e-001  -0.000000e+000  
-1.378192e+000  -1.364568e+000  -1.337814e+000  -1.298876e+000  -1.249206e+000  -1.190239e+000  -1.124145e+000  -1.053219e+000  -9.795955e-001  -9.051371e-001  -8.313800e-001  -7.595173e-001  -6.558638e-001  -5.321416e-001  -3.402450e-001  -1.065524e-001  -0.000000e+000  
-1.840533e+000  -1.812935e+000  -1.759299e+000  -1.682578e+000  -1.584887e+000  -1.470160e+000  -1.346716e+000  -1.220373e+000  -1.095887e+000  -9.767854e-001  -8.654109e-001  -7.630903e-001  -6.239821e-001  -4.764915e-001  -2.729628e-001  -7.713911e-002  -0.000000e+000  
-2.724946e+000  -2.658706e+000  -2.531599e+000  -2.353833e+000  -2.131176e+000  -1.878222e+000  -1.622683e+000  -1.379635e+000  -1.158618e+000  -9.642585e-001  -7.975606e-001  -6.572287e-001  -4.824758e-001  -3.264778e-001  -1.471260e-001  -3.183859e-002  -0.000000e+000  
-3.551035e+000  -3.433938e+000  -3.210188e+000  -2.900982e+000  -2.520409e+000  -2.105023e+000  -1.711678e+000  -1.364452e+000  -1.072419e+000  -8.347375e-001  -6.455545e-001  -4.973128e-001  -3.251648e-001  -1.899214e-001  -5.601040e-002  -3.298955e-003  -0.000000e+000  
-4.832507e+000  -4.623691e+000  -4.220346e+000  -3.659792e+000  -2.977080e+000  -2.272273e+000  -1.664658e+000  -1.183598e+000  -8.219204e-001  -5.580943e-001  -3.691003e-001  -2.355105e-001  -9.600602e-002  -7.815412e-003  5.277268e-002  2.839943e-002  -0.000000e+000  
-5.594171e+000  -5.331540e+000  -4.812194e+000  -4.070714e+000  -3.157912e+000  -2.256310e+000  -1.533585e+000  -1.003449e+000  -6.321022e-001  -3.779220e-001  -2.062455e-001  -9.183190e-002  1.993534e-002  7.906962e-002  1.012022e-001  4.190541e-002  -0.000000e+000  
-6.528432e+000  -6.208128e+000  -5.550008e+000  -4.563185e+000  -3.310650e+000  -2.148323e+000  -1.302798e+000  -7.408978e-001  -3.814047e-001  -1.548331e-001  -1.356372e-002  7.266785e-002  1.476540e-001  1.721154e-001  1.513231e-001  5.557115e-002  -0.000000e+000  
-7.673253e+000  -7.306931e+000  -6.504144e+000  -5.186481e+000  -3.383700e+000  -1.876041e+000  -9.244763e-001  -3.729263e-001  -6.140173e-002  1.127966e-001  2.079179e-001  2.561897e-001  2.853608e-001  2.700203e-001  2.025266e-001  6.925464e-002  -0.000000e+000  
-9.058843e+000  -8.692987e+000  -7.797584e+000  -6.064324e+000  -3.252989e+000  -1.314012e+000  -3.374276e-001  1.204201e-001  3.304407e-001  4.218996e-001  4.540713e-001  4.549826e-001  4.303687e-001  3.710941e-001  2.541122e-001  8.280214e-002  -0.000000e+000  
-1.027858e+001  -9.986061e+000  -9.157416e+000  -7.143677e+000  -2.791581e+000  -5.462826e-001  2.935081e-001  5.845416e-001  6.715953e-001  6.790273e-001  6.532685e-001  6.131029e-001  5.436337e-001  4.490446e-001  2.932399e-001  9.294601e-002  -0.000000e+000  
-1.160992e+001  -1.148474e+001  -1.097333e+001  -9.028357e+000  -1.612444e+000  6.501939e-001  1.092052e+000  1.111163e+000  1.037331e+000  9.465679e-001  8.571347e-001  7.733546e-001  6.572749e-001  5.266724e-001  3.317781e-001  1.028418e-001  -0.000000e+000  
-1.298814e+001  -1.313103e+001  -1.334094e+001  -1.285719e+001  1.269681e+000  2.402660e+000  2.020077e+000  1.666614e+000  1.408666e+000  1.214097e+000  1.059632e+000  9.319768e-001  7.693454e-001  6.029447e-001  3.693566e-001  1.124146e-001  -0.000000e+000  
-1.430964e+001  -1.474986e+001  -1.597454e+001  -1.946583e+001  1.043814e+001  4.618692e+000  2.940054e+000  2.193608e+000  1.761243e+000  1.469890e+000  1.254389e+000  1.085117e+000  8.778875e-001  6.768277e-001  4.056055e-001  1.215901e-001  -0.000000e+000  
-1.578891e+001  -1.641804e+001  -1.810651e+001  -2.237901e+001  9.760325e+000  5.611834e+000  3.719692e+000  2.743015e+000  2.161214e+000  1.772518e+000  1.490260e+000  1.273085e+000  1.012697e+000  7.690127e-001  4.507860e-001  1.329624e-001  -0.000000e+000  
-1.684345e+001  -1.737322e+001  -1.850390e+001  -2.008609e+001  7.149219e+000  5.413420e+000  4.016924e+000  3.085166e+000  2.460423e+000  2.020026e+000  1.692721e+000  1.438879e+000  1.134528e+000  8.532577e-001  4.922464e-001  1.433591e-001  -0.000000e+000  
-1.787734e+001  -1.806509e+001  -1.837963e+001  -1.866667e+001  4.934103e+000  4.488953e+000  3.881321e+000  3.288107e+000  2.771130e+000  2.339645e+000  1.984531e+000  1.692610e+000  1.331160e+000  9.927671e-001  5.618813e-001  1.607831e-001  -0.000000e+000  
-1.822548e+001  -1.826338e+001  -1.832036e+001  -1.836412e+001  3.881974e+000  3.733025e+000  3.469339e+000  3.145079e+000  2.802437e+000  2.468580e+000  2.158530e+000  1.879005e+000  1.507884e+000  1.133340e+000  6.384551e-001  1.802612e-001  -0.000000e+000  
-1.787734e+001  -1.806509e+001  -1.837963e+001  -1.866667e+001  4.934103e+000  4.488953e+000  3.881321e+000  3.288107e+000  2.771130e+000  2.339645e+000  1.984531e+000  1.692610e+000  1.331160e+000  9.927671e-001  5.618813e-001  1.607831e-001  -0.000000e+000  
-1.684345e+001  -1.737322e+001  -1.850390e+001  -2.008609e+001  7.149219e+000  5.413420e+000  4.016924e+000  3.085166e+000  2.460423e+000  2.020026e+000  1.692721e+000  1.438879e+000  1.134528e+000  8.532577e-001  4.922464e-001  1.433591e-001  -0.000000e+000  
-1.578891e+001  -1.641804e+001  -1.810651e+001  -2.237901e+001  9.760325e+000  5.611834e+000  3.719692e+000  2.743015e+000  2.161214e+000  1.772518e+000  1.490260e+000  1.273085e+000  1.012697e+000  7.690127e-001  4.507860e-001  1.329624e-001  -0.000000e+000  
-1.430964e+001  -1.474986e+001  -1.597454e+001  -1.946583e+001  1.043814e+001  4.618692e+000  2.940054e+000  2.193608e+000  1.761243e+000  1.469890e+000  1.254389e+000  1.085117e+000  8.778875e-001  6.768277e-001  4.056055e-001  1.215901e-001  -0.000000e+000  
-1.298814e+001  -1.313103e+001  -1.334094e+001  -1.285719e+001  1.269681e+000  2.402660e+000  2.020077e+000  1.666614e+000  1.408666e+000  1.214097e+000  1.059632e+000  9.319768e-001  7.693454e-001  6.029447e-001  3.693566e-001  1.124146e-001  -0.000000e+000  
-1.160992e+001  -1.148474e+001  -1.097333e+001  -9.028357e+000  -1.612444e+000  6.501939e-001  1.092052e+000  1.111163e+000  1.037331e+000  9.465679e-001  8.571347e-001  7.733546e-001  6.572749e-001  5.266724e-001  3.317781e-001  1.028418e-001  -0.000000e+000  
-1.027858e+001  -9.986061e+000  -9.157416e+000  -7.143677e+000  -2.791581e+000  -5.462826e-001  2.935081e-001  5.845416e-001  6.715953e-001  6.790273e-001  6.532685e-001  6.131029e-001  5.436337e-001  4.490446e-001  2.932399e-001  9.294601e-002  -0.000000e+000  
-9.058843e+000  -8.692987e+000  -7.797584e+000  -6.064324e+000  -3.252989e+000  -1.314012e+000  -3.374276e-001  1.204201e-001  3.304407e-001  4.218996e-001  4.540713e-001  4.549826e-001  4.303687e-001  3.710941e-001  2.541122e-001  8.280214e-002  -0.000000e+000  
-7.673253e+000  -7.306931e+000  -6.504144e+000  -5.186481e+000  -3.383700e+000  -1.876041e+000  -9.244763e-001  -3.729263e-001  -6.140173e-002  1.127966e-001  2.079179e-001  2.561897e-001  2.853608e-001  2.700203e-001  2.025266e-001  6.925464e-002  -0.000000e+000  
-6.528432e+000  -6.208128e+000  -5.550008e+000  -4.563185e+000  -3.310650e+000  -2.148323e+000  -1.302798e+000  -7.408978e-001  -3.814047e-001  -1.548331e-001  -1.356371e-002  7.266784e-002  1.476540e-001  1.721154e-001  1.513231e-001  5.557115e-002  -0.000000e+000  
-5.594171e+000  -5.331540e+000  -4.812194e+000  -4.070714e+000  -3.157912e+000  -2.256310e+000  -1.533585e+000  -1.003449e+000  -6.321022e-001  -3.779220e-001  -2.062455e-001  -9.183190e-002  1.993534e-002  7.906962e-002  1.012022e-001  4.190541e-002  -0.000000e+000  
-4.832507e+000  -4.623691e+000  -4.220346e+000  -3.659792e+000  -2.977080e+000  -2.272273e+000  -1.664658e+000  -1.183598e+000  -8.219204e-001  -5.580943e-001  -3.691003e-001  -2.355105e-001  -9.600602e-002  -7.815412e-003  5.277269e-002  2.839943e-002  -0.000000e+000  
-3.551035e+000  -3.433938e+000  -3.210188e+000  -2.900982e+000  -2.520409e+000  -2.105023e+000  -1.711678e+000  -1.364452e+000  -1.072419e+000  -8.347375e-001  -6.455545e-001  -4.973128e-001  -3.251648e-001  -1.899214e-001  -5.601040e-002  -3.298955e-003  -0.000000e+000  
-2.724946e+000  -2.658706e+000  -2.531599e+000  -2.353833e+000  -2.131176e+000  -1.878222e+000  -1.622683e+000  -1.379635e+000  -1.158618e+000  -9.642585e-001  -7.975606e-001  -6.572287e-001  -4.824758e-001  -3.264778e-001  -1.471260e-001  -3.183859e-002  -0.000000e+000  
-1.840533e+000  -1.812935e+000  -1.759299e+000  -1.682578e+000  -1.584887e+000  -1.470160e+000  -1.346716e+000  -1.220373e+000  -1.095887e+000  -9.767854e-001  -8.654109e-001  -7.630903e-001  -6.239821e-001  -4.764915e-001  -2.729628e-001  -7.713911e-002  -0.000000e+000  
-1.378192e+000  -1.364568e+000  -1.337814e+000  -1.298876e+000  -1.249206e+000  -1.190239e+000  -1.124145e+000  -1.053219e+000  -9.795955e-001  -9.051371e-001  -8.313800e-001  -7.595173e-001  -6.558638e-001  -5.321416e-001  -3.402450e-001  -1.065524e-001  -0.000000e+000  
-1.113846e+000  -1.105956e+000  -1.090352e+000  -1.067372e+000  -1.038331e+000  -1.004031e+000  -9.645283e-001  -9.207632e-001  -8.736857e-001  -8.242098e-001  -7.731799e-001  -7.213472e-001  -6.433603e-001  -5.419330e-001  -3.710928e-001  -1.241526e-001  -0.000000e+000  
-1.052545e+000  -1.045797e+000  -1.032423e+000  -1.012660e+000  -9.878013e-001  -9.585553e-001  -9.246017e-001  -8.866282e-001  -8.453490e-001  -8.014749e-001  -7.556869e-001  -7.086158e-001  -6.369332e-001  -5.414313e-001  -3.769348e-001  -1.281457e-001  -0.000000e+000  

0.000000e+000  0.000000e+000  0.000000e+000  0.000000e+000  0.000000e+000  0.000000e+000  0.000000e+000  0.000000e+000  0.000000e+000  0.000000e+000  0.000000e+000  0.000000e+000  0.000000e+000  0.000000e+000  0.000000e+000  0.000000e+000  0.000000e+000  
0.000000e+000  0.000000e+000  0.000000e+000  0.000000e+000  0.000000e+000  0.000000e+000  0.000000e+000  0.000000e+000  0.000000e+000  0.000000e+000  0.000000e+000  0.000000e+000  0.000000e+000  0.000000e+000  0.000000e+000  0.000000e+000  0.000000e+000  
0.000000e+000  0.000000e+000  0.000000e+000  0.000000e+000  0.000000e+000  0.000000e+000  0.000000e+000  0.000000e+000  0.000000e+000  0.000000e+000  0.000000e+000  0.000000e+000  0.000000e+000  0.000000e+000  0.000000e+000  0.000000e+000  0.000000e+000  
0.000000e+000  0.000000e+000  0.000000e+000  0.000000e+000  0.000000e+000  0.000000e+000  0.000000e+000  0.000000e+000  0.000000e+000  0.000000e+000  0.000000e+000  0.000000e+000  0.000000e+000  0.000000e+000  0.000000e+000  0.000000e+000  0.000000e+000  
0.000000e+000  0.000000e+000  0.000000e+000  0.000000e+000  0.000000e+000  0.000000e+000  0.000000e+000  0.000000e+000  0.000000e+000  0.000000e+000  0.000000e+000  0.000000e+000  0.000000e+000  0.000000e+000  0.000000e+000  0.000000e+000  0.000000e+000  
0.000000e+000  0.000000e+000  0.000000e+000  0.000000e+000  0.000000e+000  0.000000e+000  0.000000e+000  0.000000e+000  0.000000e+000  0.000000e+000  0.000000e+000  0.000000e+000  0.000000e+000  0.000000e+000  0.000000e+000  0.000000e+000  0.000000e+000  
0.000000e+000  0.000000e+000  0.000000e+000  0.000000e+000  0.000000e+000  0.000000e+000  0.000000e+000  0.000000e+000  0.000000e+000  0.000000e+000  0.000000e+000  0.000000e+000  0.000000e+000  0.000000e+000  0.000000e+000  0.000000e+000  0.000000e+000  
0.000000e+000  0.000000e+000  0.000000e+000  0.000000e+000  0.000000e+000  0.000000e+000  0.000000e+000  0.000000e+000  0.000000e+000  0.000000e+000  0.000000e+000  0.000000e+000  0.000000e+000  0.000000e+000  0.000000e+000  0.000000e+000  0.000000e+000  
0.000000e+000  0.000000e+000  0.000000e+000  0.000000e+000  0.000000e+000  0.000000e+000  0.000000e+000  0.000000e+000  0.000000e+000  0.000000e+000  0.000000e+000  0.000000e+000  0.000000e+000  0.000000e+000  0.000000e+000  0.000000e+000  0.000000e+000  
0.000000e+000  0.000000e+000  0.000000e+000  0.000000e+000  0.000000e+000  0.000000e+000  0.000000e+000  0.000000e+000  0.000000e+000  0.000000e+000  0.000000e+000  0.000000e+000  0.000000e+000  0.000000e+000  0.000000e+000  0.000000e+000  0.000000e+000  
0.000000e+000  0.000000e+000  0.000000e+000  0.000000e+000  0.000000e+000  0.000000e+000  0.000000e+000  0.000000e+000  0.000000e+000  0.000000e+000  0.000000e+000  0.000000e+000  0.000000e+000  0.000000e+000  0.000000e+000  0.000000e+000  0.000000e+000  
0.000000e+000  0.000000e+000  0.000000e+000  0.000000e+000  0.000000e+000  0.000000e+000  0.000000e+000  0.000000e+000  0.000000e+000  0.000000e+000  0.000000e+000  0.000000e+000  0.000000e+000  0.000000e+000  0.000000e+000  0.000000e+000  0.000000e+000  
0.000000e+000  0.000000e+000  0.000000e+000  0.000000e+000  0.000000e+000  0.000000e+000  0.000000e+000  0.000000e+000  0.000000e+000  0.000000e+000  0.000000e+000  0.000000e+000  0.000000e+000  0.000000e+000  0.000000e+000  0.000000e+000  0.000000e+000  
0.000000e+000  0.000000e+000  0.000000e+000  0.000000e+000  0.000000e+000  0.000000e+000  0.000000e+000  0.000000e+000  0.000000e+000  0.000000e+000  0.000000e+000  0.000000e+000  0.000000e+000  0.000000e+000  0.000000e+000  0.000000e+000  0.000000e+000  
0.000000e+000  0.000000e+000  0.000000e+000  0.000000e+000  0.000000e+000  0.000000e+000  0.000000e+000  0.000000e+000  0.000000e+000  0.000000e+000  0.000000e+000  0.000000e+000  0.000000e+000  0.000000e+000  0.000000e+000  0.000000e+000  0.000000e+000  
0.000000e+000  0.000000e+000  0.000000e+000  0.000000e+000  0.000000e+000  0.000000e+000  0.000000e+000  0.000000e+000  0.000000e+000  0.000000e+000  0.000000e+000  0.000000e+000  0.000000e+000  0.000000e+000  0.000000e+000  0.000000e+000  0.000000e+000  
0.000000e+000  0.000000e+000  0.000000e+000  0.000000e+000  0.000000e+000  0.000000e+000  0.000000e+000  0.000000e+000  0.000000e+000  0.000000e+000  0.000000e+000  0.000000e+000  0.000000e+000  0.000000e+000  0.000000e+000  0.000000e+000  0.000000e+000  
0.000000e+000  0.000000e+000  0.000000e+000  0.000000e+000  0.000000e+000  0.000000e+000  0.000000e+000  0.000000e+000  0.000000e+000  0.000000e+000  0.000000e+000  0.000000e+000  0.000000e+000  0.000000e+000  0.000000e+000  0.000000e+000  0.000000e+000  
0.000000e+000  0.000000e+000  0.000000e+000  0.000000e+000  0.000000e+000  0.000000e+000  0.000000e+000  0.000000e+000  0.000000e+000  0.000000e+000  0.000000e+000  0.000000e+000  0.000000e+000  0.000000e+000  0.000000e+000  0.000000e+000  0.000000e+000  
0.000000e+000  0.000000e+000  0.000000e+000  0.000000e+000  0.000000e+000  0.000000e+000  0.000000e+000  0.000000e+000  0.000000e+000  0.000000e+000  0.000000e+000  0.000000e+000  0.000000e+000  0.000000e+000  0.000000e+000  0.000000e+000  0.000000e+000  
0.000000e+000  0.000000e+000  0.000000e+000  0.000000e+000  0.000000e+000  0.000000e+000  0.000000e+000  0.000000e+000  0.000000e+000  0.000000e+000  0.000000e+000  0.000000e+000  0.000000e+000  0.000000e+000  0.000000e+000  0.000000e+000  0.000000e+000  
0.000000e+000  0.000000e+000  0.000000e+000  0.000000e+000  0.000000e+000  0.000000e+000  0.000000e+000  0.000000e+000  0.000000e+000  0.000000e+000  0.000000e+000  0.000000e+000  0.000000e+000  0.000000e+000  0.000000e+000  0.000000e+000  0.000000e+000  
0.000000e+000  0.000000e+000  0.000000e+000  0.000000e+000  0.000000e+000  0.000000e+000  0.000000e+000  0.000000e+000  0.000000e+000  0.000000e+000  0.000000e+000  0.000000e+000  0.000000e+000  0.000000e+000  0.000000e+000  0.000000e+000  0.000000e+000  
0.000000e+000  0.000000e+000  0.000000e+000  0.000000e+000  0.000000e+000  0.000000e+000  0.000000e+000  0.000000e+000  0.000000e+000  0.000000e+000  0.000000e+000  0.000000e+000  0.000000e+000  0.000000e+000  0.000000e+000  0.000000e+000  0.000000e+000  
0.000000e+000  0.000000e+000  0.000000e+000  0.000000e+000  0.000000e+000  0.000000e+000  0.000000e+000  0.000000e+000  0.000000e+000  0.000000e+000  0.000000e+000  0.000000e+000  0.000000e+000  0.000000e+000  0.000000e+000  0.000000e+000  0.000000e+000  
0.000000e+000  0.000000e+000  0.000000e+000  0.000000e+000  0.000000e+000  0.000000e+000  0.000000e+000  0.000000e+000  0.000000e+000  0.000000e+000  0.000000e+000  0.000000e+000  0.000000e+000  0.000000e+000  0.000000e+000  0.000000e+000  0.000000e+000  
0.000000e+000  0.000000e+000  0.000000e+000  0.000000e+000  0.000000e+000  0.000000e+000  0.000000e+000  0.000000e+000  0.000000e+000  0.000000e+000  0.000000e+000  0.000000e+000  0.000000e+000  0.000000e+000  0.000000e+000  0.000000e+000  0.000000e+000  
0.000000e+000  0.000000e+000  0.000000e+000  0.000000e+000  0.000000e+000  0.000000e+000  0.000000e+000  0.000000e+000  0.000000e+000  0.000000e+000  0.000000e+000  0.000000e+000  0.000000e+000  0.000000e+000  0.000000e+000  0.000000e+000  0.000000e+000  
0.000000e+000  0.000000e+000  0.000000e+000  0.000000e+000  0.000000e+000  0.000000e+000  0.000000e+000  0.000000e+000  0.000000e+000  0.000000e+000  0.000000e+000  0.000000e+000  0.000000e+000  0.000000e+000  0.000000e+000  0.000000e+000  0.000000e+000  
0.000000e+000  0.000000e+000  0.000000e+000  0.000000e+000  0.000000e+000  0.000000e+000  0.000000e+000  0.000000e+000  0.000000e+000  0.000000e+000  0.000000e+000  0.000000e+000  0.000000e+000  0.000000e+000  0.000000e+000  0.000000e+000  0.000000e+000  
0.000000e+000  0.000000e+000  0.000000e+000  0.000000e+000  0.000000e+000  0.000000e+000  0.000000e+000  0.000000e+000  0.000000e+000  0.000000e+000  0.000000e+000  0.000000e+000  0.000000e+000  0.000000e+000  0.000000e+000  0.000000e+000  0.000000e+000  
0.000000e+000  0.000000e+000  0.000000e+000  0.000000e+000  0.000000e+000  0.000000e+000  0.000000e+000  0.000000e+000  0.000000e+000  0.000000e+000  0.000000e+000  0.000000e+000  0.000000e+000  0.000000e+000  0.000000e+000  0.000000e+000  0.000000e+000  
0.000000e+000  0.000000e+000  0.000000e+000  0.000000e+000  0.000000e+000  0.000000e+000  0.000000e+000  0.000000e+000  0.000000e+000  0.000000e+000  0.000000e+000  0.000000e+000  0.000000e+000  0.000000e+000  0.000000e+000  0.000000e+000  0.000000e+000  
0.000000e+000  0.000000e+000  0.000000e+000  0.000000e+000  0.000000e+000  0.000000e+000  0.000000e+000  0.000000e+000  0.000000e+000  0.000000e+000  0.000000e+000  0.000000e+000  0.000000e+000  0.000000e+000  0.000000e+000  0.000000e+000  0.000000e+000  
0.000000e+000  0.000000e+000  0.000000e+000  0.000000e+000  0.000000e+000  0.000000e+000  0.000000e+000  0.000000e+000  0.000000e+000  0.000000e+000  0.000000e+000  0.000000e+000  0.000000e+000  0.000000e+000  0.000000e+000  0.000000e+000  0.000000e+000  
0.000000e+000  0.000000e+000  0.000000e+000  0.000000e+000  0.000000e+000  0.000000e+000  0.000000e+000  0.000000e+000  0.000000e+000  0.000000e+000  0.000000e+000  0.000000e+000  0.000000e+000  0.000000e+000  0.000000e+000  0.000000e+000  0.000000e+000  
0.000000e+000  0.000000e+000  0.000000e+000  0.000000e+000  0.000000e+000  0.000000e+000  0.000000e+000  0.000000e+000  0.000000e+000  0.000000e+000  0.000000e+000  0.000000e+000  0.000000e+000  0.000000e+000  0.000000e+000  0.000000e+000  0.000000e+000  

0.000000e+000  0.000000e+000  0.000000e+000  0.000000e+000  0.000000e+000  0.000000e+000  0.000000e+000  0.000000e+000  0.000000e+000  0.000000e+000  0.000000e+000  0.000000e+000  0.000000e+000  0.000000e+000  0.000000e+000  0.000000e+000  0.000000e+000  
0.000000e+000  0.000000e+000  0.000000e+000  0.000000e+000  0.000000e+000  0.000000e+000  0.000000e+000  0.000000e+000  0.000000e+000  0.000000e+000  0.000000e+000  0.000000e+000  0.000000e+000  0.000000e+000  0.000000e+000  0.000000e+000  0.000000e+000  
0.000000e+000  0.000000e+000  0.000000e+000  0.000000e+000  0.000000e+000  0.000000e+000  0.000000e+000  0.000000e+000  0.000000e+000  0.000000e+000  0.000000e+000  0.000000e+000  0.000000e+000  0.000000e+000  0.000000e+000  0.000000e+000  0.000000e+000  
0.000000e+000  0.000000e+000  0.000000e+000  0.000000e+000  0.000000e+000  0.000000e+000  0.000000e+000  0.000000e+000  0.000000e+000  0.000000e+000  0.000000e+000  0.000000e+000  0.000000e+000  0.000000e+000  0.000000e+000  0.000000e+000  0.000000e+000  
0.000000e+000  0.000000e+000  0.000000e+000  0.000000e+000  0.000000e+000  0.000000e+000  0.000000e+000  0.000000e+000  0.000000e+000  0.000000e+000  0.000000e+000  0.000000e+000  0.000000e+000  0.000000e+000  0.000000e+000  0.000000e+000  0.000000e+000  
0.000000e+000  0.000000e+000  0.000000e+000  0.000000e+000  0.000000e+000  0.000000e+000  0.000000e+000  0.000000e+000  0.000000e+000  0.000000e+000  0.000000e+000  0.000000e+000  0.000000e+000  0.000000e+000  0.000000e+000  0.000000e+000  0.000000e+000  
0.000000e+000  0.000000e+000  0.000000e+000  0.000000e+000  0.000000e+000  0.000000e+000  0.000000e+000  0.000000e+000  0.000000e+000  0.000000e+000  0.000000e+000  0.000000e+000  0.000000e+000  0.000000e+000  0.000000e+000  0.000000e+000  0.000000e+000  
0.000000e+000  0.000000e+000  0.000000e+000  0.000000e+000  0.000000e+000  0.000000e+000  0.000000e+000  0.000000e+000  0.000000e+000  0.000000e+000  0.000000e+000  0.000000e+000  0.000000e+000  0.000000e+000  0.000000e+000  0.000000e+000  0.000000e+000  
0.000000e+000  0.000000e+000  0.000000e+000  0.000000e+000  0.000000e+000  0.000000e+000  0.000000e+000  0.000000e+000  0.000000e+000  0.000000e+000  0.000000e+000  0.000000e+000  0.000000e+000  0.000000e+000  0.000000e+000  0.000000e+000  0.000000e+000  
0.000000e+000  0.000000e+000  0.000000e+000  0.000000e+000  0.000000e+000  0.000000e+000  0.000000e+000  0.000000e+000  0.000000e+000  0.000000e+000  0.000000e+000  0.000000e+000  0.000000e+000  0.000000e+000  0.000000e+000  0.000000e+000  0.000000e+000  
0.000000e+000  0.000000e+000  0.000000e+000  0.000000e+000  0.000000e+000  0.000000e+000  0.000000e+000  0.000000e+000  0.000000e+000  0.000000e+000  0.000000e+000  0.000000e+000  0.000000e+000  0.000000e+000  0.000000e+000  0.000000e+000  0.000000e+000  
0.000000e+000  0.000000e+000  0.000000e+000  0.000000e+000  0.000000e+000  0.000000e+000  0.000000e+000  0.000000e+000  0.000000e+000  0.000000e+000  0.000000e+000  0.000000e+000  0.000000e+000  0.000000e+000  0.000000e+000  0.000000e+000  0.000000e+000  
0.000000e+000  0.000000e+000  0.000000e+000  0.000000e+000  0.000000e+000  0.000000e+000  0.000000e+000  0.000000e+000  0.000000e+000  0.000000e+000  0.000000e+000  0.000000e+000  0.000000e+000  0.000000e+000  0.000000e+000  0.000000e+000  0.000000e+000  
0.000000e+000  0.000000e+000  0.000000e+000  0.000000e+000  0.000000e+000  0.000000e+000  0.000000e+000  0.000000e+000  0.000000e+000  0.000000e+000  0.000000e+000  0.000000e+000  0.000000e+000  0.000000e+000  0.000000e+000  0.000000e+000  0.000000e+000  
0.000000e+000  0.000000e+000  0.000000e+000  0.000000e+000  0.000000e+000  0.000000e+000  0.000000e+000  0.000000e+000  0.000000e+000  0.000000e+000  0.000000e+000  0.000000e+000  0.000000e+000  0.000000e+000  0.000000e+000  0.000000e+000  0.000000e+000  
0.000000e+000  0.000000e+000  0.000000e+000  0.000000e+000  0.000000e+000  0.000000e+000  0.000000e+000  0.000000e+000  0.000000e+000  0.000000e+000  0.000000e+000  0.000000e+000  0.000000e+000  0.000000e+000  0.000000e+000  0.000000e+000  0.000000e+000  
0.000000e+000  0.000000e+000  0.000000e+000  0.000000e+000  0.000000e+000  0.000000e+000  0.000000e+000  0.000000e+000  0.000000e+000  0.000000e+000  0.000000e+000  0.000000e+000  0.000000e+000  0.000000e+000  0.000000e+000  0.000000e+000  0.000000e+000  
0.000000e+000  0.000000e+000  0.000000e+000  0.000000e+000  0.000000e+000  0.000000e+000  0.000000e+000  0.000000e+000  0.000000e+000  0.000000e+000  0.000000e+000  0.000000e+000  0.000000e+000  0.000000e+000  0.000000e+000  0.000000e+000  0.000000e+000  
0.000000e+000  0.000000e+000  0.000000e+000  0.000000e+000  0.000000e+000  0.000000e+000  0.000000e+000  0.000000e+000  0.000000e+000  0.000000e+000  0.000000e+000  0.000000e+000  0.000000e+000  0.000000e+000  0.000000e+000  0.000000e+000  0.000000e+000  
0.000000e+000  0.000000e+000  0.000000e+000  0.000000e+000  0.000000e+000  0.000000e+000  0.000000e+000  0.000000e+000  0.000000e+000  0.000000e+000  0.000000e+000  0.000000e+000  0.000000e+000  0.000000e+000  0.000000e+000  0.000000e+000  0.000000e+000  
0.000000e+000  0.000000e+000  0.000000e+000  0.000000e+000  0.000000e+000  0.000000e+000  0.000000e+000  0.000000e+000  0.000000e+000  0.000000e+000  0.000000e+000  0.000000e+000  0.000000e+000  0.000000e+000  0.000000e+000  0.000000e+000  0.000000e+000  
0.000000e+000  0.000000e+000  0.000000e+000  0.000000e+000  0.000000e+000  0.000000e+000  0.000000e+000  0.000000e+000  0.000000e+000  0.000000e+000  0.000000e+000  0.000000e+000  0.000000e+000  0.000000e+000  0.000000e+000  0.000000e+000  0.000000e+000  
0.000000e+000  0.000000e+000  0.000000e+000  0.000000e+000  0.000000e+000  0.000000e+000  0.000000e+000  0.000000e+000  0.000000e+000  0.000000e+000  0.000000e+000  0.000000e+000  0.000000e+000  0.000000e+000  0.000000e+000  0.000000e+000  0.000000e+000  
0.000000e+000  0.000000e+000  0.000000e+000  0.000000e+000  0.000000e+000  0.000000e+000  0.000000e+000  0.000000e+000  0.000000e+000  0.000000e+000  0.000000e+000  0.000000e+000  0.000000e+000  0.000000e+000  0.000000e+000  0.000000e+000  0.000000e+000  
0.000000e+000  0.000000e+000  0.000000e+000  0.000000e+000  0.000000e+000  0.000000e+000  0.000000e+000  0.000000e+000  0.000000e+000  0.000000e+000  0.000000e+000  0.000000e+000  0.000000e+000  0.000000e+000  0.000000e+000  0.000000e+000  0.000000e+000  
0.000000e+000  0.000000e+000  0.000000e+000  0.000000e+000  0.000000e+000  0.000000e+000  0.000000e+000  0.000000e+000  0.000000e+000  0.000000e+000  0.000000e+000  0.000000e+000  0.000000e+000  0.000000e+000  0.000000e+000  0.000000e+000  0.000000e+000  
0.000000e+000  0.000000e+000  0.000000e+000  0.000000e+000  0.000000e+000  0.000000e+000  0.000000e+000  0.000000e+000  0.000000e+000  0.000000e+000  0.000000e+000  0.000000e+000  0.000000e+000  0.000000e+000  0.000000e+000  0.000000e+000  0.000000e+000  
0.000000e+000  0.000000e+000  0.000000e+000  0.000000e+000  0.000000e+000  0.000000e+000  0.000000e+000  0.000000e+000  0.000000e+000  0.000000e+000  0.000000e+000  0.000000e+000  0.000000e+000  0.000000e+000  0.000000e+000  0.000000e+000  0.000000e+000  
0.000000e+000  0.000000e+000  0.000000e+000  0.000000e+000  0.000000e+000  0.000000e+000  0.000000e+000  0.000000e+000  0.000000e+000  0.000000e+000  0.000000e+000  0.000000e+000  0.000000e+000  0.000000e+000  0.000000e+000  0.000000e+000  0.000000e+000  
0.000000e+000  0.000000e+000  0.000000e+000  0.000000e+000  0.000000e+000  0.000000e+000  0.000000e+000  0.000000e+000  0.000000e+000  0.000000e+000  0.000000e+000  0.000000e+000  0.000000e+000  0.000000e+000  0.000000e+000  0.000000e+000  0.000000e+000  
0.000000e+000  0.000000e+000  0.000000e+000  0.000000e+000  0.000000e+000  0.000000e+000  0.000000e+000  0.000000e+000  0.000000e+000  0.000000e+000  0.000000e+000  0.000000e+000  0.000000e+000  0.000000e+000  0.000000e+000  0.000000e+000  0.000000e+000  
0.000000e+000  0.000000e+000  0.000000e+000  0.000000e+000  0.000000e+000  0.000000e+000  0.000000e+000  0.000000e+000  0.000000e+000  0.000000e+000  0.000000e+000  0.000000e+000  0.000000e+000  0.000000e+000  0.000000e+000  0.000000e+000  0.000000e+000  
0.000000e+000  0.000000e+000  0.000000e+000  0.000000e+000  0.000000e+000  0.000000e+000  0.000000e+000  0.000000e+000  0.000000e+000  0.000000e+000  0.000000e+000  0.000000e+000  0.000000e+000  0.000000e+000  0.000000e+000  0.000000e+000  0.000000e+000  
0.000000e+000  0.000000e+000  0.000000e+000  0.000000e+000  0.000000e+000  0.000000e+000  0.000000e+000  0.000000e+000  0.000000e+000  0.000000e+000  0.000000e+000  0.000000e+000  0.000000e+000  0.000000e+000  0.000000e+000  0.000000e+000  0.000000e+000  
0.000000e+000  0.000000e+000  0.000000e+000  0.000000e+000  0.000000e+000  0.000000e+000  0.000000e+000  0.000000e+000  0.000000e+000  0.000000e+000  0.000000e+000  0.000000e+000  0.000000e+000  0.000000e+000  0.000000e+000  0.000000e+000  0.000000e+000  
0.000000e+000  0.000000e+000  0.000000e+000  0.000000e+000  0.000000e+000  0.000000e+000  0.000000e+000  0.000000e+000  0.000000e+000  0.000000e+000  0.000000e+000  0.000000e+000  0.000000e+000  0.000000e+000  0.000000e+000  0.000000e+000  0.000000e+000  
0.000000e+000  0.000000e+000  0.000000e+000  0.000000e+000  0.000000e+000  0.000000e+000  0.000000e+000  0.000000e+000  0.000000e+000  0.000000e+000  0.000000e+000  0.000000e+000  0.000000e+000  0.000000e+000  0.000000e+000  0.000000e+000  0.000000e+000  

0.000000e+000  0.000000e+000  0.000000e+000  0.000000e+000  0.000000e+000  0.000000e+000  0.000000e+000  0.000000e+000  0.000000e+000  0.000000e+000  0.000000e+000  0.000000e+000  0.000000e+000  0.000000e+000  0.000000e+000  0.000000e+000  0.000000e+000  
0.000000e+000  0.000000e+000  0.000000e+000  0.000000e+000  0.000000e+000  0.000000e+000  0.000000e+000  0.000000e+000  0.000000e+000  0.000000e+000  0.000000e+000  0.000000e+000  0.000000e+000  0.000000e+000  0.000000e+000  0.000000e+000  0.000000e+000  
0.000000e+000  0.000000e+000  0.000000e+000  0.000000e+000  0.000000e+000  0.000000e+000  0.000000e+000  0.000000e+000  0.000000e+000  0.000000e+000  0.000000e+000  0.000000e+000  0.000000e+000  0.000000e+000  0.000000e+000  0.000000e+000  0.000000e+000  
0.000000e+000  0.000000e+000  0.000000e+000  0.000000e+000  0.000000e+000  0.000000e+000  0.000000e+000  0.000000e+000  0.000000e+000  0.000000e+000  0.000000e+000  0.000000e+000  0.000000e+000  0.000000e+000  0.000000e+000  0.000000e+000  0.000000e+000  
0.000000e+000  0.000000e+000  0.000000e+000  0.000000e+000  0.000000e+000  0.000000e+000  0.000000e+000  0.000000e+000  0.000000e+000  0.000000e+000  0.000000e+000  0.000000e+000  0.000000e+000  0.000000e+000  0.000000e+000  0.000000e+000  0.000000e+000  
0.000000e+000  0.000000e+000  0.000000e+000  0.000000e+000  0.000000e+000  0.000000e+000  0.000000e+000  0.000000e+000  0.000000e+000  0.000000e+000  0.000000e+000  0.000000e+000  0.000000e+000  0.000000e+000  0.000000e+000  0.000000e+000  0.000000e+000  
0.000000e+000  0.000000e+000  0.000000e+000  0.000000e+000  0.000000e+000  0.000000e+000  0.000000e+000  0.000000e+000  0.000000e+000  0.000000e+000  0.000000e+000  0.000000e+000  0.000000e+000  0.000000e+000  0.000000e+000  0.000000e+000  0.000000e+000  
0.000000e+000  0.000000e+000  0.000000e+000  0.000000e+000  0.000000e+000  0.000000e+000  0.000000e+000  0.000000e+000  0.000000e+000  0.000000e+000  0.000000e+000  0.000000e+000  0.000000e+000  0.000000e+000  0.000000e+000  0.000000e+000  0.000000e+000  
0.000000e+000  0.000000e+000  0.000000e+000  0.000000e+000  0.000000e+000  0.000000e+000  0.000000e+000  0.000000e+000  0.000000e+000  0.000000e+000  0.000000e+000  0.000000e+000  0.000000e+000  0.000000e+000  0.000000e+000  0.000000e+000  0.000000e+000  
0.000000e+000  0.000000e+000  0.000000e+000  0.000000e+000  0.000000e+000  0.000000e+000  0.000000e+000  0.000000e+000  0.000000e+000  0.000000e+000  0.000000e+000  0.000000e+000  0.000000e+000  0.000000e+000  0.000000e+000  0.000000e+000  0.000000e+000  
0.000000e+000  0.000000e+000  0.000000e+000  0.000000e+000  0.000000e+000  0.000000e+000  0.000000e+000  0.000000e+000  0.000000e+000  0.000000e+000  0.000000e+000  0.000000e+000  0.000000e+000  0.000000e+000  0.000000e+000  0.000000e+000  0.000000e+000  
0.000000e+000  0.000000e+000  0.000000e+000  0.000000e+000  0.000000e+000  0.000000e+000  0.000000e+000  0.000000e+000  0.000000e+000  0.000000e+000  0.000000e+000  0.000000e+000  0.000000e+000  0.000000e+000  0.000000e+000  0.000000e+000  0.000000e+000  
0.000000e+000  0.000000e+000  0.000000e+000  0.000000e+000  0.000000e+000  0.000000e+000  0.000000e+000  0.000000e+000  0.000000e+000  0.000000e+000  0.000000e+000  0.000000e+000  0.000000e+000  0.000000e+000  0.000000e+000  0.000000e+000  0.000000e+000  
0.000000e+000  0.000000e+000  0.000000e+000  0.000000e+000  0.000000e+000  0.000000e+000  0.000000e+000  0.000000e+000  0.000000e+000  0.000000e+000  0.000000e+000  0.000000e+000  0.000000e+000  0.000000e+000  0.000000e+000  0.000000e+000  0.000000e+000  
0.000000e+000  0.000000e+000  0.000000e+000  0.000000e+000  0.000000e+000  0.000000e+000  0.000000e+000  0.000000e+000  0.000000e+000  0.000000e+000  0.000000e+000  0.000000e+000  0.000000e+000  0.000000e+000  0.000000e+000  0.000000e+000  0.000000e+000  
0.000000e+000  0.000000e+000  0.000000e+000  0.000000e+000  0.000000e+000  0.000000e+000  0.000000e+000  0.000000e+000  0.000000e+000  0.000000e+000  0.000000e+000  0.000000e+000  0.000000e+000  0.000000e+000  0.000000e+000  0.000000e+000  0.000000e+000  
0.000000e+000  0.000000e+000  0.000000e+000  0.000000e+000  0.000000e+000  0.000000e+000  0.000000e+000  0.000000e+000  0.000000e+000  0.000000e+000  0.000000e+000  0.000000e+000  0.000000e+000  0.000000e+000  0.000000e+000  0.000000e+000  0.000000e+000  
0.000000e+000  0.000000e+000  0.000000e+000  0.000000e+000  0.000000e+000  0.000000e+000  0.000000e+000  0.000000e+000  0.000000e+000  0.000000e+000  0.000000e+000  0.000000e+000  0.000000e+000  0.000000e+000  0.000000e+000  0.000000e+000  0.000000e+000  
0.000000e+000  0.000000e+000  0.000000e+000  0.000000e+000  0.000000e+000  0.000000e+000  0.000000e+000  0.000000e+000  0.000000e+000  0.000000e+000  0.000000e+000  0.000000e+000  0.000000e+000  0.000000e+000  0.000000e+000  0.000000e+000  0.000000e+000  
0.000000e+000  0.000000e+000  0.000000e+000  0.000000e+000  0.000000e+000  0.000000e+000  0.000000e+000  0.000000e+000  0.000000e+000  0.000000e+000  0.000000e+000  0.000000e+000  0.000000e+000  0.000000e+000  0.000000e+000  0.000000e+000  0.000000e+000  
0.000000e+000  0.000000e+000  0.000000e+000  0.000000e+000  0.000000e+000  0.000000e+000  0.000000e+000  0.000000e+000  0.000000e+000  0.000000e+000  0.000000e+000  0.000000e+000  0.000000e+000  0.000000e+000  0.000000e+000  0.000000e+000  0.000000e+000  
0.000000e+000  0.000000e+000  0.000000e+000  0.000000e+000  0.000000e+000  0.000000e+000  0.000000e+000  0.000000e+000  0.000000e+000  0.000000e+000  0.000000e+000  0.000000e+000  0.000000e+000  0.000000e+000  0.000000e+000  0.000000e+000  0.000000e+000  
0.000000e+000  0.000000e+000  0.000000e+000  0.000000e+000  0.000000e+000  0.000000e+000  0.000000e+000  0.000000e+000  0.000000e+000  0.000000e+000  0.000000e+000  0.000000e+000  0.000000e+000  0.000000e+000  0.000000e+000  0.000000e+000  0.000000e+000  
0.000000e+000  0.000000e+000  0.000000e+000  0.000000e+000  0.000000e+000  0.000000e+000  0.000000e+000  0.000000e+000  0.000000e+000  0.000000e+000  0.000000e+000  0.000000e+000  0.000000e+000  0.000000e+000  0.000000e+000  0.000000e+000  0.000000e+000  
0.000000e+000  0.000000e+000  0.000000e+000  0.000000e+000  0.000000e+000  0.000000e+000  0.000000e+000  0.000000e+000  0.000000e+000  0.000000e+000  0.000000e+000  0.000000e+000  0.000000e+000  0.000000e+000  0.000000e+000  0.000000e+000  0.000000e+000  
0.000000e+000  0.000000e+000  0.000000e+000  0.000000e+000  0.000000e+000  0.000000e+000  0.000000e+000  0.000000e+000  0.000000e+000  0.000000e+000  0.000000e+000  0.000000e+000  0.000000e+000  0.000000e+000  0.000000e+000  0.000000e+000  0.000000e+000  
0.000000e+000  0.000000e+000  0.000000e+000  0.000000e+000  0.000000e+000  0.000000e+000  0.000000e+000  0.000000e+000  0.000000e+000  0.000000e+000  0.000000e+000  0.000000e+000  0.000000e+000  0.000000e+000  0.000000e+000  0.000000e+000  0.000000e+000  
0.000000e+000  0.000000e+000  0.000000e+000  0.000000e+000  0.000000e+000  0.000000e+000  0.000000e+000  0.000000e+000  0.000000e+000  0.000000e+000  0.000000e+000  0.000000e+000  0.000000e+000  0.000000e+000  0.000000e+000  0.000000e+000  0.000000e+000  
0.000000e+000  0.000000e+000  0.000000e+000  0.000000e+000  0.000000e+000  0.000000e+000  0.000000e+000  0.000000e+000  0.000000e+000  0.000000e+000  0.000000e+000  0.000000e+000  0.000000e+000  0.000000e+000  0.000000e+000  0.000000e+000  0.000000e+000  
0.000000e+000  0.000000e+000  0.000000e+000  0.000000e+000  0.000000e+000  0.000000e+000  0.000000e+000  0.000000e+000  0.000000e+000  0.000000e+000  0.000000e+000  0.000000e+000  0.000000e+000  0.000000e+000  0.000000e+000  0.000000e+000  0.000000e+000  
0.000000e+000  0.000000e+000  0.000000e+000  0.000000e+000  0.000000e+000  0.000000e+000  0.000000e+000  0.000000e+000  0.000000e+000  0.000000e+000  0.000000e+000  0.000000e+000  0.000000e+000  0.000000e+000  0.000000e+000  0.000000e+000  0.000000e+000  
0.000000e+000  0.000000e+000  0.000000e+000  0.000000e+000  0.000000e+000  0.000000e+000  0.000000e+000  0.000000e+000  0.000000e+000  0.000000e+000  0.000000e+000  0.000000e+000  0.000000e+000  0.000000e+000  0.000000e+000  0.000000e+000  0.000000e+000  
0.000000e+000  0.000000e+000  0.000000e+000  0.000000e+000  0.000000e+000  0.000000e+000  0.000000e+000  0.000000e+000  0.000000e+000  0.000000e+000  0.000000e+000  0.000000e+000  0.000000e+000  0.000000e+000  0.000000e+000  0.000000e+000  0.000000e+000  
0.000000e+000  0.000000e+000  0.000000e+000  0.000000e+000  0.000000e+000  0.000000e+000  0.000000e+000  0.000000e+000  0.000000e+000  0.000000e+000  0.000000e+000  0.000000e+000  0.000000e+000  0.000000e+000  0.000000e+000  0.000000e+000  0.000000e+000  
0.000000e+000  0.000000e+000  0.000000e+000  0.000000e+000  0.000000e+000  0.000000e+000  0.000000e+000  0.000000e+000  0.000000e+000  0.000000e+000  0.000000e+000  0.000000e+000  0.000000e+000  0.000000e+000  0.000000e+000  0.000000e+000  0.000000e+000  
0.000000e+000  0.000000e+000  0.000000e+000  0.000000e+000  0.000000e+000  0.000000e+000  0.000000e+000  0.000000e+000  0.000000e+000  0.000000e+000  0.000000e+000  0.000000e+000  0.000000e+000  0.000000e+000  0.000000e+000  0.000000e+000  0.000000e+000  
0.000000e+000  0.000000e+000  0.000000e+000  0.000000e+000  0.000000e+000  0.000000e+000  0.000000e+000  0.000000e+000  0.000000e+000  0.000000e+000  0.000000e+000  0.000000e+000  0.000000e+000  0.000000e+000  0.000000e+000  0.000000e+000  0.000000e+000  

6.554553e-002  6.518027e-002  6.445297e-002  6.337022e-002  6.174336e-002  5.961969e-002  5.724030e-002  5.464954e-002  5.189203e-002  4.901099e-002  4.604693e-002  4.303660e-002  3.850013e-002  3.256009e-002  2.246957e-002  7.571646e-003  0.000000e+000  
2.171310e-001  2.158959e-001  2.134334e-001  2.097604e-001  2.040697e-001  1.965174e-001  1.881059e-001  1.790086e-001  1.693965e-001  1.594315e-001  1.492612e-001  1.390161e-001  1.237023e-001  1.039722e-001  7.095468e-002  2.365397e-002  0.000000e+000  
3.935391e-001  3.912730e-001  3.867283e-001  3.798864e-001  3.681679e-001  3.518494e-001  3.339579e-001  3.149488e-001  2.952484e-001  2.752363e-001  2.552357e-001  2.355094e-001  2.066364e-001  1.709377e-001  1.134197e-001  3.683796e-002  0.000000e+000  
5.819386e-001  5.790040e-001  5.729938e-001  5.636543e-001  5.436523e-001  5.133670e-001  4.809281e-001  4.473641e-001  4.135583e-001  3.802195e-001  3.478790e-001  3.169062e-001  2.728453e-001  2.212123e-001  1.419101e-001  4.478227e-002  0.000000e+000  
7.533597e-001  7.516223e-001  7.475780e-001  7.401663e-001  7.105453e-001  6.591353e-001  6.058828e-001  5.528515e-001  5.015538e-001  4.529719e-001  4.076537e-001  3.658253e-001  3.083268e-001  2.448345e-001  1.520940e-001  4.681186e-002  0.000000e+000  
8.730327e-001  8.743284e-001  8.757581e-001  8.750824e-001  8.378013e-001  7.644107e-001  6.907064e-001  6.198301e-001  5.536521e-001  4.930451e-001  4.382175e-001  3.889869e-001  3.229554e-001  2.528805e-001  1.538240e-001  4.659061e-002  0.000000e+000  
9.530784e-001  9.597289e-001  9.712195e-001  9.837665e-001  9.402802e-001  8.416269e-001  7.463967e-001  6.586252e-001  5.798438e-001  5.101181e-001  4.488201e-001  3.950706e-001  3.243966e-001  2.515417e-001  1.508693e-001  4.521744e-002  0.000000e+000  
9.950696e-001  1.006033e+000  1.025881e+000  1.049879e+000  1.002566e+000  8.853801e-001  7.754401e-001  6.769705e-001  5.907627e-001  5.160081e-001  4.513606e-001  3.954215e-001  3.226697e-001  2.488413e-001  1.480770e-001  4.411804e-002  0.000000e+000  
1.029598e+000  1.046249e+000  1.077581e+000  1.118222e+000  1.066753e+000  9.259727e-001  7.990329e-001  6.893806e-001  5.961082e-001  5.169761e-001  4.496651e-001  3.921613e-001  3.181405e-001  2.440973e-001  1.441796e-001  4.271585e-002  0.000000e+000  
1.052894e+000  1.076533e+000  1.122896e+000  1.187359e+000  1.131049e+000  9.599817e-001  8.141473e-001  6.937090e-001  5.944776e-001  5.121255e-001  4.431571e-001  3.849115e-001  3.106125e-001  2.372156e-001  1.391578e-001  4.101134e-002  0.000000e+000  
1.059451e+000  1.089780e+000  1.152087e+000  1.246011e+000  1.184026e+000  9.789283e-001  8.162654e-001  6.881740e-001  5.856229e-001  5.019932e-001  4.327479e-001  3.747393e-001  3.012080e-001  2.292116e-001  1.337343e-001  3.924504e-002  0.000000e+000  
1.053299e+000  1.088781e+000  1.165028e+000  1.290623e+000  1.221720e+000  9.827912e-001  8.078878e-001  6.758722e-001  5.724239e-001  4.890379e-001  4.204847e-001  3.633436e-001  2.912022e-001  2.209929e-001  1.283861e-001  3.754515e-002  0.000000e+000  
1.033329e+000  1.071922e+000  1.158788e+000  1.319344e+000  1.240008e+000  9.675220e-001  7.867568e-001  6.551329e-001  5.533401e-001  4.717590e-001  4.049135e-001  3.493379e-001  2.793353e-001  2.114960e-001  1.223972e-001  3.567935e-002  0.000000e+000  
9.983453e-001  1.036310e+000  1.123978e+000  1.307426e+000  1.212522e+000  9.246615e-001  7.509550e-001  6.255616e-001  5.283179e-001  4.501791e-001  3.860713e-001  3.327591e-001  2.656393e-001  2.007467e-001  1.157851e-001  3.365330e-002  0.000000e+000  
9.406917e-001  9.726755e-001  1.040661e+000  1.149299e+000  1.016941e+000  8.350659e-001  6.927423e-001  5.816398e-001  4.928195e-001  4.204267e-001  3.606047e-001  3.106784e-001  2.477211e-001  1.868879e-001  1.074274e-001  3.112773e-002  0.000000e+000  
8.535151e-001  8.760003e-001  9.184768e-001  9.675468e-001  8.076596e-001  7.128374e-001  6.105085e-001  5.203120e-001  4.441077e-001  3.802394e-001  3.266649e-001  2.815810e-001  2.244649e-001  1.691453e-001  9.694069e-002  2.800590e-002  0.000000e+000  
6.998886e-001  7.106242e-001  7.282843e-001  7.439100e-001  5.763251e-001  5.362339e-001  4.781765e-001  4.177628e-001  3.617164e-001  3.121890e-001  2.693608e-001  2.326712e-001  1.856838e-001  1.398178e-001  7.985918e-002  2.298064e-002  0.000000e+000  
2.971042e-001  2.984418e-001  3.004483e-001  3.019823e-001  2.071463e-001  1.994082e-001  1.856810e-001  1.687543e-001  1.508113e-001  1.332673e-001  1.169134e-001  1.021116e-001  8.237840e-002  6.229054e-002  3.549593e-002  1.014297e-002  0.000000e+000  
-2.971042e-001  -2.984418e-001  -3.004483e-001  -3.019823e-001  -2.071463e-001  -1.994082e-001  -1.856810e-001  -1.687543e-001  -1.508113e-001  -1.332673e-001  -1.169134e-001  -1.021116e-001  -8.237840e-002  -6.229054e-002  -3.549593e-002  -1.014297e-002  0.000000e+000  
-6.998886e-001  -7.106242e-001  -7.282843e-001  -7.439100e-001  -5.763251e-001  -5.362339e-001  -4.781765e-001  -4.177628e-001  -3.617164e-001  -3.121890e-001  -2.693608e-001  -2.326712e-001  -1.856838e-001  -1.398178e-001  -7.985918e-002  -2.298064e-002  0.000000e+000  
-8.535151e-001  -8.760003e-001  -9.184768e-001  -9.675468e-001  -8.076596e-001  -7.128374e-001  -6.105085e-001  -5.203120e-001  -4.441077e-001  -3.802394e-001  -3.266649e-001  -2.815810e-001  -2.244649e-001  -1.691453e-001  -9.694069e-002  -2.800590e-002  0.000000e+000  
-9.406917e-001  -9.726755e-001  -1.040661e+000  -1.149299e+000  -1.016941e+000  -8.350659e-001  -6.927423e-001  -5.816398e-001  -4.928195e-001  -4.204267e-001  -3.606047e-001  -3.106784e-001  -2.477211e-001  -1.868879e-001  -1.074274e-001  -3.112773e-002  0.000000e+000  
-9.983453e-001  -1.036310e+000  -1.123978e+000  -1.307426e+000  -1.212522e+000  -9.246615e-001  -7.509550e-001  -6.255616e-001  -5.283179e-001  -4.501791e-001  -3.860713e-001  -3.327591e-001  -2.656393e-001  -2.007467e-001  -1.157851e-001  -3.365330e-002  0.000000e+000  
-1.033329e+000  -1.071922e+000  -1.158788e+000  -1.319344e+000  -1.240008e+000  -9.675220e-001  -7.867568e-001  -6.551329e-001  -5.533401e-001  -4.717590e-001  -4.049135e-001  -3.493379e-001  -2.793353e-001  -2.114960e-001  -1.223972e-001  -3.567935e-002  0.000000e+000  
-1.053299e+000  -1.088781e+000  -1.165028e+000  -1.290623e+000  -1.221720e+000  -9.827912e-001  -8.078878e-001  -6.758722e-001  -5.724239e-001  -4.890379e-001  -4.204847e-001  -3.633436e-001  -2.912022e-001  -2.209929e-001  -1.283861e-001  -3.754515e-002  0.000000e+000  
-1.059451e+000  -1.089780e+000  -1.152087e+000  -1.246011e+000  -1.184026e+000  -9.789283e-001  -8.162654e-001  -6.881740e-001  -5.856229e-001  -5.019932e-001  -4.327479e-001  -3.747393e-001  -3.012080e-001  -2.292116e-001  -1.337343e-001  -3.924504e-002  0.000000e+000  
-1.052894e+000  -1.076533e+000  -1.122896e+000  -1.187359e+000  -1.131049e+000  -9.599817e-001  -8.141473e-001  -6.937090e-001  -5.944776e-001  -5.121255e-001  -4.431571e-001  -3.849115e-001  -3.106125e-001  -2.372156e-001  -1.391578e-001  -4.101134e-002  0.000000e+000  
-1.029598e+000  -1.046249e+000  -1.077581e+000  -1.118222e+000  -1.066753e+000  -9.259727e-001  -7.990329e-001  -6.893806e-001  -5.961082e-001  -5.169761e-001  -4.496651e-001  -3.921613e-001  -3.181405e-001  -2.440973e-001  -1.441796e-001  -4.271585e-002  0.000000e+000  
-9.950696e-001  -1.006033e+000  -1.025881e+000  -1.049879e+000  -1.002566e+000  -8.853801e-001  -7.754401e-001  -6.769705e-001  -5.907627e-001  -5.160081e-001  -4.513606e-001  -3.954215e-001  -3.226697e-001  -2.488413e-001  -1.480770e-001  -4.411804e-002  0.000000e+000  
-9.530784e-001  -9.597289e-001  -9.712195e-001  -9.837665e-001  -9.402802e-001  -8.416269e-001  -7.463967e-001  -6.586252e-001  -5.798438e-001  -5.101181e-001  -4.488201e-001  -3.950706e-001  -3.243966e-001  -2.515417e-001  -1.508693e-001  -4.521744e-002  0.000000e+000  
-8.730327e-001  -8.743284e-001  -8.757581e-001  -8.750824e-001  -8.378013e-001  -7.644107e-001  -6.907064e-001  -6.198301e-001  -5.536521e-001  -4.930451e-001  -4.382175e-001  -3.889869e-001  -3.229554e-001  -2.528805e-001  -1.538240e-001  -4.659061e-002  0.000000e+000  
-7.533597e-001  -7.516223e-001  -7.475780e-001  -7.401663e-001  -7.105453e-001  -6.591353e-001  -6.058828e-001  -5.528515e-001  -5.015538e-001  -4.529719e-001  -4.076537e-001  -3.658253e-001  -3.083268e-001  -2.448345e-001  -1.520940e-001  -4.681186e-002  0.000000e+000  
-5.819386e-001  -5.790040e-001  -5.729938e-001  -5.636543e-001  -5.436523e-001  -5.133670e-001  -4.809281e-001  -4.473641e-001  -4.135583e-001  -3.802195e-001  -3.478790e-001  -3.169062e-001  -2.728453e-001  -2.212123e-001  -1.419101e-001  -4.478227e-002  0.000000e+000  
-3.935391e-001  -3.912730e-001  -3.867283e-001  -3.798864e-001  -3.681679e-001  -3.518494e-001  -3.339579e-001  -3.149488e-001  -2.952484e-001  -2.752363e-001  -2.552357e-001  -2.355094e-001  -2.066364e-001  -1.709377e-001  -1.134197e-001  -3.683796e-002  0.000000e+000  
-2.171310e-001  -2.158959e-001  -2.134334e-001  -2.097604e-001  -2.040697e-001  -1.965174e-001  -1.881059e-001  -1.790086e-001  -1.693965e-001  -1.594315e-001  -1.492612e-001  -1.390161e-001  -1.237023e-001  -1.039722e-001  -7.095468e-002  -2.365397e-002  0.000000e+000  
-6.554553e-002  -6.518027e-002  -6.445297e-002  -6.337022e-002  -6.174336e-002  -5.961969e-002  -5.724030e-002  -5.464954e-002  -5.189203e-002  -4.901099e-002  -4.604693e-002  -4.303660e-002  -3.850013e-002  -3.256009e-002  -2.246957e-002  -7.571646e-003  0.000000e+000  
0.000000e+000  0.000000e+000  0.000000e+000  0.000000e+000  0.000000e+000  0.000000e+000  0.000000e+000  0.000000e+000  0.000000e+000  0.000000e+000  0.000000e+000  0.000000e+000  0.000000e+000  0.000000e+000  0.000000e+000  0.000000e+000  0.000000e+000  

