Port monitor named: Port1_e1.prt

nx        = 39
ny        = 4
nz        = 19

nu        = 17
nv        = 37
iu        = 2
iv        = 2

idir      = 1
dcut      = -4.389000e-002
icut      = 2
type      = 0
frequency = 2.400000e+009

fcutoff   = 0.000000e+000
alpha     = 0.000000e+000
beta      = 9.587175e+001
accuracy  = 1.801234e-010

type          = QTEM
wave imp.     = 2.480167e+002
wave imp.sig. = 2.311150e-008
line imp.     = 3.264076e+001

ref. port     = 0

-4.490789e+001  -4.451380e+001  -4.373920e+001  -4.261011e+001  -1.836851e+002  -1.807632e+002  -1.766380e+002  -1.714256e+002  -1.652591e+002  -1.582808e+002  -1.506350e+002  -1.424619e+002  -1.296079e+002  -1.115988e+002  -7.938026e+001  -2.755949e+001  -0.000000e+000  
-4.853814e+001  -4.801542e+001  -4.699447e+001  -4.552177e+001  -1.953678e+002  -1.917253e+002  -1.866790e+002  -1.804063e+002  -1.731007e+002  -1.649600e+002  -1.561757e+002  -1.469256e+002  -1.325900e+002  -1.130699e+002  -7.902928e+001  -2.697666e+001  -0.000000e+000  
-6.573585e+001  -6.444365e+001  -6.195828e+001  -5.846586e+001  -2.457810e+002  -2.382277e+002  -2.283895e+002  -2.167957e+002  -2.039651e+002  -1.903711e+002  -1.764207e+002  -1.624449e+002  -1.418254e+002  -1.163567e+002  -7.579350e+001  -2.419025e+001  -0.000000e+000  
-1.038067e+002  -1.000041e+002  -9.278702e+001  -8.288140e+001  -3.329272e+002  -3.146249e+002  -2.927279e+002  -2.687836e+002  -2.441098e+002  -2.197302e+002  -1.963719e+002  -1.744986e+002  -1.442915e+002  -1.114909e+002  -6.529085e+001  -1.894224e+001  -0.000000e+000  
-2.016319e+002  -1.891393e+002  -1.656366e+002  -1.339293e+002  -4.900020e+002  -4.400447e+002  -3.862912e+002  -3.331149e+002  -2.834462e+002  -2.389005e+002  -2.000968e+002  -1.669968e+002  -1.252763e+002  -8.718380e+001  -4.216431e+001  -1.021072e+001  -0.000000e+000  
-3.237504e+002  -2.981953e+002  -2.500498e+002  -1.852830e+002  -6.147827e+002  -5.229240e+002  -4.325351e+002  -3.507836e+002  -2.808212e+002  -2.230767e+002  -1.765311e+002  -1.395966e+002  -9.611444e+001  -6.081673e+001  -2.397340e+001  -4.446385e+000  -0.000000e+000  
-5.458123e+002  -4.955843e+002  -3.994185e+002  -2.680666e+002  -7.731631e+002  -6.034537e+002  -4.537793e+002  -3.333166e+002  -2.414314e+002  -1.734091e+002  -1.238565e+002  -8.810242e+001  -4.974731e+001  -2.343879e+001  -1.449206e+000  2.108097e+000  -0.000000e+000  
-6.938666e+002  -6.286518e+002  -5.005868e+002  -3.202395e+002  -8.426737e+002  -6.192328e+002  -4.367862e+002  -3.008552e+002  -2.040981e+002  -1.366238e+002  -8.997683e+001  -5.791401e+001  -2.519223e+001  -4.998838e+000  8.790475e+000  4.939885e+000  -0.000000e+000  
-8.849246e+002  -8.031721e+002  -6.362426e+002  -3.889368e+002  -9.088534e+002  -6.139956e+002  -3.957563e+002  -2.481030e+002  -1.515824e+002  -8.903400e+001  -4.852732e+001  -2.240250e+001  2.411715e+000  1.506196e+001  1.949999e+001  7.826109e+000  -0.000000e+000  
-1.129888e+003  -1.033881e+003  -8.249457e+002  -4.864237e+002  -9.588050e+002  -5.690911e+002  -3.180607e+002  -1.687627e+002  -8.139226e+001  -2.997005e+001  4.157076e-001  1.810870e+001  3.269160e+001  3.646126e+001  3.054455e+001  1.073537e+001  -0.000000e+000  
-1.438138e+003  -1.339093e+003  -1.099216e+003  -6.431431e+002  -9.614396e+002  -4.519990e+002  -1.873405e+002  -5.712701e+001  7.556859e+000  4.008401e+001  5.600305e+001  6.280529e+001  6.504599e+001  5.881676e+001  4.176565e+001  1.363318e+001  -0.000000e+000  
-1.717439e+003  -1.634702e+003  -1.404810e+003  -8.611245e+002  -8.752210e+002  -2.765308e+002  -4.022770e+001  5.118602e+001  8.681520e+001  9.944967e+001  1.016893e+002  9.883645e+001  9.059497e+001  7.621438e+001  5.033307e+001  1.581342e+001  -0.000000e+000  
-2.028448e+003  -1.986883e+003  -1.831289e+003  -1.276433e+003  -6.099240e+002  9.426306e+000  1.510899e+002  1.765463e+002  1.731279e+002  1.620293e+002  1.489722e+002  1.357150e+002  1.164405e+002  9.366069e+001  5.881522e+001  1.794851e+001  -0.000000e+000  
-2.355245e+003  -2.382812e+003  -2.411575e+003  -2.177015e+003  8.824891e+001  4.411818e+002  3.779381e+002  3.107930e+002  2.618567e+002  2.252742e+002  1.963783e+002  1.725255e+002  1.421117e+002  1.109080e+002  6.712495e+001  2.002121e+001  -0.000000e+000  
-2.671120e+003  -2.777988e+003  -3.093155e+003  -4.101387e+003  2.438738e+003  1.000142e+003  6.061342e+002  4.396117e+002  3.469240e+002  2.862669e+002  2.423268e+002  2.083163e+002  1.671288e+002  1.277055e+002  7.517444e+001  2.201429e+001  -0.000000e+000  
-3.023876e+003  -3.175467e+003  -3.582394e+003  -4.586376e+003  2.250001e+003  1.250480e+003  8.011846e+002  5.752177e+002  4.443047e+002  3.590241e+002  2.983966e+002  2.525542e+002  1.983932e+002  1.487797e+002  8.525130e+001  2.449293e+001  -0.000000e+000  
-3.274459e+003  -3.401254e+003  -3.670975e+003  -4.043994e+003  1.626947e+003  1.210165e+003  8.784747e+002  6.608716e+002  5.178265e+002  4.189773e+002  3.468477e+002  2.918160e+002  2.268071e+002  1.681374e+002  9.453722e+001  2.676647e+001  -0.000000e+000  
-3.518766e+003  -3.563476e+003  -3.638244e+003  -3.706183e+003  1.102677e+003  9.968894e+002  8.536003e+002  7.150902e+002  5.957363e+002  4.973173e+002  4.173221e+002  3.523856e+002  2.729954e+002  2.004047e+002  1.102198e+002  3.059386e+001  -0.000000e+000  
-3.599672e+003  -3.608680e+003  -3.622214e+003  -3.632593e+003  8.570174e+002  8.221775e+002  7.607640e+002  6.856720e+002  6.068519e+002  5.306218e+002  4.603947e+002  3.976236e+002  3.150369e+002  2.332978e+002  1.276496e+002  3.491243e+001  -0.000000e+000  
-3.518766e+003  -3.563476e+003  -3.638244e+003  -3.706183e+003  1.102677e+003  9.968894e+002  8.536003e+002  7.150902e+002  5.957363e+002  4.973173e+002  4.173221e+002  3.523856e+002  2.729954e+002  2.004047e+002  1.102198e+002  3.059386e+001  -0.000000e+000  
-3.274459e+003  -3.401254e+003  -3.670975e+003  -4.043994e+003  1.626947e+003  1.210165e+003  8.784747e+002  6.608716e+002  5.178265e+002  4.189773e+002  3.468477e+002  2.918160e+002  2.268071e+002  1.681374e+002  9.453722e+001  2.676647e+001  -0.000000e+000  
-3.023876e+003  -3.175467e+003  -3.582394e+003  -4.586376e+003  2.250001e+003  1.250480e+003  8.011846e+002  5.752177e+002  4.443047e+002  3.590241e+002  2.983966e+002  2.525542e+002  1.983932e+002  1.487797e+002  8.525130e+001  2.449293e+001  -0.000000e+000  
-2.671120e+003  -2.777988e+003  -3.093155e+003  -4.101387e+003  2.438738e+003  1.000142e+003  6.061342e+002  4.396117e+002  3.469240e+002  2.862669e+002  2.423268e+002  2.083163e+002  1.671288e+002  1.277055e+002  7.517444e+001  2.201429e+001  -0.000000e+000  
-2.355245e+003  -2.382812e+003  -2.411575e+003  -2.177015e+003  8.824891e+001  4.411818e+002  3.779381e+002  3.107930e+002  2.618567e+002  2.252742e+002  1.963783e+002  1.725255e+002  1.421117e+002  1.109080e+002  6.712495e+001  2.002121e+001  -0.000000e+000  
-2.028448e+003  -1.986883e+003  -1.831289e+003  -1.276433e+003  -6.099240e+002  9.426306e+000  1.510899e+002  1.765463e+002  1.731279e+002  1.620293e+002  1.489722e+002  1.357150e+002  1.164405e+002  9.366069e+001  5.881522e+001  1.794851e+001  -0.000000e+000  
-1.717439e+003  -1.634702e+003  -1.404810e+003  -8.611245e+002  -8.752210e+002  -2.765308e+002  -4.022770e+001  5.118602e+001  8.681520e+001  9.944967e+001  1.016893e+002  9.883645e+001  9.059497e+001  7.621438e+001  5.033307e+001  1.581342e+001  -0.000000e+000  
-1.438138e+003  -1.339093e+003  -1.099216e+003  -6.431431e+002  -9.614396e+002  -4.519990e+002  -1.873405e+002  -5.712701e+001  7.556859e+000  4.008401e+001  5.600305e+001  6.280529e+001  6.504599e+001  5.881676e+001  4.176565e+001  1.363318e+001  -0.000000e+000  
-1.129888e+003  -1.033881e+003  -8.249457e+002  -4.864237e+002  -9.588050e+002  -5.690911e+002  -3.180607e+002  -1.687627e+002  -8.139226e+001  -2.997005e+001  4.157076e-001  1.810870e+001  3.269160e+001  3.646126e+001  3.054455e+001  1.073537e+001  -0.000000e+000  
-8.849246e+002  -8.031721e+002  -6.362426e+002  -3.889368e+002  -9.088534e+002  -6.139956e+002  -3.957563e+002  -2.481030e+002  -1.515824e+002  -8.903400e+001  -4.852732e+001  -2.240250e+001  2.411715e+000  1.506196e+001  1.949999e+001  7.826109e+000  -0.000000e+000  
-6.938666e+002  -6.286518e+002  -5.005868e+002  -3.202395e+002  -8.426737e+002  -6.192328e+002  -4.367862e+002  -3.008552e+002  -2.040981e+002  -1.366238e+002  -8.997683e+001  -5.791401e+001  -2.519223e+001  -4.998838e+000  8.790475e+000  4.939885e+000  -0.000000e+000  
-5.458123e+002  -4.955843e+002  -3.994185e+002  -2.680666e+002  -7.731631e+002  -6.034537e+002  -4.537793e+002  -3.333166e+002  -2.414314e+002  -1.734091e+002  -1.238565e+002  -8.810242e+001  -4.974731e+001  -2.343879e+001  -1.449206e+000  2.108097e+000  -0.000000e+000  
-3.237504e+002  -2.981953e+002  -2.500498e+002  -1.852830e+002  -6.147827e+002  -5.229240e+002  -4.325351e+002  -3.507836e+002  -2.808212e+002  -2.230767e+002  -1.765311e+002  -1.395966e+002  -9.611444e+001  -6.081673e+001  -2.397340e+001  -4.446385e+000  -0.000000e+000  
-2.016319e+002  -1.891393e+002  -1.656366e+002  -1.339293e+002  -4.900020e+002  -4.400447e+002  -3.862912e+002  -3.331149e+002  -2.834462e+002  -2.389005e+002  -2.000968e+002  -1.669968e+002  -1.252763e+002  -8.718380e+001  -4.216431e+001  -1.021072e+001  -0.000000e+000  
-1.038067e+002  -1.000041e+002  -9.278702e+001  -8.288140e+001  -3.329272e+002  -3.146249e+002  -2.927279e+002  -2.687836e+002  -2.441098e+002  -2.197302e+002  -1.963719e+002  -1.744986e+002  -1.442915e+002  -1.114909e+002  -6.529085e+001  -1.894224e+001  -0.000000e+000  
-6.573585e+001  -6.444365e+001  -6.195828e+001  -5.846586e+001  -2.457810e+002  -2.382277e+002  -2.283895e+002  -2.167957e+002  -2.039651e+002  -1.903711e+002  -1.764207e+002  -1.624449e+002  -1.418254e+002  -1.163567e+002  -7.579350e+001  -2.419025e+001  -0.000000e+000  
-4.853814e+001  -4.801542e+001  -4.699447e+001  -4.552177e+001  -1.953678e+002  -1.917253e+002  -1.866790e+002  -1.804063e+002  -1.731007e+002  -1.649600e+002  -1.561757e+002  -1.469256e+002  -1.325900e+002  -1.130699e+002  -7.902928e+001  -2.697666e+001  -0.000000e+000  
-4.490789e+001  -4.451380e+001  -4.373920e+001  -4.261011e+001  -1.836851e+002  -1.807632e+002  -1.766380e+002  -1.714256e+002  -1.652591e+002  -1.582808e+002  -1.506350e+002  -1.424619e+002  -1.296079e+002  -1.115988e+002  -7.938026e+001  -2.755949e+001  -0.000000e+000  

-0.000000e+000  -3.304524e-001  -6.342693e-001  -8.872817e-001  -1.069955e+000  -3.544933e+000  -5.852780e+000  -7.944170e+000  -9.785094e+000  -1.135672e+001  -1.265410e+001  -1.368411e+001  -1.446300e+001  -1.533650e+001  -1.553473e+001  -1.409475e+001  -1.250627e+001  
-0.000000e+000  -1.616429e+000  -3.095853e+000  -4.315397e+000  -5.178625e+000  -1.421402e+001  -2.247751e+001  -2.978796e+001  -3.603804e+001  -4.118853e+001  -4.525781e+001  -4.830906e+001  -5.043714e+001  -5.226724e+001  -5.189042e+001  -4.527067e+001  -3.936264e+001  
-0.000000e+000  -6.232547e+000  -1.187347e+001  -1.640136e+001  -1.942591e+001  -4.003327e+001  -5.784934e+001  -7.253044e+001  -8.400661e+001  -9.242212e+001  -9.806804e+001  -1.013200e+002  -1.025875e+002  -1.003886e+002  -9.480317e+001  -7.527723e+001  -6.235867e+001  
-0.000000e+000  -2.008546e+001  -3.801481e+001  -5.190731e+001  -6.040553e+001  -1.000150e+002  -1.309623e+002  -1.532090e+002  -1.675045e+002  -1.750451e+002  -1.771878e+002  -1.752546e+002  -1.704227e+002  -1.550244e+002  -1.375287e+002  -9.816205e+001  -7.712427e+001  
-0.000000e+000  -5.588109e+001  -1.051834e+002  -1.420806e+002  -1.623508e+002  -2.270544e+002  -2.684253e+002  -2.894671e+002  -2.947510e+002  -2.889607e+002  -2.760985e+002  -2.592324e+002  -2.405493e+002  -2.021703e+002  -1.680516e+002  -1.088870e+002  -8.173429e+001  
-0.000000e+000  -1.054047e+002  -1.983484e+002  -2.670477e+002  -3.021500e+002  -3.848258e+002  -4.239609e+002  -4.300914e+002  -4.148659e+002  -3.877697e+002  -3.553619e+002  -3.217183e+002  -2.891665e+002  -2.310132e+002  -1.842620e+002  -1.125093e+002  -8.205557e+001  
-0.000000e+000  -1.747462e+002  -3.310171e+002  -4.479841e+002  -5.046212e+002  -5.926339e+002  -6.072263e+002  -5.773383e+002  -5.268232e+002  -4.702498e+002  -4.150318e+002  -3.643554e+002  -3.192420e+002  -2.457997e+002  -1.905113e+002  -1.118973e+002  -8.008708e+001  
-0.000000e+000  -2.272941e+002  -4.341734e+002  -5.931218e+002  -6.695696e+002  -7.524442e+002  -7.376133e+002  -6.742533e+002  -5.955356e+002  -5.178840e+002  -4.476817e+002  -3.865208e+002  -3.340469e+002  -2.522062e+002  -1.924834e+002  -1.106864e+002  -7.838948e+001  
-0.000000e+000  -2.933017e+002  -5.689519e+002  -7.927216e+002  -9.040414e+002  -9.639358e+002  -8.939295e+002  -7.796889e+002  -6.641152e+002  -5.619885e+002  -4.759187e+002  -4.044150e+002  -3.450586e+002  -2.558982e+002  -1.925568e+002  -1.085729e+002  -7.612952e+001  
-0.000000e+000  -3.709269e+002  -7.379379e+002  -1.066557e+003  -1.250169e+003  -1.244112e+003  -1.074038e+003  -8.863789e+002  -7.261302e+002  -5.980893e+002  -4.968709e+002  -4.162394e+002  -3.511602e+002  -2.563943e+002  -1.905276e+002  -1.055211e+002  -7.330277e+001  
-0.000000e+000  -4.415927e+002  -9.092118e+002  -1.392430e+003  -1.733876e+003  -1.567659e+003  -1.241651e+003  -9.683636e+002  -7.664057e+002  -6.179189e+002  -5.061568e+002  -4.197495e+002  -3.513163e+002  -2.536584e+002  -1.867447e+002  -1.019835e+002  -7.031237e+001  
-0.000000e+000  -4.926913e+002  -1.051398e+003  -1.729144e+003  -2.387947e+003  -1.897258e+003  -1.371222e+003  -1.017991e+003  -7.852815e+002  -6.241388e+002  -5.066702e+002  -4.174780e+002  -3.476088e+002  -2.490490e+002  -1.821000e+002  -9.835769e+001  -6.739857e+001  
-0.000000e+000  -5.182618e+002  -1.147532e+003  -2.072954e+003  -3.512827e+003  -2.238435e+003  -1.448621e+003  -1.031258e+003  -7.826413e+002  -6.172889e+002  -4.987644e+002  -4.094828e+002  -3.398566e+002  -2.421313e+002  -1.760656e+002  -9.417297e+001  -6.416722e+001  
-0.000000e+000  -5.009436e+002  -1.129273e+003  -2.218043e+003  -5.686170e+003  -2.432647e+003  -1.412948e+003  -9.934519e+002  -7.549139e+002  -5.964037e+002  -4.821409e+002  -3.956591e+002  -3.280211e+002  -2.328987e+002  -1.686457e+002  -8.943907e+001  -6.062763e+001  
-0.000000e+000  -4.238555e+002  -9.021132e+002  -1.491973e+003  -0.000000e+000  -1.511073e+003  -1.160010e+003  -8.861192e+002  -6.948427e+002  -5.568399e+002  -4.532844e+002  -3.731662e+002  -3.097303e+002  -2.195827e+002  -1.584762e+002  -8.333544e+001  -5.618244e+001  
-0.000000e+000  -2.996749e+002  -5.688805e+002  -6.701122e+002  -0.000000e+000  -7.830826e+002  -8.323536e+002  -7.209409e+002  -5.988120e+002  -4.940031e+002  -4.083816e+002  -3.390207e+002  -2.826701e+002  -2.007534e+002  -1.446672e+002  -7.551392e+001  -5.064240e+001  
-0.000000e+000  -1.439206e+002  -2.376097e+002  -2.120580e+002  -0.000000e+000  -3.275922e+002  -4.694875e+002  -4.824727e+002  -4.416489e+002  -3.850327e+002  -3.285459e+002  -2.778290e+002  -2.342300e+002  -1.675943e+002  -1.208692e+002  -6.256159e+001  -4.166420e+001  
-0.000000e+000  -1.799349e+001  -2.703653e+001  -2.073097e+001  -0.000000e+000  -6.215270e+001  -1.096294e+002  -1.341734e+002  -1.410084e+002  -1.365858e+002  -1.260668e+002  -1.129380e+002  -9.932653e+001  -7.424180e+001  -5.465267e+001  -2.812997e+001  -1.849629e+001  
-0.000000e+000  1.799349e+001  2.703653e+001  2.073097e+001  -0.000000e+000  6.215270e+001  1.096294e+002  1.341734e+002  1.410084e+002  1.365858e+002  1.260668e+002  1.129380e+002  9.932653e+001  7.424180e+001  5.465267e+001  2.812997e+001  1.849629e+001  
-0.000000e+000  1.439206e+002  2.376097e+002  2.120580e+002  -0.000000e+000  3.275922e+002  4.694875e+002  4.824727e+002  4.416489e+002  3.850327e+002  3.285459e+002  2.778290e+002  2.342300e+002  1.675943e+002  1.208692e+002  6.256159e+001  4.166420e+001  
-0.000000e+000  2.996749e+002  5.688805e+002  6.701122e+002  -0.000000e+000  7.830826e+002  8.323536e+002  7.209409e+002  5.988120e+002  4.940031e+002  4.083816e+002  3.390207e+002  2.826701e+002  2.007534e+002  1.446672e+002  7.551392e+001  5.064240e+001  
-0.000000e+000  4.238555e+002  9.021132e+002  1.491973e+003  -0.000000e+000  1.511073e+003  1.160010e+003  8.861192e+002  6.948427e+002  5.568399e+002  4.532844e+002  3.731662e+002  3.097303e+002  2.195827e+002  1.584762e+002  8.333544e+001  5.618244e+001  
-0.000000e+000  5.009436e+002  1.129273e+003  2.218043e+003  5.686170e+003  2.432647e+003  1.412948e+003  9.934519e+002  7.549139e+002  5.964037e+002  4.821409e+002  3.956591e+002  3.280211e+002  2.328987e+002  1.686457e+002  8.943907e+001  6.062763e+001  
-0.000000e+000  5.182618e+002  1.147532e+003  2.072954e+003  3.512827e+003  2.238435e+003  1.448621e+003  1.031258e+003  7.826413e+002  6.172889e+002  4.987644e+002  4.094828e+002  3.398566e+002  2.421313e+002  1.760656e+002  9.417297e+001  6.416722e+001  
-0.000000e+000  4.926913e+002  1.051398e+003  1.729144e+003  2.387947e+003  1.897258e+003  1.371222e+003  1.017991e+003  7.852815e+002  6.241388e+002  5.066702e+002  4.174780e+002  3.476088e+002  2.490490e+002  1.821000e+002  9.835769e+001  6.739857e+001  
-0.000000e+000  4.415927e+002  9.092118e+002  1.392430e+003  1.733876e+003  1.567659e+003  1.241651e+003  9.683636e+002  7.664057e+002  6.179189e+002  5.061568e+002  4.197495e+002  3.513163e+002  2.536584e+002  1.867447e+002  1.019835e+002  7.031237e+001  
-0.000000e+000  3.709269e+002  7.379379e+002  1.066557e+003  1.250169e+003  1.244112e+003  1.074038e+003  8.863789e+002  7.261302e+002  5.980893e+002  4.968709e+002  4.162394e+002  3.511602e+002  2.563943e+002  1.905276e+002  1.055211e+002  7.330277e+001  
-0.000000e+000  2.933017e+002  5.689519e+002  7.927216e+002  9.040414e+002  9.639358e+002  8.939295e+002  7.796889e+002  6.641152e+002  5.619885e+002  4.759187e+002  4.044150e+002  3.450586e+002  2.558982e+002  1.925568e+002  1.085729e+002  7.612952e+001  
-0.000000e+000  2.272941e+002  4.341734e+002  5.931218e+002  6.695696e+002  7.524442e+002  7.376133e+002  6.742533e+002  5.955356e+002  5.178840e+002  4.476817e+002  3.865208e+002  3.340469e+002  2.522062e+002  1.924834e+002  1.106864e+002  7.838948e+001  
-0.000000e+000  1.747462e+002  3.310171e+002  4.479841e+002  5.046212e+002  5.926339e+002  6.072263e+002  5.773383e+002  5.268232e+002  4.702498e+002  4.150318e+002  3.643554e+002  3.192420e+002  2.457997e+002  1.905113e+002  1.118973e+002  8.008708e+001  
-0.000000e+000  1.054047e+002  1.983484e+002  2.670477e+002  3.021500e+002  3.848258e+002  4.239609e+002  4.300914e+002  4.148659e+002  3.877697e+002  3.553619e+002  3.217183e+002  2.891665e+002  2.310132e+002  1.842620e+002  1.125093e+002  8.205557e+001  
-0.000000e+000  5.588109e+001  1.051834e+002  1.420806e+002  1.623508e+002  2.270544e+002  2.684253e+002  2.894671e+002  2.947510e+002  2.889607e+002  2.760985e+002  2.592324e+002  2.405493e+002  2.021703e+002  1.680516e+002  1.088870e+002  8.173429e+001  
-0.000000e+000  2.008546e+001  3.801481e+001  5.190731e+001  6.040553e+001  1.000150e+002  1.309623e+002  1.532090e+002  1.675045e+002  1.750451e+002  1.771878e+002  1.752546e+002  1.704227e+002  1.550244e+002  1.375287e+002  9.816205e+001  7.712427e+001  
-0.000000e+000  6.232547e+000  1.187347e+001  1.640136e+001  1.942591e+001  4.003327e+001  5.784934e+001  7.253044e+001  8.400661e+001  9.242212e+001  9.806804e+001  1.013200e+002  1.025875e+002  1.003886e+002  9.480317e+001  7.527723e+001  6.235867e+001  
-0.000000e+000  1.616429e+000  3.095853e+000  4.315397e+000  5.178625e+000  1.421402e+001  2.247751e+001  2.978796e+001  3.603804e+001  4.118853e+001  4.525781e+001  4.830906e+001  5.043714e+001  5.226724e+001  5.189042e+001  4.527067e+001  3.936264e+001  
-0.000000e+000  3.304524e-001  6.342693e-001  8.872817e-001  1.069955e+000  3.544933e+000  5.852780e+000  7.944170e+000  9.785094e+000  1.135672e+001  1.265410e+001  1.368411e+001  1.446300e+001  1.533650e+001  1.553473e+001  1.409475e+001  1.250627e+001  
-0.000000e+000  -0.000000e+000  -0.000000e+000  -0.000000e+000  -0.000000e+000  -0.000000e+000  -0.000000e+000  -0.000000e+000  -0.000000e+000  -0.000000e+000  -0.000000e+000  -0.000000e+000  -0.000000e+000  -0.000000e+000  -0.000000e+000  -0.000000e+000  -0.000000e+000  

0.000000e+000  0.000000e+000  0.000000e+000  0.000000e+000  0.000000e+000  0.000000e+000  0.000000e+000  0.000000e+000  0.000000e+000  0.000000e+000  0.000000e+000  0.000000e+000  0.000000e+000  0.000000e+000  0.000000e+000  0.000000e+000  0.000000e+000  
0.000000e+000  0.000000e+000  0.000000e+000  0.000000e+000  0.000000e+000  0.000000e+000  0.000000e+000  0.000000e+000  0.000000e+000  0.000000e+000  0.000000e+000  0.000000e+000  0.000000e+000  0.000000e+000  0.000000e+000  0.000000e+000  0.000000e+000  
0.000000e+000  0.000000e+000  0.000000e+000  0.000000e+000  0.000000e+000  0.000000e+000  0.000000e+000  0.000000e+000  0.000000e+000  0.000000e+000  0.000000e+000  0.000000e+000  0.000000e+000  0.000000e+000  0.000000e+000  0.000000e+000  0.000000e+000  
0.000000e+000  0.000000e+000  0.000000e+000  0.000000e+000  0.000000e+000  0.000000e+000  0.000000e+000  0.000000e+000  0.000000e+000  0.000000e+000  0.000000e+000  0.000000e+000  0.000000e+000  0.000000e+000  0.000000e+000  0.000000e+000  0.000000e+000  
0.000000e+000  0.000000e+000  0.000000e+000  0.000000e+000  0.000000e+000  0.000000e+000  0.000000e+000  0.000000e+000  0.000000e+000  0.000000e+000  0.000000e+000  0.000000e+000  0.000000e+000  0.000000e+000  0.000000e+000  0.000000e+000  0.000000e+000  
0.000000e+000  0.000000e+000  0.000000e+000  0.000000e+000  0.000000e+000  0.000000e+000  0.000000e+000  0.000000e+000  0.000000e+000  0.000000e+000  0.000000e+000  0.000000e+000  0.000000e+000  0.000000e+000  0.000000e+000  0.000000e+000  0.000000e+000  
0.000000e+000  0.000000e+000  0.000000e+000  0.000000e+000  0.000000e+000  0.000000e+000  0.000000e+000  0.000000e+000  0.000000e+000  0.000000e+000  0.000000e+000  0.000000e+000  0.000000e+000  0.000000e+000  0.000000e+000  0.000000e+000  0.000000e+000  
0.000000e+000  0.000000e+000  0.000000e+000  0.000000e+000  0.000000e+000  0.000000e+000  0.000000e+000  0.000000e+000  0.000000e+000  0.000000e+000  0.000000e+000  0.000000e+000  0.000000e+000  0.000000e+000  0.000000e+000  0.000000e+000  0.000000e+000  
0.000000e+000  0.000000e+000  0.000000e+000  0.000000e+000  0.000000e+000  0.000000e+000  0.000000e+000  0.000000e+000  0.000000e+000  0.000000e+000  0.000000e+000  0.000000e+000  0.000000e+000  0.000000e+000  0.000000e+000  0.000000e+000  0.000000e+000  
0.000000e+000  0.000000e+000  0.000000e+000  0.000000e+000  0.000000e+000  0.000000e+000  0.000000e+000  0.000000e+000  0.000000e+000  0.000000e+000  0.000000e+000  0.000000e+000  0.000000e+000  0.000000e+000  0.000000e+000  0.000000e+000  0.000000e+000  
0.000000e+000  0.000000e+000  0.000000e+000  0.000000e+000  0.000000e+000  0.000000e+000  0.000000e+000  0.000000e+000  0.000000e+000  0.000000e+000  0.000000e+000  0.000000e+000  0.000000e+000  0.000000e+000  0.000000e+000  0.000000e+000  0.000000e+000  
0.000000e+000  0.000000e+000  0.000000e+000  0.000000e+000  0.000000e+000  0.000000e+000  0.000000e+000  0.000000e+000  0.000000e+000  0.000000e+000  0.000000e+000  0.000000e+000  0.000000e+000  0.000000e+000  0.000000e+000  0.000000e+000  0.000000e+000  
0.000000e+000  0.000000e+000  0.000000e+000  0.000000e+000  0.000000e+000  0.000000e+000  0.000000e+000  0.000000e+000  0.000000e+000  0.000000e+000  0.000000e+000  0.000000e+000  0.000000e+000  0.000000e+000  0.000000e+000  0.000000e+000  0.000000e+000  
0.000000e+000  0.000000e+000  0.000000e+000  0.000000e+000  0.000000e+000  0.000000e+000  0.000000e+000  0.000000e+000  0.000000e+000  0.000000e+000  0.000000e+000  0.000000e+000  0.000000e+000  0.000000e+000  0.000000e+000  0.000000e+000  0.000000e+000  
0.000000e+000  0.000000e+000  0.000000e+000  0.000000e+000  0.000000e+000  0.000000e+000  0.000000e+000  0.000000e+000  0.000000e+000  0.000000e+000  0.000000e+000  0.000000e+000  0.000000e+000  0.000000e+000  0.000000e+000  0.000000e+000  0.000000e+000  
0.000000e+000  0.000000e+000  0.000000e+000  0.000000e+000  0.000000e+000  0.000000e+000  0.000000e+000  0.000000e+000  0.000000e+000  0.000000e+000  0.000000e+000  0.000000e+000  0.000000e+000  0.000000e+000  0.000000e+000  0.000000e+000  0.000000e+000  
0.000000e+000  0.000000e+000  0.000000e+000  0.000000e+000  0.000000e+000  0.000000e+000  0.000000e+000  0.000000e+000  0.000000e+000  0.000000e+000  0.000000e+000  0.000000e+000  0.000000e+000  0.000000e+000  0.000000e+000  0.000000e+000  0.000000e+000  
0.000000e+000  0.000000e+000  0.000000e+000  0.000000e+000  0.000000e+000  0.000000e+000  0.000000e+000  0.000000e+000  0.000000e+000  0.000000e+000  0.000000e+000  0.000000e+000  0.000000e+000  0.000000e+000  0.000000e+000  0.000000e+000  0.000000e+000  
0.000000e+000  0.000000e+000  0.000000e+000  0.000000e+000  0.000000e+000  0.000000e+000  0.000000e+000  0.000000e+000  0.000000e+000  0.000000e+000  0.000000e+000  0.000000e+000  0.000000e+000  0.000000e+000  0.000000e+000  0.000000e+000  0.000000e+000  
0.000000e+000  0.000000e+000  0.000000e+000  0.000000e+000  0.000000e+000  0.000000e+000  0.000000e+000  0.000000e+000  0.000000e+000  0.000000e+000  0.000000e+000  0.000000e+000  0.000000e+000  0.000000e+000  0.000000e+000  0.000000e+000  0.000000e+000  
0.000000e+000  0.000000e+000  0.000000e+000  0.000000e+000  0.000000e+000  0.000000e+000  0.000000e+000  0.000000e+000  0.000000e+000  0.000000e+000  0.000000e+000  0.000000e+000  0.000000e+000  0.000000e+000  0.000000e+000  0.000000e+000  0.000000e+000  
0.000000e+000  0.000000e+000  0.000000e+000  0.000000e+000  0.000000e+000  0.000000e+000  0.000000e+000  0.000000e+000  0.000000e+000  0.000000e+000  0.000000e+000  0.000000e+000  0.000000e+000  0.000000e+000  0.000000e+000  0.000000e+000  0.000000e+000  
0.000000e+000  0.000000e+000  0.000000e+000  0.000000e+000  0.000000e+000  0.000000e+000  0.000000e+000  0.000000e+000  0.000000e+000  0.000000e+000  0.000000e+000  0.000000e+000  0.000000e+000  0.000000e+000  0.000000e+000  0.000000e+000  0.000000e+000  
0.000000e+000  0.000000e+000  0.000000e+000  0.000000e+000  0.000000e+000  0.000000e+000  0.000000e+000  0.000000e+000  0.000000e+000  0.000000e+000  0.000000e+000  0.000000e+000  0.000000e+000  0.000000e+000  0.000000e+000  0.000000e+000  0.000000e+000  
0.000000e+000  0.000000e+000  0.000000e+000  0.000000e+000  0.000000e+000  0.000000e+000  0.000000e+000  0.000000e+000  0.000000e+000  0.000000e+000  0.000000e+000  0.000000e+000  0.000000e+000  0.000000e+000  0.000000e+000  0.000000e+000  0.000000e+000  
0.000000e+000  0.000000e+000  0.000000e+000  0.000000e+000  0.000000e+000  0.000000e+000  0.000000e+000  0.000000e+000  0.000000e+000  0.000000e+000  0.000000e+000  0.000000e+000  0.000000e+000  0.000000e+000  0.000000e+000  0.000000e+000  0.000000e+000  
0.000000e+000  0.000000e+000  0.000000e+000  0.000000e+000  0.000000e+000  0.000000e+000  0.000000e+000  0.000000e+000  0.000000e+000  0.000000e+000  0.000000e+000  0.000000e+000  0.000000e+000  0.000000e+000  0.000000e+000  0.000000e+000  0.000000e+000  
0.000000e+000  0.000000e+000  0.000000e+000  0.000000e+000  0.000000e+000  0.000000e+000  0.000000e+000  0.000000e+000  0.000000e+000  0.000000e+000  0.000000e+000  0.000000e+000  0.000000e+000  0.000000e+000  0.000000e+000  0.000000e+000  0.000000e+000  
0.000000e+000  0.000000e+000  0.000000e+000  0.000000e+000  0.000000e+000  0.000000e+000  0.000000e+000  0.000000e+000  0.000000e+000  0.000000e+000  0.000000e+000  0.000000e+000  0.000000e+000  0.000000e+000  0.000000e+000  0.000000e+000  0.000000e+000  
0.000000e+000  0.000000e+000  0.000000e+000  0.000000e+000  0.000000e+000  0.000000e+000  0.000000e+000  0.000000e+000  0.000000e+000  0.000000e+000  0.000000e+000  0.000000e+000  0.000000e+000  0.000000e+000  0.000000e+000  0.000000e+000  0.000000e+000  
0.000000e+000  0.000000e+000  0.000000e+000  0.000000e+000  0.000000e+000  0.000000e+000  0.000000e+000  0.000000e+000  0.000000e+000  0.000000e+000  0.000000e+000  0.000000e+000  0.000000e+000  0.000000e+000  0.000000e+000  0.000000e+000  0.000000e+000  
0.000000e+000  0.000000e+000  0.000000e+000  0.000000e+000  0.000000e+000  0.000000e+000  0.000000e+000  0.000000e+000  0.000000e+000  0.000000e+000  0.000000e+000  0.000000e+000  0.000000e+000  0.000000e+000  0.000000e+000  0.000000e+000  0.000000e+000  
0.000000e+000  0.000000e+000  0.000000e+000  0.000000e+000  0.000000e+000  0.000000e+000  0.000000e+000  0.000000e+000  0.000000e+000  0.000000e+000  0.000000e+000  0.000000e+000  0.000000e+000  0.000000e+000  0.000000e+000  0.000000e+000  0.000000e+000  
0.000000e+000  0.000000e+000  0.000000e+000  0.000000e+000  0.000000e+000  0.000000e+000  0.000000e+000  0.000000e+000  0.000000e+000  0.000000e+000  0.000000e+000  0.000000e+000  0.000000e+000  0.000000e+000  0.000000e+000  0.000000e+000  0.000000e+000  
0.000000e+000  0.000000e+000  0.000000e+000  0.000000e+000  0.000000e+000  0.000000e+000  0.000000e+000  0.000000e+000  0.000000e+000  0.000000e+000  0.000000e+000  0.000000e+000  0.000000e+000  0.000000e+000  0.000000e+000  0.000000e+000  0.000000e+000  
0.000000e+000  0.000000e+000  0.000000e+000  0.000000e+000  0.000000e+000  0.000000e+000  0.000000e+000  0.000000e+000  0.000000e+000  0.000000e+000  0.000000e+000  0.000000e+000  0.000000e+000  0.000000e+000  0.000000e+000  0.000000e+000  0.000000e+000  
0.000000e+000  0.000000e+000  0.000000e+000  0.000000e+000  0.000000e+000  0.000000e+000  0.000000e+000  0.000000e+000  0.000000e+000  0.000000e+000  0.000000e+000  0.000000e+000  0.000000e+000  0.000000e+000  0.000000e+000  0.000000e+000  0.000000e+000  

0.000000e+000  0.000000e+000  0.000000e+000  0.000000e+000  0.000000e+000  0.000000e+000  0.000000e+000  0.000000e+000  0.000000e+000  0.000000e+000  0.000000e+000  0.000000e+000  0.000000e+000  0.000000e+000  0.000000e+000  0.000000e+000  0.000000e+000  
0.000000e+000  0.000000e+000  0.000000e+000  0.000000e+000  0.000000e+000  0.000000e+000  0.000000e+000  0.000000e+000  0.000000e+000  0.000000e+000  0.000000e+000  0.000000e+000  0.000000e+000  0.000000e+000  0.000000e+000  0.000000e+000  0.000000e+000  
0.000000e+000  0.000000e+000  0.000000e+000  0.000000e+000  0.000000e+000  0.000000e+000  0.000000e+000  0.000000e+000  0.000000e+000  0.000000e+000  0.000000e+000  0.000000e+000  0.000000e+000  0.000000e+000  0.000000e+000  0.000000e+000  0.000000e+000  
0.000000e+000  0.000000e+000  0.000000e+000  0.000000e+000  0.000000e+000  0.000000e+000  0.000000e+000  0.000000e+000  0.000000e+000  0.000000e+000  0.000000e+000  0.000000e+000  0.000000e+000  0.000000e+000  0.000000e+000  0.000000e+000  0.000000e+000  
0.000000e+000  0.000000e+000  0.000000e+000  0.000000e+000  0.000000e+000  0.000000e+000  0.000000e+000  0.000000e+000  0.000000e+000  0.000000e+000  0.000000e+000  0.000000e+000  0.000000e+000  0.000000e+000  0.000000e+000  0.000000e+000  0.000000e+000  
0.000000e+000  0.000000e+000  0.000000e+000  0.000000e+000  0.000000e+000  0.000000e+000  0.000000e+000  0.000000e+000  0.000000e+000  0.000000e+000  0.000000e+000  0.000000e+000  0.000000e+000  0.000000e+000  0.000000e+000  0.000000e+000  0.000000e+000  
0.000000e+000  0.000000e+000  0.000000e+000  0.000000e+000  0.000000e+000  0.000000e+000  0.000000e+000  0.000000e+000  0.000000e+000  0.000000e+000  0.000000e+000  0.000000e+000  0.000000e+000  0.000000e+000  0.000000e+000  0.000000e+000  0.000000e+000  
0.000000e+000  0.000000e+000  0.000000e+000  0.000000e+000  0.000000e+000  0.000000e+000  0.000000e+000  0.000000e+000  0.000000e+000  0.000000e+000  0.000000e+000  0.000000e+000  0.000000e+000  0.000000e+000  0.000000e+000  0.000000e+000  0.000000e+000  
0.000000e+000  0.000000e+000  0.000000e+000  0.000000e+000  0.000000e+000  0.000000e+000  0.000000e+000  0.000000e+000  0.000000e+000  0.000000e+000  0.000000e+000  0.000000e+000  0.000000e+000  0.000000e+000  0.000000e+000  0.000000e+000  0.000000e+000  
0.000000e+000  0.000000e+000  0.000000e+000  0.000000e+000  0.000000e+000  0.000000e+000  0.000000e+000  0.000000e+000  0.000000e+000  0.000000e+000  0.000000e+000  0.000000e+000  0.000000e+000  0.000000e+000  0.000000e+000  0.000000e+000  0.000000e+000  
0.000000e+000  0.000000e+000  0.000000e+000  0.000000e+000  0.000000e+000  0.000000e+000  0.000000e+000  0.000000e+000  0.000000e+000  0.000000e+000  0.000000e+000  0.000000e+000  0.000000e+000  0.000000e+000  0.000000e+000  0.000000e+000  0.000000e+000  
0.000000e+000  0.000000e+000  0.000000e+000  0.000000e+000  0.000000e+000  0.000000e+000  0.000000e+000  0.000000e+000  0.000000e+000  0.000000e+000  0.000000e+000  0.000000e+000  0.000000e+000  0.000000e+000  0.000000e+000  0.000000e+000  0.000000e+000  
0.000000e+000  0.000000e+000  0.000000e+000  0.000000e+000  0.000000e+000  0.000000e+000  0.000000e+000  0.000000e+000  0.000000e+000  0.000000e+000  0.000000e+000  0.000000e+000  0.000000e+000  0.000000e+000  0.000000e+000  0.000000e+000  0.000000e+000  
0.000000e+000  0.000000e+000  0.000000e+000  0.000000e+000  0.000000e+000  0.000000e+000  0.000000e+000  0.000000e+000  0.000000e+000  0.000000e+000  0.000000e+000  0.000000e+000  0.000000e+000  0.000000e+000  0.000000e+000  0.000000e+000  0.000000e+000  
0.000000e+000  0.000000e+000  0.000000e+000  0.000000e+000  0.000000e+000  0.000000e+000  0.000000e+000  0.000000e+000  0.000000e+000  0.000000e+000  0.000000e+000  0.000000e+000  0.000000e+000  0.000000e+000  0.000000e+000  0.000000e+000  0.000000e+000  
0.000000e+000  0.000000e+000  0.000000e+000  0.000000e+000  0.000000e+000  0.000000e+000  0.000000e+000  0.000000e+000  0.000000e+000  0.000000e+000  0.000000e+000  0.000000e+000  0.000000e+000  0.000000e+000  0.000000e+000  0.000000e+000  0.000000e+000  
0.000000e+000  0.000000e+000  0.000000e+000  0.000000e+000  0.000000e+000  0.000000e+000  0.000000e+000  0.000000e+000  0.000000e+000  0.000000e+000  0.000000e+000  0.000000e+000  0.000000e+000  0.000000e+000  0.000000e+000  0.000000e+000  0.000000e+000  
0.000000e+000  0.000000e+000  0.000000e+000  0.000000e+000  0.000000e+000  0.000000e+000  0.000000e+000  0.000000e+000  0.000000e+000  0.000000e+000  0.000000e+000  0.000000e+000  0.000000e+000  0.000000e+000  0.000000e+000  0.000000e+000  0.000000e+000  
0.000000e+000  0.000000e+000  0.000000e+000  0.000000e+000  0.000000e+000  0.000000e+000  0.000000e+000  0.000000e+000  0.000000e+000  0.000000e+000  0.000000e+000  0.000000e+000  0.000000e+000  0.000000e+000  0.000000e+000  0.000000e+000  0.000000e+000  
0.000000e+000  0.000000e+000  0.000000e+000  0.000000e+000  0.000000e+000  0.000000e+000  0.000000e+000  0.000000e+000  0.000000e+000  0.000000e+000  0.000000e+000  0.000000e+000  0.000000e+000  0.000000e+000  0.000000e+000  0.000000e+000  0.000000e+000  
0.000000e+000  0.000000e+000  0.000000e+000  0.000000e+000  0.000000e+000  0.000000e+000  0.000000e+000  0.000000e+000  0.000000e+000  0.000000e+000  0.000000e+000  0.000000e+000  0.000000e+000  0.000000e+000  0.000000e+000  0.000000e+000  0.000000e+000  
0.000000e+000  0.000000e+000  0.000000e+000  0.000000e+000  0.000000e+000  0.000000e+000  0.000000e+000  0.000000e+000  0.000000e+000  0.000000e+000  0.000000e+000  0.000000e+000  0.000000e+000  0.000000e+000  0.000000e+000  0.000000e+000  0.000000e+000  
0.000000e+000  0.000000e+000  0.000000e+000  0.000000e+000  0.000000e+000  0.000000e+000  0.000000e+000  0.000000e+000  0.000000e+000  0.000000e+000  0.000000e+000  0.000000e+000  0.000000e+000  0.000000e+000  0.000000e+000  0.000000e+000  0.000000e+000  
0.000000e+000  0.000000e+000  0.000000e+000  0.000000e+000  0.000000e+000  0.000000e+000  0.000000e+000  0.000000e+000  0.000000e+000  0.000000e+000  0.000000e+000  0.000000e+000  0.000000e+000  0.000000e+000  0.000000e+000  0.000000e+000  0.000000e+000  
0.000000e+000  0.000000e+000  0.000000e+000  0.000000e+000  0.000000e+000  0.000000e+000  0.000000e+000  0.000000e+000  0.000000e+000  0.000000e+000  0.000000e+000  0.000000e+000  0.000000e+000  0.000000e+000  0.000000e+000  0.000000e+000  0.000000e+000  
0.000000e+000  0.000000e+000  0.000000e+000  0.000000e+000  0.000000e+000  0.000000e+000  0.000000e+000  0.000000e+000  0.000000e+000  0.000000e+000  0.000000e+000  0.000000e+000  0.000000e+000  0.000000e+000  0.000000e+000  0.000000e+000  0.000000e+000  
0.000000e+000  0.000000e+000  0.000000e+000  0.000000e+000  0.000000e+000  0.000000e+000  0.000000e+000  0.000000e+000  0.000000e+000  0.000000e+000  0.000000e+000  0.000000e+000  0.000000e+000  0.000000e+000  0.000000e+000  0.000000e+000  0.000000e+000  
0.000000e+000  0.000000e+000  0.000000e+000  0.000000e+000  0.000000e+000  0.000000e+000  0.000000e+000  0.000000e+000  0.000000e+000  0.000000e+000  0.000000e+000  0.000000e+000  0.000000e+000  0.000000e+000  0.000000e+000  0.000000e+000  0.000000e+000  
0.000000e+000  0.000000e+000  0.000000e+000  0.000000e+000  0.000000e+000  0.000000e+000  0.000000e+000  0.000000e+000  0.000000e+000  0.000000e+000  0.000000e+000  0.000000e+000  0.000000e+000  0.000000e+000  0.000000e+000  0.000000e+000  0.000000e+000  
0.000000e+000  0.000000e+000  0.000000e+000  0.000000e+000  0.000000e+000  0.000000e+000  0.000000e+000  0.000000e+000  0.000000e+000  0.000000e+000  0.000000e+000  0.000000e+000  0.000000e+000  0.000000e+000  0.000000e+000  0.000000e+000  0.000000e+000  
0.000000e+000  0.000000e+000  0.000000e+000  0.000000e+000  0.000000e+000  0.000000e+000  0.000000e+000  0.000000e+000  0.000000e+000  0.000000e+000  0.000000e+000  0.000000e+000  0.000000e+000  0.000000e+000  0.000000e+000  0.000000e+000  0.000000e+000  
0.000000e+000  0.000000e+000  0.000000e+000  0.000000e+000  0.000000e+000  0.000000e+000  0.000000e+000  0.000000e+000  0.000000e+000  0.000000e+000  0.000000e+000  0.000000e+000  0.000000e+000  0.000000e+000  0.000000e+000  0.000000e+000  0.000000e+000  
0.000000e+000  0.000000e+000  0.000000e+000  0.000000e+000  0.000000e+000  0.000000e+000  0.000000e+000  0.000000e+000  0.000000e+000  0.000000e+000  0.000000e+000  0.000000e+000  0.000000e+000  0.000000e+000  0.000000e+000  0.000000e+000  0.000000e+000  
0.000000e+000  0.000000e+000  0.000000e+000  0.000000e+000  0.000000e+000  0.000000e+000  0.000000e+000  0.000000e+000  0.000000e+000  0.000000e+000  0.000000e+000  0.000000e+000  0.000000e+000  0.000000e+000  0.000000e+000  0.000000e+000  0.000000e+000  
0.000000e+000  0.000000e+000  0.000000e+000  0.000000e+000  0.000000e+000  0.000000e+000  0.000000e+000  0.000000e+000  0.000000e+000  0.000000e+000  0.000000e+000  0.000000e+000  0.000000e+000  0.000000e+000  0.000000e+000  0.000000e+000  0.000000e+000  
0.000000e+000  0.000000e+000  0.000000e+000  0.000000e+000  0.000000e+000  0.000000e+000  0.000000e+000  0.000000e+000  0.000000e+000  0.000000e+000  0.000000e+000  0.000000e+000  0.000000e+000  0.000000e+000  0.000000e+000  0.000000e+000  0.000000e+000  
0.000000e+000  0.000000e+000  0.000000e+000  0.000000e+000  0.000000e+000  0.000000e+000  0.000000e+000  0.000000e+000  0.000000e+000  0.000000e+000  0.000000e+000  0.000000e+000  0.000000e+000  0.000000e+000  0.000000e+000  0.000000e+000  0.000000e+000  

0.000000e+000  0.000000e+000  0.000000e+000  0.000000e+000  0.000000e+000  0.000000e+000  0.000000e+000  0.000000e+000  0.000000e+000  0.000000e+000  0.000000e+000  0.000000e+000  0.000000e+000  0.000000e+000  0.000000e+000  0.000000e+000  0.000000e+000  
0.000000e+000  0.000000e+000  0.000000e+000  0.000000e+000  0.000000e+000  0.000000e+000  0.000000e+000  0.000000e+000  0.000000e+000  0.000000e+000  0.000000e+000  0.000000e+000  0.000000e+000  0.000000e+000  0.000000e+000  0.000000e+000  0.000000e+000  
0.000000e+000  0.000000e+000  0.000000e+000  0.000000e+000  0.000000e+000  0.000000e+000  0.000000e+000  0.000000e+000  0.000000e+000  0.000000e+000  0.000000e+000  0.000000e+000  0.000000e+000  0.000000e+000  0.000000e+000  0.000000e+000  0.000000e+000  
0.000000e+000  0.000000e+000  0.000000e+000  0.000000e+000  0.000000e+000  0.000000e+000  0.000000e+000  0.000000e+000  0.000000e+000  0.000000e+000  0.000000e+000  0.000000e+000  0.000000e+000  0.000000e+000  0.000000e+000  0.000000e+000  0.000000e+000  
0.000000e+000  0.000000e+000  0.000000e+000  0.000000e+000  0.000000e+000  0.000000e+000  0.000000e+000  0.000000e+000  0.000000e+000  0.000000e+000  0.000000e+000  0.000000e+000  0.000000e+000  0.000000e+000  0.000000e+000  0.000000e+000  0.000000e+000  
0.000000e+000  0.000000e+000  0.000000e+000  0.000000e+000  0.000000e+000  0.000000e+000  0.000000e+000  0.000000e+000  0.000000e+000  0.000000e+000  0.000000e+000  0.000000e+000  0.000000e+000  0.000000e+000  0.000000e+000  0.000000e+000  0.000000e+000  
0.000000e+000  0.000000e+000  0.000000e+000  0.000000e+000  0.000000e+000  0.000000e+000  0.000000e+000  0.000000e+000  0.000000e+000  0.000000e+000  0.000000e+000  0.000000e+000  0.000000e+000  0.000000e+000  0.000000e+000  0.000000e+000  0.000000e+000  
0.000000e+000  0.000000e+000  0.000000e+000  0.000000e+000  0.000000e+000  0.000000e+000  0.000000e+000  0.000000e+000  0.000000e+000  0.000000e+000  0.000000e+000  0.000000e+000  0.000000e+000  0.000000e+000  0.000000e+000  0.000000e+000  0.000000e+000  
0.000000e+000  0.000000e+000  0.000000e+000  0.000000e+000  0.000000e+000  0.000000e+000  0.000000e+000  0.000000e+000  0.000000e+000  0.000000e+000  0.000000e+000  0.000000e+000  0.000000e+000  0.000000e+000  0.000000e+000  0.000000e+000  0.000000e+000  
0.000000e+000  0.000000e+000  0.000000e+000  0.000000e+000  0.000000e+000  0.000000e+000  0.000000e+000  0.000000e+000  0.000000e+000  0.000000e+000  0.000000e+000  0.000000e+000  0.000000e+000  0.000000e+000  0.000000e+000  0.000000e+000  0.000000e+000  
0.000000e+000  0.000000e+000  0.000000e+000  0.000000e+000  0.000000e+000  0.000000e+000  0.000000e+000  0.000000e+000  0.000000e+000  0.000000e+000  0.000000e+000  0.000000e+000  0.000000e+000  0.000000e+000  0.000000e+000  0.000000e+000  0.000000e+000  
0.000000e+000  0.000000e+000  0.000000e+000  0.000000e+000  0.000000e+000  0.000000e+000  0.000000e+000  0.000000e+000  0.000000e+000  0.000000e+000  0.000000e+000  0.000000e+000  0.000000e+000  0.000000e+000  0.000000e+000  0.000000e+000  0.000000e+000  
0.000000e+000  0.000000e+000  0.000000e+000  0.000000e+000  0.000000e+000  0.000000e+000  0.000000e+000  0.000000e+000  0.000000e+000  0.000000e+000  0.000000e+000  0.000000e+000  0.000000e+000  0.000000e+000  0.000000e+000  0.000000e+000  0.000000e+000  
0.000000e+000  0.000000e+000  0.000000e+000  0.000000e+000  0.000000e+000  0.000000e+000  0.000000e+000  0.000000e+000  0.000000e+000  0.000000e+000  0.000000e+000  0.000000e+000  0.000000e+000  0.000000e+000  0.000000e+000  0.000000e+000  0.000000e+000  
0.000000e+000  0.000000e+000  0.000000e+000  0.000000e+000  0.000000e+000  0.000000e+000  0.000000e+000  0.000000e+000  0.000000e+000  0.000000e+000  0.000000e+000  0.000000e+000  0.000000e+000  0.000000e+000  0.000000e+000  0.000000e+000  0.000000e+000  
0.000000e+000  0.000000e+000  0.000000e+000  0.000000e+000  0.000000e+000  0.000000e+000  0.000000e+000  0.000000e+000  0.000000e+000  0.000000e+000  0.000000e+000  0.000000e+000  0.000000e+000  0.000000e+000  0.000000e+000  0.000000e+000  0.000000e+000  
0.000000e+000  0.000000e+000  0.000000e+000  0.000000e+000  0.000000e+000  0.000000e+000  0.000000e+000  0.000000e+000  0.000000e+000  0.000000e+000  0.000000e+000  0.000000e+000  0.000000e+000  0.000000e+000  0.000000e+000  0.000000e+000  0.000000e+000  
0.000000e+000  0.000000e+000  0.000000e+000  0.000000e+000  0.000000e+000  0.000000e+000  0.000000e+000  0.000000e+000  0.000000e+000  0.000000e+000  0.000000e+000  0.000000e+000  0.000000e+000  0.000000e+000  0.000000e+000  0.000000e+000  0.000000e+000  
0.000000e+000  0.000000e+000  0.000000e+000  0.000000e+000  0.000000e+000  0.000000e+000  0.000000e+000  0.000000e+000  0.000000e+000  0.000000e+000  0.000000e+000  0.000000e+000  0.000000e+000  0.000000e+000  0.000000e+000  0.000000e+000  0.000000e+000  
0.000000e+000  0.000000e+000  0.000000e+000  0.000000e+000  0.000000e+000  0.000000e+000  0.000000e+000  0.000000e+000  0.000000e+000  0.000000e+000  0.000000e+000  0.000000e+000  0.000000e+000  0.000000e+000  0.000000e+000  0.000000e+000  0.000000e+000  
0.000000e+000  0.000000e+000  0.000000e+000  0.000000e+000  0.000000e+000  0.000000e+000  0.000000e+000  0.000000e+000  0.000000e+000  0.000000e+000  0.000000e+000  0.000000e+000  0.000000e+000  0.000000e+000  0.000000e+000  0.000000e+000  0.000000e+000  
0.000000e+000  0.000000e+000  0.000000e+000  0.000000e+000  0.000000e+000  0.000000e+000  0.000000e+000  0.000000e+000  0.000000e+000  0.000000e+000  0.000000e+000  0.000000e+000  0.000000e+000  0.000000e+000  0.000000e+000  0.000000e+000  0.000000e+000  
0.000000e+000  0.000000e+000  0.000000e+000  0.000000e+000  0.000000e+000  0.000000e+000  0.000000e+000  0.000000e+000  0.000000e+000  0.000000e+000  0.000000e+000  0.000000e+000  0.000000e+000  0.000000e+000  0.000000e+000  0.000000e+000  0.000000e+000  
0.000000e+000  0.000000e+000  0.000000e+000  0.000000e+000  0.000000e+000  0.000000e+000  0.000000e+000  0.000000e+000  0.000000e+000  0.000000e+000  0.000000e+000  0.000000e+000  0.000000e+000  0.000000e+000  0.000000e+000  0.000000e+000  0.000000e+000  
0.000000e+000  0.000000e+000  0.000000e+000  0.000000e+000  0.000000e+000  0.000000e+000  0.000000e+000  0.000000e+000  0.000000e+000  0.000000e+000  0.000000e+000  0.000000e+000  0.000000e+000  0.000000e+000  0.000000e+000  0.000000e+000  0.000000e+000  
0.000000e+000  0.000000e+000  0.000000e+000  0.000000e+000  0.000000e+000  0.000000e+000  0.000000e+000  0.000000e+000  0.000000e+000  0.000000e+000  0.000000e+000  0.000000e+000  0.000000e+000  0.000000e+000  0.000000e+000  0.000000e+000  0.000000e+000  
0.000000e+000  0.000000e+000  0.000000e+000  0.000000e+000  0.000000e+000  0.000000e+000  0.000000e+000  0.000000e+000  0.000000e+000  0.000000e+000  0.000000e+000  0.000000e+000  0.000000e+000  0.000000e+000  0.000000e+000  0.000000e+000  0.000000e+000  
0.000000e+000  0.000000e+000  0.000000e+000  0.000000e+000  0.000000e+000  0.000000e+000  0.000000e+000  0.000000e+000  0.000000e+000  0.000000e+000  0.000000e+000  0.000000e+000  0.000000e+000  0.000000e+000  0.000000e+000  0.000000e+000  0.000000e+000  
0.000000e+000  0.000000e+000  0.000000e+000  0.000000e+000  0.000000e+000  0.000000e+000  0.000000e+000  0.000000e+000  0.000000e+000  0.000000e+000  0.000000e+000  0.000000e+000  0.000000e+000  0.000000e+000  0.000000e+000  0.000000e+000  0.000000e+000  
0.000000e+000  0.000000e+000  0.000000e+000  0.000000e+000  0.000000e+000  0.000000e+000  0.000000e+000  0.000000e+000  0.000000e+000  0.000000e+000  0.000000e+000  0.000000e+000  0.000000e+000  0.000000e+000  0.000000e+000  0.000000e+000  0.000000e+000  
0.000000e+000  0.000000e+000  0.000000e+000  0.000000e+000  0.000000e+000  0.000000e+000  0.000000e+000  0.000000e+000  0.000000e+000  0.000000e+000  0.000000e+000  0.000000e+000  0.000000e+000  0.000000e+000  0.000000e+000  0.000000e+000  0.000000e+000  
0.000000e+000  0.000000e+000  0.000000e+000  0.000000e+000  0.000000e+000  0.000000e+000  0.000000e+000  0.000000e+000  0.000000e+000  0.000000e+000  0.000000e+000  0.000000e+000  0.000000e+000  0.000000e+000  0.000000e+000  0.000000e+000  0.000000e+000  
0.000000e+000  0.000000e+000  0.000000e+000  0.000000e+000  0.000000e+000  0.000000e+000  0.000000e+000  0.000000e+000  0.000000e+000  0.000000e+000  0.000000e+000  0.000000e+000  0.000000e+000  0.000000e+000  0.000000e+000  0.000000e+000  0.000000e+000  
0.000000e+000  0.000000e+000  0.000000e+000  0.000000e+000  0.000000e+000  0.000000e+000  0.000000e+000  0.000000e+000  0.000000e+000  0.000000e+000  0.000000e+000  0.000000e+000  0.000000e+000  0.000000e+000  0.000000e+000  0.000000e+000  0.000000e+000  
0.000000e+000  0.000000e+000  0.000000e+000  0.000000e+000  0.000000e+000  0.000000e+000  0.000000e+000  0.000000e+000  0.000000e+000  0.000000e+000  0.000000e+000  0.000000e+000  0.000000e+000  0.000000e+000  0.000000e+000  0.000000e+000  0.000000e+000  
0.000000e+000  0.000000e+000  0.000000e+000  0.000000e+000  0.000000e+000  0.000000e+000  0.000000e+000  0.000000e+000  0.000000e+000  0.000000e+000  0.000000e+000  0.000000e+000  0.000000e+000  0.000000e+000  0.000000e+000  0.000000e+000  0.000000e+000  
0.000000e+000  0.000000e+000  0.000000e+000  0.000000e+000  0.000000e+000  0.000000e+000  0.000000e+000  0.000000e+000  0.000000e+000  0.000000e+000  0.000000e+000  0.000000e+000  0.000000e+000  0.000000e+000  0.000000e+000  0.000000e+000  0.000000e+000  

-0.000000e+000  -6.295077e+000  -1.255389e+001  -1.874060e+001  -2.482013e+001  -2.532165e+001  -2.569914e+001  -2.596445e+001  -2.613026e+001  -2.620962e+001  -2.621550e+001  -2.616045e+001  -2.605635e+001  -2.573407e+001  -2.533653e+001  -2.425975e+001  -2.354411e+001  
-0.000000e+000  -6.622549e+000  -1.320509e+001  -1.970801e+001  -2.609250e+001  -2.652047e+001  -2.681234e+001  -2.698440e+001  -2.705330e+001  -2.703546e+001  -2.694652e+001  -2.680110e+001  -2.661252e+001  -2.614172e+001  -2.562514e+001  -2.437090e+001  -2.358903e+001  
-0.000000e+000  -7.975148e+000  -1.589624e+001  -2.370919e+001  -3.135991e+001  -3.140903e+001  -3.128020e+001  -3.101141e+001  -3.063742e+001  -3.018874e+001  -2.969133e+001  -2.916667e+001  -2.863211e+001  -2.757440e+001  -2.660471e+001  -2.471866e+001  -2.371467e+001  
-0.000000e+000  -1.003243e+001  -2.000111e+001  -2.983919e+001  -3.947433e+001  -3.862120e+001  -3.757830e+001  -3.642683e+001  -3.523075e+001  -3.403764e+001  -3.288090e+001  -3.178249e+001  -3.075563e+001  -2.893716e+001  -2.743525e+001  -2.493183e+001  -2.374636e+001  
-0.000000e+000  -1.300314e+001  -2.598312e+001  -3.890056e+001  -5.168567e+001  -4.870249e+001  -4.571754e+001  -4.287337e+001  -4.025202e+001  -3.789026e+001  -3.579442e+001  -3.395258e+001  -3.234340e+001  -2.974798e+001  -2.778237e+001  -2.489347e+001  -2.363665e+001  
-0.000000e+000  -1.459155e+001  -2.927612e+001  -4.411194e+001  -5.908862e+001  -5.402966e+001  -4.939392e+001  -4.530663e+001  -4.178855e+001  -3.880150e+001  -3.628150e+001  -3.415857e+001  -3.236682e+001  -2.960380e+001  -2.758404e+001  -2.473517e+001  -2.351791e+001  
-0.000000e+000  -1.579663e+001  -3.193879e+001  -4.871542e+001  -6.628523e+001  -5.827108e+001  -5.157582e+001  -4.616366e+001  -4.185252e+001  -3.842630e+001  -3.568883e+001  -3.348051e+001  -3.167779e+001  -2.900783e+001  -2.710812e+001  -2.448503e+001  -2.336051e+001  
-0.000000e+000  -1.589284e+001  -3.229906e+001  -4.968593e+001  -6.837668e+001  -5.889754e+001  -5.138081e+001  -4.558192e+001  -4.113429e+001  -3.770003e+001  -3.501345e+001  -3.287847e+001  -3.115339e+001  -2.862560e+001  -2.683579e+001  -2.436004e+001  -2.328757e+001  
-0.000000e+000  -1.564604e+001  -3.200374e+001  -4.978335e+001  -6.957937e+001  -5.853882e+001  -5.032330e+001  -4.432542e+001  -3.991498e+001  -3.660930e+001  -3.407435e+001  -3.208534e+001  -3.049029e+001  -2.816724e+001  -2.652231e+001  -2.422381e+001  -2.321073e+001  
-0.000000e+000  -1.492509e+001  -3.076092e+001  -4.853620e+001  -6.932438e+001  -5.674313e+001  -4.814091e+001  -4.226962e+001  -3.814589e+001  -3.514128e+001  -3.287380e+001  -3.110891e+001  -2.969767e+001  -2.764025e+001  -2.617300e+001  -2.407850e+001  -2.313106e+001  
-0.000000e+000  -1.359844e+001  -2.822843e+001  -4.528541e+001  -6.672155e+001  -5.290514e+001  -4.456338e+001  -3.932925e+001  -3.581822e+001  -3.331249e+001  -3.143365e+001  -2.996956e+001  -2.879278e+001  -2.705576e+001  -2.579482e+001  -2.392661e+001  -2.304977e+001  
-0.000000e+000  -1.212395e+001  -2.520942e+001  -4.084580e+001  -6.210287e+001  -4.807034e+001  -4.075773e+001  -3.649560e+001  -3.370373e+001  -3.171111e+001  -3.020289e+001  -2.901272e+001  -2.804321e+001  -2.658051e+001  -2.549225e+001  -2.380810e+001  -2.298748e+001  
-0.000000e+000  -1.027703e+001  -2.120322e+001  -3.423282e+001  -5.383868e+001  -4.120456e+001  -3.603800e+001  -3.322841e+001  -3.135934e+001  -2.997508e+001  -2.888763e+001  -2.800061e+001  -2.725686e+001  -2.608775e+001  -2.518194e+001  -2.368874e+001  -2.292559e+001  
-0.000000e+000  -8.178421e+000  -1.638297e+001  -2.507862e+001  -3.913588e+001  -3.207678e+001  -3.061392e+001  -2.968799e+001  -2.888003e+001  -2.816095e+001  -2.752322e+001  -2.695643e+001  -2.644947e+001  -2.558576e+001  -2.486838e+001  -2.356995e+001  -2.286474e+001  
-0.000000e+000  -6.068733e+000  -1.137126e+001  -1.385292e+001  -0.000000e+000  -2.125432e+001  -2.503870e+001  -2.612394e+001  -2.638561e+001  -2.633370e+001  -2.614863e+001  -2.590521e+001  -2.563780e+001  -2.508326e+001  -2.455626e+001  -2.345316e+001  -2.280552e+001  
-0.000000e+000  -3.739156e+000  -6.427197e+000  -6.290935e+000  -0.000000e+000  -1.283765e+001  -1.896641e+001  -2.182824e+001  -2.326182e+001  -2.400488e+001  -2.438124e+001  -2.454773e+001  -2.458769e+001  -2.443389e+001  -2.415446e+001  -2.330454e+001  -2.273096e+001  
-0.000000e+000  -2.112806e+000  -3.373449e+000  -2.849918e+000  -0.000000e+000  -8.557815e+000  -1.463894e+001  -1.830512e+001  -2.052074e+001  -2.188772e+001  -2.274268e+001  -2.327505e+001  -2.359664e+001  -2.381882e+001  -2.377420e+001  -2.316518e+001  -2.266172e+001  
-0.000000e+000  -5.710525e-001  -8.488370e-001  -6.405921e-001  -0.000000e+000  -5.098879e+000  -9.854670e+000  -1.360451e+001  -1.643211e+001  -1.851479e+001  -2.002769e+001  -2.111521e+001  -2.188879e+001  -2.274637e+001  -2.310890e+001  -2.292354e+001  -2.254309e+001  
-0.000000e+000  -1.044287e-001  -1.503055e-001  -1.085325e-001  -0.000000e+000  -3.590293e+000  -7.248546e+000  -1.050357e+001  -1.328136e+001  -1.557782e+001  -1.742997e+001  -1.889410e+001  -2.003192e+001  -2.150650e+001  -2.231225e+001  -2.263352e+001  -2.240340e+001  
-0.000000e+000  -5.710525e-001  -8.488370e-001  -6.405921e-001  -0.000000e+000  -5.098879e+000  -9.854670e+000  -1.360451e+001  -1.643211e+001  -1.851479e+001  -2.002769e+001  -2.111521e+001  -2.188879e+001  -2.274637e+001  -2.310890e+001  -2.292354e+001  -2.254309e+001  
-0.000000e+000  -2.112806e+000  -3.373449e+000  -2.849918e+000  -0.000000e+000  -8.557815e+000  -1.463894e+001  -1.830512e+001  -2.052074e+001  -2.188772e+001  -2.274268e+001  -2.327505e+001  -2.359664e+001  -2.381882e+001  -2.377420e+001  -2.316518e+001  -2.266172e+001  
-0.000000e+000  -3.739156e+000  -6.427197e+000  -6.290936e+000  -0.000000e+000  -1.283765e+001  -1.896641e+001  -2.182824e+001  -2.326182e+001  -2.400488e+001  -2.438124e+001  -2.454773e+001  -2.458769e+001  -2.443389e+001  -2.415446e+001  -2.330454e+001  -2.273096e+001  
-0.000000e+000  -6.068733e+000  -1.137126e+001  -1.385292e+001  -0.000000e+000  -2.125432e+001  -2.503870e+001  -2.612394e+001  -2.638561e+001  -2.633370e+001  -2.614863e+001  -2.590521e+001  -2.563780e+001  -2.508326e+001  -2.455626e+001  -2.345316e+001  -2.280552e+001  
-0.000000e+000  -8.178421e+000  -1.638297e+001  -2.507862e+001  -3.913588e+001  -3.207678e+001  -3.061392e+001  -2.968799e+001  -2.888003e+001  -2.816095e+001  -2.752322e+001  -2.695643e+001  -2.644947e+001  -2.558576e+001  -2.486838e+001  -2.356995e+001  -2.286474e+001  
-0.000000e+000  -1.027703e+001  -2.120322e+001  -3.423282e+001  -5.383868e+001  -4.120456e+001  -3.603800e+001  -3.322841e+001  -3.135934e+001  -2.997508e+001  -2.888763e+001  -2.800061e+001  -2.725686e+001  -2.608775e+001  -2.518194e+001  -2.368874e+001  -2.292559e+001  
-0.000000e+000  -1.212395e+001  -2.520942e+001  -4.084580e+001  -6.210287e+001  -4.807034e+001  -4.075773e+001  -3.649560e+001  -3.370373e+001  -3.171111e+001  -3.020289e+001  -2.901272e+001  -2.804321e+001  -2.658051e+001  -2.549225e+001  -2.380810e+001  -2.298748e+001  
-0.000000e+000  -1.359844e+001  -2.822843e+001  -4.528541e+001  -6.672155e+001  -5.290514e+001  -4.456338e+001  -3.932925e+001  -3.581822e+001  -3.331249e+001  -3.143365e+001  -2.996956e+001  -2.879278e+001  -2.705576e+001  -2.579482e+001  -2.392661e+001  -2.304977e+001  
-0.000000e+000  -1.492509e+001  -3.076092e+001  -4.853620e+001  -6.932438e+001  -5.674313e+001  -4.814091e+001  -4.226962e+001  -3.814588e+001  -3.514128e+001  -3.287380e+001  -3.110891e+001  -2.969767e+001  -2.764025e+001  -2.617300e+001  -2.407850e+001  -2.313106e+001  
-0.000000e+000  -1.564604e+001  -3.200374e+001  -4.978335e+001  -6.957937e+001  -5.853882e+001  -5.032330e+001  -4.432542e+001  -3.991498e+001  -3.660930e+001  -3.407435e+001  -3.208534e+001  -3.049029e+001  -2.816724e+001  -2.652231e+001  -2.422381e+001  -2.321073e+001  
-0.000000e+000  -1.589284e+001  -3.229906e+001  -4.968593e+001  -6.837668e+001  -5.889754e+001  -5.138081e+001  -4.558192e+001  -4.113429e+001  -3.770003e+001  -3.501345e+001  -3.287847e+001  -3.115339e+001  -2.862560e+001  -2.683579e+001  -2.436004e+001  -2.328757e+001  
-0.000000e+000  -1.579663e+001  -3.193879e+001  -4.871542e+001  -6.628523e+001  -5.827108e+001  -5.157582e+001  -4.616366e+001  -4.185252e+001  -3.842630e+001  -3.568883e+001  -3.348051e+001  -3.167779e+001  -2.900783e+001  -2.710812e+001  -2.448503e+001  -2.336051e+001  
-0.000000e+000  -1.459155e+001  -2.927612e+001  -4.411194e+001  -5.908862e+001  -5.402966e+001  -4.939392e+001  -4.530663e+001  -4.178855e+001  -3.880150e+001  -3.628150e+001  -3.415857e+001  -3.236682e+001  -2.960380e+001  -2.758404e+001  -2.473517e+001  -2.351791e+001  
-0.000000e+000  -1.300314e+001  -2.598312e+001  -3.890056e+001  -5.168567e+001  -4.870249e+001  -4.571754e+001  -4.287337e+001  -4.025202e+001  -3.789026e+001  -3.579442e+001  -3.395258e+001  -3.234340e+001  -2.974798e+001  -2.778237e+001  -2.489347e+001  -2.363665e+001  
-0.000000e+000  -1.003243e+001  -2.000111e+001  -2.983919e+001  -3.947433e+001  -3.862120e+001  -3.757830e+001  -3.642683e+001  -3.523075e+001  -3.403764e+001  -3.288090e+001  -3.178249e+001  -3.075563e+001  -2.893716e+001  -2.743525e+001  -2.493183e+001  -2.374636e+001  
-0.000000e+000  -7.975148e+000  -1.589624e+001  -2.370919e+001  -3.135991e+001  -3.140903e+001  -3.128020e+001  -3.101141e+001  -3.063742e+001  -3.018874e+001  -2.969133e+001  -2.916667e+001  -2.863211e+001  -2.757440e+001  -2.660471e+001  -2.471866e+001  -2.371467e+001  
-0.000000e+000  -6.622549e+000  -1.320509e+001  -1.970801e+001  -2.609250e+001  -2.652047e+001  -2.681234e+001  -2.698440e+001  -2.705330e+001  -2.703546e+001  -2.694652e+001  -2.680110e+001  -2.661252e+001  -2.614172e+001  -2.562514e+001  -2.437090e+001  -2.358903e+001  
-0.000000e+000  -6.295077e+000  -1.255389e+001  -1.874060e+001  -2.482013e+001  -2.532165e+001  -2.569914e+001  -2.596445e+001  -2.613026e+001  -2.620962e+001  -2.621550e+001  -2.616045e+001  -2.605635e+001  -2.573407e+001  -2.533653e+001  -2.425975e+001  -2.354411e+001  

