Port monitor named: Port1_e1.prt

nx        = 37
ny        = 4
nz        = 19

nu        = 17
nv        = 35
iu        = 2
iv        = 2

idir      = 1
dcut      = -4.800000e-002
icut      = 2
type      = 0
frequency = 2.400000e+009

fcutoff   = 0.000000e+000
alpha     = 0.000000e+000
beta      = 9.599083e+001
accuracy  = 1.397747e-009

type          = QTEM
wave imp.     = 2.480187e+002
wave imp.sig. = 2.383813e-008
line imp.     = 3.206298e+001

ref. port     = 0

-4.481380e+001  -4.441451e+001  -4.363031e+001  -4.248871e+001  -1.831057e+002  -1.801325e+002  -1.759401e+002  -1.706510e+002  -1.644041e+002  -1.573468e+002  -1.496271e+002  -1.413877e+002  -1.284483e+002  -1.103636e+002  -7.821255e+001  -2.712651e+001  -0.000000e+000  
-5.374715e+001  -5.301733e+001  -5.160113e+001  -4.958063e+001  -2.114295e+002  -2.066295e+002  -2.001252e+002  -1.921977e+002  -1.831396e+002  -1.732360e+002  -1.627498e+002  -1.519124e+002  -1.354227e+002  -1.137639e+002  -7.737912e+001  -2.579478e+001  -0.000000e+000  
-8.443385e+001  -8.201184e+001  -7.739261e+001  -7.099699e+001  -2.916486e+002  -2.789159e+002  -2.631154e+002  -2.452774e+002  -2.263319e+002  -2.070531e+002  -1.880402e+002  -1.697230e+002  -1.437122e+002  -1.138911e+002  -6.980929e+001  -2.118261e+001  -0.000000e+000  
-1.651662e+002  -1.561900e+002  -1.392718e+002  -1.163558e+002  -4.396264e+002  -4.014854e+002  -3.591184e+002  -3.159284e+002  -2.743892e+002  -2.360544e+002  -2.017189e+002  -1.716274e+002  -1.326851e+002  -9.533803e+001  -4.908218e+001  -1.274766e+001  -0.000000e+000  
-2.750168e+002  -2.547262e+002  -2.165506e+002  -1.652093e+002  -5.672838e+002  -4.915156e+002  -4.149188e+002  -3.437349e+002  -2.811744e+002  -2.282084e+002  -1.844730e+002  -1.489614e+002  -1.062045e+002  -7.002877e+001  -3.055803e+001  -6.649026e+000  -0.000000e+000  
-4.896938e+002  -4.456419e+002  -3.617854e+002  -2.479451e+002  -7.387397e+002  -5.876491e+002  -4.512199e+002  -3.386953e+002  -2.508443e+002  -1.844184e+002  -1.350970e+002  -9.887292e+001  -5.931558e+001  -3.119685e+001  -6.391975e+000  5.605427e-001  -0.000000e+000  
-6.372757e+002  -5.777830e+002  -4.618744e+002  -3.001987e+002  -8.146925e+002  -6.102444e+002  -4.396923e+002  -3.098058e+002  -2.154372e+002  -1.483930e+002  -1.012420e+002  -6.828660e+001  -3.404040e+001  -1.199713e+001  4.441766e+000  3.608366e+000  -0.000000e+000  
-8.328753e+002  -7.554655e+002  -5.989100e+002  -3.698754e+002  -8.891961e+002  -6.120372e+002  -4.029511e+002  -2.588292e+002  -1.630185e+002  -9.997474e+001  -5.853956e+001  -3.138671e+001  -5.078124e+000  9.194697e+000  1.587631e+001  6.734823e+000  -0.000000e+000  
-1.090953e+003  -9.970515e+002  -7.944901e+002  -4.703662e+002  -9.481715e+002  -5.715147e+002  -3.256681e+002  -1.776677e+002  -9.011565e+001  -3.804154e+001  -6.897695e+000  1.153757e+001  2.715395e+001  3.204474e+001  2.774603e+001  9.900122e+000  -0.000000e+000  
-1.424800e+003  -1.326381e+003  -1.088314e+003  -6.368266e+002  -9.553935e+002  -4.491479e+002  -1.870762e+002  -5.860941e+001  5.041597e+000  3.703398e+001  5.273821e+001  5.952332e+001  6.191701e+001  5.607606e+001  3.985054e+001  1.305981e+001  -0.000000e+000  
-1.701500e+003  -1.619455e+003  -1.391765e+003  -8.538367e+002  -8.686046e+002  -2.752633e+002  -4.245806e+001  4.733413e+001  8.234640e+001  9.485093e+001  9.720096e+001  9.457906e+001  8.677135e+001  7.299928e+001  4.820868e+001  1.520934e+001  -0.000000e+000  
-2.009647e+003  -1.968521e+003  -1.814733e+003  -1.266117e+003  -6.048912e+002  6.624681e+000  1.450294e+002  1.697249e+002  1.664353e+002  1.557527e+002  1.431953e+002  1.304490e+002  1.119140e+002  8.997401e+001  5.648928e+001  1.731693e+001  -0.000000e+000  
-2.333418e+003  -2.360814e+003  -2.389803e+003  -2.159195e+003  8.582469e+001  4.303929e+002  3.666768e+002  3.005789e+002  2.528107e+002  2.172816e+002  1.893062e+002  1.662566e+002  1.368954e+002  1.067644e+002  6.460936e+001  1.936591e+001  -0.000000e+000  
-2.646338e+003  -2.752207e+003  -3.064734e+003  -4.065173e+003  2.397907e+003  9.767780e+002  5.891916e+002  4.260618e+002  3.356214e+002  2.766362e+002  2.340189e+002  2.010913e+002  1.612580e+002  1.231320e+002  7.248526e+001  2.133962e+001  -0.000000e+000  
-3.001138e+003  -3.151181e+003  -3.552501e+003  -4.533668e+003  2.202824e+003  1.223647e+003  7.822264e+002  5.603198e+002  4.320245e+002  3.486614e+002  2.895350e+002  2.449085e+002  1.922502e+002  1.440394e+002  8.252762e+001  2.384079e+001  -0.000000e+000  
-3.251335e+003  -3.375385e+003  -3.637776e+003  -3.997091e+003  1.587555e+003  1.181831e+003  8.576318e+002  6.445850e+002  5.045541e+002  4.078957e+002  3.374596e+002  2.837820e+002  2.204245e+002  1.632584e+002  9.179406e+001  2.613916e+001  -0.000000e+000  
-3.491789e+003  -3.534069e+003  -3.604512e+003  -3.668148e+003  1.070878e+003  9.691490e+002  8.307936e+002  6.966008e+002  5.806760e+002  4.849172e+002  4.069929e+002  3.436863e+002  2.662386e+002  1.953358e+002  1.074817e+002  3.002103e+001  -0.000000e+000  
-3.569769e+003  -3.577823e+003  -3.589904e+003  -3.599144e+003  8.275360e+002  7.946267e+002  7.364221e+002  6.649667e+002  5.896519e+002  5.165165e+002  4.488810e+002  3.882078e+002  3.081121e+002  2.283736e+002  1.252154e+002  3.449149e+001  -0.000000e+000  
-3.491789e+003  -3.534069e+003  -3.604512e+003  -3.668148e+003  1.070878e+003  9.691490e+002  8.307936e+002  6.966008e+002  5.806760e+002  4.849172e+002  4.069929e+002  3.436863e+002  2.662386e+002  1.953358e+002  1.074817e+002  3.002103e+001  -0.000000e+000  
-3.251335e+003  -3.375385e+003  -3.637776e+003  -3.997091e+003  1.587555e+003  1.181831e+003  8.576318e+002  6.445850e+002  5.045541e+002  4.078957e+002  3.374596e+002  2.837820e+002  2.204245e+002  1.632584e+002  9.179406e+001  2.613916e+001  -0.000000e+000  
-3.001138e+003  -3.151181e+003  -3.552501e+003  -4.533668e+003  2.202824e+003  1.223647e+003  7.822264e+002  5.603198e+002  4.320245e+002  3.486614e+002  2.895350e+002  2.449085e+002  1.922502e+002  1.440394e+002  8.252762e+001  2.384079e+001  -0.000000e+000  
-2.646338e+003  -2.752207e+003  -3.064734e+003  -4.065173e+003  2.397907e+003  9.767780e+002  5.891916e+002  4.260618e+002  3.356214e+002  2.766362e+002  2.340189e+002  2.010913e+002  1.612580e+002  1.231320e+002  7.248526e+001  2.133962e+001  -0.000000e+000  
-2.333418e+003  -2.360814e+003  -2.389803e+003  -2.159195e+003  8.582469e+001  4.303929e+002  3.666768e+002  3.005789e+002  2.528107e+002  2.172816e+002  1.893062e+002  1.662566e+002  1.368954e+002  1.067644e+002  6.460936e+001  1.936591e+001  -0.000000e+000  
-2.009647e+003  -1.968521e+003  -1.814733e+003  -1.266117e+003  -6.048912e+002  6.624681e+000  1.450294e+002  1.697249e+002  1.664353e+002  1.557527e+002  1.431953e+002  1.304490e+002  1.119140e+002  8.997401e+001  5.648928e+001  1.731693e+001  -0.000000e+000  
-1.701500e+003  -1.619455e+003  -1.391765e+003  -8.538367e+002  -8.686046e+002  -2.752633e+002  -4.245806e+001  4.733413e+001  8.234640e+001  9.485093e+001  9.720096e+001  9.457906e+001  8.677135e+001  7.299928e+001  4.820868e+001  1.520934e+001  -0.000000e+000  
-1.424800e+003  -1.326381e+003  -1.088314e+003  -6.368266e+002  -9.553935e+002  -4.491479e+002  -1.870762e+002  -5.860941e+001  5.041597e+000  3.703398e+001  5.273821e+001  5.952332e+001  6.191701e+001  5.607606e+001  3.985054e+001  1.305981e+001  -0.000000e+000  
-1.090953e+003  -9.970515e+002  -7.944901e+002  -4.703662e+002  -9.481715e+002  -5.715147e+002  -3.256681e+002  -1.776677e+002  -9.011565e+001  -3.804154e+001  -6.897695e+000  1.153757e+001  2.715395e+001  3.204474e+001  2.774603e+001  9.900122e+000  -0.000000e+000  
-8.328753e+002  -7.554655e+002  -5.989100e+002  -3.698754e+002  -8.891961e+002  -6.120372e+002  -4.029511e+002  -2.588292e+002  -1.630185e+002  -9.997474e+001  -5.853956e+001  -3.138671e+001  -5.078124e+000  9.194697e+000  1.587631e+001  6.734823e+000  -0.000000e+000  
-6.372757e+002  -5.777830e+002  -4.618744e+002  -3.001987e+002  -8.146925e+002  -6.102444e+002  -4.396923e+002  -3.098058e+002  -2.154372e+002  -1.483930e+002  -1.012420e+002  -6.828660e+001  -3.404040e+001  -1.199713e+001  4.441766e+000  3.608366e+000  -0.000000e+000  
-4.896938e+002  -4.456419e+002  -3.617854e+002  -2.479451e+002  -7.387397e+002  -5.876491e+002  -4.512199e+002  -3.386953e+002  -2.508443e+002  -1.844184e+002  -1.350970e+002  -9.887292e+001  -5.931558e+001  -3.119685e+001  -6.391975e+000  5.605427e-001  -0.000000e+000  
-2.750168e+002  -2.547262e+002  -2.165506e+002  -1.652093e+002  -5.672838e+002  -4.915156e+002  -4.149188e+002  -3.437349e+002  -2.811744e+002  -2.282084e+002  -1.844730e+002  -1.489614e+002  -1.062045e+002  -7.002877e+001  -3.055803e+001  -6.649026e+000  -0.000000e+000  
-1.651662e+002  -1.561900e+002  -1.392718e+002  -1.163558e+002  -4.396264e+002  -4.014854e+002  -3.591184e+002  -3.159284e+002  -2.743892e+002  -2.360544e+002  -2.017189e+002  -1.716274e+002  -1.326851e+002  -9.533803e+001  -4.908218e+001  -1.274766e+001  -0.000000e+000  
-8.443385e+001  -8.201184e+001  -7.739261e+001  -7.099699e+001  -2.916486e+002  -2.789159e+002  -2.631154e+002  -2.452774e+002  -2.263319e+002  -2.070531e+002  -1.880402e+002  -1.697230e+002  -1.437122e+002  -1.138911e+002  -6.980929e+001  -2.118261e+001  -0.000000e+000  
-5.374715e+001  -5.301733e+001  -5.160113e+001  -4.958063e+001  -2.114295e+002  -2.066295e+002  -2.001252e+002  -1.921977e+002  -1.831396e+002  -1.732360e+002  -1.627498e+002  -1.519124e+002  -1.354227e+002  -1.137639e+002  -7.737912e+001  -2.579478e+001  -0.000000e+000  
-4.481380e+001  -4.441451e+001  -4.363031e+001  -4.248871e+001  -1.831057e+002  -1.801325e+002  -1.759401e+002  -1.706510e+002  -1.644041e+002  -1.573468e+002  -1.496271e+002  -1.413877e+002  -1.284483e+002  -1.103636e+002  -7.821255e+001  -2.712651e+001  -0.000000e+000  

-0.000000e+000  -5.345634e-001  -1.024900e+000  -1.431013e+000  -1.720851e+000  -5.607875e+000  -9.219503e+000  -1.247841e+001  -1.533307e+001  -1.775696e+001  -1.974588e+001  -2.131421e+001  -2.249061e+001  -2.378361e+001  -2.404668e+001  -2.183218e+001  -1.950523e+001  
-0.000000e+000  -3.327675e+000  -6.356198e+000  -8.819897e+000  -1.051561e+001  -2.483495e+001  -3.759306e+001  -4.851501e+001  -5.748025e+001  -6.449925e+001  -6.968270e+001  -7.320975e+001  -7.529940e+001  -7.587309e+001  -7.351169e+001  -6.139348e+001  -5.249926e+001  
-0.000000e+000  -1.367112e+001  -2.593203e+001  -3.554993e+001  -4.162577e+001  -7.409085e+001  -1.004775e+002  -1.205162e+002  -1.345186e+002  -1.431725e+002  -1.473536e+002  -1.479821e+002  -1.459292e+002  -1.360935e+002  -1.233376e+002  -9.154202e+001  -7.381834e+001  
-0.000000e+000  -4.282957e+001  -8.070988e+001  -1.092968e+002  -1.254702e+002  -1.832892e+002  -2.227617e+002  -2.455976e+002  -2.549047e+002  -2.541462e+002  -2.464870e+002  -2.345098e+002  -2.201717e+002  -1.886336e+002  -1.593121e+002  -1.061695e+002  -8.139088e+001  
-0.000000e+000  -8.781427e+001  -1.651962e+002  -2.225293e+002  -2.524507e+002  -3.308732e+002  -3.723678e+002  -3.846561e+002  -3.769294e+002  -3.571477e+002  -3.311615e+002  -3.028480e+002  -2.745906e+002  -2.223720e+002  -1.793675e+002  -1.118358e+002  -8.303836e+001  
-0.000000e+000  -1.568485e+002  -2.964991e+002  -4.004657e+002  -4.512084e+002  -5.389996e+002  -5.603456e+002  -5.394679e+002  -4.974364e+002  -4.478495e+002  -3.980702e+002  -3.515455e+002  -3.095977e+002  -2.402973e+002  -1.875639e+002  -1.119334e+002  -8.139849e+001  
-0.000000e+000  -2.098366e+002  -3.996910e+002  -5.442485e+002  -6.138028e+002  -6.991808e+002  -6.938861e+002  -6.409415e+002  -5.708829e+002  -4.997360e+002  -4.342671e+002  -3.765544e+002  -3.266344e+002  -2.480536e+002  -1.903350e+002  -1.109865e+002  -7.980209e+001  
-0.000000e+000  -2.789540e+002  -5.394647e+002  -7.486336e+002  -8.518565e+002  -9.170539e+002  -8.580309e+002  -7.537505e+002  -6.455152e+002  -5.484865e+002  -4.659624e+002  -3.969880e+002  -3.394966e+002  -2.527441e+002  -1.909238e+002  -1.089704e+002  -7.752098e+001  
-0.000000e+000  -3.629367e+002  -7.206801e+002  -1.038628e+003  -1.214574e+003  -1.213928e+003  -1.051418e+003  -8.697102e+002  -7.136590e+002  -5.885873e+002  -4.895366e+002  -4.105412e+002  -3.467327e+002  -2.537326e+002  -1.890567e+002  -1.058343e+002  -7.454674e+001  
-0.000000e+000  -4.373870e+002  -9.009068e+002  -1.380665e+003  -1.720546e+003  -1.551828e+003  -1.225841e+003  -9.547034e+002  -7.552954e+002  -6.090697e+002  -4.991527e+002  -4.142198e+002  -3.469664e+002  -2.509889e+002  -1.852247e+002  -1.022114e+002  -7.144855e+001  
-0.000000e+000  -4.880569e+002  -1.041727e+003  -1.713805e+003  -2.367729e+003  -1.875604e+003  -1.352358e+003  -1.003007e+003  -7.736674e+002  -6.151640e+002  -4.997225e+002  -4.120955e+002  -3.434507e+002  -2.465878e+002  -1.807729e+002  -9.870118e+001  -6.859341e+001  
-0.000000e+000  -5.133553e+002  -1.136740e+003  -2.053742e+003  -3.481528e+003  -2.209496e+003  -1.427292e+003  -1.015739e+003  -7.711202e+002  -6.086018e+002  -4.921600e+002  -4.044510e+002  -3.360375e+002  -2.399621e+002  -1.749792e+002  -9.464291e+001  -6.541982e+001  
-0.000000e+000  -4.961437e+002  -1.118343e+003  -2.196378e+003  -5.632824e+003  -2.397421e+003  -1.391670e+003  -9.788361e+002  -7.442746e+002  -5.884763e+002  -4.761866e+002  -3.911890e+002  -3.246911e+002  -2.311056e+002  -1.678474e+002  -9.004563e+001  -6.193666e+001  
-0.000000e+000  -4.190351e+002  -8.909016e+002  -1.468936e+003  -0.000000e+000  -1.486262e+003  -1.142631e+003  -8.735851e+002  -6.855919e+002  -5.499502e+002  -4.481538e+002  -3.693720e+002  -3.069647e+002  -2.181957e+002  -1.579696e+002  -8.405353e+001  -5.751231e+001  
-0.000000e+000  -2.940276e+002  -5.566585e+002  -6.520619e+002  -0.000000e+000  -7.672823e+002  -8.180896e+002  -7.100434e+002  -5.907020e+002  -4.880107e+002  -4.039890e+002  -3.358430e+002  -2.804218e+002  -1.997306e+002  -1.444097e+002  -7.629350e+001  -5.193861e+001  
-0.000000e+000  -1.390484e+002  -2.288981e+002  -2.033142e+002  -0.000000e+000  -3.202635e+002  -4.605208e+002  -4.746542e+002  -4.355818e+002  -3.805691e+002  -3.253721e+002  -2.756485e+002  -2.328042e+002  -1.671341e+002  -1.209835e+002  -6.341020e+001  -4.288015e+001  
-0.000000e+000  -1.661465e+001  -2.492069e+001  -1.906076e+001  -0.000000e+000  -6.010747e+001  -1.063779e+002  -1.307211e+002  -1.379542e+002  -1.341721e+002  -1.243188e+002  -1.117770e+002  -9.863928e+001  -7.416350e+001  -5.489912e+001  -2.866147e+001  -1.914831e+001  
-0.000000e+000  1.661465e+001  2.492069e+001  1.906076e+001  -0.000000e+000  6.010747e+001  1.063779e+002  1.307211e+002  1.379542e+002  1.341721e+002  1.243188e+002  1.117770e+002  9.863928e+001  7.416350e+001  5.489912e+001  2.866147e+001  1.914831e+001  
-0.000000e+000  1.390484e+002  2.288981e+002  2.033142e+002  -0.000000e+000  3.202635e+002  4.605208e+002  4.746542e+002  4.355818e+002  3.805691e+002  3.253721e+002  2.756485e+002  2.328042e+002  1.671341e+002  1.209835e+002  6.341020e+001  4.288015e+001  
-0.000000e+000  2.940276e+002  5.566585e+002  6.520619e+002  -0.000000e+000  7.672823e+002  8.180896e+002  7.100434e+002  5.907020e+002  4.880107e+002  4.039890e+002  3.358430e+002  2.804218e+002  1.997306e+002  1.444097e+002  7.629350e+001  5.193861e+001  
-0.000000e+000  4.190351e+002  8.909016e+002  1.468936e+003  -0.000000e+000  1.486262e+003  1.142631e+003  8.735851e+002  6.855919e+002  5.499502e+002  4.481538e+002  3.693720e+002  3.069647e+002  2.181957e+002  1.579696e+002  8.405353e+001  5.751231e+001  
-0.000000e+000  4.961437e+002  1.118343e+003  2.196378e+003  5.632824e+003  2.397421e+003  1.391670e+003  9.788361e+002  7.442746e+002  5.884763e+002  4.761866e+002  3.911890e+002  3.246911e+002  2.311056e+002  1.678474e+002  9.004563e+001  6.193666e+001  
-0.000000e+000  5.133553e+002  1.136740e+003  2.053742e+003  3.481528e+003  2.209496e+003  1.427292e+003  1.015739e+003  7.711202e+002  6.086018e+002  4.921600e+002  4.044510e+002  3.360375e+002  2.399621e+002  1.749792e+002  9.464291e+001  6.541982e+001  
-0.000000e+000  4.880569e+002  1.041727e+003  1.713805e+003  2.367729e+003  1.875604e+003  1.352358e+003  1.003007e+003  7.736674e+002  6.151640e+002  4.997225e+002  4.120955e+002  3.434507e+002  2.465878e+002  1.807729e+002  9.870118e+001  6.859341e+001  
-0.000000e+000  4.373870e+002  9.009068e+002  1.380665e+003  1.720546e+003  1.551828e+003  1.225841e+003  9.547034e+002  7.552954e+002  6.090697e+002  4.991527e+002  4.142198e+002  3.469664e+002  2.509889e+002  1.852247e+002  1.022114e+002  7.144855e+001  
-0.000000e+000  3.629367e+002  7.206801e+002  1.038628e+003  1.214574e+003  1.213928e+003  1.051418e+003  8.697102e+002  7.136590e+002  5.885873e+002  4.895366e+002  4.105412e+002  3.467327e+002  2.537326e+002  1.890567e+002  1.058343e+002  7.454674e+001  
-0.000000e+000  2.789540e+002  5.394647e+002  7.486336e+002  8.518565e+002  9.170539e+002  8.580309e+002  7.537505e+002  6.455152e+002  5.484865e+002  4.659624e+002  3.969880e+002  3.394966e+002  2.527441e+002  1.909238e+002  1.089704e+002  7.752098e+001  
-0.000000e+000  2.098366e+002  3.996910e+002  5.442485e+002  6.138028e+002  6.991808e+002  6.938861e+002  6.409415e+002  5.708829e+002  4.997360e+002  4.342671e+002  3.765544e+002  3.266344e+002  2.480536e+002  1.903350e+002  1.109865e+002  7.980209e+001  
-0.000000e+000  1.568485e+002  2.964991e+002  4.004657e+002  4.512084e+002  5.389996e+002  5.603456e+002  5.394679e+002  4.974364e+002  4.478495e+002  3.980702e+002  3.515455e+002  3.095977e+002  2.402973e+002  1.875639e+002  1.119334e+002  8.139849e+001  
-0.000000e+000  8.781427e+001  1.651962e+002  2.225293e+002  2.524507e+002  3.308732e+002  3.723678e+002  3.846561e+002  3.769294e+002  3.571477e+002  3.311615e+002  3.028480e+002  2.745906e+002  2.223720e+002  1.793675e+002  1.118358e+002  8.303836e+001  
-0.000000e+000  4.282957e+001  8.070988e+001  1.092968e+002  1.254702e+002  1.832892e+002  2.227617e+002  2.455976e+002  2.549047e+002  2.541462e+002  2.464870e+002  2.345098e+002  2.201717e+002  1.886336e+002  1.593121e+002  1.061695e+002  8.139088e+001  
-0.000000e+000  1.367112e+001  2.593203e+001  3.554993e+001  4.162577e+001  7.409085e+001  1.004775e+002  1.205162e+002  1.345186e+002  1.431725e+002  1.473536e+002  1.479821e+002  1.459292e+002  1.360935e+002  1.233376e+002  9.154202e+001  7.381834e+001  
-0.000000e+000  3.327675e+000  6.356198e+000  8.819897e+000  1.051561e+001  2.483495e+001  3.759306e+001  4.851501e+001  5.748025e+001  6.449925e+001  6.968270e+001  7.320975e+001  7.529940e+001  7.587309e+001  7.351169e+001  6.139348e+001  5.249926e+001  
-0.000000e+000  5.345634e-001  1.024900e+000  1.431013e+000  1.720851e+000  5.607875e+000  9.219503e+000  1.247841e+001  1.533307e+001  1.775696e+001  1.974588e+001  2.131421e+001  2.249061e+001  2.378361e+001  2.404668e+001  2.183218e+001  1.950523e+001  
-0.000000e+000  -0.000000e+000  -0.000000e+000  -0.000000e+000  -0.000000e+000  -0.000000e+000  -0.000000e+000  -0.000000e+000  -0.000000e+000  -0.000000e+000  -0.000000e+000  -0.000000e+000  -0.000000e+000  -0.000000e+000  -0.000000e+000  -0.000000e+000  -0.000000e+000  

0.000000e+000  0.000000e+000  0.000000e+000  0.000000e+000  0.000000e+000  0.000000e+000  0.000000e+000  0.000000e+000  0.000000e+000  0.000000e+000  0.000000e+000  0.000000e+000  0.000000e+000  0.000000e+000  0.000000e+000  0.000000e+000  0.000000e+000  
0.000000e+000  0.000000e+000  0.000000e+000  0.000000e+000  0.000000e+000  0.000000e+000  0.000000e+000  0.000000e+000  0.000000e+000  0.000000e+000  0.000000e+000  0.000000e+000  0.000000e+000  0.000000e+000  0.000000e+000  0.000000e+000  0.000000e+000  
0.000000e+000  0.000000e+000  0.000000e+000  0.000000e+000  0.000000e+000  0.000000e+000  0.000000e+000  0.000000e+000  0.000000e+000  0.000000e+000  0.000000e+000  0.000000e+000  0.000000e+000  0.000000e+000  0.000000e+000  0.000000e+000  0.000000e+000  
0.000000e+000  0.000000e+000  0.000000e+000  0.000000e+000  0.000000e+000  0.000000e+000  0.000000e+000  0.000000e+000  0.000000e+000  0.000000e+000  0.000000e+000  0.000000e+000  0.000000e+000  0.000000e+000  0.000000e+000  0.000000e+000  0.000000e+000  
0.000000e+000  0.000000e+000  0.000000e+000  0.000000e+000  0.000000e+000  0.000000e+000  0.000000e+000  0.000000e+000  0.000000e+000  0.000000e+000  0.000000e+000  0.000000e+000  0.000000e+000  0.000000e+000  0.000000e+000  0.000000e+000  0.000000e+000  
0.000000e+000  0.000000e+000  0.000000e+000  0.000000e+000  0.000000e+000  0.000000e+000  0.000000e+000  0.000000e+000  0.000000e+000  0.000000e+000  0.000000e+000  0.000000e+000  0.000000e+000  0.000000e+000  0.000000e+000  0.000000e+000  0.000000e+000  
0.000000e+000  0.000000e+000  0.000000e+000  0.000000e+000  0.000000e+000  0.000000e+000  0.000000e+000  0.000000e+000  0.000000e+000  0.000000e+000  0.000000e+000  0.000000e+000  0.000000e+000  0.000000e+000  0.000000e+000  0.000000e+000  0.000000e+000  
0.000000e+000  0.000000e+000  0.000000e+000  0.000000e+000  0.000000e+000  0.000000e+000  0.000000e+000  0.000000e+000  0.000000e+000  0.000000e+000  0.000000e+000  0.000000e+000  0.000000e+000  0.000000e+000  0.000000e+000  0.000000e+000  0.000000e+000  
0.000000e+000  0.000000e+000  0.000000e+000  0.000000e+000  0.000000e+000  0.000000e+000  0.000000e+000  0.000000e+000  0.000000e+000  0.000000e+000  0.000000e+000  0.000000e+000  0.000000e+000  0.000000e+000  0.000000e+000  0.000000e+000  0.000000e+000  
0.000000e+000  0.000000e+000  0.000000e+000  0.000000e+000  0.000000e+000  0.000000e+000  0.000000e+000  0.000000e+000  0.000000e+000  0.000000e+000  0.000000e+000  0.000000e+000  0.000000e+000  0.000000e+000  0.000000e+000  0.000000e+000  0.000000e+000  
0.000000e+000  0.000000e+000  0.000000e+000  0.000000e+000  0.000000e+000  0.000000e+000  0.000000e+000  0.000000e+000  0.000000e+000  0.000000e+000  0.000000e+000  0.000000e+000  0.000000e+000  0.000000e+000  0.000000e+000  0.000000e+000  0.000000e+000  
0.000000e+000  0.000000e+000  0.000000e+000  0.000000e+000  0.000000e+000  0.000000e+000  0.000000e+000  0.000000e+000  0.000000e+000  0.000000e+000  0.000000e+000  0.000000e+000  0.000000e+000  0.000000e+000  0.000000e+000  0.000000e+000  0.000000e+000  
0.000000e+000  0.000000e+000  0.000000e+000  0.000000e+000  0.000000e+000  0.000000e+000  0.000000e+000  0.000000e+000  0.000000e+000  0.000000e+000  0.000000e+000  0.000000e+000  0.000000e+000  0.000000e+000  0.000000e+000  0.000000e+000  0.000000e+000  
0.000000e+000  0.000000e+000  0.000000e+000  0.000000e+000  0.000000e+000  0.000000e+000  0.000000e+000  0.000000e+000  0.000000e+000  0.000000e+000  0.000000e+000  0.000000e+000  0.000000e+000  0.000000e+000  0.000000e+000  0.000000e+000  0.000000e+000  
0.000000e+000  0.000000e+000  0.000000e+000  0.000000e+000  0.000000e+000  0.000000e+000  0.000000e+000  0.000000e+000  0.000000e+000  0.000000e+000  0.000000e+000  0.000000e+000  0.000000e+000  0.000000e+000  0.000000e+000  0.000000e+000  0.000000e+000  
0.000000e+000  0.000000e+000  0.000000e+000  0.000000e+000  0.000000e+000  0.000000e+000  0.000000e+000  0.000000e+000  0.000000e+000  0.000000e+000  0.000000e+000  0.000000e+000  0.000000e+000  0.000000e+000  0.000000e+000  0.000000e+000  0.000000e+000  
0.000000e+000  0.000000e+000  0.000000e+000  0.000000e+000  0.000000e+000  0.000000e+000  0.000000e+000  0.000000e+000  0.000000e+000  0.000000e+000  0.000000e+000  0.000000e+000  0.000000e+000  0.000000e+000  0.000000e+000  0.000000e+000  0.000000e+000  
0.000000e+000  0.000000e+000  0.000000e+000  0.000000e+000  0.000000e+000  0.000000e+000  0.000000e+000  0.000000e+000  0.000000e+000  0.000000e+000  0.000000e+000  0.000000e+000  0.000000e+000  0.000000e+000  0.000000e+000  0.000000e+000  0.000000e+000  
0.000000e+000  0.000000e+000  0.000000e+000  0.000000e+000  0.000000e+000  0.000000e+000  0.000000e+000  0.000000e+000  0.000000e+000  0.000000e+000  0.000000e+000  0.000000e+000  0.000000e+000  0.000000e+000  0.000000e+000  0.000000e+000  0.000000e+000  
0.000000e+000  0.000000e+000  0.000000e+000  0.000000e+000  0.000000e+000  0.000000e+000  0.000000e+000  0.000000e+000  0.000000e+000  0.000000e+000  0.000000e+000  0.000000e+000  0.000000e+000  0.000000e+000  0.000000e+000  0.000000e+000  0.000000e+000  
0.000000e+000  0.000000e+000  0.000000e+000  0.000000e+000  0.000000e+000  0.000000e+000  0.000000e+000  0.000000e+000  0.000000e+000  0.000000e+000  0.000000e+000  0.000000e+000  0.000000e+000  0.000000e+000  0.000000e+000  0.000000e+000  0.000000e+000  
0.000000e+000  0.000000e+000  0.000000e+000  0.000000e+000  0.000000e+000  0.000000e+000  0.000000e+000  0.000000e+000  0.000000e+000  0.000000e+000  0.000000e+000  0.000000e+000  0.000000e+000  0.000000e+000  0.000000e+000  0.000000e+000  0.000000e+000  
0.000000e+000  0.000000e+000  0.000000e+000  0.000000e+000  0.000000e+000  0.000000e+000  0.000000e+000  0.000000e+000  0.000000e+000  0.000000e+000  0.000000e+000  0.000000e+000  0.000000e+000  0.000000e+000  0.000000e+000  0.000000e+000  0.000000e+000  
0.000000e+000  0.000000e+000  0.000000e+000  0.000000e+000  0.000000e+000  0.000000e+000  0.000000e+000  0.000000e+000  0.000000e+000  0.000000e+000  0.000000e+000  0.000000e+000  0.000000e+000  0.000000e+000  0.000000e+000  0.000000e+000  0.000000e+000  
0.000000e+000  0.000000e+000  0.000000e+000  0.000000e+000  0.000000e+000  0.000000e+000  0.000000e+000  0.000000e+000  0.000000e+000  0.000000e+000  0.000000e+000  0.000000e+000  0.000000e+000  0.000000e+000  0.000000e+000  0.000000e+000  0.000000e+000  
0.000000e+000  0.000000e+000  0.000000e+000  0.000000e+000  0.000000e+000  0.000000e+000  0.000000e+000  0.000000e+000  0.000000e+000  0.000000e+000  0.000000e+000  0.000000e+000  0.000000e+000  0.000000e+000  0.000000e+000  0.000000e+000  0.000000e+000  
0.000000e+000  0.000000e+000  0.000000e+000  0.000000e+000  0.000000e+000  0.000000e+000  0.000000e+000  0.000000e+000  0.000000e+000  0.000000e+000  0.000000e+000  0.000000e+000  0.000000e+000  0.000000e+000  0.000000e+000  0.000000e+000  0.000000e+000  
0.000000e+000  0.000000e+000  0.000000e+000  0.000000e+000  0.000000e+000  0.000000e+000  0.000000e+000  0.000000e+000  0.000000e+000  0.000000e+000  0.000000e+000  0.000000e+000  0.000000e+000  0.000000e+000  0.000000e+000  0.000000e+000  0.000000e+000  
0.000000e+000  0.000000e+000  0.000000e+000  0.000000e+000  0.000000e+000  0.000000e+000  0.000000e+000  0.000000e+000  0.000000e+000  0.000000e+000  0.000000e+000  0.000000e+000  0.000000e+000  0.000000e+000  0.000000e+000  0.000000e+000  0.000000e+000  
0.000000e+000  0.000000e+000  0.000000e+000  0.000000e+000  0.000000e+000  0.000000e+000  0.000000e+000  0.000000e+000  0.000000e+000  0.000000e+000  0.000000e+000  0.000000e+000  0.000000e+000  0.000000e+000  0.000000e+000  0.000000e+000  0.000000e+000  
0.000000e+000  0.000000e+000  0.000000e+000  0.000000e+000  0.000000e+000  0.000000e+000  0.000000e+000  0.000000e+000  0.000000e+000  0.000000e+000  0.000000e+000  0.000000e+000  0.000000e+000  0.000000e+000  0.000000e+000  0.000000e+000  0.000000e+000  
0.000000e+000  0.000000e+000  0.000000e+000  0.000000e+000  0.000000e+000  0.000000e+000  0.000000e+000  0.000000e+000  0.000000e+000  0.000000e+000  0.000000e+000  0.000000e+000  0.000000e+000  0.000000e+000  0.000000e+000  0.000000e+000  0.000000e+000  
0.000000e+000  0.000000e+000  0.000000e+000  0.000000e+000  0.000000e+000  0.000000e+000  0.000000e+000  0.000000e+000  0.000000e+000  0.000000e+000  0.000000e+000  0.000000e+000  0.000000e+000  0.000000e+000  0.000000e+000  0.000000e+000  0.000000e+000  
0.000000e+000  0.000000e+000  0.000000e+000  0.000000e+000  0.000000e+000  0.000000e+000  0.000000e+000  0.000000e+000  0.000000e+000  0.000000e+000  0.000000e+000  0.000000e+000  0.000000e+000  0.000000e+000  0.000000e+000  0.000000e+000  0.000000e+000  
0.000000e+000  0.000000e+000  0.000000e+000  0.000000e+000  0.000000e+000  0.000000e+000  0.000000e+000  0.000000e+000  0.000000e+000  0.000000e+000  0.000000e+000  0.000000e+000  0.000000e+000  0.000000e+000  0.000000e+000  0.000000e+000  0.000000e+000  

0.000000e+000  0.000000e+000  0.000000e+000  0.000000e+000  0.000000e+000  0.000000e+000  0.000000e+000  0.000000e+000  0.000000e+000  0.000000e+000  0.000000e+000  0.000000e+000  0.000000e+000  0.000000e+000  0.000000e+000  0.000000e+000  0.000000e+000  
0.000000e+000  0.000000e+000  0.000000e+000  0.000000e+000  0.000000e+000  0.000000e+000  0.000000e+000  0.000000e+000  0.000000e+000  0.000000e+000  0.000000e+000  0.000000e+000  0.000000e+000  0.000000e+000  0.000000e+000  0.000000e+000  0.000000e+000  
0.000000e+000  0.000000e+000  0.000000e+000  0.000000e+000  0.000000e+000  0.000000e+000  0.000000e+000  0.000000e+000  0.000000e+000  0.000000e+000  0.000000e+000  0.000000e+000  0.000000e+000  0.000000e+000  0.000000e+000  0.000000e+000  0.000000e+000  
0.000000e+000  0.000000e+000  0.000000e+000  0.000000e+000  0.000000e+000  0.000000e+000  0.000000e+000  0.000000e+000  0.000000e+000  0.000000e+000  0.000000e+000  0.000000e+000  0.000000e+000  0.000000e+000  0.000000e+000  0.000000e+000  0.000000e+000  
0.000000e+000  0.000000e+000  0.000000e+000  0.000000e+000  0.000000e+000  0.000000e+000  0.000000e+000  0.000000e+000  0.000000e+000  0.000000e+000  0.000000e+000  0.000000e+000  0.000000e+000  0.000000e+000  0.000000e+000  0.000000e+000  0.000000e+000  
0.000000e+000  0.000000e+000  0.000000e+000  0.000000e+000  0.000000e+000  0.000000e+000  0.000000e+000  0.000000e+000  0.000000e+000  0.000000e+000  0.000000e+000  0.000000e+000  0.000000e+000  0.000000e+000  0.000000e+000  0.000000e+000  0.000000e+000  
0.000000e+000  0.000000e+000  0.000000e+000  0.000000e+000  0.000000e+000  0.000000e+000  0.000000e+000  0.000000e+000  0.000000e+000  0.000000e+000  0.000000e+000  0.000000e+000  0.000000e+000  0.000000e+000  0.000000e+000  0.000000e+000  0.000000e+000  
0.000000e+000  0.000000e+000  0.000000e+000  0.000000e+000  0.000000e+000  0.000000e+000  0.000000e+000  0.000000e+000  0.000000e+000  0.000000e+000  0.000000e+000  0.000000e+000  0.000000e+000  0.000000e+000  0.000000e+000  0.000000e+000  0.000000e+000  
0.000000e+000  0.000000e+000  0.000000e+000  0.000000e+000  0.000000e+000  0.000000e+000  0.000000e+000  0.000000e+000  0.000000e+000  0.000000e+000  0.000000e+000  0.000000e+000  0.000000e+000  0.000000e+000  0.000000e+000  0.000000e+000  0.000000e+000  
0.000000e+000  0.000000e+000  0.000000e+000  0.000000e+000  0.000000e+000  0.000000e+000  0.000000e+000  0.000000e+000  0.000000e+000  0.000000e+000  0.000000e+000  0.000000e+000  0.000000e+000  0.000000e+000  0.000000e+000  0.000000e+000  0.000000e+000  
0.000000e+000  0.000000e+000  0.000000e+000  0.000000e+000  0.000000e+000  0.000000e+000  0.000000e+000  0.000000e+000  0.000000e+000  0.000000e+000  0.000000e+000  0.000000e+000  0.000000e+000  0.000000e+000  0.000000e+000  0.000000e+000  0.000000e+000  
0.000000e+000  0.000000e+000  0.000000e+000  0.000000e+000  0.000000e+000  0.000000e+000  0.000000e+000  0.000000e+000  0.000000e+000  0.000000e+000  0.000000e+000  0.000000e+000  0.000000e+000  0.000000e+000  0.000000e+000  0.000000e+000  0.000000e+000  
0.000000e+000  0.000000e+000  0.000000e+000  0.000000e+000  0.000000e+000  0.000000e+000  0.000000e+000  0.000000e+000  0.000000e+000  0.000000e+000  0.000000e+000  0.000000e+000  0.000000e+000  0.000000e+000  0.000000e+000  0.000000e+000  0.000000e+000  
0.000000e+000  0.000000e+000  0.000000e+000  0.000000e+000  0.000000e+000  0.000000e+000  0.000000e+000  0.000000e+000  0.000000e+000  0.000000e+000  0.000000e+000  0.000000e+000  0.000000e+000  0.000000e+000  0.000000e+000  0.000000e+000  0.000000e+000  
0.000000e+000  0.000000e+000  0.000000e+000  0.000000e+000  0.000000e+000  0.000000e+000  0.000000e+000  0.000000e+000  0.000000e+000  0.000000e+000  0.000000e+000  0.000000e+000  0.000000e+000  0.000000e+000  0.000000e+000  0.000000e+000  0.000000e+000  
0.000000e+000  0.000000e+000  0.000000e+000  0.000000e+000  0.000000e+000  0.000000e+000  0.000000e+000  0.000000e+000  0.000000e+000  0.000000e+000  0.000000e+000  0.000000e+000  0.000000e+000  0.000000e+000  0.000000e+000  0.000000e+000  0.000000e+000  
0.000000e+000  0.000000e+000  0.000000e+000  0.000000e+000  0.000000e+000  0.000000e+000  0.000000e+000  0.000000e+000  0.000000e+000  0.000000e+000  0.000000e+000  0.000000e+000  0.000000e+000  0.000000e+000  0.000000e+000  0.000000e+000  0.000000e+000  
0.000000e+000  0.000000e+000  0.000000e+000  0.000000e+000  0.000000e+000  0.000000e+000  0.000000e+000  0.000000e+000  0.000000e+000  0.000000e+000  0.000000e+000  0.000000e+000  0.000000e+000  0.000000e+000  0.000000e+000  0.000000e+000  0.000000e+000  
0.000000e+000  0.000000e+000  0.000000e+000  0.000000e+000  0.000000e+000  0.000000e+000  0.000000e+000  0.000000e+000  0.000000e+000  0.000000e+000  0.000000e+000  0.000000e+000  0.000000e+000  0.000000e+000  0.000000e+000  0.000000e+000  0.000000e+000  
0.000000e+000  0.000000e+000  0.000000e+000  0.000000e+000  0.000000e+000  0.000000e+000  0.000000e+000  0.000000e+000  0.000000e+000  0.000000e+000  0.000000e+000  0.000000e+000  0.000000e+000  0.000000e+000  0.000000e+000  0.000000e+000  0.000000e+000  
0.000000e+000  0.000000e+000  0.000000e+000  0.000000e+000  0.000000e+000  0.000000e+000  0.000000e+000  0.000000e+000  0.000000e+000  0.000000e+000  0.000000e+000  0.000000e+000  0.000000e+000  0.000000e+000  0.000000e+000  0.000000e+000  0.000000e+000  
0.000000e+000  0.000000e+000  0.000000e+000  0.000000e+000  0.000000e+000  0.000000e+000  0.000000e+000  0.000000e+000  0.000000e+000  0.000000e+000  0.000000e+000  0.000000e+000  0.000000e+000  0.000000e+000  0.000000e+000  0.000000e+000  0.000000e+000  
0.000000e+000  0.000000e+000  0.000000e+000  0.000000e+000  0.000000e+000  0.000000e+000  0.000000e+000  0.000000e+000  0.000000e+000  0.000000e+000  0.000000e+000  0.000000e+000  0.000000e+000  0.000000e+000  0.000000e+000  0.000000e+000  0.000000e+000  
0.000000e+000  0.000000e+000  0.000000e+000  0.000000e+000  0.000000e+000  0.000000e+000  0.000000e+000  0.000000e+000  0.000000e+000  0.000000e+000  0.000000e+000  0.000000e+000  0.000000e+000  0.000000e+000  0.000000e+000  0.000000e+000  0.000000e+000  
0.000000e+000  0.000000e+000  0.000000e+000  0.000000e+000  0.000000e+000  0.000000e+000  0.000000e+000  0.000000e+000  0.000000e+000  0.000000e+000  0.000000e+000  0.000000e+000  0.000000e+000  0.000000e+000  0.000000e+000  0.000000e+000  0.000000e+000  
0.000000e+000  0.000000e+000  0.000000e+000  0.000000e+000  0.000000e+000  0.000000e+000  0.000000e+000  0.000000e+000  0.000000e+000  0.000000e+000  0.000000e+000  0.000000e+000  0.000000e+000  0.000000e+000  0.000000e+000  0.000000e+000  0.000000e+000  
0.000000e+000  0.000000e+000  0.000000e+000  0.000000e+000  0.000000e+000  0.000000e+000  0.000000e+000  0.000000e+000  0.000000e+000  0.000000e+000  0.000000e+000  0.000000e+000  0.000000e+000  0.000000e+000  0.000000e+000  0.000000e+000  0.000000e+000  
0.000000e+000  0.000000e+000  0.000000e+000  0.000000e+000  0.000000e+000  0.000000e+000  0.000000e+000  0.000000e+000  0.000000e+000  0.000000e+000  0.000000e+000  0.000000e+000  0.000000e+000  0.000000e+000  0.000000e+000  0.000000e+000  0.000000e+000  
0.000000e+000  0.000000e+000  0.000000e+000  0.000000e+000  0.000000e+000  0.000000e+000  0.000000e+000  0.000000e+000  0.000000e+000  0.000000e+000  0.000000e+000  0.000000e+000  0.000000e+000  0.000000e+000  0.000000e+000  0.000000e+000  0.000000e+000  
0.000000e+000  0.000000e+000  0.000000e+000  0.000000e+000  0.000000e+000  0.000000e+000  0.000000e+000  0.000000e+000  0.000000e+000  0.000000e+000  0.000000e+000  0.000000e+000  0.000000e+000  0.000000e+000  0.000000e+000  0.000000e+000  0.000000e+000  
0.000000e+000  0.000000e+000  0.000000e+000  0.000000e+000  0.000000e+000  0.000000e+000  0.000000e+000  0.000000e+000  0.000000e+000  0.000000e+000  0.000000e+000  0.000000e+000  0.000000e+000  0.000000e+000  0.000000e+000  0.000000e+000  0.000000e+000  
0.000000e+000  0.000000e+000  0.000000e+000  0.000000e+000  0.000000e+000  0.000000e+000  0.000000e+000  0.000000e+000  0.000000e+000  0.000000e+000  0.000000e+000  0.000000e+000  0.000000e+000  0.000000e+000  0.000000e+000  0.000000e+000  0.000000e+000  
0.000000e+000  0.000000e+000  0.000000e+000  0.000000e+000  0.000000e+000  0.000000e+000  0.000000e+000  0.000000e+000  0.000000e+000  0.000000e+000  0.000000e+000  0.000000e+000  0.000000e+000  0.000000e+000  0.000000e+000  0.000000e+000  0.000000e+000  
0.000000e+000  0.000000e+000  0.000000e+000  0.000000e+000  0.000000e+000  0.000000e+000  0.000000e+000  0.000000e+000  0.000000e+000  0.000000e+000  0.000000e+000  0.000000e+000  0.000000e+000  0.000000e+000  0.000000e+000  0.000000e+000  0.000000e+000  
0.000000e+000  0.000000e+000  0.000000e+000  0.000000e+000  0.000000e+000  0.000000e+000  0.000000e+000  0.000000e+000  0.000000e+000  0.000000e+000  0.000000e+000  0.000000e+000  0.000000e+000  0.000000e+000  0.000000e+000  0.000000e+000  0.000000e+000  

0.000000e+000  0.000000e+000  0.000000e+000  0.000000e+000  0.000000e+000  0.000000e+000  0.000000e+000  0.000000e+000  0.000000e+000  0.000000e+000  0.000000e+000  0.000000e+000  0.000000e+000  0.000000e+000  0.000000e+000  0.000000e+000  0.000000e+000  
0.000000e+000  0.000000e+000  0.000000e+000  0.000000e+000  0.000000e+000  0.000000e+000  0.000000e+000  0.000000e+000  0.000000e+000  0.000000e+000  0.000000e+000  0.000000e+000  0.000000e+000  0.000000e+000  0.000000e+000  0.000000e+000  0.000000e+000  
0.000000e+000  0.000000e+000  0.000000e+000  0.000000e+000  0.000000e+000  0.000000e+000  0.000000e+000  0.000000e+000  0.000000e+000  0.000000e+000  0.000000e+000  0.000000e+000  0.000000e+000  0.000000e+000  0.000000e+000  0.000000e+000  0.000000e+000  
0.000000e+000  0.000000e+000  0.000000e+000  0.000000e+000  0.000000e+000  0.000000e+000  0.000000e+000  0.000000e+000  0.000000e+000  0.000000e+000  0.000000e+000  0.000000e+000  0.000000e+000  0.000000e+000  0.000000e+000  0.000000e+000  0.000000e+000  
0.000000e+000  0.000000e+000  0.000000e+000  0.000000e+000  0.000000e+000  0.000000e+000  0.000000e+000  0.000000e+000  0.000000e+000  0.000000e+000  0.000000e+000  0.000000e+000  0.000000e+000  0.000000e+000  0.000000e+000  0.000000e+000  0.000000e+000  
0.000000e+000  0.000000e+000  0.000000e+000  0.000000e+000  0.000000e+000  0.000000e+000  0.000000e+000  0.000000e+000  0.000000e+000  0.000000e+000  0.000000e+000  0.000000e+000  0.000000e+000  0.000000e+000  0.000000e+000  0.000000e+000  0.000000e+000  
0.000000e+000  0.000000e+000  0.000000e+000  0.000000e+000  0.000000e+000  0.000000e+000  0.000000e+000  0.000000e+000  0.000000e+000  0.000000e+000  0.000000e+000  0.000000e+000  0.000000e+000  0.000000e+000  0.000000e+000  0.000000e+000  0.000000e+000  
0.000000e+000  0.000000e+000  0.000000e+000  0.000000e+000  0.000000e+000  0.000000e+000  0.000000e+000  0.000000e+000  0.000000e+000  0.000000e+000  0.000000e+000  0.000000e+000  0.000000e+000  0.000000e+000  0.000000e+000  0.000000e+000  0.000000e+000  
0.000000e+000  0.000000e+000  0.000000e+000  0.000000e+000  0.000000e+000  0.000000e+000  0.000000e+000  0.000000e+000  0.000000e+000  0.000000e+000  0.000000e+000  0.000000e+000  0.000000e+000  0.000000e+000  0.000000e+000  0.000000e+000  0.000000e+000  
0.000000e+000  0.000000e+000  0.000000e+000  0.000000e+000  0.000000e+000  0.000000e+000  0.000000e+000  0.000000e+000  0.000000e+000  0.000000e+000  0.000000e+000  0.000000e+000  0.000000e+000  0.000000e+000  0.000000e+000  0.000000e+000  0.000000e+000  
0.000000e+000  0.000000e+000  0.000000e+000  0.000000e+000  0.000000e+000  0.000000e+000  0.000000e+000  0.000000e+000  0.000000e+000  0.000000e+000  0.000000e+000  0.000000e+000  0.000000e+000  0.000000e+000  0.000000e+000  0.000000e+000  0.000000e+000  
0.000000e+000  0.000000e+000  0.000000e+000  0.000000e+000  0.000000e+000  0.000000e+000  0.000000e+000  0.000000e+000  0.000000e+000  0.000000e+000  0.000000e+000  0.000000e+000  0.000000e+000  0.000000e+000  0.000000e+000  0.000000e+000  0.000000e+000  
0.000000e+000  0.000000e+000  0.000000e+000  0.000000e+000  0.000000e+000  0.000000e+000  0.000000e+000  0.000000e+000  0.000000e+000  0.000000e+000  0.000000e+000  0.000000e+000  0.000000e+000  0.000000e+000  0.000000e+000  0.000000e+000  0.000000e+000  
0.000000e+000  0.000000e+000  0.000000e+000  0.000000e+000  0.000000e+000  0.000000e+000  0.000000e+000  0.000000e+000  0.000000e+000  0.000000e+000  0.000000e+000  0.000000e+000  0.000000e+000  0.000000e+000  0.000000e+000  0.000000e+000  0.000000e+000  
0.000000e+000  0.000000e+000  0.000000e+000  0.000000e+000  0.000000e+000  0.000000e+000  0.000000e+000  0.000000e+000  0.000000e+000  0.000000e+000  0.000000e+000  0.000000e+000  0.000000e+000  0.000000e+000  0.000000e+000  0.000000e+000  0.000000e+000  
0.000000e+000  0.000000e+000  0.000000e+000  0.000000e+000  0.000000e+000  0.000000e+000  0.000000e+000  0.000000e+000  0.000000e+000  0.000000e+000  0.000000e+000  0.000000e+000  0.000000e+000  0.000000e+000  0.000000e+000  0.000000e+000  0.000000e+000  
0.000000e+000  0.000000e+000  0.000000e+000  0.000000e+000  0.000000e+000  0.000000e+000  0.000000e+000  0.000000e+000  0.000000e+000  0.000000e+000  0.000000e+000  0.000000e+000  0.000000e+000  0.000000e+000  0.000000e+000  0.000000e+000  0.000000e+000  
0.000000e+000  0.000000e+000  0.000000e+000  0.000000e+000  0.000000e+000  0.000000e+000  0.000000e+000  0.000000e+000  0.000000e+000  0.000000e+000  0.000000e+000  0.000000e+000  0.000000e+000  0.000000e+000  0.000000e+000  0.000000e+000  0.000000e+000  
0.000000e+000  0.000000e+000  0.000000e+000  0.000000e+000  0.000000e+000  0.000000e+000  0.000000e+000  0.000000e+000  0.000000e+000  0.000000e+000  0.000000e+000  0.000000e+000  0.000000e+000  0.000000e+000  0.000000e+000  0.000000e+000  0.000000e+000  
0.000000e+000  0.000000e+000  0.000000e+000  0.000000e+000  0.000000e+000  0.000000e+000  0.000000e+000  0.000000e+000  0.000000e+000  0.000000e+000  0.000000e+000  0.000000e+000  0.000000e+000  0.000000e+000  0.000000e+000  0.000000e+000  0.000000e+000  
0.000000e+000  0.000000e+000  0.000000e+000  0.000000e+000  0.000000e+000  0.000000e+000  0.000000e+000  0.000000e+000  0.000000e+000  0.000000e+000  0.000000e+000  0.000000e+000  0.000000e+000  0.000000e+000  0.000000e+000  0.000000e+000  0.000000e+000  
0.000000e+000  0.000000e+000  0.000000e+000  0.000000e+000  0.000000e+000  0.000000e+000  0.000000e+000  0.000000e+000  0.000000e+000  0.000000e+000  0.000000e+000  0.000000e+000  0.000000e+000  0.000000e+000  0.000000e+000  0.000000e+000  0.000000e+000  
0.000000e+000  0.000000e+000  0.000000e+000  0.000000e+000  0.000000e+000  0.000000e+000  0.000000e+000  0.000000e+000  0.000000e+000  0.000000e+000  0.000000e+000  0.000000e+000  0.000000e+000  0.000000e+000  0.000000e+000  0.000000e+000  0.000000e+000  
0.000000e+000  0.000000e+000  0.000000e+000  0.000000e+000  0.000000e+000  0.000000e+000  0.000000e+000  0.000000e+000  0.000000e+000  0.000000e+000  0.000000e+000  0.000000e+000  0.000000e+000  0.000000e+000  0.000000e+000  0.000000e+000  0.000000e+000  
0.000000e+000  0.000000e+000  0.000000e+000  0.000000e+000  0.000000e+000  0.000000e+000  0.000000e+000  0.000000e+000  0.000000e+000  0.000000e+000  0.000000e+000  0.000000e+000  0.000000e+000  0.000000e+000  0.000000e+000  0.000000e+000  0.000000e+000  
0.000000e+000  0.000000e+000  0.000000e+000  0.000000e+000  0.000000e+000  0.000000e+000  0.000000e+000  0.000000e+000  0.000000e+000  0.000000e+000  0.000000e+000  0.000000e+000  0.000000e+000  0.000000e+000  0.000000e+000  0.000000e+000  0.000000e+000  
0.000000e+000  0.000000e+000  0.000000e+000  0.000000e+000  0.000000e+000  0.000000e+000  0.000000e+000  0.000000e+000  0.000000e+000  0.000000e+000  0.000000e+000  0.000000e+000  0.000000e+000  0.000000e+000  0.000000e+000  0.000000e+000  0.000000e+000  
0.000000e+000  0.000000e+000  0.000000e+000  0.000000e+000  0.000000e+000  0.000000e+000  0.000000e+000  0.000000e+000  0.000000e+000  0.000000e+000  0.000000e+000  0.000000e+000  0.000000e+000  0.000000e+000  0.000000e+000  0.000000e+000  0.000000e+000  
0.000000e+000  0.000000e+000  0.000000e+000  0.000000e+000  0.000000e+000  0.000000e+000  0.000000e+000  0.000000e+000  0.000000e+000  0.000000e+000  0.000000e+000  0.000000e+000  0.000000e+000  0.000000e+000  0.000000e+000  0.000000e+000  0.000000e+000  
0.000000e+000  0.000000e+000  0.000000e+000  0.000000e+000  0.000000e+000  0.000000e+000  0.000000e+000  0.000000e+000  0.000000e+000  0.000000e+000  0.000000e+000  0.000000e+000  0.000000e+000  0.000000e+000  0.000000e+000  0.000000e+000  0.000000e+000  
0.000000e+000  0.000000e+000  0.000000e+000  0.000000e+000  0.000000e+000  0.000000e+000  0.000000e+000  0.000000e+000  0.000000e+000  0.000000e+000  0.000000e+000  0.000000e+000  0.000000e+000  0.000000e+000  0.000000e+000  0.000000e+000  0.000000e+000  
0.000000e+000  0.000000e+000  0.000000e+000  0.000000e+000  0.000000e+000  0.000000e+000  0.000000e+000  0.000000e+000  0.000000e+000  0.000000e+000  0.000000e+000  0.000000e+000  0.000000e+000  0.000000e+000  0.000000e+000  0.000000e+000  0.000000e+000  
0.000000e+000  0.000000e+000  0.000000e+000  0.000000e+000  0.000000e+000  0.000000e+000  0.000000e+000  0.000000e+000  0.000000e+000  0.000000e+000  0.000000e+000  0.000000e+000  0.000000e+000  0.000000e+000  0.000000e+000  0.000000e+000  0.000000e+000  
0.000000e+000  0.000000e+000  0.000000e+000  0.000000e+000  0.000000e+000  0.000000e+000  0.000000e+000  0.000000e+000  0.000000e+000  0.000000e+000  0.000000e+000  0.000000e+000  0.000000e+000  0.000000e+000  0.000000e+000  0.000000e+000  0.000000e+000  
0.000000e+000  0.000000e+000  0.000000e+000  0.000000e+000  0.000000e+000  0.000000e+000  0.000000e+000  0.000000e+000  0.000000e+000  0.000000e+000  0.000000e+000  0.000000e+000  0.000000e+000  0.000000e+000  0.000000e+000  0.000000e+000  0.000000e+000  

-0.000000e+000  -6.271071e+000  -1.250615e+001  -1.866962e+001  -2.472666e+001  -2.521888e+001  -2.558621e+001  -2.584095e+001  -2.599621e+001  -2.606538e+001  -2.606168e+001  -2.599785e+001  -2.588588e+001  -2.555086e+001  -2.514459e+001  -2.406963e+001  -2.337697e+001  
-0.000000e+000  -7.060230e+000  -1.407573e+001  -2.100209e+001  -2.779556e+001  -2.810326e+001  -2.825785e+001  -2.828271e+001  -2.820066e+001  -2.803318e+001  -2.779985e+001  -2.751814e+001  -2.720329e+001  -2.651347e+001  -2.582417e+001  -2.433157e+001  -2.348397e+001  
-0.000000e+000  -9.094012e+000  -1.812655e+001  -2.703488e+001  -3.575401e+001  -3.533970e+001  -3.472952e+001  -3.398555e+001  -3.315994e+001  -3.229449e+001  -3.142136e+001  -3.056433e+001  -2.974022e+001  -2.822498e+001  -2.692878e+001  -2.466671e+001  -2.357234e+001  
-0.000000e+000  -1.215461e+001  -2.426337e+001  -3.626964e+001  -4.809675e+001  -4.581621e+001  -4.344079e+001  -4.110144e+001  -3.888325e+001  -3.683441e+001  -3.497623e+001  -3.331206e+001  -3.183432e+001  -2.939798e+001  -2.751841e+001  -2.470442e+001  -2.348295e+001  
-0.000000e+000  -1.400582e+001  -2.805794e+001  -4.217488e+001  -5.632137e+001  -5.199225e+001  -4.792370e+001  -4.425438e+001  -4.103197e+001  -3.824766e+001  -3.586333e+001  -3.382943e+001  -3.209523e+001  -2.938545e+001  -2.738513e+001  -2.454906e+001  -2.335201e+001  
-0.000000e+000  -1.559410e+001  -3.147071e+001  -4.785839e+001  -6.486809e+001  -5.740956e+001  -5.106578e+001  -4.585358e+001  -4.164438e+001  -3.826269e+001  -3.553864e+001  -3.332822e+001  -3.151661e+001  -2.882270e+001  -2.690358e+001  -2.427203e+001  -2.316666e+001  
-0.000000e+000  -1.581070e+001  -3.207423e+001  -4.919307e+001  -6.742989e+001  -5.839975e+001  -5.112855e+001  -4.544162e+001  -4.103111e+001  -3.759694e+001  -3.489452e+001  -3.273856e+001  -3.099252e+001  -2.842971e+001  -2.661666e+001  -2.413364e+001  -2.308208e+001  
-0.000000e+000  -1.565656e+001  -3.197698e+001  -4.960991e+001  -6.907676e+001  -5.833388e+001  -5.023888e+001  -4.426598e+001  -3.983922e+001  -3.650353e+001  -3.393701e+001  -3.191956e+001  -3.030061e+001  -2.794366e+001  -2.627894e+001  -2.398099e+001  -2.299228e+001  
-0.000000e+000  -1.496084e+001  -3.080871e+001  -4.852903e+001  -6.912152e+001  -5.665233e+001  -4.805738e+001  -4.215588e+001  -3.799544e+001  -3.495793e+001  -3.266361e+001  -3.087770e+001  -2.945042e+001  -2.737317e+001  -2.589685e+001  -2.381680e+001  -2.289873e+001  
-0.000000e+000  -1.354297e+001  -2.811626e+001  -4.510988e+001  -6.645628e+001  -5.258162e+001  -4.422248e+001  -3.898673e+001  -3.547809e+001  -3.297514e+001  -3.109882e+001  -2.963716e+001  -2.846295e+001  -2.673212e+001  -2.547916e+001  -2.364435e+001  -2.280303e+001  
-0.000000e+000  -1.207568e+001  -2.511050e+001  -4.068719e+001  -6.185695e+001  -4.777369e+001  -4.045140e+001  -3.618515e+001  -3.338948e+001  -3.139339e+001  -2.988245e+001  -2.869055e+001  -2.772036e+001  -2.625947e+001  -2.517646e+001  -2.352269e+001  -2.273677e+001  
-0.000000e+000  -1.023689e+001  -2.112108e+001  -3.410186e+001  -5.363736e+001  -4.095822e+001  -3.578076e+001  -3.295770e+001  -3.107504e+001  -2.967927e+001  -2.858290e+001  -2.768943e+001  -2.694143e+001  -2.576947e+001  -2.486605e+001  -2.340019e+001  -2.267095e+001  
-0.000000e+000  -8.147160e+000  -1.632027e+001  -2.498369e+001  -3.900708e+001  -3.191024e+001  -3.041904e+001  -2.946200e+001  -2.862756e+001  -2.788776e+001  -2.723444e+001  -2.665626e+001  -2.614136e+001  -2.527009e+001  -2.455228e+001  -2.327824e+001  -2.260619e+001  
-0.000000e+000  -6.046431e+000  -1.132834e+001  -1.379470e+001  -0.000000e+000  -2.119456e+001  -2.490983e+001  -2.594185e+001  -2.616367e+001  -2.608198e+001  -2.587481e+001  -2.561526e+001  -2.533636e+001  -2.476977e+001  -2.423968e+001  -2.315825e+001  -2.254312e+001  
-0.000000e+000  -3.692590e+000  -6.339695e+000  -6.190152e+000  -0.000000e+000  -1.273753e+001  -1.880500e+001  -2.162251e+001  -2.302168e+001  -2.373815e+001  -2.409439e+001  -2.424608e+001  -2.427558e+001  -2.411122e+001  -2.382982e+001  -2.300277e+001  -2.246226e+001  
-0.000000e+000  -2.062271e+000  -3.287221e+000  -2.769252e+000  -0.000000e+000  -8.455564e+000  -1.446451e+001  -1.808321e+001  -2.026464e+001  -2.160613e+001  -2.244219e+001  -2.296092e+001  -2.327309e+001  -2.348653e+001  -2.344132e+001  -2.285676e+001  -2.238706e+001  
-0.000000e+000  -5.406023e-001  -8.026652e-001  -6.047786e-001  -0.000000e+000  -5.005480e+000  -9.677796e+000  -1.336737e+001  -1.615316e+001  -1.820730e+001  -1.970099e+001  -2.077596e+001  -2.154180e+001  -2.239446e+001  -2.275968e+001  -2.260291e+001  -2.225786e+001  
-0.000000e+000  -9.366309e-002  -1.347389e-001  -9.722749e-002  -0.000000e+000  -3.496968e+000  -7.062938e+000  -1.024317e+001  -1.296503e+001  -1.522264e+001  -1.704993e+001  -1.849991e+001  -1.963135e+001  -2.110919e+001  -2.192692e+001  -2.229165e+001  -2.210242e+001  
-0.000000e+000  -5.406023e-001  -8.026651e-001  -6.047786e-001  -0.000000e+000  -5.005480e+000  -9.677796e+000  -1.336737e+001  -1.615316e+001  -1.820730e+001  -1.970099e+001  -2.077596e+001  -2.154180e+001  -2.239446e+001  -2.275968e+001  -2.260291e+001  -2.225786e+001  
-0.000000e+000  -2.062271e+000  -3.287221e+000  -2.769252e+000  -0.000000e+000  -8.455564e+000  -1.446451e+001  -1.808321e+001  -2.026464e+001  -2.160613e+001  -2.244219e+001  -2.296092e+001  -2.327309e+001  -2.348653e+001  -2.344132e+001  -2.285676e+001  -2.238706e+001  
-0.000000e+000  -3.692590e+000  -6.339695e+000  -6.190152e+000  -0.000000e+000  -1.273753e+001  -1.880500e+001  -2.162251e+001  -2.302168e+001  -2.373815e+001  -2.409439e+001  -2.424608e+001  -2.427558e+001  -2.411122e+001  -2.382982e+001  -2.300277e+001  -2.246226e+001  
-0.000000e+000  -6.046431e+000  -1.132834e+001  -1.379470e+001  -0.000000e+000  -2.119456e+001  -2.490983e+001  -2.594185e+001  -2.616367e+001  -2.608198e+001  -2.587481e+001  -2.561526e+001  -2.533636e+001  -2.476977e+001  -2.423968e+001  -2.315825e+001  -2.254312e+001  
-0.000000e+000  -8.147160e+000  -1.632027e+001  -2.498369e+001  -3.900708e+001  -3.191024e+001  -3.041904e+001  -2.946200e+001  -2.862756e+001  -2.788776e+001  -2.723444e+001  -2.665626e+001  -2.614136e+001  -2.527009e+001  -2.455228e+001  -2.327823e+001  -2.260619e+001  
-0.000000e+000  -1.023689e+001  -2.112108e+001  -3.410186e+001  -5.363736e+001  -4.095822e+001  -3.578076e+001  -3.295770e+001  -3.107504e+001  -2.967927e+001  -2.858290e+001  -2.768943e+001  -2.694143e+001  -2.576947e+001  -2.486605e+001  -2.340019e+001  -2.267095e+001  
-0.000000e+000  -1.207568e+001  -2.511050e+001  -4.068719e+001  -6.185695e+001  -4.777369e+001  -4.045140e+001  -3.618515e+001  -3.338948e+001  -3.139339e+001  -2.988245e+001  -2.869055e+001  -2.772036e+001  -2.625947e+001  -2.517646e+001  -2.352269e+001  -2.273677e+001  
-0.000000e+000  -1.354298e+001  -2.811626e+001  -4.510988e+001  -6.645628e+001  -5.258162e+001  -4.422248e+001  -3.898673e+001  -3.547809e+001  -3.297514e+001  -3.109882e+001  -2.963716e+001  -2.846295e+001  -2.673212e+001  -2.547916e+001  -2.364435e+001  -2.280303e+001  
-0.000000e+000  -1.496084e+001  -3.080871e+001  -4.852903e+001  -6.912152e+001  -5.665233e+001  -4.805738e+001  -4.215588e+001  -3.799544e+001  -3.495793e+001  -3.266361e+001  -3.087770e+001  -2.945042e+001  -2.737317e+001  -2.589685e+001  -2.381680e+001  -2.289873e+001  
-0.000000e+000  -1.565656e+001  -3.197698e+001  -4.960991e+001  -6.907676e+001  -5.833388e+001  -5.023888e+001  -4.426598e+001  -3.983922e+001  -3.650353e+001  -3.393701e+001  -3.191956e+001  -3.030061e+001  -2.794366e+001  -2.627894e+001  -2.398099e+001  -2.299228e+001  
-0.000000e+000  -1.581070e+001  -3.207423e+001  -4.919307e+001  -6.742989e+001  -5.839975e+001  -5.112855e+001  -4.544162e+001  -4.103111e+001  -3.759694e+001  -3.489452e+001  -3.273856e+001  -3.099252e+001  -2.842971e+001  -2.661666e+001  -2.413364e+001  -2.308208e+001  
-0.000000e+000  -1.559410e+001  -3.147071e+001  -4.785839e+001  -6.486809e+001  -5.740956e+001  -5.106578e+001  -4.585358e+001  -4.164438e+001  -3.826269e+001  -3.553864e+001  -3.332822e+001  -3.151661e+001  -2.882270e+001  -2.690358e+001  -2.427203e+001  -2.316666e+001  
-0.000000e+000  -1.400582e+001  -2.805794e+001  -4.217488e+001  -5.632137e+001  -5.199225e+001  -4.792370e+001  -4.425438e+001  -4.103197e+001  -3.824766e+001  -3.586333e+001  -3.382943e+001  -3.209523e+001  -2.938545e+001  -2.738513e+001  -2.454906e+001  -2.335201e+001  
-0.000000e+000  -1.215461e+001  -2.426337e+001  -3.626964e+001  -4.809675e+001  -4.581621e+001  -4.344079e+001  -4.110144e+001  -3.888325e+001  -3.683441e+001  -3.497623e+001  -3.331206e+001  -3.183432e+001  -2.939798e+001  -2.751841e+001  -2.470442e+001  -2.348295e+001  
-0.000000e+000  -9.094012e+000  -1.812655e+001  -2.703488e+001  -3.575401e+001  -3.533970e+001  -3.472952e+001  -3.398555e+001  -3.315994e+001  -3.229449e+001  -3.142136e+001  -3.056433e+001  -2.974022e+001  -2.822498e+001  -2.692878e+001  -2.466671e+001  -2.357234e+001  
-0.000000e+000  -7.060230e+000  -1.407573e+001  -2.100209e+001  -2.779556e+001  -2.810326e+001  -2.825785e+001  -2.828271e+001  -2.820066e+001  -2.803318e+001  -2.779985e+001  -2.751814e+001  -2.720329e+001  -2.651347e+001  -2.582417e+001  -2.433157e+001  -2.348397e+001  
-0.000000e+000  -6.271071e+000  -1.250615e+001  -1.866962e+001  -2.472666e+001  -2.521888e+001  -2.558621e+001  -2.584095e+001  -2.599621e+001  -2.606538e+001  -2.606168e+001  -2.599785e+001  -2.588588e+001  -2.555086e+001  -2.514459e+001  -2.406963e+001  -2.337697e+001  

