2025-10-23 10:09:27   Build version: 2025.4 Release from 2025-04-11 (change 1409410)

2025-10-23 10:09:27   Starting adaptive port meshing.

                      ------------------------------------------------------------------------------
2025-10-23 10:09:27   Mode calculation for port 1:

                      ------------------------------------------------------------------------------
2025-10-23 10:09:27   According to the selected features the <Time Domain Solver (HEX)> will be
                      started.

                      ------------------------------------------------------------------------------
2025-10-23 10:09:27   

                      ------------------------------------------------------------------------------
2025-10-23 10:09:27   

                      ------------------------------------------------------------------------------
2025-10-23 10:09:32   Using Generalized port mode solver.

                      ------------------------------------------------------------------------------
2025-10-23 10:09:32   Using electric shielding for port 1.

                      ------------------------------------------------------------------------------
2025-10-23 10:09:33   Port mode solver: Detected dispersive material(s) at port 1. 
                      Using a constant approximation of dispersive material(s) at 2.4 GHz and neglecting loss terms.  More...

                      ------------------------------------------------------------------------------
2025-10-23 10:09:34     -------------------------------- F-Calc 2.4 --------------------------------
                        Port   Mode   Type        Z-Wave        Z-Wave-Sigma  Z-Line        F-Cutoff
                        1      1      QTEM        208           5.31e-009     48.7          ---
                        ----------------------------------------------------------------------------

2025-10-23 10:09:36   Pass 1 successfully completed. 
2025-10-23 10:09:36   According to the selected features the <Time Domain Solver (HEX)> will be
                      started.

                      ------------------------------------------------------------------------------
2025-10-23 10:09:36   

                      ------------------------------------------------------------------------------
2025-10-23 10:09:36   

                      ------------------------------------------------------------------------------
2025-10-23 10:09:41     -------------------------------- F-Calc 2.4 --------------------------------
                        Port   Mode   Type        Z-Wave        Z-Wave-Sigma  Z-Line        F-Cutoff
                        1      1      QTEM        247           6.30e-008     48.9          ---
                        ----------------------------------------------------------------------------

2025-10-23 10:09:42   Pass 2 successfully completed. Delta (Line Imp.): 0.43%
2025-10-23 10:09:42   According to the selected features the <Time Domain Solver (HEX)> will be
                      started.

                      ------------------------------------------------------------------------------
2025-10-23 10:09:42   

                      ------------------------------------------------------------------------------
2025-10-23 10:09:42   

                      ------------------------------------------------------------------------------
2025-10-23 10:09:50     -------------------------------- F-Calc 2.4 --------------------------------
                        Port   Mode   Type        Z-Wave        Z-Wave-Sigma  Z-Line        F-Cutoff
                        1      1      QTEM        250           6.14e-010     49            ---
                        ----------------------------------------------------------------------------

2025-10-23 10:09:51   Pass 3 successfully completed. Delta (Line Imp.): 0.24%
2025-10-23 10:09:51   Adaptive port meshing finished. 

                      ------------------------------------------------------------------------------
2025-10-23 10:09:52   The following farfield monitor(s) have been adjusted to model box [-29.1737,
                      29.1737, -31.22, 27.0737, -3.44871, 14.8186]:
                        farfield (f=2.4417).
                      For further information please check the page "Special Solver Parameters -
                      Solver" in the Online Help.

                      ------------------------------------------------------------------------------
2025-10-23 10:09:52   According to the selected features the <Time Domain Solver (HEX)> will be
                      started.

                      ------------------------------------------------------------------------------
2025-10-23 10:09:52   
                      Solver started at: 2025-10-23 10:09:52 +0200

                        Module:  Time Domain: S-Parameter (Win 64)
                        Version: 2025.4 Release from 2025-04-11 (change 1409410)

2025-10-23 10:09:52   

                      ------------------------------------------------------------------------------
2025-10-23 10:09:52   

                      ------------------------------------------------------------------------------
2025-10-23 10:09:52   ======================================================================
                       Solver cycle: 1
                      ======================================================================

                      Stimulation at port 1 (mode 1) 



                      ------------------------------------------------------------------------------
2025-10-23 10:09:53   Units settings: 

                        Dimensions: mm
                        Frequency:  GHz
                        Time:       ns

                      ------------------------------------------------------------------------------
2025-10-23 10:09:53   The dispersive material update [Automatic] will be performed using the "Standard" update schema

                      ------------------------------------------------------------------------------
2025-10-23 10:10:09   Mesh statistics:

                         Hexahedral mesh type: Perfect Boundary Approximation (PBA)
                            Version: default

                         Parallelization type: domain decomposition
                            Number of parallel working threads: 2
                            Number of calculation domains used: 2

                         Used point accuracy enhancement value: 65.00%.
                         Acceleration mode: CPU
                         PBA fill limit: 99.00% (inverse)
                         Used point accuracy enhancement value: 64.00%.
2025-10-23 09:39:11      current system memory usage reached 80%
2025-10-23 09:40:45      current system memory usage reached 80%
2025-10-23 09:43:55      current system memory usage reached 80%
2025-10-23 09:45:26      current system memory usage reached 80%
2025-10-23 09:47:00      current system memory usage reached 80%
2025-10-23 09:47:01      current system memory usage reached 80%
2025-10-23 09:48:58      current system memory usage reached 80%
                         Used point accuracy enhancement value: 66.00%.

2025-10-23 09:24:45      *** Warning ***  current system memory usage reached 85% (14 GB)

2025-10-23 09:58:19      *** Warning ***  current system memory usage reached 85% (14 GB)


2025-10-23 10:10:11   Using Generalized port mode solver.

                      ------------------------------------------------------------------------------
2025-10-23 10:10:11   Using electric shielding for port 1.

                      ------------------------------------------------------------------------------
2025-10-23 10:10:11   Port mode solver: Detected dispersive material(s) at port 1. 
                      Using a constant approximation of dispersive material(s) at 2.4 GHz and neglecting loss terms.  More...

                      ------------------------------------------------------------------------------
2025-10-23 10:10:12   Boundary conditions: 

                        YZsymmetry: none
                        XZsymmetry: none
                        XYsymmetry: none

                        Xmin: expanded open, 4 Layer, depth 31.5218 mm
                        Xmax: expanded open, 4 Layer, depth 31.5218 mm

                        Ymin: expanded open, 4 Layer, depth 35.9731 mm
                        Ymax: expanded open, 4 Layer, depth 31.5218 mm

                        Zmin: expanded open, 4 Layer, depth 31.7706 mm
                        Zmax: expanded open, 4 Layer, depth 36.7086 mm

                        PML-Type: Convolution PML

                      ------------------------------------------------------------------------------
2025-10-23 10:10:12   Frequency settings: 

                        Fmin:         2.2
                        Fmax:         2.6
                        Nfsteps(lin): 1001

                      ------------------------------------------------------------------------------
2025-10-23 10:10:12   Field update statistics:

                        Number of components in total: 	554373
                        Number of TST and special elements:	447
                        Number of lossy metal components:	10052
                        Number of disp. elements:		10264

                      Subcycling state:      			Automatically deactivated

                      ------------------------------------------------------------------------------
2025-10-23 10:10:12   Waveguide boundaries:

2025-10-23 10:10:12   Port: 1

2025-10-23 10:10:12     -------------------------------- F-Calc 2.4 --------------------------------
                        Port   Mode   Type        Z-Wave        Z-Wave-Sigma  Z-Line        F-Cutoff
                        1      1      QTEM        208           5.32e-009     49            ---
                        ----------------------------------------------------------------------------

2025-10-23 10:10:13   Using standard absorber for unconsidered modes at port 1.

                      ------------------------------------------------------------------------------
2025-10-23 10:11:05   
                      --------------------------------------------------------------------------------
2025-10-23 10:11:05   Steady state energy criterion met, solver finished successfully.

                      ------------------------------------------------------------------------------
2025-10-23 10:11:05   Frequency domain results normalized to default signal.


                      ------------------------------------------------------------------------------
2025-10-23 10:11:05   
                        ----------------------------------------------------------------------------
                                            Peak memory used (kB)         Free physical memory (kB) 
                                                                          At begin     Minimum      
                        ----------------------------------------------------------------------------
                        Matrices calc.      147192                        1989257      1206054      
                        Solver run total    90808                         3367904      3250392      
                        ----------------------------------------------------------------------------

                      --------------------------------------------------------------------------------
                      Solver Statistics:

                        Hardware:
                           Computer name:                 	Heu 

                           Number of CPU threads:               4
                           Hardware info:                  	Hardware Accelerator Device not activated

                        Number of mesh cells:             	89040
                        Excitation duration:              	1.77727437e+001 ns 
                        Calculation time for excitation:  	44 	s
                        Number of calculated pulse widths:	1.057 
                        Steady state accuracy limit:      	-40	dB 
                        Simulated number of time steps:   	13377 
                        Maximum number of time steps:     	253111 
                        Time step width:
                           without subcycles:             	1.404341134e-003 ns
                           used:                          	1.404341134e-003 ns

                        Matrix calculation time:          	16 	s
                        Solver setup time:                	6 	s
                        Solver loop time:                 	46 	s
                        Solver post-processing time:      	2 	s
                                                          	------------
                        Total solver time:                	70 	s  ( = 0 h, 1 m, 10 s )

                      ------------------------------------------------------------------------------
2025-10-23 10:11:06   
                        Adaptive port meshing time:          	27     	s
                        Total solver time (all cycles):      	70     	s  ( = 0 h, 1 m, 10 s )
                        Solver initialization and clean-up:  	3      	s
                                                             	------------
                        Total simulation time:               	100    	s  ( = 0 h, 1 m, 40 s )

                      ------------------------------------------------------------------------------
2025-10-23 10:11:06   Solver finished at: 2025-10-23 10:11:06 +0200



                      ------------------------------------------------------------------------------
2025-10-23 10:11:08   Creating parametric 1D results for Run ID 37

                      ------------------------------------------------------------------------------
