Port monitor named: Port1_h1.prt

nx        = 39
ny        = 4
nz        = 19

nu        = 17
nv        = 37
iu        = 2
iv        = 2

idir      = 1
dcut      = -4.850000e-002
icut      = 2
type      = 1
frequency = 2.400000e+009

fcutoff   = 0.000000e+000
alpha     = 0.000000e+000
beta      = 9.599472e+001
accuracy  = 2.484641e-010

type          = QTEM
wave imp.     = 2.480319e+002
wave imp.sig. = 2.366938e-008
line imp.     = 3.206676e+001

ref. port     = 0

-0.000000e+000  1.139048e-002  2.253674e-002  3.320651e-002  4.319027e-002  5.350743e-002  6.260854e-002  7.037607e-002  7.675720e-002  8.175888e-002  8.543929e-002  8.789733e-002  8.926138e-002  8.914860e-002  8.653223e-002  7.407985e-002  6.450386e-002  
-0.000000e+000  4.146953e-002  8.191071e-002  1.203547e-001  1.559455e-001  1.921517e-001  2.233874e-001  2.492759e-001  2.697279e-001  2.849035e-001  2.951611e-001  3.010015e-001  3.030139e-001  2.974458e-001  2.841711e-001  2.357384e-001  2.019087e-001  
-0.000000e+000  9.562472e-002  1.880111e-001  2.741741e-001  3.516047e-001  4.269110e-001  4.877241e-001  5.336796e-001  5.653637e-001  5.840640e-001  5.915054e-001  5.896154e-001  5.803423e-001  5.451730e-001  5.003889e-001  3.846116e-001  3.166512e-001  
-0.000000e+000  1.967360e-001  3.840663e-001  5.535271e-001  6.984470e-001  8.285911e-001  9.210521e-001  9.776809e-001  1.002916e+000  1.002503e+000  9.824510e-001  9.483473e-001  9.050091e-001  8.024257e-001  6.998327e-001  4.926990e-001  3.883119e-001  
-0.000000e+000  3.846126e-001  7.438900e-001  1.055048e+000  1.300826e+000  1.490980e+000  1.590598e+000  1.614054e+000  1.580749e+000  1.509634e+000  1.416390e+000  1.312688e+000  1.206592e+000  1.002967e+000  8.287280e-001  5.383273e-001  4.085385e-001  
-0.000000e+000  6.091261e-001  1.172272e+000  1.645398e+000  1.992584e+000  2.215409e+000  2.275825e+000  2.217546e+000  2.086844e+000  1.920221e+000  1.742087e+000  1.566973e+000  1.402659e+000  1.117394e+000  8.916698e-001  5.510166e-001  4.082892e-001  
-0.000000e+000  8.949117e-001  1.723952e+000  2.410889e+000  2.875985e+000  3.084199e+000  3.022330e+000  2.805944e+000  2.527103e+000  2.239807e+000  1.969888e+000  1.727124e+000  1.513432e+000  1.168947e+000  9.106477e-001  5.447731e-001  3.974375e-001  
-0.000000e+000  1.103256e+000  2.135956e+000  2.998768e+000  3.560924e+000  3.726686e+000  3.535054e+000  3.180081e+000  2.787807e+000  2.417337e+000  2.089154e+000  1.806121e+000  1.564457e+000  1.188589e+000  9.140514e-001  5.372286e-001  3.885530e-001  
-0.000000e+000  1.357719e+000  2.659109e+000  3.783512e+000  4.502929e+000  4.554300e+000  4.133690e+000  3.575525e+000  3.039361e+000  2.574996e+000  2.186855e+000  1.865281e+000  1.598305e+000  1.196143e+000  9.090250e-001  5.255798e-001  3.770266e-001  
-0.000000e+000  1.648900e+000  3.297967e+000  4.833487e+000  5.861141e+000  5.626132e+000  4.805498e+000  3.962279e+000  3.256419e+000  2.695569e+000  2.252125e+000  1.897891e+000  1.610862e+000  1.189863e+000  8.948444e-001  5.097080e-001  3.628525e-001  
-0.000000e+000  1.905672e+000  3.927475e+000  6.054556e+000  7.733459e+000  6.840379e+000  5.412037e+000  4.244409e+000  3.384780e+000  2.750809e+000  2.270958e+000  1.897580e+000  1.599957e+000  1.170862e+000  8.737643e-001  4.919086e-001  3.480161e-001  
-0.000000e+000  2.083454e+000  4.432637e+000  7.286306e+000  1.025106e+001  8.057409e+000  5.862435e+000  4.398635e+000  3.429907e+000  2.753675e+000  2.256320e+000  1.875385e+000  1.574555e+000  1.144967e+000  8.496298e-001  4.739527e-001  3.336284e-001  
-0.000000e+000  2.158470e+000  4.742641e+000  8.474320e+000  1.454140e+001  9.278202e+000  6.096017e+000  4.406235e+000  3.388753e+000  2.704049e+000  2.207711e+000  1.829953e+000  1.532609e+000  1.109486e+000  8.196140e-001  4.535141e-001  3.177622e-001  
-0.000000e+000  2.068995e+000  4.609379e+000  8.760345e+000  2.270515e+001  9.878813e+000  5.884601e+000  4.214066e+000  3.249222e+000  2.599065e+000  2.124466e+000  1.761169e+000  1.474155e+000  1.064478e+000  7.837755e-001  4.306461e-001  3.004638e-001  
-0.000000e+000  1.751234e+000  3.725808e+000  6.241408e+000  -0.000000e+000  6.194429e+000  4.824794e+000  3.743671e+000  2.977136e+000  2.415901e+000  1.989051e+000  1.654786e+000  1.387259e+000  1.001024e+000  7.352135e-001  4.011382e-001  2.786148e-001  
-0.000000e+000  1.232181e+000  2.338194e+000  2.763408e+000  -0.000000e+000  3.211110e+000  3.459209e+000  3.038304e+000  2.557180e+000  2.135560e+000  1.785588e+000  1.498241e+000  1.262060e+000  9.128869e-001  6.699437e-001  3.633345e-001  2.512627e-001  
-0.000000e+000  5.843191e-001  9.635060e-001  8.591684e-001  -0.000000e+000  1.350129e+000  1.955149e+000  2.032321e+000  1.882055e+000  1.659574e+000  1.431813e+000  1.223781e+000  1.042510e+000  7.602547e-001  5.588646e-001  3.010998e-001  2.070370e-001  
-0.000000e+000  6.993083e-002  1.049691e-001  8.039226e-002  -0.000000e+000  2.564339e-001  4.555812e-001  5.626657e-001  5.972605e-001  5.845712e-001  5.452711e-001  4.936717e-001  4.387550e-001  3.346705e-001  2.514972e-001  1.352385e-001  9.204841e-002  
-0.000000e+000  -6.993083e-002  -1.049691e-001  -8.039226e-002  -0.000000e+000  -2.564339e-001  -4.555812e-001  -5.626657e-001  -5.972605e-001  -5.845712e-001  -5.452711e-001  -4.936717e-001  -4.387550e-001  -3.346705e-001  -2.514972e-001  -1.352385e-001  -9.204841e-002  
-0.000000e+000  -5.843191e-001  -9.635060e-001  -8.591684e-001  -0.000000e+000  -1.350129e+000  -1.955149e+000  -2.032321e+000  -1.882055e+000  -1.659574e+000  -1.431813e+000  -1.223781e+000  -1.042510e+000  -7.602547e-001  -5.588646e-001  -3.010998e-001  -2.070370e-001  
-0.000000e+000  -1.232181e+000  -2.338194e+000  -2.763408e+000  -0.000000e+000  -3.211110e+000  -3.459209e+000  -3.038304e+000  -2.557180e+000  -2.135560e+000  -1.785588e+000  -1.498241e+000  -1.262060e+000  -9.128869e-001  -6.699437e-001  -3.633345e-001  -2.512627e-001  
-0.000000e+000  -1.751234e+000  -3.725808e+000  -6.241408e+000  -0.000000e+000  -6.194429e+000  -4.824794e+000  -3.743671e+000  -2.977136e+000  -2.415901e+000  -1.989051e+000  -1.654786e+000  -1.387259e+000  -1.001024e+000  -7.352135e-001  -4.011382e-001  -2.786148e-001  
-0.000000e+000  -2.068995e+000  -4.609379e+000  -8.760345e+000  -2.270515e+001  -9.878813e+000  -5.884601e+000  -4.214066e+000  -3.249222e+000  -2.599065e+000  -2.124466e+000  -1.761169e+000  -1.474155e+000  -1.064478e+000  -7.837755e-001  -4.306461e-001  -3.004638e-001  
-0.000000e+000  -2.158470e+000  -4.742641e+000  -8.474320e+000  -1.454140e+001  -9.278202e+000  -6.096017e+000  -4.406235e+000  -3.388753e+000  -2.704049e+000  -2.207711e+000  -1.829953e+000  -1.532609e+000  -1.109486e+000  -8.196140e-001  -4.535141e-001  -3.177623e-001  
-0.000000e+000  -2.083454e+000  -4.432637e+000  -7.286306e+000  -1.025106e+001  -8.057409e+000  -5.862435e+000  -4.398635e+000  -3.429907e+000  -2.753675e+000  -2.256320e+000  -1.875385e+000  -1.574555e+000  -1.144967e+000  -8.496298e-001  -4.739527e-001  -3.336284e-001  
-0.000000e+000  -1.905672e+000  -3.927475e+000  -6.054556e+000  -7.733459e+000  -6.840379e+000  -5.412037e+000  -4.244409e+000  -3.384780e+000  -2.750809e+000  -2.270958e+000  -1.897580e+000  -1.599957e+000  -1.170862e+000  -8.737643e-001  -4.919086e-001  -3.480161e-001  
-0.000000e+000  -1.648900e+000  -3.297967e+000  -4.833487e+000  -5.861141e+000  -5.626132e+000  -4.805498e+000  -3.962279e+000  -3.256419e+000  -2.695569e+000  -2.252125e+000  -1.897891e+000  -1.610862e+000  -1.189863e+000  -8.948444e-001  -5.097080e-001  -3.628525e-001  
-0.000000e+000  -1.357719e+000  -2.659109e+000  -3.783512e+000  -4.502929e+000  -4.554300e+000  -4.133690e+000  -3.575525e+000  -3.039361e+000  -2.574996e+000  -2.186855e+000  -1.865281e+000  -1.598305e+000  -1.196143e+000  -9.090250e-001  -5.255797e-001  -3.770266e-001  
-0.000000e+000  -1.103256e+000  -2.135956e+000  -2.998768e+000  -3.560924e+000  -3.726686e+000  -3.535054e+000  -3.180081e+000  -2.787807e+000  -2.417337e+000  -2.089154e+000  -1.806121e+000  -1.564457e+000  -1.188589e+000  -9.140514e-001  -5.372286e-001  -3.885530e-001  
-0.000000e+000  -8.949117e-001  -1.723952e+000  -2.410889e+000  -2.875985e+000  -3.084199e+000  -3.022330e+000  -2.805944e+000  -2.527103e+000  -2.239807e+000  -1.969888e+000  -1.727124e+000  -1.513432e+000  -1.168947e+000  -9.106477e-001  -5.447731e-001  -3.974375e-001  
-0.000000e+000  -6.091261e-001  -1.172272e+000  -1.645398e+000  -1.992584e+000  -2.215409e+000  -2.275825e+000  -2.217546e+000  -2.086844e+000  -1.920221e+000  -1.742087e+000  -1.566973e+000  -1.402659e+000  -1.117394e+000  -8.916698e-001  -5.510166e-001  -4.082892e-001  
-0.000000e+000  -3.846126e-001  -7.438900e-001  -1.055048e+000  -1.300826e+000  -1.490980e+000  -1.590598e+000  -1.614054e+000  -1.580749e+000  -1.509634e+000  -1.416390e+000  -1.312688e+000  -1.206592e+000  -1.002967e+000  -8.287280e-001  -5.383272e-001  -4.085385e-001  
-0.000000e+000  -1.967360e-001  -3.840663e-001  -5.535271e-001  -6.984470e-001  -8.285911e-001  -9.210521e-001  -9.776809e-001  -1.002916e+000  -1.002503e+000  -9.824510e-001  -9.483473e-001  -9.050091e-001  -8.024257e-001  -6.998327e-001  -4.926990e-001  -3.883119e-001  
-0.000000e+000  -9.562472e-002  -1.880111e-001  -2.741741e-001  -3.516047e-001  -4.269110e-001  -4.877241e-001  -5.336796e-001  -5.653637e-001  -5.840640e-001  -5.915054e-001  -5.896154e-001  -5.803423e-001  -5.451730e-001  -5.003889e-001  -3.846116e-001  -3.166512e-001  
-0.000000e+000  -4.146953e-002  -8.191071e-002  -1.203547e-001  -1.559455e-001  -1.921517e-001  -2.233873e-001  -2.492759e-001  -2.697279e-001  -2.849035e-001  -2.951611e-001  -3.010015e-001  -3.030139e-001  -2.974458e-001  -2.841711e-001  -2.357384e-001  -2.019087e-001  
-0.000000e+000  -1.139048e-002  -2.253675e-002  -3.320651e-002  -4.319027e-002  -5.350743e-002  -6.260854e-002  -7.037607e-002  -7.675720e-002  -8.175888e-002  -8.543929e-002  -8.789733e-002  -8.926138e-002  -8.914860e-002  -8.653223e-002  -7.407985e-002  -6.450386e-002  
-0.000000e+000  -0.000000e+000  -0.000000e+000  -0.000000e+000  -0.000000e+000  -0.000000e+000  -0.000000e+000  -0.000000e+000  -0.000000e+000  -0.000000e+000  -0.000000e+000  -0.000000e+000  -0.000000e+000  -0.000000e+000  -0.000000e+000  -0.000000e+000  -0.000000e+000  

-1.050385e+000  -1.043666e+000  -1.030350e+000  -1.010671e+000  -9.858151e-001  -9.563986e-001  -9.222179e-001  -8.839747e-001  -8.423976e-001  -7.982104e-001  -7.521061e-001  -7.047251e-001  -6.325981e-001  -5.365879e-001  -3.721069e-001  -1.263338e-001  -0.000000e+000  
-1.110959e+000  -1.103116e+000  -1.087603e+000  -1.064756e+000  -1.035763e+000  -1.001320e+000  -9.616178e-001  -9.176149e-001  -8.702765e-001  -8.205306e-001  -7.692332e-001  -7.171444e-001  -6.387990e-001  -5.369817e-001  -3.663768e-001  -1.224904e-001  -0.000000e+000  
-1.371262e+000  -1.357798e+000  -1.331355e+000  -1.292863e+000  -1.243550e+000  -1.184681e+000  -1.118644e+000  -1.047754e+000  -9.741614e-001  -8.997418e-001  -8.260363e-001  -7.542390e-001  -6.507001e-001  -5.271436e-001  -3.363542e-001  -1.055808e-001  -0.000000e+000  
-1.827907e+000  -1.800731e+000  -1.747908e+000  -1.672327e+000  -1.575651e+000  -1.461497e+000  -1.338598e+000  -1.212798e+000  -1.088866e+000  -9.703276e-001  -8.595132e-001  -7.577332e-001  -6.193810e-001  -4.726646e-001  -2.709313e-001  -7.711538e-002  -0.000000e+000  
-2.710175e+000  -2.644677e+000  -2.518978e+000  -2.343147e+000  -2.121875e+000  -1.869255e+000  -1.614121e+000  -1.371664e+000  -1.151433e+000  -9.579950e-001  -7.922722e-001  -6.528945e-001  -4.794571e-001  -3.246922e-001  -1.473613e-001  -3.264242e-002  -0.000000e+000  
-3.534496e+000  -3.418379e+000  -3.196484e+000  -2.889803e+000  -2.510572e+000  -2.094927e+000  -1.701881e+000  -1.355611e+000  -1.064998e+000  -8.289346e-001  -6.413460e-001  -4.945369e-001  -3.241957e-001  -1.903535e-001  -5.807063e-002  -4.608114e-003  -0.000000e+000  
-4.815448e+000  -4.607808e+000  -4.206641e+000  -3.648957e+000  -2.966499e+000  -2.259861e+000  -1.652598e+000  -1.173621e+000  -8.147938e-001  -5.538346e-001  -3.673239e-001  -2.356954e-001  -9.835891e-002  -1.142013e-002  4.853306e-002  2.658855e-002  -0.000000e+000  
-5.570598e+000  -5.309778e+000  -4.793798e+000  -4.056708e+000  -3.144717e+000  -2.241986e+000  -1.521319e+000  -9.949581e-001  -6.276184e-001  -3.768898e-001  -2.078636e-001  -9.532484e-002  1.460588e-002  7.303384e-002  9.554404e-002  3.977479e-002  -0.000000e+000  
-6.495919e+000  -6.178255e+000  -5.525202e+000  -4.545184e+000  -3.294541e+000  -2.132750e+000  -1.291915e+000  -7.358120e-001  -3.813513e-001  -1.584982e-001  -1.971036e-002  6.501857e-002  1.388323e-001  1.633690e-001  1.441850e-001  5.312654e-002  -0.000000e+000  
-7.628558e+000  -7.265757e+000  -6.470231e+000  -5.163246e+000  -3.364626e+000  -1.861161e+000  -9.180541e-001  -3.742370e-001  -6.816070e-002  1.027017e-001  1.960297e-001  2.435435e-001  2.725879e-001  2.583403e-001  1.938783e-001  6.650817e-002  -0.000000e+000  
-8.997929e+000  -8.635994e+000  -7.749873e+000  -6.033277e+000  -3.232081e+000  -1.304793e+000  -3.409813e-001  1.084552e-001  3.140175e-001  4.035615e-001  4.353005e-001  4.366148e-001  4.132990e-001  3.563407e-001  2.439612e-001  7.977286e-002  -0.000000e+000  
-1.020706e+001  -9.917971e+000  -9.098715e+000  -7.105968e+000  -2.771394e+000  -5.460626e-001  2.788769e-001  5.627159e-001  6.471594e-001  6.543072e-001  6.293984e-001  5.906182e-001  5.235722e-001  4.322010e-001  2.821138e-001  8.975465e-002  -0.000000e+000  
-1.152648e+001  -1.140328e+001  -1.089918e+001  -8.978401e+000  -1.599396e+000  6.323919e-001  1.061118e+000  1.077007e+000  1.003751e+000  9.149395e-001  8.279191e-001  7.466428e-001  6.342123e-001  5.077698e-001  3.197212e-001  9.950502e-002  -0.000000e+000  
-1.289204e+001  -1.303417e+001  -1.324486e+001  -1.277845e+001  1.253095e+000  2.351816e+000  1.967605e+000  1.618481e+000  1.365427e+000  1.175417e+000  1.025063e+000  9.010833e-001  7.433582e-001  5.820626e-001  3.564304e-001  1.089517e-001  -0.000000e+000  
-1.420122e+001  -1.463704e+001  -1.585016e+001  -1.931300e+001  1.026590e+001  4.516929e+000  2.864392e+000  2.131821e+000  1.708769e+000  1.424493e+000  1.214727e+000  1.050254e+000  8.491409e-001  6.540946e-001  3.918885e-001  1.180227e-001  -0.000000e+000  
-1.568932e+001  -1.631205e+001  -1.797765e+001  -2.215471e+001  9.559688e+000  5.495170e+000  3.635468e+000  2.675601e+000  2.104741e+000  1.724175e+000  1.448390e+000  1.236550e+000  9.828615e-001  7.455955e-001  4.369030e-001  1.294791e-001  -0.000000e+000  
-1.674260e+001  -1.726101e+001  -1.836128e+001  -1.988582e+001  6.980252e+000  5.290160e+000  3.924678e+000  3.011895e+000  2.399814e+000  1.968722e+000  1.648704e+000  1.400770e+000  1.103724e+000  8.292698e-001  4.782649e-001  1.399718e-001  -0.000000e+000  
-1.776079e+001  -1.793838e+001  -1.823482e+001  -1.850374e+001  4.795888e+000  4.367601e+000  3.780549e+000  3.205444e+000  2.702951e+000  2.282795e+000  1.936583e+000  1.651739e+000  1.298814e+000  9.679937e-001  5.478995e-001  1.576140e-001  -0.000000e+000  
-1.809710e+001  -1.813099e+001  -1.818187e+001  -1.822083e+001  3.752523e+000  3.611682e+000  3.361517e+000  3.052642e+000  2.724904e+000  2.404283e+000  2.105392e+000  1.834971e+000  1.474755e+000  1.109151e+000  6.257596e-001  1.777389e-001  -0.000000e+000  
-1.776079e+001  -1.793838e+001  -1.823482e+001  -1.850374e+001  4.795888e+000  4.367601e+000  3.780549e+000  3.205444e+000  2.702951e+000  2.282795e+000  1.936583e+000  1.651739e+000  1.298814e+000  9.679937e-001  5.478995e-001  1.576140e-001  -0.000000e+000  
-1.674260e+001  -1.726101e+001  -1.836128e+001  -1.988582e+001  6.980252e+000  5.290160e+000  3.924678e+000  3.011895e+000  2.399814e+000  1.968722e+000  1.648704e+000  1.400770e+000  1.103724e+000  8.292698e-001  4.782649e-001  1.399718e-001  -0.000000e+000  
-1.568932e+001  -1.631205e+001  -1.797765e+001  -2.215471e+001  9.559688e+000  5.495170e+000  3.635468e+000  2.675601e+000  2.104741e+000  1.724175e+000  1.448390e+000  1.236550e+000  9.828615e-001  7.455955e-001  4.369030e-001  1.294791e-001  -0.000000e+000  
-1.420122e+001  -1.463704e+001  -1.585016e+001  -1.931300e+001  1.026590e+001  4.516929e+000  2.864392e+000  2.131821e+000  1.708769e+000  1.424493e+000  1.214726e+000  1.050254e+000  8.491409e-001  6.540946e-001  3.918885e-001  1.180227e-001  -0.000000e+000  
-1.289204e+001  -1.303417e+001  -1.324486e+001  -1.277845e+001  1.253095e+000  2.351816e+000  1.967605e+000  1.618481e+000  1.365427e+000  1.175417e+000  1.025063e+000  9.010833e-001  7.433582e-001  5.820626e-001  3.564304e-001  1.089517e-001  -0.000000e+000  
-1.152648e+001  -1.140328e+001  -1.089918e+001  -8.978401e+000  -1.599396e+000  6.323919e-001  1.061118e+000  1.077007e+000  1.003751e+000  9.149395e-001  8.279191e-001  7.466428e-001  6.342123e-001  5.077698e-001  3.197212e-001  9.950502e-002  -0.000000e+000  
-1.020706e+001  -9.917971e+000  -9.098715e+000  -7.105968e+000  -2.771394e+000  -5.460626e-001  2.788769e-001  5.627159e-001  6.471594e-001  6.543072e-001  6.293984e-001  5.906182e-001  5.235722e-001  4.322010e-001  2.821138e-001  8.975465e-002  -0.000000e+000  
-8.997929e+000  -8.635994e+000  -7.749873e+000  -6.033277e+000  -3.232081e+000  -1.304793e+000  -3.409813e-001  1.084552e-001  3.140175e-001  4.035615e-001  4.353005e-001  4.366148e-001  4.132990e-001  3.563407e-001  2.439612e-001  7.977286e-002  -0.000000e+000  
-7.628558e+000  -7.265757e+000  -6.470231e+000  -5.163246e+000  -3.364626e+000  -1.861161e+000  -9.180541e-001  -3.742369e-001  -6.816071e-002  1.027017e-001  1.960297e-001  2.435435e-001  2.725879e-001  2.583403e-001  1.938783e-001  6.650817e-002  -0.000000e+000  
-6.495919e+000  -6.178255e+000  -5.525202e+000  -4.545184e+000  -3.294541e+000  -2.132750e+000  -1.291915e+000  -7.358120e-001  -3.813513e-001  -1.584982e-001  -1.971036e-002  6.501856e-002  1.388323e-001  1.633690e-001  1.441850e-001  5.312654e-002  -0.000000e+000  
-5.570598e+000  -5.309778e+000  -4.793798e+000  -4.056708e+000  -3.144717e+000  -2.241986e+000  -1.521319e+000  -9.949581e-001  -6.276183e-001  -3.768898e-001  -2.078636e-001  -9.532483e-002  1.460588e-002  7.303384e-002  9.554404e-002  3.977479e-002  -0.000000e+000  
-4.815448e+000  -4.607808e+000  -4.206641e+000  -3.648957e+000  -2.966499e+000  -2.259861e+000  -1.652598e+000  -1.173621e+000  -8.147938e-001  -5.538346e-001  -3.673239e-001  -2.356954e-001  -9.835891e-002  -1.142014e-002  4.853306e-002  2.658855e-002  -0.000000e+000  
-3.534496e+000  -3.418379e+000  -3.196484e+000  -2.889803e+000  -2.510572e+000  -2.094927e+000  -1.701881e+000  -1.355611e+000  -1.064998e+000  -8.289346e-001  -6.413460e-001  -4.945369e-001  -3.241957e-001  -1.903535e-001  -5.807063e-002  -4.608114e-003  -0.000000e+000  
-2.710175e+000  -2.644677e+000  -2.518978e+000  -2.343147e+000  -2.121875e+000  -1.869255e+000  -1.614121e+000  -1.371664e+000  -1.151433e+000  -9.579950e-001  -7.922722e-001  -6.528945e-001  -4.794571e-001  -3.246922e-001  -1.473613e-001  -3.264242e-002  -0.000000e+000  
-1.827907e+000  -1.800731e+000  -1.747908e+000  -1.672327e+000  -1.575651e+000  -1.461497e+000  -1.338598e+000  -1.212798e+000  -1.088866e+000  -9.703276e-001  -8.595132e-001  -7.577332e-001  -6.193810e-001  -4.726646e-001  -2.709313e-001  -7.711538e-002  -0.000000e+000  
-1.371262e+000  -1.357798e+000  -1.331355e+000  -1.292863e+000  -1.243550e+000  -1.184681e+000  -1.118644e+000  -1.047754e+000  -9.741614e-001  -8.997418e-001  -8.260363e-001  -7.542390e-001  -6.507001e-001  -5.271436e-001  -3.363542e-001  -1.055808e-001  -0.000000e+000  
-1.110959e+000  -1.103116e+000  -1.087603e+000  -1.064756e+000  -1.035763e+000  -1.001320e+000  -9.616178e-001  -9.176149e-001  -8.702765e-001  -8.205306e-001  -7.692332e-001  -7.171444e-001  -6.387990e-001  -5.369817e-001  -3.663768e-001  -1.224904e-001  -0.000000e+000  
-1.050385e+000  -1.043666e+000  -1.030350e+000  -1.010671e+000  -9.858151e-001  -9.563986e-001  -9.222179e-001  -8.839747e-001  -8.423976e-001  -7.982104e-001  -7.521061e-001  -7.047251e-001  -6.325981e-001  -5.365879e-001  -3.721069e-001  -1.263338e-001  -0.000000e+000  

0.000000e+000  0.000000e+000  0.000000e+000  0.000000e+000  0.000000e+000  0.000000e+000  0.000000e+000  0.000000e+000  0.000000e+000  0.000000e+000  0.000000e+000  0.000000e+000  0.000000e+000  0.000000e+000  0.000000e+000  0.000000e+000  0.000000e+000  
0.000000e+000  0.000000e+000  0.000000e+000  0.000000e+000  0.000000e+000  0.000000e+000  0.000000e+000  0.000000e+000  0.000000e+000  0.000000e+000  0.000000e+000  0.000000e+000  0.000000e+000  0.000000e+000  0.000000e+000  0.000000e+000  0.000000e+000  
0.000000e+000  0.000000e+000  0.000000e+000  0.000000e+000  0.000000e+000  0.000000e+000  0.000000e+000  0.000000e+000  0.000000e+000  0.000000e+000  0.000000e+000  0.000000e+000  0.000000e+000  0.000000e+000  0.000000e+000  0.000000e+000  0.000000e+000  
0.000000e+000  0.000000e+000  0.000000e+000  0.000000e+000  0.000000e+000  0.000000e+000  0.000000e+000  0.000000e+000  0.000000e+000  0.000000e+000  0.000000e+000  0.000000e+000  0.000000e+000  0.000000e+000  0.000000e+000  0.000000e+000  0.000000e+000  
0.000000e+000  0.000000e+000  0.000000e+000  0.000000e+000  0.000000e+000  0.000000e+000  0.000000e+000  0.000000e+000  0.000000e+000  0.000000e+000  0.000000e+000  0.000000e+000  0.000000e+000  0.000000e+000  0.000000e+000  0.000000e+000  0.000000e+000  
0.000000e+000  0.000000e+000  0.000000e+000  0.000000e+000  0.000000e+000  0.000000e+000  0.000000e+000  0.000000e+000  0.000000e+000  0.000000e+000  0.000000e+000  0.000000e+000  0.000000e+000  0.000000e+000  0.000000e+000  0.000000e+000  0.000000e+000  
0.000000e+000  0.000000e+000  0.000000e+000  0.000000e+000  0.000000e+000  0.000000e+000  0.000000e+000  0.000000e+000  0.000000e+000  0.000000e+000  0.000000e+000  0.000000e+000  0.000000e+000  0.000000e+000  0.000000e+000  0.000000e+000  0.000000e+000  
0.000000e+000  0.000000e+000  0.000000e+000  0.000000e+000  0.000000e+000  0.000000e+000  0.000000e+000  0.000000e+000  0.000000e+000  0.000000e+000  0.000000e+000  0.000000e+000  0.000000e+000  0.000000e+000  0.000000e+000  0.000000e+000  0.000000e+000  
0.000000e+000  0.000000e+000  0.000000e+000  0.000000e+000  0.000000e+000  0.000000e+000  0.000000e+000  0.000000e+000  0.000000e+000  0.000000e+000  0.000000e+000  0.000000e+000  0.000000e+000  0.000000e+000  0.000000e+000  0.000000e+000  0.000000e+000  
0.000000e+000  0.000000e+000  0.000000e+000  0.000000e+000  0.000000e+000  0.000000e+000  0.000000e+000  0.000000e+000  0.000000e+000  0.000000e+000  0.000000e+000  0.000000e+000  0.000000e+000  0.000000e+000  0.000000e+000  0.000000e+000  0.000000e+000  
0.000000e+000  0.000000e+000  0.000000e+000  0.000000e+000  0.000000e+000  0.000000e+000  0.000000e+000  0.000000e+000  0.000000e+000  0.000000e+000  0.000000e+000  0.000000e+000  0.000000e+000  0.000000e+000  0.000000e+000  0.000000e+000  0.000000e+000  
0.000000e+000  0.000000e+000  0.000000e+000  0.000000e+000  0.000000e+000  0.000000e+000  0.000000e+000  0.000000e+000  0.000000e+000  0.000000e+000  0.000000e+000  0.000000e+000  0.000000e+000  0.000000e+000  0.000000e+000  0.000000e+000  0.000000e+000  
0.000000e+000  0.000000e+000  0.000000e+000  0.000000e+000  0.000000e+000  0.000000e+000  0.000000e+000  0.000000e+000  0.000000e+000  0.000000e+000  0.000000e+000  0.000000e+000  0.000000e+000  0.000000e+000  0.000000e+000  0.000000e+000  0.000000e+000  
0.000000e+000  0.000000e+000  0.000000e+000  0.000000e+000  0.000000e+000  0.000000e+000  0.000000e+000  0.000000e+000  0.000000e+000  0.000000e+000  0.000000e+000  0.000000e+000  0.000000e+000  0.000000e+000  0.000000e+000  0.000000e+000  0.000000e+000  
0.000000e+000  0.000000e+000  0.000000e+000  0.000000e+000  0.000000e+000  0.000000e+000  0.000000e+000  0.000000e+000  0.000000e+000  0.000000e+000  0.000000e+000  0.000000e+000  0.000000e+000  0.000000e+000  0.000000e+000  0.000000e+000  0.000000e+000  
0.000000e+000  0.000000e+000  0.000000e+000  0.000000e+000  0.000000e+000  0.000000e+000  0.000000e+000  0.000000e+000  0.000000e+000  0.000000e+000  0.000000e+000  0.000000e+000  0.000000e+000  0.000000e+000  0.000000e+000  0.000000e+000  0.000000e+000  
0.000000e+000  0.000000e+000  0.000000e+000  0.000000e+000  0.000000e+000  0.000000e+000  0.000000e+000  0.000000e+000  0.000000e+000  0.000000e+000  0.000000e+000  0.000000e+000  0.000000e+000  0.000000e+000  0.000000e+000  0.000000e+000  0.000000e+000  
0.000000e+000  0.000000e+000  0.000000e+000  0.000000e+000  0.000000e+000  0.000000e+000  0.000000e+000  0.000000e+000  0.000000e+000  0.000000e+000  0.000000e+000  0.000000e+000  0.000000e+000  0.000000e+000  0.000000e+000  0.000000e+000  0.000000e+000  
0.000000e+000  0.000000e+000  0.000000e+000  0.000000e+000  0.000000e+000  0.000000e+000  0.000000e+000  0.000000e+000  0.000000e+000  0.000000e+000  0.000000e+000  0.000000e+000  0.000000e+000  0.000000e+000  0.000000e+000  0.000000e+000  0.000000e+000  
0.000000e+000  0.000000e+000  0.000000e+000  0.000000e+000  0.000000e+000  0.000000e+000  0.000000e+000  0.000000e+000  0.000000e+000  0.000000e+000  0.000000e+000  0.000000e+000  0.000000e+000  0.000000e+000  0.000000e+000  0.000000e+000  0.000000e+000  
0.000000e+000  0.000000e+000  0.000000e+000  0.000000e+000  0.000000e+000  0.000000e+000  0.000000e+000  0.000000e+000  0.000000e+000  0.000000e+000  0.000000e+000  0.000000e+000  0.000000e+000  0.000000e+000  0.000000e+000  0.000000e+000  0.000000e+000  
0.000000e+000  0.000000e+000  0.000000e+000  0.000000e+000  0.000000e+000  0.000000e+000  0.000000e+000  0.000000e+000  0.000000e+000  0.000000e+000  0.000000e+000  0.000000e+000  0.000000e+000  0.000000e+000  0.000000e+000  0.000000e+000  0.000000e+000  
0.000000e+000  0.000000e+000  0.000000e+000  0.000000e+000  0.000000e+000  0.000000e+000  0.000000e+000  0.000000e+000  0.000000e+000  0.000000e+000  0.000000e+000  0.000000e+000  0.000000e+000  0.000000e+000  0.000000e+000  0.000000e+000  0.000000e+000  
0.000000e+000  0.000000e+000  0.000000e+000  0.000000e+000  0.000000e+000  0.000000e+000  0.000000e+000  0.000000e+000  0.000000e+000  0.000000e+000  0.000000e+000  0.000000e+000  0.000000e+000  0.000000e+000  0.000000e+000  0.000000e+000  0.000000e+000  
0.000000e+000  0.000000e+000  0.000000e+000  0.000000e+000  0.000000e+000  0.000000e+000  0.000000e+000  0.000000e+000  0.000000e+000  0.000000e+000  0.000000e+000  0.000000e+000  0.000000e+000  0.000000e+000  0.000000e+000  0.000000e+000  0.000000e+000  
0.000000e+000  0.000000e+000  0.000000e+000  0.000000e+000  0.000000e+000  0.000000e+000  0.000000e+000  0.000000e+000  0.000000e+000  0.000000e+000  0.000000e+000  0.000000e+000  0.000000e+000  0.000000e+000  0.000000e+000  0.000000e+000  0.000000e+000  
0.000000e+000  0.000000e+000  0.000000e+000  0.000000e+000  0.000000e+000  0.000000e+000  0.000000e+000  0.000000e+000  0.000000e+000  0.000000e+000  0.000000e+000  0.000000e+000  0.000000e+000  0.000000e+000  0.000000e+000  0.000000e+000  0.000000e+000  
0.000000e+000  0.000000e+000  0.000000e+000  0.000000e+000  0.000000e+000  0.000000e+000  0.000000e+000  0.000000e+000  0.000000e+000  0.000000e+000  0.000000e+000  0.000000e+000  0.000000e+000  0.000000e+000  0.000000e+000  0.000000e+000  0.000000e+000  
0.000000e+000  0.000000e+000  0.000000e+000  0.000000e+000  0.000000e+000  0.000000e+000  0.000000e+000  0.000000e+000  0.000000e+000  0.000000e+000  0.000000e+000  0.000000e+000  0.000000e+000  0.000000e+000  0.000000e+000  0.000000e+000  0.000000e+000  
0.000000e+000  0.000000e+000  0.000000e+000  0.000000e+000  0.000000e+000  0.000000e+000  0.000000e+000  0.000000e+000  0.000000e+000  0.000000e+000  0.000000e+000  0.000000e+000  0.000000e+000  0.000000e+000  0.000000e+000  0.000000e+000  0.000000e+000  
0.000000e+000  0.000000e+000  0.000000e+000  0.000000e+000  0.000000e+000  0.000000e+000  0.000000e+000  0.000000e+000  0.000000e+000  0.000000e+000  0.000000e+000  0.000000e+000  0.000000e+000  0.000000e+000  0.000000e+000  0.000000e+000  0.000000e+000  
0.000000e+000  0.000000e+000  0.000000e+000  0.000000e+000  0.000000e+000  0.000000e+000  0.000000e+000  0.000000e+000  0.000000e+000  0.000000e+000  0.000000e+000  0.000000e+000  0.000000e+000  0.000000e+000  0.000000e+000  0.000000e+000  0.000000e+000  
0.000000e+000  0.000000e+000  0.000000e+000  0.000000e+000  0.000000e+000  0.000000e+000  0.000000e+000  0.000000e+000  0.000000e+000  0.000000e+000  0.000000e+000  0.000000e+000  0.000000e+000  0.000000e+000  0.000000e+000  0.000000e+000  0.000000e+000  
0.000000e+000  0.000000e+000  0.000000e+000  0.000000e+000  0.000000e+000  0.000000e+000  0.000000e+000  0.000000e+000  0.000000e+000  0.000000e+000  0.000000e+000  0.000000e+000  0.000000e+000  0.000000e+000  0.000000e+000  0.000000e+000  0.000000e+000  
0.000000e+000  0.000000e+000  0.000000e+000  0.000000e+000  0.000000e+000  0.000000e+000  0.000000e+000  0.000000e+000  0.000000e+000  0.000000e+000  0.000000e+000  0.000000e+000  0.000000e+000  0.000000e+000  0.000000e+000  0.000000e+000  0.000000e+000  
0.000000e+000  0.000000e+000  0.000000e+000  0.000000e+000  0.000000e+000  0.000000e+000  0.000000e+000  0.000000e+000  0.000000e+000  0.000000e+000  0.000000e+000  0.000000e+000  0.000000e+000  0.000000e+000  0.000000e+000  0.000000e+000  0.000000e+000  
0.000000e+000  0.000000e+000  0.000000e+000  0.000000e+000  0.000000e+000  0.000000e+000  0.000000e+000  0.000000e+000  0.000000e+000  0.000000e+000  0.000000e+000  0.000000e+000  0.000000e+000  0.000000e+000  0.000000e+000  0.000000e+000  0.000000e+000  

0.000000e+000  0.000000e+000  0.000000e+000  0.000000e+000  0.000000e+000  0.000000e+000  0.000000e+000  0.000000e+000  0.000000e+000  0.000000e+000  0.000000e+000  0.000000e+000  0.000000e+000  0.000000e+000  0.000000e+000  0.000000e+000  0.000000e+000  
0.000000e+000  0.000000e+000  0.000000e+000  0.000000e+000  0.000000e+000  0.000000e+000  0.000000e+000  0.000000e+000  0.000000e+000  0.000000e+000  0.000000e+000  0.000000e+000  0.000000e+000  0.000000e+000  0.000000e+000  0.000000e+000  0.000000e+000  
0.000000e+000  0.000000e+000  0.000000e+000  0.000000e+000  0.000000e+000  0.000000e+000  0.000000e+000  0.000000e+000  0.000000e+000  0.000000e+000  0.000000e+000  0.000000e+000  0.000000e+000  0.000000e+000  0.000000e+000  0.000000e+000  0.000000e+000  
0.000000e+000  0.000000e+000  0.000000e+000  0.000000e+000  0.000000e+000  0.000000e+000  0.000000e+000  0.000000e+000  0.000000e+000  0.000000e+000  0.000000e+000  0.000000e+000  0.000000e+000  0.000000e+000  0.000000e+000  0.000000e+000  0.000000e+000  
0.000000e+000  0.000000e+000  0.000000e+000  0.000000e+000  0.000000e+000  0.000000e+000  0.000000e+000  0.000000e+000  0.000000e+000  0.000000e+000  0.000000e+000  0.000000e+000  0.000000e+000  0.000000e+000  0.000000e+000  0.000000e+000  0.000000e+000  
0.000000e+000  0.000000e+000  0.000000e+000  0.000000e+000  0.000000e+000  0.000000e+000  0.000000e+000  0.000000e+000  0.000000e+000  0.000000e+000  0.000000e+000  0.000000e+000  0.000000e+000  0.000000e+000  0.000000e+000  0.000000e+000  0.000000e+000  
0.000000e+000  0.000000e+000  0.000000e+000  0.000000e+000  0.000000e+000  0.000000e+000  0.000000e+000  0.000000e+000  0.000000e+000  0.000000e+000  0.000000e+000  0.000000e+000  0.000000e+000  0.000000e+000  0.000000e+000  0.000000e+000  0.000000e+000  
0.000000e+000  0.000000e+000  0.000000e+000  0.000000e+000  0.000000e+000  0.000000e+000  0.000000e+000  0.000000e+000  0.000000e+000  0.000000e+000  0.000000e+000  0.000000e+000  0.000000e+000  0.000000e+000  0.000000e+000  0.000000e+000  0.000000e+000  
0.000000e+000  0.000000e+000  0.000000e+000  0.000000e+000  0.000000e+000  0.000000e+000  0.000000e+000  0.000000e+000  0.000000e+000  0.000000e+000  0.000000e+000  0.000000e+000  0.000000e+000  0.000000e+000  0.000000e+000  0.000000e+000  0.000000e+000  
0.000000e+000  0.000000e+000  0.000000e+000  0.000000e+000  0.000000e+000  0.000000e+000  0.000000e+000  0.000000e+000  0.000000e+000  0.000000e+000  0.000000e+000  0.000000e+000  0.000000e+000  0.000000e+000  0.000000e+000  0.000000e+000  0.000000e+000  
0.000000e+000  0.000000e+000  0.000000e+000  0.000000e+000  0.000000e+000  0.000000e+000  0.000000e+000  0.000000e+000  0.000000e+000  0.000000e+000  0.000000e+000  0.000000e+000  0.000000e+000  0.000000e+000  0.000000e+000  0.000000e+000  0.000000e+000  
0.000000e+000  0.000000e+000  0.000000e+000  0.000000e+000  0.000000e+000  0.000000e+000  0.000000e+000  0.000000e+000  0.000000e+000  0.000000e+000  0.000000e+000  0.000000e+000  0.000000e+000  0.000000e+000  0.000000e+000  0.000000e+000  0.000000e+000  
0.000000e+000  0.000000e+000  0.000000e+000  0.000000e+000  0.000000e+000  0.000000e+000  0.000000e+000  0.000000e+000  0.000000e+000  0.000000e+000  0.000000e+000  0.000000e+000  0.000000e+000  0.000000e+000  0.000000e+000  0.000000e+000  0.000000e+000  
0.000000e+000  0.000000e+000  0.000000e+000  0.000000e+000  0.000000e+000  0.000000e+000  0.000000e+000  0.000000e+000  0.000000e+000  0.000000e+000  0.000000e+000  0.000000e+000  0.000000e+000  0.000000e+000  0.000000e+000  0.000000e+000  0.000000e+000  
0.000000e+000  0.000000e+000  0.000000e+000  0.000000e+000  0.000000e+000  0.000000e+000  0.000000e+000  0.000000e+000  0.000000e+000  0.000000e+000  0.000000e+000  0.000000e+000  0.000000e+000  0.000000e+000  0.000000e+000  0.000000e+000  0.000000e+000  
0.000000e+000  0.000000e+000  0.000000e+000  0.000000e+000  0.000000e+000  0.000000e+000  0.000000e+000  0.000000e+000  0.000000e+000  0.000000e+000  0.000000e+000  0.000000e+000  0.000000e+000  0.000000e+000  0.000000e+000  0.000000e+000  0.000000e+000  
0.000000e+000  0.000000e+000  0.000000e+000  0.000000e+000  0.000000e+000  0.000000e+000  0.000000e+000  0.000000e+000  0.000000e+000  0.000000e+000  0.000000e+000  0.000000e+000  0.000000e+000  0.000000e+000  0.000000e+000  0.000000e+000  0.000000e+000  
0.000000e+000  0.000000e+000  0.000000e+000  0.000000e+000  0.000000e+000  0.000000e+000  0.000000e+000  0.000000e+000  0.000000e+000  0.000000e+000  0.000000e+000  0.000000e+000  0.000000e+000  0.000000e+000  0.000000e+000  0.000000e+000  0.000000e+000  
0.000000e+000  0.000000e+000  0.000000e+000  0.000000e+000  0.000000e+000  0.000000e+000  0.000000e+000  0.000000e+000  0.000000e+000  0.000000e+000  0.000000e+000  0.000000e+000  0.000000e+000  0.000000e+000  0.000000e+000  0.000000e+000  0.000000e+000  
0.000000e+000  0.000000e+000  0.000000e+000  0.000000e+000  0.000000e+000  0.000000e+000  0.000000e+000  0.000000e+000  0.000000e+000  0.000000e+000  0.000000e+000  0.000000e+000  0.000000e+000  0.000000e+000  0.000000e+000  0.000000e+000  0.000000e+000  
0.000000e+000  0.000000e+000  0.000000e+000  0.000000e+000  0.000000e+000  0.000000e+000  0.000000e+000  0.000000e+000  0.000000e+000  0.000000e+000  0.000000e+000  0.000000e+000  0.000000e+000  0.000000e+000  0.000000e+000  0.000000e+000  0.000000e+000  
0.000000e+000  0.000000e+000  0.000000e+000  0.000000e+000  0.000000e+000  0.000000e+000  0.000000e+000  0.000000e+000  0.000000e+000  0.000000e+000  0.000000e+000  0.000000e+000  0.000000e+000  0.000000e+000  0.000000e+000  0.000000e+000  0.000000e+000  
0.000000e+000  0.000000e+000  0.000000e+000  0.000000e+000  0.000000e+000  0.000000e+000  0.000000e+000  0.000000e+000  0.000000e+000  0.000000e+000  0.000000e+000  0.000000e+000  0.000000e+000  0.000000e+000  0.000000e+000  0.000000e+000  0.000000e+000  
0.000000e+000  0.000000e+000  0.000000e+000  0.000000e+000  0.000000e+000  0.000000e+000  0.000000e+000  0.000000e+000  0.000000e+000  0.000000e+000  0.000000e+000  0.000000e+000  0.000000e+000  0.000000e+000  0.000000e+000  0.000000e+000  0.000000e+000  
0.000000e+000  0.000000e+000  0.000000e+000  0.000000e+000  0.000000e+000  0.000000e+000  0.000000e+000  0.000000e+000  0.000000e+000  0.000000e+000  0.000000e+000  0.000000e+000  0.000000e+000  0.000000e+000  0.000000e+000  0.000000e+000  0.000000e+000  
0.000000e+000  0.000000e+000  0.000000e+000  0.000000e+000  0.000000e+000  0.000000e+000  0.000000e+000  0.000000e+000  0.000000e+000  0.000000e+000  0.000000e+000  0.000000e+000  0.000000e+000  0.000000e+000  0.000000e+000  0.000000e+000  0.000000e+000  
0.000000e+000  0.000000e+000  0.000000e+000  0.000000e+000  0.000000e+000  0.000000e+000  0.000000e+000  0.000000e+000  0.000000e+000  0.000000e+000  0.000000e+000  0.000000e+000  0.000000e+000  0.000000e+000  0.000000e+000  0.000000e+000  0.000000e+000  
0.000000e+000  0.000000e+000  0.000000e+000  0.000000e+000  0.000000e+000  0.000000e+000  0.000000e+000  0.000000e+000  0.000000e+000  0.000000e+000  0.000000e+000  0.000000e+000  0.000000e+000  0.000000e+000  0.000000e+000  0.000000e+000  0.000000e+000  
0.000000e+000  0.000000e+000  0.000000e+000  0.000000e+000  0.000000e+000  0.000000e+000  0.000000e+000  0.000000e+000  0.000000e+000  0.000000e+000  0.000000e+000  0.000000e+000  0.000000e+000  0.000000e+000  0.000000e+000  0.000000e+000  0.000000e+000  
0.000000e+000  0.000000e+000  0.000000e+000  0.000000e+000  0.000000e+000  0.000000e+000  0.000000e+000  0.000000e+000  0.000000e+000  0.000000e+000  0.000000e+000  0.000000e+000  0.000000e+000  0.000000e+000  0.000000e+000  0.000000e+000  0.000000e+000  
0.000000e+000  0.000000e+000  0.000000e+000  0.000000e+000  0.000000e+000  0.000000e+000  0.000000e+000  0.000000e+000  0.000000e+000  0.000000e+000  0.000000e+000  0.000000e+000  0.000000e+000  0.000000e+000  0.000000e+000  0.000000e+000  0.000000e+000  
0.000000e+000  0.000000e+000  0.000000e+000  0.000000e+000  0.000000e+000  0.000000e+000  0.000000e+000  0.000000e+000  0.000000e+000  0.000000e+000  0.000000e+000  0.000000e+000  0.000000e+000  0.000000e+000  0.000000e+000  0.000000e+000  0.000000e+000  
0.000000e+000  0.000000e+000  0.000000e+000  0.000000e+000  0.000000e+000  0.000000e+000  0.000000e+000  0.000000e+000  0.000000e+000  0.000000e+000  0.000000e+000  0.000000e+000  0.000000e+000  0.000000e+000  0.000000e+000  0.000000e+000  0.000000e+000  
0.000000e+000  0.000000e+000  0.000000e+000  0.000000e+000  0.000000e+000  0.000000e+000  0.000000e+000  0.000000e+000  0.000000e+000  0.000000e+000  0.000000e+000  0.000000e+000  0.000000e+000  0.000000e+000  0.000000e+000  0.000000e+000  0.000000e+000  
0.000000e+000  0.000000e+000  0.000000e+000  0.000000e+000  0.000000e+000  0.000000e+000  0.000000e+000  0.000000e+000  0.000000e+000  0.000000e+000  0.000000e+000  0.000000e+000  0.000000e+000  0.000000e+000  0.000000e+000  0.000000e+000  0.000000e+000  
0.000000e+000  0.000000e+000  0.000000e+000  0.000000e+000  0.000000e+000  0.000000e+000  0.000000e+000  0.000000e+000  0.000000e+000  0.000000e+000  0.000000e+000  0.000000e+000  0.000000e+000  0.000000e+000  0.000000e+000  0.000000e+000  0.000000e+000  
0.000000e+000  0.000000e+000  0.000000e+000  0.000000e+000  0.000000e+000  0.000000e+000  0.000000e+000  0.000000e+000  0.000000e+000  0.000000e+000  0.000000e+000  0.000000e+000  0.000000e+000  0.000000e+000  0.000000e+000  0.000000e+000  0.000000e+000  

0.000000e+000  0.000000e+000  0.000000e+000  0.000000e+000  0.000000e+000  0.000000e+000  0.000000e+000  0.000000e+000  0.000000e+000  0.000000e+000  0.000000e+000  0.000000e+000  0.000000e+000  0.000000e+000  0.000000e+000  0.000000e+000  0.000000e+000  
0.000000e+000  0.000000e+000  0.000000e+000  0.000000e+000  0.000000e+000  0.000000e+000  0.000000e+000  0.000000e+000  0.000000e+000  0.000000e+000  0.000000e+000  0.000000e+000  0.000000e+000  0.000000e+000  0.000000e+000  0.000000e+000  0.000000e+000  
0.000000e+000  0.000000e+000  0.000000e+000  0.000000e+000  0.000000e+000  0.000000e+000  0.000000e+000  0.000000e+000  0.000000e+000  0.000000e+000  0.000000e+000  0.000000e+000  0.000000e+000  0.000000e+000  0.000000e+000  0.000000e+000  0.000000e+000  
0.000000e+000  0.000000e+000  0.000000e+000  0.000000e+000  0.000000e+000  0.000000e+000  0.000000e+000  0.000000e+000  0.000000e+000  0.000000e+000  0.000000e+000  0.000000e+000  0.000000e+000  0.000000e+000  0.000000e+000  0.000000e+000  0.000000e+000  
0.000000e+000  0.000000e+000  0.000000e+000  0.000000e+000  0.000000e+000  0.000000e+000  0.000000e+000  0.000000e+000  0.000000e+000  0.000000e+000  0.000000e+000  0.000000e+000  0.000000e+000  0.000000e+000  0.000000e+000  0.000000e+000  0.000000e+000  
0.000000e+000  0.000000e+000  0.000000e+000  0.000000e+000  0.000000e+000  0.000000e+000  0.000000e+000  0.000000e+000  0.000000e+000  0.000000e+000  0.000000e+000  0.000000e+000  0.000000e+000  0.000000e+000  0.000000e+000  0.000000e+000  0.000000e+000  
0.000000e+000  0.000000e+000  0.000000e+000  0.000000e+000  0.000000e+000  0.000000e+000  0.000000e+000  0.000000e+000  0.000000e+000  0.000000e+000  0.000000e+000  0.000000e+000  0.000000e+000  0.000000e+000  0.000000e+000  0.000000e+000  0.000000e+000  
0.000000e+000  0.000000e+000  0.000000e+000  0.000000e+000  0.000000e+000  0.000000e+000  0.000000e+000  0.000000e+000  0.000000e+000  0.000000e+000  0.000000e+000  0.000000e+000  0.000000e+000  0.000000e+000  0.000000e+000  0.000000e+000  0.000000e+000  
0.000000e+000  0.000000e+000  0.000000e+000  0.000000e+000  0.000000e+000  0.000000e+000  0.000000e+000  0.000000e+000  0.000000e+000  0.000000e+000  0.000000e+000  0.000000e+000  0.000000e+000  0.000000e+000  0.000000e+000  0.000000e+000  0.000000e+000  
0.000000e+000  0.000000e+000  0.000000e+000  0.000000e+000  0.000000e+000  0.000000e+000  0.000000e+000  0.000000e+000  0.000000e+000  0.000000e+000  0.000000e+000  0.000000e+000  0.000000e+000  0.000000e+000  0.000000e+000  0.000000e+000  0.000000e+000  
0.000000e+000  0.000000e+000  0.000000e+000  0.000000e+000  0.000000e+000  0.000000e+000  0.000000e+000  0.000000e+000  0.000000e+000  0.000000e+000  0.000000e+000  0.000000e+000  0.000000e+000  0.000000e+000  0.000000e+000  0.000000e+000  0.000000e+000  
0.000000e+000  0.000000e+000  0.000000e+000  0.000000e+000  0.000000e+000  0.000000e+000  0.000000e+000  0.000000e+000  0.000000e+000  0.000000e+000  0.000000e+000  0.000000e+000  0.000000e+000  0.000000e+000  0.000000e+000  0.000000e+000  0.000000e+000  
0.000000e+000  0.000000e+000  0.000000e+000  0.000000e+000  0.000000e+000  0.000000e+000  0.000000e+000  0.000000e+000  0.000000e+000  0.000000e+000  0.000000e+000  0.000000e+000  0.000000e+000  0.000000e+000  0.000000e+000  0.000000e+000  0.000000e+000  
0.000000e+000  0.000000e+000  0.000000e+000  0.000000e+000  0.000000e+000  0.000000e+000  0.000000e+000  0.000000e+000  0.000000e+000  0.000000e+000  0.000000e+000  0.000000e+000  0.000000e+000  0.000000e+000  0.000000e+000  0.000000e+000  0.000000e+000  
0.000000e+000  0.000000e+000  0.000000e+000  0.000000e+000  0.000000e+000  0.000000e+000  0.000000e+000  0.000000e+000  0.000000e+000  0.000000e+000  0.000000e+000  0.000000e+000  0.000000e+000  0.000000e+000  0.000000e+000  0.000000e+000  0.000000e+000  
0.000000e+000  0.000000e+000  0.000000e+000  0.000000e+000  0.000000e+000  0.000000e+000  0.000000e+000  0.000000e+000  0.000000e+000  0.000000e+000  0.000000e+000  0.000000e+000  0.000000e+000  0.000000e+000  0.000000e+000  0.000000e+000  0.000000e+000  
0.000000e+000  0.000000e+000  0.000000e+000  0.000000e+000  0.000000e+000  0.000000e+000  0.000000e+000  0.000000e+000  0.000000e+000  0.000000e+000  0.000000e+000  0.000000e+000  0.000000e+000  0.000000e+000  0.000000e+000  0.000000e+000  0.000000e+000  
0.000000e+000  0.000000e+000  0.000000e+000  0.000000e+000  0.000000e+000  0.000000e+000  0.000000e+000  0.000000e+000  0.000000e+000  0.000000e+000  0.000000e+000  0.000000e+000  0.000000e+000  0.000000e+000  0.000000e+000  0.000000e+000  0.000000e+000  
0.000000e+000  0.000000e+000  0.000000e+000  0.000000e+000  0.000000e+000  0.000000e+000  0.000000e+000  0.000000e+000  0.000000e+000  0.000000e+000  0.000000e+000  0.000000e+000  0.000000e+000  0.000000e+000  0.000000e+000  0.000000e+000  0.000000e+000  
0.000000e+000  0.000000e+000  0.000000e+000  0.000000e+000  0.000000e+000  0.000000e+000  0.000000e+000  0.000000e+000  0.000000e+000  0.000000e+000  0.000000e+000  0.000000e+000  0.000000e+000  0.000000e+000  0.000000e+000  0.000000e+000  0.000000e+000  
0.000000e+000  0.000000e+000  0.000000e+000  0.000000e+000  0.000000e+000  0.000000e+000  0.000000e+000  0.000000e+000  0.000000e+000  0.000000e+000  0.000000e+000  0.000000e+000  0.000000e+000  0.000000e+000  0.000000e+000  0.000000e+000  0.000000e+000  
0.000000e+000  0.000000e+000  0.000000e+000  0.000000e+000  0.000000e+000  0.000000e+000  0.000000e+000  0.000000e+000  0.000000e+000  0.000000e+000  0.000000e+000  0.000000e+000  0.000000e+000  0.000000e+000  0.000000e+000  0.000000e+000  0.000000e+000  
0.000000e+000  0.000000e+000  0.000000e+000  0.000000e+000  0.000000e+000  0.000000e+000  0.000000e+000  0.000000e+000  0.000000e+000  0.000000e+000  0.000000e+000  0.000000e+000  0.000000e+000  0.000000e+000  0.000000e+000  0.000000e+000  0.000000e+000  
0.000000e+000  0.000000e+000  0.000000e+000  0.000000e+000  0.000000e+000  0.000000e+000  0.000000e+000  0.000000e+000  0.000000e+000  0.000000e+000  0.000000e+000  0.000000e+000  0.000000e+000  0.000000e+000  0.000000e+000  0.000000e+000  0.000000e+000  
0.000000e+000  0.000000e+000  0.000000e+000  0.000000e+000  0.000000e+000  0.000000e+000  0.000000e+000  0.000000e+000  0.000000e+000  0.000000e+000  0.000000e+000  0.000000e+000  0.000000e+000  0.000000e+000  0.000000e+000  0.000000e+000  0.000000e+000  
0.000000e+000  0.000000e+000  0.000000e+000  0.000000e+000  0.000000e+000  0.000000e+000  0.000000e+000  0.000000e+000  0.000000e+000  0.000000e+000  0.000000e+000  0.000000e+000  0.000000e+000  0.000000e+000  0.000000e+000  0.000000e+000  0.000000e+000  
0.000000e+000  0.000000e+000  0.000000e+000  0.000000e+000  0.000000e+000  0.000000e+000  0.000000e+000  0.000000e+000  0.000000e+000  0.000000e+000  0.000000e+000  0.000000e+000  0.000000e+000  0.000000e+000  0.000000e+000  0.000000e+000  0.000000e+000  
0.000000e+000  0.000000e+000  0.000000e+000  0.000000e+000  0.000000e+000  0.000000e+000  0.000000e+000  0.000000e+000  0.000000e+000  0.000000e+000  0.000000e+000  0.000000e+000  0.000000e+000  0.000000e+000  0.000000e+000  0.000000e+000  0.000000e+000  
0.000000e+000  0.000000e+000  0.000000e+000  0.000000e+000  0.000000e+000  0.000000e+000  0.000000e+000  0.000000e+000  0.000000e+000  0.000000e+000  0.000000e+000  0.000000e+000  0.000000e+000  0.000000e+000  0.000000e+000  0.000000e+000  0.000000e+000  
0.000000e+000  0.000000e+000  0.000000e+000  0.000000e+000  0.000000e+000  0.000000e+000  0.000000e+000  0.000000e+000  0.000000e+000  0.000000e+000  0.000000e+000  0.000000e+000  0.000000e+000  0.000000e+000  0.000000e+000  0.000000e+000  0.000000e+000  
0.000000e+000  0.000000e+000  0.000000e+000  0.000000e+000  0.000000e+000  0.000000e+000  0.000000e+000  0.000000e+000  0.000000e+000  0.000000e+000  0.000000e+000  0.000000e+000  0.000000e+000  0.000000e+000  0.000000e+000  0.000000e+000  0.000000e+000  
0.000000e+000  0.000000e+000  0.000000e+000  0.000000e+000  0.000000e+000  0.000000e+000  0.000000e+000  0.000000e+000  0.000000e+000  0.000000e+000  0.000000e+000  0.000000e+000  0.000000e+000  0.000000e+000  0.000000e+000  0.000000e+000  0.000000e+000  
0.000000e+000  0.000000e+000  0.000000e+000  0.000000e+000  0.000000e+000  0.000000e+000  0.000000e+000  0.000000e+000  0.000000e+000  0.000000e+000  0.000000e+000  0.000000e+000  0.000000e+000  0.000000e+000  0.000000e+000  0.000000e+000  0.000000e+000  
0.000000e+000  0.000000e+000  0.000000e+000  0.000000e+000  0.000000e+000  0.000000e+000  0.000000e+000  0.000000e+000  0.000000e+000  0.000000e+000  0.000000e+000  0.000000e+000  0.000000e+000  0.000000e+000  0.000000e+000  0.000000e+000  0.000000e+000  
0.000000e+000  0.000000e+000  0.000000e+000  0.000000e+000  0.000000e+000  0.000000e+000  0.000000e+000  0.000000e+000  0.000000e+000  0.000000e+000  0.000000e+000  0.000000e+000  0.000000e+000  0.000000e+000  0.000000e+000  0.000000e+000  0.000000e+000  
0.000000e+000  0.000000e+000  0.000000e+000  0.000000e+000  0.000000e+000  0.000000e+000  0.000000e+000  0.000000e+000  0.000000e+000  0.000000e+000  0.000000e+000  0.000000e+000  0.000000e+000  0.000000e+000  0.000000e+000  0.000000e+000  0.000000e+000  
0.000000e+000  0.000000e+000  0.000000e+000  0.000000e+000  0.000000e+000  0.000000e+000  0.000000e+000  0.000000e+000  0.000000e+000  0.000000e+000  0.000000e+000  0.000000e+000  0.000000e+000  0.000000e+000  0.000000e+000  0.000000e+000  0.000000e+000  

6.526178e-002  6.489865e-002  6.417561e-002  6.309919e-002  6.147502e-002  5.934514e-002  5.695702e-002  5.435580e-002  5.158683e-002  4.869404e-002  4.571849e-002  4.269738e-002  3.814628e-002  3.219189e-002  2.213079e-002  7.449744e-003  0.000000e+000  
2.159928e-001  2.147661e-001  2.123205e-001  2.086728e-001  2.029993e-001  1.954379e-001  1.870101e-001  1.778918e-001  1.682564e-001  1.582679e-001  1.480756e-001  1.378110e-001  1.224731e-001  1.027260e-001  6.985144e-002  2.327250e-002  0.000000e+000  
3.914066e-001  3.891545e-001  3.846385e-001  3.778416e-001  3.661721e-001  3.498713e-001  3.319858e-001  3.129759e-001  2.932719e-001  2.732567e-001  2.532555e-001  2.335322e-001  2.046694e-001  1.689969e-001  1.117951e-001  3.633017e-002  0.000000e+000  
5.800947e-001  5.771580e-001  5.711478e-001  5.618176e-001  5.418430e-001  5.115508e-001  4.790854e-001  4.454868e-001  4.116471e-001  3.782801e-001  3.459192e-001  3.149338e-001  2.708643e-001  2.192337e-001  1.402915e-001  4.434053e-002  0.000000e+000  
7.528274e-001  7.510550e-001  7.469484e-001  7.394621e-001  7.097376e-001  6.581343e-001  6.046792e-001  5.514660e-001  5.000216e-001  4.513314e-001  4.059389e-001  3.640632e-001  3.065223e-001  2.430062e-001  1.506390e-001  4.647020e-002  0.000000e+000  
8.733056e-001  8.745361e-001  8.758468e-001  8.750202e-001  8.375031e-001  7.637397e-001  6.896951e-001  6.185525e-001  5.521891e-001  4.914657e-001  4.365730e-001  3.873113e-001  3.212630e-001  2.511821e-001  1.525246e-001  4.632819e-002  0.000000e+000  
9.538479e-001  9.604015e-001  9.717138e-001  9.840317e-001  9.401525e-001  8.409396e-001  7.452792e-001  6.572352e-001  5.783093e-001  5.085245e-001  4.472172e-001  3.934827e-001  3.228434e-001  2.500090e-001  1.497401e-001  4.502479e-002  0.000000e+000  
9.959230e-001  1.006732e+000  1.026291e+000  1.049910e+000  1.002105e+000  8.843665e-001  7.740633e-001  6.754164e-001  5.891580e-001  5.144225e-001  4.498240e-001  3.939403e-001  3.212616e-001  2.474664e-001  1.470906e-001  4.397858e-002  0.000000e+000  
1.030694e+000  1.047109e+000  1.077991e+000  1.118022e+000  1.065911e+000  9.246265e-001  7.974467e-001  6.877530e-001  5.945427e-001  5.155107e-001  4.483015e-001  3.908838e-001  3.169586e-001  2.429429e-001  1.433704e-001  4.263709e-002  0.000000e+000  
1.054471e+000  1.077769e+000  1.123459e+000  1.186962e+000  1.129783e+000  9.583425e-001  8.124696e-001  6.921628e-001  5.931113e-001  5.109293e-001  4.420985e-001  3.839524e-001  3.097473e-001  2.363489e-001  1.385607e-001  4.100049e-002  0.000000e+000  
1.061764e+000  1.091662e+000  1.153080e+000  1.245637e+000  1.182455e+000  9.771930e-001  8.147195e-001  6.869076e-001  5.846127e-001  5.011835e-001  4.320797e-001  3.741596e-001  3.006935e-001  2.286480e-001  1.333465e-001  3.929735e-002  0.000000e+000  
1.056431e+000  1.091425e+000  1.166631e+000  1.290507e+000  1.219977e+000  9.811272e-001  8.066180e-001  6.749823e-001  5.718250e-001  4.886401e-001  4.202127e-001  3.631366e-001  2.910204e-001  2.207097e-001  1.281851e-001  3.765154e-002  0.000000e+000  
1.037469e+000  1.075545e+000  1.161264e+000  1.319754e+000  1.238164e+000  9.661766e-001  7.859963e-001  6.547990e-001  5.532867e-001  4.718754e-001  4.051171e-001  3.495667e-001  2.795312e-001  2.115243e-001  1.223972e-001  3.584195e-002  0.000000e+000  
1.003694e+000  1.041154e+000  1.127683e+000  1.308927e+000  1.210941e+000  9.240986e-001  7.510140e-001  6.259872e-001  5.289517e-001  4.509136e-001  3.868298e-001  3.334858e-001  2.662566e-001  2.011163e-001  1.159992e-001  3.387394e-002  0.000000e+000  
9.471250e-001  9.786185e-001  1.045480e+000  1.151950e+000  1.016301e+000  8.354023e-001  6.935881e-001  5.827608e-001  4.940715e-001  4.217117e-001  3.618537e-001  3.118426e-001  2.487059e-001  1.875550e-001  1.078250e-001  3.139355e-002  0.000000e+000  
8.603107e-001  8.822794e-001  9.236641e-001  9.712010e-001  8.073629e-001  7.133940e-001  6.116491e-001  5.217674e-001  4.456989e-001  3.818495e-001  3.282165e-001  2.830226e-001  2.256903e-001  1.700152e-001  9.746396e-002  2.829595e-002  0.000000e+000  
7.069795e-001  7.173070e-001  7.342459e-001  7.491628e-001  5.771182e-001  5.374658e-001  4.798461e-001  4.197062e-001  3.637708e-001  3.142331e-001  2.713128e-001  2.344789e-001  1.872269e-001  1.409583e-001  8.054850e-002  2.329740e-002  0.000000e+000  
3.006996e-001  3.019293e-001  3.037708e-001  3.051752e-001  2.072992e-001  1.997240e-001  1.862410e-001  1.695486e-001  1.517808e-001  1.343387e-001  1.180184e-001  1.031949e-001  8.336867e-002  6.307302e-002  3.598619e-002  1.033979e-002  0.000000e+000  
-3.006996e-001  -3.019293e-001  -3.037708e-001  -3.051752e-001  -2.072992e-001  -1.997240e-001  -1.862410e-001  -1.695486e-001  -1.517808e-001  -1.343387e-001  -1.180184e-001  -1.031949e-001  -8.336867e-002  -6.307302e-002  -3.598619e-002  -1.033979e-002  0.000000e+000  
-7.069795e-001  -7.173070e-001  -7.342459e-001  -7.491628e-001  -5.771182e-001  -5.374658e-001  -4.798461e-001  -4.197062e-001  -3.637708e-001  -3.142331e-001  -2.713128e-001  -2.344789e-001  -1.872269e-001  -1.409583e-001  -8.054850e-002  -2.329740e-002  0.000000e+000  
-8.603107e-001  -8.822794e-001  -9.236641e-001  -9.712010e-001  -8.073629e-001  -7.133940e-001  -6.116491e-001  -5.217674e-001  -4.456989e-001  -3.818495e-001  -3.282165e-001  -2.830226e-001  -2.256903e-001  -1.700152e-001  -9.746396e-002  -2.829595e-002  0.000000e+000  
-9.471250e-001  -9.786185e-001  -1.045480e+000  -1.151950e+000  -1.016301e+000  -8.354023e-001  -6.935881e-001  -5.827608e-001  -4.940715e-001  -4.217117e-001  -3.618537e-001  -3.118426e-001  -2.487059e-001  -1.875550e-001  -1.078250e-001  -3.139355e-002  0.000000e+000  
-1.003694e+000  -1.041154e+000  -1.127683e+000  -1.308927e+000  -1.210941e+000  -9.240986e-001  -7.510140e-001  -6.259872e-001  -5.289517e-001  -4.509136e-001  -3.868298e-001  -3.334858e-001  -2.662566e-001  -2.011163e-001  -1.159992e-001  -3.387394e-002  0.000000e+000  
-1.037469e+000  -1.075545e+000  -1.161264e+000  -1.319754e+000  -1.238164e+000  -9.661766e-001  -7.859963e-001  -6.547990e-001  -5.532867e-001  -4.718754e-001  -4.051171e-001  -3.495667e-001  -2.795312e-001  -2.115243e-001  -1.223972e-001  -3.584195e-002  0.000000e+000  
-1.056431e+000  -1.091425e+000  -1.166631e+000  -1.290507e+000  -1.219977e+000  -9.811272e-001  -8.066180e-001  -6.749823e-001  -5.718250e-001  -4.886401e-001  -4.202127e-001  -3.631366e-001  -2.910204e-001  -2.207097e-001  -1.281851e-001  -3.765154e-002  0.000000e+000  
-1.061764e+000  -1.091662e+000  -1.153080e+000  -1.245637e+000  -1.182455e+000  -9.771930e-001  -8.147195e-001  -6.869076e-001  -5.846127e-001  -5.011835e-001  -4.320797e-001  -3.741596e-001  -3.006935e-001  -2.286480e-001  -1.333465e-001  -3.929735e-002  0.000000e+000  
-1.054471e+000  -1.077769e+000  -1.123459e+000  -1.186962e+000  -1.129783e+000  -9.583425e-001  -8.124696e-001  -6.921628e-001  -5.931113e-001  -5.109293e-001  -4.420985e-001  -3.839524e-001  -3.097473e-001  -2.363489e-001  -1.385607e-001  -4.100049e-002  0.000000e+000  
-1.030694e+000  -1.047109e+000  -1.077991e+000  -1.118022e+000  -1.065911e+000  -9.246265e-001  -7.974467e-001  -6.877530e-001  -5.945427e-001  -5.155107e-001  -4.483015e-001  -3.908838e-001  -3.169586e-001  -2.429429e-001  -1.433704e-001  -4.263709e-002  0.000000e+000  
-9.959230e-001  -1.006732e+000  -1.026291e+000  -1.049910e+000  -1.002105e+000  -8.843665e-001  -7.740633e-001  -6.754164e-001  -5.891580e-001  -5.144225e-001  -4.498240e-001  -3.939403e-001  -3.212616e-001  -2.474664e-001  -1.470906e-001  -4.397858e-002  0.000000e+000  
-9.538479e-001  -9.604015e-001  -9.717138e-001  -9.840317e-001  -9.401525e-001  -8.409396e-001  -7.452792e-001  -6.572352e-001  -5.783093e-001  -5.085245e-001  -4.472172e-001  -3.934827e-001  -3.228434e-001  -2.500090e-001  -1.497401e-001  -4.502479e-002  0.000000e+000  
-8.733056e-001  -8.745361e-001  -8.758468e-001  -8.750202e-001  -8.375031e-001  -7.637397e-001  -6.896951e-001  -6.185525e-001  -5.521891e-001  -4.914657e-001  -4.365730e-001  -3.873113e-001  -3.212630e-001  -2.511821e-001  -1.525246e-001  -4.632819e-002  0.000000e+000  
-7.528274e-001  -7.510550e-001  -7.469484e-001  -7.394621e-001  -7.097376e-001  -6.581343e-001  -6.046792e-001  -5.514660e-001  -5.000216e-001  -4.513314e-001  -4.059389e-001  -3.640632e-001  -3.065223e-001  -2.430062e-001  -1.506390e-001  -4.647020e-002  0.000000e+000  
-5.800947e-001  -5.771580e-001  -5.711478e-001  -5.618176e-001  -5.418430e-001  -5.115508e-001  -4.790854e-001  -4.454868e-001  -4.116471e-001  -3.782801e-001  -3.459192e-001  -3.149338e-001  -2.708643e-001  -2.192337e-001  -1.402915e-001  -4.434053e-002  0.000000e+000  
-3.914066e-001  -3.891545e-001  -3.846385e-001  -3.778416e-001  -3.661721e-001  -3.498713e-001  -3.319858e-001  -3.129759e-001  -2.932719e-001  -2.732567e-001  -2.532555e-001  -2.335322e-001  -2.046694e-001  -1.689969e-001  -1.117951e-001  -3.633017e-002  0.000000e+000  
-2.159928e-001  -2.147661e-001  -2.123205e-001  -2.086728e-001  -2.029993e-001  -1.954379e-001  -1.870101e-001  -1.778918e-001  -1.682564e-001  -1.582679e-001  -1.480756e-001  -1.378110e-001  -1.224731e-001  -1.027260e-001  -6.985144e-002  -2.327250e-002  0.000000e+000  
-6.526178e-002  -6.489865e-002  -6.417561e-002  -6.309919e-002  -6.147502e-002  -5.934514e-002  -5.695702e-002  -5.435580e-002  -5.158683e-002  -4.869404e-002  -4.571849e-002  -4.269738e-002  -3.814628e-002  -3.219189e-002  -2.213079e-002  -7.449744e-003  0.000000e+000  
0.000000e+000  0.000000e+000  0.000000e+000  0.000000e+000  0.000000e+000  0.000000e+000  0.000000e+000  0.000000e+000  0.000000e+000  0.000000e+000  0.000000e+000  0.000000e+000  0.000000e+000  0.000000e+000  0.000000e+000  0.000000e+000  0.000000e+000  

