Port monitor named: Port1_h1[2.4].prt

nx        = 33
ny        = 4
nz        = 18

nu        = 16
nv        = 31
iu        = 2
iv        = 2

idir      = 1
dcut      = -4.293750e-002
icut      = 2
type      = 1
frequency = 2.400000e+009

fcutoff   = 0.000000e+000
alpha     = 0.000000e+000
beta      = 9.103277e+001
accuracy  = 8.309890e-010

type          = QTEM
wave imp.     = 2.491666e+002
wave imp.sig. = 1.008400e-007
line imp.     = 6.268328e+001

ref. port     = 0

0.000000e+000  1.995541e-002  3.941523e-002  5.791096e-002  7.502576e-002  9.165445e-002  1.060837e-001  1.181304e-001  1.277264e-001  1.349079e-001  1.397985e-001  1.432818e-001  1.404718e-001  1.336503e-001  1.053192e-001  8.457316e-002  
0.000000e+000  7.720139e-002  1.518697e-001  2.216563e-001  2.845591e-001  3.433494e-001  3.916002e-001  4.288671e-001  4.553385e-001  4.717113e-001  4.790430e-001  4.704054e-001  4.419874e-001  4.038633e-001  2.907263e-001  2.216694e-001  
0.000000e+000  1.961021e-001  3.827116e-001  5.512786e-001  6.950282e-001  8.181684e-001  9.062371e-001  9.603679e-001  9.840502e-001  9.821774e-001  9.601721e-001  8.716258e-001  7.592927e-001  6.464078e-001  4.044885e-001  2.860626e-001  
0.000000e+000  4.095750e-001  7.915456e-001  1.121349e+000  1.380603e+000  1.572008e+000  1.673166e+000  1.695853e+000  1.657524e+000  1.576690e+000  1.469903e+000  1.218095e+000  9.777820e-001  7.733855e-001  4.292306e-001  2.862644e-001  
0.000000e+000  6.841028e-001  1.313919e+000  1.839131e+000  2.220661e+000  2.453532e+000  2.515327e+000  2.445216e+000  2.289066e+000  2.087007e+000  1.868785e+000  1.442642e+000  1.090773e+000  8.183930e-001  4.197232e-001  2.693407e-001  
0.000000e+000  1.065148e+000  2.043452e+000  2.841336e+000  3.369928e+000  3.591806e+000  3.510715e+000  3.239557e+000  2.881109e+000  2.504679e+000  2.148819e+000  1.552663e+000  1.116371e+000  8.034232e-001  3.904133e-001  2.443977e-001  
0.000000e+000  1.367658e+000  2.634948e+000  3.672568e+000  4.326905e+000  4.499221e+000  4.248780e+000  3.780960e+000  3.249957e+000  2.740512e+000  2.288902e+000  1.589780e+000  1.109578e+000  7.790222e-001  3.668411e-001  2.263340e-001  
0.000000e+000  1.757044e+000  3.425440e+000  4.836184e+000  5.699126e+000  5.724992e+000  5.152093e+000  4.372438e+000  3.605363e+000  2.935483e+000  2.380171e+000  1.587425e+000  1.075822e+000  7.373353e-001  3.371016e-001  2.051981e-001  
0.000000e+000  2.222945e+000  4.438988e+000  6.475020e+000  7.774783e+000  7.401144e+000  6.213472e+000  4.958059e+000  3.891297e+000  3.047514e+000  2.394461e+000  1.534016e+000  1.010707e+000  6.770938e-001  3.012958e-001  1.811722e-001  
0.000000e+000  2.616176e+000  5.414559e+000  8.376417e+000  1.065850e+001  9.311378e+000  7.145819e+000  5.333024e+000  3.994020e+000  3.024535e+000  2.315663e+000  1.438068e+000  9.275467e-001  6.109264e-001  2.665955e-001  1.589134e-001  
0.000000e+000  2.859971e+000  6.132304e+000  1.016569e+001  1.429671e+001  1.112032e+001  7.778502e+000  5.477531e+000  3.954480e+000  2.920173e+000  2.193169e+000  1.330979e+000  8.449868e-001  5.495403e-001  2.363750e-001  1.399970e-001  
0.000000e+000  2.942176e+000  6.551667e+000  1.191501e+001  2.058892e+001  1.298850e+001  8.066456e+000  5.364269e+000  3.753174e+000  2.714258e+000  2.005597e+000  1.192967e+000  7.468259e-001  4.802587e-001  2.039740e-001  1.201301e-001  
0.000000e+000  2.763186e+000  6.284760e+000  1.236902e+001  3.277583e+001  1.396706e+001  7.616124e+000  4.888632e+000  3.362175e+000  2.399049e+000  1.751447e+000  1.024792e+000  6.339440e-001  4.037439e-001  1.696396e-001  9.943549e-002  
0.000000e+000  2.049591e+000  4.381145e+000  7.083885e+000  0.000000e+000  6.886829e+000  5.129987e+000  3.576293e+000  2.495354e+000  1.769504e+000  1.276250e+000  7.310370e-001  4.448488e-001  2.794854e-001  1.156720e-001  6.735379e-002  
0.000000e+000  6.561019e-001  1.259881e+000  1.478123e+000  0.000000e+000  1.547150e+000  1.551207e+000  1.200260e+000  8.689388e-001  6.220119e-001  4.480331e-001  2.539294e-001  1.530199e-001  9.533128e-002  3.908850e-002  2.266777e-002  
0.000000e+000  -6.561019e-001  -1.259881e+000  -1.478123e+000  0.000000e+000  -1.547150e+000  -1.551207e+000  -1.200260e+000  -8.689388e-001  -6.220119e-001  -4.480331e-001  -2.539294e-001  -1.530199e-001  -9.533129e-002  -3.908850e-002  -2.266777e-002  
0.000000e+000  -2.049591e+000  -4.381145e+000  -7.083885e+000  0.000000e+000  -6.886828e+000  -5.129988e+000  -3.576293e+000  -2.495354e+000  -1.769504e+000  -1.276250e+000  -7.310370e-001  -4.448488e-001  -2.794854e-001  -1.156720e-001  -6.735379e-002  
0.000000e+000  -2.763186e+000  -6.284760e+000  -1.236902e+001  -3.277583e+001  -1.396706e+001  -7.616124e+000  -4.888632e+000  -3.362175e+000  -2.399049e+000  -1.751447e+000  -1.024792e+000  -6.339440e-001  -4.037440e-001  -1.696396e-001  -9.943550e-002  
0.000000e+000  -2.942176e+000  -6.551667e+000  -1.191501e+001  -2.058892e+001  -1.298849e+001  -8.066456e+000  -5.364269e+000  -3.753174e+000  -2.714258e+000  -2.005597e+000  -1.192967e+000  -7.468259e-001  -4.802586e-001  -2.039740e-001  -1.201301e-001  
0.000000e+000  -2.859971e+000  -6.132304e+000  -1.016569e+001  -1.429671e+001  -1.112032e+001  -7.778502e+000  -5.477531e+000  -3.954479e+000  -2.920173e+000  -2.193169e+000  -1.330979e+000  -8.449868e-001  -5.495403e-001  -2.363750e-001  -1.399970e-001  
0.000000e+000  -2.616176e+000  -5.414559e+000  -8.376417e+000  -1.065850e+001  -9.311378e+000  -7.145819e+000  -5.333023e+000  -3.994020e+000  -3.024535e+000  -2.315663e+000  -1.438068e+000  -9.275466e-001  -6.109266e-001  -2.665955e-001  -1.589134e-001  
0.000000e+000  -2.222945e+000  -4.438988e+000  -6.475020e+000  -7.774783e+000  -7.401144e+000  -6.213472e+000  -4.958059e+000  -3.891297e+000  -3.047514e+000  -2.394461e+000  -1.534016e+000  -1.010707e+000  -6.770938e-001  -3.012958e-001  -1.811722e-001  
0.000000e+000  -1.757044e+000  -3.425440e+000  -4.836184e+000  -5.699126e+000  -5.724992e+000  -5.152093e+000  -4.372438e+000  -3.605363e+000  -2.935483e+000  -2.380171e+000  -1.587425e+000  -1.075822e+000  -7.373353e-001  -3.371016e-001  -2.051981e-001  
0.000000e+000  -1.367658e+000  -2.634948e+000  -3.672568e+000  -4.326905e+000  -4.499221e+000  -4.248780e+000  -3.780960e+000  -3.249957e+000  -2.740512e+000  -2.288902e+000  -1.589780e+000  -1.109578e+000  -7.790222e-001  -3.668410e-001  -2.263340e-001  
0.000000e+000  -1.065148e+000  -2.043452e+000  -2.841336e+000  -3.369928e+000  -3.591806e+000  -3.510715e+000  -3.239557e+000  -2.881109e+000  -2.504679e+000  -2.148819e+000  -1.552663e+000  -1.116371e+000  -8.034232e-001  -3.904133e-001  -2.443977e-001  
0.000000e+000  -6.841028e-001  -1.313919e+000  -1.839131e+000  -2.220661e+000  -2.453532e+000  -2.515327e+000  -2.445216e+000  -2.289066e+000  -2.087007e+000  -1.868785e+000  -1.442642e+000  -1.090773e+000  -8.183930e-001  -4.197232e-001  -2.693407e-001  
0.000000e+000  -4.095750e-001  -7.915456e-001  -1.121349e+000  -1.380603e+000  -1.572008e+000  -1.673166e+000  -1.695853e+000  -1.657524e+000  -1.576690e+000  -1.469903e+000  -1.218095e+000  -9.777820e-001  -7.733855e-001  -4.292306e-001  -2.862644e-001  
0.000000e+000  -1.961021e-001  -3.827115e-001  -5.512786e-001  -6.950282e-001  -8.181684e-001  -9.062371e-001  -9.603679e-001  -9.840502e-001  -9.821774e-001  -9.601721e-001  -8.716258e-001  -7.592927e-001  -6.464078e-001  -4.044885e-001  -2.860626e-001  
0.000000e+000  -7.720139e-002  -1.518697e-001  -2.216563e-001  -2.845591e-001  -3.433494e-001  -3.916002e-001  -4.288671e-001  -4.553385e-001  -4.717113e-001  -4.790430e-001  -4.704054e-001  -4.419874e-001  -4.038633e-001  -2.907263e-001  -2.216694e-001  
0.000000e+000  -1.995541e-002  -3.941523e-002  -5.791096e-002  -7.502576e-002  -9.165445e-002  -1.060837e-001  -1.181304e-001  -1.277264e-001  -1.349079e-001  -1.397985e-001  -1.432818e-001  -1.404718e-001  -1.336503e-001  -1.053192e-001  -8.457316e-002  
0.000000e+000  0.000000e+000  0.000000e+000  0.000000e+000  0.000000e+000  0.000000e+000  0.000000e+000  0.000000e+000  0.000000e+000  0.000000e+000  0.000000e+000  0.000000e+000  0.000000e+000  0.000000e+000  0.000000e+000  0.000000e+000  

-1.048341e+000  -1.040897e+000  -1.026167e+000  -1.004457e+000  -9.775006e-001  -9.464179e-001  -9.106314e-001  -8.709175e-001  -8.280739e-001  -7.828860e-001  -7.127051e-001  -6.168274e-001  -5.227369e-001  -3.560977e-001  -1.161255e-001  0.000000e+000  
-1.204668e+000  -1.193770e+000  -1.172315e+000  -1.140955e+000  -1.101729e+000  -1.056233e+000  -1.004811e+000  -9.489703e-001  -8.901714e-001  -8.297582e-001  -7.384882e-001  -6.210077e-001  -5.124586e-001  -3.310897e-001  -1.024487e-001  0.000000e+000  
-1.706006e+000  -1.680254e+000  -1.630143e+000  -1.558311e+000  -1.468361e+000  -1.364644e+000  -1.252418e+000  -1.136601e+000  -1.021403e+000  -9.101350e-001  -7.526891e-001  -5.770676e-001  -4.374608e-001  -2.377037e-001  -6.211786e-002  0.000000e+000  
-2.645429e+000  -2.577585e+000  -2.447410e+000  -2.265294e+000  -2.041201e+000  -1.790816e+000  -1.536238e+000  -1.292090e+000  -1.068408e+000  -8.707503e-001  -6.161543e-001  -3.842125e-001  -2.365587e-001  -7.424508e-002  -7.302139e-003  0.000000e+000  
-3.597132e+000  -3.468593e+000  -3.223656e+000  -2.886189e+000  -2.479220e+000  -2.041761e+000  -1.623891e+000  -1.251911e+000  -9.381264e-001  -6.841907e-001  -3.857991e-001  -1.600610e-001  -4.449696e-002  4.538435e-002  2.632805e-002  0.000000e+000  
-5.160755e+000  -4.913254e+000  -4.438995e+000  -3.786314e+000  -3.011569e+000  -2.221030e+000  -1.529599e+000  -9.774253e-001  -5.653201e-001  -2.739351e-001  2.020356e-002  1.769103e-001  2.165989e-001  1.857231e-001  6.199411e-002  0.000000e+000  
-6.183257e+000  -5.855075e+000  -5.213088e+000  -4.309858e+000  -3.231897e+000  -2.176505e+000  -1.317769e+000  -6.872566e-001  -2.569610e-001  1.899476e-002  2.662598e-001  3.568751e-001  3.454261e-001  2.479352e-001  7.677858e-002  0.000000e+000  
-7.489151e+000  -7.067893e+000  -6.212653e+000  -4.953082e+000  -3.411694e+000  -1.987312e+000  -9.370823e-001  -2.485755e-001  1.660997e-001  3.946641e-001  5.570274e-001  5.561231e-001  4.821665e-001  3.102383e-001  9.103966e-002  0.000000e+000  
-9.158984e+000  -8.655903e+000  -7.561922e+000  -5.793371e+000  -3.467427e+000  -1.521153e+000  -2.878404e-001  3.937768e-001  7.278551e-001  8.602314e-001  8.887039e-001  7.694144e-001  6.227528e-001  3.709157e-001  1.044557e-001  0.000000e+000  
-1.126337e+001  -1.075515e+001  -9.495743e+000  -7.043662e+000  -3.180714e+000  -5.254081e-001  7.719138e-001  1.295192e+000  1.440364e+000  1.410912e+000  1.250363e+000  9.884177e-001  7.617710e-001  4.280315e-001  1.166958e-001  0.000000e+000  
-1.291760e+001  -1.252438e+001  -1.136945e+001  -8.496035e+000  -2.427301e+000  7.064289e-001  1.804141e+000  2.056812e+000  1.990847e+000  1.812617e+000  1.498101e+000  1.131850e+000  8.503185e-001  4.631373e-001  1.240528e-001  0.000000e+000  
-1.472312e+001  -1.458892e+001  -1.391242e+001  -1.110463e+001  -6.174893e-001  2.618327e+000  3.119168e+000  2.925563e+000  2.579531e+000  2.225473e+000  1.741945e+000  1.268618e+000  9.330675e-001  4.951037e-001  1.306433e-001  0.000000e+000  
-1.657845e+001  -1.686268e+001  -1.728544e+001  -1.655253e+001  3.748683e+000  5.444350e+000  4.667187e+000  3.846260e+000  3.171822e+000  2.628545e+000  1.972111e+000  1.394341e+000  1.007821e+000  5.233339e-001  1.363810e-001  0.000000e+000  
-1.831978e+001  -1.907931e+001  -2.110682e+001  -2.674072e+001  1.726523e+001  9.097988e+000  6.231497e+000  4.719431e+000  3.721460e+000  2.997285e+000  2.178156e+000  1.504602e+000  1.072440e+000  5.472742e-001  1.411883e-001  0.000000e+000  
-2.090256e+001  -2.201646e+001  -2.451201e+001  -2.899532e+001  1.572506e+001  1.110547e+001  8.010155e+000  5.955909e+000  4.550502e+000  3.559613e+000  2.487767e+000  1.666299e+000  1.165403e+000  5.808159e-001  1.478111e-001  0.000000e+000  
-2.172993e+001  -2.277903e+001  -2.479383e+001  -2.715800e+001  1.376997e+001  1.109318e+001  8.409926e+000  6.334396e+000  4.832476e+000  3.758017e+000  2.598067e+000  1.723358e+000  1.197859e+000  5.923397e-001  1.500630e-001  0.000000e+000  
-2.090256e+001  -2.201646e+001  -2.451201e+001  -2.899532e+001  1.572506e+001  1.110547e+001  8.010155e+000  5.955909e+000  4.550502e+000  3.559613e+000  2.487767e+000  1.666299e+000  1.165403e+000  5.808159e-001  1.478111e-001  0.000000e+000  
-1.831978e+001  -1.907931e+001  -2.110682e+001  -2.674072e+001  1.726523e+001  9.097988e+000  6.231497e+000  4.719431e+000  3.721460e+000  2.997285e+000  2.178156e+000  1.504602e+000  1.072440e+000  5.472742e-001  1.411883e-001  0.000000e+000  
-1.657845e+001  -1.686268e+001  -1.728544e+001  -1.655253e+001  3.748683e+000  5.444350e+000  4.667187e+000  3.846260e+000  3.171822e+000  2.628545e+000  1.972111e+000  1.394341e+000  1.007821e+000  5.233339e-001  1.363810e-001  0.000000e+000  
-1.472312e+001  -1.458892e+001  -1.391242e+001  -1.110463e+001  -6.174893e-001  2.618327e+000  3.119168e+000  2.925563e+000  2.579531e+000  2.225473e+000  1.741945e+000  1.268618e+000  9.330675e-001  4.951037e-001  1.306433e-001  0.000000e+000  
-1.291760e+001  -1.252438e+001  -1.136945e+001  -8.496035e+000  -2.427301e+000  7.064288e-001  1.804141e+000  2.056812e+000  1.990847e+000  1.812617e+000  1.498101e+000  1.131850e+000  8.503184e-001  4.631373e-001  1.240528e-001  0.000000e+000  
-1.126337e+001  -1.075515e+001  -9.495743e+000  -7.043662e+000  -3.180714e+000  -5.254080e-001  7.719138e-001  1.295192e+000  1.440364e+000  1.410912e+000  1.250363e+000  9.884177e-001  7.617710e-001  4.280315e-001  1.166958e-001  0.000000e+000  
-9.158984e+000  -8.655903e+000  -7.561922e+000  -5.793371e+000  -3.467427e+000  -1.521153e+000  -2.878404e-001  3.937768e-001  7.278551e-001  8.602314e-001  8.887039e-001  7.694144e-001  6.227528e-001  3.709157e-001  1.044557e-001  0.000000e+000  
-7.489151e+000  -7.067893e+000  -6.212653e+000  -4.953082e+000  -3.411694e+000  -1.987312e+000  -9.370823e-001  -2.485755e-001  1.660997e-001  3.946641e-001  5.570274e-001  5.561231e-001  4.821665e-001  3.102383e-001  9.103965e-002  0.000000e+000  
-6.183257e+000  -5.855075e+000  -5.213088e+000  -4.309858e+000  -3.231897e+000  -2.176505e+000  -1.317769e+000  -6.872566e-001  -2.569610e-001  1.899474e-002  2.662598e-001  3.568751e-001  3.454261e-001  2.479352e-001  7.677858e-002  0.000000e+000  
-5.160755e+000  -4.913254e+000  -4.438995e+000  -3.786314e+000  -3.011569e+000  -2.221030e+000  -1.529599e+000  -9.774253e-001  -5.653201e-001  -2.739350e-001  2.020356e-002  1.769103e-001  2.165989e-001  1.857231e-001  6.199411e-002  0.000000e+000  
-3.597132e+000  -3.468593e+000  -3.223656e+000  -2.886189e+000  -2.479220e+000  -2.041761e+000  -1.623891e+000  -1.251911e+000  -9.381264e-001  -6.841907e-001  -3.857991e-001  -1.600610e-001  -4.449696e-002  4.538435e-002  2.632805e-002  0.000000e+000  
-2.645429e+000  -2.577585e+000  -2.447410e+000  -2.265294e+000  -2.041201e+000  -1.790816e+000  -1.536238e+000  -1.292090e+000  -1.068408e+000  -8.707503e-001  -6.161543e-001  -3.842125e-001  -2.365587e-001  -7.424508e-002  -7.302138e-003  0.000000e+000  
-1.706006e+000  -1.680254e+000  -1.630143e+000  -1.558311e+000  -1.468361e+000  -1.364644e+000  -1.252418e+000  -1.136601e+000  -1.021403e+000  -9.101350e-001  -7.526891e-001  -5.770676e-001  -4.374608e-001  -2.377037e-001  -6.211786e-002  0.000000e+000  
-1.204668e+000  -1.193770e+000  -1.172315e+000  -1.140955e+000  -1.101729e+000  -1.056233e+000  -1.004811e+000  -9.489703e-001  -8.901714e-001  -8.297582e-001  -7.384882e-001  -6.210077e-001  -5.124586e-001  -3.310897e-001  -1.024487e-001  0.000000e+000  
-1.048341e+000  -1.040897e+000  -1.026167e+000  -1.004457e+000  -9.775006e-001  -9.464179e-001  -9.106314e-001  -8.709175e-001  -8.280739e-001  -7.828860e-001  -7.127051e-001  -6.168274e-001  -5.227369e-001  -3.560977e-001  -1.161255e-001  0.000000e+000  

0.000000e+000  0.000000e+000  0.000000e+000  0.000000e+000  0.000000e+000  0.000000e+000  0.000000e+000  0.000000e+000  0.000000e+000  0.000000e+000  0.000000e+000  0.000000e+000  0.000000e+000  0.000000e+000  0.000000e+000  0.000000e+000  
0.000000e+000  0.000000e+000  0.000000e+000  0.000000e+000  0.000000e+000  0.000000e+000  0.000000e+000  0.000000e+000  0.000000e+000  0.000000e+000  0.000000e+000  0.000000e+000  0.000000e+000  0.000000e+000  0.000000e+000  0.000000e+000  
0.000000e+000  0.000000e+000  0.000000e+000  0.000000e+000  0.000000e+000  0.000000e+000  0.000000e+000  0.000000e+000  0.000000e+000  0.000000e+000  0.000000e+000  0.000000e+000  0.000000e+000  0.000000e+000  0.000000e+000  0.000000e+000  
0.000000e+000  0.000000e+000  0.000000e+000  0.000000e+000  0.000000e+000  0.000000e+000  0.000000e+000  0.000000e+000  0.000000e+000  0.000000e+000  0.000000e+000  0.000000e+000  0.000000e+000  0.000000e+000  0.000000e+000  0.000000e+000  
0.000000e+000  0.000000e+000  0.000000e+000  0.000000e+000  0.000000e+000  0.000000e+000  0.000000e+000  0.000000e+000  0.000000e+000  0.000000e+000  0.000000e+000  0.000000e+000  0.000000e+000  0.000000e+000  0.000000e+000  0.000000e+000  
0.000000e+000  0.000000e+000  0.000000e+000  0.000000e+000  0.000000e+000  0.000000e+000  0.000000e+000  0.000000e+000  0.000000e+000  0.000000e+000  0.000000e+000  0.000000e+000  0.000000e+000  0.000000e+000  0.000000e+000  0.000000e+000  
0.000000e+000  0.000000e+000  0.000000e+000  0.000000e+000  0.000000e+000  0.000000e+000  0.000000e+000  0.000000e+000  0.000000e+000  0.000000e+000  0.000000e+000  0.000000e+000  0.000000e+000  0.000000e+000  0.000000e+000  0.000000e+000  
0.000000e+000  0.000000e+000  0.000000e+000  0.000000e+000  0.000000e+000  0.000000e+000  0.000000e+000  0.000000e+000  0.000000e+000  0.000000e+000  0.000000e+000  0.000000e+000  0.000000e+000  0.000000e+000  0.000000e+000  0.000000e+000  
0.000000e+000  0.000000e+000  0.000000e+000  0.000000e+000  0.000000e+000  0.000000e+000  0.000000e+000  0.000000e+000  0.000000e+000  0.000000e+000  0.000000e+000  0.000000e+000  0.000000e+000  0.000000e+000  0.000000e+000  0.000000e+000  
0.000000e+000  0.000000e+000  0.000000e+000  0.000000e+000  0.000000e+000  0.000000e+000  0.000000e+000  0.000000e+000  0.000000e+000  0.000000e+000  0.000000e+000  0.000000e+000  0.000000e+000  0.000000e+000  0.000000e+000  0.000000e+000  
0.000000e+000  0.000000e+000  0.000000e+000  0.000000e+000  0.000000e+000  0.000000e+000  0.000000e+000  0.000000e+000  0.000000e+000  0.000000e+000  0.000000e+000  0.000000e+000  0.000000e+000  0.000000e+000  0.000000e+000  0.000000e+000  
0.000000e+000  0.000000e+000  0.000000e+000  0.000000e+000  0.000000e+000  0.000000e+000  0.000000e+000  0.000000e+000  0.000000e+000  0.000000e+000  0.000000e+000  0.000000e+000  0.000000e+000  0.000000e+000  0.000000e+000  0.000000e+000  
0.000000e+000  0.000000e+000  0.000000e+000  0.000000e+000  0.000000e+000  0.000000e+000  0.000000e+000  0.000000e+000  0.000000e+000  0.000000e+000  0.000000e+000  0.000000e+000  0.000000e+000  0.000000e+000  0.000000e+000  0.000000e+000  
0.000000e+000  0.000000e+000  0.000000e+000  0.000000e+000  0.000000e+000  0.000000e+000  0.000000e+000  0.000000e+000  0.000000e+000  0.000000e+000  0.000000e+000  0.000000e+000  0.000000e+000  0.000000e+000  0.000000e+000  0.000000e+000  
0.000000e+000  0.000000e+000  0.000000e+000  0.000000e+000  0.000000e+000  0.000000e+000  0.000000e+000  0.000000e+000  0.000000e+000  0.000000e+000  0.000000e+000  0.000000e+000  0.000000e+000  0.000000e+000  0.000000e+000  0.000000e+000  
0.000000e+000  0.000000e+000  0.000000e+000  0.000000e+000  0.000000e+000  0.000000e+000  0.000000e+000  0.000000e+000  0.000000e+000  0.000000e+000  0.000000e+000  0.000000e+000  0.000000e+000  0.000000e+000  0.000000e+000  0.000000e+000  
0.000000e+000  0.000000e+000  0.000000e+000  0.000000e+000  0.000000e+000  0.000000e+000  0.000000e+000  0.000000e+000  0.000000e+000  0.000000e+000  0.000000e+000  0.000000e+000  0.000000e+000  0.000000e+000  0.000000e+000  0.000000e+000  
0.000000e+000  0.000000e+000  0.000000e+000  0.000000e+000  0.000000e+000  0.000000e+000  0.000000e+000  0.000000e+000  0.000000e+000  0.000000e+000  0.000000e+000  0.000000e+000  0.000000e+000  0.000000e+000  0.000000e+000  0.000000e+000  
0.000000e+000  0.000000e+000  0.000000e+000  0.000000e+000  0.000000e+000  0.000000e+000  0.000000e+000  0.000000e+000  0.000000e+000  0.000000e+000  0.000000e+000  0.000000e+000  0.000000e+000  0.000000e+000  0.000000e+000  0.000000e+000  
0.000000e+000  0.000000e+000  0.000000e+000  0.000000e+000  0.000000e+000  0.000000e+000  0.000000e+000  0.000000e+000  0.000000e+000  0.000000e+000  0.000000e+000  0.000000e+000  0.000000e+000  0.000000e+000  0.000000e+000  0.000000e+000  
0.000000e+000  0.000000e+000  0.000000e+000  0.000000e+000  0.000000e+000  0.000000e+000  0.000000e+000  0.000000e+000  0.000000e+000  0.000000e+000  0.000000e+000  0.000000e+000  0.000000e+000  0.000000e+000  0.000000e+000  0.000000e+000  
0.000000e+000  0.000000e+000  0.000000e+000  0.000000e+000  0.000000e+000  0.000000e+000  0.000000e+000  0.000000e+000  0.000000e+000  0.000000e+000  0.000000e+000  0.000000e+000  0.000000e+000  0.000000e+000  0.000000e+000  0.000000e+000  
0.000000e+000  0.000000e+000  0.000000e+000  0.000000e+000  0.000000e+000  0.000000e+000  0.000000e+000  0.000000e+000  0.000000e+000  0.000000e+000  0.000000e+000  0.000000e+000  0.000000e+000  0.000000e+000  0.000000e+000  0.000000e+000  
0.000000e+000  0.000000e+000  0.000000e+000  0.000000e+000  0.000000e+000  0.000000e+000  0.000000e+000  0.000000e+000  0.000000e+000  0.000000e+000  0.000000e+000  0.000000e+000  0.000000e+000  0.000000e+000  0.000000e+000  0.000000e+000  
0.000000e+000  0.000000e+000  0.000000e+000  0.000000e+000  0.000000e+000  0.000000e+000  0.000000e+000  0.000000e+000  0.000000e+000  0.000000e+000  0.000000e+000  0.000000e+000  0.000000e+000  0.000000e+000  0.000000e+000  0.000000e+000  
0.000000e+000  0.000000e+000  0.000000e+000  0.000000e+000  0.000000e+000  0.000000e+000  0.000000e+000  0.000000e+000  0.000000e+000  0.000000e+000  0.000000e+000  0.000000e+000  0.000000e+000  0.000000e+000  0.000000e+000  0.000000e+000  
0.000000e+000  0.000000e+000  0.000000e+000  0.000000e+000  0.000000e+000  0.000000e+000  0.000000e+000  0.000000e+000  0.000000e+000  0.000000e+000  0.000000e+000  0.000000e+000  0.000000e+000  0.000000e+000  0.000000e+000  0.000000e+000  
0.000000e+000  0.000000e+000  0.000000e+000  0.000000e+000  0.000000e+000  0.000000e+000  0.000000e+000  0.000000e+000  0.000000e+000  0.000000e+000  0.000000e+000  0.000000e+000  0.000000e+000  0.000000e+000  0.000000e+000  0.000000e+000  
0.000000e+000  0.000000e+000  0.000000e+000  0.000000e+000  0.000000e+000  0.000000e+000  0.000000e+000  0.000000e+000  0.000000e+000  0.000000e+000  0.000000e+000  0.000000e+000  0.000000e+000  0.000000e+000  0.000000e+000  0.000000e+000  
0.000000e+000  0.000000e+000  0.000000e+000  0.000000e+000  0.000000e+000  0.000000e+000  0.000000e+000  0.000000e+000  0.000000e+000  0.000000e+000  0.000000e+000  0.000000e+000  0.000000e+000  0.000000e+000  0.000000e+000  0.000000e+000  
0.000000e+000  0.000000e+000  0.000000e+000  0.000000e+000  0.000000e+000  0.000000e+000  0.000000e+000  0.000000e+000  0.000000e+000  0.000000e+000  0.000000e+000  0.000000e+000  0.000000e+000  0.000000e+000  0.000000e+000  0.000000e+000  

0.000000e+000  0.000000e+000  0.000000e+000  0.000000e+000  0.000000e+000  0.000000e+000  0.000000e+000  0.000000e+000  0.000000e+000  0.000000e+000  0.000000e+000  0.000000e+000  0.000000e+000  0.000000e+000  0.000000e+000  0.000000e+000  
0.000000e+000  0.000000e+000  0.000000e+000  0.000000e+000  0.000000e+000  0.000000e+000  0.000000e+000  0.000000e+000  0.000000e+000  0.000000e+000  0.000000e+000  0.000000e+000  0.000000e+000  0.000000e+000  0.000000e+000  0.000000e+000  
0.000000e+000  0.000000e+000  0.000000e+000  0.000000e+000  0.000000e+000  0.000000e+000  0.000000e+000  0.000000e+000  0.000000e+000  0.000000e+000  0.000000e+000  0.000000e+000  0.000000e+000  0.000000e+000  0.000000e+000  0.000000e+000  
0.000000e+000  0.000000e+000  0.000000e+000  0.000000e+000  0.000000e+000  0.000000e+000  0.000000e+000  0.000000e+000  0.000000e+000  0.000000e+000  0.000000e+000  0.000000e+000  0.000000e+000  0.000000e+000  0.000000e+000  0.000000e+000  
0.000000e+000  0.000000e+000  0.000000e+000  0.000000e+000  0.000000e+000  0.000000e+000  0.000000e+000  0.000000e+000  0.000000e+000  0.000000e+000  0.000000e+000  0.000000e+000  0.000000e+000  0.000000e+000  0.000000e+000  0.000000e+000  
0.000000e+000  0.000000e+000  0.000000e+000  0.000000e+000  0.000000e+000  0.000000e+000  0.000000e+000  0.000000e+000  0.000000e+000  0.000000e+000  0.000000e+000  0.000000e+000  0.000000e+000  0.000000e+000  0.000000e+000  0.000000e+000  
0.000000e+000  0.000000e+000  0.000000e+000  0.000000e+000  0.000000e+000  0.000000e+000  0.000000e+000  0.000000e+000  0.000000e+000  0.000000e+000  0.000000e+000  0.000000e+000  0.000000e+000  0.000000e+000  0.000000e+000  0.000000e+000  
0.000000e+000  0.000000e+000  0.000000e+000  0.000000e+000  0.000000e+000  0.000000e+000  0.000000e+000  0.000000e+000  0.000000e+000  0.000000e+000  0.000000e+000  0.000000e+000  0.000000e+000  0.000000e+000  0.000000e+000  0.000000e+000  
0.000000e+000  0.000000e+000  0.000000e+000  0.000000e+000  0.000000e+000  0.000000e+000  0.000000e+000  0.000000e+000  0.000000e+000  0.000000e+000  0.000000e+000  0.000000e+000  0.000000e+000  0.000000e+000  0.000000e+000  0.000000e+000  
0.000000e+000  0.000000e+000  0.000000e+000  0.000000e+000  0.000000e+000  0.000000e+000  0.000000e+000  0.000000e+000  0.000000e+000  0.000000e+000  0.000000e+000  0.000000e+000  0.000000e+000  0.000000e+000  0.000000e+000  0.000000e+000  
0.000000e+000  0.000000e+000  0.000000e+000  0.000000e+000  0.000000e+000  0.000000e+000  0.000000e+000  0.000000e+000  0.000000e+000  0.000000e+000  0.000000e+000  0.000000e+000  0.000000e+000  0.000000e+000  0.000000e+000  0.000000e+000  
0.000000e+000  0.000000e+000  0.000000e+000  0.000000e+000  0.000000e+000  0.000000e+000  0.000000e+000  0.000000e+000  0.000000e+000  0.000000e+000  0.000000e+000  0.000000e+000  0.000000e+000  0.000000e+000  0.000000e+000  0.000000e+000  
0.000000e+000  0.000000e+000  0.000000e+000  0.000000e+000  0.000000e+000  0.000000e+000  0.000000e+000  0.000000e+000  0.000000e+000  0.000000e+000  0.000000e+000  0.000000e+000  0.000000e+000  0.000000e+000  0.000000e+000  0.000000e+000  
0.000000e+000  0.000000e+000  0.000000e+000  0.000000e+000  0.000000e+000  0.000000e+000  0.000000e+000  0.000000e+000  0.000000e+000  0.000000e+000  0.000000e+000  0.000000e+000  0.000000e+000  0.000000e+000  0.000000e+000  0.000000e+000  
0.000000e+000  0.000000e+000  0.000000e+000  0.000000e+000  0.000000e+000  0.000000e+000  0.000000e+000  0.000000e+000  0.000000e+000  0.000000e+000  0.000000e+000  0.000000e+000  0.000000e+000  0.000000e+000  0.000000e+000  0.000000e+000  
0.000000e+000  0.000000e+000  0.000000e+000  0.000000e+000  0.000000e+000  0.000000e+000  0.000000e+000  0.000000e+000  0.000000e+000  0.000000e+000  0.000000e+000  0.000000e+000  0.000000e+000  0.000000e+000  0.000000e+000  0.000000e+000  
0.000000e+000  0.000000e+000  0.000000e+000  0.000000e+000  0.000000e+000  0.000000e+000  0.000000e+000  0.000000e+000  0.000000e+000  0.000000e+000  0.000000e+000  0.000000e+000  0.000000e+000  0.000000e+000  0.000000e+000  0.000000e+000  
0.000000e+000  0.000000e+000  0.000000e+000  0.000000e+000  0.000000e+000  0.000000e+000  0.000000e+000  0.000000e+000  0.000000e+000  0.000000e+000  0.000000e+000  0.000000e+000  0.000000e+000  0.000000e+000  0.000000e+000  0.000000e+000  
0.000000e+000  0.000000e+000  0.000000e+000  0.000000e+000  0.000000e+000  0.000000e+000  0.000000e+000  0.000000e+000  0.000000e+000  0.000000e+000  0.000000e+000  0.000000e+000  0.000000e+000  0.000000e+000  0.000000e+000  0.000000e+000  
0.000000e+000  0.000000e+000  0.000000e+000  0.000000e+000  0.000000e+000  0.000000e+000  0.000000e+000  0.000000e+000  0.000000e+000  0.000000e+000  0.000000e+000  0.000000e+000  0.000000e+000  0.000000e+000  0.000000e+000  0.000000e+000  
0.000000e+000  0.000000e+000  0.000000e+000  0.000000e+000  0.000000e+000  0.000000e+000  0.000000e+000  0.000000e+000  0.000000e+000  0.000000e+000  0.000000e+000  0.000000e+000  0.000000e+000  0.000000e+000  0.000000e+000  0.000000e+000  
0.000000e+000  0.000000e+000  0.000000e+000  0.000000e+000  0.000000e+000  0.000000e+000  0.000000e+000  0.000000e+000  0.000000e+000  0.000000e+000  0.000000e+000  0.000000e+000  0.000000e+000  0.000000e+000  0.000000e+000  0.000000e+000  
0.000000e+000  0.000000e+000  0.000000e+000  0.000000e+000  0.000000e+000  0.000000e+000  0.000000e+000  0.000000e+000  0.000000e+000  0.000000e+000  0.000000e+000  0.000000e+000  0.000000e+000  0.000000e+000  0.000000e+000  0.000000e+000  
0.000000e+000  0.000000e+000  0.000000e+000  0.000000e+000  0.000000e+000  0.000000e+000  0.000000e+000  0.000000e+000  0.000000e+000  0.000000e+000  0.000000e+000  0.000000e+000  0.000000e+000  0.000000e+000  0.000000e+000  0.000000e+000  
0.000000e+000  0.000000e+000  0.000000e+000  0.000000e+000  0.000000e+000  0.000000e+000  0.000000e+000  0.000000e+000  0.000000e+000  0.000000e+000  0.000000e+000  0.000000e+000  0.000000e+000  0.000000e+000  0.000000e+000  0.000000e+000  
0.000000e+000  0.000000e+000  0.000000e+000  0.000000e+000  0.000000e+000  0.000000e+000  0.000000e+000  0.000000e+000  0.000000e+000  0.000000e+000  0.000000e+000  0.000000e+000  0.000000e+000  0.000000e+000  0.000000e+000  0.000000e+000  
0.000000e+000  0.000000e+000  0.000000e+000  0.000000e+000  0.000000e+000  0.000000e+000  0.000000e+000  0.000000e+000  0.000000e+000  0.000000e+000  0.000000e+000  0.000000e+000  0.000000e+000  0.000000e+000  0.000000e+000  0.000000e+000  
0.000000e+000  0.000000e+000  0.000000e+000  0.000000e+000  0.000000e+000  0.000000e+000  0.000000e+000  0.000000e+000  0.000000e+000  0.000000e+000  0.000000e+000  0.000000e+000  0.000000e+000  0.000000e+000  0.000000e+000  0.000000e+000  
0.000000e+000  0.000000e+000  0.000000e+000  0.000000e+000  0.000000e+000  0.000000e+000  0.000000e+000  0.000000e+000  0.000000e+000  0.000000e+000  0.000000e+000  0.000000e+000  0.000000e+000  0.000000e+000  0.000000e+000  0.000000e+000  
0.000000e+000  0.000000e+000  0.000000e+000  0.000000e+000  0.000000e+000  0.000000e+000  0.000000e+000  0.000000e+000  0.000000e+000  0.000000e+000  0.000000e+000  0.000000e+000  0.000000e+000  0.000000e+000  0.000000e+000  0.000000e+000  
0.000000e+000  0.000000e+000  0.000000e+000  0.000000e+000  0.000000e+000  0.000000e+000  0.000000e+000  0.000000e+000  0.000000e+000  0.000000e+000  0.000000e+000  0.000000e+000  0.000000e+000  0.000000e+000  0.000000e+000  0.000000e+000  

0.000000e+000  0.000000e+000  0.000000e+000  0.000000e+000  0.000000e+000  0.000000e+000  0.000000e+000  0.000000e+000  0.000000e+000  0.000000e+000  0.000000e+000  0.000000e+000  0.000000e+000  0.000000e+000  0.000000e+000  0.000000e+000  
0.000000e+000  0.000000e+000  0.000000e+000  0.000000e+000  0.000000e+000  0.000000e+000  0.000000e+000  0.000000e+000  0.000000e+000  0.000000e+000  0.000000e+000  0.000000e+000  0.000000e+000  0.000000e+000  0.000000e+000  0.000000e+000  
0.000000e+000  0.000000e+000  0.000000e+000  0.000000e+000  0.000000e+000  0.000000e+000  0.000000e+000  0.000000e+000  0.000000e+000  0.000000e+000  0.000000e+000  0.000000e+000  0.000000e+000  0.000000e+000  0.000000e+000  0.000000e+000  
0.000000e+000  0.000000e+000  0.000000e+000  0.000000e+000  0.000000e+000  0.000000e+000  0.000000e+000  0.000000e+000  0.000000e+000  0.000000e+000  0.000000e+000  0.000000e+000  0.000000e+000  0.000000e+000  0.000000e+000  0.000000e+000  
0.000000e+000  0.000000e+000  0.000000e+000  0.000000e+000  0.000000e+000  0.000000e+000  0.000000e+000  0.000000e+000  0.000000e+000  0.000000e+000  0.000000e+000  0.000000e+000  0.000000e+000  0.000000e+000  0.000000e+000  0.000000e+000  
0.000000e+000  0.000000e+000  0.000000e+000  0.000000e+000  0.000000e+000  0.000000e+000  0.000000e+000  0.000000e+000  0.000000e+000  0.000000e+000  0.000000e+000  0.000000e+000  0.000000e+000  0.000000e+000  0.000000e+000  0.000000e+000  
0.000000e+000  0.000000e+000  0.000000e+000  0.000000e+000  0.000000e+000  0.000000e+000  0.000000e+000  0.000000e+000  0.000000e+000  0.000000e+000  0.000000e+000  0.000000e+000  0.000000e+000  0.000000e+000  0.000000e+000  0.000000e+000  
0.000000e+000  0.000000e+000  0.000000e+000  0.000000e+000  0.000000e+000  0.000000e+000  0.000000e+000  0.000000e+000  0.000000e+000  0.000000e+000  0.000000e+000  0.000000e+000  0.000000e+000  0.000000e+000  0.000000e+000  0.000000e+000  
0.000000e+000  0.000000e+000  0.000000e+000  0.000000e+000  0.000000e+000  0.000000e+000  0.000000e+000  0.000000e+000  0.000000e+000  0.000000e+000  0.000000e+000  0.000000e+000  0.000000e+000  0.000000e+000  0.000000e+000  0.000000e+000  
0.000000e+000  0.000000e+000  0.000000e+000  0.000000e+000  0.000000e+000  0.000000e+000  0.000000e+000  0.000000e+000  0.000000e+000  0.000000e+000  0.000000e+000  0.000000e+000  0.000000e+000  0.000000e+000  0.000000e+000  0.000000e+000  
0.000000e+000  0.000000e+000  0.000000e+000  0.000000e+000  0.000000e+000  0.000000e+000  0.000000e+000  0.000000e+000  0.000000e+000  0.000000e+000  0.000000e+000  0.000000e+000  0.000000e+000  0.000000e+000  0.000000e+000  0.000000e+000  
0.000000e+000  0.000000e+000  0.000000e+000  0.000000e+000  0.000000e+000  0.000000e+000  0.000000e+000  0.000000e+000  0.000000e+000  0.000000e+000  0.000000e+000  0.000000e+000  0.000000e+000  0.000000e+000  0.000000e+000  0.000000e+000  
0.000000e+000  0.000000e+000  0.000000e+000  0.000000e+000  0.000000e+000  0.000000e+000  0.000000e+000  0.000000e+000  0.000000e+000  0.000000e+000  0.000000e+000  0.000000e+000  0.000000e+000  0.000000e+000  0.000000e+000  0.000000e+000  
0.000000e+000  0.000000e+000  0.000000e+000  0.000000e+000  0.000000e+000  0.000000e+000  0.000000e+000  0.000000e+000  0.000000e+000  0.000000e+000  0.000000e+000  0.000000e+000  0.000000e+000  0.000000e+000  0.000000e+000  0.000000e+000  
0.000000e+000  0.000000e+000  0.000000e+000  0.000000e+000  0.000000e+000  0.000000e+000  0.000000e+000  0.000000e+000  0.000000e+000  0.000000e+000  0.000000e+000  0.000000e+000  0.000000e+000  0.000000e+000  0.000000e+000  0.000000e+000  
0.000000e+000  0.000000e+000  0.000000e+000  0.000000e+000  0.000000e+000  0.000000e+000  0.000000e+000  0.000000e+000  0.000000e+000  0.000000e+000  0.000000e+000  0.000000e+000  0.000000e+000  0.000000e+000  0.000000e+000  0.000000e+000  
0.000000e+000  0.000000e+000  0.000000e+000  0.000000e+000  0.000000e+000  0.000000e+000  0.000000e+000  0.000000e+000  0.000000e+000  0.000000e+000  0.000000e+000  0.000000e+000  0.000000e+000  0.000000e+000  0.000000e+000  0.000000e+000  
0.000000e+000  0.000000e+000  0.000000e+000  0.000000e+000  0.000000e+000  0.000000e+000  0.000000e+000  0.000000e+000  0.000000e+000  0.000000e+000  0.000000e+000  0.000000e+000  0.000000e+000  0.000000e+000  0.000000e+000  0.000000e+000  
0.000000e+000  0.000000e+000  0.000000e+000  0.000000e+000  0.000000e+000  0.000000e+000  0.000000e+000  0.000000e+000  0.000000e+000  0.000000e+000  0.000000e+000  0.000000e+000  0.000000e+000  0.000000e+000  0.000000e+000  0.000000e+000  
0.000000e+000  0.000000e+000  0.000000e+000  0.000000e+000  0.000000e+000  0.000000e+000  0.000000e+000  0.000000e+000  0.000000e+000  0.000000e+000  0.000000e+000  0.000000e+000  0.000000e+000  0.000000e+000  0.000000e+000  0.000000e+000  
0.000000e+000  0.000000e+000  0.000000e+000  0.000000e+000  0.000000e+000  0.000000e+000  0.000000e+000  0.000000e+000  0.000000e+000  0.000000e+000  0.000000e+000  0.000000e+000  0.000000e+000  0.000000e+000  0.000000e+000  0.000000e+000  
0.000000e+000  0.000000e+000  0.000000e+000  0.000000e+000  0.000000e+000  0.000000e+000  0.000000e+000  0.000000e+000  0.000000e+000  0.000000e+000  0.000000e+000  0.000000e+000  0.000000e+000  0.000000e+000  0.000000e+000  0.000000e+000  
0.000000e+000  0.000000e+000  0.000000e+000  0.000000e+000  0.000000e+000  0.000000e+000  0.000000e+000  0.000000e+000  0.000000e+000  0.000000e+000  0.000000e+000  0.000000e+000  0.000000e+000  0.000000e+000  0.000000e+000  0.000000e+000  
0.000000e+000  0.000000e+000  0.000000e+000  0.000000e+000  0.000000e+000  0.000000e+000  0.000000e+000  0.000000e+000  0.000000e+000  0.000000e+000  0.000000e+000  0.000000e+000  0.000000e+000  0.000000e+000  0.000000e+000  0.000000e+000  
0.000000e+000  0.000000e+000  0.000000e+000  0.000000e+000  0.000000e+000  0.000000e+000  0.000000e+000  0.000000e+000  0.000000e+000  0.000000e+000  0.000000e+000  0.000000e+000  0.000000e+000  0.000000e+000  0.000000e+000  0.000000e+000  
0.000000e+000  0.000000e+000  0.000000e+000  0.000000e+000  0.000000e+000  0.000000e+000  0.000000e+000  0.000000e+000  0.000000e+000  0.000000e+000  0.000000e+000  0.000000e+000  0.000000e+000  0.000000e+000  0.000000e+000  0.000000e+000  
0.000000e+000  0.000000e+000  0.000000e+000  0.000000e+000  0.000000e+000  0.000000e+000  0.000000e+000  0.000000e+000  0.000000e+000  0.000000e+000  0.000000e+000  0.000000e+000  0.000000e+000  0.000000e+000  0.000000e+000  0.000000e+000  
0.000000e+000  0.000000e+000  0.000000e+000  0.000000e+000  0.000000e+000  0.000000e+000  0.000000e+000  0.000000e+000  0.000000e+000  0.000000e+000  0.000000e+000  0.000000e+000  0.000000e+000  0.000000e+000  0.000000e+000  0.000000e+000  
0.000000e+000  0.000000e+000  0.000000e+000  0.000000e+000  0.000000e+000  0.000000e+000  0.000000e+000  0.000000e+000  0.000000e+000  0.000000e+000  0.000000e+000  0.000000e+000  0.000000e+000  0.000000e+000  0.000000e+000  0.000000e+000  
0.000000e+000  0.000000e+000  0.000000e+000  0.000000e+000  0.000000e+000  0.000000e+000  0.000000e+000  0.000000e+000  0.000000e+000  0.000000e+000  0.000000e+000  0.000000e+000  0.000000e+000  0.000000e+000  0.000000e+000  0.000000e+000  
0.000000e+000  0.000000e+000  0.000000e+000  0.000000e+000  0.000000e+000  0.000000e+000  0.000000e+000  0.000000e+000  0.000000e+000  0.000000e+000  0.000000e+000  0.000000e+000  0.000000e+000  0.000000e+000  0.000000e+000  0.000000e+000  

-9.272383e-002  -9.217664e-002  -9.108628e-002  -8.946121e-002  -8.698257e-002  -8.374710e-002  -8.015546e-002  -7.627838e-002  -7.218623e-002  -6.794650e-002  -6.145934e-002  -5.280623e-002  -4.447143e-002  -2.993555e-002  -9.631496e-003  0.000000e+000  
-2.856551e-001  -2.839361e-001  -2.804929e-001  -2.753200e-001  -2.666908e-001  -2.549062e-001  -2.420013e-001  -2.282835e-001  -2.140465e-001  -1.995582e-001  -1.778009e-001  -1.499094e-001  -1.240896e-001  -8.073996e-002  -2.512200e-002  0.000000e+000  
-4.887129e-001  -4.862086e-001  -4.810593e-001  -4.730120e-001  -4.554207e-001  -4.287739e-001  -4.003349e-001  -3.709785e-001  -3.414717e-001  -3.124445e-001  -2.703495e-001  -2.201543e-001  -1.768428e-001  -1.087878e-001  -3.222013e-002  0.000000e+000  
-6.539643e-001  -6.529990e-001  -6.504354e-001  -6.450993e-001  -6.180812e-001  -5.698917e-001  -5.201382e-001  -4.707207e-001  -4.230860e-001  -3.782126e-001  -3.158939e-001  -2.475592e-001  -1.929058e-001  -1.127279e-001  -3.210781e-002  0.000000e+000  
-7.673448e-001  -7.704608e-001  -7.752883e-001  -7.791489e-001  -7.448966e-001  -6.729478e-001  -6.009325e-001  -5.319579e-001  -4.679928e-001  -4.100223e-001  -3.324536e-001  -2.528305e-001  -1.926238e-001  -1.085776e-001  -3.012980e-002  0.000000e+000  
-8.362169e-001  -8.470618e-001  -8.663502e-001  -8.891799e-001  -8.498454e-001  -7.487001e-001  -6.514705e-001  -5.625604e-001  -4.838651e-001  -4.156057e-001  -3.278289e-001  -2.431309e-001  -1.820425e-001  -1.000412e-001  -2.729584e-002  0.000000e+000  
-8.675193e-001  -8.850618e-001  -9.172383e-001  -9.576132e-001  -9.155617e-001  -7.915712e-001  -6.759445e-001  -5.736609e-001  -4.859515e-001  -4.120167e-001  -3.193143e-001  -2.331458e-001  -1.727218e-001  -9.348723e-002  -2.525508e-002  0.000000e+000  
-8.831965e-001  -9.099630e-001  -9.606200e-001  -1.027529e+000  -9.832425e-001  -8.288503e-001  -6.910269e-001  -5.743710e-001  -4.781723e-001  -3.997251e-001  -3.040884e-001  -2.185560e-001  -1.602313e-001  -8.547601e-002  -2.287741e-002  0.000000e+000  
-8.752079e-001  -9.136926e-001  -9.894636e-001  -1.095923e+000  -1.049950e+000  -8.544586e-001  -6.909044e-001  -5.603113e-001  -4.575605e-001  -3.768179e-001  -2.812922e-001  -1.990774e-001  -1.445027e-001  -7.605153e-002  -2.018363e-002  0.000000e+000  
-8.402632e-001  -8.893896e-001  -9.908991e-001  -1.145565e+000  -1.098471e+000  -8.565595e-001  -6.707779e-001  -5.316436e-001  -4.269803e-001  -3.473435e-001  -2.554332e-001  -1.786543e-001  -1.287136e-001  -6.707707e-002  -1.769456e-002  0.000000e+000  
-7.928916e-001  -8.492736e-001  -9.711093e-001  -1.173374e+000  -1.125376e+000  -8.398117e-001  -6.392993e-001  -4.973292e-001  -3.942475e-001  -3.176939e-001  -2.309616e-001  -1.600957e-001  -1.146950e-001  -5.933388e-002  -1.558229e-002  0.000000e+000  
-7.233543e-001  -7.834381e-001  -9.197285e-001  -1.173590e+000  -1.125041e+000  -7.949681e-001  -5.885041e-001  -4.502093e-001  -3.527990e-001  -2.819042e-001  -2.028354e-001  -1.394690e-001  -9.941537e-002  -5.109606e-002  -1.336656e-002  0.000000e+000  
-6.302175e-001  -6.876944e-001  -8.222573e-001  -1.106636e+000  -1.060903e+000  -7.091384e-001  -5.151596e-001  -3.896003e-001  -3.026241e-001  -2.401450e-001  -1.712714e-001  -1.169466e-001  -8.299907e-002  -4.242211e-002  -1.106084e-002  0.000000e+000  
-4.566657e-001  -4.987271e-001  -5.880474e-001  -7.268681e-001  -6.764409e-001  -5.017518e-001  -3.711540e-001  -2.795734e-001  -2.152562e-001  -1.693402e-001  -1.193217e-001  -8.067462e-002  -5.690354e-002  -2.885711e-002  -7.489291e-003  0.000000e+000  
-1.592161e-001  -1.725723e-001  -1.980029e-001  -2.271583e-001  -2.063519e-001  -1.670720e-001  -1.275707e-001  -9.686107e-002  -7.449941e-002  -5.838925e-002  -4.086342e-002  -2.746112e-002  -1.929490e-002  -9.737233e-003  -2.519910e-003  0.000000e+000  
1.592161e-001  1.725723e-001  1.980029e-001  2.271583e-001  2.063519e-001  1.670720e-001  1.275707e-001  9.686107e-002  7.449941e-002  5.838925e-002  4.086342e-002  2.746112e-002  1.929490e-002  9.737233e-003  2.519910e-003  0.000000e+000  
4.566657e-001  4.987271e-001  5.880474e-001  7.268681e-001  6.764409e-001  5.017518e-001  3.711540e-001  2.795734e-001  2.152562e-001  1.693402e-001  1.193217e-001  8.067462e-002  5.690354e-002  2.885711e-002  7.489291e-003  0.000000e+000  
6.302175e-001  6.876944e-001  8.222573e-001  1.106636e+000  1.060903e+000  7.091384e-001  5.151596e-001  3.896003e-001  3.026241e-001  2.401450e-001  1.712714e-001  1.169466e-001  8.299907e-002  4.242211e-002  1.106084e-002  0.000000e+000  
7.233543e-001  7.834381e-001  9.197285e-001  1.173590e+000  1.125041e+000  7.949681e-001  5.885041e-001  4.502093e-001  3.527990e-001  2.819042e-001  2.028354e-001  1.394690e-001  9.941537e-002  5.109606e-002  1.336656e-002  0.000000e+000  
7.928916e-001  8.492736e-001  9.711093e-001  1.173374e+000  1.125376e+000  8.398117e-001  6.392993e-001  4.973292e-001  3.942475e-001  3.176939e-001  2.309616e-001  1.600957e-001  1.146950e-001  5.933388e-002  1.558229e-002  0.000000e+000  
8.402632e-001  8.893896e-001  9.908991e-001  1.145565e+000  1.098471e+000  8.565595e-001  6.707779e-001  5.316436e-001  4.269803e-001  3.473435e-001  2.554332e-001  1.786543e-001  1.287136e-001  6.707707e-002  1.769456e-002  0.000000e+000  
8.752079e-001  9.136926e-001  9.894636e-001  1.095923e+000  1.049950e+000  8.544586e-001  6.909044e-001  5.603113e-001  4.575605e-001  3.768179e-001  2.812922e-001  1.990774e-001  1.445027e-001  7.605153e-002  2.018363e-002  0.000000e+000  
8.831965e-001  9.099630e-001  9.606200e-001  1.027529e+000  9.832425e-001  8.288503e-001  6.910269e-001  5.743710e-001  4.781723e-001  3.997251e-001  3.040884e-001  2.185560e-001  1.602313e-001  8.547601e-002  2.287741e-002  0.000000e+000  
8.675193e-001  8.850618e-001  9.172383e-001  9.576132e-001  9.155617e-001  7.915712e-001  6.759445e-001  5.736609e-001  4.859515e-001  4.120167e-001  3.193143e-001  2.331458e-001  1.727218e-001  9.348723e-002  2.525508e-002  0.000000e+000  
8.362169e-001  8.470618e-001  8.663502e-001  8.891799e-001  8.498454e-001  7.487001e-001  6.514705e-001  5.625604e-001  4.838651e-001  4.156057e-001  3.278289e-001  2.431309e-001  1.820425e-001  1.000412e-001  2.729584e-002  0.000000e+000  
7.673448e-001  7.704608e-001  7.752883e-001  7.791489e-001  7.448966e-001  6.729478e-001  6.009325e-001  5.319579e-001  4.679928e-001  4.100223e-001  3.324536e-001  2.528305e-001  1.926238e-001  1.085776e-001  3.012980e-002  0.000000e+000  
6.539643e-001  6.529990e-001  6.504354e-001  6.450993e-001  6.180812e-001  5.698917e-001  5.201382e-001  4.707207e-001  4.230860e-001  3.782126e-001  3.158939e-001  2.475592e-001  1.929058e-001  1.127279e-001  3.210781e-002  0.000000e+000  
4.887129e-001  4.862086e-001  4.810593e-001  4.730120e-001  4.554207e-001  4.287739e-001  4.003349e-001  3.709785e-001  3.414717e-001  3.124445e-001  2.703495e-001  2.201543e-001  1.768428e-001  1.087878e-001  3.222013e-002  0.000000e+000  
2.856551e-001  2.839361e-001  2.804929e-001  2.753200e-001  2.666908e-001  2.549062e-001  2.420013e-001  2.282835e-001  2.140465e-001  1.995582e-001  1.778009e-001  1.499094e-001  1.240896e-001  8.073996e-002  2.512200e-002  0.000000e+000  
9.272383e-002  9.217664e-002  9.108628e-002  8.946121e-002  8.698257e-002  8.374710e-002  8.015546e-002  7.627838e-002  7.218623e-002  6.794650e-002  6.145934e-002  5.280623e-002  4.447143e-002  2.993555e-002  9.631496e-003  0.000000e+000  
0.000000e+000  0.000000e+000  0.000000e+000  0.000000e+000  0.000000e+000  0.000000e+000  0.000000e+000  0.000000e+000  0.000000e+000  0.000000e+000  0.000000e+000  0.000000e+000  0.000000e+000  0.000000e+000  0.000000e+000  0.000000e+000  

