2025-10-20 12:50:38   Build version: 2025.4 Release from 2025-04-11 (change 1409410)

2025-10-20 12:50:38   Starting adaptive port meshing.

                      ------------------------------------------------------------------------------
2025-10-20 12:50:38   Mode calculation for port 1:

                      ------------------------------------------------------------------------------
2025-10-20 12:50:38   According to the selected features the <Time Domain Solver (HEX)> will be
                      started.

                      ------------------------------------------------------------------------------
2025-10-20 12:50:39   

                      ------------------------------------------------------------------------------
2025-10-20 12:50:39   

                      ------------------------------------------------------------------------------
2025-10-20 12:50:47   Using Generalized port mode solver.

                      ------------------------------------------------------------------------------
2025-10-20 12:50:47   Using electric shielding for port 1.

                      ------------------------------------------------------------------------------
2025-10-20 12:50:50   Port mode solver: Detected dispersive material(s) at port 1. 
                      Using a constant approximation of dispersive material(s) at 2.4 GHz and neglecting loss terms.  More...

                      ------------------------------------------------------------------------------
2025-10-20 12:50:53     -------------------------------- F-Calc 2.4 --------------------------------
                        Port   Mode   Type        Z-Wave        Z-Wave-Sigma  Z-Line        F-Cutoff
                        1      1      QTEM        213           2.84e-014     74.8          ---
                        ----------------------------------------------------------------------------

2025-10-20 12:50:58   Pass 1 successfully completed. 
2025-10-20 12:50:58   According to the selected features the <Time Domain Solver (HEX)> will be
                      started.

                      ------------------------------------------------------------------------------
2025-10-20 12:50:59   

                      ------------------------------------------------------------------------------
2025-10-20 12:50:59   

                      ------------------------------------------------------------------------------
2025-10-20 12:51:13     -------------------------------- F-Calc 2.4 --------------------------------
                        Port   Mode   Type        Z-Wave        Z-Wave-Sigma  Z-Line        F-Cutoff
                        1      1      QTEM        244           3.17e-005     80.1          ---
                        ----------------------------------------------------------------------------

2025-10-20 12:51:18   Pass 2 successfully completed. Delta (Line Imp.): 6.61%
2025-10-20 12:51:18   According to the selected features the <Time Domain Solver (HEX)> will be
                      started.

                      ------------------------------------------------------------------------------
2025-10-20 12:51:19   

                      ------------------------------------------------------------------------------
2025-10-20 12:51:19   

                      ------------------------------------------------------------------------------
2025-10-20 12:51:34     -------------------------------- F-Calc 2.4 --------------------------------
                        Port   Mode   Type        Z-Wave        Z-Wave-Sigma  Z-Line        F-Cutoff
                        1      1      QTEM        246           4.65e-005     81.1          ---
                        ----------------------------------------------------------------------------

2025-10-20 12:51:39   Pass 3 successfully completed. Delta (Line Imp.): 1.23%
2025-10-20 12:51:39   According to the selected features the <Time Domain Solver (HEX)> will be
                      started.

                      ------------------------------------------------------------------------------
2025-10-20 12:51:39   

                      ------------------------------------------------------------------------------
2025-10-20 12:51:39   

                      ------------------------------------------------------------------------------
2025-10-20 12:51:55     -------------------------------- F-Calc 2.4 --------------------------------
                        Port   Mode   Type        Z-Wave        Z-Wave-Sigma  Z-Line        F-Cutoff
                        1      1      QTEM        249           3.33e-007     79.2          ---
                        ----------------------------------------------------------------------------

2025-10-20 12:52:00   Pass 4 successfully completed. Delta (Line Imp.): 2.36%
2025-10-20 12:52:00   Adaptive port meshing finished. 

                      ------------------------------------------------------------------------------
2025-10-20 12:52:03   The following farfield monitor(s) have been adjusted to model box [-65.9073,
                      65.9073, -50.2884, 45.5068, -5.31622, 14.8949]:
                        farfield (f=2.4417).
                      For further information please check the page "Special Solver Parameters -
                      Solver" in the Online Help.

                      ------------------------------------------------------------------------------
2025-10-20 12:52:03   According to the selected features the <Time Domain Solver (HEX)> will be
                      started.

                      ------------------------------------------------------------------------------
2025-10-20 12:52:03   
                      Solver started at: 2025-10-20 12:52:03 +0200

                        Module:  Time Domain: S-Parameter (Win 64)
                        Version: 2025.4 Release from 2025-04-11 (change 1409410)

2025-10-20 12:52:03   

                      ------------------------------------------------------------------------------
2025-10-20 12:52:03   

                      ------------------------------------------------------------------------------
2025-10-20 12:52:04   ======================================================================
                       Solver cycle: 1
                      ======================================================================

                      Stimulation at port 1 (mode 1) 



                      ------------------------------------------------------------------------------
2025-10-20 12:52:04   Units settings: 

                        Dimensions: mm
                        Frequency:  GHz
                        Time:       ns

                      ------------------------------------------------------------------------------
2025-10-20 12:52:04   The dispersive material update [Automatic] will be performed using the "Standard" update schema

                      ------------------------------------------------------------------------------
2025-10-20 12:52:20   Mesh statistics:

                         Hexahedral mesh type: Perfect Boundary Approximation (PBA)
                            Version: default

                         Parallelization type: domain decomposition
                            Number of parallel working threads: 2
                            Number of calculation domains used: 2

                         Used point accuracy enhancement value: 75.00%.
                         Acceleration mode: CPU
                         PBA fill limit: 99.00% (inverse)
                         Used point accuracy enhancement value: 74.00%.
2025-10-20 10:13:03      current system memory usage reached 75%
2025-10-20 10:15:44      current system memory usage reached 75%
2025-10-20 10:15:43      current system memory usage reached 75%
2025-10-20 10:40:03      current system memory usage reached 80%
2025-10-20 11:33:28      current system memory usage reached 75%
2025-10-20 12:02:04      current system memory usage reached 75%

2025-10-20 12:52:23   Using Generalized port mode solver.

                      ------------------------------------------------------------------------------
2025-10-20 12:52:23   Using electric shielding for port 1.

                      ------------------------------------------------------------------------------
2025-10-20 12:52:24   Port mode solver: Detected dispersive material(s) at port 1. 
                      Using a constant approximation of dispersive material(s) at 2.4 GHz and neglecting loss terms.  More...

                      ------------------------------------------------------------------------------
2025-10-20 12:52:24   Boundary conditions: 

                        YZsymmetry: none
                        XZsymmetry: none
                        XYsymmetry: none

                        Xmin: expanded open, 4 Layer, depth 32.695 mm
                        Xmax: expanded open, 4 Layer, depth 32.695 mm

                        Ymin: expanded open, 4 Layer, depth 32.927 mm
                        Ymax: expanded open, 4 Layer, depth 32.641 mm

                        Zmin: expanded open, 4 Layer, depth 32.7727 mm
                        Zmax: expanded open, 4 Layer, depth 39.486 mm

                        PML-Type: Convolution PML

                      ------------------------------------------------------------------------------
2025-10-20 12:52:24   Frequency settings: 

                        Fmin:         2.2
                        Fmax:         2.6
                        Nfsteps(lin): 1001

                      ------------------------------------------------------------------------------
2025-10-20 12:52:25   Field update statistics:

                        Number of components in total: 	340843
                        Number of TST and special elements:	213
                        Number of lossy metal components:	7882
                        Number of disp. elements:		4497

                      Subcycling state:      			Automatically deactivated

                      ------------------------------------------------------------------------------
2025-10-20 12:52:25   Waveguide boundaries:

2025-10-20 12:52:25   Port: 1

2025-10-20 12:52:25     -------------------------------- F-Calc 2.4 --------------------------------
                        Port   Mode   Type        Z-Wave        Z-Wave-Sigma  Z-Line        F-Cutoff
                        1      1      QTEM        213           2.84e-014     79.2          ---
                        ----------------------------------------------------------------------------

2025-10-20 12:52:27   Using standard absorber for unconsidered modes at port 1.

                      ------------------------------------------------------------------------------
2025-10-20 12:53:06   
                      --------------------------------------------------------------------------------
2025-10-20 12:53:06   Steady state energy criterion met, solver finished successfully.

                      ------------------------------------------------------------------------------
2025-10-20 12:53:06   Frequency domain results normalized to default signal.


                      ------------------------------------------------------------------------------
2025-10-20 12:53:06   
                        ----------------------------------------------------------------------------
                                            Peak memory used (kB)         Free physical memory (kB) 
                                                                          At begin     Minimum      
                        ----------------------------------------------------------------------------
                        Matrices calc.      143433                        1989257      1206054      
                        Solver run total    74492                         4236008      4039328      
                        ----------------------------------------------------------------------------

                      --------------------------------------------------------------------------------
                      Solver Statistics:

                        Hardware:
                           Computer name:                 	Heu 

                           Number of CPU threads:               4
                           Hardware info:                  	Hardware Accelerator Device not activated

                        Number of mesh cells:             	54270
                        Excitation duration:              	1.77727437e+001 ns 
                        Calculation time for excitation:  	0 	s
                        Number of calculated pulse widths:	1.15682 
                        Steady state accuracy limit:      	-40	dB 
                        Simulated number of time steps:   	7776 
                        Maximum number of time steps:     	134437 
                        Time step width:
                           without subcycles:             	2.644018944e-003 ns
                           used:                          	2.644018944e-003 ns

                        Matrix calculation time:          	15 	s
                        Solver setup time:                	19 	s
                        Solver loop time:                 	26 	s
                        Solver post-processing time:      	1 	s
                                                          	------------
                        Total solver time:                	61 	s  ( = 0 h, 1 m, 1 s )

                      ------------------------------------------------------------------------------
2025-10-20 12:53:07   
                        Adaptive port meshing time:          	84     	s  ( = 0 h, 1 m, 24 s )
                        Total solver time (all cycles):      	61     	s  ( = 0 h, 1 m, 1 s )
                        Solver initialization and clean-up:  	2      	s
                                                             	------------
                        Total simulation time:               	147    	s  ( = 0 h, 2 m, 27 s )

                      ------------------------------------------------------------------------------
2025-10-20 12:53:07   Solver finished at: 2025-10-20 12:53:07 +0200



                      ------------------------------------------------------------------------------
2025-10-20 12:53:09   Creating parametric 1D results for Run ID 75

                      ------------------------------------------------------------------------------
