Port monitor named: Port1_h1.prt

nx        = 37
ny        = 4
nz        = 19

nu        = 17
nv        = 35
iu        = 2
iv        = 2

idir      = 1
dcut      = -4.750000e-002
icut      = 2
type      = 1
frequency = 2.400000e+009

fcutoff   = 0.000000e+000
alpha     = 0.000000e+000
beta      = 9.599122e+001
accuracy  = 1.252796e-009

type          = QTEM
wave imp.     = 2.480005e+002
wave imp.sig. = 2.252926e-008
line imp.     = 3.206294e+001

ref. port     = 0

0.000000e+000  1.541553e-002  3.049292e-002  4.491119e-002  5.838216e-002  7.225657e-002  8.446332e-002  9.484846e-002  1.033480e-001  1.099797e-001  1.148305e-001  1.180411e-001  1.197903e-001  1.195095e-001  1.159263e-001  9.923481e-002  8.642079e-002  
0.000000e+000  5.803202e-002  1.144552e-001  1.677658e-001  2.166591e-001  2.656525e-001  3.070989e-001  3.405615e-001  3.660619e-001  3.839980e-001  3.950458e-001  4.000597e-001  3.999852e-001  3.874677e-001  3.657963e-001  2.966503e-001  2.510155e-001  
0.000000e+000  1.472612e-001  2.884292e-001  4.179686e-001  5.313945e-001  6.371713e-001  7.173657e-001  7.723547e-001  8.042618e-001  8.162961e-001  8.121460e-001  7.955178e-001  7.698401e-001  7.003141e-001  6.245953e-001  4.560441e-001  3.655676e-001  
0.000000e+000  3.079219e-001  5.974472e-001  8.521308e-001  1.059461e+000  1.229732e+000  1.332164e+000  1.374668e+000  1.369444e+000  1.329558e+000  1.266786e+000  1.190670e+000  1.108407e+000  9.408448e-001  7.907598e-001  5.258623e-001  4.030548e-001  
0.000000e+000  5.166072e-001  9.958072e-001  1.402903e+000  1.710730e+000  1.925441e+000  2.008986e+000  1.990555e+000  1.903948e+000  1.778238e+000  1.634710e+000  1.487372e+000  1.344700e+000  1.087584e+000  8.781812e-001  5.505461e-001  4.100988e-001  
0.000000e+000  8.062739e-001  1.551443e+000  2.169461e+000  2.596969e+000  2.814149e+000  2.796750e+000  2.633742e+000  2.402296e+000  2.152009e+000  1.909341e+000  1.686176e+000  1.486512e+000  1.158334e+000  9.085706e-001  5.477953e-001  4.005378e-001  
0.000000e+000  1.022013e+000  1.973813e+000  2.765123e+000  3.287996e+000  3.475320e+000  3.341368e+000  3.044952e+000  2.698351e+000  2.359816e+000  2.053022e+000  1.784186e+000  1.552033e+000  1.186207e+000  9.163970e-001  5.412074e-001  3.917515e-001  
0.000000e+000  1.297811e+000  2.533560e+000  3.590707e+000  4.268308e+000  4.354863e+000  3.997889e+000  3.492600e+000  2.991515e+000  2.548563e+000  2.173197e+000  1.859292e+000  1.597016e+000  1.199110e+000  9.135484e-001  5.293005e-001  3.795095e-001  
0.000000e+000  1.626589e+000  3.246094e+000  4.741463e+000  5.734624e+000  5.535463e+000  4.757448e+000  3.940683e+000  3.248536e+000  2.694422e+000  2.254239e+000  1.901553e+000  1.615216e+000  1.194321e+000  8.988681e-001  5.118739e-001  3.637919e-001  
0.000000e+000  1.905846e+000  3.929419e+000  6.061654e+000  7.747344e+000  6.849268e+000  5.417063e+000  4.248223e+000  3.388495e+000  2.754605e+000  2.274737e+000  1.901221e+000  1.603379e+000  1.173715e+000  8.760212e-001  4.926288e-001  3.477893e-001  
0.000000e+000  2.084281e+000  4.435344e+000  7.292555e+000  1.026033e+001  8.066948e+000  5.869441e+000  4.403845e+000  3.434320e+000  2.757743e+000  2.260161e+000  1.878998e+000  1.577912e+000  1.147751e+000  8.518294e-001  4.746672e-001  3.334314e-001  
0.000000e+000  2.159545e+000  4.745468e+000  8.479923e+000  1.454915e+001  9.289238e+000  6.104226e+000  4.412165e+000  3.393507e+000  2.708218e+000  2.211528e+000  1.833485e+000  1.535867e+000  1.112176e+000  8.217396e-001  4.542154e-001  3.175921e-001  
0.000000e+000  2.070055e+000  4.611932e+000  8.765541e+000  2.271585e+001  9.891602e+000  5.892712e+000  4.219874e+000  3.253886e+000  2.603124e+000  2.128149e+000  1.764558e+000  1.477271e+000  1.067052e+000  7.858105e-001  4.313264e-001  3.003175e-001  
0.000000e+000  1.751942e+000  3.727127e+000  6.242281e+000  0.000000e+000  6.197112e+000  4.829412e+000  3.748091e+000  2.981106e+000  2.419515e+000  1.992390e+000  1.657885e+000  1.390124e+000  1.003404e+000  7.371019e-001  4.017729e-001  2.784836e-001  
0.000000e+000  1.232189e+000  2.337912e+000  2.762272e+000  0.000000e+000  3.209105e+000  3.459949e+000  3.040406e+000  2.559754e+000  2.138256e+000  1.788264e+000  1.500824e+000  1.264502e+000  9.149576e-001  6.716037e-001  3.638876e-001  2.511327e-001  
0.000000e+000  5.837897e-001  9.625105e-001  8.580959e-001  0.000000e+000  1.347814e+000  1.953415e+000  2.031872e+000  1.882630e+000  1.660780e+000  1.433352e+000  1.225459e+000  1.044210e+000  7.617859e-001  5.601268e-001  3.015067e-001  2.068983e-001  
0.000000e+000  6.989910e-002  1.049173e-001  8.034770e-002  0.000000e+000  2.560475e-001  4.550727e-001  5.622722e-001  5.970838e-001  5.846188e-001  5.455056e-001  4.940417e-001  4.392113e-001  3.351750e-001  2.519607e-001  1.353856e-001  9.196856e-002  
0.000000e+000  -6.989910e-002  -1.049173e-001  -8.034770e-002  0.000000e+000  -2.560475e-001  -4.550727e-001  -5.622721e-001  -5.970838e-001  -5.846188e-001  -5.455056e-001  -4.940417e-001  -4.392113e-001  -3.351750e-001  -2.519607e-001  -1.353856e-001  -9.196856e-002  
0.000000e+000  -5.837897e-001  -9.625105e-001  -8.580959e-001  0.000000e+000  -1.347814e+000  -1.953415e+000  -2.031872e+000  -1.882630e+000  -1.660780e+000  -1.433352e+000  -1.225459e+000  -1.044210e+000  -7.617859e-001  -5.601268e-001  -3.015067e-001  -2.068983e-001  
0.000000e+000  -1.232189e+000  -2.337912e+000  -2.762272e+000  0.000000e+000  -3.209105e+000  -3.459949e+000  -3.040406e+000  -2.559754e+000  -2.138256e+000  -1.788264e+000  -1.500824e+000  -1.264502e+000  -9.149576e-001  -6.716037e-001  -3.638876e-001  -2.511327e-001  
0.000000e+000  -1.751942e+000  -3.727127e+000  -6.242281e+000  0.000000e+000  -6.197112e+000  -4.829412e+000  -3.748092e+000  -2.981106e+000  -2.419515e+000  -1.992390e+000  -1.657885e+000  -1.390124e+000  -1.003404e+000  -7.371019e-001  -4.017728e-001  -2.784836e-001  
0.000000e+000  -2.070055e+000  -4.611932e+000  -8.765541e+000  -2.271585e+001  -9.891602e+000  -5.892712e+000  -4.219874e+000  -3.253886e+000  -2.603124e+000  -2.128149e+000  -1.764558e+000  -1.477271e+000  -1.067052e+000  -7.858105e-001  -4.313265e-001  -3.003176e-001  
0.000000e+000  -2.159545e+000  -4.745468e+000  -8.479923e+000  -1.454915e+001  -9.289238e+000  -6.104226e+000  -4.412165e+000  -3.393507e+000  -2.708218e+000  -2.211528e+000  -1.833485e+000  -1.535867e+000  -1.112176e+000  -8.217395e-001  -4.542154e-001  -3.175921e-001  
0.000000e+000  -2.084281e+000  -4.435344e+000  -7.292556e+000  -1.026033e+001  -8.066948e+000  -5.869441e+000  -4.403845e+000  -3.434320e+000  -2.757743e+000  -2.260161e+000  -1.878998e+000  -1.577912e+000  -1.147751e+000  -8.518295e-001  -4.746672e-001  -3.334315e-001  
0.000000e+000  -1.905846e+000  -3.929419e+000  -6.061654e+000  -7.747344e+000  -6.849267e+000  -5.417063e+000  -4.248223e+000  -3.388495e+000  -2.754605e+000  -2.274737e+000  -1.901221e+000  -1.603379e+000  -1.173715e+000  -8.760211e-001  -4.926288e-001  -3.477892e-001  
0.000000e+000  -1.626589e+000  -3.246094e+000  -4.741463e+000  -5.734624e+000  -5.535463e+000  -4.757448e+000  -3.940683e+000  -3.248536e+000  -2.694422e+000  -2.254239e+000  -1.901553e+000  -1.615216e+000  -1.194321e+000  -8.988681e-001  -5.118739e-001  -3.637919e-001  
0.000000e+000  -1.297811e+000  -2.533560e+000  -3.590707e+000  -4.268308e+000  -4.354863e+000  -3.997889e+000  -3.492600e+000  -2.991515e+000  -2.548563e+000  -2.173197e+000  -1.859292e+000  -1.597016e+000  -1.199110e+000  -9.135484e-001  -5.293005e-001  -3.795095e-001  
0.000000e+000  -1.022013e+000  -1.973813e+000  -2.765123e+000  -3.287996e+000  -3.475320e+000  -3.341368e+000  -3.044952e+000  -2.698351e+000  -2.359816e+000  -2.053022e+000  -1.784186e+000  -1.552033e+000  -1.186207e+000  -9.163970e-001  -5.412074e-001  -3.917515e-001  
0.000000e+000  -8.062739e-001  -1.551443e+000  -2.169461e+000  -2.596969e+000  -2.814149e+000  -2.796750e+000  -2.633742e+000  -2.402296e+000  -2.152009e+000  -1.909341e+000  -1.686176e+000  -1.486512e+000  -1.158335e+000  -9.085706e-001  -5.477953e-001  -4.005378e-001  
0.000000e+000  -5.166072e-001  -9.958072e-001  -1.402903e+000  -1.710730e+000  -1.925441e+000  -2.008986e+000  -1.990555e+000  -1.903948e+000  -1.778238e+000  -1.634710e+000  -1.487372e+000  -1.344700e+000  -1.087584e+000  -8.781812e-001  -5.505461e-001  -4.100988e-001  
0.000000e+000  -3.079219e-001  -5.974472e-001  -8.521308e-001  -1.059461e+000  -1.229732e+000  -1.332164e+000  -1.374668e+000  -1.369444e+000  -1.329558e+000  -1.266786e+000  -1.190670e+000  -1.108407e+000  -9.408448e-001  -7.907598e-001  -5.258623e-001  -4.030548e-001  
0.000000e+000  -1.472612e-001  -2.884292e-001  -4.179686e-001  -5.313945e-001  -6.371713e-001  -7.173657e-001  -7.723547e-001  -8.042618e-001  -8.162961e-001  -8.121460e-001  -7.955178e-001  -7.698401e-001  -7.003141e-001  -6.245953e-001  -4.560441e-001  -3.655676e-001  
0.000000e+000  -5.803202e-002  -1.144552e-001  -1.677658e-001  -2.166591e-001  -2.656525e-001  -3.070989e-001  -3.405615e-001  -3.660619e-001  -3.839980e-001  -3.950458e-001  -4.000597e-001  -3.999852e-001  -3.874677e-001  -3.657963e-001  -2.966503e-001  -2.510155e-001  
0.000000e+000  -1.541553e-002  -3.049291e-002  -4.491120e-002  -5.838216e-002  -7.225657e-002  -8.446332e-002  -9.484846e-002  -1.033480e-001  -1.099797e-001  -1.148305e-001  -1.180411e-001  -1.197903e-001  -1.195095e-001  -1.159263e-001  -9.923481e-002  -8.642079e-002  
0.000000e+000  0.000000e+000  0.000000e+000  0.000000e+000  0.000000e+000  0.000000e+000  0.000000e+000  0.000000e+000  0.000000e+000  0.000000e+000  0.000000e+000  0.000000e+000  0.000000e+000  0.000000e+000  0.000000e+000  0.000000e+000  0.000000e+000  

-1.050585e+000  -1.043822e+000  -1.030420e+000  -1.010622e+000  -9.856273e-001  -9.560723e-001  -9.217619e-001  -8.834093e-001  -8.417515e-001  -7.975182e-001  -7.514043e-001  -7.040494e-001  -6.320102e-001  -5.362169e-001  -3.720933e-001  -1.264312e-001  0.000000e+000  
-1.160416e+000  -1.151568e+000  -1.134096e+000  -1.108438e+000  -1.075805e+000  -1.037001e+000  -9.925693e-001  -9.437013e-001  -8.915700e-001  -8.372745e-001  -7.817997e-001  -7.259924e-001  -6.428310e-001  -5.367217e-001  -3.617895e-001  -1.195592e-001  0.000000e+000  
-1.570475e+000  -1.551676e+000  -1.514932e+000  -1.461865e+000  -1.393866e+000  -1.313006e+000  -1.223964e+000  -1.130397e+000  -1.035517e+000  -9.419355e-001  -8.516245e-001  -7.659497e-001  -6.456489e-001  -5.095921e-001  -3.101124e-001  -9.307875e-002  0.000000e+000  
-2.359290e+000  -2.311150e+000  -2.218352e+000  -2.087470e+000  -1.921619e+000  -1.729548e+000  -1.530508e+000  -1.335590e+000  -1.152664e+000  -9.864452e-001  -8.390658e-001  -7.107909e-001  -5.456290e-001  -3.883496e-001  -1.949760e-001  -4.852618e-002  0.000000e+000  
-3.148835e+000  -3.057079e+000  -2.881617e+000  -2.638239e+000  -2.335509e+000  -1.998242e+000  -1.670284e+000  -1.371807e+000  -1.112607e+000  -8.947925e-001  -7.159048e-001  -5.713461e-001  -3.981835e-001  -2.536499e-001  -9.950507e-002  -1.739300e-002  0.000000e+000  
-4.443349e+000  -4.263343e+000  -3.917694e+000  -3.439798e+000  -2.854912e+000  -2.238620e+000  -1.692313e+000  -1.246012e+000  -8.998374e-001  -6.397704e-001  -4.482312e-001  -3.091126e-001  -1.595491e-001  -5.846076e-002  2.132191e-002  1.875352e-002  0.000000e+000  
-5.224117e+000  -4.987643e+000  -4.524416e+000  -3.870207e+000  -3.065249e+000  -2.253731e+000  -1.585080e+000  -1.079801e+000  -7.155119e-001  -4.592723e-001  -2.815599e-001  -1.597910e-001  -3.685162e-002  3.473947e-002  7.423976e-002  3.377174e-002  0.000000e+000  
-6.206682e+000  -5.905446e+000  -5.294029e+000  -4.391664e+000  -3.253645e+000  -2.175269e+000  -1.369922e+000  -8.201834e-001  -4.594979e-001  -2.266166e-001  -7.768874e-002  1.603981e-002  1.012682e-001  1.362114e-001  1.295772e-001  4.907588e-002  0.000000e+000  
-7.446425e+000  -7.088198e+000  -6.312226e+000  -5.059314e+000  -3.362175e+000  -1.916001e+000  -9.848713e-001  -4.347316e-001  -1.183286e-001  6.204704e-002  1.630738e-001  2.166017e-001  2.526566e-001  2.442891e-001  1.865182e-001  6.446920e-002  0.000000e+000  
-8.991987e+000  -8.628006e+000  -7.738555e+000  -6.022305e+000  -3.239523e+000  -1.313622e+000  -3.456110e-001  1.068354e-001  3.138200e-001  4.039036e-001  4.357953e-001  4.371138e-001  4.137288e-001  3.566714e-001  2.440937e-001  7.973452e-002  0.000000e+000  
-1.020123e+001  -9.911087e+000  -9.090603e+000  -7.099220e+000  -2.775487e+000  -5.517930e-001  2.757099e-001  5.617336e-001  6.473426e-001  6.549769e-001  6.302133e-001  5.914303e-001  5.242941e-001  4.327872e-001  2.824172e-001  8.976157e-002  0.000000e+000  
-1.152117e+001  -1.139757e+001  -1.089327e+001  -8.973539e+000  -1.602123e+000  6.295632e-001  1.059939e+000  1.077120e+000  1.004578e+000  9.160641e-001  8.291095e-001  7.477899e-001  6.352282e-001  5.086079e-001  3.201898e-001  9.955514e-002  0.000000e+000  
-1.288741e+001  -1.302955e+001  -1.324068e+001  -1.277493e+001  1.252213e+000  2.352737e+000  1.968835e+000  1.619931e+000  1.367036e+000  1.177065e+000  1.026658e+000  9.025742e-001  7.446643e-001  5.831457e-001  3.570575e-001  1.090428e-001  0.000000e+000  
-1.419725e+001  -1.463335e+001  -1.584764e+001  -1.931488e+001  1.027805e+001  4.523179e+000  2.868031e+000  2.134555e+000  1.711146e+000  1.426663e+000  1.216721e+000  1.052080e+000  8.507264e-001  6.554125e-001  3.926663e-001  1.181524e-001  0.000000e+000  
-1.568710e+001  -1.631018e+001  -1.797641e+001  -2.215264e+001  9.564602e+000  5.502019e+000  3.640844e+000  2.679786e+000  2.108195e+000  1.727160e+000  1.451037e+000  1.238927e+000  9.848949e-001  7.472763e-001  4.379032e-001  1.296652e-001  0.000000e+000  
-1.674120e+001  -1.725964e+001  -1.835963e+001  -1.988293e+001  6.981510e+000  5.294591e+000  3.929658e+000  3.016429e+000  2.403785e+000  1.972224e+000  1.651829e+000  1.403584e+000  1.106137e+000  8.312686e-001  4.794630e-001  1.402077e-001  0.000000e+000  
-1.775930e+001  -1.793676e+001  -1.823293e+001  -1.850156e+001  4.796418e+000  4.369334e+000  3.783375e+000  3.208891e+000  2.706628e+000  2.286457e+000  1.940095e+000  1.655035e+000  1.301748e+000  9.704688e-001  5.494098e-001  1.579283e-001  0.000000e+000  
-1.809525e+001  -1.812915e+001  -1.818003e+001  -1.821899e+001  3.753959e+000  3.613421e+000  3.363694e+000  3.055233e+000  2.727802e+000  2.407359e+000  2.108529e+000  1.838078e+000  1.477714e+000  1.111789e+000  6.274608e-001  1.781026e-001  0.000000e+000  
-1.775930e+001  -1.793676e+001  -1.823293e+001  -1.850156e+001  4.796418e+000  4.369334e+000  3.783375e+000  3.208891e+000  2.706628e+000  2.286457e+000  1.940095e+000  1.655035e+000  1.301748e+000  9.704688e-001  5.494098e-001  1.579283e-001  0.000000e+000  
-1.674120e+001  -1.725964e+001  -1.835963e+001  -1.988293e+001  6.981510e+000  5.294591e+000  3.929658e+000  3.016429e+000  2.403785e+000  1.972224e+000  1.651829e+000  1.403584e+000  1.106137e+000  8.312686e-001  4.794630e-001  1.402077e-001  0.000000e+000  
-1.568710e+001  -1.631018e+001  -1.797641e+001  -2.215264e+001  9.564602e+000  5.502019e+000  3.640844e+000  2.679786e+000  2.108195e+000  1.727160e+000  1.451037e+000  1.238927e+000  9.848949e-001  7.472763e-001  4.379032e-001  1.296652e-001  0.000000e+000  
-1.419725e+001  -1.463335e+001  -1.584764e+001  -1.931488e+001  1.027805e+001  4.523179e+000  2.868031e+000  2.134555e+000  1.711146e+000  1.426663e+000  1.216721e+000  1.052080e+000  8.507264e-001  6.554125e-001  3.926663e-001  1.181524e-001  0.000000e+000  
-1.288741e+001  -1.302955e+001  -1.324068e+001  -1.277493e+001  1.252213e+000  2.352737e+000  1.968835e+000  1.619931e+000  1.367036e+000  1.177065e+000  1.026658e+000  9.025742e-001  7.446643e-001  5.831457e-001  3.570575e-001  1.090428e-001  0.000000e+000  
-1.152117e+001  -1.139757e+001  -1.089327e+001  -8.973539e+000  -1.602123e+000  6.295632e-001  1.059939e+000  1.077120e+000  1.004578e+000  9.160641e-001  8.291095e-001  7.477898e-001  6.352282e-001  5.086078e-001  3.201898e-001  9.955514e-002  0.000000e+000  
-1.020123e+001  -9.911087e+000  -9.090603e+000  -7.099220e+000  -2.775487e+000  -5.517931e-001  2.757099e-001  5.617336e-001  6.473426e-001  6.549769e-001  6.302133e-001  5.914302e-001  5.242941e-001  4.327872e-001  2.824172e-001  8.976157e-002  0.000000e+000  
-8.991987e+000  -8.628006e+000  -7.738555e+000  -6.022305e+000  -3.239523e+000  -1.313622e+000  -3.456110e-001  1.068354e-001  3.138200e-001  4.039036e-001  4.357953e-001  4.371138e-001  4.137288e-001  3.566714e-001  2.440937e-001  7.973452e-002  0.000000e+000  
-7.446425e+000  -7.088198e+000  -6.312226e+000  -5.059314e+000  -3.362175e+000  -1.916001e+000  -9.848713e-001  -4.347316e-001  -1.183287e-001  6.204706e-002  1.630738e-001  2.166017e-001  2.526566e-001  2.442891e-001  1.865182e-001  6.446920e-002  0.000000e+000  
-6.206682e+000  -5.905446e+000  -5.294029e+000  -4.391664e+000  -3.253645e+000  -2.175269e+000  -1.369922e+000  -8.201834e-001  -4.594979e-001  -2.266166e-001  -7.768875e-002  1.603979e-002  1.012682e-001  1.362114e-001  1.295772e-001  4.907588e-002  0.000000e+000  
-5.224117e+000  -4.987643e+000  -4.524416e+000  -3.870207e+000  -3.065249e+000  -2.253731e+000  -1.585080e+000  -1.079801e+000  -7.155119e-001  -4.592723e-001  -2.815599e-001  -1.597910e-001  -3.685163e-002  3.473947e-002  7.423976e-002  3.377174e-002  0.000000e+000  
-4.443349e+000  -4.263343e+000  -3.917694e+000  -3.439798e+000  -2.854912e+000  -2.238620e+000  -1.692313e+000  -1.246012e+000  -8.998374e-001  -6.397704e-001  -4.482312e-001  -3.091126e-001  -1.595491e-001  -5.846076e-002  2.132191e-002  1.875352e-002  0.000000e+000  
-3.148835e+000  -3.057079e+000  -2.881617e+000  -2.638239e+000  -2.335509e+000  -1.998242e+000  -1.670284e+000  -1.371807e+000  -1.112607e+000  -8.947925e-001  -7.159048e-001  -5.713461e-001  -3.981835e-001  -2.536499e-001  -9.950507e-002  -1.739300e-002  0.000000e+000  
-2.359290e+000  -2.311150e+000  -2.218352e+000  -2.087470e+000  -1.921619e+000  -1.729548e+000  -1.530508e+000  -1.335590e+000  -1.152664e+000  -9.864452e-001  -8.390658e-001  -7.107909e-001  -5.456290e-001  -3.883496e-001  -1.949760e-001  -4.852618e-002  0.000000e+000  
-1.570475e+000  -1.551676e+000  -1.514932e+000  -1.461865e+000  -1.393866e+000  -1.313006e+000  -1.223964e+000  -1.130397e+000  -1.035517e+000  -9.419355e-001  -8.516245e-001  -7.659497e-001  -6.456489e-001  -5.095921e-001  -3.101124e-001  -9.307875e-002  0.000000e+000  
-1.160416e+000  -1.151568e+000  -1.134096e+000  -1.108438e+000  -1.075805e+000  -1.037001e+000  -9.925693e-001  -9.437013e-001  -8.915700e-001  -8.372745e-001  -7.817997e-001  -7.259925e-001  -6.428310e-001  -5.367217e-001  -3.617895e-001  -1.195592e-001  0.000000e+000  
-1.050585e+000  -1.043822e+000  -1.030420e+000  -1.010622e+000  -9.856273e-001  -9.560724e-001  -9.217619e-001  -8.834092e-001  -8.417515e-001  -7.975182e-001  -7.514043e-001  -7.040494e-001  -6.320102e-001  -5.362169e-001  -3.720933e-001  -1.264312e-001  0.000000e+000  

0.000000e+000  0.000000e+000  0.000000e+000  0.000000e+000  0.000000e+000  0.000000e+000  0.000000e+000  0.000000e+000  0.000000e+000  0.000000e+000  0.000000e+000  0.000000e+000  0.000000e+000  0.000000e+000  0.000000e+000  0.000000e+000  0.000000e+000  
0.000000e+000  0.000000e+000  0.000000e+000  0.000000e+000  0.000000e+000  0.000000e+000  0.000000e+000  0.000000e+000  0.000000e+000  0.000000e+000  0.000000e+000  0.000000e+000  0.000000e+000  0.000000e+000  0.000000e+000  0.000000e+000  0.000000e+000  
0.000000e+000  0.000000e+000  0.000000e+000  0.000000e+000  0.000000e+000  0.000000e+000  0.000000e+000  0.000000e+000  0.000000e+000  0.000000e+000  0.000000e+000  0.000000e+000  0.000000e+000  0.000000e+000  0.000000e+000  0.000000e+000  0.000000e+000  
0.000000e+000  0.000000e+000  0.000000e+000  0.000000e+000  0.000000e+000  0.000000e+000  0.000000e+000  0.000000e+000  0.000000e+000  0.000000e+000  0.000000e+000  0.000000e+000  0.000000e+000  0.000000e+000  0.000000e+000  0.000000e+000  0.000000e+000  
0.000000e+000  0.000000e+000  0.000000e+000  0.000000e+000  0.000000e+000  0.000000e+000  0.000000e+000  0.000000e+000  0.000000e+000  0.000000e+000  0.000000e+000  0.000000e+000  0.000000e+000  0.000000e+000  0.000000e+000  0.000000e+000  0.000000e+000  
0.000000e+000  0.000000e+000  0.000000e+000  0.000000e+000  0.000000e+000  0.000000e+000  0.000000e+000  0.000000e+000  0.000000e+000  0.000000e+000  0.000000e+000  0.000000e+000  0.000000e+000  0.000000e+000  0.000000e+000  0.000000e+000  0.000000e+000  
0.000000e+000  0.000000e+000  0.000000e+000  0.000000e+000  0.000000e+000  0.000000e+000  0.000000e+000  0.000000e+000  0.000000e+000  0.000000e+000  0.000000e+000  0.000000e+000  0.000000e+000  0.000000e+000  0.000000e+000  0.000000e+000  0.000000e+000  
0.000000e+000  0.000000e+000  0.000000e+000  0.000000e+000  0.000000e+000  0.000000e+000  0.000000e+000  0.000000e+000  0.000000e+000  0.000000e+000  0.000000e+000  0.000000e+000  0.000000e+000  0.000000e+000  0.000000e+000  0.000000e+000  0.000000e+000  
0.000000e+000  0.000000e+000  0.000000e+000  0.000000e+000  0.000000e+000  0.000000e+000  0.000000e+000  0.000000e+000  0.000000e+000  0.000000e+000  0.000000e+000  0.000000e+000  0.000000e+000  0.000000e+000  0.000000e+000  0.000000e+000  0.000000e+000  
0.000000e+000  0.000000e+000  0.000000e+000  0.000000e+000  0.000000e+000  0.000000e+000  0.000000e+000  0.000000e+000  0.000000e+000  0.000000e+000  0.000000e+000  0.000000e+000  0.000000e+000  0.000000e+000  0.000000e+000  0.000000e+000  0.000000e+000  
0.000000e+000  0.000000e+000  0.000000e+000  0.000000e+000  0.000000e+000  0.000000e+000  0.000000e+000  0.000000e+000  0.000000e+000  0.000000e+000  0.000000e+000  0.000000e+000  0.000000e+000  0.000000e+000  0.000000e+000  0.000000e+000  0.000000e+000  
0.000000e+000  0.000000e+000  0.000000e+000  0.000000e+000  0.000000e+000  0.000000e+000  0.000000e+000  0.000000e+000  0.000000e+000  0.000000e+000  0.000000e+000  0.000000e+000  0.000000e+000  0.000000e+000  0.000000e+000  0.000000e+000  0.000000e+000  
0.000000e+000  0.000000e+000  0.000000e+000  0.000000e+000  0.000000e+000  0.000000e+000  0.000000e+000  0.000000e+000  0.000000e+000  0.000000e+000  0.000000e+000  0.000000e+000  0.000000e+000  0.000000e+000  0.000000e+000  0.000000e+000  0.000000e+000  
0.000000e+000  0.000000e+000  0.000000e+000  0.000000e+000  0.000000e+000  0.000000e+000  0.000000e+000  0.000000e+000  0.000000e+000  0.000000e+000  0.000000e+000  0.000000e+000  0.000000e+000  0.000000e+000  0.000000e+000  0.000000e+000  0.000000e+000  
0.000000e+000  0.000000e+000  0.000000e+000  0.000000e+000  0.000000e+000  0.000000e+000  0.000000e+000  0.000000e+000  0.000000e+000  0.000000e+000  0.000000e+000  0.000000e+000  0.000000e+000  0.000000e+000  0.000000e+000  0.000000e+000  0.000000e+000  
0.000000e+000  0.000000e+000  0.000000e+000  0.000000e+000  0.000000e+000  0.000000e+000  0.000000e+000  0.000000e+000  0.000000e+000  0.000000e+000  0.000000e+000  0.000000e+000  0.000000e+000  0.000000e+000  0.000000e+000  0.000000e+000  0.000000e+000  
0.000000e+000  0.000000e+000  0.000000e+000  0.000000e+000  0.000000e+000  0.000000e+000  0.000000e+000  0.000000e+000  0.000000e+000  0.000000e+000  0.000000e+000  0.000000e+000  0.000000e+000  0.000000e+000  0.000000e+000  0.000000e+000  0.000000e+000  
0.000000e+000  0.000000e+000  0.000000e+000  0.000000e+000  0.000000e+000  0.000000e+000  0.000000e+000  0.000000e+000  0.000000e+000  0.000000e+000  0.000000e+000  0.000000e+000  0.000000e+000  0.000000e+000  0.000000e+000  0.000000e+000  0.000000e+000  
0.000000e+000  0.000000e+000  0.000000e+000  0.000000e+000  0.000000e+000  0.000000e+000  0.000000e+000  0.000000e+000  0.000000e+000  0.000000e+000  0.000000e+000  0.000000e+000  0.000000e+000  0.000000e+000  0.000000e+000  0.000000e+000  0.000000e+000  
0.000000e+000  0.000000e+000  0.000000e+000  0.000000e+000  0.000000e+000  0.000000e+000  0.000000e+000  0.000000e+000  0.000000e+000  0.000000e+000  0.000000e+000  0.000000e+000  0.000000e+000  0.000000e+000  0.000000e+000  0.000000e+000  0.000000e+000  
0.000000e+000  0.000000e+000  0.000000e+000  0.000000e+000  0.000000e+000  0.000000e+000  0.000000e+000  0.000000e+000  0.000000e+000  0.000000e+000  0.000000e+000  0.000000e+000  0.000000e+000  0.000000e+000  0.000000e+000  0.000000e+000  0.000000e+000  
0.000000e+000  0.000000e+000  0.000000e+000  0.000000e+000  0.000000e+000  0.000000e+000  0.000000e+000  0.000000e+000  0.000000e+000  0.000000e+000  0.000000e+000  0.000000e+000  0.000000e+000  0.000000e+000  0.000000e+000  0.000000e+000  0.000000e+000  
0.000000e+000  0.000000e+000  0.000000e+000  0.000000e+000  0.000000e+000  0.000000e+000  0.000000e+000  0.000000e+000  0.000000e+000  0.000000e+000  0.000000e+000  0.000000e+000  0.000000e+000  0.000000e+000  0.000000e+000  0.000000e+000  0.000000e+000  
0.000000e+000  0.000000e+000  0.000000e+000  0.000000e+000  0.000000e+000  0.000000e+000  0.000000e+000  0.000000e+000  0.000000e+000  0.000000e+000  0.000000e+000  0.000000e+000  0.000000e+000  0.000000e+000  0.000000e+000  0.000000e+000  0.000000e+000  
0.000000e+000  0.000000e+000  0.000000e+000  0.000000e+000  0.000000e+000  0.000000e+000  0.000000e+000  0.000000e+000  0.000000e+000  0.000000e+000  0.000000e+000  0.000000e+000  0.000000e+000  0.000000e+000  0.000000e+000  0.000000e+000  0.000000e+000  
0.000000e+000  0.000000e+000  0.000000e+000  0.000000e+000  0.000000e+000  0.000000e+000  0.000000e+000  0.000000e+000  0.000000e+000  0.000000e+000  0.000000e+000  0.000000e+000  0.000000e+000  0.000000e+000  0.000000e+000  0.000000e+000  0.000000e+000  
0.000000e+000  0.000000e+000  0.000000e+000  0.000000e+000  0.000000e+000  0.000000e+000  0.000000e+000  0.000000e+000  0.000000e+000  0.000000e+000  0.000000e+000  0.000000e+000  0.000000e+000  0.000000e+000  0.000000e+000  0.000000e+000  0.000000e+000  
0.000000e+000  0.000000e+000  0.000000e+000  0.000000e+000  0.000000e+000  0.000000e+000  0.000000e+000  0.000000e+000  0.000000e+000  0.000000e+000  0.000000e+000  0.000000e+000  0.000000e+000  0.000000e+000  0.000000e+000  0.000000e+000  0.000000e+000  
0.000000e+000  0.000000e+000  0.000000e+000  0.000000e+000  0.000000e+000  0.000000e+000  0.000000e+000  0.000000e+000  0.000000e+000  0.000000e+000  0.000000e+000  0.000000e+000  0.000000e+000  0.000000e+000  0.000000e+000  0.000000e+000  0.000000e+000  
0.000000e+000  0.000000e+000  0.000000e+000  0.000000e+000  0.000000e+000  0.000000e+000  0.000000e+000  0.000000e+000  0.000000e+000  0.000000e+000  0.000000e+000  0.000000e+000  0.000000e+000  0.000000e+000  0.000000e+000  0.000000e+000  0.000000e+000  
0.000000e+000  0.000000e+000  0.000000e+000  0.000000e+000  0.000000e+000  0.000000e+000  0.000000e+000  0.000000e+000  0.000000e+000  0.000000e+000  0.000000e+000  0.000000e+000  0.000000e+000  0.000000e+000  0.000000e+000  0.000000e+000  0.000000e+000  
0.000000e+000  0.000000e+000  0.000000e+000  0.000000e+000  0.000000e+000  0.000000e+000  0.000000e+000  0.000000e+000  0.000000e+000  0.000000e+000  0.000000e+000  0.000000e+000  0.000000e+000  0.000000e+000  0.000000e+000  0.000000e+000  0.000000e+000  
0.000000e+000  0.000000e+000  0.000000e+000  0.000000e+000  0.000000e+000  0.000000e+000  0.000000e+000  0.000000e+000  0.000000e+000  0.000000e+000  0.000000e+000  0.000000e+000  0.000000e+000  0.000000e+000  0.000000e+000  0.000000e+000  0.000000e+000  
0.000000e+000  0.000000e+000  0.000000e+000  0.000000e+000  0.000000e+000  0.000000e+000  0.000000e+000  0.000000e+000  0.000000e+000  0.000000e+000  0.000000e+000  0.000000e+000  0.000000e+000  0.000000e+000  0.000000e+000  0.000000e+000  0.000000e+000  
0.000000e+000  0.000000e+000  0.000000e+000  0.000000e+000  0.000000e+000  0.000000e+000  0.000000e+000  0.000000e+000  0.000000e+000  0.000000e+000  0.000000e+000  0.000000e+000  0.000000e+000  0.000000e+000  0.000000e+000  0.000000e+000  0.000000e+000  

0.000000e+000  0.000000e+000  0.000000e+000  0.000000e+000  0.000000e+000  0.000000e+000  0.000000e+000  0.000000e+000  0.000000e+000  0.000000e+000  0.000000e+000  0.000000e+000  0.000000e+000  0.000000e+000  0.000000e+000  0.000000e+000  0.000000e+000  
0.000000e+000  0.000000e+000  0.000000e+000  0.000000e+000  0.000000e+000  0.000000e+000  0.000000e+000  0.000000e+000  0.000000e+000  0.000000e+000  0.000000e+000  0.000000e+000  0.000000e+000  0.000000e+000  0.000000e+000  0.000000e+000  0.000000e+000  
0.000000e+000  0.000000e+000  0.000000e+000  0.000000e+000  0.000000e+000  0.000000e+000  0.000000e+000  0.000000e+000  0.000000e+000  0.000000e+000  0.000000e+000  0.000000e+000  0.000000e+000  0.000000e+000  0.000000e+000  0.000000e+000  0.000000e+000  
0.000000e+000  0.000000e+000  0.000000e+000  0.000000e+000  0.000000e+000  0.000000e+000  0.000000e+000  0.000000e+000  0.000000e+000  0.000000e+000  0.000000e+000  0.000000e+000  0.000000e+000  0.000000e+000  0.000000e+000  0.000000e+000  0.000000e+000  
0.000000e+000  0.000000e+000  0.000000e+000  0.000000e+000  0.000000e+000  0.000000e+000  0.000000e+000  0.000000e+000  0.000000e+000  0.000000e+000  0.000000e+000  0.000000e+000  0.000000e+000  0.000000e+000  0.000000e+000  0.000000e+000  0.000000e+000  
0.000000e+000  0.000000e+000  0.000000e+000  0.000000e+000  0.000000e+000  0.000000e+000  0.000000e+000  0.000000e+000  0.000000e+000  0.000000e+000  0.000000e+000  0.000000e+000  0.000000e+000  0.000000e+000  0.000000e+000  0.000000e+000  0.000000e+000  
0.000000e+000  0.000000e+000  0.000000e+000  0.000000e+000  0.000000e+000  0.000000e+000  0.000000e+000  0.000000e+000  0.000000e+000  0.000000e+000  0.000000e+000  0.000000e+000  0.000000e+000  0.000000e+000  0.000000e+000  0.000000e+000  0.000000e+000  
0.000000e+000  0.000000e+000  0.000000e+000  0.000000e+000  0.000000e+000  0.000000e+000  0.000000e+000  0.000000e+000  0.000000e+000  0.000000e+000  0.000000e+000  0.000000e+000  0.000000e+000  0.000000e+000  0.000000e+000  0.000000e+000  0.000000e+000  
0.000000e+000  0.000000e+000  0.000000e+000  0.000000e+000  0.000000e+000  0.000000e+000  0.000000e+000  0.000000e+000  0.000000e+000  0.000000e+000  0.000000e+000  0.000000e+000  0.000000e+000  0.000000e+000  0.000000e+000  0.000000e+000  0.000000e+000  
0.000000e+000  0.000000e+000  0.000000e+000  0.000000e+000  0.000000e+000  0.000000e+000  0.000000e+000  0.000000e+000  0.000000e+000  0.000000e+000  0.000000e+000  0.000000e+000  0.000000e+000  0.000000e+000  0.000000e+000  0.000000e+000  0.000000e+000  
0.000000e+000  0.000000e+000  0.000000e+000  0.000000e+000  0.000000e+000  0.000000e+000  0.000000e+000  0.000000e+000  0.000000e+000  0.000000e+000  0.000000e+000  0.000000e+000  0.000000e+000  0.000000e+000  0.000000e+000  0.000000e+000  0.000000e+000  
0.000000e+000  0.000000e+000  0.000000e+000  0.000000e+000  0.000000e+000  0.000000e+000  0.000000e+000  0.000000e+000  0.000000e+000  0.000000e+000  0.000000e+000  0.000000e+000  0.000000e+000  0.000000e+000  0.000000e+000  0.000000e+000  0.000000e+000  
0.000000e+000  0.000000e+000  0.000000e+000  0.000000e+000  0.000000e+000  0.000000e+000  0.000000e+000  0.000000e+000  0.000000e+000  0.000000e+000  0.000000e+000  0.000000e+000  0.000000e+000  0.000000e+000  0.000000e+000  0.000000e+000  0.000000e+000  
0.000000e+000  0.000000e+000  0.000000e+000  0.000000e+000  0.000000e+000  0.000000e+000  0.000000e+000  0.000000e+000  0.000000e+000  0.000000e+000  0.000000e+000  0.000000e+000  0.000000e+000  0.000000e+000  0.000000e+000  0.000000e+000  0.000000e+000  
0.000000e+000  0.000000e+000  0.000000e+000  0.000000e+000  0.000000e+000  0.000000e+000  0.000000e+000  0.000000e+000  0.000000e+000  0.000000e+000  0.000000e+000  0.000000e+000  0.000000e+000  0.000000e+000  0.000000e+000  0.000000e+000  0.000000e+000  
0.000000e+000  0.000000e+000  0.000000e+000  0.000000e+000  0.000000e+000  0.000000e+000  0.000000e+000  0.000000e+000  0.000000e+000  0.000000e+000  0.000000e+000  0.000000e+000  0.000000e+000  0.000000e+000  0.000000e+000  0.000000e+000  0.000000e+000  
0.000000e+000  0.000000e+000  0.000000e+000  0.000000e+000  0.000000e+000  0.000000e+000  0.000000e+000  0.000000e+000  0.000000e+000  0.000000e+000  0.000000e+000  0.000000e+000  0.000000e+000  0.000000e+000  0.000000e+000  0.000000e+000  0.000000e+000  
0.000000e+000  0.000000e+000  0.000000e+000  0.000000e+000  0.000000e+000  0.000000e+000  0.000000e+000  0.000000e+000  0.000000e+000  0.000000e+000  0.000000e+000  0.000000e+000  0.000000e+000  0.000000e+000  0.000000e+000  0.000000e+000  0.000000e+000  
0.000000e+000  0.000000e+000  0.000000e+000  0.000000e+000  0.000000e+000  0.000000e+000  0.000000e+000  0.000000e+000  0.000000e+000  0.000000e+000  0.000000e+000  0.000000e+000  0.000000e+000  0.000000e+000  0.000000e+000  0.000000e+000  0.000000e+000  
0.000000e+000  0.000000e+000  0.000000e+000  0.000000e+000  0.000000e+000  0.000000e+000  0.000000e+000  0.000000e+000  0.000000e+000  0.000000e+000  0.000000e+000  0.000000e+000  0.000000e+000  0.000000e+000  0.000000e+000  0.000000e+000  0.000000e+000  
0.000000e+000  0.000000e+000  0.000000e+000  0.000000e+000  0.000000e+000  0.000000e+000  0.000000e+000  0.000000e+000  0.000000e+000  0.000000e+000  0.000000e+000  0.000000e+000  0.000000e+000  0.000000e+000  0.000000e+000  0.000000e+000  0.000000e+000  
0.000000e+000  0.000000e+000  0.000000e+000  0.000000e+000  0.000000e+000  0.000000e+000  0.000000e+000  0.000000e+000  0.000000e+000  0.000000e+000  0.000000e+000  0.000000e+000  0.000000e+000  0.000000e+000  0.000000e+000  0.000000e+000  0.000000e+000  
0.000000e+000  0.000000e+000  0.000000e+000  0.000000e+000  0.000000e+000  0.000000e+000  0.000000e+000  0.000000e+000  0.000000e+000  0.000000e+000  0.000000e+000  0.000000e+000  0.000000e+000  0.000000e+000  0.000000e+000  0.000000e+000  0.000000e+000  
0.000000e+000  0.000000e+000  0.000000e+000  0.000000e+000  0.000000e+000  0.000000e+000  0.000000e+000  0.000000e+000  0.000000e+000  0.000000e+000  0.000000e+000  0.000000e+000  0.000000e+000  0.000000e+000  0.000000e+000  0.000000e+000  0.000000e+000  
0.000000e+000  0.000000e+000  0.000000e+000  0.000000e+000  0.000000e+000  0.000000e+000  0.000000e+000  0.000000e+000  0.000000e+000  0.000000e+000  0.000000e+000  0.000000e+000  0.000000e+000  0.000000e+000  0.000000e+000  0.000000e+000  0.000000e+000  
0.000000e+000  0.000000e+000  0.000000e+000  0.000000e+000  0.000000e+000  0.000000e+000  0.000000e+000  0.000000e+000  0.000000e+000  0.000000e+000  0.000000e+000  0.000000e+000  0.000000e+000  0.000000e+000  0.000000e+000  0.000000e+000  0.000000e+000  
0.000000e+000  0.000000e+000  0.000000e+000  0.000000e+000  0.000000e+000  0.000000e+000  0.000000e+000  0.000000e+000  0.000000e+000  0.000000e+000  0.000000e+000  0.000000e+000  0.000000e+000  0.000000e+000  0.000000e+000  0.000000e+000  0.000000e+000  
0.000000e+000  0.000000e+000  0.000000e+000  0.000000e+000  0.000000e+000  0.000000e+000  0.000000e+000  0.000000e+000  0.000000e+000  0.000000e+000  0.000000e+000  0.000000e+000  0.000000e+000  0.000000e+000  0.000000e+000  0.000000e+000  0.000000e+000  
0.000000e+000  0.000000e+000  0.000000e+000  0.000000e+000  0.000000e+000  0.000000e+000  0.000000e+000  0.000000e+000  0.000000e+000  0.000000e+000  0.000000e+000  0.000000e+000  0.000000e+000  0.000000e+000  0.000000e+000  0.000000e+000  0.000000e+000  
0.000000e+000  0.000000e+000  0.000000e+000  0.000000e+000  0.000000e+000  0.000000e+000  0.000000e+000  0.000000e+000  0.000000e+000  0.000000e+000  0.000000e+000  0.000000e+000  0.000000e+000  0.000000e+000  0.000000e+000  0.000000e+000  0.000000e+000  
0.000000e+000  0.000000e+000  0.000000e+000  0.000000e+000  0.000000e+000  0.000000e+000  0.000000e+000  0.000000e+000  0.000000e+000  0.000000e+000  0.000000e+000  0.000000e+000  0.000000e+000  0.000000e+000  0.000000e+000  0.000000e+000  0.000000e+000  
0.000000e+000  0.000000e+000  0.000000e+000  0.000000e+000  0.000000e+000  0.000000e+000  0.000000e+000  0.000000e+000  0.000000e+000  0.000000e+000  0.000000e+000  0.000000e+000  0.000000e+000  0.000000e+000  0.000000e+000  0.000000e+000  0.000000e+000  
0.000000e+000  0.000000e+000  0.000000e+000  0.000000e+000  0.000000e+000  0.000000e+000  0.000000e+000  0.000000e+000  0.000000e+000  0.000000e+000  0.000000e+000  0.000000e+000  0.000000e+000  0.000000e+000  0.000000e+000  0.000000e+000  0.000000e+000  
0.000000e+000  0.000000e+000  0.000000e+000  0.000000e+000  0.000000e+000  0.000000e+000  0.000000e+000  0.000000e+000  0.000000e+000  0.000000e+000  0.000000e+000  0.000000e+000  0.000000e+000  0.000000e+000  0.000000e+000  0.000000e+000  0.000000e+000  
0.000000e+000  0.000000e+000  0.000000e+000  0.000000e+000  0.000000e+000  0.000000e+000  0.000000e+000  0.000000e+000  0.000000e+000  0.000000e+000  0.000000e+000  0.000000e+000  0.000000e+000  0.000000e+000  0.000000e+000  0.000000e+000  0.000000e+000  

0.000000e+000  0.000000e+000  0.000000e+000  0.000000e+000  0.000000e+000  0.000000e+000  0.000000e+000  0.000000e+000  0.000000e+000  0.000000e+000  0.000000e+000  0.000000e+000  0.000000e+000  0.000000e+000  0.000000e+000  0.000000e+000  0.000000e+000  
0.000000e+000  0.000000e+000  0.000000e+000  0.000000e+000  0.000000e+000  0.000000e+000  0.000000e+000  0.000000e+000  0.000000e+000  0.000000e+000  0.000000e+000  0.000000e+000  0.000000e+000  0.000000e+000  0.000000e+000  0.000000e+000  0.000000e+000  
0.000000e+000  0.000000e+000  0.000000e+000  0.000000e+000  0.000000e+000  0.000000e+000  0.000000e+000  0.000000e+000  0.000000e+000  0.000000e+000  0.000000e+000  0.000000e+000  0.000000e+000  0.000000e+000  0.000000e+000  0.000000e+000  0.000000e+000  
0.000000e+000  0.000000e+000  0.000000e+000  0.000000e+000  0.000000e+000  0.000000e+000  0.000000e+000  0.000000e+000  0.000000e+000  0.000000e+000  0.000000e+000  0.000000e+000  0.000000e+000  0.000000e+000  0.000000e+000  0.000000e+000  0.000000e+000  
0.000000e+000  0.000000e+000  0.000000e+000  0.000000e+000  0.000000e+000  0.000000e+000  0.000000e+000  0.000000e+000  0.000000e+000  0.000000e+000  0.000000e+000  0.000000e+000  0.000000e+000  0.000000e+000  0.000000e+000  0.000000e+000  0.000000e+000  
0.000000e+000  0.000000e+000  0.000000e+000  0.000000e+000  0.000000e+000  0.000000e+000  0.000000e+000  0.000000e+000  0.000000e+000  0.000000e+000  0.000000e+000  0.000000e+000  0.000000e+000  0.000000e+000  0.000000e+000  0.000000e+000  0.000000e+000  
0.000000e+000  0.000000e+000  0.000000e+000  0.000000e+000  0.000000e+000  0.000000e+000  0.000000e+000  0.000000e+000  0.000000e+000  0.000000e+000  0.000000e+000  0.000000e+000  0.000000e+000  0.000000e+000  0.000000e+000  0.000000e+000  0.000000e+000  
0.000000e+000  0.000000e+000  0.000000e+000  0.000000e+000  0.000000e+000  0.000000e+000  0.000000e+000  0.000000e+000  0.000000e+000  0.000000e+000  0.000000e+000  0.000000e+000  0.000000e+000  0.000000e+000  0.000000e+000  0.000000e+000  0.000000e+000  
0.000000e+000  0.000000e+000  0.000000e+000  0.000000e+000  0.000000e+000  0.000000e+000  0.000000e+000  0.000000e+000  0.000000e+000  0.000000e+000  0.000000e+000  0.000000e+000  0.000000e+000  0.000000e+000  0.000000e+000  0.000000e+000  0.000000e+000  
0.000000e+000  0.000000e+000  0.000000e+000  0.000000e+000  0.000000e+000  0.000000e+000  0.000000e+000  0.000000e+000  0.000000e+000  0.000000e+000  0.000000e+000  0.000000e+000  0.000000e+000  0.000000e+000  0.000000e+000  0.000000e+000  0.000000e+000  
0.000000e+000  0.000000e+000  0.000000e+000  0.000000e+000  0.000000e+000  0.000000e+000  0.000000e+000  0.000000e+000  0.000000e+000  0.000000e+000  0.000000e+000  0.000000e+000  0.000000e+000  0.000000e+000  0.000000e+000  0.000000e+000  0.000000e+000  
0.000000e+000  0.000000e+000  0.000000e+000  0.000000e+000  0.000000e+000  0.000000e+000  0.000000e+000  0.000000e+000  0.000000e+000  0.000000e+000  0.000000e+000  0.000000e+000  0.000000e+000  0.000000e+000  0.000000e+000  0.000000e+000  0.000000e+000  
0.000000e+000  0.000000e+000  0.000000e+000  0.000000e+000  0.000000e+000  0.000000e+000  0.000000e+000  0.000000e+000  0.000000e+000  0.000000e+000  0.000000e+000  0.000000e+000  0.000000e+000  0.000000e+000  0.000000e+000  0.000000e+000  0.000000e+000  
0.000000e+000  0.000000e+000  0.000000e+000  0.000000e+000  0.000000e+000  0.000000e+000  0.000000e+000  0.000000e+000  0.000000e+000  0.000000e+000  0.000000e+000  0.000000e+000  0.000000e+000  0.000000e+000  0.000000e+000  0.000000e+000  0.000000e+000  
0.000000e+000  0.000000e+000  0.000000e+000  0.000000e+000  0.000000e+000  0.000000e+000  0.000000e+000  0.000000e+000  0.000000e+000  0.000000e+000  0.000000e+000  0.000000e+000  0.000000e+000  0.000000e+000  0.000000e+000  0.000000e+000  0.000000e+000  
0.000000e+000  0.000000e+000  0.000000e+000  0.000000e+000  0.000000e+000  0.000000e+000  0.000000e+000  0.000000e+000  0.000000e+000  0.000000e+000  0.000000e+000  0.000000e+000  0.000000e+000  0.000000e+000  0.000000e+000  0.000000e+000  0.000000e+000  
0.000000e+000  0.000000e+000  0.000000e+000  0.000000e+000  0.000000e+000  0.000000e+000  0.000000e+000  0.000000e+000  0.000000e+000  0.000000e+000  0.000000e+000  0.000000e+000  0.000000e+000  0.000000e+000  0.000000e+000  0.000000e+000  0.000000e+000  
0.000000e+000  0.000000e+000  0.000000e+000  0.000000e+000  0.000000e+000  0.000000e+000  0.000000e+000  0.000000e+000  0.000000e+000  0.000000e+000  0.000000e+000  0.000000e+000  0.000000e+000  0.000000e+000  0.000000e+000  0.000000e+000  0.000000e+000  
0.000000e+000  0.000000e+000  0.000000e+000  0.000000e+000  0.000000e+000  0.000000e+000  0.000000e+000  0.000000e+000  0.000000e+000  0.000000e+000  0.000000e+000  0.000000e+000  0.000000e+000  0.000000e+000  0.000000e+000  0.000000e+000  0.000000e+000  
0.000000e+000  0.000000e+000  0.000000e+000  0.000000e+000  0.000000e+000  0.000000e+000  0.000000e+000  0.000000e+000  0.000000e+000  0.000000e+000  0.000000e+000  0.000000e+000  0.000000e+000  0.000000e+000  0.000000e+000  0.000000e+000  0.000000e+000  
0.000000e+000  0.000000e+000  0.000000e+000  0.000000e+000  0.000000e+000  0.000000e+000  0.000000e+000  0.000000e+000  0.000000e+000  0.000000e+000  0.000000e+000  0.000000e+000  0.000000e+000  0.000000e+000  0.000000e+000  0.000000e+000  0.000000e+000  
0.000000e+000  0.000000e+000  0.000000e+000  0.000000e+000  0.000000e+000  0.000000e+000  0.000000e+000  0.000000e+000  0.000000e+000  0.000000e+000  0.000000e+000  0.000000e+000  0.000000e+000  0.000000e+000  0.000000e+000  0.000000e+000  0.000000e+000  
0.000000e+000  0.000000e+000  0.000000e+000  0.000000e+000  0.000000e+000  0.000000e+000  0.000000e+000  0.000000e+000  0.000000e+000  0.000000e+000  0.000000e+000  0.000000e+000  0.000000e+000  0.000000e+000  0.000000e+000  0.000000e+000  0.000000e+000  
0.000000e+000  0.000000e+000  0.000000e+000  0.000000e+000  0.000000e+000  0.000000e+000  0.000000e+000  0.000000e+000  0.000000e+000  0.000000e+000  0.000000e+000  0.000000e+000  0.000000e+000  0.000000e+000  0.000000e+000  0.000000e+000  0.000000e+000  
0.000000e+000  0.000000e+000  0.000000e+000  0.000000e+000  0.000000e+000  0.000000e+000  0.000000e+000  0.000000e+000  0.000000e+000  0.000000e+000  0.000000e+000  0.000000e+000  0.000000e+000  0.000000e+000  0.000000e+000  0.000000e+000  0.000000e+000  
0.000000e+000  0.000000e+000  0.000000e+000  0.000000e+000  0.000000e+000  0.000000e+000  0.000000e+000  0.000000e+000  0.000000e+000  0.000000e+000  0.000000e+000  0.000000e+000  0.000000e+000  0.000000e+000  0.000000e+000  0.000000e+000  0.000000e+000  
0.000000e+000  0.000000e+000  0.000000e+000  0.000000e+000  0.000000e+000  0.000000e+000  0.000000e+000  0.000000e+000  0.000000e+000  0.000000e+000  0.000000e+000  0.000000e+000  0.000000e+000  0.000000e+000  0.000000e+000  0.000000e+000  0.000000e+000  
0.000000e+000  0.000000e+000  0.000000e+000  0.000000e+000  0.000000e+000  0.000000e+000  0.000000e+000  0.000000e+000  0.000000e+000  0.000000e+000  0.000000e+000  0.000000e+000  0.000000e+000  0.000000e+000  0.000000e+000  0.000000e+000  0.000000e+000  
0.000000e+000  0.000000e+000  0.000000e+000  0.000000e+000  0.000000e+000  0.000000e+000  0.000000e+000  0.000000e+000  0.000000e+000  0.000000e+000  0.000000e+000  0.000000e+000  0.000000e+000  0.000000e+000  0.000000e+000  0.000000e+000  0.000000e+000  
0.000000e+000  0.000000e+000  0.000000e+000  0.000000e+000  0.000000e+000  0.000000e+000  0.000000e+000  0.000000e+000  0.000000e+000  0.000000e+000  0.000000e+000  0.000000e+000  0.000000e+000  0.000000e+000  0.000000e+000  0.000000e+000  0.000000e+000  
0.000000e+000  0.000000e+000  0.000000e+000  0.000000e+000  0.000000e+000  0.000000e+000  0.000000e+000  0.000000e+000  0.000000e+000  0.000000e+000  0.000000e+000  0.000000e+000  0.000000e+000  0.000000e+000  0.000000e+000  0.000000e+000  0.000000e+000  
0.000000e+000  0.000000e+000  0.000000e+000  0.000000e+000  0.000000e+000  0.000000e+000  0.000000e+000  0.000000e+000  0.000000e+000  0.000000e+000  0.000000e+000  0.000000e+000  0.000000e+000  0.000000e+000  0.000000e+000  0.000000e+000  0.000000e+000  
0.000000e+000  0.000000e+000  0.000000e+000  0.000000e+000  0.000000e+000  0.000000e+000  0.000000e+000  0.000000e+000  0.000000e+000  0.000000e+000  0.000000e+000  0.000000e+000  0.000000e+000  0.000000e+000  0.000000e+000  0.000000e+000  0.000000e+000  
0.000000e+000  0.000000e+000  0.000000e+000  0.000000e+000  0.000000e+000  0.000000e+000  0.000000e+000  0.000000e+000  0.000000e+000  0.000000e+000  0.000000e+000  0.000000e+000  0.000000e+000  0.000000e+000  0.000000e+000  0.000000e+000  0.000000e+000  
0.000000e+000  0.000000e+000  0.000000e+000  0.000000e+000  0.000000e+000  0.000000e+000  0.000000e+000  0.000000e+000  0.000000e+000  0.000000e+000  0.000000e+000  0.000000e+000  0.000000e+000  0.000000e+000  0.000000e+000  0.000000e+000  0.000000e+000  

8.754221e-002  8.705592e-002  8.608739e-002  8.464491e-002  8.246084e-002  7.959255e-002  7.637917e-002  7.288196e-002  6.916226e-002  6.527923e-002  6.128800e-002  5.723829e-002  5.114110e-002  4.317072e-002  2.970006e-002  1.000610e-002  -0.000000e+000  
2.801312e-001  2.785285e-001  2.753286e-001  2.705444e-001  2.628917e-001  2.525512e-001  2.410840e-001  2.287467e-001  2.157880e-001  2.024384e-001  1.889034e-001  1.753595e-001  1.552486e-001  1.296711e-001  8.752877e-002  2.896109e-002  -0.000000e+000  
5.028096e-001  5.000398e-001  4.944379e-001  4.858944e-001  4.696067e-001  4.458787e-001  4.201718e-001  3.932366e-001  3.657445e-001  3.382615e-001  3.112391e-001  2.850163e-001  2.472380e-001  2.019161e-001  1.311112e-001  4.191862e-002  -0.000000e+000  
6.943822e-001  6.919013e-001  6.865689e-001  6.777020e-001  6.514330e-001  6.081204e-001  5.626845e-001  5.167965e-001  4.717607e-001  4.285007e-001  3.876034e-001  3.493864e-001  2.962572e-001  2.364671e-001  1.480713e-001  4.600184e-002  -0.000000e+000  
8.344192e-001  8.341967e-001  8.328519e-001  8.286770e-001  7.938972e-001  7.289202e-001  6.628406e-001  5.984134e-001  5.374312e-001  4.808708e-001  4.291200e-001  3.821849e-001  3.186770e-001  2.503421e-001  1.530184e-001  4.666793e-002  -0.000000e+000  
9.318073e-001  9.366446e-001  9.446962e-001  9.526650e-001  9.106835e-001  8.194462e-001  7.303920e-001  6.473690e-001  5.720743e-001  5.048421e-001  4.452956e-001  3.927535e-001  3.232932e-001  2.510861e-001  1.509790e-001  4.549302e-002  -0.000000e+000  
9.823534e-001  9.914390e-001  1.007624e+000  1.026558e+000  9.802269e-001  8.698278e-001  7.651499e-001  6.704202e-001  5.867557e-001  5.136914e-001  4.501469e-001  3.949072e-001  3.227826e-001  2.491441e-001  1.484870e-001  4.444849e-002  -0.000000e+000  
1.024828e+000  1.039867e+000  1.067918e+000  1.103750e+000  1.052667e+000  9.171877e-001  7.939580e-001  6.866856e-001  5.948847e-001  5.166438e-001  4.498557e-001  3.926360e-001  3.188009e-001  2.446510e-001  1.445997e-001  4.301650e-002  -0.000000e+000  
1.054106e+000  1.076834e+000  1.121239e+000  1.182568e+000  1.125899e+000  9.571981e-001  8.128192e-001  6.932296e-001  5.944870e-001  5.124078e-001  4.435758e-001  3.853755e-001  3.110483e-001  2.374597e-001  1.392834e-001  4.119606e-002  -0.000000e+000  
1.062008e+000  1.091908e+000  1.153368e+000  1.246084e+000  1.183003e+000  9.777514e-001  8.153390e-001  6.875758e-001  5.852990e-001  5.018614e-001  4.327318e-001  3.747761e-001  3.012497e-001  2.291260e-001  1.336427e-001  3.935520e-002  -0.000000e+000  
1.056687e+000  1.091696e+000  1.166953e+000  1.290954e+000  1.220589e+000  9.817730e-001  8.072844e-001  6.756639e-001  5.725070e-001  4.893067e-001  4.208515e-001  3.637401e-001  2.915654e-001  2.211787e-001  1.284766e-001  3.770936e-002  -0.000000e+000  
1.037732e+000  1.075825e+000  1.161592e+000  1.320175e+000  1.238819e+000  9.668651e-001  7.866791e-001  6.554769e-001  5.539543e-001  4.725233e-001  4.057367e-001  3.501519e-001  2.800602e-001  2.119801e-001  1.226814e-001  3.589904e-002  -0.000000e+000  
1.003956e+000  1.041432e+000  1.127999e+000  1.309305e+000  1.211614e+000  9.247716e-001  7.516757e-001  6.266406e-001  5.295927e-001  4.515346e-001  3.874236e-001  3.340471e-001  2.667647e-001  2.015548e-001  1.162734e-001  3.392962e-002  -0.000000e+000  
9.473539e-001  9.788566e-001  1.045734e+000  1.152206e+000  1.016664e+000  8.359206e-001  6.941559e-001  5.833431e-001  4.946518e-001  4.222786e-001  3.623988e-001  3.123598e-001  2.491765e-001  1.879627e-001  1.080809e-001  3.144572e-002  -0.000000e+000  
8.604393e-001  8.824055e-001  9.237799e-001  9.712921e-001  8.074629e-001  7.136736e-001  6.120392e-001  5.222128e-001  4.461674e-001  3.823212e-001  3.286784e-001  2.834663e-001  2.260993e-001  1.703730e-001  9.769013e-002  2.834171e-002  -0.000000e+000  
7.069243e-001  7.172412e-001  7.341606e-001  7.490573e-001  5.770043e-001  5.374708e-001  4.799765e-001  4.199280e-001  3.640486e-001  3.145398e-001  2.716299e-001  2.347941e-001  1.875280e-001  1.412287e-001  8.072243e-002  2.333159e-002  -0.000000e+000  
3.005967e-001  3.018257e-001  3.036661e-001  3.050696e-001  2.072393e-001  1.996852e-001  1.862346e-001  1.695755e-001  1.518361e-001  1.344153e-001  1.181093e-001  1.032942e-001  8.347362e-002  6.317461e-002  3.605555e-002  1.035301e-002  -0.000000e+000  
-3.005967e-001  -3.018257e-001  -3.036661e-001  -3.050696e-001  -2.072393e-001  -1.996852e-001  -1.862346e-001  -1.695755e-001  -1.518361e-001  -1.344153e-001  -1.181093e-001  -1.032942e-001  -8.347362e-002  -6.317461e-002  -3.605555e-002  -1.035301e-002  -0.000000e+000  
-7.069243e-001  -7.172412e-001  -7.341606e-001  -7.490573e-001  -5.770043e-001  -5.374708e-001  -4.799765e-001  -4.199280e-001  -3.640486e-001  -3.145398e-001  -2.716299e-001  -2.347941e-001  -1.875280e-001  -1.412287e-001  -8.072243e-002  -2.333159e-002  -0.000000e+000  
-8.604393e-001  -8.824055e-001  -9.237799e-001  -9.712921e-001  -8.074629e-001  -7.136736e-001  -6.120392e-001  -5.222128e-001  -4.461674e-001  -3.823212e-001  -3.286784e-001  -2.834663e-001  -2.260993e-001  -1.703730e-001  -9.769013e-002  -2.834171e-002  -0.000000e+000  
-9.473539e-001  -9.788566e-001  -1.045734e+000  -1.152206e+000  -1.016664e+000  -8.359206e-001  -6.941559e-001  -5.833431e-001  -4.946518e-001  -4.222786e-001  -3.623988e-001  -3.123598e-001  -2.491765e-001  -1.879627e-001  -1.080809e-001  -3.144572e-002  -0.000000e+000  
-1.003956e+000  -1.041432e+000  -1.127999e+000  -1.309305e+000  -1.211614e+000  -9.247716e-001  -7.516757e-001  -6.266406e-001  -5.295927e-001  -4.515346e-001  -3.874236e-001  -3.340471e-001  -2.667647e-001  -2.015548e-001  -1.162734e-001  -3.392962e-002  -0.000000e+000  
-1.037732e+000  -1.075825e+000  -1.161592e+000  -1.320175e+000  -1.238819e+000  -9.668651e-001  -7.866791e-001  -6.554769e-001  -5.539543e-001  -4.725233e-001  -4.057367e-001  -3.501519e-001  -2.800602e-001  -2.119801e-001  -1.226814e-001  -3.589904e-002  -0.000000e+000  
-1.056687e+000  -1.091696e+000  -1.166953e+000  -1.290954e+000  -1.220589e+000  -9.817730e-001  -8.072844e-001  -6.756639e-001  -5.725070e-001  -4.893067e-001  -4.208515e-001  -3.637401e-001  -2.915654e-001  -2.211787e-001  -1.284766e-001  -3.770936e-002  -0.000000e+000  
-1.062008e+000  -1.091908e+000  -1.153368e+000  -1.246084e+000  -1.183003e+000  -9.777514e-001  -8.153390e-001  -6.875758e-001  -5.852990e-001  -5.018614e-001  -4.327318e-001  -3.747761e-001  -3.012497e-001  -2.291260e-001  -1.336427e-001  -3.935520e-002  -0.000000e+000  
-1.054106e+000  -1.076834e+000  -1.121239e+000  -1.182568e+000  -1.125899e+000  -9.571981e-001  -8.128192e-001  -6.932296e-001  -5.944870e-001  -5.124078e-001  -4.435758e-001  -3.853755e-001  -3.110483e-001  -2.374597e-001  -1.392834e-001  -4.119606e-002  -0.000000e+000  
-1.024828e+000  -1.039867e+000  -1.067918e+000  -1.103750e+000  -1.052667e+000  -9.171877e-001  -7.939580e-001  -6.866856e-001  -5.948847e-001  -5.166438e-001  -4.498557e-001  -3.926360e-001  -3.188009e-001  -2.446510e-001  -1.445997e-001  -4.301650e-002  -0.000000e+000  
-9.823534e-001  -9.914390e-001  -1.007624e+000  -1.026558e+000  -9.802269e-001  -8.698278e-001  -7.651499e-001  -6.704202e-001  -5.867557e-001  -5.136914e-001  -4.501469e-001  -3.949072e-001  -3.227826e-001  -2.491441e-001  -1.484870e-001  -4.444849e-002  -0.000000e+000  
-9.318073e-001  -9.366446e-001  -9.446962e-001  -9.526650e-001  -9.106835e-001  -8.194462e-001  -7.303920e-001  -6.473690e-001  -5.720743e-001  -5.048421e-001  -4.452956e-001  -3.927535e-001  -3.232932e-001  -2.510861e-001  -1.509790e-001  -4.549302e-002  -0.000000e+000  
-8.344192e-001  -8.341967e-001  -8.328519e-001  -8.286770e-001  -7.938972e-001  -7.289202e-001  -6.628406e-001  -5.984134e-001  -5.374312e-001  -4.808708e-001  -4.291200e-001  -3.821849e-001  -3.186770e-001  -2.503421e-001  -1.530184e-001  -4.666793e-002  -0.000000e+000  
-6.943822e-001  -6.919013e-001  -6.865689e-001  -6.777020e-001  -6.514330e-001  -6.081204e-001  -5.626845e-001  -5.167965e-001  -4.717607e-001  -4.285007e-001  -3.876034e-001  -3.493864e-001  -2.962572e-001  -2.364671e-001  -1.480713e-001  -4.600184e-002  -0.000000e+000  
-5.028096e-001  -5.000398e-001  -4.944379e-001  -4.858944e-001  -4.696067e-001  -4.458787e-001  -4.201718e-001  -3.932366e-001  -3.657445e-001  -3.382615e-001  -3.112391e-001  -2.850163e-001  -2.472380e-001  -2.019161e-001  -1.311112e-001  -4.191862e-002  -0.000000e+000  
-2.801312e-001  -2.785285e-001  -2.753286e-001  -2.705444e-001  -2.628917e-001  -2.525512e-001  -2.410840e-001  -2.287467e-001  -2.157880e-001  -2.024384e-001  -1.889034e-001  -1.753595e-001  -1.552486e-001  -1.296711e-001  -8.752877e-002  -2.896109e-002  -0.000000e+000  
-8.754221e-002  -8.705592e-002  -8.608739e-002  -8.464491e-002  -8.246084e-002  -7.959255e-002  -7.637917e-002  -7.288196e-002  -6.916226e-002  -6.527923e-002  -6.128800e-002  -5.723829e-002  -5.114110e-002  -4.317072e-002  -2.970006e-002  -1.000610e-002  -0.000000e+000  
-0.000000e+000  -0.000000e+000  -0.000000e+000  -0.000000e+000  -0.000000e+000  -0.000000e+000  -0.000000e+000  -0.000000e+000  -0.000000e+000  -0.000000e+000  -0.000000e+000  -0.000000e+000  -0.000000e+000  -0.000000e+000  -0.000000e+000  -0.000000e+000  -0.000000e+000  

