Port monitor named: Port1_e1.prt

nx        = 37
ny        = 4
nz        = 19

nu        = 17
nv        = 35
iu        = 2
iv        = 2

idir      = 1
dcut      = -4.750000e-002
icut      = 2
type      = 0
frequency = 2.400000e+009

fcutoff   = 0.000000e+000
alpha     = 0.000000e+000
beta      = 9.599122e+001
accuracy  = 1.252796e-009

type          = QTEM
wave imp.     = 2.480005e+002
wave imp.sig. = 2.252926e-008
line imp.     = 3.206294e+001

ref. port     = 0

-4.488507e+001  -4.448441e+001  -4.369751e+001  -4.255198e+001  -1.833715e+002  -1.803929e+002  -1.761935e+002  -1.708958e+002  -1.646390e+002  -1.575709e+002  -1.498400e+002  -1.415894e+002  -1.286336e+002  -1.105314e+002  -7.833795e+001  -2.716253e+001  0.000000e+000  
-5.148437e+001  -5.083958e+001  -4.958585e+001  -4.779100e+001  -2.042950e+002  -1.999672e+002  -1.940593e+002  -1.868109e+002  -1.784748e+002  -1.693006e+002  -1.595221e+002  -1.493482e+002  -1.337643e+002  -1.130174e+002  -7.769237e+001  -2.616505e+001  0.000000e+000  
-8.029733e+001  -7.815161e+001  -7.405314e+001  -6.836341e+001  -2.823028e+002  -2.707863e+002  -2.563540e+002  -2.399168e+002  -2.223105e+002  -2.042448e+002  -1.862815e+002  -1.688354e+002  -1.438663e+002  -1.148016e+002  -7.119355e+001  -2.179858e+001  0.000000e+000  
-1.568201e+002  -1.486185e+002  -1.331507e+002  -1.121732e+002  -4.272408e+002  -3.919405e+002  -3.523870e+002  -3.117237e+002  -2.722861e+002  -2.355885e+002  -2.024516e+002  -1.731797e+002  -1.350047e+002  -9.786412e+001  -5.116369e+001  -1.345730e+001  0.000000e+000  
-2.631344e+002  -2.441128e+002  -2.083315e+002  -1.602032e+002  -5.551500e+002  -4.835920e+002  -4.106736e+002  -3.423476e+002  -2.818044e+002  -2.301394e+002  -1.871567e+002  -1.520067e+002  -1.093937e+002  -7.289577e+001  -3.250912e+001  -7.249626e+000  0.000000e+000  
-4.748092e+002  -4.324170e+002  -3.518364e+002  -2.426052e+002  -7.296832e+002  -5.840548e+002  -4.515246e+002  -3.412935e+002  -2.545306e+002  -1.884368e+002  -1.390320e+002  -1.025238e+002  -6.241936e+001  -3.360308e+001  -7.771582e+000  1.745426e-001  0.000000e+000  
-6.223312e+002  -5.643724e+002  -4.516989e+002  -2.949460e+002  -8.077442e+002  -6.089574e+002  -4.418612e+002  -3.135913e+002  -2.197023e+002  -1.525522e+002  -1.050424e+002  -7.164858e+001  -3.674533e+001  -1.400742e+001  3.350207e+000  3.312394e+000  0.000000e+000  
-8.194889e+002  -7.431915e+002  -5.893168e+002  -3.650225e+002  -8.850398e+002  -6.132052e+002  -4.066093e+002  -2.631581e+002  -1.671731e+002  -1.036576e+002  -6.169797e+001  -3.405989e+001  -7.121180e+000  7.735791e+000  1.512628e+001  6.537427e+000  0.000000e+000  
-1.081988e+003  -9.884720e+002  -7.872866e+002  -4.665847e+002  -9.471683e+002  -5.743372e+002  -3.294515e+002  -1.811844e+002  -9.305638e+001  -4.042491e+001  -8.820611e+000  9.978517e+000  2.602222e+001  3.127260e+001  2.737808e+001  9.806451e+000  0.000000e+000  
-1.424552e+003  -1.326006e+003  -1.087744e+003  -6.363188e+002  -9.562783e+002  -4.503262e+002  -1.879004e+002  -5.910787e+001  4.743642e+000  3.685086e+001  5.262340e+001  5.945252e+001  6.189204e+001  5.608678e+001  3.988742e+001  1.307095e+001  0.000000e+000  
-1.701251e+003  -1.619142e+003  -1.391384e+003  -8.535567e+002  -8.693924e+002  -2.762258e+002  -4.308411e+001  4.698981e+001  8.217039e+001  9.476859e+001  9.717204e+001  9.458277e+001  8.680719e+001  7.305838e+001  4.827319e+001  1.522636e+001  0.000000e+000  
-2.009421e+003  -1.968272e+003  -1.814477e+003  -1.265927e+003  -6.056870e+002  5.998680e+000  1.447267e+002  1.696105e+002  1.664207e+002  1.557909e+002  1.432623e+002  1.305325e+002  1.120127e+002  9.008232e+001  5.658136e+001  1.733970e+001  0.000000e+000  
-2.333224e+003  -2.360623e+003  -2.389643e+003  -2.159073e+003  8.523708e+001  4.304179e+002  3.668247e+002  3.007422e+002  2.529774e+002  2.174492e+002  1.894729e+002  1.664216e+002  1.370574e+002  1.069218e+002  6.472860e+001  1.939425e+001  0.000000e+000  
-2.646176e+003  -2.752063e+003  -3.064667e+003  -4.065411e+003  2.399919e+003  9.779125e+002  5.898244e+002  4.264925e+002  3.359609e+002  2.769278e+002  2.342820e+002  2.013355e+002  1.614817e+002  1.233373e+002  7.263095e+001  2.137331e+001  0.000000e+000  
-3.001253e+003  -3.151317e+003  -3.552616e+003  -4.533281e+003  2.203169e+003  1.224831e+003  7.832028e+002  5.610594e+002  4.326062e+002  3.491435e+002  2.899524e+002  2.452814e+002  1.925745e+002  1.443216e+002  8.271470e+001  2.388312e+001  0.000000e+000  
-3.251551e+003  -3.375558e+003  -3.637782e+003  -3.996689e+003  1.587254e+003  1.182446e+003  8.584843e+002  6.453852e+002  5.052481e+002  4.084967e+002  3.379891e+002  2.842568e+002  2.208347e+002  1.636087e+002  9.201856e+001  2.618924e+001  0.000000e+000  
-3.491892e+003  -3.534125e+003  -3.604481e+003  -3.668026e+003  1.070595e+003  9.691885e+002  8.311376e+002  6.971302e+002  5.812892e+002  4.855502e+002  4.076107e+002  3.442722e+002  2.667662e+002  1.957889e+002  1.077661e+002  3.008336e+001  0.000000e+000  
-3.569762e+003  -3.577814e+003  -3.589892e+003  -3.599129e+003  8.275486e+002  7.947215e+002  7.366388e+002  6.653021e+002  5.900810e+002  5.170082e+002  4.494067e+002  3.887446e+002  3.086405e+002  2.288575e+002  1.255333e+002  3.455978e+001  0.000000e+000  
-3.491892e+003  -3.534125e+003  -3.604481e+003  -3.668026e+003  1.070595e+003  9.691885e+002  8.311376e+002  6.971302e+002  5.812892e+002  4.855502e+002  4.076107e+002  3.442722e+002  2.667662e+002  1.957889e+002  1.077661e+002  3.008336e+001  0.000000e+000  
-3.251551e+003  -3.375558e+003  -3.637782e+003  -3.996689e+003  1.587254e+003  1.182446e+003  8.584843e+002  6.453852e+002  5.052481e+002  4.084967e+002  3.379891e+002  2.842568e+002  2.208347e+002  1.636087e+002  9.201856e+001  2.618924e+001  0.000000e+000  
-3.001253e+003  -3.151317e+003  -3.552616e+003  -4.533281e+003  2.203169e+003  1.224831e+003  7.832028e+002  5.610594e+002  4.326062e+002  3.491435e+002  2.899524e+002  2.452814e+002  1.925745e+002  1.443216e+002  8.271470e+001  2.388312e+001  0.000000e+000  
-2.646176e+003  -2.752063e+003  -3.064667e+003  -4.065411e+003  2.399919e+003  9.779125e+002  5.898244e+002  4.264925e+002  3.359609e+002  2.769278e+002  2.342820e+002  2.013355e+002  1.614817e+002  1.233373e+002  7.263095e+001  2.137331e+001  0.000000e+000  
-2.333224e+003  -2.360623e+003  -2.389643e+003  -2.159073e+003  8.523708e+001  4.304179e+002  3.668247e+002  3.007422e+002  2.529774e+002  2.174492e+002  1.894729e+002  1.664216e+002  1.370574e+002  1.069218e+002  6.472860e+001  1.939425e+001  0.000000e+000  
-2.009421e+003  -1.968272e+003  -1.814477e+003  -1.265927e+003  -6.056870e+002  5.998680e+000  1.447267e+002  1.696105e+002  1.664207e+002  1.557909e+002  1.432623e+002  1.305325e+002  1.120127e+002  9.008232e+001  5.658136e+001  1.733970e+001  0.000000e+000  
-1.701251e+003  -1.619142e+003  -1.391384e+003  -8.535567e+002  -8.693924e+002  -2.762258e+002  -4.308411e+001  4.698981e+001  8.217039e+001  9.476859e+001  9.717204e+001  9.458277e+001  8.680719e+001  7.305838e+001  4.827319e+001  1.522636e+001  0.000000e+000  
-1.424552e+003  -1.326006e+003  -1.087744e+003  -6.363188e+002  -9.562783e+002  -4.503262e+002  -1.879004e+002  -5.910787e+001  4.743642e+000  3.685086e+001  5.262340e+001  5.945252e+001  6.189204e+001  5.608678e+001  3.988742e+001  1.307095e+001  0.000000e+000  
-1.081988e+003  -9.884720e+002  -7.872866e+002  -4.665847e+002  -9.471683e+002  -5.743372e+002  -3.294515e+002  -1.811844e+002  -9.305638e+001  -4.042491e+001  -8.820611e+000  9.978517e+000  2.602222e+001  3.127260e+001  2.737808e+001  9.806451e+000  0.000000e+000  
-8.194889e+002  -7.431915e+002  -5.893168e+002  -3.650225e+002  -8.850398e+002  -6.132052e+002  -4.066093e+002  -2.631581e+002  -1.671731e+002  -1.036576e+002  -6.169797e+001  -3.405989e+001  -7.121180e+000  7.735791e+000  1.512628e+001  6.537427e+000  0.000000e+000  
-6.223312e+002  -5.643724e+002  -4.516989e+002  -2.949460e+002  -8.077442e+002  -6.089574e+002  -4.418612e+002  -3.135913e+002  -2.197023e+002  -1.525522e+002  -1.050424e+002  -7.164858e+001  -3.674533e+001  -1.400742e+001  3.350207e+000  3.312394e+000  0.000000e+000  
-4.748092e+002  -4.324170e+002  -3.518364e+002  -2.426052e+002  -7.296832e+002  -5.840548e+002  -4.515246e+002  -3.412935e+002  -2.545306e+002  -1.884368e+002  -1.390320e+002  -1.025238e+002  -6.241936e+001  -3.360308e+001  -7.771582e+000  1.745426e-001  0.000000e+000  
-2.631344e+002  -2.441128e+002  -2.083315e+002  -1.602032e+002  -5.551500e+002  -4.835920e+002  -4.106736e+002  -3.423476e+002  -2.818044e+002  -2.301394e+002  -1.871567e+002  -1.520067e+002  -1.093937e+002  -7.289577e+001  -3.250912e+001  -7.249626e+000  0.000000e+000  
-1.568201e+002  -1.486185e+002  -1.331507e+002  -1.121732e+002  -4.272408e+002  -3.919405e+002  -3.523870e+002  -3.117237e+002  -2.722861e+002  -2.355885e+002  -2.024516e+002  -1.731797e+002  -1.350047e+002  -9.786412e+001  -5.116369e+001  -1.345730e+001  0.000000e+000  
-8.029733e+001  -7.815161e+001  -7.405314e+001  -6.836341e+001  -2.823028e+002  -2.707863e+002  -2.563540e+002  -2.399168e+002  -2.223105e+002  -2.042448e+002  -1.862815e+002  -1.688354e+002  -1.438663e+002  -1.148016e+002  -7.119355e+001  -2.179858e+001  0.000000e+000  
-5.148437e+001  -5.083958e+001  -4.958585e+001  -4.779100e+001  -2.042950e+002  -1.999672e+002  -1.940593e+002  -1.868109e+002  -1.784748e+002  -1.693006e+002  -1.595221e+002  -1.493482e+002  -1.337643e+002  -1.130174e+002  -7.769237e+001  -2.616505e+001  0.000000e+000  
-4.488507e+001  -4.448441e+001  -4.369751e+001  -4.255198e+001  -1.833715e+002  -1.803929e+002  -1.761935e+002  -1.708958e+002  -1.646390e+002  -1.575709e+002  -1.498400e+002  -1.415894e+002  -1.286336e+002  -1.105314e+002  -7.833795e+001  -2.716253e+001  0.000000e+000  

0.000000e+000  -4.617790e-001  -8.854845e-001  -1.236677e+000  -1.487739e+000  -4.831879e+000  -7.939227e+000  -1.074311e+001  -1.319901e+001  -1.528390e+001  -1.699403e+001  -1.834164e+001  -1.935138e+001  -2.045712e+001  -2.067508e+001  -1.874264e+001  -1.671700e+001  
0.000000e+000  -2.701532e+000  -5.163257e+000  -7.171712e+000  -8.562645e+000  -2.112934e+001  -3.241799e+001  -4.218426e+001  -5.030929e+001  -5.678299e+001  -6.168074e+001  -6.513859e+001  -6.733020e+001  -6.849054e+001  -6.692859e+001  -5.684350e+001  -4.902026e+001  
0.000000e+000  -1.233531e+001  -2.341205e+001  -3.212901e+001  -3.768062e+001  -6.831752e+001  -9.346624e+001  -1.128237e+002  -1.266148e+002  -1.354176e+002  -1.399979e+002  -1.411794e+002  -1.397568e+002  -1.312420e+002  -1.196441e+002  -8.964097e+001  -7.256638e+001  
0.000000e+000  -3.977880e+001  -7.498906e+001  -1.016275e+002  -1.168222e+002  -1.726256e+002  -2.113895e+002  -2.345216e+002  -2.447644e+002  -2.452598e+002  -2.389405e+002  -2.282459e+002  -2.150583e+002  -1.853383e+002  -1.572687e+002  -1.054429e+002  -8.098507e+001  
0.000000e+000  -8.338130e+001  -1.568557e+002  -2.113464e+002  -2.399626e+002  -3.169275e+002  -3.588796e+002  -3.727724e+002  -3.670959e+002  -3.493535e+002  -3.251700e+002  -2.983492e+002  -2.712817e+002  -2.206535e+002  -1.785849e+002  -1.117548e+002  -8.302614e+001  
0.000000e+000  -1.520362e+002  -2.872426e+002  -3.877666e+002  -4.369645e+002  -5.244885e+002  -5.478400e+002  -5.297204e+002  -4.902745e+002  -4.427708e+002  -3.945572e+002  -3.491739e+002  -3.080502e+002  -2.397153e+002  -1.874838e+002  -1.120862e+002  -8.148489e+001  
0.000000e+000  -2.051967e+002  -3.905407e+002  -5.313144e+002  -5.990814e+002  -6.850691e+002  -6.827447e+002  -6.330552e+002  -5.656322e+002  -4.963707e+002  -4.321822e+002  -3.753250e+002  -3.259788e+002  -2.479983e+002  -1.905517e+002  -1.112160e+002  -7.990883e+001  
0.000000e+000  -2.753610e+002  -5.320326e+002  -7.374527e+002  -8.385972e+002  -9.054246e+002  -8.500025e+002  -7.488541e+002  -6.427475e+002  -5.470354e+002  -4.652998e+002  -3.967958e+002  -3.395875e+002  -2.530746e+002  -1.913221e+002  -1.092136e+002  -7.760689e+001  
0.000000e+000  -3.615107e+002  -7.174211e+002  -1.032995e+003  -1.207081e+003  -1.208486e+003  -1.048671e+003  -8.686700e+002  -7.135002e+002  -5.888500e+002  -4.899901e+002  -4.110716e+002  -3.472837e+002  -2.542413e+002  -1.894910e+002  -1.060221e+002  -7.456926e+001  
0.000000e+000  -4.373851e+002  -9.010061e+002  -1.381070e+003  -1.721319e+003  -1.552636e+003  -1.226667e+003  -9.555092e+002  -7.560693e+002  -6.098027e+002  -4.998372e+002  -4.148513e+002  -3.475433e+002  -2.514580e+002  -1.855937e+002  -1.023353e+002  -7.141939e+001  
0.000000e+000  -4.880948e+002  -1.041868e+003  -1.714147e+003  -2.368217e+003  -1.876729e+003  -1.353530e+003  -1.004029e+003  -7.745576e+002  -6.159568e+002  -5.004376e+002  -4.127428e+002  -3.440355e+002  -2.470583e+002  -1.811403e+002  -9.882432e+001  -6.856688e+001  
0.000000e+000  -5.134076e+002  -1.136886e+003  -2.054043e+003  -3.481939e+003  -2.211140e+003  -1.428737e+003  -1.016882e+003  -7.720627e+002  -6.094158e+002  -4.928819e+002  -4.050982e+002  -3.366190e+002  -2.404273e+002  -1.753410e+002  -9.476401e+001  -6.539579e+001  
0.000000e+000  -4.961944e+002  -1.118470e+003  -2.196655e+003  -5.633542e+003  -2.399640e+003  -1.393139e+003  -9.799410e+002  -7.451855e+002  -5.892659e+002  -4.768885e+002  -3.918191e+002  -3.252576e+002  -2.315588e+002  -1.681994e+002  -9.016344e+001  -6.191499e+001  
0.000000e+000  -4.190384e+002  -8.908701e+002  -1.468669e+003  0.000000e+000  -1.486355e+003  -1.143351e+003  -8.743806e+002  -6.863444e+002  -5.506438e+002  -4.487900e+002  -3.699532e+002  -3.074928e+002  -2.186216e+002  -1.583010e+002  -8.416341e+001  -5.749131e+001  
0.000000e+000  -2.939166e+002  -5.563845e+002  -6.515782e+002  0.000000e+000  -7.665206e+002  -8.179935e+002  -7.103309e+002  -5.911451e+002  -4.885052e+002  -4.044882e+002  -3.363239e+002  -2.808726e+002  -2.001040e+002  -1.447034e+002  -7.638855e+001  -5.191571e+001  
0.000000e+000  -1.388708e+002  -2.285787e+002  -2.029908e+002  0.000000e+000  -3.195970e+002  -4.599563e+002  -4.744036e+002  -4.355917e+002  -3.807426e+002  -3.256329e+002  -2.759471e+002  -2.331113e+002  -1.674091e+002  -1.212071e+002  -6.347827e+001  -4.285312e+001  
0.000000e+000  -1.660109e+001  -2.489945e+001  -1.904348e+001  0.000000e+000  -5.999575e+001  -1.062232e+002  -1.305874e+002  -1.378703e+002  -1.341420e+002  -1.243343e+002  -1.118262e+002  -9.871033e+001  -7.424937e+001  -5.497976e+001  -2.868442e+001  -1.913099e+001  
0.000000e+000  1.660109e+001  2.489945e+001  1.904348e+001  0.000000e+000  5.999575e+001  1.062232e+002  1.305874e+002  1.378703e+002  1.341420e+002  1.243343e+002  1.118262e+002  9.871033e+001  7.424937e+001  5.497976e+001  2.868442e+001  1.913099e+001  
0.000000e+000  1.388708e+002  2.285787e+002  2.029908e+002  0.000000e+000  3.195970e+002  4.599563e+002  4.744036e+002  4.355917e+002  3.807426e+002  3.256329e+002  2.759471e+002  2.331113e+002  1.674091e+002  1.212071e+002  6.347827e+001  4.285312e+001  
0.000000e+000  2.939166e+002  5.563845e+002  6.515782e+002  0.000000e+000  7.665206e+002  8.179935e+002  7.103309e+002  5.911451e+002  4.885052e+002  4.044882e+002  3.363239e+002  2.808726e+002  2.001040e+002  1.447034e+002  7.638855e+001  5.191571e+001  
0.000000e+000  4.190384e+002  8.908701e+002  1.468669e+003  0.000000e+000  1.486355e+003  1.143351e+003  8.743806e+002  6.863444e+002  5.506438e+002  4.487900e+002  3.699532e+002  3.074928e+002  2.186216e+002  1.583010e+002  8.416341e+001  5.749131e+001  
0.000000e+000  4.961944e+002  1.118470e+003  2.196655e+003  5.633542e+003  2.399640e+003  1.393139e+003  9.799410e+002  7.451855e+002  5.892659e+002  4.768885e+002  3.918191e+002  3.252576e+002  2.315588e+002  1.681994e+002  9.016344e+001  6.191499e+001  
0.000000e+000  5.134076e+002  1.136886e+003  2.054043e+003  3.481939e+003  2.211140e+003  1.428737e+003  1.016882e+003  7.720627e+002  6.094158e+002  4.928819e+002  4.050982e+002  3.366190e+002  2.404273e+002  1.753410e+002  9.476401e+001  6.539579e+001  
0.000000e+000  4.880948e+002  1.041868e+003  1.714147e+003  2.368217e+003  1.876729e+003  1.353530e+003  1.004029e+003  7.745576e+002  6.159568e+002  5.004376e+002  4.127428e+002  3.440355e+002  2.470583e+002  1.811403e+002  9.882432e+001  6.856688e+001  
0.000000e+000  4.373851e+002  9.010061e+002  1.381070e+003  1.721319e+003  1.552636e+003  1.226667e+003  9.555092e+002  7.560693e+002  6.098027e+002  4.998372e+002  4.148513e+002  3.475433e+002  2.514580e+002  1.855937e+002  1.023353e+002  7.141939e+001  
0.000000e+000  3.615107e+002  7.174211e+002  1.032995e+003  1.207081e+003  1.208486e+003  1.048671e+003  8.686700e+002  7.135002e+002  5.888500e+002  4.899901e+002  4.110716e+002  3.472837e+002  2.542413e+002  1.894910e+002  1.060221e+002  7.456926e+001  
0.000000e+000  2.753610e+002  5.320326e+002  7.374527e+002  8.385972e+002  9.054246e+002  8.500025e+002  7.488541e+002  6.427475e+002  5.470354e+002  4.652998e+002  3.967958e+002  3.395875e+002  2.530746e+002  1.913221e+002  1.092136e+002  7.760689e+001  
0.000000e+000  2.051967e+002  3.905407e+002  5.313144e+002  5.990814e+002  6.850691e+002  6.827447e+002  6.330552e+002  5.656322e+002  4.963707e+002  4.321822e+002  3.753250e+002  3.259788e+002  2.479983e+002  1.905517e+002  1.112160e+002  7.990883e+001  
0.000000e+000  1.520362e+002  2.872426e+002  3.877666e+002  4.369645e+002  5.244885e+002  5.478400e+002  5.297204e+002  4.902745e+002  4.427708e+002  3.945572e+002  3.491739e+002  3.080502e+002  2.397153e+002  1.874838e+002  1.120862e+002  8.148489e+001  
0.000000e+000  8.338130e+001  1.568557e+002  2.113464e+002  2.399626e+002  3.169275e+002  3.588796e+002  3.727724e+002  3.670959e+002  3.493535e+002  3.251700e+002  2.983492e+002  2.712817e+002  2.206535e+002  1.785849e+002  1.117548e+002  8.302614e+001  
0.000000e+000  3.977880e+001  7.498906e+001  1.016275e+002  1.168222e+002  1.726256e+002  2.113895e+002  2.345216e+002  2.447644e+002  2.452598e+002  2.389405e+002  2.282459e+002  2.150583e+002  1.853383e+002  1.572687e+002  1.054429e+002  8.098507e+001  
0.000000e+000  1.233531e+001  2.341205e+001  3.212901e+001  3.768062e+001  6.831752e+001  9.346624e+001  1.128237e+002  1.266148e+002  1.354176e+002  1.399979e+002  1.411794e+002  1.397568e+002  1.312420e+002  1.196441e+002  8.964097e+001  7.256638e+001  
0.000000e+000  2.701532e+000  5.163257e+000  7.171712e+000  8.562645e+000  2.112934e+001  3.241799e+001  4.218426e+001  5.030929e+001  5.678299e+001  6.168074e+001  6.513859e+001  6.733020e+001  6.849054e+001  6.692859e+001  5.684350e+001  4.902026e+001  
0.000000e+000  4.617790e-001  8.854845e-001  1.236677e+000  1.487739e+000  4.831879e+000  7.939227e+000  1.074311e+001  1.319901e+001  1.528390e+001  1.699403e+001  1.834164e+001  1.935138e+001  2.045712e+001  2.067508e+001  1.874264e+001  1.671700e+001  
0.000000e+000  0.000000e+000  0.000000e+000  0.000000e+000  0.000000e+000  0.000000e+000  0.000000e+000  0.000000e+000  0.000000e+000  0.000000e+000  0.000000e+000  0.000000e+000  0.000000e+000  0.000000e+000  0.000000e+000  0.000000e+000  0.000000e+000  

0.000000e+000  0.000000e+000  0.000000e+000  0.000000e+000  0.000000e+000  0.000000e+000  0.000000e+000  0.000000e+000  0.000000e+000  0.000000e+000  0.000000e+000  0.000000e+000  0.000000e+000  0.000000e+000  0.000000e+000  0.000000e+000  0.000000e+000  
0.000000e+000  0.000000e+000  0.000000e+000  0.000000e+000  0.000000e+000  0.000000e+000  0.000000e+000  0.000000e+000  0.000000e+000  0.000000e+000  0.000000e+000  0.000000e+000  0.000000e+000  0.000000e+000  0.000000e+000  0.000000e+000  0.000000e+000  
0.000000e+000  0.000000e+000  0.000000e+000  0.000000e+000  0.000000e+000  0.000000e+000  0.000000e+000  0.000000e+000  0.000000e+000  0.000000e+000  0.000000e+000  0.000000e+000  0.000000e+000  0.000000e+000  0.000000e+000  0.000000e+000  0.000000e+000  
0.000000e+000  0.000000e+000  0.000000e+000  0.000000e+000  0.000000e+000  0.000000e+000  0.000000e+000  0.000000e+000  0.000000e+000  0.000000e+000  0.000000e+000  0.000000e+000  0.000000e+000  0.000000e+000  0.000000e+000  0.000000e+000  0.000000e+000  
0.000000e+000  0.000000e+000  0.000000e+000  0.000000e+000  0.000000e+000  0.000000e+000  0.000000e+000  0.000000e+000  0.000000e+000  0.000000e+000  0.000000e+000  0.000000e+000  0.000000e+000  0.000000e+000  0.000000e+000  0.000000e+000  0.000000e+000  
0.000000e+000  0.000000e+000  0.000000e+000  0.000000e+000  0.000000e+000  0.000000e+000  0.000000e+000  0.000000e+000  0.000000e+000  0.000000e+000  0.000000e+000  0.000000e+000  0.000000e+000  0.000000e+000  0.000000e+000  0.000000e+000  0.000000e+000  
0.000000e+000  0.000000e+000  0.000000e+000  0.000000e+000  0.000000e+000  0.000000e+000  0.000000e+000  0.000000e+000  0.000000e+000  0.000000e+000  0.000000e+000  0.000000e+000  0.000000e+000  0.000000e+000  0.000000e+000  0.000000e+000  0.000000e+000  
0.000000e+000  0.000000e+000  0.000000e+000  0.000000e+000  0.000000e+000  0.000000e+000  0.000000e+000  0.000000e+000  0.000000e+000  0.000000e+000  0.000000e+000  0.000000e+000  0.000000e+000  0.000000e+000  0.000000e+000  0.000000e+000  0.000000e+000  
0.000000e+000  0.000000e+000  0.000000e+000  0.000000e+000  0.000000e+000  0.000000e+000  0.000000e+000  0.000000e+000  0.000000e+000  0.000000e+000  0.000000e+000  0.000000e+000  0.000000e+000  0.000000e+000  0.000000e+000  0.000000e+000  0.000000e+000  
0.000000e+000  0.000000e+000  0.000000e+000  0.000000e+000  0.000000e+000  0.000000e+000  0.000000e+000  0.000000e+000  0.000000e+000  0.000000e+000  0.000000e+000  0.000000e+000  0.000000e+000  0.000000e+000  0.000000e+000  0.000000e+000  0.000000e+000  
0.000000e+000  0.000000e+000  0.000000e+000  0.000000e+000  0.000000e+000  0.000000e+000  0.000000e+000  0.000000e+000  0.000000e+000  0.000000e+000  0.000000e+000  0.000000e+000  0.000000e+000  0.000000e+000  0.000000e+000  0.000000e+000  0.000000e+000  
0.000000e+000  0.000000e+000  0.000000e+000  0.000000e+000  0.000000e+000  0.000000e+000  0.000000e+000  0.000000e+000  0.000000e+000  0.000000e+000  0.000000e+000  0.000000e+000  0.000000e+000  0.000000e+000  0.000000e+000  0.000000e+000  0.000000e+000  
0.000000e+000  0.000000e+000  0.000000e+000  0.000000e+000  0.000000e+000  0.000000e+000  0.000000e+000  0.000000e+000  0.000000e+000  0.000000e+000  0.000000e+000  0.000000e+000  0.000000e+000  0.000000e+000  0.000000e+000  0.000000e+000  0.000000e+000  
0.000000e+000  0.000000e+000  0.000000e+000  0.000000e+000  0.000000e+000  0.000000e+000  0.000000e+000  0.000000e+000  0.000000e+000  0.000000e+000  0.000000e+000  0.000000e+000  0.000000e+000  0.000000e+000  0.000000e+000  0.000000e+000  0.000000e+000  
0.000000e+000  0.000000e+000  0.000000e+000  0.000000e+000  0.000000e+000  0.000000e+000  0.000000e+000  0.000000e+000  0.000000e+000  0.000000e+000  0.000000e+000  0.000000e+000  0.000000e+000  0.000000e+000  0.000000e+000  0.000000e+000  0.000000e+000  
0.000000e+000  0.000000e+000  0.000000e+000  0.000000e+000  0.000000e+000  0.000000e+000  0.000000e+000  0.000000e+000  0.000000e+000  0.000000e+000  0.000000e+000  0.000000e+000  0.000000e+000  0.000000e+000  0.000000e+000  0.000000e+000  0.000000e+000  
0.000000e+000  0.000000e+000  0.000000e+000  0.000000e+000  0.000000e+000  0.000000e+000  0.000000e+000  0.000000e+000  0.000000e+000  0.000000e+000  0.000000e+000  0.000000e+000  0.000000e+000  0.000000e+000  0.000000e+000  0.000000e+000  0.000000e+000  
0.000000e+000  0.000000e+000  0.000000e+000  0.000000e+000  0.000000e+000  0.000000e+000  0.000000e+000  0.000000e+000  0.000000e+000  0.000000e+000  0.000000e+000  0.000000e+000  0.000000e+000  0.000000e+000  0.000000e+000  0.000000e+000  0.000000e+000  
0.000000e+000  0.000000e+000  0.000000e+000  0.000000e+000  0.000000e+000  0.000000e+000  0.000000e+000  0.000000e+000  0.000000e+000  0.000000e+000  0.000000e+000  0.000000e+000  0.000000e+000  0.000000e+000  0.000000e+000  0.000000e+000  0.000000e+000  
0.000000e+000  0.000000e+000  0.000000e+000  0.000000e+000  0.000000e+000  0.000000e+000  0.000000e+000  0.000000e+000  0.000000e+000  0.000000e+000  0.000000e+000  0.000000e+000  0.000000e+000  0.000000e+000  0.000000e+000  0.000000e+000  0.000000e+000  
0.000000e+000  0.000000e+000  0.000000e+000  0.000000e+000  0.000000e+000  0.000000e+000  0.000000e+000  0.000000e+000  0.000000e+000  0.000000e+000  0.000000e+000  0.000000e+000  0.000000e+000  0.000000e+000  0.000000e+000  0.000000e+000  0.000000e+000  
0.000000e+000  0.000000e+000  0.000000e+000  0.000000e+000  0.000000e+000  0.000000e+000  0.000000e+000  0.000000e+000  0.000000e+000  0.000000e+000  0.000000e+000  0.000000e+000  0.000000e+000  0.000000e+000  0.000000e+000  0.000000e+000  0.000000e+000  
0.000000e+000  0.000000e+000  0.000000e+000  0.000000e+000  0.000000e+000  0.000000e+000  0.000000e+000  0.000000e+000  0.000000e+000  0.000000e+000  0.000000e+000  0.000000e+000  0.000000e+000  0.000000e+000  0.000000e+000  0.000000e+000  0.000000e+000  
0.000000e+000  0.000000e+000  0.000000e+000  0.000000e+000  0.000000e+000  0.000000e+000  0.000000e+000  0.000000e+000  0.000000e+000  0.000000e+000  0.000000e+000  0.000000e+000  0.000000e+000  0.000000e+000  0.000000e+000  0.000000e+000  0.000000e+000  
0.000000e+000  0.000000e+000  0.000000e+000  0.000000e+000  0.000000e+000  0.000000e+000  0.000000e+000  0.000000e+000  0.000000e+000  0.000000e+000  0.000000e+000  0.000000e+000  0.000000e+000  0.000000e+000  0.000000e+000  0.000000e+000  0.000000e+000  
0.000000e+000  0.000000e+000  0.000000e+000  0.000000e+000  0.000000e+000  0.000000e+000  0.000000e+000  0.000000e+000  0.000000e+000  0.000000e+000  0.000000e+000  0.000000e+000  0.000000e+000  0.000000e+000  0.000000e+000  0.000000e+000  0.000000e+000  
0.000000e+000  0.000000e+000  0.000000e+000  0.000000e+000  0.000000e+000  0.000000e+000  0.000000e+000  0.000000e+000  0.000000e+000  0.000000e+000  0.000000e+000  0.000000e+000  0.000000e+000  0.000000e+000  0.000000e+000  0.000000e+000  0.000000e+000  
0.000000e+000  0.000000e+000  0.000000e+000  0.000000e+000  0.000000e+000  0.000000e+000  0.000000e+000  0.000000e+000  0.000000e+000  0.000000e+000  0.000000e+000  0.000000e+000  0.000000e+000  0.000000e+000  0.000000e+000  0.000000e+000  0.000000e+000  
0.000000e+000  0.000000e+000  0.000000e+000  0.000000e+000  0.000000e+000  0.000000e+000  0.000000e+000  0.000000e+000  0.000000e+000  0.000000e+000  0.000000e+000  0.000000e+000  0.000000e+000  0.000000e+000  0.000000e+000  0.000000e+000  0.000000e+000  
0.000000e+000  0.000000e+000  0.000000e+000  0.000000e+000  0.000000e+000  0.000000e+000  0.000000e+000  0.000000e+000  0.000000e+000  0.000000e+000  0.000000e+000  0.000000e+000  0.000000e+000  0.000000e+000  0.000000e+000  0.000000e+000  0.000000e+000  
0.000000e+000  0.000000e+000  0.000000e+000  0.000000e+000  0.000000e+000  0.000000e+000  0.000000e+000  0.000000e+000  0.000000e+000  0.000000e+000  0.000000e+000  0.000000e+000  0.000000e+000  0.000000e+000  0.000000e+000  0.000000e+000  0.000000e+000  
0.000000e+000  0.000000e+000  0.000000e+000  0.000000e+000  0.000000e+000  0.000000e+000  0.000000e+000  0.000000e+000  0.000000e+000  0.000000e+000  0.000000e+000  0.000000e+000  0.000000e+000  0.000000e+000  0.000000e+000  0.000000e+000  0.000000e+000  
0.000000e+000  0.000000e+000  0.000000e+000  0.000000e+000  0.000000e+000  0.000000e+000  0.000000e+000  0.000000e+000  0.000000e+000  0.000000e+000  0.000000e+000  0.000000e+000  0.000000e+000  0.000000e+000  0.000000e+000  0.000000e+000  0.000000e+000  
0.000000e+000  0.000000e+000  0.000000e+000  0.000000e+000  0.000000e+000  0.000000e+000  0.000000e+000  0.000000e+000  0.000000e+000  0.000000e+000  0.000000e+000  0.000000e+000  0.000000e+000  0.000000e+000  0.000000e+000  0.000000e+000  0.000000e+000  
0.000000e+000  0.000000e+000  0.000000e+000  0.000000e+000  0.000000e+000  0.000000e+000  0.000000e+000  0.000000e+000  0.000000e+000  0.000000e+000  0.000000e+000  0.000000e+000  0.000000e+000  0.000000e+000  0.000000e+000  0.000000e+000  0.000000e+000  

0.000000e+000  0.000000e+000  0.000000e+000  0.000000e+000  0.000000e+000  0.000000e+000  0.000000e+000  0.000000e+000  0.000000e+000  0.000000e+000  0.000000e+000  0.000000e+000  0.000000e+000  0.000000e+000  0.000000e+000  0.000000e+000  0.000000e+000  
0.000000e+000  0.000000e+000  0.000000e+000  0.000000e+000  0.000000e+000  0.000000e+000  0.000000e+000  0.000000e+000  0.000000e+000  0.000000e+000  0.000000e+000  0.000000e+000  0.000000e+000  0.000000e+000  0.000000e+000  0.000000e+000  0.000000e+000  
0.000000e+000  0.000000e+000  0.000000e+000  0.000000e+000  0.000000e+000  0.000000e+000  0.000000e+000  0.000000e+000  0.000000e+000  0.000000e+000  0.000000e+000  0.000000e+000  0.000000e+000  0.000000e+000  0.000000e+000  0.000000e+000  0.000000e+000  
0.000000e+000  0.000000e+000  0.000000e+000  0.000000e+000  0.000000e+000  0.000000e+000  0.000000e+000  0.000000e+000  0.000000e+000  0.000000e+000  0.000000e+000  0.000000e+000  0.000000e+000  0.000000e+000  0.000000e+000  0.000000e+000  0.000000e+000  
0.000000e+000  0.000000e+000  0.000000e+000  0.000000e+000  0.000000e+000  0.000000e+000  0.000000e+000  0.000000e+000  0.000000e+000  0.000000e+000  0.000000e+000  0.000000e+000  0.000000e+000  0.000000e+000  0.000000e+000  0.000000e+000  0.000000e+000  
0.000000e+000  0.000000e+000  0.000000e+000  0.000000e+000  0.000000e+000  0.000000e+000  0.000000e+000  0.000000e+000  0.000000e+000  0.000000e+000  0.000000e+000  0.000000e+000  0.000000e+000  0.000000e+000  0.000000e+000  0.000000e+000  0.000000e+000  
0.000000e+000  0.000000e+000  0.000000e+000  0.000000e+000  0.000000e+000  0.000000e+000  0.000000e+000  0.000000e+000  0.000000e+000  0.000000e+000  0.000000e+000  0.000000e+000  0.000000e+000  0.000000e+000  0.000000e+000  0.000000e+000  0.000000e+000  
0.000000e+000  0.000000e+000  0.000000e+000  0.000000e+000  0.000000e+000  0.000000e+000  0.000000e+000  0.000000e+000  0.000000e+000  0.000000e+000  0.000000e+000  0.000000e+000  0.000000e+000  0.000000e+000  0.000000e+000  0.000000e+000  0.000000e+000  
0.000000e+000  0.000000e+000  0.000000e+000  0.000000e+000  0.000000e+000  0.000000e+000  0.000000e+000  0.000000e+000  0.000000e+000  0.000000e+000  0.000000e+000  0.000000e+000  0.000000e+000  0.000000e+000  0.000000e+000  0.000000e+000  0.000000e+000  
0.000000e+000  0.000000e+000  0.000000e+000  0.000000e+000  0.000000e+000  0.000000e+000  0.000000e+000  0.000000e+000  0.000000e+000  0.000000e+000  0.000000e+000  0.000000e+000  0.000000e+000  0.000000e+000  0.000000e+000  0.000000e+000  0.000000e+000  
0.000000e+000  0.000000e+000  0.000000e+000  0.000000e+000  0.000000e+000  0.000000e+000  0.000000e+000  0.000000e+000  0.000000e+000  0.000000e+000  0.000000e+000  0.000000e+000  0.000000e+000  0.000000e+000  0.000000e+000  0.000000e+000  0.000000e+000  
0.000000e+000  0.000000e+000  0.000000e+000  0.000000e+000  0.000000e+000  0.000000e+000  0.000000e+000  0.000000e+000  0.000000e+000  0.000000e+000  0.000000e+000  0.000000e+000  0.000000e+000  0.000000e+000  0.000000e+000  0.000000e+000  0.000000e+000  
0.000000e+000  0.000000e+000  0.000000e+000  0.000000e+000  0.000000e+000  0.000000e+000  0.000000e+000  0.000000e+000  0.000000e+000  0.000000e+000  0.000000e+000  0.000000e+000  0.000000e+000  0.000000e+000  0.000000e+000  0.000000e+000  0.000000e+000  
0.000000e+000  0.000000e+000  0.000000e+000  0.000000e+000  0.000000e+000  0.000000e+000  0.000000e+000  0.000000e+000  0.000000e+000  0.000000e+000  0.000000e+000  0.000000e+000  0.000000e+000  0.000000e+000  0.000000e+000  0.000000e+000  0.000000e+000  
0.000000e+000  0.000000e+000  0.000000e+000  0.000000e+000  0.000000e+000  0.000000e+000  0.000000e+000  0.000000e+000  0.000000e+000  0.000000e+000  0.000000e+000  0.000000e+000  0.000000e+000  0.000000e+000  0.000000e+000  0.000000e+000  0.000000e+000  
0.000000e+000  0.000000e+000  0.000000e+000  0.000000e+000  0.000000e+000  0.000000e+000  0.000000e+000  0.000000e+000  0.000000e+000  0.000000e+000  0.000000e+000  0.000000e+000  0.000000e+000  0.000000e+000  0.000000e+000  0.000000e+000  0.000000e+000  
0.000000e+000  0.000000e+000  0.000000e+000  0.000000e+000  0.000000e+000  0.000000e+000  0.000000e+000  0.000000e+000  0.000000e+000  0.000000e+000  0.000000e+000  0.000000e+000  0.000000e+000  0.000000e+000  0.000000e+000  0.000000e+000  0.000000e+000  
0.000000e+000  0.000000e+000  0.000000e+000  0.000000e+000  0.000000e+000  0.000000e+000  0.000000e+000  0.000000e+000  0.000000e+000  0.000000e+000  0.000000e+000  0.000000e+000  0.000000e+000  0.000000e+000  0.000000e+000  0.000000e+000  0.000000e+000  
0.000000e+000  0.000000e+000  0.000000e+000  0.000000e+000  0.000000e+000  0.000000e+000  0.000000e+000  0.000000e+000  0.000000e+000  0.000000e+000  0.000000e+000  0.000000e+000  0.000000e+000  0.000000e+000  0.000000e+000  0.000000e+000  0.000000e+000  
0.000000e+000  0.000000e+000  0.000000e+000  0.000000e+000  0.000000e+000  0.000000e+000  0.000000e+000  0.000000e+000  0.000000e+000  0.000000e+000  0.000000e+000  0.000000e+000  0.000000e+000  0.000000e+000  0.000000e+000  0.000000e+000  0.000000e+000  
0.000000e+000  0.000000e+000  0.000000e+000  0.000000e+000  0.000000e+000  0.000000e+000  0.000000e+000  0.000000e+000  0.000000e+000  0.000000e+000  0.000000e+000  0.000000e+000  0.000000e+000  0.000000e+000  0.000000e+000  0.000000e+000  0.000000e+000  
0.000000e+000  0.000000e+000  0.000000e+000  0.000000e+000  0.000000e+000  0.000000e+000  0.000000e+000  0.000000e+000  0.000000e+000  0.000000e+000  0.000000e+000  0.000000e+000  0.000000e+000  0.000000e+000  0.000000e+000  0.000000e+000  0.000000e+000  
0.000000e+000  0.000000e+000  0.000000e+000  0.000000e+000  0.000000e+000  0.000000e+000  0.000000e+000  0.000000e+000  0.000000e+000  0.000000e+000  0.000000e+000  0.000000e+000  0.000000e+000  0.000000e+000  0.000000e+000  0.000000e+000  0.000000e+000  
0.000000e+000  0.000000e+000  0.000000e+000  0.000000e+000  0.000000e+000  0.000000e+000  0.000000e+000  0.000000e+000  0.000000e+000  0.000000e+000  0.000000e+000  0.000000e+000  0.000000e+000  0.000000e+000  0.000000e+000  0.000000e+000  0.000000e+000  
0.000000e+000  0.000000e+000  0.000000e+000  0.000000e+000  0.000000e+000  0.000000e+000  0.000000e+000  0.000000e+000  0.000000e+000  0.000000e+000  0.000000e+000  0.000000e+000  0.000000e+000  0.000000e+000  0.000000e+000  0.000000e+000  0.000000e+000  
0.000000e+000  0.000000e+000  0.000000e+000  0.000000e+000  0.000000e+000  0.000000e+000  0.000000e+000  0.000000e+000  0.000000e+000  0.000000e+000  0.000000e+000  0.000000e+000  0.000000e+000  0.000000e+000  0.000000e+000  0.000000e+000  0.000000e+000  
0.000000e+000  0.000000e+000  0.000000e+000  0.000000e+000  0.000000e+000  0.000000e+000  0.000000e+000  0.000000e+000  0.000000e+000  0.000000e+000  0.000000e+000  0.000000e+000  0.000000e+000  0.000000e+000  0.000000e+000  0.000000e+000  0.000000e+000  
0.000000e+000  0.000000e+000  0.000000e+000  0.000000e+000  0.000000e+000  0.000000e+000  0.000000e+000  0.000000e+000  0.000000e+000  0.000000e+000  0.000000e+000  0.000000e+000  0.000000e+000  0.000000e+000  0.000000e+000  0.000000e+000  0.000000e+000  
0.000000e+000  0.000000e+000  0.000000e+000  0.000000e+000  0.000000e+000  0.000000e+000  0.000000e+000  0.000000e+000  0.000000e+000  0.000000e+000  0.000000e+000  0.000000e+000  0.000000e+000  0.000000e+000  0.000000e+000  0.000000e+000  0.000000e+000  
0.000000e+000  0.000000e+000  0.000000e+000  0.000000e+000  0.000000e+000  0.000000e+000  0.000000e+000  0.000000e+000  0.000000e+000  0.000000e+000  0.000000e+000  0.000000e+000  0.000000e+000  0.000000e+000  0.000000e+000  0.000000e+000  0.000000e+000  
0.000000e+000  0.000000e+000  0.000000e+000  0.000000e+000  0.000000e+000  0.000000e+000  0.000000e+000  0.000000e+000  0.000000e+000  0.000000e+000  0.000000e+000  0.000000e+000  0.000000e+000  0.000000e+000  0.000000e+000  0.000000e+000  0.000000e+000  
0.000000e+000  0.000000e+000  0.000000e+000  0.000000e+000  0.000000e+000  0.000000e+000  0.000000e+000  0.000000e+000  0.000000e+000  0.000000e+000  0.000000e+000  0.000000e+000  0.000000e+000  0.000000e+000  0.000000e+000  0.000000e+000  0.000000e+000  
0.000000e+000  0.000000e+000  0.000000e+000  0.000000e+000  0.000000e+000  0.000000e+000  0.000000e+000  0.000000e+000  0.000000e+000  0.000000e+000  0.000000e+000  0.000000e+000  0.000000e+000  0.000000e+000  0.000000e+000  0.000000e+000  0.000000e+000  
0.000000e+000  0.000000e+000  0.000000e+000  0.000000e+000  0.000000e+000  0.000000e+000  0.000000e+000  0.000000e+000  0.000000e+000  0.000000e+000  0.000000e+000  0.000000e+000  0.000000e+000  0.000000e+000  0.000000e+000  0.000000e+000  0.000000e+000  
0.000000e+000  0.000000e+000  0.000000e+000  0.000000e+000  0.000000e+000  0.000000e+000  0.000000e+000  0.000000e+000  0.000000e+000  0.000000e+000  0.000000e+000  0.000000e+000  0.000000e+000  0.000000e+000  0.000000e+000  0.000000e+000  0.000000e+000  

0.000000e+000  0.000000e+000  0.000000e+000  0.000000e+000  0.000000e+000  0.000000e+000  0.000000e+000  0.000000e+000  0.000000e+000  0.000000e+000  0.000000e+000  0.000000e+000  0.000000e+000  0.000000e+000  0.000000e+000  0.000000e+000  0.000000e+000  
0.000000e+000  0.000000e+000  0.000000e+000  0.000000e+000  0.000000e+000  0.000000e+000  0.000000e+000  0.000000e+000  0.000000e+000  0.000000e+000  0.000000e+000  0.000000e+000  0.000000e+000  0.000000e+000  0.000000e+000  0.000000e+000  0.000000e+000  
0.000000e+000  0.000000e+000  0.000000e+000  0.000000e+000  0.000000e+000  0.000000e+000  0.000000e+000  0.000000e+000  0.000000e+000  0.000000e+000  0.000000e+000  0.000000e+000  0.000000e+000  0.000000e+000  0.000000e+000  0.000000e+000  0.000000e+000  
0.000000e+000  0.000000e+000  0.000000e+000  0.000000e+000  0.000000e+000  0.000000e+000  0.000000e+000  0.000000e+000  0.000000e+000  0.000000e+000  0.000000e+000  0.000000e+000  0.000000e+000  0.000000e+000  0.000000e+000  0.000000e+000  0.000000e+000  
0.000000e+000  0.000000e+000  0.000000e+000  0.000000e+000  0.000000e+000  0.000000e+000  0.000000e+000  0.000000e+000  0.000000e+000  0.000000e+000  0.000000e+000  0.000000e+000  0.000000e+000  0.000000e+000  0.000000e+000  0.000000e+000  0.000000e+000  
0.000000e+000  0.000000e+000  0.000000e+000  0.000000e+000  0.000000e+000  0.000000e+000  0.000000e+000  0.000000e+000  0.000000e+000  0.000000e+000  0.000000e+000  0.000000e+000  0.000000e+000  0.000000e+000  0.000000e+000  0.000000e+000  0.000000e+000  
0.000000e+000  0.000000e+000  0.000000e+000  0.000000e+000  0.000000e+000  0.000000e+000  0.000000e+000  0.000000e+000  0.000000e+000  0.000000e+000  0.000000e+000  0.000000e+000  0.000000e+000  0.000000e+000  0.000000e+000  0.000000e+000  0.000000e+000  
0.000000e+000  0.000000e+000  0.000000e+000  0.000000e+000  0.000000e+000  0.000000e+000  0.000000e+000  0.000000e+000  0.000000e+000  0.000000e+000  0.000000e+000  0.000000e+000  0.000000e+000  0.000000e+000  0.000000e+000  0.000000e+000  0.000000e+000  
0.000000e+000  0.000000e+000  0.000000e+000  0.000000e+000  0.000000e+000  0.000000e+000  0.000000e+000  0.000000e+000  0.000000e+000  0.000000e+000  0.000000e+000  0.000000e+000  0.000000e+000  0.000000e+000  0.000000e+000  0.000000e+000  0.000000e+000  
0.000000e+000  0.000000e+000  0.000000e+000  0.000000e+000  0.000000e+000  0.000000e+000  0.000000e+000  0.000000e+000  0.000000e+000  0.000000e+000  0.000000e+000  0.000000e+000  0.000000e+000  0.000000e+000  0.000000e+000  0.000000e+000  0.000000e+000  
0.000000e+000  0.000000e+000  0.000000e+000  0.000000e+000  0.000000e+000  0.000000e+000  0.000000e+000  0.000000e+000  0.000000e+000  0.000000e+000  0.000000e+000  0.000000e+000  0.000000e+000  0.000000e+000  0.000000e+000  0.000000e+000  0.000000e+000  
0.000000e+000  0.000000e+000  0.000000e+000  0.000000e+000  0.000000e+000  0.000000e+000  0.000000e+000  0.000000e+000  0.000000e+000  0.000000e+000  0.000000e+000  0.000000e+000  0.000000e+000  0.000000e+000  0.000000e+000  0.000000e+000  0.000000e+000  
0.000000e+000  0.000000e+000  0.000000e+000  0.000000e+000  0.000000e+000  0.000000e+000  0.000000e+000  0.000000e+000  0.000000e+000  0.000000e+000  0.000000e+000  0.000000e+000  0.000000e+000  0.000000e+000  0.000000e+000  0.000000e+000  0.000000e+000  
0.000000e+000  0.000000e+000  0.000000e+000  0.000000e+000  0.000000e+000  0.000000e+000  0.000000e+000  0.000000e+000  0.000000e+000  0.000000e+000  0.000000e+000  0.000000e+000  0.000000e+000  0.000000e+000  0.000000e+000  0.000000e+000  0.000000e+000  
0.000000e+000  0.000000e+000  0.000000e+000  0.000000e+000  0.000000e+000  0.000000e+000  0.000000e+000  0.000000e+000  0.000000e+000  0.000000e+000  0.000000e+000  0.000000e+000  0.000000e+000  0.000000e+000  0.000000e+000  0.000000e+000  0.000000e+000  
0.000000e+000  0.000000e+000  0.000000e+000  0.000000e+000  0.000000e+000  0.000000e+000  0.000000e+000  0.000000e+000  0.000000e+000  0.000000e+000  0.000000e+000  0.000000e+000  0.000000e+000  0.000000e+000  0.000000e+000  0.000000e+000  0.000000e+000  
0.000000e+000  0.000000e+000  0.000000e+000  0.000000e+000  0.000000e+000  0.000000e+000  0.000000e+000  0.000000e+000  0.000000e+000  0.000000e+000  0.000000e+000  0.000000e+000  0.000000e+000  0.000000e+000  0.000000e+000  0.000000e+000  0.000000e+000  
0.000000e+000  0.000000e+000  0.000000e+000  0.000000e+000  0.000000e+000  0.000000e+000  0.000000e+000  0.000000e+000  0.000000e+000  0.000000e+000  0.000000e+000  0.000000e+000  0.000000e+000  0.000000e+000  0.000000e+000  0.000000e+000  0.000000e+000  
0.000000e+000  0.000000e+000  0.000000e+000  0.000000e+000  0.000000e+000  0.000000e+000  0.000000e+000  0.000000e+000  0.000000e+000  0.000000e+000  0.000000e+000  0.000000e+000  0.000000e+000  0.000000e+000  0.000000e+000  0.000000e+000  0.000000e+000  
0.000000e+000  0.000000e+000  0.000000e+000  0.000000e+000  0.000000e+000  0.000000e+000  0.000000e+000  0.000000e+000  0.000000e+000  0.000000e+000  0.000000e+000  0.000000e+000  0.000000e+000  0.000000e+000  0.000000e+000  0.000000e+000  0.000000e+000  
0.000000e+000  0.000000e+000  0.000000e+000  0.000000e+000  0.000000e+000  0.000000e+000  0.000000e+000  0.000000e+000  0.000000e+000  0.000000e+000  0.000000e+000  0.000000e+000  0.000000e+000  0.000000e+000  0.000000e+000  0.000000e+000  0.000000e+000  
0.000000e+000  0.000000e+000  0.000000e+000  0.000000e+000  0.000000e+000  0.000000e+000  0.000000e+000  0.000000e+000  0.000000e+000  0.000000e+000  0.000000e+000  0.000000e+000  0.000000e+000  0.000000e+000  0.000000e+000  0.000000e+000  0.000000e+000  
0.000000e+000  0.000000e+000  0.000000e+000  0.000000e+000  0.000000e+000  0.000000e+000  0.000000e+000  0.000000e+000  0.000000e+000  0.000000e+000  0.000000e+000  0.000000e+000  0.000000e+000  0.000000e+000  0.000000e+000  0.000000e+000  0.000000e+000  
0.000000e+000  0.000000e+000  0.000000e+000  0.000000e+000  0.000000e+000  0.000000e+000  0.000000e+000  0.000000e+000  0.000000e+000  0.000000e+000  0.000000e+000  0.000000e+000  0.000000e+000  0.000000e+000  0.000000e+000  0.000000e+000  0.000000e+000  
0.000000e+000  0.000000e+000  0.000000e+000  0.000000e+000  0.000000e+000  0.000000e+000  0.000000e+000  0.000000e+000  0.000000e+000  0.000000e+000  0.000000e+000  0.000000e+000  0.000000e+000  0.000000e+000  0.000000e+000  0.000000e+000  0.000000e+000  
0.000000e+000  0.000000e+000  0.000000e+000  0.000000e+000  0.000000e+000  0.000000e+000  0.000000e+000  0.000000e+000  0.000000e+000  0.000000e+000  0.000000e+000  0.000000e+000  0.000000e+000  0.000000e+000  0.000000e+000  0.000000e+000  0.000000e+000  
0.000000e+000  0.000000e+000  0.000000e+000  0.000000e+000  0.000000e+000  0.000000e+000  0.000000e+000  0.000000e+000  0.000000e+000  0.000000e+000  0.000000e+000  0.000000e+000  0.000000e+000  0.000000e+000  0.000000e+000  0.000000e+000  0.000000e+000  
0.000000e+000  0.000000e+000  0.000000e+000  0.000000e+000  0.000000e+000  0.000000e+000  0.000000e+000  0.000000e+000  0.000000e+000  0.000000e+000  0.000000e+000  0.000000e+000  0.000000e+000  0.000000e+000  0.000000e+000  0.000000e+000  0.000000e+000  
0.000000e+000  0.000000e+000  0.000000e+000  0.000000e+000  0.000000e+000  0.000000e+000  0.000000e+000  0.000000e+000  0.000000e+000  0.000000e+000  0.000000e+000  0.000000e+000  0.000000e+000  0.000000e+000  0.000000e+000  0.000000e+000  0.000000e+000  
0.000000e+000  0.000000e+000  0.000000e+000  0.000000e+000  0.000000e+000  0.000000e+000  0.000000e+000  0.000000e+000  0.000000e+000  0.000000e+000  0.000000e+000  0.000000e+000  0.000000e+000  0.000000e+000  0.000000e+000  0.000000e+000  0.000000e+000  
0.000000e+000  0.000000e+000  0.000000e+000  0.000000e+000  0.000000e+000  0.000000e+000  0.000000e+000  0.000000e+000  0.000000e+000  0.000000e+000  0.000000e+000  0.000000e+000  0.000000e+000  0.000000e+000  0.000000e+000  0.000000e+000  0.000000e+000  
0.000000e+000  0.000000e+000  0.000000e+000  0.000000e+000  0.000000e+000  0.000000e+000  0.000000e+000  0.000000e+000  0.000000e+000  0.000000e+000  0.000000e+000  0.000000e+000  0.000000e+000  0.000000e+000  0.000000e+000  0.000000e+000  0.000000e+000  
0.000000e+000  0.000000e+000  0.000000e+000  0.000000e+000  0.000000e+000  0.000000e+000  0.000000e+000  0.000000e+000  0.000000e+000  0.000000e+000  0.000000e+000  0.000000e+000  0.000000e+000  0.000000e+000  0.000000e+000  0.000000e+000  0.000000e+000  
0.000000e+000  0.000000e+000  0.000000e+000  0.000000e+000  0.000000e+000  0.000000e+000  0.000000e+000  0.000000e+000  0.000000e+000  0.000000e+000  0.000000e+000  0.000000e+000  0.000000e+000  0.000000e+000  0.000000e+000  0.000000e+000  0.000000e+000  
0.000000e+000  0.000000e+000  0.000000e+000  0.000000e+000  0.000000e+000  0.000000e+000  0.000000e+000  0.000000e+000  0.000000e+000  0.000000e+000  0.000000e+000  0.000000e+000  0.000000e+000  0.000000e+000  0.000000e+000  0.000000e+000  0.000000e+000  

0.000000e+000  -6.278854e+000  -1.252161e+001  -1.869254e+001  -2.475673e+001  -2.524697e+001  -2.561223e+001  -2.586483e+001  -2.601794e+001  -2.608496e+001  -2.607915e+001  -2.601327e+001  -2.589935e+001  -2.556073e+001  -2.515136e+001  -2.406960e+001  -2.337145e+001  
0.000000e+000  -6.861589e+000  -1.368060e+001  -2.041479e+001  -2.702263e+001  -2.737626e+001  -2.758403e+001  -2.766648e+001  -2.764395e+001  -2.753586e+001  -2.736017e+001  -2.713315e+001  -2.686924e+001  -2.626850e+001  -2.565024e+001  -2.426088e+001  -2.344895e+001  
0.000000e+000  -8.875966e+000  -1.769145e+001  -2.638504e+001  -3.489370e+001  -3.458122e+001  -3.407416e+001  -3.342942e+001  -3.269567e+001  -3.191273e+001  -3.111192e+001  -3.031702e+001  -2.954545e+001  -2.810914e+001  -2.686590e+001  -2.465624e+001  -2.357153e+001  
0.000000e+000  -1.193587e+001  -2.382146e+001  -3.559687e+001  -4.718451e+001  -4.508835e+001  -4.287768e+001  -4.067843e+001  -3.857479e+001  -3.661673e+001  -3.482867e+001  -3.321755e+001  -3.177927e+001  -2.939030e+001  -2.753459e+001  -2.472695e+001  -2.349847e+001  
0.000000e+000  -1.385031e+001  -2.773570e+001  -4.166526e+001  -5.559803e+001  -5.147971e+001  -4.757927e+001  -4.403667e+001  -4.090564e+001  -3.818490e+001  -3.584345e+001  -3.383763e+001  -3.212122e+001  -2.942621e+001  -2.742846e+001  -2.457820e+001  -2.336925e+001  
0.000000e+000  -1.554549e+001  -3.135593e+001  -4.764336e+001  -6.450609e+001  -5.723665e+001  -5.101614e+001  -4.587595e+001  -4.170417e+001  -3.833879e+001  -3.561913e+001  -3.340687e+001  -3.159046e+001  -2.888368e+001  -2.695249e+001  -2.429831e+001  -2.318075e+001  
0.000000e+000  -1.580087e+001  -3.203741e+001  -4.909412e+001  -6.721741e+001  -5.834881e+001  -5.116895e+001  -4.552521e+001  -4.112981e+001  -3.769617e+001  -3.498757e+001  -3.282288e+001  -3.106764e+001  -2.848799e+001  -2.666157e+001  -2.415699e+001  -2.309427e+001  
0.000000e+000  -1.567763e+001  -3.200554e+001  -4.961520e+001  -6.900825e+001  -5.838441e+001  -5.034073e+001  -4.438088e+001  -3.994969e+001  -3.660312e+001  -3.402433e+001  -3.199524e+001  -3.036596e+001  -2.799270e+001  -2.631611e+001  -2.400025e+001  -2.300211e+001  
0.000000e+000  -1.499142e+001  -3.086367e+001  -4.859050e+001  -6.915187e+001  -5.674657e+001  -4.816394e+001  -4.225420e+001  -3.808042e+001  -3.503000e+001  -3.272465e+001  -3.092964e+001  -2.949493e+001  -2.740683e+001  -2.592292e+001  -2.383105e+001  -2.290584e+001  
0.000000e+000  -1.354429e+001  -2.811990e+001  -4.511706e+001  -6.646545e+001  -5.260172e+001  -4.424209e+001  -3.900437e+001  -3.549435e+001  -3.299056e+001  -3.111367e+001  -2.965155e+001  -2.847693e+001  -2.674532e+001  -2.549151e+001  -2.365294e+001  -2.280724e+001  
0.000000e+000  -1.207678e+001  -2.511300e+001  -4.069096e+001  -6.185992e+001  -4.778964e+001  -4.046761e+001  -3.619982e+001  -3.340303e+001  -3.140632e+001  -2.989503e+001  -2.870289e+001  -2.773252e+001  -2.627125e+001  -2.518774e+001  -2.353090e+001  -2.274095e+001  
0.000000e+000  -1.023767e+001  -2.112249e+001  -3.410300e+001  -5.363531e+001  -4.096869e+001  -3.579180e+001  -3.296815e+001  -3.108513e+001  -2.968927e+001  -2.859294e+001  -2.769955e+001  -2.695163e+001  -2.577976e+001  -2.487623e+001  -2.340803e+001  -2.267510e+001  
0.000000e+000  -8.147660e+000  -1.632094e+001  -2.498333e+001  -3.900169e+001  -3.191312e+001  -3.042346e+001  -2.946745e+001  -2.863376e+001  -2.789457e+001  -2.724177e+001  -2.666405e+001  -2.614955e+001  -2.527887e+001  -2.456135e+001  -2.328571e+001  -2.261031e+001  
0.000000e+000  -6.046784e+000  -1.132873e+001  -1.379438e+001  0.000000e+000  -2.118759e+001  -2.490739e+001  -2.594229e+001  -2.616593e+001  -2.608554e+001  -2.587940e+001  -2.562069e+001  -2.534252e+001  -2.477702e+001  -2.424764e+001  -2.316535e+001  -2.254721e+001  
0.000000e+000  -3.691314e+000  -6.337058e+000  -6.186718e+000  0.000000e+000  -1.272373e+001  -1.879317e+001  -2.161452e+001  -2.301691e+001  -2.373588e+001  -2.409409e+001  -2.424740e+001  -2.427825e+001  -2.411598e+001  -2.383602e+001  -2.300928e+001  -2.246624e+001  
0.000000e+000  -2.060547e+000  -3.284172e+000  -2.766268e+000  0.000000e+000  -8.442904e+000  -1.444945e+001  -1.807028e+001  -2.025475e+001  -2.159912e+001  -2.243768e+001  -2.295855e+001  -2.327258e+001  -2.348896e+001  -2.344588e+001  -2.286273e+001  -2.239095e+001  
0.000000e+000  -5.398587e-001  -8.015282e-001  -6.038867e-001  0.000000e+000  -4.997609e+000  -9.664803e+000  -1.335264e+001  -1.613895e+001  -1.819482e+001  -1.969079e+001  -2.076817e+001  -2.153634e+001  -2.239311e+001  -2.276150e+001  -2.260797e+001  -2.226161e+001  
0.000000e+000  -9.362887e-002  -1.346880e-001  -9.718925e-002  0.000000e+000  -3.492915e+000  -7.055343e+000  -1.023332e+001  -1.295422e+001  -1.521194e+001  -1.704013e+001  -1.849150e+001  -1.962460e+001  -2.110608e+001  -2.192707e+001  -2.229620e+001  -2.210628e+001  
0.000000e+000  -5.398586e-001  -8.015282e-001  -6.038866e-001  0.000000e+000  -4.997609e+000  -9.664803e+000  -1.335264e+001  -1.613895e+001  -1.819482e+001  -1.969079e+001  -2.076817e+001  -2.153634e+001  -2.239311e+001  -2.276150e+001  -2.260797e+001  -2.226161e+001  
0.000000e+000  -2.060547e+000  -3.284172e+000  -2.766268e+000  0.000000e+000  -8.442904e+000  -1.444945e+001  -1.807028e+001  -2.025475e+001  -2.159912e+001  -2.243768e+001  -2.295855e+001  -2.327258e+001  -2.348896e+001  -2.344588e+001  -2.286273e+001  -2.239095e+001  
0.000000e+000  -3.691314e+000  -6.337058e+000  -6.186718e+000  0.000000e+000  -1.272373e+001  -1.879317e+001  -2.161452e+001  -2.301691e+001  -2.373588e+001  -2.409409e+001  -2.424740e+001  -2.427825e+001  -2.411598e+001  -2.383602e+001  -2.300928e+001  -2.246624e+001  
0.000000e+000  -6.046784e+000  -1.132873e+001  -1.379438e+001  0.000000e+000  -2.118759e+001  -2.490739e+001  -2.594229e+001  -2.616593e+001  -2.608554e+001  -2.587940e+001  -2.562069e+001  -2.534252e+001  -2.477702e+001  -2.424764e+001  -2.316535e+001  -2.254721e+001  
0.000000e+000  -8.147660e+000  -1.632094e+001  -2.498333e+001  -3.900169e+001  -3.191312e+001  -3.042346e+001  -2.946745e+001  -2.863376e+001  -2.789457e+001  -2.724177e+001  -2.666406e+001  -2.614955e+001  -2.527887e+001  -2.456135e+001  -2.328571e+001  -2.261031e+001  
0.000000e+000  -1.023767e+001  -2.112249e+001  -3.410300e+001  -5.363531e+001  -4.096869e+001  -3.579180e+001  -3.296815e+001  -3.108513e+001  -2.968927e+001  -2.859294e+001  -2.769955e+001  -2.695163e+001  -2.577976e+001  -2.487623e+001  -2.340803e+001  -2.267510e+001  
0.000000e+000  -1.207678e+001  -2.511300e+001  -4.069096e+001  -6.185992e+001  -4.778964e+001  -4.046761e+001  -3.619982e+001  -3.340303e+001  -3.140632e+001  -2.989503e+001  -2.870289e+001  -2.773252e+001  -2.627125e+001  -2.518774e+001  -2.353090e+001  -2.274095e+001  
0.000000e+000  -1.354429e+001  -2.811990e+001  -4.511706e+001  -6.646545e+001  -5.260172e+001  -4.424209e+001  -3.900437e+001  -3.549435e+001  -3.299056e+001  -3.111367e+001  -2.965155e+001  -2.847693e+001  -2.674532e+001  -2.549151e+001  -2.365294e+001  -2.280724e+001  
0.000000e+000  -1.499142e+001  -3.086367e+001  -4.859050e+001  -6.915187e+001  -5.674657e+001  -4.816394e+001  -4.225420e+001  -3.808042e+001  -3.503000e+001  -3.272465e+001  -3.092964e+001  -2.949493e+001  -2.740683e+001  -2.592292e+001  -2.383105e+001  -2.290584e+001  
0.000000e+000  -1.567763e+001  -3.200554e+001  -4.961520e+001  -6.900825e+001  -5.838441e+001  -5.034073e+001  -4.438088e+001  -3.994969e+001  -3.660312e+001  -3.402433e+001  -3.199524e+001  -3.036596e+001  -2.799270e+001  -2.631611e+001  -2.400025e+001  -2.300211e+001  
0.000000e+000  -1.580087e+001  -3.203741e+001  -4.909412e+001  -6.721741e+001  -5.834881e+001  -5.116895e+001  -4.552521e+001  -4.112981e+001  -3.769617e+001  -3.498757e+001  -3.282288e+001  -3.106764e+001  -2.848799e+001  -2.666157e+001  -2.415699e+001  -2.309427e+001  
0.000000e+000  -1.554549e+001  -3.135593e+001  -4.764336e+001  -6.450609e+001  -5.723665e+001  -5.101614e+001  -4.587595e+001  -4.170417e+001  -3.833879e+001  -3.561913e+001  -3.340687e+001  -3.159046e+001  -2.888368e+001  -2.695249e+001  -2.429831e+001  -2.318075e+001  
0.000000e+000  -1.385031e+001  -2.773570e+001  -4.166526e+001  -5.559803e+001  -5.147971e+001  -4.757927e+001  -4.403667e+001  -4.090564e+001  -3.818490e+001  -3.584345e+001  -3.383763e+001  -3.212122e+001  -2.942621e+001  -2.742846e+001  -2.457820e+001  -2.336925e+001  
0.000000e+000  -1.193587e+001  -2.382146e+001  -3.559687e+001  -4.718451e+001  -4.508835e+001  -4.287768e+001  -4.067843e+001  -3.857479e+001  -3.661673e+001  -3.482867e+001  -3.321755e+001  -3.177927e+001  -2.939030e+001  -2.753459e+001  -2.472695e+001  -2.349847e+001  
0.000000e+000  -8.875966e+000  -1.769145e+001  -2.638504e+001  -3.489370e+001  -3.458122e+001  -3.407416e+001  -3.342942e+001  -3.269567e+001  -3.191273e+001  -3.111192e+001  -3.031702e+001  -2.954545e+001  -2.810914e+001  -2.686590e+001  -2.465624e+001  -2.357153e+001  
0.000000e+000  -6.861589e+000  -1.368060e+001  -2.041479e+001  -2.702263e+001  -2.737626e+001  -2.758403e+001  -2.766648e+001  -2.764395e+001  -2.753586e+001  -2.736017e+001  -2.713315e+001  -2.686924e+001  -2.626850e+001  -2.565024e+001  -2.426088e+001  -2.344895e+001  
0.000000e+000  -6.278854e+000  -1.252161e+001  -1.869254e+001  -2.475673e+001  -2.524697e+001  -2.561223e+001  -2.586483e+001  -2.601794e+001  -2.608496e+001  -2.607915e+001  -2.601327e+001  -2.589935e+001  -2.556073e+001  -2.515136e+001  -2.406960e+001  -2.337145e+001  

