2025-10-13 14:14:40   Build version: 2025.4 Release from 2025-04-11 (change 1409410)

2025-10-13 14:14:40   Starting adaptive port meshing.

                      ------------------------------------------------------------------------------
2025-10-13 14:14:40   Mode calculation for port 1:

                      ------------------------------------------------------------------------------
2025-10-13 14:14:40   According to the selected features the <Time Domain Solver (HEX)> will be
                      started.

                      ------------------------------------------------------------------------------
2025-10-13 14:14:41   

                      ------------------------------------------------------------------------------
2025-10-13 14:14:41   

                      ------------------------------------------------------------------------------
2025-10-13 14:14:49   Using Generalized port mode solver.

                      ------------------------------------------------------------------------------
2025-10-13 14:14:49   Using electric shielding for port 1.

                      ------------------------------------------------------------------------------
2025-10-13 14:14:53   Port mode solver: Detected dispersive material(s) at port 1. 
                      Using a constant approximation of dispersive material(s) at 2.44175 GHz and neglecting loss terms.  More...

                      ------------------------------------------------------------------------------
2025-10-13 14:14:56     ------------------------------- F-Calc 2.44 --------------------------------
                        Port   Mode   Type        Z-Wave        Z-Wave-Sigma  Z-Line        F-Cutoff
                        1      1      QTEM        201           0             48.6          ---
                        ----------------------------------------------------------------------------

2025-10-13 14:15:01   Pass 1 successfully completed. 
2025-10-13 14:15:01   According to the selected features the <Time Domain Solver (HEX)> will be
                      started.

                      ------------------------------------------------------------------------------
2025-10-13 14:15:01   

                      ------------------------------------------------------------------------------
2025-10-13 14:15:01   

                      ------------------------------------------------------------------------------
2025-10-13 14:15:16     ------------------------------- F-Calc 2.44 --------------------------------
                        Port   Mode   Type        Z-Wave        Z-Wave-Sigma  Z-Line        F-Cutoff
                        1      1      QTEM        200           0             52.2          ---
                        ----------------------------------------------------------------------------

2025-10-13 14:15:21   Pass 2 successfully completed. Delta (Line Imp.): 6.99%
2025-10-13 14:15:21   According to the selected features the <Time Domain Solver (HEX)> will be
                      started.

                      ------------------------------------------------------------------------------
2025-10-13 14:15:21   

                      ------------------------------------------------------------------------------
2025-10-13 14:15:21   

                      ------------------------------------------------------------------------------
2025-10-13 14:15:37     ------------------------------- F-Calc 2.44 --------------------------------
                        Port   Mode   Type        Z-Wave        Z-Wave-Sigma  Z-Line        F-Cutoff
                        1      1      QTEM        235           3.99e-007     53.7          ---
                        ----------------------------------------------------------------------------

2025-10-13 14:15:42   Pass 3 successfully completed. Delta (Line Imp.): 2.79%
2025-10-13 14:15:42   According to the selected features the <Time Domain Solver (HEX)> will be
                      started.

                      ------------------------------------------------------------------------------
2025-10-13 14:15:42   

                      ------------------------------------------------------------------------------
2025-10-13 14:15:42   

                      ------------------------------------------------------------------------------
2025-10-13 14:15:58     ------------------------------- F-Calc 2.44 --------------------------------
                        Port   Mode   Type        Z-Wave        Z-Wave-Sigma  Z-Line        F-Cutoff
                        1      1      QTEM        241           3.85e-008     53.5          ---
                        ----------------------------------------------------------------------------

2025-10-13 14:16:03   Pass 4 successfully completed. Delta (Line Imp.): 0.44%
2025-10-13 14:16:03   Mode calculation for port 2:

                      ------------------------------------------------------------------------------
2025-10-13 14:16:03   According to the selected features the <Time Domain Solver (HEX)> will be
                      started.

                      ------------------------------------------------------------------------------
2025-10-13 14:16:03   

                      ------------------------------------------------------------------------------
2025-10-13 14:16:03   

                      ------------------------------------------------------------------------------
2025-10-13 14:16:12   Using Generalized port mode solver.

                      ------------------------------------------------------------------------------
2025-10-13 14:16:12   Using electric shielding for port 2.

                      ------------------------------------------------------------------------------
2025-10-13 14:16:15   Port mode solver: Detected dispersive material(s) at port 2. 
                      Using a constant approximation of dispersive material(s) at 2.44175 GHz and neglecting loss terms.  More...

                      ------------------------------------------------------------------------------
2025-10-13 14:16:18     ------------------------------- F-Calc 2.44 --------------------------------
                        Port   Mode   Type        Z-Wave        Z-Wave-Sigma  Z-Line        F-Cutoff
                        2      1      QTEM        201           0             48.6          ---
                        ----------------------------------------------------------------------------

2025-10-13 14:16:23   Pass 1 successfully completed. 
2025-10-13 14:16:23   According to the selected features the <Time Domain Solver (HEX)> will be
                      started.

                      ------------------------------------------------------------------------------
2025-10-13 14:16:23   

                      ------------------------------------------------------------------------------
2025-10-13 14:16:23   

                      ------------------------------------------------------------------------------
2025-10-13 14:16:38     ------------------------------- F-Calc 2.44 --------------------------------
                        Port   Mode   Type        Z-Wave        Z-Wave-Sigma  Z-Line        F-Cutoff
                        2      1      QTEM        200           0             52.2          ---
                        ----------------------------------------------------------------------------

2025-10-13 14:16:43   Pass 2 successfully completed. Delta (Line Imp.): 6.99%
2025-10-13 14:16:43   According to the selected features the <Time Domain Solver (HEX)> will be
                      started.

                      ------------------------------------------------------------------------------
2025-10-13 14:16:43   

                      ------------------------------------------------------------------------------
2025-10-13 14:16:43   

                      ------------------------------------------------------------------------------
2025-10-13 14:16:58     ------------------------------- F-Calc 2.44 --------------------------------
                        Port   Mode   Type        Z-Wave        Z-Wave-Sigma  Z-Line        F-Cutoff
                        2      1      QTEM        235           3.99e-007     53.7          ---
                        ----------------------------------------------------------------------------

2025-10-13 14:17:03   Pass 3 successfully completed. Delta (Line Imp.): 2.79%
2025-10-13 14:17:03   According to the selected features the <Time Domain Solver (HEX)> will be
                      started.

                      ------------------------------------------------------------------------------
2025-10-13 14:17:04   

                      ------------------------------------------------------------------------------
2025-10-13 14:17:04   

                      ------------------------------------------------------------------------------
2025-10-13 14:17:19     ------------------------------- F-Calc 2.44 --------------------------------
                        Port   Mode   Type        Z-Wave        Z-Wave-Sigma  Z-Line        F-Cutoff
                        2      1      QTEM        241           3.84e-008     53.5          ---
                        ----------------------------------------------------------------------------

2025-10-13 14:17:24   Pass 4 successfully completed. Delta (Line Imp.): 0.44%
2025-10-13 14:17:24   Mode calculation for port 3:

                      ------------------------------------------------------------------------------
2025-10-13 14:17:24   According to the selected features the <Time Domain Solver (HEX)> will be
                      started.

                      ------------------------------------------------------------------------------
2025-10-13 14:17:24   

                      ------------------------------------------------------------------------------
2025-10-13 14:17:24   

                      ------------------------------------------------------------------------------
2025-10-13 14:17:33   Using Generalized port mode solver.

                      ------------------------------------------------------------------------------
2025-10-13 14:17:33   Using electric shielding for port 3.

                      ------------------------------------------------------------------------------
2025-10-13 14:17:36   Port mode solver: Detected dispersive material(s) at port 3. 
                      Using a constant approximation of dispersive material(s) at 2.44175 GHz and neglecting loss terms.  More...

                      ------------------------------------------------------------------------------
2025-10-13 14:17:39     ------------------------------- F-Calc 2.44 --------------------------------
                        Port   Mode   Type        Z-Wave        Z-Wave-Sigma  Z-Line        F-Cutoff
                        3      1      QTEM        201           0             48.6          ---
                        ----------------------------------------------------------------------------

2025-10-13 14:17:44   Pass 1 successfully completed. 
2025-10-13 14:17:44   According to the selected features the <Time Domain Solver (HEX)> will be
                      started.

                      ------------------------------------------------------------------------------
2025-10-13 14:17:44   

                      ------------------------------------------------------------------------------
2025-10-13 14:17:44   

                      ------------------------------------------------------------------------------
2025-10-13 14:17:59     ------------------------------- F-Calc 2.44 --------------------------------
                        Port   Mode   Type        Z-Wave        Z-Wave-Sigma  Z-Line        F-Cutoff
                        3      1      QTEM        200           0             52.2          ---
                        ----------------------------------------------------------------------------

2025-10-13 14:18:04   Pass 2 successfully completed. Delta (Line Imp.): 6.99%
2025-10-13 14:18:04   According to the selected features the <Time Domain Solver (HEX)> will be
                      started.

                      ------------------------------------------------------------------------------
2025-10-13 14:18:04   

                      ------------------------------------------------------------------------------
2025-10-13 14:18:04   

                      ------------------------------------------------------------------------------
2025-10-13 14:18:19     ------------------------------- F-Calc 2.44 --------------------------------
                        Port   Mode   Type        Z-Wave        Z-Wave-Sigma  Z-Line        F-Cutoff
                        3      1      QTEM        235           3.99e-007     53.7          ---
                        ----------------------------------------------------------------------------

2025-10-13 14:18:24   Pass 3 successfully completed. Delta (Line Imp.): 2.79%
2025-10-13 14:18:24   According to the selected features the <Time Domain Solver (HEX)> will be
                      started.

                      ------------------------------------------------------------------------------
2025-10-13 14:18:24   

                      ------------------------------------------------------------------------------
2025-10-13 14:18:24   

                      ------------------------------------------------------------------------------
2025-10-13 14:18:40     ------------------------------- F-Calc 2.44 --------------------------------
                        Port   Mode   Type        Z-Wave        Z-Wave-Sigma  Z-Line        F-Cutoff
                        3      1      QTEM        241           3.84e-008     53.5          ---
                        ----------------------------------------------------------------------------

2025-10-13 14:18:45   Pass 4 successfully completed. Delta (Line Imp.): 0.44%
2025-10-13 14:18:45   Mode calculation for port 4:

                      ------------------------------------------------------------------------------
2025-10-13 14:18:45   According to the selected features the <Time Domain Solver (HEX)> will be
                      started.

                      ------------------------------------------------------------------------------
2025-10-13 14:18:45   

                      ------------------------------------------------------------------------------
2025-10-13 14:18:45   

                      ------------------------------------------------------------------------------
2025-10-13 14:18:54   Using Generalized port mode solver.

                      ------------------------------------------------------------------------------
2025-10-13 14:18:54   Using electric shielding for port 4.

                      ------------------------------------------------------------------------------
2025-10-13 14:18:57   Port mode solver: Detected dispersive material(s) at port 4. 
                      Using a constant approximation of dispersive material(s) at 2.44175 GHz and neglecting loss terms.  More...

                      ------------------------------------------------------------------------------
2025-10-13 14:19:00     ------------------------------- F-Calc 2.44 --------------------------------
                        Port   Mode   Type        Z-Wave        Z-Wave-Sigma  Z-Line        F-Cutoff
                        4      1      QTEM        201           0             48.6          ---
                        ----------------------------------------------------------------------------

2025-10-13 14:19:05   Pass 1 successfully completed. 
2025-10-13 14:19:05   According to the selected features the <Time Domain Solver (HEX)> will be
                      started.

                      ------------------------------------------------------------------------------
2025-10-13 14:19:05   

                      ------------------------------------------------------------------------------
2025-10-13 14:19:05   

                      ------------------------------------------------------------------------------
2025-10-13 14:19:20     ------------------------------- F-Calc 2.44 --------------------------------
                        Port   Mode   Type        Z-Wave        Z-Wave-Sigma  Z-Line        F-Cutoff
                        4      1      QTEM        200           0             52.2          ---
                        ----------------------------------------------------------------------------

2025-10-13 14:19:25   Pass 2 successfully completed. Delta (Line Imp.): 6.99%
2025-10-13 14:19:25   According to the selected features the <Time Domain Solver (HEX)> will be
                      started.

                      ------------------------------------------------------------------------------
2025-10-13 14:19:26   

                      ------------------------------------------------------------------------------
2025-10-13 14:19:26   

                      ------------------------------------------------------------------------------
2025-10-13 14:19:41     ------------------------------- F-Calc 2.44 --------------------------------
                        Port   Mode   Type        Z-Wave        Z-Wave-Sigma  Z-Line        F-Cutoff
                        4      1      QTEM        235           3.99e-007     53.7          ---
                        ----------------------------------------------------------------------------

2025-10-13 14:19:46   Pass 3 successfully completed. Delta (Line Imp.): 2.79%
2025-10-13 14:19:46   According to the selected features the <Time Domain Solver (HEX)> will be
                      started.

                      ------------------------------------------------------------------------------
2025-10-13 14:19:46   

                      ------------------------------------------------------------------------------
2025-10-13 14:19:46   

                      ------------------------------------------------------------------------------
2025-10-13 14:20:02     ------------------------------- F-Calc 2.44 --------------------------------
                        Port   Mode   Type        Z-Wave        Z-Wave-Sigma  Z-Line        F-Cutoff
                        4      1      QTEM        241           3.83e-008     53.5          ---
                        ----------------------------------------------------------------------------

2025-10-13 14:20:07   Pass 4 successfully completed. Delta (Line Imp.): 0.44%
2025-10-13 14:20:07   Adaptive port meshing finished. 

                      ------------------------------------------------------------------------------
2025-10-13 14:20:08   The following farfield monitor(s) have been adjusted to model box [-45.9693,
                      230.169, -61.413, 44.6193, -7.51846, 11.779]:
                        farfield (f=2.4417).
                      For further information please check the page "Special Solver Parameters -
                      Solver" in the Online Help.

                      ------------------------------------------------------------------------------
2025-10-13 14:20:08   According to the selected features the <Time Domain Solver (HEX)> will be
                      started.

                      ------------------------------------------------------------------------------
2025-10-13 14:20:08   
                      Solver started at: 2025-10-13 14:20:08 +0200

                        Module:  Time Domain: S-Parameter (Win 64)
                        Version: 2025.4 Release from 2025-04-11 (change 1409410)

2025-10-13 14:20:08   

                      ------------------------------------------------------------------------------
2025-10-13 14:20:08   

                      ------------------------------------------------------------------------------
2025-10-13 14:20:08   ======================================================================
                       Solver cycle: 1
                      ======================================================================

                      Stimulation at port 1 (mode 1) 



                      ------------------------------------------------------------------------------
2025-10-13 14:20:08   Units settings: 

                        Dimensions: mm
                        Frequency:  GHz
                        Time:       ns

                      ------------------------------------------------------------------------------
2025-10-13 14:20:08   The dispersive material update [Automatic] will be performed using the "Standard" update schema

                      ------------------------------------------------------------------------------
2025-10-13 14:20:23   Mesh statistics:

                         Hexahedral mesh type: Perfect Boundary Approximation (PBA)
                            Version: default

                         Parallelization type: domain decomposition
                            Number of parallel working threads: 1
                            Number of calculation domains used: 1

                         Used point accuracy enhancement value: 75.00%.
                         Acceleration mode: CPU
2025-10-13 13:50:06      current system memory usage reached 50%
2025-10-13 13:52:18      current system memory usage reached 60%
2025-10-13 13:53:23      current system memory usage reached 60%
                         Used point accuracy enhancement value: 74.00%.
                         PBA fill limit: 99.00% (inverse)

2025-10-13 14:20:28   Using Generalized port mode solver.

                      ------------------------------------------------------------------------------
2025-10-13 14:20:28   Using electric shielding for port 1, 2, 3, 4.

                      ------------------------------------------------------------------------------
2025-10-13 14:20:29   Port mode solver: Detected dispersive material(s) at port 1, 2, 3, 4. 
                      Using a constant approximation of dispersive material(s) at 2.44175 GHz and neglecting loss terms.  More...

                      ------------------------------------------------------------------------------
2025-10-13 14:20:29   Boundary conditions: 

                        YZsymmetry: none
                        XZsymmetry: none
                        XYsymmetry: none

                        Xmin: expanded open, 4 Layer, depth 33.8176 mm
                        Xmax: expanded open, 4 Layer, depth 33.8176 mm

                        Ymin: expanded open, 4 Layer, depth 40.9259 mm
                        Ymax: expanded open, 4 Layer, depth 33.8176 mm

                        Zmin: expanded open, 4 Layer, depth 38.8407 mm
                        Zmax: expanded open, 4 Layer, depth 31.932 mm

                        PML-Type: Convolution PML

                      ------------------------------------------------------------------------------
2025-10-13 14:20:29   Frequency settings: 

                        Fmin:         2.3
                        Fmax:         2.5835
                        Nfsteps(lin): 1001

                      ------------------------------------------------------------------------------
2025-10-13 14:20:32   Field update statistics:

                        Number of components in total: 	265944
                        Number of TST and special elements:	7586
                        Number of lossy metal components:	7906
                        Number of disp. elements:		6947

                      Subcycling state:      			Automatically deactivated

                      ------------------------------------------------------------------------------
2025-10-13 14:20:32   Waveguide boundaries:

2025-10-13 14:20:32   Port: 1

2025-10-13 14:20:32     ------------------------------- F-Calc 2.44 --------------------------------
                        Port   Mode   Type        Z-Wave        Z-Wave-Sigma  Z-Line        F-Cutoff
                        1      1      QTEM        201           0             53.5          ---
                        ----------------------------------------------------------------------------

2025-10-13 14:20:32   Port: 2

2025-10-13 14:20:32     ------------------------------- F-Calc 2.44 --------------------------------
                        Port   Mode   Type        Z-Wave        Z-Wave-Sigma  Z-Line        F-Cutoff
                        2      1      QTEM        201           0             53.5          ---
                        ----------------------------------------------------------------------------

2025-10-13 14:20:32   Port: 3

2025-10-13 14:20:32     ------------------------------- F-Calc 2.44 --------------------------------
                        Port   Mode   Type        Z-Wave        Z-Wave-Sigma  Z-Line        F-Cutoff
                        3      1      QTEM        201           0             53.5          ---
                        ----------------------------------------------------------------------------

2025-10-13 14:20:32   Port: 4

2025-10-13 14:20:32     ------------------------------- F-Calc 2.44 --------------------------------
                        Port   Mode   Type        Z-Wave        Z-Wave-Sigma  Z-Line        F-Cutoff
                        4      1      QTEM        201           0             53.5          ---
                        ----------------------------------------------------------------------------

2025-10-13 14:20:33   Using standard absorber for unconsidered modes at port 1.

                      ------------------------------------------------------------------------------
2025-10-13 14:20:33   Using standard absorber for unconsidered modes at port 2.

                      ------------------------------------------------------------------------------
2025-10-13 14:20:33   Using standard absorber for unconsidered modes at port 3.

                      ------------------------------------------------------------------------------
2025-10-13 14:20:33   Using standard absorber for unconsidered modes at port 4.

                      ------------------------------------------------------------------------------
2025-10-13 14:21:58   
                      --------------------------------------------------------------------------------
2025-10-13 14:21:58   Steady state energy criterion met, solver finished successfully.

                      ------------------------------------------------------------------------------
2025-10-13 14:21:58   Frequency domain results normalized to default signal.


                      ------------------------------------------------------------------------------
2025-10-13 14:21:58   
                        ----------------------------------------------------------------------------
                                            Peak memory used (kB)         Free physical memory (kB) 
                                                                          At begin     Minimum      
                        ----------------------------------------------------------------------------
                        Matrices calc.      170898                        7251953      5846679      
                        Solver run total    82356                         5987440      5632824      
                        ----------------------------------------------------------------------------

                      --------------------------------------------------------------------------------
                      Solver Statistics:

                        Hardware:
                           Computer name:                 	Heu 

                           Number of CPU threads:               4
                           Hardware info:                  	Hardware Accelerator Device not activated

                        Number of mesh cells:             	41400
                        Excitation duration:              	2.50761816e+001 ns 
                        Calculation time for excitation:  	0 	s
                        Number of calculated pulse widths:	1.0013 
                        Steady state accuracy limit:      	-40	dB 
                        Simulated number of time steps:   	19404 
                        Maximum number of time steps:     	387577 
                        Time step width:
                           without subcycles:             	1.293995962e-003 ns
                           used:                          	1.293995962e-003 ns

                        Matrix calculation time:          	14 	s
                        Solver setup time:                	12 	s
                        Solver loop time:                 	80 	s
                        Solver post-processing time:      	2 	s
                                                          	------------
                        Total solver time:                	108 	s  ( = 0 h, 1 m, 48 s )

                      ------------------------------------------------------------------------------
2025-10-13 14:21:59   ======================================================================
                       Solver cycle: 2
                      ======================================================================

                      Stimulation at port 2 (mode 1) 



                      ------------------------------------------------------------------------------
2025-10-13 14:21:59   Units settings: 

                        Dimensions: mm
                        Frequency:  GHz
                        Time:       ns

                      ------------------------------------------------------------------------------
2025-10-13 14:21:59   The dispersive material update will be performed using the "Standard" update schema

                      ------------------------------------------------------------------------------
2025-10-13 14:22:01   Boundary conditions: 

                        YZsymmetry: none
                        XZsymmetry: none
                        XYsymmetry: none

                        Xmin: expanded open, 4 Layer, depth 33.8176 mm
                        Xmax: expanded open, 4 Layer, depth 33.8176 mm

                        Ymin: expanded open, 4 Layer, depth 40.9259 mm
                        Ymax: expanded open, 4 Layer, depth 33.8176 mm

                        Zmin: expanded open, 4 Layer, depth 38.8407 mm
                        Zmax: expanded open, 4 Layer, depth 31.932 mm

                        PML-Type: Convolution PML

                      ------------------------------------------------------------------------------
2025-10-13 14:22:01   Frequency settings: 

                        Fmin:         2.3
                        Fmax:         2.5835
                        Nfsteps(lin): 1001

                      ------------------------------------------------------------------------------
2025-10-13 14:22:01   Field update statistics:

                        Number of components in total: 	265944
                        Number of TST and special elements:	7586
                        Number of lossy metal components:	7906
                        Number of disp. elements:		6947

                      Subcycling state:      			Automatically deactivated

                      ------------------------------------------------------------------------------
2025-10-13 14:23:08   
                      --------------------------------------------------------------------------------
2025-10-13 14:23:08   Steady state energy criterion met, solver finished successfully.

                      ------------------------------------------------------------------------------
2025-10-13 14:23:08   Frequency domain results normalized to default signal.


                      ------------------------------------------------------------------------------
2025-10-13 14:23:08   
                        ----------------------------------------------------------------------------
                                            Peak memory used (kB)         Free physical memory (kB) 
                                                                          At begin     Minimum      
                        ----------------------------------------------------------------------------
                        Matrices calc.      170898                        7251953      5846679      
                        Solver run total    92756                         5753704      5753252      
                        ----------------------------------------------------------------------------

                      --------------------------------------------------------------------------------
                      Solver Statistics:

                        Hardware:
                           Computer name:                 	Heu 

                           Number of CPU threads:               4
                           Hardware info:                  	Hardware Accelerator Device not activated

                        Number of mesh cells:             	41400
                        Excitation duration:              	2.50761816e+001 ns 
                        Calculation time for excitation:  	0 	s
                        Number of calculated pulse widths:	1.0013 
                        Steady state accuracy limit:      	-40	dB 
                        Simulated number of time steps:   	19404 
                        Maximum number of time steps:     	387577 
                        Time step width:
                           without subcycles:             	1.293995962e-003 ns
                           used:                          	1.293995962e-003 ns

                        Reloading matrices:               	0 	s
                        Solver setup time:                	4 	s
                        Solver loop time:                 	62 	s
                        Solver post-processing time:      	1 	s
                                                          	------------
                        Total solver time:                	67 	s  ( = 0 h, 1 m, 7 s )

                      ------------------------------------------------------------------------------
2025-10-13 14:23:09   ======================================================================
                       Solver cycle: 3
                      ======================================================================

                      Stimulation at port 3 (mode 1) 



                      ------------------------------------------------------------------------------
2025-10-13 14:23:09   Units settings: 

                        Dimensions: mm
                        Frequency:  GHz
                        Time:       ns

                      ------------------------------------------------------------------------------
2025-10-13 14:23:09   The dispersive material update will be performed using the "Standard" update schema

                      ------------------------------------------------------------------------------
2025-10-13 14:23:11   Boundary conditions: 

                        YZsymmetry: none
                        XZsymmetry: none
                        XYsymmetry: none

                        Xmin: expanded open, 4 Layer, depth 33.8176 mm
                        Xmax: expanded open, 4 Layer, depth 33.8176 mm

                        Ymin: expanded open, 4 Layer, depth 40.9259 mm
                        Ymax: expanded open, 4 Layer, depth 33.8176 mm

                        Zmin: expanded open, 4 Layer, depth 38.8407 mm
                        Zmax: expanded open, 4 Layer, depth 31.932 mm

                        PML-Type: Convolution PML

                      ------------------------------------------------------------------------------
2025-10-13 14:23:11   Frequency settings: 

                        Fmin:         2.3
                        Fmax:         2.5835
                        Nfsteps(lin): 1001

                      ------------------------------------------------------------------------------
2025-10-13 14:23:11   Field update statistics:

                        Number of components in total: 	265944
                        Number of TST and special elements:	7586
                        Number of lossy metal components:	7906
                        Number of disp. elements:		6947

                      Subcycling state:      			Automatically deactivated

                      ------------------------------------------------------------------------------
2025-10-13 14:24:18   
                      --------------------------------------------------------------------------------
2025-10-13 14:24:18   Steady state energy criterion met, solver finished successfully.

                      ------------------------------------------------------------------------------
2025-10-13 14:24:18   Frequency domain results normalized to default signal.


                      ------------------------------------------------------------------------------
2025-10-13 14:24:18   
                        ----------------------------------------------------------------------------
                                            Peak memory used (kB)         Free physical memory (kB) 
                                                                          At begin     Minimum      
                        ----------------------------------------------------------------------------
                        Matrices calc.      170898                        7251953      5846679      
                        Solver run total    96444                         5909344      5909280      
                        ----------------------------------------------------------------------------

                      --------------------------------------------------------------------------------
                      Solver Statistics:

                        Hardware:
                           Computer name:                 	Heu 

                           Number of CPU threads:               4
                           Hardware info:                  	Hardware Accelerator Device not activated

                        Number of mesh cells:             	41400
                        Excitation duration:              	2.50761816e+001 ns 
                        Calculation time for excitation:  	0 	s
                        Number of calculated pulse widths:	1.0013 
                        Steady state accuracy limit:      	-40	dB 
                        Simulated number of time steps:   	19404 
                        Maximum number of time steps:     	387577 
                        Time step width:
                           without subcycles:             	1.293995962e-003 ns
                           used:                          	1.293995962e-003 ns

                        Reloading matrices:               	0 	s
                        Solver setup time:                	4 	s
                        Solver loop time:                 	61 	s
                        Solver post-processing time:      	2 	s
                                                          	------------
                        Total solver time:                	67 	s  ( = 0 h, 1 m, 7 s )

                      ------------------------------------------------------------------------------
2025-10-13 14:24:18   ======================================================================
                       Solver cycle: 4
                      ======================================================================

                      Stimulation at port 4 (mode 1) 



                      ------------------------------------------------------------------------------
2025-10-13 14:24:18   Units settings: 

                        Dimensions: mm
                        Frequency:  GHz
                        Time:       ns

                      ------------------------------------------------------------------------------
2025-10-13 14:24:18   The dispersive material update will be performed using the "Standard" update schema

                      ------------------------------------------------------------------------------
2025-10-13 14:24:20   Boundary conditions: 

                        YZsymmetry: none
                        XZsymmetry: none
                        XYsymmetry: none

                        Xmin: expanded open, 4 Layer, depth 33.8176 mm
                        Xmax: expanded open, 4 Layer, depth 33.8176 mm

                        Ymin: expanded open, 4 Layer, depth 40.9259 mm
                        Ymax: expanded open, 4 Layer, depth 33.8176 mm

                        Zmin: expanded open, 4 Layer, depth 38.8407 mm
                        Zmax: expanded open, 4 Layer, depth 31.932 mm

                        PML-Type: Convolution PML

                      ------------------------------------------------------------------------------
2025-10-13 14:24:20   Frequency settings: 

                        Fmin:         2.3
                        Fmax:         2.5835
                        Nfsteps(lin): 1001

                      ------------------------------------------------------------------------------
2025-10-13 14:24:20   Field update statistics:

                        Number of components in total: 	265944
                        Number of TST and special elements:	7586
                        Number of lossy metal components:	7906
                        Number of disp. elements:		6947

                      Subcycling state:      			Automatically deactivated

                      ------------------------------------------------------------------------------
2025-10-13 14:25:28   
                      --------------------------------------------------------------------------------
2025-10-13 14:25:28   Steady state energy criterion met, solver finished successfully.

                      ------------------------------------------------------------------------------
2025-10-13 14:25:28   Frequency domain results normalized to default signal.


                      ------------------------------------------------------------------------------
2025-10-13 14:25:28   
                        ----------------------------------------------------------------------------
                                            Peak memory used (kB)         Free physical memory (kB) 
                                                                          At begin     Minimum      
                        ----------------------------------------------------------------------------
                        Matrices calc.      170898                        7251953      5846679      
                        Solver run total    97352                         5968696      5800340      
                        ----------------------------------------------------------------------------

                      --------------------------------------------------------------------------------
                      Solver Statistics:

                        Hardware:
                           Computer name:                 	Heu 

                           Number of CPU threads:               4
                           Hardware info:                  	Hardware Accelerator Device not activated

                        Number of mesh cells:             	41400
                        Excitation duration:              	2.50761816e+001 ns 
                        Calculation time for excitation:  	0 	s
                        Number of calculated pulse widths:	1.0013 
                        Steady state accuracy limit:      	-40	dB 
                        Simulated number of time steps:   	19404 
                        Maximum number of time steps:     	387577 
                        Time step width:
                           without subcycles:             	1.293995962e-003 ns
                           used:                          	1.293995962e-003 ns

                        Reloading matrices:               	0 	s
                        Solver setup time:                	4 	s
                        Solver loop time:                 	62 	s
                        Solver post-processing time:      	1 	s
                                                          	------------
                        Total solver time:                	67 	s  ( = 0 h, 1 m, 7 s )

                      ------------------------------------------------------------------------------
2025-10-13 14:25:29   
                        Adaptive port meshing time:          	330    	s  ( = 0 h, 5 m, 30 s )
                        Total solver time (all cycles):      	309    	s  ( = 0 h, 5 m, 9 s )
                        Solver initialization and clean-up:  	11     	s
                                                             	------------
                        Total simulation time:               	650    	s  ( = 0 h, 10 m, 50 s )

                      ------------------------------------------------------------------------------
2025-10-13 14:25:29   Solver finished at: 2025-10-13 14:25:29 +0200



                      ------------------------------------------------------------------------------
2025-10-13 14:25:30   Creating parametric 1D results for Run ID 2

                      ------------------------------------------------------------------------------
