2025-10-20 13:19:08   Build version: 2025.4 Release from 2025-04-11 (change 1409410)

2025-10-20 13:19:08   Starting adaptive port meshing.

                      ------------------------------------------------------------------------------
2025-10-20 13:19:08   Mode calculation for port 1:

                      ------------------------------------------------------------------------------
2025-10-20 13:19:08   According to the selected features the <Time Domain Solver (HEX)> will be
                      started.

                      ------------------------------------------------------------------------------
2025-10-20 13:19:08   

                      ------------------------------------------------------------------------------
2025-10-20 13:19:08   

                      ------------------------------------------------------------------------------
2025-10-20 13:19:17   Using Generalized port mode solver.

                      ------------------------------------------------------------------------------
2025-10-20 13:19:17   Using electric shielding for port 1.

                      ------------------------------------------------------------------------------
2025-10-20 13:19:20   Port mode solver: Detected dispersive material(s) at port 1. 
                      Using a constant approximation of dispersive material(s) at 2.4 GHz and neglecting loss terms.  More...

                      ------------------------------------------------------------------------------
2025-10-20 13:19:23     -------------------------------- F-Calc 2.4 --------------------------------
                        Port   Mode   Type        Z-Wave        Z-Wave-Sigma  Z-Line        F-Cutoff
                        1      1      QTEM        216           2.25e-006     76.9          ---
                        ----------------------------------------------------------------------------

2025-10-20 13:19:28   Pass 1 successfully completed. 
2025-10-20 13:19:28   According to the selected features the <Time Domain Solver (HEX)> will be
                      started.

                      ------------------------------------------------------------------------------
2025-10-20 13:19:28   

                      ------------------------------------------------------------------------------
2025-10-20 13:19:28   

                      ------------------------------------------------------------------------------
2025-10-20 13:19:44     -------------------------------- F-Calc 2.4 --------------------------------
                        Port   Mode   Type        Z-Wave        Z-Wave-Sigma  Z-Line        F-Cutoff
                        1      1      QTEM        221           7.64e-006     80            ---
                        ----------------------------------------------------------------------------

2025-10-20 13:19:49   Pass 2 successfully completed. Delta (Line Imp.): 3.82%
2025-10-20 13:19:49   According to the selected features the <Time Domain Solver (HEX)> will be
                      started.

                      ------------------------------------------------------------------------------
2025-10-20 13:19:49   

                      ------------------------------------------------------------------------------
2025-10-20 13:19:49   

                      ------------------------------------------------------------------------------
2025-10-20 13:20:05     -------------------------------- F-Calc 2.4 --------------------------------
                        Port   Mode   Type        Z-Wave        Z-Wave-Sigma  Z-Line        F-Cutoff
                        1      1      QTEM        247           3.93e-006     79.6          ---
                        ----------------------------------------------------------------------------

2025-10-20 13:20:10   Pass 3 successfully completed. Delta (Line Imp.): 0.40%
2025-10-20 13:20:10   According to the selected features the <Time Domain Solver (HEX)> will be
                      started.

                      ------------------------------------------------------------------------------
2025-10-20 13:20:10   

                      ------------------------------------------------------------------------------
2025-10-20 13:20:10   

                      ------------------------------------------------------------------------------
2025-10-20 13:20:27     -------------------------------- F-Calc 2.4 --------------------------------
                        Port   Mode   Type        Z-Wave        Z-Wave-Sigma  Z-Line        F-Cutoff
                        1      1      QTEM        251           4.29e-006     78.5          ---
                        ----------------------------------------------------------------------------

2025-10-20 13:20:32   Pass 4 successfully completed. Delta (Line Imp.): 1.39%
2025-10-20 13:20:32   Adaptive port meshing finished. 

                      ------------------------------------------------------------------------------
2025-10-20 13:20:35   The following farfield monitor(s) have been adjusted to model box [-38.1107,
                      38.1107, -31.0608, 27.4007, -4.02321, 14.5001]:
                        farfield (f=2.4417).
                      For further information please check the page "Special Solver Parameters -
                      Solver" in the Online Help.

                      ------------------------------------------------------------------------------
2025-10-20 13:20:35   According to the selected features the <Time Domain Solver (HEX)> will be
                      started.

                      ------------------------------------------------------------------------------
2025-10-20 13:20:35   
                      Solver started at: 2025-10-20 13:20:35 +0200

                        Module:  Time Domain: S-Parameter (Win 64)
                        Version: 2025.4 Release from 2025-04-11 (change 1409410)

2025-10-20 13:20:35   

                      ------------------------------------------------------------------------------
2025-10-20 13:20:35   

                      ------------------------------------------------------------------------------
2025-10-20 13:20:35   ======================================================================
                       Solver cycle: 1
                      ======================================================================

                      Stimulation at port 1 (mode 1) 



                      ------------------------------------------------------------------------------
2025-10-20 13:20:35   Units settings: 

                        Dimensions: mm
                        Frequency:  GHz
                        Time:       ns

                      ------------------------------------------------------------------------------
2025-10-20 13:20:35   The dispersive material update [Automatic] will be performed using the "Standard" update schema

                      ------------------------------------------------------------------------------
2025-10-20 13:20:51   Mesh statistics:

                         Hexahedral mesh type: Perfect Boundary Approximation (PBA)
                            Version: default

                         Parallelization type: domain decomposition
                            Number of parallel working threads: 2
                            Number of calculation domains used: 2

                         Used point accuracy enhancement value: 75.00%.
                         Acceleration mode: CPU
                         PBA fill limit: 99.00% (inverse)
                         Used point accuracy enhancement value: 74.00%.
2025-10-20 10:13:03      current system memory usage reached 75%
2025-10-20 10:15:44      current system memory usage reached 75%
2025-10-20 10:15:43      current system memory usage reached 75%
2025-10-20 10:40:03      current system memory usage reached 80%
2025-10-20 11:33:28      current system memory usage reached 75%
2025-10-20 12:02:04      current system memory usage reached 75%
2025-10-20 13:09:38      current system memory usage reached 75%
2025-10-20 13:09:39      current system memory usage reached 75%
2025-10-20 13:14:46      current system memory usage reached 75%
                         Used point accuracy enhancement value: 72.00%.
2025-10-20 13:20:39      current system memory usage reached 75%

2025-10-20 13:20:55   Using Generalized port mode solver.

                      ------------------------------------------------------------------------------
2025-10-20 13:20:55   Using electric shielding for port 1.

                      ------------------------------------------------------------------------------
2025-10-20 13:20:56   Port mode solver: Detected dispersive material(s) at port 1. 
                      Using a constant approximation of dispersive material(s) at 2.4 GHz and neglecting loss terms.  More...

                      ------------------------------------------------------------------------------
2025-10-20 13:20:56   Boundary conditions: 

                        YZsymmetry: none
                        XZsymmetry: none
                        XYsymmetry: none

                        Xmin: expanded open, 4 Layer, depth 33.9842 mm
                        Xmax: expanded open, 4 Layer, depth 33.9842 mm

                        Ymin: expanded open, 4 Layer, depth 31.7173 mm
                        Ymax: expanded open, 4 Layer, depth 34.016 mm

                        Zmin: expanded open, 4 Layer, depth 34.2083 mm
                        Zmax: expanded open, 4 Layer, depth 32.8661 mm

                        PML-Type: Convolution PML

                      ------------------------------------------------------------------------------
2025-10-20 13:20:56   Frequency settings: 

                        Fmin:         2.2
                        Fmax:         2.6
                        Nfsteps(lin): 1001

                      ------------------------------------------------------------------------------
2025-10-20 13:20:57   Field update statistics:

                        Number of components in total: 	441887
                        Number of TST and special elements:	309
                        Number of lossy metal components:	8536
                        Number of disp. elements:		9193

                      Subcycling state:      			Automatically deactivated

                      ------------------------------------------------------------------------------
2025-10-20 13:20:57   Waveguide boundaries:

2025-10-20 13:20:57   Port: 1

2025-10-20 13:20:57     -------------------------------- F-Calc 2.4 --------------------------------
                        Port   Mode   Type        Z-Wave        Z-Wave-Sigma  Z-Line        F-Cutoff
                        1      1      QTEM        216           2.25e-006     78.5          ---
                        ----------------------------------------------------------------------------

2025-10-20 13:21:00   Using standard absorber for unconsidered modes at port 1.

                      ------------------------------------------------------------------------------
2025-10-20 13:21:34   
                      --------------------------------------------------------------------------------
2025-10-20 13:21:34   Steady state energy criterion met, solver finished successfully.

                      ------------------------------------------------------------------------------
2025-10-20 13:21:34   Frequency domain results normalized to default signal.


                      ------------------------------------------------------------------------------
2025-10-20 13:21:34   
                        ----------------------------------------------------------------------------
                                            Peak memory used (kB)         Free physical memory (kB) 
                                                                          At begin     Minimum      
                        ----------------------------------------------------------------------------
                        Matrices calc.      143433                        1989257      1206054      
                        Solver run total    81436                         4629252      4511984      
                        ----------------------------------------------------------------------------

                      --------------------------------------------------------------------------------
                      Solver Statistics:

                        Hardware:
                           Computer name:                 	Heu 

                           Number of CPU threads:               4
                           Hardware info:                  	Hardware Accelerator Device not activated

                        Number of mesh cells:             	70752
                        Excitation duration:              	1.77727437e+001 ns 
                        Calculation time for excitation:  	0 	s
                        Number of calculated pulse widths:	1.09654 
                        Steady state accuracy limit:      	-40	dB 
                        Simulated number of time steps:   	9702 
                        Maximum number of time steps:     	176956 
                        Time step width:
                           without subcycles:             	2.008709695e-003 ns
                           used:                          	2.008709695e-003 ns

                        Matrix calculation time:          	15 	s
                        Solver setup time:                	12 	s
                        Solver loop time:                 	28 	s
                        Solver post-processing time:      	2 	s
                                                          	------------
                        Total solver time:                	57 	s

                      ------------------------------------------------------------------------------
2025-10-20 13:21:35   
                        Adaptive port meshing time:          	85     	s  ( = 0 h, 1 m, 25 s )
                        Total solver time (all cycles):      	57     	s
                        Solver initialization and clean-up:  	3      	s
                                                             	------------
                        Total simulation time:               	145    	s  ( = 0 h, 2 m, 25 s )

                      ------------------------------------------------------------------------------
2025-10-20 13:21:36   Solver finished at: 2025-10-20 13:21:36 +0200



                      ------------------------------------------------------------------------------
2025-10-20 13:21:37   Creating parametric 1D results for Run ID 2

                      ------------------------------------------------------------------------------
