Port monitor named: Port1_h1.prt

nx        = 36
ny        = 4
nz        = 19

nu        = 17
nv        = 34
iu        = 2
iv        = 2

idir      = 1
dcut      = -3.820000e-002
icut      = 2
type      = 1
frequency = 2.400000e+009

fcutoff   = 0.000000e+000
alpha     = 0.000000e+000
beta      = 9.402338e+001
accuracy  = 7.247753e-010

type          = QTEM
wave imp.     = 2.486517e+002
wave imp.sig. = 1.699790e-007
line imp.     = 4.207456e+001

ref. port     = 0

0.000000e+000  2.131693e-002  4.214212e-002  6.200967e-002  8.050301e-002  9.841765e-002  1.142001e-001  1.276627e-001  1.387236e-001  1.473981e-001  1.537849e-001  1.580484e-001  1.604013e-001  1.601058e-001  1.552768e-001  1.291115e-001  1.072644e-001  
0.000000e+000  8.131157e-002  1.600359e-001  2.337731e-001  3.004756e-001  3.624552e-001  4.139543e-001  4.545139e-001  4.842878e-001  5.039240e-001  5.144267e-001  5.170195e-001  5.130268e-001  4.892755e-001  4.543949e-001  3.419207e-001  2.678408e-001  
0.000000e+000  1.904594e-001  3.720576e-001  5.367996e-001  6.783253e-001  7.997789e-001  8.891674e-001  9.473538e-001  9.772875e-001  9.831833e-001  9.697737e-001  9.417442e-001  9.033753e-001  8.066941e-001  7.051873e-001  4.703448e-001  3.453075e-001  
0.000000e+000  3.791700e-001  7.338919e-001  1.042321e+000  1.287971e+000  1.472447e+000  1.578089e+000  1.614468e+000  1.595950e+000  1.537863e+000  1.454022e+000  1.355629e+000  1.251112e+000  1.041659e+000  8.561423e-001  5.148376e-001  3.589856e-001  
0.000000e+000  6.123523e-001  1.178405e+000  1.654948e+000  2.007978e+000  2.232789e+000  2.312688e+000  2.279065e+000  2.168814e+000  2.014317e+000  1.839769e+000  1.661385e+000  1.489127e+000  1.179835e+000  9.290918e-001  5.223727e-001  3.521687e-001  
0.000000e+000  9.249933e-001  1.778329e+000  2.482198e+000  2.961643e+000  3.186050e+000  3.160762e+000  2.974641e+000  2.708597e+000  2.417515e+000  2.132510e+000  1.868667e+000  1.631794e+000  1.241995e+000  9.464064e-001  5.078422e-001  3.347005e-001  
0.000000e+000  1.172316e+000  2.262766e+000  3.165284e+000  3.752292e+000  3.944007e+000  3.791093e+000  3.454410e+000  3.054542e+000  2.658363e+000  2.295604e+000  1.975796e+000  1.699017e+000  1.263529e+000  9.445648e-001  4.933036e-001  3.208088e-001  
0.000000e+000  1.486716e+000  2.901316e+000  4.107298e+000  4.868650e+000  4.954117e+000  4.557303e+000  3.982710e+000  3.400396e+000  2.877319e+000  2.429618e+000  2.053520e+000  1.739255e+000  1.265095e+000  9.286269e-001  4.727272e-001  3.035638e-001  
0.000000e+000  1.860062e+000  3.710824e+000  5.414312e+000  6.529166e+000  6.316620e+000  5.455711e+000  4.519940e+000  3.706342e+000  3.044275e+000  2.513979e+000  2.088328e+000  1.743804e+000  1.242871e+000  8.970535e-001  4.459652e-001  2.830211e-001  
0.000000e+000  2.180456e+000  4.493779e+000  6.922003e+000  8.810626e+000  7.862818e+000  6.261717e+000  4.901296e+000  3.874488e+000  3.106913e+000  2.523176e+000  2.069792e+000  1.710743e+000  1.201455e+000  8.563700e-001  4.182096e-001  2.630386e-001  
0.000000e+000  2.389234e+000  5.085032e+000  8.354321e+000  1.170138e+001  9.343264e+000  6.837760e+000  5.100307e+000  3.924992e+000  3.096873e+000  2.487567e+000  2.023647e+000  1.661017e+000  1.154393e+000  8.152773e-001  3.928131e-001  2.453780e-001  
0.000000e+000  2.479401e+000  5.454306e+000  9.755434e+000  1.666609e+001  1.087723e+001  7.156784e+000  5.111243e+000  3.859639e+000  3.014063e+000  2.403777e+000  1.944048e+000  1.587301e+000  1.093626e+000  7.661459e-001  3.646591e-001  2.263639e-001  
0.000000e+000  2.378050e+000  5.311156e+000  1.014842e+001  2.623323e+001  1.171606e+001  6.912262e+000  4.855725e+000  3.658512e+000  2.852879e+000  2.270024e+000  1.830393e+000  1.489435e+000  1.019241e+000  7.091364e-001  3.338700e-001  2.060785e-001  
0.000000e+000  2.019269e+000  4.313157e+000  7.286747e+000  0.000000e+000  7.283087e+000  5.582248e+000  4.237531e+000  3.281247e+000  2.585474e+000  2.064079e+000  1.664195e+000  1.351815e+000  9.198209e-001  6.357989e-001  2.960830e-001  1.816983e-001  
0.000000e+000  1.445645e+000  2.770397e+000  3.335894e+000  0.000000e+000  3.691717e+000  3.901720e+000  3.335507e+000  2.718376e+000  2.192298e+000  1.768312e+000  1.431287e+000  1.163427e+000  7.888453e-001  5.423811e-001  2.501313e-001  1.526945e-001  
0.000000e+000  6.978977e-001  1.166185e+000  1.061367e+000  0.000000e+000  1.434603e+000  2.021697e+000  2.027453e+000  1.801944e+000  1.520847e+000  1.254988e+000  1.026529e+000  8.378760e-001  5.668508e-001  3.874344e-001  1.764879e-001  1.070085e-001  
0.000000e+000  -4.428909e-010  1.405577e-010  2.034883e-010  0.000000e+000  1.248909e-009  1.215854e-009  1.015144e-009  -2.245776e-010  -1.828953e-009  1.881009e-010  -1.316723e-009  1.844630e-010  -1.093888e-009  -6.387218e-010  2.505233e-009  1.712048e-009  
0.000000e+000  -6.978977e-001  -1.166185e+000  -1.061367e+000  0.000000e+000  -1.434603e+000  -2.021697e+000  -2.027453e+000  -1.801944e+000  -1.520847e+000  -1.254988e+000  -1.026529e+000  -8.378760e-001  -5.668508e-001  -3.874344e-001  -1.764879e-001  -1.070085e-001  
0.000000e+000  -1.445645e+000  -2.770397e+000  -3.335894e+000  0.000000e+000  -3.691717e+000  -3.901720e+000  -3.335507e+000  -2.718376e+000  -2.192298e+000  -1.768312e+000  -1.431287e+000  -1.163427e+000  -7.888453e-001  -5.423811e-001  -2.501314e-001  -1.526945e-001  
0.000000e+000  -2.019269e+000  -4.313157e+000  -7.286747e+000  0.000000e+000  -7.283087e+000  -5.582248e+000  -4.237531e+000  -3.281247e+000  -2.585474e+000  -2.064079e+000  -1.664195e+000  -1.351815e+000  -9.198209e-001  -6.357990e-001  -2.960829e-001  -1.816983e-001  
0.000000e+000  -2.378050e+000  -5.311156e+000  -1.014842e+001  -2.623323e+001  -1.171606e+001  -6.912262e+000  -4.855725e+000  -3.658512e+000  -2.852879e+000  -2.270024e+000  -1.830393e+000  -1.489435e+000  -1.019241e+000  -7.091364e-001  -3.338701e-001  -2.060786e-001  
0.000000e+000  -2.479401e+000  -5.454306e+000  -9.755434e+000  -1.666609e+001  -1.087723e+001  -7.156784e+000  -5.111243e+000  -3.859639e+000  -3.014063e+000  -2.403777e+000  -1.944048e+000  -1.587301e+000  -1.093626e+000  -7.661459e-001  -3.646590e-001  -2.263638e-001  
0.000000e+000  -2.389235e+000  -5.085032e+000  -8.354321e+000  -1.170138e+001  -9.343264e+000  -6.837760e+000  -5.100307e+000  -3.924992e+000  -3.096873e+000  -2.487567e+000  -2.023647e+000  -1.661017e+000  -1.154393e+000  -8.152773e-001  -3.928131e-001  -2.453782e-001  
0.000000e+000  -2.180456e+000  -4.493779e+000  -6.922002e+000  -8.810626e+000  -7.862818e+000  -6.261717e+000  -4.901296e+000  -3.874488e+000  -3.106913e+000  -2.523177e+000  -2.069792e+000  -1.710743e+000  -1.201455e+000  -8.563700e-001  -4.182096e-001  -2.630385e-001  
0.000000e+000  -1.860063e+000  -3.710824e+000  -5.414312e+000  -6.529166e+000  -6.316620e+000  -5.455711e+000  -4.519940e+000  -3.706342e+000  -3.044275e+000  -2.513979e+000  -2.088328e+000  -1.743804e+000  -1.242871e+000  -8.970535e-001  -4.459652e-001  -2.830211e-001  
0.000000e+000  -1.486716e+000  -2.901316e+000  -4.107298e+000  -4.868650e+000  -4.954117e+000  -4.557303e+000  -3.982710e+000  -3.400396e+000  -2.877319e+000  -2.429618e+000  -2.053520e+000  -1.739255e+000  -1.265095e+000  -9.286269e-001  -4.727273e-001  -3.035638e-001  
0.000000e+000  -1.172316e+000  -2.262766e+000  -3.165284e+000  -3.752292e+000  -3.944007e+000  -3.791093e+000  -3.454410e+000  -3.054542e+000  -2.658363e+000  -2.295604e+000  -1.975796e+000  -1.699017e+000  -1.263529e+000  -9.445647e-001  -4.933035e-001  -3.208088e-001  
0.000000e+000  -9.249934e-001  -1.778328e+000  -2.482198e+000  -2.961643e+000  -3.186050e+000  -3.160762e+000  -2.974641e+000  -2.708597e+000  -2.417515e+000  -2.132510e+000  -1.868667e+000  -1.631794e+000  -1.241995e+000  -9.464064e-001  -5.078422e-001  -3.347005e-001  
0.000000e+000  -6.123523e-001  -1.178405e+000  -1.654948e+000  -2.007978e+000  -2.232789e+000  -2.312688e+000  -2.279065e+000  -2.168814e+000  -2.014317e+000  -1.839769e+000  -1.661385e+000  -1.489127e+000  -1.179835e+000  -9.290918e-001  -5.223727e-001  -3.521687e-001  
0.000000e+000  -3.791700e-001  -7.338918e-001  -1.042321e+000  -1.287971e+000  -1.472447e+000  -1.578089e+000  -1.614468e+000  -1.595950e+000  -1.537863e+000  -1.454022e+000  -1.355629e+000  -1.251112e+000  -1.041659e+000  -8.561423e-001  -5.148376e-001  -3.589856e-001  
0.000000e+000  -1.904594e-001  -3.720576e-001  -5.367996e-001  -6.783253e-001  -7.997789e-001  -8.891674e-001  -9.473538e-001  -9.772875e-001  -9.831833e-001  -9.697737e-001  -9.417442e-001  -9.033753e-001  -8.066941e-001  -7.051873e-001  -4.703448e-001  -3.453075e-001  
0.000000e+000  -8.131157e-002  -1.600359e-001  -2.337731e-001  -3.004756e-001  -3.624552e-001  -4.139543e-001  -4.545139e-001  -4.842878e-001  -5.039240e-001  -5.144267e-001  -5.170195e-001  -5.130268e-001  -4.892755e-001  -4.543949e-001  -3.419207e-001  -2.678408e-001  
0.000000e+000  -2.131693e-002  -4.214212e-002  -6.200967e-002  -8.050301e-002  -9.841765e-002  -1.142001e-001  -1.276627e-001  -1.387236e-001  -1.473981e-001  -1.537849e-001  -1.580484e-001  -1.604013e-001  -1.601058e-001  -1.552768e-001  -1.291115e-001  -1.072644e-001  
0.000000e+000  0.000000e+000  0.000000e+000  0.000000e+000  0.000000e+000  0.000000e+000  0.000000e+000  0.000000e+000  0.000000e+000  0.000000e+000  0.000000e+000  0.000000e+000  0.000000e+000  0.000000e+000  0.000000e+000  0.000000e+000  0.000000e+000  

-1.067176e+000  -1.060042e+000  -1.045913e+000  -1.025058e+000  -9.994111e-001  -9.702300e-001  -9.365781e-001  -8.991145e-001  -8.585207e-001  -8.154733e-001  -7.706203e-001  -7.245631e-001  -6.544820e-001  -5.612168e-001  -3.919311e-001  -1.312845e-001  0.000000e+000  
-1.261280e+000  -1.250229e+000  -1.228464e+000  -1.196633e+000  -1.157111e+000  -1.111742e+000  -1.060450e+000  -1.004668e+000  -9.457904e-001  -8.851029e-001  -8.237421e-001  -7.626682e-001  -6.726507e-001  -5.604463e-001  -3.693273e-001  -1.163097e-001  0.000000e+000  
-1.761413e+000  -1.736187e+000  -1.687070e+000  -1.616584e+000  -1.528926e+000  -1.428704e+000  -1.320021e+000  -1.207426e+000  -1.094841e+000  -9.853820e-001  -8.813316e-001  -7.841927e-001  -6.501116e-001  -5.042016e-001  -2.874741e-001  -7.829335e-002  0.000000e+000  
-2.648221e+000  -2.585296e+000  -2.464400e+000  -2.294895e+000  -2.087389e+000  -1.856674e+000  -1.620587e+000  -1.392020e+000  -1.179992e+000  -9.897567e-001  -8.234880e-001  -6.811520e-001  -5.013893e-001  -3.383951e-001  -1.404415e-001  -2.555638e-002  0.000000e+000  
-3.502038e+000  -3.387588e+000  -3.169070e+000  -2.867028e+000  -2.504025e+000  -2.114444e+000  -1.738172e+000  -1.397681e+000  -1.103990e+000  -8.594494e-001  -6.611409e-001  -5.035983e-001  -3.190699e-001  -1.748170e-001  -2.946509e-002  8.008269e-003  0.000000e+000  
-4.855671e+000  -4.644016e+000  -4.237487e+000  -3.675805e+000  -3.010403e+000  -2.330224e+000  -1.725063e+000  -1.228445e+000  -8.426550e-001  -5.540122e-001  -3.439317e-001  -1.946410e-001  -3.966225e-002  5.237021e-002  1.049922e-001  4.505275e-002  0.000000e+000  
-5.726780e+000  -5.450337e+000  -4.908585e+000  -4.143693e+000  -3.232438e+000  -2.336857e+000  -1.591881e+000  -1.024416e+000  -6.146921e-001  -3.288486e-001  -1.346657e-001  -6.468057e-003  1.152341e-001  1.696688e-001  1.681753e-001  6.142457e-002  0.000000e+000  
-6.823848e+000  -6.473531e+000  -5.761986e+000  -4.711677e+000  -3.429053e+000  -2.236716e+000  -1.331872e+000  -7.073540e-001  -2.978018e-001  -3.778034e-002  1.221302e-001  2.156802e-001  2.896925e-001  2.970802e-001  2.334900e-001  7.778834e-002  0.000000e+000  
-8.207390e+000  -7.792294e+000  -6.892672e+000  -5.440460e+000  -3.537839e+000  -1.930879e+000  -8.705815e-001  -2.356766e-001  1.268032e-001  3.255391e-001  4.269431e-001  4.699300e-001  4.808743e-001  4.322134e-001  2.997404e-001  9.388248e-002  0.000000e+000  
-9.930343e+000  -9.507791e+000  -8.476432e+000  -6.492661e+000  -3.395869e+000  -1.231963e+000  -1.028782e-001  4.325011e-001  6.697431e-001  7.594092e-001  7.742944e-001  7.503451e-001  6.838788e-001  5.717141e-001  3.655155e-001  1.094243e-001  0.000000e+000  
-1.130829e+001  -1.096914e+001  -1.001094e+001  -7.694726e+000  -2.872473e+000  -3.236344e-001  6.695091e-001  1.014042e+000  1.103039e+000  1.087815e+000  1.028540e+000  9.510839e-001  8.255855e-001  6.672607e-001  4.093437e-001  1.195716e-001  0.000000e+000  
-1.281545e+001  -1.266773e+001  -1.206791e+001  -9.803590e+000  -1.529837e+000  1.110624e+000  1.661487e+000  1.682392e+000  1.572012e+000  1.431545e+000  1.289339e+000  1.154298e+000  9.668566e-001  7.613457e-001  4.516749e-001  1.292260e-001  0.000000e+000  
-1.437776e+001  -1.453890e+001  -1.476529e+001  -1.412634e+001  1.807431e+000  3.251915e+000  2.833326e+000  2.395800e+000  2.051780e+000  1.776427e+000  1.548223e+000  1.354558e+000  1.104755e+000  8.523565e-001  4.919649e-001  1.382928e-001  0.000000e+000  
-1.587584e+001  -1.638280e+001  -1.779438e+001  -2.184662e+001  1.273379e+001  6.024486e+000  4.012687e+000  3.078532e+000  2.509138e+000  2.106067e+000  1.796039e+000  1.546179e+000  1.236268e+000  9.386584e-001  5.296724e-001  1.466799e-001  0.000000e+000  
-1.749548e+001  -1.822057e+001  -2.017163e+001  -2.517066e+001  1.211382e+001  7.259322e+000  4.988563e+000  3.770497e+000  3.011060e+000  2.481108e+000  2.082887e+000  1.769668e+000  1.390138e+000  1.039331e+000  5.731478e-001  1.562392e-001  0.000000e+000  
-1.865844e+001  -1.928884e+001  -2.064160e+001  -2.256011e+001  9.118920e+000  7.085155e+000  5.391664e+000  4.213940e+000  3.389347e+000  2.785659e+000  2.324557e+000  1.961350e+000  1.523662e+000  1.126781e+000  6.105895e-001  1.643897e-001  0.000000e+000  
-1.979081e+001  -2.005919e+001  -2.050767e+001  -2.091589e+001  6.781143e+000  6.191860e+000  5.361613e+000  4.529271e+000  3.789820e+000  3.166053e+000  2.651665e+000  2.231250e+000  1.717013e+000  1.254250e+000  6.647130e-001  1.760272e-001  0.000000e+000  
-1.979081e+001  -2.005919e+001  -2.050767e+001  -2.091589e+001  6.781143e+000  6.191860e+000  5.361613e+000  4.529271e+000  3.789820e+000  3.166053e+000  2.651665e+000  2.231250e+000  1.717013e+000  1.254250e+000  6.647130e-001  1.760272e-001  0.000000e+000  
-1.865844e+001  -1.928884e+001  -2.064160e+001  -2.256011e+001  9.118920e+000  7.085155e+000  5.391664e+000  4.213940e+000  3.389347e+000  2.785659e+000  2.324557e+000  1.961350e+000  1.523662e+000  1.126781e+000  6.105895e-001  1.643897e-001  0.000000e+000  
-1.749548e+001  -1.822057e+001  -2.017163e+001  -2.517066e+001  1.211382e+001  7.259322e+000  4.988563e+000  3.770497e+000  3.011060e+000  2.481108e+000  2.082887e+000  1.769668e+000  1.390138e+000  1.039331e+000  5.731478e-001  1.562392e-001  0.000000e+000  
-1.587584e+001  -1.638280e+001  -1.779438e+001  -2.184662e+001  1.273379e+001  6.024486e+000  4.012687e+000  3.078532e+000  2.509138e+000  2.106067e+000  1.796039e+000  1.546179e+000  1.236268e+000  9.386584e-001  5.296724e-001  1.466799e-001  0.000000e+000  
-1.437776e+001  -1.453890e+001  -1.476529e+001  -1.412634e+001  1.807431e+000  3.251915e+000  2.833326e+000  2.395800e+000  2.051780e+000  1.776427e+000  1.548223e+000  1.354558e+000  1.104755e+000  8.523565e-001  4.919649e-001  1.382928e-001  0.000000e+000  
-1.281545e+001  -1.266773e+001  -1.206791e+001  -9.803590e+000  -1.529837e+000  1.110624e+000  1.661487e+000  1.682392e+000  1.572012e+000  1.431545e+000  1.289339e+000  1.154298e+000  9.668566e-001  7.613457e-001  4.516749e-001  1.292260e-001  0.000000e+000  
-1.130829e+001  -1.096914e+001  -1.001094e+001  -7.694726e+000  -2.872473e+000  -3.236344e-001  6.695090e-001  1.014042e+000  1.103039e+000  1.087815e+000  1.028540e+000  9.510839e-001  8.255855e-001  6.672607e-001  4.093437e-001  1.195716e-001  0.000000e+000  
-9.930343e+000  -9.507791e+000  -8.476432e+000  -6.492661e+000  -3.395869e+000  -1.231963e+000  -1.028782e-001  4.325011e-001  6.697431e-001  7.594092e-001  7.742944e-001  7.503451e-001  6.838788e-001  5.717141e-001  3.655155e-001  1.094243e-001  0.000000e+000  
-8.207390e+000  -7.792294e+000  -6.892672e+000  -5.440460e+000  -3.537839e+000  -1.930879e+000  -8.705815e-001  -2.356766e-001  1.268033e-001  3.255391e-001  4.269431e-001  4.699299e-001  4.808743e-001  4.322134e-001  2.997404e-001  9.388249e-002  0.000000e+000  
-6.823848e+000  -6.473531e+000  -5.761986e+000  -4.711677e+000  -3.429053e+000  -2.236716e+000  -1.331872e+000  -7.073540e-001  -2.978018e-001  -3.778033e-002  1.221302e-001  2.156802e-001  2.896925e-001  2.970802e-001  2.334900e-001  7.778834e-002  0.000000e+000  
-5.726780e+000  -5.450337e+000  -4.908585e+000  -4.143693e+000  -3.232438e+000  -2.336857e+000  -1.591881e+000  -1.024416e+000  -6.146921e-001  -3.288486e-001  -1.346657e-001  -6.468038e-003  1.152341e-001  1.696688e-001  1.681753e-001  6.142457e-002  0.000000e+000  
-4.855671e+000  -4.644016e+000  -4.237487e+000  -3.675805e+000  -3.010403e+000  -2.330224e+000  -1.725063e+000  -1.228445e+000  -8.426550e-001  -5.540122e-001  -3.439317e-001  -1.946410e-001  -3.966225e-002  5.237021e-002  1.049922e-001  4.505275e-002  0.000000e+000  
-3.502038e+000  -3.387588e+000  -3.169070e+000  -2.867028e+000  -2.504025e+000  -2.114444e+000  -1.738172e+000  -1.397681e+000  -1.103990e+000  -8.594494e-001  -6.611409e-001  -5.035983e-001  -3.190699e-001  -1.748170e-001  -2.946509e-002  8.008270e-003  0.000000e+000  
-2.648221e+000  -2.585296e+000  -2.464400e+000  -2.294895e+000  -2.087389e+000  -1.856674e+000  -1.620587e+000  -1.392020e+000  -1.179992e+000  -9.897567e-001  -8.234880e-001  -6.811520e-001  -5.013893e-001  -3.383951e-001  -1.404415e-001  -2.555638e-002  0.000000e+000  
-1.761413e+000  -1.736187e+000  -1.687070e+000  -1.616584e+000  -1.528926e+000  -1.428704e+000  -1.320021e+000  -1.207426e+000  -1.094841e+000  -9.853820e-001  -8.813316e-001  -7.841927e-001  -6.501116e-001  -5.042016e-001  -2.874741e-001  -7.829335e-002  0.000000e+000  
-1.261280e+000  -1.250229e+000  -1.228464e+000  -1.196633e+000  -1.157111e+000  -1.111742e+000  -1.060450e+000  -1.004668e+000  -9.457904e-001  -8.851029e-001  -8.237421e-001  -7.626682e-001  -6.726507e-001  -5.604463e-001  -3.693273e-001  -1.163097e-001  0.000000e+000  
-1.067176e+000  -1.060042e+000  -1.045913e+000  -1.025058e+000  -9.994111e-001  -9.702300e-001  -9.365781e-001  -8.991145e-001  -8.585207e-001  -8.154733e-001  -7.706203e-001  -7.245631e-001  -6.544820e-001  -5.612168e-001  -3.919311e-001  -1.312845e-001  0.000000e+000  

0.000000e+000  0.000000e+000  0.000000e+000  0.000000e+000  0.000000e+000  0.000000e+000  0.000000e+000  0.000000e+000  0.000000e+000  0.000000e+000  0.000000e+000  0.000000e+000  0.000000e+000  0.000000e+000  0.000000e+000  0.000000e+000  0.000000e+000  
0.000000e+000  0.000000e+000  0.000000e+000  0.000000e+000  0.000000e+000  0.000000e+000  0.000000e+000  0.000000e+000  0.000000e+000  0.000000e+000  0.000000e+000  0.000000e+000  0.000000e+000  0.000000e+000  0.000000e+000  0.000000e+000  0.000000e+000  
0.000000e+000  0.000000e+000  0.000000e+000  0.000000e+000  0.000000e+000  0.000000e+000  0.000000e+000  0.000000e+000  0.000000e+000  0.000000e+000  0.000000e+000  0.000000e+000  0.000000e+000  0.000000e+000  0.000000e+000  0.000000e+000  0.000000e+000  
0.000000e+000  0.000000e+000  0.000000e+000  0.000000e+000  0.000000e+000  0.000000e+000  0.000000e+000  0.000000e+000  0.000000e+000  0.000000e+000  0.000000e+000  0.000000e+000  0.000000e+000  0.000000e+000  0.000000e+000  0.000000e+000  0.000000e+000  
0.000000e+000  0.000000e+000  0.000000e+000  0.000000e+000  0.000000e+000  0.000000e+000  0.000000e+000  0.000000e+000  0.000000e+000  0.000000e+000  0.000000e+000  0.000000e+000  0.000000e+000  0.000000e+000  0.000000e+000  0.000000e+000  0.000000e+000  
0.000000e+000  0.000000e+000  0.000000e+000  0.000000e+000  0.000000e+000  0.000000e+000  0.000000e+000  0.000000e+000  0.000000e+000  0.000000e+000  0.000000e+000  0.000000e+000  0.000000e+000  0.000000e+000  0.000000e+000  0.000000e+000  0.000000e+000  
0.000000e+000  0.000000e+000  0.000000e+000  0.000000e+000  0.000000e+000  0.000000e+000  0.000000e+000  0.000000e+000  0.000000e+000  0.000000e+000  0.000000e+000  0.000000e+000  0.000000e+000  0.000000e+000  0.000000e+000  0.000000e+000  0.000000e+000  
0.000000e+000  0.000000e+000  0.000000e+000  0.000000e+000  0.000000e+000  0.000000e+000  0.000000e+000  0.000000e+000  0.000000e+000  0.000000e+000  0.000000e+000  0.000000e+000  0.000000e+000  0.000000e+000  0.000000e+000  0.000000e+000  0.000000e+000  
0.000000e+000  0.000000e+000  0.000000e+000  0.000000e+000  0.000000e+000  0.000000e+000  0.000000e+000  0.000000e+000  0.000000e+000  0.000000e+000  0.000000e+000  0.000000e+000  0.000000e+000  0.000000e+000  0.000000e+000  0.000000e+000  0.000000e+000  
0.000000e+000  0.000000e+000  0.000000e+000  0.000000e+000  0.000000e+000  0.000000e+000  0.000000e+000  0.000000e+000  0.000000e+000  0.000000e+000  0.000000e+000  0.000000e+000  0.000000e+000  0.000000e+000  0.000000e+000  0.000000e+000  0.000000e+000  
0.000000e+000  0.000000e+000  0.000000e+000  0.000000e+000  0.000000e+000  0.000000e+000  0.000000e+000  0.000000e+000  0.000000e+000  0.000000e+000  0.000000e+000  0.000000e+000  0.000000e+000  0.000000e+000  0.000000e+000  0.000000e+000  0.000000e+000  
0.000000e+000  0.000000e+000  0.000000e+000  0.000000e+000  0.000000e+000  0.000000e+000  0.000000e+000  0.000000e+000  0.000000e+000  0.000000e+000  0.000000e+000  0.000000e+000  0.000000e+000  0.000000e+000  0.000000e+000  0.000000e+000  0.000000e+000  
0.000000e+000  0.000000e+000  0.000000e+000  0.000000e+000  0.000000e+000  0.000000e+000  0.000000e+000  0.000000e+000  0.000000e+000  0.000000e+000  0.000000e+000  0.000000e+000  0.000000e+000  0.000000e+000  0.000000e+000  0.000000e+000  0.000000e+000  
0.000000e+000  0.000000e+000  0.000000e+000  0.000000e+000  0.000000e+000  0.000000e+000  0.000000e+000  0.000000e+000  0.000000e+000  0.000000e+000  0.000000e+000  0.000000e+000  0.000000e+000  0.000000e+000  0.000000e+000  0.000000e+000  0.000000e+000  
0.000000e+000  0.000000e+000  0.000000e+000  0.000000e+000  0.000000e+000  0.000000e+000  0.000000e+000  0.000000e+000  0.000000e+000  0.000000e+000  0.000000e+000  0.000000e+000  0.000000e+000  0.000000e+000  0.000000e+000  0.000000e+000  0.000000e+000  
0.000000e+000  0.000000e+000  0.000000e+000  0.000000e+000  0.000000e+000  0.000000e+000  0.000000e+000  0.000000e+000  0.000000e+000  0.000000e+000  0.000000e+000  0.000000e+000  0.000000e+000  0.000000e+000  0.000000e+000  0.000000e+000  0.000000e+000  
0.000000e+000  0.000000e+000  0.000000e+000  0.000000e+000  0.000000e+000  0.000000e+000  0.000000e+000  0.000000e+000  0.000000e+000  0.000000e+000  0.000000e+000  0.000000e+000  0.000000e+000  0.000000e+000  0.000000e+000  0.000000e+000  0.000000e+000  
0.000000e+000  0.000000e+000  0.000000e+000  0.000000e+000  0.000000e+000  0.000000e+000  0.000000e+000  0.000000e+000  0.000000e+000  0.000000e+000  0.000000e+000  0.000000e+000  0.000000e+000  0.000000e+000  0.000000e+000  0.000000e+000  0.000000e+000  
0.000000e+000  0.000000e+000  0.000000e+000  0.000000e+000  0.000000e+000  0.000000e+000  0.000000e+000  0.000000e+000  0.000000e+000  0.000000e+000  0.000000e+000  0.000000e+000  0.000000e+000  0.000000e+000  0.000000e+000  0.000000e+000  0.000000e+000  
0.000000e+000  0.000000e+000  0.000000e+000  0.000000e+000  0.000000e+000  0.000000e+000  0.000000e+000  0.000000e+000  0.000000e+000  0.000000e+000  0.000000e+000  0.000000e+000  0.000000e+000  0.000000e+000  0.000000e+000  0.000000e+000  0.000000e+000  
0.000000e+000  0.000000e+000  0.000000e+000  0.000000e+000  0.000000e+000  0.000000e+000  0.000000e+000  0.000000e+000  0.000000e+000  0.000000e+000  0.000000e+000  0.000000e+000  0.000000e+000  0.000000e+000  0.000000e+000  0.000000e+000  0.000000e+000  
0.000000e+000  0.000000e+000  0.000000e+000  0.000000e+000  0.000000e+000  0.000000e+000  0.000000e+000  0.000000e+000  0.000000e+000  0.000000e+000  0.000000e+000  0.000000e+000  0.000000e+000  0.000000e+000  0.000000e+000  0.000000e+000  0.000000e+000  
0.000000e+000  0.000000e+000  0.000000e+000  0.000000e+000  0.000000e+000  0.000000e+000  0.000000e+000  0.000000e+000  0.000000e+000  0.000000e+000  0.000000e+000  0.000000e+000  0.000000e+000  0.000000e+000  0.000000e+000  0.000000e+000  0.000000e+000  
0.000000e+000  0.000000e+000  0.000000e+000  0.000000e+000  0.000000e+000  0.000000e+000  0.000000e+000  0.000000e+000  0.000000e+000  0.000000e+000  0.000000e+000  0.000000e+000  0.000000e+000  0.000000e+000  0.000000e+000  0.000000e+000  0.000000e+000  
0.000000e+000  0.000000e+000  0.000000e+000  0.000000e+000  0.000000e+000  0.000000e+000  0.000000e+000  0.000000e+000  0.000000e+000  0.000000e+000  0.000000e+000  0.000000e+000  0.000000e+000  0.000000e+000  0.000000e+000  0.000000e+000  0.000000e+000  
0.000000e+000  0.000000e+000  0.000000e+000  0.000000e+000  0.000000e+000  0.000000e+000  0.000000e+000  0.000000e+000  0.000000e+000  0.000000e+000  0.000000e+000  0.000000e+000  0.000000e+000  0.000000e+000  0.000000e+000  0.000000e+000  0.000000e+000  
0.000000e+000  0.000000e+000  0.000000e+000  0.000000e+000  0.000000e+000  0.000000e+000  0.000000e+000  0.000000e+000  0.000000e+000  0.000000e+000  0.000000e+000  0.000000e+000  0.000000e+000  0.000000e+000  0.000000e+000  0.000000e+000  0.000000e+000  
0.000000e+000  0.000000e+000  0.000000e+000  0.000000e+000  0.000000e+000  0.000000e+000  0.000000e+000  0.000000e+000  0.000000e+000  0.000000e+000  0.000000e+000  0.000000e+000  0.000000e+000  0.000000e+000  0.000000e+000  0.000000e+000  0.000000e+000  
0.000000e+000  0.000000e+000  0.000000e+000  0.000000e+000  0.000000e+000  0.000000e+000  0.000000e+000  0.000000e+000  0.000000e+000  0.000000e+000  0.000000e+000  0.000000e+000  0.000000e+000  0.000000e+000  0.000000e+000  0.000000e+000  0.000000e+000  
0.000000e+000  0.000000e+000  0.000000e+000  0.000000e+000  0.000000e+000  0.000000e+000  0.000000e+000  0.000000e+000  0.000000e+000  0.000000e+000  0.000000e+000  0.000000e+000  0.000000e+000  0.000000e+000  0.000000e+000  0.000000e+000  0.000000e+000  
0.000000e+000  0.000000e+000  0.000000e+000  0.000000e+000  0.000000e+000  0.000000e+000  0.000000e+000  0.000000e+000  0.000000e+000  0.000000e+000  0.000000e+000  0.000000e+000  0.000000e+000  0.000000e+000  0.000000e+000  0.000000e+000  0.000000e+000  
0.000000e+000  0.000000e+000  0.000000e+000  0.000000e+000  0.000000e+000  0.000000e+000  0.000000e+000  0.000000e+000  0.000000e+000  0.000000e+000  0.000000e+000  0.000000e+000  0.000000e+000  0.000000e+000  0.000000e+000  0.000000e+000  0.000000e+000  
0.000000e+000  0.000000e+000  0.000000e+000  0.000000e+000  0.000000e+000  0.000000e+000  0.000000e+000  0.000000e+000  0.000000e+000  0.000000e+000  0.000000e+000  0.000000e+000  0.000000e+000  0.000000e+000  0.000000e+000  0.000000e+000  0.000000e+000  
0.000000e+000  0.000000e+000  0.000000e+000  0.000000e+000  0.000000e+000  0.000000e+000  0.000000e+000  0.000000e+000  0.000000e+000  0.000000e+000  0.000000e+000  0.000000e+000  0.000000e+000  0.000000e+000  0.000000e+000  0.000000e+000  0.000000e+000  

0.000000e+000  0.000000e+000  0.000000e+000  0.000000e+000  0.000000e+000  0.000000e+000  0.000000e+000  0.000000e+000  0.000000e+000  0.000000e+000  0.000000e+000  0.000000e+000  0.000000e+000  0.000000e+000  0.000000e+000  0.000000e+000  0.000000e+000  
0.000000e+000  0.000000e+000  0.000000e+000  0.000000e+000  0.000000e+000  0.000000e+000  0.000000e+000  0.000000e+000  0.000000e+000  0.000000e+000  0.000000e+000  0.000000e+000  0.000000e+000  0.000000e+000  0.000000e+000  0.000000e+000  0.000000e+000  
0.000000e+000  0.000000e+000  0.000000e+000  0.000000e+000  0.000000e+000  0.000000e+000  0.000000e+000  0.000000e+000  0.000000e+000  0.000000e+000  0.000000e+000  0.000000e+000  0.000000e+000  0.000000e+000  0.000000e+000  0.000000e+000  0.000000e+000  
0.000000e+000  0.000000e+000  0.000000e+000  0.000000e+000  0.000000e+000  0.000000e+000  0.000000e+000  0.000000e+000  0.000000e+000  0.000000e+000  0.000000e+000  0.000000e+000  0.000000e+000  0.000000e+000  0.000000e+000  0.000000e+000  0.000000e+000  
0.000000e+000  0.000000e+000  0.000000e+000  0.000000e+000  0.000000e+000  0.000000e+000  0.000000e+000  0.000000e+000  0.000000e+000  0.000000e+000  0.000000e+000  0.000000e+000  0.000000e+000  0.000000e+000  0.000000e+000  0.000000e+000  0.000000e+000  
0.000000e+000  0.000000e+000  0.000000e+000  0.000000e+000  0.000000e+000  0.000000e+000  0.000000e+000  0.000000e+000  0.000000e+000  0.000000e+000  0.000000e+000  0.000000e+000  0.000000e+000  0.000000e+000  0.000000e+000  0.000000e+000  0.000000e+000  
0.000000e+000  0.000000e+000  0.000000e+000  0.000000e+000  0.000000e+000  0.000000e+000  0.000000e+000  0.000000e+000  0.000000e+000  0.000000e+000  0.000000e+000  0.000000e+000  0.000000e+000  0.000000e+000  0.000000e+000  0.000000e+000  0.000000e+000  
0.000000e+000  0.000000e+000  0.000000e+000  0.000000e+000  0.000000e+000  0.000000e+000  0.000000e+000  0.000000e+000  0.000000e+000  0.000000e+000  0.000000e+000  0.000000e+000  0.000000e+000  0.000000e+000  0.000000e+000  0.000000e+000  0.000000e+000  
0.000000e+000  0.000000e+000  0.000000e+000  0.000000e+000  0.000000e+000  0.000000e+000  0.000000e+000  0.000000e+000  0.000000e+000  0.000000e+000  0.000000e+000  0.000000e+000  0.000000e+000  0.000000e+000  0.000000e+000  0.000000e+000  0.000000e+000  
0.000000e+000  0.000000e+000  0.000000e+000  0.000000e+000  0.000000e+000  0.000000e+000  0.000000e+000  0.000000e+000  0.000000e+000  0.000000e+000  0.000000e+000  0.000000e+000  0.000000e+000  0.000000e+000  0.000000e+000  0.000000e+000  0.000000e+000  
0.000000e+000  0.000000e+000  0.000000e+000  0.000000e+000  0.000000e+000  0.000000e+000  0.000000e+000  0.000000e+000  0.000000e+000  0.000000e+000  0.000000e+000  0.000000e+000  0.000000e+000  0.000000e+000  0.000000e+000  0.000000e+000  0.000000e+000  
0.000000e+000  0.000000e+000  0.000000e+000  0.000000e+000  0.000000e+000  0.000000e+000  0.000000e+000  0.000000e+000  0.000000e+000  0.000000e+000  0.000000e+000  0.000000e+000  0.000000e+000  0.000000e+000  0.000000e+000  0.000000e+000  0.000000e+000  
0.000000e+000  0.000000e+000  0.000000e+000  0.000000e+000  0.000000e+000  0.000000e+000  0.000000e+000  0.000000e+000  0.000000e+000  0.000000e+000  0.000000e+000  0.000000e+000  0.000000e+000  0.000000e+000  0.000000e+000  0.000000e+000  0.000000e+000  
0.000000e+000  0.000000e+000  0.000000e+000  0.000000e+000  0.000000e+000  0.000000e+000  0.000000e+000  0.000000e+000  0.000000e+000  0.000000e+000  0.000000e+000  0.000000e+000  0.000000e+000  0.000000e+000  0.000000e+000  0.000000e+000  0.000000e+000  
0.000000e+000  0.000000e+000  0.000000e+000  0.000000e+000  0.000000e+000  0.000000e+000  0.000000e+000  0.000000e+000  0.000000e+000  0.000000e+000  0.000000e+000  0.000000e+000  0.000000e+000  0.000000e+000  0.000000e+000  0.000000e+000  0.000000e+000  
0.000000e+000  0.000000e+000  0.000000e+000  0.000000e+000  0.000000e+000  0.000000e+000  0.000000e+000  0.000000e+000  0.000000e+000  0.000000e+000  0.000000e+000  0.000000e+000  0.000000e+000  0.000000e+000  0.000000e+000  0.000000e+000  0.000000e+000  
0.000000e+000  0.000000e+000  0.000000e+000  0.000000e+000  0.000000e+000  0.000000e+000  0.000000e+000  0.000000e+000  0.000000e+000  0.000000e+000  0.000000e+000  0.000000e+000  0.000000e+000  0.000000e+000  0.000000e+000  0.000000e+000  0.000000e+000  
0.000000e+000  0.000000e+000  0.000000e+000  0.000000e+000  0.000000e+000  0.000000e+000  0.000000e+000  0.000000e+000  0.000000e+000  0.000000e+000  0.000000e+000  0.000000e+000  0.000000e+000  0.000000e+000  0.000000e+000  0.000000e+000  0.000000e+000  
0.000000e+000  0.000000e+000  0.000000e+000  0.000000e+000  0.000000e+000  0.000000e+000  0.000000e+000  0.000000e+000  0.000000e+000  0.000000e+000  0.000000e+000  0.000000e+000  0.000000e+000  0.000000e+000  0.000000e+000  0.000000e+000  0.000000e+000  
0.000000e+000  0.000000e+000  0.000000e+000  0.000000e+000  0.000000e+000  0.000000e+000  0.000000e+000  0.000000e+000  0.000000e+000  0.000000e+000  0.000000e+000  0.000000e+000  0.000000e+000  0.000000e+000  0.000000e+000  0.000000e+000  0.000000e+000  
0.000000e+000  0.000000e+000  0.000000e+000  0.000000e+000  0.000000e+000  0.000000e+000  0.000000e+000  0.000000e+000  0.000000e+000  0.000000e+000  0.000000e+000  0.000000e+000  0.000000e+000  0.000000e+000  0.000000e+000  0.000000e+000  0.000000e+000  
0.000000e+000  0.000000e+000  0.000000e+000  0.000000e+000  0.000000e+000  0.000000e+000  0.000000e+000  0.000000e+000  0.000000e+000  0.000000e+000  0.000000e+000  0.000000e+000  0.000000e+000  0.000000e+000  0.000000e+000  0.000000e+000  0.000000e+000  
0.000000e+000  0.000000e+000  0.000000e+000  0.000000e+000  0.000000e+000  0.000000e+000  0.000000e+000  0.000000e+000  0.000000e+000  0.000000e+000  0.000000e+000  0.000000e+000  0.000000e+000  0.000000e+000  0.000000e+000  0.000000e+000  0.000000e+000  
0.000000e+000  0.000000e+000  0.000000e+000  0.000000e+000  0.000000e+000  0.000000e+000  0.000000e+000  0.000000e+000  0.000000e+000  0.000000e+000  0.000000e+000  0.000000e+000  0.000000e+000  0.000000e+000  0.000000e+000  0.000000e+000  0.000000e+000  
0.000000e+000  0.000000e+000  0.000000e+000  0.000000e+000  0.000000e+000  0.000000e+000  0.000000e+000  0.000000e+000  0.000000e+000  0.000000e+000  0.000000e+000  0.000000e+000  0.000000e+000  0.000000e+000  0.000000e+000  0.000000e+000  0.000000e+000  
0.000000e+000  0.000000e+000  0.000000e+000  0.000000e+000  0.000000e+000  0.000000e+000  0.000000e+000  0.000000e+000  0.000000e+000  0.000000e+000  0.000000e+000  0.000000e+000  0.000000e+000  0.000000e+000  0.000000e+000  0.000000e+000  0.000000e+000  
0.000000e+000  0.000000e+000  0.000000e+000  0.000000e+000  0.000000e+000  0.000000e+000  0.000000e+000  0.000000e+000  0.000000e+000  0.000000e+000  0.000000e+000  0.000000e+000  0.000000e+000  0.000000e+000  0.000000e+000  0.000000e+000  0.000000e+000  
0.000000e+000  0.000000e+000  0.000000e+000  0.000000e+000  0.000000e+000  0.000000e+000  0.000000e+000  0.000000e+000  0.000000e+000  0.000000e+000  0.000000e+000  0.000000e+000  0.000000e+000  0.000000e+000  0.000000e+000  0.000000e+000  0.000000e+000  
0.000000e+000  0.000000e+000  0.000000e+000  0.000000e+000  0.000000e+000  0.000000e+000  0.000000e+000  0.000000e+000  0.000000e+000  0.000000e+000  0.000000e+000  0.000000e+000  0.000000e+000  0.000000e+000  0.000000e+000  0.000000e+000  0.000000e+000  
0.000000e+000  0.000000e+000  0.000000e+000  0.000000e+000  0.000000e+000  0.000000e+000  0.000000e+000  0.000000e+000  0.000000e+000  0.000000e+000  0.000000e+000  0.000000e+000  0.000000e+000  0.000000e+000  0.000000e+000  0.000000e+000  0.000000e+000  
0.000000e+000  0.000000e+000  0.000000e+000  0.000000e+000  0.000000e+000  0.000000e+000  0.000000e+000  0.000000e+000  0.000000e+000  0.000000e+000  0.000000e+000  0.000000e+000  0.000000e+000  0.000000e+000  0.000000e+000  0.000000e+000  0.000000e+000  
0.000000e+000  0.000000e+000  0.000000e+000  0.000000e+000  0.000000e+000  0.000000e+000  0.000000e+000  0.000000e+000  0.000000e+000  0.000000e+000  0.000000e+000  0.000000e+000  0.000000e+000  0.000000e+000  0.000000e+000  0.000000e+000  0.000000e+000  
0.000000e+000  0.000000e+000  0.000000e+000  0.000000e+000  0.000000e+000  0.000000e+000  0.000000e+000  0.000000e+000  0.000000e+000  0.000000e+000  0.000000e+000  0.000000e+000  0.000000e+000  0.000000e+000  0.000000e+000  0.000000e+000  0.000000e+000  
0.000000e+000  0.000000e+000  0.000000e+000  0.000000e+000  0.000000e+000  0.000000e+000  0.000000e+000  0.000000e+000  0.000000e+000  0.000000e+000  0.000000e+000  0.000000e+000  0.000000e+000  0.000000e+000  0.000000e+000  0.000000e+000  0.000000e+000  

0.000000e+000  0.000000e+000  0.000000e+000  0.000000e+000  0.000000e+000  0.000000e+000  0.000000e+000  0.000000e+000  0.000000e+000  0.000000e+000  0.000000e+000  0.000000e+000  0.000000e+000  0.000000e+000  0.000000e+000  0.000000e+000  0.000000e+000  
0.000000e+000  0.000000e+000  0.000000e+000  0.000000e+000  0.000000e+000  0.000000e+000  0.000000e+000  0.000000e+000  0.000000e+000  0.000000e+000  0.000000e+000  0.000000e+000  0.000000e+000  0.000000e+000  0.000000e+000  0.000000e+000  0.000000e+000  
0.000000e+000  0.000000e+000  0.000000e+000  0.000000e+000  0.000000e+000  0.000000e+000  0.000000e+000  0.000000e+000  0.000000e+000  0.000000e+000  0.000000e+000  0.000000e+000  0.000000e+000  0.000000e+000  0.000000e+000  0.000000e+000  0.000000e+000  
0.000000e+000  0.000000e+000  0.000000e+000  0.000000e+000  0.000000e+000  0.000000e+000  0.000000e+000  0.000000e+000  0.000000e+000  0.000000e+000  0.000000e+000  0.000000e+000  0.000000e+000  0.000000e+000  0.000000e+000  0.000000e+000  0.000000e+000  
0.000000e+000  0.000000e+000  0.000000e+000  0.000000e+000  0.000000e+000  0.000000e+000  0.000000e+000  0.000000e+000  0.000000e+000  0.000000e+000  0.000000e+000  0.000000e+000  0.000000e+000  0.000000e+000  0.000000e+000  0.000000e+000  0.000000e+000  
0.000000e+000  0.000000e+000  0.000000e+000  0.000000e+000  0.000000e+000  0.000000e+000  0.000000e+000  0.000000e+000  0.000000e+000  0.000000e+000  0.000000e+000  0.000000e+000  0.000000e+000  0.000000e+000  0.000000e+000  0.000000e+000  0.000000e+000  
0.000000e+000  0.000000e+000  0.000000e+000  0.000000e+000  0.000000e+000  0.000000e+000  0.000000e+000  0.000000e+000  0.000000e+000  0.000000e+000  0.000000e+000  0.000000e+000  0.000000e+000  0.000000e+000  0.000000e+000  0.000000e+000  0.000000e+000  
0.000000e+000  0.000000e+000  0.000000e+000  0.000000e+000  0.000000e+000  0.000000e+000  0.000000e+000  0.000000e+000  0.000000e+000  0.000000e+000  0.000000e+000  0.000000e+000  0.000000e+000  0.000000e+000  0.000000e+000  0.000000e+000  0.000000e+000  
0.000000e+000  0.000000e+000  0.000000e+000  0.000000e+000  0.000000e+000  0.000000e+000  0.000000e+000  0.000000e+000  0.000000e+000  0.000000e+000  0.000000e+000  0.000000e+000  0.000000e+000  0.000000e+000  0.000000e+000  0.000000e+000  0.000000e+000  
0.000000e+000  0.000000e+000  0.000000e+000  0.000000e+000  0.000000e+000  0.000000e+000  0.000000e+000  0.000000e+000  0.000000e+000  0.000000e+000  0.000000e+000  0.000000e+000  0.000000e+000  0.000000e+000  0.000000e+000  0.000000e+000  0.000000e+000  
0.000000e+000  0.000000e+000  0.000000e+000  0.000000e+000  0.000000e+000  0.000000e+000  0.000000e+000  0.000000e+000  0.000000e+000  0.000000e+000  0.000000e+000  0.000000e+000  0.000000e+000  0.000000e+000  0.000000e+000  0.000000e+000  0.000000e+000  
0.000000e+000  0.000000e+000  0.000000e+000  0.000000e+000  0.000000e+000  0.000000e+000  0.000000e+000  0.000000e+000  0.000000e+000  0.000000e+000  0.000000e+000  0.000000e+000  0.000000e+000  0.000000e+000  0.000000e+000  0.000000e+000  0.000000e+000  
0.000000e+000  0.000000e+000  0.000000e+000  0.000000e+000  0.000000e+000  0.000000e+000  0.000000e+000  0.000000e+000  0.000000e+000  0.000000e+000  0.000000e+000  0.000000e+000  0.000000e+000  0.000000e+000  0.000000e+000  0.000000e+000  0.000000e+000  
0.000000e+000  0.000000e+000  0.000000e+000  0.000000e+000  0.000000e+000  0.000000e+000  0.000000e+000  0.000000e+000  0.000000e+000  0.000000e+000  0.000000e+000  0.000000e+000  0.000000e+000  0.000000e+000  0.000000e+000  0.000000e+000  0.000000e+000  
0.000000e+000  0.000000e+000  0.000000e+000  0.000000e+000  0.000000e+000  0.000000e+000  0.000000e+000  0.000000e+000  0.000000e+000  0.000000e+000  0.000000e+000  0.000000e+000  0.000000e+000  0.000000e+000  0.000000e+000  0.000000e+000  0.000000e+000  
0.000000e+000  0.000000e+000  0.000000e+000  0.000000e+000  0.000000e+000  0.000000e+000  0.000000e+000  0.000000e+000  0.000000e+000  0.000000e+000  0.000000e+000  0.000000e+000  0.000000e+000  0.000000e+000  0.000000e+000  0.000000e+000  0.000000e+000  
0.000000e+000  0.000000e+000  0.000000e+000  0.000000e+000  0.000000e+000  0.000000e+000  0.000000e+000  0.000000e+000  0.000000e+000  0.000000e+000  0.000000e+000  0.000000e+000  0.000000e+000  0.000000e+000  0.000000e+000  0.000000e+000  0.000000e+000  
0.000000e+000  0.000000e+000  0.000000e+000  0.000000e+000  0.000000e+000  0.000000e+000  0.000000e+000  0.000000e+000  0.000000e+000  0.000000e+000  0.000000e+000  0.000000e+000  0.000000e+000  0.000000e+000  0.000000e+000  0.000000e+000  0.000000e+000  
0.000000e+000  0.000000e+000  0.000000e+000  0.000000e+000  0.000000e+000  0.000000e+000  0.000000e+000  0.000000e+000  0.000000e+000  0.000000e+000  0.000000e+000  0.000000e+000  0.000000e+000  0.000000e+000  0.000000e+000  0.000000e+000  0.000000e+000  
0.000000e+000  0.000000e+000  0.000000e+000  0.000000e+000  0.000000e+000  0.000000e+000  0.000000e+000  0.000000e+000  0.000000e+000  0.000000e+000  0.000000e+000  0.000000e+000  0.000000e+000  0.000000e+000  0.000000e+000  0.000000e+000  0.000000e+000  
0.000000e+000  0.000000e+000  0.000000e+000  0.000000e+000  0.000000e+000  0.000000e+000  0.000000e+000  0.000000e+000  0.000000e+000  0.000000e+000  0.000000e+000  0.000000e+000  0.000000e+000  0.000000e+000  0.000000e+000  0.000000e+000  0.000000e+000  
0.000000e+000  0.000000e+000  0.000000e+000  0.000000e+000  0.000000e+000  0.000000e+000  0.000000e+000  0.000000e+000  0.000000e+000  0.000000e+000  0.000000e+000  0.000000e+000  0.000000e+000  0.000000e+000  0.000000e+000  0.000000e+000  0.000000e+000  
0.000000e+000  0.000000e+000  0.000000e+000  0.000000e+000  0.000000e+000  0.000000e+000  0.000000e+000  0.000000e+000  0.000000e+000  0.000000e+000  0.000000e+000  0.000000e+000  0.000000e+000  0.000000e+000  0.000000e+000  0.000000e+000  0.000000e+000  
0.000000e+000  0.000000e+000  0.000000e+000  0.000000e+000  0.000000e+000  0.000000e+000  0.000000e+000  0.000000e+000  0.000000e+000  0.000000e+000  0.000000e+000  0.000000e+000  0.000000e+000  0.000000e+000  0.000000e+000  0.000000e+000  0.000000e+000  
0.000000e+000  0.000000e+000  0.000000e+000  0.000000e+000  0.000000e+000  0.000000e+000  0.000000e+000  0.000000e+000  0.000000e+000  0.000000e+000  0.000000e+000  0.000000e+000  0.000000e+000  0.000000e+000  0.000000e+000  0.000000e+000  0.000000e+000  
0.000000e+000  0.000000e+000  0.000000e+000  0.000000e+000  0.000000e+000  0.000000e+000  0.000000e+000  0.000000e+000  0.000000e+000  0.000000e+000  0.000000e+000  0.000000e+000  0.000000e+000  0.000000e+000  0.000000e+000  0.000000e+000  0.000000e+000  
0.000000e+000  0.000000e+000  0.000000e+000  0.000000e+000  0.000000e+000  0.000000e+000  0.000000e+000  0.000000e+000  0.000000e+000  0.000000e+000  0.000000e+000  0.000000e+000  0.000000e+000  0.000000e+000  0.000000e+000  0.000000e+000  0.000000e+000  
0.000000e+000  0.000000e+000  0.000000e+000  0.000000e+000  0.000000e+000  0.000000e+000  0.000000e+000  0.000000e+000  0.000000e+000  0.000000e+000  0.000000e+000  0.000000e+000  0.000000e+000  0.000000e+000  0.000000e+000  0.000000e+000  0.000000e+000  
0.000000e+000  0.000000e+000  0.000000e+000  0.000000e+000  0.000000e+000  0.000000e+000  0.000000e+000  0.000000e+000  0.000000e+000  0.000000e+000  0.000000e+000  0.000000e+000  0.000000e+000  0.000000e+000  0.000000e+000  0.000000e+000  0.000000e+000  
0.000000e+000  0.000000e+000  0.000000e+000  0.000000e+000  0.000000e+000  0.000000e+000  0.000000e+000  0.000000e+000  0.000000e+000  0.000000e+000  0.000000e+000  0.000000e+000  0.000000e+000  0.000000e+000  0.000000e+000  0.000000e+000  0.000000e+000  
0.000000e+000  0.000000e+000  0.000000e+000  0.000000e+000  0.000000e+000  0.000000e+000  0.000000e+000  0.000000e+000  0.000000e+000  0.000000e+000  0.000000e+000  0.000000e+000  0.000000e+000  0.000000e+000  0.000000e+000  0.000000e+000  0.000000e+000  
0.000000e+000  0.000000e+000  0.000000e+000  0.000000e+000  0.000000e+000  0.000000e+000  0.000000e+000  0.000000e+000  0.000000e+000  0.000000e+000  0.000000e+000  0.000000e+000  0.000000e+000  0.000000e+000  0.000000e+000  0.000000e+000  0.000000e+000  
0.000000e+000  0.000000e+000  0.000000e+000  0.000000e+000  0.000000e+000  0.000000e+000  0.000000e+000  0.000000e+000  0.000000e+000  0.000000e+000  0.000000e+000  0.000000e+000  0.000000e+000  0.000000e+000  0.000000e+000  0.000000e+000  0.000000e+000  
0.000000e+000  0.000000e+000  0.000000e+000  0.000000e+000  0.000000e+000  0.000000e+000  0.000000e+000  0.000000e+000  0.000000e+000  0.000000e+000  0.000000e+000  0.000000e+000  0.000000e+000  0.000000e+000  0.000000e+000  0.000000e+000  0.000000e+000  

1.123199e-001  1.116817e-001  1.104103e-001  1.085161e-001  1.057049e-001  1.021068e-001  9.810094e-002  9.375908e-002  8.915299e-002  8.435218e-002  7.942178e-002  7.442103e-002  6.689273e-002  5.705041e-002  3.944089e-002  1.306428e-002  -0.000000e+000  
3.326798e-001  3.307202e-001  3.267979e-001  3.209109e-001  3.113437e-001  2.984895e-001  2.843868e-001  2.693528e-001  2.536912e-001  2.376809e-001  2.215684e-001  2.055624e-001  1.819687e-001  1.524114e-001  1.016458e-001  3.242765e-002  -0.000000e+000  
5.418214e-001  5.389867e-001  5.331938e-001  5.242218e-001  5.059076e-001  4.788777e-001  4.499093e-001  4.198394e-001  3.894093e-001  3.592371e-001  3.298088e-001  3.014826e-001  2.610118e-001  2.133093e-001  1.358806e-001  4.156995e-002  -0.000000e+000  
7.150882e-001  7.133236e-001  7.092520e-001  7.018684e-001  6.742904e-001  6.272387e-001  5.783191e-001  5.292817e-001  4.814870e-001  4.358915e-001  3.930930e-001  3.534018e-001  2.986720e-001  2.382036e-001  1.455231e-001  4.304168e-002  -0.000000e+000  
8.372157e-001  8.385630e-001  8.400855e-001  8.395465e-001  8.046841e-001  7.362117e-001  6.669936e-001  5.998213e-001  5.365314e-001  4.781333e-001  4.250254e-001  3.772023e-001  3.130230e-001  2.453168e-001  1.456158e-001  4.211533e-002  -0.000000e+000  
9.193991e-001  9.266790e-001  9.392791e-001  9.531949e-001  9.127478e-001  8.186744e-001  7.269622e-001  6.414983e-001  5.641127e-001  4.952559e-001  4.346103e-001  3.814987e-001  3.119274e-001  2.412289e-001  1.402720e-001  3.995936e-002  -0.000000e+000  
9.626910e-001  9.751614e-001  9.977381e-001  1.025196e+000  9.814482e-001  8.673987e-001  7.592347e-001  6.613446e-001  5.750662e-001  5.000723e-001  4.353180e-001  3.795515e-001  3.075468e-001  2.359497e-001  1.355299e-001  3.826331e-002  -0.000000e+000  
9.954145e-001  1.015019e+000  1.051870e+000  1.099779e+000  1.052862e+000  9.126039e-001  7.847287e-001  6.733637e-001  5.783563e-001  4.979164e-001  4.299029e-001  3.723187e-001  2.990190e-001  2.276384e-001  1.292255e-001  3.617312e-002  -0.000000e+000  
1.011683e+000  1.040357e+000  1.096568e+000  1.174847e+000  1.124810e+000  9.496368e-001  7.989629e-001  6.741390e-001  5.716154e-001  4.872076e-001  4.173194e-001  3.591050e-001  2.859864e-001  2.161335e-001  1.213436e-001  3.369642e-002  -0.000000e+000  
1.005229e+000  1.042325e+000  1.118618e+000  1.234037e+000  1.181001e+000  9.666014e-001  7.957983e-001  6.617100e-001  5.553280e-001  4.697055e-001  3.999194e-001  3.424739e-001  2.710118e-001  2.036843e-001  1.133920e-001  3.129709e-002  -0.000000e+000  
9.855286e-001  1.028652e+000  1.121280e+000  1.273943e+000  1.217706e+000  9.660259e-001  7.811255e-001  6.425023e-001  5.352921e-001  4.503135e-001  3.817650e-001  3.257792e-001  2.565872e-001  1.920385e-001  1.062212e-001  2.918140e-002  -0.000000e+000  
9.490498e-001  9.957330e-001  1.100619e+000  1.293964e+000  1.233070e+000  9.432499e-001  7.511123e-001  6.129256e-001  5.079498e-001  4.255432e-001  3.595132e-001  3.058797e-001  2.399214e-001  1.788912e-001  9.836690e-002  2.690799e-002  -0.000000e+000  
8.944246e-001  9.402166e-001  1.045673e+000  1.264517e+000  1.197164e+000  8.878147e-001  7.031518e-001  5.723605e-001  4.731761e-001  3.954030e-001  3.332113e-001  2.828337e-001  2.210750e-001  1.642953e-001  8.986326e-002  2.448666e-002  -0.000000e+000  
8.121551e-001  8.508474e-001  9.333912e-001  1.066934e+000  9.707543e-001  7.773408e-001  6.282892e-001  5.143934e-001  4.256602e-001  3.553552e-001  2.989432e-001  2.532442e-001  1.973094e-001  1.461574e-001  7.951387e-002  2.158076e-002  -0.000000e+000  
6.956949e-001  7.232080e-001  7.756150e-001  8.371655e-001  7.280645e-001  6.298652e-001  5.256301e-001  4.360474e-001  3.626445e-001  3.031384e-001  2.549019e-001  2.156727e-001  1.676198e-001  1.238192e-001  6.703719e-002  1.812905e-002  -0.000000e+000  
4.950007e-001  5.081879e-001  5.301187e-001  5.498508e-001  4.524732e-001  4.142082e-001  3.601194e-001  3.056673e-001  2.570631e-001  2.158544e-001  1.816917e-001  1.536181e-001  1.190871e-001  8.767364e-002  4.717642e-002  1.269863e-002  -0.000000e+000  
-5.524572e-011  -4.534828e-011  -5.644541e-011  -7.416083e-011  8.298383e-011  3.392938e-011  -1.305696e-011  -6.855606e-011  -7.376948e-011  -1.336583e-011  -5.283623e-011  -2.502818e-011  -5.370201e-011  -3.450383e-011  -3.336126e-011  -1.709353e-011  -0.000000e+000  
-4.950007e-001  -5.081879e-001  -5.301187e-001  -5.498508e-001  -4.524732e-001  -4.142082e-001  -3.601194e-001  -3.056673e-001  -2.570631e-001  -2.158544e-001  -1.816917e-001  -1.536181e-001  -1.190871e-001  -8.767364e-002  -4.717642e-002  -1.269863e-002  -0.000000e+000  
-6.956949e-001  -7.232080e-001  -7.756150e-001  -8.371655e-001  -7.280645e-001  -6.298652e-001  -5.256301e-001  -4.360474e-001  -3.626445e-001  -3.031384e-001  -2.549019e-001  -2.156727e-001  -1.676198e-001  -1.238192e-001  -6.703719e-002  -1.812905e-002  -0.000000e+000  
-8.121551e-001  -8.508474e-001  -9.333912e-001  -1.066934e+000  -9.707543e-001  -7.773408e-001  -6.282892e-001  -5.143934e-001  -4.256602e-001  -3.553552e-001  -2.989432e-001  -2.532442e-001  -1.973094e-001  -1.461574e-001  -7.951387e-002  -2.158076e-002  -0.000000e+000  
-8.944246e-001  -9.402166e-001  -1.045673e+000  -1.264517e+000  -1.197164e+000  -8.878147e-001  -7.031518e-001  -5.723605e-001  -4.731761e-001  -3.954030e-001  -3.332113e-001  -2.828337e-001  -2.210750e-001  -1.642953e-001  -8.986326e-002  -2.448666e-002  -0.000000e+000  
-9.490498e-001  -9.957330e-001  -1.100619e+000  -1.293964e+000  -1.233070e+000  -9.432499e-001  -7.511123e-001  -6.129256e-001  -5.079498e-001  -4.255432e-001  -3.595132e-001  -3.058797e-001  -2.399214e-001  -1.788912e-001  -9.836690e-002  -2.690799e-002  -0.000000e+000  
-9.855286e-001  -1.028652e+000  -1.121280e+000  -1.273943e+000  -1.217706e+000  -9.660259e-001  -7.811255e-001  -6.425023e-001  -5.352921e-001  -4.503135e-001  -3.817650e-001  -3.257792e-001  -2.565872e-001  -1.920385e-001  -1.062212e-001  -2.918140e-002  -0.000000e+000  
-1.005229e+000  -1.042325e+000  -1.118618e+000  -1.234037e+000  -1.181001e+000  -9.666014e-001  -7.957983e-001  -6.617100e-001  -5.553280e-001  -4.697055e-001  -3.999194e-001  -3.424739e-001  -2.710118e-001  -2.036843e-001  -1.133920e-001  -3.129709e-002  -0.000000e+000  
-1.011683e+000  -1.040357e+000  -1.096568e+000  -1.174847e+000  -1.124810e+000  -9.496368e-001  -7.989629e-001  -6.741390e-001  -5.716154e-001  -4.872076e-001  -4.173194e-001  -3.591050e-001  -2.859864e-001  -2.161335e-001  -1.213436e-001  -3.369642e-002  -0.000000e+000  
-9.954145e-001  -1.015019e+000  -1.051870e+000  -1.099779e+000  -1.052862e+000  -9.126039e-001  -7.847287e-001  -6.733637e-001  -5.783563e-001  -4.979164e-001  -4.299029e-001  -3.723187e-001  -2.990190e-001  -2.276384e-001  -1.292255e-001  -3.617312e-002  -0.000000e+000  
-9.626910e-001  -9.751614e-001  -9.977381e-001  -1.025196e+000  -9.814482e-001  -8.673987e-001  -7.592347e-001  -6.613446e-001  -5.750662e-001  -5.000723e-001  -4.353180e-001  -3.795515e-001  -3.075468e-001  -2.359497e-001  -1.355299e-001  -3.826331e-002  -0.000000e+000  
-9.193991e-001  -9.266790e-001  -9.392791e-001  -9.531949e-001  -9.127478e-001  -8.186744e-001  -7.269622e-001  -6.414983e-001  -5.641127e-001  -4.952559e-001  -4.346103e-001  -3.814987e-001  -3.119274e-001  -2.412289e-001  -1.402720e-001  -3.995936e-002  -0.000000e+000  
-8.372157e-001  -8.385630e-001  -8.400855e-001  -8.395465e-001  -8.046841e-001  -7.362117e-001  -6.669936e-001  -5.998213e-001  -5.365314e-001  -4.781333e-001  -4.250254e-001  -3.772023e-001  -3.130230e-001  -2.453168e-001  -1.456158e-001  -4.211533e-002  -0.000000e+000  
-7.150882e-001  -7.133236e-001  -7.092520e-001  -7.018684e-001  -6.742904e-001  -6.272387e-001  -5.783191e-001  -5.292817e-001  -4.814870e-001  -4.358915e-001  -3.930930e-001  -3.534018e-001  -2.986720e-001  -2.382036e-001  -1.455231e-001  -4.304168e-002  -0.000000e+000  
-5.418214e-001  -5.389867e-001  -5.331938e-001  -5.242218e-001  -5.059076e-001  -4.788777e-001  -4.499093e-001  -4.198394e-001  -3.894093e-001  -3.592371e-001  -3.298088e-001  -3.014826e-001  -2.610118e-001  -2.133093e-001  -1.358806e-001  -4.156995e-002  -0.000000e+000  
-3.326798e-001  -3.307202e-001  -3.267979e-001  -3.209109e-001  -3.113437e-001  -2.984895e-001  -2.843868e-001  -2.693528e-001  -2.536912e-001  -2.376809e-001  -2.215684e-001  -2.055624e-001  -1.819687e-001  -1.524114e-001  -1.016458e-001  -3.242765e-002  -0.000000e+000  
-1.123199e-001  -1.116817e-001  -1.104103e-001  -1.085161e-001  -1.057049e-001  -1.021068e-001  -9.810094e-002  -9.375908e-002  -8.915299e-002  -8.435218e-002  -7.942178e-002  -7.442103e-002  -6.689273e-002  -5.705041e-002  -3.944089e-002  -1.306428e-002  -0.000000e+000  
-0.000000e+000  -0.000000e+000  -0.000000e+000  -0.000000e+000  -0.000000e+000  -0.000000e+000  -0.000000e+000  -0.000000e+000  -0.000000e+000  -0.000000e+000  -0.000000e+000  -0.000000e+000  -0.000000e+000  -0.000000e+000  -0.000000e+000  -0.000000e+000  -0.000000e+000  

