Port monitor named: Port1_h1[2.4].prt

nx        = 42
ny        = 4
nz        = 19

nu        = 17
nv        = 40
iu        = 2
iv        = 2

idir      = 1
dcut      = -4.860000e-002
icut      = 2
type      = 1
frequency = 2.400000e+009

fcutoff   = 0.000000e+000
alpha     = 0.000000e+000
beta      = 9.676705e+001
accuracy  = 1.791678e-010

type          = QTEM
wave imp.     = 2.253117e+002
wave imp.sig. = 2.524547e+001
line imp.     = 2.870347e+001

ref. port     = 0

-0.000000e+000  1.038754e-002  2.055686e-002  3.030022e-002  3.943006e-002  4.882069e-002  5.713997e-002  6.428291e-002  7.020042e-002  7.489524e-002  7.841487e-002  8.084270e-002  8.228841e-002  8.261366e-002  8.063490e-002  6.996404e-002  6.131880e-002  
-0.000000e+000  3.736609e-002  7.383650e-002  1.085660e-001  1.408052e-001  1.735144e-001  2.019403e-001  2.257427e-001  2.448226e-001  2.592930e-001  2.694383e-001  2.756686e-001  2.784749e-001  2.754138e-001  2.651536e-001  2.238770e-001  1.934327e-001  
-0.000000e+000  8.558388e-002  1.684127e-001  2.459392e-001  3.160072e-001  3.843093e-001  4.403279e-001  4.836552e-001  5.146692e-001  5.343462e-001  5.440545e-001  5.453649e-001  5.398987e-001  5.133217e-001  4.768164e-001  3.759184e-001  3.134681e-001  
-0.000000e+000  1.795767e-001  3.508978e-001  5.065248e-001  6.405624e-001  7.616382e-001  8.497506e-001  9.061868e-001  9.344919e-001  9.394392e-001  9.261521e-001  8.994977e-001  8.637515e-001  7.756402e-001  6.850945e-001  4.950149e-001  3.953005e-001  
-0.000000e+000  3.516097e-001  6.806689e-001  9.670279e-001  1.195522e+000  1.375200e+000  1.475053e+000  1.506478e+000  1.485633e+000  1.428878e+000  1.350173e+000  1.260200e+000  1.166532e+000  9.832978e-001  8.239424e-001  5.503479e-001  4.236463e-001  
-0.000000e+000  5.074867e-001  9.778148e-001  1.376445e+000  1.676370e+000  1.882366e+000  1.960297e+000  1.939530e+000  1.853784e+000  1.731681e+000  1.593781e+000  1.453291e+000  1.317969e+000  1.075384e+000  8.779283e-001  5.652979e-001  4.276926e-001  
-0.000000e+000  6.499910e-001  1.250365e+000  1.751880e+000  2.112464e+000  2.327931e+000  2.367194e+000  2.283891e+000  2.131247e+000  1.948534e+000  1.760157e+000  1.579446e+000  1.412759e+000  1.128741e+000  9.062902e-001  5.702619e-001  4.267075e-001  
-0.000000e+000  8.260597e-001  1.590859e+000  2.225391e+000  2.659686e+000  2.866122e+000  2.830326e+000  2.650482e+000  2.407681e+000  2.151573e+000  1.907251e+000  1.685113e+000  1.487978e+000  1.166857e+000  9.234707e-001  5.697770e-001  4.223074e-001  
-0.000000e+000  1.026397e+000  1.986452e+000  2.788732e+000  3.315306e+000  3.483799e+000  3.326986e+000  3.016058e+000  2.665015e+000  2.329109e+000  2.028688e+000  1.767642e+000  1.543353e+000  1.191371e+000  9.315739e-001  5.654328e-001  4.157085e-001  
-0.000000e+000  1.272449e+000  2.490851e+000  3.542346e+000  4.217388e+000  4.281699e+000  3.910312e+000  3.405840e+000  2.916128e+000  2.489062e+000  2.130188e+000  1.831463e+000  1.582337e+000  1.204219e+000  9.314723e-001  5.569885e-001  4.064115e-001  
-0.000000e+000  1.555656e+000  3.110276e+000  4.555813e+000  5.523115e+000  5.320686e+000  4.569273e+000  3.790176e+000  3.135282e+000  2.613703e+000  2.200490e+000  1.869617e+000  1.600677e+000  1.203611e+000  9.224207e-001  5.443038e-001  3.943919e-001  
-0.000000e+000  1.803333e+000  3.716605e+000  5.729135e+000  7.317105e+000  6.493252e+000  5.160990e+000  4.069148e+000  3.265223e+000  2.672647e+000  2.224111e+000  1.874667e+000  1.595392e+000  1.190078e+000  9.062223e-001  5.294531e-001  3.815215e-001  
-0.000000e+000  1.972458e+000  4.196253e+000  6.895365e+000  9.693845e+000  7.653124e+000  5.595914e+000  4.221791e+000  3.313408e+000  2.680360e+000  2.215108e+000  1.858439e+000  1.576015e+000  1.169780e+000  8.869364e-001  5.143424e-001  3.690201e-001  
-0.000000e+000  2.044401e+000  4.492061e+000  8.022494e+000  1.374550e+001  8.821281e+000  5.825421e+000  4.234549e+000  3.279246e+000  2.638172e+000  2.174019e+000  1.820418e+000  1.541228e+000  1.140596e+000  8.621775e-001  4.968333e-001  3.550444e-001  
-0.000000e+000  1.960545e+000  4.369650e+000  8.302863e+000  2.146335e+001  9.406563e+000  5.629993e+000  4.055765e+000  3.150889e+000  2.543287e+000  2.100226e+000  1.760538e+000  1.491102e+000  1.102605e+000  8.320025e-001  4.769645e-001  3.396279e-001  
-0.000000e+000  1.671895e+000  3.571608e+000  6.063117e+000  -0.000000e+000  6.017422e+000  4.661160e+000  3.628406e+000  2.906782e+000  2.381795e+000  1.983089e+000  1.670166e+000  1.418427e+000  1.050419e+000  7.922144e-001  4.520792e-001  3.207525e-001  
-0.000000e+000  1.215152e+000  2.331779e+000  2.823792e+000  -0.000000e+000  3.242367e+000  3.436995e+000  3.010011e+000  2.545180e+000  2.144672e+000  1.814007e+000  1.542169e+000  1.317451e+000  9.802800e-001  7.403218e-001  4.210555e-001  2.977412e-001  
-0.000000e+000  6.181273e-001  1.031893e+000  9.393197e-001  -0.000000e+000  1.432610e+000  2.043998e+000  2.112187e+000  1.959792e+000  1.741702e+000  1.520560e+000  1.318365e+000  1.140819e+000  8.588487e-001  6.517959e-001  3.697018e-001  2.602989e-001  
-0.000000e+000  9.444701e-002  1.422511e-001  1.095155e-001  -0.000000e+000  3.559237e-001  6.354966e-001  7.917074e-001  8.503836e-001  8.442447e-001  8.001298e-001  7.368504e-001  6.665176e-001  5.267696e-001  4.101137e-001  2.337655e-001  1.634650e-001  
-0.000000e+000  1.496471e-010  -1.883777e-010  1.811714e-010  -0.000000e+000  1.050622e-010  -0.000000e+000  -0.000000e+000  -1.545285e-010  1.057357e-010  2.942690e-010  1.921106e-010  8.463959e-011  -0.000000e+000  1.958024e-010  2.579905e-010  6.549057e-011  
-0.000000e+000  -9.444701e-002  -1.422511e-001  -1.095155e-001  -0.000000e+000  -3.559237e-001  -6.354966e-001  -7.917074e-001  -8.503836e-001  -8.442447e-001  -8.001298e-001  -7.368504e-001  -6.665176e-001  -5.267696e-001  -4.101137e-001  -2.337655e-001  -1.634650e-001  
-0.000000e+000  -6.181273e-001  -1.031893e+000  -9.393197e-001  -0.000000e+000  -1.432610e+000  -2.043998e+000  -2.112187e+000  -1.959792e+000  -1.741702e+000  -1.520560e+000  -1.318365e+000  -1.140819e+000  -8.588487e-001  -6.517959e-001  -3.697018e-001  -2.602989e-001  
-0.000000e+000  -1.215152e+000  -2.331779e+000  -2.823792e+000  -0.000000e+000  -3.242367e+000  -3.436995e+000  -3.010011e+000  -2.545180e+000  -2.144672e+000  -1.814007e+000  -1.542169e+000  -1.317451e+000  -9.802800e-001  -7.403218e-001  -4.210555e-001  -2.977412e-001  
-0.000000e+000  -1.671895e+000  -3.571608e+000  -6.063117e+000  -0.000000e+000  -6.017422e+000  -4.661160e+000  -3.628406e+000  -2.906782e+000  -2.381795e+000  -1.983089e+000  -1.670166e+000  -1.418427e+000  -1.050419e+000  -7.922144e-001  -4.520791e-001  -3.207525e-001  
-0.000000e+000  -1.960545e+000  -4.369650e+000  -8.302863e+000  -2.146335e+001  -9.406563e+000  -5.629993e+000  -4.055765e+000  -3.150889e+000  -2.543287e+000  -2.100226e+000  -1.760538e+000  -1.491102e+000  -1.102605e+000  -8.320025e-001  -4.769645e-001  -3.396279e-001  
-0.000000e+000  -2.044401e+000  -4.492061e+000  -8.022494e+000  -1.374550e+001  -8.821281e+000  -5.825421e+000  -4.234549e+000  -3.279246e+000  -2.638172e+000  -2.174019e+000  -1.820418e+000  -1.541228e+000  -1.140597e+000  -8.621775e-001  -4.968333e-001  -3.550444e-001  
-0.000000e+000  -1.972458e+000  -4.196253e+000  -6.895365e+000  -9.693845e+000  -7.653124e+000  -5.595914e+000  -4.221791e+000  -3.313408e+000  -2.680360e+000  -2.215108e+000  -1.858439e+000  -1.576016e+000  -1.169780e+000  -8.869364e-001  -5.143424e-001  -3.690201e-001  
-0.000000e+000  -1.803333e+000  -3.716605e+000  -5.729135e+000  -7.317105e+000  -6.493252e+000  -5.160990e+000  -4.069148e+000  -3.265223e+000  -2.672647e+000  -2.224111e+000  -1.874667e+000  -1.595392e+000  -1.190078e+000  -9.062223e-001  -5.294531e-001  -3.815215e-001  
-0.000000e+000  -1.555656e+000  -3.110276e+000  -4.555813e+000  -5.523115e+000  -5.320686e+000  -4.569273e+000  -3.790176e+000  -3.135282e+000  -2.613703e+000  -2.200490e+000  -1.869617e+000  -1.600677e+000  -1.203611e+000  -9.224207e-001  -5.443038e-001  -3.943919e-001  
-0.000000e+000  -1.272449e+000  -2.490851e+000  -3.542346e+000  -4.217388e+000  -4.281699e+000  -3.910312e+000  -3.405840e+000  -2.916128e+000  -2.489062e+000  -2.130188e+000  -1.831463e+000  -1.582337e+000  -1.204219e+000  -9.314723e-001  -5.569885e-001  -4.064115e-001  
-0.000000e+000  -1.026397e+000  -1.986452e+000  -2.788732e+000  -3.315306e+000  -3.483799e+000  -3.326986e+000  -3.016058e+000  -2.665015e+000  -2.329109e+000  -2.028688e+000  -1.767642e+000  -1.543353e+000  -1.191371e+000  -9.315739e-001  -5.654328e-001  -4.157085e-001  
-0.000000e+000  -8.260597e-001  -1.590859e+000  -2.225391e+000  -2.659686e+000  -2.866122e+000  -2.830326e+000  -2.650482e+000  -2.407681e+000  -2.151573e+000  -1.907251e+000  -1.685113e+000  -1.487978e+000  -1.166857e+000  -9.234707e-001  -5.697770e-001  -4.223074e-001  
-0.000000e+000  -6.499910e-001  -1.250365e+000  -1.751880e+000  -2.112464e+000  -2.327931e+000  -2.367194e+000  -2.283891e+000  -2.131247e+000  -1.948534e+000  -1.760157e+000  -1.579446e+000  -1.412759e+000  -1.128741e+000  -9.062902e-001  -5.702619e-001  -4.267075e-001  
-0.000000e+000  -5.074867e-001  -9.778148e-001  -1.376445e+000  -1.676370e+000  -1.882366e+000  -1.960297e+000  -1.939530e+000  -1.853784e+000  -1.731681e+000  -1.593781e+000  -1.453291e+000  -1.317969e+000  -1.075384e+000  -8.779283e-001  -5.652979e-001  -4.276926e-001  
-0.000000e+000  -3.516097e-001  -6.806689e-001  -9.670279e-001  -1.195522e+000  -1.375200e+000  -1.475053e+000  -1.506478e+000  -1.485633e+000  -1.428878e+000  -1.350173e+000  -1.260200e+000  -1.166532e+000  -9.832978e-001  -8.239424e-001  -5.503479e-001  -4.236463e-001  
-0.000000e+000  -1.795767e-001  -3.508978e-001  -5.065248e-001  -6.405624e-001  -7.616382e-001  -8.497506e-001  -9.061868e-001  -9.344919e-001  -9.394392e-001  -9.261521e-001  -8.994977e-001  -8.637515e-001  -7.756402e-001  -6.850945e-001  -4.950149e-001  -3.953005e-001  
-0.000000e+000  -8.558388e-002  -1.684127e-001  -2.459392e-001  -3.160072e-001  -3.843093e-001  -4.403279e-001  -4.836552e-001  -5.146692e-001  -5.343462e-001  -5.440545e-001  -5.453649e-001  -5.398987e-001  -5.133217e-001  -4.768164e-001  -3.759184e-001  -3.134681e-001  
-0.000000e+000  -3.736609e-002  -7.383650e-002  -1.085660e-001  -1.408052e-001  -1.735144e-001  -2.019403e-001  -2.257427e-001  -2.448226e-001  -2.592930e-001  -2.694383e-001  -2.756686e-001  -2.784749e-001  -2.754138e-001  -2.651536e-001  -2.238770e-001  -1.934327e-001  
-0.000000e+000  -1.038755e-002  -2.055686e-002  -3.030022e-002  -3.943006e-002  -4.882069e-002  -5.713997e-002  -6.428291e-002  -7.020042e-002  -7.489524e-002  -7.841487e-002  -8.084270e-002  -8.228841e-002  -8.261366e-002  -8.063489e-002  -6.996404e-002  -6.131881e-002  
-0.000000e+000  -0.000000e+000  -0.000000e+000  -0.000000e+000  -0.000000e+000  -0.000000e+000  -0.000000e+000  -0.000000e+000  -0.000000e+000  -0.000000e+000  -0.000000e+000  -0.000000e+000  -0.000000e+000  -0.000000e+000  -0.000000e+000  -0.000000e+000  -0.000000e+000  

-1.034436e+000  -1.027920e+000  -1.015001e+000  -9.959037e-001  -9.718856e-001  -9.436296e-001  -9.107956e-001  -8.740349e-001  -8.340247e-001  -7.914403e-001  -7.469298e-001  -7.010951e-001  -6.311681e-001  -5.376243e-001  -3.759050e-001  -1.286427e-001  -0.000000e+000  
-1.086939e+000  -1.079472e+000  -1.064695e+000  -1.042916e+000  -1.015409e+000  -9.829309e-001  -9.454542e-001  -9.038399e-001  -8.589611e-001  -8.116624e-001  -7.627289e-001  -7.128638e-001  -6.375804e-001  -5.389461e-001  -3.716653e-001  -1.255174e-001  -0.000000e+000  
-1.312116e+000  -1.299972e+000  -1.276096e+000  -1.241274e+000  -1.196877e+000  -1.144150e+000  -1.084767e+000  -1.020684e+000  -9.537411e-001  -8.855671e-001  -8.175282e-001  -7.507086e-001  -6.535240e-001  -5.354303e-001  -3.489523e-001  -1.116715e-001  -0.000000e+000  
-1.747705e+000  -1.723213e+000  -1.675544e+000  -1.607184e+000  -1.520007e+000  -1.417318e+000  -1.306146e+000  -1.191550e+000  -1.077746e+000  -9.679337e-001  -8.643113e-001  -7.681990e-001  -6.362142e-001  -4.932164e-001  -2.912544e-001  -8.513714e-002  -0.000000e+000  
-2.576106e+000  -2.517219e+000  -2.404099e+000  -2.245544e+000  -2.046369e+000  -1.818898e+000  -1.587302e+000  -1.365028e+000  -1.160904e+000  -9.795099e-001  -8.221922e-001  -6.881675e-001  -5.190859e-001  -3.636122e-001  -1.779338e-001  -4.310309e-002  -0.000000e+000  
-3.352965e+000  -3.247860e+000  -3.047168e+000  -2.769794e+000  -2.427590e+000  -2.051541e+000  -1.691881e+000  -1.370836e+000  -1.097718e+000  -8.728276e-001  -6.916114e-001  -5.476671e-001  -3.778533e-001  -2.390489e-001  -9.289487e-002  -1.581399e-002  -0.000000e+000  
-3.904247e+000  -3.761193e+000  -3.487244e+000  -3.108926e+000  -2.645903e+000  -2.151204e+000  -1.699481e+000  -1.317011e+000  -1.008555e+000  -7.671399e-001  -5.815563e-001  -4.404640e-001  -2.808806e-001  -1.598322e-001  -4.353167e-002  -8.412493e-004  -0.000000e+000  
-4.603493e+000  -4.409858e+000  -4.035078e+000  -3.512906e+000  -2.875551e+000  -2.218019e+000  -1.652109e+000  -1.203857e+000  -8.654419e-001  -6.164378e-001  -4.355959e-001  -3.052392e-001  -1.653793e-001  -6.941857e-002  9.981767e-003  1.487131e-002  -0.000000e+000  
-5.321473e+000  -5.077041e+000  -4.594169e+000  -3.905699e+000  -3.058165e+000  -2.218661e+000  -1.543405e+000  -1.045925e+000  -6.952242e-001  -4.527402e-001  -2.863518e-001  -1.727573e-001  -5.765430e-002  1.196054e-002  5.617968e-002  2.808525e-002  -0.000000e+000  
-6.207574e+000  -5.908245e+000  -5.294646e+000  -4.377431e+000  -3.214788e+000  -2.131357e+000  -1.338853e+000  -8.086823e-001  -4.664740e-001  -2.478564e-001  -1.085122e-001  -2.028993e-002  6.146868e-002  9.944072e-002  1.042458e-001  4.155178e-002  -0.000000e+000  
-7.299615e+000  -6.955790e+000  -6.204211e+000  -4.974935e+000  -3.296552e+000  -1.886896e+000  -9.921449e-001  -4.694688e-001  -1.706253e-001  1.051132e-004  9.714661e-002  1.505645e-001  1.903321e-001  1.918082e-001  1.536192e-001  5.514020e-002  -0.000000e+000  
-8.628176e+000  -8.284170e+000  -7.443175e+000  -5.817878e+000  -3.183373e+000  -1.362847e+000  -4.431174e-001  -8.446769e-003  1.950172e-001  2.882863e-001  3.266898e-001  3.362197e-001  3.263752e-001  2.874665e-001  2.036520e-001  6.870826e-002  -0.000000e+000  
-9.774166e+000  -9.499106e+000  -8.721117e+000  -6.834160e+000  -2.757423e+000  -6.517339e-001  1.391622e-001  4.180133e-001  5.073083e-001  5.231041e-001  5.084997e-001  4.807205e-001  4.303986e-001  3.597755e-001  2.409688e-001  7.872628e-002  -0.000000e+000  
-1.102518e+001  -1.090701e+001  -1.042591e+001  -8.603423e+000  -1.661223e+000  4.590853e-001  8.772748e-001  9.023184e-001  8.421759e-001  7.673937e-001  6.945348e-001  6.271816e-001  5.348742e-001  4.319692e-001  2.779416e-001  8.858434e-002  -0.000000e+000  
-1.232056e+001  -1.245370e+001  -1.264705e+001  -1.218993e+001  1.024917e+000  2.087917e+000  1.735364e+000  1.412924e+000  1.181857e+000  1.011426e+000  8.791915e-001  7.721415e-001  6.380441e-001  5.031359e-001  3.142519e-001  9.821726e-002  -0.000000e+000  
-1.356321e+001  -1.397579e+001  -1.511771e+001  -1.832669e+001  9.620576e+000  4.148279e+000  2.585035e+000  1.896336e+000  1.503596e+000  1.244270e+000  1.056562e+000  9.120612e-001  7.381485e-001  5.723690e-001  3.495829e-001  1.075601e-001  -0.000000e+000  
-1.488596e+001  -1.547563e+001  -1.707714e+001  -2.126390e+001  9.093682e+000  5.053970e+000  3.272691e+000  2.373562e+000  1.848394e+000  1.504500e+000  1.259684e+000  1.074692e+000  8.562137e-001  6.546710e-001  3.917786e-001  1.186995e-001  -0.000000e+000  
-1.585341e+001  -1.636751e+001  -1.748714e+001  -1.911077e+001  6.653830e+000  4.897671e+000  3.546390e+000  2.675956e+000  2.108906e+000  1.718988e+000  1.435421e+000  1.219476e+000  9.642604e-001  7.311451e-001  4.314188e-001  1.291719e-001  -0.000000e+000  
-1.685752e+001  -1.705614e+001  -1.739359e+001  -1.770838e+001  4.481753e+000  4.021840e+000  3.420369e+000  2.856726e+000  2.383452e+000  2.000880e+000  1.694052e+000  1.446654e+000  1.144353e+000  8.629507e-001  5.015220e-001  1.477820e-001  -0.000000e+000  
-1.727825e+001  -1.730348e+001  -1.734148e+001  -1.737074e+001  3.159618e+000  3.052649e+000  2.861699e+000  2.623887e+000  2.368555e+000  2.115191e+000  1.875207e+000  1.654354e+000  1.354932e+000  1.040022e+000  6.069157e-001  1.766274e-001  -0.000000e+000  
-1.727825e+001  -1.730348e+001  -1.734148e+001  -1.737074e+001  3.159618e+000  3.052649e+000  2.861699e+000  2.623887e+000  2.368555e+000  2.115191e+000  1.875207e+000  1.654354e+000  1.354932e+000  1.040022e+000  6.069157e-001  1.766274e-001  -0.000000e+000  
-1.685752e+001  -1.705614e+001  -1.739359e+001  -1.770838e+001  4.481753e+000  4.021840e+000  3.420369e+000  2.856726e+000  2.383452e+000  2.000880e+000  1.694052e+000  1.446654e+000  1.144353e+000  8.629507e-001  5.015220e-001  1.477820e-001  -0.000000e+000  
-1.585341e+001  -1.636751e+001  -1.748714e+001  -1.911077e+001  6.653830e+000  4.897671e+000  3.546390e+000  2.675956e+000  2.108906e+000  1.718988e+000  1.435421e+000  1.219476e+000  9.642604e-001  7.311451e-001  4.314188e-001  1.291719e-001  -0.000000e+000  
-1.488596e+001  -1.547563e+001  -1.707714e+001  -2.126390e+001  9.093682e+000  5.053970e+000  3.272691e+000  2.373562e+000  1.848394e+000  1.504500e+000  1.259684e+000  1.074692e+000  8.562137e-001  6.546710e-001  3.917786e-001  1.186995e-001  -0.000000e+000  
-1.356321e+001  -1.397579e+001  -1.511771e+001  -1.832669e+001  9.620576e+000  4.148279e+000  2.585035e+000  1.896336e+000  1.503596e+000  1.244270e+000  1.056562e+000  9.120612e-001  7.381485e-001  5.723690e-001  3.495829e-001  1.075601e-001  -0.000000e+000  
-1.232056e+001  -1.245370e+001  -1.264705e+001  -1.218993e+001  1.024917e+000  2.087917e+000  1.735364e+000  1.412924e+000  1.181857e+000  1.011426e+000  8.791915e-001  7.721415e-001  6.380441e-001  5.031360e-001  3.142519e-001  9.821726e-002  -0.000000e+000  
-1.102518e+001  -1.090701e+001  -1.042591e+001  -8.603423e+000  -1.661223e+000  4.590853e-001  8.772748e-001  9.023184e-001  8.421759e-001  7.673937e-001  6.945348e-001  6.271816e-001  5.348742e-001  4.319692e-001  2.779416e-001  8.858434e-002  -0.000000e+000  
-9.774166e+000  -9.499106e+000  -8.721117e+000  -6.834160e+000  -2.757423e+000  -6.517339e-001  1.391622e-001  4.180133e-001  5.073083e-001  5.231041e-001  5.084997e-001  4.807205e-001  4.303986e-001  3.597755e-001  2.409688e-001  7.872628e-002  -0.000000e+000  
-8.628176e+000  -8.284170e+000  -7.443175e+000  -5.817878e+000  -3.183373e+000  -1.362847e+000  -4.431174e-001  -8.446771e-003  1.950172e-001  2.882863e-001  3.266898e-001  3.362197e-001  3.263752e-001  2.874665e-001  2.036520e-001  6.870826e-002  -0.000000e+000  
-7.299615e+000  -6.955790e+000  -6.204211e+000  -4.974935e+000  -3.296552e+000  -1.886896e+000  -9.921449e-001  -4.694688e-001  -1.706253e-001  1.051148e-004  9.714661e-002  1.505645e-001  1.903321e-001  1.918082e-001  1.536192e-001  5.514020e-002  -0.000000e+000  
-6.207574e+000  -5.908245e+000  -5.294646e+000  -4.377431e+000  -3.214788e+000  -2.131357e+000  -1.338853e+000  -8.086823e-001  -4.664740e-001  -2.478564e-001  -1.085122e-001  -2.028993e-002  6.146868e-002  9.944072e-002  1.042458e-001  4.155178e-002  -0.000000e+000  
-5.321473e+000  -5.077041e+000  -4.594169e+000  -3.905699e+000  -3.058165e+000  -2.218661e+000  -1.543405e+000  -1.045925e+000  -6.952242e-001  -4.527402e-001  -2.863518e-001  -1.727573e-001  -5.765430e-002  1.196054e-002  5.617968e-002  2.808525e-002  -0.000000e+000  
-4.603493e+000  -4.409858e+000  -4.035078e+000  -3.512906e+000  -2.875551e+000  -2.218019e+000  -1.652109e+000  -1.203857e+000  -8.654419e-001  -6.164378e-001  -4.355959e-001  -3.052392e-001  -1.653793e-001  -6.941857e-002  9.981767e-003  1.487131e-002  -0.000000e+000  
-3.904247e+000  -3.761193e+000  -3.487244e+000  -3.108926e+000  -2.645903e+000  -2.151204e+000  -1.699481e+000  -1.317011e+000  -1.008555e+000  -7.671399e-001  -5.815563e-001  -4.404640e-001  -2.808806e-001  -1.598322e-001  -4.353167e-002  -8.412495e-004  -0.000000e+000  
-3.352965e+000  -3.247860e+000  -3.047168e+000  -2.769794e+000  -2.427590e+000  -2.051541e+000  -1.691881e+000  -1.370836e+000  -1.097718e+000  -8.728276e-001  -6.916114e-001  -5.476671e-001  -3.778533e-001  -2.390489e-001  -9.289487e-002  -1.581399e-002  -0.000000e+000  
-2.576106e+000  -2.517219e+000  -2.404099e+000  -2.245544e+000  -2.046369e+000  -1.818898e+000  -1.587302e+000  -1.365028e+000  -1.160904e+000  -9.795099e-001  -8.221922e-001  -6.881675e-001  -5.190859e-001  -3.636122e-001  -1.779338e-001  -4.310309e-002  -0.000000e+000  
-1.747705e+000  -1.723213e+000  -1.675544e+000  -1.607184e+000  -1.520007e+000  -1.417318e+000  -1.306146e+000  -1.191550e+000  -1.077746e+000  -9.679337e-001  -8.643113e-001  -7.681990e-001  -6.362142e-001  -4.932164e-001  -2.912544e-001  -8.513714e-002  -0.000000e+000  
-1.312116e+000  -1.299972e+000  -1.276096e+000  -1.241274e+000  -1.196877e+000  -1.144150e+000  -1.084767e+000  -1.020684e+000  -9.537411e-001  -8.855671e-001  -8.175282e-001  -7.507086e-001  -6.535240e-001  -5.354303e-001  -3.489523e-001  -1.116715e-001  -0.000000e+000  
-1.086939e+000  -1.079472e+000  -1.064695e+000  -1.042916e+000  -1.015409e+000  -9.829309e-001  -9.454542e-001  -9.038399e-001  -8.589611e-001  -8.116624e-001  -7.627289e-001  -7.128638e-001  -6.375804e-001  -5.389461e-001  -3.716653e-001  -1.255174e-001  -0.000000e+000  
-1.034436e+000  -1.027920e+000  -1.015001e+000  -9.959037e-001  -9.718856e-001  -9.436296e-001  -9.107956e-001  -8.740349e-001  -8.340247e-001  -7.914403e-001  -7.469298e-001  -7.010951e-001  -6.311681e-001  -5.376243e-001  -3.759050e-001  -1.286427e-001  -0.000000e+000  

0.000000e+000  0.000000e+000  0.000000e+000  0.000000e+000  0.000000e+000  0.000000e+000  0.000000e+000  0.000000e+000  0.000000e+000  0.000000e+000  0.000000e+000  0.000000e+000  0.000000e+000  0.000000e+000  0.000000e+000  0.000000e+000  0.000000e+000  
0.000000e+000  0.000000e+000  0.000000e+000  0.000000e+000  0.000000e+000  0.000000e+000  0.000000e+000  0.000000e+000  0.000000e+000  0.000000e+000  0.000000e+000  0.000000e+000  0.000000e+000  0.000000e+000  0.000000e+000  0.000000e+000  0.000000e+000  
0.000000e+000  0.000000e+000  0.000000e+000  0.000000e+000  0.000000e+000  0.000000e+000  0.000000e+000  0.000000e+000  0.000000e+000  0.000000e+000  0.000000e+000  0.000000e+000  0.000000e+000  0.000000e+000  0.000000e+000  0.000000e+000  0.000000e+000  
0.000000e+000  0.000000e+000  0.000000e+000  0.000000e+000  0.000000e+000  0.000000e+000  0.000000e+000  0.000000e+000  0.000000e+000  0.000000e+000  0.000000e+000  0.000000e+000  0.000000e+000  0.000000e+000  0.000000e+000  0.000000e+000  0.000000e+000  
0.000000e+000  0.000000e+000  0.000000e+000  0.000000e+000  0.000000e+000  0.000000e+000  0.000000e+000  0.000000e+000  0.000000e+000  0.000000e+000  0.000000e+000  0.000000e+000  0.000000e+000  0.000000e+000  0.000000e+000  0.000000e+000  0.000000e+000  
0.000000e+000  0.000000e+000  0.000000e+000  0.000000e+000  0.000000e+000  0.000000e+000  0.000000e+000  0.000000e+000  0.000000e+000  0.000000e+000  0.000000e+000  0.000000e+000  0.000000e+000  0.000000e+000  0.000000e+000  0.000000e+000  0.000000e+000  
0.000000e+000  0.000000e+000  0.000000e+000  0.000000e+000  0.000000e+000  0.000000e+000  0.000000e+000  0.000000e+000  0.000000e+000  0.000000e+000  0.000000e+000  0.000000e+000  0.000000e+000  0.000000e+000  0.000000e+000  0.000000e+000  0.000000e+000  
0.000000e+000  0.000000e+000  0.000000e+000  0.000000e+000  0.000000e+000  0.000000e+000  0.000000e+000  0.000000e+000  0.000000e+000  0.000000e+000  0.000000e+000  0.000000e+000  0.000000e+000  0.000000e+000  0.000000e+000  0.000000e+000  0.000000e+000  
0.000000e+000  0.000000e+000  0.000000e+000  0.000000e+000  0.000000e+000  0.000000e+000  0.000000e+000  0.000000e+000  0.000000e+000  0.000000e+000  0.000000e+000  0.000000e+000  0.000000e+000  0.000000e+000  0.000000e+000  0.000000e+000  0.000000e+000  
0.000000e+000  0.000000e+000  0.000000e+000  0.000000e+000  0.000000e+000  0.000000e+000  0.000000e+000  0.000000e+000  0.000000e+000  0.000000e+000  0.000000e+000  0.000000e+000  0.000000e+000  0.000000e+000  0.000000e+000  0.000000e+000  0.000000e+000  
0.000000e+000  0.000000e+000  0.000000e+000  0.000000e+000  0.000000e+000  0.000000e+000  0.000000e+000  0.000000e+000  0.000000e+000  0.000000e+000  0.000000e+000  0.000000e+000  0.000000e+000  0.000000e+000  0.000000e+000  0.000000e+000  0.000000e+000  
0.000000e+000  0.000000e+000  0.000000e+000  0.000000e+000  0.000000e+000  0.000000e+000  0.000000e+000  0.000000e+000  0.000000e+000  0.000000e+000  0.000000e+000  0.000000e+000  0.000000e+000  0.000000e+000  0.000000e+000  0.000000e+000  0.000000e+000  
0.000000e+000  0.000000e+000  0.000000e+000  0.000000e+000  0.000000e+000  0.000000e+000  0.000000e+000  0.000000e+000  0.000000e+000  0.000000e+000  0.000000e+000  0.000000e+000  0.000000e+000  0.000000e+000  0.000000e+000  0.000000e+000  0.000000e+000  
0.000000e+000  0.000000e+000  0.000000e+000  0.000000e+000  0.000000e+000  0.000000e+000  0.000000e+000  0.000000e+000  0.000000e+000  0.000000e+000  0.000000e+000  0.000000e+000  0.000000e+000  0.000000e+000  0.000000e+000  0.000000e+000  0.000000e+000  
0.000000e+000  0.000000e+000  0.000000e+000  0.000000e+000  0.000000e+000  0.000000e+000  0.000000e+000  0.000000e+000  0.000000e+000  0.000000e+000  0.000000e+000  0.000000e+000  0.000000e+000  0.000000e+000  0.000000e+000  0.000000e+000  0.000000e+000  
0.000000e+000  0.000000e+000  0.000000e+000  0.000000e+000  0.000000e+000  0.000000e+000  0.000000e+000  0.000000e+000  0.000000e+000  0.000000e+000  0.000000e+000  0.000000e+000  0.000000e+000  0.000000e+000  0.000000e+000  0.000000e+000  0.000000e+000  
0.000000e+000  0.000000e+000  0.000000e+000  0.000000e+000  0.000000e+000  0.000000e+000  0.000000e+000  0.000000e+000  0.000000e+000  0.000000e+000  0.000000e+000  0.000000e+000  0.000000e+000  0.000000e+000  0.000000e+000  0.000000e+000  0.000000e+000  
0.000000e+000  0.000000e+000  0.000000e+000  0.000000e+000  0.000000e+000  0.000000e+000  0.000000e+000  0.000000e+000  0.000000e+000  0.000000e+000  0.000000e+000  0.000000e+000  0.000000e+000  0.000000e+000  0.000000e+000  0.000000e+000  0.000000e+000  
0.000000e+000  0.000000e+000  0.000000e+000  0.000000e+000  0.000000e+000  0.000000e+000  0.000000e+000  0.000000e+000  0.000000e+000  0.000000e+000  0.000000e+000  0.000000e+000  0.000000e+000  0.000000e+000  0.000000e+000  0.000000e+000  0.000000e+000  
0.000000e+000  0.000000e+000  0.000000e+000  0.000000e+000  0.000000e+000  0.000000e+000  0.000000e+000  0.000000e+000  0.000000e+000  0.000000e+000  0.000000e+000  0.000000e+000  0.000000e+000  0.000000e+000  0.000000e+000  0.000000e+000  0.000000e+000  
0.000000e+000  0.000000e+000  0.000000e+000  0.000000e+000  0.000000e+000  0.000000e+000  0.000000e+000  0.000000e+000  0.000000e+000  0.000000e+000  0.000000e+000  0.000000e+000  0.000000e+000  0.000000e+000  0.000000e+000  0.000000e+000  0.000000e+000  
0.000000e+000  0.000000e+000  0.000000e+000  0.000000e+000  0.000000e+000  0.000000e+000  0.000000e+000  0.000000e+000  0.000000e+000  0.000000e+000  0.000000e+000  0.000000e+000  0.000000e+000  0.000000e+000  0.000000e+000  0.000000e+000  0.000000e+000  
0.000000e+000  0.000000e+000  0.000000e+000  0.000000e+000  0.000000e+000  0.000000e+000  0.000000e+000  0.000000e+000  0.000000e+000  0.000000e+000  0.000000e+000  0.000000e+000  0.000000e+000  0.000000e+000  0.000000e+000  0.000000e+000  0.000000e+000  
0.000000e+000  0.000000e+000  0.000000e+000  0.000000e+000  0.000000e+000  0.000000e+000  0.000000e+000  0.000000e+000  0.000000e+000  0.000000e+000  0.000000e+000  0.000000e+000  0.000000e+000  0.000000e+000  0.000000e+000  0.000000e+000  0.000000e+000  
0.000000e+000  0.000000e+000  0.000000e+000  0.000000e+000  0.000000e+000  0.000000e+000  0.000000e+000  0.000000e+000  0.000000e+000  0.000000e+000  0.000000e+000  0.000000e+000  0.000000e+000  0.000000e+000  0.000000e+000  0.000000e+000  0.000000e+000  
0.000000e+000  0.000000e+000  0.000000e+000  0.000000e+000  0.000000e+000  0.000000e+000  0.000000e+000  0.000000e+000  0.000000e+000  0.000000e+000  0.000000e+000  0.000000e+000  0.000000e+000  0.000000e+000  0.000000e+000  0.000000e+000  0.000000e+000  
0.000000e+000  0.000000e+000  0.000000e+000  0.000000e+000  0.000000e+000  0.000000e+000  0.000000e+000  0.000000e+000  0.000000e+000  0.000000e+000  0.000000e+000  0.000000e+000  0.000000e+000  0.000000e+000  0.000000e+000  0.000000e+000  0.000000e+000  
0.000000e+000  0.000000e+000  0.000000e+000  0.000000e+000  0.000000e+000  0.000000e+000  0.000000e+000  0.000000e+000  0.000000e+000  0.000000e+000  0.000000e+000  0.000000e+000  0.000000e+000  0.000000e+000  0.000000e+000  0.000000e+000  0.000000e+000  
0.000000e+000  0.000000e+000  0.000000e+000  0.000000e+000  0.000000e+000  0.000000e+000  0.000000e+000  0.000000e+000  0.000000e+000  0.000000e+000  0.000000e+000  0.000000e+000  0.000000e+000  0.000000e+000  0.000000e+000  0.000000e+000  0.000000e+000  
0.000000e+000  0.000000e+000  0.000000e+000  0.000000e+000  0.000000e+000  0.000000e+000  0.000000e+000  0.000000e+000  0.000000e+000  0.000000e+000  0.000000e+000  0.000000e+000  0.000000e+000  0.000000e+000  0.000000e+000  0.000000e+000  0.000000e+000  
0.000000e+000  0.000000e+000  0.000000e+000  0.000000e+000  0.000000e+000  0.000000e+000  0.000000e+000  0.000000e+000  0.000000e+000  0.000000e+000  0.000000e+000  0.000000e+000  0.000000e+000  0.000000e+000  0.000000e+000  0.000000e+000  0.000000e+000  
0.000000e+000  0.000000e+000  0.000000e+000  0.000000e+000  0.000000e+000  0.000000e+000  0.000000e+000  0.000000e+000  0.000000e+000  0.000000e+000  0.000000e+000  0.000000e+000  0.000000e+000  0.000000e+000  0.000000e+000  0.000000e+000  0.000000e+000  
0.000000e+000  0.000000e+000  0.000000e+000  0.000000e+000  0.000000e+000  0.000000e+000  0.000000e+000  0.000000e+000  0.000000e+000  0.000000e+000  0.000000e+000  0.000000e+000  0.000000e+000  0.000000e+000  0.000000e+000  0.000000e+000  0.000000e+000  
0.000000e+000  0.000000e+000  0.000000e+000  0.000000e+000  0.000000e+000  0.000000e+000  0.000000e+000  0.000000e+000  0.000000e+000  0.000000e+000  0.000000e+000  0.000000e+000  0.000000e+000  0.000000e+000  0.000000e+000  0.000000e+000  0.000000e+000  
0.000000e+000  0.000000e+000  0.000000e+000  0.000000e+000  0.000000e+000  0.000000e+000  0.000000e+000  0.000000e+000  0.000000e+000  0.000000e+000  0.000000e+000  0.000000e+000  0.000000e+000  0.000000e+000  0.000000e+000  0.000000e+000  0.000000e+000  
0.000000e+000  0.000000e+000  0.000000e+000  0.000000e+000  0.000000e+000  0.000000e+000  0.000000e+000  0.000000e+000  0.000000e+000  0.000000e+000  0.000000e+000  0.000000e+000  0.000000e+000  0.000000e+000  0.000000e+000  0.000000e+000  0.000000e+000  
0.000000e+000  0.000000e+000  0.000000e+000  0.000000e+000  0.000000e+000  0.000000e+000  0.000000e+000  0.000000e+000  0.000000e+000  0.000000e+000  0.000000e+000  0.000000e+000  0.000000e+000  0.000000e+000  0.000000e+000  0.000000e+000  0.000000e+000  
0.000000e+000  0.000000e+000  0.000000e+000  0.000000e+000  0.000000e+000  0.000000e+000  0.000000e+000  0.000000e+000  0.000000e+000  0.000000e+000  0.000000e+000  0.000000e+000  0.000000e+000  0.000000e+000  0.000000e+000  0.000000e+000  0.000000e+000  
0.000000e+000  0.000000e+000  0.000000e+000  0.000000e+000  0.000000e+000  0.000000e+000  0.000000e+000  0.000000e+000  0.000000e+000  0.000000e+000  0.000000e+000  0.000000e+000  0.000000e+000  0.000000e+000  0.000000e+000  0.000000e+000  0.000000e+000  
0.000000e+000  0.000000e+000  0.000000e+000  0.000000e+000  0.000000e+000  0.000000e+000  0.000000e+000  0.000000e+000  0.000000e+000  0.000000e+000  0.000000e+000  0.000000e+000  0.000000e+000  0.000000e+000  0.000000e+000  0.000000e+000  0.000000e+000  

0.000000e+000  0.000000e+000  0.000000e+000  0.000000e+000  0.000000e+000  0.000000e+000  0.000000e+000  0.000000e+000  0.000000e+000  0.000000e+000  0.000000e+000  0.000000e+000  0.000000e+000  0.000000e+000  0.000000e+000  0.000000e+000  0.000000e+000  
0.000000e+000  0.000000e+000  0.000000e+000  0.000000e+000  0.000000e+000  0.000000e+000  0.000000e+000  0.000000e+000  0.000000e+000  0.000000e+000  0.000000e+000  0.000000e+000  0.000000e+000  0.000000e+000  0.000000e+000  0.000000e+000  0.000000e+000  
0.000000e+000  0.000000e+000  0.000000e+000  0.000000e+000  0.000000e+000  0.000000e+000  0.000000e+000  0.000000e+000  0.000000e+000  0.000000e+000  0.000000e+000  0.000000e+000  0.000000e+000  0.000000e+000  0.000000e+000  0.000000e+000  0.000000e+000  
0.000000e+000  0.000000e+000  0.000000e+000  0.000000e+000  0.000000e+000  0.000000e+000  0.000000e+000  0.000000e+000  0.000000e+000  0.000000e+000  0.000000e+000  0.000000e+000  0.000000e+000  0.000000e+000  0.000000e+000  0.000000e+000  0.000000e+000  
0.000000e+000  0.000000e+000  0.000000e+000  0.000000e+000  0.000000e+000  0.000000e+000  0.000000e+000  0.000000e+000  0.000000e+000  0.000000e+000  0.000000e+000  0.000000e+000  0.000000e+000  0.000000e+000  0.000000e+000  0.000000e+000  0.000000e+000  
0.000000e+000  0.000000e+000  0.000000e+000  0.000000e+000  0.000000e+000  0.000000e+000  0.000000e+000  0.000000e+000  0.000000e+000  0.000000e+000  0.000000e+000  0.000000e+000  0.000000e+000  0.000000e+000  0.000000e+000  0.000000e+000  0.000000e+000  
0.000000e+000  0.000000e+000  0.000000e+000  0.000000e+000  0.000000e+000  0.000000e+000  0.000000e+000  0.000000e+000  0.000000e+000  0.000000e+000  0.000000e+000  0.000000e+000  0.000000e+000  0.000000e+000  0.000000e+000  0.000000e+000  0.000000e+000  
0.000000e+000  0.000000e+000  0.000000e+000  0.000000e+000  0.000000e+000  0.000000e+000  0.000000e+000  0.000000e+000  0.000000e+000  0.000000e+000  0.000000e+000  0.000000e+000  0.000000e+000  0.000000e+000  0.000000e+000  0.000000e+000  0.000000e+000  
0.000000e+000  0.000000e+000  0.000000e+000  0.000000e+000  0.000000e+000  0.000000e+000  0.000000e+000  0.000000e+000  0.000000e+000  0.000000e+000  0.000000e+000  0.000000e+000  0.000000e+000  0.000000e+000  0.000000e+000  0.000000e+000  0.000000e+000  
0.000000e+000  0.000000e+000  0.000000e+000  0.000000e+000  0.000000e+000  0.000000e+000  0.000000e+000  0.000000e+000  0.000000e+000  0.000000e+000  0.000000e+000  0.000000e+000  0.000000e+000  0.000000e+000  0.000000e+000  0.000000e+000  0.000000e+000  
0.000000e+000  0.000000e+000  0.000000e+000  0.000000e+000  0.000000e+000  0.000000e+000  0.000000e+000  0.000000e+000  0.000000e+000  0.000000e+000  0.000000e+000  0.000000e+000  0.000000e+000  0.000000e+000  0.000000e+000  0.000000e+000  0.000000e+000  
0.000000e+000  0.000000e+000  0.000000e+000  0.000000e+000  0.000000e+000  0.000000e+000  0.000000e+000  0.000000e+000  0.000000e+000  0.000000e+000  0.000000e+000  0.000000e+000  0.000000e+000  0.000000e+000  0.000000e+000  0.000000e+000  0.000000e+000  
0.000000e+000  0.000000e+000  0.000000e+000  0.000000e+000  0.000000e+000  0.000000e+000  0.000000e+000  0.000000e+000  0.000000e+000  0.000000e+000  0.000000e+000  0.000000e+000  0.000000e+000  0.000000e+000  0.000000e+000  0.000000e+000  0.000000e+000  
0.000000e+000  0.000000e+000  0.000000e+000  0.000000e+000  0.000000e+000  0.000000e+000  0.000000e+000  0.000000e+000  0.000000e+000  0.000000e+000  0.000000e+000  0.000000e+000  0.000000e+000  0.000000e+000  0.000000e+000  0.000000e+000  0.000000e+000  
0.000000e+000  0.000000e+000  0.000000e+000  0.000000e+000  0.000000e+000  0.000000e+000  0.000000e+000  0.000000e+000  0.000000e+000  0.000000e+000  0.000000e+000  0.000000e+000  0.000000e+000  0.000000e+000  0.000000e+000  0.000000e+000  0.000000e+000  
0.000000e+000  0.000000e+000  0.000000e+000  0.000000e+000  0.000000e+000  0.000000e+000  0.000000e+000  0.000000e+000  0.000000e+000  0.000000e+000  0.000000e+000  0.000000e+000  0.000000e+000  0.000000e+000  0.000000e+000  0.000000e+000  0.000000e+000  
0.000000e+000  0.000000e+000  0.000000e+000  0.000000e+000  0.000000e+000  0.000000e+000  0.000000e+000  0.000000e+000  0.000000e+000  0.000000e+000  0.000000e+000  0.000000e+000  0.000000e+000  0.000000e+000  0.000000e+000  0.000000e+000  0.000000e+000  
0.000000e+000  0.000000e+000  0.000000e+000  0.000000e+000  0.000000e+000  0.000000e+000  0.000000e+000  0.000000e+000  0.000000e+000  0.000000e+000  0.000000e+000  0.000000e+000  0.000000e+000  0.000000e+000  0.000000e+000  0.000000e+000  0.000000e+000  
0.000000e+000  0.000000e+000  0.000000e+000  0.000000e+000  0.000000e+000  0.000000e+000  0.000000e+000  0.000000e+000  0.000000e+000  0.000000e+000  0.000000e+000  0.000000e+000  0.000000e+000  0.000000e+000  0.000000e+000  0.000000e+000  0.000000e+000  
0.000000e+000  0.000000e+000  0.000000e+000  0.000000e+000  0.000000e+000  0.000000e+000  0.000000e+000  0.000000e+000  0.000000e+000  0.000000e+000  0.000000e+000  0.000000e+000  0.000000e+000  0.000000e+000  0.000000e+000  0.000000e+000  0.000000e+000  
0.000000e+000  0.000000e+000  0.000000e+000  0.000000e+000  0.000000e+000  0.000000e+000  0.000000e+000  0.000000e+000  0.000000e+000  0.000000e+000  0.000000e+000  0.000000e+000  0.000000e+000  0.000000e+000  0.000000e+000  0.000000e+000  0.000000e+000  
0.000000e+000  0.000000e+000  0.000000e+000  0.000000e+000  0.000000e+000  0.000000e+000  0.000000e+000  0.000000e+000  0.000000e+000  0.000000e+000  0.000000e+000  0.000000e+000  0.000000e+000  0.000000e+000  0.000000e+000  0.000000e+000  0.000000e+000  
0.000000e+000  0.000000e+000  0.000000e+000  0.000000e+000  0.000000e+000  0.000000e+000  0.000000e+000  0.000000e+000  0.000000e+000  0.000000e+000  0.000000e+000  0.000000e+000  0.000000e+000  0.000000e+000  0.000000e+000  0.000000e+000  0.000000e+000  
0.000000e+000  0.000000e+000  0.000000e+000  0.000000e+000  0.000000e+000  0.000000e+000  0.000000e+000  0.000000e+000  0.000000e+000  0.000000e+000  0.000000e+000  0.000000e+000  0.000000e+000  0.000000e+000  0.000000e+000  0.000000e+000  0.000000e+000  
0.000000e+000  0.000000e+000  0.000000e+000  0.000000e+000  0.000000e+000  0.000000e+000  0.000000e+000  0.000000e+000  0.000000e+000  0.000000e+000  0.000000e+000  0.000000e+000  0.000000e+000  0.000000e+000  0.000000e+000  0.000000e+000  0.000000e+000  
0.000000e+000  0.000000e+000  0.000000e+000  0.000000e+000  0.000000e+000  0.000000e+000  0.000000e+000  0.000000e+000  0.000000e+000  0.000000e+000  0.000000e+000  0.000000e+000  0.000000e+000  0.000000e+000  0.000000e+000  0.000000e+000  0.000000e+000  
0.000000e+000  0.000000e+000  0.000000e+000  0.000000e+000  0.000000e+000  0.000000e+000  0.000000e+000  0.000000e+000  0.000000e+000  0.000000e+000  0.000000e+000  0.000000e+000  0.000000e+000  0.000000e+000  0.000000e+000  0.000000e+000  0.000000e+000  
0.000000e+000  0.000000e+000  0.000000e+000  0.000000e+000  0.000000e+000  0.000000e+000  0.000000e+000  0.000000e+000  0.000000e+000  0.000000e+000  0.000000e+000  0.000000e+000  0.000000e+000  0.000000e+000  0.000000e+000  0.000000e+000  0.000000e+000  
0.000000e+000  0.000000e+000  0.000000e+000  0.000000e+000  0.000000e+000  0.000000e+000  0.000000e+000  0.000000e+000  0.000000e+000  0.000000e+000  0.000000e+000  0.000000e+000  0.000000e+000  0.000000e+000  0.000000e+000  0.000000e+000  0.000000e+000  
0.000000e+000  0.000000e+000  0.000000e+000  0.000000e+000  0.000000e+000  0.000000e+000  0.000000e+000  0.000000e+000  0.000000e+000  0.000000e+000  0.000000e+000  0.000000e+000  0.000000e+000  0.000000e+000  0.000000e+000  0.000000e+000  0.000000e+000  
0.000000e+000  0.000000e+000  0.000000e+000  0.000000e+000  0.000000e+000  0.000000e+000  0.000000e+000  0.000000e+000  0.000000e+000  0.000000e+000  0.000000e+000  0.000000e+000  0.000000e+000  0.000000e+000  0.000000e+000  0.000000e+000  0.000000e+000  
0.000000e+000  0.000000e+000  0.000000e+000  0.000000e+000  0.000000e+000  0.000000e+000  0.000000e+000  0.000000e+000  0.000000e+000  0.000000e+000  0.000000e+000  0.000000e+000  0.000000e+000  0.000000e+000  0.000000e+000  0.000000e+000  0.000000e+000  
0.000000e+000  0.000000e+000  0.000000e+000  0.000000e+000  0.000000e+000  0.000000e+000  0.000000e+000  0.000000e+000  0.000000e+000  0.000000e+000  0.000000e+000  0.000000e+000  0.000000e+000  0.000000e+000  0.000000e+000  0.000000e+000  0.000000e+000  
0.000000e+000  0.000000e+000  0.000000e+000  0.000000e+000  0.000000e+000  0.000000e+000  0.000000e+000  0.000000e+000  0.000000e+000  0.000000e+000  0.000000e+000  0.000000e+000  0.000000e+000  0.000000e+000  0.000000e+000  0.000000e+000  0.000000e+000  
0.000000e+000  0.000000e+000  0.000000e+000  0.000000e+000  0.000000e+000  0.000000e+000  0.000000e+000  0.000000e+000  0.000000e+000  0.000000e+000  0.000000e+000  0.000000e+000  0.000000e+000  0.000000e+000  0.000000e+000  0.000000e+000  0.000000e+000  
0.000000e+000  0.000000e+000  0.000000e+000  0.000000e+000  0.000000e+000  0.000000e+000  0.000000e+000  0.000000e+000  0.000000e+000  0.000000e+000  0.000000e+000  0.000000e+000  0.000000e+000  0.000000e+000  0.000000e+000  0.000000e+000  0.000000e+000  
0.000000e+000  0.000000e+000  0.000000e+000  0.000000e+000  0.000000e+000  0.000000e+000  0.000000e+000  0.000000e+000  0.000000e+000  0.000000e+000  0.000000e+000  0.000000e+000  0.000000e+000  0.000000e+000  0.000000e+000  0.000000e+000  0.000000e+000  
0.000000e+000  0.000000e+000  0.000000e+000  0.000000e+000  0.000000e+000  0.000000e+000  0.000000e+000  0.000000e+000  0.000000e+000  0.000000e+000  0.000000e+000  0.000000e+000  0.000000e+000  0.000000e+000  0.000000e+000  0.000000e+000  0.000000e+000  
0.000000e+000  0.000000e+000  0.000000e+000  0.000000e+000  0.000000e+000  0.000000e+000  0.000000e+000  0.000000e+000  0.000000e+000  0.000000e+000  0.000000e+000  0.000000e+000  0.000000e+000  0.000000e+000  0.000000e+000  0.000000e+000  0.000000e+000  
0.000000e+000  0.000000e+000  0.000000e+000  0.000000e+000  0.000000e+000  0.000000e+000  0.000000e+000  0.000000e+000  0.000000e+000  0.000000e+000  0.000000e+000  0.000000e+000  0.000000e+000  0.000000e+000  0.000000e+000  0.000000e+000  0.000000e+000  

0.000000e+000  0.000000e+000  0.000000e+000  0.000000e+000  0.000000e+000  0.000000e+000  0.000000e+000  0.000000e+000  0.000000e+000  0.000000e+000  0.000000e+000  0.000000e+000  0.000000e+000  0.000000e+000  0.000000e+000  0.000000e+000  0.000000e+000  
0.000000e+000  0.000000e+000  0.000000e+000  0.000000e+000  0.000000e+000  0.000000e+000  0.000000e+000  0.000000e+000  0.000000e+000  0.000000e+000  0.000000e+000  0.000000e+000  0.000000e+000  0.000000e+000  0.000000e+000  0.000000e+000  0.000000e+000  
0.000000e+000  0.000000e+000  0.000000e+000  0.000000e+000  0.000000e+000  0.000000e+000  0.000000e+000  0.000000e+000  0.000000e+000  0.000000e+000  0.000000e+000  0.000000e+000  0.000000e+000  0.000000e+000  0.000000e+000  0.000000e+000  0.000000e+000  
0.000000e+000  0.000000e+000  0.000000e+000  0.000000e+000  0.000000e+000  0.000000e+000  0.000000e+000  0.000000e+000  0.000000e+000  0.000000e+000  0.000000e+000  0.000000e+000  0.000000e+000  0.000000e+000  0.000000e+000  0.000000e+000  0.000000e+000  
0.000000e+000  0.000000e+000  0.000000e+000  0.000000e+000  0.000000e+000  0.000000e+000  0.000000e+000  0.000000e+000  0.000000e+000  0.000000e+000  0.000000e+000  0.000000e+000  0.000000e+000  0.000000e+000  0.000000e+000  0.000000e+000  0.000000e+000  
0.000000e+000  0.000000e+000  0.000000e+000  0.000000e+000  0.000000e+000  0.000000e+000  0.000000e+000  0.000000e+000  0.000000e+000  0.000000e+000  0.000000e+000  0.000000e+000  0.000000e+000  0.000000e+000  0.000000e+000  0.000000e+000  0.000000e+000  
0.000000e+000  0.000000e+000  0.000000e+000  0.000000e+000  0.000000e+000  0.000000e+000  0.000000e+000  0.000000e+000  0.000000e+000  0.000000e+000  0.000000e+000  0.000000e+000  0.000000e+000  0.000000e+000  0.000000e+000  0.000000e+000  0.000000e+000  
0.000000e+000  0.000000e+000  0.000000e+000  0.000000e+000  0.000000e+000  0.000000e+000  0.000000e+000  0.000000e+000  0.000000e+000  0.000000e+000  0.000000e+000  0.000000e+000  0.000000e+000  0.000000e+000  0.000000e+000  0.000000e+000  0.000000e+000  
0.000000e+000  0.000000e+000  0.000000e+000  0.000000e+000  0.000000e+000  0.000000e+000  0.000000e+000  0.000000e+000  0.000000e+000  0.000000e+000  0.000000e+000  0.000000e+000  0.000000e+000  0.000000e+000  0.000000e+000  0.000000e+000  0.000000e+000  
0.000000e+000  0.000000e+000  0.000000e+000  0.000000e+000  0.000000e+000  0.000000e+000  0.000000e+000  0.000000e+000  0.000000e+000  0.000000e+000  0.000000e+000  0.000000e+000  0.000000e+000  0.000000e+000  0.000000e+000  0.000000e+000  0.000000e+000  
0.000000e+000  0.000000e+000  0.000000e+000  0.000000e+000  0.000000e+000  0.000000e+000  0.000000e+000  0.000000e+000  0.000000e+000  0.000000e+000  0.000000e+000  0.000000e+000  0.000000e+000  0.000000e+000  0.000000e+000  0.000000e+000  0.000000e+000  
0.000000e+000  0.000000e+000  0.000000e+000  0.000000e+000  0.000000e+000  0.000000e+000  0.000000e+000  0.000000e+000  0.000000e+000  0.000000e+000  0.000000e+000  0.000000e+000  0.000000e+000  0.000000e+000  0.000000e+000  0.000000e+000  0.000000e+000  
0.000000e+000  0.000000e+000  0.000000e+000  0.000000e+000  0.000000e+000  0.000000e+000  0.000000e+000  0.000000e+000  0.000000e+000  0.000000e+000  0.000000e+000  0.000000e+000  0.000000e+000  0.000000e+000  0.000000e+000  0.000000e+000  0.000000e+000  
0.000000e+000  0.000000e+000  0.000000e+000  0.000000e+000  0.000000e+000  0.000000e+000  0.000000e+000  0.000000e+000  0.000000e+000  0.000000e+000  0.000000e+000  0.000000e+000  0.000000e+000  0.000000e+000  0.000000e+000  0.000000e+000  0.000000e+000  
0.000000e+000  0.000000e+000  0.000000e+000  0.000000e+000  0.000000e+000  0.000000e+000  0.000000e+000  0.000000e+000  0.000000e+000  0.000000e+000  0.000000e+000  0.000000e+000  0.000000e+000  0.000000e+000  0.000000e+000  0.000000e+000  0.000000e+000  
0.000000e+000  0.000000e+000  0.000000e+000  0.000000e+000  0.000000e+000  0.000000e+000  0.000000e+000  0.000000e+000  0.000000e+000  0.000000e+000  0.000000e+000  0.000000e+000  0.000000e+000  0.000000e+000  0.000000e+000  0.000000e+000  0.000000e+000  
0.000000e+000  0.000000e+000  0.000000e+000  0.000000e+000  0.000000e+000  0.000000e+000  0.000000e+000  0.000000e+000  0.000000e+000  0.000000e+000  0.000000e+000  0.000000e+000  0.000000e+000  0.000000e+000  0.000000e+000  0.000000e+000  0.000000e+000  
0.000000e+000  0.000000e+000  0.000000e+000  0.000000e+000  0.000000e+000  0.000000e+000  0.000000e+000  0.000000e+000  0.000000e+000  0.000000e+000  0.000000e+000  0.000000e+000  0.000000e+000  0.000000e+000  0.000000e+000  0.000000e+000  0.000000e+000  
0.000000e+000  0.000000e+000  0.000000e+000  0.000000e+000  0.000000e+000  0.000000e+000  0.000000e+000  0.000000e+000  0.000000e+000  0.000000e+000  0.000000e+000  0.000000e+000  0.000000e+000  0.000000e+000  0.000000e+000  0.000000e+000  0.000000e+000  
0.000000e+000  0.000000e+000  0.000000e+000  0.000000e+000  0.000000e+000  0.000000e+000  0.000000e+000  0.000000e+000  0.000000e+000  0.000000e+000  0.000000e+000  0.000000e+000  0.000000e+000  0.000000e+000  0.000000e+000  0.000000e+000  0.000000e+000  
0.000000e+000  0.000000e+000  0.000000e+000  0.000000e+000  0.000000e+000  0.000000e+000  0.000000e+000  0.000000e+000  0.000000e+000  0.000000e+000  0.000000e+000  0.000000e+000  0.000000e+000  0.000000e+000  0.000000e+000  0.000000e+000  0.000000e+000  
0.000000e+000  0.000000e+000  0.000000e+000  0.000000e+000  0.000000e+000  0.000000e+000  0.000000e+000  0.000000e+000  0.000000e+000  0.000000e+000  0.000000e+000  0.000000e+000  0.000000e+000  0.000000e+000  0.000000e+000  0.000000e+000  0.000000e+000  
0.000000e+000  0.000000e+000  0.000000e+000  0.000000e+000  0.000000e+000  0.000000e+000  0.000000e+000  0.000000e+000  0.000000e+000  0.000000e+000  0.000000e+000  0.000000e+000  0.000000e+000  0.000000e+000  0.000000e+000  0.000000e+000  0.000000e+000  
0.000000e+000  0.000000e+000  0.000000e+000  0.000000e+000  0.000000e+000  0.000000e+000  0.000000e+000  0.000000e+000  0.000000e+000  0.000000e+000  0.000000e+000  0.000000e+000  0.000000e+000  0.000000e+000  0.000000e+000  0.000000e+000  0.000000e+000  
0.000000e+000  0.000000e+000  0.000000e+000  0.000000e+000  0.000000e+000  0.000000e+000  0.000000e+000  0.000000e+000  0.000000e+000  0.000000e+000  0.000000e+000  0.000000e+000  0.000000e+000  0.000000e+000  0.000000e+000  0.000000e+000  0.000000e+000  
0.000000e+000  0.000000e+000  0.000000e+000  0.000000e+000  0.000000e+000  0.000000e+000  0.000000e+000  0.000000e+000  0.000000e+000  0.000000e+000  0.000000e+000  0.000000e+000  0.000000e+000  0.000000e+000  0.000000e+000  0.000000e+000  0.000000e+000  
0.000000e+000  0.000000e+000  0.000000e+000  0.000000e+000  0.000000e+000  0.000000e+000  0.000000e+000  0.000000e+000  0.000000e+000  0.000000e+000  0.000000e+000  0.000000e+000  0.000000e+000  0.000000e+000  0.000000e+000  0.000000e+000  0.000000e+000  
0.000000e+000  0.000000e+000  0.000000e+000  0.000000e+000  0.000000e+000  0.000000e+000  0.000000e+000  0.000000e+000  0.000000e+000  0.000000e+000  0.000000e+000  0.000000e+000  0.000000e+000  0.000000e+000  0.000000e+000  0.000000e+000  0.000000e+000  
0.000000e+000  0.000000e+000  0.000000e+000  0.000000e+000  0.000000e+000  0.000000e+000  0.000000e+000  0.000000e+000  0.000000e+000  0.000000e+000  0.000000e+000  0.000000e+000  0.000000e+000  0.000000e+000  0.000000e+000  0.000000e+000  0.000000e+000  
0.000000e+000  0.000000e+000  0.000000e+000  0.000000e+000  0.000000e+000  0.000000e+000  0.000000e+000  0.000000e+000  0.000000e+000  0.000000e+000  0.000000e+000  0.000000e+000  0.000000e+000  0.000000e+000  0.000000e+000  0.000000e+000  0.000000e+000  
0.000000e+000  0.000000e+000  0.000000e+000  0.000000e+000  0.000000e+000  0.000000e+000  0.000000e+000  0.000000e+000  0.000000e+000  0.000000e+000  0.000000e+000  0.000000e+000  0.000000e+000  0.000000e+000  0.000000e+000  0.000000e+000  0.000000e+000  
0.000000e+000  0.000000e+000  0.000000e+000  0.000000e+000  0.000000e+000  0.000000e+000  0.000000e+000  0.000000e+000  0.000000e+000  0.000000e+000  0.000000e+000  0.000000e+000  0.000000e+000  0.000000e+000  0.000000e+000  0.000000e+000  0.000000e+000  
0.000000e+000  0.000000e+000  0.000000e+000  0.000000e+000  0.000000e+000  0.000000e+000  0.000000e+000  0.000000e+000  0.000000e+000  0.000000e+000  0.000000e+000  0.000000e+000  0.000000e+000  0.000000e+000  0.000000e+000  0.000000e+000  0.000000e+000  
0.000000e+000  0.000000e+000  0.000000e+000  0.000000e+000  0.000000e+000  0.000000e+000  0.000000e+000  0.000000e+000  0.000000e+000  0.000000e+000  0.000000e+000  0.000000e+000  0.000000e+000  0.000000e+000  0.000000e+000  0.000000e+000  0.000000e+000  
0.000000e+000  0.000000e+000  0.000000e+000  0.000000e+000  0.000000e+000  0.000000e+000  0.000000e+000  0.000000e+000  0.000000e+000  0.000000e+000  0.000000e+000  0.000000e+000  0.000000e+000  0.000000e+000  0.000000e+000  0.000000e+000  0.000000e+000  
0.000000e+000  0.000000e+000  0.000000e+000  0.000000e+000  0.000000e+000  0.000000e+000  0.000000e+000  0.000000e+000  0.000000e+000  0.000000e+000  0.000000e+000  0.000000e+000  0.000000e+000  0.000000e+000  0.000000e+000  0.000000e+000  0.000000e+000  
0.000000e+000  0.000000e+000  0.000000e+000  0.000000e+000  0.000000e+000  0.000000e+000  0.000000e+000  0.000000e+000  0.000000e+000  0.000000e+000  0.000000e+000  0.000000e+000  0.000000e+000  0.000000e+000  0.000000e+000  0.000000e+000  0.000000e+000  
0.000000e+000  0.000000e+000  0.000000e+000  0.000000e+000  0.000000e+000  0.000000e+000  0.000000e+000  0.000000e+000  0.000000e+000  0.000000e+000  0.000000e+000  0.000000e+000  0.000000e+000  0.000000e+000  0.000000e+000  0.000000e+000  0.000000e+000  
0.000000e+000  0.000000e+000  0.000000e+000  0.000000e+000  0.000000e+000  0.000000e+000  0.000000e+000  0.000000e+000  0.000000e+000  0.000000e+000  0.000000e+000  0.000000e+000  0.000000e+000  0.000000e+000  0.000000e+000  0.000000e+000  0.000000e+000  
0.000000e+000  0.000000e+000  0.000000e+000  0.000000e+000  0.000000e+000  0.000000e+000  0.000000e+000  0.000000e+000  0.000000e+000  0.000000e+000  0.000000e+000  0.000000e+000  0.000000e+000  0.000000e+000  0.000000e+000  0.000000e+000  0.000000e+000  

-6.133478e-002  -6.099698e-002  -6.032439e-002  -5.932314e-002  -5.782569e-002  -5.587565e-002  -5.368804e-002  -5.130287e-002  -4.876045e-002  -4.609993e-002  -4.335803e-002  -4.056820e-002  -3.635571e-002  -3.081570e-002  -2.136700e-002  -7.252101e-003  -0.000000e+000  
-2.028885e-001  -2.017495e-001  -1.994794e-001  -1.960947e-001  -1.908999e-001  -1.840386e-001  -1.763812e-001  -1.680812e-001  -1.592903e-001  -1.501529e-001  -1.408015e-001  -1.313537e-001  -1.171885e-001  -9.881717e-002  -6.788406e-002  -2.283678e-002  -0.000000e+000  
-3.732608e-001  -3.711235e-001  -3.668437e-001  -3.604162e-001  -3.496780e-001  -3.348889e-001  -3.186150e-001  -3.012542e-001  -2.831824e-001  -2.647378e-001  -2.462120e-001  -2.278454e-001  -2.008188e-001  -1.670281e-001  -1.120060e-001  -3.685098e-002  -0.000000e+000  
-5.651814e-001  -5.622448e-001  -5.562614e-001  -5.470345e-001  -5.281964e-001  -5.001172e-001  -4.699191e-001  -4.385314e-001  -4.067619e-001  -3.752677e-001  -3.445503e-001  -3.149666e-001  -2.726396e-001  -2.224426e-001  -1.444518e-001  -4.624373e-002  -0.000000e+000  
-7.397881e-001  -7.376724e-001  -7.329590e-001  -7.247548e-001  -6.964180e-001  -6.483760e-001  -5.983675e-001  -5.482912e-001  -4.995678e-001  -4.531456e-001  -4.095760e-001  -3.691105e-001  -3.131317e-001  -2.505057e-001  -1.578393e-001  -4.936262e-002  -0.000000e+000  
-8.326840e-001  -8.324866e-001  -8.312030e-001  -8.271443e-001  -7.930133e-001  -7.292973e-001  -6.645684e-001  -6.015085e-001  -5.418352e-001  -4.864589e-001  -4.357182e-001  -3.895902e-001  -3.269727e-001  -2.589966e-001  -1.608173e-001  -4.973920e-002  -0.000000e+000  
-8.945699e-001  -8.965780e-001  -8.993424e-001  -9.004122e-001  -8.620705e-001  -7.849191e-001  -7.080972e-001  -6.348968e-001  -5.671062e-001  -5.054185e-001  -4.498571e-001  -4.000896e-001  -3.333889e-001  -2.623795e-001  -1.613926e-001  -4.956326e-002  -0.000000e+000  
-9.485817e-001  -9.537746e-001  -9.625298e-001  -9.714777e-001  -9.289938e-001  -8.359669e-001  -7.456354e-001  -6.618227e-001  -5.860785e-001  -5.185816e-001  -4.588359e-001  -4.060819e-001  -3.362172e-001  -2.631159e-001  -1.605371e-001  -4.899890e-002  -0.000000e+000  
-9.932982e-001  -1.002478e+000  -1.018944e+000  -1.038422e+000  -9.919366e-001  -8.809748e-001  -7.763565e-001  -6.821043e-001  -5.990624e-001  -5.265682e-001  -4.634339e-001  -4.084020e-001  -3.362786e-001  -2.619077e-001  -1.587071e-001  -4.818767e-002  -0.000000e+000  
-1.031462e+000  -1.045939e+000  -1.073068e+000  -1.107932e+000  -1.057014e+000  -9.231955e-001  -8.020145e-001  -6.967900e-001  -6.067484e-001  -5.298496e-001  -4.639648e-001  -4.072421e-001  -3.336238e-001  -2.587039e-001  -1.557775e-001  -4.706717e-002  -0.000000e+000  
-1.059400e+000  -1.080435e+000  -1.121625e+000  -1.178672e+000  -1.122473e+000  -9.592260e-001  -8.195780e-001  -7.037227e-001  -6.077261e-001  -5.275255e-001  -4.598504e-001  -4.022222e-001  -3.280539e-001  -2.534059e-001  -1.517230e-001  -4.563552e-002  -0.000000e+000  
-1.070900e+000  -1.098187e+000  -1.154250e+000  -1.238691e+000  -1.176212e+000  -9.800846e-001  -8.241237e-001  -7.007825e-001  -6.014574e-001  -5.198788e-001  -4.517763e-001  -3.942073e-001  -3.205204e-001  -2.468957e-001  -1.471907e-001  -4.411469e-002  -0.000000e+000  
-1.070084e+000  -1.102141e+000  -1.171064e+000  -1.284616e+000  -1.214479e+000  -9.861159e-001  -8.184384e-001  -6.912620e-001  -5.909564e-001  -5.094640e-001  -4.418622e-001  -3.849548e-001  -3.123441e-001  -2.401179e-001  -1.426857e-001  -4.264411e-002  -0.000000e+000  
-1.056783e+000  -1.091749e+000  -1.170531e+000  -1.316327e+000  -1.234424e+000  -9.741068e-001  -8.007815e-001  -6.738621e-001  -5.749845e-001  -4.950410e-001  -4.288834e-001  -3.732807e-001  -3.024312e-001  -2.321339e-001  -1.375576e-001  -4.100612e-002  -0.000000e+000  
-1.029874e+000  -1.064331e+000  -1.144015e+000  -1.311288e+000  -1.211038e+000  -9.360491e-001  -7.693491e-001  -6.482193e-001  -5.534980e-001  -4.766354e-001  -4.128769e-001  -3.592199e-001  -2.908094e-001  -2.229642e-001  -1.318189e-001  -3.920481e-002  -0.000000e+000  
-9.846148e-001  -1.013832e+000  -1.076170e+000  -1.176572e+000  -1.033665e+000  -8.567910e-001  -7.188684e-001  -6.107242e-001  -5.235432e-001  -4.517264e-001  -3.916558e-001  -3.408580e-001  -2.759067e-001  -2.113789e-001  -1.247110e-001  -3.700509e-002  -0.000000e+000  
-9.167648e-001  -9.378291e-001  -9.779608e-001  -1.025102e+000  -8.465661e-001  -7.510697e-001  -6.493034e-001  -5.596497e-001  -4.834161e-001  -4.188550e-001  -3.640023e-001  -3.171798e-001  -2.569560e-001  -1.968298e-001  -1.159468e-001  -3.433065e-002  -0.000000e+000  
-7.958517e-001  -8.064731e-001  -8.241039e-001  -8.399320e-001  -6.400167e-001  -5.976704e-001  -5.370303e-001  -4.740981e-001  -4.154464e-001  -3.630949e-001  -3.172015e-001  -2.772560e-001  -2.252169e-001  -1.726449e-001  -1.015629e-001  -2.998888e-002  -0.000000e+000  
-4.770439e-001  -4.786577e-001  -4.810821e-001  -4.829402e-001  -3.213872e-001  -3.107978e-001  -2.918548e-001  -2.681983e-001  -2.427192e-001  -2.173507e-001  -1.932361e-001  -1.709615e-001  -1.406472e-001  -1.085119e-001  -6.394121e-002  -1.879965e-002  -0.000000e+000  
-0.000000e+000  -0.000000e+000  -0.000000e+000  -0.000000e+000  1.923737e-011  2.185303e-011  1.711166e-011  1.169966e-011  -0.000000e+000  -0.000000e+000  -0.000000e+000  -0.000000e+000  -0.000000e+000  -0.000000e+000  -0.000000e+000  -0.000000e+000  -0.000000e+000  
4.770439e-001  4.786577e-001  4.810821e-001  4.829402e-001  3.213872e-001  3.107978e-001  2.918548e-001  2.681983e-001  2.427192e-001  2.173507e-001  1.932361e-001  1.709615e-001  1.406472e-001  1.085119e-001  6.394121e-002  1.879965e-002  -0.000000e+000  
7.958517e-001  8.064731e-001  8.241039e-001  8.399320e-001  6.400167e-001  5.976704e-001  5.370303e-001  4.740981e-001  4.154464e-001  3.630949e-001  3.172015e-001  2.772560e-001  2.252169e-001  1.726449e-001  1.015629e-001  2.998888e-002  -0.000000e+000  
9.167648e-001  9.378291e-001  9.779608e-001  1.025102e+000  8.465661e-001  7.510697e-001  6.493034e-001  5.596497e-001  4.834161e-001  4.188550e-001  3.640023e-001  3.171798e-001  2.569560e-001  1.968298e-001  1.159468e-001  3.433065e-002  -0.000000e+000  
9.846148e-001  1.013832e+000  1.076170e+000  1.176572e+000  1.033665e+000  8.567910e-001  7.188684e-001  6.107242e-001  5.235432e-001  4.517264e-001  3.916558e-001  3.408580e-001  2.759067e-001  2.113789e-001  1.247110e-001  3.700509e-002  -0.000000e+000  
1.029874e+000  1.064331e+000  1.144015e+000  1.311288e+000  1.211038e+000  9.360491e-001  7.693491e-001  6.482193e-001  5.534980e-001  4.766354e-001  4.128769e-001  3.592199e-001  2.908094e-001  2.229642e-001  1.318189e-001  3.920481e-002  -0.000000e+000  
1.056783e+000  1.091749e+000  1.170531e+000  1.316327e+000  1.234424e+000  9.741068e-001  8.007815e-001  6.738621e-001  5.749845e-001  4.950410e-001  4.288834e-001  3.732807e-001  3.024312e-001  2.321339e-001  1.375576e-001  4.100612e-002  -0.000000e+000  
1.070084e+000  1.102141e+000  1.171064e+000  1.284616e+000  1.214479e+000  9.861159e-001  8.184384e-001  6.912620e-001  5.909564e-001  5.094640e-001  4.418622e-001  3.849548e-001  3.123441e-001  2.401179e-001  1.426857e-001  4.264411e-002  -0.000000e+000  
1.070900e+000  1.098187e+000  1.154250e+000  1.238691e+000  1.176212e+000  9.800846e-001  8.241237e-001  7.007825e-001  6.014574e-001  5.198788e-001  4.517763e-001  3.942073e-001  3.205204e-001  2.468957e-001  1.471907e-001  4.411469e-002  -0.000000e+000  
1.059400e+000  1.080435e+000  1.121625e+000  1.178672e+000  1.122473e+000  9.592260e-001  8.195780e-001  7.037227e-001  6.077261e-001  5.275255e-001  4.598504e-001  4.022222e-001  3.280539e-001  2.534059e-001  1.517230e-001  4.563552e-002  -0.000000e+000  
1.031462e+000  1.045939e+000  1.073068e+000  1.107932e+000  1.057014e+000  9.231955e-001  8.020145e-001  6.967900e-001  6.067484e-001  5.298496e-001  4.639648e-001  4.072421e-001  3.336238e-001  2.587039e-001  1.557775e-001  4.706717e-002  -0.000000e+000  
9.932982e-001  1.002478e+000  1.018944e+000  1.038422e+000  9.919366e-001  8.809748e-001  7.763565e-001  6.821043e-001  5.990624e-001  5.265682e-001  4.634339e-001  4.084020e-001  3.362786e-001  2.619077e-001  1.587071e-001  4.818767e-002  -0.000000e+000  
9.485817e-001  9.537746e-001  9.625298e-001  9.714777e-001  9.289938e-001  8.359669e-001  7.456354e-001  6.618227e-001  5.860785e-001  5.185816e-001  4.588359e-001  4.060819e-001  3.362172e-001  2.631159e-001  1.605371e-001  4.899890e-002  -0.000000e+000  
8.945699e-001  8.965780e-001  8.993424e-001  9.004122e-001  8.620705e-001  7.849191e-001  7.080972e-001  6.348968e-001  5.671062e-001  5.054185e-001  4.498571e-001  4.000896e-001  3.333889e-001  2.623795e-001  1.613926e-001  4.956326e-002  -0.000000e+000  
8.326840e-001  8.324866e-001  8.312030e-001  8.271443e-001  7.930133e-001  7.292973e-001  6.645684e-001  6.015085e-001  5.418352e-001  4.864589e-001  4.357182e-001  3.895902e-001  3.269727e-001  2.589966e-001  1.608173e-001  4.973920e-002  -0.000000e+000  
7.397881e-001  7.376724e-001  7.329590e-001  7.247548e-001  6.964180e-001  6.483760e-001  5.983675e-001  5.482912e-001  4.995678e-001  4.531456e-001  4.095760e-001  3.691105e-001  3.131317e-001  2.505057e-001  1.578393e-001  4.936262e-002  -0.000000e+000  
5.651814e-001  5.622448e-001  5.562614e-001  5.470345e-001  5.281964e-001  5.001172e-001  4.699191e-001  4.385314e-001  4.067619e-001  3.752677e-001  3.445503e-001  3.149666e-001  2.726396e-001  2.224426e-001  1.444518e-001  4.624373e-002  -0.000000e+000  
3.732608e-001  3.711235e-001  3.668437e-001  3.604162e-001  3.496780e-001  3.348889e-001  3.186150e-001  3.012542e-001  2.831824e-001  2.647378e-001  2.462120e-001  2.278454e-001  2.008188e-001  1.670281e-001  1.120060e-001  3.685098e-002  -0.000000e+000  
2.028885e-001  2.017495e-001  1.994794e-001  1.960947e-001  1.908999e-001  1.840386e-001  1.763812e-001  1.680812e-001  1.592903e-001  1.501529e-001  1.408015e-001  1.313537e-001  1.171885e-001  9.881717e-002  6.788406e-002  2.283678e-002  -0.000000e+000  
6.133478e-002  6.099698e-002  6.032439e-002  5.932314e-002  5.782569e-002  5.587565e-002  5.368804e-002  5.130287e-002  4.876045e-002  4.609993e-002  4.335803e-002  4.056820e-002  3.635571e-002  3.081570e-002  2.136700e-002  7.252101e-003  -0.000000e+000  
-0.000000e+000  -0.000000e+000  -0.000000e+000  -0.000000e+000  -0.000000e+000  -0.000000e+000  -0.000000e+000  -0.000000e+000  -0.000000e+000  -0.000000e+000  -0.000000e+000  -0.000000e+000  -0.000000e+000  -0.000000e+000  -0.000000e+000  -0.000000e+000  -0.000000e+000  

