2025-10-16 10:47:23   Build version: 2025.4 Release from 2025-04-11 (change 1409410)

2025-10-16 10:47:23   Starting adaptive port meshing.

                      ------------------------------------------------------------------------------
2025-10-16 10:47:23   Mode calculation for port 1:

                      ------------------------------------------------------------------------------
2025-10-16 10:47:23   According to the selected features the <Time Domain Solver (HEX)> will be
                      started.

                      ------------------------------------------------------------------------------
2025-10-16 10:47:24   

                      ------------------------------------------------------------------------------
2025-10-16 10:47:24   

                      ------------------------------------------------------------------------------
2025-10-16 10:47:28   Using Generalized port mode solver.

                      ------------------------------------------------------------------------------
2025-10-16 10:47:29   Port mode solver: Detected dispersive material(s) at port 1. 
                      Using a constant approximation of dispersive material(s) at 2.4 GHz and neglecting loss terms.  More...

                      ------------------------------------------------------------------------------
2025-10-16 10:47:29     -------------------------------- F-Calc 2.4 --------------------------------
                        Port   Mode   Type        Z-Wave        Z-Wave-Sigma  Z-Line        F-Cutoff
                        1      1      QTEM        207           0             60.1          ---
                        ----------------------------------------------------------------------------

2025-10-16 10:47:31   Pass 1 successfully completed. 
2025-10-16 10:47:31   According to the selected features the <Time Domain Solver (HEX)> will be
                      started.

                      ------------------------------------------------------------------------------
2025-10-16 10:47:31   

                      ------------------------------------------------------------------------------
2025-10-16 10:47:31   

                      ------------------------------------------------------------------------------
2025-10-16 10:47:38     -------------------------------- F-Calc 2.4 --------------------------------
                        Port   Mode   Type        Z-Wave        Z-Wave-Sigma  Z-Line        F-Cutoff
                        1      1      QTEM        210           0             62.9          ---
                        ----------------------------------------------------------------------------

2025-10-16 10:47:39   Pass 2 successfully completed. Delta (Line Imp.): 4.41%
2025-10-16 10:47:39   According to the selected features the <Time Domain Solver (HEX)> will be
                      started.

                      ------------------------------------------------------------------------------
2025-10-16 10:47:40   

                      ------------------------------------------------------------------------------
2025-10-16 10:47:40   

                      ------------------------------------------------------------------------------
2025-10-16 10:47:47     -------------------------------- F-Calc 2.4 --------------------------------
                        Port   Mode   Type        Z-Wave        Z-Wave-Sigma  Z-Line        F-Cutoff
                        1      1      QTEM        249           1.01e-007     62.7          ---
                        ----------------------------------------------------------------------------

2025-10-16 10:47:49   Pass 3 successfully completed. Delta (Line Imp.): 0.37%
2025-10-16 10:47:50   According to the selected features the <Time Domain Solver (HEX)> will be
                      started.

                      ------------------------------------------------------------------------------
2025-10-16 10:47:50   

                      ------------------------------------------------------------------------------
2025-10-16 10:47:50   

                      ------------------------------------------------------------------------------
2025-10-16 10:47:58     -------------------------------- F-Calc 2.4 --------------------------------
                        Port   Mode   Type        Z-Wave        Z-Wave-Sigma  Z-Line        F-Cutoff
                        1      1      QTEM        252           1.97e-007     62.7          ---
                        ----------------------------------------------------------------------------

2025-10-16 10:48:00   Pass 4 successfully completed. Delta (Line Imp.): 0.01%
2025-10-16 10:48:00   Adaptive port meshing finished. 

                      ------------------------------------------------------------------------------
2025-10-16 10:48:03   The following farfield monitor(s) have been adjusted to model box [-54.2138,
                      54.2138, -58.8636, 45.814, -5.03077, 16.1117]:
                        farfield (f=2.4417).
                      For further information please check the page "Special Solver Parameters -
                      Solver" in the Online Help.

                      ------------------------------------------------------------------------------
2025-10-16 10:48:03   According to the selected features the <Time Domain Solver (HEX)> will be
                      started.

                      ------------------------------------------------------------------------------
2025-10-16 10:48:03   
                      Solver started at: 2025-10-16 10:48:03 +0200

                        Module:  Time Domain: S-Parameter (Win 64)
                        Version: 2025.4 Release from 2025-04-11 (change 1409410)

2025-10-16 10:48:03   

                      ------------------------------------------------------------------------------
2025-10-16 10:48:03   

                      ------------------------------------------------------------------------------
2025-10-16 10:48:03   ======================================================================
                       Solver cycle: 1
                      ======================================================================

                      Stimulation at port 1 (mode 1) 



                      ------------------------------------------------------------------------------
2025-10-16 10:48:03   Units settings: 

                        Dimensions: mm
                        Frequency:  GHz
                        Time:       ns

                      ------------------------------------------------------------------------------
2025-10-16 10:48:03   The dispersive material update [Automatic] will be performed using the "Standard" update schema

                      ------------------------------------------------------------------------------
2025-10-16 10:48:15   Mesh statistics:

                         Hexahedral mesh type: Perfect Boundary Approximation (PBA)
                            Version: default

                         Parallelization type: domain decomposition
                            Number of parallel working threads: 2
                            Number of calculation domains used: 2

                         Used point accuracy enhancement value: 74.00%.
                         Acceleration mode: CPU
                         PBA fill limit: 99.00% (inverse)

2025-10-16 10:48:17   Using Generalized port mode solver.

                      ------------------------------------------------------------------------------
2025-10-16 10:48:18   Port mode solver: Detected dispersive material(s) at port 1. 
                      Using a constant approximation of dispersive material(s) at 2.4 GHz and neglecting loss terms.  More...

                      ------------------------------------------------------------------------------
2025-10-16 10:48:19   Boundary conditions: 

                        YZsymmetry: none
                        XZsymmetry: none
                        XYsymmetry: none

                        Xmin: expanded open, 4 Layer, depth 34.778 mm
                        Xmax: expanded open, 4 Layer, depth 34.778 mm

                        Ymin: expanded open, 4 Layer, depth 32.9296 mm
                        Ymax: expanded open, 4 Layer, depth 34.8094 mm

                        Zmin: expanded open, 4 Layer, depth 34.9838 mm
                        Zmax: expanded open, 4 Layer, depth 37.8858 mm

                        PML-Type: Convolution PML

                      ------------------------------------------------------------------------------
2025-10-16 10:48:19   Frequency settings: 

                        Fmin:         2.2
                        Fmax:         2.6
                        Nfsteps(lin): 1001

                      ------------------------------------------------------------------------------
2025-10-16 10:48:19   Field update statistics:

                        Number of components in total: 	354329
                        Number of TST and special elements:	228
                        Number of lossy metal components:	8388
                        Number of disp. elements:		4697

                      Subcycling state:      			Automatically deactivated

                      ------------------------------------------------------------------------------
2025-10-16 10:48:20   Waveguide boundaries:

2025-10-16 10:48:20   Port: 1

2025-10-16 10:48:20     -------------------------------- F-Calc 2.4 --------------------------------
                        Port   Mode   Type        Z-Wave        Z-Wave-Sigma  Z-Line        F-Cutoff
                        1      1      QTEM        207           0             62.7          ---
                        ----------------------------------------------------------------------------

2025-10-16 10:48:20   Using standard absorber for unconsidered modes at port 1.

                      ------------------------------------------------------------------------------
2025-10-16 10:48:51   
                      --------------------------------------------------------------------------------
2025-10-16 10:48:51   Steady state energy criterion met, solver finished successfully.

                      ------------------------------------------------------------------------------
2025-10-16 10:48:51   Frequency domain results normalized to default signal.


                      ------------------------------------------------------------------------------
2025-10-16 10:48:51   
                        ----------------------------------------------------------------------------
                                            Peak memory used (kB)         Free physical memory (kB) 
                                                                          At begin     Minimum      
                        ----------------------------------------------------------------------------
                        Matrices calc.      143310                        1989257      1206054      
                        Solver run total    75364                         3446244      3341628      
                        ----------------------------------------------------------------------------

                      --------------------------------------------------------------------------------
                      Solver Statistics:

                        Hardware:
                           Computer name:                 	Heu 

                           Number of CPU threads:               4
                           Hardware info:                  	Hardware Accelerator Device not activated

                        Number of mesh cells:             	56448
                        Excitation duration:              	1.77727437e+001 ns 
                        Calculation time for excitation:  	0 	s
                        Number of calculated pulse widths:	1.16725 
                        Steady state accuracy limit:      	-40	dB 
                        Simulated number of time steps:   	8150 
                        Maximum number of time steps:     	139644 
                        Time step width:
                           without subcycles:             	2.545429954e-003 ns
                           used:                          	2.545429954e-003 ns

                        Matrix calculation time:          	11 	s
                        Solver setup time:                	9 	s
                        Solver loop time:                 	25 	s
                        Solver post-processing time:      	1 	s
                                                          	------------
                        Total solver time:                	46 	s

                      ------------------------------------------------------------------------------
2025-10-16 10:48:52   
                        Adaptive port meshing time:          	39     	s
                        Total solver time (all cycles):      	46     	s
                        Solver initialization and clean-up:  	2      	s
                                                             	------------
                        Total simulation time:               	87     	s  ( = 0 h, 1 m, 27 s )

                      ------------------------------------------------------------------------------
2025-10-16 10:48:52   Solver finished at: 2025-10-16 10:48:52 +0200



                      ------------------------------------------------------------------------------
2025-10-16 10:48:54   Creating parametric 1D results for Run ID 36

                      ------------------------------------------------------------------------------
