Port monitor named: Port1_h1[2.4].prt

nx        = 37
ny        = 4
nz        = 19

nu        = 17
nv        = 35
iu        = 2
iv        = 2

idir      = 1
dcut      = -4.425000e-002
icut      = 2
type      = 1
frequency = 2.400000e+009

fcutoff   = 0.000000e+000
alpha     = 0.000000e+000
beta      = 9.210857e+001
accuracy  = 1.869659e-010

type          = QTEM
wave imp.     = 2.489854e+002
wave imp.sig. = 5.439986e-009
line imp.     = 5.439008e+001

ref. port     = 0

-0.000000e+000  1.278877e-002  2.527512e-002  3.717223e-002  4.822317e-002  5.874264e-002  6.798473e-002  7.583524e-002  8.224207e-002  8.721087e-002  9.079757e-002  9.309880e-002  9.424151e-002  9.349272e-002  9.000325e-002  7.218881e-002  5.780456e-002  
-0.000000e+000  4.792588e-002  9.453427e-002  1.385885e-001  1.790050e-001  2.168008e-001  2.492070e-001  2.758523e-001  2.966518e-001  3.117715e-001  3.215809e-001  3.265989e-001  3.274411e-001  3.185927e-001  3.011322e-001  2.314719e-001  1.809357e-001  
-0.000000e+000  1.166286e-001  2.288235e-001  3.325195e-001  4.243426e-001  5.058272e-001  5.706055e-001  6.183658e-001  6.498175e-001  6.664370e-001  6.701927e-001  6.632930e-001  6.479830e-001  5.985400e-001  5.386610e-001  3.713813e-001  2.730712e-001  
-0.000000e+000  2.465635e-001  4.799911e-001  6.885260e-001  8.630357e-001  1.004543e+000  1.101755e+000  1.156984e+000  1.175428e+000  1.163826e+000  1.129304e+000  1.078563e+000  1.017436e+000  8.783781e-001  7.426700e-001  4.536455e-001  3.128045e-001  
-0.000000e+000  4.780435e-001  9.220967e-001  1.301695e+000  1.593999e+000  1.796464e+000  1.895419e+000  1.906362e+000  1.850735e+000  1.750244e+000  1.623507e+000  1.484838e+000  1.344376e+000  1.078117e+000  8.538006e-001  4.690045e-001  3.070667e-001  
-0.000000e+000  7.526630e-001  1.444929e+000  2.019314e+000  2.429571e+000  2.663455e+000  2.714072e+000  2.626571e+000  2.451573e+000  2.231607e+000  1.996918e+000  1.766558e+000  1.551233e+000  1.181259e+000  8.939954e-001  4.583065e-001  2.900452e-001  
-0.000000e+000  1.104918e+000  2.122989e+000  2.955933e+000  3.504222e+000  3.720161e+000  3.631359e+000  3.355275e+000  2.995159e+000  2.618363e+000  2.261077e+000  1.939206e+000  1.657332e+000  1.210608e+000  8.849882e-001  4.327405e-001  2.678130e-001  
-0.000000e+000  1.381019e+000  2.666955e+000  3.727461e+000  4.396543e+000  4.562137e+000  4.313954e+000  3.857155e+000  3.340954e+000  2.844996e+000  2.402303e+000  2.021225e+000  1.698979e+000  1.210385e+000  8.664803e-001  4.119114e-001  2.515241e-001  
-0.000000e+000  1.722885e+000  3.367026e+000  4.770307e+000  5.636827e+000  5.667271e+000  5.130578e+000  4.398965e+000  3.676267e+000  3.040056e+000  2.506411e+000  2.067621e+000  1.709101e+000  1.188238e+000  8.335331e-001  3.858312e-001  2.326452e-001  
-0.000000e+000  2.119042e+000  4.233730e+000  6.185320e+000  7.446358e+000  7.132707e+000  6.073173e+000  4.938124e+000  3.959683e+000  3.172687e+000  2.552577e+000  2.064947e+000  1.679265e+000  1.140777e+000  7.850303e-001  3.545163e-001  2.112873e-001  
-0.000000e+000  2.466678e+000  5.087621e+000  7.837180e+000  9.948438e+000  8.824068e+000  6.940310e+000  5.325430e+000  4.104245e+000  3.198729e+000  2.521702e+000  2.007927e+000  1.611663e+000  1.074998e+000  7.286105e-001  3.227646e-001  1.906327e-001  
-0.000000e+000  2.703475e+000  5.765986e+000  9.492050e+000  1.328063e+001  1.053557e+001  7.589346e+000  5.520823e+000  4.119178e+000  3.142539e+000  2.439409e+000  1.919062e+000  1.524847e+000  1.002679e+000  6.714906e-001  2.929843e-001  1.718143e-001  
-0.000000e+000  2.801310e+000  6.187402e+000  1.112123e+001  1.901941e+001  1.232109e+001  7.935403e+000  5.485922e+000  3.987565e+000  2.992225e+000  2.294340e+000  1.786966e+000  1.407675e+000  9.140993e-001  6.056357e-001  2.606906e-001  1.519046e-001  
-0.000000e+000  2.673078e+000  6.010694e+000  1.160494e+001  3.012292e+001  1.330544e+001  7.609814e+000  5.121677e+000  3.682178e+000  2.739387e+000  2.083748e+000  1.610910e+000  1.260249e+000  8.097353e-001  5.315138e-001  2.260945e-001  1.310141e-001  
-0.000000e+000  2.230275e+000  4.805165e+000  8.170688e+000  -0.000000e+000  8.109172e+000  5.953482e+000  4.284825e+000  3.133541e+000  2.334740e+000  1.769214e+000  1.360180e+000  1.057752e+000  6.728049e-001  4.375854e-001  1.839544e-001  1.060037e-001  
-0.000000e+000  1.504404e+000  2.925565e+000  3.576863e+000  -0.000000e+000  3.792152e+000  3.798075e+000  3.036873e+000  2.307764e+000  1.741424e+000  1.322622e+000  1.014831e+000  7.863443e-001  4.963966e-001  3.204771e-001  1.334322e-001  7.654162e-002  
-0.000000e+000  4.963746e-001  8.578340e-001  8.196384e-001  -0.000000e+000  9.674915e-001  1.246094e+000  1.139467e+000  9.275124e-001  7.227854e-001  5.559324e-001  4.277205e-001  3.308013e-001  2.070742e-001  1.324390e-001  5.444595e-002  3.104568e-002  
-0.000000e+000  -4.963746e-001  -8.578340e-001  -8.196385e-001  -0.000000e+000  -9.674915e-001  -1.246094e+000  -1.139467e+000  -9.275124e-001  -7.227854e-001  -5.559324e-001  -4.277205e-001  -3.308013e-001  -2.070742e-001  -1.324390e-001  -5.444595e-002  -3.104568e-002  
-0.000000e+000  -1.504404e+000  -2.925565e+000  -3.576863e+000  -0.000000e+000  -3.792152e+000  -3.798075e+000  -3.036873e+000  -2.307764e+000  -1.741424e+000  -1.322622e+000  -1.014831e+000  -7.863443e-001  -4.963966e-001  -3.204771e-001  -1.334322e-001  -7.654162e-002  
-0.000000e+000  -2.230275e+000  -4.805165e+000  -8.170688e+000  -0.000000e+000  -8.109172e+000  -5.953482e+000  -4.284825e+000  -3.133541e+000  -2.334740e+000  -1.769214e+000  -1.360180e+000  -1.057752e+000  -6.728049e-001  -4.375854e-001  -1.839544e-001  -1.060037e-001  
-0.000000e+000  -2.673078e+000  -6.010694e+000  -1.160494e+001  -3.012292e+001  -1.330544e+001  -7.609814e+000  -5.121677e+000  -3.682178e+000  -2.739387e+000  -2.083747e+000  -1.610910e+000  -1.260249e+000  -8.097353e-001  -5.315138e-001  -2.260945e-001  -1.310141e-001  
-0.000000e+000  -2.801310e+000  -6.187402e+000  -1.112123e+001  -1.901941e+001  -1.232109e+001  -7.935403e+000  -5.485922e+000  -3.987565e+000  -2.992225e+000  -2.294340e+000  -1.786966e+000  -1.407675e+000  -9.140993e-001  -6.056357e-001  -2.606905e-001  -1.519046e-001  
-0.000000e+000  -2.703475e+000  -5.765986e+000  -9.492050e+000  -1.328063e+001  -1.053557e+001  -7.589346e+000  -5.520823e+000  -4.119178e+000  -3.142539e+000  -2.439409e+000  -1.919062e+000  -1.524847e+000  -1.002679e+000  -6.714906e-001  -2.929843e-001  -1.718143e-001  
-0.000000e+000  -2.466678e+000  -5.087621e+000  -7.837180e+000  -9.948438e+000  -8.824068e+000  -6.940310e+000  -5.325430e+000  -4.104245e+000  -3.198729e+000  -2.521702e+000  -2.007927e+000  -1.611663e+000  -1.074998e+000  -7.286105e-001  -3.227646e-001  -1.906327e-001  
-0.000000e+000  -2.119042e+000  -4.233730e+000  -6.185320e+000  -7.446358e+000  -7.132707e+000  -6.073173e+000  -4.938124e+000  -3.959683e+000  -3.172687e+000  -2.552577e+000  -2.064947e+000  -1.679265e+000  -1.140777e+000  -7.850303e-001  -3.545163e-001  -2.112873e-001  
-0.000000e+000  -1.722885e+000  -3.367026e+000  -4.770307e+000  -5.636827e+000  -5.667271e+000  -5.130578e+000  -4.398965e+000  -3.676267e+000  -3.040056e+000  -2.506411e+000  -2.067621e+000  -1.709101e+000  -1.188238e+000  -8.335331e-001  -3.858312e-001  -2.326451e-001  
-0.000000e+000  -1.381019e+000  -2.666955e+000  -3.727461e+000  -4.396543e+000  -4.562137e+000  -4.313954e+000  -3.857155e+000  -3.340954e+000  -2.844996e+000  -2.402303e+000  -2.021225e+000  -1.698979e+000  -1.210385e+000  -8.664803e-001  -4.119114e-001  -2.515241e-001  
-0.000000e+000  -1.104918e+000  -2.122989e+000  -2.955933e+000  -3.504222e+000  -3.720161e+000  -3.631359e+000  -3.355275e+000  -2.995159e+000  -2.618363e+000  -2.261077e+000  -1.939206e+000  -1.657332e+000  -1.210608e+000  -8.849882e-001  -4.327405e-001  -2.678130e-001  
-0.000000e+000  -7.526630e-001  -1.444929e+000  -2.019314e+000  -2.429571e+000  -2.663455e+000  -2.714072e+000  -2.626571e+000  -2.451573e+000  -2.231607e+000  -1.996918e+000  -1.766558e+000  -1.551233e+000  -1.181259e+000  -8.939955e-001  -4.583065e-001  -2.900452e-001  
-0.000000e+000  -4.780435e-001  -9.220967e-001  -1.301695e+000  -1.593999e+000  -1.796464e+000  -1.895419e+000  -1.906362e+000  -1.850735e+000  -1.750244e+000  -1.623507e+000  -1.484838e+000  -1.344376e+000  -1.078117e+000  -8.538006e-001  -4.690045e-001  -3.070667e-001  
-0.000000e+000  -2.465635e-001  -4.799911e-001  -6.885260e-001  -8.630357e-001  -1.004543e+000  -1.101755e+000  -1.156984e+000  -1.175428e+000  -1.163826e+000  -1.129304e+000  -1.078563e+000  -1.017436e+000  -8.783781e-001  -7.426700e-001  -4.536455e-001  -3.128045e-001  
-0.000000e+000  -1.166286e-001  -2.288235e-001  -3.325195e-001  -4.243426e-001  -5.058272e-001  -5.706055e-001  -6.183658e-001  -6.498175e-001  -6.664370e-001  -6.701927e-001  -6.632930e-001  -6.479830e-001  -5.985400e-001  -5.386610e-001  -3.713813e-001  -2.730712e-001  
-0.000000e+000  -4.792588e-002  -9.453427e-002  -1.385885e-001  -1.790050e-001  -2.168008e-001  -2.492070e-001  -2.758523e-001  -2.966518e-001  -3.117715e-001  -3.215809e-001  -3.265989e-001  -3.274411e-001  -3.185927e-001  -3.011322e-001  -2.314719e-001  -1.809357e-001  
-0.000000e+000  -1.278877e-002  -2.527512e-002  -3.717223e-002  -4.822317e-002  -5.874264e-002  -6.798473e-002  -7.583524e-002  -8.224207e-002  -8.721087e-002  -9.079757e-002  -9.309880e-002  -9.424151e-002  -9.349272e-002  -9.000325e-002  -7.218881e-002  -5.780456e-002  
-0.000000e+000  -0.000000e+000  -0.000000e+000  -0.000000e+000  -0.000000e+000  -0.000000e+000  -0.000000e+000  -0.000000e+000  -0.000000e+000  -0.000000e+000  -0.000000e+000  -0.000000e+000  -0.000000e+000  -0.000000e+000  -0.000000e+000  -0.000000e+000  -0.000000e+000  

-1.059083e+000  -1.051757e+000  -1.037253e+000  -1.015855e+000  -9.896768e-001  -9.601249e-001  -9.261170e-001  -8.883247e-001  -8.474440e-001  -8.041677e-001  -7.591611e-001  -7.130429e-001  -6.430342e-001  -5.503911e-001  -3.804737e-001  -1.248308e-001  -0.000000e+000  
-1.125658e+000  -1.116940e+000  -1.099721e+000  -1.074420e+000  -1.043337e+000  -1.008103e+000  -9.678980e-001  -9.236603e-001  -8.763342e-001  -8.268293e-001  -7.759875e-001  -7.245600e-001  -6.475098e-001  -5.482320e-001  -3.707020e-001  -1.189282e-001  -0.000000e+000  
-1.430796e+000  -1.414614e+000  -1.382909e+000  -1.336941e+000  -1.280073e+000  -1.215287e+000  -1.143441e+000  -1.066996e+000  -9.882353e-001  -9.091573e-001  -8.314099e-001  -7.562726e-001  -6.488670e-001  -5.234097e-001  -3.199884e-001  -9.260357e-002  -0.000000e+000  
-1.980500e+000  -1.945360e+000  -1.877282e+000  -1.780415e+000  -1.661287e+000  -1.527248e+000  -1.384685e+000  -1.240197e+000  -1.099196e+000  -9.657008e-001  -8.423657e-001  -7.306581e-001  -5.813166e-001  -4.296957e-001  -2.176883e-001  -5.183050e-002  -0.000000e+000  
-2.990573e+000  -2.905499e+000  -2.742727e+000  -2.516250e+000  -2.243155e+000  -1.945772e+000  -1.647890e+000  -1.366613e+000  -1.113005e+000  -8.925629e-001  -7.065092e-001  -5.532379e-001  -3.676963e-001  -2.151558e-001  -5.067366e-002  2.045653e-003  -0.000000e+000  
-3.943119e+000  -3.793886e+000  -3.509391e+000  -3.117910e+000  -2.654256e+000  -2.167470e+000  -1.707879e+000  -1.303396e+000  -9.656621e-001  -6.947090e-001  -4.840862e-001  -3.247065e-001  -1.483992e-001  -2.929132e-002  6.333257e-002  3.346595e-002  -0.000000e+000  
-5.421003e+000  -5.158092e+000  -4.651626e+000  -3.950870e+000  -3.129980e+000  -2.309159e+000  -1.596514e+000  -1.030000e+000  -6.068798e-001  -3.052290e-001  -9.853663e-002  3.726551e-002  1.636222e-001  2.130928e-001  1.939255e-001  6.635939e-002  -0.000000e+000  
-6.370190e+000  -6.035180e+000  -5.374902e+000  -4.437419e+000  -3.329073e+000  -2.263430e+000  -1.399216e+000  -7.632498e-001  -3.243921e-001  -3.601759e-002  1.444889e-001  2.502031e-001  3.322518e-001  3.357492e-001  2.542471e-001  8.067575e-002  -0.000000e+000  
-7.550641e+000  -7.136851e+000  -6.289505e+000  -5.026733e+000  -3.490167e+000  -2.092604e+000  -1.059383e+000  -3.731110e-001  5.247024e-002  3.009745e-001  4.346250e-001  4.953763e-001  5.177465e-001  4.659122e-001  3.150865e-001  9.463138e-002  -0.000000e+000  
-9.016833e+000  -8.538144e+000  -7.491366e+000  -5.782788e+000  -3.546076e+000  -1.694161e+000  -5.021730e-001  1.806454e-001  5.406768e-001  7.103646e-001  7.708768e-001  7.696954e-001  7.164217e-001  6.006995e-001  3.751856e-001  1.079888e-001  -0.000000e+000  
-1.081350e+001  -1.033228e+001  -9.151605e+000  -6.869973e+000  -3.331121e+000  -8.820299e-001  3.747596e-001  9.374241e-001  1.148895e+000  1.188858e+000  1.146426e+000  1.066113e+000  9.226009e-001  7.363306e-001  4.331252e-001  1.205013e-001  -0.000000e+000  
-1.236650e+001  -1.198214e+001  -1.088348e+001  -8.208626e+000  -2.693689e+000  2.089115e-001  1.311138e+000  1.644610e+000  1.672221e+000  1.579248e+000  1.441984e+000  1.293532e+000  1.075985e+000  8.348824e-001  4.738656e-001  1.291070e-001  -0.000000e+000  
-1.406574e+001  -1.390557e+001  -1.322163e+001  -1.058984e+001  -1.100357e+000  1.927205e+000  2.515850e+000  2.458973e+000  2.238183e+000  1.985658e+000  1.741978e+000  1.520239e+000  1.225504e+000  9.292712e-001  5.119149e-001  1.370071e-001  -0.000000e+000  
-1.582443e+001  -1.602876e+001  -1.630903e+001  -1.552379e+001  2.826280e+000  4.495968e+000  3.946406e+000  3.331362e+000  2.816034e+000  2.389725e+000  2.034974e+000  1.738715e+000  1.367053e+000  1.017309e+000  5.466323e-001  1.441063e-001  -0.000000e+000  
-1.750165e+001  -1.812000e+001  -1.980478e+001  -2.460914e+001  1.549326e+001  7.839621e+000  5.401244e+000  4.170248e+000  3.363917e+000  2.769748e+000  2.308349e+000  1.940946e+000  1.496410e+000  1.096810e+000  5.774028e-001  1.503160e-001  -0.000000e+000  
-1.932107e+001  -2.021902e+001  -2.254510e+001  -2.823270e+001  1.509927e+001  9.474215e+000  6.666642e+000  5.041921e+000  3.967527e+000  3.196164e+000  2.616060e+000  2.167919e+000  1.640260e+000  1.184283e+000  6.106544e-001  1.569393e-001  -0.000000e+000  
-2.054960e+001  -2.138125e+001  -2.308745e+001  -2.536310e+001  1.190921e+001  9.455781e+000  7.239746e+000  5.592721e+000  4.395201e+000  3.511973e+000  2.847713e+000  2.339512e+000  1.748698e+000  1.249760e+000  6.351954e-001  1.617761e-001  -0.000000e+000  
-2.136271e+001  -2.197707e+001  -2.303889e+001  -2.405355e+001  1.027773e+001  9.017413e+000  7.394482e+000  5.910845e+000  4.703657e+000  3.763420e+000  3.040720e+000  2.485163e+000  1.841327e+000  1.305377e+000  6.556818e-001  1.657583e-001  -0.000000e+000  
-2.054960e+001  -2.138125e+001  -2.308745e+001  -2.536310e+001  1.190921e+001  9.455781e+000  7.239746e+000  5.592721e+000  4.395201e+000  3.511973e+000  2.847713e+000  2.339512e+000  1.748698e+000  1.249760e+000  6.351954e-001  1.617761e-001  -0.000000e+000  
-1.932107e+001  -2.021902e+001  -2.254510e+001  -2.823270e+001  1.509927e+001  9.474215e+000  6.666642e+000  5.041921e+000  3.967527e+000  3.196164e+000  2.616060e+000  2.167919e+000  1.640260e+000  1.184283e+000  6.106544e-001  1.569393e-001  -0.000000e+000  
-1.750165e+001  -1.812000e+001  -1.980478e+001  -2.460914e+001  1.549326e+001  7.839621e+000  5.401244e+000  4.170248e+000  3.363917e+000  2.769748e+000  2.308349e+000  1.940946e+000  1.496410e+000  1.096810e+000  5.774028e-001  1.503160e-001  -0.000000e+000  
-1.582443e+001  -1.602876e+001  -1.630903e+001  -1.552379e+001  2.826280e+000  4.495968e+000  3.946406e+000  3.331362e+000  2.816034e+000  2.389725e+000  2.034974e+000  1.738715e+000  1.367053e+000  1.017309e+000  5.466323e-001  1.441063e-001  -0.000000e+000  
-1.406574e+001  -1.390557e+001  -1.322163e+001  -1.058984e+001  -1.100357e+000  1.927205e+000  2.515850e+000  2.458973e+000  2.238183e+000  1.985658e+000  1.741978e+000  1.520239e+000  1.225504e+000  9.292712e-001  5.119149e-001  1.370071e-001  -0.000000e+000  
-1.236650e+001  -1.198214e+001  -1.088348e+001  -8.208626e+000  -2.693689e+000  2.089115e-001  1.311138e+000  1.644610e+000  1.672221e+000  1.579248e+000  1.441984e+000  1.293532e+000  1.075985e+000  8.348824e-001  4.738656e-001  1.291070e-001  -0.000000e+000  
-1.081350e+001  -1.033228e+001  -9.151605e+000  -6.869973e+000  -3.331121e+000  -8.820299e-001  3.747596e-001  9.374241e-001  1.148895e+000  1.188858e+000  1.146426e+000  1.066113e+000  9.226009e-001  7.363306e-001  4.331252e-001  1.205013e-001  -0.000000e+000  
-9.016833e+000  -8.538144e+000  -7.491366e+000  -5.782788e+000  -3.546076e+000  -1.694161e+000  -5.021730e-001  1.806454e-001  5.406768e-001  7.103646e-001  7.708768e-001  7.696954e-001  7.164217e-001  6.006995e-001  3.751856e-001  1.079888e-001  -0.000000e+000  
-7.550641e+000  -7.136851e+000  -6.289505e+000  -5.026733e+000  -3.490167e+000  -2.092604e+000  -1.059383e+000  -3.731110e-001  5.247025e-002  3.009745e-001  4.346250e-001  4.953763e-001  5.177465e-001  4.659122e-001  3.150865e-001  9.463138e-002  -0.000000e+000  
-6.370190e+000  -6.035180e+000  -5.374902e+000  -4.437419e+000  -3.329073e+000  -2.263430e+000  -1.399216e+000  -7.632498e-001  -3.243921e-001  -3.601759e-002  1.444888e-001  2.502031e-001  3.322518e-001  3.357492e-001  2.542471e-001  8.067575e-002  -0.000000e+000  
-5.421003e+000  -5.158092e+000  -4.651626e+000  -3.950870e+000  -3.129980e+000  -2.309159e+000  -1.596514e+000  -1.030000e+000  -6.068798e-001  -3.052289e-001  -9.853663e-002  3.726551e-002  1.636222e-001  2.130928e-001  1.939255e-001  6.635939e-002  -0.000000e+000  
-3.943119e+000  -3.793886e+000  -3.509391e+000  -3.117910e+000  -2.654256e+000  -2.167470e+000  -1.707879e+000  -1.303396e+000  -9.656621e-001  -6.947090e-001  -4.840862e-001  -3.247065e-001  -1.483992e-001  -2.929131e-002  6.333257e-002  3.346594e-002  -0.000000e+000  
-2.990573e+000  -2.905499e+000  -2.742727e+000  -2.516250e+000  -2.243155e+000  -1.945772e+000  -1.647890e+000  -1.366613e+000  -1.113005e+000  -8.925629e-001  -7.065092e-001  -5.532379e-001  -3.676963e-001  -2.151558e-001  -5.067366e-002  2.045653e-003  -0.000000e+000  
-1.980500e+000  -1.945360e+000  -1.877282e+000  -1.780415e+000  -1.661287e+000  -1.527248e+000  -1.384685e+000  -1.240197e+000  -1.099196e+000  -9.657008e-001  -8.423657e-001  -7.306581e-001  -5.813166e-001  -4.296957e-001  -2.176883e-001  -5.183050e-002  -0.000000e+000  
-1.430796e+000  -1.414614e+000  -1.382909e+000  -1.336941e+000  -1.280073e+000  -1.215287e+000  -1.143441e+000  -1.066996e+000  -9.882353e-001  -9.091573e-001  -8.314099e-001  -7.562726e-001  -6.488670e-001  -5.234097e-001  -3.199884e-001  -9.260357e-002  -0.000000e+000  
-1.125658e+000  -1.116940e+000  -1.099721e+000  -1.074420e+000  -1.043337e+000  -1.008103e+000  -9.678980e-001  -9.236603e-001  -8.763342e-001  -8.268293e-001  -7.759875e-001  -7.245600e-001  -6.475098e-001  -5.482320e-001  -3.707020e-001  -1.189282e-001  -0.000000e+000  
-1.059083e+000  -1.051757e+000  -1.037253e+000  -1.015855e+000  -9.896768e-001  -9.601249e-001  -9.261170e-001  -8.883247e-001  -8.474440e-001  -8.041677e-001  -7.591611e-001  -7.130429e-001  -6.430342e-001  -5.503911e-001  -3.804737e-001  -1.248308e-001  -0.000000e+000  

0.000000e+000  0.000000e+000  0.000000e+000  0.000000e+000  0.000000e+000  0.000000e+000  0.000000e+000  0.000000e+000  0.000000e+000  0.000000e+000  0.000000e+000  0.000000e+000  0.000000e+000  0.000000e+000  0.000000e+000  0.000000e+000  0.000000e+000  
0.000000e+000  0.000000e+000  0.000000e+000  0.000000e+000  0.000000e+000  0.000000e+000  0.000000e+000  0.000000e+000  0.000000e+000  0.000000e+000  0.000000e+000  0.000000e+000  0.000000e+000  0.000000e+000  0.000000e+000  0.000000e+000  0.000000e+000  
0.000000e+000  0.000000e+000  0.000000e+000  0.000000e+000  0.000000e+000  0.000000e+000  0.000000e+000  0.000000e+000  0.000000e+000  0.000000e+000  0.000000e+000  0.000000e+000  0.000000e+000  0.000000e+000  0.000000e+000  0.000000e+000  0.000000e+000  
0.000000e+000  0.000000e+000  0.000000e+000  0.000000e+000  0.000000e+000  0.000000e+000  0.000000e+000  0.000000e+000  0.000000e+000  0.000000e+000  0.000000e+000  0.000000e+000  0.000000e+000  0.000000e+000  0.000000e+000  0.000000e+000  0.000000e+000  
0.000000e+000  0.000000e+000  0.000000e+000  0.000000e+000  0.000000e+000  0.000000e+000  0.000000e+000  0.000000e+000  0.000000e+000  0.000000e+000  0.000000e+000  0.000000e+000  0.000000e+000  0.000000e+000  0.000000e+000  0.000000e+000  0.000000e+000  
0.000000e+000  0.000000e+000  0.000000e+000  0.000000e+000  0.000000e+000  0.000000e+000  0.000000e+000  0.000000e+000  0.000000e+000  0.000000e+000  0.000000e+000  0.000000e+000  0.000000e+000  0.000000e+000  0.000000e+000  0.000000e+000  0.000000e+000  
0.000000e+000  0.000000e+000  0.000000e+000  0.000000e+000  0.000000e+000  0.000000e+000  0.000000e+000  0.000000e+000  0.000000e+000  0.000000e+000  0.000000e+000  0.000000e+000  0.000000e+000  0.000000e+000  0.000000e+000  0.000000e+000  0.000000e+000  
0.000000e+000  0.000000e+000  0.000000e+000  0.000000e+000  0.000000e+000  0.000000e+000  0.000000e+000  0.000000e+000  0.000000e+000  0.000000e+000  0.000000e+000  0.000000e+000  0.000000e+000  0.000000e+000  0.000000e+000  0.000000e+000  0.000000e+000  
0.000000e+000  0.000000e+000  0.000000e+000  0.000000e+000  0.000000e+000  0.000000e+000  0.000000e+000  0.000000e+000  0.000000e+000  0.000000e+000  0.000000e+000  0.000000e+000  0.000000e+000  0.000000e+000  0.000000e+000  0.000000e+000  0.000000e+000  
0.000000e+000  0.000000e+000  0.000000e+000  0.000000e+000  0.000000e+000  0.000000e+000  0.000000e+000  0.000000e+000  0.000000e+000  0.000000e+000  0.000000e+000  0.000000e+000  0.000000e+000  0.000000e+000  0.000000e+000  0.000000e+000  0.000000e+000  
0.000000e+000  0.000000e+000  0.000000e+000  0.000000e+000  0.000000e+000  0.000000e+000  0.000000e+000  0.000000e+000  0.000000e+000  0.000000e+000  0.000000e+000  0.000000e+000  0.000000e+000  0.000000e+000  0.000000e+000  0.000000e+000  0.000000e+000  
0.000000e+000  0.000000e+000  0.000000e+000  0.000000e+000  0.000000e+000  0.000000e+000  0.000000e+000  0.000000e+000  0.000000e+000  0.000000e+000  0.000000e+000  0.000000e+000  0.000000e+000  0.000000e+000  0.000000e+000  0.000000e+000  0.000000e+000  
0.000000e+000  0.000000e+000  0.000000e+000  0.000000e+000  0.000000e+000  0.000000e+000  0.000000e+000  0.000000e+000  0.000000e+000  0.000000e+000  0.000000e+000  0.000000e+000  0.000000e+000  0.000000e+000  0.000000e+000  0.000000e+000  0.000000e+000  
0.000000e+000  0.000000e+000  0.000000e+000  0.000000e+000  0.000000e+000  0.000000e+000  0.000000e+000  0.000000e+000  0.000000e+000  0.000000e+000  0.000000e+000  0.000000e+000  0.000000e+000  0.000000e+000  0.000000e+000  0.000000e+000  0.000000e+000  
0.000000e+000  0.000000e+000  0.000000e+000  0.000000e+000  0.000000e+000  0.000000e+000  0.000000e+000  0.000000e+000  0.000000e+000  0.000000e+000  0.000000e+000  0.000000e+000  0.000000e+000  0.000000e+000  0.000000e+000  0.000000e+000  0.000000e+000  
0.000000e+000  0.000000e+000  0.000000e+000  0.000000e+000  0.000000e+000  0.000000e+000  0.000000e+000  0.000000e+000  0.000000e+000  0.000000e+000  0.000000e+000  0.000000e+000  0.000000e+000  0.000000e+000  0.000000e+000  0.000000e+000  0.000000e+000  
0.000000e+000  0.000000e+000  0.000000e+000  0.000000e+000  0.000000e+000  0.000000e+000  0.000000e+000  0.000000e+000  0.000000e+000  0.000000e+000  0.000000e+000  0.000000e+000  0.000000e+000  0.000000e+000  0.000000e+000  0.000000e+000  0.000000e+000  
0.000000e+000  0.000000e+000  0.000000e+000  0.000000e+000  0.000000e+000  0.000000e+000  0.000000e+000  0.000000e+000  0.000000e+000  0.000000e+000  0.000000e+000  0.000000e+000  0.000000e+000  0.000000e+000  0.000000e+000  0.000000e+000  0.000000e+000  
0.000000e+000  0.000000e+000  0.000000e+000  0.000000e+000  0.000000e+000  0.000000e+000  0.000000e+000  0.000000e+000  0.000000e+000  0.000000e+000  0.000000e+000  0.000000e+000  0.000000e+000  0.000000e+000  0.000000e+000  0.000000e+000  0.000000e+000  
0.000000e+000  0.000000e+000  0.000000e+000  0.000000e+000  0.000000e+000  0.000000e+000  0.000000e+000  0.000000e+000  0.000000e+000  0.000000e+000  0.000000e+000  0.000000e+000  0.000000e+000  0.000000e+000  0.000000e+000  0.000000e+000  0.000000e+000  
0.000000e+000  0.000000e+000  0.000000e+000  0.000000e+000  0.000000e+000  0.000000e+000  0.000000e+000  0.000000e+000  0.000000e+000  0.000000e+000  0.000000e+000  0.000000e+000  0.000000e+000  0.000000e+000  0.000000e+000  0.000000e+000  0.000000e+000  
0.000000e+000  0.000000e+000  0.000000e+000  0.000000e+000  0.000000e+000  0.000000e+000  0.000000e+000  0.000000e+000  0.000000e+000  0.000000e+000  0.000000e+000  0.000000e+000  0.000000e+000  0.000000e+000  0.000000e+000  0.000000e+000  0.000000e+000  
0.000000e+000  0.000000e+000  0.000000e+000  0.000000e+000  0.000000e+000  0.000000e+000  0.000000e+000  0.000000e+000  0.000000e+000  0.000000e+000  0.000000e+000  0.000000e+000  0.000000e+000  0.000000e+000  0.000000e+000  0.000000e+000  0.000000e+000  
0.000000e+000  0.000000e+000  0.000000e+000  0.000000e+000  0.000000e+000  0.000000e+000  0.000000e+000  0.000000e+000  0.000000e+000  0.000000e+000  0.000000e+000  0.000000e+000  0.000000e+000  0.000000e+000  0.000000e+000  0.000000e+000  0.000000e+000  
0.000000e+000  0.000000e+000  0.000000e+000  0.000000e+000  0.000000e+000  0.000000e+000  0.000000e+000  0.000000e+000  0.000000e+000  0.000000e+000  0.000000e+000  0.000000e+000  0.000000e+000  0.000000e+000  0.000000e+000  0.000000e+000  0.000000e+000  
0.000000e+000  0.000000e+000  0.000000e+000  0.000000e+000  0.000000e+000  0.000000e+000  0.000000e+000  0.000000e+000  0.000000e+000  0.000000e+000  0.000000e+000  0.000000e+000  0.000000e+000  0.000000e+000  0.000000e+000  0.000000e+000  0.000000e+000  
0.000000e+000  0.000000e+000  0.000000e+000  0.000000e+000  0.000000e+000  0.000000e+000  0.000000e+000  0.000000e+000  0.000000e+000  0.000000e+000  0.000000e+000  0.000000e+000  0.000000e+000  0.000000e+000  0.000000e+000  0.000000e+000  0.000000e+000  
0.000000e+000  0.000000e+000  0.000000e+000  0.000000e+000  0.000000e+000  0.000000e+000  0.000000e+000  0.000000e+000  0.000000e+000  0.000000e+000  0.000000e+000  0.000000e+000  0.000000e+000  0.000000e+000  0.000000e+000  0.000000e+000  0.000000e+000  
0.000000e+000  0.000000e+000  0.000000e+000  0.000000e+000  0.000000e+000  0.000000e+000  0.000000e+000  0.000000e+000  0.000000e+000  0.000000e+000  0.000000e+000  0.000000e+000  0.000000e+000  0.000000e+000  0.000000e+000  0.000000e+000  0.000000e+000  
0.000000e+000  0.000000e+000  0.000000e+000  0.000000e+000  0.000000e+000  0.000000e+000  0.000000e+000  0.000000e+000  0.000000e+000  0.000000e+000  0.000000e+000  0.000000e+000  0.000000e+000  0.000000e+000  0.000000e+000  0.000000e+000  0.000000e+000  
0.000000e+000  0.000000e+000  0.000000e+000  0.000000e+000  0.000000e+000  0.000000e+000  0.000000e+000  0.000000e+000  0.000000e+000  0.000000e+000  0.000000e+000  0.000000e+000  0.000000e+000  0.000000e+000  0.000000e+000  0.000000e+000  0.000000e+000  
0.000000e+000  0.000000e+000  0.000000e+000  0.000000e+000  0.000000e+000  0.000000e+000  0.000000e+000  0.000000e+000  0.000000e+000  0.000000e+000  0.000000e+000  0.000000e+000  0.000000e+000  0.000000e+000  0.000000e+000  0.000000e+000  0.000000e+000  
0.000000e+000  0.000000e+000  0.000000e+000  0.000000e+000  0.000000e+000  0.000000e+000  0.000000e+000  0.000000e+000  0.000000e+000  0.000000e+000  0.000000e+000  0.000000e+000  0.000000e+000  0.000000e+000  0.000000e+000  0.000000e+000  0.000000e+000  
0.000000e+000  0.000000e+000  0.000000e+000  0.000000e+000  0.000000e+000  0.000000e+000  0.000000e+000  0.000000e+000  0.000000e+000  0.000000e+000  0.000000e+000  0.000000e+000  0.000000e+000  0.000000e+000  0.000000e+000  0.000000e+000  0.000000e+000  
0.000000e+000  0.000000e+000  0.000000e+000  0.000000e+000  0.000000e+000  0.000000e+000  0.000000e+000  0.000000e+000  0.000000e+000  0.000000e+000  0.000000e+000  0.000000e+000  0.000000e+000  0.000000e+000  0.000000e+000  0.000000e+000  0.000000e+000  

0.000000e+000  0.000000e+000  0.000000e+000  0.000000e+000  0.000000e+000  0.000000e+000  0.000000e+000  0.000000e+000  0.000000e+000  0.000000e+000  0.000000e+000  0.000000e+000  0.000000e+000  0.000000e+000  0.000000e+000  0.000000e+000  0.000000e+000  
0.000000e+000  0.000000e+000  0.000000e+000  0.000000e+000  0.000000e+000  0.000000e+000  0.000000e+000  0.000000e+000  0.000000e+000  0.000000e+000  0.000000e+000  0.000000e+000  0.000000e+000  0.000000e+000  0.000000e+000  0.000000e+000  0.000000e+000  
0.000000e+000  0.000000e+000  0.000000e+000  0.000000e+000  0.000000e+000  0.000000e+000  0.000000e+000  0.000000e+000  0.000000e+000  0.000000e+000  0.000000e+000  0.000000e+000  0.000000e+000  0.000000e+000  0.000000e+000  0.000000e+000  0.000000e+000  
0.000000e+000  0.000000e+000  0.000000e+000  0.000000e+000  0.000000e+000  0.000000e+000  0.000000e+000  0.000000e+000  0.000000e+000  0.000000e+000  0.000000e+000  0.000000e+000  0.000000e+000  0.000000e+000  0.000000e+000  0.000000e+000  0.000000e+000  
0.000000e+000  0.000000e+000  0.000000e+000  0.000000e+000  0.000000e+000  0.000000e+000  0.000000e+000  0.000000e+000  0.000000e+000  0.000000e+000  0.000000e+000  0.000000e+000  0.000000e+000  0.000000e+000  0.000000e+000  0.000000e+000  0.000000e+000  
0.000000e+000  0.000000e+000  0.000000e+000  0.000000e+000  0.000000e+000  0.000000e+000  0.000000e+000  0.000000e+000  0.000000e+000  0.000000e+000  0.000000e+000  0.000000e+000  0.000000e+000  0.000000e+000  0.000000e+000  0.000000e+000  0.000000e+000  
0.000000e+000  0.000000e+000  0.000000e+000  0.000000e+000  0.000000e+000  0.000000e+000  0.000000e+000  0.000000e+000  0.000000e+000  0.000000e+000  0.000000e+000  0.000000e+000  0.000000e+000  0.000000e+000  0.000000e+000  0.000000e+000  0.000000e+000  
0.000000e+000  0.000000e+000  0.000000e+000  0.000000e+000  0.000000e+000  0.000000e+000  0.000000e+000  0.000000e+000  0.000000e+000  0.000000e+000  0.000000e+000  0.000000e+000  0.000000e+000  0.000000e+000  0.000000e+000  0.000000e+000  0.000000e+000  
0.000000e+000  0.000000e+000  0.000000e+000  0.000000e+000  0.000000e+000  0.000000e+000  0.000000e+000  0.000000e+000  0.000000e+000  0.000000e+000  0.000000e+000  0.000000e+000  0.000000e+000  0.000000e+000  0.000000e+000  0.000000e+000  0.000000e+000  
0.000000e+000  0.000000e+000  0.000000e+000  0.000000e+000  0.000000e+000  0.000000e+000  0.000000e+000  0.000000e+000  0.000000e+000  0.000000e+000  0.000000e+000  0.000000e+000  0.000000e+000  0.000000e+000  0.000000e+000  0.000000e+000  0.000000e+000  
0.000000e+000  0.000000e+000  0.000000e+000  0.000000e+000  0.000000e+000  0.000000e+000  0.000000e+000  0.000000e+000  0.000000e+000  0.000000e+000  0.000000e+000  0.000000e+000  0.000000e+000  0.000000e+000  0.000000e+000  0.000000e+000  0.000000e+000  
0.000000e+000  0.000000e+000  0.000000e+000  0.000000e+000  0.000000e+000  0.000000e+000  0.000000e+000  0.000000e+000  0.000000e+000  0.000000e+000  0.000000e+000  0.000000e+000  0.000000e+000  0.000000e+000  0.000000e+000  0.000000e+000  0.000000e+000  
0.000000e+000  0.000000e+000  0.000000e+000  0.000000e+000  0.000000e+000  0.000000e+000  0.000000e+000  0.000000e+000  0.000000e+000  0.000000e+000  0.000000e+000  0.000000e+000  0.000000e+000  0.000000e+000  0.000000e+000  0.000000e+000  0.000000e+000  
0.000000e+000  0.000000e+000  0.000000e+000  0.000000e+000  0.000000e+000  0.000000e+000  0.000000e+000  0.000000e+000  0.000000e+000  0.000000e+000  0.000000e+000  0.000000e+000  0.000000e+000  0.000000e+000  0.000000e+000  0.000000e+000  0.000000e+000  
0.000000e+000  0.000000e+000  0.000000e+000  0.000000e+000  0.000000e+000  0.000000e+000  0.000000e+000  0.000000e+000  0.000000e+000  0.000000e+000  0.000000e+000  0.000000e+000  0.000000e+000  0.000000e+000  0.000000e+000  0.000000e+000  0.000000e+000  
0.000000e+000  0.000000e+000  0.000000e+000  0.000000e+000  0.000000e+000  0.000000e+000  0.000000e+000  0.000000e+000  0.000000e+000  0.000000e+000  0.000000e+000  0.000000e+000  0.000000e+000  0.000000e+000  0.000000e+000  0.000000e+000  0.000000e+000  
0.000000e+000  0.000000e+000  0.000000e+000  0.000000e+000  0.000000e+000  0.000000e+000  0.000000e+000  0.000000e+000  0.000000e+000  0.000000e+000  0.000000e+000  0.000000e+000  0.000000e+000  0.000000e+000  0.000000e+000  0.000000e+000  0.000000e+000  
0.000000e+000  0.000000e+000  0.000000e+000  0.000000e+000  0.000000e+000  0.000000e+000  0.000000e+000  0.000000e+000  0.000000e+000  0.000000e+000  0.000000e+000  0.000000e+000  0.000000e+000  0.000000e+000  0.000000e+000  0.000000e+000  0.000000e+000  
0.000000e+000  0.000000e+000  0.000000e+000  0.000000e+000  0.000000e+000  0.000000e+000  0.000000e+000  0.000000e+000  0.000000e+000  0.000000e+000  0.000000e+000  0.000000e+000  0.000000e+000  0.000000e+000  0.000000e+000  0.000000e+000  0.000000e+000  
0.000000e+000  0.000000e+000  0.000000e+000  0.000000e+000  0.000000e+000  0.000000e+000  0.000000e+000  0.000000e+000  0.000000e+000  0.000000e+000  0.000000e+000  0.000000e+000  0.000000e+000  0.000000e+000  0.000000e+000  0.000000e+000  0.000000e+000  
0.000000e+000  0.000000e+000  0.000000e+000  0.000000e+000  0.000000e+000  0.000000e+000  0.000000e+000  0.000000e+000  0.000000e+000  0.000000e+000  0.000000e+000  0.000000e+000  0.000000e+000  0.000000e+000  0.000000e+000  0.000000e+000  0.000000e+000  
0.000000e+000  0.000000e+000  0.000000e+000  0.000000e+000  0.000000e+000  0.000000e+000  0.000000e+000  0.000000e+000  0.000000e+000  0.000000e+000  0.000000e+000  0.000000e+000  0.000000e+000  0.000000e+000  0.000000e+000  0.000000e+000  0.000000e+000  
0.000000e+000  0.000000e+000  0.000000e+000  0.000000e+000  0.000000e+000  0.000000e+000  0.000000e+000  0.000000e+000  0.000000e+000  0.000000e+000  0.000000e+000  0.000000e+000  0.000000e+000  0.000000e+000  0.000000e+000  0.000000e+000  0.000000e+000  
0.000000e+000  0.000000e+000  0.000000e+000  0.000000e+000  0.000000e+000  0.000000e+000  0.000000e+000  0.000000e+000  0.000000e+000  0.000000e+000  0.000000e+000  0.000000e+000  0.000000e+000  0.000000e+000  0.000000e+000  0.000000e+000  0.000000e+000  
0.000000e+000  0.000000e+000  0.000000e+000  0.000000e+000  0.000000e+000  0.000000e+000  0.000000e+000  0.000000e+000  0.000000e+000  0.000000e+000  0.000000e+000  0.000000e+000  0.000000e+000  0.000000e+000  0.000000e+000  0.000000e+000  0.000000e+000  
0.000000e+000  0.000000e+000  0.000000e+000  0.000000e+000  0.000000e+000  0.000000e+000  0.000000e+000  0.000000e+000  0.000000e+000  0.000000e+000  0.000000e+000  0.000000e+000  0.000000e+000  0.000000e+000  0.000000e+000  0.000000e+000  0.000000e+000  
0.000000e+000  0.000000e+000  0.000000e+000  0.000000e+000  0.000000e+000  0.000000e+000  0.000000e+000  0.000000e+000  0.000000e+000  0.000000e+000  0.000000e+000  0.000000e+000  0.000000e+000  0.000000e+000  0.000000e+000  0.000000e+000  0.000000e+000  
0.000000e+000  0.000000e+000  0.000000e+000  0.000000e+000  0.000000e+000  0.000000e+000  0.000000e+000  0.000000e+000  0.000000e+000  0.000000e+000  0.000000e+000  0.000000e+000  0.000000e+000  0.000000e+000  0.000000e+000  0.000000e+000  0.000000e+000  
0.000000e+000  0.000000e+000  0.000000e+000  0.000000e+000  0.000000e+000  0.000000e+000  0.000000e+000  0.000000e+000  0.000000e+000  0.000000e+000  0.000000e+000  0.000000e+000  0.000000e+000  0.000000e+000  0.000000e+000  0.000000e+000  0.000000e+000  
0.000000e+000  0.000000e+000  0.000000e+000  0.000000e+000  0.000000e+000  0.000000e+000  0.000000e+000  0.000000e+000  0.000000e+000  0.000000e+000  0.000000e+000  0.000000e+000  0.000000e+000  0.000000e+000  0.000000e+000  0.000000e+000  0.000000e+000  
0.000000e+000  0.000000e+000  0.000000e+000  0.000000e+000  0.000000e+000  0.000000e+000  0.000000e+000  0.000000e+000  0.000000e+000  0.000000e+000  0.000000e+000  0.000000e+000  0.000000e+000  0.000000e+000  0.000000e+000  0.000000e+000  0.000000e+000  
0.000000e+000  0.000000e+000  0.000000e+000  0.000000e+000  0.000000e+000  0.000000e+000  0.000000e+000  0.000000e+000  0.000000e+000  0.000000e+000  0.000000e+000  0.000000e+000  0.000000e+000  0.000000e+000  0.000000e+000  0.000000e+000  0.000000e+000  
0.000000e+000  0.000000e+000  0.000000e+000  0.000000e+000  0.000000e+000  0.000000e+000  0.000000e+000  0.000000e+000  0.000000e+000  0.000000e+000  0.000000e+000  0.000000e+000  0.000000e+000  0.000000e+000  0.000000e+000  0.000000e+000  0.000000e+000  
0.000000e+000  0.000000e+000  0.000000e+000  0.000000e+000  0.000000e+000  0.000000e+000  0.000000e+000  0.000000e+000  0.000000e+000  0.000000e+000  0.000000e+000  0.000000e+000  0.000000e+000  0.000000e+000  0.000000e+000  0.000000e+000  0.000000e+000  
0.000000e+000  0.000000e+000  0.000000e+000  0.000000e+000  0.000000e+000  0.000000e+000  0.000000e+000  0.000000e+000  0.000000e+000  0.000000e+000  0.000000e+000  0.000000e+000  0.000000e+000  0.000000e+000  0.000000e+000  0.000000e+000  0.000000e+000  

0.000000e+000  0.000000e+000  0.000000e+000  0.000000e+000  0.000000e+000  0.000000e+000  0.000000e+000  0.000000e+000  0.000000e+000  0.000000e+000  0.000000e+000  0.000000e+000  0.000000e+000  0.000000e+000  0.000000e+000  0.000000e+000  0.000000e+000  
0.000000e+000  0.000000e+000  0.000000e+000  0.000000e+000  0.000000e+000  0.000000e+000  0.000000e+000  0.000000e+000  0.000000e+000  0.000000e+000  0.000000e+000  0.000000e+000  0.000000e+000  0.000000e+000  0.000000e+000  0.000000e+000  0.000000e+000  
0.000000e+000  0.000000e+000  0.000000e+000  0.000000e+000  0.000000e+000  0.000000e+000  0.000000e+000  0.000000e+000  0.000000e+000  0.000000e+000  0.000000e+000  0.000000e+000  0.000000e+000  0.000000e+000  0.000000e+000  0.000000e+000  0.000000e+000  
0.000000e+000  0.000000e+000  0.000000e+000  0.000000e+000  0.000000e+000  0.000000e+000  0.000000e+000  0.000000e+000  0.000000e+000  0.000000e+000  0.000000e+000  0.000000e+000  0.000000e+000  0.000000e+000  0.000000e+000  0.000000e+000  0.000000e+000  
0.000000e+000  0.000000e+000  0.000000e+000  0.000000e+000  0.000000e+000  0.000000e+000  0.000000e+000  0.000000e+000  0.000000e+000  0.000000e+000  0.000000e+000  0.000000e+000  0.000000e+000  0.000000e+000  0.000000e+000  0.000000e+000  0.000000e+000  
0.000000e+000  0.000000e+000  0.000000e+000  0.000000e+000  0.000000e+000  0.000000e+000  0.000000e+000  0.000000e+000  0.000000e+000  0.000000e+000  0.000000e+000  0.000000e+000  0.000000e+000  0.000000e+000  0.000000e+000  0.000000e+000  0.000000e+000  
0.000000e+000  0.000000e+000  0.000000e+000  0.000000e+000  0.000000e+000  0.000000e+000  0.000000e+000  0.000000e+000  0.000000e+000  0.000000e+000  0.000000e+000  0.000000e+000  0.000000e+000  0.000000e+000  0.000000e+000  0.000000e+000  0.000000e+000  
0.000000e+000  0.000000e+000  0.000000e+000  0.000000e+000  0.000000e+000  0.000000e+000  0.000000e+000  0.000000e+000  0.000000e+000  0.000000e+000  0.000000e+000  0.000000e+000  0.000000e+000  0.000000e+000  0.000000e+000  0.000000e+000  0.000000e+000  
0.000000e+000  0.000000e+000  0.000000e+000  0.000000e+000  0.000000e+000  0.000000e+000  0.000000e+000  0.000000e+000  0.000000e+000  0.000000e+000  0.000000e+000  0.000000e+000  0.000000e+000  0.000000e+000  0.000000e+000  0.000000e+000  0.000000e+000  
0.000000e+000  0.000000e+000  0.000000e+000  0.000000e+000  0.000000e+000  0.000000e+000  0.000000e+000  0.000000e+000  0.000000e+000  0.000000e+000  0.000000e+000  0.000000e+000  0.000000e+000  0.000000e+000  0.000000e+000  0.000000e+000  0.000000e+000  
0.000000e+000  0.000000e+000  0.000000e+000  0.000000e+000  0.000000e+000  0.000000e+000  0.000000e+000  0.000000e+000  0.000000e+000  0.000000e+000  0.000000e+000  0.000000e+000  0.000000e+000  0.000000e+000  0.000000e+000  0.000000e+000  0.000000e+000  
0.000000e+000  0.000000e+000  0.000000e+000  0.000000e+000  0.000000e+000  0.000000e+000  0.000000e+000  0.000000e+000  0.000000e+000  0.000000e+000  0.000000e+000  0.000000e+000  0.000000e+000  0.000000e+000  0.000000e+000  0.000000e+000  0.000000e+000  
0.000000e+000  0.000000e+000  0.000000e+000  0.000000e+000  0.000000e+000  0.000000e+000  0.000000e+000  0.000000e+000  0.000000e+000  0.000000e+000  0.000000e+000  0.000000e+000  0.000000e+000  0.000000e+000  0.000000e+000  0.000000e+000  0.000000e+000  
0.000000e+000  0.000000e+000  0.000000e+000  0.000000e+000  0.000000e+000  0.000000e+000  0.000000e+000  0.000000e+000  0.000000e+000  0.000000e+000  0.000000e+000  0.000000e+000  0.000000e+000  0.000000e+000  0.000000e+000  0.000000e+000  0.000000e+000  
0.000000e+000  0.000000e+000  0.000000e+000  0.000000e+000  0.000000e+000  0.000000e+000  0.000000e+000  0.000000e+000  0.000000e+000  0.000000e+000  0.000000e+000  0.000000e+000  0.000000e+000  0.000000e+000  0.000000e+000  0.000000e+000  0.000000e+000  
0.000000e+000  0.000000e+000  0.000000e+000  0.000000e+000  0.000000e+000  0.000000e+000  0.000000e+000  0.000000e+000  0.000000e+000  0.000000e+000  0.000000e+000  0.000000e+000  0.000000e+000  0.000000e+000  0.000000e+000  0.000000e+000  0.000000e+000  
0.000000e+000  0.000000e+000  0.000000e+000  0.000000e+000  0.000000e+000  0.000000e+000  0.000000e+000  0.000000e+000  0.000000e+000  0.000000e+000  0.000000e+000  0.000000e+000  0.000000e+000  0.000000e+000  0.000000e+000  0.000000e+000  0.000000e+000  
0.000000e+000  0.000000e+000  0.000000e+000  0.000000e+000  0.000000e+000  0.000000e+000  0.000000e+000  0.000000e+000  0.000000e+000  0.000000e+000  0.000000e+000  0.000000e+000  0.000000e+000  0.000000e+000  0.000000e+000  0.000000e+000  0.000000e+000  
0.000000e+000  0.000000e+000  0.000000e+000  0.000000e+000  0.000000e+000  0.000000e+000  0.000000e+000  0.000000e+000  0.000000e+000  0.000000e+000  0.000000e+000  0.000000e+000  0.000000e+000  0.000000e+000  0.000000e+000  0.000000e+000  0.000000e+000  
0.000000e+000  0.000000e+000  0.000000e+000  0.000000e+000  0.000000e+000  0.000000e+000  0.000000e+000  0.000000e+000  0.000000e+000  0.000000e+000  0.000000e+000  0.000000e+000  0.000000e+000  0.000000e+000  0.000000e+000  0.000000e+000  0.000000e+000  
0.000000e+000  0.000000e+000  0.000000e+000  0.000000e+000  0.000000e+000  0.000000e+000  0.000000e+000  0.000000e+000  0.000000e+000  0.000000e+000  0.000000e+000  0.000000e+000  0.000000e+000  0.000000e+000  0.000000e+000  0.000000e+000  0.000000e+000  
0.000000e+000  0.000000e+000  0.000000e+000  0.000000e+000  0.000000e+000  0.000000e+000  0.000000e+000  0.000000e+000  0.000000e+000  0.000000e+000  0.000000e+000  0.000000e+000  0.000000e+000  0.000000e+000  0.000000e+000  0.000000e+000  0.000000e+000  
0.000000e+000  0.000000e+000  0.000000e+000  0.000000e+000  0.000000e+000  0.000000e+000  0.000000e+000  0.000000e+000  0.000000e+000  0.000000e+000  0.000000e+000  0.000000e+000  0.000000e+000  0.000000e+000  0.000000e+000  0.000000e+000  0.000000e+000  
0.000000e+000  0.000000e+000  0.000000e+000  0.000000e+000  0.000000e+000  0.000000e+000  0.000000e+000  0.000000e+000  0.000000e+000  0.000000e+000  0.000000e+000  0.000000e+000  0.000000e+000  0.000000e+000  0.000000e+000  0.000000e+000  0.000000e+000  
0.000000e+000  0.000000e+000  0.000000e+000  0.000000e+000  0.000000e+000  0.000000e+000  0.000000e+000  0.000000e+000  0.000000e+000  0.000000e+000  0.000000e+000  0.000000e+000  0.000000e+000  0.000000e+000  0.000000e+000  0.000000e+000  0.000000e+000  
0.000000e+000  0.000000e+000  0.000000e+000  0.000000e+000  0.000000e+000  0.000000e+000  0.000000e+000  0.000000e+000  0.000000e+000  0.000000e+000  0.000000e+000  0.000000e+000  0.000000e+000  0.000000e+000  0.000000e+000  0.000000e+000  0.000000e+000  
0.000000e+000  0.000000e+000  0.000000e+000  0.000000e+000  0.000000e+000  0.000000e+000  0.000000e+000  0.000000e+000  0.000000e+000  0.000000e+000  0.000000e+000  0.000000e+000  0.000000e+000  0.000000e+000  0.000000e+000  0.000000e+000  0.000000e+000  
0.000000e+000  0.000000e+000  0.000000e+000  0.000000e+000  0.000000e+000  0.000000e+000  0.000000e+000  0.000000e+000  0.000000e+000  0.000000e+000  0.000000e+000  0.000000e+000  0.000000e+000  0.000000e+000  0.000000e+000  0.000000e+000  0.000000e+000  
0.000000e+000  0.000000e+000  0.000000e+000  0.000000e+000  0.000000e+000  0.000000e+000  0.000000e+000  0.000000e+000  0.000000e+000  0.000000e+000  0.000000e+000  0.000000e+000  0.000000e+000  0.000000e+000  0.000000e+000  0.000000e+000  0.000000e+000  
0.000000e+000  0.000000e+000  0.000000e+000  0.000000e+000  0.000000e+000  0.000000e+000  0.000000e+000  0.000000e+000  0.000000e+000  0.000000e+000  0.000000e+000  0.000000e+000  0.000000e+000  0.000000e+000  0.000000e+000  0.000000e+000  0.000000e+000  
0.000000e+000  0.000000e+000  0.000000e+000  0.000000e+000  0.000000e+000  0.000000e+000  0.000000e+000  0.000000e+000  0.000000e+000  0.000000e+000  0.000000e+000  0.000000e+000  0.000000e+000  0.000000e+000  0.000000e+000  0.000000e+000  0.000000e+000  
0.000000e+000  0.000000e+000  0.000000e+000  0.000000e+000  0.000000e+000  0.000000e+000  0.000000e+000  0.000000e+000  0.000000e+000  0.000000e+000  0.000000e+000  0.000000e+000  0.000000e+000  0.000000e+000  0.000000e+000  0.000000e+000  0.000000e+000  
0.000000e+000  0.000000e+000  0.000000e+000  0.000000e+000  0.000000e+000  0.000000e+000  0.000000e+000  0.000000e+000  0.000000e+000  0.000000e+000  0.000000e+000  0.000000e+000  0.000000e+000  0.000000e+000  0.000000e+000  0.000000e+000  0.000000e+000  
0.000000e+000  0.000000e+000  0.000000e+000  0.000000e+000  0.000000e+000  0.000000e+000  0.000000e+000  0.000000e+000  0.000000e+000  0.000000e+000  0.000000e+000  0.000000e+000  0.000000e+000  0.000000e+000  0.000000e+000  0.000000e+000  0.000000e+000  
0.000000e+000  0.000000e+000  0.000000e+000  0.000000e+000  0.000000e+000  0.000000e+000  0.000000e+000  0.000000e+000  0.000000e+000  0.000000e+000  0.000000e+000  0.000000e+000  0.000000e+000  0.000000e+000  0.000000e+000  0.000000e+000  0.000000e+000  

-6.292202e-002  -6.255321e-002  -6.181868e-002  -6.072485e-002  -5.910384e-002  -5.703691e-002  -5.474170e-002  -5.225967e-002  -4.963240e-002  -4.690020e-002  -4.410089e-002  -4.126891e-002  -3.701751e-002  -3.149559e-002  -2.152131e-002  -6.966943e-003  -0.000000e+000  
-2.114735e-001  -2.102134e-001  -2.076991e-001  -2.039441e-001  -1.981651e-001  -1.906388e-001  -1.823339e-001  -1.734166e-001  -1.640506e-001  -1.543906e-001  -1.445782e-001  -1.347386e-001  -1.200985e-001  -1.014232e-001  -6.826323e-002  -2.176085e-002  -0.000000e+000  
-3.878342e-001  -3.855596e-001  -3.809784e-001  -3.740367e-001  -3.618412e-001  -3.449064e-001  -3.265344e-001  -3.071837e-001  -2.872821e-001  -2.672104e-001  -2.472920e-001  -2.277890e-001  -1.994600e-001  -1.650270e-001  -1.066329e-001  -3.267211e-002  -0.000000e+000  
-5.684635e-001  -5.659036e-001  -5.605519e-001  -5.519864e-001  -5.313476e-001  -4.993488e-001  -4.654589e-001  -4.307327e-001  -3.960760e-001  -3.622130e-001  -3.296832e-001  -2.988547e-001  -2.554967e-001  -2.059950e-001  -1.267994e-001  -3.724255e-002  -0.000000e+000  
-7.214910e-001  -7.212180e-001  -7.198519e-001  -7.158609e-001  -6.864806e-001  -6.324394e-001  -5.769984e-001  -5.222577e-001  -4.697737e-001  -4.205637e-001  -3.751877e-001  -3.338587e-001  -2.778910e-001  -2.182158e-001  -1.283952e-001  -3.642989e-002  -0.000000e+000  
-8.233742e-001  -8.275462e-001  -8.342944e-001  -8.405367e-001  -8.048423e-001  -7.278400e-001  -6.510878e-001  -5.778106e-001  -5.099909e-001  -4.485789e-001  -3.937983e-001  -3.454225e-001  -2.817571e-001  -2.170891e-001  -1.238165e-001  -3.433284e-002  -0.000000e+000  
-8.852151e-001  -8.966848e-001  -9.171898e-001  -9.416479e-001  -9.016896e-001  -7.978521e-001  -6.980655e-001  -6.066433e-001  -5.253947e-001  -4.545136e-001  -3.933412e-001  -3.408605e-001  -2.735216e-001  -2.077445e-001  -1.159150e-001  -3.165612e-002  -0.000000e+000  
-9.148841e-001  -9.325194e-001  -9.649903e-001  -1.005917e+000  -9.636471e-001  -8.387692e-001  -7.220808e-001  -6.183342e-001  -5.286755e-001  -4.523546e-001  -3.878616e-001  -3.335222e-001  -2.648828e-001  -1.994021e-001  -1.097779e-001  -2.970560e-002  -0.000000e+000  
-9.320042e-001  -9.577485e-001  -1.006616e+000  -1.071384e+000  -1.027235e+000  -8.751014e-001  -7.384459e-001  -6.215846e-001  -5.239271e-001  -4.430646e-001  -3.762600e-001  -3.210147e-001  -2.523300e-001  -1.883058e-001  -1.023428e-001  -2.745441e-002  -0.000000e+000  
-9.309261e-001  -9.665961e-001  -1.036872e+000  -1.135722e+000  -1.090196e+000  -9.022920e-001  -7.428644e-001  -6.131811e-001  -5.089732e-001  -4.252353e-001  -3.576448e-001  -3.027791e-001  -2.356162e-001  -1.743747e-001  -9.363062e-002  -2.491615e-002  -0.000000e+000  
-9.080869e-001  -9.530514e-001  -1.045644e+000  -1.186140e+000  -1.139776e+000  -9.109243e-001  -7.308449e-001  -5.922422e-001  -4.850044e-001  -4.010792e-001  -3.346403e-001  -2.815180e-001  -2.172953e-001  -1.597479e-001  -8.496119e-002  -2.246811e-002  -0.000000e+000  
-8.710950e-001  -9.229579e-001  -1.034476e+000  -1.218636e+000  -1.171658e+000  -9.016384e-001  -7.064068e-001  -5.636625e-001  -4.566042e-001  -3.745179e-001  -3.104900e-001  -2.598844e-001  -1.992925e-001  -1.457340e-001  -7.692081e-002  -2.024146e-002  -0.000000e+000  
-8.139502e-001  -8.696964e-001  -9.951134e-001  -1.226527e+000  -1.179116e+000  -8.666308e-001  -6.639442e-001  -5.228592e-001  -4.196733e-001  -3.418041e-001  -2.817787e-001  -2.347899e-001  -1.789919e-001  -1.302594e-001  -6.828325e-002  -1.788906e-002  -0.000000e+000  
-7.351639e-001  -7.894122e-001  -9.146928e-001  -1.174423e+000  -1.128225e+000  -7.936903e-001  -6.002658e-001  -4.690458e-001  -3.740779e-001  -3.030004e-001  -2.486302e-001  -2.063717e-001  -1.565224e-001  -1.134258e-001  -5.910174e-002  -1.542379e-002  -0.000000e+000  
-6.203515e-001  -6.654205e-001  -7.623850e-001  -9.211774e-001  -8.586784e-001  -6.536089e-001  -5.023687e-001  -3.928359e-001  -3.122310e-001  -2.518118e-001  -2.057628e-001  -1.701627e-001  -1.284086e-001  -9.265869e-002  -4.798939e-002  -1.247529e-002  -0.000000e+000  
-4.610050e-001  -4.912342e-001  -5.496858e-001  -6.195903e-001  -5.599793e-001  -4.639713e-001  -3.674602e-001  -2.898993e-001  -2.306276e-001  -1.856432e-001  -1.512810e-001  -1.247663e-001  -9.377592e-002  -6.743453e-002  -3.475229e-002  -9.005566e-003  -0.000000e+000  
-1.922275e-001  -2.021469e-001  -2.192049e-001  -2.353129e-001  -2.049318e-001  -1.803968e-001  -1.487070e-001  -1.196142e-001  -9.582133e-002  -7.718365e-002  -6.276998e-002  -5.161839e-002  -3.860786e-002  -2.763838e-002  -1.414989e-002  -3.651429e-003  -0.000000e+000  
1.922275e-001  2.021469e-001  2.192049e-001  2.353129e-001  2.049318e-001  1.803968e-001  1.487070e-001  1.196142e-001  9.582133e-002  7.718365e-002  6.276998e-002  5.161839e-002  3.860786e-002  2.763838e-002  1.414989e-002  3.651428e-003  -0.000000e+000  
4.610050e-001  4.912342e-001  5.496858e-001  6.195903e-001  5.599793e-001  4.639713e-001  3.674602e-001  2.898993e-001  2.306276e-001  1.856432e-001  1.512810e-001  1.247663e-001  9.377592e-002  6.743453e-002  3.475229e-002  9.005566e-003  -0.000000e+000  
6.203515e-001  6.654205e-001  7.623850e-001  9.211774e-001  8.586784e-001  6.536089e-001  5.023687e-001  3.928359e-001  3.122310e-001  2.518118e-001  2.057628e-001  1.701627e-001  1.284086e-001  9.265869e-002  4.798939e-002  1.247529e-002  -0.000000e+000  
7.351639e-001  7.894122e-001  9.146928e-001  1.174423e+000  1.128225e+000  7.936903e-001  6.002658e-001  4.690458e-001  3.740779e-001  3.030004e-001  2.486302e-001  2.063717e-001  1.565224e-001  1.134258e-001  5.910174e-002  1.542379e-002  -0.000000e+000  
8.139502e-001  8.696964e-001  9.951134e-001  1.226527e+000  1.179116e+000  8.666308e-001  6.639442e-001  5.228592e-001  4.196733e-001  3.418041e-001  2.817787e-001  2.347899e-001  1.789919e-001  1.302594e-001  6.828325e-002  1.788906e-002  -0.000000e+000  
8.710950e-001  9.229579e-001  1.034476e+000  1.218636e+000  1.171658e+000  9.016384e-001  7.064068e-001  5.636625e-001  4.566042e-001  3.745179e-001  3.104900e-001  2.598844e-001  1.992925e-001  1.457340e-001  7.692081e-002  2.024146e-002  -0.000000e+000  
9.080869e-001  9.530514e-001  1.045644e+000  1.186140e+000  1.139776e+000  9.109243e-001  7.308449e-001  5.922422e-001  4.850044e-001  4.010792e-001  3.346403e-001  2.815180e-001  2.172953e-001  1.597479e-001  8.496119e-002  2.246811e-002  -0.000000e+000  
9.309261e-001  9.665961e-001  1.036872e+000  1.135722e+000  1.090196e+000  9.022920e-001  7.428644e-001  6.131811e-001  5.089732e-001  4.252353e-001  3.576448e-001  3.027791e-001  2.356162e-001  1.743747e-001  9.363062e-002  2.491615e-002  -0.000000e+000  
9.320042e-001  9.577485e-001  1.006616e+000  1.071384e+000  1.027235e+000  8.751014e-001  7.384459e-001  6.215846e-001  5.239271e-001  4.430646e-001  3.762600e-001  3.210147e-001  2.523300e-001  1.883058e-001  1.023428e-001  2.745441e-002  -0.000000e+000  
9.148841e-001  9.325194e-001  9.649903e-001  1.005917e+000  9.636471e-001  8.387692e-001  7.220808e-001  6.183342e-001  5.286755e-001  4.523546e-001  3.878616e-001  3.335222e-001  2.648828e-001  1.994021e-001  1.097779e-001  2.970560e-002  -0.000000e+000  
8.852151e-001  8.966848e-001  9.171898e-001  9.416479e-001  9.016896e-001  7.978521e-001  6.980655e-001  6.066433e-001  5.253947e-001  4.545136e-001  3.933412e-001  3.408605e-001  2.735216e-001  2.077445e-001  1.159150e-001  3.165612e-002  -0.000000e+000  
8.233742e-001  8.275462e-001  8.342944e-001  8.405367e-001  8.048423e-001  7.278400e-001  6.510878e-001  5.778106e-001  5.099909e-001  4.485789e-001  3.937983e-001  3.454225e-001  2.817571e-001  2.170891e-001  1.238165e-001  3.433284e-002  -0.000000e+000  
7.214910e-001  7.212180e-001  7.198519e-001  7.158609e-001  6.864806e-001  6.324394e-001  5.769984e-001  5.222577e-001  4.697737e-001  4.205637e-001  3.751877e-001  3.338587e-001  2.778910e-001  2.182158e-001  1.283952e-001  3.642989e-002  -0.000000e+000  
5.684635e-001  5.659036e-001  5.605519e-001  5.519864e-001  5.313476e-001  4.993488e-001  4.654589e-001  4.307327e-001  3.960760e-001  3.622130e-001  3.296832e-001  2.988547e-001  2.554967e-001  2.059950e-001  1.267994e-001  3.724255e-002  -0.000000e+000  
3.878342e-001  3.855596e-001  3.809784e-001  3.740367e-001  3.618412e-001  3.449064e-001  3.265344e-001  3.071837e-001  2.872821e-001  2.672104e-001  2.472920e-001  2.277890e-001  1.994600e-001  1.650270e-001  1.066329e-001  3.267211e-002  -0.000000e+000  
2.114735e-001  2.102134e-001  2.076991e-001  2.039441e-001  1.981651e-001  1.906388e-001  1.823339e-001  1.734166e-001  1.640506e-001  1.543906e-001  1.445782e-001  1.347386e-001  1.200985e-001  1.014232e-001  6.826323e-002  2.176085e-002  -0.000000e+000  
6.292202e-002  6.255320e-002  6.181868e-002  6.072485e-002  5.910384e-002  5.703691e-002  5.474170e-002  5.225967e-002  4.963240e-002  4.690020e-002  4.410089e-002  4.126891e-002  3.701751e-002  3.149559e-002  2.152131e-002  6.966943e-003  -0.000000e+000  
-0.000000e+000  -0.000000e+000  -0.000000e+000  -0.000000e+000  -0.000000e+000  -0.000000e+000  -0.000000e+000  -0.000000e+000  -0.000000e+000  -0.000000e+000  -0.000000e+000  -0.000000e+000  -0.000000e+000  -0.000000e+000  -0.000000e+000  -0.000000e+000  -0.000000e+000  

