2025-10-16 11:13:34   Build version: 2025.4 Release from 2025-04-11 (change 1409410)

2025-10-16 11:13:34   Starting adaptive port meshing.

                      ------------------------------------------------------------------------------
2025-10-16 11:13:34   Mode calculation for port 1:

                      ------------------------------------------------------------------------------
2025-10-16 11:13:34   According to the selected features the <Time Domain Solver (HEX)> will be
                      started.

                      ------------------------------------------------------------------------------
2025-10-16 11:13:34   

                      ------------------------------------------------------------------------------
2025-10-16 11:13:34   

                      ------------------------------------------------------------------------------
2025-10-16 11:13:39   Using Generalized port mode solver.

                      ------------------------------------------------------------------------------
2025-10-16 11:13:40   Port mode solver: Detected dispersive material(s) at port 1. 
                      Using a constant approximation of dispersive material(s) at 2.4 GHz and neglecting loss terms.  More...

                      ------------------------------------------------------------------------------
2025-10-16 11:13:41     -------------------------------- F-Calc 2.4 --------------------------------
                        Port   Mode   Type        Z-Wave        Z-Wave-Sigma  Z-Line        F-Cutoff
                        1      1      QTEM        207           0             60.1          ---
                        ----------------------------------------------------------------------------

2025-10-16 11:13:42   Pass 1 successfully completed. 
2025-10-16 11:13:43   According to the selected features the <Time Domain Solver (HEX)> will be
                      started.

                      ------------------------------------------------------------------------------
2025-10-16 11:13:43   

                      ------------------------------------------------------------------------------
2025-10-16 11:13:43   

                      ------------------------------------------------------------------------------
2025-10-16 11:13:47     -------------------------------- F-Calc 2.4 --------------------------------
                        Port   Mode   Type        Z-Wave        Z-Wave-Sigma  Z-Line        F-Cutoff
                        1      1      QTEM        210           0             62.9          ---
                        ----------------------------------------------------------------------------

2025-10-16 11:13:48   Pass 2 successfully completed. Delta (Line Imp.): 4.46%
2025-10-16 11:13:48   According to the selected features the <Time Domain Solver (HEX)> will be
                      started.

                      ------------------------------------------------------------------------------
2025-10-16 11:13:48   

                      ------------------------------------------------------------------------------
2025-10-16 11:13:48   

                      ------------------------------------------------------------------------------
2025-10-16 11:13:56     -------------------------------- F-Calc 2.4 --------------------------------
                        Port   Mode   Type        Z-Wave        Z-Wave-Sigma  Z-Line        F-Cutoff
                        1      1      QTEM        250           1.05e-007     62.7          ---
                        ----------------------------------------------------------------------------

2025-10-16 11:13:58   Pass 3 successfully completed. Delta (Line Imp.): 0.34%
2025-10-16 11:13:58   According to the selected features the <Time Domain Solver (HEX)> will be
                      started.

                      ------------------------------------------------------------------------------
2025-10-16 11:13:58   

                      ------------------------------------------------------------------------------
2025-10-16 11:13:58   

                      ------------------------------------------------------------------------------
2025-10-16 11:14:03     -------------------------------- F-Calc 2.4 --------------------------------
                        Port   Mode   Type        Z-Wave        Z-Wave-Sigma  Z-Line        F-Cutoff
                        1      1      QTEM        252           2.03e-007     62.7          ---
                        ----------------------------------------------------------------------------

2025-10-16 11:14:04   Pass 4 successfully completed. Delta (Line Imp.): 0.01%
2025-10-16 11:14:04   Adaptive port meshing finished. 

                      ------------------------------------------------------------------------------
2025-10-16 11:14:07   The following farfield monitor(s) have been adjusted to model box [-58.0685,
                      58.0685, -50.438, 45.6185, -5.23929, 16.1086]:
                        farfield (f=2.4417).
                      For further information please check the page "Special Solver Parameters -
                      Solver" in the Online Help.

                      ------------------------------------------------------------------------------
2025-10-16 11:14:07   According to the selected features the <Time Domain Solver (HEX)> will be
                      started.

                      ------------------------------------------------------------------------------
2025-10-16 11:14:08   
                      Solver started at: 2025-10-16 11:14:08 +0200

                        Module:  Time Domain: S-Parameter (Win 64)
                        Version: 2025.4 Release from 2025-04-11 (change 1409410)

2025-10-16 11:14:08   

                      ------------------------------------------------------------------------------
2025-10-16 11:14:08   

                      ------------------------------------------------------------------------------
2025-10-16 11:14:08   ======================================================================
                       Solver cycle: 1
                      ======================================================================

                      Stimulation at port 1 (mode 1) 



                      ------------------------------------------------------------------------------
2025-10-16 11:14:08   Units settings: 

                        Dimensions: mm
                        Frequency:  GHz
                        Time:       ns

                      ------------------------------------------------------------------------------
2025-10-16 11:14:08   The dispersive material update [Automatic] will be performed using the "Standard" update schema

                      ------------------------------------------------------------------------------
2025-10-16 11:14:20   Mesh statistics:

                         Hexahedral mesh type: Perfect Boundary Approximation (PBA)
                            Version: default

                         Parallelization type: domain decomposition
                            Number of parallel working threads: 2
                            Number of calculation domains used: 2

                         Used point accuracy enhancement value: 75.00%.
                         Acceleration mode: CPU
                         PBA fill limit: 99.00% (inverse)

2025-10-16 11:14:13      *** Warning ***  current system memory usage reached 85% (14 GB)


2025-10-16 11:14:22   Using Generalized port mode solver.

                      ------------------------------------------------------------------------------
2025-10-16 11:14:23   Port mode solver: Detected dispersive material(s) at port 1. 
                      Using a constant approximation of dispersive material(s) at 2.4 GHz and neglecting loss terms.  More...

                      ------------------------------------------------------------------------------
2025-10-16 11:14:24   Boundary conditions: 

                        YZsymmetry: none
                        XZsymmetry: none
                        XYsymmetry: none

                        Xmin: expanded open, 4 Layer, depth 33.1934 mm
                        Xmax: expanded open, 4 Layer, depth 33.1934 mm

                        Ymin: expanded open, 4 Layer, depth 32.9277 mm
                        Ymax: expanded open, 4 Layer, depth 33.1854 mm

                        Zmin: expanded open, 4 Layer, depth 33.309 mm
                        Zmax: expanded open, 4 Layer, depth 37.9017 mm

                        PML-Type: Convolution PML

                      ------------------------------------------------------------------------------
2025-10-16 11:14:24   Frequency settings: 

                        Fmin:         2.2
                        Fmax:         2.6
                        Nfsteps(lin): 1001

                      ------------------------------------------------------------------------------
2025-10-16 11:14:24   Field update statistics:

                        Number of components in total: 	340011
                        Number of TST and special elements:	228
                        Number of lossy metal components:	7916
                        Number of disp. elements:		4450

                      Subcycling state:      			Automatically deactivated

                      ------------------------------------------------------------------------------
2025-10-16 11:14:24   Waveguide boundaries:

2025-10-16 11:14:24   Port: 1

2025-10-16 11:14:25     -------------------------------- F-Calc 2.4 --------------------------------
                        Port   Mode   Type        Z-Wave        Z-Wave-Sigma  Z-Line        F-Cutoff
                        1      1      QTEM        207           0             62.7          ---
                        ----------------------------------------------------------------------------

2025-10-16 11:14:25   Using standard absorber for unconsidered modes at port 1.

                      ------------------------------------------------------------------------------
2025-10-16 11:15:01   
                      --------------------------------------------------------------------------------
2025-10-16 11:15:01   Steady state energy criterion met, solver finished successfully.

                      ------------------------------------------------------------------------------
2025-10-16 11:15:01   Frequency domain results normalized to default signal.


                      ------------------------------------------------------------------------------
2025-10-16 11:15:01   
                        ----------------------------------------------------------------------------
                                            Peak memory used (kB)         Free physical memory (kB) 
                                                                          At begin     Minimum      
                        ----------------------------------------------------------------------------
                        Matrices calc.      143314                        1989257      1206054      
                        Solver run total    74792                         3031428      2777828      
                        ----------------------------------------------------------------------------

                      --------------------------------------------------------------------------------
                      Solver Statistics:

                        Hardware:
                           Computer name:                 	Heu 

                           Number of CPU threads:               4
                           Hardware info:                  	Hardware Accelerator Device not activated

                        Number of mesh cells:             	54144
                        Excitation duration:              	1.77727437e+001 ns 
                        Calculation time for excitation:  	0 	s
                        Number of calculated pulse widths:	1.17711 
                        Steady state accuracy limit:      	-40	dB 
                        Simulated number of time steps:   	8200 
                        Maximum number of time steps:     	139323 
                        Time step width:
                           without subcycles:             	2.551288169e-003 ns
                           used:                          	2.551288169e-003 ns

                        Matrix calculation time:          	12 	s
                        Solver setup time:                	9 	s
                        Solver loop time:                 	29 	s
                        Solver post-processing time:      	1 	s
                                                          	------------
                        Total solver time:                	51 	s

                      ------------------------------------------------------------------------------
2025-10-16 11:15:01   
                        Adaptive port meshing time:          	32     	s
                        Total solver time (all cycles):      	51     	s
                        Solver initialization and clean-up:  	2      	s
                                                             	------------
                        Total simulation time:               	85     	s  ( = 0 h, 1 m, 25 s )

                      ------------------------------------------------------------------------------
2025-10-16 11:15:01   Solver finished at: 2025-10-16 11:15:01 +0200



                      ------------------------------------------------------------------------------
2025-10-16 11:15:04   Creating parametric 1D results for Run ID 42

                      ------------------------------------------------------------------------------
