Port monitor named: Port1_e1.prt

nx        = 37
ny        = 4
nz        = 19

nu        = 17
nv        = 35
iu        = 2
iv        = 2

idir      = 1
dcut      = -4.950000e-002
icut      = 2
type      = 0
frequency = 2.400000e+009

fcutoff   = 0.000000e+000
alpha     = 0.000000e+000
beta      = 9.599096e+001
accuracy  = 1.048811e-009

type          = QTEM
wave imp.     = 2.480197e+002
wave imp.sig. = 2.260696e-008
line imp.     = 3.206255e+001

ref. port     = 0

-4.488486e+001  -4.448419e+001  -4.369727e+001  -4.255170e+001  -1.833692e+002  -1.803851e+002  -1.761773e+002  -1.708687e+002  -1.645994e+002  -1.575175e+002  -1.497722e+002  -1.415071e+002  -1.285300e+002  -1.104023e+002  -7.819419e+001  -2.710156e+001  0.000000e+000  
-5.147219e+001  -5.082782e+001  -4.957489e+001  -4.778115e+001  -2.042537e+002  -1.999206e+002  -1.940044e+002  -1.867454e+002  -1.783973e+002  -1.692106e+002  -1.594193e+002  -1.492332e+002  -1.336321e+002  -1.128667e+002  -7.754189e+001  -2.610788e+001  0.000000e+000  
-8.023927e+001  -7.809684e+001  -7.400459e+001  -6.832335e+001  -2.821488e+002  -2.706285e+002  -2.561890e+002  -2.397433e+002  -2.221289e+002  -2.040563e+002  -1.860879e+002  -1.686389e+002  -1.436683e+002  -1.146077e+002  -7.104318e+001  -2.175729e+001  0.000000e+000  
-1.567788e+002  -1.485810e+002  -1.331205e+002  -1.121526e+002  -4.271622e+002  -3.918231e+002  -3.522262e+002  -3.115239e+002  -2.720565e+002  -2.353398e+002  -2.021940e+002  -1.729217e+002  -1.347557e+002  -9.764043e+001  -5.102273e+001  -1.342804e+001  0.000000e+000  
-2.632135e+002  -2.441833e+002  -2.083858e+002  -1.602357e+002  -5.551866e+002  -4.835035e+002  -4.104744e+002  -3.420690e+002  -2.814799e+002  -2.297971e+002  -1.868169e+002  -1.516828e+002  -1.091048e+002  -7.265980e+001  -3.238358e+001  -7.227765e+000  0.000000e+000  
-4.752751e+002  -4.328311e+002  -3.521490e+002  -2.427760e+002  -7.299057e+002  -5.839347e+002  -4.511651e+002  -3.408092e+002  -2.540087e+002  -1.879307e+002  -1.385690e+002  -1.021148e+002  -6.209358e+001  -3.336838e+001  -7.671963e+000  1.883562e-001  0.000000e+000  
-6.228198e+002  -5.648115e+002  -4.520332e+002  -2.951198e+002  -8.078556e+002  -6.086688e+002  -4.413512e+002  -3.130094e+002  -2.191367e+002  -1.520436e+002  -1.046038e+002  -7.127948e+001  -3.647110e+001  -1.382501e+001  3.411611e+000  3.316065e+000  0.000000e+000  
-8.199412e+002  -7.436073e+002  -5.896432e+002  -3.651884e+002  -8.849979e+002  -6.127250e+002  -4.059667e+002  -2.625240e+002  -1.666177e+002  -1.031972e+002  -6.132677e+001  -3.376542e+001  -6.922175e+000  7.851184e+000  1.514437e+001  6.530391e+000  0.000000e+000  
-1.082301e+003  -9.887737e+002  -7.875427e+002  -4.667218e+002  -9.469266e+002  -5.736797e+002  -3.287545e+002  -1.805956e+002  -9.259903e+001  -4.008200e+001  -8.568531e+000  1.016031e+001  2.612279e+001  3.130766e+001  2.734875e+001  9.788366e+000  0.000000e+000  
-1.424573e+003  -1.326034e+003  -1.087783e+003  -6.363582e+002  -9.558225e+002  -4.496308e+002  -1.873454e+002  -5.873199e+001  4.983459e+000  3.699653e+001  5.270370e+001  5.948620e+001  6.187473e+001  5.603118e+001  3.980796e+001  1.304173e+001  0.000000e+000  
-1.701279e+003  -1.619175e+003  -1.391426e+003  -8.536094e+002  -8.688009e+002  -2.755648e+002  -4.267005e+001  4.721411e+001  8.227839e+001  9.480500e+001  9.716172e+001  9.454016e+001  8.672993e+001  7.295625e+001  4.816814e+001  1.519198e+001  0.000000e+000  
-2.009454e+003  -1.968308e+003  -1.814523e+003  -1.266007e+003  -6.049704e+002  6.446101e+000  1.448738e+002  1.696194e+002  1.663663e+002  1.557028e+002  1.431532e+002  1.304089e+002  1.118733e+002  8.993258e+001  5.645058e+001  1.730024e+001  0.000000e+000  
-2.333261e+003  -2.360660e+003  -2.389682e+003  -2.159162e+003  8.582296e+001  4.303005e+002  3.665693e+002  3.004919e+002  2.527460e+002  2.172313e+002  1.892629e+002  1.662159e+002  1.368554e+002  1.067244e+002  6.457231e+001  1.934984e+001  0.000000e+000  
-2.646215e+003  -2.752100e+003  -3.064682e+003  -4.065285e+003  2.398040e+003  9.767491e+002  5.891216e+002  4.259927e+002  3.355634e+002  2.765876e+002  2.339759e+002  2.010509e+002  1.612188e+002  1.230932e+002  7.244970e+001  2.132412e+001  0.000000e+000  
-3.001051e+003  -3.151112e+003  -3.552476e+003  -4.533723e+003  2.202911e+003  1.223646e+003  7.821868e+002  5.602699e+002  4.319760e+002  3.486168e+002  2.894936e+002  2.448690e+002  1.922120e+002  1.440022e+002  8.249382e+001  2.382598e+001  0.000000e+000  
-3.251273e+003  -3.375336e+003  -3.637753e+003  -3.997098e+003  1.587592e+003  1.181833e+003  8.576072e+002  6.445481e+002  5.045137e+002  4.078555e+002  3.374206e+002  2.837440e+002  2.203875e+002  1.632225e+002  9.176175e+001  2.612495e+001  0.000000e+000  
-3.491749e+003  -3.534033e+003  -3.604483e+003  -3.668125e+003  1.070878e+003  9.691409e+002  8.307759e+002  6.965754e+002  5.806458e+002  4.848844e+002  4.069588e+002  3.436517e+002  2.662040e+002  1.953021e+002  1.074517e+002  3.000777e+001  0.000000e+000  
-3.569736e+003  -3.577791e+003  -3.589872e+003  -3.599113e+003  8.275219e+002  7.946106e+002  7.364029e+002  6.649440e+002  5.896262e+002  5.164884e+002  4.488512e+002  3.881769e+002  3.080804e+002  2.283425e+002  1.251877e+002  3.447916e+001  0.000000e+000  
-3.491749e+003  -3.534033e+003  -3.604483e+003  -3.668125e+003  1.070878e+003  9.691409e+002  8.307759e+002  6.965754e+002  5.806458e+002  4.848844e+002  4.069588e+002  3.436517e+002  2.662040e+002  1.953021e+002  1.074517e+002  3.000777e+001  0.000000e+000  
-3.251273e+003  -3.375336e+003  -3.637753e+003  -3.997098e+003  1.587592e+003  1.181833e+003  8.576072e+002  6.445481e+002  5.045137e+002  4.078555e+002  3.374206e+002  2.837440e+002  2.203875e+002  1.632225e+002  9.176175e+001  2.612495e+001  0.000000e+000  
-3.001051e+003  -3.151112e+003  -3.552476e+003  -4.533723e+003  2.202911e+003  1.223646e+003  7.821868e+002  5.602699e+002  4.319760e+002  3.486168e+002  2.894936e+002  2.448690e+002  1.922120e+002  1.440022e+002  8.249382e+001  2.382598e+001  0.000000e+000  
-2.646215e+003  -2.752100e+003  -3.064682e+003  -4.065285e+003  2.398040e+003  9.767491e+002  5.891216e+002  4.259927e+002  3.355634e+002  2.765876e+002  2.339759e+002  2.010509e+002  1.612188e+002  1.230932e+002  7.244970e+001  2.132412e+001  0.000000e+000  
-2.333261e+003  -2.360660e+003  -2.389682e+003  -2.159162e+003  8.582296e+001  4.303005e+002  3.665693e+002  3.004919e+002  2.527460e+002  2.172313e+002  1.892629e+002  1.662159e+002  1.368554e+002  1.067244e+002  6.457231e+001  1.934984e+001  0.000000e+000  
-2.009454e+003  -1.968308e+003  -1.814523e+003  -1.266007e+003  -6.049704e+002  6.446101e+000  1.448738e+002  1.696194e+002  1.663663e+002  1.557028e+002  1.431532e+002  1.304089e+002  1.118733e+002  8.993258e+001  5.645058e+001  1.730024e+001  0.000000e+000  
-1.701279e+003  -1.619175e+003  -1.391426e+003  -8.536094e+002  -8.688009e+002  -2.755648e+002  -4.267005e+001  4.721411e+001  8.227839e+001  9.480500e+001  9.716172e+001  9.454016e+001  8.672993e+001  7.295625e+001  4.816814e+001  1.519198e+001  0.000000e+000  
-1.424573e+003  -1.326034e+003  -1.087783e+003  -6.363582e+002  -9.558225e+002  -4.496308e+002  -1.873454e+002  -5.873199e+001  4.983459e+000  3.699653e+001  5.270370e+001  5.948620e+001  6.187473e+001  5.603118e+001  3.980796e+001  1.304173e+001  0.000000e+000  
-1.082301e+003  -9.887737e+002  -7.875427e+002  -4.667218e+002  -9.469266e+002  -5.736797e+002  -3.287545e+002  -1.805956e+002  -9.259903e+001  -4.008200e+001  -8.568531e+000  1.016031e+001  2.612279e+001  3.130766e+001  2.734875e+001  9.788366e+000  0.000000e+000  
-8.199412e+002  -7.436073e+002  -5.896432e+002  -3.651884e+002  -8.849979e+002  -6.127250e+002  -4.059667e+002  -2.625240e+002  -1.666177e+002  -1.031972e+002  -6.132677e+001  -3.376542e+001  -6.922175e+000  7.851184e+000  1.514437e+001  6.530391e+000  0.000000e+000  
-6.228198e+002  -5.648115e+002  -4.520332e+002  -2.951198e+002  -8.078556e+002  -6.086688e+002  -4.413512e+002  -3.130094e+002  -2.191367e+002  -1.520436e+002  -1.046038e+002  -7.127948e+001  -3.647110e+001  -1.382501e+001  3.411611e+000  3.316065e+000  0.000000e+000  
-4.752751e+002  -4.328311e+002  -3.521490e+002  -2.427760e+002  -7.299057e+002  -5.839347e+002  -4.511651e+002  -3.408092e+002  -2.540087e+002  -1.879307e+002  -1.385690e+002  -1.021148e+002  -6.209358e+001  -3.336838e+001  -7.671963e+000  1.883562e-001  0.000000e+000  
-2.632135e+002  -2.441833e+002  -2.083858e+002  -1.602357e+002  -5.551866e+002  -4.835035e+002  -4.104744e+002  -3.420690e+002  -2.814799e+002  -2.297971e+002  -1.868169e+002  -1.516828e+002  -1.091048e+002  -7.265980e+001  -3.238358e+001  -7.227765e+000  0.000000e+000  
-1.567788e+002  -1.485810e+002  -1.331205e+002  -1.121526e+002  -4.271622e+002  -3.918231e+002  -3.522262e+002  -3.115239e+002  -2.720565e+002  -2.353398e+002  -2.021940e+002  -1.729217e+002  -1.347557e+002  -9.764043e+001  -5.102273e+001  -1.342804e+001  0.000000e+000  
-8.023927e+001  -7.809684e+001  -7.400459e+001  -6.832335e+001  -2.821488e+002  -2.706285e+002  -2.561890e+002  -2.397433e+002  -2.221289e+002  -2.040563e+002  -1.860879e+002  -1.686389e+002  -1.436683e+002  -1.146077e+002  -7.104318e+001  -2.175729e+001  0.000000e+000  
-5.147219e+001  -5.082782e+001  -4.957489e+001  -4.778115e+001  -2.042537e+002  -1.999206e+002  -1.940044e+002  -1.867454e+002  -1.783973e+002  -1.692106e+002  -1.594193e+002  -1.492332e+002  -1.336321e+002  -1.128667e+002  -7.754189e+001  -2.610788e+001  0.000000e+000  
-4.488486e+001  -4.448419e+001  -4.369727e+001  -4.255170e+001  -1.833692e+002  -1.803851e+002  -1.761773e+002  -1.708687e+002  -1.645994e+002  -1.575175e+002  -1.497722e+002  -1.415071e+002  -1.285300e+002  -1.104023e+002  -7.819419e+001  -2.710156e+001  0.000000e+000  

0.000000e+000  -4.613892e-001  -8.847368e-001  -1.235633e+000  -1.486482e+000  -4.831737e+000  -7.939697e+000  -1.074353e+001  -1.319866e+001  -1.528208e+001  -1.699012e+001  -1.833518e+001  -1.934204e+001  -2.044158e+001  -2.065395e+001  -1.871751e+001  -1.670255e+001  
0.000000e+000  -2.697460e+000  -5.155489e+000  -7.160957e+000  -8.549861e+000  -2.111865e+001  -3.240757e+001  -4.217184e+001  -5.029259e+001  -5.676001e+001  -6.164997e+001  -6.509912e+001  -6.728171e+001  -6.842461e+001  -6.684922e+001  -5.676949e+001  -4.898905e+001  
0.000000e+000  -1.231826e+001  -2.337982e+001  -3.208513e+001  -3.762975e+001  -6.827761e+001  -9.342993e+001  -1.127835e+002  -1.265644e+002  -1.353530e+002  -1.399170e+002  -1.410823e+002  -1.396447e+002  -1.311067e+002  -1.194973e+002  -8.954436e+001  -7.255605e+001  
0.000000e+000  -3.978299e+001  -7.499696e+001  -1.016381e+002  -1.168342e+002  -1.727002e+002  -2.114822e+002  -2.345975e+002  -2.448020e+002  -2.452500e+002  -2.388830e+002  -2.281458e+002  -2.149235e+002  -1.851598e+002  -1.570746e+002  -1.053339e+002  -8.098680e+001  
0.000000e+000  -8.345082e+001  -1.569866e+002  -2.115223e+002  -2.401595e+002  -3.172234e+002  -3.591634e+002  -3.729774e+002  -3.671971e+002  -3.493534e+002  -3.250842e+002  -2.981975e+002  -2.710829e+002  -2.204095e+002  -1.783356e+002  -1.116282e+002  -8.302694e+001  
0.000000e+000  -1.522221e+002  -2.875997e+002  -3.882556e+002  -4.375125e+002  -5.251076e+002  -5.483136e+002  -5.299760e+002  -4.903280e+002  -4.426701e+002  -3.943509e+002  -3.489011e+002  -3.077397e+002  -2.393884e+002  -1.871779e+002  -1.119422e+002  -8.147923e+001  
0.000000e+000  -2.053741e+002  -3.908893e+002  -5.318050e+002  -5.996394e+002  -6.856445e+002  -6.830885e+002  -6.331314e+002  -5.654987e+002  -4.960997e+002  -4.318316e+002  -3.749348e+002  -3.255747e+002  -2.476142e+002  -1.902129e+002  -1.110653e+002  -7.990221e+001  
0.000000e+000  -2.755005e+002  -5.323192e+002  -7.378812e+002  -8.391057e+002  -9.058508e+002  -8.500941e+002  -7.486569e+002  -6.423720e+002  -5.465699e+002  -4.647997e+002  -3.962929e+002  -3.390994e+002  -2.526439e+002  -1.909593e+002  -1.090604e+002  -7.760079e+001  
0.000000e+000  -3.615732e+002  -7.175605e+002  -1.033232e+003  -1.207399e+003  -1.208555e+003  -1.048339e+003  -8.681089e+002  -7.128542e+002  -5.881942e+002  -4.893583e+002  -4.104778e+002  -3.467329e+002  -2.537802e+002  -1.891160e+002  -1.058709e+002  -7.456523e+001  
0.000000e+000  -4.373958e+002  -9.010245e+002  -1.381093e+003  -1.721364e+003  -1.552220e+003  -1.225903e+003  -9.546615e+002  -7.552495e+002  -6.090424e+002  -4.991414e+002  -4.142177e+002  -3.469680e+002  -2.509884e+002  -1.852184e+002  -1.021883e+002  -7.141711e+001  
0.000000e+000  -4.881023e+002  -1.041881e+003  -1.714165e+003  -2.368278e+003  -1.875939e+003  -1.352469e+003  -1.003015e+003  -7.736498e+002  -6.151487e+002  -4.997148e+002  -4.120935e+002  -3.434513e+002  -2.465867e+002  -1.807669e+002  -9.868001e+001  -6.856448e+001  
0.000000e+000  -5.134130e+002  -1.136893e+003  -2.054039e+003  -3.481950e+003  -2.209776e+003  -1.427415e+003  -1.015775e+003  -7.711226e+002  -6.085969e+002  -4.921564e+002  -4.044499e+002  -3.360378e+002  -2.399607e+002  -1.749735e+002  -9.462357e+001  -6.539331e+001  
0.000000e+000  -4.961993e+002  -1.118475e+003  -2.196620e+003  -5.633212e+003  -2.397651e+003  -1.391785e+003  -9.788829e+002  -7.442891e+002  -5.884791e+002  -4.761868e+002  -3.911892e+002  -3.246915e+002  -2.311040e+002  -1.678420e+002  -9.002803e+001  -6.191246e+001  
0.000000e+000  -4.190794e+002  -8.909925e+002  -1.469060e+003  0.000000e+000  -1.486389e+003  -1.142719e+003  -8.736323e+002  -6.856133e+002  -5.499589e+002  -4.481574e+002  -3.693737e+002  -3.069655e+002  -2.181942e+002  -1.579646e+002  -8.403788e+001  -5.749072e+001  
0.000000e+000  -2.940573e+002  -5.567127e+002  -6.521187e+002  0.000000e+000  -7.673449e+002  -8.181492e+002  -7.100830e+002  -5.907243e+002  -4.880222e+002  -4.039949e+002  -3.358460e+002  -2.804231e+002  -1.997293e+002  -1.444052e+002  -7.627995e+001  -5.191987e+001  
0.000000e+000  -1.390619e+002  -2.289198e+002  -2.033326e+002  0.000000e+000  -3.202872e+002  -4.605513e+002  -4.746802e+002  -4.356002e+002  -3.805807e+002  -3.253790e+002  -2.756523e+002  -2.328060e+002  -1.671331e+002  -1.209800e+002  -6.339964e+001  -4.286550e+001  
0.000000e+000  -1.661623e+001  -2.492304e+001  -1.906252e+001  0.000000e+000  -6.011105e+001  -1.063837e+002  -1.307275e+002  -1.379599e+002  -1.341766e+002  -1.243221e+002  -1.117792e+002  -9.864056e+001  -7.416332e+001  -5.489773e+001  -2.865730e+001  -1.914249e+001  
0.000000e+000  1.661623e+001  2.492304e+001  1.906252e+001  0.000000e+000  6.011105e+001  1.063837e+002  1.307275e+002  1.379599e+002  1.341766e+002  1.243221e+002  1.117792e+002  9.864056e+001  7.416332e+001  5.489773e+001  2.865730e+001  1.914249e+001  
0.000000e+000  1.390619e+002  2.289198e+002  2.033326e+002  0.000000e+000  3.202872e+002  4.605513e+002  4.746802e+002  4.356002e+002  3.805807e+002  3.253790e+002  2.756523e+002  2.328060e+002  1.671331e+002  1.209800e+002  6.339964e+001  4.286550e+001  
0.000000e+000  2.940573e+002  5.567127e+002  6.521187e+002  0.000000e+000  7.673449e+002  8.181492e+002  7.100830e+002  5.907243e+002  4.880222e+002  4.039949e+002  3.358460e+002  2.804231e+002  1.997293e+002  1.444052e+002  7.627995e+001  5.191987e+001  
0.000000e+000  4.190794e+002  8.909925e+002  1.469060e+003  0.000000e+000  1.486389e+003  1.142719e+003  8.736323e+002  6.856133e+002  5.499589e+002  4.481574e+002  3.693737e+002  3.069655e+002  2.181942e+002  1.579646e+002  8.403788e+001  5.749072e+001  
0.000000e+000  4.961993e+002  1.118475e+003  2.196620e+003  5.633212e+003  2.397651e+003  1.391785e+003  9.788829e+002  7.442891e+002  5.884791e+002  4.761868e+002  3.911892e+002  3.246915e+002  2.311040e+002  1.678420e+002  9.002803e+001  6.191246e+001  
0.000000e+000  5.134130e+002  1.136893e+003  2.054039e+003  3.481950e+003  2.209776e+003  1.427415e+003  1.015775e+003  7.711226e+002  6.085969e+002  4.921564e+002  4.044499e+002  3.360378e+002  2.399607e+002  1.749735e+002  9.462357e+001  6.539331e+001  
0.000000e+000  4.881023e+002  1.041881e+003  1.714165e+003  2.368278e+003  1.875939e+003  1.352469e+003  1.003015e+003  7.736498e+002  6.151487e+002  4.997148e+002  4.120935e+002  3.434513e+002  2.465867e+002  1.807669e+002  9.868001e+001  6.856448e+001  
0.000000e+000  4.373958e+002  9.010245e+002  1.381093e+003  1.721364e+003  1.552220e+003  1.225903e+003  9.546615e+002  7.552495e+002  6.090424e+002  4.991414e+002  4.142177e+002  3.469680e+002  2.509884e+002  1.852184e+002  1.021883e+002  7.141711e+001  
0.000000e+000  3.615732e+002  7.175605e+002  1.033232e+003  1.207399e+003  1.208555e+003  1.048339e+003  8.681089e+002  7.128542e+002  5.881942e+002  4.893583e+002  4.104778e+002  3.467329e+002  2.537802e+002  1.891160e+002  1.058709e+002  7.456523e+001  
0.000000e+000  2.755005e+002  5.323192e+002  7.378812e+002  8.391057e+002  9.058508e+002  8.500941e+002  7.486569e+002  6.423720e+002  5.465699e+002  4.647997e+002  3.962929e+002  3.390994e+002  2.526439e+002  1.909593e+002  1.090604e+002  7.760079e+001  
0.000000e+000  2.053741e+002  3.908893e+002  5.318050e+002  5.996394e+002  6.856445e+002  6.830885e+002  6.331314e+002  5.654987e+002  4.960997e+002  4.318316e+002  3.749348e+002  3.255747e+002  2.476142e+002  1.902129e+002  1.110653e+002  7.990221e+001  
0.000000e+000  1.522221e+002  2.875997e+002  3.882556e+002  4.375125e+002  5.251076e+002  5.483136e+002  5.299760e+002  4.903280e+002  4.426701e+002  3.943509e+002  3.489011e+002  3.077397e+002  2.393884e+002  1.871779e+002  1.119422e+002  8.147923e+001  
0.000000e+000  8.345082e+001  1.569866e+002  2.115223e+002  2.401595e+002  3.172234e+002  3.591634e+002  3.729774e+002  3.671971e+002  3.493534e+002  3.250842e+002  2.981975e+002  2.710829e+002  2.204095e+002  1.783356e+002  1.116282e+002  8.302694e+001  
0.000000e+000  3.978299e+001  7.499696e+001  1.016381e+002  1.168342e+002  1.727002e+002  2.114822e+002  2.345975e+002  2.448020e+002  2.452500e+002  2.388830e+002  2.281458e+002  2.149235e+002  1.851598e+002  1.570746e+002  1.053339e+002  8.098680e+001  
0.000000e+000  1.231826e+001  2.337982e+001  3.208513e+001  3.762975e+001  6.827761e+001  9.342993e+001  1.127835e+002  1.265644e+002  1.353530e+002  1.399170e+002  1.410823e+002  1.396447e+002  1.311067e+002  1.194973e+002  8.954436e+001  7.255605e+001  
0.000000e+000  2.697460e+000  5.155489e+000  7.160957e+000  8.549861e+000  2.111865e+001  3.240757e+001  4.217184e+001  5.029259e+001  5.676001e+001  6.164997e+001  6.509912e+001  6.728171e+001  6.842461e+001  6.684922e+001  5.676949e+001  4.898905e+001  
0.000000e+000  4.613892e-001  8.847368e-001  1.235633e+000  1.486482e+000  4.831737e+000  7.939697e+000  1.074353e+001  1.319866e+001  1.528208e+001  1.699012e+001  1.833518e+001  1.934204e+001  2.044158e+001  2.065395e+001  1.871751e+001  1.670255e+001  
0.000000e+000  0.000000e+000  0.000000e+000  0.000000e+000  0.000000e+000  0.000000e+000  0.000000e+000  0.000000e+000  0.000000e+000  0.000000e+000  0.000000e+000  0.000000e+000  0.000000e+000  0.000000e+000  0.000000e+000  0.000000e+000  0.000000e+000  

0.000000e+000  0.000000e+000  0.000000e+000  0.000000e+000  0.000000e+000  0.000000e+000  0.000000e+000  0.000000e+000  0.000000e+000  0.000000e+000  0.000000e+000  0.000000e+000  0.000000e+000  0.000000e+000  0.000000e+000  0.000000e+000  0.000000e+000  
0.000000e+000  0.000000e+000  0.000000e+000  0.000000e+000  0.000000e+000  0.000000e+000  0.000000e+000  0.000000e+000  0.000000e+000  0.000000e+000  0.000000e+000  0.000000e+000  0.000000e+000  0.000000e+000  0.000000e+000  0.000000e+000  0.000000e+000  
0.000000e+000  0.000000e+000  0.000000e+000  0.000000e+000  0.000000e+000  0.000000e+000  0.000000e+000  0.000000e+000  0.000000e+000  0.000000e+000  0.000000e+000  0.000000e+000  0.000000e+000  0.000000e+000  0.000000e+000  0.000000e+000  0.000000e+000  
0.000000e+000  0.000000e+000  0.000000e+000  0.000000e+000  0.000000e+000  0.000000e+000  0.000000e+000  0.000000e+000  0.000000e+000  0.000000e+000  0.000000e+000  0.000000e+000  0.000000e+000  0.000000e+000  0.000000e+000  0.000000e+000  0.000000e+000  
0.000000e+000  0.000000e+000  0.000000e+000  0.000000e+000  0.000000e+000  0.000000e+000  0.000000e+000  0.000000e+000  0.000000e+000  0.000000e+000  0.000000e+000  0.000000e+000  0.000000e+000  0.000000e+000  0.000000e+000  0.000000e+000  0.000000e+000  
0.000000e+000  0.000000e+000  0.000000e+000  0.000000e+000  0.000000e+000  0.000000e+000  0.000000e+000  0.000000e+000  0.000000e+000  0.000000e+000  0.000000e+000  0.000000e+000  0.000000e+000  0.000000e+000  0.000000e+000  0.000000e+000  0.000000e+000  
0.000000e+000  0.000000e+000  0.000000e+000  0.000000e+000  0.000000e+000  0.000000e+000  0.000000e+000  0.000000e+000  0.000000e+000  0.000000e+000  0.000000e+000  0.000000e+000  0.000000e+000  0.000000e+000  0.000000e+000  0.000000e+000  0.000000e+000  
0.000000e+000  0.000000e+000  0.000000e+000  0.000000e+000  0.000000e+000  0.000000e+000  0.000000e+000  0.000000e+000  0.000000e+000  0.000000e+000  0.000000e+000  0.000000e+000  0.000000e+000  0.000000e+000  0.000000e+000  0.000000e+000  0.000000e+000  
0.000000e+000  0.000000e+000  0.000000e+000  0.000000e+000  0.000000e+000  0.000000e+000  0.000000e+000  0.000000e+000  0.000000e+000  0.000000e+000  0.000000e+000  0.000000e+000  0.000000e+000  0.000000e+000  0.000000e+000  0.000000e+000  0.000000e+000  
0.000000e+000  0.000000e+000  0.000000e+000  0.000000e+000  0.000000e+000  0.000000e+000  0.000000e+000  0.000000e+000  0.000000e+000  0.000000e+000  0.000000e+000  0.000000e+000  0.000000e+000  0.000000e+000  0.000000e+000  0.000000e+000  0.000000e+000  
0.000000e+000  0.000000e+000  0.000000e+000  0.000000e+000  0.000000e+000  0.000000e+000  0.000000e+000  0.000000e+000  0.000000e+000  0.000000e+000  0.000000e+000  0.000000e+000  0.000000e+000  0.000000e+000  0.000000e+000  0.000000e+000  0.000000e+000  
0.000000e+000  0.000000e+000  0.000000e+000  0.000000e+000  0.000000e+000  0.000000e+000  0.000000e+000  0.000000e+000  0.000000e+000  0.000000e+000  0.000000e+000  0.000000e+000  0.000000e+000  0.000000e+000  0.000000e+000  0.000000e+000  0.000000e+000  
0.000000e+000  0.000000e+000  0.000000e+000  0.000000e+000  0.000000e+000  0.000000e+000  0.000000e+000  0.000000e+000  0.000000e+000  0.000000e+000  0.000000e+000  0.000000e+000  0.000000e+000  0.000000e+000  0.000000e+000  0.000000e+000  0.000000e+000  
0.000000e+000  0.000000e+000  0.000000e+000  0.000000e+000  0.000000e+000  0.000000e+000  0.000000e+000  0.000000e+000  0.000000e+000  0.000000e+000  0.000000e+000  0.000000e+000  0.000000e+000  0.000000e+000  0.000000e+000  0.000000e+000  0.000000e+000  
0.000000e+000  0.000000e+000  0.000000e+000  0.000000e+000  0.000000e+000  0.000000e+000  0.000000e+000  0.000000e+000  0.000000e+000  0.000000e+000  0.000000e+000  0.000000e+000  0.000000e+000  0.000000e+000  0.000000e+000  0.000000e+000  0.000000e+000  
0.000000e+000  0.000000e+000  0.000000e+000  0.000000e+000  0.000000e+000  0.000000e+000  0.000000e+000  0.000000e+000  0.000000e+000  0.000000e+000  0.000000e+000  0.000000e+000  0.000000e+000  0.000000e+000  0.000000e+000  0.000000e+000  0.000000e+000  
0.000000e+000  0.000000e+000  0.000000e+000  0.000000e+000  0.000000e+000  0.000000e+000  0.000000e+000  0.000000e+000  0.000000e+000  0.000000e+000  0.000000e+000  0.000000e+000  0.000000e+000  0.000000e+000  0.000000e+000  0.000000e+000  0.000000e+000  
0.000000e+000  0.000000e+000  0.000000e+000  0.000000e+000  0.000000e+000  0.000000e+000  0.000000e+000  0.000000e+000  0.000000e+000  0.000000e+000  0.000000e+000  0.000000e+000  0.000000e+000  0.000000e+000  0.000000e+000  0.000000e+000  0.000000e+000  
0.000000e+000  0.000000e+000  0.000000e+000  0.000000e+000  0.000000e+000  0.000000e+000  0.000000e+000  0.000000e+000  0.000000e+000  0.000000e+000  0.000000e+000  0.000000e+000  0.000000e+000  0.000000e+000  0.000000e+000  0.000000e+000  0.000000e+000  
0.000000e+000  0.000000e+000  0.000000e+000  0.000000e+000  0.000000e+000  0.000000e+000  0.000000e+000  0.000000e+000  0.000000e+000  0.000000e+000  0.000000e+000  0.000000e+000  0.000000e+000  0.000000e+000  0.000000e+000  0.000000e+000  0.000000e+000  
0.000000e+000  0.000000e+000  0.000000e+000  0.000000e+000  0.000000e+000  0.000000e+000  0.000000e+000  0.000000e+000  0.000000e+000  0.000000e+000  0.000000e+000  0.000000e+000  0.000000e+000  0.000000e+000  0.000000e+000  0.000000e+000  0.000000e+000  
0.000000e+000  0.000000e+000  0.000000e+000  0.000000e+000  0.000000e+000  0.000000e+000  0.000000e+000  0.000000e+000  0.000000e+000  0.000000e+000  0.000000e+000  0.000000e+000  0.000000e+000  0.000000e+000  0.000000e+000  0.000000e+000  0.000000e+000  
0.000000e+000  0.000000e+000  0.000000e+000  0.000000e+000  0.000000e+000  0.000000e+000  0.000000e+000  0.000000e+000  0.000000e+000  0.000000e+000  0.000000e+000  0.000000e+000  0.000000e+000  0.000000e+000  0.000000e+000  0.000000e+000  0.000000e+000  
0.000000e+000  0.000000e+000  0.000000e+000  0.000000e+000  0.000000e+000  0.000000e+000  0.000000e+000  0.000000e+000  0.000000e+000  0.000000e+000  0.000000e+000  0.000000e+000  0.000000e+000  0.000000e+000  0.000000e+000  0.000000e+000  0.000000e+000  
0.000000e+000  0.000000e+000  0.000000e+000  0.000000e+000  0.000000e+000  0.000000e+000  0.000000e+000  0.000000e+000  0.000000e+000  0.000000e+000  0.000000e+000  0.000000e+000  0.000000e+000  0.000000e+000  0.000000e+000  0.000000e+000  0.000000e+000  
0.000000e+000  0.000000e+000  0.000000e+000  0.000000e+000  0.000000e+000  0.000000e+000  0.000000e+000  0.000000e+000  0.000000e+000  0.000000e+000  0.000000e+000  0.000000e+000  0.000000e+000  0.000000e+000  0.000000e+000  0.000000e+000  0.000000e+000  
0.000000e+000  0.000000e+000  0.000000e+000  0.000000e+000  0.000000e+000  0.000000e+000  0.000000e+000  0.000000e+000  0.000000e+000  0.000000e+000  0.000000e+000  0.000000e+000  0.000000e+000  0.000000e+000  0.000000e+000  0.000000e+000  0.000000e+000  
0.000000e+000  0.000000e+000  0.000000e+000  0.000000e+000  0.000000e+000  0.000000e+000  0.000000e+000  0.000000e+000  0.000000e+000  0.000000e+000  0.000000e+000  0.000000e+000  0.000000e+000  0.000000e+000  0.000000e+000  0.000000e+000  0.000000e+000  
0.000000e+000  0.000000e+000  0.000000e+000  0.000000e+000  0.000000e+000  0.000000e+000  0.000000e+000  0.000000e+000  0.000000e+000  0.000000e+000  0.000000e+000  0.000000e+000  0.000000e+000  0.000000e+000  0.000000e+000  0.000000e+000  0.000000e+000  
0.000000e+000  0.000000e+000  0.000000e+000  0.000000e+000  0.000000e+000  0.000000e+000  0.000000e+000  0.000000e+000  0.000000e+000  0.000000e+000  0.000000e+000  0.000000e+000  0.000000e+000  0.000000e+000  0.000000e+000  0.000000e+000  0.000000e+000  
0.000000e+000  0.000000e+000  0.000000e+000  0.000000e+000  0.000000e+000  0.000000e+000  0.000000e+000  0.000000e+000  0.000000e+000  0.000000e+000  0.000000e+000  0.000000e+000  0.000000e+000  0.000000e+000  0.000000e+000  0.000000e+000  0.000000e+000  
0.000000e+000  0.000000e+000  0.000000e+000  0.000000e+000  0.000000e+000  0.000000e+000  0.000000e+000  0.000000e+000  0.000000e+000  0.000000e+000  0.000000e+000  0.000000e+000  0.000000e+000  0.000000e+000  0.000000e+000  0.000000e+000  0.000000e+000  
0.000000e+000  0.000000e+000  0.000000e+000  0.000000e+000  0.000000e+000  0.000000e+000  0.000000e+000  0.000000e+000  0.000000e+000  0.000000e+000  0.000000e+000  0.000000e+000  0.000000e+000  0.000000e+000  0.000000e+000  0.000000e+000  0.000000e+000  
0.000000e+000  0.000000e+000  0.000000e+000  0.000000e+000  0.000000e+000  0.000000e+000  0.000000e+000  0.000000e+000  0.000000e+000  0.000000e+000  0.000000e+000  0.000000e+000  0.000000e+000  0.000000e+000  0.000000e+000  0.000000e+000  0.000000e+000  
0.000000e+000  0.000000e+000  0.000000e+000  0.000000e+000  0.000000e+000  0.000000e+000  0.000000e+000  0.000000e+000  0.000000e+000  0.000000e+000  0.000000e+000  0.000000e+000  0.000000e+000  0.000000e+000  0.000000e+000  0.000000e+000  0.000000e+000  

0.000000e+000  0.000000e+000  0.000000e+000  0.000000e+000  0.000000e+000  0.000000e+000  0.000000e+000  0.000000e+000  0.000000e+000  0.000000e+000  0.000000e+000  0.000000e+000  0.000000e+000  0.000000e+000  0.000000e+000  0.000000e+000  0.000000e+000  
0.000000e+000  0.000000e+000  0.000000e+000  0.000000e+000  0.000000e+000  0.000000e+000  0.000000e+000  0.000000e+000  0.000000e+000  0.000000e+000  0.000000e+000  0.000000e+000  0.000000e+000  0.000000e+000  0.000000e+000  0.000000e+000  0.000000e+000  
0.000000e+000  0.000000e+000  0.000000e+000  0.000000e+000  0.000000e+000  0.000000e+000  0.000000e+000  0.000000e+000  0.000000e+000  0.000000e+000  0.000000e+000  0.000000e+000  0.000000e+000  0.000000e+000  0.000000e+000  0.000000e+000  0.000000e+000  
0.000000e+000  0.000000e+000  0.000000e+000  0.000000e+000  0.000000e+000  0.000000e+000  0.000000e+000  0.000000e+000  0.000000e+000  0.000000e+000  0.000000e+000  0.000000e+000  0.000000e+000  0.000000e+000  0.000000e+000  0.000000e+000  0.000000e+000  
0.000000e+000  0.000000e+000  0.000000e+000  0.000000e+000  0.000000e+000  0.000000e+000  0.000000e+000  0.000000e+000  0.000000e+000  0.000000e+000  0.000000e+000  0.000000e+000  0.000000e+000  0.000000e+000  0.000000e+000  0.000000e+000  0.000000e+000  
0.000000e+000  0.000000e+000  0.000000e+000  0.000000e+000  0.000000e+000  0.000000e+000  0.000000e+000  0.000000e+000  0.000000e+000  0.000000e+000  0.000000e+000  0.000000e+000  0.000000e+000  0.000000e+000  0.000000e+000  0.000000e+000  0.000000e+000  
0.000000e+000  0.000000e+000  0.000000e+000  0.000000e+000  0.000000e+000  0.000000e+000  0.000000e+000  0.000000e+000  0.000000e+000  0.000000e+000  0.000000e+000  0.000000e+000  0.000000e+000  0.000000e+000  0.000000e+000  0.000000e+000  0.000000e+000  
0.000000e+000  0.000000e+000  0.000000e+000  0.000000e+000  0.000000e+000  0.000000e+000  0.000000e+000  0.000000e+000  0.000000e+000  0.000000e+000  0.000000e+000  0.000000e+000  0.000000e+000  0.000000e+000  0.000000e+000  0.000000e+000  0.000000e+000  
0.000000e+000  0.000000e+000  0.000000e+000  0.000000e+000  0.000000e+000  0.000000e+000  0.000000e+000  0.000000e+000  0.000000e+000  0.000000e+000  0.000000e+000  0.000000e+000  0.000000e+000  0.000000e+000  0.000000e+000  0.000000e+000  0.000000e+000  
0.000000e+000  0.000000e+000  0.000000e+000  0.000000e+000  0.000000e+000  0.000000e+000  0.000000e+000  0.000000e+000  0.000000e+000  0.000000e+000  0.000000e+000  0.000000e+000  0.000000e+000  0.000000e+000  0.000000e+000  0.000000e+000  0.000000e+000  
0.000000e+000  0.000000e+000  0.000000e+000  0.000000e+000  0.000000e+000  0.000000e+000  0.000000e+000  0.000000e+000  0.000000e+000  0.000000e+000  0.000000e+000  0.000000e+000  0.000000e+000  0.000000e+000  0.000000e+000  0.000000e+000  0.000000e+000  
0.000000e+000  0.000000e+000  0.000000e+000  0.000000e+000  0.000000e+000  0.000000e+000  0.000000e+000  0.000000e+000  0.000000e+000  0.000000e+000  0.000000e+000  0.000000e+000  0.000000e+000  0.000000e+000  0.000000e+000  0.000000e+000  0.000000e+000  
0.000000e+000  0.000000e+000  0.000000e+000  0.000000e+000  0.000000e+000  0.000000e+000  0.000000e+000  0.000000e+000  0.000000e+000  0.000000e+000  0.000000e+000  0.000000e+000  0.000000e+000  0.000000e+000  0.000000e+000  0.000000e+000  0.000000e+000  
0.000000e+000  0.000000e+000  0.000000e+000  0.000000e+000  0.000000e+000  0.000000e+000  0.000000e+000  0.000000e+000  0.000000e+000  0.000000e+000  0.000000e+000  0.000000e+000  0.000000e+000  0.000000e+000  0.000000e+000  0.000000e+000  0.000000e+000  
0.000000e+000  0.000000e+000  0.000000e+000  0.000000e+000  0.000000e+000  0.000000e+000  0.000000e+000  0.000000e+000  0.000000e+000  0.000000e+000  0.000000e+000  0.000000e+000  0.000000e+000  0.000000e+000  0.000000e+000  0.000000e+000  0.000000e+000  
0.000000e+000  0.000000e+000  0.000000e+000  0.000000e+000  0.000000e+000  0.000000e+000  0.000000e+000  0.000000e+000  0.000000e+000  0.000000e+000  0.000000e+000  0.000000e+000  0.000000e+000  0.000000e+000  0.000000e+000  0.000000e+000  0.000000e+000  
0.000000e+000  0.000000e+000  0.000000e+000  0.000000e+000  0.000000e+000  0.000000e+000  0.000000e+000  0.000000e+000  0.000000e+000  0.000000e+000  0.000000e+000  0.000000e+000  0.000000e+000  0.000000e+000  0.000000e+000  0.000000e+000  0.000000e+000  
0.000000e+000  0.000000e+000  0.000000e+000  0.000000e+000  0.000000e+000  0.000000e+000  0.000000e+000  0.000000e+000  0.000000e+000  0.000000e+000  0.000000e+000  0.000000e+000  0.000000e+000  0.000000e+000  0.000000e+000  0.000000e+000  0.000000e+000  
0.000000e+000  0.000000e+000  0.000000e+000  0.000000e+000  0.000000e+000  0.000000e+000  0.000000e+000  0.000000e+000  0.000000e+000  0.000000e+000  0.000000e+000  0.000000e+000  0.000000e+000  0.000000e+000  0.000000e+000  0.000000e+000  0.000000e+000  
0.000000e+000  0.000000e+000  0.000000e+000  0.000000e+000  0.000000e+000  0.000000e+000  0.000000e+000  0.000000e+000  0.000000e+000  0.000000e+000  0.000000e+000  0.000000e+000  0.000000e+000  0.000000e+000  0.000000e+000  0.000000e+000  0.000000e+000  
0.000000e+000  0.000000e+000  0.000000e+000  0.000000e+000  0.000000e+000  0.000000e+000  0.000000e+000  0.000000e+000  0.000000e+000  0.000000e+000  0.000000e+000  0.000000e+000  0.000000e+000  0.000000e+000  0.000000e+000  0.000000e+000  0.000000e+000  
0.000000e+000  0.000000e+000  0.000000e+000  0.000000e+000  0.000000e+000  0.000000e+000  0.000000e+000  0.000000e+000  0.000000e+000  0.000000e+000  0.000000e+000  0.000000e+000  0.000000e+000  0.000000e+000  0.000000e+000  0.000000e+000  0.000000e+000  
0.000000e+000  0.000000e+000  0.000000e+000  0.000000e+000  0.000000e+000  0.000000e+000  0.000000e+000  0.000000e+000  0.000000e+000  0.000000e+000  0.000000e+000  0.000000e+000  0.000000e+000  0.000000e+000  0.000000e+000  0.000000e+000  0.000000e+000  
0.000000e+000  0.000000e+000  0.000000e+000  0.000000e+000  0.000000e+000  0.000000e+000  0.000000e+000  0.000000e+000  0.000000e+000  0.000000e+000  0.000000e+000  0.000000e+000  0.000000e+000  0.000000e+000  0.000000e+000  0.000000e+000  0.000000e+000  
0.000000e+000  0.000000e+000  0.000000e+000  0.000000e+000  0.000000e+000  0.000000e+000  0.000000e+000  0.000000e+000  0.000000e+000  0.000000e+000  0.000000e+000  0.000000e+000  0.000000e+000  0.000000e+000  0.000000e+000  0.000000e+000  0.000000e+000  
0.000000e+000  0.000000e+000  0.000000e+000  0.000000e+000  0.000000e+000  0.000000e+000  0.000000e+000  0.000000e+000  0.000000e+000  0.000000e+000  0.000000e+000  0.000000e+000  0.000000e+000  0.000000e+000  0.000000e+000  0.000000e+000  0.000000e+000  
0.000000e+000  0.000000e+000  0.000000e+000  0.000000e+000  0.000000e+000  0.000000e+000  0.000000e+000  0.000000e+000  0.000000e+000  0.000000e+000  0.000000e+000  0.000000e+000  0.000000e+000  0.000000e+000  0.000000e+000  0.000000e+000  0.000000e+000  
0.000000e+000  0.000000e+000  0.000000e+000  0.000000e+000  0.000000e+000  0.000000e+000  0.000000e+000  0.000000e+000  0.000000e+000  0.000000e+000  0.000000e+000  0.000000e+000  0.000000e+000  0.000000e+000  0.000000e+000  0.000000e+000  0.000000e+000  
0.000000e+000  0.000000e+000  0.000000e+000  0.000000e+000  0.000000e+000  0.000000e+000  0.000000e+000  0.000000e+000  0.000000e+000  0.000000e+000  0.000000e+000  0.000000e+000  0.000000e+000  0.000000e+000  0.000000e+000  0.000000e+000  0.000000e+000  
0.000000e+000  0.000000e+000  0.000000e+000  0.000000e+000  0.000000e+000  0.000000e+000  0.000000e+000  0.000000e+000  0.000000e+000  0.000000e+000  0.000000e+000  0.000000e+000  0.000000e+000  0.000000e+000  0.000000e+000  0.000000e+000  0.000000e+000  
0.000000e+000  0.000000e+000  0.000000e+000  0.000000e+000  0.000000e+000  0.000000e+000  0.000000e+000  0.000000e+000  0.000000e+000  0.000000e+000  0.000000e+000  0.000000e+000  0.000000e+000  0.000000e+000  0.000000e+000  0.000000e+000  0.000000e+000  
0.000000e+000  0.000000e+000  0.000000e+000  0.000000e+000  0.000000e+000  0.000000e+000  0.000000e+000  0.000000e+000  0.000000e+000  0.000000e+000  0.000000e+000  0.000000e+000  0.000000e+000  0.000000e+000  0.000000e+000  0.000000e+000  0.000000e+000  
0.000000e+000  0.000000e+000  0.000000e+000  0.000000e+000  0.000000e+000  0.000000e+000  0.000000e+000  0.000000e+000  0.000000e+000  0.000000e+000  0.000000e+000  0.000000e+000  0.000000e+000  0.000000e+000  0.000000e+000  0.000000e+000  0.000000e+000  
0.000000e+000  0.000000e+000  0.000000e+000  0.000000e+000  0.000000e+000  0.000000e+000  0.000000e+000  0.000000e+000  0.000000e+000  0.000000e+000  0.000000e+000  0.000000e+000  0.000000e+000  0.000000e+000  0.000000e+000  0.000000e+000  0.000000e+000  
0.000000e+000  0.000000e+000  0.000000e+000  0.000000e+000  0.000000e+000  0.000000e+000  0.000000e+000  0.000000e+000  0.000000e+000  0.000000e+000  0.000000e+000  0.000000e+000  0.000000e+000  0.000000e+000  0.000000e+000  0.000000e+000  0.000000e+000  

0.000000e+000  0.000000e+000  0.000000e+000  0.000000e+000  0.000000e+000  0.000000e+000  0.000000e+000  0.000000e+000  0.000000e+000  0.000000e+000  0.000000e+000  0.000000e+000  0.000000e+000  0.000000e+000  0.000000e+000  0.000000e+000  0.000000e+000  
0.000000e+000  0.000000e+000  0.000000e+000  0.000000e+000  0.000000e+000  0.000000e+000  0.000000e+000  0.000000e+000  0.000000e+000  0.000000e+000  0.000000e+000  0.000000e+000  0.000000e+000  0.000000e+000  0.000000e+000  0.000000e+000  0.000000e+000  
0.000000e+000  0.000000e+000  0.000000e+000  0.000000e+000  0.000000e+000  0.000000e+000  0.000000e+000  0.000000e+000  0.000000e+000  0.000000e+000  0.000000e+000  0.000000e+000  0.000000e+000  0.000000e+000  0.000000e+000  0.000000e+000  0.000000e+000  
0.000000e+000  0.000000e+000  0.000000e+000  0.000000e+000  0.000000e+000  0.000000e+000  0.000000e+000  0.000000e+000  0.000000e+000  0.000000e+000  0.000000e+000  0.000000e+000  0.000000e+000  0.000000e+000  0.000000e+000  0.000000e+000  0.000000e+000  
0.000000e+000  0.000000e+000  0.000000e+000  0.000000e+000  0.000000e+000  0.000000e+000  0.000000e+000  0.000000e+000  0.000000e+000  0.000000e+000  0.000000e+000  0.000000e+000  0.000000e+000  0.000000e+000  0.000000e+000  0.000000e+000  0.000000e+000  
0.000000e+000  0.000000e+000  0.000000e+000  0.000000e+000  0.000000e+000  0.000000e+000  0.000000e+000  0.000000e+000  0.000000e+000  0.000000e+000  0.000000e+000  0.000000e+000  0.000000e+000  0.000000e+000  0.000000e+000  0.000000e+000  0.000000e+000  
0.000000e+000  0.000000e+000  0.000000e+000  0.000000e+000  0.000000e+000  0.000000e+000  0.000000e+000  0.000000e+000  0.000000e+000  0.000000e+000  0.000000e+000  0.000000e+000  0.000000e+000  0.000000e+000  0.000000e+000  0.000000e+000  0.000000e+000  
0.000000e+000  0.000000e+000  0.000000e+000  0.000000e+000  0.000000e+000  0.000000e+000  0.000000e+000  0.000000e+000  0.000000e+000  0.000000e+000  0.000000e+000  0.000000e+000  0.000000e+000  0.000000e+000  0.000000e+000  0.000000e+000  0.000000e+000  
0.000000e+000  0.000000e+000  0.000000e+000  0.000000e+000  0.000000e+000  0.000000e+000  0.000000e+000  0.000000e+000  0.000000e+000  0.000000e+000  0.000000e+000  0.000000e+000  0.000000e+000  0.000000e+000  0.000000e+000  0.000000e+000  0.000000e+000  
0.000000e+000  0.000000e+000  0.000000e+000  0.000000e+000  0.000000e+000  0.000000e+000  0.000000e+000  0.000000e+000  0.000000e+000  0.000000e+000  0.000000e+000  0.000000e+000  0.000000e+000  0.000000e+000  0.000000e+000  0.000000e+000  0.000000e+000  
0.000000e+000  0.000000e+000  0.000000e+000  0.000000e+000  0.000000e+000  0.000000e+000  0.000000e+000  0.000000e+000  0.000000e+000  0.000000e+000  0.000000e+000  0.000000e+000  0.000000e+000  0.000000e+000  0.000000e+000  0.000000e+000  0.000000e+000  
0.000000e+000  0.000000e+000  0.000000e+000  0.000000e+000  0.000000e+000  0.000000e+000  0.000000e+000  0.000000e+000  0.000000e+000  0.000000e+000  0.000000e+000  0.000000e+000  0.000000e+000  0.000000e+000  0.000000e+000  0.000000e+000  0.000000e+000  
0.000000e+000  0.000000e+000  0.000000e+000  0.000000e+000  0.000000e+000  0.000000e+000  0.000000e+000  0.000000e+000  0.000000e+000  0.000000e+000  0.000000e+000  0.000000e+000  0.000000e+000  0.000000e+000  0.000000e+000  0.000000e+000  0.000000e+000  
0.000000e+000  0.000000e+000  0.000000e+000  0.000000e+000  0.000000e+000  0.000000e+000  0.000000e+000  0.000000e+000  0.000000e+000  0.000000e+000  0.000000e+000  0.000000e+000  0.000000e+000  0.000000e+000  0.000000e+000  0.000000e+000  0.000000e+000  
0.000000e+000  0.000000e+000  0.000000e+000  0.000000e+000  0.000000e+000  0.000000e+000  0.000000e+000  0.000000e+000  0.000000e+000  0.000000e+000  0.000000e+000  0.000000e+000  0.000000e+000  0.000000e+000  0.000000e+000  0.000000e+000  0.000000e+000  
0.000000e+000  0.000000e+000  0.000000e+000  0.000000e+000  0.000000e+000  0.000000e+000  0.000000e+000  0.000000e+000  0.000000e+000  0.000000e+000  0.000000e+000  0.000000e+000  0.000000e+000  0.000000e+000  0.000000e+000  0.000000e+000  0.000000e+000  
0.000000e+000  0.000000e+000  0.000000e+000  0.000000e+000  0.000000e+000  0.000000e+000  0.000000e+000  0.000000e+000  0.000000e+000  0.000000e+000  0.000000e+000  0.000000e+000  0.000000e+000  0.000000e+000  0.000000e+000  0.000000e+000  0.000000e+000  
0.000000e+000  0.000000e+000  0.000000e+000  0.000000e+000  0.000000e+000  0.000000e+000  0.000000e+000  0.000000e+000  0.000000e+000  0.000000e+000  0.000000e+000  0.000000e+000  0.000000e+000  0.000000e+000  0.000000e+000  0.000000e+000  0.000000e+000  
0.000000e+000  0.000000e+000  0.000000e+000  0.000000e+000  0.000000e+000  0.000000e+000  0.000000e+000  0.000000e+000  0.000000e+000  0.000000e+000  0.000000e+000  0.000000e+000  0.000000e+000  0.000000e+000  0.000000e+000  0.000000e+000  0.000000e+000  
0.000000e+000  0.000000e+000  0.000000e+000  0.000000e+000  0.000000e+000  0.000000e+000  0.000000e+000  0.000000e+000  0.000000e+000  0.000000e+000  0.000000e+000  0.000000e+000  0.000000e+000  0.000000e+000  0.000000e+000  0.000000e+000  0.000000e+000  
0.000000e+000  0.000000e+000  0.000000e+000  0.000000e+000  0.000000e+000  0.000000e+000  0.000000e+000  0.000000e+000  0.000000e+000  0.000000e+000  0.000000e+000  0.000000e+000  0.000000e+000  0.000000e+000  0.000000e+000  0.000000e+000  0.000000e+000  
0.000000e+000  0.000000e+000  0.000000e+000  0.000000e+000  0.000000e+000  0.000000e+000  0.000000e+000  0.000000e+000  0.000000e+000  0.000000e+000  0.000000e+000  0.000000e+000  0.000000e+000  0.000000e+000  0.000000e+000  0.000000e+000  0.000000e+000  
0.000000e+000  0.000000e+000  0.000000e+000  0.000000e+000  0.000000e+000  0.000000e+000  0.000000e+000  0.000000e+000  0.000000e+000  0.000000e+000  0.000000e+000  0.000000e+000  0.000000e+000  0.000000e+000  0.000000e+000  0.000000e+000  0.000000e+000  
0.000000e+000  0.000000e+000  0.000000e+000  0.000000e+000  0.000000e+000  0.000000e+000  0.000000e+000  0.000000e+000  0.000000e+000  0.000000e+000  0.000000e+000  0.000000e+000  0.000000e+000  0.000000e+000  0.000000e+000  0.000000e+000  0.000000e+000  
0.000000e+000  0.000000e+000  0.000000e+000  0.000000e+000  0.000000e+000  0.000000e+000  0.000000e+000  0.000000e+000  0.000000e+000  0.000000e+000  0.000000e+000  0.000000e+000  0.000000e+000  0.000000e+000  0.000000e+000  0.000000e+000  0.000000e+000  
0.000000e+000  0.000000e+000  0.000000e+000  0.000000e+000  0.000000e+000  0.000000e+000  0.000000e+000  0.000000e+000  0.000000e+000  0.000000e+000  0.000000e+000  0.000000e+000  0.000000e+000  0.000000e+000  0.000000e+000  0.000000e+000  0.000000e+000  
0.000000e+000  0.000000e+000  0.000000e+000  0.000000e+000  0.000000e+000  0.000000e+000  0.000000e+000  0.000000e+000  0.000000e+000  0.000000e+000  0.000000e+000  0.000000e+000  0.000000e+000  0.000000e+000  0.000000e+000  0.000000e+000  0.000000e+000  
0.000000e+000  0.000000e+000  0.000000e+000  0.000000e+000  0.000000e+000  0.000000e+000  0.000000e+000  0.000000e+000  0.000000e+000  0.000000e+000  0.000000e+000  0.000000e+000  0.000000e+000  0.000000e+000  0.000000e+000  0.000000e+000  0.000000e+000  
0.000000e+000  0.000000e+000  0.000000e+000  0.000000e+000  0.000000e+000  0.000000e+000  0.000000e+000  0.000000e+000  0.000000e+000  0.000000e+000  0.000000e+000  0.000000e+000  0.000000e+000  0.000000e+000  0.000000e+000  0.000000e+000  0.000000e+000  
0.000000e+000  0.000000e+000  0.000000e+000  0.000000e+000  0.000000e+000  0.000000e+000  0.000000e+000  0.000000e+000  0.000000e+000  0.000000e+000  0.000000e+000  0.000000e+000  0.000000e+000  0.000000e+000  0.000000e+000  0.000000e+000  0.000000e+000  
0.000000e+000  0.000000e+000  0.000000e+000  0.000000e+000  0.000000e+000  0.000000e+000  0.000000e+000  0.000000e+000  0.000000e+000  0.000000e+000  0.000000e+000  0.000000e+000  0.000000e+000  0.000000e+000  0.000000e+000  0.000000e+000  0.000000e+000  
0.000000e+000  0.000000e+000  0.000000e+000  0.000000e+000  0.000000e+000  0.000000e+000  0.000000e+000  0.000000e+000  0.000000e+000  0.000000e+000  0.000000e+000  0.000000e+000  0.000000e+000  0.000000e+000  0.000000e+000  0.000000e+000  0.000000e+000  
0.000000e+000  0.000000e+000  0.000000e+000  0.000000e+000  0.000000e+000  0.000000e+000  0.000000e+000  0.000000e+000  0.000000e+000  0.000000e+000  0.000000e+000  0.000000e+000  0.000000e+000  0.000000e+000  0.000000e+000  0.000000e+000  0.000000e+000  
0.000000e+000  0.000000e+000  0.000000e+000  0.000000e+000  0.000000e+000  0.000000e+000  0.000000e+000  0.000000e+000  0.000000e+000  0.000000e+000  0.000000e+000  0.000000e+000  0.000000e+000  0.000000e+000  0.000000e+000  0.000000e+000  0.000000e+000  
0.000000e+000  0.000000e+000  0.000000e+000  0.000000e+000  0.000000e+000  0.000000e+000  0.000000e+000  0.000000e+000  0.000000e+000  0.000000e+000  0.000000e+000  0.000000e+000  0.000000e+000  0.000000e+000  0.000000e+000  0.000000e+000  0.000000e+000  

0.000000e+000  -6.278867e+000  -1.252163e+001  -1.869257e+001  -2.475677e+001  -2.524761e+001  -2.561315e+001  -2.586578e+001  -2.601870e+001  -2.608537e+001  -2.607911e+001  -2.601271e+001  -2.589825e+001  -2.555856e+001  -2.514833e+001  -2.406705e+001  -2.337208e+001  
0.000000e+000  -6.860550e+000  -1.367853e+001  -2.041171e+001  -2.701857e+001  -2.737286e+001  -2.758099e+001  -2.766354e+001  -2.764092e+001  -2.753260e+001  -2.735661e+001  -2.712925e+001  -2.686500e+001  -2.626365e+001  -2.564503e+001  -2.425746e+001  -2.344945e+001  
0.000000e+000  -8.872378e+000  -1.768430e+001  -2.637437e+001  -3.487961e+001  -3.456810e+001  -3.406162e+001  -3.341724e+001  -3.268371e+001  -3.190093e+001  -3.110028e+001  -3.030557e+001  -2.953424e+001  -2.809859e+001  -2.685626e+001  -2.465145e+001  -2.357210e+001  
0.000000e+000  -1.193511e+001  -2.381990e+001  -3.559444e+001  -4.718114e+001  -4.508329e+001  -4.287067e+001  -4.066959e+001  -3.856445e+001  -3.660528e+001  -3.481652e+001  -3.320506e+001  -3.176674e+001  -2.937839e+001  -2.752386e+001  -2.472209e+001  -2.349924e+001  
0.000000e+000  -1.385163e+001  -2.773840e+001  -4.166945e+001  -5.560383e+001  -5.147925e+001  -4.757356e+001  -4.402705e+001  -4.089341e+001  -3.817114e+001  -3.582898e+001  -3.382303e+001  -3.210689e+001  -2.941319e+001  -2.741717e+001  -2.457329e+001  -2.336993e+001  
0.000000e+000  -1.554814e+001  -3.136172e+001  -4.765326e+001  -6.452138e+001  -5.723750e+001  -5.100719e+001  -4.586123e+001  -4.168663e+001  -3.832030e+001  -3.560083e+001  -3.338935e+001  -3.157403e+001  -2.886975e+001  -2.694100e+001  -2.429343e+001  -2.318122e+001  
0.000000e+000  -1.580213e+001  -3.204045e+001  -4.909996e+001  -6.722755e+001  -5.834384e+001  -5.115508e+001  -4.550704e+001  -4.111020e+001  -3.767670e+001  -3.496902e+001  -3.280560e+001  -3.105175e+001  -2.847482e+001  -2.665084e+001  -2.415247e+001  -2.309483e+001  
0.000000e+000  -1.567784e+001  -3.200638e+001  -4.961760e+001  -6.901369e+001  -5.837455e+001  -5.032346e+001  -4.436107e+001  -3.992981e+001  -3.658427e+001  -3.400690e+001  -3.197932e+001  -3.035150e+001  -2.798085e+001  -2.630648e+001  -2.399619e+001  -2.300278e+001  
0.000000e+000  -1.499137e+001  -3.086379e+001  -4.859136e+001  -6.915454e+001  -5.673433e+001  -4.814629e+001  -4.223569e+001  -3.806278e+001  -3.501376e+001  -3.270988e+001  -3.091625e+001  -2.948280e+001  -2.739684e+001  -2.591470e+001  -2.382752e+001  -2.290663e+001  
0.000000e+000  -1.354534e+001  -2.812207e+001  -4.512047e+001  -6.647016e+001  -5.259237e+001  -4.422910e+001  -3.899121e+001  -3.548195e+001  -3.297908e+001  -3.110310e+001  -2.964182e+001  -2.846795e+001  -2.673764e+001  -2.548495e+001  -2.364999e+001  -2.280816e+001  
0.000000e+000  -1.207785e+001  -2.511532e+001  -4.069495e+001  -6.186626e+001  -4.778198e+001  -4.045742e+001  -3.618970e+001  -3.339347e+001  -3.139738e+001  -2.988668e+001  -2.869509e+001  -2.772521e+001  -2.626481e+001  -2.518208e+001  -2.352824e+001  -2.274189e+001  
0.000000e+000  -1.023870e+001  -2.112480e+001  -3.410733e+001  -5.364351e+001  -4.096442e+001  -3.578596e+001  -3.296204e+001  -3.107900e+001  -2.968323e+001  -2.858705e+001  -2.769386e+001  -2.694613e+001  -2.577463e+001  -2.487152e+001  -2.340566e+001  -2.267605e+001  
0.000000e+000  -8.148543e+000  -1.632295e+001  -2.498726e+001  -3.901067e+001  -3.191468e+001  -3.042336e+001  -2.946599e+001  -2.863139e+001  -2.789164e+001  -2.723849e+001  -2.666057e+001  -2.614592e+001  -2.527511e+001  -2.455760e+001  -2.328363e+001  -2.261128e+001  
0.000000e+000  -6.047428e+000  -1.133014e+001  -1.379672e+001  0.000000e+000  -2.119753e+001  -2.491335e+001  -2.594545e+001  -2.616729e+001  -2.608572e+001  -2.587876e+001  -2.561944e+001  -2.534080e+001  -2.477464e+001  -2.424486e+001  -2.316357e+001  -2.254819e+001  
0.000000e+000  -3.693186e+000  -6.340691e+000  -6.191077e+000  0.000000e+000  -1.273933e+001  -1.880768e+001  -2.162558e+001  -2.302500e+001  -2.374169e+001  -2.409817e+001  -2.425012e+001  -2.427985e+001  -2.411594e+001  -2.383484e+001  -2.300800e+001  -2.246731e+001  
0.000000e+000  -2.062598e+000  -3.287734e+000  -2.769672e+000  0.000000e+000  -8.456782e+000  -1.446661e+001  -1.808585e+001  -2.026766e+001  -2.160946e+001  -2.244580e+001  -2.296480e+001  -2.327723e+001  -2.349110e+001  -2.344621e+001  -2.286192e+001  -2.239208e+001  
0.000000e+000  -5.406870e-001  -8.027901e-001  -6.048718e-001  0.000000e+000  -5.006240e+000  -9.679276e+000  -1.336944e+001  -1.615571e+001  -1.821026e+001  -1.970430e+001  -2.077958e+001  -2.154569e+001  -2.239880e+001  -2.276435e+001  -2.260794e+001  -2.226285e+001  
0.000000e+000  -9.367771e-002  -1.347599e-001  -9.724259e-002  0.000000e+000  -3.497537e+000  -7.064092e+000  -1.024486e+001  -1.296720e+001  -1.522524e+001  -1.705291e+001  -1.850323e+001  -1.963496e+001  -2.111329e+001  -2.193137e+001  -2.229654e+001  -2.210735e+001  
0.000000e+000  -5.406870e-001  -8.027900e-001  -6.048718e-001  0.000000e+000  -5.006240e+000  -9.679276e+000  -1.336944e+001  -1.615571e+001  -1.821026e+001  -1.970430e+001  -2.077958e+001  -2.154569e+001  -2.239880e+001  -2.276435e+001  -2.260794e+001  -2.226285e+001  
0.000000e+000  -2.062598e+000  -3.287734e+000  -2.769672e+000  0.000000e+000  -8.456782e+000  -1.446661e+001  -1.808585e+001  -2.026766e+001  -2.160946e+001  -2.244580e+001  -2.296480e+001  -2.327723e+001  -2.349110e+001  -2.344621e+001  -2.286192e+001  -2.239208e+001  
0.000000e+000  -3.693185e+000  -6.340691e+000  -6.191077e+000  0.000000e+000  -1.273933e+001  -1.880768e+001  -2.162558e+001  -2.302500e+001  -2.374169e+001  -2.409817e+001  -2.425012e+001  -2.427985e+001  -2.411594e+001  -2.383484e+001  -2.300800e+001  -2.246731e+001  
0.000000e+000  -6.047428e+000  -1.133014e+001  -1.379672e+001  0.000000e+000  -2.119753e+001  -2.491335e+001  -2.594544e+001  -2.616729e+001  -2.608572e+001  -2.587876e+001  -2.561944e+001  -2.534080e+001  -2.477464e+001  -2.424486e+001  -2.316357e+001  -2.254819e+001  
0.000000e+000  -8.148543e+000  -1.632295e+001  -2.498726e+001  -3.901067e+001  -3.191468e+001  -3.042336e+001  -2.946600e+001  -2.863139e+001  -2.789164e+001  -2.723849e+001  -2.666057e+001  -2.614592e+001  -2.527511e+001  -2.455760e+001  -2.328363e+001  -2.261127e+001  
0.000000e+000  -1.023870e+001  -2.112480e+001  -3.410733e+001  -5.364351e+001  -4.096442e+001  -3.578596e+001  -3.296204e+001  -3.107900e+001  -2.968323e+001  -2.858705e+001  -2.769385e+001  -2.694613e+001  -2.577463e+001  -2.487152e+001  -2.340566e+001  -2.267605e+001  
0.000000e+000  -1.207785e+001  -2.511532e+001  -4.069495e+001  -6.186626e+001  -4.778198e+001  -4.045742e+001  -3.618970e+001  -3.339347e+001  -3.139738e+001  -2.988668e+001  -2.869509e+001  -2.772521e+001  -2.626481e+001  -2.518208e+001  -2.352824e+001  -2.274189e+001  
0.000000e+000  -1.354534e+001  -2.812207e+001  -4.512047e+001  -6.647016e+001  -5.259237e+001  -4.422910e+001  -3.899121e+001  -3.548195e+001  -3.297908e+001  -3.110310e+001  -2.964182e+001  -2.846795e+001  -2.673764e+001  -2.548495e+001  -2.364999e+001  -2.280816e+001  
0.000000e+000  -1.499137e+001  -3.086379e+001  -4.859136e+001  -6.915454e+001  -5.673433e+001  -4.814629e+001  -4.223569e+001  -3.806278e+001  -3.501376e+001  -3.270988e+001  -3.091625e+001  -2.948280e+001  -2.739684e+001  -2.591470e+001  -2.382752e+001  -2.290663e+001  
0.000000e+000  -1.567784e+001  -3.200638e+001  -4.961760e+001  -6.901369e+001  -5.837455e+001  -5.032346e+001  -4.436107e+001  -3.992981e+001  -3.658427e+001  -3.400690e+001  -3.197932e+001  -3.035150e+001  -2.798085e+001  -2.630648e+001  -2.399619e+001  -2.300278e+001  
0.000000e+000  -1.580213e+001  -3.204045e+001  -4.909996e+001  -6.722755e+001  -5.834384e+001  -5.115508e+001  -4.550704e+001  -4.111020e+001  -3.767670e+001  -3.496902e+001  -3.280560e+001  -3.105175e+001  -2.847482e+001  -2.665084e+001  -2.415247e+001  -2.309483e+001  
0.000000e+000  -1.554814e+001  -3.136172e+001  -4.765326e+001  -6.452138e+001  -5.723750e+001  -5.100719e+001  -4.586123e+001  -4.168663e+001  -3.832030e+001  -3.560083e+001  -3.338935e+001  -3.157403e+001  -2.886975e+001  -2.694100e+001  -2.429343e+001  -2.318122e+001  
0.000000e+000  -1.385163e+001  -2.773840e+001  -4.166945e+001  -5.560383e+001  -5.147925e+001  -4.757356e+001  -4.402705e+001  -4.089341e+001  -3.817114e+001  -3.582898e+001  -3.382303e+001  -3.210689e+001  -2.941319e+001  -2.741717e+001  -2.457329e+001  -2.336993e+001  
0.000000e+000  -1.193511e+001  -2.381990e+001  -3.559444e+001  -4.718114e+001  -4.508329e+001  -4.287067e+001  -4.066959e+001  -3.856445e+001  -3.660528e+001  -3.481652e+001  -3.320506e+001  -3.176674e+001  -2.937839e+001  -2.752386e+001  -2.472209e+001  -2.349924e+001  
0.000000e+000  -8.872378e+000  -1.768430e+001  -2.637437e+001  -3.487961e+001  -3.456810e+001  -3.406162e+001  -3.341724e+001  -3.268371e+001  -3.190093e+001  -3.110028e+001  -3.030557e+001  -2.953424e+001  -2.809859e+001  -2.685626e+001  -2.465145e+001  -2.357210e+001  
0.000000e+000  -6.860550e+000  -1.367853e+001  -2.041171e+001  -2.701857e+001  -2.737286e+001  -2.758099e+001  -2.766354e+001  -2.764092e+001  -2.753260e+001  -2.735661e+001  -2.712925e+001  -2.686500e+001  -2.626365e+001  -2.564503e+001  -2.425746e+001  -2.344945e+001  
0.000000e+000  -6.278867e+000  -1.252163e+001  -1.869257e+001  -2.475677e+001  -2.524761e+001  -2.561315e+001  -2.586578e+001  -2.601870e+001  -2.608537e+001  -2.607911e+001  -2.601271e+001  -2.589825e+001  -2.555856e+001  -2.514833e+001  -2.406705e+001  -2.337208e+001  

