Port monitor named: Port1_h1[2.4].prt

nx        = 42
ny        = 4
nz        = 19

nu        = 17
nv        = 40
iu        = 2
iv        = 2

idir      = 1
dcut      = -4.860000e-002
icut      = 2
type      = 1
frequency = 2.400000e+009

fcutoff   = 0.000000e+000
alpha     = 0.000000e+000
beta      = 9.676709e+001
accuracy  = 1.780612e-010

type          = QTEM
wave imp.     = 2.253234e+002
wave imp.sig. = 2.525284e+001
line imp.     = 2.870333e+001

ref. port     = 0

-0.000000e+000  1.038910e-002  2.055988e-002  3.030452e-002  3.943536e-002  4.884199e-002  5.717297e-002  6.432292e-002  7.024277e-002  7.493563e-002  7.844962e-002  8.086892e-002  8.230408e-002  8.260472e-002  8.060288e-002  6.991736e-002  6.132504e-002  
-0.000000e+000  3.755675e-002  7.421271e-002  1.091179e-001  1.415186e-001  1.744423e-001  2.030434e-001  2.269791e-001  2.461508e-001  2.606744e-001  2.708387e-001  2.770596e-001  2.798343e-001  2.766610e-001  2.662665e-001  2.247543e-001  1.943492e-001  
-0.000000e+000  8.620383e-002  1.696229e-001  2.476835e-001  3.182076e-001  3.870225e-001  4.433888e-001  4.869018e-001  5.179562e-001  5.375536e-001  5.470909e-001  5.481677e-001  5.424312e-001  5.152682e-001  4.782343e-001  3.766444e-001  3.142386e-001  
-0.000000e+000  1.798901e-001  3.515030e-001  5.073808e-001  6.416142e-001  7.630168e-001  8.512677e-001  9.076785e-001  9.358353e-001  9.405567e-001  9.270057e-001  9.000806e-001  8.640782e-001  7.755381e-001  6.847063e-001  4.946846e-001  3.954802e-001  
-0.000000e+000  3.523718e-001  6.821218e-001  9.690355e-001  1.197899e+000  1.377990e+000  1.477771e+000  1.508789e+000  1.487364e+000  1.429991e+000  1.350712e+000  1.260252e+000  1.166194e+000  9.824667e-001  8.228883e-001  5.497070e-001  4.237163e-001  
-0.000000e+000  5.085561e-001  9.798528e-001  1.379244e+000  1.679625e+000  1.885959e+000  1.963487e+000  1.941910e+000  1.855247e+000  1.732301e+000  1.593712e+000  1.452699e+000  1.317002e+000  1.074035e+000  8.764818e-001  5.645056e-001  4.277074e-001  
-0.000000e+000  6.513181e-001  1.252909e+000  1.755382e+000  2.116504e+000  2.332169e+000  2.370647e+000  2.286151e+000  2.132326e+000  1.948637e+000  1.759534e+000  1.578320e+000  1.411306e+000  1.127029e+000  9.045887e-001  5.693796e-001  4.266891e-001  
-0.000000e+000  8.275377e-001  1.593736e+000  2.229418e+000  2.664328e+000  2.870673e+000  2.833560e+000  2.652122e+000  2.407957e+000  2.150857e+000  1.905880e+000  1.683344e+000  1.485989e+000  1.164790e+000  9.215436e-001  5.688266e-001  4.222657e-001  
-0.000000e+000  1.027739e+000  1.989135e+000  2.792609e+000  3.319837e+000  3.487831e+000  3.329193e+000  3.016452e+000  2.664090e+000  2.327361e+000  2.026481e+000  1.765217e+000  1.540858e+000  1.189004e+000  9.294768e-001  5.644458e-001  4.156610e-001  
-0.000000e+000  1.273451e+000  2.492954e+000  3.545592e+000  4.221362e+000  4.284526e+000  3.910813e+000  3.404541e+000  2.913788e+000  2.486226e+000  2.127176e+000  1.828451e+000  1.579417e+000  1.201626e+000  9.292632e-001  5.559917e-001  4.063703e-001  
-0.000000e+000  1.556081e+000  3.111255e+000  4.557550e+000  5.525561e+000  5.321065e+000  4.567199e+000  3.786822e+000  3.131491e+000  2.609888e+000  2.196827e+000  1.866172e+000  1.597471e+000  1.200892e+000  9.201688e-001  5.433262e-001  3.943696e-001  
-0.000000e+000  1.803412e+000  3.716768e+000  5.729417e+000  7.317691e+000  6.490725e+000  5.156559e+000  4.064318e+000  3.260580e+000  2.668347e+000  2.220169e+000  1.871063e+000  1.592099e+000  1.187341e+000  9.039852e-001  5.285045e-001  3.815142e-001  
-0.000000e+000  1.972512e+000  4.196368e+000  6.895620e+000  9.694714e+000  7.648505e+000  5.589907e+000  4.216120e+000  3.308348e+000  2.675852e+000  2.211061e+000  1.854782e+000  1.572700e+000  1.167047e+000  8.847153e-001  5.134085e-001  3.690118e-001  
-0.000000e+000  2.044427e+000  4.492101e+000  8.022536e+000  1.374602e+001  8.813309e+000  5.818018e+000  4.228435e+000  3.274068e+000  2.633654e+000  2.169998e+000  1.816799e+000  1.537954e+000  1.137904e+000  8.599940e-001  4.959205e-001  3.550352e-001  
-0.000000e+000  1.960546e+000  4.369617e+000  8.302511e+000  2.146042e+001  9.394481e+000  5.622423e+000  4.049968e+000  3.146002e+000  2.538990e+000  2.096372e+000  1.757049e+000  1.487933e+000  1.099989e+000  8.298781e-001  4.760791e-001  3.396181e-001  
-0.000000e+000  1.672047e+000  3.572069e+000  6.064841e+000  -0.000000e+000  6.016867e+000  4.657430e+000  3.624274e+000  2.902807e+000  2.378074e+000  1.979633e+000  1.666970e+000  1.415482e+000  1.047956e+000  7.902020e-001  4.512455e-001  3.207529e-001  
-0.000000e+000  1.215799e+000  2.333338e+000  2.826571e+000  -0.000000e+000  3.246850e+000  3.437526e+000  3.008465e+000  2.542791e+000  2.141986e+000  1.811268e+000  1.539498e+000  1.314908e+000  9.780834e-001  7.384988e-001  4.203077e-001  2.977668e-001  
-0.000000e+000  6.191002e-001  1.033687e+000  9.412122e-001  -0.000000e+000  1.436800e+000  2.047212e+000  2.113498e+000  1.959639e+000  1.740654e+000  1.519032e+000  1.316613e+000  1.138996e+000  8.571362e-001  6.503158e-001  3.691049e-001  2.603685e-001  
-0.000000e+000  9.460225e-002  1.424933e-001  1.097115e-001  -0.000000e+000  3.570529e-001  6.369861e-001  7.930301e-001  8.512939e-001  8.446957e-001  8.001755e-001  7.365801e-001  6.660229e-001  5.260650e-001  4.093840e-001  2.334695e-001  1.635674e-001  
-0.000000e+000  1.489047e-010  -1.857040e-010  1.793555e-010  -0.000000e+000  1.060411e-010  -0.000000e+000  -0.000000e+000  -1.525598e-010  1.073750e-010  2.963259e-010  1.948791e-010  8.489475e-011  -0.000000e+000  1.957755e-010  2.573009e-010  6.507176e-011  
-0.000000e+000  -9.460225e-002  -1.424933e-001  -1.097115e-001  -0.000000e+000  -3.570529e-001  -6.369861e-001  -7.930301e-001  -8.512939e-001  -8.446958e-001  -8.001755e-001  -7.365801e-001  -6.660229e-001  -5.260650e-001  -4.093840e-001  -2.334695e-001  -1.635674e-001  
-0.000000e+000  -6.191002e-001  -1.033687e+000  -9.412122e-001  -0.000000e+000  -1.436800e+000  -2.047212e+000  -2.113498e+000  -1.959639e+000  -1.740654e+000  -1.519032e+000  -1.316613e+000  -1.138996e+000  -8.571362e-001  -6.503158e-001  -3.691049e-001  -2.603685e-001  
-0.000000e+000  -1.215799e+000  -2.333338e+000  -2.826571e+000  -0.000000e+000  -3.246850e+000  -3.437526e+000  -3.008465e+000  -2.542791e+000  -2.141986e+000  -1.811268e+000  -1.539498e+000  -1.314908e+000  -9.780834e-001  -7.384988e-001  -4.203077e-001  -2.977668e-001  
-0.000000e+000  -1.672047e+000  -3.572069e+000  -6.064841e+000  -0.000000e+000  -6.016867e+000  -4.657430e+000  -3.624274e+000  -2.902807e+000  -2.378074e+000  -1.979633e+000  -1.666970e+000  -1.415482e+000  -1.047956e+000  -7.902020e-001  -4.512455e-001  -3.207529e-001  
-0.000000e+000  -1.960546e+000  -4.369617e+000  -8.302511e+000  -2.146042e+001  -9.394481e+000  -5.622423e+000  -4.049968e+000  -3.146002e+000  -2.538990e+000  -2.096372e+000  -1.757049e+000  -1.487933e+000  -1.099989e+000  -8.298781e-001  -4.760791e-001  -3.396181e-001  
-0.000000e+000  -2.044427e+000  -4.492101e+000  -8.022536e+000  -1.374602e+001  -8.813309e+000  -5.818018e+000  -4.228435e+000  -3.274068e+000  -2.633654e+000  -2.169998e+000  -1.816799e+000  -1.537954e+000  -1.137904e+000  -8.599940e-001  -4.959205e-001  -3.550352e-001  
-0.000000e+000  -1.972512e+000  -4.196368e+000  -6.895620e+000  -9.694713e+000  -7.648505e+000  -5.589907e+000  -4.216120e+000  -3.308348e+000  -2.675852e+000  -2.211061e+000  -1.854782e+000  -1.572700e+000  -1.167047e+000  -8.847153e-001  -5.134085e-001  -3.690118e-001  
-0.000000e+000  -1.803412e+000  -3.716768e+000  -5.729417e+000  -7.317691e+000  -6.490725e+000  -5.156559e+000  -4.064318e+000  -3.260580e+000  -2.668347e+000  -2.220169e+000  -1.871063e+000  -1.592099e+000  -1.187341e+000  -9.039852e-001  -5.285045e-001  -3.815142e-001  
-0.000000e+000  -1.556081e+000  -3.111255e+000  -4.557550e+000  -5.525561e+000  -5.321065e+000  -4.567199e+000  -3.786822e+000  -3.131491e+000  -2.609888e+000  -2.196827e+000  -1.866172e+000  -1.597471e+000  -1.200892e+000  -9.201688e-001  -5.433262e-001  -3.943696e-001  
-0.000000e+000  -1.273451e+000  -2.492954e+000  -3.545592e+000  -4.221362e+000  -4.284526e+000  -3.910813e+000  -3.404541e+000  -2.913788e+000  -2.486226e+000  -2.127176e+000  -1.828451e+000  -1.579417e+000  -1.201626e+000  -9.292632e-001  -5.559917e-001  -4.063703e-001  
-0.000000e+000  -1.027739e+000  -1.989135e+000  -2.792609e+000  -3.319837e+000  -3.487831e+000  -3.329193e+000  -3.016452e+000  -2.664090e+000  -2.327361e+000  -2.026481e+000  -1.765217e+000  -1.540858e+000  -1.189004e+000  -9.294768e-001  -5.644458e-001  -4.156610e-001  
-0.000000e+000  -8.275377e-001  -1.593736e+000  -2.229418e+000  -2.664328e+000  -2.870673e+000  -2.833560e+000  -2.652122e+000  -2.407957e+000  -2.150857e+000  -1.905880e+000  -1.683344e+000  -1.485989e+000  -1.164790e+000  -9.215436e-001  -5.688266e-001  -4.222657e-001  
-0.000000e+000  -6.513181e-001  -1.252909e+000  -1.755382e+000  -2.116504e+000  -2.332169e+000  -2.370647e+000  -2.286151e+000  -2.132326e+000  -1.948637e+000  -1.759534e+000  -1.578320e+000  -1.411306e+000  -1.127029e+000  -9.045887e-001  -5.693796e-001  -4.266891e-001  
-0.000000e+000  -5.085561e-001  -9.798528e-001  -1.379244e+000  -1.679625e+000  -1.885959e+000  -1.963487e+000  -1.941910e+000  -1.855247e+000  -1.732301e+000  -1.593712e+000  -1.452699e+000  -1.317002e+000  -1.074035e+000  -8.764818e-001  -5.645056e-001  -4.277074e-001  
-0.000000e+000  -3.523718e-001  -6.821219e-001  -9.690355e-001  -1.197899e+000  -1.377990e+000  -1.477771e+000  -1.508789e+000  -1.487364e+000  -1.429991e+000  -1.350712e+000  -1.260252e+000  -1.166194e+000  -9.824667e-001  -8.228883e-001  -5.497070e-001  -4.237163e-001  
-0.000000e+000  -1.798901e-001  -3.515030e-001  -5.073808e-001  -6.416142e-001  -7.630168e-001  -8.512677e-001  -9.076785e-001  -9.358353e-001  -9.405567e-001  -9.270057e-001  -9.000806e-001  -8.640782e-001  -7.755381e-001  -6.847063e-001  -4.946846e-001  -3.954802e-001  
-0.000000e+000  -8.620383e-002  -1.696229e-001  -2.476835e-001  -3.182076e-001  -3.870225e-001  -4.433888e-001  -4.869018e-001  -5.179562e-001  -5.375536e-001  -5.470909e-001  -5.481677e-001  -5.424312e-001  -5.152682e-001  -4.782343e-001  -3.766444e-001  -3.142386e-001  
-0.000000e+000  -3.755675e-002  -7.421271e-002  -1.091179e-001  -1.415186e-001  -1.744423e-001  -2.030434e-001  -2.269791e-001  -2.461508e-001  -2.606744e-001  -2.708387e-001  -2.770596e-001  -2.798343e-001  -2.766610e-001  -2.662665e-001  -2.247543e-001  -1.943492e-001  
-0.000000e+000  -1.038910e-002  -2.055988e-002  -3.030452e-002  -3.943536e-002  -4.884199e-002  -5.717297e-002  -6.432292e-002  -7.024278e-002  -7.493563e-002  -7.844962e-002  -8.086892e-002  -8.230408e-002  -8.260472e-002  -8.060288e-002  -6.991736e-002  -6.132504e-002  
-0.000000e+000  -0.000000e+000  -0.000000e+000  -0.000000e+000  -0.000000e+000  -0.000000e+000  -0.000000e+000  -0.000000e+000  -0.000000e+000  -0.000000e+000  -0.000000e+000  -0.000000e+000  -0.000000e+000  -0.000000e+000  -0.000000e+000  -0.000000e+000  -0.000000e+000  

-1.034384e+000  -1.027867e+000  -1.014948e+000  -9.958499e-001  -9.718110e-001  -9.434970e-001  -9.105911e-001  -8.737483e-001  -8.336494e-001  -7.909732e-001  -7.463708e-001  -7.004468e-001  -6.303927e-001  -5.367062e-001  -3.749246e-001  -1.282450e-001  -0.000000e+000  
-1.086897e+000  -1.079429e+000  -1.064651e+000  -1.042870e+000  -1.015337e+000  -9.827913e-001  -9.452318e-001  -9.035248e-001  -8.585480e-001  -8.111502e-001  -7.621199e-001  -7.121631e-001  -6.367526e-001  -5.379838e-001  -3.706690e-001  -1.251289e-001  -0.000000e+000  
-1.316032e+000  -1.303802e+000  -1.279759e+000  -1.244698e+000  -1.199954e+000  -1.146755e+000  -1.086853e+000  -1.022237e+000  -9.547709e-001  -8.861060e-001  -8.176226e-001  -7.504140e-001  -6.527350e-001  -5.342201e-001  -3.475109e-001  -1.110835e-001  -0.000000e+000  
-1.749306e+000  -1.724748e+000  -1.676952e+000  -1.608418e+000  -1.520947e+000  -1.417817e+000  -1.306192e+000  -1.191174e+000  -1.077004e+000  -9.668961e-001  -8.630520e-001  -7.667872e-001  -6.346637e-001  -4.916565e-001  -2.900242e-001  -8.478567e-002  -0.000000e+000  
-2.579128e+000  -2.520084e+000  -2.406665e+000  -2.247703e+000  -2.047854e+000  -1.819436e+000  -1.586963e+000  -1.363971e+000  -1.159321e+000  -9.775880e-001  -8.200906e-001  -6.860097e-001  -5.169774e-001  -3.617488e-001  -1.767497e-001  -4.282765e-002  -0.000000e+000  
-3.357060e+000  -3.251684e+000  -3.050475e+000  -2.772398e+000  -2.429048e+000  -2.051512e+000  -1.690650e+000  -1.368792e+000  -1.095225e+000  -8.701650e-001  -6.889686e-001  -5.451590e-001  -3.756404e-001  -2.372740e-001  -9.192874e-002  -1.562320e-002  -0.000000e+000  
-3.909080e+000  -3.765678e+000  -3.491050e+000  -3.111788e+000  -2.647222e+000  -2.150634e+000  -1.697547e+000  -1.314301e+000  -1.005539e+000  -7.641234e-001  -5.787136e-001  -4.378785e-001  -2.787254e-001  -1.581961e-001  -4.272401e-002  -7.010624e-004  -0.000000e+000  
-4.609224e+000  -4.415163e+000  -4.039513e+000  -3.516067e+000  -2.876579e+000  -2.216641e+000  -1.649256e+000  -1.200383e+000  -8.619075e-001  -6.131386e-001  -4.326546e-001  -3.026842e-001  -1.633794e-001  -6.799508e-002  1.059747e-002  1.495580e-002  -0.000000e+000  
-5.326833e+000  -5.082024e+000  -4.598317e+000  -3.908505e+000  -3.058470e+000  -2.216361e+000  -1.539842e+000  -1.042095e+000  -6.916471e-001  -4.496143e-001  -2.837102e-001  -1.705640e-001  -5.604689e-002  1.301888e-002  5.654147e-002  2.810023e-002  -0.000000e+000  
-6.212069e+000  -5.912486e+000  -5.298225e+000  -4.379736e+000  -3.214171e+000  -2.128104e+000  -1.334795e+000  -8.048380e-001  -4.632061e-001  -2.452083e-001  -1.064134e-001  -1.864535e-002  6.256369e-002  1.000628e-001  1.043293e-001  4.149423e-002  -0.000000e+000  
-7.302497e+000  -6.958602e+000  -6.206706e+000  -4.976512e+000  -3.294829e+000  -1.882938e+000  -9.881564e-001  -4.662144e-001  -1.681690e-001  1.900040e-003  9.843404e-002  1.514694e-001  1.908040e-001  1.919333e-001  1.534059e-001  5.500837e-002  -0.000000e+000  
-8.628434e+000  -8.284466e+000  -7.443524e+000  -5.818156e+000  -3.180633e+000  -1.359186e+000  -4.403748e-001  -6.703421e-003  1.960406e-001  2.888301e-001  3.269117e-001  3.362189e-001  3.261371e-001  2.870508e-001  2.031306e-001  6.850178e-002  -0.000000e+000  
-9.774473e+000  -9.499454e+000  -8.721540e+000  -6.834628e+000  -2.753736e+000  -6.482617e-001  1.411164e-001  4.189163e-001  5.076047e-001  5.230478e-001  5.082258e-001  4.803036e-001  4.298342e-001  3.591048e-001  2.402989e-001  7.848713e-002  -0.000000e+000  
-1.102552e+001  -1.090739e+001  -1.042642e+001  -8.604272e+000  -1.656420e+000  4.614067e-001  8.777711e-001  9.020507e-001  8.415925e-001  7.666650e-001  6.937288e-001  6.263288e-001  5.339753e-001  4.310404e-001  2.771233e-001  8.831298e-002  -0.000000e+000  
-1.232092e+001  -1.245410e+001  -1.264756e+001  -1.219107e+001  1.029786e+000  2.087131e+000  1.733675e+000  1.411262e+000  1.180327e+000  1.010006e+000  8.778496e-001  7.708537e-001  6.368132e-001  5.019514e-001  3.132870e-001  9.791439e-002  -0.000000e+000  
-1.356356e+001  -1.397616e+001  -1.511802e+001  -1.832584e+001  9.607529e+000  4.141481e+000  2.580908e+000  1.893341e+000  1.501187e+000  1.242207e+000  1.054717e+000  9.103609e-001  7.365987e-001  5.709366e-001  3.484749e-001  1.072267e-001  -0.000000e+000  
-1.488509e+001  -1.547472e+001  -1.707644e+001  -2.126610e+001  9.090209e+000  5.046857e+000  3.266951e+000  2.369149e+000  1.844867e+000  1.501545e+000  1.257109e+000  1.072378e+000  8.541825e-001  6.528668e-001  3.904580e-001  1.183186e-001  -0.000000e+000  
-1.585206e+001  -1.636640e+001  -1.748696e+001  -1.911302e+001  6.654879e+000  4.893655e+000  3.541307e+000  2.671284e+000  2.104866e+000  1.715482e+000  1.432321e+000  1.216682e+000  9.618202e-001  7.290105e-001  4.299026e-001  1.287471e-001  -0.000000e+000  
-1.685667e+001  -1.705561e+001  -1.739368e+001  -1.770915e+001  4.483520e+000  4.021471e+000  3.418183e+000  2.853535e+000  2.379867e+000  1.997251e+000  1.690546e+000  1.443339e+000  1.141351e+000  8.603063e-001  4.996768e-001  1.472827e-001  -0.000000e+000  
-1.727814e+001  -1.730340e+001  -1.734144e+001  -1.737073e+001  3.159769e+000  3.052352e+000  2.860763e+000  2.622315e+000  2.366453e+000  2.112700e+000  1.872462e+000  1.651470e+000  1.351973e+000  1.037174e+000  6.047870e-001  1.760627e-001  -0.000000e+000  
-1.727814e+001  -1.730340e+001  -1.734144e+001  -1.737073e+001  3.159769e+000  3.052352e+000  2.860763e+000  2.622315e+000  2.366453e+000  2.112700e+000  1.872462e+000  1.651470e+000  1.351973e+000  1.037174e+000  6.047870e-001  1.760627e-001  -0.000000e+000  
-1.685667e+001  -1.705561e+001  -1.739368e+001  -1.770915e+001  4.483520e+000  4.021471e+000  3.418183e+000  2.853535e+000  2.379867e+000  1.997251e+000  1.690546e+000  1.443339e+000  1.141351e+000  8.603063e-001  4.996768e-001  1.472827e-001  -0.000000e+000  
-1.585206e+001  -1.636640e+001  -1.748696e+001  -1.911302e+001  6.654879e+000  4.893655e+000  3.541307e+000  2.671284e+000  2.104866e+000  1.715482e+000  1.432321e+000  1.216682e+000  9.618202e-001  7.290105e-001  4.299026e-001  1.287471e-001  -0.000000e+000  
-1.488509e+001  -1.547472e+001  -1.707644e+001  -2.126610e+001  9.090209e+000  5.046857e+000  3.266951e+000  2.369149e+000  1.844867e+000  1.501545e+000  1.257109e+000  1.072378e+000  8.541825e-001  6.528668e-001  3.904580e-001  1.183186e-001  -0.000000e+000  
-1.356356e+001  -1.397616e+001  -1.511802e+001  -1.832584e+001  9.607529e+000  4.141481e+000  2.580908e+000  1.893341e+000  1.501187e+000  1.242207e+000  1.054717e+000  9.103609e-001  7.365987e-001  5.709366e-001  3.484749e-001  1.072267e-001  -0.000000e+000  
-1.232092e+001  -1.245410e+001  -1.264756e+001  -1.219107e+001  1.029786e+000  2.087131e+000  1.733675e+000  1.411262e+000  1.180327e+000  1.010006e+000  8.778496e-001  7.708537e-001  6.368132e-001  5.019514e-001  3.132870e-001  9.791439e-002  -0.000000e+000  
-1.102552e+001  -1.090739e+001  -1.042642e+001  -8.604272e+000  -1.656420e+000  4.614067e-001  8.777711e-001  9.020507e-001  8.415925e-001  7.666650e-001  6.937288e-001  6.263288e-001  5.339753e-001  4.310404e-001  2.771233e-001  8.831298e-002  -0.000000e+000  
-9.774473e+000  -9.499454e+000  -8.721540e+000  -6.834628e+000  -2.753736e+000  -6.482617e-001  1.411164e-001  4.189163e-001  5.076047e-001  5.230478e-001  5.082258e-001  4.803036e-001  4.298342e-001  3.591048e-001  2.402989e-001  7.848713e-002  -0.000000e+000  
-8.628434e+000  -8.284466e+000  -7.443524e+000  -5.818156e+000  -3.180633e+000  -1.359186e+000  -4.403748e-001  -6.703422e-003  1.960406e-001  2.888300e-001  3.269117e-001  3.362189e-001  3.261371e-001  2.870508e-001  2.031306e-001  6.850178e-002  -0.000000e+000  
-7.302497e+000  -6.958602e+000  -6.206706e+000  -4.976512e+000  -3.294829e+000  -1.882938e+000  -9.881564e-001  -4.662144e-001  -1.681690e-001  1.900042e-003  9.843404e-002  1.514694e-001  1.908040e-001  1.919333e-001  1.534059e-001  5.500837e-002  -0.000000e+000  
-6.212069e+000  -5.912486e+000  -5.298225e+000  -4.379736e+000  -3.214171e+000  -2.128104e+000  -1.334795e+000  -8.048380e-001  -4.632061e-001  -2.452083e-001  -1.064134e-001  -1.864534e-002  6.256369e-002  1.000628e-001  1.043293e-001  4.149423e-002  -0.000000e+000  
-5.326833e+000  -5.082024e+000  -4.598317e+000  -3.908505e+000  -3.058470e+000  -2.216361e+000  -1.539842e+000  -1.042095e+000  -6.916471e-001  -4.496143e-001  -2.837102e-001  -1.705640e-001  -5.604689e-002  1.301888e-002  5.654147e-002  2.810023e-002  -0.000000e+000  
-4.609224e+000  -4.415163e+000  -4.039513e+000  -3.516067e+000  -2.876579e+000  -2.216641e+000  -1.649256e+000  -1.200383e+000  -8.619075e-001  -6.131386e-001  -4.326546e-001  -3.026842e-001  -1.633794e-001  -6.799508e-002  1.059747e-002  1.495580e-002  -0.000000e+000  
-3.909080e+000  -3.765678e+000  -3.491050e+000  -3.111788e+000  -2.647222e+000  -2.150634e+000  -1.697547e+000  -1.314301e+000  -1.005539e+000  -7.641234e-001  -5.787136e-001  -4.378785e-001  -2.787254e-001  -1.581961e-001  -4.272401e-002  -7.010625e-004  -0.000000e+000  
-3.357060e+000  -3.251684e+000  -3.050475e+000  -2.772398e+000  -2.429048e+000  -2.051512e+000  -1.690650e+000  -1.368792e+000  -1.095225e+000  -8.701650e-001  -6.889686e-001  -5.451590e-001  -3.756404e-001  -2.372740e-001  -9.192874e-002  -1.562320e-002  -0.000000e+000  
-2.579128e+000  -2.520084e+000  -2.406665e+000  -2.247703e+000  -2.047854e+000  -1.819436e+000  -1.586963e+000  -1.363971e+000  -1.159321e+000  -9.775880e-001  -8.200906e-001  -6.860097e-001  -5.169774e-001  -3.617488e-001  -1.767497e-001  -4.282765e-002  -0.000000e+000  
-1.749306e+000  -1.724748e+000  -1.676952e+000  -1.608418e+000  -1.520947e+000  -1.417817e+000  -1.306192e+000  -1.191174e+000  -1.077004e+000  -9.668961e-001  -8.630520e-001  -7.667872e-001  -6.346637e-001  -4.916565e-001  -2.900242e-001  -8.478567e-002  -0.000000e+000  
-1.316032e+000  -1.303802e+000  -1.279759e+000  -1.244698e+000  -1.199954e+000  -1.146755e+000  -1.086853e+000  -1.022237e+000  -9.547709e-001  -8.861060e-001  -8.176226e-001  -7.504140e-001  -6.527350e-001  -5.342201e-001  -3.475109e-001  -1.110835e-001  -0.000000e+000  
-1.086897e+000  -1.079429e+000  -1.064651e+000  -1.042870e+000  -1.015337e+000  -9.827913e-001  -9.452318e-001  -9.035248e-001  -8.585480e-001  -8.111502e-001  -7.621199e-001  -7.121631e-001  -6.367526e-001  -5.379838e-001  -3.706690e-001  -1.251289e-001  -0.000000e+000  
-1.034384e+000  -1.027867e+000  -1.014948e+000  -9.958499e-001  -9.718110e-001  -9.434970e-001  -9.105911e-001  -8.737483e-001  -8.336494e-001  -7.909732e-001  -7.463708e-001  -7.004468e-001  -6.303927e-001  -5.367062e-001  -3.749246e-001  -1.282450e-001  -0.000000e+000  

0.000000e+000  0.000000e+000  0.000000e+000  0.000000e+000  0.000000e+000  0.000000e+000  0.000000e+000  0.000000e+000  0.000000e+000  0.000000e+000  0.000000e+000  0.000000e+000  0.000000e+000  0.000000e+000  0.000000e+000  0.000000e+000  0.000000e+000  
0.000000e+000  0.000000e+000  0.000000e+000  0.000000e+000  0.000000e+000  0.000000e+000  0.000000e+000  0.000000e+000  0.000000e+000  0.000000e+000  0.000000e+000  0.000000e+000  0.000000e+000  0.000000e+000  0.000000e+000  0.000000e+000  0.000000e+000  
0.000000e+000  0.000000e+000  0.000000e+000  0.000000e+000  0.000000e+000  0.000000e+000  0.000000e+000  0.000000e+000  0.000000e+000  0.000000e+000  0.000000e+000  0.000000e+000  0.000000e+000  0.000000e+000  0.000000e+000  0.000000e+000  0.000000e+000  
0.000000e+000  0.000000e+000  0.000000e+000  0.000000e+000  0.000000e+000  0.000000e+000  0.000000e+000  0.000000e+000  0.000000e+000  0.000000e+000  0.000000e+000  0.000000e+000  0.000000e+000  0.000000e+000  0.000000e+000  0.000000e+000  0.000000e+000  
0.000000e+000  0.000000e+000  0.000000e+000  0.000000e+000  0.000000e+000  0.000000e+000  0.000000e+000  0.000000e+000  0.000000e+000  0.000000e+000  0.000000e+000  0.000000e+000  0.000000e+000  0.000000e+000  0.000000e+000  0.000000e+000  0.000000e+000  
0.000000e+000  0.000000e+000  0.000000e+000  0.000000e+000  0.000000e+000  0.000000e+000  0.000000e+000  0.000000e+000  0.000000e+000  0.000000e+000  0.000000e+000  0.000000e+000  0.000000e+000  0.000000e+000  0.000000e+000  0.000000e+000  0.000000e+000  
0.000000e+000  0.000000e+000  0.000000e+000  0.000000e+000  0.000000e+000  0.000000e+000  0.000000e+000  0.000000e+000  0.000000e+000  0.000000e+000  0.000000e+000  0.000000e+000  0.000000e+000  0.000000e+000  0.000000e+000  0.000000e+000  0.000000e+000  
0.000000e+000  0.000000e+000  0.000000e+000  0.000000e+000  0.000000e+000  0.000000e+000  0.000000e+000  0.000000e+000  0.000000e+000  0.000000e+000  0.000000e+000  0.000000e+000  0.000000e+000  0.000000e+000  0.000000e+000  0.000000e+000  0.000000e+000  
0.000000e+000  0.000000e+000  0.000000e+000  0.000000e+000  0.000000e+000  0.000000e+000  0.000000e+000  0.000000e+000  0.000000e+000  0.000000e+000  0.000000e+000  0.000000e+000  0.000000e+000  0.000000e+000  0.000000e+000  0.000000e+000  0.000000e+000  
0.000000e+000  0.000000e+000  0.000000e+000  0.000000e+000  0.000000e+000  0.000000e+000  0.000000e+000  0.000000e+000  0.000000e+000  0.000000e+000  0.000000e+000  0.000000e+000  0.000000e+000  0.000000e+000  0.000000e+000  0.000000e+000  0.000000e+000  
0.000000e+000  0.000000e+000  0.000000e+000  0.000000e+000  0.000000e+000  0.000000e+000  0.000000e+000  0.000000e+000  0.000000e+000  0.000000e+000  0.000000e+000  0.000000e+000  0.000000e+000  0.000000e+000  0.000000e+000  0.000000e+000  0.000000e+000  
0.000000e+000  0.000000e+000  0.000000e+000  0.000000e+000  0.000000e+000  0.000000e+000  0.000000e+000  0.000000e+000  0.000000e+000  0.000000e+000  0.000000e+000  0.000000e+000  0.000000e+000  0.000000e+000  0.000000e+000  0.000000e+000  0.000000e+000  
0.000000e+000  0.000000e+000  0.000000e+000  0.000000e+000  0.000000e+000  0.000000e+000  0.000000e+000  0.000000e+000  0.000000e+000  0.000000e+000  0.000000e+000  0.000000e+000  0.000000e+000  0.000000e+000  0.000000e+000  0.000000e+000  0.000000e+000  
0.000000e+000  0.000000e+000  0.000000e+000  0.000000e+000  0.000000e+000  0.000000e+000  0.000000e+000  0.000000e+000  0.000000e+000  0.000000e+000  0.000000e+000  0.000000e+000  0.000000e+000  0.000000e+000  0.000000e+000  0.000000e+000  0.000000e+000  
0.000000e+000  0.000000e+000  0.000000e+000  0.000000e+000  0.000000e+000  0.000000e+000  0.000000e+000  0.000000e+000  0.000000e+000  0.000000e+000  0.000000e+000  0.000000e+000  0.000000e+000  0.000000e+000  0.000000e+000  0.000000e+000  0.000000e+000  
0.000000e+000  0.000000e+000  0.000000e+000  0.000000e+000  0.000000e+000  0.000000e+000  0.000000e+000  0.000000e+000  0.000000e+000  0.000000e+000  0.000000e+000  0.000000e+000  0.000000e+000  0.000000e+000  0.000000e+000  0.000000e+000  0.000000e+000  
0.000000e+000  0.000000e+000  0.000000e+000  0.000000e+000  0.000000e+000  0.000000e+000  0.000000e+000  0.000000e+000  0.000000e+000  0.000000e+000  0.000000e+000  0.000000e+000  0.000000e+000  0.000000e+000  0.000000e+000  0.000000e+000  0.000000e+000  
0.000000e+000  0.000000e+000  0.000000e+000  0.000000e+000  0.000000e+000  0.000000e+000  0.000000e+000  0.000000e+000  0.000000e+000  0.000000e+000  0.000000e+000  0.000000e+000  0.000000e+000  0.000000e+000  0.000000e+000  0.000000e+000  0.000000e+000  
0.000000e+000  0.000000e+000  0.000000e+000  0.000000e+000  0.000000e+000  0.000000e+000  0.000000e+000  0.000000e+000  0.000000e+000  0.000000e+000  0.000000e+000  0.000000e+000  0.000000e+000  0.000000e+000  0.000000e+000  0.000000e+000  0.000000e+000  
0.000000e+000  0.000000e+000  0.000000e+000  0.000000e+000  0.000000e+000  0.000000e+000  0.000000e+000  0.000000e+000  0.000000e+000  0.000000e+000  0.000000e+000  0.000000e+000  0.000000e+000  0.000000e+000  0.000000e+000  0.000000e+000  0.000000e+000  
0.000000e+000  0.000000e+000  0.000000e+000  0.000000e+000  0.000000e+000  0.000000e+000  0.000000e+000  0.000000e+000  0.000000e+000  0.000000e+000  0.000000e+000  0.000000e+000  0.000000e+000  0.000000e+000  0.000000e+000  0.000000e+000  0.000000e+000  
0.000000e+000  0.000000e+000  0.000000e+000  0.000000e+000  0.000000e+000  0.000000e+000  0.000000e+000  0.000000e+000  0.000000e+000  0.000000e+000  0.000000e+000  0.000000e+000  0.000000e+000  0.000000e+000  0.000000e+000  0.000000e+000  0.000000e+000  
0.000000e+000  0.000000e+000  0.000000e+000  0.000000e+000  0.000000e+000  0.000000e+000  0.000000e+000  0.000000e+000  0.000000e+000  0.000000e+000  0.000000e+000  0.000000e+000  0.000000e+000  0.000000e+000  0.000000e+000  0.000000e+000  0.000000e+000  
0.000000e+000  0.000000e+000  0.000000e+000  0.000000e+000  0.000000e+000  0.000000e+000  0.000000e+000  0.000000e+000  0.000000e+000  0.000000e+000  0.000000e+000  0.000000e+000  0.000000e+000  0.000000e+000  0.000000e+000  0.000000e+000  0.000000e+000  
0.000000e+000  0.000000e+000  0.000000e+000  0.000000e+000  0.000000e+000  0.000000e+000  0.000000e+000  0.000000e+000  0.000000e+000  0.000000e+000  0.000000e+000  0.000000e+000  0.000000e+000  0.000000e+000  0.000000e+000  0.000000e+000  0.000000e+000  
0.000000e+000  0.000000e+000  0.000000e+000  0.000000e+000  0.000000e+000  0.000000e+000  0.000000e+000  0.000000e+000  0.000000e+000  0.000000e+000  0.000000e+000  0.000000e+000  0.000000e+000  0.000000e+000  0.000000e+000  0.000000e+000  0.000000e+000  
0.000000e+000  0.000000e+000  0.000000e+000  0.000000e+000  0.000000e+000  0.000000e+000  0.000000e+000  0.000000e+000  0.000000e+000  0.000000e+000  0.000000e+000  0.000000e+000  0.000000e+000  0.000000e+000  0.000000e+000  0.000000e+000  0.000000e+000  
0.000000e+000  0.000000e+000  0.000000e+000  0.000000e+000  0.000000e+000  0.000000e+000  0.000000e+000  0.000000e+000  0.000000e+000  0.000000e+000  0.000000e+000  0.000000e+000  0.000000e+000  0.000000e+000  0.000000e+000  0.000000e+000  0.000000e+000  
0.000000e+000  0.000000e+000  0.000000e+000  0.000000e+000  0.000000e+000  0.000000e+000  0.000000e+000  0.000000e+000  0.000000e+000  0.000000e+000  0.000000e+000  0.000000e+000  0.000000e+000  0.000000e+000  0.000000e+000  0.000000e+000  0.000000e+000  
0.000000e+000  0.000000e+000  0.000000e+000  0.000000e+000  0.000000e+000  0.000000e+000  0.000000e+000  0.000000e+000  0.000000e+000  0.000000e+000  0.000000e+000  0.000000e+000  0.000000e+000  0.000000e+000  0.000000e+000  0.000000e+000  0.000000e+000  
0.000000e+000  0.000000e+000  0.000000e+000  0.000000e+000  0.000000e+000  0.000000e+000  0.000000e+000  0.000000e+000  0.000000e+000  0.000000e+000  0.000000e+000  0.000000e+000  0.000000e+000  0.000000e+000  0.000000e+000  0.000000e+000  0.000000e+000  
0.000000e+000  0.000000e+000  0.000000e+000  0.000000e+000  0.000000e+000  0.000000e+000  0.000000e+000  0.000000e+000  0.000000e+000  0.000000e+000  0.000000e+000  0.000000e+000  0.000000e+000  0.000000e+000  0.000000e+000  0.000000e+000  0.000000e+000  
0.000000e+000  0.000000e+000  0.000000e+000  0.000000e+000  0.000000e+000  0.000000e+000  0.000000e+000  0.000000e+000  0.000000e+000  0.000000e+000  0.000000e+000  0.000000e+000  0.000000e+000  0.000000e+000  0.000000e+000  0.000000e+000  0.000000e+000  
0.000000e+000  0.000000e+000  0.000000e+000  0.000000e+000  0.000000e+000  0.000000e+000  0.000000e+000  0.000000e+000  0.000000e+000  0.000000e+000  0.000000e+000  0.000000e+000  0.000000e+000  0.000000e+000  0.000000e+000  0.000000e+000  0.000000e+000  
0.000000e+000  0.000000e+000  0.000000e+000  0.000000e+000  0.000000e+000  0.000000e+000  0.000000e+000  0.000000e+000  0.000000e+000  0.000000e+000  0.000000e+000  0.000000e+000  0.000000e+000  0.000000e+000  0.000000e+000  0.000000e+000  0.000000e+000  
0.000000e+000  0.000000e+000  0.000000e+000  0.000000e+000  0.000000e+000  0.000000e+000  0.000000e+000  0.000000e+000  0.000000e+000  0.000000e+000  0.000000e+000  0.000000e+000  0.000000e+000  0.000000e+000  0.000000e+000  0.000000e+000  0.000000e+000  
0.000000e+000  0.000000e+000  0.000000e+000  0.000000e+000  0.000000e+000  0.000000e+000  0.000000e+000  0.000000e+000  0.000000e+000  0.000000e+000  0.000000e+000  0.000000e+000  0.000000e+000  0.000000e+000  0.000000e+000  0.000000e+000  0.000000e+000  
0.000000e+000  0.000000e+000  0.000000e+000  0.000000e+000  0.000000e+000  0.000000e+000  0.000000e+000  0.000000e+000  0.000000e+000  0.000000e+000  0.000000e+000  0.000000e+000  0.000000e+000  0.000000e+000  0.000000e+000  0.000000e+000  0.000000e+000  
0.000000e+000  0.000000e+000  0.000000e+000  0.000000e+000  0.000000e+000  0.000000e+000  0.000000e+000  0.000000e+000  0.000000e+000  0.000000e+000  0.000000e+000  0.000000e+000  0.000000e+000  0.000000e+000  0.000000e+000  0.000000e+000  0.000000e+000  
0.000000e+000  0.000000e+000  0.000000e+000  0.000000e+000  0.000000e+000  0.000000e+000  0.000000e+000  0.000000e+000  0.000000e+000  0.000000e+000  0.000000e+000  0.000000e+000  0.000000e+000  0.000000e+000  0.000000e+000  0.000000e+000  0.000000e+000  

0.000000e+000  0.000000e+000  0.000000e+000  0.000000e+000  0.000000e+000  0.000000e+000  0.000000e+000  0.000000e+000  0.000000e+000  0.000000e+000  0.000000e+000  0.000000e+000  0.000000e+000  0.000000e+000  0.000000e+000  0.000000e+000  0.000000e+000  
0.000000e+000  0.000000e+000  0.000000e+000  0.000000e+000  0.000000e+000  0.000000e+000  0.000000e+000  0.000000e+000  0.000000e+000  0.000000e+000  0.000000e+000  0.000000e+000  0.000000e+000  0.000000e+000  0.000000e+000  0.000000e+000  0.000000e+000  
0.000000e+000  0.000000e+000  0.000000e+000  0.000000e+000  0.000000e+000  0.000000e+000  0.000000e+000  0.000000e+000  0.000000e+000  0.000000e+000  0.000000e+000  0.000000e+000  0.000000e+000  0.000000e+000  0.000000e+000  0.000000e+000  0.000000e+000  
0.000000e+000  0.000000e+000  0.000000e+000  0.000000e+000  0.000000e+000  0.000000e+000  0.000000e+000  0.000000e+000  0.000000e+000  0.000000e+000  0.000000e+000  0.000000e+000  0.000000e+000  0.000000e+000  0.000000e+000  0.000000e+000  0.000000e+000  
0.000000e+000  0.000000e+000  0.000000e+000  0.000000e+000  0.000000e+000  0.000000e+000  0.000000e+000  0.000000e+000  0.000000e+000  0.000000e+000  0.000000e+000  0.000000e+000  0.000000e+000  0.000000e+000  0.000000e+000  0.000000e+000  0.000000e+000  
0.000000e+000  0.000000e+000  0.000000e+000  0.000000e+000  0.000000e+000  0.000000e+000  0.000000e+000  0.000000e+000  0.000000e+000  0.000000e+000  0.000000e+000  0.000000e+000  0.000000e+000  0.000000e+000  0.000000e+000  0.000000e+000  0.000000e+000  
0.000000e+000  0.000000e+000  0.000000e+000  0.000000e+000  0.000000e+000  0.000000e+000  0.000000e+000  0.000000e+000  0.000000e+000  0.000000e+000  0.000000e+000  0.000000e+000  0.000000e+000  0.000000e+000  0.000000e+000  0.000000e+000  0.000000e+000  
0.000000e+000  0.000000e+000  0.000000e+000  0.000000e+000  0.000000e+000  0.000000e+000  0.000000e+000  0.000000e+000  0.000000e+000  0.000000e+000  0.000000e+000  0.000000e+000  0.000000e+000  0.000000e+000  0.000000e+000  0.000000e+000  0.000000e+000  
0.000000e+000  0.000000e+000  0.000000e+000  0.000000e+000  0.000000e+000  0.000000e+000  0.000000e+000  0.000000e+000  0.000000e+000  0.000000e+000  0.000000e+000  0.000000e+000  0.000000e+000  0.000000e+000  0.000000e+000  0.000000e+000  0.000000e+000  
0.000000e+000  0.000000e+000  0.000000e+000  0.000000e+000  0.000000e+000  0.000000e+000  0.000000e+000  0.000000e+000  0.000000e+000  0.000000e+000  0.000000e+000  0.000000e+000  0.000000e+000  0.000000e+000  0.000000e+000  0.000000e+000  0.000000e+000  
0.000000e+000  0.000000e+000  0.000000e+000  0.000000e+000  0.000000e+000  0.000000e+000  0.000000e+000  0.000000e+000  0.000000e+000  0.000000e+000  0.000000e+000  0.000000e+000  0.000000e+000  0.000000e+000  0.000000e+000  0.000000e+000  0.000000e+000  
0.000000e+000  0.000000e+000  0.000000e+000  0.000000e+000  0.000000e+000  0.000000e+000  0.000000e+000  0.000000e+000  0.000000e+000  0.000000e+000  0.000000e+000  0.000000e+000  0.000000e+000  0.000000e+000  0.000000e+000  0.000000e+000  0.000000e+000  
0.000000e+000  0.000000e+000  0.000000e+000  0.000000e+000  0.000000e+000  0.000000e+000  0.000000e+000  0.000000e+000  0.000000e+000  0.000000e+000  0.000000e+000  0.000000e+000  0.000000e+000  0.000000e+000  0.000000e+000  0.000000e+000  0.000000e+000  
0.000000e+000  0.000000e+000  0.000000e+000  0.000000e+000  0.000000e+000  0.000000e+000  0.000000e+000  0.000000e+000  0.000000e+000  0.000000e+000  0.000000e+000  0.000000e+000  0.000000e+000  0.000000e+000  0.000000e+000  0.000000e+000  0.000000e+000  
0.000000e+000  0.000000e+000  0.000000e+000  0.000000e+000  0.000000e+000  0.000000e+000  0.000000e+000  0.000000e+000  0.000000e+000  0.000000e+000  0.000000e+000  0.000000e+000  0.000000e+000  0.000000e+000  0.000000e+000  0.000000e+000  0.000000e+000  
0.000000e+000  0.000000e+000  0.000000e+000  0.000000e+000  0.000000e+000  0.000000e+000  0.000000e+000  0.000000e+000  0.000000e+000  0.000000e+000  0.000000e+000  0.000000e+000  0.000000e+000  0.000000e+000  0.000000e+000  0.000000e+000  0.000000e+000  
0.000000e+000  0.000000e+000  0.000000e+000  0.000000e+000  0.000000e+000  0.000000e+000  0.000000e+000  0.000000e+000  0.000000e+000  0.000000e+000  0.000000e+000  0.000000e+000  0.000000e+000  0.000000e+000  0.000000e+000  0.000000e+000  0.000000e+000  
0.000000e+000  0.000000e+000  0.000000e+000  0.000000e+000  0.000000e+000  0.000000e+000  0.000000e+000  0.000000e+000  0.000000e+000  0.000000e+000  0.000000e+000  0.000000e+000  0.000000e+000  0.000000e+000  0.000000e+000  0.000000e+000  0.000000e+000  
0.000000e+000  0.000000e+000  0.000000e+000  0.000000e+000  0.000000e+000  0.000000e+000  0.000000e+000  0.000000e+000  0.000000e+000  0.000000e+000  0.000000e+000  0.000000e+000  0.000000e+000  0.000000e+000  0.000000e+000  0.000000e+000  0.000000e+000  
0.000000e+000  0.000000e+000  0.000000e+000  0.000000e+000  0.000000e+000  0.000000e+000  0.000000e+000  0.000000e+000  0.000000e+000  0.000000e+000  0.000000e+000  0.000000e+000  0.000000e+000  0.000000e+000  0.000000e+000  0.000000e+000  0.000000e+000  
0.000000e+000  0.000000e+000  0.000000e+000  0.000000e+000  0.000000e+000  0.000000e+000  0.000000e+000  0.000000e+000  0.000000e+000  0.000000e+000  0.000000e+000  0.000000e+000  0.000000e+000  0.000000e+000  0.000000e+000  0.000000e+000  0.000000e+000  
0.000000e+000  0.000000e+000  0.000000e+000  0.000000e+000  0.000000e+000  0.000000e+000  0.000000e+000  0.000000e+000  0.000000e+000  0.000000e+000  0.000000e+000  0.000000e+000  0.000000e+000  0.000000e+000  0.000000e+000  0.000000e+000  0.000000e+000  
0.000000e+000  0.000000e+000  0.000000e+000  0.000000e+000  0.000000e+000  0.000000e+000  0.000000e+000  0.000000e+000  0.000000e+000  0.000000e+000  0.000000e+000  0.000000e+000  0.000000e+000  0.000000e+000  0.000000e+000  0.000000e+000  0.000000e+000  
0.000000e+000  0.000000e+000  0.000000e+000  0.000000e+000  0.000000e+000  0.000000e+000  0.000000e+000  0.000000e+000  0.000000e+000  0.000000e+000  0.000000e+000  0.000000e+000  0.000000e+000  0.000000e+000  0.000000e+000  0.000000e+000  0.000000e+000  
0.000000e+000  0.000000e+000  0.000000e+000  0.000000e+000  0.000000e+000  0.000000e+000  0.000000e+000  0.000000e+000  0.000000e+000  0.000000e+000  0.000000e+000  0.000000e+000  0.000000e+000  0.000000e+000  0.000000e+000  0.000000e+000  0.000000e+000  
0.000000e+000  0.000000e+000  0.000000e+000  0.000000e+000  0.000000e+000  0.000000e+000  0.000000e+000  0.000000e+000  0.000000e+000  0.000000e+000  0.000000e+000  0.000000e+000  0.000000e+000  0.000000e+000  0.000000e+000  0.000000e+000  0.000000e+000  
0.000000e+000  0.000000e+000  0.000000e+000  0.000000e+000  0.000000e+000  0.000000e+000  0.000000e+000  0.000000e+000  0.000000e+000  0.000000e+000  0.000000e+000  0.000000e+000  0.000000e+000  0.000000e+000  0.000000e+000  0.000000e+000  0.000000e+000  
0.000000e+000  0.000000e+000  0.000000e+000  0.000000e+000  0.000000e+000  0.000000e+000  0.000000e+000  0.000000e+000  0.000000e+000  0.000000e+000  0.000000e+000  0.000000e+000  0.000000e+000  0.000000e+000  0.000000e+000  0.000000e+000  0.000000e+000  
0.000000e+000  0.000000e+000  0.000000e+000  0.000000e+000  0.000000e+000  0.000000e+000  0.000000e+000  0.000000e+000  0.000000e+000  0.000000e+000  0.000000e+000  0.000000e+000  0.000000e+000  0.000000e+000  0.000000e+000  0.000000e+000  0.000000e+000  
0.000000e+000  0.000000e+000  0.000000e+000  0.000000e+000  0.000000e+000  0.000000e+000  0.000000e+000  0.000000e+000  0.000000e+000  0.000000e+000  0.000000e+000  0.000000e+000  0.000000e+000  0.000000e+000  0.000000e+000  0.000000e+000  0.000000e+000  
0.000000e+000  0.000000e+000  0.000000e+000  0.000000e+000  0.000000e+000  0.000000e+000  0.000000e+000  0.000000e+000  0.000000e+000  0.000000e+000  0.000000e+000  0.000000e+000  0.000000e+000  0.000000e+000  0.000000e+000  0.000000e+000  0.000000e+000  
0.000000e+000  0.000000e+000  0.000000e+000  0.000000e+000  0.000000e+000  0.000000e+000  0.000000e+000  0.000000e+000  0.000000e+000  0.000000e+000  0.000000e+000  0.000000e+000  0.000000e+000  0.000000e+000  0.000000e+000  0.000000e+000  0.000000e+000  
0.000000e+000  0.000000e+000  0.000000e+000  0.000000e+000  0.000000e+000  0.000000e+000  0.000000e+000  0.000000e+000  0.000000e+000  0.000000e+000  0.000000e+000  0.000000e+000  0.000000e+000  0.000000e+000  0.000000e+000  0.000000e+000  0.000000e+000  
0.000000e+000  0.000000e+000  0.000000e+000  0.000000e+000  0.000000e+000  0.000000e+000  0.000000e+000  0.000000e+000  0.000000e+000  0.000000e+000  0.000000e+000  0.000000e+000  0.000000e+000  0.000000e+000  0.000000e+000  0.000000e+000  0.000000e+000  
0.000000e+000  0.000000e+000  0.000000e+000  0.000000e+000  0.000000e+000  0.000000e+000  0.000000e+000  0.000000e+000  0.000000e+000  0.000000e+000  0.000000e+000  0.000000e+000  0.000000e+000  0.000000e+000  0.000000e+000  0.000000e+000  0.000000e+000  
0.000000e+000  0.000000e+000  0.000000e+000  0.000000e+000  0.000000e+000  0.000000e+000  0.000000e+000  0.000000e+000  0.000000e+000  0.000000e+000  0.000000e+000  0.000000e+000  0.000000e+000  0.000000e+000  0.000000e+000  0.000000e+000  0.000000e+000  
0.000000e+000  0.000000e+000  0.000000e+000  0.000000e+000  0.000000e+000  0.000000e+000  0.000000e+000  0.000000e+000  0.000000e+000  0.000000e+000  0.000000e+000  0.000000e+000  0.000000e+000  0.000000e+000  0.000000e+000  0.000000e+000  0.000000e+000  
0.000000e+000  0.000000e+000  0.000000e+000  0.000000e+000  0.000000e+000  0.000000e+000  0.000000e+000  0.000000e+000  0.000000e+000  0.000000e+000  0.000000e+000  0.000000e+000  0.000000e+000  0.000000e+000  0.000000e+000  0.000000e+000  0.000000e+000  
0.000000e+000  0.000000e+000  0.000000e+000  0.000000e+000  0.000000e+000  0.000000e+000  0.000000e+000  0.000000e+000  0.000000e+000  0.000000e+000  0.000000e+000  0.000000e+000  0.000000e+000  0.000000e+000  0.000000e+000  0.000000e+000  0.000000e+000  
0.000000e+000  0.000000e+000  0.000000e+000  0.000000e+000  0.000000e+000  0.000000e+000  0.000000e+000  0.000000e+000  0.000000e+000  0.000000e+000  0.000000e+000  0.000000e+000  0.000000e+000  0.000000e+000  0.000000e+000  0.000000e+000  0.000000e+000  

0.000000e+000  0.000000e+000  0.000000e+000  0.000000e+000  0.000000e+000  0.000000e+000  0.000000e+000  0.000000e+000  0.000000e+000  0.000000e+000  0.000000e+000  0.000000e+000  0.000000e+000  0.000000e+000  0.000000e+000  0.000000e+000  0.000000e+000  
0.000000e+000  0.000000e+000  0.000000e+000  0.000000e+000  0.000000e+000  0.000000e+000  0.000000e+000  0.000000e+000  0.000000e+000  0.000000e+000  0.000000e+000  0.000000e+000  0.000000e+000  0.000000e+000  0.000000e+000  0.000000e+000  0.000000e+000  
0.000000e+000  0.000000e+000  0.000000e+000  0.000000e+000  0.000000e+000  0.000000e+000  0.000000e+000  0.000000e+000  0.000000e+000  0.000000e+000  0.000000e+000  0.000000e+000  0.000000e+000  0.000000e+000  0.000000e+000  0.000000e+000  0.000000e+000  
0.000000e+000  0.000000e+000  0.000000e+000  0.000000e+000  0.000000e+000  0.000000e+000  0.000000e+000  0.000000e+000  0.000000e+000  0.000000e+000  0.000000e+000  0.000000e+000  0.000000e+000  0.000000e+000  0.000000e+000  0.000000e+000  0.000000e+000  
0.000000e+000  0.000000e+000  0.000000e+000  0.000000e+000  0.000000e+000  0.000000e+000  0.000000e+000  0.000000e+000  0.000000e+000  0.000000e+000  0.000000e+000  0.000000e+000  0.000000e+000  0.000000e+000  0.000000e+000  0.000000e+000  0.000000e+000  
0.000000e+000  0.000000e+000  0.000000e+000  0.000000e+000  0.000000e+000  0.000000e+000  0.000000e+000  0.000000e+000  0.000000e+000  0.000000e+000  0.000000e+000  0.000000e+000  0.000000e+000  0.000000e+000  0.000000e+000  0.000000e+000  0.000000e+000  
0.000000e+000  0.000000e+000  0.000000e+000  0.000000e+000  0.000000e+000  0.000000e+000  0.000000e+000  0.000000e+000  0.000000e+000  0.000000e+000  0.000000e+000  0.000000e+000  0.000000e+000  0.000000e+000  0.000000e+000  0.000000e+000  0.000000e+000  
0.000000e+000  0.000000e+000  0.000000e+000  0.000000e+000  0.000000e+000  0.000000e+000  0.000000e+000  0.000000e+000  0.000000e+000  0.000000e+000  0.000000e+000  0.000000e+000  0.000000e+000  0.000000e+000  0.000000e+000  0.000000e+000  0.000000e+000  
0.000000e+000  0.000000e+000  0.000000e+000  0.000000e+000  0.000000e+000  0.000000e+000  0.000000e+000  0.000000e+000  0.000000e+000  0.000000e+000  0.000000e+000  0.000000e+000  0.000000e+000  0.000000e+000  0.000000e+000  0.000000e+000  0.000000e+000  
0.000000e+000  0.000000e+000  0.000000e+000  0.000000e+000  0.000000e+000  0.000000e+000  0.000000e+000  0.000000e+000  0.000000e+000  0.000000e+000  0.000000e+000  0.000000e+000  0.000000e+000  0.000000e+000  0.000000e+000  0.000000e+000  0.000000e+000  
0.000000e+000  0.000000e+000  0.000000e+000  0.000000e+000  0.000000e+000  0.000000e+000  0.000000e+000  0.000000e+000  0.000000e+000  0.000000e+000  0.000000e+000  0.000000e+000  0.000000e+000  0.000000e+000  0.000000e+000  0.000000e+000  0.000000e+000  
0.000000e+000  0.000000e+000  0.000000e+000  0.000000e+000  0.000000e+000  0.000000e+000  0.000000e+000  0.000000e+000  0.000000e+000  0.000000e+000  0.000000e+000  0.000000e+000  0.000000e+000  0.000000e+000  0.000000e+000  0.000000e+000  0.000000e+000  
0.000000e+000  0.000000e+000  0.000000e+000  0.000000e+000  0.000000e+000  0.000000e+000  0.000000e+000  0.000000e+000  0.000000e+000  0.000000e+000  0.000000e+000  0.000000e+000  0.000000e+000  0.000000e+000  0.000000e+000  0.000000e+000  0.000000e+000  
0.000000e+000  0.000000e+000  0.000000e+000  0.000000e+000  0.000000e+000  0.000000e+000  0.000000e+000  0.000000e+000  0.000000e+000  0.000000e+000  0.000000e+000  0.000000e+000  0.000000e+000  0.000000e+000  0.000000e+000  0.000000e+000  0.000000e+000  
0.000000e+000  0.000000e+000  0.000000e+000  0.000000e+000  0.000000e+000  0.000000e+000  0.000000e+000  0.000000e+000  0.000000e+000  0.000000e+000  0.000000e+000  0.000000e+000  0.000000e+000  0.000000e+000  0.000000e+000  0.000000e+000  0.000000e+000  
0.000000e+000  0.000000e+000  0.000000e+000  0.000000e+000  0.000000e+000  0.000000e+000  0.000000e+000  0.000000e+000  0.000000e+000  0.000000e+000  0.000000e+000  0.000000e+000  0.000000e+000  0.000000e+000  0.000000e+000  0.000000e+000  0.000000e+000  
0.000000e+000  0.000000e+000  0.000000e+000  0.000000e+000  0.000000e+000  0.000000e+000  0.000000e+000  0.000000e+000  0.000000e+000  0.000000e+000  0.000000e+000  0.000000e+000  0.000000e+000  0.000000e+000  0.000000e+000  0.000000e+000  0.000000e+000  
0.000000e+000  0.000000e+000  0.000000e+000  0.000000e+000  0.000000e+000  0.000000e+000  0.000000e+000  0.000000e+000  0.000000e+000  0.000000e+000  0.000000e+000  0.000000e+000  0.000000e+000  0.000000e+000  0.000000e+000  0.000000e+000  0.000000e+000  
0.000000e+000  0.000000e+000  0.000000e+000  0.000000e+000  0.000000e+000  0.000000e+000  0.000000e+000  0.000000e+000  0.000000e+000  0.000000e+000  0.000000e+000  0.000000e+000  0.000000e+000  0.000000e+000  0.000000e+000  0.000000e+000  0.000000e+000  
0.000000e+000  0.000000e+000  0.000000e+000  0.000000e+000  0.000000e+000  0.000000e+000  0.000000e+000  0.000000e+000  0.000000e+000  0.000000e+000  0.000000e+000  0.000000e+000  0.000000e+000  0.000000e+000  0.000000e+000  0.000000e+000  0.000000e+000  
0.000000e+000  0.000000e+000  0.000000e+000  0.000000e+000  0.000000e+000  0.000000e+000  0.000000e+000  0.000000e+000  0.000000e+000  0.000000e+000  0.000000e+000  0.000000e+000  0.000000e+000  0.000000e+000  0.000000e+000  0.000000e+000  0.000000e+000  
0.000000e+000  0.000000e+000  0.000000e+000  0.000000e+000  0.000000e+000  0.000000e+000  0.000000e+000  0.000000e+000  0.000000e+000  0.000000e+000  0.000000e+000  0.000000e+000  0.000000e+000  0.000000e+000  0.000000e+000  0.000000e+000  0.000000e+000  
0.000000e+000  0.000000e+000  0.000000e+000  0.000000e+000  0.000000e+000  0.000000e+000  0.000000e+000  0.000000e+000  0.000000e+000  0.000000e+000  0.000000e+000  0.000000e+000  0.000000e+000  0.000000e+000  0.000000e+000  0.000000e+000  0.000000e+000  
0.000000e+000  0.000000e+000  0.000000e+000  0.000000e+000  0.000000e+000  0.000000e+000  0.000000e+000  0.000000e+000  0.000000e+000  0.000000e+000  0.000000e+000  0.000000e+000  0.000000e+000  0.000000e+000  0.000000e+000  0.000000e+000  0.000000e+000  
0.000000e+000  0.000000e+000  0.000000e+000  0.000000e+000  0.000000e+000  0.000000e+000  0.000000e+000  0.000000e+000  0.000000e+000  0.000000e+000  0.000000e+000  0.000000e+000  0.000000e+000  0.000000e+000  0.000000e+000  0.000000e+000  0.000000e+000  
0.000000e+000  0.000000e+000  0.000000e+000  0.000000e+000  0.000000e+000  0.000000e+000  0.000000e+000  0.000000e+000  0.000000e+000  0.000000e+000  0.000000e+000  0.000000e+000  0.000000e+000  0.000000e+000  0.000000e+000  0.000000e+000  0.000000e+000  
0.000000e+000  0.000000e+000  0.000000e+000  0.000000e+000  0.000000e+000  0.000000e+000  0.000000e+000  0.000000e+000  0.000000e+000  0.000000e+000  0.000000e+000  0.000000e+000  0.000000e+000  0.000000e+000  0.000000e+000  0.000000e+000  0.000000e+000  
0.000000e+000  0.000000e+000  0.000000e+000  0.000000e+000  0.000000e+000  0.000000e+000  0.000000e+000  0.000000e+000  0.000000e+000  0.000000e+000  0.000000e+000  0.000000e+000  0.000000e+000  0.000000e+000  0.000000e+000  0.000000e+000  0.000000e+000  
0.000000e+000  0.000000e+000  0.000000e+000  0.000000e+000  0.000000e+000  0.000000e+000  0.000000e+000  0.000000e+000  0.000000e+000  0.000000e+000  0.000000e+000  0.000000e+000  0.000000e+000  0.000000e+000  0.000000e+000  0.000000e+000  0.000000e+000  
0.000000e+000  0.000000e+000  0.000000e+000  0.000000e+000  0.000000e+000  0.000000e+000  0.000000e+000  0.000000e+000  0.000000e+000  0.000000e+000  0.000000e+000  0.000000e+000  0.000000e+000  0.000000e+000  0.000000e+000  0.000000e+000  0.000000e+000  
0.000000e+000  0.000000e+000  0.000000e+000  0.000000e+000  0.000000e+000  0.000000e+000  0.000000e+000  0.000000e+000  0.000000e+000  0.000000e+000  0.000000e+000  0.000000e+000  0.000000e+000  0.000000e+000  0.000000e+000  0.000000e+000  0.000000e+000  
0.000000e+000  0.000000e+000  0.000000e+000  0.000000e+000  0.000000e+000  0.000000e+000  0.000000e+000  0.000000e+000  0.000000e+000  0.000000e+000  0.000000e+000  0.000000e+000  0.000000e+000  0.000000e+000  0.000000e+000  0.000000e+000  0.000000e+000  
0.000000e+000  0.000000e+000  0.000000e+000  0.000000e+000  0.000000e+000  0.000000e+000  0.000000e+000  0.000000e+000  0.000000e+000  0.000000e+000  0.000000e+000  0.000000e+000  0.000000e+000  0.000000e+000  0.000000e+000  0.000000e+000  0.000000e+000  
0.000000e+000  0.000000e+000  0.000000e+000  0.000000e+000  0.000000e+000  0.000000e+000  0.000000e+000  0.000000e+000  0.000000e+000  0.000000e+000  0.000000e+000  0.000000e+000  0.000000e+000  0.000000e+000  0.000000e+000  0.000000e+000  0.000000e+000  
0.000000e+000  0.000000e+000  0.000000e+000  0.000000e+000  0.000000e+000  0.000000e+000  0.000000e+000  0.000000e+000  0.000000e+000  0.000000e+000  0.000000e+000  0.000000e+000  0.000000e+000  0.000000e+000  0.000000e+000  0.000000e+000  0.000000e+000  
0.000000e+000  0.000000e+000  0.000000e+000  0.000000e+000  0.000000e+000  0.000000e+000  0.000000e+000  0.000000e+000  0.000000e+000  0.000000e+000  0.000000e+000  0.000000e+000  0.000000e+000  0.000000e+000  0.000000e+000  0.000000e+000  0.000000e+000  
0.000000e+000  0.000000e+000  0.000000e+000  0.000000e+000  0.000000e+000  0.000000e+000  0.000000e+000  0.000000e+000  0.000000e+000  0.000000e+000  0.000000e+000  0.000000e+000  0.000000e+000  0.000000e+000  0.000000e+000  0.000000e+000  0.000000e+000  
0.000000e+000  0.000000e+000  0.000000e+000  0.000000e+000  0.000000e+000  0.000000e+000  0.000000e+000  0.000000e+000  0.000000e+000  0.000000e+000  0.000000e+000  0.000000e+000  0.000000e+000  0.000000e+000  0.000000e+000  0.000000e+000  0.000000e+000  
0.000000e+000  0.000000e+000  0.000000e+000  0.000000e+000  0.000000e+000  0.000000e+000  0.000000e+000  0.000000e+000  0.000000e+000  0.000000e+000  0.000000e+000  0.000000e+000  0.000000e+000  0.000000e+000  0.000000e+000  0.000000e+000  0.000000e+000  
0.000000e+000  0.000000e+000  0.000000e+000  0.000000e+000  0.000000e+000  0.000000e+000  0.000000e+000  0.000000e+000  0.000000e+000  0.000000e+000  0.000000e+000  0.000000e+000  0.000000e+000  0.000000e+000  0.000000e+000  0.000000e+000  0.000000e+000  

-6.133584e-002  -6.099802e-002  -6.032540e-002  -5.932410e-002  -5.782510e-002  -5.587107e-002  -5.367876e-002  -5.128840e-002  -4.874051e-002  -4.607441e-002  -4.332704e-002  -4.053194e-002  -3.631205e-002  -3.076387e-002  -2.131194e-002  -7.230226e-003  -0.000000e+000  
-2.038544e-001  -2.027099e-001  -2.004289e-001  -1.970279e-001  -1.918024e-001  -1.848935e-001  -1.771824e-001  -1.688241e-001  -1.599720e-001  -1.507718e-001  -1.413573e-001  -1.318471e-001  -1.175904e-001  -9.910682e-002  -6.802095e-002  -2.287336e-002  -0.000000e+000  
-3.748319e-001  -3.726854e-001  -3.683869e-001  -3.619304e-001  -3.511189e-001  -3.362066e-001  -3.197992e-001  -3.023000e-001  -2.840896e-001  -2.655102e-001  -2.468562e-001  -2.283702e-001  -2.011793e-001  -1.672118e-001  -1.119919e-001  -3.682410e-002  -0.000000e+000  
-5.656675e-001  -5.627298e-001  -5.567438e-001  -5.475118e-001  -5.286293e-001  -5.004566e-001  -4.701590e-001  -4.386721e-001  -4.068084e-001  -3.752282e-001  -3.444346e-001  -3.147853e-001  -2.723752e-001  -2.221041e-001  -1.440976e-001  -4.611961e-002  -0.000000e+000  
-7.403277e-001  -7.382192e-001  -7.335183e-001  -7.253283e-001  -6.969209e-001  -6.487111e-001  -5.985366e-001  -5.483084e-001  -4.994539e-001  -4.529236e-001  -4.092680e-001  -3.687365e-001  -3.126838e-001  -2.500082e-001  -1.573865e-001  -4.921605e-002  -0.000000e+000  
-8.331759e-001  -8.329935e-001  -8.317371e-001  -8.277121e-001  -7.934958e-001  -7.295640e-001  -6.646329e-001  -6.013994e-001  -5.415863e-001  -4.861028e-001  -4.352831e-001  -3.890992e-001  -3.264254e-001  -2.584220e-001  -1.603246e-001  -4.958519e-002  -0.000000e+000  
-8.950145e-001  -8.970443e-001  -8.998489e-001  -9.009706e-001  -8.625314e-001  -7.851246e-001  -7.080741e-001  -6.346880e-001  -5.667564e-001  -5.049667e-001  -4.493351e-001  -3.995217e-001  -3.327796e-001  -2.617594e-001  -1.608787e-001  -4.940603e-002  -0.000000e+000  
-9.489277e-001  -9.541475e-001  -9.629542e-001  -9.719706e-001  -9.293775e-001  -8.360612e-001  -7.454865e-001  -6.614896e-001  -5.856151e-001  -5.180309e-001  -4.582300e-001  -4.054440e-001  -3.355562e-001  -2.624612e-001  -1.600106e-001  -4.884086e-002  -0.000000e+000  
-9.935120e-001  -1.002718e+000  -1.019235e+000  -1.038785e+000  -9.921785e-001  -8.809136e-001  -7.760588e-001  -6.816416e-001  -5.984922e-001  -5.259322e-001  -4.627612e-001  -4.077124e-001  -3.355837e-001  -2.612342e-001  -1.581782e-001  -4.803163e-002  -0.000000e+000  
-1.031555e+000  -1.046052e+000  -1.073223e+000  -1.108148e+000  -1.057092e+000  -9.229669e-001  -8.015711e-001  -6.962118e-001  -6.060915e-001  -5.291505e-001  -4.632471e-001  -4.065212e-001  -3.329131e-001  -2.580259e-001  -1.552549e-001  -4.691549e-002  -0.000000e+000  
-1.059404e+000  -1.080446e+000  -1.121654e+000  -1.178729e+000  -1.122364e+000  -9.588314e-001  -8.190107e-001  -7.030611e-001  -6.070165e-001  -5.267955e-001  -4.591167e-001  -4.014955e-001  -3.273478e-001  -2.527395e-001  -1.512161e-001  -4.549058e-002  -0.000000e+000  
-1.070890e+000  -1.098177e+000  -1.154238e+000  -1.238672e+000  -1.175983e+000  -9.795966e-001  -8.235020e-001  -7.000949e-001  -6.007397e-001  -5.191513e-001  -4.510517e-001  -3.934936e-001  -3.198311e-001  -2.462478e-001  -1.467014e-001  -4.397629e-002  -0.000000e+000  
-1.070076e+000  -1.102132e+000  -1.171054e+000  -1.284601e+000  -1.214191e+000  -9.855740e-001  -8.177879e-001  -6.905627e-001  -5.902366e-001  -5.087400e-001  -4.411445e-001  -3.842502e-001  -3.116662e-001  -2.394831e-001  -1.422090e-001  -4.251018e-002  -0.000000e+000  
-1.056775e+000  -1.091742e+000  -1.170525e+000  -1.316321e+000  -1.234057e+000  -9.735293e-001  -8.001257e-001  -6.731699e-001  -5.742769e-001  -4.943314e-001  -4.281813e-001  -3.725924e-001  -3.017702e-001  -2.315163e-001  -1.370959e-001  -4.087721e-002  -0.000000e+000  
-1.029867e+000  -1.064326e+000  -1.144013e+000  -1.311296e+000  -1.210589e+000  -9.354859e-001  -7.687229e-001  -6.475565e-001  -5.528177e-001  -4.759514e-001  -4.121990e-001  -3.585549e-001  -2.901706e-001  -2.223681e-001  -1.313748e-001  -3.908146e-002  -0.000000e+000  
-9.846337e-001  -1.013856e+000  -1.076210e+000  -1.176655e+000  -1.033554e+000  -8.563964e-001  -7.183475e-001  -6.101394e-001  -5.229263e-001  -4.510967e-001  -3.910261e-001  -3.402369e-001  -2.753072e-001  -2.108179e-001  -1.242931e-001  -3.688978e-002  -0.000000e+000  
-9.168678e-001  -9.379456e-001  -9.781094e-001  -1.025304e+000  -8.467168e-001  -7.509263e-001  -6.489700e-001  -5.592077e-001  -4.829135e-001  -4.183211e-001  -3.634555e-001  -3.166324e-001  -2.564196e-001  -1.963229e-001  -1.155669e-001  -3.422660e-002  -0.000000e+000  
-7.961075e-001  -8.067469e-001  -8.244106e-001  -8.402726e-001  -6.403467e-001  -5.978048e-001  -5.369659e-001  -4.738865e-001  -4.151381e-001  -3.627272e-001  -3.168000e-001  -2.768378e-001  -2.247909e-001  -1.722316e-001  -1.012473e-001  -2.990344e-002  -0.000000e+000  
-4.773684e-001  -4.789850e-001  -4.814139e-001  -4.832755e-001  -3.216251e-001  -3.109841e-001  -2.919645e-001  -2.682280e-001  -2.426778e-001  -2.172521e-001  -1.930944e-001  -1.707893e-001  -1.404448e-001  -1.082963e-001  -6.376497e-002  -1.875281e-002  -0.000000e+000  
-0.000000e+000  -0.000000e+000  -0.000000e+000  -0.000000e+000  1.911346e-011  2.175789e-011  1.709792e-011  1.161159e-011  -0.000000e+000  -0.000000e+000  -0.000000e+000  -0.000000e+000  -0.000000e+000  -0.000000e+000  -0.000000e+000  -0.000000e+000  -0.000000e+000  
4.773684e-001  4.789850e-001  4.814139e-001  4.832755e-001  3.216251e-001  3.109841e-001  2.919645e-001  2.682280e-001  2.426778e-001  2.172521e-001  1.930944e-001  1.707893e-001  1.404448e-001  1.082963e-001  6.376497e-002  1.875281e-002  -0.000000e+000  
7.961075e-001  8.067469e-001  8.244106e-001  8.402726e-001  6.403467e-001  5.978048e-001  5.369659e-001  4.738865e-001  4.151381e-001  3.627272e-001  3.168000e-001  2.768378e-001  2.247909e-001  1.722316e-001  1.012473e-001  2.990344e-002  -0.000000e+000  
9.168678e-001  9.379456e-001  9.781094e-001  1.025304e+000  8.467168e-001  7.509263e-001  6.489700e-001  5.592077e-001  4.829135e-001  4.183211e-001  3.634555e-001  3.166324e-001  2.564196e-001  1.963229e-001  1.155669e-001  3.422660e-002  -0.000000e+000  
9.846337e-001  1.013856e+000  1.076210e+000  1.176655e+000  1.033554e+000  8.563964e-001  7.183475e-001  6.101394e-001  5.229263e-001  4.510967e-001  3.910261e-001  3.402369e-001  2.753072e-001  2.108179e-001  1.242931e-001  3.688978e-002  -0.000000e+000  
1.029867e+000  1.064326e+000  1.144013e+000  1.311296e+000  1.210589e+000  9.354859e-001  7.687229e-001  6.475565e-001  5.528177e-001  4.759514e-001  4.121990e-001  3.585549e-001  2.901706e-001  2.223681e-001  1.313748e-001  3.908146e-002  -0.000000e+000  
1.056775e+000  1.091742e+000  1.170525e+000  1.316321e+000  1.234057e+000  9.735293e-001  8.001257e-001  6.731699e-001  5.742769e-001  4.943314e-001  4.281813e-001  3.725924e-001  3.017702e-001  2.315163e-001  1.370959e-001  4.087721e-002  -0.000000e+000  
1.070076e+000  1.102132e+000  1.171054e+000  1.284601e+000  1.214191e+000  9.855740e-001  8.177879e-001  6.905627e-001  5.902366e-001  5.087400e-001  4.411445e-001  3.842502e-001  3.116662e-001  2.394831e-001  1.422090e-001  4.251018e-002  -0.000000e+000  
1.070890e+000  1.098177e+000  1.154238e+000  1.238672e+000  1.175983e+000  9.795966e-001  8.235020e-001  7.000949e-001  6.007397e-001  5.191513e-001  4.510517e-001  3.934936e-001  3.198311e-001  2.462478e-001  1.467014e-001  4.397629e-002  -0.000000e+000  
1.059404e+000  1.080446e+000  1.121654e+000  1.178729e+000  1.122364e+000  9.588314e-001  8.190107e-001  7.030611e-001  6.070165e-001  5.267955e-001  4.591167e-001  4.014955e-001  3.273478e-001  2.527395e-001  1.512161e-001  4.549058e-002  -0.000000e+000  
1.031555e+000  1.046052e+000  1.073223e+000  1.108148e+000  1.057092e+000  9.229669e-001  8.015711e-001  6.962118e-001  6.060915e-001  5.291505e-001  4.632471e-001  4.065212e-001  3.329131e-001  2.580259e-001  1.552549e-001  4.691549e-002  -0.000000e+000  
9.935120e-001  1.002718e+000  1.019235e+000  1.038785e+000  9.921785e-001  8.809136e-001  7.760588e-001  6.816416e-001  5.984922e-001  5.259322e-001  4.627612e-001  4.077124e-001  3.355837e-001  2.612342e-001  1.581782e-001  4.803163e-002  -0.000000e+000  
9.489277e-001  9.541475e-001  9.629542e-001  9.719706e-001  9.293775e-001  8.360612e-001  7.454865e-001  6.614896e-001  5.856151e-001  5.180309e-001  4.582300e-001  4.054440e-001  3.355562e-001  2.624612e-001  1.600106e-001  4.884086e-002  -0.000000e+000  
8.950145e-001  8.970443e-001  8.998489e-001  9.009706e-001  8.625314e-001  7.851246e-001  7.080741e-001  6.346880e-001  5.667564e-001  5.049667e-001  4.493351e-001  3.995217e-001  3.327796e-001  2.617594e-001  1.608787e-001  4.940603e-002  -0.000000e+000  
8.331759e-001  8.329935e-001  8.317371e-001  8.277121e-001  7.934958e-001  7.295640e-001  6.646329e-001  6.013994e-001  5.415863e-001  4.861028e-001  4.352831e-001  3.890992e-001  3.264254e-001  2.584220e-001  1.603246e-001  4.958519e-002  -0.000000e+000  
7.403277e-001  7.382192e-001  7.335183e-001  7.253283e-001  6.969209e-001  6.487111e-001  5.985366e-001  5.483084e-001  4.994539e-001  4.529236e-001  4.092680e-001  3.687365e-001  3.126838e-001  2.500082e-001  1.573865e-001  4.921605e-002  -0.000000e+000  
5.656675e-001  5.627298e-001  5.567438e-001  5.475118e-001  5.286293e-001  5.004566e-001  4.701590e-001  4.386721e-001  4.068084e-001  3.752282e-001  3.444346e-001  3.147853e-001  2.723752e-001  2.221041e-001  1.440976e-001  4.611961e-002  -0.000000e+000  
3.748319e-001  3.726854e-001  3.683869e-001  3.619304e-001  3.511189e-001  3.362066e-001  3.197992e-001  3.023000e-001  2.840896e-001  2.655102e-001  2.468562e-001  2.283702e-001  2.011793e-001  1.672118e-001  1.119919e-001  3.682410e-002  -0.000000e+000  
2.038544e-001  2.027099e-001  2.004289e-001  1.970279e-001  1.918024e-001  1.848935e-001  1.771824e-001  1.688241e-001  1.599720e-001  1.507718e-001  1.413573e-001  1.318471e-001  1.175904e-001  9.910681e-002  6.802095e-002  2.287336e-002  -0.000000e+000  
6.133584e-002  6.099802e-002  6.032540e-002  5.932410e-002  5.782510e-002  5.587107e-002  5.367876e-002  5.128840e-002  4.874051e-002  4.607441e-002  4.332704e-002  4.053194e-002  3.631205e-002  3.076387e-002  2.131194e-002  7.230226e-003  -0.000000e+000  
-0.000000e+000  -0.000000e+000  -0.000000e+000  -0.000000e+000  -0.000000e+000  -0.000000e+000  -0.000000e+000  -0.000000e+000  -0.000000e+000  -0.000000e+000  -0.000000e+000  -0.000000e+000  -0.000000e+000  -0.000000e+000  -0.000000e+000  -0.000000e+000  -0.000000e+000  

