Port monitor named: Port1_e1[2.4].prt

nx        = 42
ny        = 4
nz        = 19

nu        = 17
nv        = 40
iu        = 2
iv        = 2

idir      = 1
dcut      = -4.860000e-002
icut      = 2
type      = 0
frequency = 2.400000e+009

fcutoff   = 0.000000e+000
alpha     = 0.000000e+000
beta      = 9.676709e+001
accuracy  = 1.780612e-010

type          = QTEM
wave imp.     = 2.253234e+002
wave imp.sig. = 2.525284e+001
line imp.     = 2.870333e+001

ref. port     = 0

-4.409598e+001  -4.371821e+001  -4.297530e+001  -4.189149e+001  -1.806730e+002  -1.778475e+002  -1.738519e+002  -1.687965e+002  -1.628078e+002  -1.560216e+002  -1.485755e+002  -1.406036e+002  -1.280461e+002  -1.103894e+002  -7.873200e+001  -2.747083e+001  -0.000000e+000  
-4.717870e+001  -4.669507e+001  -4.574931e+001  -4.438232e+001  -1.907011e+002  -1.872756e+002  -1.825108e+002  -1.765676e+002  -1.696232e+002  -1.618593e+002  -1.534536e+002  -1.445716e+002  -1.307583e+002  -1.118110e+002  -7.857981e+001  -2.703402e+001  -0.000000e+000  
-6.178151e+001  -6.067621e+001  -5.854619e+001  -5.554298e+001  -2.344943e+002  -2.278459e+002  -2.191033e+002  -2.087161e+002  -1.971305e+002  -1.847593e+002  -1.719626e+002  -1.590384e+002  -1.398126e+002  -1.156511e+002  -7.655274e+001  -2.488813e+001  -0.000000e+000  
-9.605998e+001  -9.281429e+001  -8.664581e+001  -7.815815e+001  -3.165950e+002  -3.005463e+002  -2.811282e+002  -2.596823e+002  -2.373707e+002  -2.151153e+002  -1.935875e+002  -1.732316e+002  -1.448394e+002  -1.133592e+002  -6.808625e+001  -2.030392e+001  -0.000000e+000  
-1.844297e+002  -1.735753e+002  -1.531479e+002  -1.255607e+002  -4.658546e+002  -4.215528e+002  -3.733418e+002  -3.251317e+002  -2.796227e+002  -2.383746e+002  -2.020559e+002  -1.707288e+002  -1.307737e+002  -9.333062e+001  -4.768834e+001  -1.230286e+001  -0.000000e+000  
-2.960946e+002  -2.734396e+002  -2.308252e+002  -1.735742e+002  -5.863252e+002  -5.038492e+002  -4.217218e+002  -3.465692e+002  -2.815323e+002  -2.272694e+002  -1.830472e+002  -1.475402e+002  -1.051792e+002  -6.967208e+001  -3.090570e+001  -6.835078e+000  -0.000000e+000  
-3.871735e+002  -3.544189e+002  -2.924177e+002  -2.087054e+002  -6.596060e+002  -5.454408e+002  -4.380808e+002  -3.454720e+002  -2.697509e+002  -2.097868e+002  -1.631630e+002  -1.272831e+002  -8.612843e+001  -5.379104e+001  -2.085820e+001  -3.775345e+000  -0.000000e+000  
-5.122378e+002  -4.657410e+002  -3.765264e+002  -2.543510e+002  -7.404181e+002  -5.820930e+002  -4.428752e+002  -3.309554e+002  -2.453878e+002  -1.816309e+002  -1.346763e+002  -1.002642e+002  -6.256722e+001  -3.516452e+001  -9.779055e+000  -5.274054e-001  -0.000000e+000  
-6.495782e+002  -5.890095e+002  -4.701823e+002  -3.030738e+002  -8.088453e+002  -6.008728e+002  -4.306759e+002  -3.035217e+002  -2.126121e+002  -1.487382e+002  -1.040457e+002  -7.276703e+001  -4.000328e+001  -1.807114e+001  -9.879902e-002  2.225504e+000  -0.000000e+000  
-8.285242e+002  -7.523038e+002  -5.970127e+002  -3.676344e+002  -8.743389e+002  -5.996549e+002  -3.954971e+002  -2.566925e+002  -1.653583e+002  -1.055720e+002  -6.623061e+001  -4.021563e+001  -1.452498e+001  6.025200e-001  1.008303e+001  5.052739e+000  -0.000000e+000  
-1.059825e+003  -9.699320e+002  -7.747742e+002  -4.596313e+002  -9.247434e+002  -5.607037e+002  -3.252303e+002  -1.843532e+002  -1.011470e+002  -5.141523e+001  -2.124965e+001  -2.881998e+000  1.353158e+001  2.059922e+001  2.064475e+001  7.925850e+000  -0.000000e+000  
-1.352856e+003  -1.259900e+003  -1.035057e+003  -6.083275e+002  -9.301381e+002  -4.525598e+002  -2.039864e+002  -8.092514e+001  -1.888603e+001  1.329770e+001  3.010383e+001  3.847031e+001  4.360438e+001  4.156495e+001  3.144233e+001  1.081336e+001  -0.000000e+000  
-1.613835e+003  -1.536145e+003  -1.320668e+003  -8.121911e+002  -8.511373e+002  -2.907556e+002  -6.891198e+001  1.803839e+001  5.323114e+001  6.717268e+001  7.153357e+001  7.118263e+001  6.691498e+001  5.759940e+001  3.956988e+001  1.296127e+001  -0.000000e+000  
-1.904607e+003  -1.865377e+003  -1.719167e+003  -1.200005e+003  -6.053473e+002  -2.643569e+001  1.070307e+002  1.327018e+002  1.318141e+002  1.239811e+002  1.144224e+002  1.046815e+002  9.052896e+001  7.372468e+001  4.766632e+001  1.508359e+001  -0.000000e+000  
-2.210302e+003  -2.235672e+003  -2.261355e+003  -2.040101e+003  4.328845e+001  3.729255e+002  3.157010e+002  2.554741e+002  2.125591e+002  1.813655e+002  1.574154e+002  1.381324e+002  1.140250e+002  8.972401e+001  5.565716e+001  1.716534e+001  -0.000000e+000  
-2.505964e+003  -2.605596e+003  -2.898557e+003  -3.831545e+003  2.235977e+003  8.897367e+002  5.254164e+002  3.731068e+002  2.898412e+002  2.366314e+002  1.990607e+002  1.706686e+002  1.369754e+002  1.053791e+002  6.346759e+001  1.919150e+001  -0.000000e+000  
-2.819719e+003  -2.961267e+003  -3.346141e+003  -4.326667e+003  2.088488e+003  1.117655e+003  6.968935e+002  4.904430e+002  3.734312e+002  2.989030e+002  2.471002e+002  2.087348e+002  1.641963e+002  1.240793e+002  7.282928e+001  2.161365e+001  -0.000000e+000  
-3.048487e+003  -3.171166e+003  -3.437559e+003  -3.819319e+003  1.509758e+003  1.088240e+003  7.682857e+002  5.661425e+002  4.373365e+002  3.507104e+002  2.889989e+002  2.428698e+002  1.892659e+002  1.415535e+002  8.166408e+001  2.389909e+001  -0.000000e+000  
-3.284740e+003  -3.331944e+003  -3.412001e+003  -3.486359e+003  9.981621e+002  8.886229e+002  7.467769e+002  6.154438e+002  5.066471e+002  4.199541e+002  3.514373e+002  2.969934e+002  2.314200e+002  1.719038e+002  9.738657e+001  2.798134e+001  -0.000000e+000  
-3.381685e+003  -3.387665e+003  -3.396665e+003  -3.403586e+003  6.912841e+002  6.663286e+002  6.220181e+002  5.671944e+002  5.087649e+002  4.512454e+002  3.972184e+002  3.479303e+002  2.817087e+002  2.133644e+002  1.213515e+002  3.438354e+001  -0.000000e+000  
-3.381685e+003  -3.387665e+003  -3.396665e+003  -3.403586e+003  6.912841e+002  6.663286e+002  6.220181e+002  5.671944e+002  5.087649e+002  4.512454e+002  3.972184e+002  3.479303e+002  2.817087e+002  2.133644e+002  1.213515e+002  3.438354e+001  -0.000000e+000  
-3.284740e+003  -3.331944e+003  -3.412001e+003  -3.486359e+003  9.981621e+002  8.886229e+002  7.467769e+002  6.154438e+002  5.066471e+002  4.199541e+002  3.514373e+002  2.969934e+002  2.314200e+002  1.719038e+002  9.738657e+001  2.798134e+001  -0.000000e+000  
-3.048487e+003  -3.171166e+003  -3.437559e+003  -3.819319e+003  1.509758e+003  1.088240e+003  7.682857e+002  5.661425e+002  4.373365e+002  3.507104e+002  2.889989e+002  2.428698e+002  1.892659e+002  1.415535e+002  8.166408e+001  2.389909e+001  -0.000000e+000  
-2.819719e+003  -2.961267e+003  -3.346141e+003  -4.326667e+003  2.088488e+003  1.117655e+003  6.968935e+002  4.904430e+002  3.734312e+002  2.989030e+002  2.471002e+002  2.087348e+002  1.641963e+002  1.240793e+002  7.282928e+001  2.161365e+001  -0.000000e+000  
-2.505964e+003  -2.605596e+003  -2.898557e+003  -3.831545e+003  2.235977e+003  8.897367e+002  5.254164e+002  3.731068e+002  2.898412e+002  2.366314e+002  1.990607e+002  1.706686e+002  1.369754e+002  1.053791e+002  6.346759e+001  1.919150e+001  -0.000000e+000  
-2.210302e+003  -2.235672e+003  -2.261355e+003  -2.040101e+003  4.328845e+001  3.729255e+002  3.157010e+002  2.554741e+002  2.125591e+002  1.813655e+002  1.574154e+002  1.381324e+002  1.140250e+002  8.972401e+001  5.565716e+001  1.716534e+001  -0.000000e+000  
-1.904607e+003  -1.865377e+003  -1.719167e+003  -1.200005e+003  -6.053473e+002  -2.643569e+001  1.070307e+002  1.327018e+002  1.318141e+002  1.239811e+002  1.144224e+002  1.046815e+002  9.052896e+001  7.372468e+001  4.766632e+001  1.508359e+001  -0.000000e+000  
-1.613835e+003  -1.536145e+003  -1.320668e+003  -8.121911e+002  -8.511373e+002  -2.907556e+002  -6.891198e+001  1.803839e+001  5.323114e+001  6.717268e+001  7.153357e+001  7.118263e+001  6.691498e+001  5.759940e+001  3.956988e+001  1.296127e+001  -0.000000e+000  
-1.352856e+003  -1.259900e+003  -1.035057e+003  -6.083275e+002  -9.301381e+002  -4.525598e+002  -2.039864e+002  -8.092514e+001  -1.888603e+001  1.329770e+001  3.010383e+001  3.847031e+001  4.360438e+001  4.156495e+001  3.144233e+001  1.081336e+001  -0.000000e+000  
-1.059825e+003  -9.699320e+002  -7.747742e+002  -4.596313e+002  -9.247434e+002  -5.607037e+002  -3.252303e+002  -1.843532e+002  -1.011470e+002  -5.141523e+001  -2.124965e+001  -2.881998e+000  1.353158e+001  2.059922e+001  2.064475e+001  7.925850e+000  -0.000000e+000  
-8.285242e+002  -7.523038e+002  -5.970127e+002  -3.676344e+002  -8.743389e+002  -5.996549e+002  -3.954971e+002  -2.566925e+002  -1.653583e+002  -1.055720e+002  -6.623061e+001  -4.021563e+001  -1.452498e+001  6.025200e-001  1.008303e+001  5.052739e+000  -0.000000e+000  
-6.495782e+002  -5.890095e+002  -4.701823e+002  -3.030738e+002  -8.088453e+002  -6.008728e+002  -4.306759e+002  -3.035217e+002  -2.126121e+002  -1.487382e+002  -1.040457e+002  -7.276703e+001  -4.000328e+001  -1.807114e+001  -9.879902e-002  2.225504e+000  -0.000000e+000  
-5.122378e+002  -4.657410e+002  -3.765264e+002  -2.543510e+002  -7.404181e+002  -5.820930e+002  -4.428752e+002  -3.309554e+002  -2.453878e+002  -1.816309e+002  -1.346763e+002  -1.002642e+002  -6.256722e+001  -3.516452e+001  -9.779055e+000  -5.274054e-001  -0.000000e+000  
-3.871735e+002  -3.544189e+002  -2.924177e+002  -2.087054e+002  -6.596060e+002  -5.454408e+002  -4.380808e+002  -3.454720e+002  -2.697509e+002  -2.097868e+002  -1.631630e+002  -1.272831e+002  -8.612843e+001  -5.379104e+001  -2.085820e+001  -3.775345e+000  -0.000000e+000  
-2.960946e+002  -2.734396e+002  -2.308252e+002  -1.735742e+002  -5.863252e+002  -5.038492e+002  -4.217218e+002  -3.465692e+002  -2.815323e+002  -2.272694e+002  -1.830472e+002  -1.475402e+002  -1.051792e+002  -6.967208e+001  -3.090570e+001  -6.835078e+000  -0.000000e+000  
-1.844297e+002  -1.735753e+002  -1.531479e+002  -1.255607e+002  -4.658546e+002  -4.215528e+002  -3.733418e+002  -3.251317e+002  -2.796227e+002  -2.383746e+002  -2.020559e+002  -1.707288e+002  -1.307737e+002  -9.333062e+001  -4.768834e+001  -1.230286e+001  -0.000000e+000  
-9.605998e+001  -9.281429e+001  -8.664581e+001  -7.815815e+001  -3.165950e+002  -3.005463e+002  -2.811282e+002  -2.596823e+002  -2.373707e+002  -2.151153e+002  -1.935875e+002  -1.732316e+002  -1.448394e+002  -1.133592e+002  -6.808625e+001  -2.030392e+001  -0.000000e+000  
-6.178151e+001  -6.067621e+001  -5.854619e+001  -5.554298e+001  -2.344943e+002  -2.278459e+002  -2.191033e+002  -2.087161e+002  -1.971305e+002  -1.847593e+002  -1.719626e+002  -1.590384e+002  -1.398126e+002  -1.156511e+002  -7.655274e+001  -2.488813e+001  -0.000000e+000  
-4.717870e+001  -4.669507e+001  -4.574931e+001  -4.438232e+001  -1.907011e+002  -1.872756e+002  -1.825108e+002  -1.765676e+002  -1.696232e+002  -1.618593e+002  -1.534536e+002  -1.445716e+002  -1.307583e+002  -1.118110e+002  -7.857981e+001  -2.703402e+001  -0.000000e+000  
-4.409598e+001  -4.371821e+001  -4.297530e+001  -4.189149e+001  -1.806730e+002  -1.778475e+002  -1.738519e+002  -1.687965e+002  -1.628078e+002  -1.560216e+002  -1.485755e+002  -1.406036e+002  -1.280461e+002  -1.103894e+002  -7.873200e+001  -2.747083e+001  -0.000000e+000  

-0.000000e+000  -2.823002e-001  -5.414196e-001  -7.563093e-001  -9.099286e-001  -3.164984e+000  -5.272154e+000  -7.187046e+000  -8.878838e+000  -1.033019e+001  -1.153616e+001  -1.250235e+001  -1.324279e+001  -1.410691e+001  -1.435797e+001  -1.321481e+001  -1.188088e+001  
-0.000000e+000  -1.344665e+000  -2.574623e+000  -3.586833e+000  -4.300099e+000  -1.245865e+001  -1.995478e+001  -2.662632e+001  -3.237441e+001  -3.715915e+001  -4.099108e+001  -4.392052e+001  -4.602641e+001  -4.805890e+001  -4.807372e+001  -4.279674e+001  -3.783452e+001  
-0.000000e+000  -5.116106e+000  -9.750612e+000  -1.347834e+001  -1.597933e+001  -3.450497e+001  -5.069190e+001  -6.421829e+001  -7.499297e+001  -8.310939e+001  -8.879165e+001  -9.234302e+001  -9.410303e+001  -9.327973e+001  -8.919948e+001  -7.302461e+001  -6.189119e+001  
-0.000000e+000  -1.718868e+001  -3.254832e+001  -4.448397e+001  -5.184251e+001  -8.826386e+001  -1.171725e+002  -1.384387e+002  -1.526293e+002  -1.607268e+002  -1.638828e+002  -1.632438e+002  -1.598485e+002  -1.474399e+002  -1.326230e+002  -9.789842e+001  -7.890472e+001  
-0.000000e+000  -4.907203e+001  -9.237757e+001  -1.248468e+002  -1.428424e+002  -2.034379e+002  -2.433470e+002  -2.649400e+002  -2.720724e+002  -2.688308e+002  -2.587955e+002  -2.447669e+002  -2.287767e+002  -1.951009e+002  -1.646437e+002  -1.106635e+002  -8.542262e+001  
-0.000000e+000  -8.290727e+001  -1.559177e+002  -2.099377e+002  -2.380549e+002  -3.122417e+002  -3.519453e+002  -3.643123e+002  -3.579250e+002  -3.402407e+002  -3.167309e+002  -2.910034e+002  -2.652609e+002  -2.175216e+002  -1.779610e+002  -1.145555e+002  -8.665264e+001  
-0.000000e+000  -1.157430e+002  -2.180024e+002  -2.935699e+002  -3.314330e+002  -4.133519e+002  -4.471168e+002  -4.463251e+002  -4.248160e+002  -3.930058e+002  -3.575341e+002  -3.221753e+002  -2.888678e+002  -2.310465e+002  -1.853581e+002  -1.161372e+002  -8.672155e+001  
-0.000000e+000  -1.582150e+002  -2.994379e+002  -4.049196e+002  -4.562021e+002  -5.411934e+002  -5.595205e+002  -5.365286e+002  -4.935569e+002  -4.439787e+002  -3.948230e+002  -3.492558e+002  -3.084009e+002  -2.413014e+002  -1.903279e+002  -1.165423e+002  -8.606120e+001  
-0.000000e+000  -2.079968e+002  -3.970680e+002  -5.420855e+002  -6.119381e+002  -6.924025e+002  -6.831683e+002  -6.286859e+002  -5.591839e+002  -4.898203e+002  -4.266357e+002  -3.712665e+002  -3.235237e+002  -2.485030e+002  -1.932556e+002  -1.160892e+002  -8.491916e+001  
-0.000000e+000  -2.707780e+002  -5.249741e+002  -7.309359e+002  -8.333115e+002  -8.927126e+002  -8.318399e+002  -7.294561e+002  -6.251625e+002  -5.326895e+002  -4.545419e+002  -3.894305e+002  -3.351993e+002  -2.532172e+002  -1.944292e+002  -1.147691e+002  -8.321276e+001  
-0.000000e+000  -3.449310e+002  -6.860117e+002  -9.910168e+002  -1.161159e+003  -1.158834e+003  -1.003625e+003  -8.318169e+002  -6.852169e+002  -5.682078e+002  -4.757354e+002  -4.019998e+002  -3.423507e+002  -2.549846e+002  -1.936538e+002  -1.125428e+002  -8.093288e+001  
-0.000000e+000  -4.120094e+002  -8.483887e+002  -1.299418e+003  -1.618191e+003  -1.464598e+003  -1.162313e+003  -9.099158e+002  -7.241622e+002  -5.880198e+002  -4.857095e+002  -4.065871e+002  -3.437920e+002  -2.536186e+002  -1.911402e+002  -1.097818e+002  -7.843623e+001  
-0.000000e+000  -4.599812e+002  -9.816374e+002  -1.614289e+003  -2.228871e+003  -1.772039e+003  -1.283522e+003  -9.569519e+002  -7.427674e+002  -5.949726e+002  -4.874244e+002  -4.057374e+002  -3.415932e+002  -2.504584e+002  -1.877664e+002  -1.068912e+002  -7.597836e+001  
-0.000000e+000  -4.841084e+002  -1.071956e+003  -1.935951e+003  -3.278466e+003  -2.089844e+003  -1.356179e+003  -9.703230e+002  -7.415614e+002  -5.899774e+002  -4.815069e+002  -3.997423e+002  -3.357856e+002  -2.452493e+002  -1.831519e+002  -1.034738e+002  -7.320360e+001  
-0.000000e+000  -4.681603e+002  -1.055622e+003  -2.072791e+003  -5.304865e+003  -2.270606e+003  -1.323963e+003  -9.364800e+002  -7.172729e+002  -5.721628e+002  -4.676981e+002  -3.885187e+002  -3.263439e+002  -2.379894e+002  -1.773000e+002  -9.953553e+001  -7.011802e+001  
-0.000000e+000  -3.985696e+002  -8.511655e+002  -1.422246e+003  -0.000000e+000  -1.438364e+003  -1.098245e+003  -8.417156e+002  -6.651601e+002  -5.386230e+002  -4.438279e+002  -3.703279e+002  -3.118256e+002  -2.276053e+002  -1.693745e+002  -9.454474e+001  -6.631667e+001  
-0.000000e+000  -2.890920e+002  -5.536018e+002  -6.644591e+002  -0.000000e+000  -7.730148e+002  -8.094975e+002  -6.996843e+002  -5.843549e+002  -4.869010e+002  -4.076652e+002  -3.433678e+002  -2.908079e+002  -2.131945e+002  -1.587931e+002  -8.825047e+001  -6.165224e+001  
-0.000000e+000  -1.468136e+002  -2.447042e+002  -2.218771e+002  -0.000000e+000  -3.395586e+002  -4.801319e+002  -4.912130e+002  -4.511469e+002  -3.969798e+002  -3.433126e+002  -2.950081e+002  -2.531172e+002  -1.877058e+002  -1.404319e+002  -7.773206e+001  -5.401902e+001  
-0.000000e+000  -2.239534e+001  -3.370687e+001  -2.591633e+001  -0.000000e+000  -8.324312e+001  -1.479120e+002  -1.831959e+002  -1.955053e+002  -1.927758e+002  -1.814269e+002  -1.658961e+002  -1.489952e+002  -1.161085e+002  -8.912387e+001  -4.947338e+001  -3.408414e+001  
-0.000000e+000  -0.000000e+000  -0.000000e+000  -0.000000e+000  -0.000000e+000  -0.000000e+000  -0.000000e+000  -0.000000e+000  -0.000000e+000  -0.000000e+000  -0.000000e+000  -0.000000e+000  -0.000000e+000  -0.000000e+000  -0.000000e+000  -0.000000e+000  -0.000000e+000  
-0.000000e+000  2.239534e+001  3.370687e+001  2.591633e+001  -0.000000e+000  8.324312e+001  1.479120e+002  1.831959e+002  1.955053e+002  1.927758e+002  1.814269e+002  1.658961e+002  1.489952e+002  1.161085e+002  8.912387e+001  4.947338e+001  3.408414e+001  
-0.000000e+000  1.468136e+002  2.447042e+002  2.218771e+002  -0.000000e+000  3.395586e+002  4.801319e+002  4.912130e+002  4.511469e+002  3.969798e+002  3.433126e+002  2.950081e+002  2.531172e+002  1.877058e+002  1.404319e+002  7.773206e+001  5.401902e+001  
-0.000000e+000  2.890920e+002  5.536018e+002  6.644591e+002  -0.000000e+000  7.730148e+002  8.094975e+002  6.996843e+002  5.843549e+002  4.869010e+002  4.076652e+002  3.433678e+002  2.908079e+002  2.131945e+002  1.587931e+002  8.825047e+001  6.165224e+001  
-0.000000e+000  3.985696e+002  8.511655e+002  1.422246e+003  -0.000000e+000  1.438364e+003  1.098245e+003  8.417156e+002  6.651601e+002  5.386230e+002  4.438279e+002  3.703279e+002  3.118256e+002  2.276053e+002  1.693745e+002  9.454474e+001  6.631667e+001  
-0.000000e+000  4.681603e+002  1.055622e+003  2.072791e+003  5.304865e+003  2.270606e+003  1.323963e+003  9.364800e+002  7.172729e+002  5.721628e+002  4.676981e+002  3.885187e+002  3.263439e+002  2.379894e+002  1.773000e+002  9.953553e+001  7.011802e+001  
-0.000000e+000  4.841084e+002  1.071956e+003  1.935951e+003  3.278466e+003  2.089844e+003  1.356179e+003  9.703230e+002  7.415614e+002  5.899774e+002  4.815069e+002  3.997423e+002  3.357856e+002  2.452493e+002  1.831519e+002  1.034738e+002  7.320360e+001  
-0.000000e+000  4.599812e+002  9.816374e+002  1.614289e+003  2.228871e+003  1.772039e+003  1.283522e+003  9.569519e+002  7.427674e+002  5.949726e+002  4.874244e+002  4.057374e+002  3.415932e+002  2.504584e+002  1.877664e+002  1.068912e+002  7.597836e+001  
-0.000000e+000  4.120094e+002  8.483887e+002  1.299418e+003  1.618191e+003  1.464598e+003  1.162313e+003  9.099158e+002  7.241622e+002  5.880198e+002  4.857095e+002  4.065871e+002  3.437920e+002  2.536186e+002  1.911402e+002  1.097818e+002  7.843623e+001  
-0.000000e+000  3.449310e+002  6.860117e+002  9.910168e+002  1.161159e+003  1.158834e+003  1.003625e+003  8.318169e+002  6.852169e+002  5.682078e+002  4.757354e+002  4.019998e+002  3.423507e+002  2.549846e+002  1.936538e+002  1.125428e+002  8.093288e+001  
-0.000000e+000  2.707780e+002  5.249741e+002  7.309359e+002  8.333115e+002  8.927126e+002  8.318399e+002  7.294561e+002  6.251625e+002  5.326895e+002  4.545419e+002  3.894305e+002  3.351993e+002  2.532172e+002  1.944292e+002  1.147691e+002  8.321276e+001  
-0.000000e+000  2.079968e+002  3.970680e+002  5.420855e+002  6.119381e+002  6.924025e+002  6.831683e+002  6.286859e+002  5.591839e+002  4.898203e+002  4.266357e+002  3.712665e+002  3.235237e+002  2.485030e+002  1.932556e+002  1.160892e+002  8.491916e+001  
-0.000000e+000  1.582150e+002  2.994379e+002  4.049196e+002  4.562021e+002  5.411934e+002  5.595205e+002  5.365286e+002  4.935569e+002  4.439787e+002  3.948230e+002  3.492558e+002  3.084009e+002  2.413014e+002  1.903279e+002  1.165423e+002  8.606120e+001  
-0.000000e+000  1.157430e+002  2.180024e+002  2.935699e+002  3.314330e+002  4.133519e+002  4.471168e+002  4.463251e+002  4.248160e+002  3.930058e+002  3.575341e+002  3.221753e+002  2.888678e+002  2.310465e+002  1.853581e+002  1.161372e+002  8.672155e+001  
-0.000000e+000  8.290727e+001  1.559177e+002  2.099377e+002  2.380549e+002  3.122417e+002  3.519453e+002  3.643123e+002  3.579250e+002  3.402407e+002  3.167309e+002  2.910034e+002  2.652609e+002  2.175216e+002  1.779610e+002  1.145555e+002  8.665264e+001  
-0.000000e+000  4.907203e+001  9.237757e+001  1.248468e+002  1.428424e+002  2.034379e+002  2.433470e+002  2.649400e+002  2.720724e+002  2.688308e+002  2.587955e+002  2.447669e+002  2.287767e+002  1.951009e+002  1.646437e+002  1.106635e+002  8.542262e+001  
-0.000000e+000  1.718868e+001  3.254832e+001  4.448397e+001  5.184251e+001  8.826386e+001  1.171725e+002  1.384387e+002  1.526293e+002  1.607268e+002  1.638828e+002  1.632438e+002  1.598485e+002  1.474399e+002  1.326230e+002  9.789842e+001  7.890472e+001  
-0.000000e+000  5.116106e+000  9.750612e+000  1.347834e+001  1.597933e+001  3.450497e+001  5.069190e+001  6.421829e+001  7.499297e+001  8.310939e+001  8.879165e+001  9.234302e+001  9.410303e+001  9.327973e+001  8.919948e+001  7.302461e+001  6.189119e+001  
-0.000000e+000  1.344665e+000  2.574623e+000  3.586833e+000  4.300099e+000  1.245865e+001  1.995478e+001  2.662632e+001  3.237441e+001  3.715915e+001  4.099108e+001  4.392052e+001  4.602641e+001  4.805890e+001  4.807372e+001  4.279674e+001  3.783452e+001  
-0.000000e+000  2.823002e-001  5.414196e-001  7.563093e-001  9.099286e-001  3.164984e+000  5.272154e+000  7.187046e+000  8.878838e+000  1.033019e+001  1.153616e+001  1.250235e+001  1.324279e+001  1.410691e+001  1.435797e+001  1.321481e+001  1.188088e+001  
-0.000000e+000  -0.000000e+000  -0.000000e+000  -0.000000e+000  -0.000000e+000  -0.000000e+000  -0.000000e+000  -0.000000e+000  -0.000000e+000  -0.000000e+000  -0.000000e+000  -0.000000e+000  -0.000000e+000  -0.000000e+000  -0.000000e+000  -0.000000e+000  -0.000000e+000  

0.000000e+000  0.000000e+000  0.000000e+000  0.000000e+000  0.000000e+000  0.000000e+000  0.000000e+000  0.000000e+000  0.000000e+000  0.000000e+000  0.000000e+000  0.000000e+000  0.000000e+000  0.000000e+000  0.000000e+000  0.000000e+000  0.000000e+000  
0.000000e+000  0.000000e+000  0.000000e+000  0.000000e+000  0.000000e+000  0.000000e+000  0.000000e+000  0.000000e+000  0.000000e+000  0.000000e+000  0.000000e+000  0.000000e+000  0.000000e+000  0.000000e+000  0.000000e+000  0.000000e+000  0.000000e+000  
0.000000e+000  0.000000e+000  0.000000e+000  0.000000e+000  0.000000e+000  0.000000e+000  0.000000e+000  0.000000e+000  0.000000e+000  0.000000e+000  0.000000e+000  0.000000e+000  0.000000e+000  0.000000e+000  0.000000e+000  0.000000e+000  0.000000e+000  
0.000000e+000  0.000000e+000  0.000000e+000  0.000000e+000  0.000000e+000  0.000000e+000  0.000000e+000  0.000000e+000  0.000000e+000  0.000000e+000  0.000000e+000  0.000000e+000  0.000000e+000  0.000000e+000  0.000000e+000  0.000000e+000  0.000000e+000  
0.000000e+000  0.000000e+000  0.000000e+000  0.000000e+000  0.000000e+000  0.000000e+000  0.000000e+000  0.000000e+000  0.000000e+000  0.000000e+000  0.000000e+000  0.000000e+000  0.000000e+000  0.000000e+000  0.000000e+000  0.000000e+000  0.000000e+000  
0.000000e+000  0.000000e+000  0.000000e+000  0.000000e+000  0.000000e+000  0.000000e+000  0.000000e+000  0.000000e+000  0.000000e+000  0.000000e+000  0.000000e+000  0.000000e+000  0.000000e+000  0.000000e+000  0.000000e+000  0.000000e+000  0.000000e+000  
0.000000e+000  0.000000e+000  0.000000e+000  0.000000e+000  0.000000e+000  0.000000e+000  0.000000e+000  0.000000e+000  0.000000e+000  0.000000e+000  0.000000e+000  0.000000e+000  0.000000e+000  0.000000e+000  0.000000e+000  0.000000e+000  0.000000e+000  
0.000000e+000  0.000000e+000  0.000000e+000  0.000000e+000  0.000000e+000  0.000000e+000  0.000000e+000  0.000000e+000  0.000000e+000  0.000000e+000  0.000000e+000  0.000000e+000  0.000000e+000  0.000000e+000  0.000000e+000  0.000000e+000  0.000000e+000  
0.000000e+000  0.000000e+000  0.000000e+000  0.000000e+000  0.000000e+000  0.000000e+000  0.000000e+000  0.000000e+000  0.000000e+000  0.000000e+000  0.000000e+000  0.000000e+000  0.000000e+000  0.000000e+000  0.000000e+000  0.000000e+000  0.000000e+000  
0.000000e+000  0.000000e+000  0.000000e+000  0.000000e+000  0.000000e+000  0.000000e+000  0.000000e+000  0.000000e+000  0.000000e+000  0.000000e+000  0.000000e+000  0.000000e+000  0.000000e+000  0.000000e+000  0.000000e+000  0.000000e+000  0.000000e+000  
0.000000e+000  0.000000e+000  0.000000e+000  0.000000e+000  0.000000e+000  0.000000e+000  0.000000e+000  0.000000e+000  0.000000e+000  0.000000e+000  0.000000e+000  0.000000e+000  0.000000e+000  0.000000e+000  0.000000e+000  0.000000e+000  0.000000e+000  
0.000000e+000  0.000000e+000  0.000000e+000  0.000000e+000  0.000000e+000  0.000000e+000  0.000000e+000  0.000000e+000  0.000000e+000  0.000000e+000  0.000000e+000  0.000000e+000  0.000000e+000  0.000000e+000  0.000000e+000  0.000000e+000  0.000000e+000  
0.000000e+000  0.000000e+000  0.000000e+000  0.000000e+000  0.000000e+000  0.000000e+000  0.000000e+000  0.000000e+000  0.000000e+000  0.000000e+000  0.000000e+000  0.000000e+000  0.000000e+000  0.000000e+000  0.000000e+000  0.000000e+000  0.000000e+000  
0.000000e+000  0.000000e+000  0.000000e+000  0.000000e+000  0.000000e+000  0.000000e+000  0.000000e+000  0.000000e+000  0.000000e+000  0.000000e+000  0.000000e+000  0.000000e+000  0.000000e+000  0.000000e+000  0.000000e+000  0.000000e+000  0.000000e+000  
0.000000e+000  0.000000e+000  0.000000e+000  0.000000e+000  0.000000e+000  0.000000e+000  0.000000e+000  0.000000e+000  0.000000e+000  0.000000e+000  0.000000e+000  0.000000e+000  0.000000e+000  0.000000e+000  0.000000e+000  0.000000e+000  0.000000e+000  
0.000000e+000  0.000000e+000  0.000000e+000  0.000000e+000  0.000000e+000  0.000000e+000  0.000000e+000  0.000000e+000  0.000000e+000  0.000000e+000  0.000000e+000  0.000000e+000  0.000000e+000  0.000000e+000  0.000000e+000  0.000000e+000  0.000000e+000  
0.000000e+000  0.000000e+000  0.000000e+000  0.000000e+000  0.000000e+000  0.000000e+000  0.000000e+000  0.000000e+000  0.000000e+000  0.000000e+000  0.000000e+000  0.000000e+000  0.000000e+000  0.000000e+000  0.000000e+000  0.000000e+000  0.000000e+000  
0.000000e+000  0.000000e+000  0.000000e+000  0.000000e+000  0.000000e+000  0.000000e+000  0.000000e+000  0.000000e+000  0.000000e+000  0.000000e+000  0.000000e+000  0.000000e+000  0.000000e+000  0.000000e+000  0.000000e+000  0.000000e+000  0.000000e+000  
0.000000e+000  0.000000e+000  0.000000e+000  0.000000e+000  0.000000e+000  0.000000e+000  0.000000e+000  0.000000e+000  0.000000e+000  0.000000e+000  0.000000e+000  0.000000e+000  0.000000e+000  0.000000e+000  0.000000e+000  0.000000e+000  0.000000e+000  
0.000000e+000  0.000000e+000  0.000000e+000  0.000000e+000  0.000000e+000  0.000000e+000  0.000000e+000  0.000000e+000  0.000000e+000  0.000000e+000  0.000000e+000  0.000000e+000  0.000000e+000  0.000000e+000  0.000000e+000  0.000000e+000  0.000000e+000  
0.000000e+000  0.000000e+000  0.000000e+000  0.000000e+000  0.000000e+000  0.000000e+000  0.000000e+000  0.000000e+000  0.000000e+000  0.000000e+000  0.000000e+000  0.000000e+000  0.000000e+000  0.000000e+000  0.000000e+000  0.000000e+000  0.000000e+000  
0.000000e+000  0.000000e+000  0.000000e+000  0.000000e+000  0.000000e+000  0.000000e+000  0.000000e+000  0.000000e+000  0.000000e+000  0.000000e+000  0.000000e+000  0.000000e+000  0.000000e+000  0.000000e+000  0.000000e+000  0.000000e+000  0.000000e+000  
0.000000e+000  0.000000e+000  0.000000e+000  0.000000e+000  0.000000e+000  0.000000e+000  0.000000e+000  0.000000e+000  0.000000e+000  0.000000e+000  0.000000e+000  0.000000e+000  0.000000e+000  0.000000e+000  0.000000e+000  0.000000e+000  0.000000e+000  
0.000000e+000  0.000000e+000  0.000000e+000  0.000000e+000  0.000000e+000  0.000000e+000  0.000000e+000  0.000000e+000  0.000000e+000  0.000000e+000  0.000000e+000  0.000000e+000  0.000000e+000  0.000000e+000  0.000000e+000  0.000000e+000  0.000000e+000  
0.000000e+000  0.000000e+000  0.000000e+000  0.000000e+000  0.000000e+000  0.000000e+000  0.000000e+000  0.000000e+000  0.000000e+000  0.000000e+000  0.000000e+000  0.000000e+000  0.000000e+000  0.000000e+000  0.000000e+000  0.000000e+000  0.000000e+000  
0.000000e+000  0.000000e+000  0.000000e+000  0.000000e+000  0.000000e+000  0.000000e+000  0.000000e+000  0.000000e+000  0.000000e+000  0.000000e+000  0.000000e+000  0.000000e+000  0.000000e+000  0.000000e+000  0.000000e+000  0.000000e+000  0.000000e+000  
0.000000e+000  0.000000e+000  0.000000e+000  0.000000e+000  0.000000e+000  0.000000e+000  0.000000e+000  0.000000e+000  0.000000e+000  0.000000e+000  0.000000e+000  0.000000e+000  0.000000e+000  0.000000e+000  0.000000e+000  0.000000e+000  0.000000e+000  
0.000000e+000  0.000000e+000  0.000000e+000  0.000000e+000  0.000000e+000  0.000000e+000  0.000000e+000  0.000000e+000  0.000000e+000  0.000000e+000  0.000000e+000  0.000000e+000  0.000000e+000  0.000000e+000  0.000000e+000  0.000000e+000  0.000000e+000  
0.000000e+000  0.000000e+000  0.000000e+000  0.000000e+000  0.000000e+000  0.000000e+000  0.000000e+000  0.000000e+000  0.000000e+000  0.000000e+000  0.000000e+000  0.000000e+000  0.000000e+000  0.000000e+000  0.000000e+000  0.000000e+000  0.000000e+000  
0.000000e+000  0.000000e+000  0.000000e+000  0.000000e+000  0.000000e+000  0.000000e+000  0.000000e+000  0.000000e+000  0.000000e+000  0.000000e+000  0.000000e+000  0.000000e+000  0.000000e+000  0.000000e+000  0.000000e+000  0.000000e+000  0.000000e+000  
0.000000e+000  0.000000e+000  0.000000e+000  0.000000e+000  0.000000e+000  0.000000e+000  0.000000e+000  0.000000e+000  0.000000e+000  0.000000e+000  0.000000e+000  0.000000e+000  0.000000e+000  0.000000e+000  0.000000e+000  0.000000e+000  0.000000e+000  
0.000000e+000  0.000000e+000  0.000000e+000  0.000000e+000  0.000000e+000  0.000000e+000  0.000000e+000  0.000000e+000  0.000000e+000  0.000000e+000  0.000000e+000  0.000000e+000  0.000000e+000  0.000000e+000  0.000000e+000  0.000000e+000  0.000000e+000  
0.000000e+000  0.000000e+000  0.000000e+000  0.000000e+000  0.000000e+000  0.000000e+000  0.000000e+000  0.000000e+000  0.000000e+000  0.000000e+000  0.000000e+000  0.000000e+000  0.000000e+000  0.000000e+000  0.000000e+000  0.000000e+000  0.000000e+000  
0.000000e+000  0.000000e+000  0.000000e+000  0.000000e+000  0.000000e+000  0.000000e+000  0.000000e+000  0.000000e+000  0.000000e+000  0.000000e+000  0.000000e+000  0.000000e+000  0.000000e+000  0.000000e+000  0.000000e+000  0.000000e+000  0.000000e+000  
0.000000e+000  0.000000e+000  0.000000e+000  0.000000e+000  0.000000e+000  0.000000e+000  0.000000e+000  0.000000e+000  0.000000e+000  0.000000e+000  0.000000e+000  0.000000e+000  0.000000e+000  0.000000e+000  0.000000e+000  0.000000e+000  0.000000e+000  
0.000000e+000  0.000000e+000  0.000000e+000  0.000000e+000  0.000000e+000  0.000000e+000  0.000000e+000  0.000000e+000  0.000000e+000  0.000000e+000  0.000000e+000  0.000000e+000  0.000000e+000  0.000000e+000  0.000000e+000  0.000000e+000  0.000000e+000  
0.000000e+000  0.000000e+000  0.000000e+000  0.000000e+000  0.000000e+000  0.000000e+000  0.000000e+000  0.000000e+000  0.000000e+000  0.000000e+000  0.000000e+000  0.000000e+000  0.000000e+000  0.000000e+000  0.000000e+000  0.000000e+000  0.000000e+000  
0.000000e+000  0.000000e+000  0.000000e+000  0.000000e+000  0.000000e+000  0.000000e+000  0.000000e+000  0.000000e+000  0.000000e+000  0.000000e+000  0.000000e+000  0.000000e+000  0.000000e+000  0.000000e+000  0.000000e+000  0.000000e+000  0.000000e+000  
0.000000e+000  0.000000e+000  0.000000e+000  0.000000e+000  0.000000e+000  0.000000e+000  0.000000e+000  0.000000e+000  0.000000e+000  0.000000e+000  0.000000e+000  0.000000e+000  0.000000e+000  0.000000e+000  0.000000e+000  0.000000e+000  0.000000e+000  
0.000000e+000  0.000000e+000  0.000000e+000  0.000000e+000  0.000000e+000  0.000000e+000  0.000000e+000  0.000000e+000  0.000000e+000  0.000000e+000  0.000000e+000  0.000000e+000  0.000000e+000  0.000000e+000  0.000000e+000  0.000000e+000  0.000000e+000  

0.000000e+000  0.000000e+000  0.000000e+000  0.000000e+000  0.000000e+000  0.000000e+000  0.000000e+000  0.000000e+000  0.000000e+000  0.000000e+000  0.000000e+000  0.000000e+000  0.000000e+000  0.000000e+000  0.000000e+000  0.000000e+000  0.000000e+000  
0.000000e+000  0.000000e+000  0.000000e+000  0.000000e+000  0.000000e+000  0.000000e+000  0.000000e+000  0.000000e+000  0.000000e+000  0.000000e+000  0.000000e+000  0.000000e+000  0.000000e+000  0.000000e+000  0.000000e+000  0.000000e+000  0.000000e+000  
0.000000e+000  0.000000e+000  0.000000e+000  0.000000e+000  0.000000e+000  0.000000e+000  0.000000e+000  0.000000e+000  0.000000e+000  0.000000e+000  0.000000e+000  0.000000e+000  0.000000e+000  0.000000e+000  0.000000e+000  0.000000e+000  0.000000e+000  
0.000000e+000  0.000000e+000  0.000000e+000  0.000000e+000  0.000000e+000  0.000000e+000  0.000000e+000  0.000000e+000  0.000000e+000  0.000000e+000  0.000000e+000  0.000000e+000  0.000000e+000  0.000000e+000  0.000000e+000  0.000000e+000  0.000000e+000  
0.000000e+000  0.000000e+000  0.000000e+000  0.000000e+000  0.000000e+000  0.000000e+000  0.000000e+000  0.000000e+000  0.000000e+000  0.000000e+000  0.000000e+000  0.000000e+000  0.000000e+000  0.000000e+000  0.000000e+000  0.000000e+000  0.000000e+000  
0.000000e+000  0.000000e+000  0.000000e+000  0.000000e+000  0.000000e+000  0.000000e+000  0.000000e+000  0.000000e+000  0.000000e+000  0.000000e+000  0.000000e+000  0.000000e+000  0.000000e+000  0.000000e+000  0.000000e+000  0.000000e+000  0.000000e+000  
0.000000e+000  0.000000e+000  0.000000e+000  0.000000e+000  0.000000e+000  0.000000e+000  0.000000e+000  0.000000e+000  0.000000e+000  0.000000e+000  0.000000e+000  0.000000e+000  0.000000e+000  0.000000e+000  0.000000e+000  0.000000e+000  0.000000e+000  
0.000000e+000  0.000000e+000  0.000000e+000  0.000000e+000  0.000000e+000  0.000000e+000  0.000000e+000  0.000000e+000  0.000000e+000  0.000000e+000  0.000000e+000  0.000000e+000  0.000000e+000  0.000000e+000  0.000000e+000  0.000000e+000  0.000000e+000  
0.000000e+000  0.000000e+000  0.000000e+000  0.000000e+000  0.000000e+000  0.000000e+000  0.000000e+000  0.000000e+000  0.000000e+000  0.000000e+000  0.000000e+000  0.000000e+000  0.000000e+000  0.000000e+000  0.000000e+000  0.000000e+000  0.000000e+000  
0.000000e+000  0.000000e+000  0.000000e+000  0.000000e+000  0.000000e+000  0.000000e+000  0.000000e+000  0.000000e+000  0.000000e+000  0.000000e+000  0.000000e+000  0.000000e+000  0.000000e+000  0.000000e+000  0.000000e+000  0.000000e+000  0.000000e+000  
0.000000e+000  0.000000e+000  0.000000e+000  0.000000e+000  0.000000e+000  0.000000e+000  0.000000e+000  0.000000e+000  0.000000e+000  0.000000e+000  0.000000e+000  0.000000e+000  0.000000e+000  0.000000e+000  0.000000e+000  0.000000e+000  0.000000e+000  
0.000000e+000  0.000000e+000  0.000000e+000  0.000000e+000  0.000000e+000  0.000000e+000  0.000000e+000  0.000000e+000  0.000000e+000  0.000000e+000  0.000000e+000  0.000000e+000  0.000000e+000  0.000000e+000  0.000000e+000  0.000000e+000  0.000000e+000  
0.000000e+000  0.000000e+000  0.000000e+000  0.000000e+000  0.000000e+000  0.000000e+000  0.000000e+000  0.000000e+000  0.000000e+000  0.000000e+000  0.000000e+000  0.000000e+000  0.000000e+000  0.000000e+000  0.000000e+000  0.000000e+000  0.000000e+000  
0.000000e+000  0.000000e+000  0.000000e+000  0.000000e+000  0.000000e+000  0.000000e+000  0.000000e+000  0.000000e+000  0.000000e+000  0.000000e+000  0.000000e+000  0.000000e+000  0.000000e+000  0.000000e+000  0.000000e+000  0.000000e+000  0.000000e+000  
0.000000e+000  0.000000e+000  0.000000e+000  0.000000e+000  0.000000e+000  0.000000e+000  0.000000e+000  0.000000e+000  0.000000e+000  0.000000e+000  0.000000e+000  0.000000e+000  0.000000e+000  0.000000e+000  0.000000e+000  0.000000e+000  0.000000e+000  
0.000000e+000  0.000000e+000  0.000000e+000  0.000000e+000  0.000000e+000  0.000000e+000  0.000000e+000  0.000000e+000  0.000000e+000  0.000000e+000  0.000000e+000  0.000000e+000  0.000000e+000  0.000000e+000  0.000000e+000  0.000000e+000  0.000000e+000  
0.000000e+000  0.000000e+000  0.000000e+000  0.000000e+000  0.000000e+000  0.000000e+000  0.000000e+000  0.000000e+000  0.000000e+000  0.000000e+000  0.000000e+000  0.000000e+000  0.000000e+000  0.000000e+000  0.000000e+000  0.000000e+000  0.000000e+000  
0.000000e+000  0.000000e+000  0.000000e+000  0.000000e+000  0.000000e+000  0.000000e+000  0.000000e+000  0.000000e+000  0.000000e+000  0.000000e+000  0.000000e+000  0.000000e+000  0.000000e+000  0.000000e+000  0.000000e+000  0.000000e+000  0.000000e+000  
0.000000e+000  0.000000e+000  0.000000e+000  0.000000e+000  0.000000e+000  0.000000e+000  0.000000e+000  0.000000e+000  0.000000e+000  0.000000e+000  0.000000e+000  0.000000e+000  0.000000e+000  0.000000e+000  0.000000e+000  0.000000e+000  0.000000e+000  
0.000000e+000  0.000000e+000  0.000000e+000  0.000000e+000  0.000000e+000  0.000000e+000  0.000000e+000  0.000000e+000  0.000000e+000  0.000000e+000  0.000000e+000  0.000000e+000  0.000000e+000  0.000000e+000  0.000000e+000  0.000000e+000  0.000000e+000  
0.000000e+000  0.000000e+000  0.000000e+000  0.000000e+000  0.000000e+000  0.000000e+000  0.000000e+000  0.000000e+000  0.000000e+000  0.000000e+000  0.000000e+000  0.000000e+000  0.000000e+000  0.000000e+000  0.000000e+000  0.000000e+000  0.000000e+000  
0.000000e+000  0.000000e+000  0.000000e+000  0.000000e+000  0.000000e+000  0.000000e+000  0.000000e+000  0.000000e+000  0.000000e+000  0.000000e+000  0.000000e+000  0.000000e+000  0.000000e+000  0.000000e+000  0.000000e+000  0.000000e+000  0.000000e+000  
0.000000e+000  0.000000e+000  0.000000e+000  0.000000e+000  0.000000e+000  0.000000e+000  0.000000e+000  0.000000e+000  0.000000e+000  0.000000e+000  0.000000e+000  0.000000e+000  0.000000e+000  0.000000e+000  0.000000e+000  0.000000e+000  0.000000e+000  
0.000000e+000  0.000000e+000  0.000000e+000  0.000000e+000  0.000000e+000  0.000000e+000  0.000000e+000  0.000000e+000  0.000000e+000  0.000000e+000  0.000000e+000  0.000000e+000  0.000000e+000  0.000000e+000  0.000000e+000  0.000000e+000  0.000000e+000  
0.000000e+000  0.000000e+000  0.000000e+000  0.000000e+000  0.000000e+000  0.000000e+000  0.000000e+000  0.000000e+000  0.000000e+000  0.000000e+000  0.000000e+000  0.000000e+000  0.000000e+000  0.000000e+000  0.000000e+000  0.000000e+000  0.000000e+000  
0.000000e+000  0.000000e+000  0.000000e+000  0.000000e+000  0.000000e+000  0.000000e+000  0.000000e+000  0.000000e+000  0.000000e+000  0.000000e+000  0.000000e+000  0.000000e+000  0.000000e+000  0.000000e+000  0.000000e+000  0.000000e+000  0.000000e+000  
0.000000e+000  0.000000e+000  0.000000e+000  0.000000e+000  0.000000e+000  0.000000e+000  0.000000e+000  0.000000e+000  0.000000e+000  0.000000e+000  0.000000e+000  0.000000e+000  0.000000e+000  0.000000e+000  0.000000e+000  0.000000e+000  0.000000e+000  
0.000000e+000  0.000000e+000  0.000000e+000  0.000000e+000  0.000000e+000  0.000000e+000  0.000000e+000  0.000000e+000  0.000000e+000  0.000000e+000  0.000000e+000  0.000000e+000  0.000000e+000  0.000000e+000  0.000000e+000  0.000000e+000  0.000000e+000  
0.000000e+000  0.000000e+000  0.000000e+000  0.000000e+000  0.000000e+000  0.000000e+000  0.000000e+000  0.000000e+000  0.000000e+000  0.000000e+000  0.000000e+000  0.000000e+000  0.000000e+000  0.000000e+000  0.000000e+000  0.000000e+000  0.000000e+000  
0.000000e+000  0.000000e+000  0.000000e+000  0.000000e+000  0.000000e+000  0.000000e+000  0.000000e+000  0.000000e+000  0.000000e+000  0.000000e+000  0.000000e+000  0.000000e+000  0.000000e+000  0.000000e+000  0.000000e+000  0.000000e+000  0.000000e+000  
0.000000e+000  0.000000e+000  0.000000e+000  0.000000e+000  0.000000e+000  0.000000e+000  0.000000e+000  0.000000e+000  0.000000e+000  0.000000e+000  0.000000e+000  0.000000e+000  0.000000e+000  0.000000e+000  0.000000e+000  0.000000e+000  0.000000e+000  
0.000000e+000  0.000000e+000  0.000000e+000  0.000000e+000  0.000000e+000  0.000000e+000  0.000000e+000  0.000000e+000  0.000000e+000  0.000000e+000  0.000000e+000  0.000000e+000  0.000000e+000  0.000000e+000  0.000000e+000  0.000000e+000  0.000000e+000  
0.000000e+000  0.000000e+000  0.000000e+000  0.000000e+000  0.000000e+000  0.000000e+000  0.000000e+000  0.000000e+000  0.000000e+000  0.000000e+000  0.000000e+000  0.000000e+000  0.000000e+000  0.000000e+000  0.000000e+000  0.000000e+000  0.000000e+000  
0.000000e+000  0.000000e+000  0.000000e+000  0.000000e+000  0.000000e+000  0.000000e+000  0.000000e+000  0.000000e+000  0.000000e+000  0.000000e+000  0.000000e+000  0.000000e+000  0.000000e+000  0.000000e+000  0.000000e+000  0.000000e+000  0.000000e+000  
0.000000e+000  0.000000e+000  0.000000e+000  0.000000e+000  0.000000e+000  0.000000e+000  0.000000e+000  0.000000e+000  0.000000e+000  0.000000e+000  0.000000e+000  0.000000e+000  0.000000e+000  0.000000e+000  0.000000e+000  0.000000e+000  0.000000e+000  
0.000000e+000  0.000000e+000  0.000000e+000  0.000000e+000  0.000000e+000  0.000000e+000  0.000000e+000  0.000000e+000  0.000000e+000  0.000000e+000  0.000000e+000  0.000000e+000  0.000000e+000  0.000000e+000  0.000000e+000  0.000000e+000  0.000000e+000  
0.000000e+000  0.000000e+000  0.000000e+000  0.000000e+000  0.000000e+000  0.000000e+000  0.000000e+000  0.000000e+000  0.000000e+000  0.000000e+000  0.000000e+000  0.000000e+000  0.000000e+000  0.000000e+000  0.000000e+000  0.000000e+000  0.000000e+000  
0.000000e+000  0.000000e+000  0.000000e+000  0.000000e+000  0.000000e+000  0.000000e+000  0.000000e+000  0.000000e+000  0.000000e+000  0.000000e+000  0.000000e+000  0.000000e+000  0.000000e+000  0.000000e+000  0.000000e+000  0.000000e+000  0.000000e+000  
0.000000e+000  0.000000e+000  0.000000e+000  0.000000e+000  0.000000e+000  0.000000e+000  0.000000e+000  0.000000e+000  0.000000e+000  0.000000e+000  0.000000e+000  0.000000e+000  0.000000e+000  0.000000e+000  0.000000e+000  0.000000e+000  0.000000e+000  
0.000000e+000  0.000000e+000  0.000000e+000  0.000000e+000  0.000000e+000  0.000000e+000  0.000000e+000  0.000000e+000  0.000000e+000  0.000000e+000  0.000000e+000  0.000000e+000  0.000000e+000  0.000000e+000  0.000000e+000  0.000000e+000  0.000000e+000  

0.000000e+000  0.000000e+000  0.000000e+000  0.000000e+000  0.000000e+000  0.000000e+000  0.000000e+000  0.000000e+000  0.000000e+000  0.000000e+000  0.000000e+000  0.000000e+000  0.000000e+000  0.000000e+000  0.000000e+000  0.000000e+000  0.000000e+000  
0.000000e+000  0.000000e+000  0.000000e+000  0.000000e+000  0.000000e+000  0.000000e+000  0.000000e+000  0.000000e+000  0.000000e+000  0.000000e+000  0.000000e+000  0.000000e+000  0.000000e+000  0.000000e+000  0.000000e+000  0.000000e+000  0.000000e+000  
0.000000e+000  0.000000e+000  0.000000e+000  0.000000e+000  0.000000e+000  0.000000e+000  0.000000e+000  0.000000e+000  0.000000e+000  0.000000e+000  0.000000e+000  0.000000e+000  0.000000e+000  0.000000e+000  0.000000e+000  0.000000e+000  0.000000e+000  
0.000000e+000  0.000000e+000  0.000000e+000  0.000000e+000  0.000000e+000  0.000000e+000  0.000000e+000  0.000000e+000  0.000000e+000  0.000000e+000  0.000000e+000  0.000000e+000  0.000000e+000  0.000000e+000  0.000000e+000  0.000000e+000  0.000000e+000  
0.000000e+000  0.000000e+000  0.000000e+000  0.000000e+000  0.000000e+000  0.000000e+000  0.000000e+000  0.000000e+000  0.000000e+000  0.000000e+000  0.000000e+000  0.000000e+000  0.000000e+000  0.000000e+000  0.000000e+000  0.000000e+000  0.000000e+000  
0.000000e+000  0.000000e+000  0.000000e+000  0.000000e+000  0.000000e+000  0.000000e+000  0.000000e+000  0.000000e+000  0.000000e+000  0.000000e+000  0.000000e+000  0.000000e+000  0.000000e+000  0.000000e+000  0.000000e+000  0.000000e+000  0.000000e+000  
0.000000e+000  0.000000e+000  0.000000e+000  0.000000e+000  0.000000e+000  0.000000e+000  0.000000e+000  0.000000e+000  0.000000e+000  0.000000e+000  0.000000e+000  0.000000e+000  0.000000e+000  0.000000e+000  0.000000e+000  0.000000e+000  0.000000e+000  
0.000000e+000  0.000000e+000  0.000000e+000  0.000000e+000  0.000000e+000  0.000000e+000  0.000000e+000  0.000000e+000  0.000000e+000  0.000000e+000  0.000000e+000  0.000000e+000  0.000000e+000  0.000000e+000  0.000000e+000  0.000000e+000  0.000000e+000  
0.000000e+000  0.000000e+000  0.000000e+000  0.000000e+000  0.000000e+000  0.000000e+000  0.000000e+000  0.000000e+000  0.000000e+000  0.000000e+000  0.000000e+000  0.000000e+000  0.000000e+000  0.000000e+000  0.000000e+000  0.000000e+000  0.000000e+000  
0.000000e+000  0.000000e+000  0.000000e+000  0.000000e+000  0.000000e+000  0.000000e+000  0.000000e+000  0.000000e+000  0.000000e+000  0.000000e+000  0.000000e+000  0.000000e+000  0.000000e+000  0.000000e+000  0.000000e+000  0.000000e+000  0.000000e+000  
0.000000e+000  0.000000e+000  0.000000e+000  0.000000e+000  0.000000e+000  0.000000e+000  0.000000e+000  0.000000e+000  0.000000e+000  0.000000e+000  0.000000e+000  0.000000e+000  0.000000e+000  0.000000e+000  0.000000e+000  0.000000e+000  0.000000e+000  
0.000000e+000  0.000000e+000  0.000000e+000  0.000000e+000  0.000000e+000  0.000000e+000  0.000000e+000  0.000000e+000  0.000000e+000  0.000000e+000  0.000000e+000  0.000000e+000  0.000000e+000  0.000000e+000  0.000000e+000  0.000000e+000  0.000000e+000  
0.000000e+000  0.000000e+000  0.000000e+000  0.000000e+000  0.000000e+000  0.000000e+000  0.000000e+000  0.000000e+000  0.000000e+000  0.000000e+000  0.000000e+000  0.000000e+000  0.000000e+000  0.000000e+000  0.000000e+000  0.000000e+000  0.000000e+000  
0.000000e+000  0.000000e+000  0.000000e+000  0.000000e+000  0.000000e+000  0.000000e+000  0.000000e+000  0.000000e+000  0.000000e+000  0.000000e+000  0.000000e+000  0.000000e+000  0.000000e+000  0.000000e+000  0.000000e+000  0.000000e+000  0.000000e+000  
0.000000e+000  0.000000e+000  0.000000e+000  0.000000e+000  0.000000e+000  0.000000e+000  0.000000e+000  0.000000e+000  0.000000e+000  0.000000e+000  0.000000e+000  0.000000e+000  0.000000e+000  0.000000e+000  0.000000e+000  0.000000e+000  0.000000e+000  
0.000000e+000  0.000000e+000  0.000000e+000  0.000000e+000  0.000000e+000  0.000000e+000  0.000000e+000  0.000000e+000  0.000000e+000  0.000000e+000  0.000000e+000  0.000000e+000  0.000000e+000  0.000000e+000  0.000000e+000  0.000000e+000  0.000000e+000  
0.000000e+000  0.000000e+000  0.000000e+000  0.000000e+000  0.000000e+000  0.000000e+000  0.000000e+000  0.000000e+000  0.000000e+000  0.000000e+000  0.000000e+000  0.000000e+000  0.000000e+000  0.000000e+000  0.000000e+000  0.000000e+000  0.000000e+000  
0.000000e+000  0.000000e+000  0.000000e+000  0.000000e+000  0.000000e+000  0.000000e+000  0.000000e+000  0.000000e+000  0.000000e+000  0.000000e+000  0.000000e+000  0.000000e+000  0.000000e+000  0.000000e+000  0.000000e+000  0.000000e+000  0.000000e+000  
0.000000e+000  0.000000e+000  0.000000e+000  0.000000e+000  0.000000e+000  0.000000e+000  0.000000e+000  0.000000e+000  0.000000e+000  0.000000e+000  0.000000e+000  0.000000e+000  0.000000e+000  0.000000e+000  0.000000e+000  0.000000e+000  0.000000e+000  
0.000000e+000  0.000000e+000  0.000000e+000  0.000000e+000  0.000000e+000  0.000000e+000  0.000000e+000  0.000000e+000  0.000000e+000  0.000000e+000  0.000000e+000  0.000000e+000  0.000000e+000  0.000000e+000  0.000000e+000  0.000000e+000  0.000000e+000  
0.000000e+000  0.000000e+000  0.000000e+000  0.000000e+000  0.000000e+000  0.000000e+000  0.000000e+000  0.000000e+000  0.000000e+000  0.000000e+000  0.000000e+000  0.000000e+000  0.000000e+000  0.000000e+000  0.000000e+000  0.000000e+000  0.000000e+000  
0.000000e+000  0.000000e+000  0.000000e+000  0.000000e+000  0.000000e+000  0.000000e+000  0.000000e+000  0.000000e+000  0.000000e+000  0.000000e+000  0.000000e+000  0.000000e+000  0.000000e+000  0.000000e+000  0.000000e+000  0.000000e+000  0.000000e+000  
0.000000e+000  0.000000e+000  0.000000e+000  0.000000e+000  0.000000e+000  0.000000e+000  0.000000e+000  0.000000e+000  0.000000e+000  0.000000e+000  0.000000e+000  0.000000e+000  0.000000e+000  0.000000e+000  0.000000e+000  0.000000e+000  0.000000e+000  
0.000000e+000  0.000000e+000  0.000000e+000  0.000000e+000  0.000000e+000  0.000000e+000  0.000000e+000  0.000000e+000  0.000000e+000  0.000000e+000  0.000000e+000  0.000000e+000  0.000000e+000  0.000000e+000  0.000000e+000  0.000000e+000  0.000000e+000  
0.000000e+000  0.000000e+000  0.000000e+000  0.000000e+000  0.000000e+000  0.000000e+000  0.000000e+000  0.000000e+000  0.000000e+000  0.000000e+000  0.000000e+000  0.000000e+000  0.000000e+000  0.000000e+000  0.000000e+000  0.000000e+000  0.000000e+000  
0.000000e+000  0.000000e+000  0.000000e+000  0.000000e+000  0.000000e+000  0.000000e+000  0.000000e+000  0.000000e+000  0.000000e+000  0.000000e+000  0.000000e+000  0.000000e+000  0.000000e+000  0.000000e+000  0.000000e+000  0.000000e+000  0.000000e+000  
0.000000e+000  0.000000e+000  0.000000e+000  0.000000e+000  0.000000e+000  0.000000e+000  0.000000e+000  0.000000e+000  0.000000e+000  0.000000e+000  0.000000e+000  0.000000e+000  0.000000e+000  0.000000e+000  0.000000e+000  0.000000e+000  0.000000e+000  
0.000000e+000  0.000000e+000  0.000000e+000  0.000000e+000  0.000000e+000  0.000000e+000  0.000000e+000  0.000000e+000  0.000000e+000  0.000000e+000  0.000000e+000  0.000000e+000  0.000000e+000  0.000000e+000  0.000000e+000  0.000000e+000  0.000000e+000  
0.000000e+000  0.000000e+000  0.000000e+000  0.000000e+000  0.000000e+000  0.000000e+000  0.000000e+000  0.000000e+000  0.000000e+000  0.000000e+000  0.000000e+000  0.000000e+000  0.000000e+000  0.000000e+000  0.000000e+000  0.000000e+000  0.000000e+000  
0.000000e+000  0.000000e+000  0.000000e+000  0.000000e+000  0.000000e+000  0.000000e+000  0.000000e+000  0.000000e+000  0.000000e+000  0.000000e+000  0.000000e+000  0.000000e+000  0.000000e+000  0.000000e+000  0.000000e+000  0.000000e+000  0.000000e+000  
0.000000e+000  0.000000e+000  0.000000e+000  0.000000e+000  0.000000e+000  0.000000e+000  0.000000e+000  0.000000e+000  0.000000e+000  0.000000e+000  0.000000e+000  0.000000e+000  0.000000e+000  0.000000e+000  0.000000e+000  0.000000e+000  0.000000e+000  
0.000000e+000  0.000000e+000  0.000000e+000  0.000000e+000  0.000000e+000  0.000000e+000  0.000000e+000  0.000000e+000  0.000000e+000  0.000000e+000  0.000000e+000  0.000000e+000  0.000000e+000  0.000000e+000  0.000000e+000  0.000000e+000  0.000000e+000  
0.000000e+000  0.000000e+000  0.000000e+000  0.000000e+000  0.000000e+000  0.000000e+000  0.000000e+000  0.000000e+000  0.000000e+000  0.000000e+000  0.000000e+000  0.000000e+000  0.000000e+000  0.000000e+000  0.000000e+000  0.000000e+000  0.000000e+000  
0.000000e+000  0.000000e+000  0.000000e+000  0.000000e+000  0.000000e+000  0.000000e+000  0.000000e+000  0.000000e+000  0.000000e+000  0.000000e+000  0.000000e+000  0.000000e+000  0.000000e+000  0.000000e+000  0.000000e+000  0.000000e+000  0.000000e+000  
0.000000e+000  0.000000e+000  0.000000e+000  0.000000e+000  0.000000e+000  0.000000e+000  0.000000e+000  0.000000e+000  0.000000e+000  0.000000e+000  0.000000e+000  0.000000e+000  0.000000e+000  0.000000e+000  0.000000e+000  0.000000e+000  0.000000e+000  
0.000000e+000  0.000000e+000  0.000000e+000  0.000000e+000  0.000000e+000  0.000000e+000  0.000000e+000  0.000000e+000  0.000000e+000  0.000000e+000  0.000000e+000  0.000000e+000  0.000000e+000  0.000000e+000  0.000000e+000  0.000000e+000  0.000000e+000  
0.000000e+000  0.000000e+000  0.000000e+000  0.000000e+000  0.000000e+000  0.000000e+000  0.000000e+000  0.000000e+000  0.000000e+000  0.000000e+000  0.000000e+000  0.000000e+000  0.000000e+000  0.000000e+000  0.000000e+000  0.000000e+000  0.000000e+000  
0.000000e+000  0.000000e+000  0.000000e+000  0.000000e+000  0.000000e+000  0.000000e+000  0.000000e+000  0.000000e+000  0.000000e+000  0.000000e+000  0.000000e+000  0.000000e+000  0.000000e+000  0.000000e+000  0.000000e+000  0.000000e+000  0.000000e+000  
0.000000e+000  0.000000e+000  0.000000e+000  0.000000e+000  0.000000e+000  0.000000e+000  0.000000e+000  0.000000e+000  0.000000e+000  0.000000e+000  0.000000e+000  0.000000e+000  0.000000e+000  0.000000e+000  0.000000e+000  0.000000e+000  0.000000e+000  
0.000000e+000  0.000000e+000  0.000000e+000  0.000000e+000  0.000000e+000  0.000000e+000  0.000000e+000  0.000000e+000  0.000000e+000  0.000000e+000  0.000000e+000  0.000000e+000  0.000000e+000  0.000000e+000  0.000000e+000  0.000000e+000  0.000000e+000  

-0.000000e+000  -6.172003e+000  -1.230901e+001  -1.837642e+001  -2.434037e+001  -2.476365e+001  -2.506746e+001  -2.526371e+001  -2.536508e+001  -2.538457e+001  -2.533503e+001  -2.522890e+001  -2.507790e+001  -2.467387e+001  -2.420924e+001  -2.302430e+001  -2.226577e+001  
-0.000000e+000  -6.452463e+000  -1.286680e+001  -1.920526e+001  -2.543083e+001  -2.578800e+001  -2.601567e+001  -2.612952e+001  -2.614566e+001  -2.607993e+001  -2.594751e+001  -2.576256e+001  -2.553802e+001  -2.500510e+001  -2.443754e+001  -2.310064e+001  -2.228629e+001  
-0.000000e+000  -7.631365e+000  -1.521250e+001  -2.269322e+001  -3.002349e+001  -3.004500e+001  -2.990090e+001  -2.962552e+001  -2.925056e+001  -2.880417e+001  -2.831053e+001  -2.778991e+001  -2.725887e+001  -2.620537e+001  -2.523561e+001  -2.333922e+001  -2.233031e+001  
-0.000000e+000  -9.600942e+000  -1.914099e+001  -2.855674e+001  -3.778035e+001  -3.695647e+001  -3.595040e+001  -3.483707e+001  -3.367639e+001  -3.251370e+001  -3.138146e+001  -3.030160e+001  -2.928785e+001  -2.748168e+001  -2.598090e+001  -2.346188e+001  -2.227093e+001  
-0.000000e+000  -1.248830e+001  -2.494902e+001  -3.734029e+001  -4.959360e+001  -4.674532e+001  -4.387821e+001  -4.112913e+001  -3.857961e+001  -3.626879e+001  -3.420664e+001  -3.238509e+001  -3.078632e+001  -2.819103e+001  -2.621479e+001  -2.329771e+001  -2.203741e+001  
-0.000000e+000  -1.407256e+001  -2.822376e+001  -4.250008e+001  -5.688529e+001  -5.202380e+001  -4.753770e+001  -4.355512e+001  -4.010523e+001  -3.715905e+001  -3.466056e+001  -3.254603e+001  -3.075421e+001  -2.797586e+001  -2.593662e+001  -2.305799e+001  -2.184289e+001  
-0.000000e+000  -1.473552e+001  -2.965303e+001  -4.489076e+001  -6.049627e+001  -5.429227e+001  -4.883164e+001  -4.418967e+001  -4.031915e+001  -3.711896e+001  -3.447622e+001  -3.228671e+001  -3.046187e+001  -2.768988e+001  -2.568538e+001  -2.289863e+001  -2.172780e+001  
-0.000000e+000  -1.520459e+001  -3.074002e+001  -4.688507e+001  -6.379626e+001  -5.601509e+001  -4.951204e+001  -4.424394e+001  -4.003110e+001  -3.666553e+001  -3.396080e+001  -3.176621e+001  -2.996528e+001  -2.727881e+001  -2.535891e+001  -2.271435e+001  -2.160205e+001  
-0.000000e+000  -1.532872e+001  -3.114930e+001  -4.790871e+001  -6.591543e+001  -5.669283e+001  -4.936229e+001  -4.368880e+001  -3.931939e+001  -3.592897e+001  -3.326247e+001  -3.113216e+001  -2.940261e+001  -2.685192e+001  -2.503998e+001  -2.254782e+001  -2.149310e+001  
-0.000000e+000  -1.511089e+001  -3.090549e+001  -4.806337e+001  -6.714972e+001  -5.638925e+001  -4.835287e+001  -4.246080e+001  -3.810756e+001  -3.482779e+001  -3.229916e+001  -3.030485e+001  -2.869839e+001  -2.634551e+001  -2.467662e+001  -2.236822e+001  -2.137925e+001  
-0.000000e+000  -1.441896e+001  -2.971618e+001  -4.687966e+001  -6.693460e+001  -5.465355e+001  -4.621917e+001  -4.043191e+001  -3.634348e+001  -3.334644e+001  -3.107115e+001  -2.929064e+001  -2.786082e+001  -2.576659e+001  -2.427397e+001  -2.217776e+001  -2.126175e+001  
-0.000000e+000  -1.311901e+001  -2.723501e+001  -4.369430e+001  -6.437711e+001  -5.087653e+001  -4.268726e+001  -3.751392e+001  -3.401613e+001  -3.149969e+001  -2.959891e+001  -2.810887e+001  -2.690634e+001  -2.512589e+001  -2.383881e+001  -2.197910e+001  -2.114197e+001  
-0.000000e+000  -1.169527e+001  -2.431884e+001  -3.940166e+001  -5.989711e+001  -4.619454e+001  -3.899758e+001  -3.475579e+001  -3.194407e+001  -2.991550e+001  -2.836659e+001  -2.713680e+001  -2.613182e+001  -2.461533e+001  -2.349734e+001  -2.182703e+001  -2.105185e+001  
-0.000000e+000  -9.912106e+000  -2.045121e+001  -3.301653e+001  -5.190459e+001  -3.955988e+001  -3.442860e+001  -3.157892e+001  -2.964821e+001  -2.819866e+001  -2.704963e+001  -2.610815e+001  -2.531860e+001  -2.408508e+001  -2.314620e+001  -2.167337e+001  -2.096196e+001  
-0.000000e+000  -7.885953e+000  -1.579961e+001  -2.418848e+001  -3.771321e+001  -3.075510e+001  -2.918257e+001  -2.813691e+001  -2.721913e+001  -2.640276e+001  -2.568129e+001  -2.504460e+001  -2.448127e+001  -2.354278e+001  -2.278957e+001  -2.151953e+001  -2.087298e+001  
-0.000000e+000  -5.848235e+000  -1.096292e+001  -1.337639e+001  -0.000000e+000  -2.033062e+001  -2.378927e+001  -2.466816e+001  -2.477092e+001  -2.458937e+001  -2.429822e+001  -2.396951e+001  -2.363538e+001  -2.299649e+001  -2.243184e+001  -2.136697e+001  -2.078562e+001  
-0.000000e+000  -3.707467e+000  -6.399031e+000  -6.316899e+000  -0.000000e+000  -1.250337e+001  -1.818605e+001  -2.069631e+001  -2.186054e+001  -2.239461e+001  -2.260812e+001  -2.264871e+001  -2.259308e+001  -2.232279e+001  -2.199153e+001  -2.118104e+001  -2.068015e+001  
-0.000000e+000  -2.172534e+000  -3.489876e+000  -2.978343e+000  -0.000000e+000  -8.374755e+000  -1.408322e+001  -1.736963e+001  -1.926025e+001  -2.036506e+001  -2.101408e+001  -2.138803e+001  -2.159058e+001  -2.167099e+001  -2.156496e+001  -2.100220e+001  -2.057960e+001  
-0.000000e+000  -6.331397e-001  -9.451595e-001  -7.175955e-001  -0.000000e+000  -4.872240e+000  -9.314490e+000  -1.271522e+001  -1.520388e+001  -1.698783e+001  -1.825482e+001  -1.915032e+001  -1.978070e+001  -2.047597e+001  -2.077757e+001  -2.067411e+001  -2.039713e+001  
-0.000000e+000  -7.194945e-002  -1.036154e-001  -7.487459e-002  -0.000000e+000  -2.940173e+000  -5.953897e+000  -8.669213e+000  -1.102737e+001  -1.301979e+001  -1.466829e+001  -1.601003e+001  -1.708765e+001  -1.857753e+001  -1.947884e+001  -2.012973e+001  -2.009937e+001  
-0.000000e+000  -7.194945e-002  -1.036154e-001  -7.487460e-002  -0.000000e+000  -2.940173e+000  -5.953897e+000  -8.669213e+000  -1.102737e+001  -1.301979e+001  -1.466829e+001  -1.601003e+001  -1.708765e+001  -1.857753e+001  -1.947884e+001  -2.012973e+001  -2.009937e+001  
-0.000000e+000  -6.331397e-001  -9.451595e-001  -7.175955e-001  -0.000000e+000  -4.872240e+000  -9.314490e+000  -1.271522e+001  -1.520388e+001  -1.698783e+001  -1.825482e+001  -1.915032e+001  -1.978070e+001  -2.047597e+001  -2.077757e+001  -2.067411e+001  -2.039713e+001  
-0.000000e+000  -2.172534e+000  -3.489876e+000  -2.978343e+000  -0.000000e+000  -8.374755e+000  -1.408322e+001  -1.736963e+001  -1.926025e+001  -2.036506e+001  -2.101408e+001  -2.138803e+001  -2.159058e+001  -2.167099e+001  -2.156496e+001  -2.100220e+001  -2.057960e+001  
-0.000000e+000  -3.707467e+000  -6.399031e+000  -6.316899e+000  -0.000000e+000  -1.250337e+001  -1.818605e+001  -2.069631e+001  -2.186054e+001  -2.239461e+001  -2.260812e+001  -2.264871e+001  -2.259308e+001  -2.232279e+001  -2.199153e+001  -2.118104e+001  -2.068015e+001  
-0.000000e+000  -5.848235e+000  -1.096292e+001  -1.337639e+001  -0.000000e+000  -2.033062e+001  -2.378927e+001  -2.466816e+001  -2.477092e+001  -2.458937e+001  -2.429822e+001  -2.396951e+001  -2.363538e+001  -2.299649e+001  -2.243184e+001  -2.136697e+001  -2.078562e+001  
-0.000000e+000  -7.885953e+000  -1.579961e+001  -2.418848e+001  -3.771321e+001  -3.075510e+001  -2.918257e+001  -2.813691e+001  -2.721913e+001  -2.640276e+001  -2.568129e+001  -2.504460e+001  -2.448127e+001  -2.354278e+001  -2.278957e+001  -2.151953e+001  -2.087298e+001  
-0.000000e+000  -9.912106e+000  -2.045121e+001  -3.301653e+001  -5.190459e+001  -3.955988e+001  -3.442860e+001  -3.157892e+001  -2.964821e+001  -2.819866e+001  -2.704963e+001  -2.610815e+001  -2.531860e+001  -2.408508e+001  -2.314620e+001  -2.167337e+001  -2.096196e+001  
-0.000000e+000  -1.169527e+001  -2.431884e+001  -3.940166e+001  -5.989711e+001  -4.619454e+001  -3.899758e+001  -3.475579e+001  -3.194407e+001  -2.991550e+001  -2.836659e+001  -2.713680e+001  -2.613182e+001  -2.461533e+001  -2.349734e+001  -2.182703e+001  -2.105185e+001  
-0.000000e+000  -1.311901e+001  -2.723501e+001  -4.369430e+001  -6.437711e+001  -5.087653e+001  -4.268726e+001  -3.751392e+001  -3.401613e+001  -3.149969e+001  -2.959891e+001  -2.810887e+001  -2.690634e+001  -2.512589e+001  -2.383881e+001  -2.197910e+001  -2.114197e+001  
-0.000000e+000  -1.441896e+001  -2.971618e+001  -4.687966e+001  -6.693460e+001  -5.465355e+001  -4.621917e+001  -4.043191e+001  -3.634348e+001  -3.334644e+001  -3.107115e+001  -2.929064e+001  -2.786082e+001  -2.576659e+001  -2.427397e+001  -2.217776e+001  -2.126175e+001  
-0.000000e+000  -1.511089e+001  -3.090549e+001  -4.806337e+001  -6.714972e+001  -5.638925e+001  -4.835287e+001  -4.246080e+001  -3.810756e+001  -3.482779e+001  -3.229916e+001  -3.030485e+001  -2.869839e+001  -2.634551e+001  -2.467662e+001  -2.236822e+001  -2.137925e+001  
-0.000000e+000  -1.532872e+001  -3.114930e+001  -4.790871e+001  -6.591543e+001  -5.669283e+001  -4.936229e+001  -4.368880e+001  -3.931939e+001  -3.592897e+001  -3.326247e+001  -3.113216e+001  -2.940261e+001  -2.685192e+001  -2.503998e+001  -2.254782e+001  -2.149310e+001  
-0.000000e+000  -1.520459e+001  -3.074002e+001  -4.688507e+001  -6.379626e+001  -5.601509e+001  -4.951204e+001  -4.424394e+001  -4.003110e+001  -3.666553e+001  -3.396080e+001  -3.176621e+001  -2.996528e+001  -2.727881e+001  -2.535891e+001  -2.271435e+001  -2.160205e+001  
-0.000000e+000  -1.473552e+001  -2.965303e+001  -4.489076e+001  -6.049627e+001  -5.429227e+001  -4.883164e+001  -4.418967e+001  -4.031915e+001  -3.711896e+001  -3.447622e+001  -3.228671e+001  -3.046187e+001  -2.768988e+001  -2.568538e+001  -2.289863e+001  -2.172780e+001  
-0.000000e+000  -1.407256e+001  -2.822376e+001  -4.250008e+001  -5.688529e+001  -5.202380e+001  -4.753770e+001  -4.355512e+001  -4.010523e+001  -3.715905e+001  -3.466056e+001  -3.254603e+001  -3.075421e+001  -2.797586e+001  -2.593662e+001  -2.305799e+001  -2.184289e+001  
-0.000000e+000  -1.248830e+001  -2.494902e+001  -3.734029e+001  -4.959360e+001  -4.674532e+001  -4.387821e+001  -4.112913e+001  -3.857961e+001  -3.626879e+001  -3.420664e+001  -3.238509e+001  -3.078632e+001  -2.819103e+001  -2.621479e+001  -2.329771e+001  -2.203741e+001  
-0.000000e+000  -9.600942e+000  -1.914099e+001  -2.855674e+001  -3.778035e+001  -3.695647e+001  -3.595040e+001  -3.483707e+001  -3.367639e+001  -3.251370e+001  -3.138146e+001  -3.030160e+001  -2.928785e+001  -2.748168e+001  -2.598090e+001  -2.346188e+001  -2.227093e+001  
-0.000000e+000  -7.631365e+000  -1.521250e+001  -2.269322e+001  -3.002349e+001  -3.004500e+001  -2.990090e+001  -2.962552e+001  -2.925056e+001  -2.880417e+001  -2.831053e+001  -2.778991e+001  -2.725887e+001  -2.620537e+001  -2.523561e+001  -2.333922e+001  -2.233031e+001  
-0.000000e+000  -6.452463e+000  -1.286680e+001  -1.920526e+001  -2.543083e+001  -2.578800e+001  -2.601567e+001  -2.612952e+001  -2.614566e+001  -2.607993e+001  -2.594751e+001  -2.576256e+001  -2.553802e+001  -2.500510e+001  -2.443754e+001  -2.310064e+001  -2.228629e+001  
-0.000000e+000  -6.172003e+000  -1.230901e+001  -1.837642e+001  -2.434037e+001  -2.476365e+001  -2.506746e+001  -2.526371e+001  -2.536508e+001  -2.538457e+001  -2.533503e+001  -2.522890e+001  -2.507790e+001  -2.467387e+001  -2.420924e+001  -2.302430e+001  -2.226577e+001  

