Port monitor named: Port1_e1[2.4].prt

nx        = 37
ny        = 4
nz        = 19

nu        = 17
nv        = 35
iu        = 2
iv        = 2

idir      = 1
dcut      = -4.425000e-002
icut      = 2
type      = 0
frequency = 2.400000e+009

fcutoff   = 0.000000e+000
alpha     = 0.000000e+000
beta      = 9.210857e+001
accuracy  = 1.867438e-010

type          = QTEM
wave imp.     = 2.489854e+002
wave imp.sig. = 5.506588e-009
line imp.     = 5.439008e+001

ref. port     = 0

-4.511924e+001  -4.467967e+001  -4.381757e+001  -4.256547e+001  -1.831325e+002  -1.802177e+002  -1.761584e+002  -1.710677e+002  -1.650741e+002  -1.583149e+002  -1.509293e+002  -1.430530e+002  -1.306940e+002  -1.134600e+002  -8.055363e+001  -2.722411e+001  -0.000000e+000  
-4.919084e+001  -4.858813e+001  -4.741414e+001  -4.572853e+001  -1.956498e+002  -1.919193e+002  -1.868335e+002  -1.805692e+002  -1.733185e+002  -1.652772e+002  -1.566350e+002  -1.475683e+002  -1.335682e+002  -1.146542e+002  -7.956747e+001  -2.628724e+001  -0.000000e+000  
-6.996076e+001  -6.831300e+001  -6.515388e+001  -6.073936e+001  -2.530092e+002  -2.445330e+002  -2.337223e+002  -2.211490e+002  -2.073712e+002  -1.928977e+002  -1.781656e+002  -1.635299e+002  -1.421297e+002  -1.162399e+002  -7.304545e+001  -2.188127e+001  -0.000000e+000  
-1.186978e+002  -1.134966e+002  -1.036509e+002  -9.020116e+001  -3.545554e+002  -3.324273e+002  -3.065391e+002  -2.786576e+002  -2.502854e+002  -2.225895e+002  -1.963937e+002  -1.722146e+002  -1.393675e+002  -1.051324e+002  -5.600796e+001  -1.441441e+001  -0.000000e+000  
-2.399876e+002  -2.232503e+002  -1.918085e+002  -1.495105e+002  -5.276212e+002  -4.673761e+002  -4.035548e+002  -3.410890e+002  -2.833303e+002  -2.321475e+002  -1.882469e+002  -1.515418e+002  -1.064393e+002  -6.808857e+001  -2.446707e+001  -3.931233e+000  -0.000000e+000  
-3.894772e+002  -3.561533e+002  -2.934302e+002  -2.092068e+002  -6.639045e+002  -5.545085e+002  -4.476038e+002  -3.513557e+002  -2.695920e+002  -2.029953e+002  -1.504338e+002  -1.099719e+002  -6.425094e+001  -3.131686e+001  -1.460925e+000  2.407836e+000  -0.000000e+000  
-6.570289e+002  -5.931941e+002  -4.711597e+002  -3.048508e+002  -8.347947e+002  -6.355343e+002  -4.589200e+002  -3.162496e+002  -2.080049e+002  -1.294053e+002  -7.422731e+001  -3.668130e+001  2.494047e-001  1.920948e+001  2.572397e+001  9.172627e+000  -0.000000e+000  
-8.474589e+002  -7.637691e+002  -5.997648e+002  -3.695436e+002  -9.146961e+002  -6.488365e+002  -4.296269e+002  -2.657824e+002  -1.506122e+002  -7.300017e+001  -2.254043e+001  8.932558e+000  3.652722e+001  4.555092e+001  3.851100e+001  1.215048e+001  -0.000000e+000  
-1.095884e+003  -9.900154e+002  -7.742783e+002  -4.557791e+002  -9.894716e+002  -6.332505e+002  -3.658203e+002  -1.848973e+002  -6.971184e+001  4.236137e-001  4.106620e+001  6.277221e+001  7.719343e+001  7.392244e+001  5.153378e+001  1.507173e+001  -0.000000e+000  
-1.417668e+003  -1.292435e+003  -1.020084e+003  -5.799087e+002  -1.042017e+003  -5.622764e+002  -2.478817e+002  -6.281425e+001  3.945970e+001  9.238662e+001  1.166038e+002  1.242548e+002  1.214472e+002  1.036787e+002  6.450898e+001  1.788368e+001  -0.000000e+000  
-1.826191e+003  -1.696865e+003  -1.382392e+003  -7.832761e+002  -1.030202e+003  -3.877450e+002  -4.881566e+001  1.112699e+002  1.796768e+002  2.024584e+002  2.026329e+002  1.918069e+002  1.679864e+002  1.339475e+002  7.711210e+001  2.053103e+001  -0.000000e+000  
-2.188432e+003  -2.081315e+003  -1.780516e+003  -1.064606e+003  -9.031492e+002  -1.340761e+002  1.723712e+002  2.783468e+002  3.027707e+002  2.937230e+002  2.712602e+002  2.442460e+002  2.029405e+002  1.561157e+002  8.602351e+001  2.235867e+001  -0.000000e+000  
-2.591635e+003  -2.540138e+003  -2.338489e+003  -1.604902e+003  -5.356476e+002  2.807279e+002  4.634693e+002  4.739409e+002  4.376393e+002  3.897708e+002  3.415742e+002  2.969582e+002  2.372516e+002  1.774721e+002  9.438153e+001  2.404133e+001  -0.000000e+000  
-3.014274e+003  -3.056465e+003  -3.101288e+003  -2.785707e+003  4.251169e+002  9.164032e+002  8.147609e+002  6.860078e+002  5.767009e+002  4.860780e+002  4.107677e+002  3.481045e+002  2.699238e+002  1.974915e+002  1.020357e+002  2.555723e+001  -0.000000e+000  
-3.420136e+003  -3.571269e+003  -4.002610e+003  -5.352047e+003  3.666263e+003  1.759004e+003  1.175802e+003  8.915547e+002  7.094673e+002  5.772310e+002  4.757076e+002  3.957071e+002  2.999258e+002  2.156451e+002  1.088409e+002  2.688607e+001  -0.000000e+000  
-3.859739e+003  -4.078016e+003  -4.643821e+003  -5.999664e+003  3.532872e+003  2.165690e+003  1.490089e+003  1.106049e+003  8.564919e+002  6.800532e+002  5.491834e+002  4.494004e+002  3.334401e+002  2.356996e+002  1.162172e+002  2.830646e+001  -0.000000e+000  
-4.155944e+003  -4.357035e+003  -4.768638e+003  -5.312688e+003  2.760982e+003  2.166524e+003  1.633637e+003  1.242052e+003  9.610018e+002  7.564714e+002  6.047001e+002  4.901419e+002  3.587922e+002  2.507586e+002  1.216746e+002  2.934552e+001  -0.000000e+000  
-4.351530e+003  -4.499648e+003  -4.755196e+003  -4.998386e+003  2.367549e+003  2.063514e+003  1.674211e+003  1.321150e+003  1.036665e+003  8.175380e+002  6.511392e+002  5.248699e+002  3.805410e+002  2.636013e+002  1.262448e+002  3.020288e+001  -0.000000e+000  
-4.155944e+003  -4.357035e+003  -4.768638e+003  -5.312688e+003  2.760982e+003  2.166524e+003  1.633637e+003  1.242052e+003  9.610018e+002  7.564714e+002  6.047001e+002  4.901419e+002  3.587922e+002  2.507586e+002  1.216746e+002  2.934552e+001  -0.000000e+000  
-3.859739e+003  -4.078016e+003  -4.643821e+003  -5.999664e+003  3.532872e+003  2.165690e+003  1.490089e+003  1.106049e+003  8.564919e+002  6.800532e+002  5.491834e+002  4.494004e+002  3.334401e+002  2.356996e+002  1.162172e+002  2.830646e+001  -0.000000e+000  
-3.420136e+003  -3.571269e+003  -4.002610e+003  -5.352047e+003  3.666263e+003  1.759004e+003  1.175802e+003  8.915547e+002  7.094673e+002  5.772310e+002  4.757076e+002  3.957071e+002  2.999258e+002  2.156451e+002  1.088409e+002  2.688607e+001  -0.000000e+000  
-3.014274e+003  -3.056465e+003  -3.101288e+003  -2.785707e+003  4.251169e+002  9.164032e+002  8.147609e+002  6.860078e+002  5.767009e+002  4.860780e+002  4.107677e+002  3.481045e+002  2.699238e+002  1.974915e+002  1.020357e+002  2.555723e+001  -0.000000e+000  
-2.591635e+003  -2.540138e+003  -2.338489e+003  -1.604902e+003  -5.356476e+002  2.807279e+002  4.634693e+002  4.739409e+002  4.376393e+002  3.897708e+002  3.415742e+002  2.969582e+002  2.372516e+002  1.774721e+002  9.438153e+001  2.404133e+001  -0.000000e+000  
-2.188432e+003  -2.081315e+003  -1.780516e+003  -1.064606e+003  -9.031492e+002  -1.340761e+002  1.723712e+002  2.783468e+002  3.027707e+002  2.937230e+002  2.712602e+002  2.442460e+002  2.029405e+002  1.561157e+002  8.602351e+001  2.235867e+001  -0.000000e+000  
-1.826191e+003  -1.696865e+003  -1.382392e+003  -7.832761e+002  -1.030202e+003  -3.877450e+002  -4.881566e+001  1.112699e+002  1.796768e+002  2.024584e+002  2.026329e+002  1.918069e+002  1.679864e+002  1.339475e+002  7.711210e+001  2.053103e+001  -0.000000e+000  
-1.417668e+003  -1.292435e+003  -1.020084e+003  -5.799087e+002  -1.042017e+003  -5.622764e+002  -2.478817e+002  -6.281425e+001  3.945970e+001  9.238662e+001  1.166038e+002  1.242548e+002  1.214472e+002  1.036787e+002  6.450898e+001  1.788368e+001  -0.000000e+000  
-1.095884e+003  -9.900154e+002  -7.742783e+002  -4.557791e+002  -9.894716e+002  -6.332505e+002  -3.658203e+002  -1.848973e+002  -6.971184e+001  4.236137e-001  4.106620e+001  6.277221e+001  7.719343e+001  7.392244e+001  5.153378e+001  1.507173e+001  -0.000000e+000  
-8.474589e+002  -7.637691e+002  -5.997648e+002  -3.695436e+002  -9.146961e+002  -6.488365e+002  -4.296269e+002  -2.657824e+002  -1.506122e+002  -7.300017e+001  -2.254043e+001  8.932558e+000  3.652722e+001  4.555092e+001  3.851100e+001  1.215048e+001  -0.000000e+000  
-6.570289e+002  -5.931941e+002  -4.711597e+002  -3.048508e+002  -8.347947e+002  -6.355343e+002  -4.589200e+002  -3.162496e+002  -2.080049e+002  -1.294053e+002  -7.422731e+001  -3.668130e+001  2.494047e-001  1.920948e+001  2.572397e+001  9.172627e+000  -0.000000e+000  
-3.894772e+002  -3.561533e+002  -2.934302e+002  -2.092068e+002  -6.639045e+002  -5.545085e+002  -4.476038e+002  -3.513557e+002  -2.695920e+002  -2.029953e+002  -1.504338e+002  -1.099719e+002  -6.425094e+001  -3.131686e+001  -1.460925e+000  2.407836e+000  -0.000000e+000  
-2.399876e+002  -2.232503e+002  -1.918085e+002  -1.495105e+002  -5.276212e+002  -4.673761e+002  -4.035548e+002  -3.410890e+002  -2.833303e+002  -2.321475e+002  -1.882469e+002  -1.515418e+002  -1.064393e+002  -6.808857e+001  -2.446707e+001  -3.931233e+000  -0.000000e+000  
-1.186978e+002  -1.134966e+002  -1.036509e+002  -9.020116e+001  -3.545554e+002  -3.324273e+002  -3.065391e+002  -2.786576e+002  -2.502854e+002  -2.225895e+002  -1.963937e+002  -1.722146e+002  -1.393675e+002  -1.051324e+002  -5.600796e+001  -1.441441e+001  -0.000000e+000  
-6.996076e+001  -6.831300e+001  -6.515388e+001  -6.073936e+001  -2.530092e+002  -2.445330e+002  -2.337223e+002  -2.211490e+002  -2.073712e+002  -1.928977e+002  -1.781656e+002  -1.635299e+002  -1.421297e+002  -1.162399e+002  -7.304545e+001  -2.188127e+001  -0.000000e+000  
-4.919084e+001  -4.858813e+001  -4.741414e+001  -4.572853e+001  -1.956498e+002  -1.919193e+002  -1.868335e+002  -1.805692e+002  -1.733185e+002  -1.652772e+002  -1.566350e+002  -1.475683e+002  -1.335682e+002  -1.146542e+002  -7.956747e+001  -2.628724e+001  -0.000000e+000  
-4.511924e+001  -4.467967e+001  -4.381757e+001  -4.256547e+001  -1.831325e+002  -1.802177e+002  -1.761584e+002  -1.710677e+002  -1.650741e+002  -1.583149e+002  -1.509293e+002  -1.430530e+002  -1.306940e+002  -1.134600e+002  -8.055363e+001  -2.722411e+001  -0.000000e+000  

-0.000000e+000  -4.448904e-001  -8.555374e-001  -1.200948e+000  -1.456233e+000  -3.973622e+000  -6.312660e+000  -8.424758e+000  -1.027628e+001  -1.184843e+001  -1.313608e+001  -1.414585e+001  -1.489382e+001  -1.567357e+001  -1.573884e+001  -1.344730e+001  -1.105498e+001  
-0.000000e+000  -2.182879e+000  -4.184379e+000  -5.842259e+000  -7.030055e+000  -1.647032e+001  -2.505835e+001  -3.261208e+001  -3.902411e+001  -4.425608e+001  -4.832862e+001  -5.130877e+001  -5.329694e+001  -5.466202e+001  -5.364389e+001  -4.353285e+001  -3.479616e+001  
-0.000000e+000  -8.657042e+000  -1.648456e+001  -2.275348e+001  -2.692203e+001  -4.948365e+001  -6.875755e+001  -8.439779e+001  -9.635435e+001  -1.048107e+002  -1.101122e+002  -1.126987e+002  -1.130484e+002  -1.084613e+002  -1.002413e+002  -7.146718e+001  -5.321718e+001  
-0.000000e+000  -2.780233e+001  -5.256747e+001  -7.165110e+001  -8.315616e+001  -1.271457e+002  -1.607643e+002  -1.840785e+002  -1.980285e+002  -2.040632e+002  -2.038211e+002  -1.989036e+002  -1.907411e+002  -1.682778e+002  -1.443141e+002  -8.926307e+001  -6.171982e+001  
-0.000000e+000  -7.371746e+001  -1.386471e+002  -1.870100e+002  -2.131853e+002  -2.836725e+002  -3.271850e+002  -3.471175e+002  -3.486510e+002  -3.372196e+002  -3.175878e+002  -2.934905e+002  -2.676300e+002  -2.161177e+002  -1.716043e+002  -9.384293e+001  -6.112349e+001  
-0.000000e+000  -1.355061e+002  -2.548116e+002  -3.426341e+002  -3.869087e+002  -4.757441e+002  -5.150856e+002  -5.161704e+002  -4.919565e+002  -4.535200e+002  -4.088831e+002  -3.632269e+002  -3.195849e+002  -2.431264e+002  -1.832908e+002  -9.266155e+001  -5.805647e+001  
-0.000000e+000  -2.215055e+002  -4.191246e+002  -5.662804e+002  -6.366417e+002  -7.301839e+002  -7.405584e+002  -6.980087e+002  -6.294858e+002  -5.528800e+002  -4.780888e+002  -4.097396e+002  -3.494714e+002  -2.535670e+002  -1.837838e+002  -8.807444e+001  -5.379289e+001  
-0.000000e+000  -2.907950e+002  -5.548708e+002  -7.566897e+002  -8.523827e+002  -9.389623e+002  -9.125719e+002  -8.262978e+002  -7.193153e+002  -6.130332e+002  -5.167938e+002  -4.334543e+002  -3.628699e+002  -2.560340e+002  -1.812637e+002  -8.416245e+001  -5.062509e+001  
-0.000000e+000  -3.785945e+002  -7.337824e+002  -1.020738e+003  -1.161353e+003  -1.219383e+003  -1.122841e+003  -9.681587e+002  -8.091875e+002  -6.672853e+002  -5.477370e+002  -4.494422e+002  -3.693181e+002  -2.536339e+002  -1.755485e+002  -7.911869e+001  -4.691438e+001  
-0.000000e+000  -4.825718e+002  -9.599653e+002  -1.386335e+003  -1.621437e+003  -1.597786e+003  -1.370409e+003  -1.113366e+003  -8.888736e+002  -7.079338e+002  -5.656882e+002  -4.543098e+002  -3.666768e+002  -2.454955e+002  -1.663409e+002  -7.293654e+001  -4.268120e+001  
-0.000000e+000  -5.762834e+002  -1.187979e+003  -1.820983e+003  -2.264877e+003  -2.040483e+003  -1.603418e+003  -1.222828e+003  -9.350209e+002  -7.225884e+002  -5.647532e+002  -4.458024e+002  -3.547030e+002  -2.327799e+002  -1.551032e+002  -6.657169e+001  -3.855985e+001  
-0.000000e+000  -6.425126e+002  -1.374178e+003  -2.264624e+003  -3.125205e+003  -2.493198e+003  -1.783220e+003  -1.284386e+003  -9.484957e+002  -7.163431e+002  -5.506176e+002  -4.290030e+002  -3.376147e+002  -2.181592e+002  -1.434578e+002  -6.054854e+001  -3.478940e+001  
-0.000000e+000  -6.742407e+002  -1.498895e+003  -2.719411e+003  -4.611152e+003  -2.974007e+003  -1.890120e+003  -1.289650e+003  -9.261800e+002  -6.872203e+002  -5.213179e+002  -4.018320e+002  -3.132980e+002  -1.997215e+002  -1.297989e+002  -5.396900e+001  -3.078629e+001  
-0.000000e+000  -6.478293e+002  -1.470643e+003  -2.914795e+003  -7.500168e+003  -3.263159e+003  -1.829296e+003  -1.212820e+003  -8.608278e+002  -6.328990e+002  -4.760401e+002  -3.640265e+002  -2.817241e+002  -1.775557e+002  -1.142248e+002  -4.687786e+001  -2.657360e+001  
-0.000000e+000  -5.396997e+002  -1.162211e+003  -1.950511e+003  -0.000000e+000  -1.967860e+003  -1.432622e+003  -1.019013e+003  -7.363320e+002  -5.422244e+002  -4.062060e+002  -3.088013e+002  -2.374629e+002  -1.480504e+002  -9.429318e+001  -3.819821e+001  -2.151775e+001  
-0.000000e+000  -3.633231e+002  -7.051306e+002  -8.555191e+002  -0.000000e+000  -9.183026e+002  -9.134931e+002  -7.234731e+002  -5.439073e+002  -4.058597e+002  -3.047821e+002  -2.312189e+002  -1.771234e+002  -1.095410e+002  -6.920903e+001  -2.774121e+001  -1.554720e+001  
-0.000000e+000  -1.196467e+002  -2.064155e+002  -1.964198e+002  -0.000000e+000  -2.335713e+002  -2.992442e+002  -2.716129e+002  -2.191134e+002  -1.690424e+002  -1.286321e+002  -9.786879e+001  -7.482587e+001  -4.586312e+001  -2.868296e+001  -1.133778e+001  -6.311308e+000  
-0.000000e+000  1.196467e+002  2.064155e+002  1.964198e+002  -0.000000e+000  2.335713e+002  2.992442e+002  2.716129e+002  2.191134e+002  1.690424e+002  1.286321e+002  9.786879e+001  7.482587e+001  4.586312e+001  2.868296e+001  1.133778e+001  6.311308e+000  
-0.000000e+000  3.633231e+002  7.051306e+002  8.555191e+002  -0.000000e+000  9.183026e+002  9.134931e+002  7.234731e+002  5.439073e+002  4.058597e+002  3.047821e+002  2.312189e+002  1.771234e+002  1.095410e+002  6.920903e+001  2.774121e+001  1.554720e+001  
-0.000000e+000  5.396997e+002  1.162211e+003  1.950511e+003  -0.000000e+000  1.967860e+003  1.432622e+003  1.019013e+003  7.363320e+002  5.422244e+002  4.062060e+002  3.088013e+002  2.374629e+002  1.480504e+002  9.429318e+001  3.819821e+001  2.151775e+001  
-0.000000e+000  6.478293e+002  1.470643e+003  2.914795e+003  7.500168e+003  3.263159e+003  1.829296e+003  1.212820e+003  8.608278e+002  6.328990e+002  4.760401e+002  3.640265e+002  2.817241e+002  1.775557e+002  1.142248e+002  4.687786e+001  2.657360e+001  
-0.000000e+000  6.742407e+002  1.498895e+003  2.719411e+003  4.611152e+003  2.974007e+003  1.890120e+003  1.289650e+003  9.261800e+002  6.872203e+002  5.213179e+002  4.018320e+002  3.132980e+002  1.997215e+002  1.297989e+002  5.396900e+001  3.078629e+001  
-0.000000e+000  6.425126e+002  1.374178e+003  2.264624e+003  3.125205e+003  2.493198e+003  1.783220e+003  1.284386e+003  9.484957e+002  7.163431e+002  5.506176e+002  4.290030e+002  3.376147e+002  2.181592e+002  1.434578e+002  6.054854e+001  3.478940e+001  
-0.000000e+000  5.762834e+002  1.187979e+003  1.820983e+003  2.264877e+003  2.040483e+003  1.603418e+003  1.222828e+003  9.350209e+002  7.225884e+002  5.647532e+002  4.458024e+002  3.547030e+002  2.327799e+002  1.551032e+002  6.657169e+001  3.855985e+001  
-0.000000e+000  4.825718e+002  9.599653e+002  1.386335e+003  1.621437e+003  1.597786e+003  1.370409e+003  1.113366e+003  8.888736e+002  7.079338e+002  5.656882e+002  4.543098e+002  3.666768e+002  2.454955e+002  1.663409e+002  7.293654e+001  4.268120e+001  
-0.000000e+000  3.785945e+002  7.337824e+002  1.020738e+003  1.161353e+003  1.219383e+003  1.122841e+003  9.681587e+002  8.091875e+002  6.672853e+002  5.477370e+002  4.494422e+002  3.693181e+002  2.536339e+002  1.755485e+002  7.911869e+001  4.691438e+001  
-0.000000e+000  2.907950e+002  5.548708e+002  7.566897e+002  8.523827e+002  9.389623e+002  9.125719e+002  8.262978e+002  7.193153e+002  6.130332e+002  5.167938e+002  4.334543e+002  3.628699e+002  2.560340e+002  1.812637e+002  8.416245e+001  5.062509e+001  
-0.000000e+000  2.215055e+002  4.191246e+002  5.662804e+002  6.366417e+002  7.301839e+002  7.405584e+002  6.980087e+002  6.294858e+002  5.528800e+002  4.780888e+002  4.097396e+002  3.494714e+002  2.535670e+002  1.837838e+002  8.807444e+001  5.379289e+001  
-0.000000e+000  1.355061e+002  2.548116e+002  3.426341e+002  3.869087e+002  4.757441e+002  5.150856e+002  5.161704e+002  4.919565e+002  4.535200e+002  4.088831e+002  3.632269e+002  3.195849e+002  2.431264e+002  1.832908e+002  9.266155e+001  5.805647e+001  
-0.000000e+000  7.371746e+001  1.386471e+002  1.870100e+002  2.131853e+002  2.836725e+002  3.271850e+002  3.471175e+002  3.486510e+002  3.372196e+002  3.175878e+002  2.934905e+002  2.676300e+002  2.161177e+002  1.716043e+002  9.384293e+001  6.112349e+001  
-0.000000e+000  2.780233e+001  5.256747e+001  7.165110e+001  8.315616e+001  1.271457e+002  1.607643e+002  1.840785e+002  1.980285e+002  2.040632e+002  2.038211e+002  1.989036e+002  1.907411e+002  1.682778e+002  1.443141e+002  8.926307e+001  6.171982e+001  
-0.000000e+000  8.657042e+000  1.648456e+001  2.275348e+001  2.692203e+001  4.948365e+001  6.875755e+001  8.439779e+001  9.635435e+001  1.048107e+002  1.101122e+002  1.126987e+002  1.130484e+002  1.084613e+002  1.002413e+002  7.146718e+001  5.321718e+001  
-0.000000e+000  2.182879e+000  4.184379e+000  5.842259e+000  7.030055e+000  1.647032e+001  2.505835e+001  3.261208e+001  3.902411e+001  4.425608e+001  4.832862e+001  5.130877e+001  5.329694e+001  5.466202e+001  5.364389e+001  4.353285e+001  3.479616e+001  
-0.000000e+000  4.448904e-001  8.555374e-001  1.200948e+000  1.456233e+000  3.973622e+000  6.312660e+000  8.424758e+000  1.027628e+001  1.184843e+001  1.313608e+001  1.414585e+001  1.489382e+001  1.567357e+001  1.573884e+001  1.344730e+001  1.105498e+001  
-0.000000e+000  -0.000000e+000  -0.000000e+000  -0.000000e+000  -0.000000e+000  -0.000000e+000  -0.000000e+000  -0.000000e+000  -0.000000e+000  -0.000000e+000  -0.000000e+000  -0.000000e+000  -0.000000e+000  -0.000000e+000  -0.000000e+000  -0.000000e+000  -0.000000e+000  

0.000000e+000  0.000000e+000  0.000000e+000  0.000000e+000  0.000000e+000  0.000000e+000  0.000000e+000  0.000000e+000  0.000000e+000  0.000000e+000  0.000000e+000  0.000000e+000  0.000000e+000  0.000000e+000  0.000000e+000  0.000000e+000  0.000000e+000  
0.000000e+000  0.000000e+000  0.000000e+000  0.000000e+000  0.000000e+000  0.000000e+000  0.000000e+000  0.000000e+000  0.000000e+000  0.000000e+000  0.000000e+000  0.000000e+000  0.000000e+000  0.000000e+000  0.000000e+000  0.000000e+000  0.000000e+000  
0.000000e+000  0.000000e+000  0.000000e+000  0.000000e+000  0.000000e+000  0.000000e+000  0.000000e+000  0.000000e+000  0.000000e+000  0.000000e+000  0.000000e+000  0.000000e+000  0.000000e+000  0.000000e+000  0.000000e+000  0.000000e+000  0.000000e+000  
0.000000e+000  0.000000e+000  0.000000e+000  0.000000e+000  0.000000e+000  0.000000e+000  0.000000e+000  0.000000e+000  0.000000e+000  0.000000e+000  0.000000e+000  0.000000e+000  0.000000e+000  0.000000e+000  0.000000e+000  0.000000e+000  0.000000e+000  
0.000000e+000  0.000000e+000  0.000000e+000  0.000000e+000  0.000000e+000  0.000000e+000  0.000000e+000  0.000000e+000  0.000000e+000  0.000000e+000  0.000000e+000  0.000000e+000  0.000000e+000  0.000000e+000  0.000000e+000  0.000000e+000  0.000000e+000  
0.000000e+000  0.000000e+000  0.000000e+000  0.000000e+000  0.000000e+000  0.000000e+000  0.000000e+000  0.000000e+000  0.000000e+000  0.000000e+000  0.000000e+000  0.000000e+000  0.000000e+000  0.000000e+000  0.000000e+000  0.000000e+000  0.000000e+000  
0.000000e+000  0.000000e+000  0.000000e+000  0.000000e+000  0.000000e+000  0.000000e+000  0.000000e+000  0.000000e+000  0.000000e+000  0.000000e+000  0.000000e+000  0.000000e+000  0.000000e+000  0.000000e+000  0.000000e+000  0.000000e+000  0.000000e+000  
0.000000e+000  0.000000e+000  0.000000e+000  0.000000e+000  0.000000e+000  0.000000e+000  0.000000e+000  0.000000e+000  0.000000e+000  0.000000e+000  0.000000e+000  0.000000e+000  0.000000e+000  0.000000e+000  0.000000e+000  0.000000e+000  0.000000e+000  
0.000000e+000  0.000000e+000  0.000000e+000  0.000000e+000  0.000000e+000  0.000000e+000  0.000000e+000  0.000000e+000  0.000000e+000  0.000000e+000  0.000000e+000  0.000000e+000  0.000000e+000  0.000000e+000  0.000000e+000  0.000000e+000  0.000000e+000  
0.000000e+000  0.000000e+000  0.000000e+000  0.000000e+000  0.000000e+000  0.000000e+000  0.000000e+000  0.000000e+000  0.000000e+000  0.000000e+000  0.000000e+000  0.000000e+000  0.000000e+000  0.000000e+000  0.000000e+000  0.000000e+000  0.000000e+000  
0.000000e+000  0.000000e+000  0.000000e+000  0.000000e+000  0.000000e+000  0.000000e+000  0.000000e+000  0.000000e+000  0.000000e+000  0.000000e+000  0.000000e+000  0.000000e+000  0.000000e+000  0.000000e+000  0.000000e+000  0.000000e+000  0.000000e+000  
0.000000e+000  0.000000e+000  0.000000e+000  0.000000e+000  0.000000e+000  0.000000e+000  0.000000e+000  0.000000e+000  0.000000e+000  0.000000e+000  0.000000e+000  0.000000e+000  0.000000e+000  0.000000e+000  0.000000e+000  0.000000e+000  0.000000e+000  
0.000000e+000  0.000000e+000  0.000000e+000  0.000000e+000  0.000000e+000  0.000000e+000  0.000000e+000  0.000000e+000  0.000000e+000  0.000000e+000  0.000000e+000  0.000000e+000  0.000000e+000  0.000000e+000  0.000000e+000  0.000000e+000  0.000000e+000  
0.000000e+000  0.000000e+000  0.000000e+000  0.000000e+000  0.000000e+000  0.000000e+000  0.000000e+000  0.000000e+000  0.000000e+000  0.000000e+000  0.000000e+000  0.000000e+000  0.000000e+000  0.000000e+000  0.000000e+000  0.000000e+000  0.000000e+000  
0.000000e+000  0.000000e+000  0.000000e+000  0.000000e+000  0.000000e+000  0.000000e+000  0.000000e+000  0.000000e+000  0.000000e+000  0.000000e+000  0.000000e+000  0.000000e+000  0.000000e+000  0.000000e+000  0.000000e+000  0.000000e+000  0.000000e+000  
0.000000e+000  0.000000e+000  0.000000e+000  0.000000e+000  0.000000e+000  0.000000e+000  0.000000e+000  0.000000e+000  0.000000e+000  0.000000e+000  0.000000e+000  0.000000e+000  0.000000e+000  0.000000e+000  0.000000e+000  0.000000e+000  0.000000e+000  
0.000000e+000  0.000000e+000  0.000000e+000  0.000000e+000  0.000000e+000  0.000000e+000  0.000000e+000  0.000000e+000  0.000000e+000  0.000000e+000  0.000000e+000  0.000000e+000  0.000000e+000  0.000000e+000  0.000000e+000  0.000000e+000  0.000000e+000  
0.000000e+000  0.000000e+000  0.000000e+000  0.000000e+000  0.000000e+000  0.000000e+000  0.000000e+000  0.000000e+000  0.000000e+000  0.000000e+000  0.000000e+000  0.000000e+000  0.000000e+000  0.000000e+000  0.000000e+000  0.000000e+000  0.000000e+000  
0.000000e+000  0.000000e+000  0.000000e+000  0.000000e+000  0.000000e+000  0.000000e+000  0.000000e+000  0.000000e+000  0.000000e+000  0.000000e+000  0.000000e+000  0.000000e+000  0.000000e+000  0.000000e+000  0.000000e+000  0.000000e+000  0.000000e+000  
0.000000e+000  0.000000e+000  0.000000e+000  0.000000e+000  0.000000e+000  0.000000e+000  0.000000e+000  0.000000e+000  0.000000e+000  0.000000e+000  0.000000e+000  0.000000e+000  0.000000e+000  0.000000e+000  0.000000e+000  0.000000e+000  0.000000e+000  
0.000000e+000  0.000000e+000  0.000000e+000  0.000000e+000  0.000000e+000  0.000000e+000  0.000000e+000  0.000000e+000  0.000000e+000  0.000000e+000  0.000000e+000  0.000000e+000  0.000000e+000  0.000000e+000  0.000000e+000  0.000000e+000  0.000000e+000  
0.000000e+000  0.000000e+000  0.000000e+000  0.000000e+000  0.000000e+000  0.000000e+000  0.000000e+000  0.000000e+000  0.000000e+000  0.000000e+000  0.000000e+000  0.000000e+000  0.000000e+000  0.000000e+000  0.000000e+000  0.000000e+000  0.000000e+000  
0.000000e+000  0.000000e+000  0.000000e+000  0.000000e+000  0.000000e+000  0.000000e+000  0.000000e+000  0.000000e+000  0.000000e+000  0.000000e+000  0.000000e+000  0.000000e+000  0.000000e+000  0.000000e+000  0.000000e+000  0.000000e+000  0.000000e+000  
0.000000e+000  0.000000e+000  0.000000e+000  0.000000e+000  0.000000e+000  0.000000e+000  0.000000e+000  0.000000e+000  0.000000e+000  0.000000e+000  0.000000e+000  0.000000e+000  0.000000e+000  0.000000e+000  0.000000e+000  0.000000e+000  0.000000e+000  
0.000000e+000  0.000000e+000  0.000000e+000  0.000000e+000  0.000000e+000  0.000000e+000  0.000000e+000  0.000000e+000  0.000000e+000  0.000000e+000  0.000000e+000  0.000000e+000  0.000000e+000  0.000000e+000  0.000000e+000  0.000000e+000  0.000000e+000  
0.000000e+000  0.000000e+000  0.000000e+000  0.000000e+000  0.000000e+000  0.000000e+000  0.000000e+000  0.000000e+000  0.000000e+000  0.000000e+000  0.000000e+000  0.000000e+000  0.000000e+000  0.000000e+000  0.000000e+000  0.000000e+000  0.000000e+000  
0.000000e+000  0.000000e+000  0.000000e+000  0.000000e+000  0.000000e+000  0.000000e+000  0.000000e+000  0.000000e+000  0.000000e+000  0.000000e+000  0.000000e+000  0.000000e+000  0.000000e+000  0.000000e+000  0.000000e+000  0.000000e+000  0.000000e+000  
0.000000e+000  0.000000e+000  0.000000e+000  0.000000e+000  0.000000e+000  0.000000e+000  0.000000e+000  0.000000e+000  0.000000e+000  0.000000e+000  0.000000e+000  0.000000e+000  0.000000e+000  0.000000e+000  0.000000e+000  0.000000e+000  0.000000e+000  
0.000000e+000  0.000000e+000  0.000000e+000  0.000000e+000  0.000000e+000  0.000000e+000  0.000000e+000  0.000000e+000  0.000000e+000  0.000000e+000  0.000000e+000  0.000000e+000  0.000000e+000  0.000000e+000  0.000000e+000  0.000000e+000  0.000000e+000  
0.000000e+000  0.000000e+000  0.000000e+000  0.000000e+000  0.000000e+000  0.000000e+000  0.000000e+000  0.000000e+000  0.000000e+000  0.000000e+000  0.000000e+000  0.000000e+000  0.000000e+000  0.000000e+000  0.000000e+000  0.000000e+000  0.000000e+000  
0.000000e+000  0.000000e+000  0.000000e+000  0.000000e+000  0.000000e+000  0.000000e+000  0.000000e+000  0.000000e+000  0.000000e+000  0.000000e+000  0.000000e+000  0.000000e+000  0.000000e+000  0.000000e+000  0.000000e+000  0.000000e+000  0.000000e+000  
0.000000e+000  0.000000e+000  0.000000e+000  0.000000e+000  0.000000e+000  0.000000e+000  0.000000e+000  0.000000e+000  0.000000e+000  0.000000e+000  0.000000e+000  0.000000e+000  0.000000e+000  0.000000e+000  0.000000e+000  0.000000e+000  0.000000e+000  
0.000000e+000  0.000000e+000  0.000000e+000  0.000000e+000  0.000000e+000  0.000000e+000  0.000000e+000  0.000000e+000  0.000000e+000  0.000000e+000  0.000000e+000  0.000000e+000  0.000000e+000  0.000000e+000  0.000000e+000  0.000000e+000  0.000000e+000  
0.000000e+000  0.000000e+000  0.000000e+000  0.000000e+000  0.000000e+000  0.000000e+000  0.000000e+000  0.000000e+000  0.000000e+000  0.000000e+000  0.000000e+000  0.000000e+000  0.000000e+000  0.000000e+000  0.000000e+000  0.000000e+000  0.000000e+000  
0.000000e+000  0.000000e+000  0.000000e+000  0.000000e+000  0.000000e+000  0.000000e+000  0.000000e+000  0.000000e+000  0.000000e+000  0.000000e+000  0.000000e+000  0.000000e+000  0.000000e+000  0.000000e+000  0.000000e+000  0.000000e+000  0.000000e+000  

0.000000e+000  0.000000e+000  0.000000e+000  0.000000e+000  0.000000e+000  0.000000e+000  0.000000e+000  0.000000e+000  0.000000e+000  0.000000e+000  0.000000e+000  0.000000e+000  0.000000e+000  0.000000e+000  0.000000e+000  0.000000e+000  0.000000e+000  
0.000000e+000  0.000000e+000  0.000000e+000  0.000000e+000  0.000000e+000  0.000000e+000  0.000000e+000  0.000000e+000  0.000000e+000  0.000000e+000  0.000000e+000  0.000000e+000  0.000000e+000  0.000000e+000  0.000000e+000  0.000000e+000  0.000000e+000  
0.000000e+000  0.000000e+000  0.000000e+000  0.000000e+000  0.000000e+000  0.000000e+000  0.000000e+000  0.000000e+000  0.000000e+000  0.000000e+000  0.000000e+000  0.000000e+000  0.000000e+000  0.000000e+000  0.000000e+000  0.000000e+000  0.000000e+000  
0.000000e+000  0.000000e+000  0.000000e+000  0.000000e+000  0.000000e+000  0.000000e+000  0.000000e+000  0.000000e+000  0.000000e+000  0.000000e+000  0.000000e+000  0.000000e+000  0.000000e+000  0.000000e+000  0.000000e+000  0.000000e+000  0.000000e+000  
0.000000e+000  0.000000e+000  0.000000e+000  0.000000e+000  0.000000e+000  0.000000e+000  0.000000e+000  0.000000e+000  0.000000e+000  0.000000e+000  0.000000e+000  0.000000e+000  0.000000e+000  0.000000e+000  0.000000e+000  0.000000e+000  0.000000e+000  
0.000000e+000  0.000000e+000  0.000000e+000  0.000000e+000  0.000000e+000  0.000000e+000  0.000000e+000  0.000000e+000  0.000000e+000  0.000000e+000  0.000000e+000  0.000000e+000  0.000000e+000  0.000000e+000  0.000000e+000  0.000000e+000  0.000000e+000  
0.000000e+000  0.000000e+000  0.000000e+000  0.000000e+000  0.000000e+000  0.000000e+000  0.000000e+000  0.000000e+000  0.000000e+000  0.000000e+000  0.000000e+000  0.000000e+000  0.000000e+000  0.000000e+000  0.000000e+000  0.000000e+000  0.000000e+000  
0.000000e+000  0.000000e+000  0.000000e+000  0.000000e+000  0.000000e+000  0.000000e+000  0.000000e+000  0.000000e+000  0.000000e+000  0.000000e+000  0.000000e+000  0.000000e+000  0.000000e+000  0.000000e+000  0.000000e+000  0.000000e+000  0.000000e+000  
0.000000e+000  0.000000e+000  0.000000e+000  0.000000e+000  0.000000e+000  0.000000e+000  0.000000e+000  0.000000e+000  0.000000e+000  0.000000e+000  0.000000e+000  0.000000e+000  0.000000e+000  0.000000e+000  0.000000e+000  0.000000e+000  0.000000e+000  
0.000000e+000  0.000000e+000  0.000000e+000  0.000000e+000  0.000000e+000  0.000000e+000  0.000000e+000  0.000000e+000  0.000000e+000  0.000000e+000  0.000000e+000  0.000000e+000  0.000000e+000  0.000000e+000  0.000000e+000  0.000000e+000  0.000000e+000  
0.000000e+000  0.000000e+000  0.000000e+000  0.000000e+000  0.000000e+000  0.000000e+000  0.000000e+000  0.000000e+000  0.000000e+000  0.000000e+000  0.000000e+000  0.000000e+000  0.000000e+000  0.000000e+000  0.000000e+000  0.000000e+000  0.000000e+000  
0.000000e+000  0.000000e+000  0.000000e+000  0.000000e+000  0.000000e+000  0.000000e+000  0.000000e+000  0.000000e+000  0.000000e+000  0.000000e+000  0.000000e+000  0.000000e+000  0.000000e+000  0.000000e+000  0.000000e+000  0.000000e+000  0.000000e+000  
0.000000e+000  0.000000e+000  0.000000e+000  0.000000e+000  0.000000e+000  0.000000e+000  0.000000e+000  0.000000e+000  0.000000e+000  0.000000e+000  0.000000e+000  0.000000e+000  0.000000e+000  0.000000e+000  0.000000e+000  0.000000e+000  0.000000e+000  
0.000000e+000  0.000000e+000  0.000000e+000  0.000000e+000  0.000000e+000  0.000000e+000  0.000000e+000  0.000000e+000  0.000000e+000  0.000000e+000  0.000000e+000  0.000000e+000  0.000000e+000  0.000000e+000  0.000000e+000  0.000000e+000  0.000000e+000  
0.000000e+000  0.000000e+000  0.000000e+000  0.000000e+000  0.000000e+000  0.000000e+000  0.000000e+000  0.000000e+000  0.000000e+000  0.000000e+000  0.000000e+000  0.000000e+000  0.000000e+000  0.000000e+000  0.000000e+000  0.000000e+000  0.000000e+000  
0.000000e+000  0.000000e+000  0.000000e+000  0.000000e+000  0.000000e+000  0.000000e+000  0.000000e+000  0.000000e+000  0.000000e+000  0.000000e+000  0.000000e+000  0.000000e+000  0.000000e+000  0.000000e+000  0.000000e+000  0.000000e+000  0.000000e+000  
0.000000e+000  0.000000e+000  0.000000e+000  0.000000e+000  0.000000e+000  0.000000e+000  0.000000e+000  0.000000e+000  0.000000e+000  0.000000e+000  0.000000e+000  0.000000e+000  0.000000e+000  0.000000e+000  0.000000e+000  0.000000e+000  0.000000e+000  
0.000000e+000  0.000000e+000  0.000000e+000  0.000000e+000  0.000000e+000  0.000000e+000  0.000000e+000  0.000000e+000  0.000000e+000  0.000000e+000  0.000000e+000  0.000000e+000  0.000000e+000  0.000000e+000  0.000000e+000  0.000000e+000  0.000000e+000  
0.000000e+000  0.000000e+000  0.000000e+000  0.000000e+000  0.000000e+000  0.000000e+000  0.000000e+000  0.000000e+000  0.000000e+000  0.000000e+000  0.000000e+000  0.000000e+000  0.000000e+000  0.000000e+000  0.000000e+000  0.000000e+000  0.000000e+000  
0.000000e+000  0.000000e+000  0.000000e+000  0.000000e+000  0.000000e+000  0.000000e+000  0.000000e+000  0.000000e+000  0.000000e+000  0.000000e+000  0.000000e+000  0.000000e+000  0.000000e+000  0.000000e+000  0.000000e+000  0.000000e+000  0.000000e+000  
0.000000e+000  0.000000e+000  0.000000e+000  0.000000e+000  0.000000e+000  0.000000e+000  0.000000e+000  0.000000e+000  0.000000e+000  0.000000e+000  0.000000e+000  0.000000e+000  0.000000e+000  0.000000e+000  0.000000e+000  0.000000e+000  0.000000e+000  
0.000000e+000  0.000000e+000  0.000000e+000  0.000000e+000  0.000000e+000  0.000000e+000  0.000000e+000  0.000000e+000  0.000000e+000  0.000000e+000  0.000000e+000  0.000000e+000  0.000000e+000  0.000000e+000  0.000000e+000  0.000000e+000  0.000000e+000  
0.000000e+000  0.000000e+000  0.000000e+000  0.000000e+000  0.000000e+000  0.000000e+000  0.000000e+000  0.000000e+000  0.000000e+000  0.000000e+000  0.000000e+000  0.000000e+000  0.000000e+000  0.000000e+000  0.000000e+000  0.000000e+000  0.000000e+000  
0.000000e+000  0.000000e+000  0.000000e+000  0.000000e+000  0.000000e+000  0.000000e+000  0.000000e+000  0.000000e+000  0.000000e+000  0.000000e+000  0.000000e+000  0.000000e+000  0.000000e+000  0.000000e+000  0.000000e+000  0.000000e+000  0.000000e+000  
0.000000e+000  0.000000e+000  0.000000e+000  0.000000e+000  0.000000e+000  0.000000e+000  0.000000e+000  0.000000e+000  0.000000e+000  0.000000e+000  0.000000e+000  0.000000e+000  0.000000e+000  0.000000e+000  0.000000e+000  0.000000e+000  0.000000e+000  
0.000000e+000  0.000000e+000  0.000000e+000  0.000000e+000  0.000000e+000  0.000000e+000  0.000000e+000  0.000000e+000  0.000000e+000  0.000000e+000  0.000000e+000  0.000000e+000  0.000000e+000  0.000000e+000  0.000000e+000  0.000000e+000  0.000000e+000  
0.000000e+000  0.000000e+000  0.000000e+000  0.000000e+000  0.000000e+000  0.000000e+000  0.000000e+000  0.000000e+000  0.000000e+000  0.000000e+000  0.000000e+000  0.000000e+000  0.000000e+000  0.000000e+000  0.000000e+000  0.000000e+000  0.000000e+000  
0.000000e+000  0.000000e+000  0.000000e+000  0.000000e+000  0.000000e+000  0.000000e+000  0.000000e+000  0.000000e+000  0.000000e+000  0.000000e+000  0.000000e+000  0.000000e+000  0.000000e+000  0.000000e+000  0.000000e+000  0.000000e+000  0.000000e+000  
0.000000e+000  0.000000e+000  0.000000e+000  0.000000e+000  0.000000e+000  0.000000e+000  0.000000e+000  0.000000e+000  0.000000e+000  0.000000e+000  0.000000e+000  0.000000e+000  0.000000e+000  0.000000e+000  0.000000e+000  0.000000e+000  0.000000e+000  
0.000000e+000  0.000000e+000  0.000000e+000  0.000000e+000  0.000000e+000  0.000000e+000  0.000000e+000  0.000000e+000  0.000000e+000  0.000000e+000  0.000000e+000  0.000000e+000  0.000000e+000  0.000000e+000  0.000000e+000  0.000000e+000  0.000000e+000  
0.000000e+000  0.000000e+000  0.000000e+000  0.000000e+000  0.000000e+000  0.000000e+000  0.000000e+000  0.000000e+000  0.000000e+000  0.000000e+000  0.000000e+000  0.000000e+000  0.000000e+000  0.000000e+000  0.000000e+000  0.000000e+000  0.000000e+000  
0.000000e+000  0.000000e+000  0.000000e+000  0.000000e+000  0.000000e+000  0.000000e+000  0.000000e+000  0.000000e+000  0.000000e+000  0.000000e+000  0.000000e+000  0.000000e+000  0.000000e+000  0.000000e+000  0.000000e+000  0.000000e+000  0.000000e+000  
0.000000e+000  0.000000e+000  0.000000e+000  0.000000e+000  0.000000e+000  0.000000e+000  0.000000e+000  0.000000e+000  0.000000e+000  0.000000e+000  0.000000e+000  0.000000e+000  0.000000e+000  0.000000e+000  0.000000e+000  0.000000e+000  0.000000e+000  
0.000000e+000  0.000000e+000  0.000000e+000  0.000000e+000  0.000000e+000  0.000000e+000  0.000000e+000  0.000000e+000  0.000000e+000  0.000000e+000  0.000000e+000  0.000000e+000  0.000000e+000  0.000000e+000  0.000000e+000  0.000000e+000  0.000000e+000  
0.000000e+000  0.000000e+000  0.000000e+000  0.000000e+000  0.000000e+000  0.000000e+000  0.000000e+000  0.000000e+000  0.000000e+000  0.000000e+000  0.000000e+000  0.000000e+000  0.000000e+000  0.000000e+000  0.000000e+000  0.000000e+000  0.000000e+000  

0.000000e+000  0.000000e+000  0.000000e+000  0.000000e+000  0.000000e+000  0.000000e+000  0.000000e+000  0.000000e+000  0.000000e+000  0.000000e+000  0.000000e+000  0.000000e+000  0.000000e+000  0.000000e+000  0.000000e+000  0.000000e+000  0.000000e+000  
0.000000e+000  0.000000e+000  0.000000e+000  0.000000e+000  0.000000e+000  0.000000e+000  0.000000e+000  0.000000e+000  0.000000e+000  0.000000e+000  0.000000e+000  0.000000e+000  0.000000e+000  0.000000e+000  0.000000e+000  0.000000e+000  0.000000e+000  
0.000000e+000  0.000000e+000  0.000000e+000  0.000000e+000  0.000000e+000  0.000000e+000  0.000000e+000  0.000000e+000  0.000000e+000  0.000000e+000  0.000000e+000  0.000000e+000  0.000000e+000  0.000000e+000  0.000000e+000  0.000000e+000  0.000000e+000  
0.000000e+000  0.000000e+000  0.000000e+000  0.000000e+000  0.000000e+000  0.000000e+000  0.000000e+000  0.000000e+000  0.000000e+000  0.000000e+000  0.000000e+000  0.000000e+000  0.000000e+000  0.000000e+000  0.000000e+000  0.000000e+000  0.000000e+000  
0.000000e+000  0.000000e+000  0.000000e+000  0.000000e+000  0.000000e+000  0.000000e+000  0.000000e+000  0.000000e+000  0.000000e+000  0.000000e+000  0.000000e+000  0.000000e+000  0.000000e+000  0.000000e+000  0.000000e+000  0.000000e+000  0.000000e+000  
0.000000e+000  0.000000e+000  0.000000e+000  0.000000e+000  0.000000e+000  0.000000e+000  0.000000e+000  0.000000e+000  0.000000e+000  0.000000e+000  0.000000e+000  0.000000e+000  0.000000e+000  0.000000e+000  0.000000e+000  0.000000e+000  0.000000e+000  
0.000000e+000  0.000000e+000  0.000000e+000  0.000000e+000  0.000000e+000  0.000000e+000  0.000000e+000  0.000000e+000  0.000000e+000  0.000000e+000  0.000000e+000  0.000000e+000  0.000000e+000  0.000000e+000  0.000000e+000  0.000000e+000  0.000000e+000  
0.000000e+000  0.000000e+000  0.000000e+000  0.000000e+000  0.000000e+000  0.000000e+000  0.000000e+000  0.000000e+000  0.000000e+000  0.000000e+000  0.000000e+000  0.000000e+000  0.000000e+000  0.000000e+000  0.000000e+000  0.000000e+000  0.000000e+000  
0.000000e+000  0.000000e+000  0.000000e+000  0.000000e+000  0.000000e+000  0.000000e+000  0.000000e+000  0.000000e+000  0.000000e+000  0.000000e+000  0.000000e+000  0.000000e+000  0.000000e+000  0.000000e+000  0.000000e+000  0.000000e+000  0.000000e+000  
0.000000e+000  0.000000e+000  0.000000e+000  0.000000e+000  0.000000e+000  0.000000e+000  0.000000e+000  0.000000e+000  0.000000e+000  0.000000e+000  0.000000e+000  0.000000e+000  0.000000e+000  0.000000e+000  0.000000e+000  0.000000e+000  0.000000e+000  
0.000000e+000  0.000000e+000  0.000000e+000  0.000000e+000  0.000000e+000  0.000000e+000  0.000000e+000  0.000000e+000  0.000000e+000  0.000000e+000  0.000000e+000  0.000000e+000  0.000000e+000  0.000000e+000  0.000000e+000  0.000000e+000  0.000000e+000  
0.000000e+000  0.000000e+000  0.000000e+000  0.000000e+000  0.000000e+000  0.000000e+000  0.000000e+000  0.000000e+000  0.000000e+000  0.000000e+000  0.000000e+000  0.000000e+000  0.000000e+000  0.000000e+000  0.000000e+000  0.000000e+000  0.000000e+000  
0.000000e+000  0.000000e+000  0.000000e+000  0.000000e+000  0.000000e+000  0.000000e+000  0.000000e+000  0.000000e+000  0.000000e+000  0.000000e+000  0.000000e+000  0.000000e+000  0.000000e+000  0.000000e+000  0.000000e+000  0.000000e+000  0.000000e+000  
0.000000e+000  0.000000e+000  0.000000e+000  0.000000e+000  0.000000e+000  0.000000e+000  0.000000e+000  0.000000e+000  0.000000e+000  0.000000e+000  0.000000e+000  0.000000e+000  0.000000e+000  0.000000e+000  0.000000e+000  0.000000e+000  0.000000e+000  
0.000000e+000  0.000000e+000  0.000000e+000  0.000000e+000  0.000000e+000  0.000000e+000  0.000000e+000  0.000000e+000  0.000000e+000  0.000000e+000  0.000000e+000  0.000000e+000  0.000000e+000  0.000000e+000  0.000000e+000  0.000000e+000  0.000000e+000  
0.000000e+000  0.000000e+000  0.000000e+000  0.000000e+000  0.000000e+000  0.000000e+000  0.000000e+000  0.000000e+000  0.000000e+000  0.000000e+000  0.000000e+000  0.000000e+000  0.000000e+000  0.000000e+000  0.000000e+000  0.000000e+000  0.000000e+000  
0.000000e+000  0.000000e+000  0.000000e+000  0.000000e+000  0.000000e+000  0.000000e+000  0.000000e+000  0.000000e+000  0.000000e+000  0.000000e+000  0.000000e+000  0.000000e+000  0.000000e+000  0.000000e+000  0.000000e+000  0.000000e+000  0.000000e+000  
0.000000e+000  0.000000e+000  0.000000e+000  0.000000e+000  0.000000e+000  0.000000e+000  0.000000e+000  0.000000e+000  0.000000e+000  0.000000e+000  0.000000e+000  0.000000e+000  0.000000e+000  0.000000e+000  0.000000e+000  0.000000e+000  0.000000e+000  
0.000000e+000  0.000000e+000  0.000000e+000  0.000000e+000  0.000000e+000  0.000000e+000  0.000000e+000  0.000000e+000  0.000000e+000  0.000000e+000  0.000000e+000  0.000000e+000  0.000000e+000  0.000000e+000  0.000000e+000  0.000000e+000  0.000000e+000  
0.000000e+000  0.000000e+000  0.000000e+000  0.000000e+000  0.000000e+000  0.000000e+000  0.000000e+000  0.000000e+000  0.000000e+000  0.000000e+000  0.000000e+000  0.000000e+000  0.000000e+000  0.000000e+000  0.000000e+000  0.000000e+000  0.000000e+000  
0.000000e+000  0.000000e+000  0.000000e+000  0.000000e+000  0.000000e+000  0.000000e+000  0.000000e+000  0.000000e+000  0.000000e+000  0.000000e+000  0.000000e+000  0.000000e+000  0.000000e+000  0.000000e+000  0.000000e+000  0.000000e+000  0.000000e+000  
0.000000e+000  0.000000e+000  0.000000e+000  0.000000e+000  0.000000e+000  0.000000e+000  0.000000e+000  0.000000e+000  0.000000e+000  0.000000e+000  0.000000e+000  0.000000e+000  0.000000e+000  0.000000e+000  0.000000e+000  0.000000e+000  0.000000e+000  
0.000000e+000  0.000000e+000  0.000000e+000  0.000000e+000  0.000000e+000  0.000000e+000  0.000000e+000  0.000000e+000  0.000000e+000  0.000000e+000  0.000000e+000  0.000000e+000  0.000000e+000  0.000000e+000  0.000000e+000  0.000000e+000  0.000000e+000  
0.000000e+000  0.000000e+000  0.000000e+000  0.000000e+000  0.000000e+000  0.000000e+000  0.000000e+000  0.000000e+000  0.000000e+000  0.000000e+000  0.000000e+000  0.000000e+000  0.000000e+000  0.000000e+000  0.000000e+000  0.000000e+000  0.000000e+000  
0.000000e+000  0.000000e+000  0.000000e+000  0.000000e+000  0.000000e+000  0.000000e+000  0.000000e+000  0.000000e+000  0.000000e+000  0.000000e+000  0.000000e+000  0.000000e+000  0.000000e+000  0.000000e+000  0.000000e+000  0.000000e+000  0.000000e+000  
0.000000e+000  0.000000e+000  0.000000e+000  0.000000e+000  0.000000e+000  0.000000e+000  0.000000e+000  0.000000e+000  0.000000e+000  0.000000e+000  0.000000e+000  0.000000e+000  0.000000e+000  0.000000e+000  0.000000e+000  0.000000e+000  0.000000e+000  
0.000000e+000  0.000000e+000  0.000000e+000  0.000000e+000  0.000000e+000  0.000000e+000  0.000000e+000  0.000000e+000  0.000000e+000  0.000000e+000  0.000000e+000  0.000000e+000  0.000000e+000  0.000000e+000  0.000000e+000  0.000000e+000  0.000000e+000  
0.000000e+000  0.000000e+000  0.000000e+000  0.000000e+000  0.000000e+000  0.000000e+000  0.000000e+000  0.000000e+000  0.000000e+000  0.000000e+000  0.000000e+000  0.000000e+000  0.000000e+000  0.000000e+000  0.000000e+000  0.000000e+000  0.000000e+000  
0.000000e+000  0.000000e+000  0.000000e+000  0.000000e+000  0.000000e+000  0.000000e+000  0.000000e+000  0.000000e+000  0.000000e+000  0.000000e+000  0.000000e+000  0.000000e+000  0.000000e+000  0.000000e+000  0.000000e+000  0.000000e+000  0.000000e+000  
0.000000e+000  0.000000e+000  0.000000e+000  0.000000e+000  0.000000e+000  0.000000e+000  0.000000e+000  0.000000e+000  0.000000e+000  0.000000e+000  0.000000e+000  0.000000e+000  0.000000e+000  0.000000e+000  0.000000e+000  0.000000e+000  0.000000e+000  
0.000000e+000  0.000000e+000  0.000000e+000  0.000000e+000  0.000000e+000  0.000000e+000  0.000000e+000  0.000000e+000  0.000000e+000  0.000000e+000  0.000000e+000  0.000000e+000  0.000000e+000  0.000000e+000  0.000000e+000  0.000000e+000  0.000000e+000  
0.000000e+000  0.000000e+000  0.000000e+000  0.000000e+000  0.000000e+000  0.000000e+000  0.000000e+000  0.000000e+000  0.000000e+000  0.000000e+000  0.000000e+000  0.000000e+000  0.000000e+000  0.000000e+000  0.000000e+000  0.000000e+000  0.000000e+000  
0.000000e+000  0.000000e+000  0.000000e+000  0.000000e+000  0.000000e+000  0.000000e+000  0.000000e+000  0.000000e+000  0.000000e+000  0.000000e+000  0.000000e+000  0.000000e+000  0.000000e+000  0.000000e+000  0.000000e+000  0.000000e+000  0.000000e+000  
0.000000e+000  0.000000e+000  0.000000e+000  0.000000e+000  0.000000e+000  0.000000e+000  0.000000e+000  0.000000e+000  0.000000e+000  0.000000e+000  0.000000e+000  0.000000e+000  0.000000e+000  0.000000e+000  0.000000e+000  0.000000e+000  0.000000e+000  
0.000000e+000  0.000000e+000  0.000000e+000  0.000000e+000  0.000000e+000  0.000000e+000  0.000000e+000  0.000000e+000  0.000000e+000  0.000000e+000  0.000000e+000  0.000000e+000  0.000000e+000  0.000000e+000  0.000000e+000  0.000000e+000  0.000000e+000  

-0.000000e+000  -6.405133e+000  -1.277069e+001  -1.905757e+001  -2.522767e+001  -2.602644e+001  -2.670175e+001  -2.726246e+001  -2.771846e+001  -2.808017e+001  -2.835823e+001  -2.856320e+001  -2.870530e+001  -2.883002e+001  -2.881229e+001  -2.831364e+001  -2.779921e+001  
-0.000000e+000  -6.761963e+000  -1.347978e+001  -2.010979e+001  -2.660931e+001  -2.735043e+001  -2.795430e+001  -2.843389e+001  -2.880282e+001  -2.907477e+001  -2.926311e+001  -2.938054e+001  -2.943892e+001  -2.941122e+001  -2.926566e+001  -2.854284e+001  -2.793587e+001  
-0.000000e+000  -8.319306e+000  -1.657628e+001  -2.470855e+001  -3.265387e+001  -3.305734e+001  -3.327151e+001  -3.333079e+001  -3.326703e+001  -3.310865e+001  -3.288022e+001  -3.260253e+001  -3.229274e+001  -3.161884e+001  -3.095112e+001  -2.937217e+001  -2.842841e+001  
-0.000000e+000  -1.070517e+001  -2.133514e+001  -3.181088e+001  -4.204643e+001  -4.154801e+001  -4.083705e+001  -3.999184e+001  -3.907468e+001  -3.813271e+001  -3.719978e+001  -3.629891e+001  -3.544474e+001  -3.390205e+001  -3.259669e+001  -3.014028e+001  -2.888921e+001  
-0.000000e+000  -1.391256e+001  -2.779675e+001  -4.160511e+001  -5.525422e+001  -5.267425e+001  -5.005778e+001  -4.754029e+001  -4.520220e+001  -4.308192e+001  -4.118912e+001  -3.951570e+001  -3.804406e+001  -3.564153e+001  -3.378269e+001  -3.070920e+001  -2.925775e+001  
-0.000000e+000  -1.563572e+001  -3.136864e+001  -4.725703e+001  -6.328198e+001  -5.868486e+001  -5.444854e+001  -5.069411e+001  -4.744811e+001  -4.468123e+001  -4.233775e+001  -4.035432e+001  -3.867022e+001  -3.603924e+001  -3.406598e+001  -3.089432e+001  -2.940115e+001  
-0.000000e+000  -1.698874e+001  -3.433879e+001  -5.235018e+001  -7.118243e+001  -6.373673e+001  -5.747666e+001  -5.238696e+001  -4.831626e+001  -4.507244e+001  -4.247388e+001  -4.036900e+001  -3.863892e+001  -3.603195e+001  -3.411021e+001  -3.100811e+001  -2.951413e+001  
-0.000000e+000  -1.716847e+001  -3.488444e+001  -5.364455e+001  -7.378942e+001  -6.482455e+001  -5.767852e+001  -5.214810e+001  -4.790530e+001  -4.463323e+001  -4.207445e+001  -4.003547e+001  -3.837583e+001  -3.589256e+001  -3.405720e+001  -3.103762e+001  -2.955448e+001  
-0.000000e+000  -1.696199e+001  -3.469286e+001  -5.395900e+001  -7.540163e+001  -6.481258e+001  -5.690356e+001  -5.113486e+001  -4.691629e+001  -4.377561e+001  -4.137655e+001  -3.949035e+001  -3.796335e+001  -3.567545e+001  -3.396437e+001  -3.105558e+001  -2.958917e+001  
-0.000000e+000  -1.621527e+001  -3.342230e+001  -5.274239e+001  -7.534969e+001  -6.315950e+001  -5.482141e+001  -4.918156e+001  -4.528124e+001  -4.248121e+001  -4.038404e+001  -3.874595e+001  -3.741582e+001  -3.539164e+001  -3.383866e+001  -3.106359e+001  -2.961849e+001  
-0.000000e+000  -1.477338e+001  -3.067100e+001  -4.922199e+001  -7.258190e+001  -5.912741e+001  -5.107998e+001  -4.616783e+001  -4.298496e+001  -4.077352e+001  -3.913006e+001  -3.783398e+001  -3.676014e+001  -3.505755e+001  -3.368910e+001  -3.106355e+001  -2.964284e+001  
-0.000000e+000  -1.318889e+001  -2.741739e+001  -4.441789e+001  -6.755808e+001  -5.394415e+001  -4.703694e+001  -4.323833e+001  -4.089759e+001  -3.928806e+001  -3.807175e+001  -3.708080e+001  -3.622745e+001  -3.478999e+001  -3.356925e+001  -3.105966e+001  -2.965802e+001  
-0.000000e+000  -1.120112e+001  -2.308983e+001  -3.723779e+001  -5.850931e+001  -4.644425e+001  -4.192831e+001  -3.981699e+001  -3.857067e+001  -3.768022e+001  -3.694908e+001  -3.629347e+001  -3.567697e+001  -3.451651e+001  -3.344695e+001  -3.105339e+001  -2.967088e+001  
-0.000000e+000  -8.946239e+000  -1.788683e+001  -2.730333e+001  -4.243039e+001  -3.633141e+001  -3.599749e+001  -3.610909e+001  -3.613412e+001  -3.603089e+001  -3.581384e+001  -3.550601e+001  -3.513134e+001  -3.424796e+001  -3.332720e+001  -3.104563e+001  -2.968159e+001  
-0.000000e+000  -6.692047e+000  -1.249725e+001  -1.516126e+001  -0.000000e+000  -2.422346e+001  -2.992484e+001  -3.244479e+001  -3.375570e+001  -3.443463e+001  -3.472356e+001  -3.475506e+001  -3.461436e+001  -3.399541e+001  -3.321492e+001  -3.103727e+001  -2.969034e+001  
-0.000000e+000  -4.271426e+000  -7.299388e+000  -7.092432e+000  -0.000000e+000  -1.525643e+001  -2.370419e+001  -2.832903e+001  -3.101172e+001  -3.258179e+001  -3.345961e+001  -3.388785e+001  -3.402015e+001  -3.370704e+001  -3.308716e+001  -3.102671e+001  -2.969904e+001  
-0.000000e+000  -2.660319e+000  -4.208582e+000  -3.510809e+000  -0.000000e+000  -1.112125e+001  -1.974947e+001  -2.537464e+001  -2.894237e+001  -3.115706e+001  -3.248141e+001  -3.321622e+001  -3.356071e+001  -3.348502e+001  -3.298907e+001  -3.101802e+001  -2.970502e+001  
-0.000000e+000  -1.610981e+000  -2.416538e+000  -1.846747e+000  -0.000000e+000  -9.054058e+000  -1.718201e+001  -2.314814e+001  -2.724834e+001  -2.993914e+001  -3.162770e+001  -3.262511e+001  -3.315541e+001  -3.328976e+001  -3.290309e+001  -3.100985e+001  -2.970956e+001  
-0.000000e+000  -2.660319e+000  -4.208582e+000  -3.510809e+000  -0.000000e+000  -1.112125e+001  -1.974947e+001  -2.537464e+001  -2.894237e+001  -3.115706e+001  -3.248141e+001  -3.321622e+001  -3.356071e+001  -3.348502e+001  -3.298907e+001  -3.101802e+001  -2.970502e+001  
-0.000000e+000  -4.271426e+000  -7.299388e+000  -7.092432e+000  -0.000000e+000  -1.525643e+001  -2.370419e+001  -2.832903e+001  -3.101172e+001  -3.258179e+001  -3.345961e+001  -3.388785e+001  -3.402015e+001  -3.370704e+001  -3.308716e+001  -3.102671e+001  -2.969904e+001  
-0.000000e+000  -6.692047e+000  -1.249725e+001  -1.516126e+001  -0.000000e+000  -2.422346e+001  -2.992484e+001  -3.244479e+001  -3.375570e+001  -3.443463e+001  -3.472356e+001  -3.475506e+001  -3.461436e+001  -3.399541e+001  -3.321492e+001  -3.103727e+001  -2.969034e+001  
-0.000000e+000  -8.946239e+000  -1.788683e+001  -2.730333e+001  -4.243039e+001  -3.633141e+001  -3.599749e+001  -3.610909e+001  -3.613412e+001  -3.603089e+001  -3.581384e+001  -3.550601e+001  -3.513134e+001  -3.424796e+001  -3.332720e+001  -3.104563e+001  -2.968159e+001  
-0.000000e+000  -1.120112e+001  -2.308983e+001  -3.723779e+001  -5.850931e+001  -4.644425e+001  -4.192831e+001  -3.981699e+001  -3.857067e+001  -3.768022e+001  -3.694908e+001  -3.629347e+001  -3.567697e+001  -3.451651e+001  -3.344695e+001  -3.105339e+001  -2.967088e+001  
-0.000000e+000  -1.318889e+001  -2.741739e+001  -4.441789e+001  -6.755808e+001  -5.394415e+001  -4.703694e+001  -4.323833e+001  -4.089759e+001  -3.928806e+001  -3.807175e+001  -3.708080e+001  -3.622745e+001  -3.478999e+001  -3.356925e+001  -3.105966e+001  -2.965802e+001  
-0.000000e+000  -1.477338e+001  -3.067100e+001  -4.922199e+001  -7.258190e+001  -5.912741e+001  -5.107998e+001  -4.616783e+001  -4.298496e+001  -4.077352e+001  -3.913006e+001  -3.783398e+001  -3.676014e+001  -3.505755e+001  -3.368910e+001  -3.106355e+001  -2.964284e+001  
-0.000000e+000  -1.621527e+001  -3.342230e+001  -5.274239e+001  -7.534969e+001  -6.315950e+001  -5.482141e+001  -4.918156e+001  -4.528124e+001  -4.248121e+001  -4.038404e+001  -3.874595e+001  -3.741582e+001  -3.539164e+001  -3.383866e+001  -3.106359e+001  -2.961849e+001  
-0.000000e+000  -1.696199e+001  -3.469286e+001  -5.395900e+001  -7.540163e+001  -6.481258e+001  -5.690356e+001  -5.113486e+001  -4.691629e+001  -4.377561e+001  -4.137655e+001  -3.949035e+001  -3.796335e+001  -3.567545e+001  -3.396437e+001  -3.105558e+001  -2.958917e+001  
-0.000000e+000  -1.716847e+001  -3.488444e+001  -5.364455e+001  -7.378942e+001  -6.482455e+001  -5.767852e+001  -5.214810e+001  -4.790530e+001  -4.463323e+001  -4.207445e+001  -4.003547e+001  -3.837583e+001  -3.589256e+001  -3.405720e+001  -3.103762e+001  -2.955448e+001  
-0.000000e+000  -1.698874e+001  -3.433879e+001  -5.235018e+001  -7.118243e+001  -6.373673e+001  -5.747666e+001  -5.238696e+001  -4.831626e+001  -4.507244e+001  -4.247388e+001  -4.036900e+001  -3.863892e+001  -3.603195e+001  -3.411021e+001  -3.100811e+001  -2.951413e+001  
-0.000000e+000  -1.563572e+001  -3.136864e+001  -4.725703e+001  -6.328198e+001  -5.868486e+001  -5.444854e+001  -5.069411e+001  -4.744811e+001  -4.468123e+001  -4.233775e+001  -4.035432e+001  -3.867022e+001  -3.603924e+001  -3.406598e+001  -3.089432e+001  -2.940115e+001  
-0.000000e+000  -1.391256e+001  -2.779675e+001  -4.160511e+001  -5.525422e+001  -5.267425e+001  -5.005778e+001  -4.754029e+001  -4.520220e+001  -4.308192e+001  -4.118912e+001  -3.951570e+001  -3.804406e+001  -3.564153e+001  -3.378269e+001  -3.070920e+001  -2.925775e+001  
-0.000000e+000  -1.070517e+001  -2.133514e+001  -3.181088e+001  -4.204643e+001  -4.154801e+001  -4.083705e+001  -3.999184e+001  -3.907468e+001  -3.813271e+001  -3.719978e+001  -3.629891e+001  -3.544474e+001  -3.390205e+001  -3.259669e+001  -3.014028e+001  -2.888921e+001  
-0.000000e+000  -8.319306e+000  -1.657628e+001  -2.470855e+001  -3.265387e+001  -3.305734e+001  -3.327151e+001  -3.333079e+001  -3.326703e+001  -3.310865e+001  -3.288022e+001  -3.260253e+001  -3.229274e+001  -3.161884e+001  -3.095112e+001  -2.937217e+001  -2.842841e+001  
-0.000000e+000  -6.761963e+000  -1.347978e+001  -2.010979e+001  -2.660931e+001  -2.735043e+001  -2.795430e+001  -2.843389e+001  -2.880282e+001  -2.907477e+001  -2.926311e+001  -2.938054e+001  -2.943892e+001  -2.941122e+001  -2.926566e+001  -2.854284e+001  -2.793587e+001  
-0.000000e+000  -6.405133e+000  -1.277069e+001  -1.905757e+001  -2.522767e+001  -2.602644e+001  -2.670175e+001  -2.726246e+001  -2.771846e+001  -2.808017e+001  -2.835823e+001  -2.856320e+001  -2.870530e+001  -2.883002e+001  -2.881229e+001  -2.831364e+001  -2.779921e+001  

