Port monitor named: Port1_e1.prt

nx        = 37
ny        = 4
nz        = 19

nu        = 17
nv        = 35
iu        = 2
iv        = 2

idir      = 1
dcut      = -4.780000e-002
icut      = 2
type      = 0
frequency = 2.400000e+009

fcutoff   = 0.000000e+000
alpha     = 0.000000e+000
beta      = 9.599092e+001
accuracy  = 1.370289e-009

type          = QTEM
wave imp.     = 2.480192e+002
wave imp.sig. = 2.357233e-008
line imp.     = 3.206291e+001

ref. port     = 0

-4.482879e+001  -4.442937e+001  -4.364491e+001  -4.250289e+001  -1.831666e+002  -1.801918e+002  -1.759969e+002  -1.707045e+002  -1.644536e+002  -1.573916e+002  -1.496668e+002  -1.414222e+002  -1.284746e+002  -1.103800e+002  -7.821436e+001  -2.712267e+001  0.000000e+000  
-5.316460e+001  -5.245706e+001  -5.108340e+001  -4.912195e+001  -2.096042e+002  -2.049251e+002  -1.985726e+002  -1.908172e+002  -1.819414e+002  -1.722215e+002  -1.619129e+002  -1.512415e+002  -1.349778e+002  -1.135450e+002  -7.742632e+001  -2.587569e+001  0.000000e+000  
-8.336406e+001  -8.101446e+001  -7.653166e+001  -7.032086e+001  -2.892587e+002  -2.768374e+002  -2.613849e+002  -2.439014e+002  -2.252931e+002  -2.063185e+002  -1.875676e+002  -1.694670e+002  -1.437142e+002  -1.140791e+002  -7.011954e+001  -2.132541e+001  0.000000e+000  
-1.630269e+002  -1.542510e+002  -1.377078e+002  -1.152929e+002  -4.364993e+002  -3.990753e+002  -3.574139e+002  -3.148543e+002  -2.738371e+002  -2.359072e+002  -2.018670e+002  -1.719768e+002  -1.332222e+002  -9.592525e+001  -4.956899e+001  -1.291654e+001  0.000000e+000  
-2.720241e+002  -2.520544e+002  -2.144843e+002  -1.639560e+002  -5.642627e+002  -4.895317e+002  -4.138367e+002  -3.433511e+002  -2.812826e+002  -2.286340e+002  -1.850828e+002  -1.496609e+002  -1.069423e+002  -7.069321e+001  -3.101454e+001  -6.792519e+000  0.000000e+000  
-4.860655e+002  -4.424178e+002  -3.593609e+002  -2.466482e+002  -7.365481e+002  -5.867472e+002  -4.512348e+002  -3.392491e+002  -2.516554e+002  -1.853115e+002  -1.359760e+002  -9.969131e+001  -6.001470e+001  -3.174193e+001  -6.711712e+000  4.682209e-001  0.000000e+000  
-6.336489e+002  -5.745275e+002  -4.594038e+002  -2.989262e+002  -8.130026e+002  -6.098762e+002  -4.401314e+002  -3.106262e+002  -2.163765e+002  -1.493158e+002  -1.020896e+002  -6.903991e+001  -3.465106e+001  -1.245557e+001  4.184358e+000  3.535829e+000  0.000000e+000  
-8.296415e+002  -7.524989e+002  -5.965898e+002  -3.687028e+002  -8.881652e+002  -6.122296e+002  -4.037217e+002  -2.597649e+002  -1.639266e+002  -1.007862e+002  -5.924068e+001  -3.198469e+001  -5.541388e+000  8.857443e+000  1.569310e+001  6.684033e+000  0.000000e+000  
-1.088798e+003  -9.949885e+002  -7.927568e+002  -4.694567e+002  -9.478739e+002  -5.720671e+002  -3.264474e+002  -1.784052e+002  -9.074094e+001  -3.855550e+001  -7.318851e+000  1.119016e+001  2.689358e+001  3.185857e+001  2.764593e+001  9.872260e+000  0.000000e+000  
-1.424746e+003  -1.326298e+003  -1.088185e+003  -6.367125e+002  -9.555065e+002  -4.492735e+002  -1.871488e+002  -5.864566e+001  5.021443e+000  3.701924e+001  5.272459e+001  5.950951e+001  6.190262e+001  5.606196e+001  3.983847e+001  1.305512e+001  0.000000e+000  
-1.701448e+003  -1.619388e+003  -1.391683e+003  -8.537823e+002  -8.686598e+002  -2.753439e+002  -4.251636e+001  4.729870e+001  8.232402e+001  9.483428e+001  9.718633e+001  9.456492e+001  8.675723e+001  7.298564e+001  4.819704e+001  1.520478e+001  0.000000e+000  
-2.009602e+003  -1.968471e+003  -1.814683e+003  -1.266091e+003  -6.049172e+002  6.574555e+000  1.449852e+002  1.696933e+002  1.664128e+002  1.557352e+002  1.431801e+002  1.304347e+002  1.119001e+002  8.996076e+001  5.647803e+001  1.731249e+001  0.000000e+000  
-2.333381e+003  -2.360778e+003  -2.389775e+003  -2.159188e+003  8.581807e+001  4.303643e+002  3.666446e+002  3.005520e+002  2.527895e+002  2.172642e+002  1.892908e+002  1.662422e+002  1.368818e+002  1.067515e+002  6.459847e+001  1.936158e+001  0.000000e+000  
-2.646310e+003  -2.752183e+003  -3.064723e+003  -4.065202e+003  2.397935e+003  9.767655e+002  5.891689e+002  4.260394e+002  3.356020e+002  2.766193e+002  2.340037e+002  2.010771e+002  1.612446e+002  1.231194e+002  7.247470e+001  2.133539e+001  0.000000e+000  
-3.001118e+003  -3.151166e+003  -3.552497e+003  -4.533683e+003  2.202840e+003  1.223641e+003  7.822113e+002  5.603023e+002  4.320076e+002  3.486456e+002  2.895203e+002  2.448946e+002  1.922371e+002  1.440272e+002  8.251745e+001  2.383668e+001  0.000000e+000  
-3.251322e+003  -3.375375e+003  -3.637772e+003  -3.997094e+003  1.587558e+003  1.181826e+003  8.576206e+002  6.445709e+002  5.045394e+002  4.078812e+002  3.374456e+002  2.837686e+002  2.204118e+002  1.632466e+002  9.178421e+001  2.613517e+001  0.000000e+000  
-3.491781e+003  -3.534062e+003  -3.604507e+003  -3.668144e+003  1.070873e+003  9.691420e+002  8.307843e+002  6.965898e+002  5.806640e+002  4.849047e+002  4.069803e+002  3.436739e+002  2.662266e+002  1.953245e+002  1.074723e+002  3.001722e+001  0.000000e+000  
-3.569763e+003  -3.577817e+003  -3.589898e+003  -3.599138e+003  8.275278e+002  7.946180e+002  7.364127e+002  6.649566e+002  5.896412e+002  5.165053e+002  4.488697e+002  3.881964e+002  3.081009e+002  2.283631e+002  1.252066e+002  3.448785e+001  0.000000e+000  
-3.491781e+003  -3.534062e+003  -3.604507e+003  -3.668144e+003  1.070873e+003  9.691420e+002  8.307843e+002  6.965898e+002  5.806640e+002  4.849047e+002  4.069803e+002  3.436739e+002  2.662266e+002  1.953245e+002  1.074723e+002  3.001722e+001  0.000000e+000  
-3.251322e+003  -3.375375e+003  -3.637772e+003  -3.997094e+003  1.587558e+003  1.181826e+003  8.576206e+002  6.445709e+002  5.045394e+002  4.078812e+002  3.374456e+002  2.837686e+002  2.204118e+002  1.632466e+002  9.178421e+001  2.613517e+001  0.000000e+000  
-3.001118e+003  -3.151166e+003  -3.552497e+003  -4.533683e+003  2.202840e+003  1.223641e+003  7.822113e+002  5.603023e+002  4.320076e+002  3.486456e+002  2.895203e+002  2.448946e+002  1.922371e+002  1.440272e+002  8.251745e+001  2.383668e+001  0.000000e+000  
-2.646310e+003  -2.752183e+003  -3.064723e+003  -4.065202e+003  2.397935e+003  9.767655e+002  5.891689e+002  4.260394e+002  3.356020e+002  2.766193e+002  2.340037e+002  2.010771e+002  1.612446e+002  1.231194e+002  7.247470e+001  2.133539e+001  0.000000e+000  
-2.333381e+003  -2.360778e+003  -2.389775e+003  -2.159188e+003  8.581807e+001  4.303643e+002  3.666446e+002  3.005520e+002  2.527895e+002  2.172642e+002  1.892908e+002  1.662422e+002  1.368818e+002  1.067515e+002  6.459847e+001  1.936158e+001  0.000000e+000  
-2.009602e+003  -1.968471e+003  -1.814683e+003  -1.266091e+003  -6.049172e+002  6.574555e+000  1.449852e+002  1.696933e+002  1.664128e+002  1.557352e+002  1.431801e+002  1.304347e+002  1.119001e+002  8.996076e+001  5.647803e+001  1.731249e+001  0.000000e+000  
-1.701448e+003  -1.619388e+003  -1.391683e+003  -8.537823e+002  -8.686598e+002  -2.753439e+002  -4.251636e+001  4.729870e+001  8.232402e+001  9.483428e+001  9.718633e+001  9.456492e+001  8.675723e+001  7.298564e+001  4.819704e+001  1.520478e+001  0.000000e+000  
-1.424746e+003  -1.326298e+003  -1.088185e+003  -6.367125e+002  -9.555065e+002  -4.492735e+002  -1.871488e+002  -5.864566e+001  5.021443e+000  3.701924e+001  5.272459e+001  5.950951e+001  6.190262e+001  5.606196e+001  3.983847e+001  1.305512e+001  0.000000e+000  
-1.088798e+003  -9.949885e+002  -7.927568e+002  -4.694567e+002  -9.478739e+002  -5.720671e+002  -3.264474e+002  -1.784052e+002  -9.074094e+001  -3.855550e+001  -7.318851e+000  1.119016e+001  2.689358e+001  3.185857e+001  2.764593e+001  9.872260e+000  0.000000e+000  
-8.296415e+002  -7.524989e+002  -5.965898e+002  -3.687028e+002  -8.881652e+002  -6.122296e+002  -4.037217e+002  -2.597649e+002  -1.639266e+002  -1.007862e+002  -5.924068e+001  -3.198469e+001  -5.541388e+000  8.857443e+000  1.569310e+001  6.684033e+000  0.000000e+000  
-6.336489e+002  -5.745275e+002  -4.594038e+002  -2.989262e+002  -8.130026e+002  -6.098762e+002  -4.401314e+002  -3.106262e+002  -2.163765e+002  -1.493158e+002  -1.020896e+002  -6.903991e+001  -3.465106e+001  -1.245557e+001  4.184358e+000  3.535829e+000  0.000000e+000  
-4.860655e+002  -4.424178e+002  -3.593609e+002  -2.466482e+002  -7.365481e+002  -5.867472e+002  -4.512348e+002  -3.392491e+002  -2.516554e+002  -1.853115e+002  -1.359760e+002  -9.969131e+001  -6.001470e+001  -3.174193e+001  -6.711712e+000  4.682209e-001  0.000000e+000  
-2.720241e+002  -2.520544e+002  -2.144843e+002  -1.639560e+002  -5.642627e+002  -4.895317e+002  -4.138367e+002  -3.433511e+002  -2.812826e+002  -2.286340e+002  -1.850828e+002  -1.496609e+002  -1.069423e+002  -7.069321e+001  -3.101454e+001  -6.792519e+000  0.000000e+000  
-1.630269e+002  -1.542510e+002  -1.377078e+002  -1.152929e+002  -4.364993e+002  -3.990753e+002  -3.574139e+002  -3.148543e+002  -2.738371e+002  -2.359072e+002  -2.018670e+002  -1.719768e+002  -1.332222e+002  -9.592525e+001  -4.956899e+001  -1.291654e+001  0.000000e+000  
-8.336406e+001  -8.101446e+001  -7.653166e+001  -7.032086e+001  -2.892587e+002  -2.768374e+002  -2.613849e+002  -2.439014e+002  -2.252931e+002  -2.063185e+002  -1.875676e+002  -1.694670e+002  -1.437142e+002  -1.140791e+002  -7.011954e+001  -2.132541e+001  0.000000e+000  
-5.316460e+001  -5.245706e+001  -5.108340e+001  -4.912195e+001  -2.096042e+002  -2.049251e+002  -1.985726e+002  -1.908172e+002  -1.819414e+002  -1.722215e+002  -1.619129e+002  -1.512415e+002  -1.349778e+002  -1.135450e+002  -7.742632e+001  -2.587569e+001  0.000000e+000  
-4.482879e+001  -4.442937e+001  -4.364491e+001  -4.250289e+001  -1.831666e+002  -1.801918e+002  -1.759969e+002  -1.707045e+002  -1.644536e+002  -1.573916e+002  -1.496668e+002  -1.414222e+002  -1.284746e+002  -1.103800e+002  -7.821436e+001  -2.712267e+001  0.000000e+000  

0.000000e+000  -5.164737e-001  -9.902646e-001  -1.382770e+000  -1.663043e+000  -5.419898e+000  -8.910739e+000  -1.206075e+001  -1.482005e+001  -1.716288e+001  -1.908513e+001  -2.060065e+001  -2.173709e+001  -2.298492e+001  -2.323662e+001  -2.108873e+001  -1.883564e+001  
0.000000e+000  -3.161994e+000  -6.040666e+000  -8.384256e+000  -9.999942e+000  -2.387610e+001  -3.626484e+001  -4.689860e+001  -5.565674e+001  -6.254396e+001  -6.766149e+001  -7.117713e+001  -7.329811e+001  -7.402901e+001  -7.187542e+001  -6.027804e+001  -5.166213e+001  
0.000000e+000  -1.331994e+001  -2.526965e+001  -3.465103e+001  -4.058966e+001  -7.259128e+001  -9.866556e+001  -1.185337e+002  -1.324847e+002  -1.411780e+002  -1.454614e+002  -1.462307e+002  -1.443379e+002  -1.348369e+002  -1.223751e+002  -9.104903e+001  -7.351174e+001  
0.000000e+000  -4.205079e+001  -7.924957e+001  -1.073394e+002  -1.232640e+002  -1.805931e+002  -2.198982e+002  -2.428127e+002  -2.523538e+002  -2.519053e+002  -2.445757e+002  -2.329132e+002  -2.188571e+002  -1.877654e+002  -1.587541e+002  -1.059633e+002  -8.129345e+001  
0.000000e+000  -8.670897e+001  -1.631161e+002  -2.197398e+002  -2.493362e+002  -3.274231e+002  -3.690394e+002  -3.817204e+002  -3.744894e+002  -3.551981e+002  -3.296442e+002  -3.016886e+002  -2.737169e+002  -2.218831e+002  -1.791098e+002  -1.117837e+002  -8.303610e+001  
0.000000e+000  -1.556854e+002  -2.942600e+002  -3.973910e+002  -4.477584e+002  -5.355062e+002  -5.573270e+002  -5.370920e+002  -4.956605e+002  -4.465572e+002  -3.971429e+002  -3.508862e+002  -3.091342e+002  -2.400695e+002  -1.874658e+002  -1.119342e+002  -8.141819e+001  
0.000000e+000  -2.087194e+002  -3.974852e+002  -5.411261e+002  -6.102463e+002  -6.957873e+002  -6.911856e+002  -6.389924e+002  -5.695413e+002  -4.988305e+002  -4.336604e+002  -3.761504e+002  -3.263692e+002  -2.479421e+002  -1.903022e+002  -1.110044e+002  -7.982623e+001  
0.000000e+000  -2.780930e+002  -5.376812e+002  -7.459455e+002  -8.486651e+002  -9.142544e+002  -8.560518e+002  -7.524825e+002  -6.447332e+002  -5.480092e+002  -4.656719e+002  -3.968133e+002  -3.393955e+002  -2.527165e+002  -1.909298e+002  -1.089909e+002  -7.753983e+001  
0.000000e+000  -3.625981e+002  -7.199047e+002  -1.037285e+003  -1.212786e+003  -1.212591e+003  -1.050652e+003  -8.693115e+002  -7.134577e+002  -5.884878e+002  -4.894900e+002  -4.105228e+002  -3.467300e+002  -2.537415e+002  -1.890686e+002  -1.058414e+002  -7.455023e+001  
0.000000e+000  -4.373891e+002  -9.009356e+002  -1.380770e+003  -1.720748e+003  -1.551924e+003  -1.225855e+003  -9.546919e+002  -7.552826e+002  -6.090612e+002  -4.991478e+002  -4.142170e+002  -3.469643e+002  -2.509861e+002  -1.852205e+002  -1.022038e+002  -7.143965e+001  
0.000000e+000  -4.880681e+002  -1.041765e+003  -1.713894e+003  -2.367864e+003  -1.875686e+003  -1.352384e+003  -1.003008e+003  -7.736617e+002  -6.151586e+002  -4.997187e+002  -4.120929e+002  -3.434486e+002  -2.465851e+002  -1.807690e+002  -9.869421e+001  -6.858518e+001  
0.000000e+000  -5.133695e+002  -1.136778e+003  -2.053816e+003  -3.481632e+003  -2.209565e+003  -1.427321e+003  -1.015747e+003  -7.711196e+002  -6.085991e+002  -4.921574e+002  -4.044488e+002  -3.360355e+002  -2.399595e+002  -1.749756e+002  -9.463651e+001  -6.541224e+001  
0.000000e+000  -4.961574e+002  -1.118376e+003  -2.196438e+003  -5.632920e+003  -2.397478e+003  -1.391697e+003  -9.788468e+002  -7.442771e+002  -5.884757e+002  -4.761851e+002  -3.911873e+002  -3.246894e+002  -2.311032e+002  -1.678441e+002  -9.003978e+001  -6.192970e+001  
0.000000e+000  -4.190461e+002  -8.909241e+002  -1.468967e+003  0.000000e+000  -1.486293e+003  -1.142652e+003  -8.735960e+002  -6.855962e+002  -5.499512e+002  -4.481534e+002  -3.693709e+002  -3.069633e+002  -2.181936e+002  -1.579666e+002  -8.404830e+001  -5.750607e+001  
0.000000e+000  -2.940349e+002  -5.566719e+002  -6.520760e+002  0.000000e+000  -7.672974e+002  -8.181038e+002  -7.100525e+002  -5.907067e+002  -4.880125e+002  -4.039893e+002  -3.358425e+002  -2.804207e+002  -1.997288e+002  -1.444071e+002  -7.628895e+001  -5.193316e+001  
0.000000e+000  -1.390517e+002  -2.289035e+002  -2.033187e+002  0.000000e+000  -3.202692e+002  -4.605280e+002  -4.746601e+002  -4.355857e+002  -3.805712e+002  -3.253729e+002  -2.756484e+002  -2.328036e+002  -1.671327e+002  -1.209814e+002  -6.340663e+001  -4.287586e+001  
0.000000e+000  -1.661504e+001  -2.492127e+001  -1.906119e+001  0.000000e+000  -6.010827e+001  -1.063792e+002  -1.307225e+002  -1.379553e+002  -1.341729e+002  -1.243193e+002  -1.117772e+002  -9.863918e+001  -7.416300e+001  -5.489831e+001  -2.866005e+001  -1.914658e+001  
0.000000e+000  1.661504e+001  2.492127e+001  1.906119e+001  0.000000e+000  6.010827e+001  1.063792e+002  1.307225e+002  1.379553e+002  1.341729e+002  1.243193e+002  1.117772e+002  9.863918e+001  7.416300e+001  5.489831e+001  2.866005e+001  1.914658e+001  
0.000000e+000  1.390517e+002  2.289035e+002  2.033187e+002  0.000000e+000  3.202692e+002  4.605280e+002  4.746601e+002  4.355857e+002  3.805712e+002  3.253729e+002  2.756484e+002  2.328036e+002  1.671327e+002  1.209814e+002  6.340663e+001  4.287586e+001  
0.000000e+000  2.940349e+002  5.566719e+002  6.520760e+002  0.000000e+000  7.672974e+002  8.181038e+002  7.100525e+002  5.907067e+002  4.880125e+002  4.039893e+002  3.358425e+002  2.804207e+002  1.997288e+002  1.444071e+002  7.628895e+001  5.193316e+001  
0.000000e+000  4.190461e+002  8.909241e+002  1.468967e+003  0.000000e+000  1.486293e+003  1.142652e+003  8.735960e+002  6.855962e+002  5.499512e+002  4.481534e+002  3.693709e+002  3.069633e+002  2.181936e+002  1.579666e+002  8.404830e+001  5.750607e+001  
0.000000e+000  4.961574e+002  1.118376e+003  2.196438e+003  5.632920e+003  2.397478e+003  1.391697e+003  9.788468e+002  7.442771e+002  5.884757e+002  4.761851e+002  3.911873e+002  3.246894e+002  2.311032e+002  1.678441e+002  9.003978e+001  6.192970e+001  
0.000000e+000  5.133695e+002  1.136778e+003  2.053816e+003  3.481632e+003  2.209565e+003  1.427321e+003  1.015747e+003  7.711196e+002  6.085991e+002  4.921574e+002  4.044488e+002  3.360355e+002  2.399595e+002  1.749756e+002  9.463651e+001  6.541224e+001  
0.000000e+000  4.880681e+002  1.041765e+003  1.713894e+003  2.367864e+003  1.875686e+003  1.352384e+003  1.003008e+003  7.736617e+002  6.151586e+002  4.997187e+002  4.120929e+002  3.434486e+002  2.465851e+002  1.807690e+002  9.869421e+001  6.858518e+001  
0.000000e+000  4.373891e+002  9.009356e+002  1.380770e+003  1.720748e+003  1.551924e+003  1.225855e+003  9.546919e+002  7.552826e+002  6.090612e+002  4.991478e+002  4.142170e+002  3.469643e+002  2.509861e+002  1.852205e+002  1.022038e+002  7.143965e+001  
0.000000e+000  3.625981e+002  7.199047e+002  1.037285e+003  1.212786e+003  1.212591e+003  1.050652e+003  8.693115e+002  7.134577e+002  5.884878e+002  4.894900e+002  4.105228e+002  3.467300e+002  2.537415e+002  1.890686e+002  1.058414e+002  7.455023e+001  
0.000000e+000  2.780930e+002  5.376812e+002  7.459455e+002  8.486651e+002  9.142544e+002  8.560518e+002  7.524825e+002  6.447332e+002  5.480092e+002  4.656719e+002  3.968133e+002  3.393955e+002  2.527165e+002  1.909298e+002  1.089909e+002  7.753983e+001  
0.000000e+000  2.087194e+002  3.974852e+002  5.411261e+002  6.102463e+002  6.957873e+002  6.911856e+002  6.389924e+002  5.695413e+002  4.988305e+002  4.336604e+002  3.761504e+002  3.263692e+002  2.479421e+002  1.903022e+002  1.110044e+002  7.982623e+001  
0.000000e+000  1.556854e+002  2.942600e+002  3.973910e+002  4.477584e+002  5.355062e+002  5.573270e+002  5.370920e+002  4.956605e+002  4.465572e+002  3.971429e+002  3.508862e+002  3.091342e+002  2.400695e+002  1.874658e+002  1.119342e+002  8.141819e+001  
0.000000e+000  8.670897e+001  1.631161e+002  2.197398e+002  2.493362e+002  3.274231e+002  3.690394e+002  3.817204e+002  3.744894e+002  3.551981e+002  3.296442e+002  3.016886e+002  2.737169e+002  2.218831e+002  1.791098e+002  1.117837e+002  8.303610e+001  
0.000000e+000  4.205079e+001  7.924957e+001  1.073394e+002  1.232640e+002  1.805931e+002  2.198982e+002  2.428127e+002  2.523538e+002  2.519053e+002  2.445757e+002  2.329132e+002  2.188571e+002  1.877654e+002  1.587541e+002  1.059633e+002  8.129345e+001  
0.000000e+000  1.331994e+001  2.526965e+001  3.465103e+001  4.058966e+001  7.259128e+001  9.866556e+001  1.185337e+002  1.324847e+002  1.411780e+002  1.454614e+002  1.462307e+002  1.443379e+002  1.348369e+002  1.223751e+002  9.104903e+001  7.351174e+001  
0.000000e+000  3.161994e+000  6.040666e+000  8.384256e+000  9.999942e+000  2.387610e+001  3.626484e+001  4.689860e+001  5.565674e+001  6.254396e+001  6.766149e+001  7.117713e+001  7.329811e+001  7.402901e+001  7.187542e+001  6.027804e+001  5.166213e+001  
0.000000e+000  5.164737e-001  9.902646e-001  1.382770e+000  1.663043e+000  5.419898e+000  8.910739e+000  1.206075e+001  1.482005e+001  1.716288e+001  1.908513e+001  2.060065e+001  2.173709e+001  2.298492e+001  2.323662e+001  2.108873e+001  1.883564e+001  
0.000000e+000  0.000000e+000  0.000000e+000  0.000000e+000  0.000000e+000  0.000000e+000  0.000000e+000  0.000000e+000  0.000000e+000  0.000000e+000  0.000000e+000  0.000000e+000  0.000000e+000  0.000000e+000  0.000000e+000  0.000000e+000  0.000000e+000  

0.000000e+000  0.000000e+000  0.000000e+000  0.000000e+000  0.000000e+000  0.000000e+000  0.000000e+000  0.000000e+000  0.000000e+000  0.000000e+000  0.000000e+000  0.000000e+000  0.000000e+000  0.000000e+000  0.000000e+000  0.000000e+000  0.000000e+000  
0.000000e+000  0.000000e+000  0.000000e+000  0.000000e+000  0.000000e+000  0.000000e+000  0.000000e+000  0.000000e+000  0.000000e+000  0.000000e+000  0.000000e+000  0.000000e+000  0.000000e+000  0.000000e+000  0.000000e+000  0.000000e+000  0.000000e+000  
0.000000e+000  0.000000e+000  0.000000e+000  0.000000e+000  0.000000e+000  0.000000e+000  0.000000e+000  0.000000e+000  0.000000e+000  0.000000e+000  0.000000e+000  0.000000e+000  0.000000e+000  0.000000e+000  0.000000e+000  0.000000e+000  0.000000e+000  
0.000000e+000  0.000000e+000  0.000000e+000  0.000000e+000  0.000000e+000  0.000000e+000  0.000000e+000  0.000000e+000  0.000000e+000  0.000000e+000  0.000000e+000  0.000000e+000  0.000000e+000  0.000000e+000  0.000000e+000  0.000000e+000  0.000000e+000  
0.000000e+000  0.000000e+000  0.000000e+000  0.000000e+000  0.000000e+000  0.000000e+000  0.000000e+000  0.000000e+000  0.000000e+000  0.000000e+000  0.000000e+000  0.000000e+000  0.000000e+000  0.000000e+000  0.000000e+000  0.000000e+000  0.000000e+000  
0.000000e+000  0.000000e+000  0.000000e+000  0.000000e+000  0.000000e+000  0.000000e+000  0.000000e+000  0.000000e+000  0.000000e+000  0.000000e+000  0.000000e+000  0.000000e+000  0.000000e+000  0.000000e+000  0.000000e+000  0.000000e+000  0.000000e+000  
0.000000e+000  0.000000e+000  0.000000e+000  0.000000e+000  0.000000e+000  0.000000e+000  0.000000e+000  0.000000e+000  0.000000e+000  0.000000e+000  0.000000e+000  0.000000e+000  0.000000e+000  0.000000e+000  0.000000e+000  0.000000e+000  0.000000e+000  
0.000000e+000  0.000000e+000  0.000000e+000  0.000000e+000  0.000000e+000  0.000000e+000  0.000000e+000  0.000000e+000  0.000000e+000  0.000000e+000  0.000000e+000  0.000000e+000  0.000000e+000  0.000000e+000  0.000000e+000  0.000000e+000  0.000000e+000  
0.000000e+000  0.000000e+000  0.000000e+000  0.000000e+000  0.000000e+000  0.000000e+000  0.000000e+000  0.000000e+000  0.000000e+000  0.000000e+000  0.000000e+000  0.000000e+000  0.000000e+000  0.000000e+000  0.000000e+000  0.000000e+000  0.000000e+000  
0.000000e+000  0.000000e+000  0.000000e+000  0.000000e+000  0.000000e+000  0.000000e+000  0.000000e+000  0.000000e+000  0.000000e+000  0.000000e+000  0.000000e+000  0.000000e+000  0.000000e+000  0.000000e+000  0.000000e+000  0.000000e+000  0.000000e+000  
0.000000e+000  0.000000e+000  0.000000e+000  0.000000e+000  0.000000e+000  0.000000e+000  0.000000e+000  0.000000e+000  0.000000e+000  0.000000e+000  0.000000e+000  0.000000e+000  0.000000e+000  0.000000e+000  0.000000e+000  0.000000e+000  0.000000e+000  
0.000000e+000  0.000000e+000  0.000000e+000  0.000000e+000  0.000000e+000  0.000000e+000  0.000000e+000  0.000000e+000  0.000000e+000  0.000000e+000  0.000000e+000  0.000000e+000  0.000000e+000  0.000000e+000  0.000000e+000  0.000000e+000  0.000000e+000  
0.000000e+000  0.000000e+000  0.000000e+000  0.000000e+000  0.000000e+000  0.000000e+000  0.000000e+000  0.000000e+000  0.000000e+000  0.000000e+000  0.000000e+000  0.000000e+000  0.000000e+000  0.000000e+000  0.000000e+000  0.000000e+000  0.000000e+000  
0.000000e+000  0.000000e+000  0.000000e+000  0.000000e+000  0.000000e+000  0.000000e+000  0.000000e+000  0.000000e+000  0.000000e+000  0.000000e+000  0.000000e+000  0.000000e+000  0.000000e+000  0.000000e+000  0.000000e+000  0.000000e+000  0.000000e+000  
0.000000e+000  0.000000e+000  0.000000e+000  0.000000e+000  0.000000e+000  0.000000e+000  0.000000e+000  0.000000e+000  0.000000e+000  0.000000e+000  0.000000e+000  0.000000e+000  0.000000e+000  0.000000e+000  0.000000e+000  0.000000e+000  0.000000e+000  
0.000000e+000  0.000000e+000  0.000000e+000  0.000000e+000  0.000000e+000  0.000000e+000  0.000000e+000  0.000000e+000  0.000000e+000  0.000000e+000  0.000000e+000  0.000000e+000  0.000000e+000  0.000000e+000  0.000000e+000  0.000000e+000  0.000000e+000  
0.000000e+000  0.000000e+000  0.000000e+000  0.000000e+000  0.000000e+000  0.000000e+000  0.000000e+000  0.000000e+000  0.000000e+000  0.000000e+000  0.000000e+000  0.000000e+000  0.000000e+000  0.000000e+000  0.000000e+000  0.000000e+000  0.000000e+000  
0.000000e+000  0.000000e+000  0.000000e+000  0.000000e+000  0.000000e+000  0.000000e+000  0.000000e+000  0.000000e+000  0.000000e+000  0.000000e+000  0.000000e+000  0.000000e+000  0.000000e+000  0.000000e+000  0.000000e+000  0.000000e+000  0.000000e+000  
0.000000e+000  0.000000e+000  0.000000e+000  0.000000e+000  0.000000e+000  0.000000e+000  0.000000e+000  0.000000e+000  0.000000e+000  0.000000e+000  0.000000e+000  0.000000e+000  0.000000e+000  0.000000e+000  0.000000e+000  0.000000e+000  0.000000e+000  
0.000000e+000  0.000000e+000  0.000000e+000  0.000000e+000  0.000000e+000  0.000000e+000  0.000000e+000  0.000000e+000  0.000000e+000  0.000000e+000  0.000000e+000  0.000000e+000  0.000000e+000  0.000000e+000  0.000000e+000  0.000000e+000  0.000000e+000  
0.000000e+000  0.000000e+000  0.000000e+000  0.000000e+000  0.000000e+000  0.000000e+000  0.000000e+000  0.000000e+000  0.000000e+000  0.000000e+000  0.000000e+000  0.000000e+000  0.000000e+000  0.000000e+000  0.000000e+000  0.000000e+000  0.000000e+000  
0.000000e+000  0.000000e+000  0.000000e+000  0.000000e+000  0.000000e+000  0.000000e+000  0.000000e+000  0.000000e+000  0.000000e+000  0.000000e+000  0.000000e+000  0.000000e+000  0.000000e+000  0.000000e+000  0.000000e+000  0.000000e+000  0.000000e+000  
0.000000e+000  0.000000e+000  0.000000e+000  0.000000e+000  0.000000e+000  0.000000e+000  0.000000e+000  0.000000e+000  0.000000e+000  0.000000e+000  0.000000e+000  0.000000e+000  0.000000e+000  0.000000e+000  0.000000e+000  0.000000e+000  0.000000e+000  
0.000000e+000  0.000000e+000  0.000000e+000  0.000000e+000  0.000000e+000  0.000000e+000  0.000000e+000  0.000000e+000  0.000000e+000  0.000000e+000  0.000000e+000  0.000000e+000  0.000000e+000  0.000000e+000  0.000000e+000  0.000000e+000  0.000000e+000  
0.000000e+000  0.000000e+000  0.000000e+000  0.000000e+000  0.000000e+000  0.000000e+000  0.000000e+000  0.000000e+000  0.000000e+000  0.000000e+000  0.000000e+000  0.000000e+000  0.000000e+000  0.000000e+000  0.000000e+000  0.000000e+000  0.000000e+000  
0.000000e+000  0.000000e+000  0.000000e+000  0.000000e+000  0.000000e+000  0.000000e+000  0.000000e+000  0.000000e+000  0.000000e+000  0.000000e+000  0.000000e+000  0.000000e+000  0.000000e+000  0.000000e+000  0.000000e+000  0.000000e+000  0.000000e+000  
0.000000e+000  0.000000e+000  0.000000e+000  0.000000e+000  0.000000e+000  0.000000e+000  0.000000e+000  0.000000e+000  0.000000e+000  0.000000e+000  0.000000e+000  0.000000e+000  0.000000e+000  0.000000e+000  0.000000e+000  0.000000e+000  0.000000e+000  
0.000000e+000  0.000000e+000  0.000000e+000  0.000000e+000  0.000000e+000  0.000000e+000  0.000000e+000  0.000000e+000  0.000000e+000  0.000000e+000  0.000000e+000  0.000000e+000  0.000000e+000  0.000000e+000  0.000000e+000  0.000000e+000  0.000000e+000  
0.000000e+000  0.000000e+000  0.000000e+000  0.000000e+000  0.000000e+000  0.000000e+000  0.000000e+000  0.000000e+000  0.000000e+000  0.000000e+000  0.000000e+000  0.000000e+000  0.000000e+000  0.000000e+000  0.000000e+000  0.000000e+000  0.000000e+000  
0.000000e+000  0.000000e+000  0.000000e+000  0.000000e+000  0.000000e+000  0.000000e+000  0.000000e+000  0.000000e+000  0.000000e+000  0.000000e+000  0.000000e+000  0.000000e+000  0.000000e+000  0.000000e+000  0.000000e+000  0.000000e+000  0.000000e+000  
0.000000e+000  0.000000e+000  0.000000e+000  0.000000e+000  0.000000e+000  0.000000e+000  0.000000e+000  0.000000e+000  0.000000e+000  0.000000e+000  0.000000e+000  0.000000e+000  0.000000e+000  0.000000e+000  0.000000e+000  0.000000e+000  0.000000e+000  
0.000000e+000  0.000000e+000  0.000000e+000  0.000000e+000  0.000000e+000  0.000000e+000  0.000000e+000  0.000000e+000  0.000000e+000  0.000000e+000  0.000000e+000  0.000000e+000  0.000000e+000  0.000000e+000  0.000000e+000  0.000000e+000  0.000000e+000  
0.000000e+000  0.000000e+000  0.000000e+000  0.000000e+000  0.000000e+000  0.000000e+000  0.000000e+000  0.000000e+000  0.000000e+000  0.000000e+000  0.000000e+000  0.000000e+000  0.000000e+000  0.000000e+000  0.000000e+000  0.000000e+000  0.000000e+000  
0.000000e+000  0.000000e+000  0.000000e+000  0.000000e+000  0.000000e+000  0.000000e+000  0.000000e+000  0.000000e+000  0.000000e+000  0.000000e+000  0.000000e+000  0.000000e+000  0.000000e+000  0.000000e+000  0.000000e+000  0.000000e+000  0.000000e+000  
0.000000e+000  0.000000e+000  0.000000e+000  0.000000e+000  0.000000e+000  0.000000e+000  0.000000e+000  0.000000e+000  0.000000e+000  0.000000e+000  0.000000e+000  0.000000e+000  0.000000e+000  0.000000e+000  0.000000e+000  0.000000e+000  0.000000e+000  

0.000000e+000  0.000000e+000  0.000000e+000  0.000000e+000  0.000000e+000  0.000000e+000  0.000000e+000  0.000000e+000  0.000000e+000  0.000000e+000  0.000000e+000  0.000000e+000  0.000000e+000  0.000000e+000  0.000000e+000  0.000000e+000  0.000000e+000  
0.000000e+000  0.000000e+000  0.000000e+000  0.000000e+000  0.000000e+000  0.000000e+000  0.000000e+000  0.000000e+000  0.000000e+000  0.000000e+000  0.000000e+000  0.000000e+000  0.000000e+000  0.000000e+000  0.000000e+000  0.000000e+000  0.000000e+000  
0.000000e+000  0.000000e+000  0.000000e+000  0.000000e+000  0.000000e+000  0.000000e+000  0.000000e+000  0.000000e+000  0.000000e+000  0.000000e+000  0.000000e+000  0.000000e+000  0.000000e+000  0.000000e+000  0.000000e+000  0.000000e+000  0.000000e+000  
0.000000e+000  0.000000e+000  0.000000e+000  0.000000e+000  0.000000e+000  0.000000e+000  0.000000e+000  0.000000e+000  0.000000e+000  0.000000e+000  0.000000e+000  0.000000e+000  0.000000e+000  0.000000e+000  0.000000e+000  0.000000e+000  0.000000e+000  
0.000000e+000  0.000000e+000  0.000000e+000  0.000000e+000  0.000000e+000  0.000000e+000  0.000000e+000  0.000000e+000  0.000000e+000  0.000000e+000  0.000000e+000  0.000000e+000  0.000000e+000  0.000000e+000  0.000000e+000  0.000000e+000  0.000000e+000  
0.000000e+000  0.000000e+000  0.000000e+000  0.000000e+000  0.000000e+000  0.000000e+000  0.000000e+000  0.000000e+000  0.000000e+000  0.000000e+000  0.000000e+000  0.000000e+000  0.000000e+000  0.000000e+000  0.000000e+000  0.000000e+000  0.000000e+000  
0.000000e+000  0.000000e+000  0.000000e+000  0.000000e+000  0.000000e+000  0.000000e+000  0.000000e+000  0.000000e+000  0.000000e+000  0.000000e+000  0.000000e+000  0.000000e+000  0.000000e+000  0.000000e+000  0.000000e+000  0.000000e+000  0.000000e+000  
0.000000e+000  0.000000e+000  0.000000e+000  0.000000e+000  0.000000e+000  0.000000e+000  0.000000e+000  0.000000e+000  0.000000e+000  0.000000e+000  0.000000e+000  0.000000e+000  0.000000e+000  0.000000e+000  0.000000e+000  0.000000e+000  0.000000e+000  
0.000000e+000  0.000000e+000  0.000000e+000  0.000000e+000  0.000000e+000  0.000000e+000  0.000000e+000  0.000000e+000  0.000000e+000  0.000000e+000  0.000000e+000  0.000000e+000  0.000000e+000  0.000000e+000  0.000000e+000  0.000000e+000  0.000000e+000  
0.000000e+000  0.000000e+000  0.000000e+000  0.000000e+000  0.000000e+000  0.000000e+000  0.000000e+000  0.000000e+000  0.000000e+000  0.000000e+000  0.000000e+000  0.000000e+000  0.000000e+000  0.000000e+000  0.000000e+000  0.000000e+000  0.000000e+000  
0.000000e+000  0.000000e+000  0.000000e+000  0.000000e+000  0.000000e+000  0.000000e+000  0.000000e+000  0.000000e+000  0.000000e+000  0.000000e+000  0.000000e+000  0.000000e+000  0.000000e+000  0.000000e+000  0.000000e+000  0.000000e+000  0.000000e+000  
0.000000e+000  0.000000e+000  0.000000e+000  0.000000e+000  0.000000e+000  0.000000e+000  0.000000e+000  0.000000e+000  0.000000e+000  0.000000e+000  0.000000e+000  0.000000e+000  0.000000e+000  0.000000e+000  0.000000e+000  0.000000e+000  0.000000e+000  
0.000000e+000  0.000000e+000  0.000000e+000  0.000000e+000  0.000000e+000  0.000000e+000  0.000000e+000  0.000000e+000  0.000000e+000  0.000000e+000  0.000000e+000  0.000000e+000  0.000000e+000  0.000000e+000  0.000000e+000  0.000000e+000  0.000000e+000  
0.000000e+000  0.000000e+000  0.000000e+000  0.000000e+000  0.000000e+000  0.000000e+000  0.000000e+000  0.000000e+000  0.000000e+000  0.000000e+000  0.000000e+000  0.000000e+000  0.000000e+000  0.000000e+000  0.000000e+000  0.000000e+000  0.000000e+000  
0.000000e+000  0.000000e+000  0.000000e+000  0.000000e+000  0.000000e+000  0.000000e+000  0.000000e+000  0.000000e+000  0.000000e+000  0.000000e+000  0.000000e+000  0.000000e+000  0.000000e+000  0.000000e+000  0.000000e+000  0.000000e+000  0.000000e+000  
0.000000e+000  0.000000e+000  0.000000e+000  0.000000e+000  0.000000e+000  0.000000e+000  0.000000e+000  0.000000e+000  0.000000e+000  0.000000e+000  0.000000e+000  0.000000e+000  0.000000e+000  0.000000e+000  0.000000e+000  0.000000e+000  0.000000e+000  
0.000000e+000  0.000000e+000  0.000000e+000  0.000000e+000  0.000000e+000  0.000000e+000  0.000000e+000  0.000000e+000  0.000000e+000  0.000000e+000  0.000000e+000  0.000000e+000  0.000000e+000  0.000000e+000  0.000000e+000  0.000000e+000  0.000000e+000  
0.000000e+000  0.000000e+000  0.000000e+000  0.000000e+000  0.000000e+000  0.000000e+000  0.000000e+000  0.000000e+000  0.000000e+000  0.000000e+000  0.000000e+000  0.000000e+000  0.000000e+000  0.000000e+000  0.000000e+000  0.000000e+000  0.000000e+000  
0.000000e+000  0.000000e+000  0.000000e+000  0.000000e+000  0.000000e+000  0.000000e+000  0.000000e+000  0.000000e+000  0.000000e+000  0.000000e+000  0.000000e+000  0.000000e+000  0.000000e+000  0.000000e+000  0.000000e+000  0.000000e+000  0.000000e+000  
0.000000e+000  0.000000e+000  0.000000e+000  0.000000e+000  0.000000e+000  0.000000e+000  0.000000e+000  0.000000e+000  0.000000e+000  0.000000e+000  0.000000e+000  0.000000e+000  0.000000e+000  0.000000e+000  0.000000e+000  0.000000e+000  0.000000e+000  
0.000000e+000  0.000000e+000  0.000000e+000  0.000000e+000  0.000000e+000  0.000000e+000  0.000000e+000  0.000000e+000  0.000000e+000  0.000000e+000  0.000000e+000  0.000000e+000  0.000000e+000  0.000000e+000  0.000000e+000  0.000000e+000  0.000000e+000  
0.000000e+000  0.000000e+000  0.000000e+000  0.000000e+000  0.000000e+000  0.000000e+000  0.000000e+000  0.000000e+000  0.000000e+000  0.000000e+000  0.000000e+000  0.000000e+000  0.000000e+000  0.000000e+000  0.000000e+000  0.000000e+000  0.000000e+000  
0.000000e+000  0.000000e+000  0.000000e+000  0.000000e+000  0.000000e+000  0.000000e+000  0.000000e+000  0.000000e+000  0.000000e+000  0.000000e+000  0.000000e+000  0.000000e+000  0.000000e+000  0.000000e+000  0.000000e+000  0.000000e+000  0.000000e+000  
0.000000e+000  0.000000e+000  0.000000e+000  0.000000e+000  0.000000e+000  0.000000e+000  0.000000e+000  0.000000e+000  0.000000e+000  0.000000e+000  0.000000e+000  0.000000e+000  0.000000e+000  0.000000e+000  0.000000e+000  0.000000e+000  0.000000e+000  
0.000000e+000  0.000000e+000  0.000000e+000  0.000000e+000  0.000000e+000  0.000000e+000  0.000000e+000  0.000000e+000  0.000000e+000  0.000000e+000  0.000000e+000  0.000000e+000  0.000000e+000  0.000000e+000  0.000000e+000  0.000000e+000  0.000000e+000  
0.000000e+000  0.000000e+000  0.000000e+000  0.000000e+000  0.000000e+000  0.000000e+000  0.000000e+000  0.000000e+000  0.000000e+000  0.000000e+000  0.000000e+000  0.000000e+000  0.000000e+000  0.000000e+000  0.000000e+000  0.000000e+000  0.000000e+000  
0.000000e+000  0.000000e+000  0.000000e+000  0.000000e+000  0.000000e+000  0.000000e+000  0.000000e+000  0.000000e+000  0.000000e+000  0.000000e+000  0.000000e+000  0.000000e+000  0.000000e+000  0.000000e+000  0.000000e+000  0.000000e+000  0.000000e+000  
0.000000e+000  0.000000e+000  0.000000e+000  0.000000e+000  0.000000e+000  0.000000e+000  0.000000e+000  0.000000e+000  0.000000e+000  0.000000e+000  0.000000e+000  0.000000e+000  0.000000e+000  0.000000e+000  0.000000e+000  0.000000e+000  0.000000e+000  
0.000000e+000  0.000000e+000  0.000000e+000  0.000000e+000  0.000000e+000  0.000000e+000  0.000000e+000  0.000000e+000  0.000000e+000  0.000000e+000  0.000000e+000  0.000000e+000  0.000000e+000  0.000000e+000  0.000000e+000  0.000000e+000  0.000000e+000  
0.000000e+000  0.000000e+000  0.000000e+000  0.000000e+000  0.000000e+000  0.000000e+000  0.000000e+000  0.000000e+000  0.000000e+000  0.000000e+000  0.000000e+000  0.000000e+000  0.000000e+000  0.000000e+000  0.000000e+000  0.000000e+000  0.000000e+000  
0.000000e+000  0.000000e+000  0.000000e+000  0.000000e+000  0.000000e+000  0.000000e+000  0.000000e+000  0.000000e+000  0.000000e+000  0.000000e+000  0.000000e+000  0.000000e+000  0.000000e+000  0.000000e+000  0.000000e+000  0.000000e+000  0.000000e+000  
0.000000e+000  0.000000e+000  0.000000e+000  0.000000e+000  0.000000e+000  0.000000e+000  0.000000e+000  0.000000e+000  0.000000e+000  0.000000e+000  0.000000e+000  0.000000e+000  0.000000e+000  0.000000e+000  0.000000e+000  0.000000e+000  0.000000e+000  
0.000000e+000  0.000000e+000  0.000000e+000  0.000000e+000  0.000000e+000  0.000000e+000  0.000000e+000  0.000000e+000  0.000000e+000  0.000000e+000  0.000000e+000  0.000000e+000  0.000000e+000  0.000000e+000  0.000000e+000  0.000000e+000  0.000000e+000  
0.000000e+000  0.000000e+000  0.000000e+000  0.000000e+000  0.000000e+000  0.000000e+000  0.000000e+000  0.000000e+000  0.000000e+000  0.000000e+000  0.000000e+000  0.000000e+000  0.000000e+000  0.000000e+000  0.000000e+000  0.000000e+000  0.000000e+000  
0.000000e+000  0.000000e+000  0.000000e+000  0.000000e+000  0.000000e+000  0.000000e+000  0.000000e+000  0.000000e+000  0.000000e+000  0.000000e+000  0.000000e+000  0.000000e+000  0.000000e+000  0.000000e+000  0.000000e+000  0.000000e+000  0.000000e+000  

0.000000e+000  0.000000e+000  0.000000e+000  0.000000e+000  0.000000e+000  0.000000e+000  0.000000e+000  0.000000e+000  0.000000e+000  0.000000e+000  0.000000e+000  0.000000e+000  0.000000e+000  0.000000e+000  0.000000e+000  0.000000e+000  0.000000e+000  
0.000000e+000  0.000000e+000  0.000000e+000  0.000000e+000  0.000000e+000  0.000000e+000  0.000000e+000  0.000000e+000  0.000000e+000  0.000000e+000  0.000000e+000  0.000000e+000  0.000000e+000  0.000000e+000  0.000000e+000  0.000000e+000  0.000000e+000  
0.000000e+000  0.000000e+000  0.000000e+000  0.000000e+000  0.000000e+000  0.000000e+000  0.000000e+000  0.000000e+000  0.000000e+000  0.000000e+000  0.000000e+000  0.000000e+000  0.000000e+000  0.000000e+000  0.000000e+000  0.000000e+000  0.000000e+000  
0.000000e+000  0.000000e+000  0.000000e+000  0.000000e+000  0.000000e+000  0.000000e+000  0.000000e+000  0.000000e+000  0.000000e+000  0.000000e+000  0.000000e+000  0.000000e+000  0.000000e+000  0.000000e+000  0.000000e+000  0.000000e+000  0.000000e+000  
0.000000e+000  0.000000e+000  0.000000e+000  0.000000e+000  0.000000e+000  0.000000e+000  0.000000e+000  0.000000e+000  0.000000e+000  0.000000e+000  0.000000e+000  0.000000e+000  0.000000e+000  0.000000e+000  0.000000e+000  0.000000e+000  0.000000e+000  
0.000000e+000  0.000000e+000  0.000000e+000  0.000000e+000  0.000000e+000  0.000000e+000  0.000000e+000  0.000000e+000  0.000000e+000  0.000000e+000  0.000000e+000  0.000000e+000  0.000000e+000  0.000000e+000  0.000000e+000  0.000000e+000  0.000000e+000  
0.000000e+000  0.000000e+000  0.000000e+000  0.000000e+000  0.000000e+000  0.000000e+000  0.000000e+000  0.000000e+000  0.000000e+000  0.000000e+000  0.000000e+000  0.000000e+000  0.000000e+000  0.000000e+000  0.000000e+000  0.000000e+000  0.000000e+000  
0.000000e+000  0.000000e+000  0.000000e+000  0.000000e+000  0.000000e+000  0.000000e+000  0.000000e+000  0.000000e+000  0.000000e+000  0.000000e+000  0.000000e+000  0.000000e+000  0.000000e+000  0.000000e+000  0.000000e+000  0.000000e+000  0.000000e+000  
0.000000e+000  0.000000e+000  0.000000e+000  0.000000e+000  0.000000e+000  0.000000e+000  0.000000e+000  0.000000e+000  0.000000e+000  0.000000e+000  0.000000e+000  0.000000e+000  0.000000e+000  0.000000e+000  0.000000e+000  0.000000e+000  0.000000e+000  
0.000000e+000  0.000000e+000  0.000000e+000  0.000000e+000  0.000000e+000  0.000000e+000  0.000000e+000  0.000000e+000  0.000000e+000  0.000000e+000  0.000000e+000  0.000000e+000  0.000000e+000  0.000000e+000  0.000000e+000  0.000000e+000  0.000000e+000  
0.000000e+000  0.000000e+000  0.000000e+000  0.000000e+000  0.000000e+000  0.000000e+000  0.000000e+000  0.000000e+000  0.000000e+000  0.000000e+000  0.000000e+000  0.000000e+000  0.000000e+000  0.000000e+000  0.000000e+000  0.000000e+000  0.000000e+000  
0.000000e+000  0.000000e+000  0.000000e+000  0.000000e+000  0.000000e+000  0.000000e+000  0.000000e+000  0.000000e+000  0.000000e+000  0.000000e+000  0.000000e+000  0.000000e+000  0.000000e+000  0.000000e+000  0.000000e+000  0.000000e+000  0.000000e+000  
0.000000e+000  0.000000e+000  0.000000e+000  0.000000e+000  0.000000e+000  0.000000e+000  0.000000e+000  0.000000e+000  0.000000e+000  0.000000e+000  0.000000e+000  0.000000e+000  0.000000e+000  0.000000e+000  0.000000e+000  0.000000e+000  0.000000e+000  
0.000000e+000  0.000000e+000  0.000000e+000  0.000000e+000  0.000000e+000  0.000000e+000  0.000000e+000  0.000000e+000  0.000000e+000  0.000000e+000  0.000000e+000  0.000000e+000  0.000000e+000  0.000000e+000  0.000000e+000  0.000000e+000  0.000000e+000  
0.000000e+000  0.000000e+000  0.000000e+000  0.000000e+000  0.000000e+000  0.000000e+000  0.000000e+000  0.000000e+000  0.000000e+000  0.000000e+000  0.000000e+000  0.000000e+000  0.000000e+000  0.000000e+000  0.000000e+000  0.000000e+000  0.000000e+000  
0.000000e+000  0.000000e+000  0.000000e+000  0.000000e+000  0.000000e+000  0.000000e+000  0.000000e+000  0.000000e+000  0.000000e+000  0.000000e+000  0.000000e+000  0.000000e+000  0.000000e+000  0.000000e+000  0.000000e+000  0.000000e+000  0.000000e+000  
0.000000e+000  0.000000e+000  0.000000e+000  0.000000e+000  0.000000e+000  0.000000e+000  0.000000e+000  0.000000e+000  0.000000e+000  0.000000e+000  0.000000e+000  0.000000e+000  0.000000e+000  0.000000e+000  0.000000e+000  0.000000e+000  0.000000e+000  
0.000000e+000  0.000000e+000  0.000000e+000  0.000000e+000  0.000000e+000  0.000000e+000  0.000000e+000  0.000000e+000  0.000000e+000  0.000000e+000  0.000000e+000  0.000000e+000  0.000000e+000  0.000000e+000  0.000000e+000  0.000000e+000  0.000000e+000  
0.000000e+000  0.000000e+000  0.000000e+000  0.000000e+000  0.000000e+000  0.000000e+000  0.000000e+000  0.000000e+000  0.000000e+000  0.000000e+000  0.000000e+000  0.000000e+000  0.000000e+000  0.000000e+000  0.000000e+000  0.000000e+000  0.000000e+000  
0.000000e+000  0.000000e+000  0.000000e+000  0.000000e+000  0.000000e+000  0.000000e+000  0.000000e+000  0.000000e+000  0.000000e+000  0.000000e+000  0.000000e+000  0.000000e+000  0.000000e+000  0.000000e+000  0.000000e+000  0.000000e+000  0.000000e+000  
0.000000e+000  0.000000e+000  0.000000e+000  0.000000e+000  0.000000e+000  0.000000e+000  0.000000e+000  0.000000e+000  0.000000e+000  0.000000e+000  0.000000e+000  0.000000e+000  0.000000e+000  0.000000e+000  0.000000e+000  0.000000e+000  0.000000e+000  
0.000000e+000  0.000000e+000  0.000000e+000  0.000000e+000  0.000000e+000  0.000000e+000  0.000000e+000  0.000000e+000  0.000000e+000  0.000000e+000  0.000000e+000  0.000000e+000  0.000000e+000  0.000000e+000  0.000000e+000  0.000000e+000  0.000000e+000  
0.000000e+000  0.000000e+000  0.000000e+000  0.000000e+000  0.000000e+000  0.000000e+000  0.000000e+000  0.000000e+000  0.000000e+000  0.000000e+000  0.000000e+000  0.000000e+000  0.000000e+000  0.000000e+000  0.000000e+000  0.000000e+000  0.000000e+000  
0.000000e+000  0.000000e+000  0.000000e+000  0.000000e+000  0.000000e+000  0.000000e+000  0.000000e+000  0.000000e+000  0.000000e+000  0.000000e+000  0.000000e+000  0.000000e+000  0.000000e+000  0.000000e+000  0.000000e+000  0.000000e+000  0.000000e+000  
0.000000e+000  0.000000e+000  0.000000e+000  0.000000e+000  0.000000e+000  0.000000e+000  0.000000e+000  0.000000e+000  0.000000e+000  0.000000e+000  0.000000e+000  0.000000e+000  0.000000e+000  0.000000e+000  0.000000e+000  0.000000e+000  0.000000e+000  
0.000000e+000  0.000000e+000  0.000000e+000  0.000000e+000  0.000000e+000  0.000000e+000  0.000000e+000  0.000000e+000  0.000000e+000  0.000000e+000  0.000000e+000  0.000000e+000  0.000000e+000  0.000000e+000  0.000000e+000  0.000000e+000  0.000000e+000  
0.000000e+000  0.000000e+000  0.000000e+000  0.000000e+000  0.000000e+000  0.000000e+000  0.000000e+000  0.000000e+000  0.000000e+000  0.000000e+000  0.000000e+000  0.000000e+000  0.000000e+000  0.000000e+000  0.000000e+000  0.000000e+000  0.000000e+000  
0.000000e+000  0.000000e+000  0.000000e+000  0.000000e+000  0.000000e+000  0.000000e+000  0.000000e+000  0.000000e+000  0.000000e+000  0.000000e+000  0.000000e+000  0.000000e+000  0.000000e+000  0.000000e+000  0.000000e+000  0.000000e+000  0.000000e+000  
0.000000e+000  0.000000e+000  0.000000e+000  0.000000e+000  0.000000e+000  0.000000e+000  0.000000e+000  0.000000e+000  0.000000e+000  0.000000e+000  0.000000e+000  0.000000e+000  0.000000e+000  0.000000e+000  0.000000e+000  0.000000e+000  0.000000e+000  
0.000000e+000  0.000000e+000  0.000000e+000  0.000000e+000  0.000000e+000  0.000000e+000  0.000000e+000  0.000000e+000  0.000000e+000  0.000000e+000  0.000000e+000  0.000000e+000  0.000000e+000  0.000000e+000  0.000000e+000  0.000000e+000  0.000000e+000  
0.000000e+000  0.000000e+000  0.000000e+000  0.000000e+000  0.000000e+000  0.000000e+000  0.000000e+000  0.000000e+000  0.000000e+000  0.000000e+000  0.000000e+000  0.000000e+000  0.000000e+000  0.000000e+000  0.000000e+000  0.000000e+000  0.000000e+000  
0.000000e+000  0.000000e+000  0.000000e+000  0.000000e+000  0.000000e+000  0.000000e+000  0.000000e+000  0.000000e+000  0.000000e+000  0.000000e+000  0.000000e+000  0.000000e+000  0.000000e+000  0.000000e+000  0.000000e+000  0.000000e+000  0.000000e+000  
0.000000e+000  0.000000e+000  0.000000e+000  0.000000e+000  0.000000e+000  0.000000e+000  0.000000e+000  0.000000e+000  0.000000e+000  0.000000e+000  0.000000e+000  0.000000e+000  0.000000e+000  0.000000e+000  0.000000e+000  0.000000e+000  0.000000e+000  
0.000000e+000  0.000000e+000  0.000000e+000  0.000000e+000  0.000000e+000  0.000000e+000  0.000000e+000  0.000000e+000  0.000000e+000  0.000000e+000  0.000000e+000  0.000000e+000  0.000000e+000  0.000000e+000  0.000000e+000  0.000000e+000  0.000000e+000  
0.000000e+000  0.000000e+000  0.000000e+000  0.000000e+000  0.000000e+000  0.000000e+000  0.000000e+000  0.000000e+000  0.000000e+000  0.000000e+000  0.000000e+000  0.000000e+000  0.000000e+000  0.000000e+000  0.000000e+000  0.000000e+000  0.000000e+000  

0.000000e+000  -6.272939e+000  -1.250986e+001  -1.867513e+001  -2.473389e+001  -2.522589e+001  -2.559290e+001  -2.584724e+001  -2.600203e+001  -2.607068e+001  -2.606644e+001  -2.600204e+001  -2.588951e+001  -2.555338e+001  -2.514612e+001  -2.406943e+001  -2.337605e+001  
0.000000e+000  -7.009594e+000  -1.397501e+001  -2.085237e+001  -2.759850e+001  -2.791822e+001  -2.808657e+001  -2.812622e+001  -2.805936e+001  -2.790697e+001  -2.768823e+001  -2.742033e+001  -2.711831e+001  -2.645085e+001  -2.577937e+001  -2.431310e+001  -2.347538e+001  
0.000000e+000  -9.038672e+000  -1.801610e+001  -2.686984e+001  -3.553542e+001  -3.514725e+001  -3.456333e+001  -3.384447e+001  -3.304197e+001  -3.219719e+001  -3.134211e+001  -3.050054e+001  -2.968948e+001  -2.819382e+001  -2.691081e+001  -2.466268e+001  -2.357199e+001  
0.000000e+000  -1.210029e+001  -2.415353e+001  -3.610221e+001  -4.786937e+001  -4.563508e+001  -4.330069e+001  -4.099601e+001  -3.880600e+001  -3.677937e+001  -3.493828e+001  -3.328700e+001  -3.181882e+001  -2.939394e+001  -2.752020e+001  -2.470875e+001  -2.348679e+001  
0.000000e+000  -1.396802e+001  -2.797948e+001  -4.205047e+001  -5.614425e+001  -5.186656e+001  -4.783875e+001  -4.419999e+001  -4.099952e+001  -3.823042e+001  -3.585633e+001  -3.382913e+001  -3.209919e+001  -2.939300e+001  -2.739345e+001  -2.455504e+001  -2.335629e+001  
0.000000e+000  -1.558325e+001  -3.144470e+001  -4.780886e+001  -6.478356e+001  -5.736859e+001  -5.105295e+001  -4.585703e+001  -4.165621e+001  -3.827813e+001  -3.555502e+001  -3.334418e+001  -3.153151e+001  -2.883480e+001  -2.691312e+001  -2.427732e+001  -2.317016e+001  
0.000000e+000  -1.580907e+001  -3.206682e+001  -4.917129e+001  -6.738119e+001  -5.838748e+001  -5.113663e+001  -4.545915e+001  -4.105184e+001  -3.761766e+001  -3.491378e+001  -3.275584e+001  -3.100775e+001  -2.844126e+001  -2.662536e+001  -2.413830e+001  -2.308514e+001  
0.000000e+000  -1.566223e+001  -3.198505e+001  -4.961292e+001  -6.906242e+001  -5.834527e+001  -5.026102e+001  -4.429057e+001  -3.986254e+001  -3.652427e+001  -3.395496e+001  -3.193491e+001  -3.031368e+001  -2.795320e+001  -2.628597e+001  -2.398476e+001  -2.299480e+001  
0.000000e+000  -1.496866e+001  -3.082287e+001  -4.854524e+001  -6.913066e+001  -5.667356e+001  -4.808021e+001  -4.217636e+001  -3.801275e+001  -3.497232e+001  -3.267557e+001  -3.088769e+001  -2.945882e+001  -2.737932e+001  -2.590146e+001  -2.381947e+001  -2.290062e+001  
0.000000e+000  -1.354369e+001  -2.811797e+001  -4.511291e+001  -6.646029e+001  -5.258480e+001  -4.422462e+001  -3.898832e+001  -3.547950e+001  -3.297654e+001  -3.110028e+001  -2.963868e+001  -2.846451e+001  -2.673374e+001  -2.548077e+001  -2.364577e+001  -2.280425e+001  
0.000000e+000  -1.207633e+001  -2.511192e+001  -4.068946e+001  -6.185975e+001  -4.777619e+001  -4.045333e+001  -3.618671e+001  -3.339088e+001  -3.139477e+001  -2.988387e+001  -2.869201e+001  -2.772187e+001  -2.626103e+001  -2.517802e+001  -2.352409e+001  -2.273799e+001  
0.000000e+000  -1.023743e+001  -2.112218e+001  -3.410349e+001  -5.363928e+001  -4.096013e+001  -3.578242e+001  -3.295915e+001  -3.107639e+001  -2.968061e+001  -2.858427e+001  -2.769084e+001  -2.694288e+001  -2.577098e+001  -2.486758e+001  -2.340158e+001  -2.267218e+001  
0.000000e+000  -8.147572e+000  -1.632107e+001  -2.498477e+001  -3.900823e+001  -3.191162e+001  -3.042042e+001  -2.946332e+001  -2.862884e+001  -2.788905e+001  -2.723575e+001  -2.665762e+001  -2.614276e+001  -2.527155e+001  -2.455376e+001  -2.327961e+001  -2.260742e+001  
0.000000e+000  -6.046727e+000  -1.132887e+001  -1.379530e+001  0.000000e+000  -2.119549e+001  -2.491096e+001  -2.594303e+001  -2.616486e+001  -2.608320e+001  -2.587608e+001  -2.561657e+001  -2.533772e+001  -2.477119e+001  -2.424112e+001  -2.315961e+001  -2.254436e+001  
0.000000e+000  -3.692768e+000  -6.339992e+000  -6.190429e+000  0.000000e+000  -1.273809e+001  -1.880586e+001  -2.162350e+001  -2.302276e+001  -2.373929e+001  -2.409558e+001  -2.424733e+001  -2.427687e+001  -2.411259e+001  -2.383122e+001  -2.300412e+001  -2.246350e+001  
0.000000e+000  -2.062368e+000  -3.287374e+000  -2.769378e+000  0.000000e+000  -8.455946e+000  -1.446518e+001  -1.808405e+001  -2.026560e+001  -2.160718e+001  -2.244331e+001  -2.296210e+001  -2.327433e+001  -2.348785e+001  -2.344269e+001  -2.285810e+001  -2.238830e+001  
0.000000e+000  -5.406277e-001  -8.027027e-001  -6.048066e-001  0.000000e+000  -5.005716e+000  -9.678258e+000  -1.336801e+001  -1.615395e+001  -1.820821e+001  -1.970200e+001  -2.077705e+001  -2.154295e+001  -2.239571e+001  -2.276098e+001  -2.260422e+001  -2.225911e+001  
0.000000e+000  -9.366751e-002  -1.347453e-001  -9.723206e-002  0.000000e+000  -3.497144e+000  -7.063291e+000  -1.024368e+001  -1.296568e+001  -1.522342e+001  -1.705082e+001  -1.850089e+001  -1.963240e+001  -2.111036e+001  -2.192816e+001  -2.229293e+001  -2.210366e+001  
0.000000e+000  -5.406277e-001  -8.027026e-001  -6.048066e-001  0.000000e+000  -5.005716e+000  -9.678258e+000  -1.336801e+001  -1.615395e+001  -1.820821e+001  -1.970200e+001  -2.077705e+001  -2.154295e+001  -2.239571e+001  -2.276098e+001  -2.260422e+001  -2.225911e+001  
0.000000e+000  -2.062368e+000  -3.287374e+000  -2.769378e+000  0.000000e+000  -8.455946e+000  -1.446518e+001  -1.808405e+001  -2.026560e+001  -2.160718e+001  -2.244331e+001  -2.296210e+001  -2.327434e+001  -2.348785e+001  -2.344269e+001  -2.285810e+001  -2.238830e+001  
0.000000e+000  -3.692767e+000  -6.339992e+000  -6.190429e+000  0.000000e+000  -1.273809e+001  -1.880586e+001  -2.162350e+001  -2.302276e+001  -2.373929e+001  -2.409558e+001  -2.424733e+001  -2.427687e+001  -2.411259e+001  -2.383122e+001  -2.300412e+001  -2.246350e+001  
0.000000e+000  -6.046728e+000  -1.132887e+001  -1.379530e+001  0.000000e+000  -2.119549e+001  -2.491096e+001  -2.594303e+001  -2.616486e+001  -2.608320e+001  -2.587608e+001  -2.561657e+001  -2.533772e+001  -2.477119e+001  -2.424112e+001  -2.315961e+001  -2.254436e+001  
0.000000e+000  -8.147571e+000  -1.632107e+001  -2.498477e+001  -3.900823e+001  -3.191162e+001  -3.042042e+001  -2.946332e+001  -2.862884e+001  -2.788905e+001  -2.723575e+001  -2.665762e+001  -2.614276e+001  -2.527155e+001  -2.455376e+001  -2.327961e+001  -2.260742e+001  
0.000000e+000  -1.023743e+001  -2.112218e+001  -3.410349e+001  -5.363928e+001  -4.096013e+001  -3.578242e+001  -3.295915e+001  -3.107639e+001  -2.968061e+001  -2.858427e+001  -2.769084e+001  -2.694288e+001  -2.577098e+001  -2.486758e+001  -2.340158e+001  -2.267218e+001  
0.000000e+000  -1.207633e+001  -2.511192e+001  -4.068946e+001  -6.185975e+001  -4.777619e+001  -4.045333e+001  -3.618671e+001  -3.339088e+001  -3.139477e+001  -2.988387e+001  -2.869201e+001  -2.772187e+001  -2.626103e+001  -2.517802e+001  -2.352409e+001  -2.273799e+001  
0.000000e+000  -1.354369e+001  -2.811797e+001  -4.511291e+001  -6.646029e+001  -5.258480e+001  -4.422462e+001  -3.898832e+001  -3.547950e+001  -3.297654e+001  -3.110028e+001  -2.963868e+001  -2.846451e+001  -2.673374e+001  -2.548077e+001  -2.364577e+001  -2.280425e+001  
0.000000e+000  -1.496866e+001  -3.082287e+001  -4.854524e+001  -6.913066e+001  -5.667356e+001  -4.808021e+001  -4.217636e+001  -3.801275e+001  -3.497232e+001  -3.267557e+001  -3.088769e+001  -2.945882e+001  -2.737932e+001  -2.590146e+001  -2.381947e+001  -2.290062e+001  
0.000000e+000  -1.566223e+001  -3.198505e+001  -4.961292e+001  -6.906242e+001  -5.834527e+001  -5.026102e+001  -4.429057e+001  -3.986254e+001  -3.652427e+001  -3.395496e+001  -3.193491e+001  -3.031368e+001  -2.795320e+001  -2.628597e+001  -2.398476e+001  -2.299480e+001  
0.000000e+000  -1.580907e+001  -3.206682e+001  -4.917129e+001  -6.738119e+001  -5.838748e+001  -5.113663e+001  -4.545915e+001  -4.105184e+001  -3.761766e+001  -3.491378e+001  -3.275584e+001  -3.100775e+001  -2.844126e+001  -2.662536e+001  -2.413830e+001  -2.308514e+001  
0.000000e+000  -1.558325e+001  -3.144470e+001  -4.780886e+001  -6.478356e+001  -5.736859e+001  -5.105295e+001  -4.585703e+001  -4.165621e+001  -3.827813e+001  -3.555502e+001  -3.334418e+001  -3.153151e+001  -2.883480e+001  -2.691312e+001  -2.427732e+001  -2.317016e+001  
0.000000e+000  -1.396802e+001  -2.797948e+001  -4.205047e+001  -5.614425e+001  -5.186656e+001  -4.783875e+001  -4.419999e+001  -4.099952e+001  -3.823042e+001  -3.585633e+001  -3.382913e+001  -3.209919e+001  -2.939300e+001  -2.739345e+001  -2.455504e+001  -2.335629e+001  
0.000000e+000  -1.210029e+001  -2.415353e+001  -3.610221e+001  -4.786937e+001  -4.563508e+001  -4.330069e+001  -4.099601e+001  -3.880600e+001  -3.677937e+001  -3.493828e+001  -3.328700e+001  -3.181882e+001  -2.939394e+001  -2.752020e+001  -2.470875e+001  -2.348679e+001  
0.000000e+000  -9.038672e+000  -1.801610e+001  -2.686984e+001  -3.553542e+001  -3.514725e+001  -3.456333e+001  -3.384447e+001  -3.304197e+001  -3.219719e+001  -3.134211e+001  -3.050054e+001  -2.968948e+001  -2.819382e+001  -2.691081e+001  -2.466268e+001  -2.357199e+001  
0.000000e+000  -7.009594e+000  -1.397501e+001  -2.085237e+001  -2.759850e+001  -2.791822e+001  -2.808657e+001  -2.812622e+001  -2.805936e+001  -2.790697e+001  -2.768823e+001  -2.742033e+001  -2.711831e+001  -2.645085e+001  -2.577937e+001  -2.431310e+001  -2.347538e+001  
0.000000e+000  -6.272939e+000  -1.250986e+001  -1.867513e+001  -2.473389e+001  -2.522589e+001  -2.559290e+001  -2.584724e+001  -2.600203e+001  -2.607068e+001  -2.606644e+001  -2.600204e+001  -2.588951e+001  -2.555338e+001  -2.514612e+001  -2.406943e+001  -2.337605e+001  

