Port monitor named: Port1_e1.prt

nx        = 38
ny        = 4
nz        = 19

nu        = 17
nv        = 36
iu        = 2
iv        = 2

idir      = 1
dcut      = -4.840000e-002
icut      = 2
type      = 0
frequency = 2.400000e+009

fcutoff   = 0.000000e+000
alpha     = 0.000000e+000
beta      = 9.402091e+001
accuracy  = 2.701535e-010

type          = QTEM
wave imp.     = 2.492526e+002
wave imp.sig. = 1.839395e-008
line imp.     = 4.206585e+001

ref. port     = 0

-4.557783e+001  -4.515795e+001  -4.433343e+001  -4.313350e+001  -1.857553e+002  -1.826982e+002  -1.783957e+002  -1.729736e+002  -1.665755e+002  -1.593545e+002  -1.514652e+002  -1.430574e+002  -1.298776e+002  -1.115453e+002  -7.859158e+001  -2.688240e+001  0.000000e+000  
-4.951592e+001  -4.894845e+001  -4.784145e+001  -4.624803e+001  -1.981705e+002  -1.943030e+002  -1.889697e+002  -1.823653e+002  -1.747017e+002  -1.661940e+002  -1.570499e+002  -1.474610e+002  -1.326656e+002  -1.127129e+002  -7.783390e+001  -2.611876e+001  0.000000e+000  
-6.827726e+001  -6.682297e+001  -6.402955e+001  -6.011330e+001  -2.516777e+002  -2.433978e+002  -2.326890e+002  -2.201439e+002  -2.063405e+002  -1.918032e+002  -1.769794e+002  -1.622298e+002  -1.406275e+002  -1.143801e+002  -7.279813e+001  -2.262393e+001  0.000000e+000  
-1.101872e+002  -1.058500e+002  -9.762579e+001  -8.635663e+001  -3.439616e+002  -3.235788e+002  -2.993760e+002  -2.730886e+002  -2.461874e+002  -2.198068e+002  -1.947428e+002  -1.714917e+002  -1.397163e+002  -1.060571e+002  -5.943684e+001  -1.649835e+001  0.000000e+000  
-2.193400e+002  -2.050498e+002  -1.781794e+002  -1.419649e+002  -5.115582e+002  -4.555040e+002  -3.955871e+002  -3.367089e+002  -2.821379e+002  -2.336515e+002  -1.918945e+002  -1.567645e+002  -1.132116e+002  -7.509641e+001  -3.209673e+001  -6.772967e+000  0.000000e+000  
-3.567822e+002  -3.275657e+002  -2.725416e+002  -1.985718e+002  -6.453365e+002  -5.420255e+002  -4.409440e+002  -3.501363e+002  -2.731178e+002  -2.103113e+002  -1.604801e+002  -1.217304e+002  -7.725445e+001  -4.350437e+001  -1.144339e+001  -6.011029e-001  0.000000e+000  
-6.072978e+002  -5.499439e+002  -4.401674e+002  -2.903067e+002  -8.148290e+002  -6.237385e+002  -4.559684e+002  -3.218910e+002  -2.207991e+002  -1.472849e+002  -9.509560e+001  -5.876370e+001  -2.165510e+001  3.194762e-001  1.351743e+001  6.214908e+000  0.000000e+000  
-7.756134e+002  -7.010643e+002  -5.547144e+002  -3.487346e+002  -8.890486e+002  -6.369605e+002  -4.319920e+002  -2.805286e+002  -1.743043e+002  -1.019811e+002  -5.374093e+001  -2.225300e+001  7.555527e+000  2.175555e+001  2.469428e+001  9.099460e+000  0.000000e+000  
-9.931987e+002  -8.996494e+002  -7.086873e+002  -4.259399e+002  -9.588300e+002  -6.255020e+002  -3.797929e+002  -2.152465e+002  -1.098601e+002  -4.391153e+001  -3.494581e+000  2.043314e+001  4.017479e+001  4.488021e+001  3.622538e+001  1.198789e+001  0.000000e+000  
-1.272606e+003  -1.162643e+003  -9.233826e+002  -5.359386e+002  -1.009289e+003  -5.677714e+002  -2.845957e+002  -1.185810e+002  -2.447193e+001  2.773535e+001  5.553734e+001  6.887121e+001  7.570146e+001  6.930470e+001  4.792661e+001  1.483998e+001  0.000000e+000  
-1.624657e+003  -1.511136e+003  -1.236166e+003  -7.135732e+002  -1.004610e+003  -4.260374e+002  -1.271508e+002  1.632633e+001  8.323113e+001  1.124078e+002  1.223177e+002  1.220355e+002  1.133452e+002  9.451080e+001  5.958496e+001  1.761246e+001  0.000000e+000  
-1.943452e+003  -1.848604e+003  -1.584873e+003  -9.613310e+002  -8.991232e+002  -2.179873e+002  4.850710e+001  1.466290e+002  1.789084e+002  1.839251e+002  1.769460e+002  1.646046e+002  1.427504e+002  1.138303e+002  6.828738e+001  1.964268e+001  0.000000e+000  
-2.298558e+003  -2.250960e+003  -2.072163e+003  -1.434553e+003  -5.872737e+002  1.184697e+002  2.763609e+002  2.973933e+002  2.831047e+002  2.592321e+002  2.333059e+002  2.079290e+002  1.721949e+002  1.329198e+002  7.671710e+001  2.157995e+001  0.000000e+000  
-2.671697e+003  -2.703606e+003  -2.736159e+003  -2.462660e+003  2.236037e+002  6.247467e+002  5.467346e+002  4.592204e+002  3.903825e+002  3.352779e+002  2.895875e+002  2.508538e+002  2.010589e+002  1.514449e+002  8.476108e+001  2.340405e+001  0.000000e+000  
-3.032139e+003  -3.155615e+003  -3.517832e+003  -4.672098e+003  2.913471e+003  1.279755e+003  8.202686e+002  6.154412e+002  4.935585e+002  4.085385e+002  3.438275e+002  2.921616e+002  2.287022e+002  1.690641e+002  9.230656e+001  2.509524e+001  0.000000e+000  
-3.416310e+003  -3.591745e+003  -4.065595e+003  -5.261078e+003  2.788634e+003  1.587598e+003  1.052264e+003  7.754049e+002  6.071065e+002  4.917663e+002  4.063424e+002  3.400404e+002  2.607700e+002  1.894117e+002  1.009118e+002  2.700204e+001  0.000000e+000  
-3.693207e+003  -3.845908e+003  -4.174365e+003  -4.639344e+003  2.094015e+003  1.571814e+003  1.158875e+003  8.829126e+002  6.952075e+002  5.607113e+002  4.597852e+002  3.815692e+002  2.888140e+002  2.071884e+002  1.083571e+002  2.863548e+001  0.000000e+000  
-3.966397e+003  -4.031537e+003  -4.140440e+003  -4.239524e+003  1.537330e+003  1.383333e+003  1.173874e+003  9.704627e+002  7.948660e+002  6.505363e+002  5.343046e+002  4.413763e+002  3.300618e+002  2.334126e+002  1.192279e+002  3.099133e+001  0.000000e+000  
-3.966397e+003  -4.031537e+003  -4.140440e+003  -4.239524e+003  1.537330e+003  1.383333e+003  1.173874e+003  9.704627e+002  7.948660e+002  6.505363e+002  5.343046e+002  4.413763e+002  3.300618e+002  2.334126e+002  1.192279e+002  3.099133e+001  0.000000e+000  
-3.693207e+003  -3.845908e+003  -4.174365e+003  -4.639344e+003  2.094015e+003  1.571814e+003  1.158875e+003  8.829126e+002  6.952075e+002  5.607113e+002  4.597852e+002  3.815692e+002  2.888140e+002  2.071884e+002  1.083571e+002  2.863548e+001  0.000000e+000  
-3.416310e+003  -3.591745e+003  -4.065595e+003  -5.261078e+003  2.788634e+003  1.587598e+003  1.052264e+003  7.754049e+002  6.071065e+002  4.917663e+002  4.063424e+002  3.400404e+002  2.607700e+002  1.894117e+002  1.009118e+002  2.700204e+001  0.000000e+000  
-3.032139e+003  -3.155615e+003  -3.517832e+003  -4.672098e+003  2.913471e+003  1.279755e+003  8.202686e+002  6.154412e+002  4.935585e+002  4.085385e+002  3.438275e+002  2.921616e+002  2.287022e+002  1.690641e+002  9.230656e+001  2.509524e+001  0.000000e+000  
-2.671697e+003  -2.703606e+003  -2.736159e+003  -2.462660e+003  2.236037e+002  6.247467e+002  5.467346e+002  4.592204e+002  3.903825e+002  3.352779e+002  2.895875e+002  2.508538e+002  2.010589e+002  1.514449e+002  8.476108e+001  2.340405e+001  0.000000e+000  
-2.298558e+003  -2.250960e+003  -2.072163e+003  -1.434553e+003  -5.872737e+002  1.184697e+002  2.763609e+002  2.973933e+002  2.831047e+002  2.592321e+002  2.333059e+002  2.079290e+002  1.721949e+002  1.329198e+002  7.671710e+001  2.157995e+001  0.000000e+000  
-1.943452e+003  -1.848604e+003  -1.584873e+003  -9.613310e+002  -8.991232e+002  -2.179873e+002  4.850710e+001  1.466290e+002  1.789084e+002  1.839251e+002  1.769460e+002  1.646046e+002  1.427504e+002  1.138303e+002  6.828738e+001  1.964268e+001  0.000000e+000  
-1.624657e+003  -1.511136e+003  -1.236166e+003  -7.135732e+002  -1.004610e+003  -4.260374e+002  -1.271508e+002  1.632633e+001  8.323113e+001  1.124078e+002  1.223177e+002  1.220355e+002  1.133452e+002  9.451080e+001  5.958496e+001  1.761246e+001  0.000000e+000  
-1.272606e+003  -1.162643e+003  -9.233826e+002  -5.359386e+002  -1.009289e+003  -5.677714e+002  -2.845957e+002  -1.185810e+002  -2.447193e+001  2.773535e+001  5.553734e+001  6.887121e+001  7.570146e+001  6.930470e+001  4.792661e+001  1.483998e+001  0.000000e+000  
-9.931987e+002  -8.996494e+002  -7.086873e+002  -4.259399e+002  -9.588300e+002  -6.255020e+002  -3.797929e+002  -2.152465e+002  -1.098601e+002  -4.391153e+001  -3.494581e+000  2.043314e+001  4.017479e+001  4.488021e+001  3.622538e+001  1.198789e+001  0.000000e+000  
-7.756134e+002  -7.010643e+002  -5.547144e+002  -3.487346e+002  -8.890486e+002  -6.369605e+002  -4.319920e+002  -2.805286e+002  -1.743043e+002  -1.019811e+002  -5.374093e+001  -2.225300e+001  7.555527e+000  2.175555e+001  2.469428e+001  9.099460e+000  0.000000e+000  
-6.072978e+002  -5.499439e+002  -4.401674e+002  -2.903067e+002  -8.148290e+002  -6.237385e+002  -4.559684e+002  -3.218910e+002  -2.207991e+002  -1.472849e+002  -9.509560e+001  -5.876370e+001  -2.165510e+001  3.194762e-001  1.351743e+001  6.214908e+000  0.000000e+000  
-3.567822e+002  -3.275657e+002  -2.725416e+002  -1.985718e+002  -6.453365e+002  -5.420255e+002  -4.409440e+002  -3.501363e+002  -2.731178e+002  -2.103113e+002  -1.604801e+002  -1.217304e+002  -7.725445e+001  -4.350437e+001  -1.144339e+001  -6.011029e-001  0.000000e+000  
-2.193400e+002  -2.050498e+002  -1.781794e+002  -1.419649e+002  -5.115582e+002  -4.555040e+002  -3.955871e+002  -3.367089e+002  -2.821379e+002  -2.336515e+002  -1.918945e+002  -1.567645e+002  -1.132116e+002  -7.509641e+001  -3.209673e+001  -6.772967e+000  0.000000e+000  
-1.101872e+002  -1.058500e+002  -9.762579e+001  -8.635663e+001  -3.439616e+002  -3.235788e+002  -2.993760e+002  -2.730886e+002  -2.461874e+002  -2.198068e+002  -1.947428e+002  -1.714917e+002  -1.397163e+002  -1.060571e+002  -5.943684e+001  -1.649835e+001  0.000000e+000  
-6.827726e+001  -6.682297e+001  -6.402955e+001  -6.011330e+001  -2.516777e+002  -2.433978e+002  -2.326890e+002  -2.201439e+002  -2.063405e+002  -1.918032e+002  -1.769794e+002  -1.622298e+002  -1.406275e+002  -1.143801e+002  -7.279813e+001  -2.262393e+001  0.000000e+000  
-4.951592e+001  -4.894845e+001  -4.784145e+001  -4.624803e+001  -1.981705e+002  -1.943030e+002  -1.889697e+002  -1.823653e+002  -1.747017e+002  -1.661940e+002  -1.570499e+002  -1.474610e+002  -1.326656e+002  -1.127129e+002  -7.783390e+001  -2.611876e+001  0.000000e+000  
-4.557783e+001  -4.515795e+001  -4.433343e+001  -4.313350e+001  -1.857553e+002  -1.826982e+002  -1.783957e+002  -1.729736e+002  -1.665755e+002  -1.593545e+002  -1.514652e+002  -1.430574e+002  -1.298776e+002  -1.115453e+002  -7.859158e+001  -2.688240e+001  0.000000e+000  

0.000000e+000  -3.907706e-001  -7.510195e-001  -1.053073e+000  -1.274609e+000  -3.883062e+000  -6.305711e+000  -8.489152e+000  -1.039696e+001  -1.200950e+001  -1.332245e+001  -1.434448e+001  -1.509449e+001  -1.585733e+001  -1.590383e+001  -1.395553e+001  -1.205378e+001  
0.000000e+000  -1.899613e+000  -3.640901e+000  -5.081998e+000  -6.111831e+000  -1.568878e+001  -2.440000e+001  -3.204933e+001  -3.852311e+001  -4.378350e+001  -4.785655e+001  -5.081767e+001  -5.277681e+001  -5.408188e+001  -5.306296e+001  -4.454810e+001  -3.759702e+001  
0.000000e+000  -7.255265e+000  -1.382311e+001  -1.909821e+001  -2.262847e+001  -4.468724e+001  -6.358967e+001  -7.896961e+001  -9.076858e+001  -9.916773e+001  -1.045112e+002  -1.072354e+002  -1.078113e+002  -1.039100e+002  -9.657170e+001  -7.297586e+001  -5.829601e+001  
0.000000e+000  -2.313370e+001  -4.377736e+001  -5.976018e+001  -6.951794e+001  -1.121134e+002  -1.449363e+002  -1.679928e+002  -1.821708e+002  -1.888564e+002  -1.896104e+002  -1.859464e+002  -1.792059e+002  -1.598499e+002  -1.388570e+002  -9.321693e+001  -7.014702e+001  
0.000000e+000  -6.401295e+001  -1.204649e+002  -1.626615e+002  -1.857570e+002  -2.554541e+002  -2.988738e+002  -3.194776e+002  -3.224867e+002  -3.132483e+002  -2.963341e+002  -2.752463e+002  -2.524719e+002  -2.068622e+002  -1.672550e+002  -1.007092e+002  -7.195844e+001  
0.000000e+000  -1.204815e+002  -2.266732e+002  -3.050679e+002  -3.449561e+002  -4.337861e+002  -4.736092e+002  -4.763594e+002  -4.552593e+002  -4.211248e+002  -3.814650e+002  -3.409486e+002  -3.022246e+002  -2.342382e+002  -1.807390e+002  -1.016471e+002  -7.024823e+001  
0.000000e+000  -1.995099e+002  -3.778408e+002  -5.111502e+002  -5.754234e+002  -6.691418e+002  -6.802024e+002  -6.411695e+002  -5.791094e+002  -5.107198e+002  -4.445753e+002  -3.843730e+002  -3.312667e+002  -2.462467e+002  -1.837173e+002  -9.873674e+001  -6.676800e+001  
0.000000e+000  -2.597180e+002  -4.960017e+002  -6.773184e+002  -7.641441e+002  -8.512543e+002  -8.281504e+002  -7.502366e+002  -6.552873e+002  -5.622534e+002  -4.786088e+002  -4.062411e+002  -3.447067e+002  -2.504382e+002  -1.833773e+002  -9.608097e+001  -6.417129e+001  
0.000000e+000  -3.354100e+002  -6.505095e+002  -9.060117e+002  -1.032583e+003  -1.092683e+003  -1.005871e+003  -8.688917e+002  -7.308888e+002  -6.091642e+002  -5.069570e+002  -4.226109e+002  -3.532641e+002  -2.511745e+002  -1.806859e+002  -9.243095e+001  -6.101204e+001  
0.000000e+000  -4.244947e+002  -8.443978e+002  -1.220024e+003  -1.429117e+003  -1.413148e+003  -1.211011e+003  -9.886815e+002  -7.983106e+002  -6.460865e+002  -5.261298e+002  -4.312736e+002  -3.555583e+002  -2.478707e+002  -1.754142e+002  -8.776311e+001  -5.729743e+001  
0.000000e+000  -5.055941e+002  -1.040970e+003  -1.593858e+003  -1.983338e+003  -1.783847e+003  -1.402001e+003  -1.079829e+003  -8.402879e+002  -6.638560e+002  -5.315518e+002  -4.301755e+002  -3.509445e+002  -2.409705e+002  -1.683474e+002  -8.274896e+001  -5.354816e+001  
0.000000e+000  -5.642049e+002  -1.204152e+003  -1.980137e+003  -2.732309e+003  -2.161814e+003  -1.549320e+003  -1.133517e+003  -8.573840e+002  -6.658185e+002  -5.268686e+002  -4.225325e+002  -3.420820e+002  -2.322014e+002  -1.605910e+002  -7.782533e+001  -5.000266e+001  
0.000000e+000  -5.935139e+002  -1.314680e+003  -2.375317e+003  -4.020698e+003  -2.553650e+003  -1.636297e+003  -1.144369e+003  -8.486118e+002  -6.517386e+002  -5.116668e+002  -4.076542e+002  -3.280842e+002  -2.205590e+002  -1.511866e+002  -7.233248e+001  -4.616961e+001  
0.000000e+000  -5.734909e+002  -1.294053e+003  -2.544569e+003  -6.510942e+003  -2.776147e+003  -1.592086e+003  -1.094881e+003  -8.095314e+002  -6.203136e+002  -4.854925e+002  -3.853623e+002  -3.088841e+002  -2.060477e+002  -1.401617e+002  -6.629435e+001  -4.206583e+001  
0.000000e+000  -4.868720e+002  -1.040137e+003  -1.736047e+003  0.000000e+000  -1.750399e+003  -1.303034e+003  -9.655807e+002  -7.322600e+002  -5.661656e+002  -4.440866e+002  -3.521441e+002  -2.815432e+002  -1.865554e+002  -1.259788e+002  -5.890965e+001  -3.715711e+001  
0.000000e+000  -3.500637e+002  -6.707362e+002  -8.043974e+002  0.000000e+000  -9.112880e+002  -9.285754e+002  -7.715110e+002  -6.139417e+002  -4.847954e+002  -3.835885e+002  -3.049889e+002  -2.437799e+002  -1.607842e+002  -1.079182e+002  -4.995502e+001  -3.133948e+001  
0.000000e+000  -1.714954e+002  -2.866965e+002  -2.608298e+002  0.000000e+000  -3.638633e+002  -4.952795e+002  -4.814937e+002  -4.162463e+002  -3.427556e+002  -2.766623e+002  -2.218202e+002  -1.777501e+002  -1.167677e+002  -7.782199e+001  -3.556453e+001  -2.215696e+001  
0.000000e+000  0.000000e+000  0.000000e+000  0.000000e+000  0.000000e+000  0.000000e+000  0.000000e+000  0.000000e+000  0.000000e+000  0.000000e+000  0.000000e+000  0.000000e+000  0.000000e+000  0.000000e+000  0.000000e+000  0.000000e+000  0.000000e+000  
0.000000e+000  1.714954e+002  2.866965e+002  2.608298e+002  0.000000e+000  3.638633e+002  4.952795e+002  4.814937e+002  4.162463e+002  3.427556e+002  2.766623e+002  2.218202e+002  1.777501e+002  1.167677e+002  7.782199e+001  3.556453e+001  2.215696e+001  
0.000000e+000  3.500637e+002  6.707362e+002  8.043974e+002  0.000000e+000  9.112880e+002  9.285754e+002  7.715110e+002  6.139417e+002  4.847954e+002  3.835885e+002  3.049889e+002  2.437799e+002  1.607842e+002  1.079182e+002  4.995502e+001  3.133948e+001  
0.000000e+000  4.868720e+002  1.040137e+003  1.736047e+003  0.000000e+000  1.750399e+003  1.303034e+003  9.655807e+002  7.322600e+002  5.661656e+002  4.440866e+002  3.521441e+002  2.815432e+002  1.865554e+002  1.259788e+002  5.890965e+001  3.715711e+001  
0.000000e+000  5.734909e+002  1.294053e+003  2.544569e+003  6.510942e+003  2.776147e+003  1.592086e+003  1.094881e+003  8.095314e+002  6.203136e+002  4.854925e+002  3.853623e+002  3.088841e+002  2.060477e+002  1.401617e+002  6.629435e+001  4.206583e+001  
0.000000e+000  5.935139e+002  1.314680e+003  2.375317e+003  4.020698e+003  2.553650e+003  1.636297e+003  1.144369e+003  8.486118e+002  6.517386e+002  5.116668e+002  4.076542e+002  3.280842e+002  2.205590e+002  1.511866e+002  7.233248e+001  4.616961e+001  
0.000000e+000  5.642049e+002  1.204152e+003  1.980137e+003  2.732309e+003  2.161814e+003  1.549320e+003  1.133517e+003  8.573840e+002  6.658185e+002  5.268686e+002  4.225325e+002  3.420820e+002  2.322014e+002  1.605910e+002  7.782533e+001  5.000266e+001  
0.000000e+000  5.055941e+002  1.040970e+003  1.593858e+003  1.983338e+003  1.783847e+003  1.402001e+003  1.079829e+003  8.402879e+002  6.638560e+002  5.315518e+002  4.301755e+002  3.509445e+002  2.409705e+002  1.683474e+002  8.274896e+001  5.354816e+001  
0.000000e+000  4.244947e+002  8.443978e+002  1.220024e+003  1.429117e+003  1.413148e+003  1.211011e+003  9.886815e+002  7.983106e+002  6.460865e+002  5.261298e+002  4.312736e+002  3.555583e+002  2.478707e+002  1.754142e+002  8.776311e+001  5.729743e+001  
0.000000e+000  3.354100e+002  6.505095e+002  9.060117e+002  1.032583e+003  1.092683e+003  1.005871e+003  8.688917e+002  7.308888e+002  6.091642e+002  5.069570e+002  4.226109e+002  3.532641e+002  2.511745e+002  1.806859e+002  9.243095e+001  6.101204e+001  
0.000000e+000  2.597180e+002  4.960017e+002  6.773184e+002  7.641441e+002  8.512543e+002  8.281504e+002  7.502366e+002  6.552873e+002  5.622534e+002  4.786088e+002  4.062411e+002  3.447067e+002  2.504382e+002  1.833773e+002  9.608097e+001  6.417129e+001  
0.000000e+000  1.995099e+002  3.778408e+002  5.111502e+002  5.754234e+002  6.691418e+002  6.802024e+002  6.411695e+002  5.791094e+002  5.107198e+002  4.445753e+002  3.843730e+002  3.312667e+002  2.462467e+002  1.837173e+002  9.873674e+001  6.676800e+001  
0.000000e+000  1.204815e+002  2.266732e+002  3.050679e+002  3.449561e+002  4.337861e+002  4.736092e+002  4.763594e+002  4.552593e+002  4.211248e+002  3.814650e+002  3.409486e+002  3.022246e+002  2.342382e+002  1.807390e+002  1.016471e+002  7.024823e+001  
0.000000e+000  6.401295e+001  1.204649e+002  1.626615e+002  1.857570e+002  2.554541e+002  2.988738e+002  3.194776e+002  3.224867e+002  3.132483e+002  2.963341e+002  2.752463e+002  2.524719e+002  2.068622e+002  1.672550e+002  1.007092e+002  7.195844e+001  
0.000000e+000  2.313370e+001  4.377736e+001  5.976018e+001  6.951794e+001  1.121134e+002  1.449363e+002  1.679928e+002  1.821708e+002  1.888564e+002  1.896104e+002  1.859464e+002  1.792059e+002  1.598499e+002  1.388570e+002  9.321693e+001  7.014702e+001  
0.000000e+000  7.255265e+000  1.382311e+001  1.909821e+001  2.262847e+001  4.468724e+001  6.358967e+001  7.896961e+001  9.076858e+001  9.916773e+001  1.045112e+002  1.072354e+002  1.078113e+002  1.039100e+002  9.657170e+001  7.297586e+001  5.829601e+001  
0.000000e+000  1.899613e+000  3.640901e+000  5.081998e+000  6.111831e+000  1.568878e+001  2.440000e+001  3.204933e+001  3.852311e+001  4.378350e+001  4.785655e+001  5.081767e+001  5.277681e+001  5.408188e+001  5.306296e+001  4.454810e+001  3.759702e+001  
0.000000e+000  3.907706e-001  7.510195e-001  1.053073e+000  1.274609e+000  3.883062e+000  6.305711e+000  8.489152e+000  1.039696e+001  1.200950e+001  1.332245e+001  1.434448e+001  1.509449e+001  1.585733e+001  1.590383e+001  1.395553e+001  1.205378e+001  
0.000000e+000  0.000000e+000  0.000000e+000  0.000000e+000  0.000000e+000  0.000000e+000  0.000000e+000  0.000000e+000  0.000000e+000  0.000000e+000  0.000000e+000  0.000000e+000  0.000000e+000  0.000000e+000  0.000000e+000  0.000000e+000  0.000000e+000  

0.000000e+000  0.000000e+000  0.000000e+000  0.000000e+000  0.000000e+000  0.000000e+000  0.000000e+000  0.000000e+000  0.000000e+000  0.000000e+000  0.000000e+000  0.000000e+000  0.000000e+000  0.000000e+000  0.000000e+000  0.000000e+000  0.000000e+000  
0.000000e+000  0.000000e+000  0.000000e+000  0.000000e+000  0.000000e+000  0.000000e+000  0.000000e+000  0.000000e+000  0.000000e+000  0.000000e+000  0.000000e+000  0.000000e+000  0.000000e+000  0.000000e+000  0.000000e+000  0.000000e+000  0.000000e+000  
0.000000e+000  0.000000e+000  0.000000e+000  0.000000e+000  0.000000e+000  0.000000e+000  0.000000e+000  0.000000e+000  0.000000e+000  0.000000e+000  0.000000e+000  0.000000e+000  0.000000e+000  0.000000e+000  0.000000e+000  0.000000e+000  0.000000e+000  
0.000000e+000  0.000000e+000  0.000000e+000  0.000000e+000  0.000000e+000  0.000000e+000  0.000000e+000  0.000000e+000  0.000000e+000  0.000000e+000  0.000000e+000  0.000000e+000  0.000000e+000  0.000000e+000  0.000000e+000  0.000000e+000  0.000000e+000  
0.000000e+000  0.000000e+000  0.000000e+000  0.000000e+000  0.000000e+000  0.000000e+000  0.000000e+000  0.000000e+000  0.000000e+000  0.000000e+000  0.000000e+000  0.000000e+000  0.000000e+000  0.000000e+000  0.000000e+000  0.000000e+000  0.000000e+000  
0.000000e+000  0.000000e+000  0.000000e+000  0.000000e+000  0.000000e+000  0.000000e+000  0.000000e+000  0.000000e+000  0.000000e+000  0.000000e+000  0.000000e+000  0.000000e+000  0.000000e+000  0.000000e+000  0.000000e+000  0.000000e+000  0.000000e+000  
0.000000e+000  0.000000e+000  0.000000e+000  0.000000e+000  0.000000e+000  0.000000e+000  0.000000e+000  0.000000e+000  0.000000e+000  0.000000e+000  0.000000e+000  0.000000e+000  0.000000e+000  0.000000e+000  0.000000e+000  0.000000e+000  0.000000e+000  
0.000000e+000  0.000000e+000  0.000000e+000  0.000000e+000  0.000000e+000  0.000000e+000  0.000000e+000  0.000000e+000  0.000000e+000  0.000000e+000  0.000000e+000  0.000000e+000  0.000000e+000  0.000000e+000  0.000000e+000  0.000000e+000  0.000000e+000  
0.000000e+000  0.000000e+000  0.000000e+000  0.000000e+000  0.000000e+000  0.000000e+000  0.000000e+000  0.000000e+000  0.000000e+000  0.000000e+000  0.000000e+000  0.000000e+000  0.000000e+000  0.000000e+000  0.000000e+000  0.000000e+000  0.000000e+000  
0.000000e+000  0.000000e+000  0.000000e+000  0.000000e+000  0.000000e+000  0.000000e+000  0.000000e+000  0.000000e+000  0.000000e+000  0.000000e+000  0.000000e+000  0.000000e+000  0.000000e+000  0.000000e+000  0.000000e+000  0.000000e+000  0.000000e+000  
0.000000e+000  0.000000e+000  0.000000e+000  0.000000e+000  0.000000e+000  0.000000e+000  0.000000e+000  0.000000e+000  0.000000e+000  0.000000e+000  0.000000e+000  0.000000e+000  0.000000e+000  0.000000e+000  0.000000e+000  0.000000e+000  0.000000e+000  
0.000000e+000  0.000000e+000  0.000000e+000  0.000000e+000  0.000000e+000  0.000000e+000  0.000000e+000  0.000000e+000  0.000000e+000  0.000000e+000  0.000000e+000  0.000000e+000  0.000000e+000  0.000000e+000  0.000000e+000  0.000000e+000  0.000000e+000  
0.000000e+000  0.000000e+000  0.000000e+000  0.000000e+000  0.000000e+000  0.000000e+000  0.000000e+000  0.000000e+000  0.000000e+000  0.000000e+000  0.000000e+000  0.000000e+000  0.000000e+000  0.000000e+000  0.000000e+000  0.000000e+000  0.000000e+000  
0.000000e+000  0.000000e+000  0.000000e+000  0.000000e+000  0.000000e+000  0.000000e+000  0.000000e+000  0.000000e+000  0.000000e+000  0.000000e+000  0.000000e+000  0.000000e+000  0.000000e+000  0.000000e+000  0.000000e+000  0.000000e+000  0.000000e+000  
0.000000e+000  0.000000e+000  0.000000e+000  0.000000e+000  0.000000e+000  0.000000e+000  0.000000e+000  0.000000e+000  0.000000e+000  0.000000e+000  0.000000e+000  0.000000e+000  0.000000e+000  0.000000e+000  0.000000e+000  0.000000e+000  0.000000e+000  
0.000000e+000  0.000000e+000  0.000000e+000  0.000000e+000  0.000000e+000  0.000000e+000  0.000000e+000  0.000000e+000  0.000000e+000  0.000000e+000  0.000000e+000  0.000000e+000  0.000000e+000  0.000000e+000  0.000000e+000  0.000000e+000  0.000000e+000  
0.000000e+000  0.000000e+000  0.000000e+000  0.000000e+000  0.000000e+000  0.000000e+000  0.000000e+000  0.000000e+000  0.000000e+000  0.000000e+000  0.000000e+000  0.000000e+000  0.000000e+000  0.000000e+000  0.000000e+000  0.000000e+000  0.000000e+000  
0.000000e+000  0.000000e+000  0.000000e+000  0.000000e+000  0.000000e+000  0.000000e+000  0.000000e+000  0.000000e+000  0.000000e+000  0.000000e+000  0.000000e+000  0.000000e+000  0.000000e+000  0.000000e+000  0.000000e+000  0.000000e+000  0.000000e+000  
0.000000e+000  0.000000e+000  0.000000e+000  0.000000e+000  0.000000e+000  0.000000e+000  0.000000e+000  0.000000e+000  0.000000e+000  0.000000e+000  0.000000e+000  0.000000e+000  0.000000e+000  0.000000e+000  0.000000e+000  0.000000e+000  0.000000e+000  
0.000000e+000  0.000000e+000  0.000000e+000  0.000000e+000  0.000000e+000  0.000000e+000  0.000000e+000  0.000000e+000  0.000000e+000  0.000000e+000  0.000000e+000  0.000000e+000  0.000000e+000  0.000000e+000  0.000000e+000  0.000000e+000  0.000000e+000  
0.000000e+000  0.000000e+000  0.000000e+000  0.000000e+000  0.000000e+000  0.000000e+000  0.000000e+000  0.000000e+000  0.000000e+000  0.000000e+000  0.000000e+000  0.000000e+000  0.000000e+000  0.000000e+000  0.000000e+000  0.000000e+000  0.000000e+000  
0.000000e+000  0.000000e+000  0.000000e+000  0.000000e+000  0.000000e+000  0.000000e+000  0.000000e+000  0.000000e+000  0.000000e+000  0.000000e+000  0.000000e+000  0.000000e+000  0.000000e+000  0.000000e+000  0.000000e+000  0.000000e+000  0.000000e+000  
0.000000e+000  0.000000e+000  0.000000e+000  0.000000e+000  0.000000e+000  0.000000e+000  0.000000e+000  0.000000e+000  0.000000e+000  0.000000e+000  0.000000e+000  0.000000e+000  0.000000e+000  0.000000e+000  0.000000e+000  0.000000e+000  0.000000e+000  
0.000000e+000  0.000000e+000  0.000000e+000  0.000000e+000  0.000000e+000  0.000000e+000  0.000000e+000  0.000000e+000  0.000000e+000  0.000000e+000  0.000000e+000  0.000000e+000  0.000000e+000  0.000000e+000  0.000000e+000  0.000000e+000  0.000000e+000  
0.000000e+000  0.000000e+000  0.000000e+000  0.000000e+000  0.000000e+000  0.000000e+000  0.000000e+000  0.000000e+000  0.000000e+000  0.000000e+000  0.000000e+000  0.000000e+000  0.000000e+000  0.000000e+000  0.000000e+000  0.000000e+000  0.000000e+000  
0.000000e+000  0.000000e+000  0.000000e+000  0.000000e+000  0.000000e+000  0.000000e+000  0.000000e+000  0.000000e+000  0.000000e+000  0.000000e+000  0.000000e+000  0.000000e+000  0.000000e+000  0.000000e+000  0.000000e+000  0.000000e+000  0.000000e+000  
0.000000e+000  0.000000e+000  0.000000e+000  0.000000e+000  0.000000e+000  0.000000e+000  0.000000e+000  0.000000e+000  0.000000e+000  0.000000e+000  0.000000e+000  0.000000e+000  0.000000e+000  0.000000e+000  0.000000e+000  0.000000e+000  0.000000e+000  
0.000000e+000  0.000000e+000  0.000000e+000  0.000000e+000  0.000000e+000  0.000000e+000  0.000000e+000  0.000000e+000  0.000000e+000  0.000000e+000  0.000000e+000  0.000000e+000  0.000000e+000  0.000000e+000  0.000000e+000  0.000000e+000  0.000000e+000  
0.000000e+000  0.000000e+000  0.000000e+000  0.000000e+000  0.000000e+000  0.000000e+000  0.000000e+000  0.000000e+000  0.000000e+000  0.000000e+000  0.000000e+000  0.000000e+000  0.000000e+000  0.000000e+000  0.000000e+000  0.000000e+000  0.000000e+000  
0.000000e+000  0.000000e+000  0.000000e+000  0.000000e+000  0.000000e+000  0.000000e+000  0.000000e+000  0.000000e+000  0.000000e+000  0.000000e+000  0.000000e+000  0.000000e+000  0.000000e+000  0.000000e+000  0.000000e+000  0.000000e+000  0.000000e+000  
0.000000e+000  0.000000e+000  0.000000e+000  0.000000e+000  0.000000e+000  0.000000e+000  0.000000e+000  0.000000e+000  0.000000e+000  0.000000e+000  0.000000e+000  0.000000e+000  0.000000e+000  0.000000e+000  0.000000e+000  0.000000e+000  0.000000e+000  
0.000000e+000  0.000000e+000  0.000000e+000  0.000000e+000  0.000000e+000  0.000000e+000  0.000000e+000  0.000000e+000  0.000000e+000  0.000000e+000  0.000000e+000  0.000000e+000  0.000000e+000  0.000000e+000  0.000000e+000  0.000000e+000  0.000000e+000  
0.000000e+000  0.000000e+000  0.000000e+000  0.000000e+000  0.000000e+000  0.000000e+000  0.000000e+000  0.000000e+000  0.000000e+000  0.000000e+000  0.000000e+000  0.000000e+000  0.000000e+000  0.000000e+000  0.000000e+000  0.000000e+000  0.000000e+000  
0.000000e+000  0.000000e+000  0.000000e+000  0.000000e+000  0.000000e+000  0.000000e+000  0.000000e+000  0.000000e+000  0.000000e+000  0.000000e+000  0.000000e+000  0.000000e+000  0.000000e+000  0.000000e+000  0.000000e+000  0.000000e+000  0.000000e+000  
0.000000e+000  0.000000e+000  0.000000e+000  0.000000e+000  0.000000e+000  0.000000e+000  0.000000e+000  0.000000e+000  0.000000e+000  0.000000e+000  0.000000e+000  0.000000e+000  0.000000e+000  0.000000e+000  0.000000e+000  0.000000e+000  0.000000e+000  
0.000000e+000  0.000000e+000  0.000000e+000  0.000000e+000  0.000000e+000  0.000000e+000  0.000000e+000  0.000000e+000  0.000000e+000  0.000000e+000  0.000000e+000  0.000000e+000  0.000000e+000  0.000000e+000  0.000000e+000  0.000000e+000  0.000000e+000  

0.000000e+000  0.000000e+000  0.000000e+000  0.000000e+000  0.000000e+000  0.000000e+000  0.000000e+000  0.000000e+000  0.000000e+000  0.000000e+000  0.000000e+000  0.000000e+000  0.000000e+000  0.000000e+000  0.000000e+000  0.000000e+000  0.000000e+000  
0.000000e+000  0.000000e+000  0.000000e+000  0.000000e+000  0.000000e+000  0.000000e+000  0.000000e+000  0.000000e+000  0.000000e+000  0.000000e+000  0.000000e+000  0.000000e+000  0.000000e+000  0.000000e+000  0.000000e+000  0.000000e+000  0.000000e+000  
0.000000e+000  0.000000e+000  0.000000e+000  0.000000e+000  0.000000e+000  0.000000e+000  0.000000e+000  0.000000e+000  0.000000e+000  0.000000e+000  0.000000e+000  0.000000e+000  0.000000e+000  0.000000e+000  0.000000e+000  0.000000e+000  0.000000e+000  
0.000000e+000  0.000000e+000  0.000000e+000  0.000000e+000  0.000000e+000  0.000000e+000  0.000000e+000  0.000000e+000  0.000000e+000  0.000000e+000  0.000000e+000  0.000000e+000  0.000000e+000  0.000000e+000  0.000000e+000  0.000000e+000  0.000000e+000  
0.000000e+000  0.000000e+000  0.000000e+000  0.000000e+000  0.000000e+000  0.000000e+000  0.000000e+000  0.000000e+000  0.000000e+000  0.000000e+000  0.000000e+000  0.000000e+000  0.000000e+000  0.000000e+000  0.000000e+000  0.000000e+000  0.000000e+000  
0.000000e+000  0.000000e+000  0.000000e+000  0.000000e+000  0.000000e+000  0.000000e+000  0.000000e+000  0.000000e+000  0.000000e+000  0.000000e+000  0.000000e+000  0.000000e+000  0.000000e+000  0.000000e+000  0.000000e+000  0.000000e+000  0.000000e+000  
0.000000e+000  0.000000e+000  0.000000e+000  0.000000e+000  0.000000e+000  0.000000e+000  0.000000e+000  0.000000e+000  0.000000e+000  0.000000e+000  0.000000e+000  0.000000e+000  0.000000e+000  0.000000e+000  0.000000e+000  0.000000e+000  0.000000e+000  
0.000000e+000  0.000000e+000  0.000000e+000  0.000000e+000  0.000000e+000  0.000000e+000  0.000000e+000  0.000000e+000  0.000000e+000  0.000000e+000  0.000000e+000  0.000000e+000  0.000000e+000  0.000000e+000  0.000000e+000  0.000000e+000  0.000000e+000  
0.000000e+000  0.000000e+000  0.000000e+000  0.000000e+000  0.000000e+000  0.000000e+000  0.000000e+000  0.000000e+000  0.000000e+000  0.000000e+000  0.000000e+000  0.000000e+000  0.000000e+000  0.000000e+000  0.000000e+000  0.000000e+000  0.000000e+000  
0.000000e+000  0.000000e+000  0.000000e+000  0.000000e+000  0.000000e+000  0.000000e+000  0.000000e+000  0.000000e+000  0.000000e+000  0.000000e+000  0.000000e+000  0.000000e+000  0.000000e+000  0.000000e+000  0.000000e+000  0.000000e+000  0.000000e+000  
0.000000e+000  0.000000e+000  0.000000e+000  0.000000e+000  0.000000e+000  0.000000e+000  0.000000e+000  0.000000e+000  0.000000e+000  0.000000e+000  0.000000e+000  0.000000e+000  0.000000e+000  0.000000e+000  0.000000e+000  0.000000e+000  0.000000e+000  
0.000000e+000  0.000000e+000  0.000000e+000  0.000000e+000  0.000000e+000  0.000000e+000  0.000000e+000  0.000000e+000  0.000000e+000  0.000000e+000  0.000000e+000  0.000000e+000  0.000000e+000  0.000000e+000  0.000000e+000  0.000000e+000  0.000000e+000  
0.000000e+000  0.000000e+000  0.000000e+000  0.000000e+000  0.000000e+000  0.000000e+000  0.000000e+000  0.000000e+000  0.000000e+000  0.000000e+000  0.000000e+000  0.000000e+000  0.000000e+000  0.000000e+000  0.000000e+000  0.000000e+000  0.000000e+000  
0.000000e+000  0.000000e+000  0.000000e+000  0.000000e+000  0.000000e+000  0.000000e+000  0.000000e+000  0.000000e+000  0.000000e+000  0.000000e+000  0.000000e+000  0.000000e+000  0.000000e+000  0.000000e+000  0.000000e+000  0.000000e+000  0.000000e+000  
0.000000e+000  0.000000e+000  0.000000e+000  0.000000e+000  0.000000e+000  0.000000e+000  0.000000e+000  0.000000e+000  0.000000e+000  0.000000e+000  0.000000e+000  0.000000e+000  0.000000e+000  0.000000e+000  0.000000e+000  0.000000e+000  0.000000e+000  
0.000000e+000  0.000000e+000  0.000000e+000  0.000000e+000  0.000000e+000  0.000000e+000  0.000000e+000  0.000000e+000  0.000000e+000  0.000000e+000  0.000000e+000  0.000000e+000  0.000000e+000  0.000000e+000  0.000000e+000  0.000000e+000  0.000000e+000  
0.000000e+000  0.000000e+000  0.000000e+000  0.000000e+000  0.000000e+000  0.000000e+000  0.000000e+000  0.000000e+000  0.000000e+000  0.000000e+000  0.000000e+000  0.000000e+000  0.000000e+000  0.000000e+000  0.000000e+000  0.000000e+000  0.000000e+000  
0.000000e+000  0.000000e+000  0.000000e+000  0.000000e+000  0.000000e+000  0.000000e+000  0.000000e+000  0.000000e+000  0.000000e+000  0.000000e+000  0.000000e+000  0.000000e+000  0.000000e+000  0.000000e+000  0.000000e+000  0.000000e+000  0.000000e+000  
0.000000e+000  0.000000e+000  0.000000e+000  0.000000e+000  0.000000e+000  0.000000e+000  0.000000e+000  0.000000e+000  0.000000e+000  0.000000e+000  0.000000e+000  0.000000e+000  0.000000e+000  0.000000e+000  0.000000e+000  0.000000e+000  0.000000e+000  
0.000000e+000  0.000000e+000  0.000000e+000  0.000000e+000  0.000000e+000  0.000000e+000  0.000000e+000  0.000000e+000  0.000000e+000  0.000000e+000  0.000000e+000  0.000000e+000  0.000000e+000  0.000000e+000  0.000000e+000  0.000000e+000  0.000000e+000  
0.000000e+000  0.000000e+000  0.000000e+000  0.000000e+000  0.000000e+000  0.000000e+000  0.000000e+000  0.000000e+000  0.000000e+000  0.000000e+000  0.000000e+000  0.000000e+000  0.000000e+000  0.000000e+000  0.000000e+000  0.000000e+000  0.000000e+000  
0.000000e+000  0.000000e+000  0.000000e+000  0.000000e+000  0.000000e+000  0.000000e+000  0.000000e+000  0.000000e+000  0.000000e+000  0.000000e+000  0.000000e+000  0.000000e+000  0.000000e+000  0.000000e+000  0.000000e+000  0.000000e+000  0.000000e+000  
0.000000e+000  0.000000e+000  0.000000e+000  0.000000e+000  0.000000e+000  0.000000e+000  0.000000e+000  0.000000e+000  0.000000e+000  0.000000e+000  0.000000e+000  0.000000e+000  0.000000e+000  0.000000e+000  0.000000e+000  0.000000e+000  0.000000e+000  
0.000000e+000  0.000000e+000  0.000000e+000  0.000000e+000  0.000000e+000  0.000000e+000  0.000000e+000  0.000000e+000  0.000000e+000  0.000000e+000  0.000000e+000  0.000000e+000  0.000000e+000  0.000000e+000  0.000000e+000  0.000000e+000  0.000000e+000  
0.000000e+000  0.000000e+000  0.000000e+000  0.000000e+000  0.000000e+000  0.000000e+000  0.000000e+000  0.000000e+000  0.000000e+000  0.000000e+000  0.000000e+000  0.000000e+000  0.000000e+000  0.000000e+000  0.000000e+000  0.000000e+000  0.000000e+000  
0.000000e+000  0.000000e+000  0.000000e+000  0.000000e+000  0.000000e+000  0.000000e+000  0.000000e+000  0.000000e+000  0.000000e+000  0.000000e+000  0.000000e+000  0.000000e+000  0.000000e+000  0.000000e+000  0.000000e+000  0.000000e+000  0.000000e+000  
0.000000e+000  0.000000e+000  0.000000e+000  0.000000e+000  0.000000e+000  0.000000e+000  0.000000e+000  0.000000e+000  0.000000e+000  0.000000e+000  0.000000e+000  0.000000e+000  0.000000e+000  0.000000e+000  0.000000e+000  0.000000e+000  0.000000e+000  
0.000000e+000  0.000000e+000  0.000000e+000  0.000000e+000  0.000000e+000  0.000000e+000  0.000000e+000  0.000000e+000  0.000000e+000  0.000000e+000  0.000000e+000  0.000000e+000  0.000000e+000  0.000000e+000  0.000000e+000  0.000000e+000  0.000000e+000  
0.000000e+000  0.000000e+000  0.000000e+000  0.000000e+000  0.000000e+000  0.000000e+000  0.000000e+000  0.000000e+000  0.000000e+000  0.000000e+000  0.000000e+000  0.000000e+000  0.000000e+000  0.000000e+000  0.000000e+000  0.000000e+000  0.000000e+000  
0.000000e+000  0.000000e+000  0.000000e+000  0.000000e+000  0.000000e+000  0.000000e+000  0.000000e+000  0.000000e+000  0.000000e+000  0.000000e+000  0.000000e+000  0.000000e+000  0.000000e+000  0.000000e+000  0.000000e+000  0.000000e+000  0.000000e+000  
0.000000e+000  0.000000e+000  0.000000e+000  0.000000e+000  0.000000e+000  0.000000e+000  0.000000e+000  0.000000e+000  0.000000e+000  0.000000e+000  0.000000e+000  0.000000e+000  0.000000e+000  0.000000e+000  0.000000e+000  0.000000e+000  0.000000e+000  
0.000000e+000  0.000000e+000  0.000000e+000  0.000000e+000  0.000000e+000  0.000000e+000  0.000000e+000  0.000000e+000  0.000000e+000  0.000000e+000  0.000000e+000  0.000000e+000  0.000000e+000  0.000000e+000  0.000000e+000  0.000000e+000  0.000000e+000  
0.000000e+000  0.000000e+000  0.000000e+000  0.000000e+000  0.000000e+000  0.000000e+000  0.000000e+000  0.000000e+000  0.000000e+000  0.000000e+000  0.000000e+000  0.000000e+000  0.000000e+000  0.000000e+000  0.000000e+000  0.000000e+000  0.000000e+000  
0.000000e+000  0.000000e+000  0.000000e+000  0.000000e+000  0.000000e+000  0.000000e+000  0.000000e+000  0.000000e+000  0.000000e+000  0.000000e+000  0.000000e+000  0.000000e+000  0.000000e+000  0.000000e+000  0.000000e+000  0.000000e+000  0.000000e+000  
0.000000e+000  0.000000e+000  0.000000e+000  0.000000e+000  0.000000e+000  0.000000e+000  0.000000e+000  0.000000e+000  0.000000e+000  0.000000e+000  0.000000e+000  0.000000e+000  0.000000e+000  0.000000e+000  0.000000e+000  0.000000e+000  0.000000e+000  
0.000000e+000  0.000000e+000  0.000000e+000  0.000000e+000  0.000000e+000  0.000000e+000  0.000000e+000  0.000000e+000  0.000000e+000  0.000000e+000  0.000000e+000  0.000000e+000  0.000000e+000  0.000000e+000  0.000000e+000  0.000000e+000  0.000000e+000  

0.000000e+000  0.000000e+000  0.000000e+000  0.000000e+000  0.000000e+000  0.000000e+000  0.000000e+000  0.000000e+000  0.000000e+000  0.000000e+000  0.000000e+000  0.000000e+000  0.000000e+000  0.000000e+000  0.000000e+000  0.000000e+000  0.000000e+000  
0.000000e+000  0.000000e+000  0.000000e+000  0.000000e+000  0.000000e+000  0.000000e+000  0.000000e+000  0.000000e+000  0.000000e+000  0.000000e+000  0.000000e+000  0.000000e+000  0.000000e+000  0.000000e+000  0.000000e+000  0.000000e+000  0.000000e+000  
0.000000e+000  0.000000e+000  0.000000e+000  0.000000e+000  0.000000e+000  0.000000e+000  0.000000e+000  0.000000e+000  0.000000e+000  0.000000e+000  0.000000e+000  0.000000e+000  0.000000e+000  0.000000e+000  0.000000e+000  0.000000e+000  0.000000e+000  
0.000000e+000  0.000000e+000  0.000000e+000  0.000000e+000  0.000000e+000  0.000000e+000  0.000000e+000  0.000000e+000  0.000000e+000  0.000000e+000  0.000000e+000  0.000000e+000  0.000000e+000  0.000000e+000  0.000000e+000  0.000000e+000  0.000000e+000  
0.000000e+000  0.000000e+000  0.000000e+000  0.000000e+000  0.000000e+000  0.000000e+000  0.000000e+000  0.000000e+000  0.000000e+000  0.000000e+000  0.000000e+000  0.000000e+000  0.000000e+000  0.000000e+000  0.000000e+000  0.000000e+000  0.000000e+000  
0.000000e+000  0.000000e+000  0.000000e+000  0.000000e+000  0.000000e+000  0.000000e+000  0.000000e+000  0.000000e+000  0.000000e+000  0.000000e+000  0.000000e+000  0.000000e+000  0.000000e+000  0.000000e+000  0.000000e+000  0.000000e+000  0.000000e+000  
0.000000e+000  0.000000e+000  0.000000e+000  0.000000e+000  0.000000e+000  0.000000e+000  0.000000e+000  0.000000e+000  0.000000e+000  0.000000e+000  0.000000e+000  0.000000e+000  0.000000e+000  0.000000e+000  0.000000e+000  0.000000e+000  0.000000e+000  
0.000000e+000  0.000000e+000  0.000000e+000  0.000000e+000  0.000000e+000  0.000000e+000  0.000000e+000  0.000000e+000  0.000000e+000  0.000000e+000  0.000000e+000  0.000000e+000  0.000000e+000  0.000000e+000  0.000000e+000  0.000000e+000  0.000000e+000  
0.000000e+000  0.000000e+000  0.000000e+000  0.000000e+000  0.000000e+000  0.000000e+000  0.000000e+000  0.000000e+000  0.000000e+000  0.000000e+000  0.000000e+000  0.000000e+000  0.000000e+000  0.000000e+000  0.000000e+000  0.000000e+000  0.000000e+000  
0.000000e+000  0.000000e+000  0.000000e+000  0.000000e+000  0.000000e+000  0.000000e+000  0.000000e+000  0.000000e+000  0.000000e+000  0.000000e+000  0.000000e+000  0.000000e+000  0.000000e+000  0.000000e+000  0.000000e+000  0.000000e+000  0.000000e+000  
0.000000e+000  0.000000e+000  0.000000e+000  0.000000e+000  0.000000e+000  0.000000e+000  0.000000e+000  0.000000e+000  0.000000e+000  0.000000e+000  0.000000e+000  0.000000e+000  0.000000e+000  0.000000e+000  0.000000e+000  0.000000e+000  0.000000e+000  
0.000000e+000  0.000000e+000  0.000000e+000  0.000000e+000  0.000000e+000  0.000000e+000  0.000000e+000  0.000000e+000  0.000000e+000  0.000000e+000  0.000000e+000  0.000000e+000  0.000000e+000  0.000000e+000  0.000000e+000  0.000000e+000  0.000000e+000  
0.000000e+000  0.000000e+000  0.000000e+000  0.000000e+000  0.000000e+000  0.000000e+000  0.000000e+000  0.000000e+000  0.000000e+000  0.000000e+000  0.000000e+000  0.000000e+000  0.000000e+000  0.000000e+000  0.000000e+000  0.000000e+000  0.000000e+000  
0.000000e+000  0.000000e+000  0.000000e+000  0.000000e+000  0.000000e+000  0.000000e+000  0.000000e+000  0.000000e+000  0.000000e+000  0.000000e+000  0.000000e+000  0.000000e+000  0.000000e+000  0.000000e+000  0.000000e+000  0.000000e+000  0.000000e+000  
0.000000e+000  0.000000e+000  0.000000e+000  0.000000e+000  0.000000e+000  0.000000e+000  0.000000e+000  0.000000e+000  0.000000e+000  0.000000e+000  0.000000e+000  0.000000e+000  0.000000e+000  0.000000e+000  0.000000e+000  0.000000e+000  0.000000e+000  
0.000000e+000  0.000000e+000  0.000000e+000  0.000000e+000  0.000000e+000  0.000000e+000  0.000000e+000  0.000000e+000  0.000000e+000  0.000000e+000  0.000000e+000  0.000000e+000  0.000000e+000  0.000000e+000  0.000000e+000  0.000000e+000  0.000000e+000  
0.000000e+000  0.000000e+000  0.000000e+000  0.000000e+000  0.000000e+000  0.000000e+000  0.000000e+000  0.000000e+000  0.000000e+000  0.000000e+000  0.000000e+000  0.000000e+000  0.000000e+000  0.000000e+000  0.000000e+000  0.000000e+000  0.000000e+000  
0.000000e+000  0.000000e+000  0.000000e+000  0.000000e+000  0.000000e+000  0.000000e+000  0.000000e+000  0.000000e+000  0.000000e+000  0.000000e+000  0.000000e+000  0.000000e+000  0.000000e+000  0.000000e+000  0.000000e+000  0.000000e+000  0.000000e+000  
0.000000e+000  0.000000e+000  0.000000e+000  0.000000e+000  0.000000e+000  0.000000e+000  0.000000e+000  0.000000e+000  0.000000e+000  0.000000e+000  0.000000e+000  0.000000e+000  0.000000e+000  0.000000e+000  0.000000e+000  0.000000e+000  0.000000e+000  
0.000000e+000  0.000000e+000  0.000000e+000  0.000000e+000  0.000000e+000  0.000000e+000  0.000000e+000  0.000000e+000  0.000000e+000  0.000000e+000  0.000000e+000  0.000000e+000  0.000000e+000  0.000000e+000  0.000000e+000  0.000000e+000  0.000000e+000  
0.000000e+000  0.000000e+000  0.000000e+000  0.000000e+000  0.000000e+000  0.000000e+000  0.000000e+000  0.000000e+000  0.000000e+000  0.000000e+000  0.000000e+000  0.000000e+000  0.000000e+000  0.000000e+000  0.000000e+000  0.000000e+000  0.000000e+000  
0.000000e+000  0.000000e+000  0.000000e+000  0.000000e+000  0.000000e+000  0.000000e+000  0.000000e+000  0.000000e+000  0.000000e+000  0.000000e+000  0.000000e+000  0.000000e+000  0.000000e+000  0.000000e+000  0.000000e+000  0.000000e+000  0.000000e+000  
0.000000e+000  0.000000e+000  0.000000e+000  0.000000e+000  0.000000e+000  0.000000e+000  0.000000e+000  0.000000e+000  0.000000e+000  0.000000e+000  0.000000e+000  0.000000e+000  0.000000e+000  0.000000e+000  0.000000e+000  0.000000e+000  0.000000e+000  
0.000000e+000  0.000000e+000  0.000000e+000  0.000000e+000  0.000000e+000  0.000000e+000  0.000000e+000  0.000000e+000  0.000000e+000  0.000000e+000  0.000000e+000  0.000000e+000  0.000000e+000  0.000000e+000  0.000000e+000  0.000000e+000  0.000000e+000  
0.000000e+000  0.000000e+000  0.000000e+000  0.000000e+000  0.000000e+000  0.000000e+000  0.000000e+000  0.000000e+000  0.000000e+000  0.000000e+000  0.000000e+000  0.000000e+000  0.000000e+000  0.000000e+000  0.000000e+000  0.000000e+000  0.000000e+000  
0.000000e+000  0.000000e+000  0.000000e+000  0.000000e+000  0.000000e+000  0.000000e+000  0.000000e+000  0.000000e+000  0.000000e+000  0.000000e+000  0.000000e+000  0.000000e+000  0.000000e+000  0.000000e+000  0.000000e+000  0.000000e+000  0.000000e+000  
0.000000e+000  0.000000e+000  0.000000e+000  0.000000e+000  0.000000e+000  0.000000e+000  0.000000e+000  0.000000e+000  0.000000e+000  0.000000e+000  0.000000e+000  0.000000e+000  0.000000e+000  0.000000e+000  0.000000e+000  0.000000e+000  0.000000e+000  
0.000000e+000  0.000000e+000  0.000000e+000  0.000000e+000  0.000000e+000  0.000000e+000  0.000000e+000  0.000000e+000  0.000000e+000  0.000000e+000  0.000000e+000  0.000000e+000  0.000000e+000  0.000000e+000  0.000000e+000  0.000000e+000  0.000000e+000  
0.000000e+000  0.000000e+000  0.000000e+000  0.000000e+000  0.000000e+000  0.000000e+000  0.000000e+000  0.000000e+000  0.000000e+000  0.000000e+000  0.000000e+000  0.000000e+000  0.000000e+000  0.000000e+000  0.000000e+000  0.000000e+000  0.000000e+000  
0.000000e+000  0.000000e+000  0.000000e+000  0.000000e+000  0.000000e+000  0.000000e+000  0.000000e+000  0.000000e+000  0.000000e+000  0.000000e+000  0.000000e+000  0.000000e+000  0.000000e+000  0.000000e+000  0.000000e+000  0.000000e+000  0.000000e+000  
0.000000e+000  0.000000e+000  0.000000e+000  0.000000e+000  0.000000e+000  0.000000e+000  0.000000e+000  0.000000e+000  0.000000e+000  0.000000e+000  0.000000e+000  0.000000e+000  0.000000e+000  0.000000e+000  0.000000e+000  0.000000e+000  0.000000e+000  
0.000000e+000  0.000000e+000  0.000000e+000  0.000000e+000  0.000000e+000  0.000000e+000  0.000000e+000  0.000000e+000  0.000000e+000  0.000000e+000  0.000000e+000  0.000000e+000  0.000000e+000  0.000000e+000  0.000000e+000  0.000000e+000  0.000000e+000  
0.000000e+000  0.000000e+000  0.000000e+000  0.000000e+000  0.000000e+000  0.000000e+000  0.000000e+000  0.000000e+000  0.000000e+000  0.000000e+000  0.000000e+000  0.000000e+000  0.000000e+000  0.000000e+000  0.000000e+000  0.000000e+000  0.000000e+000  
0.000000e+000  0.000000e+000  0.000000e+000  0.000000e+000  0.000000e+000  0.000000e+000  0.000000e+000  0.000000e+000  0.000000e+000  0.000000e+000  0.000000e+000  0.000000e+000  0.000000e+000  0.000000e+000  0.000000e+000  0.000000e+000  0.000000e+000  
0.000000e+000  0.000000e+000  0.000000e+000  0.000000e+000  0.000000e+000  0.000000e+000  0.000000e+000  0.000000e+000  0.000000e+000  0.000000e+000  0.000000e+000  0.000000e+000  0.000000e+000  0.000000e+000  0.000000e+000  0.000000e+000  0.000000e+000  
0.000000e+000  0.000000e+000  0.000000e+000  0.000000e+000  0.000000e+000  0.000000e+000  0.000000e+000  0.000000e+000  0.000000e+000  0.000000e+000  0.000000e+000  0.000000e+000  0.000000e+000  0.000000e+000  0.000000e+000  0.000000e+000  0.000000e+000  

0.000000e+000  -6.424583e+000  -1.281085e+001  -1.912095e+001  -2.531792e+001  -2.598803e+001  -2.652665e+001  -2.694510e+001  -2.725569e+001  -2.747122e+001  -2.760454e+001  -2.766818e+001  -2.767408e+001  -2.754615e+001  -2.731043e+001  -2.649142e+001  -2.589808e+001  
0.000000e+000  -6.775633e+000  -1.350870e+001  -2.015708e+001  -2.667954e+001  -2.728012e+001  -2.773535e+001  -2.806127e+001  -2.827443e+001  -2.839125e+001  -2.842752e+001  -2.839802e+001  -2.831631e+001  -2.803299e+001  -2.767139e+001  -2.665833e+001  -2.599083e+001  
0.000000e+000  -8.220072e+000  -1.638163e+001  -2.442615e+001  -3.229517e+001  -3.252692e+001  -3.256485e+001  -3.244814e+001  -3.221267e+001  -3.189008e+001  -3.150733e+001  -3.108680e+001  -3.064665e+001  -2.975073e+001  -2.891148e+001  -2.720978e+001  -2.629263e+001  
0.000000e+000  -1.040131e+001  -2.073271e+001  -3.092098e+001  -4.088698e+001  -4.021145e+001  -3.932408e+001  -3.830975e+001  -3.723541e+001  -3.615098e+001  -3.509164e+001  -3.408067e+001  -3.313226e+001  -3.144608e+001  -3.004786e+001  -2.766921e+001  -2.653835e+001  
0.000000e+000  -1.356825e+001  -2.710866e+001  -4.057592e+001  -5.389197e+001  -5.102783e+001  -4.814163e+001  -4.538305e+001  -4.283860e+001  -4.054745e+001  -3.851694e+001  -3.673537e+001  -3.518116e+001  -3.267893e+001  -3.078257e+001  -2.794204e+001  -2.669276e+001  
0.000000e+000  -1.527732e+001  -3.064997e+001  -4.617608e+001  -6.184026e+001  -5.681870e+001  -5.221726e+001  -4.816762e+001  -4.469243e+001  -4.175257e+001  -3.928176e+001  -3.720744e+001  -3.546141e+001  -3.277595e+001  -3.080888e+001  -2.796181e+001  -2.671999e+001  
0.000000e+000  -1.659356e+001  -3.355012e+001  -5.117243e+001  -6.962465e+001  -6.152338e+001  -5.477707e+001  -4.934964e+001  -4.505206e+001  -4.165877e+001  -3.896447e+001  -3.680214e+001  -3.504294e+001  -3.244236e+001  -3.058017e+001  -2.790348e+001  -2.671520e+001  
0.000000e+000  -1.671835e+001  -3.397848e+001  -5.227297e+001  -7.194124e+001  -6.230317e+001  -5.469587e+001  -4.886529e+001  -4.442858e+001  -4.103120e+001  -3.839368e+001  -3.630995e+001  -3.463183e+001  -3.217392e+001  -3.041596e+001  -2.786023e+001  -2.670562e+001  
0.000000e+000  -1.647953e+001  -3.371215e+001  -5.244910e+001  -7.331848e+001  -6.204291e+001  -5.370485e+001  -4.767122e+001  -4.328133e+001  -4.002648e+001  -3.755378e+001  -3.562620e+001  -3.408463e+001  -3.183404e+001  -3.021514e+001  -2.780733e+001  -2.669221e+001  
0.000000e+000  -1.573696e+001  -3.243939e+001  -5.119739e+001  -7.314803e+001  -6.025919e+001  -5.152212e+001  -4.563344e+001  -4.155851e+001  -3.863207e+001  -3.644884e+001  -3.476090e+001  -3.341264e+001  -3.143158e+001  -2.998365e+001  -2.774670e+001  -2.667573e+001  
0.000000e+000  -1.434992e+001  -2.979475e+001  -4.781474e+001  -7.047962e+001  -5.630364e+001  -4.785628e+001  -4.265997e+001  -3.925179e+001  -3.686778e+001  -3.510464e+001  -3.373815e+001  -3.263621e+001  -3.097941e+001  -2.972913e+001  -2.768059e+001  -2.665700e+001  
0.000000e+000  -1.280170e+001  -2.662501e+001  -4.315644e+001  -6.564942e+001  -5.126142e+001  -4.391843e+001  -3.977164e+001  -3.714394e+001  -3.531688e+001  -3.395358e+001  -3.287890e+001  -3.199373e+001  -3.061234e+001  -2.952569e+001  -2.762817e+001  -2.664180e+001  
0.000000e+000  -1.085752e+001  -2.240666e+001  -3.619203e+001  -5.695130e+001  -4.405623e+001  -3.900743e+001  -3.642824e+001  -3.480262e+001  -3.363620e+001  -3.272648e+001  -3.197388e+001  -3.132368e+001  -3.023450e+001  -2.931862e+001  -2.757516e+001  -2.662621e+001  
0.000000e+000  -8.644945e+000  -1.732239e+001  -2.653197e+001  -4.142402e+001  -3.443696e+001  -3.334651e+001  -3.280370e+001  -3.233273e+001  -3.188922e+001  -3.146360e+001  -3.104974e+001  -3.064416e+001  -2.985516e+001  -2.911263e+001  -2.752275e+001  -2.661065e+001  
0.000000e+000  -6.418589e+000  -1.203033e+001  -1.467587e+001  0.000000e+000  -2.300396e+001  -2.752904e+001  -2.916984e+001  -2.986707e+001  -3.014929e+001  -3.020947e+001  -3.013528e+001  -2.997445e+001  -2.948399e+001  -2.891257e+001  -2.747215e+001  -2.659551e+001  
0.000000e+000  -4.064651e+000  -7.007504e+000  -6.904407e+000  0.000000e+000  -1.442385e+001  -2.151072e+001  -2.504119e+001  -2.697264e+001  -2.808080e+001  -2.871201e+001  -2.904295e+001  -2.917571e+001  -2.904371e+001  -2.867681e+001  -2.741284e+001  -2.657765e+001  
0.000000e+000  -2.390785e+000  -3.832152e+000  -3.260149e+000  0.000000e+000  -1.002642e+001  -1.723994e+001  -2.170781e+001  -2.449639e+001  -2.626231e+001  -2.737878e+001  -2.806528e+001  -2.845970e+001  -2.865008e+001  -2.846707e+001  -2.736035e+001  -2.656178e+001  
0.000000e+000  -7.704726e-001  -1.145522e+000  -8.649711e-001  0.000000e+000  -6.608171e+000  -1.274701e+001  -1.753806e+001  -2.108552e+001  -2.362430e+001  -2.539227e+001  -2.658947e+001  -2.737246e+001  -2.805272e+001  -2.815037e+001  -2.728158e+001  -2.653784e+001  
0.000000e+000  -7.704726e-001  -1.145522e+000  -8.649711e-001  0.000000e+000  -6.608171e+000  -1.274701e+001  -1.753806e+001  -2.108552e+001  -2.362430e+001  -2.539227e+001  -2.658947e+001  -2.737246e+001  -2.805272e+001  -2.815037e+001  -2.728158e+001  -2.653784e+001  
0.000000e+000  -2.390785e+000  -3.832152e+000  -3.260149e+000  0.000000e+000  -1.002642e+001  -1.723994e+001  -2.170781e+001  -2.449639e+001  -2.626231e+001  -2.737878e+001  -2.806528e+001  -2.845970e+001  -2.865008e+001  -2.846707e+001  -2.736035e+001  -2.656178e+001  
0.000000e+000  -4.064651e+000  -7.007504e+000  -6.904407e+000  0.000000e+000  -1.442385e+001  -2.151072e+001  -2.504119e+001  -2.697264e+001  -2.808080e+001  -2.871201e+001  -2.904295e+001  -2.917571e+001  -2.904371e+001  -2.867681e+001  -2.741284e+001  -2.657765e+001  
0.000000e+000  -6.418589e+000  -1.203033e+001  -1.467587e+001  0.000000e+000  -2.300396e+001  -2.752904e+001  -2.916984e+001  -2.986707e+001  -3.014929e+001  -3.020947e+001  -3.013528e+001  -2.997445e+001  -2.948399e+001  -2.891257e+001  -2.747215e+001  -2.659551e+001  
0.000000e+000  -8.644945e+000  -1.732239e+001  -2.653197e+001  -4.142402e+001  -3.443696e+001  -3.334651e+001  -3.280370e+001  -3.233273e+001  -3.188922e+001  -3.146360e+001  -3.104974e+001  -3.064416e+001  -2.985516e+001  -2.911263e+001  -2.752275e+001  -2.661065e+001  
0.000000e+000  -1.085752e+001  -2.240666e+001  -3.619203e+001  -5.695130e+001  -4.405623e+001  -3.900743e+001  -3.642824e+001  -3.480262e+001  -3.363620e+001  -3.272648e+001  -3.197388e+001  -3.132368e+001  -3.023450e+001  -2.931862e+001  -2.757516e+001  -2.662621e+001  
0.000000e+000  -1.280170e+001  -2.662501e+001  -4.315644e+001  -6.564942e+001  -5.126142e+001  -4.391843e+001  -3.977164e+001  -3.714394e+001  -3.531688e+001  -3.395358e+001  -3.287890e+001  -3.199373e+001  -3.061234e+001  -2.952569e+001  -2.762817e+001  -2.664180e+001  
0.000000e+000  -1.434992e+001  -2.979475e+001  -4.781474e+001  -7.047962e+001  -5.630364e+001  -4.785628e+001  -4.265997e+001  -3.925179e+001  -3.686778e+001  -3.510464e+001  -3.373815e+001  -3.263621e+001  -3.097941e+001  -2.972913e+001  -2.768059e+001  -2.665700e+001  
0.000000e+000  -1.573696e+001  -3.243939e+001  -5.119739e+001  -7.314803e+001  -6.025919e+001  -5.152212e+001  -4.563344e+001  -4.155851e+001  -3.863207e+001  -3.644884e+001  -3.476090e+001  -3.341264e+001  -3.143158e+001  -2.998365e+001  -2.774670e+001  -2.667573e+001  
0.000000e+000  -1.647953e+001  -3.371215e+001  -5.244910e+001  -7.331848e+001  -6.204291e+001  -5.370485e+001  -4.767122e+001  -4.328133e+001  -4.002648e+001  -3.755378e+001  -3.562620e+001  -3.408463e+001  -3.183404e+001  -3.021514e+001  -2.780733e+001  -2.669221e+001  
0.000000e+000  -1.671835e+001  -3.397848e+001  -5.227297e+001  -7.194124e+001  -6.230317e+001  -5.469587e+001  -4.886529e+001  -4.442858e+001  -4.103120e+001  -3.839368e+001  -3.630995e+001  -3.463183e+001  -3.217392e+001  -3.041596e+001  -2.786023e+001  -2.670562e+001  
0.000000e+000  -1.659356e+001  -3.355012e+001  -5.117243e+001  -6.962465e+001  -6.152338e+001  -5.477707e+001  -4.934964e+001  -4.505206e+001  -4.165877e+001  -3.896447e+001  -3.680214e+001  -3.504294e+001  -3.244236e+001  -3.058017e+001  -2.790348e+001  -2.671520e+001  
0.000000e+000  -1.527732e+001  -3.064997e+001  -4.617608e+001  -6.184026e+001  -5.681870e+001  -5.221726e+001  -4.816762e+001  -4.469243e+001  -4.175257e+001  -3.928176e+001  -3.720744e+001  -3.546141e+001  -3.277595e+001  -3.080888e+001  -2.796181e+001  -2.671999e+001  
0.000000e+000  -1.356825e+001  -2.710866e+001  -4.057592e+001  -5.389197e+001  -5.102783e+001  -4.814163e+001  -4.538305e+001  -4.283860e+001  -4.054745e+001  -3.851694e+001  -3.673537e+001  -3.518116e+001  -3.267893e+001  -3.078257e+001  -2.794204e+001  -2.669276e+001  
0.000000e+000  -1.040131e+001  -2.073271e+001  -3.092098e+001  -4.088698e+001  -4.021145e+001  -3.932408e+001  -3.830975e+001  -3.723541e+001  -3.615098e+001  -3.509164e+001  -3.408066e+001  -3.313226e+001  -3.144608e+001  -3.004786e+001  -2.766921e+001  -2.653835e+001  
0.000000e+000  -8.220072e+000  -1.638163e+001  -2.442615e+001  -3.229517e+001  -3.252692e+001  -3.256485e+001  -3.244814e+001  -3.221267e+001  -3.189008e+001  -3.150733e+001  -3.108680e+001  -3.064665e+001  -2.975073e+001  -2.891148e+001  -2.720978e+001  -2.629263e+001  
0.000000e+000  -6.775633e+000  -1.350870e+001  -2.015708e+001  -2.667954e+001  -2.728012e+001  -2.773535e+001  -2.806127e+001  -2.827443e+001  -2.839125e+001  -2.842752e+001  -2.839802e+001  -2.831631e+001  -2.803299e+001  -2.767139e+001  -2.665833e+001  -2.599083e+001  
0.000000e+000  -6.424583e+000  -1.281085e+001  -1.912095e+001  -2.531792e+001  -2.598803e+001  -2.652665e+001  -2.694510e+001  -2.725569e+001  -2.747122e+001  -2.760454e+001  -2.766818e+001  -2.767408e+001  -2.754615e+001  -2.731043e+001  -2.649142e+001  -2.589808e+001  

