Unknown:
C:\Users\emilt\OneDrive\Skrivebord\ESD_P5\04 Prototype udvikling\3 Antenne\CST Sim\Array\1x4 (Done) Antenna\Result\CombineResults.log
C:\Users\emilt\OneDrive\Skrivebord\ESD_P5\04 Prototype udvikling\3 Antenne\CST Sim\Array\1x4 (Done) Antenna\Result\farfield (f=2.4417)1D_1[1,0]+2[1,0]+3[1,0]+4[1,0].ffp
C:\Users\emilt\OneDrive\Skrivebord\ESD_P5\04 Prototype udvikling\3 Antenne\CST Sim\Array\1x4 (Done) Antenna\Result\farfield (f=2.4417)2D_1[1,0]+2[1,0]+3[1,0]+4[1,0].ffp
C:\Users\emilt\OneDrive\Skrivebord\ESD_P5\04 Prototype udvikling\3 Antenne\CST Sim\Array\1x4 (Done) Antenna\Result\farfield (f=2.4417)_1.fme
C:\Users\emilt\OneDrive\Skrivebord\ESD_P5\04 Prototype udvikling\3 Antenne\CST Sim\Array\1x4 (Done) Antenna\Result\farfield (f=2.4417)_1[1,0]+2[1,0]+3[1,0]+4[1,0].fme
C:\Users\emilt\OneDrive\Skrivebord\ESD_P5\04 Prototype udvikling\3 Antenne\CST Sim\Array\1x4 (Done) Antenna\Result\farfield (f=2.4417)_2.fme
C:\Users\emilt\OneDrive\Skrivebord\ESD_P5\04 Prototype udvikling\3 Antenne\CST Sim\Array\1x4 (Done) Antenna\Result\farfield (f=2.4417)_3.fme
C:\Users\emilt\OneDrive\Skrivebord\ESD_P5\04 Prototype udvikling\3 Antenne\CST Sim\Array\1x4 (Done) Antenna\Result\farfield (f=2.4417)_4.fme
C:\Users\emilt\OneDrive\Skrivebord\ESD_P5\04 Prototype udvikling\3 Antenne\CST Sim\Array\1x4 (Done) Antenna\Result\FarfieldBkGround.bmp
C:\Users\emilt\OneDrive\Skrivebord\ESD_P5\04 Prototype udvikling\3 Antenne\CST Sim\Array\1x4 (Done) Antenna\Result\hardware_resources.sconf
C:\Users\emilt\OneDrive\Skrivebord\ESD_P5\04 Prototype udvikling\3 Antenne\CST Sim\Array\1x4 (Done) Antenna\Result\Hex.gap
C:\Users\emilt\OneDrive\Skrivebord\ESD_P5\04 Prototype udvikling\3 Antenne\CST Sim\Array\1x4 (Done) Antenna\Result\hexmeshengine.log
C:\Users\emilt\OneDrive\Skrivebord\ESD_P5\04 Prototype udvikling\3 Antenne\CST Sim\Array\1x4 (Done) Antenna\Result\MCalc-SV.log
C:\Users\emilt\OneDrive\Skrivebord\ESD_P5\04 Prototype udvikling\3 Antenne\CST Sim\Array\1x4 (Done) Antenna\Result\MCalc.ddi
C:\Users\emilt\OneDrive\Skrivebord\ESD_P5\04 Prototype udvikling\3 Antenne\CST Sim\Array\1x4 (Done) Antenna\Result\MCalc.log
C:\Users\emilt\OneDrive\Skrivebord\ESD_P5\04 Prototype udvikling\3 Antenne\CST Sim\Array\1x4 (Done) Antenna\Result\ml_info.log
C:\Users\emilt\OneDrive\Skrivebord\ESD_P5\04 Prototype udvikling\3 Antenne\CST Sim\Array\1x4 (Done) Antenna\Result\Model.axg
C:\Users\emilt\OneDrive\Skrivebord\ESD_P5\04 Prototype udvikling\3 Antenne\CST Sim\Array\1x4 (Done) Antenna\Result\Model.coco
C:\Users\emilt\OneDrive\Skrivebord\ESD_P5\04 Prototype udvikling\3 Antenne\CST Sim\Array\1x4 (Done) Antenna\Result\Model.csid
C:\Users\emilt\OneDrive\Skrivebord\ESD_P5\04 Prototype udvikling\3 Antenne\CST Sim\Array\1x4 (Done) Antenna\Result\Model.ddi
C:\Users\emilt\OneDrive\Skrivebord\ESD_P5\04 Prototype udvikling\3 Antenne\CST Sim\Array\1x4 (Done) Antenna\Result\Model.elg
C:\Users\emilt\OneDrive\Skrivebord\ESD_P5\04 Prototype udvikling\3 Antenne\CST Sim\Array\1x4 (Done) Antenna\Result\Model.log
C:\Users\emilt\OneDrive\Skrivebord\ESD_P5\04 Prototype udvikling\3 Antenne\CST Sim\Array\1x4 (Done) Antenna\Result\Model.sa
C:\Users\emilt\OneDrive\Skrivebord\ESD_P5\04 Prototype udvikling\3 Antenne\CST Sim\Array\1x4 (Done) Antenna\Result\Model.sam
C:\Users\emilt\OneDrive\Skrivebord\ESD_P5\04 Prototype udvikling\3 Antenne\CST Sim\Array\1x4 (Done) Antenna\Result\ModelPBA.axg
C:\Users\emilt\OneDrive\Skrivebord\ESD_P5\04 Prototype udvikling\3 Antenne\CST Sim\Array\1x4 (Done) Antenna\Result\Model_1.csid
C:\Users\emilt\OneDrive\Skrivebord\ESD_P5\04 Prototype udvikling\3 Antenne\CST Sim\Array\1x4 (Done) Antenna\Result\Model_1.sam
C:\Users\emilt\OneDrive\Skrivebord\ESD_P5\04 Prototype udvikling\3 Antenne\CST Sim\Array\1x4 (Done) Antenna\Result\Model_2.csid
C:\Users\emilt\OneDrive\Skrivebord\ESD_P5\04 Prototype udvikling\3 Antenne\CST Sim\Array\1x4 (Done) Antenna\Result\Model_2.sam
C:\Users\emilt\OneDrive\Skrivebord\ESD_P5\04 Prototype udvikling\3 Antenne\CST Sim\Array\1x4 (Done) Antenna\Result\Model_3.csid
C:\Users\emilt\OneDrive\Skrivebord\ESD_P5\04 Prototype udvikling\3 Antenne\CST Sim\Array\1x4 (Done) Antenna\Result\Model_3.sam
C:\Users\emilt\OneDrive\Skrivebord\ESD_P5\04 Prototype udvikling\3 Antenne\CST Sim\Array\1x4 (Done) Antenna\Result\Model_4.csid
C:\Users\emilt\OneDrive\Skrivebord\ESD_P5\04 Prototype udvikling\3 Antenne\CST Sim\Array\1x4 (Done) Antenna\Result\Model_4.sam
C:\Users\emilt\OneDrive\Skrivebord\ESD_P5\04 Prototype udvikling\3 Antenne\CST Sim\Array\1x4 (Done) Antenna\Result\m^fifx.dsc
C:\Users\emilt\OneDrive\Skrivebord\ESD_P5\04 Prototype udvikling\3 Antenne\CST Sim\Array\1x4 (Done) Antenna\Result\m^fqq.dsc
C:\Users\emilt\OneDrive\Skrivebord\ESD_P5\04 Prototype udvikling\3 Antenne\CST Sim\Array\1x4 (Done) Antenna\Result\Ports.web
C:\Users\emilt\OneDrive\Skrivebord\ESD_P5\04 Prototype udvikling\3 Antenne\CST Sim\Array\1x4 (Done) Antenna\Result\PP-MCalc.log
C:\Users\emilt\OneDrive\Skrivebord\ESD_P5\04 Prototype udvikling\3 Antenne\CST Sim\Array\1x4 (Done) Antenna\Result\PP-Prio.log
C:\Users\emilt\OneDrive\Skrivebord\ESD_P5\04 Prototype udvikling\3 Antenne\CST Sim\Array\1x4 (Done) Antenna\Result\p^a.dsc
C:\Users\emilt\OneDrive\Skrivebord\ESD_P5\04 Prototype udvikling\3 Antenne\CST Sim\Array\1x4 (Done) Antenna\Result\P^m^fb.slog
C:\Users\emilt\OneDrive\Skrivebord\ESD_P5\04 Prototype udvikling\3 Antenne\CST Sim\Array\1x4 (Done) Antenna\Result\P^m^fbqq.slog
C:\Users\emilt\OneDrive\Skrivebord\ESD_P5\04 Prototype udvikling\3 Antenne\CST Sim\Array\1x4 (Done) Antenna\Result\P^m^fqq.slog
C:\Users\emilt\OneDrive\Skrivebord\ESD_P5\04 Prototype udvikling\3 Antenne\CST Sim\Array\1x4 (Done) Antenna\Result\P^p^m.slog
C:\Users\emilt\OneDrive\Skrivebord\ESD_P5\04 Prototype udvikling\3 Antenne\CST Sim\Array\1x4 (Done) Antenna\Result\P^s^pm.slog
C:\Users\emilt\OneDrive\Skrivebord\ESD_P5\04 Prototype udvikling\3 Antenne\CST Sim\Array\1x4 (Done) Antenna\Result\Subvolume.log
Mesh:
C:\Users\emilt\OneDrive\Skrivebord\ESD_P5\04 Prototype udvikling\3 Antenne\CST Sim\Array\1x4 (Done) Antenna\Result\dA.mat
C:\Users\emilt\OneDrive\Skrivebord\ESD_P5\04 Prototype udvikling\3 Antenne\CST Sim\Array\1x4 (Done) Antenna\Result\dad.mat
C:\Users\emilt\OneDrive\Skrivebord\ESD_P5\04 Prototype udvikling\3 Antenne\CST Sim\Array\1x4 (Done) Antenna\Result\ds.mat
C:\Users\emilt\OneDrive\Skrivebord\ESD_P5\04 Prototype udvikling\3 Antenne\CST Sim\Array\1x4 (Done) Antenna\Result\dsd.mat
C:\Users\emilt\OneDrive\Skrivebord\ESD_P5\04 Prototype udvikling\3 Antenne\CST Sim\Array\1x4 (Done) Antenna\Result\dsMCalc.mat
C:\Users\emilt\OneDrive\Skrivebord\ESD_P5\04 Prototype udvikling\3 Antenne\CST Sim\Array\1x4 (Done) Antenna\Result\Eps.mat
C:\Users\emilt\OneDrive\Skrivebord\ESD_P5\04 Prototype udvikling\3 Antenne\CST Sim\Array\1x4 (Done) Antenna\Result\HexMatrix.m2h
C:\Users\emilt\OneDrive\Skrivebord\ESD_P5\04 Prototype udvikling\3 Antenne\CST Sim\Array\1x4 (Done) Antenna\Result\HexMatrix_MCalc.m2h
C:\Users\emilt\OneDrive\Skrivebord\ESD_P5\04 Prototype udvikling\3 Antenne\CST Sim\Array\1x4 (Done) Antenna\Result\Kappa.mat
C:\Users\emilt\OneDrive\Skrivebord\ESD_P5\04 Prototype udvikling\3 Antenne\CST Sim\Array\1x4 (Done) Antenna\Result\MCalc.fmp
C:\Users\emilt\OneDrive\Skrivebord\ESD_P5\04 Prototype udvikling\3 Antenne\CST Sim\Array\1x4 (Done) Antenna\Result\MCalc.xcfd
C:\Users\emilt\OneDrive\Skrivebord\ESD_P5\04 Prototype udvikling\3 Antenne\CST Sim\Array\1x4 (Done) Antenna\Result\MCalcCCS_c.mson
C:\Users\emilt\OneDrive\Skrivebord\ESD_P5\04 Prototype udvikling\3 Antenne\CST Sim\Array\1x4 (Done) Antenna\Result\Meta.m2h
C:\Users\emilt\OneDrive\Skrivebord\ESD_P5\04 Prototype udvikling\3 Antenne\CST Sim\Array\1x4 (Done) Antenna\Result\Meta.mat
C:\Users\emilt\OneDrive\Skrivebord\ESD_P5\04 Prototype udvikling\3 Antenne\CST Sim\Array\1x4 (Done) Antenna\Result\Meta.spi
C:\Users\emilt\OneDrive\Skrivebord\ESD_P5\04 Prototype udvikling\3 Antenne\CST Sim\Array\1x4 (Done) Antenna\Result\Meta.wgi
C:\Users\emilt\OneDrive\Skrivebord\ESD_P5\04 Prototype udvikling\3 Antenne\CST Sim\Array\1x4 (Done) Antenna\Result\Model-fmf.msqlite
C:\Users\emilt\OneDrive\Skrivebord\ESD_P5\04 Prototype udvikling\3 Antenne\CST Sim\Array\1x4 (Done) Antenna\Result\Model.cct
C:\Users\emilt\OneDrive\Skrivebord\ESD_P5\04 Prototype udvikling\3 Antenne\CST Sim\Array\1x4 (Done) Antenna\Result\Model.fmf
C:\Users\emilt\OneDrive\Skrivebord\ESD_P5\04 Prototype udvikling\3 Antenne\CST Sim\Array\1x4 (Done) Antenna\Result\Model.fmm
C:\Users\emilt\OneDrive\Skrivebord\ESD_P5\04 Prototype udvikling\3 Antenne\CST Sim\Array\1x4 (Done) Antenna\Result\Model.fpc
C:\Users\emilt\OneDrive\Skrivebord\ESD_P5\04 Prototype udvikling\3 Antenne\CST Sim\Array\1x4 (Done) Antenna\Result\Model.fwf
C:\Users\emilt\OneDrive\Skrivebord\ESD_P5\04 Prototype udvikling\3 Antenne\CST Sim\Array\1x4 (Done) Antenna\Result\Model.sic
C:\Users\emilt\OneDrive\Skrivebord\ESD_P5\04 Prototype udvikling\3 Antenne\CST Sim\Array\1x4 (Done) Antenna\Result\Model.sid
C:\Users\emilt\OneDrive\Skrivebord\ESD_P5\04 Prototype udvikling\3 Antenne\CST Sim\Array\1x4 (Done) Antenna\Result\Model.spi
C:\Users\emilt\OneDrive\Skrivebord\ESD_P5\04 Prototype udvikling\3 Antenne\CST Sim\Array\1x4 (Done) Antenna\Result\Model.svi
C:\Users\emilt\OneDrive\Skrivebord\ESD_P5\04 Prototype udvikling\3 Antenne\CST Sim\Array\1x4 (Done) Antenna\Result\Model.xcfd
C:\Users\emilt\OneDrive\Skrivebord\ESD_P5\04 Prototype udvikling\3 Antenne\CST Sim\Array\1x4 (Done) Antenna\Result\Mue.mat
C:\Users\emilt\OneDrive\Skrivebord\ESD_P5\04 Prototype udvikling\3 Antenne\CST Sim\Array\1x4 (Done) Antenna\Result\m^fifx.mem
C:\Users\emilt\OneDrive\Skrivebord\ESD_P5\04 Prototype udvikling\3 Antenne\CST Sim\Array\1x4 (Done) Antenna\Result\m^fqq.mem
C:\Users\emilt\OneDrive\Skrivebord\ESD_P5\04 Prototype udvikling\3 Antenne\CST Sim\Array\1x4 (Done) Antenna\Result\p1.spi
C:\Users\emilt\OneDrive\Skrivebord\ESD_P5\04 Prototype udvikling\3 Antenne\CST Sim\Array\1x4 (Done) Antenna\Result\p2.spi
C:\Users\emilt\OneDrive\Skrivebord\ESD_P5\04 Prototype udvikling\3 Antenne\CST Sim\Array\1x4 (Done) Antenna\Result\p3.spi
C:\Users\emilt\OneDrive\Skrivebord\ESD_P5\04 Prototype udvikling\3 Antenne\CST Sim\Array\1x4 (Done) Antenna\Result\p4.spi
C:\Users\emilt\OneDrive\Skrivebord\ESD_P5\04 Prototype udvikling\3 Antenne\CST Sim\Array\1x4 (Done) Antenna\Result\PEC.mat
C:\Users\emilt\OneDrive\Skrivebord\ESD_P5\04 Prototype udvikling\3 Antenne\CST Sim\Array\1x4 (Done) Antenna\Result\Port1.wgi
C:\Users\emilt\OneDrive\Skrivebord\ESD_P5\04 Prototype udvikling\3 Antenne\CST Sim\Array\1x4 (Done) Antenna\Result\Port2.wgi
C:\Users\emilt\OneDrive\Skrivebord\ESD_P5\04 Prototype udvikling\3 Antenne\CST Sim\Array\1x4 (Done) Antenna\Result\Port3.wgi
C:\Users\emilt\OneDrive\Skrivebord\ESD_P5\04 Prototype udvikling\3 Antenne\CST Sim\Array\1x4 (Done) Antenna\Result\Port4.wgi
C:\Users\emilt\OneDrive\Skrivebord\ESD_P5\04 Prototype udvikling\3 Antenne\CST Sim\Array\1x4 (Done) Antenna\Result\p^a.mem
C:\Users\emilt\OneDrive\Skrivebord\ESD_P5\04 Prototype udvikling\3 Antenne\CST Sim\Array\1x4 (Done) Antenna\Result\p^m.mem
C:\Users\emilt\OneDrive\Skrivebord\ESD_P5\04 Prototype udvikling\3 Antenne\CST Sim\Array\1x4 (Done) Antenna\Result\Rho.mat
C:\Users\emilt\OneDrive\Skrivebord\ESD_P5\04 Prototype udvikling\3 Antenne\CST Sim\Array\1x4 (Done) Antenna\Result\S2HMatrix.m2h
C:\Users\emilt\OneDrive\Skrivebord\ESD_P5\04 Prototype udvikling\3 Antenne\CST Sim\Array\1x4 (Done) Antenna\Result\Shapes.con
C:\Users\emilt\OneDrive\Skrivebord\ESD_P5\04 Prototype udvikling\3 Antenne\CST Sim\Array\1x4 (Done) Antenna\Result\s^pm.mem
Port:
C:\Users\emilt\OneDrive\Skrivebord\ESD_P5\04 Prototype udvikling\3 Antenne\CST Sim\Array\1x4 (Done) Antenna\Result\adapt_Port1_e1.prt
C:\Users\emilt\OneDrive\Skrivebord\ESD_P5\04 Prototype udvikling\3 Antenne\CST Sim\Array\1x4 (Done) Antenna\Result\adapt_Port1_e1[2.44175].prt
C:\Users\emilt\OneDrive\Skrivebord\ESD_P5\04 Prototype udvikling\3 Antenne\CST Sim\Array\1x4 (Done) Antenna\Result\adapt_Port1_h1.prt
C:\Users\emilt\OneDrive\Skrivebord\ESD_P5\04 Prototype udvikling\3 Antenne\CST Sim\Array\1x4 (Done) Antenna\Result\adapt_Port1_h1[2.44175].prt
C:\Users\emilt\OneDrive\Skrivebord\ESD_P5\04 Prototype udvikling\3 Antenne\CST Sim\Array\1x4 (Done) Antenna\Result\adapt_Port2_e1.prt
C:\Users\emilt\OneDrive\Skrivebord\ESD_P5\04 Prototype udvikling\3 Antenne\CST Sim\Array\1x4 (Done) Antenna\Result\adapt_Port2_e1[2.44175].prt
C:\Users\emilt\OneDrive\Skrivebord\ESD_P5\04 Prototype udvikling\3 Antenne\CST Sim\Array\1x4 (Done) Antenna\Result\adapt_Port2_h1.prt
C:\Users\emilt\OneDrive\Skrivebord\ESD_P5\04 Prototype udvikling\3 Antenne\CST Sim\Array\1x4 (Done) Antenna\Result\adapt_Port2_h1[2.44175].prt
C:\Users\emilt\OneDrive\Skrivebord\ESD_P5\04 Prototype udvikling\3 Antenne\CST Sim\Array\1x4 (Done) Antenna\Result\adapt_Port3_e1.prt
C:\Users\emilt\OneDrive\Skrivebord\ESD_P5\04 Prototype udvikling\3 Antenne\CST Sim\Array\1x4 (Done) Antenna\Result\adapt_Port3_e1[2.44175].prt
C:\Users\emilt\OneDrive\Skrivebord\ESD_P5\04 Prototype udvikling\3 Antenne\CST Sim\Array\1x4 (Done) Antenna\Result\adapt_Port3_h1.prt
C:\Users\emilt\OneDrive\Skrivebord\ESD_P5\04 Prototype udvikling\3 Antenne\CST Sim\Array\1x4 (Done) Antenna\Result\adapt_Port3_h1[2.44175].prt
C:\Users\emilt\OneDrive\Skrivebord\ESD_P5\04 Prototype udvikling\3 Antenne\CST Sim\Array\1x4 (Done) Antenna\Result\adapt_Port4_e1.prt
C:\Users\emilt\OneDrive\Skrivebord\ESD_P5\04 Prototype udvikling\3 Antenne\CST Sim\Array\1x4 (Done) Antenna\Result\adapt_Port4_e1[2.44175].prt
C:\Users\emilt\OneDrive\Skrivebord\ESD_P5\04 Prototype udvikling\3 Antenne\CST Sim\Array\1x4 (Done) Antenna\Result\adapt_Port4_h1.prt
C:\Users\emilt\OneDrive\Skrivebord\ESD_P5\04 Prototype udvikling\3 Antenne\CST Sim\Array\1x4 (Done) Antenna\Result\adapt_Port4_h1[2.44175].prt
C:\Users\emilt\OneDrive\Skrivebord\ESD_P5\04 Prototype udvikling\3 Antenne\CST Sim\Array\1x4 (Done) Antenna\Result\Model.pmi
C:\Users\emilt\OneDrive\Skrivebord\ESD_P5\04 Prototype udvikling\3 Antenne\CST Sim\Array\1x4 (Done) Antenna\Result\Port1_1[2.44175].m2d
C:\Users\emilt\OneDrive\Skrivebord\ESD_P5\04 Prototype udvikling\3 Antenne\CST Sim\Array\1x4 (Done) Antenna\Result\Port1_drv.m2d
C:\Users\emilt\OneDrive\Skrivebord\ESD_P5\04 Prototype udvikling\3 Antenne\CST Sim\Array\1x4 (Done) Antenna\Result\Port1_e1.prt
C:\Users\emilt\OneDrive\Skrivebord\ESD_P5\04 Prototype udvikling\3 Antenne\CST Sim\Array\1x4 (Done) Antenna\Result\Port1_e1[2.44175].prt
C:\Users\emilt\OneDrive\Skrivebord\ESD_P5\04 Prototype udvikling\3 Antenne\CST Sim\Array\1x4 (Done) Antenna\Result\Port1_h1.prt
C:\Users\emilt\OneDrive\Skrivebord\ESD_P5\04 Prototype udvikling\3 Antenne\CST Sim\Array\1x4 (Done) Antenna\Result\Port1_h1[2.44175].prt
C:\Users\emilt\OneDrive\Skrivebord\ESD_P5\04 Prototype udvikling\3 Antenne\CST Sim\Array\1x4 (Done) Antenna\Result\Port2_1[2.44175].m2d
C:\Users\emilt\OneDrive\Skrivebord\ESD_P5\04 Prototype udvikling\3 Antenne\CST Sim\Array\1x4 (Done) Antenna\Result\Port2_drv.m2d
C:\Users\emilt\OneDrive\Skrivebord\ESD_P5\04 Prototype udvikling\3 Antenne\CST Sim\Array\1x4 (Done) Antenna\Result\Port2_e1.prt
C:\Users\emilt\OneDrive\Skrivebord\ESD_P5\04 Prototype udvikling\3 Antenne\CST Sim\Array\1x4 (Done) Antenna\Result\Port2_e1[2.44175].prt
C:\Users\emilt\OneDrive\Skrivebord\ESD_P5\04 Prototype udvikling\3 Antenne\CST Sim\Array\1x4 (Done) Antenna\Result\Port2_h1.prt
C:\Users\emilt\OneDrive\Skrivebord\ESD_P5\04 Prototype udvikling\3 Antenne\CST Sim\Array\1x4 (Done) Antenna\Result\Port2_h1[2.44175].prt
C:\Users\emilt\OneDrive\Skrivebord\ESD_P5\04 Prototype udvikling\3 Antenne\CST Sim\Array\1x4 (Done) Antenna\Result\Port3_1[2.44175].m2d
C:\Users\emilt\OneDrive\Skrivebord\ESD_P5\04 Prototype udvikling\3 Antenne\CST Sim\Array\1x4 (Done) Antenna\Result\Port3_drv.m2d
C:\Users\emilt\OneDrive\Skrivebord\ESD_P5\04 Prototype udvikling\3 Antenne\CST Sim\Array\1x4 (Done) Antenna\Result\Port3_e1.prt
C:\Users\emilt\OneDrive\Skrivebord\ESD_P5\04 Prototype udvikling\3 Antenne\CST Sim\Array\1x4 (Done) Antenna\Result\Port3_e1[2.44175].prt
C:\Users\emilt\OneDrive\Skrivebord\ESD_P5\04 Prototype udvikling\3 Antenne\CST Sim\Array\1x4 (Done) Antenna\Result\Port3_h1.prt
C:\Users\emilt\OneDrive\Skrivebord\ESD_P5\04 Prototype udvikling\3 Antenne\CST Sim\Array\1x4 (Done) Antenna\Result\Port3_h1[2.44175].prt
C:\Users\emilt\OneDrive\Skrivebord\ESD_P5\04 Prototype udvikling\3 Antenne\CST Sim\Array\1x4 (Done) Antenna\Result\Port4_1[2.44175].m2d
C:\Users\emilt\OneDrive\Skrivebord\ESD_P5\04 Prototype udvikling\3 Antenne\CST Sim\Array\1x4 (Done) Antenna\Result\Port4_drv.m2d
C:\Users\emilt\OneDrive\Skrivebord\ESD_P5\04 Prototype udvikling\3 Antenne\CST Sim\Array\1x4 (Done) Antenna\Result\Port4_e1.prt
C:\Users\emilt\OneDrive\Skrivebord\ESD_P5\04 Prototype udvikling\3 Antenne\CST Sim\Array\1x4 (Done) Antenna\Result\Port4_e1[2.44175].prt
C:\Users\emilt\OneDrive\Skrivebord\ESD_P5\04 Prototype udvikling\3 Antenne\CST Sim\Array\1x4 (Done) Antenna\Result\Port4_h1.prt
C:\Users\emilt\OneDrive\Skrivebord\ESD_P5\04 Prototype udvikling\3 Antenne\CST Sim\Array\1x4 (Done) Antenna\Result\Port4_h1[2.44175].prt
