2025-10-16 15:36:27   Build version: 2025.4 Release from 2025-04-11 (change 1409410)

2025-10-16 15:36:27   Starting adaptive port meshing.

                      ------------------------------------------------------------------------------
2025-10-16 15:36:27   Mode calculation for port 1:

                      ------------------------------------------------------------------------------
2025-10-16 15:36:27   According to the selected features the <Time Domain Solver (HEX)> will be
                      started.

                      ------------------------------------------------------------------------------
2025-10-16 15:36:27   

                      ------------------------------------------------------------------------------
2025-10-16 15:36:27   

                      ------------------------------------------------------------------------------
2025-10-16 15:36:32   Using Generalized port mode solver.

                      ------------------------------------------------------------------------------
2025-10-16 15:36:32   Using electric shielding for port 1.

                      ------------------------------------------------------------------------------
2025-10-16 15:36:32   Port mode solver: Detected dispersive material(s) at port 1. 
                      Using a constant approximation of dispersive material(s) at 2.4 GHz and neglecting loss terms.  More...

                      ------------------------------------------------------------------------------
2025-10-16 15:36:33     -------------------------------- F-Calc 2.4 --------------------------------
                        Port   Mode   Type        Z-Wave        Z-Wave-Sigma  Z-Line        F-Cutoff
                        1      1      QTEM        209           0             59            ---
                        ----------------------------------------------------------------------------

2025-10-16 15:36:34   Pass 1 successfully completed. 
2025-10-16 15:36:34   According to the selected features the <Time Domain Solver (HEX)> will be
                      started.

                      ------------------------------------------------------------------------------
2025-10-16 15:36:34   

                      ------------------------------------------------------------------------------
2025-10-16 15:36:34   

                      ------------------------------------------------------------------------------
2025-10-16 15:36:41     -------------------------------- F-Calc 2.4 --------------------------------
                        Port   Mode   Type        Z-Wave        Z-Wave-Sigma  Z-Line        F-Cutoff
                        1      1      QTEM        212           0             61.9          ---
                        ----------------------------------------------------------------------------

2025-10-16 15:36:43   Pass 2 successfully completed. Delta (Line Imp.): 4.57%
2025-10-16 15:36:43   According to the selected features the <Time Domain Solver (HEX)> will be
                      started.

                      ------------------------------------------------------------------------------
2025-10-16 15:36:43   

                      ------------------------------------------------------------------------------
2025-10-16 15:36:43   

                      ------------------------------------------------------------------------------
2025-10-16 15:36:48     -------------------------------- F-Calc 2.4 --------------------------------
                        Port   Mode   Type        Z-Wave        Z-Wave-Sigma  Z-Line        F-Cutoff
                        1      1      QTEM        247           6.43e-007     61.6          ---
                        ----------------------------------------------------------------------------

2025-10-16 15:36:50   Pass 3 successfully completed. Delta (Line Imp.): 0.34%
2025-10-16 15:36:50   According to the selected features the <Time Domain Solver (HEX)> will be
                      started.

                      ------------------------------------------------------------------------------
2025-10-16 15:36:50   

                      ------------------------------------------------------------------------------
2025-10-16 15:36:50   

                      ------------------------------------------------------------------------------
2025-10-16 15:36:56     -------------------------------- F-Calc 2.4 --------------------------------
                        Port   Mode   Type        Z-Wave        Z-Wave-Sigma  Z-Line        F-Cutoff
                        1      1      QTEM        250           8.11e-008     61.7          ---
                        ----------------------------------------------------------------------------

2025-10-16 15:36:57   Pass 4 successfully completed. Delta (Line Imp.): 0.01%
2025-10-16 15:36:57   Adaptive port meshing finished. 

                      ------------------------------------------------------------------------------
2025-10-16 15:37:00   The following farfield monitor(s) have been adjusted to model box [-61.8573,
                      61.8573, -50.8884, 46.1068, -5.31622, 14.8949]:
                        farfield (f=2.4417).
                      For further information please check the page "Special Solver Parameters -
                      Solver" in the Online Help.

                      ------------------------------------------------------------------------------
2025-10-16 15:37:00   According to the selected features the <Time Domain Solver (HEX)> will be
                      started.

                      ------------------------------------------------------------------------------
2025-10-16 15:37:00   
                      Solver started at: 2025-10-16 15:37:00 +0200

                        Module:  Time Domain: S-Parameter (Win 64)
                        Version: 2025.4 Release from 2025-04-11 (change 1409410)

2025-10-16 15:37:00   

                      ------------------------------------------------------------------------------
2025-10-16 15:37:00   

                      ------------------------------------------------------------------------------
2025-10-16 15:37:00   ======================================================================
                       Solver cycle: 1
                      ======================================================================

                      Stimulation at port 1 (mode 1) 



                      ------------------------------------------------------------------------------
2025-10-16 15:37:01   Units settings: 

                        Dimensions: mm
                        Frequency:  GHz
                        Time:       ns

                      ------------------------------------------------------------------------------
2025-10-16 15:37:01   The dispersive material update [Automatic] will be performed using the "Standard" update schema

                      ------------------------------------------------------------------------------
2025-10-16 15:37:14   Mesh statistics:

                         Hexahedral mesh type: Perfect Boundary Approximation (PBA)
                            Version: default

                         Parallelization type: domain decomposition
                            Number of parallel working threads: 2
                            Number of calculation domains used: 2

                         Used point accuracy enhancement value: 75.00%.
                         Acceleration mode: CPU
                         PBA fill limit: 99.00% (inverse)
                         Used point accuracy enhancement value: 74.00%.

2025-10-16 15:37:18   Using Generalized port mode solver.

                      ------------------------------------------------------------------------------
2025-10-16 15:37:18   Using electric shielding for port 1.

                      ------------------------------------------------------------------------------
2025-10-16 15:37:20   Port mode solver: Detected dispersive material(s) at port 1. 
                      Using a constant approximation of dispersive material(s) at 2.4 GHz and neglecting loss terms.  More...

                      ------------------------------------------------------------------------------
2025-10-16 15:37:21   Boundary conditions: 

                        YZsymmetry: none
                        XZsymmetry: none
                        XYsymmetry: none

                        Xmin: expanded open, 4 Layer, depth 32.695 mm
                        Xmax: expanded open, 4 Layer, depth 32.695 mm

                        Ymin: expanded open, 4 Layer, depth 32.927 mm
                        Ymax: expanded open, 4 Layer, depth 32.641 mm

                        Zmin: expanded open, 4 Layer, depth 32.7727 mm
                        Zmax: expanded open, 4 Layer, depth 39.486 mm

                        PML-Type: Convolution PML

                      ------------------------------------------------------------------------------
2025-10-16 15:37:21   Frequency settings: 

                        Fmin:         2.2
                        Fmax:         2.6
                        Nfsteps(lin): 1001

                      ------------------------------------------------------------------------------
2025-10-16 15:37:22   Field update statistics:

                        Number of components in total: 	350555
                        Number of TST and special elements:	228
                        Number of lossy metal components:	8316
                        Number of disp. elements:		4602

                      Subcycling state:      			Automatically deactivated

                      ------------------------------------------------------------------------------
2025-10-16 15:37:23   Waveguide boundaries:

2025-10-16 15:37:23   Port: 1

2025-10-16 15:37:23     -------------------------------- F-Calc 2.4 --------------------------------
                        Port   Mode   Type        Z-Wave        Z-Wave-Sigma  Z-Line        F-Cutoff
                        1      1      QTEM        209           0             61.7          ---
                        ----------------------------------------------------------------------------

2025-10-16 15:37:24   Using standard absorber for unconsidered modes at port 1.

                      ------------------------------------------------------------------------------
2025-10-16 15:37:57   
                      --------------------------------------------------------------------------------
2025-10-16 15:37:57   Steady state energy criterion met, solver finished successfully.

                      ------------------------------------------------------------------------------
2025-10-16 15:37:57   Frequency domain results normalized to default signal.


                      ------------------------------------------------------------------------------
2025-10-16 15:37:57   
                        ----------------------------------------------------------------------------
                                            Peak memory used (kB)         Free physical memory (kB) 
                                                                          At begin     Minimum      
                        ----------------------------------------------------------------------------
                        Matrices calc.      143340                        1989257      1206054      
                        Solver run total    74904                         3074808      2842276      
                        ----------------------------------------------------------------------------

                      --------------------------------------------------------------------------------
                      Solver Statistics:

                        Hardware:
                           Computer name:                 	Heu 

                           Number of CPU threads:               4
                           Hardware info:                  	Hardware Accelerator Device not activated

                        Number of mesh cells:             	55836
                        Excitation duration:              	1.77727437e+001 ns 
                        Calculation time for excitation:  	0 	s
                        Number of calculated pulse widths:	1.18492 
                        Steady state accuracy limit:      	-40	dB 
                        Simulated number of time steps:   	8300 
                        Maximum number of time steps:     	140094 
                        Time step width:
                           without subcycles:             	2.537253197e-003 ns
                           used:                          	2.537253197e-003 ns

                        Matrix calculation time:          	13 	s
                        Solver setup time:                	17 	s
                        Solver loop time:                 	22 	s
                        Solver post-processing time:      	2 	s
                                                          	------------
                        Total solver time:                	54 	s

                      ------------------------------------------------------------------------------
2025-10-16 15:37:58   
                        Adaptive port meshing time:          	32     	s
                        Total solver time (all cycles):      	54     	s
                        Solver initialization and clean-up:  	3      	s
                                                             	------------
                        Total simulation time:               	89     	s  ( = 0 h, 1 m, 29 s )

                      ------------------------------------------------------------------------------
2025-10-16 15:37:58   Solver finished at: 2025-10-16 15:37:58 +0200



                      ------------------------------------------------------------------------------
2025-10-16 15:38:01   Creating parametric 1D results for Run ID 5

                      ------------------------------------------------------------------------------
