2025-10-13 15:14:02   Build version: 2025.4 Release from 2025-04-11 (change 1409410)

2025-10-13 15:14:02   Starting adaptive port meshing.

                      ------------------------------------------------------------------------------
2025-10-13 15:14:02   Mode calculation for port 1:

                      ------------------------------------------------------------------------------
2025-10-13 15:14:02   According to the selected features the <Time Domain Solver (HEX)> will be
                      started.

                      ------------------------------------------------------------------------------
2025-10-13 15:14:02   

                      ------------------------------------------------------------------------------
2025-10-13 15:14:02   

                      ------------------------------------------------------------------------------
2025-10-13 15:14:11   Using Generalized port mode solver.

                      ------------------------------------------------------------------------------
2025-10-13 15:14:11   Using electric shielding for port 1.

                      ------------------------------------------------------------------------------
2025-10-13 15:14:14   Port mode solver: Detected dispersive material(s) at port 1. 
                      Using a constant approximation of dispersive material(s) at 2.44175 GHz and neglecting loss terms.  More...

                      ------------------------------------------------------------------------------
2025-10-13 15:14:17     ------------------------------- F-Calc 2.44 --------------------------------
                        Port   Mode   Type        Z-Wave        Z-Wave-Sigma  Z-Line        F-Cutoff
                        1      1      QTEM        201           0             48.6          ---
                        ----------------------------------------------------------------------------

2025-10-13 15:14:22   Pass 1 successfully completed. 
2025-10-13 15:14:22   According to the selected features the <Time Domain Solver (HEX)> will be
                      started.

                      ------------------------------------------------------------------------------
2025-10-13 15:14:22   

                      ------------------------------------------------------------------------------
2025-10-13 15:14:22   

                      ------------------------------------------------------------------------------
2025-10-13 15:14:37     ------------------------------- F-Calc 2.44 --------------------------------
                        Port   Mode   Type        Z-Wave        Z-Wave-Sigma  Z-Line        F-Cutoff
                        1      1      QTEM        200           0             52.2          ---
                        ----------------------------------------------------------------------------

2025-10-13 15:14:42   Pass 2 successfully completed. Delta (Line Imp.): 6.99%
2025-10-13 15:14:42   According to the selected features the <Time Domain Solver (HEX)> will be
                      started.

                      ------------------------------------------------------------------------------
2025-10-13 15:14:42   

                      ------------------------------------------------------------------------------
2025-10-13 15:14:42   

                      ------------------------------------------------------------------------------
2025-10-13 15:14:57     ------------------------------- F-Calc 2.44 --------------------------------
                        Port   Mode   Type        Z-Wave        Z-Wave-Sigma  Z-Line        F-Cutoff
                        1      1      QTEM        235           3.99e-007     53.7          ---
                        ----------------------------------------------------------------------------

2025-10-13 15:15:02   Pass 3 successfully completed. Delta (Line Imp.): 2.79%
2025-10-13 15:15:02   According to the selected features the <Time Domain Solver (HEX)> will be
                      started.

                      ------------------------------------------------------------------------------
2025-10-13 15:15:02   

                      ------------------------------------------------------------------------------
2025-10-13 15:15:02   

                      ------------------------------------------------------------------------------
2025-10-13 15:15:17     ------------------------------- F-Calc 2.44 --------------------------------
                        Port   Mode   Type        Z-Wave        Z-Wave-Sigma  Z-Line        F-Cutoff
                        1      1      QTEM        241           3.83e-008     53.5          ---
                        ----------------------------------------------------------------------------

2025-10-13 15:15:22   Pass 4 successfully completed. Delta (Line Imp.): 0.44%
2025-10-13 15:15:22   Mode calculation for port 2:

                      ------------------------------------------------------------------------------
2025-10-13 15:15:22   According to the selected features the <Time Domain Solver (HEX)> will be
                      started.

                      ------------------------------------------------------------------------------
2025-10-13 15:15:22   

                      ------------------------------------------------------------------------------
2025-10-13 15:15:22   

                      ------------------------------------------------------------------------------
2025-10-13 15:15:31   Using Generalized port mode solver.

                      ------------------------------------------------------------------------------
2025-10-13 15:15:31   Using electric shielding for port 2.

                      ------------------------------------------------------------------------------
2025-10-13 15:15:34   Port mode solver: Detected dispersive material(s) at port 2. 
                      Using a constant approximation of dispersive material(s) at 2.44175 GHz and neglecting loss terms.  More...

                      ------------------------------------------------------------------------------
2025-10-13 15:15:37     ------------------------------- F-Calc 2.44 --------------------------------
                        Port   Mode   Type        Z-Wave        Z-Wave-Sigma  Z-Line        F-Cutoff
                        2      1      QTEM        201           0             48.6          ---
                        ----------------------------------------------------------------------------

2025-10-13 15:15:42   Pass 1 successfully completed. 
2025-10-13 15:15:42   According to the selected features the <Time Domain Solver (HEX)> will be
                      started.

                      ------------------------------------------------------------------------------
2025-10-13 15:15:42   

                      ------------------------------------------------------------------------------
2025-10-13 15:15:42   

                      ------------------------------------------------------------------------------
2025-10-13 15:15:57     ------------------------------- F-Calc 2.44 --------------------------------
                        Port   Mode   Type        Z-Wave        Z-Wave-Sigma  Z-Line        F-Cutoff
                        2      1      QTEM        200           0             52.2          ---
                        ----------------------------------------------------------------------------

2025-10-13 15:16:02   Pass 2 successfully completed. Delta (Line Imp.): 6.99%
2025-10-13 15:16:02   According to the selected features the <Time Domain Solver (HEX)> will be
                      started.

                      ------------------------------------------------------------------------------
2025-10-13 15:16:03   

                      ------------------------------------------------------------------------------
2025-10-13 15:16:03   

                      ------------------------------------------------------------------------------
2025-10-13 15:16:18     ------------------------------- F-Calc 2.44 --------------------------------
                        Port   Mode   Type        Z-Wave        Z-Wave-Sigma  Z-Line        F-Cutoff
                        2      1      QTEM        235           3.99e-007     53.7          ---
                        ----------------------------------------------------------------------------

2025-10-13 15:16:24   Pass 3 successfully completed. Delta (Line Imp.): 2.79%
2025-10-13 15:16:24   According to the selected features the <Time Domain Solver (HEX)> will be
                      started.

                      ------------------------------------------------------------------------------
2025-10-13 15:16:24   

                      ------------------------------------------------------------------------------
2025-10-13 15:16:24   

                      ------------------------------------------------------------------------------
2025-10-13 15:16:40     ------------------------------- F-Calc 2.44 --------------------------------
                        Port   Mode   Type        Z-Wave        Z-Wave-Sigma  Z-Line        F-Cutoff
                        2      1      QTEM        241           3.84e-008     53.5          ---
                        ----------------------------------------------------------------------------

2025-10-13 15:16:45   Pass 4 successfully completed. Delta (Line Imp.): 0.44%
2025-10-13 15:16:45   Mode calculation for port 3:

                      ------------------------------------------------------------------------------
2025-10-13 15:16:45   According to the selected features the <Time Domain Solver (HEX)> will be
                      started.

                      ------------------------------------------------------------------------------
2025-10-13 15:16:45   

                      ------------------------------------------------------------------------------
2025-10-13 15:16:45   

                      ------------------------------------------------------------------------------
2025-10-13 15:16:54   Using Generalized port mode solver.

                      ------------------------------------------------------------------------------
2025-10-13 15:16:54   Using electric shielding for port 3.

                      ------------------------------------------------------------------------------
2025-10-13 15:16:57   Port mode solver: Detected dispersive material(s) at port 3. 
                      Using a constant approximation of dispersive material(s) at 2.44175 GHz and neglecting loss terms.  More...

                      ------------------------------------------------------------------------------
2025-10-13 15:17:00     ------------------------------- F-Calc 2.44 --------------------------------
                        Port   Mode   Type        Z-Wave        Z-Wave-Sigma  Z-Line        F-Cutoff
                        3      1      QTEM        201           0             48.6          ---
                        ----------------------------------------------------------------------------

2025-10-13 15:17:05   Pass 1 successfully completed. 
2025-10-13 15:17:05   According to the selected features the <Time Domain Solver (HEX)> will be
                      started.

                      ------------------------------------------------------------------------------
2025-10-13 15:17:05   

                      ------------------------------------------------------------------------------
2025-10-13 15:17:05   

                      ------------------------------------------------------------------------------
2025-10-13 15:17:21     ------------------------------- F-Calc 2.44 --------------------------------
                        Port   Mode   Type        Z-Wave        Z-Wave-Sigma  Z-Line        F-Cutoff
                        3      1      QTEM        200           0             52.2          ---
                        ----------------------------------------------------------------------------

2025-10-13 15:17:26   Pass 2 successfully completed. Delta (Line Imp.): 6.99%
2025-10-13 15:17:26   According to the selected features the <Time Domain Solver (HEX)> will be
                      started.

                      ------------------------------------------------------------------------------
2025-10-13 15:17:26   

                      ------------------------------------------------------------------------------
2025-10-13 15:17:26   

                      ------------------------------------------------------------------------------
2025-10-13 15:17:42     ------------------------------- F-Calc 2.44 --------------------------------
                        Port   Mode   Type        Z-Wave        Z-Wave-Sigma  Z-Line        F-Cutoff
                        3      1      QTEM        235           3.99e-007     53.7          ---
                        ----------------------------------------------------------------------------

2025-10-13 15:17:47   Pass 3 successfully completed. Delta (Line Imp.): 2.79%
2025-10-13 15:17:47   According to the selected features the <Time Domain Solver (HEX)> will be
                      started.

                      ------------------------------------------------------------------------------
2025-10-13 15:17:48   

                      ------------------------------------------------------------------------------
2025-10-13 15:17:48   

                      ------------------------------------------------------------------------------
2025-10-13 15:18:03     ------------------------------- F-Calc 2.44 --------------------------------
                        Port   Mode   Type        Z-Wave        Z-Wave-Sigma  Z-Line        F-Cutoff
                        3      1      QTEM        241           3.84e-008     53.5          ---
                        ----------------------------------------------------------------------------

2025-10-13 15:18:09   Pass 4 successfully completed. Delta (Line Imp.): 0.44%
2025-10-13 15:18:09   Mode calculation for port 4:

                      ------------------------------------------------------------------------------
2025-10-13 15:18:09   According to the selected features the <Time Domain Solver (HEX)> will be
                      started.

                      ------------------------------------------------------------------------------
2025-10-13 15:18:09   

                      ------------------------------------------------------------------------------
2025-10-13 15:18:09   

                      ------------------------------------------------------------------------------
2025-10-13 15:18:18   Using Generalized port mode solver.

                      ------------------------------------------------------------------------------
2025-10-13 15:18:18   Using electric shielding for port 4.

                      ------------------------------------------------------------------------------
2025-10-13 15:18:21   Port mode solver: Detected dispersive material(s) at port 4. 
                      Using a constant approximation of dispersive material(s) at 2.44175 GHz and neglecting loss terms.  More...

                      ------------------------------------------------------------------------------
2025-10-13 15:18:24     ------------------------------- F-Calc 2.44 --------------------------------
                        Port   Mode   Type        Z-Wave        Z-Wave-Sigma  Z-Line        F-Cutoff
                        4      1      QTEM        201           0             48.6          ---
                        ----------------------------------------------------------------------------

2025-10-13 15:18:29   Pass 1 successfully completed. 
2025-10-13 15:18:29   According to the selected features the <Time Domain Solver (HEX)> will be
                      started.

                      ------------------------------------------------------------------------------
2025-10-13 15:18:29   

                      ------------------------------------------------------------------------------
2025-10-13 15:18:29   

                      ------------------------------------------------------------------------------
2025-10-13 15:18:45     ------------------------------- F-Calc 2.44 --------------------------------
                        Port   Mode   Type        Z-Wave        Z-Wave-Sigma  Z-Line        F-Cutoff
                        4      1      QTEM        200           0             52.2          ---
                        ----------------------------------------------------------------------------

2025-10-13 15:18:50   Pass 2 successfully completed. Delta (Line Imp.): 6.99%
2025-10-13 15:18:50   According to the selected features the <Time Domain Solver (HEX)> will be
                      started.

                      ------------------------------------------------------------------------------
2025-10-13 15:18:50   

                      ------------------------------------------------------------------------------
2025-10-13 15:18:50   

                      ------------------------------------------------------------------------------
2025-10-13 15:19:06     ------------------------------- F-Calc 2.44 --------------------------------
                        Port   Mode   Type        Z-Wave        Z-Wave-Sigma  Z-Line        F-Cutoff
                        4      1      QTEM        235           3.99e-007     53.7          ---
                        ----------------------------------------------------------------------------

2025-10-13 15:19:11   Pass 3 successfully completed. Delta (Line Imp.): 2.79%
2025-10-13 15:19:11   According to the selected features the <Time Domain Solver (HEX)> will be
                      started.

                      ------------------------------------------------------------------------------
2025-10-13 15:19:11   

                      ------------------------------------------------------------------------------
2025-10-13 15:19:11   

                      ------------------------------------------------------------------------------
2025-10-13 15:19:27     ------------------------------- F-Calc 2.44 --------------------------------
                        Port   Mode   Type        Z-Wave        Z-Wave-Sigma  Z-Line        F-Cutoff
                        4      1      QTEM        241           3.84e-008     53.5          ---
                        ----------------------------------------------------------------------------

2025-10-13 15:19:32   Pass 4 successfully completed. Delta (Line Imp.): 0.44%
2025-10-13 15:19:32   Adaptive port meshing finished. 

                      ------------------------------------------------------------------------------
2025-10-13 15:19:33   The following farfield monitor(s) have been adjusted to model box [-85.536,
                      576.736, -61.413, 44.6193, -7.51846, 11.779]:
                        farfield (f=2.4417).
                      For further information please check the page "Special Solver Parameters -
                      Solver" in the Online Help.

                      ------------------------------------------------------------------------------
2025-10-13 15:19:33   According to the selected features the <Time Domain Solver (HEX)> will be
                      started.

                      ------------------------------------------------------------------------------
2025-10-13 15:19:33   
                      Solver started at: 2025-10-13 15:19:33 +0200

                        Module:  Time Domain: S-Parameter (Win 64)
                        Version: 2025.4 Release from 2025-04-11 (change 1409410)

2025-10-13 15:19:33   

                      ------------------------------------------------------------------------------
2025-10-13 15:19:33   

                      ------------------------------------------------------------------------------
2025-10-13 15:19:33   ======================================================================
                       Solver cycle: 1
                      ======================================================================

                      Stimulation at port 1 (mode 1) 



                      ------------------------------------------------------------------------------
2025-10-13 15:19:33   Units settings: 

                        Dimensions: mm
                        Frequency:  GHz
                        Time:       ns

                      ------------------------------------------------------------------------------
2025-10-13 15:19:33   The dispersive material update [Automatic] will be performed using the "Standard" update schema

                      ------------------------------------------------------------------------------
2025-10-13 15:19:50   Mesh statistics:

                         Hexahedral mesh type: Perfect Boundary Approximation (PBA)
                            Version: default

                         Parallelization type: domain decomposition
                            Number of parallel working threads: 2
                            Number of calculation domains used: 2

                         Used point accuracy enhancement value: 75.00%.
                         Acceleration mode: CPU
2025-10-13 13:50:06      current system memory usage reached 50%
2025-10-13 13:52:18      current system memory usage reached 60%
2025-10-13 13:53:23      current system memory usage reached 60%
                         Used point accuracy enhancement value: 74.00%.
                         PBA fill limit: 99.00% (inverse)
2025-10-13 14:50:17      current system memory usage reached 75%

2025-10-13 15:19:56   Using Generalized port mode solver.

                      ------------------------------------------------------------------------------
2025-10-13 15:19:56   Using electric shielding for port 1, 2, 3, 4.

                      ------------------------------------------------------------------------------
2025-10-13 15:19:57   Port mode solver: Detected dispersive material(s) at port 1, 2, 3, 4. 
                      Using a constant approximation of dispersive material(s) at 2.44175 GHz and neglecting loss terms.  More...

                      ------------------------------------------------------------------------------
2025-10-13 15:19:58   Boundary conditions: 

                        YZsymmetry: none
                        XZsymmetry: none
                        XYsymmetry: none

                        Xmin: expanded open, 4 Layer, depth 33.8176 mm
                        Xmax: expanded open, 4 Layer, depth 33.8176 mm

                        Ymin: expanded open, 4 Layer, depth 40.9259 mm
                        Ymax: expanded open, 4 Layer, depth 33.8176 mm

                        Zmin: expanded open, 4 Layer, depth 38.8407 mm
                        Zmax: expanded open, 4 Layer, depth 31.932 mm

                        PML-Type: Convolution PML

                      ------------------------------------------------------------------------------
2025-10-13 15:19:58   Frequency settings: 

                        Fmin:         2.3
                        Fmax:         2.5835
                        Nfsteps(lin): 1001

                      ------------------------------------------------------------------------------
2025-10-13 15:19:58   Field update statistics:

                        Number of components in total: 	381999
                        Number of TST and special elements:	7144
                        Number of lossy metal components:	11368
                        Number of disp. elements:		9446

                      Subcycling state:      			Automatically deactivated

                      ------------------------------------------------------------------------------
2025-10-13 15:19:59   Waveguide boundaries:

2025-10-13 15:19:59   Port: 1

2025-10-13 15:19:59     ------------------------------- F-Calc 2.44 --------------------------------
                        Port   Mode   Type        Z-Wave        Z-Wave-Sigma  Z-Line        F-Cutoff
                        1      1      QTEM        201           0             53.5          ---
                        ----------------------------------------------------------------------------

2025-10-13 15:19:59   Port: 2

2025-10-13 15:19:59     ------------------------------- F-Calc 2.44 --------------------------------
                        Port   Mode   Type        Z-Wave        Z-Wave-Sigma  Z-Line        F-Cutoff
                        2      1      QTEM        201           0             53.5          ---
                        ----------------------------------------------------------------------------

2025-10-13 15:19:59   Port: 3

2025-10-13 15:19:59     ------------------------------- F-Calc 2.44 --------------------------------
                        Port   Mode   Type        Z-Wave        Z-Wave-Sigma  Z-Line        F-Cutoff
                        3      1      QTEM        201           0             53.5          ---
                        ----------------------------------------------------------------------------

2025-10-13 15:19:59   Port: 4

2025-10-13 15:19:59     ------------------------------- F-Calc 2.44 --------------------------------
                        Port   Mode   Type        Z-Wave        Z-Wave-Sigma  Z-Line        F-Cutoff
                        4      1      QTEM        201           0             53.5          ---
                        ----------------------------------------------------------------------------

2025-10-13 15:20:01   Using standard absorber for unconsidered modes at port 1.

                      ------------------------------------------------------------------------------
2025-10-13 15:20:01   Using standard absorber for unconsidered modes at port 2.

                      ------------------------------------------------------------------------------
2025-10-13 15:20:01   Using standard absorber for unconsidered modes at port 3.

                      ------------------------------------------------------------------------------
2025-10-13 15:20:01   Using standard absorber for unconsidered modes at port 4.

                      ------------------------------------------------------------------------------
2025-10-13 15:21:38   
                      --------------------------------------------------------------------------------
2025-10-13 15:21:38   Steady state energy criterion met, solver finished successfully.

                      ------------------------------------------------------------------------------
2025-10-13 15:21:38   Frequency domain results normalized to default signal.


                      ------------------------------------------------------------------------------
2025-10-13 15:21:38   
                        ----------------------------------------------------------------------------
                                            Peak memory used (kB)         Free physical memory (kB) 
                                                                          At begin     Minimum      
                        ----------------------------------------------------------------------------
                        Matrices calc.      170898                        7251953      4314453      
                        Solver run total    90796                         5106260      4880164      
                        ----------------------------------------------------------------------------

                      --------------------------------------------------------------------------------
                      Solver Statistics:

                        Hardware:
                           Computer name:                 	Heu 

                           Number of CPU threads:               4
                           Hardware info:                  	Hardware Accelerator Device not activated

                        Number of mesh cells:             	59850
                        Excitation duration:              	2.50761816e+001 ns 
                        Calculation time for excitation:  	0 	s
                        Number of calculated pulse widths:	1.00113 
                        Steady state accuracy limit:      	-40	dB 
                        Simulated number of time steps:   	19404 
                        Maximum number of time steps:     	387641 
                        Time step width:
                           without subcycles:             	1.293782325e-003 ns
                           used:                          	1.293782325e-003 ns

                        Matrix calculation time:          	16 	s
                        Solver setup time:                	23 	s
                        Solver loop time:                 	77 	s
                        Solver post-processing time:      	6 	s
                                                          	------------
                        Total solver time:                	122 	s  ( = 0 h, 2 m, 2 s )

                      ------------------------------------------------------------------------------
2025-10-13 15:21:39   ======================================================================
                       Solver cycle: 2
                      ======================================================================

                      Stimulation at port 2 (mode 1) 



                      ------------------------------------------------------------------------------
2025-10-13 15:21:40   Units settings: 

                        Dimensions: mm
                        Frequency:  GHz
                        Time:       ns

                      ------------------------------------------------------------------------------
2025-10-13 15:21:40   The dispersive material update will be performed using the "Standard" update schema

                      ------------------------------------------------------------------------------
2025-10-13 15:21:49   Boundary conditions: 

                        YZsymmetry: none
                        XZsymmetry: none
                        XYsymmetry: none

                        Xmin: expanded open, 4 Layer, depth 33.8176 mm
                        Xmax: expanded open, 4 Layer, depth 33.8176 mm

                        Ymin: expanded open, 4 Layer, depth 40.9259 mm
                        Ymax: expanded open, 4 Layer, depth 33.8176 mm

                        Zmin: expanded open, 4 Layer, depth 38.8407 mm
                        Zmax: expanded open, 4 Layer, depth 31.932 mm

                        PML-Type: Convolution PML

                      ------------------------------------------------------------------------------
2025-10-13 15:21:49   Frequency settings: 

                        Fmin:         2.3
                        Fmax:         2.5835
                        Nfsteps(lin): 1001

                      ------------------------------------------------------------------------------
2025-10-13 15:21:50   Field update statistics:

                        Number of components in total: 	381999
                        Number of TST and special elements:	7144
                        Number of lossy metal components:	11368
                        Number of disp. elements:		9446

                      Subcycling state:      			Automatically deactivated

                      ------------------------------------------------------------------------------
2025-10-13 15:23:21   
                      --------------------------------------------------------------------------------
2025-10-13 15:23:21   Steady state energy criterion met, solver finished successfully.

                      ------------------------------------------------------------------------------
2025-10-13 15:23:21   Frequency domain results normalized to default signal.


                      ------------------------------------------------------------------------------
2025-10-13 15:23:21   
                        ----------------------------------------------------------------------------
                                            Peak memory used (kB)         Free physical memory (kB) 
                                                                          At begin     Minimum      
                        ----------------------------------------------------------------------------
                        Matrices calc.      170898                        7251953      4314453      
                        Solver run total    106952                        5041612      4986684      
                        ----------------------------------------------------------------------------

                      --------------------------------------------------------------------------------
                      Solver Statistics:

                        Hardware:
                           Computer name:                 	Heu 

                           Number of CPU threads:               4
                           Hardware info:                  	Hardware Accelerator Device not activated

                        Number of mesh cells:             	59850
                        Excitation duration:              	2.50761816e+001 ns 
                        Calculation time for excitation:  	0 	s
                        Number of calculated pulse widths:	1.00113 
                        Steady state accuracy limit:      	-40	dB 
                        Simulated number of time steps:   	19404 
                        Maximum number of time steps:     	387641 
                        Time step width:
                           without subcycles:             	1.293782325e-003 ns
                           used:                          	1.293782325e-003 ns

                        Reloading matrices:               	2 	s
                        Solver setup time:                	23 	s
                        Solver loop time:                 	73 	s
                        Solver post-processing time:      	3 	s
                                                          	------------
                        Total solver time:                	101 	s  ( = 0 h, 1 m, 41 s )

                      ------------------------------------------------------------------------------
2025-10-13 15:23:22   ======================================================================
                       Solver cycle: 3
                      ======================================================================

                      Stimulation at port 3 (mode 1) 



                      ------------------------------------------------------------------------------
2025-10-13 15:23:22   Units settings: 

                        Dimensions: mm
                        Frequency:  GHz
                        Time:       ns

                      ------------------------------------------------------------------------------
2025-10-13 15:23:22   The dispersive material update will be performed using the "Standard" update schema

                      ------------------------------------------------------------------------------
2025-10-13 15:23:25   Boundary conditions: 

                        YZsymmetry: none
                        XZsymmetry: none
                        XYsymmetry: none

                        Xmin: expanded open, 4 Layer, depth 33.8176 mm
                        Xmax: expanded open, 4 Layer, depth 33.8176 mm

                        Ymin: expanded open, 4 Layer, depth 40.9259 mm
                        Ymax: expanded open, 4 Layer, depth 33.8176 mm

                        Zmin: expanded open, 4 Layer, depth 38.8407 mm
                        Zmax: expanded open, 4 Layer, depth 31.932 mm

                        PML-Type: Convolution PML

                      ------------------------------------------------------------------------------
2025-10-13 15:23:25   Frequency settings: 

                        Fmin:         2.3
                        Fmax:         2.5835
                        Nfsteps(lin): 1001

                      ------------------------------------------------------------------------------
2025-10-13 15:23:26   Field update statistics:

                        Number of components in total: 	381999
                        Number of TST and special elements:	7144
                        Number of lossy metal components:	11368
                        Number of disp. elements:		9446

                      Subcycling state:      			Automatically deactivated

                      ------------------------------------------------------------------------------
2025-10-13 15:24:49   
                      --------------------------------------------------------------------------------
2025-10-13 15:24:49   Steady state energy criterion met, solver finished successfully.

                      ------------------------------------------------------------------------------
2025-10-13 15:24:49   Frequency domain results normalized to default signal.


                      ------------------------------------------------------------------------------
2025-10-13 15:24:49   
                        ----------------------------------------------------------------------------
                                            Peak memory used (kB)         Free physical memory (kB) 
                                                                          At begin     Minimum      
                        ----------------------------------------------------------------------------
                        Matrices calc.      170898                        7251953      4314453      
                        Solver run total    111720                        4981768      4952124      
                        ----------------------------------------------------------------------------

                      --------------------------------------------------------------------------------
                      Solver Statistics:

                        Hardware:
                           Computer name:                 	Heu 

                           Number of CPU threads:               4
                           Hardware info:                  	Hardware Accelerator Device not activated

                        Number of mesh cells:             	59850
                        Excitation duration:              	2.50761816e+001 ns 
                        Calculation time for excitation:  	0 	s
                        Number of calculated pulse widths:	1.00113 
                        Steady state accuracy limit:      	-40	dB 
                        Simulated number of time steps:   	19404 
                        Maximum number of time steps:     	387641 
                        Time step width:
                           without subcycles:             	1.293782325e-003 ns
                           used:                          	1.293782325e-003 ns

                        Reloading matrices:               	0 	s
                        Solver setup time:                	8 	s
                        Solver loop time:                 	74 	s
                        Solver post-processing time:      	3 	s
                                                          	------------
                        Total solver time:                	85 	s  ( = 0 h, 1 m, 25 s )

                      ------------------------------------------------------------------------------
2025-10-13 15:24:50   ======================================================================
                       Solver cycle: 4
                      ======================================================================

                      Stimulation at port 4 (mode 1) 



                      ------------------------------------------------------------------------------
2025-10-13 15:24:50   Units settings: 

                        Dimensions: mm
                        Frequency:  GHz
                        Time:       ns

                      ------------------------------------------------------------------------------
2025-10-13 15:24:50   The dispersive material update will be performed using the "Standard" update schema

                      ------------------------------------------------------------------------------
2025-10-13 15:24:54   Boundary conditions: 

                        YZsymmetry: none
                        XZsymmetry: none
                        XYsymmetry: none

                        Xmin: expanded open, 4 Layer, depth 33.8176 mm
                        Xmax: expanded open, 4 Layer, depth 33.8176 mm

                        Ymin: expanded open, 4 Layer, depth 40.9259 mm
                        Ymax: expanded open, 4 Layer, depth 33.8176 mm

                        Zmin: expanded open, 4 Layer, depth 38.8407 mm
                        Zmax: expanded open, 4 Layer, depth 31.932 mm

                        PML-Type: Convolution PML

                      ------------------------------------------------------------------------------
2025-10-13 15:24:54   Frequency settings: 

                        Fmin:         2.3
                        Fmax:         2.5835
                        Nfsteps(lin): 1001

                      ------------------------------------------------------------------------------
2025-10-13 15:24:54   Field update statistics:

                        Number of components in total: 	381999
                        Number of TST and special elements:	7144
                        Number of lossy metal components:	11368
                        Number of disp. elements:		9446

                      Subcycling state:      			Automatically deactivated

                      ------------------------------------------------------------------------------
2025-10-13 15:26:31   
                      --------------------------------------------------------------------------------
2025-10-13 15:26:31   Steady state energy criterion met, solver finished successfully.

                      ------------------------------------------------------------------------------
2025-10-13 15:26:31   Frequency domain results normalized to default signal.


                      ------------------------------------------------------------------------------
2025-10-13 15:26:31   
                        ----------------------------------------------------------------------------
                                            Peak memory used (kB)         Free physical memory (kB) 
                                                                          At begin     Minimum      
                        ----------------------------------------------------------------------------
                        Matrices calc.      170898                        7251953      4314453      
                        Solver run total    111720                        5457784      5232324      
                        ----------------------------------------------------------------------------

                      --------------------------------------------------------------------------------
                      Solver Statistics:

                        Hardware:
                           Computer name:                 	Heu 

                           Number of CPU threads:               4
                           Hardware info:                  	Hardware Accelerator Device not activated

                        Number of mesh cells:             	59850
                        Excitation duration:              	2.50761816e+001 ns 
                        Calculation time for excitation:  	0 	s
                        Number of calculated pulse widths:	1.00113 
                        Steady state accuracy limit:      	-40	dB 
                        Simulated number of time steps:   	19404 
                        Maximum number of time steps:     	387641 
                        Time step width:
                           without subcycles:             	1.293782325e-003 ns
                           used:                          	1.293782325e-003 ns

                        Reloading matrices:               	0 	s
                        Solver setup time:                	9 	s
                        Solver loop time:                 	88 	s
                        Solver post-processing time:      	2 	s
                                                          	------------
                        Total solver time:                	99 	s  ( = 0 h, 1 m, 39 s )

                      ------------------------------------------------------------------------------
2025-10-13 15:26:32   
                        Adaptive port meshing time:          	332    	s  ( = 0 h, 5 m, 32 s )
                        Total solver time (all cycles):      	407    	s  ( = 0 h, 6 m, 47 s )
                        Solver initialization and clean-up:  	11     	s
                                                             	------------
                        Total simulation time:               	750    	s  ( = 0 h, 12 m, 30 s )

                      ------------------------------------------------------------------------------
2025-10-13 15:26:32   Solver finished at: 2025-10-13 15:26:32 +0200



                      ------------------------------------------------------------------------------
2025-10-13 15:26:34   Creating parametric 1D results for Run ID 3

                      ------------------------------------------------------------------------------
