Port monitor named: Port1_e1[2.4].prt

nx        = 39
ny        = 4
nz        = 19

nu        = 17
nv        = 37
iu        = 2
iv        = 2

idir      = 1
dcut      = -4.850000e-002
icut      = 2
type      = 0
frequency = 2.400000e+009

fcutoff   = 0.000000e+000
alpha     = 0.000000e+000
beta      = 9.615586e+001
accuracy  = 2.505637e-010

type          = QTEM
wave imp.     = 2.478852e+002
wave imp.sig. = 2.379699e-008
line imp.     = 3.133632e+001

ref. port     = 0

-4.468367e+001  -4.429434e+001  -4.352899e+001  -4.241314e+001  -1.828560e+002  -1.799298e+002  -1.757926e+002  -1.705618e+002  -1.643721e+002  -1.573673e+002  -1.496929e+002  -1.414902e+002  -1.285920e+002  -1.105270e+002  -7.836278e+001  -2.718073e+001  -0.000000e+000  
-4.824386e+001  -4.772943e+001  -4.672447e+001  -4.527435e+001  -1.943453e+002  -1.907090e+002  -1.856632e+002  -1.793865e+002  -1.720736e+002  -1.639236e+002  -1.551290e+002  -1.458681e+002  -1.315162e+002  -1.119740e+002  -7.804479e+001  -2.663756e+001  -0.000000e+000  
-6.502023e+001  -6.376194e+001  -6.134114e+001  -5.793786e+001  -2.437265e+002  -2.362593e+002  -2.265142e+002  -2.150186e+002  -2.022893e+002  -1.887975e+002  -1.749476e+002  -1.610680e+002  -1.405828e+002  -1.152527e+002  -7.503153e+001  -2.403144e+001  -0.000000e+000  
-1.021246e+002  -9.844071e+001  -9.144744e+001  -8.184527e+001  -3.292730e+002  -3.112853e+002  -2.897248e+002  -2.661272e+002  -2.417979e+002  -2.177494e+002  -1.946988e+002  -1.731023e+002  -1.432562e+002  -1.107759e+002  -6.508407e+001  -1.905221e+001  -0.000000e+000  
-1.982671e+002  -1.860893e+002  -1.631766e+002  -1.322597e+002  -4.849329e+002  -4.356500e+002  -3.825896e+002  -3.301075e+002  -2.811078e+002  -2.371788e+002  -1.989183e+002  -1.662756e+002  -1.251063e+002  -8.740457e+001  -4.279973e+001  -1.060506e+001  -0.000000e+000  
-3.185040e+002  -2.934938e+002  -2.463711e+002  -1.829723e+002  -6.084709e+002  -5.176510e+002  -4.283522e+002  -3.476967e+002  -2.787639e+002  -2.219225e+002  -1.761203e+002  -1.397620e+002  -9.690838e+001  -6.193768e+001  -2.523459e+001  -5.002448e+000  -0.000000e+000  
-5.376499e+002  -4.883320e+002  -3.938857e+002  -2.648436e+002  -7.653329e+002  -5.971939e+002  -4.492902e+002  -3.306092e+002  -2.403076e+002  -1.735557e+002  -1.249373e+002  -8.981294e+001  -5.202587e+001  -2.580851e+001  -3.442589e+000  1.396177e+000  -0.000000e+000  
-6.826150e+002  -6.186687e+002  -4.930437e+002  -3.160364e+002  -8.334508e+002  -6.124189e+002  -4.325605e+002  -2.990108e+002  -2.041704e+002  -1.380871e+002  -9.235939e+001  -6.083763e+001  -2.850065e+001  -8.156650e+000  6.385892e+000  4.144418e+000  -0.000000e+000  
-8.694441e+002  -7.893929e+002  -6.258514e+002  -3.833845e+002  -8.982118e+002  -6.070596e+002  -3.924960e+002  -2.478623e+002  -1.534965e+002  -9.232432e+001  -5.259432e+001  -2.681860e+001  -2.089132e+000  1.103395e+001  1.667198e+001  6.951106e+000  -0.000000e+000  
-1.108678e+003  -1.014797e+003  -8.103733e+002  -4.788749e+002  -9.469752e+002  -5.630303e+002  -3.170079e+002  -1.712257e+002  -8.598478e+001  -3.567972e+001  -5.742204e+000  1.192415e+001  2.685454e+001  3.149957e+001  2.729131e+001  9.787035e+000  -0.000000e+000  
-1.409351e+003  -1.312603e+003  -1.078198e+003  -6.321996e+002  -9.493998e+002  -4.489842e+002  -1.905667e+002  -6.380079e+001  -6.972827e-001  3.133844e+001  4.737109e+001  5.461332e+001  5.776550e+001  5.288509e+001  3.809782e+001  1.262008e+001  -0.000000e+000  
-1.682603e+003  -1.601858e+003  -1.377380e+003  -8.459513e+002  -8.649025e+002  -2.781665e+002  -4.825898e+001  4.049823e+001  7.540219e+001  8.824585e+001  9.113717e+001  8.913272e+001  8.226795e+001  6.960276e+001  4.639562e+001  1.476608e+001  -0.000000e+000  
-1.986806e+003  -1.946373e+003  -1.794816e+003  -1.253160e+003  -6.053112e+002  -4.590817e-001  1.363569e+002  1.609639e+002  1.581488e+002  1.481748e+002  1.364096e+002  1.244609e+002  1.070682e+002  8.638633e+001  5.462859e+001  1.687415e+001  -0.000000e+000  
-2.306372e+003  -2.333528e+003  -2.362535e+003  -2.135848e+003  7.621894e+001  4.176037e+002  3.546796e+002  2.897205e+002  2.431086e+002  2.087032e+002  1.817944e+002  1.597352e+002  1.317254e+002  1.030052e+002  6.271568e+001  1.892796e+001  -0.000000e+000  
-2.615187e+003  -2.719691e+003  -3.028616e+003  -4.018784e+003  2.361682e+003  9.570868e+002  5.737614e+002  4.130966e+002  3.245100e+002  2.670710e+002  2.258013e+002  1.940611e+002  1.557912e+002  1.192263e+002  7.057522e+001  2.091117e+001  -0.000000e+000  
-2.974281e+003  -3.122196e+003  -3.515362e+003  -4.462146e+003  2.144403e+003  1.199346e+003  7.666933e+002  5.480177e+002  4.216306e+002  3.397643e+002  2.819341e+002  2.384508e+002  1.872951e+002  1.405641e+002  8.090449e+001  2.350280e+001  -0.000000e+000  
-3.224273e+003  -3.344210e+003  -3.595474e+003  -3.933926e+003  1.534139e+003  1.150578e+003  8.383052e+002  6.307868e+002  4.937180e+002  3.990321e+002  3.301166e+002  2.776859e+002  2.158889e+002  1.601742e+002  9.044730e+001  2.588881e+001  -0.000000e+000  
-3.458310e+003  -3.497159e+003  -3.561523e+003  -3.619154e+003  1.027793e+003  9.339270e+002  8.044575e+002  6.774008e+002  5.666204e+002  4.744684e+002  3.990906e+002  3.376181e+002  2.621900e+002  1.928583e+002  1.066262e+002  2.993002e+001  -0.000000e+000  
-3.531645e+003  -3.538577e+003  -3.548948e+003  -3.556854e+003  7.901187e+002  7.602898e+002  7.071035e+002  6.412142e+002  5.711329e+002  5.024857e+002  4.384824e+002  3.806332e+002  3.037334e+002  2.262729e+002  1.250177e+002  3.463943e+001  -0.000000e+000  
-3.458310e+003  -3.497159e+003  -3.561523e+003  -3.619154e+003  1.027793e+003  9.339270e+002  8.044575e+002  6.774008e+002  5.666204e+002  4.744684e+002  3.990906e+002  3.376181e+002  2.621900e+002  1.928583e+002  1.066262e+002  2.993002e+001  -0.000000e+000  
-3.224273e+003  -3.344210e+003  -3.595474e+003  -3.933926e+003  1.534139e+003  1.150578e+003  8.383052e+002  6.307868e+002  4.937180e+002  3.990321e+002  3.301166e+002  2.776859e+002  2.158889e+002  1.601742e+002  9.044730e+001  2.588881e+001  -0.000000e+000  
-2.974281e+003  -3.122196e+003  -3.515362e+003  -4.462146e+003  2.144403e+003  1.199346e+003  7.666933e+002  5.480177e+002  4.216306e+002  3.397643e+002  2.819341e+002  2.384508e+002  1.872951e+002  1.405641e+002  8.090449e+001  2.350280e+001  -0.000000e+000  
-2.615187e+003  -2.719691e+003  -3.028616e+003  -4.018784e+003  2.361682e+003  9.570868e+002  5.737614e+002  4.130966e+002  3.245100e+002  2.670710e+002  2.258013e+002  1.940611e+002  1.557912e+002  1.192263e+002  7.057522e+001  2.091117e+001  -0.000000e+000  
-2.306372e+003  -2.333528e+003  -2.362535e+003  -2.135848e+003  7.621894e+001  4.176037e+002  3.546796e+002  2.897205e+002  2.431086e+002  2.087032e+002  1.817944e+002  1.597352e+002  1.317254e+002  1.030052e+002  6.271568e+001  1.892796e+001  -0.000000e+000  
-1.986806e+003  -1.946373e+003  -1.794816e+003  -1.253160e+003  -6.053112e+002  -4.590817e-001  1.363569e+002  1.609639e+002  1.581488e+002  1.481748e+002  1.364096e+002  1.244609e+002  1.070682e+002  8.638633e+001  5.462859e+001  1.687415e+001  -0.000000e+000  
-1.682603e+003  -1.601858e+003  -1.377380e+003  -8.459513e+002  -8.649025e+002  -2.781665e+002  -4.825898e+001  4.049823e+001  7.540219e+001  8.824585e+001  9.113717e+001  8.913272e+001  8.226795e+001  6.960276e+001  4.639562e+001  1.476608e+001  -0.000000e+000  
-1.409351e+003  -1.312603e+003  -1.078198e+003  -6.321996e+002  -9.493998e+002  -4.489842e+002  -1.905667e+002  -6.380079e+001  -6.972827e-001  3.133844e+001  4.737109e+001  5.461332e+001  5.776550e+001  5.288509e+001  3.809782e+001  1.262008e+001  -0.000000e+000  
-1.108678e+003  -1.014797e+003  -8.103733e+002  -4.788749e+002  -9.469752e+002  -5.630303e+002  -3.170079e+002  -1.712257e+002  -8.598478e+001  -3.567972e+001  -5.742204e+000  1.192415e+001  2.685454e+001  3.149957e+001  2.729131e+001  9.787035e+000  -0.000000e+000  
-8.694441e+002  -7.893929e+002  -6.258514e+002  -3.833845e+002  -8.982118e+002  -6.070596e+002  -3.924960e+002  -2.478623e+002  -1.534965e+002  -9.232432e+001  -5.259432e+001  -2.681860e+001  -2.089132e+000  1.103395e+001  1.667198e+001  6.951106e+000  -0.000000e+000  
-6.826150e+002  -6.186687e+002  -4.930437e+002  -3.160364e+002  -8.334508e+002  -6.124189e+002  -4.325605e+002  -2.990108e+002  -2.041704e+002  -1.380871e+002  -9.235939e+001  -6.083763e+001  -2.850065e+001  -8.156650e+000  6.385892e+000  4.144418e+000  -0.000000e+000  
-5.376499e+002  -4.883320e+002  -3.938857e+002  -2.648436e+002  -7.653329e+002  -5.971939e+002  -4.492902e+002  -3.306092e+002  -2.403076e+002  -1.735557e+002  -1.249373e+002  -8.981294e+001  -5.202587e+001  -2.580851e+001  -3.442589e+000  1.396177e+000  -0.000000e+000  
-3.185040e+002  -2.934938e+002  -2.463711e+002  -1.829723e+002  -6.084709e+002  -5.176510e+002  -4.283522e+002  -3.476967e+002  -2.787639e+002  -2.219225e+002  -1.761203e+002  -1.397620e+002  -9.690838e+001  -6.193768e+001  -2.523459e+001  -5.002448e+000  -0.000000e+000  
-1.982671e+002  -1.860893e+002  -1.631766e+002  -1.322597e+002  -4.849329e+002  -4.356500e+002  -3.825896e+002  -3.301075e+002  -2.811078e+002  -2.371788e+002  -1.989183e+002  -1.662756e+002  -1.251063e+002  -8.740457e+001  -4.279973e+001  -1.060506e+001  -0.000000e+000  
-1.021246e+002  -9.844071e+001  -9.144744e+001  -8.184527e+001  -3.292730e+002  -3.112853e+002  -2.897248e+002  -2.661272e+002  -2.417979e+002  -2.177494e+002  -1.946988e+002  -1.731023e+002  -1.432562e+002  -1.107759e+002  -6.508407e+001  -1.905221e+001  -0.000000e+000  
-6.502023e+001  -6.376194e+001  -6.134114e+001  -5.793786e+001  -2.437265e+002  -2.362593e+002  -2.265142e+002  -2.150186e+002  -2.022893e+002  -1.887975e+002  -1.749476e+002  -1.610680e+002  -1.405828e+002  -1.152527e+002  -7.503153e+001  -2.403144e+001  -0.000000e+000  
-4.824386e+001  -4.772943e+001  -4.672447e+001  -4.527435e+001  -1.943453e+002  -1.907090e+002  -1.856632e+002  -1.793865e+002  -1.720736e+002  -1.639236e+002  -1.551290e+002  -1.458681e+002  -1.315162e+002  -1.119740e+002  -7.804479e+001  -2.663756e+001  -0.000000e+000  
-4.468367e+001  -4.429434e+001  -4.352899e+001  -4.241314e+001  -1.828560e+002  -1.799298e+002  -1.757926e+002  -1.705618e+002  -1.643721e+002  -1.573673e+002  -1.496929e+002  -1.414902e+002  -1.285920e+002  -1.105270e+002  -7.836278e+001  -2.718073e+001  -0.000000e+000  

-0.000000e+000  -3.201307e-001  -6.142937e-001  -8.589229e-001  -1.034967e+000  -3.496234e+000  -5.790856e+000  -7.869385e+000  -9.697856e+000  -1.125763e+001  -1.254404e+001  -1.356429e+001  -1.433495e+001  -1.519747e+001  -1.539331e+001  -1.400340e+001  -1.251596e+001  
-0.000000e+000  -1.563955e+000  -2.994887e+000  -4.173469e+000  -5.006016e+000  -1.396915e+001  -2.216589e+001  -2.941517e+001  -3.561021e+001  -4.071259e+001  -4.474160e+001  -4.776121e+001  -4.986686e+001  -5.168034e+001  -5.132237e+001  -4.494888e+001  -3.940952e+001  
-0.000000e+000  -6.015216e+000  -1.145930e+001  -1.582881e+001  -1.874666e+001  -3.911221e+001  -5.672407e+001  -7.123977e+001  -8.259015e+001  -9.091936e+001  -9.651713e+001  -9.975645e+001  -1.010431e+002  -9.896465e+001  -9.356890e+001  -7.481945e+001  -6.265918e+001  
-0.000000e+000  -1.945966e+001  -3.683193e+001  -5.029577e+001  -5.853630e+001  -9.770616e+001  -1.283196e+002  -1.503376e+002  -1.645071e+002  -1.720174e+002  -1.742141e+002  -1.724045e+002  -1.677501e+002  -1.528215e+002  -1.358434e+002  -9.792084e+001  -7.796576e+001  
-0.000000e+000  -5.460451e+001  -1.027826e+002  -1.388423e+002  -1.586581e+002  -2.228441e+002  -2.638295e+002  -2.846463e+002  -2.898835e+002  -2.842169e+002  -2.716194e+002  -2.551201e+002  -2.368669e+002  -1.994363e+002  -1.662136e+002  -1.090077e+002  -8.307340e+001  
-0.000000e+000  -1.033238e+002  -1.944397e+002  -2.617968e+002  -2.962176e+002  -3.782689e+002  -4.169412e+002  -4.228901e+002  -4.078054e+002  -3.811278e+002  -3.493316e+002  -3.164054e+002  -2.846065e+002  -2.279174e+002  -1.824068e+002  -1.129375e+002  -8.373723e+001  
-0.000000e+000  -1.715941e+002  -3.250899e+002  -4.400312e+002  -4.956988e+002  -5.829033e+002  -5.969361e+002  -5.670700e+002  -5.171520e+002  -4.615609e+002  -4.075065e+002  -3.580259e+002  -3.140508e+002  -2.425762e+002  -1.888031e+002  -1.126161e+002  -8.202173e+001  
-0.000000e+000  -2.229257e+002  -4.258994e+002  -5.819432e+002  -6.570423e+002  -7.390135e+002  -7.238621e+002  -6.610883e+002  -5.836503e+002  -5.076185e+002  -4.391033e+002  -3.795387e+002  -3.284982e+002  -2.489669e+002  -1.909264e+002  -1.116098e+002  -8.048779e+001  
-0.000000e+000  -2.873173e+002  -5.574477e+002  -7.769045e+002  -8.862086e+002  -9.452396e+002  -8.756201e+002  -7.630662e+002  -6.498477e+002  -5.502012e+002  -4.664439e+002  -3.969708e+002  -3.393425e+002  -2.527923e+002  -1.912566e+002  -1.097370e+002  -7.840049e+001  
-0.000000e+000  -3.629398e+002  -7.221675e+002  -1.044060e+003  -1.224199e+003  -1.217826e+003  -1.049925e+003  -8.659288e+002  -7.095799e+002  -5.850645e+002  -4.868249e+002  -4.086389e+002  -3.455438e+002  -2.536055e+002  -1.896040e+002  -1.069625e+002  -7.575412e+001  
-0.000000e+000  -4.318176e+002  -8.891762e+002  -1.362057e+003  -1.696703e+003  -1.532180e+003  -1.211790e+003  -9.448558e+002  -7.484283e+002  -6.043762e+002  -4.960896e+002  -4.123970e+002  -3.460905e+002  -2.513344e+002  -1.862629e+002  -1.036964e+002  -7.292364e+001  
-0.000000e+000  -4.816813e+002  -1.028003e+003  -1.691165e+003  -2.336932e+003  -1.852345e+003  -1.336725e+003  -9.925975e+002  -7.667464e+002  -6.106620e+002  -4.969620e+002  -4.106173e+002  -3.429259e+002  -2.472436e+002  -1.820645e+002  -1.003161e+002  -7.014335e+001  
-0.000000e+000  -5.065503e+002  -1.121633e+003  -2.026782e+003  -3.437844e+003  -2.182593e+003  -1.410793e+003  -1.005287e+003  -7.644646e+002  -6.044938e+002  -4.898397e+002  -4.034162e+002  -3.359368e+002  -2.409699e+002  -1.765465e+002  -9.639217e+001  -6.704465e+001  
-0.000000e+000  -4.894886e+002  -1.103227e+003  -2.166984e+003  -5.563926e+003  -2.368778e+003  -1.375610e+003  -9.690121e+002  -7.382578e+002  -5.849897e+002  -4.744571e+002  -3.907035e+002  -3.250910e+002  -2.325073e+002  -1.697122e+002  -9.193276e+001  -6.363574e+001  
-0.000000e+000  -4.121244e+002  -8.747155e+002  -1.435199e+003  -0.000000e+000  -1.453443e+003  -1.125265e+003  -8.636456e+002  -6.798263e+002  -5.468460e+002  -4.468500e+002  -3.693104e+002  -3.077616e+002  -2.199036e+002  -1.600504e+002  -8.600925e+001  -5.922553e+001  
-0.000000e+000  -2.853609e+002  -5.378833e+002  -6.243673e+002  -0.000000e+000  -7.396322e+002  -7.980547e+002  -6.978684e+002  -5.836693e+002  -4.842733e+002  -4.024100e+002  -3.356957e+002  -2.812265e+002  -2.014801e+002  -1.465105e+002  -7.819664e+001  -5.357404e+001  
-0.000000e+000  -1.312287e+002  -2.150298e+002  -1.895646e+002  -0.000000e+000  -3.049147e+002  -4.437647e+002  -4.620150e+002  -4.274791e+002  -3.760076e+002  -3.232829e+002  -2.752088e+002  -2.334430e+002  -1.687915e+002  -1.229902e+002  -6.516465e+001  -4.435179e+001  
-0.000000e+000  -1.482999e+001  -2.218933e+001  -1.691238e+001  -0.000000e+000  -5.651757e+001  -1.008400e+002  -1.250442e+002  -1.331665e+002  -1.306450e+002  -1.220380e+002  -1.105538e+002  -9.823611e+001  -7.472412e+001  -5.587837e+001  -2.958447e+001  -1.990508e+001  
-0.000000e+000  1.482999e+001  2.218933e+001  1.691238e+001  -0.000000e+000  5.651757e+001  1.008400e+002  1.250442e+002  1.331665e+002  1.306450e+002  1.220380e+002  1.105538e+002  9.823611e+001  7.472412e+001  5.587837e+001  2.958447e+001  1.990508e+001  
-0.000000e+000  1.312287e+002  2.150298e+002  1.895646e+002  -0.000000e+000  3.049147e+002  4.437647e+002  4.620150e+002  4.274791e+002  3.760076e+002  3.232829e+002  2.752088e+002  2.334430e+002  1.687915e+002  1.229902e+002  6.516465e+001  4.435179e+001  
-0.000000e+000  2.853609e+002  5.378833e+002  6.243673e+002  -0.000000e+000  7.396322e+002  7.980547e+002  6.978684e+002  5.836693e+002  4.842733e+002  4.024100e+002  3.356957e+002  2.812265e+002  2.014801e+002  1.465105e+002  7.819664e+001  5.357404e+001  
-0.000000e+000  4.121244e+002  8.747155e+002  1.435199e+003  -0.000000e+000  1.453443e+003  1.125265e+003  8.636456e+002  6.798263e+002  5.468460e+002  4.468500e+002  3.693104e+002  3.077616e+002  2.199036e+002  1.600504e+002  8.600925e+001  5.922553e+001  
-0.000000e+000  4.894886e+002  1.103227e+003  2.166984e+003  5.563926e+003  2.368778e+003  1.375610e+003  9.690121e+002  7.382578e+002  5.849897e+002  4.744571e+002  3.907035e+002  3.250910e+002  2.325073e+002  1.697122e+002  9.193276e+001  6.363574e+001  
-0.000000e+000  5.065503e+002  1.121633e+003  2.026782e+003  3.437844e+003  2.182593e+003  1.410793e+003  1.005287e+003  7.644646e+002  6.044938e+002  4.898397e+002  4.034162e+002  3.359368e+002  2.409699e+002  1.765465e+002  9.639217e+001  6.704465e+001  
-0.000000e+000  4.816813e+002  1.028003e+003  1.691165e+003  2.336932e+003  1.852345e+003  1.336725e+003  9.925975e+002  7.667464e+002  6.106620e+002  4.969620e+002  4.106173e+002  3.429259e+002  2.472436e+002  1.820645e+002  1.003161e+002  7.014335e+001  
-0.000000e+000  4.318176e+002  8.891762e+002  1.362057e+003  1.696703e+003  1.532180e+003  1.211790e+003  9.448558e+002  7.484283e+002  6.043762e+002  4.960896e+002  4.123970e+002  3.460905e+002  2.513344e+002  1.862629e+002  1.036964e+002  7.292364e+001  
-0.000000e+000  3.629398e+002  7.221675e+002  1.044060e+003  1.224199e+003  1.217826e+003  1.049925e+003  8.659288e+002  7.095799e+002  5.850645e+002  4.868249e+002  4.086389e+002  3.455438e+002  2.536055e+002  1.896040e+002  1.069625e+002  7.575412e+001  
-0.000000e+000  2.873173e+002  5.574477e+002  7.769045e+002  8.862086e+002  9.452396e+002  8.756201e+002  7.630662e+002  6.498477e+002  5.502012e+002  4.664439e+002  3.969708e+002  3.393425e+002  2.527923e+002  1.912566e+002  1.097370e+002  7.840049e+001  
-0.000000e+000  2.229257e+002  4.258994e+002  5.819432e+002  6.570423e+002  7.390135e+002  7.238621e+002  6.610883e+002  5.836503e+002  5.076185e+002  4.391033e+002  3.795387e+002  3.284982e+002  2.489669e+002  1.909264e+002  1.116098e+002  8.048779e+001  
-0.000000e+000  1.715941e+002  3.250899e+002  4.400312e+002  4.956988e+002  5.829033e+002  5.969361e+002  5.670700e+002  5.171520e+002  4.615609e+002  4.075065e+002  3.580259e+002  3.140508e+002  2.425762e+002  1.888031e+002  1.126161e+002  8.202173e+001  
-0.000000e+000  1.033238e+002  1.944397e+002  2.617968e+002  2.962176e+002  3.782689e+002  4.169412e+002  4.228901e+002  4.078054e+002  3.811278e+002  3.493316e+002  3.164054e+002  2.846065e+002  2.279174e+002  1.824068e+002  1.129375e+002  8.373723e+001  
-0.000000e+000  5.460451e+001  1.027826e+002  1.388423e+002  1.586581e+002  2.228441e+002  2.638295e+002  2.846463e+002  2.898835e+002  2.842169e+002  2.716194e+002  2.551201e+002  2.368669e+002  1.994363e+002  1.662136e+002  1.090077e+002  8.307340e+001  
-0.000000e+000  1.945966e+001  3.683193e+001  5.029577e+001  5.853630e+001  9.770616e+001  1.283196e+002  1.503376e+002  1.645071e+002  1.720174e+002  1.742141e+002  1.724045e+002  1.677501e+002  1.528215e+002  1.358434e+002  9.792084e+001  7.796576e+001  
-0.000000e+000  6.015216e+000  1.145930e+001  1.582881e+001  1.874666e+001  3.911221e+001  5.672407e+001  7.123977e+001  8.259015e+001  9.091936e+001  9.651713e+001  9.975645e+001  1.010431e+002  9.896465e+001  9.356890e+001  7.481945e+001  6.265918e+001  
-0.000000e+000  1.563955e+000  2.994887e+000  4.173469e+000  5.006016e+000  1.396915e+001  2.216589e+001  2.941517e+001  3.561021e+001  4.071259e+001  4.474160e+001  4.776121e+001  4.986686e+001  5.168034e+001  5.132237e+001  4.494888e+001  3.940952e+001  
-0.000000e+000  3.201307e-001  6.142937e-001  8.589229e-001  1.034967e+000  3.496234e+000  5.790856e+000  7.869385e+000  9.697856e+000  1.125763e+001  1.254404e+001  1.356429e+001  1.433495e+001  1.519747e+001  1.539331e+001  1.400340e+001  1.251596e+001  
-0.000000e+000  -0.000000e+000  -0.000000e+000  -0.000000e+000  -0.000000e+000  -0.000000e+000  -0.000000e+000  -0.000000e+000  -0.000000e+000  -0.000000e+000  -0.000000e+000  -0.000000e+000  -0.000000e+000  -0.000000e+000  -0.000000e+000  -0.000000e+000  -0.000000e+000  

0.000000e+000  0.000000e+000  0.000000e+000  0.000000e+000  0.000000e+000  0.000000e+000  0.000000e+000  0.000000e+000  0.000000e+000  0.000000e+000  0.000000e+000  0.000000e+000  0.000000e+000  0.000000e+000  0.000000e+000  0.000000e+000  0.000000e+000  
0.000000e+000  0.000000e+000  0.000000e+000  0.000000e+000  0.000000e+000  0.000000e+000  0.000000e+000  0.000000e+000  0.000000e+000  0.000000e+000  0.000000e+000  0.000000e+000  0.000000e+000  0.000000e+000  0.000000e+000  0.000000e+000  0.000000e+000  
0.000000e+000  0.000000e+000  0.000000e+000  0.000000e+000  0.000000e+000  0.000000e+000  0.000000e+000  0.000000e+000  0.000000e+000  0.000000e+000  0.000000e+000  0.000000e+000  0.000000e+000  0.000000e+000  0.000000e+000  0.000000e+000  0.000000e+000  
0.000000e+000  0.000000e+000  0.000000e+000  0.000000e+000  0.000000e+000  0.000000e+000  0.000000e+000  0.000000e+000  0.000000e+000  0.000000e+000  0.000000e+000  0.000000e+000  0.000000e+000  0.000000e+000  0.000000e+000  0.000000e+000  0.000000e+000  
0.000000e+000  0.000000e+000  0.000000e+000  0.000000e+000  0.000000e+000  0.000000e+000  0.000000e+000  0.000000e+000  0.000000e+000  0.000000e+000  0.000000e+000  0.000000e+000  0.000000e+000  0.000000e+000  0.000000e+000  0.000000e+000  0.000000e+000  
0.000000e+000  0.000000e+000  0.000000e+000  0.000000e+000  0.000000e+000  0.000000e+000  0.000000e+000  0.000000e+000  0.000000e+000  0.000000e+000  0.000000e+000  0.000000e+000  0.000000e+000  0.000000e+000  0.000000e+000  0.000000e+000  0.000000e+000  
0.000000e+000  0.000000e+000  0.000000e+000  0.000000e+000  0.000000e+000  0.000000e+000  0.000000e+000  0.000000e+000  0.000000e+000  0.000000e+000  0.000000e+000  0.000000e+000  0.000000e+000  0.000000e+000  0.000000e+000  0.000000e+000  0.000000e+000  
0.000000e+000  0.000000e+000  0.000000e+000  0.000000e+000  0.000000e+000  0.000000e+000  0.000000e+000  0.000000e+000  0.000000e+000  0.000000e+000  0.000000e+000  0.000000e+000  0.000000e+000  0.000000e+000  0.000000e+000  0.000000e+000  0.000000e+000  
0.000000e+000  0.000000e+000  0.000000e+000  0.000000e+000  0.000000e+000  0.000000e+000  0.000000e+000  0.000000e+000  0.000000e+000  0.000000e+000  0.000000e+000  0.000000e+000  0.000000e+000  0.000000e+000  0.000000e+000  0.000000e+000  0.000000e+000  
0.000000e+000  0.000000e+000  0.000000e+000  0.000000e+000  0.000000e+000  0.000000e+000  0.000000e+000  0.000000e+000  0.000000e+000  0.000000e+000  0.000000e+000  0.000000e+000  0.000000e+000  0.000000e+000  0.000000e+000  0.000000e+000  0.000000e+000  
0.000000e+000  0.000000e+000  0.000000e+000  0.000000e+000  0.000000e+000  0.000000e+000  0.000000e+000  0.000000e+000  0.000000e+000  0.000000e+000  0.000000e+000  0.000000e+000  0.000000e+000  0.000000e+000  0.000000e+000  0.000000e+000  0.000000e+000  
0.000000e+000  0.000000e+000  0.000000e+000  0.000000e+000  0.000000e+000  0.000000e+000  0.000000e+000  0.000000e+000  0.000000e+000  0.000000e+000  0.000000e+000  0.000000e+000  0.000000e+000  0.000000e+000  0.000000e+000  0.000000e+000  0.000000e+000  
0.000000e+000  0.000000e+000  0.000000e+000  0.000000e+000  0.000000e+000  0.000000e+000  0.000000e+000  0.000000e+000  0.000000e+000  0.000000e+000  0.000000e+000  0.000000e+000  0.000000e+000  0.000000e+000  0.000000e+000  0.000000e+000  0.000000e+000  
0.000000e+000  0.000000e+000  0.000000e+000  0.000000e+000  0.000000e+000  0.000000e+000  0.000000e+000  0.000000e+000  0.000000e+000  0.000000e+000  0.000000e+000  0.000000e+000  0.000000e+000  0.000000e+000  0.000000e+000  0.000000e+000  0.000000e+000  
0.000000e+000  0.000000e+000  0.000000e+000  0.000000e+000  0.000000e+000  0.000000e+000  0.000000e+000  0.000000e+000  0.000000e+000  0.000000e+000  0.000000e+000  0.000000e+000  0.000000e+000  0.000000e+000  0.000000e+000  0.000000e+000  0.000000e+000  
0.000000e+000  0.000000e+000  0.000000e+000  0.000000e+000  0.000000e+000  0.000000e+000  0.000000e+000  0.000000e+000  0.000000e+000  0.000000e+000  0.000000e+000  0.000000e+000  0.000000e+000  0.000000e+000  0.000000e+000  0.000000e+000  0.000000e+000  
0.000000e+000  0.000000e+000  0.000000e+000  0.000000e+000  0.000000e+000  0.000000e+000  0.000000e+000  0.000000e+000  0.000000e+000  0.000000e+000  0.000000e+000  0.000000e+000  0.000000e+000  0.000000e+000  0.000000e+000  0.000000e+000  0.000000e+000  
0.000000e+000  0.000000e+000  0.000000e+000  0.000000e+000  0.000000e+000  0.000000e+000  0.000000e+000  0.000000e+000  0.000000e+000  0.000000e+000  0.000000e+000  0.000000e+000  0.000000e+000  0.000000e+000  0.000000e+000  0.000000e+000  0.000000e+000  
0.000000e+000  0.000000e+000  0.000000e+000  0.000000e+000  0.000000e+000  0.000000e+000  0.000000e+000  0.000000e+000  0.000000e+000  0.000000e+000  0.000000e+000  0.000000e+000  0.000000e+000  0.000000e+000  0.000000e+000  0.000000e+000  0.000000e+000  
0.000000e+000  0.000000e+000  0.000000e+000  0.000000e+000  0.000000e+000  0.000000e+000  0.000000e+000  0.000000e+000  0.000000e+000  0.000000e+000  0.000000e+000  0.000000e+000  0.000000e+000  0.000000e+000  0.000000e+000  0.000000e+000  0.000000e+000  
0.000000e+000  0.000000e+000  0.000000e+000  0.000000e+000  0.000000e+000  0.000000e+000  0.000000e+000  0.000000e+000  0.000000e+000  0.000000e+000  0.000000e+000  0.000000e+000  0.000000e+000  0.000000e+000  0.000000e+000  0.000000e+000  0.000000e+000  
0.000000e+000  0.000000e+000  0.000000e+000  0.000000e+000  0.000000e+000  0.000000e+000  0.000000e+000  0.000000e+000  0.000000e+000  0.000000e+000  0.000000e+000  0.000000e+000  0.000000e+000  0.000000e+000  0.000000e+000  0.000000e+000  0.000000e+000  
0.000000e+000  0.000000e+000  0.000000e+000  0.000000e+000  0.000000e+000  0.000000e+000  0.000000e+000  0.000000e+000  0.000000e+000  0.000000e+000  0.000000e+000  0.000000e+000  0.000000e+000  0.000000e+000  0.000000e+000  0.000000e+000  0.000000e+000  
0.000000e+000  0.000000e+000  0.000000e+000  0.000000e+000  0.000000e+000  0.000000e+000  0.000000e+000  0.000000e+000  0.000000e+000  0.000000e+000  0.000000e+000  0.000000e+000  0.000000e+000  0.000000e+000  0.000000e+000  0.000000e+000  0.000000e+000  
0.000000e+000  0.000000e+000  0.000000e+000  0.000000e+000  0.000000e+000  0.000000e+000  0.000000e+000  0.000000e+000  0.000000e+000  0.000000e+000  0.000000e+000  0.000000e+000  0.000000e+000  0.000000e+000  0.000000e+000  0.000000e+000  0.000000e+000  
0.000000e+000  0.000000e+000  0.000000e+000  0.000000e+000  0.000000e+000  0.000000e+000  0.000000e+000  0.000000e+000  0.000000e+000  0.000000e+000  0.000000e+000  0.000000e+000  0.000000e+000  0.000000e+000  0.000000e+000  0.000000e+000  0.000000e+000  
0.000000e+000  0.000000e+000  0.000000e+000  0.000000e+000  0.000000e+000  0.000000e+000  0.000000e+000  0.000000e+000  0.000000e+000  0.000000e+000  0.000000e+000  0.000000e+000  0.000000e+000  0.000000e+000  0.000000e+000  0.000000e+000  0.000000e+000  
0.000000e+000  0.000000e+000  0.000000e+000  0.000000e+000  0.000000e+000  0.000000e+000  0.000000e+000  0.000000e+000  0.000000e+000  0.000000e+000  0.000000e+000  0.000000e+000  0.000000e+000  0.000000e+000  0.000000e+000  0.000000e+000  0.000000e+000  
0.000000e+000  0.000000e+000  0.000000e+000  0.000000e+000  0.000000e+000  0.000000e+000  0.000000e+000  0.000000e+000  0.000000e+000  0.000000e+000  0.000000e+000  0.000000e+000  0.000000e+000  0.000000e+000  0.000000e+000  0.000000e+000  0.000000e+000  
0.000000e+000  0.000000e+000  0.000000e+000  0.000000e+000  0.000000e+000  0.000000e+000  0.000000e+000  0.000000e+000  0.000000e+000  0.000000e+000  0.000000e+000  0.000000e+000  0.000000e+000  0.000000e+000  0.000000e+000  0.000000e+000  0.000000e+000  
0.000000e+000  0.000000e+000  0.000000e+000  0.000000e+000  0.000000e+000  0.000000e+000  0.000000e+000  0.000000e+000  0.000000e+000  0.000000e+000  0.000000e+000  0.000000e+000  0.000000e+000  0.000000e+000  0.000000e+000  0.000000e+000  0.000000e+000  
0.000000e+000  0.000000e+000  0.000000e+000  0.000000e+000  0.000000e+000  0.000000e+000  0.000000e+000  0.000000e+000  0.000000e+000  0.000000e+000  0.000000e+000  0.000000e+000  0.000000e+000  0.000000e+000  0.000000e+000  0.000000e+000  0.000000e+000  
0.000000e+000  0.000000e+000  0.000000e+000  0.000000e+000  0.000000e+000  0.000000e+000  0.000000e+000  0.000000e+000  0.000000e+000  0.000000e+000  0.000000e+000  0.000000e+000  0.000000e+000  0.000000e+000  0.000000e+000  0.000000e+000  0.000000e+000  
0.000000e+000  0.000000e+000  0.000000e+000  0.000000e+000  0.000000e+000  0.000000e+000  0.000000e+000  0.000000e+000  0.000000e+000  0.000000e+000  0.000000e+000  0.000000e+000  0.000000e+000  0.000000e+000  0.000000e+000  0.000000e+000  0.000000e+000  
0.000000e+000  0.000000e+000  0.000000e+000  0.000000e+000  0.000000e+000  0.000000e+000  0.000000e+000  0.000000e+000  0.000000e+000  0.000000e+000  0.000000e+000  0.000000e+000  0.000000e+000  0.000000e+000  0.000000e+000  0.000000e+000  0.000000e+000  
0.000000e+000  0.000000e+000  0.000000e+000  0.000000e+000  0.000000e+000  0.000000e+000  0.000000e+000  0.000000e+000  0.000000e+000  0.000000e+000  0.000000e+000  0.000000e+000  0.000000e+000  0.000000e+000  0.000000e+000  0.000000e+000  0.000000e+000  
0.000000e+000  0.000000e+000  0.000000e+000  0.000000e+000  0.000000e+000  0.000000e+000  0.000000e+000  0.000000e+000  0.000000e+000  0.000000e+000  0.000000e+000  0.000000e+000  0.000000e+000  0.000000e+000  0.000000e+000  0.000000e+000  0.000000e+000  

0.000000e+000  0.000000e+000  0.000000e+000  0.000000e+000  0.000000e+000  0.000000e+000  0.000000e+000  0.000000e+000  0.000000e+000  0.000000e+000  0.000000e+000  0.000000e+000  0.000000e+000  0.000000e+000  0.000000e+000  0.000000e+000  0.000000e+000  
0.000000e+000  0.000000e+000  0.000000e+000  0.000000e+000  0.000000e+000  0.000000e+000  0.000000e+000  0.000000e+000  0.000000e+000  0.000000e+000  0.000000e+000  0.000000e+000  0.000000e+000  0.000000e+000  0.000000e+000  0.000000e+000  0.000000e+000  
0.000000e+000  0.000000e+000  0.000000e+000  0.000000e+000  0.000000e+000  0.000000e+000  0.000000e+000  0.000000e+000  0.000000e+000  0.000000e+000  0.000000e+000  0.000000e+000  0.000000e+000  0.000000e+000  0.000000e+000  0.000000e+000  0.000000e+000  
0.000000e+000  0.000000e+000  0.000000e+000  0.000000e+000  0.000000e+000  0.000000e+000  0.000000e+000  0.000000e+000  0.000000e+000  0.000000e+000  0.000000e+000  0.000000e+000  0.000000e+000  0.000000e+000  0.000000e+000  0.000000e+000  0.000000e+000  
0.000000e+000  0.000000e+000  0.000000e+000  0.000000e+000  0.000000e+000  0.000000e+000  0.000000e+000  0.000000e+000  0.000000e+000  0.000000e+000  0.000000e+000  0.000000e+000  0.000000e+000  0.000000e+000  0.000000e+000  0.000000e+000  0.000000e+000  
0.000000e+000  0.000000e+000  0.000000e+000  0.000000e+000  0.000000e+000  0.000000e+000  0.000000e+000  0.000000e+000  0.000000e+000  0.000000e+000  0.000000e+000  0.000000e+000  0.000000e+000  0.000000e+000  0.000000e+000  0.000000e+000  0.000000e+000  
0.000000e+000  0.000000e+000  0.000000e+000  0.000000e+000  0.000000e+000  0.000000e+000  0.000000e+000  0.000000e+000  0.000000e+000  0.000000e+000  0.000000e+000  0.000000e+000  0.000000e+000  0.000000e+000  0.000000e+000  0.000000e+000  0.000000e+000  
0.000000e+000  0.000000e+000  0.000000e+000  0.000000e+000  0.000000e+000  0.000000e+000  0.000000e+000  0.000000e+000  0.000000e+000  0.000000e+000  0.000000e+000  0.000000e+000  0.000000e+000  0.000000e+000  0.000000e+000  0.000000e+000  0.000000e+000  
0.000000e+000  0.000000e+000  0.000000e+000  0.000000e+000  0.000000e+000  0.000000e+000  0.000000e+000  0.000000e+000  0.000000e+000  0.000000e+000  0.000000e+000  0.000000e+000  0.000000e+000  0.000000e+000  0.000000e+000  0.000000e+000  0.000000e+000  
0.000000e+000  0.000000e+000  0.000000e+000  0.000000e+000  0.000000e+000  0.000000e+000  0.000000e+000  0.000000e+000  0.000000e+000  0.000000e+000  0.000000e+000  0.000000e+000  0.000000e+000  0.000000e+000  0.000000e+000  0.000000e+000  0.000000e+000  
0.000000e+000  0.000000e+000  0.000000e+000  0.000000e+000  0.000000e+000  0.000000e+000  0.000000e+000  0.000000e+000  0.000000e+000  0.000000e+000  0.000000e+000  0.000000e+000  0.000000e+000  0.000000e+000  0.000000e+000  0.000000e+000  0.000000e+000  
0.000000e+000  0.000000e+000  0.000000e+000  0.000000e+000  0.000000e+000  0.000000e+000  0.000000e+000  0.000000e+000  0.000000e+000  0.000000e+000  0.000000e+000  0.000000e+000  0.000000e+000  0.000000e+000  0.000000e+000  0.000000e+000  0.000000e+000  
0.000000e+000  0.000000e+000  0.000000e+000  0.000000e+000  0.000000e+000  0.000000e+000  0.000000e+000  0.000000e+000  0.000000e+000  0.000000e+000  0.000000e+000  0.000000e+000  0.000000e+000  0.000000e+000  0.000000e+000  0.000000e+000  0.000000e+000  
0.000000e+000  0.000000e+000  0.000000e+000  0.000000e+000  0.000000e+000  0.000000e+000  0.000000e+000  0.000000e+000  0.000000e+000  0.000000e+000  0.000000e+000  0.000000e+000  0.000000e+000  0.000000e+000  0.000000e+000  0.000000e+000  0.000000e+000  
0.000000e+000  0.000000e+000  0.000000e+000  0.000000e+000  0.000000e+000  0.000000e+000  0.000000e+000  0.000000e+000  0.000000e+000  0.000000e+000  0.000000e+000  0.000000e+000  0.000000e+000  0.000000e+000  0.000000e+000  0.000000e+000  0.000000e+000  
0.000000e+000  0.000000e+000  0.000000e+000  0.000000e+000  0.000000e+000  0.000000e+000  0.000000e+000  0.000000e+000  0.000000e+000  0.000000e+000  0.000000e+000  0.000000e+000  0.000000e+000  0.000000e+000  0.000000e+000  0.000000e+000  0.000000e+000  
0.000000e+000  0.000000e+000  0.000000e+000  0.000000e+000  0.000000e+000  0.000000e+000  0.000000e+000  0.000000e+000  0.000000e+000  0.000000e+000  0.000000e+000  0.000000e+000  0.000000e+000  0.000000e+000  0.000000e+000  0.000000e+000  0.000000e+000  
0.000000e+000  0.000000e+000  0.000000e+000  0.000000e+000  0.000000e+000  0.000000e+000  0.000000e+000  0.000000e+000  0.000000e+000  0.000000e+000  0.000000e+000  0.000000e+000  0.000000e+000  0.000000e+000  0.000000e+000  0.000000e+000  0.000000e+000  
0.000000e+000  0.000000e+000  0.000000e+000  0.000000e+000  0.000000e+000  0.000000e+000  0.000000e+000  0.000000e+000  0.000000e+000  0.000000e+000  0.000000e+000  0.000000e+000  0.000000e+000  0.000000e+000  0.000000e+000  0.000000e+000  0.000000e+000  
0.000000e+000  0.000000e+000  0.000000e+000  0.000000e+000  0.000000e+000  0.000000e+000  0.000000e+000  0.000000e+000  0.000000e+000  0.000000e+000  0.000000e+000  0.000000e+000  0.000000e+000  0.000000e+000  0.000000e+000  0.000000e+000  0.000000e+000  
0.000000e+000  0.000000e+000  0.000000e+000  0.000000e+000  0.000000e+000  0.000000e+000  0.000000e+000  0.000000e+000  0.000000e+000  0.000000e+000  0.000000e+000  0.000000e+000  0.000000e+000  0.000000e+000  0.000000e+000  0.000000e+000  0.000000e+000  
0.000000e+000  0.000000e+000  0.000000e+000  0.000000e+000  0.000000e+000  0.000000e+000  0.000000e+000  0.000000e+000  0.000000e+000  0.000000e+000  0.000000e+000  0.000000e+000  0.000000e+000  0.000000e+000  0.000000e+000  0.000000e+000  0.000000e+000  
0.000000e+000  0.000000e+000  0.000000e+000  0.000000e+000  0.000000e+000  0.000000e+000  0.000000e+000  0.000000e+000  0.000000e+000  0.000000e+000  0.000000e+000  0.000000e+000  0.000000e+000  0.000000e+000  0.000000e+000  0.000000e+000  0.000000e+000  
0.000000e+000  0.000000e+000  0.000000e+000  0.000000e+000  0.000000e+000  0.000000e+000  0.000000e+000  0.000000e+000  0.000000e+000  0.000000e+000  0.000000e+000  0.000000e+000  0.000000e+000  0.000000e+000  0.000000e+000  0.000000e+000  0.000000e+000  
0.000000e+000  0.000000e+000  0.000000e+000  0.000000e+000  0.000000e+000  0.000000e+000  0.000000e+000  0.000000e+000  0.000000e+000  0.000000e+000  0.000000e+000  0.000000e+000  0.000000e+000  0.000000e+000  0.000000e+000  0.000000e+000  0.000000e+000  
0.000000e+000  0.000000e+000  0.000000e+000  0.000000e+000  0.000000e+000  0.000000e+000  0.000000e+000  0.000000e+000  0.000000e+000  0.000000e+000  0.000000e+000  0.000000e+000  0.000000e+000  0.000000e+000  0.000000e+000  0.000000e+000  0.000000e+000  
0.000000e+000  0.000000e+000  0.000000e+000  0.000000e+000  0.000000e+000  0.000000e+000  0.000000e+000  0.000000e+000  0.000000e+000  0.000000e+000  0.000000e+000  0.000000e+000  0.000000e+000  0.000000e+000  0.000000e+000  0.000000e+000  0.000000e+000  
0.000000e+000  0.000000e+000  0.000000e+000  0.000000e+000  0.000000e+000  0.000000e+000  0.000000e+000  0.000000e+000  0.000000e+000  0.000000e+000  0.000000e+000  0.000000e+000  0.000000e+000  0.000000e+000  0.000000e+000  0.000000e+000  0.000000e+000  
0.000000e+000  0.000000e+000  0.000000e+000  0.000000e+000  0.000000e+000  0.000000e+000  0.000000e+000  0.000000e+000  0.000000e+000  0.000000e+000  0.000000e+000  0.000000e+000  0.000000e+000  0.000000e+000  0.000000e+000  0.000000e+000  0.000000e+000  
0.000000e+000  0.000000e+000  0.000000e+000  0.000000e+000  0.000000e+000  0.000000e+000  0.000000e+000  0.000000e+000  0.000000e+000  0.000000e+000  0.000000e+000  0.000000e+000  0.000000e+000  0.000000e+000  0.000000e+000  0.000000e+000  0.000000e+000  
0.000000e+000  0.000000e+000  0.000000e+000  0.000000e+000  0.000000e+000  0.000000e+000  0.000000e+000  0.000000e+000  0.000000e+000  0.000000e+000  0.000000e+000  0.000000e+000  0.000000e+000  0.000000e+000  0.000000e+000  0.000000e+000  0.000000e+000  
0.000000e+000  0.000000e+000  0.000000e+000  0.000000e+000  0.000000e+000  0.000000e+000  0.000000e+000  0.000000e+000  0.000000e+000  0.000000e+000  0.000000e+000  0.000000e+000  0.000000e+000  0.000000e+000  0.000000e+000  0.000000e+000  0.000000e+000  
0.000000e+000  0.000000e+000  0.000000e+000  0.000000e+000  0.000000e+000  0.000000e+000  0.000000e+000  0.000000e+000  0.000000e+000  0.000000e+000  0.000000e+000  0.000000e+000  0.000000e+000  0.000000e+000  0.000000e+000  0.000000e+000  0.000000e+000  
0.000000e+000  0.000000e+000  0.000000e+000  0.000000e+000  0.000000e+000  0.000000e+000  0.000000e+000  0.000000e+000  0.000000e+000  0.000000e+000  0.000000e+000  0.000000e+000  0.000000e+000  0.000000e+000  0.000000e+000  0.000000e+000  0.000000e+000  
0.000000e+000  0.000000e+000  0.000000e+000  0.000000e+000  0.000000e+000  0.000000e+000  0.000000e+000  0.000000e+000  0.000000e+000  0.000000e+000  0.000000e+000  0.000000e+000  0.000000e+000  0.000000e+000  0.000000e+000  0.000000e+000  0.000000e+000  
0.000000e+000  0.000000e+000  0.000000e+000  0.000000e+000  0.000000e+000  0.000000e+000  0.000000e+000  0.000000e+000  0.000000e+000  0.000000e+000  0.000000e+000  0.000000e+000  0.000000e+000  0.000000e+000  0.000000e+000  0.000000e+000  0.000000e+000  
0.000000e+000  0.000000e+000  0.000000e+000  0.000000e+000  0.000000e+000  0.000000e+000  0.000000e+000  0.000000e+000  0.000000e+000  0.000000e+000  0.000000e+000  0.000000e+000  0.000000e+000  0.000000e+000  0.000000e+000  0.000000e+000  0.000000e+000  

0.000000e+000  0.000000e+000  0.000000e+000  0.000000e+000  0.000000e+000  0.000000e+000  0.000000e+000  0.000000e+000  0.000000e+000  0.000000e+000  0.000000e+000  0.000000e+000  0.000000e+000  0.000000e+000  0.000000e+000  0.000000e+000  0.000000e+000  
0.000000e+000  0.000000e+000  0.000000e+000  0.000000e+000  0.000000e+000  0.000000e+000  0.000000e+000  0.000000e+000  0.000000e+000  0.000000e+000  0.000000e+000  0.000000e+000  0.000000e+000  0.000000e+000  0.000000e+000  0.000000e+000  0.000000e+000  
0.000000e+000  0.000000e+000  0.000000e+000  0.000000e+000  0.000000e+000  0.000000e+000  0.000000e+000  0.000000e+000  0.000000e+000  0.000000e+000  0.000000e+000  0.000000e+000  0.000000e+000  0.000000e+000  0.000000e+000  0.000000e+000  0.000000e+000  
0.000000e+000  0.000000e+000  0.000000e+000  0.000000e+000  0.000000e+000  0.000000e+000  0.000000e+000  0.000000e+000  0.000000e+000  0.000000e+000  0.000000e+000  0.000000e+000  0.000000e+000  0.000000e+000  0.000000e+000  0.000000e+000  0.000000e+000  
0.000000e+000  0.000000e+000  0.000000e+000  0.000000e+000  0.000000e+000  0.000000e+000  0.000000e+000  0.000000e+000  0.000000e+000  0.000000e+000  0.000000e+000  0.000000e+000  0.000000e+000  0.000000e+000  0.000000e+000  0.000000e+000  0.000000e+000  
0.000000e+000  0.000000e+000  0.000000e+000  0.000000e+000  0.000000e+000  0.000000e+000  0.000000e+000  0.000000e+000  0.000000e+000  0.000000e+000  0.000000e+000  0.000000e+000  0.000000e+000  0.000000e+000  0.000000e+000  0.000000e+000  0.000000e+000  
0.000000e+000  0.000000e+000  0.000000e+000  0.000000e+000  0.000000e+000  0.000000e+000  0.000000e+000  0.000000e+000  0.000000e+000  0.000000e+000  0.000000e+000  0.000000e+000  0.000000e+000  0.000000e+000  0.000000e+000  0.000000e+000  0.000000e+000  
0.000000e+000  0.000000e+000  0.000000e+000  0.000000e+000  0.000000e+000  0.000000e+000  0.000000e+000  0.000000e+000  0.000000e+000  0.000000e+000  0.000000e+000  0.000000e+000  0.000000e+000  0.000000e+000  0.000000e+000  0.000000e+000  0.000000e+000  
0.000000e+000  0.000000e+000  0.000000e+000  0.000000e+000  0.000000e+000  0.000000e+000  0.000000e+000  0.000000e+000  0.000000e+000  0.000000e+000  0.000000e+000  0.000000e+000  0.000000e+000  0.000000e+000  0.000000e+000  0.000000e+000  0.000000e+000  
0.000000e+000  0.000000e+000  0.000000e+000  0.000000e+000  0.000000e+000  0.000000e+000  0.000000e+000  0.000000e+000  0.000000e+000  0.000000e+000  0.000000e+000  0.000000e+000  0.000000e+000  0.000000e+000  0.000000e+000  0.000000e+000  0.000000e+000  
0.000000e+000  0.000000e+000  0.000000e+000  0.000000e+000  0.000000e+000  0.000000e+000  0.000000e+000  0.000000e+000  0.000000e+000  0.000000e+000  0.000000e+000  0.000000e+000  0.000000e+000  0.000000e+000  0.000000e+000  0.000000e+000  0.000000e+000  
0.000000e+000  0.000000e+000  0.000000e+000  0.000000e+000  0.000000e+000  0.000000e+000  0.000000e+000  0.000000e+000  0.000000e+000  0.000000e+000  0.000000e+000  0.000000e+000  0.000000e+000  0.000000e+000  0.000000e+000  0.000000e+000  0.000000e+000  
0.000000e+000  0.000000e+000  0.000000e+000  0.000000e+000  0.000000e+000  0.000000e+000  0.000000e+000  0.000000e+000  0.000000e+000  0.000000e+000  0.000000e+000  0.000000e+000  0.000000e+000  0.000000e+000  0.000000e+000  0.000000e+000  0.000000e+000  
0.000000e+000  0.000000e+000  0.000000e+000  0.000000e+000  0.000000e+000  0.000000e+000  0.000000e+000  0.000000e+000  0.000000e+000  0.000000e+000  0.000000e+000  0.000000e+000  0.000000e+000  0.000000e+000  0.000000e+000  0.000000e+000  0.000000e+000  
0.000000e+000  0.000000e+000  0.000000e+000  0.000000e+000  0.000000e+000  0.000000e+000  0.000000e+000  0.000000e+000  0.000000e+000  0.000000e+000  0.000000e+000  0.000000e+000  0.000000e+000  0.000000e+000  0.000000e+000  0.000000e+000  0.000000e+000  
0.000000e+000  0.000000e+000  0.000000e+000  0.000000e+000  0.000000e+000  0.000000e+000  0.000000e+000  0.000000e+000  0.000000e+000  0.000000e+000  0.000000e+000  0.000000e+000  0.000000e+000  0.000000e+000  0.000000e+000  0.000000e+000  0.000000e+000  
0.000000e+000  0.000000e+000  0.000000e+000  0.000000e+000  0.000000e+000  0.000000e+000  0.000000e+000  0.000000e+000  0.000000e+000  0.000000e+000  0.000000e+000  0.000000e+000  0.000000e+000  0.000000e+000  0.000000e+000  0.000000e+000  0.000000e+000  
0.000000e+000  0.000000e+000  0.000000e+000  0.000000e+000  0.000000e+000  0.000000e+000  0.000000e+000  0.000000e+000  0.000000e+000  0.000000e+000  0.000000e+000  0.000000e+000  0.000000e+000  0.000000e+000  0.000000e+000  0.000000e+000  0.000000e+000  
0.000000e+000  0.000000e+000  0.000000e+000  0.000000e+000  0.000000e+000  0.000000e+000  0.000000e+000  0.000000e+000  0.000000e+000  0.000000e+000  0.000000e+000  0.000000e+000  0.000000e+000  0.000000e+000  0.000000e+000  0.000000e+000  0.000000e+000  
0.000000e+000  0.000000e+000  0.000000e+000  0.000000e+000  0.000000e+000  0.000000e+000  0.000000e+000  0.000000e+000  0.000000e+000  0.000000e+000  0.000000e+000  0.000000e+000  0.000000e+000  0.000000e+000  0.000000e+000  0.000000e+000  0.000000e+000  
0.000000e+000  0.000000e+000  0.000000e+000  0.000000e+000  0.000000e+000  0.000000e+000  0.000000e+000  0.000000e+000  0.000000e+000  0.000000e+000  0.000000e+000  0.000000e+000  0.000000e+000  0.000000e+000  0.000000e+000  0.000000e+000  0.000000e+000  
0.000000e+000  0.000000e+000  0.000000e+000  0.000000e+000  0.000000e+000  0.000000e+000  0.000000e+000  0.000000e+000  0.000000e+000  0.000000e+000  0.000000e+000  0.000000e+000  0.000000e+000  0.000000e+000  0.000000e+000  0.000000e+000  0.000000e+000  
0.000000e+000  0.000000e+000  0.000000e+000  0.000000e+000  0.000000e+000  0.000000e+000  0.000000e+000  0.000000e+000  0.000000e+000  0.000000e+000  0.000000e+000  0.000000e+000  0.000000e+000  0.000000e+000  0.000000e+000  0.000000e+000  0.000000e+000  
0.000000e+000  0.000000e+000  0.000000e+000  0.000000e+000  0.000000e+000  0.000000e+000  0.000000e+000  0.000000e+000  0.000000e+000  0.000000e+000  0.000000e+000  0.000000e+000  0.000000e+000  0.000000e+000  0.000000e+000  0.000000e+000  0.000000e+000  
0.000000e+000  0.000000e+000  0.000000e+000  0.000000e+000  0.000000e+000  0.000000e+000  0.000000e+000  0.000000e+000  0.000000e+000  0.000000e+000  0.000000e+000  0.000000e+000  0.000000e+000  0.000000e+000  0.000000e+000  0.000000e+000  0.000000e+000  
0.000000e+000  0.000000e+000  0.000000e+000  0.000000e+000  0.000000e+000  0.000000e+000  0.000000e+000  0.000000e+000  0.000000e+000  0.000000e+000  0.000000e+000  0.000000e+000  0.000000e+000  0.000000e+000  0.000000e+000  0.000000e+000  0.000000e+000  
0.000000e+000  0.000000e+000  0.000000e+000  0.000000e+000  0.000000e+000  0.000000e+000  0.000000e+000  0.000000e+000  0.000000e+000  0.000000e+000  0.000000e+000  0.000000e+000  0.000000e+000  0.000000e+000  0.000000e+000  0.000000e+000  0.000000e+000  
0.000000e+000  0.000000e+000  0.000000e+000  0.000000e+000  0.000000e+000  0.000000e+000  0.000000e+000  0.000000e+000  0.000000e+000  0.000000e+000  0.000000e+000  0.000000e+000  0.000000e+000  0.000000e+000  0.000000e+000  0.000000e+000  0.000000e+000  
0.000000e+000  0.000000e+000  0.000000e+000  0.000000e+000  0.000000e+000  0.000000e+000  0.000000e+000  0.000000e+000  0.000000e+000  0.000000e+000  0.000000e+000  0.000000e+000  0.000000e+000  0.000000e+000  0.000000e+000  0.000000e+000  0.000000e+000  
0.000000e+000  0.000000e+000  0.000000e+000  0.000000e+000  0.000000e+000  0.000000e+000  0.000000e+000  0.000000e+000  0.000000e+000  0.000000e+000  0.000000e+000  0.000000e+000  0.000000e+000  0.000000e+000  0.000000e+000  0.000000e+000  0.000000e+000  
0.000000e+000  0.000000e+000  0.000000e+000  0.000000e+000  0.000000e+000  0.000000e+000  0.000000e+000  0.000000e+000  0.000000e+000  0.000000e+000  0.000000e+000  0.000000e+000  0.000000e+000  0.000000e+000  0.000000e+000  0.000000e+000  0.000000e+000  
0.000000e+000  0.000000e+000  0.000000e+000  0.000000e+000  0.000000e+000  0.000000e+000  0.000000e+000  0.000000e+000  0.000000e+000  0.000000e+000  0.000000e+000  0.000000e+000  0.000000e+000  0.000000e+000  0.000000e+000  0.000000e+000  0.000000e+000  
0.000000e+000  0.000000e+000  0.000000e+000  0.000000e+000  0.000000e+000  0.000000e+000  0.000000e+000  0.000000e+000  0.000000e+000  0.000000e+000  0.000000e+000  0.000000e+000  0.000000e+000  0.000000e+000  0.000000e+000  0.000000e+000  0.000000e+000  
0.000000e+000  0.000000e+000  0.000000e+000  0.000000e+000  0.000000e+000  0.000000e+000  0.000000e+000  0.000000e+000  0.000000e+000  0.000000e+000  0.000000e+000  0.000000e+000  0.000000e+000  0.000000e+000  0.000000e+000  0.000000e+000  0.000000e+000  
0.000000e+000  0.000000e+000  0.000000e+000  0.000000e+000  0.000000e+000  0.000000e+000  0.000000e+000  0.000000e+000  0.000000e+000  0.000000e+000  0.000000e+000  0.000000e+000  0.000000e+000  0.000000e+000  0.000000e+000  0.000000e+000  0.000000e+000  
0.000000e+000  0.000000e+000  0.000000e+000  0.000000e+000  0.000000e+000  0.000000e+000  0.000000e+000  0.000000e+000  0.000000e+000  0.000000e+000  0.000000e+000  0.000000e+000  0.000000e+000  0.000000e+000  0.000000e+000  0.000000e+000  0.000000e+000  
0.000000e+000  0.000000e+000  0.000000e+000  0.000000e+000  0.000000e+000  0.000000e+000  0.000000e+000  0.000000e+000  0.000000e+000  0.000000e+000  0.000000e+000  0.000000e+000  0.000000e+000  0.000000e+000  0.000000e+000  0.000000e+000  0.000000e+000  

-0.000000e+000  -6.260086e+000  -1.248429e+001  -1.863715e+001  -2.468396e+001  -2.516354e+001  -2.551866e+001  -2.576147e+001  -2.590499e+001  -2.596257e+001  -2.594743e+001  -2.587237e+001  -2.574945e+001  -2.539360e+001  -2.496863e+001  -2.385843e+001  -2.314859e+001  
-0.000000e+000  -6.581907e+000  -1.312429e+001  -1.958800e+001  -2.593467e+001  -2.634017e+001  -2.660932e+001  -2.675874e+001  -2.680542e+001  -2.676607e+001  -2.665660e+001  -2.649183e+001  -2.628523e+001  -2.578278e+001  -2.524090e+001  -2.395900e+001  -2.318625e+001  
-0.000000e+000  -7.906747e+000  -1.576032e+001  -2.350751e+001  -3.109513e+001  -3.112233e+001  -3.097216e+001  -3.068297e+001  -3.028978e+001  -2.982330e+001  -2.930963e+001  -2.877032e+001  -2.822273e+001  -2.714378e+001  -2.615882e+001  -2.426795e+001  -2.328486e+001  
-0.000000e+000  -9.930094e+000  -1.979746e+001  -2.953641e+001  -3.907589e+001  -3.820581e+001  -3.714705e+001  -3.598116e+001  -3.477231e+001  -3.356812e+001  -3.240195e+001  -3.129566e+001  -3.026233e+001  -2.843486e+001  -2.692833e+001  -2.444031e+001  -2.328471e+001  
-0.000000e+000  -1.288443e+001  -2.574598e+001  -3.854583e+001  -5.121532e+001  -4.820975e+001  -4.520488e+001  -4.234426e+001  -3.971009e+001  -3.733874e+001  -3.523602e+001  -3.338946e+001  -3.177726e+001  -2.917987e+001  -2.721615e+001  -2.435513e+001  -2.313366e+001  
-0.000000e+000  -1.446011e+001  -2.901260e+001  -4.371552e+001  -5.855912e+001  -5.347229e+001  -4.881563e+001  -4.471443e+001  -4.118802e+001  -3.819654e+001  -3.567461e+001  -3.355132e+001  -3.176022e+001  -2.900060e+001  -2.698653e+001  -2.417066e+001  -2.299095e+001  
-0.000000e+000  -1.565138e+001  -3.164655e+001  -4.827325e+001  -6.569008e+001  -5.763824e+001  -5.092299e+001  -4.550384e+001  -4.119299e+001  -3.777020e+001  -3.503703e+001  -3.283293e+001  -3.103414e+001  -2.837138e+001  -2.647972e+001  -2.389275e+001  -2.280759e+001  
-0.000000e+000  -1.573995e+001  -3.198950e+001  -4.921273e+001  -6.773105e+001  -5.822382e+001  -5.069869e+001  -4.490262e+001  -4.046183e+001  -3.703459e+001  -3.435386e+001  -3.222345e+001  -3.050205e+001  -2.798031e+001  -2.619764e+001  -2.375727e+001  -2.272436e+001  
-0.000000e+000  -1.549063e+001  -3.168645e+001  -4.929160e+001  -6.889566e+001  -5.783901e+001  -4.962783e+001  -4.364154e+001  -3.924208e+001  -3.594430e+001  -3.341427e+001  -3.142817e+001  -2.983499e+001  -2.751490e+001  -2.587514e+001  -2.361052e+001  -2.263709e+001  
-0.000000e+000  -1.477498e+001  -3.045132e+001  -4.804757e+001  -6.862650e+001  -5.604272e+001  -4.745647e+001  -4.160144e+001  -3.748791e+001  -3.448770e+001  -3.222085e+001  -3.045474e+001  -2.904183e+001  -2.698231e+001  -2.551729e+001  -2.345460e+001  -2.254689e+001  
-0.000000e+000  -1.346432e+001  -2.794898e+001  -4.483472e+001  -6.605225e+001  -5.224546e+001  -4.392454e+001  -3.870192e+001  -3.519209e+001  -3.268131e+001  -3.079480e+001  -2.932274e+001  -2.813900e+001  -2.639312e+001  -2.513071e+001  -2.329196e+001  -2.245499e+001  
-0.000000e+000  -1.200438e+001  -2.495990e+001  -4.044046e+001  -6.148623e+001  -4.746472e+001  -4.016824e+001  -3.590657e+001  -3.310437e+001  -3.109699e+001  -2.957355e+001  -2.836974e+001  -2.738909e+001  -2.591257e+001  -2.482039e+001  -2.316464e+001  -2.238431e+001  
-0.000000e+000  -1.017607e+001  -2.099374e+001  -3.389441e+001  -5.331718e+001  -4.068718e+001  -3.551871e+001  -3.268863e+001  -3.079219e+001  -2.938060e+001  -2.826887e+001  -2.736172e+001  -2.660222e+001  -2.541409e+001  -2.450190e+001  -2.303632e+001  -2.231402e+001  
-0.000000e+000  -8.099027e+000  -1.622148e+001  -2.482820e+001  -3.877371e+001  -3.168914e+001  -3.018285e+001  -2.920443e+001  -2.834754e+001  -2.758663e+001  -2.691470e+001  -2.632091e+001  -2.579343e+001  -2.490558e+001  -2.417957e+001  -2.290841e+001  -2.224476e+001  
-0.000000e+000  -6.011988e+000  -1.126048e+001  -1.369941e+001  -0.000000e+000  -2.103157e+001  -2.470135e+001  -2.569604e+001  -2.588600e+001  -2.577755e+001  -2.554839e+001  -2.527126e+001  -2.497877e+001  -2.439540e+001  -2.385789e+001  -2.278231e+001  -2.217720e+001  
-0.000000e+000  -3.616748e+000  -6.196547e+000  -6.024798e+000  -0.000000e+000  -1.247292e+001  -1.847735e+001  -2.127310e+001  -2.265734e+001  -2.336086e+001  -2.370615e+001  -2.384928e+001  -2.387272e+001  -2.370327e+001  -2.342308e+001  -2.261385e+001  -2.208789e+001  
-0.000000e+000  -1.980849e+000  -3.148293e+000  -2.639525e+000  -0.000000e+000  -8.204329e+000  -1.409649e+001  -1.767145e+001  -1.983466e+001  -2.116694e+001  -2.199799e+001  -2.251454e+001  -2.282679e+001  -2.304582e+001  -2.301017e+001  -2.245533e+001  -2.200467e+001  
-0.000000e+000  -4.965633e-001  -7.359915e-001  -5.531781e-001  -0.000000e+000  -4.811898e+000  -9.329788e+000  -1.292380e+001  -1.565724e+001  -1.768659e+001  -1.917197e+001  -2.024817e+001  -2.102059e+001  -2.189491e+001  -2.228394e+001  -2.217887e+001  -2.186127e+001  
-0.000000e+000  -8.084079e-002  -1.162063e-001  -8.377562e-002  -0.000000e+000  -3.338038e+000  -6.752502e+000  -9.813929e+000  -1.245170e+001  -1.465604e+001  -1.645466e+001  -1.789412e+001  -1.902754e+001  -2.053333e+001  -2.138807e+001  -2.183516e+001  -2.168617e+001  
-0.000000e+000  -4.965633e-001  -7.359915e-001  -5.531781e-001  -0.000000e+000  -4.811898e+000  -9.329788e+000  -1.292380e+001  -1.565724e+001  -1.768659e+001  -1.917197e+001  -2.024817e+001  -2.102059e+001  -2.189491e+001  -2.228394e+001  -2.217887e+001  -2.186127e+001  
-0.000000e+000  -1.980849e+000  -3.148293e+000  -2.639525e+000  -0.000000e+000  -8.204329e+000  -1.409649e+001  -1.767145e+001  -1.983466e+001  -2.116694e+001  -2.199799e+001  -2.251454e+001  -2.282679e+001  -2.304582e+001  -2.301017e+001  -2.245533e+001  -2.200467e+001  
-0.000000e+000  -3.616748e+000  -6.196547e+000  -6.024798e+000  -0.000000e+000  -1.247292e+001  -1.847735e+001  -2.127310e+001  -2.265734e+001  -2.336086e+001  -2.370615e+001  -2.384928e+001  -2.387272e+001  -2.370327e+001  -2.342308e+001  -2.261385e+001  -2.208789e+001  
-0.000000e+000  -6.011988e+000  -1.126048e+001  -1.369941e+001  -0.000000e+000  -2.103157e+001  -2.470135e+001  -2.569604e+001  -2.588600e+001  -2.577755e+001  -2.554839e+001  -2.527126e+001  -2.497877e+001  -2.439540e+001  -2.385789e+001  -2.278231e+001  -2.217720e+001  
-0.000000e+000  -8.099027e+000  -1.622148e+001  -2.482820e+001  -3.877371e+001  -3.168914e+001  -3.018285e+001  -2.920443e+001  -2.834754e+001  -2.758663e+001  -2.691470e+001  -2.632091e+001  -2.579343e+001  -2.490558e+001  -2.417957e+001  -2.290841e+001  -2.224476e+001  
-0.000000e+000  -1.017607e+001  -2.099374e+001  -3.389441e+001  -5.331718e+001  -4.068718e+001  -3.551871e+001  -3.268863e+001  -3.079219e+001  -2.938060e+001  -2.826887e+001  -2.736172e+001  -2.660222e+001  -2.541409e+001  -2.450190e+001  -2.303632e+001  -2.231402e+001  
-0.000000e+000  -1.200438e+001  -2.495990e+001  -4.044046e+001  -6.148623e+001  -4.746472e+001  -4.016824e+001  -3.590657e+001  -3.310437e+001  -3.109699e+001  -2.957355e+001  -2.836974e+001  -2.738909e+001  -2.591257e+001  -2.482039e+001  -2.316464e+001  -2.238431e+001  
-0.000000e+000  -1.346432e+001  -2.794898e+001  -4.483472e+001  -6.605225e+001  -5.224546e+001  -4.392454e+001  -3.870192e+001  -3.519209e+001  -3.268131e+001  -3.079480e+001  -2.932274e+001  -2.813900e+001  -2.639312e+001  -2.513071e+001  -2.329196e+001  -2.245499e+001  
-0.000000e+000  -1.477498e+001  -3.045132e+001  -4.804757e+001  -6.862650e+001  -5.604272e+001  -4.745647e+001  -4.160144e+001  -3.748791e+001  -3.448770e+001  -3.222085e+001  -3.045474e+001  -2.904183e+001  -2.698231e+001  -2.551729e+001  -2.345460e+001  -2.254689e+001  
-0.000000e+000  -1.549063e+001  -3.168645e+001  -4.929160e+001  -6.889566e+001  -5.783901e+001  -4.962783e+001  -4.364154e+001  -3.924208e+001  -3.594430e+001  -3.341427e+001  -3.142817e+001  -2.983499e+001  -2.751490e+001  -2.587514e+001  -2.361052e+001  -2.263709e+001  
-0.000000e+000  -1.573995e+001  -3.198950e+001  -4.921273e+001  -6.773105e+001  -5.822382e+001  -5.069869e+001  -4.490262e+001  -4.046183e+001  -3.703459e+001  -3.435386e+001  -3.222345e+001  -3.050205e+001  -2.798031e+001  -2.619764e+001  -2.375727e+001  -2.272436e+001  
-0.000000e+000  -1.565138e+001  -3.164655e+001  -4.827325e+001  -6.569008e+001  -5.763824e+001  -5.092299e+001  -4.550384e+001  -4.119299e+001  -3.777020e+001  -3.503703e+001  -3.283293e+001  -3.103414e+001  -2.837138e+001  -2.647972e+001  -2.389275e+001  -2.280759e+001  
-0.000000e+000  -1.446011e+001  -2.901260e+001  -4.371552e+001  -5.855912e+001  -5.347229e+001  -4.881563e+001  -4.471443e+001  -4.118802e+001  -3.819654e+001  -3.567461e+001  -3.355132e+001  -3.176022e+001  -2.900060e+001  -2.698653e+001  -2.417066e+001  -2.299095e+001  
-0.000000e+000  -1.288443e+001  -2.574598e+001  -3.854583e+001  -5.121532e+001  -4.820975e+001  -4.520488e+001  -4.234426e+001  -3.971009e+001  -3.733874e+001  -3.523602e+001  -3.338946e+001  -3.177726e+001  -2.917987e+001  -2.721615e+001  -2.435513e+001  -2.313366e+001  
-0.000000e+000  -9.930094e+000  -1.979746e+001  -2.953641e+001  -3.907589e+001  -3.820581e+001  -3.714705e+001  -3.598116e+001  -3.477231e+001  -3.356812e+001  -3.240195e+001  -3.129566e+001  -3.026233e+001  -2.843486e+001  -2.692833e+001  -2.444031e+001  -2.328471e+001  
-0.000000e+000  -7.906747e+000  -1.576032e+001  -2.350751e+001  -3.109513e+001  -3.112233e+001  -3.097216e+001  -3.068297e+001  -3.028978e+001  -2.982330e+001  -2.930963e+001  -2.877032e+001  -2.822273e+001  -2.714378e+001  -2.615882e+001  -2.426795e+001  -2.328486e+001  
-0.000000e+000  -6.581907e+000  -1.312429e+001  -1.958800e+001  -2.593467e+001  -2.634017e+001  -2.660932e+001  -2.675874e+001  -2.680542e+001  -2.676607e+001  -2.665660e+001  -2.649183e+001  -2.628523e+001  -2.578278e+001  -2.524090e+001  -2.395900e+001  -2.318625e+001  
-0.000000e+000  -6.260086e+000  -1.248429e+001  -1.863715e+001  -2.468396e+001  -2.516354e+001  -2.551866e+001  -2.576147e+001  -2.590499e+001  -2.596257e+001  -2.594743e+001  -2.587237e+001  -2.574945e+001  -2.539360e+001  -2.496863e+001  -2.385843e+001  -2.314859e+001  

