Port monitor named: Port1_h1.prt

nx        = 37
ny        = 4
nz        = 19

nu        = 17
nv        = 35
iu        = 2
iv        = 2

idir      = 1
dcut      = -4.860000e-002
icut      = 2
type      = 1
frequency = 2.400000e+009

fcutoff   = 0.000000e+000
alpha     = 0.000000e+000
beta      = 9.209824e+001
accuracy  = 1.748146e-010

type          = QTEM
wave imp.     = 2.496497e+002
wave imp.sig. = 5.346172e-009
line imp.     = 5.437312e+001

ref. port     = 0

-0.000000e+000  1.336326e-002  2.641085e-002  3.884333e-002  5.039230e-002  6.192387e-002  7.197060e-002  8.039877e-002  8.715342e-002  9.225202e-002  9.577382e-002  9.784684e-002  9.863394e-002  9.690343e-002  9.235621e-002  7.411747e-002  6.063356e-002  
-0.000000e+000  4.909229e-002  9.682478e-002  1.419215e-001  1.832654e-001  2.237526e-001  2.580619e-001  2.857796e-001  3.068499e-001  3.215253e-001  3.302999e-001  3.338374e-001  3.329023e-001  3.200311e-001  2.988577e-001  2.297353e-001  1.835114e-001  
-0.000000e+000  1.156655e-001  2.269409e-001  3.298003e-001  4.209018e-001  5.055442e-001  5.718327e-001  6.195026e-001  6.494943e-001  6.636238e-001  6.642346e-001  6.538910e-001  6.351400e-001  5.795231e-001  5.154268e-001  3.592643e-001  2.720393e-001  
-0.000000e+000  2.418993e-001  4.710171e-001  6.759069e-001  8.476628e-001  9.934433e-001  1.091461e+000  1.144564e+000  1.158869e+000  1.142101e+000  1.102234e+000  1.046591e+000  9.813921e-001  8.372542e-001  7.003291e-001  4.373991e-001  3.127962e-001  
-0.000000e+000  4.791872e-001  9.242761e-001  1.304686e+000  1.597473e+000  1.807616e+000  1.903586e+000  1.904408e+000  1.835493e+000  1.721669e+000  1.583459e+000  1.436030e+000  1.289663e+000  1.019423e+000  7.977080e-001  4.503348e-001  3.067713e-001  
-0.000000e+000  7.651139e-001  1.468712e+000  2.051975e+000  2.467270e+000  2.708130e+000  2.744402e+000  2.632057e+000  2.430931e+000  2.188811e+000  1.937872e+000  1.697124e+000  1.476358e+000  1.106934e+000  8.275990e-001  4.376178e-001  2.887948e-001  
-0.000000e+000  1.131630e+000  2.175156e+000  3.029086e+000  3.588273e+000  3.800747e+000  3.672421e+000  3.348745e+000  2.948901e+000  2.544868e+000  2.171813e+000  1.842888e+000  1.559950e+000  1.122580e+000  8.116096e-001  4.109113e-001  2.657138e-001  
-0.000000e+000  1.405326e+000  2.715730e+000  3.798191e+000  4.479225e+000  4.630326e+000  4.326673e+000  3.814143e+000  3.258227e+000  2.739614e+000  2.287291e+000  1.905202e+000  1.587149e+000  1.115509e+000  7.909756e-001  3.905928e-001  2.496214e-001  
-0.000000e+000  1.741174e+000  3.405742e+000  4.830750e+000  5.711713e+000  5.707532e+000  5.096062e+000  4.305310e+000  3.549553e+000  2.900433e+000  2.366432e+000  1.934271e+000  1.585858e+000  1.089359e+000  7.580947e-001  3.656380e-001  2.311038e-001  
-0.000000e+000  2.127010e+000  4.252651e+000  6.220451e+000  7.498841e+000  7.115122e+000  5.965155e+000  4.780382e+000  3.785757e+000  3.001155e+000  2.392280e+000  1.919507e+000  1.549647e+000  1.041675e+000  7.122170e-001  3.360880e-001  2.102671e-001  
-0.000000e+000  2.467799e+000  5.090838e+000  7.846352e+000  9.974720e+000  8.725275e+000  6.752062e+000  5.112050e+000  3.896611e+000  3.008284e+000  2.351802e+000  1.858684e+000  1.481872e+000  9.789818e-001  6.599367e-001  3.060831e-001  1.899599e-001  
-0.000000e+000  2.702942e+000  5.765544e+000  9.496552e+000  1.331534e+001  1.035241e+001  7.331819e+000  5.267749e+000  3.891125e+000  2.942554e+000  2.266126e+000  1.770010e+000  1.397341e+000  9.105169e-001  6.068540e-001  2.776032e-001  1.711794e-001  
-0.000000e+000  2.798884e+000  6.181427e+000  1.111131e+001  1.903673e+001  1.200157e+001  7.613002e+000  5.208865e+000  3.752252e+000  2.792194e+000  2.124494e+000  1.643109e+000  1.286185e+000  8.279671e-001  5.462524e-001  2.468143e-001  1.513205e-001  
-0.000000e+000  2.669192e+000  5.999337e+000  1.156857e+001  2.999130e+001  1.282152e+001  7.271930e+000  4.853453e+000  3.458360e+000  2.550782e+000  1.924965e+000  1.477614e+000  1.148667e+000  7.318258e-001  4.785681e-001  2.139151e-001  1.304933e-001  
-0.000000e+000  2.226299e+000  4.795402e+000  8.152240e+000  -0.000000e+000  8.000050e+000  5.748577e+000  4.076088e+000  2.945265e+000  2.172182e+000  1.631682e+000  1.245035e+000  9.619060e-001  6.067620e-001  3.933161e-001  1.739273e-001  1.055683e-001  
-0.000000e+000  1.501509e+000  2.919496e+000  3.568919e+000  -0.000000e+000  3.833291e+000  3.721922e+000  2.911537e+000  2.176656e+000  1.621750e+000  1.219268e+000  9.277948e-001  7.139279e-001  4.469089e-001  2.876504e-001  1.260890e-001  7.621904e-002  
-0.000000e+000  4.953749e-001  8.560373e-001  8.178513e-001  -0.000000e+000  9.978039e-001  1.243625e+000  1.107166e+000  8.820822e-001  6.759171e-001  5.131563e-001  3.908395e-001  2.998563e-001  1.860387e-001  1.186539e-001  5.141187e-002  3.091043e-002  
-0.000000e+000  -4.953749e-001  -8.560373e-001  -8.178513e-001  -0.000000e+000  -9.978039e-001  -1.243625e+000  -1.107166e+000  -8.820822e-001  -6.759171e-001  -5.131563e-001  -3.908395e-001  -2.998563e-001  -1.860387e-001  -1.186539e-001  -5.141187e-002  -3.091043e-002  
-0.000000e+000  -1.501509e+000  -2.919496e+000  -3.568919e+000  -0.000000e+000  -3.833291e+000  -3.721922e+000  -2.911537e+000  -2.176656e+000  -1.621750e+000  -1.219268e+000  -9.277948e-001  -7.139279e-001  -4.469089e-001  -2.876504e-001  -1.260890e-001  -7.621904e-002  
-0.000000e+000  -2.226299e+000  -4.795402e+000  -8.152240e+000  -0.000000e+000  -8.000050e+000  -5.748577e+000  -4.076088e+000  -2.945265e+000  -2.172182e+000  -1.631682e+000  -1.245035e+000  -9.619060e-001  -6.067620e-001  -3.933161e-001  -1.739273e-001  -1.055683e-001  
-0.000000e+000  -2.669192e+000  -5.999337e+000  -1.156857e+001  -2.999130e+001  -1.282152e+001  -7.271930e+000  -4.853453e+000  -3.458360e+000  -2.550782e+000  -1.924965e+000  -1.477614e+000  -1.148667e+000  -7.318258e-001  -4.785681e-001  -2.139152e-001  -1.304932e-001  
-0.000000e+000  -2.798884e+000  -6.181427e+000  -1.111131e+001  -1.903673e+001  -1.200157e+001  -7.613002e+000  -5.208865e+000  -3.752252e+000  -2.792194e+000  -2.124494e+000  -1.643109e+000  -1.286185e+000  -8.279671e-001  -5.462524e-001  -2.468142e-001  -1.513205e-001  
-0.000000e+000  -2.702942e+000  -5.765544e+000  -9.496552e+000  -1.331534e+001  -1.035241e+001  -7.331819e+000  -5.267749e+000  -3.891125e+000  -2.942554e+000  -2.266126e+000  -1.770010e+000  -1.397341e+000  -9.105169e-001  -6.068540e-001  -2.776032e-001  -1.711793e-001  
-0.000000e+000  -2.467799e+000  -5.090838e+000  -7.846352e+000  -9.974720e+000  -8.725275e+000  -6.752062e+000  -5.112050e+000  -3.896611e+000  -3.008284e+000  -2.351802e+000  -1.858684e+000  -1.481872e+000  -9.789818e-001  -6.599367e-001  -3.060831e-001  -1.899599e-001  
-0.000000e+000  -2.127010e+000  -4.252651e+000  -6.220451e+000  -7.498841e+000  -7.115122e+000  -5.965155e+000  -4.780382e+000  -3.785757e+000  -3.001155e+000  -2.392280e+000  -1.919507e+000  -1.549647e+000  -1.041675e+000  -7.122170e-001  -3.360880e-001  -2.102671e-001  
-0.000000e+000  -1.741174e+000  -3.405742e+000  -4.830750e+000  -5.711713e+000  -5.707532e+000  -5.096062e+000  -4.305310e+000  -3.549553e+000  -2.900433e+000  -2.366432e+000  -1.934271e+000  -1.585858e+000  -1.089359e+000  -7.580947e-001  -3.656380e-001  -2.311038e-001  
-0.000000e+000  -1.405326e+000  -2.715730e+000  -3.798191e+000  -4.479225e+000  -4.630326e+000  -4.326673e+000  -3.814143e+000  -3.258227e+000  -2.739614e+000  -2.287291e+000  -1.905202e+000  -1.587149e+000  -1.115509e+000  -7.909756e-001  -3.905928e-001  -2.496214e-001  
-0.000000e+000  -1.131630e+000  -2.175156e+000  -3.029086e+000  -3.588273e+000  -3.800747e+000  -3.672421e+000  -3.348745e+000  -2.948901e+000  -2.544868e+000  -2.171813e+000  -1.842888e+000  -1.559950e+000  -1.122580e+000  -8.116096e-001  -4.109113e-001  -2.657137e-001  
-0.000000e+000  -7.651139e-001  -1.468712e+000  -2.051975e+000  -2.467270e+000  -2.708130e+000  -2.744402e+000  -2.632057e+000  -2.430931e+000  -2.188811e+000  -1.937872e+000  -1.697124e+000  -1.476358e+000  -1.106934e+000  -8.275990e-001  -4.376178e-001  -2.887948e-001  
-0.000000e+000  -4.791872e-001  -9.242761e-001  -1.304686e+000  -1.597473e+000  -1.807616e+000  -1.903586e+000  -1.904408e+000  -1.835493e+000  -1.721669e+000  -1.583459e+000  -1.436030e+000  -1.289663e+000  -1.019423e+000  -7.977080e-001  -4.503348e-001  -3.067713e-001  
-0.000000e+000  -2.418993e-001  -4.710171e-001  -6.759069e-001  -8.476628e-001  -9.934433e-001  -1.091461e+000  -1.144564e+000  -1.158869e+000  -1.142101e+000  -1.102234e+000  -1.046591e+000  -9.813921e-001  -8.372542e-001  -7.003291e-001  -4.373991e-001  -3.127962e-001  
-0.000000e+000  -1.156655e-001  -2.269409e-001  -3.298003e-001  -4.209018e-001  -5.055442e-001  -5.718327e-001  -6.195026e-001  -6.494943e-001  -6.636238e-001  -6.642346e-001  -6.538910e-001  -6.351400e-001  -5.795231e-001  -5.154268e-001  -3.592643e-001  -2.720393e-001  
-0.000000e+000  -4.909229e-002  -9.682478e-002  -1.419215e-001  -1.832654e-001  -2.237526e-001  -2.580619e-001  -2.857796e-001  -3.068499e-001  -3.215253e-001  -3.302999e-001  -3.338374e-001  -3.329023e-001  -3.200311e-001  -2.988577e-001  -2.297353e-001  -1.835114e-001  
-0.000000e+000  -1.336326e-002  -2.641085e-002  -3.884333e-002  -5.039230e-002  -6.192387e-002  -7.197060e-002  -8.039877e-002  -8.715343e-002  -9.225202e-002  -9.577382e-002  -9.784684e-002  -9.863394e-002  -9.690343e-002  -9.235621e-002  -7.411747e-002  -6.063356e-002  
-0.000000e+000  -0.000000e+000  -0.000000e+000  -0.000000e+000  -0.000000e+000  -0.000000e+000  -0.000000e+000  -0.000000e+000  -0.000000e+000  -0.000000e+000  -0.000000e+000  -0.000000e+000  -0.000000e+000  -0.000000e+000  -0.000000e+000  -0.000000e+000  -0.000000e+000  

-1.057751e+000  -1.050436e+000  -1.035953e+000  -1.014587e+000  -9.878149e-001  -9.565206e-001  -9.203584e-001  -8.801133e-001  -8.365960e-001  -7.906080e-001  -7.429122e-001  -6.942090e-001  -6.205756e-001  -5.240496e-001  -3.579191e-001  -1.179255e-001  -0.000000e+000  
-1.130561e+000  -1.121725e+000  -1.104276e+000  -1.078643e+000  -1.046372e+000  -1.008505e+000  -9.651687e-001  -9.174849e-001  -8.665743e-001  -8.135042e-001  -7.592479e-001  -7.046582e-001  -6.233488e-001  -5.199344e-001  -3.469613e-001  -1.117750e-001  -0.000000e+000  
-1.431747e+000  -1.415483e+000  -1.383621e+000  -1.337431e+000  -1.278849e+000  -1.209925e+000  -1.133389e+000  -1.052110e+000  -9.687159e-001  -8.854628e-001  -8.041648e-001  -7.261832e-001  -6.155906e-001  -4.885324e-001  -2.963936e-001  -8.707270e-002  -0.000000e+000  
-1.956304e+000  -1.921978e+000  -1.855459e+000  -1.760769e+000  -1.641305e+000  -1.502770e+000  -1.355427e+000  -1.206620e+000  -1.062243e+000  -9.265406e-001  -8.021848e-001  -6.905178e-001  -5.425263e-001  -3.947670e-001  -2.019032e-001  -5.013795e-002  -0.000000e+000  
-2.980719e+000  -2.896194e+000  -2.734449e+000  -2.509351e+000  -2.230790e+000  -1.919202e+000  -1.608551e+000  -1.317863e+000  -1.058847e+000  -8.367319e-001  -6.519896e-001  -5.021221e-001  -3.235805e-001  -1.813594e-001  -4.117922e-002  2.071746e-003  -0.000000e+000  
-3.964056e+000  -3.813236e+000  -3.525681e+000  -3.129987e+000  -2.649211e+000  -2.132988e+000  -1.651021e+000  -1.233720e+000  -8.918968e-001  -6.232898e-001  -4.190088e-001  -2.679798e-001  -1.051272e-001  -1.243541e-003  6.733657e-002  3.250627e-002  -0.000000e+000  
-5.510691e+000  -5.240621e+000  -4.719691e+000  -3.998010e+000  -3.130338e+000  -2.248883e+000  -1.500037e+000  -9.212606e-001  -5.023547e-001  -2.137022e-001  -2.329575e-002  9.615769e-002  2.002769e-001  2.296415e-001  1.905589e-001  6.429650e-002  -0.000000e+000  
-6.456040e+000  -6.114812e+000  -5.440620e+000  -4.480451e+000  -3.313407e+000  -2.178619e+000  -1.283293e+000  -6.457639e-001  -2.212579e-001  4.684987e-002  2.067436e-001  2.940416e-001  3.530362e-001  3.379728e-001  2.437670e-001  7.730558e-002  -0.000000e+000  
-7.624418e+000  -7.206680e+000  -6.348457e+000  -5.063691e+000  -3.453258e+000  -1.980894e+000  -9.286549e-001  -2.560581e-001  1.438499e-001  3.656573e-001  4.759752e-001  5.179221e-001  5.186269e-001  4.515216e-001  2.971024e-001  8.996472e-002  -0.000000e+000  
-9.065910e+000  -8.586771e+000  -7.535573e+000  -5.811149e+000  -3.481044e+000  -1.558376e+000  -3.703360e-001  2.802078e-001  6.048780e-001  7.446852e-001  7.822969e-001  7.644487e-001  6.937003e-001  5.678527e-001  3.495273e-001  1.020702e-001  -0.000000e+000  
-1.082057e+001  -1.034140e+001  -9.164192e+000  -6.883112e+000  -3.232233e+000  -7.415736e-001  4.769525e-001  9.919912e-001  1.165758e+000  1.179174e+000  1.118956e+000  1.027236e+000  8.734539e-001  6.839063e-001  3.998917e-001  1.134118e-001  -0.000000e+000  
-1.237427e+001  -1.199256e+001  -1.089977e+001  -8.232388e+000  -2.557060e+000  3.452909e-001  1.381053e+000  1.661025e+000  1.653668e+000  1.538876e+000  1.388472e+000  1.232668e+000  1.009957e+000  7.700890e-001  4.362099e-001  1.214316e-001  -0.000000e+000  
-1.407318e+001  -1.391605e+001  -1.324099e+001  -1.063237e+001  -9.208868e-001  2.020252e+000  2.523738e+000  2.421184e+000  2.176035e+000  1.910367e+000  1.660206e+000  1.436250e+000  1.142340e+000  8.522532e-001  4.700490e-001  1.287891e-001  -0.000000e+000  
-1.583036e+001  -1.603704e+001  -1.632594e+001  -1.558324e+001  3.000700e+000  4.463817e+000  3.858262e+000  3.227162e+000  2.705676e+000  2.277685e+000  1.924303e+000  1.631541e+000  1.267133e+000  9.285856e-001  5.008602e-001  1.353970e-001  -0.000000e+000  
-1.750517e+001  -1.812363e+001  -1.980616e+001  -2.458542e+001  1.502933e+001  7.560667e+000  5.202269e+000  3.999811e+000  3.206872e+000  2.622347e+000  2.170022e+000  1.811745e+000  1.380794e+000  9.972869e-001  5.281191e-001  1.411739e-001  -0.000000e+000  
-1.932138e+001  -2.021799e+001  -2.253949e+001  -2.821407e+001  1.489418e+001  9.184254e+000  6.408016e+000  4.813629e+000  3.762063e+000  3.009613e+000  2.446373e+000  2.013595e+000  1.506825e+000  1.072641e+000  5.575231e-001  1.473326e-001  -0.000000e+000  
-2.054759e+001  -2.137766e+001  -2.308033e+001  -2.535089e+001  1.184203e+001  9.251887e+000  6.988641e+000  5.341506e+000  4.160389e+000  3.298046e+000  2.654811e+000  2.166174e+000  1.601661e+000  1.128914e+000  5.791932e-001  1.518283e-001  -0.000000e+000  
-2.135908e+001  -2.197220e+001  -2.303179e+001  -2.404423e+001  1.024954e+001  8.882538e+000  7.179121e+000  5.663089e+000  4.455791e+000  3.531210e+000  2.829796e+000  2.296078e+000  1.682587e+000  1.176583e+000  5.972490e-001  1.555274e-001  -0.000000e+000  
-2.054759e+001  -2.137766e+001  -2.308033e+001  -2.535089e+001  1.184203e+001  9.251887e+000  6.988641e+000  5.341506e+000  4.160389e+000  3.298046e+000  2.654811e+000  2.166174e+000  1.601661e+000  1.128914e+000  5.791932e-001  1.518283e-001  -0.000000e+000  
-1.932138e+001  -2.021799e+001  -2.253949e+001  -2.821407e+001  1.489418e+001  9.184254e+000  6.408016e+000  4.813629e+000  3.762063e+000  3.009613e+000  2.446373e+000  2.013595e+000  1.506825e+000  1.072641e+000  5.575231e-001  1.473326e-001  -0.000000e+000  
-1.750517e+001  -1.812363e+001  -1.980616e+001  -2.458542e+001  1.502933e+001  7.560667e+000  5.202269e+000  3.999811e+000  3.206872e+000  2.622347e+000  2.170022e+000  1.811745e+000  1.380794e+000  9.972869e-001  5.281191e-001  1.411739e-001  -0.000000e+000  
-1.583036e+001  -1.603704e+001  -1.632594e+001  -1.558324e+001  3.000700e+000  4.463817e+000  3.858262e+000  3.227162e+000  2.705676e+000  2.277685e+000  1.924304e+000  1.631541e+000  1.267133e+000  9.285856e-001  5.008602e-001  1.353970e-001  -0.000000e+000  
-1.407318e+001  -1.391605e+001  -1.324099e+001  -1.063237e+001  -9.208868e-001  2.020252e+000  2.523738e+000  2.421184e+000  2.176035e+000  1.910367e+000  1.660206e+000  1.436250e+000  1.142340e+000  8.522532e-001  4.700490e-001  1.287891e-001  -0.000000e+000  
-1.237427e+001  -1.199256e+001  -1.089977e+001  -8.232388e+000  -2.557060e+000  3.452909e-001  1.381053e+000  1.661025e+000  1.653668e+000  1.538876e+000  1.388472e+000  1.232668e+000  1.009957e+000  7.700890e-001  4.362099e-001  1.214316e-001  -0.000000e+000  
-1.082057e+001  -1.034140e+001  -9.164192e+000  -6.883112e+000  -3.232233e+000  -7.415736e-001  4.769525e-001  9.919912e-001  1.165758e+000  1.179174e+000  1.118956e+000  1.027236e+000  8.734539e-001  6.839063e-001  3.998917e-001  1.134118e-001  -0.000000e+000  
-9.065910e+000  -8.586771e+000  -7.535573e+000  -5.811149e+000  -3.481044e+000  -1.558376e+000  -3.703360e-001  2.802078e-001  6.048780e-001  7.446852e-001  7.822969e-001  7.644487e-001  6.937003e-001  5.678527e-001  3.495273e-001  1.020702e-001  -0.000000e+000  
-7.624418e+000  -7.206680e+000  -6.348457e+000  -5.063691e+000  -3.453258e+000  -1.980894e+000  -9.286549e-001  -2.560581e-001  1.438499e-001  3.656573e-001  4.759752e-001  5.179221e-001  5.186269e-001  4.515216e-001  2.971024e-001  8.996472e-002  -0.000000e+000  
-6.456040e+000  -6.114812e+000  -5.440620e+000  -4.480451e+000  -3.313407e+000  -2.178619e+000  -1.283293e+000  -6.457639e-001  -2.212579e-001  4.684987e-002  2.067436e-001  2.940416e-001  3.530362e-001  3.379728e-001  2.437670e-001  7.730558e-002  -0.000000e+000  
-5.510691e+000  -5.240621e+000  -4.719691e+000  -3.998010e+000  -3.130338e+000  -2.248883e+000  -1.500037e+000  -9.212606e-001  -5.023547e-001  -2.137022e-001  -2.329576e-002  9.615769e-002  2.002769e-001  2.296415e-001  1.905589e-001  6.429650e-002  -0.000000e+000  
-3.964056e+000  -3.813236e+000  -3.525681e+000  -3.129987e+000  -2.649211e+000  -2.132988e+000  -1.651021e+000  -1.233720e+000  -8.918968e-001  -6.232898e-001  -4.190088e-001  -2.679798e-001  -1.051272e-001  -1.243541e-003  6.733657e-002  3.250627e-002  -0.000000e+000  
-2.980719e+000  -2.896194e+000  -2.734449e+000  -2.509351e+000  -2.230790e+000  -1.919202e+000  -1.608551e+000  -1.317863e+000  -1.058847e+000  -8.367319e-001  -6.519896e-001  -5.021221e-001  -3.235805e-001  -1.813594e-001  -4.117921e-002  2.071746e-003  -0.000000e+000  
-1.956304e+000  -1.921978e+000  -1.855459e+000  -1.760769e+000  -1.641305e+000  -1.502770e+000  -1.355427e+000  -1.206620e+000  -1.062243e+000  -9.265406e-001  -8.021848e-001  -6.905178e-001  -5.425263e-001  -3.947670e-001  -2.019032e-001  -5.013795e-002  -0.000000e+000  
-1.431747e+000  -1.415483e+000  -1.383621e+000  -1.337431e+000  -1.278849e+000  -1.209925e+000  -1.133389e+000  -1.052110e+000  -9.687159e-001  -8.854628e-001  -8.041648e-001  -7.261832e-001  -6.155906e-001  -4.885324e-001  -2.963936e-001  -8.707270e-002  -0.000000e+000  
-1.130561e+000  -1.121725e+000  -1.104276e+000  -1.078643e+000  -1.046372e+000  -1.008505e+000  -9.651687e-001  -9.174849e-001  -8.665743e-001  -8.135042e-001  -7.592479e-001  -7.046582e-001  -6.233488e-001  -5.199344e-001  -3.469613e-001  -1.117750e-001  -0.000000e+000  
-1.057751e+000  -1.050436e+000  -1.035953e+000  -1.014587e+000  -9.878149e-001  -9.565206e-001  -9.203584e-001  -8.801133e-001  -8.365960e-001  -7.906080e-001  -7.429122e-001  -6.942090e-001  -6.205756e-001  -5.240496e-001  -3.579191e-001  -1.179255e-001  -0.000000e+000  

0.000000e+000  0.000000e+000  0.000000e+000  0.000000e+000  0.000000e+000  0.000000e+000  0.000000e+000  0.000000e+000  0.000000e+000  0.000000e+000  0.000000e+000  0.000000e+000  0.000000e+000  0.000000e+000  0.000000e+000  0.000000e+000  0.000000e+000  
0.000000e+000  0.000000e+000  0.000000e+000  0.000000e+000  0.000000e+000  0.000000e+000  0.000000e+000  0.000000e+000  0.000000e+000  0.000000e+000  0.000000e+000  0.000000e+000  0.000000e+000  0.000000e+000  0.000000e+000  0.000000e+000  0.000000e+000  
0.000000e+000  0.000000e+000  0.000000e+000  0.000000e+000  0.000000e+000  0.000000e+000  0.000000e+000  0.000000e+000  0.000000e+000  0.000000e+000  0.000000e+000  0.000000e+000  0.000000e+000  0.000000e+000  0.000000e+000  0.000000e+000  0.000000e+000  
0.000000e+000  0.000000e+000  0.000000e+000  0.000000e+000  0.000000e+000  0.000000e+000  0.000000e+000  0.000000e+000  0.000000e+000  0.000000e+000  0.000000e+000  0.000000e+000  0.000000e+000  0.000000e+000  0.000000e+000  0.000000e+000  0.000000e+000  
0.000000e+000  0.000000e+000  0.000000e+000  0.000000e+000  0.000000e+000  0.000000e+000  0.000000e+000  0.000000e+000  0.000000e+000  0.000000e+000  0.000000e+000  0.000000e+000  0.000000e+000  0.000000e+000  0.000000e+000  0.000000e+000  0.000000e+000  
0.000000e+000  0.000000e+000  0.000000e+000  0.000000e+000  0.000000e+000  0.000000e+000  0.000000e+000  0.000000e+000  0.000000e+000  0.000000e+000  0.000000e+000  0.000000e+000  0.000000e+000  0.000000e+000  0.000000e+000  0.000000e+000  0.000000e+000  
0.000000e+000  0.000000e+000  0.000000e+000  0.000000e+000  0.000000e+000  0.000000e+000  0.000000e+000  0.000000e+000  0.000000e+000  0.000000e+000  0.000000e+000  0.000000e+000  0.000000e+000  0.000000e+000  0.000000e+000  0.000000e+000  0.000000e+000  
0.000000e+000  0.000000e+000  0.000000e+000  0.000000e+000  0.000000e+000  0.000000e+000  0.000000e+000  0.000000e+000  0.000000e+000  0.000000e+000  0.000000e+000  0.000000e+000  0.000000e+000  0.000000e+000  0.000000e+000  0.000000e+000  0.000000e+000  
0.000000e+000  0.000000e+000  0.000000e+000  0.000000e+000  0.000000e+000  0.000000e+000  0.000000e+000  0.000000e+000  0.000000e+000  0.000000e+000  0.000000e+000  0.000000e+000  0.000000e+000  0.000000e+000  0.000000e+000  0.000000e+000  0.000000e+000  
0.000000e+000  0.000000e+000  0.000000e+000  0.000000e+000  0.000000e+000  0.000000e+000  0.000000e+000  0.000000e+000  0.000000e+000  0.000000e+000  0.000000e+000  0.000000e+000  0.000000e+000  0.000000e+000  0.000000e+000  0.000000e+000  0.000000e+000  
0.000000e+000  0.000000e+000  0.000000e+000  0.000000e+000  0.000000e+000  0.000000e+000  0.000000e+000  0.000000e+000  0.000000e+000  0.000000e+000  0.000000e+000  0.000000e+000  0.000000e+000  0.000000e+000  0.000000e+000  0.000000e+000  0.000000e+000  
0.000000e+000  0.000000e+000  0.000000e+000  0.000000e+000  0.000000e+000  0.000000e+000  0.000000e+000  0.000000e+000  0.000000e+000  0.000000e+000  0.000000e+000  0.000000e+000  0.000000e+000  0.000000e+000  0.000000e+000  0.000000e+000  0.000000e+000  
0.000000e+000  0.000000e+000  0.000000e+000  0.000000e+000  0.000000e+000  0.000000e+000  0.000000e+000  0.000000e+000  0.000000e+000  0.000000e+000  0.000000e+000  0.000000e+000  0.000000e+000  0.000000e+000  0.000000e+000  0.000000e+000  0.000000e+000  
0.000000e+000  0.000000e+000  0.000000e+000  0.000000e+000  0.000000e+000  0.000000e+000  0.000000e+000  0.000000e+000  0.000000e+000  0.000000e+000  0.000000e+000  0.000000e+000  0.000000e+000  0.000000e+000  0.000000e+000  0.000000e+000  0.000000e+000  
0.000000e+000  0.000000e+000  0.000000e+000  0.000000e+000  0.000000e+000  0.000000e+000  0.000000e+000  0.000000e+000  0.000000e+000  0.000000e+000  0.000000e+000  0.000000e+000  0.000000e+000  0.000000e+000  0.000000e+000  0.000000e+000  0.000000e+000  
0.000000e+000  0.000000e+000  0.000000e+000  0.000000e+000  0.000000e+000  0.000000e+000  0.000000e+000  0.000000e+000  0.000000e+000  0.000000e+000  0.000000e+000  0.000000e+000  0.000000e+000  0.000000e+000  0.000000e+000  0.000000e+000  0.000000e+000  
0.000000e+000  0.000000e+000  0.000000e+000  0.000000e+000  0.000000e+000  0.000000e+000  0.000000e+000  0.000000e+000  0.000000e+000  0.000000e+000  0.000000e+000  0.000000e+000  0.000000e+000  0.000000e+000  0.000000e+000  0.000000e+000  0.000000e+000  
0.000000e+000  0.000000e+000  0.000000e+000  0.000000e+000  0.000000e+000  0.000000e+000  0.000000e+000  0.000000e+000  0.000000e+000  0.000000e+000  0.000000e+000  0.000000e+000  0.000000e+000  0.000000e+000  0.000000e+000  0.000000e+000  0.000000e+000  
0.000000e+000  0.000000e+000  0.000000e+000  0.000000e+000  0.000000e+000  0.000000e+000  0.000000e+000  0.000000e+000  0.000000e+000  0.000000e+000  0.000000e+000  0.000000e+000  0.000000e+000  0.000000e+000  0.000000e+000  0.000000e+000  0.000000e+000  
0.000000e+000  0.000000e+000  0.000000e+000  0.000000e+000  0.000000e+000  0.000000e+000  0.000000e+000  0.000000e+000  0.000000e+000  0.000000e+000  0.000000e+000  0.000000e+000  0.000000e+000  0.000000e+000  0.000000e+000  0.000000e+000  0.000000e+000  
0.000000e+000  0.000000e+000  0.000000e+000  0.000000e+000  0.000000e+000  0.000000e+000  0.000000e+000  0.000000e+000  0.000000e+000  0.000000e+000  0.000000e+000  0.000000e+000  0.000000e+000  0.000000e+000  0.000000e+000  0.000000e+000  0.000000e+000  
0.000000e+000  0.000000e+000  0.000000e+000  0.000000e+000  0.000000e+000  0.000000e+000  0.000000e+000  0.000000e+000  0.000000e+000  0.000000e+000  0.000000e+000  0.000000e+000  0.000000e+000  0.000000e+000  0.000000e+000  0.000000e+000  0.000000e+000  
0.000000e+000  0.000000e+000  0.000000e+000  0.000000e+000  0.000000e+000  0.000000e+000  0.000000e+000  0.000000e+000  0.000000e+000  0.000000e+000  0.000000e+000  0.000000e+000  0.000000e+000  0.000000e+000  0.000000e+000  0.000000e+000  0.000000e+000  
0.000000e+000  0.000000e+000  0.000000e+000  0.000000e+000  0.000000e+000  0.000000e+000  0.000000e+000  0.000000e+000  0.000000e+000  0.000000e+000  0.000000e+000  0.000000e+000  0.000000e+000  0.000000e+000  0.000000e+000  0.000000e+000  0.000000e+000  
0.000000e+000  0.000000e+000  0.000000e+000  0.000000e+000  0.000000e+000  0.000000e+000  0.000000e+000  0.000000e+000  0.000000e+000  0.000000e+000  0.000000e+000  0.000000e+000  0.000000e+000  0.000000e+000  0.000000e+000  0.000000e+000  0.000000e+000  
0.000000e+000  0.000000e+000  0.000000e+000  0.000000e+000  0.000000e+000  0.000000e+000  0.000000e+000  0.000000e+000  0.000000e+000  0.000000e+000  0.000000e+000  0.000000e+000  0.000000e+000  0.000000e+000  0.000000e+000  0.000000e+000  0.000000e+000  
0.000000e+000  0.000000e+000  0.000000e+000  0.000000e+000  0.000000e+000  0.000000e+000  0.000000e+000  0.000000e+000  0.000000e+000  0.000000e+000  0.000000e+000  0.000000e+000  0.000000e+000  0.000000e+000  0.000000e+000  0.000000e+000  0.000000e+000  
0.000000e+000  0.000000e+000  0.000000e+000  0.000000e+000  0.000000e+000  0.000000e+000  0.000000e+000  0.000000e+000  0.000000e+000  0.000000e+000  0.000000e+000  0.000000e+000  0.000000e+000  0.000000e+000  0.000000e+000  0.000000e+000  0.000000e+000  
0.000000e+000  0.000000e+000  0.000000e+000  0.000000e+000  0.000000e+000  0.000000e+000  0.000000e+000  0.000000e+000  0.000000e+000  0.000000e+000  0.000000e+000  0.000000e+000  0.000000e+000  0.000000e+000  0.000000e+000  0.000000e+000  0.000000e+000  
0.000000e+000  0.000000e+000  0.000000e+000  0.000000e+000  0.000000e+000  0.000000e+000  0.000000e+000  0.000000e+000  0.000000e+000  0.000000e+000  0.000000e+000  0.000000e+000  0.000000e+000  0.000000e+000  0.000000e+000  0.000000e+000  0.000000e+000  
0.000000e+000  0.000000e+000  0.000000e+000  0.000000e+000  0.000000e+000  0.000000e+000  0.000000e+000  0.000000e+000  0.000000e+000  0.000000e+000  0.000000e+000  0.000000e+000  0.000000e+000  0.000000e+000  0.000000e+000  0.000000e+000  0.000000e+000  
0.000000e+000  0.000000e+000  0.000000e+000  0.000000e+000  0.000000e+000  0.000000e+000  0.000000e+000  0.000000e+000  0.000000e+000  0.000000e+000  0.000000e+000  0.000000e+000  0.000000e+000  0.000000e+000  0.000000e+000  0.000000e+000  0.000000e+000  
0.000000e+000  0.000000e+000  0.000000e+000  0.000000e+000  0.000000e+000  0.000000e+000  0.000000e+000  0.000000e+000  0.000000e+000  0.000000e+000  0.000000e+000  0.000000e+000  0.000000e+000  0.000000e+000  0.000000e+000  0.000000e+000  0.000000e+000  
0.000000e+000  0.000000e+000  0.000000e+000  0.000000e+000  0.000000e+000  0.000000e+000  0.000000e+000  0.000000e+000  0.000000e+000  0.000000e+000  0.000000e+000  0.000000e+000  0.000000e+000  0.000000e+000  0.000000e+000  0.000000e+000  0.000000e+000  
0.000000e+000  0.000000e+000  0.000000e+000  0.000000e+000  0.000000e+000  0.000000e+000  0.000000e+000  0.000000e+000  0.000000e+000  0.000000e+000  0.000000e+000  0.000000e+000  0.000000e+000  0.000000e+000  0.000000e+000  0.000000e+000  0.000000e+000  

0.000000e+000  0.000000e+000  0.000000e+000  0.000000e+000  0.000000e+000  0.000000e+000  0.000000e+000  0.000000e+000  0.000000e+000  0.000000e+000  0.000000e+000  0.000000e+000  0.000000e+000  0.000000e+000  0.000000e+000  0.000000e+000  0.000000e+000  
0.000000e+000  0.000000e+000  0.000000e+000  0.000000e+000  0.000000e+000  0.000000e+000  0.000000e+000  0.000000e+000  0.000000e+000  0.000000e+000  0.000000e+000  0.000000e+000  0.000000e+000  0.000000e+000  0.000000e+000  0.000000e+000  0.000000e+000  
0.000000e+000  0.000000e+000  0.000000e+000  0.000000e+000  0.000000e+000  0.000000e+000  0.000000e+000  0.000000e+000  0.000000e+000  0.000000e+000  0.000000e+000  0.000000e+000  0.000000e+000  0.000000e+000  0.000000e+000  0.000000e+000  0.000000e+000  
0.000000e+000  0.000000e+000  0.000000e+000  0.000000e+000  0.000000e+000  0.000000e+000  0.000000e+000  0.000000e+000  0.000000e+000  0.000000e+000  0.000000e+000  0.000000e+000  0.000000e+000  0.000000e+000  0.000000e+000  0.000000e+000  0.000000e+000  
0.000000e+000  0.000000e+000  0.000000e+000  0.000000e+000  0.000000e+000  0.000000e+000  0.000000e+000  0.000000e+000  0.000000e+000  0.000000e+000  0.000000e+000  0.000000e+000  0.000000e+000  0.000000e+000  0.000000e+000  0.000000e+000  0.000000e+000  
0.000000e+000  0.000000e+000  0.000000e+000  0.000000e+000  0.000000e+000  0.000000e+000  0.000000e+000  0.000000e+000  0.000000e+000  0.000000e+000  0.000000e+000  0.000000e+000  0.000000e+000  0.000000e+000  0.000000e+000  0.000000e+000  0.000000e+000  
0.000000e+000  0.000000e+000  0.000000e+000  0.000000e+000  0.000000e+000  0.000000e+000  0.000000e+000  0.000000e+000  0.000000e+000  0.000000e+000  0.000000e+000  0.000000e+000  0.000000e+000  0.000000e+000  0.000000e+000  0.000000e+000  0.000000e+000  
0.000000e+000  0.000000e+000  0.000000e+000  0.000000e+000  0.000000e+000  0.000000e+000  0.000000e+000  0.000000e+000  0.000000e+000  0.000000e+000  0.000000e+000  0.000000e+000  0.000000e+000  0.000000e+000  0.000000e+000  0.000000e+000  0.000000e+000  
0.000000e+000  0.000000e+000  0.000000e+000  0.000000e+000  0.000000e+000  0.000000e+000  0.000000e+000  0.000000e+000  0.000000e+000  0.000000e+000  0.000000e+000  0.000000e+000  0.000000e+000  0.000000e+000  0.000000e+000  0.000000e+000  0.000000e+000  
0.000000e+000  0.000000e+000  0.000000e+000  0.000000e+000  0.000000e+000  0.000000e+000  0.000000e+000  0.000000e+000  0.000000e+000  0.000000e+000  0.000000e+000  0.000000e+000  0.000000e+000  0.000000e+000  0.000000e+000  0.000000e+000  0.000000e+000  
0.000000e+000  0.000000e+000  0.000000e+000  0.000000e+000  0.000000e+000  0.000000e+000  0.000000e+000  0.000000e+000  0.000000e+000  0.000000e+000  0.000000e+000  0.000000e+000  0.000000e+000  0.000000e+000  0.000000e+000  0.000000e+000  0.000000e+000  
0.000000e+000  0.000000e+000  0.000000e+000  0.000000e+000  0.000000e+000  0.000000e+000  0.000000e+000  0.000000e+000  0.000000e+000  0.000000e+000  0.000000e+000  0.000000e+000  0.000000e+000  0.000000e+000  0.000000e+000  0.000000e+000  0.000000e+000  
0.000000e+000  0.000000e+000  0.000000e+000  0.000000e+000  0.000000e+000  0.000000e+000  0.000000e+000  0.000000e+000  0.000000e+000  0.000000e+000  0.000000e+000  0.000000e+000  0.000000e+000  0.000000e+000  0.000000e+000  0.000000e+000  0.000000e+000  
0.000000e+000  0.000000e+000  0.000000e+000  0.000000e+000  0.000000e+000  0.000000e+000  0.000000e+000  0.000000e+000  0.000000e+000  0.000000e+000  0.000000e+000  0.000000e+000  0.000000e+000  0.000000e+000  0.000000e+000  0.000000e+000  0.000000e+000  
0.000000e+000  0.000000e+000  0.000000e+000  0.000000e+000  0.000000e+000  0.000000e+000  0.000000e+000  0.000000e+000  0.000000e+000  0.000000e+000  0.000000e+000  0.000000e+000  0.000000e+000  0.000000e+000  0.000000e+000  0.000000e+000  0.000000e+000  
0.000000e+000  0.000000e+000  0.000000e+000  0.000000e+000  0.000000e+000  0.000000e+000  0.000000e+000  0.000000e+000  0.000000e+000  0.000000e+000  0.000000e+000  0.000000e+000  0.000000e+000  0.000000e+000  0.000000e+000  0.000000e+000  0.000000e+000  
0.000000e+000  0.000000e+000  0.000000e+000  0.000000e+000  0.000000e+000  0.000000e+000  0.000000e+000  0.000000e+000  0.000000e+000  0.000000e+000  0.000000e+000  0.000000e+000  0.000000e+000  0.000000e+000  0.000000e+000  0.000000e+000  0.000000e+000  
0.000000e+000  0.000000e+000  0.000000e+000  0.000000e+000  0.000000e+000  0.000000e+000  0.000000e+000  0.000000e+000  0.000000e+000  0.000000e+000  0.000000e+000  0.000000e+000  0.000000e+000  0.000000e+000  0.000000e+000  0.000000e+000  0.000000e+000  
0.000000e+000  0.000000e+000  0.000000e+000  0.000000e+000  0.000000e+000  0.000000e+000  0.000000e+000  0.000000e+000  0.000000e+000  0.000000e+000  0.000000e+000  0.000000e+000  0.000000e+000  0.000000e+000  0.000000e+000  0.000000e+000  0.000000e+000  
0.000000e+000  0.000000e+000  0.000000e+000  0.000000e+000  0.000000e+000  0.000000e+000  0.000000e+000  0.000000e+000  0.000000e+000  0.000000e+000  0.000000e+000  0.000000e+000  0.000000e+000  0.000000e+000  0.000000e+000  0.000000e+000  0.000000e+000  
0.000000e+000  0.000000e+000  0.000000e+000  0.000000e+000  0.000000e+000  0.000000e+000  0.000000e+000  0.000000e+000  0.000000e+000  0.000000e+000  0.000000e+000  0.000000e+000  0.000000e+000  0.000000e+000  0.000000e+000  0.000000e+000  0.000000e+000  
0.000000e+000  0.000000e+000  0.000000e+000  0.000000e+000  0.000000e+000  0.000000e+000  0.000000e+000  0.000000e+000  0.000000e+000  0.000000e+000  0.000000e+000  0.000000e+000  0.000000e+000  0.000000e+000  0.000000e+000  0.000000e+000  0.000000e+000  
0.000000e+000  0.000000e+000  0.000000e+000  0.000000e+000  0.000000e+000  0.000000e+000  0.000000e+000  0.000000e+000  0.000000e+000  0.000000e+000  0.000000e+000  0.000000e+000  0.000000e+000  0.000000e+000  0.000000e+000  0.000000e+000  0.000000e+000  
0.000000e+000  0.000000e+000  0.000000e+000  0.000000e+000  0.000000e+000  0.000000e+000  0.000000e+000  0.000000e+000  0.000000e+000  0.000000e+000  0.000000e+000  0.000000e+000  0.000000e+000  0.000000e+000  0.000000e+000  0.000000e+000  0.000000e+000  
0.000000e+000  0.000000e+000  0.000000e+000  0.000000e+000  0.000000e+000  0.000000e+000  0.000000e+000  0.000000e+000  0.000000e+000  0.000000e+000  0.000000e+000  0.000000e+000  0.000000e+000  0.000000e+000  0.000000e+000  0.000000e+000  0.000000e+000  
0.000000e+000  0.000000e+000  0.000000e+000  0.000000e+000  0.000000e+000  0.000000e+000  0.000000e+000  0.000000e+000  0.000000e+000  0.000000e+000  0.000000e+000  0.000000e+000  0.000000e+000  0.000000e+000  0.000000e+000  0.000000e+000  0.000000e+000  
0.000000e+000  0.000000e+000  0.000000e+000  0.000000e+000  0.000000e+000  0.000000e+000  0.000000e+000  0.000000e+000  0.000000e+000  0.000000e+000  0.000000e+000  0.000000e+000  0.000000e+000  0.000000e+000  0.000000e+000  0.000000e+000  0.000000e+000  
0.000000e+000  0.000000e+000  0.000000e+000  0.000000e+000  0.000000e+000  0.000000e+000  0.000000e+000  0.000000e+000  0.000000e+000  0.000000e+000  0.000000e+000  0.000000e+000  0.000000e+000  0.000000e+000  0.000000e+000  0.000000e+000  0.000000e+000  
0.000000e+000  0.000000e+000  0.000000e+000  0.000000e+000  0.000000e+000  0.000000e+000  0.000000e+000  0.000000e+000  0.000000e+000  0.000000e+000  0.000000e+000  0.000000e+000  0.000000e+000  0.000000e+000  0.000000e+000  0.000000e+000  0.000000e+000  
0.000000e+000  0.000000e+000  0.000000e+000  0.000000e+000  0.000000e+000  0.000000e+000  0.000000e+000  0.000000e+000  0.000000e+000  0.000000e+000  0.000000e+000  0.000000e+000  0.000000e+000  0.000000e+000  0.000000e+000  0.000000e+000  0.000000e+000  
0.000000e+000  0.000000e+000  0.000000e+000  0.000000e+000  0.000000e+000  0.000000e+000  0.000000e+000  0.000000e+000  0.000000e+000  0.000000e+000  0.000000e+000  0.000000e+000  0.000000e+000  0.000000e+000  0.000000e+000  0.000000e+000  0.000000e+000  
0.000000e+000  0.000000e+000  0.000000e+000  0.000000e+000  0.000000e+000  0.000000e+000  0.000000e+000  0.000000e+000  0.000000e+000  0.000000e+000  0.000000e+000  0.000000e+000  0.000000e+000  0.000000e+000  0.000000e+000  0.000000e+000  0.000000e+000  
0.000000e+000  0.000000e+000  0.000000e+000  0.000000e+000  0.000000e+000  0.000000e+000  0.000000e+000  0.000000e+000  0.000000e+000  0.000000e+000  0.000000e+000  0.000000e+000  0.000000e+000  0.000000e+000  0.000000e+000  0.000000e+000  0.000000e+000  
0.000000e+000  0.000000e+000  0.000000e+000  0.000000e+000  0.000000e+000  0.000000e+000  0.000000e+000  0.000000e+000  0.000000e+000  0.000000e+000  0.000000e+000  0.000000e+000  0.000000e+000  0.000000e+000  0.000000e+000  0.000000e+000  0.000000e+000  
0.000000e+000  0.000000e+000  0.000000e+000  0.000000e+000  0.000000e+000  0.000000e+000  0.000000e+000  0.000000e+000  0.000000e+000  0.000000e+000  0.000000e+000  0.000000e+000  0.000000e+000  0.000000e+000  0.000000e+000  0.000000e+000  0.000000e+000  

0.000000e+000  0.000000e+000  0.000000e+000  0.000000e+000  0.000000e+000  0.000000e+000  0.000000e+000  0.000000e+000  0.000000e+000  0.000000e+000  0.000000e+000  0.000000e+000  0.000000e+000  0.000000e+000  0.000000e+000  0.000000e+000  0.000000e+000  
0.000000e+000  0.000000e+000  0.000000e+000  0.000000e+000  0.000000e+000  0.000000e+000  0.000000e+000  0.000000e+000  0.000000e+000  0.000000e+000  0.000000e+000  0.000000e+000  0.000000e+000  0.000000e+000  0.000000e+000  0.000000e+000  0.000000e+000  
0.000000e+000  0.000000e+000  0.000000e+000  0.000000e+000  0.000000e+000  0.000000e+000  0.000000e+000  0.000000e+000  0.000000e+000  0.000000e+000  0.000000e+000  0.000000e+000  0.000000e+000  0.000000e+000  0.000000e+000  0.000000e+000  0.000000e+000  
0.000000e+000  0.000000e+000  0.000000e+000  0.000000e+000  0.000000e+000  0.000000e+000  0.000000e+000  0.000000e+000  0.000000e+000  0.000000e+000  0.000000e+000  0.000000e+000  0.000000e+000  0.000000e+000  0.000000e+000  0.000000e+000  0.000000e+000  
0.000000e+000  0.000000e+000  0.000000e+000  0.000000e+000  0.000000e+000  0.000000e+000  0.000000e+000  0.000000e+000  0.000000e+000  0.000000e+000  0.000000e+000  0.000000e+000  0.000000e+000  0.000000e+000  0.000000e+000  0.000000e+000  0.000000e+000  
0.000000e+000  0.000000e+000  0.000000e+000  0.000000e+000  0.000000e+000  0.000000e+000  0.000000e+000  0.000000e+000  0.000000e+000  0.000000e+000  0.000000e+000  0.000000e+000  0.000000e+000  0.000000e+000  0.000000e+000  0.000000e+000  0.000000e+000  
0.000000e+000  0.000000e+000  0.000000e+000  0.000000e+000  0.000000e+000  0.000000e+000  0.000000e+000  0.000000e+000  0.000000e+000  0.000000e+000  0.000000e+000  0.000000e+000  0.000000e+000  0.000000e+000  0.000000e+000  0.000000e+000  0.000000e+000  
0.000000e+000  0.000000e+000  0.000000e+000  0.000000e+000  0.000000e+000  0.000000e+000  0.000000e+000  0.000000e+000  0.000000e+000  0.000000e+000  0.000000e+000  0.000000e+000  0.000000e+000  0.000000e+000  0.000000e+000  0.000000e+000  0.000000e+000  
0.000000e+000  0.000000e+000  0.000000e+000  0.000000e+000  0.000000e+000  0.000000e+000  0.000000e+000  0.000000e+000  0.000000e+000  0.000000e+000  0.000000e+000  0.000000e+000  0.000000e+000  0.000000e+000  0.000000e+000  0.000000e+000  0.000000e+000  
0.000000e+000  0.000000e+000  0.000000e+000  0.000000e+000  0.000000e+000  0.000000e+000  0.000000e+000  0.000000e+000  0.000000e+000  0.000000e+000  0.000000e+000  0.000000e+000  0.000000e+000  0.000000e+000  0.000000e+000  0.000000e+000  0.000000e+000  
0.000000e+000  0.000000e+000  0.000000e+000  0.000000e+000  0.000000e+000  0.000000e+000  0.000000e+000  0.000000e+000  0.000000e+000  0.000000e+000  0.000000e+000  0.000000e+000  0.000000e+000  0.000000e+000  0.000000e+000  0.000000e+000  0.000000e+000  
0.000000e+000  0.000000e+000  0.000000e+000  0.000000e+000  0.000000e+000  0.000000e+000  0.000000e+000  0.000000e+000  0.000000e+000  0.000000e+000  0.000000e+000  0.000000e+000  0.000000e+000  0.000000e+000  0.000000e+000  0.000000e+000  0.000000e+000  
0.000000e+000  0.000000e+000  0.000000e+000  0.000000e+000  0.000000e+000  0.000000e+000  0.000000e+000  0.000000e+000  0.000000e+000  0.000000e+000  0.000000e+000  0.000000e+000  0.000000e+000  0.000000e+000  0.000000e+000  0.000000e+000  0.000000e+000  
0.000000e+000  0.000000e+000  0.000000e+000  0.000000e+000  0.000000e+000  0.000000e+000  0.000000e+000  0.000000e+000  0.000000e+000  0.000000e+000  0.000000e+000  0.000000e+000  0.000000e+000  0.000000e+000  0.000000e+000  0.000000e+000  0.000000e+000  
0.000000e+000  0.000000e+000  0.000000e+000  0.000000e+000  0.000000e+000  0.000000e+000  0.000000e+000  0.000000e+000  0.000000e+000  0.000000e+000  0.000000e+000  0.000000e+000  0.000000e+000  0.000000e+000  0.000000e+000  0.000000e+000  0.000000e+000  
0.000000e+000  0.000000e+000  0.000000e+000  0.000000e+000  0.000000e+000  0.000000e+000  0.000000e+000  0.000000e+000  0.000000e+000  0.000000e+000  0.000000e+000  0.000000e+000  0.000000e+000  0.000000e+000  0.000000e+000  0.000000e+000  0.000000e+000  
0.000000e+000  0.000000e+000  0.000000e+000  0.000000e+000  0.000000e+000  0.000000e+000  0.000000e+000  0.000000e+000  0.000000e+000  0.000000e+000  0.000000e+000  0.000000e+000  0.000000e+000  0.000000e+000  0.000000e+000  0.000000e+000  0.000000e+000  
0.000000e+000  0.000000e+000  0.000000e+000  0.000000e+000  0.000000e+000  0.000000e+000  0.000000e+000  0.000000e+000  0.000000e+000  0.000000e+000  0.000000e+000  0.000000e+000  0.000000e+000  0.000000e+000  0.000000e+000  0.000000e+000  0.000000e+000  
0.000000e+000  0.000000e+000  0.000000e+000  0.000000e+000  0.000000e+000  0.000000e+000  0.000000e+000  0.000000e+000  0.000000e+000  0.000000e+000  0.000000e+000  0.000000e+000  0.000000e+000  0.000000e+000  0.000000e+000  0.000000e+000  0.000000e+000  
0.000000e+000  0.000000e+000  0.000000e+000  0.000000e+000  0.000000e+000  0.000000e+000  0.000000e+000  0.000000e+000  0.000000e+000  0.000000e+000  0.000000e+000  0.000000e+000  0.000000e+000  0.000000e+000  0.000000e+000  0.000000e+000  0.000000e+000  
0.000000e+000  0.000000e+000  0.000000e+000  0.000000e+000  0.000000e+000  0.000000e+000  0.000000e+000  0.000000e+000  0.000000e+000  0.000000e+000  0.000000e+000  0.000000e+000  0.000000e+000  0.000000e+000  0.000000e+000  0.000000e+000  0.000000e+000  
0.000000e+000  0.000000e+000  0.000000e+000  0.000000e+000  0.000000e+000  0.000000e+000  0.000000e+000  0.000000e+000  0.000000e+000  0.000000e+000  0.000000e+000  0.000000e+000  0.000000e+000  0.000000e+000  0.000000e+000  0.000000e+000  0.000000e+000  
0.000000e+000  0.000000e+000  0.000000e+000  0.000000e+000  0.000000e+000  0.000000e+000  0.000000e+000  0.000000e+000  0.000000e+000  0.000000e+000  0.000000e+000  0.000000e+000  0.000000e+000  0.000000e+000  0.000000e+000  0.000000e+000  0.000000e+000  
0.000000e+000  0.000000e+000  0.000000e+000  0.000000e+000  0.000000e+000  0.000000e+000  0.000000e+000  0.000000e+000  0.000000e+000  0.000000e+000  0.000000e+000  0.000000e+000  0.000000e+000  0.000000e+000  0.000000e+000  0.000000e+000  0.000000e+000  
0.000000e+000  0.000000e+000  0.000000e+000  0.000000e+000  0.000000e+000  0.000000e+000  0.000000e+000  0.000000e+000  0.000000e+000  0.000000e+000  0.000000e+000  0.000000e+000  0.000000e+000  0.000000e+000  0.000000e+000  0.000000e+000  0.000000e+000  
0.000000e+000  0.000000e+000  0.000000e+000  0.000000e+000  0.000000e+000  0.000000e+000  0.000000e+000  0.000000e+000  0.000000e+000  0.000000e+000  0.000000e+000  0.000000e+000  0.000000e+000  0.000000e+000  0.000000e+000  0.000000e+000  0.000000e+000  
0.000000e+000  0.000000e+000  0.000000e+000  0.000000e+000  0.000000e+000  0.000000e+000  0.000000e+000  0.000000e+000  0.000000e+000  0.000000e+000  0.000000e+000  0.000000e+000  0.000000e+000  0.000000e+000  0.000000e+000  0.000000e+000  0.000000e+000  
0.000000e+000  0.000000e+000  0.000000e+000  0.000000e+000  0.000000e+000  0.000000e+000  0.000000e+000  0.000000e+000  0.000000e+000  0.000000e+000  0.000000e+000  0.000000e+000  0.000000e+000  0.000000e+000  0.000000e+000  0.000000e+000  0.000000e+000  
0.000000e+000  0.000000e+000  0.000000e+000  0.000000e+000  0.000000e+000  0.000000e+000  0.000000e+000  0.000000e+000  0.000000e+000  0.000000e+000  0.000000e+000  0.000000e+000  0.000000e+000  0.000000e+000  0.000000e+000  0.000000e+000  0.000000e+000  
0.000000e+000  0.000000e+000  0.000000e+000  0.000000e+000  0.000000e+000  0.000000e+000  0.000000e+000  0.000000e+000  0.000000e+000  0.000000e+000  0.000000e+000  0.000000e+000  0.000000e+000  0.000000e+000  0.000000e+000  0.000000e+000  0.000000e+000  
0.000000e+000  0.000000e+000  0.000000e+000  0.000000e+000  0.000000e+000  0.000000e+000  0.000000e+000  0.000000e+000  0.000000e+000  0.000000e+000  0.000000e+000  0.000000e+000  0.000000e+000  0.000000e+000  0.000000e+000  0.000000e+000  0.000000e+000  
0.000000e+000  0.000000e+000  0.000000e+000  0.000000e+000  0.000000e+000  0.000000e+000  0.000000e+000  0.000000e+000  0.000000e+000  0.000000e+000  0.000000e+000  0.000000e+000  0.000000e+000  0.000000e+000  0.000000e+000  0.000000e+000  0.000000e+000  
0.000000e+000  0.000000e+000  0.000000e+000  0.000000e+000  0.000000e+000  0.000000e+000  0.000000e+000  0.000000e+000  0.000000e+000  0.000000e+000  0.000000e+000  0.000000e+000  0.000000e+000  0.000000e+000  0.000000e+000  0.000000e+000  0.000000e+000  
0.000000e+000  0.000000e+000  0.000000e+000  0.000000e+000  0.000000e+000  0.000000e+000  0.000000e+000  0.000000e+000  0.000000e+000  0.000000e+000  0.000000e+000  0.000000e+000  0.000000e+000  0.000000e+000  0.000000e+000  0.000000e+000  0.000000e+000  
0.000000e+000  0.000000e+000  0.000000e+000  0.000000e+000  0.000000e+000  0.000000e+000  0.000000e+000  0.000000e+000  0.000000e+000  0.000000e+000  0.000000e+000  0.000000e+000  0.000000e+000  0.000000e+000  0.000000e+000  0.000000e+000  0.000000e+000  

6.577638e-002  6.539043e-002  6.462181e-002  6.347728e-002  6.173370e-002  5.944736e-002  5.690050e-002  5.414367e-002  5.122735e-002  4.820014e-002  4.510721e-002  4.198914e-002  3.732718e-002  3.132852e-002  2.116058e-002  6.887546e-003  0.000000e+000  
2.150424e-001  2.137574e-001  2.111933e-001  2.073634e-001  2.012846e-001  1.931409e-001  1.841338e-001  1.744626e-001  1.643217e-001  1.538934e-001  1.433420e-001  1.328104e-001  1.172215e-001  9.756419e-002  6.487445e-002  2.079740e-002  0.000000e+000  
3.849989e-001  3.827366e-001  3.781808e-001  3.712790e-001  3.587851e-001  3.410222e-001  3.217181e-001  3.013991e-001  2.805515e-001  2.596019e-001  2.389060e-001  2.187456e-001  1.896226e-001  1.546384e-001  9.905684e-002  3.067947e-002  0.000000e+000  
5.633579e-001  5.607793e-001  5.553999e-001  5.468158e-001  5.256822e-001  4.924219e-001  4.571663e-001  4.211021e-001  3.852326e-001  3.503437e-001  3.170037e-001  2.855852e-001  2.416523e-001  1.920673e-001  1.176789e-001  3.510818e-002  0.000000e+000  
7.212613e-001  7.209920e-001  7.196322e-001  7.156471e-001  6.849197e-001  6.278406e-001  5.694200e-001  5.120411e-001  4.574118e-001  4.065924e-001  3.601149e-001  3.181258e-001  2.617086e-001  2.023870e-001  1.187583e-001  3.430797e-002  0.000000e+000  
8.261731e-001  8.305438e-001  8.376584e-001  8.443699e-001  8.064949e-001  7.243741e-001  6.429752e-001  5.659366e-001  4.953549e-001  4.321090e-001  3.762686e-001  3.274344e-001  2.637454e-001  2.000176e-001  1.139462e-001  3.222380e-002  0.000000e+000  
8.878797e-001  8.998906e-001  9.214304e-001  9.472844e-001  9.043346e-001  7.930921e-001  6.872399e-001  5.914829e-001  5.074899e-001  4.351204e-001  3.733717e-001  3.209400e-001  2.542871e-001  1.901173e-001  1.061408e-001  2.960691e-002  0.000000e+000  
9.160713e-001  9.342159e-001  9.676859e-001  1.010005e+000  9.642030e-001  8.311858e-001  7.083265e-001  6.005814e-001  5.087084e-001  4.314566e-001  3.668890e-001  3.130148e-001  2.455531e-001  1.820388e-001  1.004320e-001  2.779152e-002  0.000000e+000  
9.320454e-001  9.581766e-001  1.007835e+000  1.073766e+000  1.025279e+000  8.643420e-001  7.217309e-001  6.015215e-001  5.023830e-001  4.212421e-001  3.548856e-001  3.004998e-001  2.334192e-001  1.716213e-001  9.361528e-002  2.571072e-002  0.000000e+000  
9.305347e-001  9.663613e-001  1.036974e+000  1.136351e+000  1.085239e+000  8.881869e-001  7.235406e-001  5.915064e-001  4.866931e-001  4.033405e-001  3.366668e-001  2.829753e-001  2.177153e-001  1.588205e-001  8.571353e-002  2.337670e-002  0.000000e+000  
9.081315e-001  9.531110e-001  1.045701e+000  1.186085e+000  1.132346e+000  8.943412e-001  7.100568e-001  5.700725e-001  4.629275e-001  3.798468e-001  3.146115e-001  2.628308e-001  2.006395e-001  1.454343e-001  7.782262e-002  2.110784e-002  0.000000e+000  
8.712056e-001  9.230976e-001  1.034655e+000  1.218778e+000  1.162151e+000  8.830875e-001  6.846770e-001  5.413584e-001  4.349162e-001  3.539993e-001  2.913697e-001  2.422138e-001  1.837277e-001  1.324895e-001  7.040974e-002  1.901299e-002  0.000000e+000  
8.141154e-001  8.699123e-001  9.954423e-001  1.227035e+000  1.166833e+000  8.467571e-001  6.421981e-001  5.012298e-001  3.990263e-001  3.225231e-001  2.639921e-001  2.184849e-001  1.647782e-001  1.182707e-001  6.246497e-002  1.680098e-002  0.000000e+000  
7.353639e-001  7.896802e-001  9.151463e-001  1.175432e+000  1.113188e+000  7.743540e-001  5.799273e-001  4.490769e-001  3.551893e-001  2.855057e-001  2.326102e-001  1.917810e-001  1.439134e-001  1.028711e-001  5.403670e-002  1.448385e-002  0.000000e+000  
6.205613e-001  6.656961e-001  7.628171e-001  9.218980e-001  8.517521e-001  6.391110e-001  4.855338e-001  3.759035e-001  2.961609e-001  2.369763e-001  1.922496e-001  1.579233e-001  1.179173e-001  8.394194e-002  4.385297e-002  1.171358e-002  0.000000e+000  
4.611828e-001  4.914590e-001  5.500075e-001  6.200366e-001  5.571933e-001  4.551870e-001  3.557384e-001  2.775116e-001  2.186755e-001  1.745695e-001  1.412088e-001  1.156731e-001  8.602716e-002  6.103431e-002  3.174275e-002  8.454848e-003  0.000000e+000  
1.923113e-001  2.022468e-001  2.193334e-001  2.354696e-001  2.042839e-001  1.776880e-001  1.444349e-001  1.147017e-001  9.089124e-002  7.254347e-002  5.853252e-002  4.779819e-002  3.537148e-002  2.498465e-002  1.291692e-002  3.427670e-003  0.000000e+000  
-1.923113e-001  -2.022468e-001  -2.193334e-001  -2.354696e-001  -2.042839e-001  -1.776880e-001  -1.444349e-001  -1.147017e-001  -9.089124e-002  -7.254347e-002  -5.853252e-002  -4.779819e-002  -3.537148e-002  -2.498465e-002  -1.291692e-002  -3.427670e-003  0.000000e+000  
-4.611828e-001  -4.914590e-001  -5.500075e-001  -6.200366e-001  -5.571933e-001  -4.551870e-001  -3.557384e-001  -2.775116e-001  -2.186755e-001  -1.745695e-001  -1.412088e-001  -1.156731e-001  -8.602716e-002  -6.103431e-002  -3.174275e-002  -8.454848e-003  0.000000e+000  
-6.205613e-001  -6.656961e-001  -7.628171e-001  -9.218980e-001  -8.517521e-001  -6.391110e-001  -4.855338e-001  -3.759035e-001  -2.961609e-001  -2.369763e-001  -1.922496e-001  -1.579233e-001  -1.179173e-001  -8.394194e-002  -4.385297e-002  -1.171358e-002  0.000000e+000  
-7.353639e-001  -7.896802e-001  -9.151463e-001  -1.175432e+000  -1.113188e+000  -7.743540e-001  -5.799273e-001  -4.490769e-001  -3.551893e-001  -2.855057e-001  -2.326102e-001  -1.917810e-001  -1.439134e-001  -1.028711e-001  -5.403670e-002  -1.448385e-002  0.000000e+000  
-8.141154e-001  -8.699123e-001  -9.954423e-001  -1.227035e+000  -1.166833e+000  -8.467571e-001  -6.421981e-001  -5.012298e-001  -3.990263e-001  -3.225231e-001  -2.639921e-001  -2.184849e-001  -1.647782e-001  -1.182707e-001  -6.246497e-002  -1.680098e-002  0.000000e+000  
-8.712056e-001  -9.230976e-001  -1.034655e+000  -1.218778e+000  -1.162151e+000  -8.830875e-001  -6.846770e-001  -5.413584e-001  -4.349162e-001  -3.539993e-001  -2.913697e-001  -2.422138e-001  -1.837277e-001  -1.324895e-001  -7.040974e-002  -1.901299e-002  0.000000e+000  
-9.081315e-001  -9.531110e-001  -1.045701e+000  -1.186085e+000  -1.132346e+000  -8.943412e-001  -7.100568e-001  -5.700725e-001  -4.629275e-001  -3.798468e-001  -3.146115e-001  -2.628308e-001  -2.006395e-001  -1.454343e-001  -7.782262e-002  -2.110784e-002  0.000000e+000  
-9.305347e-001  -9.663613e-001  -1.036974e+000  -1.136351e+000  -1.085239e+000  -8.881869e-001  -7.235406e-001  -5.915063e-001  -4.866931e-001  -4.033405e-001  -3.366668e-001  -2.829753e-001  -2.177153e-001  -1.588205e-001  -8.571353e-002  -2.337670e-002  0.000000e+000  
-9.320454e-001  -9.581766e-001  -1.007835e+000  -1.073766e+000  -1.025279e+000  -8.643420e-001  -7.217309e-001  -6.015215e-001  -5.023830e-001  -4.212421e-001  -3.548856e-001  -3.004998e-001  -2.334192e-001  -1.716213e-001  -9.361528e-002  -2.571072e-002  0.000000e+000  
-9.160713e-001  -9.342159e-001  -9.676859e-001  -1.010005e+000  -9.642030e-001  -8.311858e-001  -7.083265e-001  -6.005814e-001  -5.087084e-001  -4.314566e-001  -3.668890e-001  -3.130148e-001  -2.455531e-001  -1.820388e-001  -1.004320e-001  -2.779152e-002  0.000000e+000  
-8.878797e-001  -8.998906e-001  -9.214304e-001  -9.472844e-001  -9.043346e-001  -7.930921e-001  -6.872399e-001  -5.914829e-001  -5.074899e-001  -4.351204e-001  -3.733717e-001  -3.209400e-001  -2.542871e-001  -1.901173e-001  -1.061408e-001  -2.960691e-002  0.000000e+000  
-8.261731e-001  -8.305438e-001  -8.376584e-001  -8.443699e-001  -8.064949e-001  -7.243741e-001  -6.429752e-001  -5.659366e-001  -4.953549e-001  -4.321090e-001  -3.762686e-001  -3.274344e-001  -2.637454e-001  -2.000176e-001  -1.139462e-001  -3.222380e-002  0.000000e+000  
-7.212613e-001  -7.209920e-001  -7.196322e-001  -7.156471e-001  -6.849197e-001  -6.278406e-001  -5.694200e-001  -5.120411e-001  -4.574118e-001  -4.065924e-001  -3.601149e-001  -3.181258e-001  -2.617086e-001  -2.023870e-001  -1.187583e-001  -3.430797e-002  0.000000e+000  
-5.633579e-001  -5.607793e-001  -5.553999e-001  -5.468158e-001  -5.256822e-001  -4.924219e-001  -4.571663e-001  -4.211021e-001  -3.852326e-001  -3.503437e-001  -3.170037e-001  -2.855852e-001  -2.416523e-001  -1.920673e-001  -1.176789e-001  -3.510818e-002  0.000000e+000  
-3.849989e-001  -3.827366e-001  -3.781808e-001  -3.712790e-001  -3.587851e-001  -3.410222e-001  -3.217181e-001  -3.013991e-001  -2.805515e-001  -2.596019e-001  -2.389060e-001  -2.187456e-001  -1.896226e-001  -1.546384e-001  -9.905684e-002  -3.067947e-002  0.000000e+000  
-2.150424e-001  -2.137574e-001  -2.111933e-001  -2.073634e-001  -2.012846e-001  -1.931409e-001  -1.841338e-001  -1.744626e-001  -1.643217e-001  -1.538934e-001  -1.433420e-001  -1.328104e-001  -1.172215e-001  -9.756419e-002  -6.487445e-002  -2.079740e-002  0.000000e+000  
-6.577638e-002  -6.539043e-002  -6.462181e-002  -6.347728e-002  -6.173370e-002  -5.944736e-002  -5.690050e-002  -5.414367e-002  -5.122735e-002  -4.820014e-002  -4.510721e-002  -4.198914e-002  -3.732718e-002  -3.132852e-002  -2.116058e-002  -6.887546e-003  0.000000e+000  
0.000000e+000  0.000000e+000  0.000000e+000  0.000000e+000  0.000000e+000  0.000000e+000  0.000000e+000  0.000000e+000  0.000000e+000  0.000000e+000  0.000000e+000  0.000000e+000  0.000000e+000  0.000000e+000  0.000000e+000  0.000000e+000  0.000000e+000  

