Port monitor named: Port1_e1[2.4].prt

nx        = 37
ny        = 4
nz        = 19

nu        = 17
nv        = 35
iu        = 2
iv        = 2

idir      = 1
dcut      = -4.425000e-002
icut      = 2
type      = 0
frequency = 2.400000e+009

fcutoff   = 0.000000e+000
alpha     = 0.000000e+000
beta      = 9.215584e+001
accuracy  = 1.864898e-010

type          = QTEM
wave imp.     = 2.489593e+002
wave imp.sig. = 9.803304e-005
line imp.     = 5.405192e+001

ref. port     = 0

-4.515026e+001  -4.471086e+001  -4.384906e+001  -4.259736e+001  -1.832755e+002  -1.803682e+002  -1.763201e+002  -1.712433e+002  -1.652657e+002  -1.585235e+002  -1.511553e+002  -1.432959e+002  -1.309606e+002  -1.137511e+002  -8.084774e+001  -2.734123e+001  -0.000000e+000  
-4.910958e+001  -4.851172e+001  -4.734700e+001  -4.567421e+001  -1.954540e+002  -1.917561e+002  -1.867129e+002  -1.804983e+002  -1.733014e+002  -1.653153e+002  -1.567273e+002  -1.477116e+002  -1.337814e+002  -1.149361e+002  -7.990253e+001  -2.643021e+001  -0.000000e+000  
-6.968057e+001  -6.805287e+001  -6.493168e+001  -6.056887e+001  -2.524266e+002  -2.440535e+002  -2.333659e+002  -2.209252e+002  -2.072805e+002  -1.929331e+002  -1.783145e+002  -1.637766e+002  -1.424965e+002  -1.166954e+002  -7.352068e+001  -2.205600e+001  -0.000000e+000  
-1.182026e+002  -1.130501e+002  -1.032957e+002  -8.996838e+001  -3.539213e+002  -3.320105e+002  -3.063557e+002  -2.787001e+002  -2.505295e+002  -2.230004e+002  -1.969328e+002  -1.728437e+002  -1.400796e+002  -1.058466e+002  -5.655985e+001  -1.457288e+001  -0.000000e+000  
-2.387517e+002  -2.221553e+002  -1.909769e+002  -1.490294e+002  -5.266060e+002  -4.669080e+002  -4.036054e+002  -3.415751e+002  -2.841436e+002  -2.331780e+002  -1.893969e+002  -1.527326e+002  -1.076034e+002  -6.909223e+001  -2.505672e+001  -4.067572e+000  -0.000000e+000  
-3.873431e+002  -3.542770e+002  -2.920412e+002  -2.084719e+002  -6.627230e+002  -5.542623e+002  -4.481447e+002  -3.524644e+002  -2.710473e+002  -2.046125e+002  -1.520764e+002  -1.115485e+002  -6.564625e+001  -3.240871e+001  -1.999274e+000  2.298706e+000  -0.000000e+000  
-6.533763e+002  -5.899823e+002  -4.688117e+002  -3.037088e+002  -8.336157e+002  -6.359481e+002  -4.604672e+002  -3.184304e+002  -2.104214e+002  -1.317934e+002  -7.643625e+001  -3.863953e+001  -1.299871e+000  1.812754e+001  2.530126e+001  9.102573e+000  -0.000000e+000  
-8.432373e+002  -7.600301e+002  -5.970153e+002  -3.682548e+002  -9.138653e+002  -6.498967e+002  -4.318556e+002  -2.685230e+002  -1.534188e+002  -7.562040e+001  -2.485627e+001  6.957434e+000  3.505096e+001  4.458269e+001  3.818977e+001  1.210733e+001  -0.000000e+000  
-1.091134e+003  -9.857575e+002  -7.710966e+002  -4.543224e+002  -9.891587e+002  -6.351298e+002  -3.688064e+002  -1.881812e+002  -7.283803e+001  -2.336801e+000  3.873685e+001  6.086544e+001  7.585749e+001  7.311353e+001  5.132948e+001  1.505725e+001  -0.000000e+000  
-1.412524e+003  -1.287746e+003  -1.016480e+003  -5.782570e+002  -1.042440e+003  -5.651162e+002  -2.516045e+002  -6.652490e+001  3.615973e+001  8.962622e+001  1.143828e+002  1.225174e+002  1.203232e+002  1.030739e+002  6.443469e+001  1.789905e+001  -0.000000e+000  
-1.820900e+003  -1.691967e+003  -1.378518e+003  -7.814615e+002  -1.031577e+003  -3.914947e+002  -5.304263e+001  1.073918e+002  1.764263e+002  1.998753e+002  2.006579e+002  1.903448e+002  1.671436e+002  1.335869e+002  7.717741e+001  2.057673e+001  -0.000000e+000  
-2.181982e+003  -2.075161e+003  -1.775341e+003  -1.061932e+003  -9.056654e+002  -1.390515e+002  1.673335e+002  2.740062e+002  2.992998e+002  2.910789e+002  2.693228e+002  2.428772e+002  2.022308e+002  1.558853e+002  8.616759e+001  2.242100e+001  -0.000000e+000  
-2.583913e+003  -2.532467e+003  -2.331427e+003  -1.600486e+003  -5.402524e+002  2.742325e+002  4.575899e+002  4.691724e+002  4.340012e+002  3.871227e+002  3.397275e+002  2.957282e+002  2.367072e+002  1.773911e+002  9.460917e+001  2.412079e+001  -0.000000e+000  
-3.005264e+003  -3.047066e+003  -3.091555e+003  -2.777471e+003  4.166520e+002  9.082560e+002  8.080681e+002  6.808580e+002  5.729572e+002  4.834913e+002  4.090716e+002  3.470631e+002  2.695782e+002  1.975784e+002  1.023509e+002  2.565422e+001  -0.000000e+000  
-3.409989e+003  -3.560123e+003  -3.989503e+003  -5.335387e+003  3.651982e+003  1.749504e+003  1.168294e+003  8.860470e+002  7.056820e+002  5.747801e+002  4.742294e+002  3.949083e+002  2.998130e+002  2.159173e+002  1.092466e+002  2.700080e+001  -0.000000e+000  
-3.853183e+003  -4.069919e+003  -4.631115e+003  -5.969368e+003  3.501664e+003  2.153665e+003  1.483571e+003  1.102160e+003  8.542951e+002  6.790005e+002  5.488841e+002  4.495753e+002  3.340350e+002  2.364470e+002  1.168200e+002  2.845893e+001  -0.000000e+000  
-4.150685e+003  -4.348754e+003  -4.753016e+003  -5.284414e+003  2.729566e+003  2.149405e+003  1.625287e+003  1.238250e+003  9.595886e+002  7.563472e+002  6.052685e+002  4.910620e+002  3.599386e+002  2.518749e+002  1.224272e+002  2.952614e+001  -0.000000e+000  
-4.345716e+003  -4.490025e+003  -4.738286e+003  -4.973473e+003  2.338055e+003  2.043402e+003  1.663254e+003  1.316281e+003  1.035250e+003  8.179018e+002  6.523370e+002  5.263978e+002  3.821697e+002  2.650440e+002  1.271270e+002  3.040731e+001  -0.000000e+000  
-4.150685e+003  -4.348754e+003  -4.753016e+003  -5.284414e+003  2.729565e+003  2.149404e+003  1.625287e+003  1.238251e+003  9.595887e+002  7.563473e+002  6.052687e+002  4.910622e+002  3.599388e+002  2.518750e+002  1.224272e+002  2.952615e+001  -0.000000e+000  
-3.853183e+003  -4.069919e+003  -4.631115e+003  -5.969368e+003  3.501661e+003  2.153664e+003  1.483571e+003  1.102160e+003  8.542954e+002  6.790008e+002  5.488843e+002  4.495755e+002  3.340352e+002  2.364472e+002  1.168201e+002  2.845896e+001  -0.000000e+000  
-3.409989e+003  -3.560123e+003  -3.989503e+003  -5.335388e+003  3.651978e+003  1.749504e+003  1.168295e+003  8.860475e+002  7.056825e+002  5.747805e+002  4.742297e+002  3.949087e+002  2.998133e+002  2.159175e+002  1.092467e+002  2.700083e+001  -0.000000e+000  
-3.005264e+003  -3.047066e+003  -3.091554e+003  -2.777471e+003  4.166598e+002  9.082580e+002  8.080692e+002  6.808588e+002  5.729578e+002  4.834919e+002  4.090721e+002  3.470635e+002  2.695785e+002  1.975786e+002  1.023510e+002  2.565425e+001  -0.000000e+000  
-2.583913e+003  -2.532467e+003  -2.331426e+003  -1.600486e+003  -5.402472e+002  2.742350e+002  4.575914e+002  4.691734e+002  4.340020e+002  3.871233e+002  3.397280e+002  2.957286e+002  2.367076e+002  1.773913e+002  9.460931e+001  2.412083e+001  -0.000000e+000  
-2.181982e+003  -2.075160e+003  -1.775340e+003  -1.061931e+003  -9.056616e+002  -1.390490e+002  1.673351e+002  2.740074e+002  2.993007e+002  2.910796e+002  2.693234e+002  2.428777e+002  2.022311e+002  1.558855e+002  8.616775e+001  2.242105e+001  -0.000000e+000  
-1.820899e+003  -1.691966e+003  -1.378518e+003  -7.814609e+002  -1.031574e+003  -3.914924e+002  -5.304097e+001  1.073930e+002  1.764272e+002  1.998761e+002  2.006585e+002  1.903453e+002  1.671440e+002  1.335872e+002  7.717758e+001  2.057678e+001  -0.000000e+000  
-1.412523e+003  -1.287745e+003  -1.016480e+003  -5.782565e+002  -1.042438e+003  -5.651142e+002  -2.516029e+002  -6.652364e+001  3.616074e+001  8.962705e+001  1.143834e+002  1.225180e+002  1.203237e+002  1.030743e+002  6.443489e+001  1.789910e+001  -0.000000e+000  
-1.091134e+003  -9.857571e+002  -7.710962e+002  -4.543219e+002  -9.891567e+002  -6.351281e+002  -3.688049e+002  -1.881800e+002  -7.283701e+001  -2.335948e+000  3.873757e+001  6.086605e+001  7.585798e+001  7.311389e+001  5.132970e+001  1.505731e+001  -0.000000e+000  
-8.432370e+002  -7.600298e+002  -5.970149e+002  -3.682544e+002  -9.138636e+002  -6.498952e+002  -4.318542e+002  -2.685218e+002  -1.534178e+002  -7.561954e+001  -2.485554e+001  6.958069e+000  3.505147e+001  4.458308e+001  3.819000e+001  1.210740e+001  -0.000000e+000  
-6.533760e+002  -5.899820e+002  -4.688114e+002  -3.037084e+002  -8.336142e+002  -6.359468e+002  -4.604660e+002  -3.184293e+002  -2.104204e+002  -1.317926e+002  -7.643550e+001  -3.863889e+001  -1.299346e+000  1.812795e+001  2.530150e+001  9.102644e+000  -0.000000e+000  
-3.873428e+002  -3.542767e+002  -2.920409e+002  -2.084717e+002  -6.627218e+002  -5.542611e+002  -4.481437e+002  -3.524634e+002  -2.710464e+002  -2.046117e+002  -1.520757e+002  -1.115479e+002  -6.564571e+001  -3.240829e+001  -1.999012e+000  2.298786e+000  -0.000000e+000  
-2.387515e+002  -2.221551e+002  -1.909766e+002  -1.490292e+002  -5.266050e+002  -4.669071e+002  -4.036045e+002  -3.415742e+002  -2.841428e+002  -2.331773e+002  -1.893962e+002  -1.527320e+002  -1.076029e+002  -6.909180e+001  -2.505645e+001  -4.067485e+000  -0.000000e+000  
-1.182024e+002  -1.130499e+002  -1.032956e+002  -8.996822e+001  -3.539206e+002  -3.320098e+002  -3.063550e+002  -2.786995e+002  -2.505288e+002  -2.229998e+002  -1.969323e+002  -1.728432e+002  -1.400791e+002  -1.058462e+002  -5.655957e+001  -1.457279e+001  -0.000000e+000  
-6.968043e+001  -6.805273e+001  -6.493155e+001  -6.056874e+001  -2.524261e+002  -2.440529e+002  -2.333653e+002  -2.209247e+002  -2.072800e+002  -1.929326e+002  -1.783140e+002  -1.637762e+002  -1.424961e+002  -1.166951e+002  -7.352042e+001  -2.205590e+001  -0.000000e+000  
-4.910946e+001  -4.851161e+001  -4.734688e+001  -4.567410e+001  -1.954536e+002  -1.917557e+002  -1.867124e+002  -1.804978e+002  -1.733010e+002  -1.653149e+002  -1.567269e+002  -1.477112e+002  -1.337811e+002  -1.149358e+002  -7.990229e+001  -2.643011e+001  -0.000000e+000  
-4.515015e+001  -4.471075e+001  -4.384895e+001  -4.259726e+001  -1.832750e+002  -1.803677e+002  -1.763196e+002  -1.712429e+002  -1.652653e+002  -1.585231e+002  -1.511549e+002  -1.432956e+002  -1.309603e+002  -1.137508e+002  -8.084750e+001  -2.734113e+001  -0.000000e+000  

-0.000000e+000  -4.379341e-001  -8.421505e-001  -1.182132e+000  -1.433369e+000  -3.912096e+000  -6.215850e+000  -8.296954e+000  -1.012236e+001  -1.167353e+001  -1.294530e+001  -1.394405e+001  -1.468542e+001  -1.546356e+001  -1.553741e+001  -1.329330e+001  -1.092544e+001  
-0.000000e+000  -2.145252e+000  -4.112447e+000  -5.742283e+000  -6.910525e+000  -1.623542e+001  -2.472530e+001  -3.220087e+001  -3.855570e+001  -4.375092e+001  -4.780544e+001  -5.078380e+001  -5.278350e+001  -5.420244e+001  -5.325607e+001  -4.333043e+001  -3.464704e+001  
-0.000000e+000  -8.551258e+000  -1.628424e+001  -2.247962e+001  -2.660268e+001  -4.898510e+001  -6.813088e+001  -8.369551e+001  -9.562511e+001  -1.040957e+002  -1.094435e+002  -1.120988e+002  -1.125311e+002  -1.081278e+002  -1.000750e+002  -7.153460e+001  -5.327457e+001  
-0.000000e+000  -2.756813e+001  -5.212737e+001  -7.105791e+001  -8.247994e+001  -1.262311e+002  -1.597323e+002  -1.830375e+002  -1.970634e+002  -2.032311e+002  -2.031538e+002  -1.984119e+002  -1.904205e+002  -1.682561e+002  -1.445058e+002  -8.957426e+001  -6.191701e+001  
-0.000000e+000  -7.314249e+001  -1.375704e+002  -1.855713e+002  -2.115739e+002  -2.817554e+002  -3.252554e+002  -3.453921e+002  -3.472559e+002  -3.362027e+002  -3.169416e+002  -2.931756e+002  -2.675921e+002  -2.164618e+002  -1.721530e+002  -9.432448e+001  -6.140325e+001  
-0.000000e+000  -1.345218e+002  -2.529605e+002  -3.401561e+002  -3.841517e+002  -4.727190e+002  -5.123006e+002  -5.139280e+002  -4.903658e+002  -4.525600e+002  -4.084658e+002  -3.632414e+002  -3.199230e+002  -2.438287e+002  -1.841298e+002  -9.325152e+001  -5.838402e+001  
-0.000000e+000  -2.200804e+002  -4.164021e+002  -5.625754e+002  -6.325086e+002  -7.260020e+002  -7.371089e+002  -6.955946e+002  -6.280821e+002  -5.523140e+002  -4.781542e+002  -4.102491e+002  -3.502740e+002  -2.546142e+002  -1.848520e+002  -8.872669e+001  -5.414368e+001  
-0.000000e+000  -2.891906e+002  -5.517602e+002  -7.523794e+002  -8.475336e+002  -9.343079e+002  -9.090437e+002  -8.241119e+002  -7.183051e+002  -6.129154e+002  -5.172955e+002  -4.343551e+002  -3.640064e+002  -2.572988e+002  -1.824590e+002  -8.483877e+001  -5.098130e+001  
-0.000000e+000  -3.768627e+002  -7.303508e+002  -1.015839e+003  -1.155734e+003  -1.214370e+003  -1.119471e+003  -9.664385e+002  -8.087493e+002  -6.677295e+002  -5.487379e+002  -4.507617e+002  -3.707928e+002  -2.550999e+002  -1.768490e+002  -7.980717e+001  -4.727046e+001  
-0.000000e+000  -4.807963e+002  -9.563579e+002  -1.380987e+003  -1.615098e+003  -1.592718e+003  -1.367561e+003  -1.112375e+003  -8.891590e+002  -7.090117e+002  -5.672107e+002  -4.560420e+002  -3.684678e+002  -2.471315e+002  -1.677168e+002  -7.362395e+001  -4.303138e+001  
-0.000000e+000  -5.743954e+002  -1.184049e+003  -1.814941e+003  -2.257440e+003  -2.035342e+003  -1.601069e+003  -1.222471e+003  -9.359086e+002  -7.241848e+002  -5.666976e+002  -4.478635e+002  -3.567412e+002  -2.345411e+002  -1.565282e+002  -6.725456e+001  -3.890548e+001  
-0.000000e+000  -6.404404e+002  -1.369641e+003  -2.257029e+003  -3.114794e+003  -2.487371e+003  -1.781140e+003  -1.284547e+003  -9.499231e+002  -7.184207e+002  -5.529588e+002  -4.313748e+002  -3.398867e+002  -2.200403e+002  -1.449328e+002  -6.123332e+001  -3.513609e+001  
-0.000000e+000  -6.721366e+002  -1.493980e+003  -2.710172e+003  -4.595748e+003  -2.967877e+003  -1.888588e+003  -1.290480e+003  -9.282410e+002  -6.898371e+002  -5.240866e+002  -4.045256e+002  -3.158022e+002  -2.017113e+002  -1.313119e+002  -5.465097e+001  -3.113234e+001  
-0.000000e+000  -6.459667e+002  -1.465935e+003  -2.904627e+003  -7.475517e+003  -3.257708e+003  -1.828523e+003  -1.214435e+003  -8.636129e+002  -6.361114e+002  -4.792623e+002  -3.670466e+002  -2.844525e+002  -1.796389e+002  -1.157618e+002  -4.755196e+001  -2.691717e+001  
-0.000000e+000  -5.378507e+002  -1.156903e+003  -1.936607e+003  -0.000000e+000  -1.955032e+003  -1.429955e+003  -1.020407e+003  -7.392763e+002  -5.456088e+002  -4.095238e+002  -3.118365e+002  -2.401443e+002  -1.500264e+002  -9.570915e+001  -3.880037e+001  -2.182326e+001  
-0.000000e+000  -3.606989e+002  -6.983150e+002  -8.433496e+002  -0.000000e+000  -9.064889e+002  -9.082354e+002  -7.230020e+002  -5.456243e+002  -4.083329e+002  -3.073476e+002  -2.336004e+002  -1.792283e+002  -1.110706e+002  -7.028693e+001  -2.818881e+001  -1.577191e+001  
-0.000000e+000  -1.179144e+002  -2.028439e+002  -1.921476e+002  -0.000000e+000  -2.293667e+002  -2.960849e+002  -2.704705e+002  -2.193241e+002  -1.698919e+002  -1.296814e+002  -9.890290e+001  -7.575965e+001  -4.653857e+001  -2.915080e+001  -1.152637e+001  -6.404730e+000  
-0.000000e+000  1.179145e+002  2.028439e+002  1.921476e+002  -0.000000e+000  2.293657e+002  2.960834e+002  2.704689e+002  2.193225e+002  1.698904e+002  1.296800e+002  9.890164e+001  7.575850e+001  4.653762e+001  2.914999e+001  1.152579e+001  6.404245e+000  
-0.000000e+000  3.606990e+002  6.983151e+002  8.433498e+002  -0.000000e+000  9.064869e+002  9.082332e+002  7.230000e+002  5.456226e+002  4.083314e+002  3.073463e+002  2.335992e+002  1.792271e+002  1.110696e+002  7.028613e+001  2.818823e+001  1.577143e+001  
-0.000000e+000  5.378508e+002  1.156903e+003  1.936608e+003  -0.000000e+000  1.955028e+003  1.429952e+003  1.020404e+003  7.392745e+002  5.456072e+002  4.095225e+002  3.118353e+002  2.401432e+002  1.500255e+002  9.570836e+001  3.879980e+001  2.182278e+001  
-0.000000e+000  6.459668e+002  1.465936e+003  2.904627e+003  7.475519e+003  3.257701e+003  1.828520e+003  1.214433e+003  8.636112e+002  6.361099e+002  4.792610e+002  3.670454e+002  2.844514e+002  1.796380e+002  1.157610e+002  4.755140e+001  2.691670e+001  
-0.000000e+000  6.721368e+002  1.493980e+003  2.710173e+003  4.595748e+003  2.967873e+003  1.888586e+003  1.290478e+003  9.282393e+002  6.898356e+002  5.240853e+002  4.045245e+002  3.158012e+002  2.017104e+002  1.313112e+002  5.465041e+001  3.113187e+001  
-0.000000e+000  6.404405e+002  1.369641e+003  2.257030e+003  3.114794e+003  2.487368e+003  1.781138e+003  1.284546e+003  9.499215e+002  7.184193e+002  5.529575e+002  4.313737e+002  3.398857e+002  2.200394e+002  1.449320e+002  6.123277e+001  3.513563e+001  
-0.000000e+000  5.743954e+002  1.184049e+003  1.814941e+003  2.257440e+003  2.035340e+003  1.601067e+003  1.222469e+003  9.359072e+002  7.241835e+002  5.666964e+002  4.478624e+002  3.567403e+002  2.345403e+002  1.565275e+002  6.725402e+001  3.890503e+001  
-0.000000e+000  4.807963e+002  9.563580e+002  1.380987e+003  1.615098e+003  1.592717e+003  1.367560e+003  1.112374e+003  8.891578e+002  7.090106e+002  5.672097e+002  4.560410e+002  3.684669e+002  2.471307e+002  1.677161e+002  7.362342e+001  4.303093e+001  
-0.000000e+000  3.768627e+002  7.303508e+002  1.015839e+003  1.155734e+003  1.214369e+003  1.119470e+003  9.664375e+002  8.087483e+002  6.677285e+002  5.487370e+002  4.507608e+002  3.707920e+002  2.550992e+002  1.768483e+002  7.980666e+001  4.727003e+001  
-0.000000e+000  2.891906e+002  5.517602e+002  7.523794e+002  8.475336e+002  9.343075e+002  9.090430e+002  8.241111e+002  7.183042e+002  6.129146e+002  5.172947e+002  4.343543e+002  3.640057e+002  2.572981e+002  1.824583e+002  8.483827e+001  5.098088e+001  
-0.000000e+000  2.200804e+002  4.164021e+002  5.625753e+002  6.325086e+002  7.260017e+002  7.371084e+002  6.955940e+002  6.280814e+002  5.523133e+002  4.781535e+002  4.102483e+002  3.502733e+002  2.546136e+002  1.848514e+002  8.872621e+001  5.414326e+001  
-0.000000e+000  1.345218e+002  2.529605e+002  3.401561e+002  3.841516e+002  4.727188e+002  5.123002e+002  5.139275e+002  4.903652e+002  4.525594e+002  4.084652e+002  3.632408e+002  3.199224e+002  2.438281e+002  1.841293e+002  9.325107e+001  5.838362e+001  
-0.000000e+000  7.314248e+001  1.375703e+002  1.855712e+002  2.115738e+002  2.817553e+002  3.252551e+002  3.453917e+002  3.472555e+002  3.362022e+002  3.169412e+002  2.931751e+002  2.675916e+002  2.164613e+002  1.721525e+002  9.432407e+001  6.140288e+001  
-0.000000e+000  2.756812e+001  5.212735e+001  7.105788e+001  8.247991e+001  1.262310e+002  1.597322e+002  1.830373e+002  1.970631e+002  2.032309e+002  2.031535e+002  1.984116e+002  1.904202e+002  1.682558e+002  1.445055e+002  8.957393e+001  6.191670e+001  
-0.000000e+000  8.551255e+000  1.628423e+001  2.247961e+001  2.660266e+001  4.898505e+001  6.813080e+001  8.369540e+001  9.562498e+001  1.040955e+002  1.094433e+002  1.120986e+002  1.125309e+002  1.081276e+002  1.000747e+002  7.153436e+001  5.327433e+001  
-0.000000e+000  2.145250e+000  4.112444e+000  5.742279e+000  6.910520e+000  1.623540e+001  2.472526e+001  3.220082e+001  3.855564e+001  4.375085e+001  4.780535e+001  5.078370e+001  5.278340e+001  5.420232e+001  5.325594e+001  4.333029e+001  3.464691e+001  
-0.000000e+000  4.379337e-001  8.421499e-001  1.182131e+000  1.433368e+000  3.912091e+000  6.215840e+000  8.296940e+000  1.012234e+001  1.167350e+001  1.294528e+001  1.394403e+001  1.468539e+001  1.546353e+001  1.553737e+001  1.329326e+001  1.092540e+001  
-0.000000e+000  -0.000000e+000  -0.000000e+000  -0.000000e+000  -0.000000e+000  -0.000000e+000  -0.000000e+000  -0.000000e+000  -0.000000e+000  -0.000000e+000  -0.000000e+000  -0.000000e+000  -0.000000e+000  -0.000000e+000  -0.000000e+000  -0.000000e+000  -0.000000e+000  

0.000000e+000  0.000000e+000  0.000000e+000  0.000000e+000  0.000000e+000  0.000000e+000  0.000000e+000  0.000000e+000  0.000000e+000  0.000000e+000  0.000000e+000  0.000000e+000  0.000000e+000  0.000000e+000  0.000000e+000  0.000000e+000  0.000000e+000  
0.000000e+000  0.000000e+000  0.000000e+000  0.000000e+000  0.000000e+000  0.000000e+000  0.000000e+000  0.000000e+000  0.000000e+000  0.000000e+000  0.000000e+000  0.000000e+000  0.000000e+000  0.000000e+000  0.000000e+000  0.000000e+000  0.000000e+000  
0.000000e+000  0.000000e+000  0.000000e+000  0.000000e+000  0.000000e+000  0.000000e+000  0.000000e+000  0.000000e+000  0.000000e+000  0.000000e+000  0.000000e+000  0.000000e+000  0.000000e+000  0.000000e+000  0.000000e+000  0.000000e+000  0.000000e+000  
0.000000e+000  0.000000e+000  0.000000e+000  0.000000e+000  0.000000e+000  0.000000e+000  0.000000e+000  0.000000e+000  0.000000e+000  0.000000e+000  0.000000e+000  0.000000e+000  0.000000e+000  0.000000e+000  0.000000e+000  0.000000e+000  0.000000e+000  
0.000000e+000  0.000000e+000  0.000000e+000  0.000000e+000  0.000000e+000  0.000000e+000  0.000000e+000  0.000000e+000  0.000000e+000  0.000000e+000  0.000000e+000  0.000000e+000  0.000000e+000  0.000000e+000  0.000000e+000  0.000000e+000  0.000000e+000  
0.000000e+000  0.000000e+000  0.000000e+000  0.000000e+000  0.000000e+000  0.000000e+000  0.000000e+000  0.000000e+000  0.000000e+000  0.000000e+000  0.000000e+000  0.000000e+000  0.000000e+000  0.000000e+000  0.000000e+000  0.000000e+000  0.000000e+000  
0.000000e+000  0.000000e+000  0.000000e+000  0.000000e+000  0.000000e+000  0.000000e+000  0.000000e+000  0.000000e+000  0.000000e+000  0.000000e+000  0.000000e+000  0.000000e+000  0.000000e+000  0.000000e+000  0.000000e+000  0.000000e+000  0.000000e+000  
0.000000e+000  0.000000e+000  0.000000e+000  0.000000e+000  0.000000e+000  0.000000e+000  0.000000e+000  0.000000e+000  0.000000e+000  0.000000e+000  0.000000e+000  0.000000e+000  0.000000e+000  0.000000e+000  0.000000e+000  0.000000e+000  0.000000e+000  
0.000000e+000  0.000000e+000  0.000000e+000  0.000000e+000  0.000000e+000  0.000000e+000  0.000000e+000  0.000000e+000  0.000000e+000  0.000000e+000  0.000000e+000  0.000000e+000  0.000000e+000  0.000000e+000  0.000000e+000  0.000000e+000  0.000000e+000  
0.000000e+000  0.000000e+000  0.000000e+000  0.000000e+000  0.000000e+000  0.000000e+000  0.000000e+000  0.000000e+000  0.000000e+000  0.000000e+000  0.000000e+000  0.000000e+000  0.000000e+000  0.000000e+000  0.000000e+000  0.000000e+000  0.000000e+000  
0.000000e+000  0.000000e+000  0.000000e+000  0.000000e+000  0.000000e+000  0.000000e+000  0.000000e+000  0.000000e+000  0.000000e+000  0.000000e+000  0.000000e+000  0.000000e+000  0.000000e+000  0.000000e+000  0.000000e+000  0.000000e+000  0.000000e+000  
0.000000e+000  0.000000e+000  0.000000e+000  0.000000e+000  0.000000e+000  0.000000e+000  0.000000e+000  0.000000e+000  0.000000e+000  0.000000e+000  0.000000e+000  0.000000e+000  0.000000e+000  0.000000e+000  0.000000e+000  0.000000e+000  0.000000e+000  
0.000000e+000  0.000000e+000  0.000000e+000  0.000000e+000  0.000000e+000  0.000000e+000  0.000000e+000  0.000000e+000  0.000000e+000  0.000000e+000  0.000000e+000  0.000000e+000  0.000000e+000  0.000000e+000  0.000000e+000  0.000000e+000  0.000000e+000  
0.000000e+000  0.000000e+000  0.000000e+000  0.000000e+000  0.000000e+000  0.000000e+000  0.000000e+000  0.000000e+000  0.000000e+000  0.000000e+000  0.000000e+000  0.000000e+000  0.000000e+000  0.000000e+000  0.000000e+000  0.000000e+000  0.000000e+000  
0.000000e+000  0.000000e+000  0.000000e+000  0.000000e+000  0.000000e+000  0.000000e+000  0.000000e+000  0.000000e+000  0.000000e+000  0.000000e+000  0.000000e+000  0.000000e+000  0.000000e+000  0.000000e+000  0.000000e+000  0.000000e+000  0.000000e+000  
0.000000e+000  0.000000e+000  0.000000e+000  0.000000e+000  0.000000e+000  0.000000e+000  0.000000e+000  0.000000e+000  0.000000e+000  0.000000e+000  0.000000e+000  0.000000e+000  0.000000e+000  0.000000e+000  0.000000e+000  0.000000e+000  0.000000e+000  
0.000000e+000  0.000000e+000  0.000000e+000  0.000000e+000  0.000000e+000  0.000000e+000  0.000000e+000  0.000000e+000  0.000000e+000  0.000000e+000  0.000000e+000  0.000000e+000  0.000000e+000  0.000000e+000  0.000000e+000  0.000000e+000  0.000000e+000  
0.000000e+000  0.000000e+000  0.000000e+000  0.000000e+000  0.000000e+000  0.000000e+000  0.000000e+000  0.000000e+000  0.000000e+000  0.000000e+000  0.000000e+000  0.000000e+000  0.000000e+000  0.000000e+000  0.000000e+000  0.000000e+000  0.000000e+000  
0.000000e+000  0.000000e+000  0.000000e+000  0.000000e+000  0.000000e+000  0.000000e+000  0.000000e+000  0.000000e+000  0.000000e+000  0.000000e+000  0.000000e+000  0.000000e+000  0.000000e+000  0.000000e+000  0.000000e+000  0.000000e+000  0.000000e+000  
0.000000e+000  0.000000e+000  0.000000e+000  0.000000e+000  0.000000e+000  0.000000e+000  0.000000e+000  0.000000e+000  0.000000e+000  0.000000e+000  0.000000e+000  0.000000e+000  0.000000e+000  0.000000e+000  0.000000e+000  0.000000e+000  0.000000e+000  
0.000000e+000  0.000000e+000  0.000000e+000  0.000000e+000  0.000000e+000  0.000000e+000  0.000000e+000  0.000000e+000  0.000000e+000  0.000000e+000  0.000000e+000  0.000000e+000  0.000000e+000  0.000000e+000  0.000000e+000  0.000000e+000  0.000000e+000  
0.000000e+000  0.000000e+000  0.000000e+000  0.000000e+000  0.000000e+000  0.000000e+000  0.000000e+000  0.000000e+000  0.000000e+000  0.000000e+000  0.000000e+000  0.000000e+000  0.000000e+000  0.000000e+000  0.000000e+000  0.000000e+000  0.000000e+000  
0.000000e+000  0.000000e+000  0.000000e+000  0.000000e+000  0.000000e+000  0.000000e+000  0.000000e+000  0.000000e+000  0.000000e+000  0.000000e+000  0.000000e+000  0.000000e+000  0.000000e+000  0.000000e+000  0.000000e+000  0.000000e+000  0.000000e+000  
0.000000e+000  0.000000e+000  0.000000e+000  0.000000e+000  0.000000e+000  0.000000e+000  0.000000e+000  0.000000e+000  0.000000e+000  0.000000e+000  0.000000e+000  0.000000e+000  0.000000e+000  0.000000e+000  0.000000e+000  0.000000e+000  0.000000e+000  
0.000000e+000  0.000000e+000  0.000000e+000  0.000000e+000  0.000000e+000  0.000000e+000  0.000000e+000  0.000000e+000  0.000000e+000  0.000000e+000  0.000000e+000  0.000000e+000  0.000000e+000  0.000000e+000  0.000000e+000  0.000000e+000  0.000000e+000  
0.000000e+000  0.000000e+000  0.000000e+000  0.000000e+000  0.000000e+000  0.000000e+000  0.000000e+000  0.000000e+000  0.000000e+000  0.000000e+000  0.000000e+000  0.000000e+000  0.000000e+000  0.000000e+000  0.000000e+000  0.000000e+000  0.000000e+000  
0.000000e+000  0.000000e+000  0.000000e+000  0.000000e+000  0.000000e+000  0.000000e+000  0.000000e+000  0.000000e+000  0.000000e+000  0.000000e+000  0.000000e+000  0.000000e+000  0.000000e+000  0.000000e+000  0.000000e+000  0.000000e+000  0.000000e+000  
0.000000e+000  0.000000e+000  0.000000e+000  0.000000e+000  0.000000e+000  0.000000e+000  0.000000e+000  0.000000e+000  0.000000e+000  0.000000e+000  0.000000e+000  0.000000e+000  0.000000e+000  0.000000e+000  0.000000e+000  0.000000e+000  0.000000e+000  
0.000000e+000  0.000000e+000  0.000000e+000  0.000000e+000  0.000000e+000  0.000000e+000  0.000000e+000  0.000000e+000  0.000000e+000  0.000000e+000  0.000000e+000  0.000000e+000  0.000000e+000  0.000000e+000  0.000000e+000  0.000000e+000  0.000000e+000  
0.000000e+000  0.000000e+000  0.000000e+000  0.000000e+000  0.000000e+000  0.000000e+000  0.000000e+000  0.000000e+000  0.000000e+000  0.000000e+000  0.000000e+000  0.000000e+000  0.000000e+000  0.000000e+000  0.000000e+000  0.000000e+000  0.000000e+000  
0.000000e+000  0.000000e+000  0.000000e+000  0.000000e+000  0.000000e+000  0.000000e+000  0.000000e+000  0.000000e+000  0.000000e+000  0.000000e+000  0.000000e+000  0.000000e+000  0.000000e+000  0.000000e+000  0.000000e+000  0.000000e+000  0.000000e+000  
0.000000e+000  0.000000e+000  0.000000e+000  0.000000e+000  0.000000e+000  0.000000e+000  0.000000e+000  0.000000e+000  0.000000e+000  0.000000e+000  0.000000e+000  0.000000e+000  0.000000e+000  0.000000e+000  0.000000e+000  0.000000e+000  0.000000e+000  
0.000000e+000  0.000000e+000  0.000000e+000  0.000000e+000  0.000000e+000  0.000000e+000  0.000000e+000  0.000000e+000  0.000000e+000  0.000000e+000  0.000000e+000  0.000000e+000  0.000000e+000  0.000000e+000  0.000000e+000  0.000000e+000  0.000000e+000  
0.000000e+000  0.000000e+000  0.000000e+000  0.000000e+000  0.000000e+000  0.000000e+000  0.000000e+000  0.000000e+000  0.000000e+000  0.000000e+000  0.000000e+000  0.000000e+000  0.000000e+000  0.000000e+000  0.000000e+000  0.000000e+000  0.000000e+000  
0.000000e+000  0.000000e+000  0.000000e+000  0.000000e+000  0.000000e+000  0.000000e+000  0.000000e+000  0.000000e+000  0.000000e+000  0.000000e+000  0.000000e+000  0.000000e+000  0.000000e+000  0.000000e+000  0.000000e+000  0.000000e+000  0.000000e+000  

0.000000e+000  0.000000e+000  0.000000e+000  0.000000e+000  0.000000e+000  0.000000e+000  0.000000e+000  0.000000e+000  0.000000e+000  0.000000e+000  0.000000e+000  0.000000e+000  0.000000e+000  0.000000e+000  0.000000e+000  0.000000e+000  0.000000e+000  
0.000000e+000  0.000000e+000  0.000000e+000  0.000000e+000  0.000000e+000  0.000000e+000  0.000000e+000  0.000000e+000  0.000000e+000  0.000000e+000  0.000000e+000  0.000000e+000  0.000000e+000  0.000000e+000  0.000000e+000  0.000000e+000  0.000000e+000  
0.000000e+000  0.000000e+000  0.000000e+000  0.000000e+000  0.000000e+000  0.000000e+000  0.000000e+000  0.000000e+000  0.000000e+000  0.000000e+000  0.000000e+000  0.000000e+000  0.000000e+000  0.000000e+000  0.000000e+000  0.000000e+000  0.000000e+000  
0.000000e+000  0.000000e+000  0.000000e+000  0.000000e+000  0.000000e+000  0.000000e+000  0.000000e+000  0.000000e+000  0.000000e+000  0.000000e+000  0.000000e+000  0.000000e+000  0.000000e+000  0.000000e+000  0.000000e+000  0.000000e+000  0.000000e+000  
0.000000e+000  0.000000e+000  0.000000e+000  0.000000e+000  0.000000e+000  0.000000e+000  0.000000e+000  0.000000e+000  0.000000e+000  0.000000e+000  0.000000e+000  0.000000e+000  0.000000e+000  0.000000e+000  0.000000e+000  0.000000e+000  0.000000e+000  
0.000000e+000  0.000000e+000  0.000000e+000  0.000000e+000  0.000000e+000  0.000000e+000  0.000000e+000  0.000000e+000  0.000000e+000  0.000000e+000  0.000000e+000  0.000000e+000  0.000000e+000  0.000000e+000  0.000000e+000  0.000000e+000  0.000000e+000  
0.000000e+000  0.000000e+000  0.000000e+000  0.000000e+000  0.000000e+000  0.000000e+000  0.000000e+000  0.000000e+000  0.000000e+000  0.000000e+000  0.000000e+000  0.000000e+000  0.000000e+000  0.000000e+000  0.000000e+000  0.000000e+000  0.000000e+000  
0.000000e+000  0.000000e+000  0.000000e+000  0.000000e+000  0.000000e+000  0.000000e+000  0.000000e+000  0.000000e+000  0.000000e+000  0.000000e+000  0.000000e+000  0.000000e+000  0.000000e+000  0.000000e+000  0.000000e+000  0.000000e+000  0.000000e+000  
0.000000e+000  0.000000e+000  0.000000e+000  0.000000e+000  0.000000e+000  0.000000e+000  0.000000e+000  0.000000e+000  0.000000e+000  0.000000e+000  0.000000e+000  0.000000e+000  0.000000e+000  0.000000e+000  0.000000e+000  0.000000e+000  0.000000e+000  
0.000000e+000  0.000000e+000  0.000000e+000  0.000000e+000  0.000000e+000  0.000000e+000  0.000000e+000  0.000000e+000  0.000000e+000  0.000000e+000  0.000000e+000  0.000000e+000  0.000000e+000  0.000000e+000  0.000000e+000  0.000000e+000  0.000000e+000  
0.000000e+000  0.000000e+000  0.000000e+000  0.000000e+000  0.000000e+000  0.000000e+000  0.000000e+000  0.000000e+000  0.000000e+000  0.000000e+000  0.000000e+000  0.000000e+000  0.000000e+000  0.000000e+000  0.000000e+000  0.000000e+000  0.000000e+000  
0.000000e+000  0.000000e+000  0.000000e+000  0.000000e+000  0.000000e+000  0.000000e+000  0.000000e+000  0.000000e+000  0.000000e+000  0.000000e+000  0.000000e+000  0.000000e+000  0.000000e+000  0.000000e+000  0.000000e+000  0.000000e+000  0.000000e+000  
0.000000e+000  0.000000e+000  0.000000e+000  0.000000e+000  0.000000e+000  0.000000e+000  0.000000e+000  0.000000e+000  0.000000e+000  0.000000e+000  0.000000e+000  0.000000e+000  0.000000e+000  0.000000e+000  0.000000e+000  0.000000e+000  0.000000e+000  
0.000000e+000  0.000000e+000  0.000000e+000  0.000000e+000  0.000000e+000  0.000000e+000  0.000000e+000  0.000000e+000  0.000000e+000  0.000000e+000  0.000000e+000  0.000000e+000  0.000000e+000  0.000000e+000  0.000000e+000  0.000000e+000  0.000000e+000  
0.000000e+000  0.000000e+000  0.000000e+000  0.000000e+000  0.000000e+000  0.000000e+000  0.000000e+000  0.000000e+000  0.000000e+000  0.000000e+000  0.000000e+000  0.000000e+000  0.000000e+000  0.000000e+000  0.000000e+000  0.000000e+000  0.000000e+000  
0.000000e+000  0.000000e+000  0.000000e+000  0.000000e+000  0.000000e+000  0.000000e+000  0.000000e+000  0.000000e+000  0.000000e+000  0.000000e+000  0.000000e+000  0.000000e+000  0.000000e+000  0.000000e+000  0.000000e+000  0.000000e+000  0.000000e+000  
0.000000e+000  0.000000e+000  0.000000e+000  0.000000e+000  0.000000e+000  0.000000e+000  0.000000e+000  0.000000e+000  0.000000e+000  0.000000e+000  0.000000e+000  0.000000e+000  0.000000e+000  0.000000e+000  0.000000e+000  0.000000e+000  0.000000e+000  
0.000000e+000  0.000000e+000  0.000000e+000  0.000000e+000  0.000000e+000  0.000000e+000  0.000000e+000  0.000000e+000  0.000000e+000  0.000000e+000  0.000000e+000  0.000000e+000  0.000000e+000  0.000000e+000  0.000000e+000  0.000000e+000  0.000000e+000  
0.000000e+000  0.000000e+000  0.000000e+000  0.000000e+000  0.000000e+000  0.000000e+000  0.000000e+000  0.000000e+000  0.000000e+000  0.000000e+000  0.000000e+000  0.000000e+000  0.000000e+000  0.000000e+000  0.000000e+000  0.000000e+000  0.000000e+000  
0.000000e+000  0.000000e+000  0.000000e+000  0.000000e+000  0.000000e+000  0.000000e+000  0.000000e+000  0.000000e+000  0.000000e+000  0.000000e+000  0.000000e+000  0.000000e+000  0.000000e+000  0.000000e+000  0.000000e+000  0.000000e+000  0.000000e+000  
0.000000e+000  0.000000e+000  0.000000e+000  0.000000e+000  0.000000e+000  0.000000e+000  0.000000e+000  0.000000e+000  0.000000e+000  0.000000e+000  0.000000e+000  0.000000e+000  0.000000e+000  0.000000e+000  0.000000e+000  0.000000e+000  0.000000e+000  
0.000000e+000  0.000000e+000  0.000000e+000  0.000000e+000  0.000000e+000  0.000000e+000  0.000000e+000  0.000000e+000  0.000000e+000  0.000000e+000  0.000000e+000  0.000000e+000  0.000000e+000  0.000000e+000  0.000000e+000  0.000000e+000  0.000000e+000  
0.000000e+000  0.000000e+000  0.000000e+000  0.000000e+000  0.000000e+000  0.000000e+000  0.000000e+000  0.000000e+000  0.000000e+000  0.000000e+000  0.000000e+000  0.000000e+000  0.000000e+000  0.000000e+000  0.000000e+000  0.000000e+000  0.000000e+000  
0.000000e+000  0.000000e+000  0.000000e+000  0.000000e+000  0.000000e+000  0.000000e+000  0.000000e+000  0.000000e+000  0.000000e+000  0.000000e+000  0.000000e+000  0.000000e+000  0.000000e+000  0.000000e+000  0.000000e+000  0.000000e+000  0.000000e+000  
0.000000e+000  0.000000e+000  0.000000e+000  0.000000e+000  0.000000e+000  0.000000e+000  0.000000e+000  0.000000e+000  0.000000e+000  0.000000e+000  0.000000e+000  0.000000e+000  0.000000e+000  0.000000e+000  0.000000e+000  0.000000e+000  0.000000e+000  
0.000000e+000  0.000000e+000  0.000000e+000  0.000000e+000  0.000000e+000  0.000000e+000  0.000000e+000  0.000000e+000  0.000000e+000  0.000000e+000  0.000000e+000  0.000000e+000  0.000000e+000  0.000000e+000  0.000000e+000  0.000000e+000  0.000000e+000  
0.000000e+000  0.000000e+000  0.000000e+000  0.000000e+000  0.000000e+000  0.000000e+000  0.000000e+000  0.000000e+000  0.000000e+000  0.000000e+000  0.000000e+000  0.000000e+000  0.000000e+000  0.000000e+000  0.000000e+000  0.000000e+000  0.000000e+000  
0.000000e+000  0.000000e+000  0.000000e+000  0.000000e+000  0.000000e+000  0.000000e+000  0.000000e+000  0.000000e+000  0.000000e+000  0.000000e+000  0.000000e+000  0.000000e+000  0.000000e+000  0.000000e+000  0.000000e+000  0.000000e+000  0.000000e+000  
0.000000e+000  0.000000e+000  0.000000e+000  0.000000e+000  0.000000e+000  0.000000e+000  0.000000e+000  0.000000e+000  0.000000e+000  0.000000e+000  0.000000e+000  0.000000e+000  0.000000e+000  0.000000e+000  0.000000e+000  0.000000e+000  0.000000e+000  
0.000000e+000  0.000000e+000  0.000000e+000  0.000000e+000  0.000000e+000  0.000000e+000  0.000000e+000  0.000000e+000  0.000000e+000  0.000000e+000  0.000000e+000  0.000000e+000  0.000000e+000  0.000000e+000  0.000000e+000  0.000000e+000  0.000000e+000  
0.000000e+000  0.000000e+000  0.000000e+000  0.000000e+000  0.000000e+000  0.000000e+000  0.000000e+000  0.000000e+000  0.000000e+000  0.000000e+000  0.000000e+000  0.000000e+000  0.000000e+000  0.000000e+000  0.000000e+000  0.000000e+000  0.000000e+000  
0.000000e+000  0.000000e+000  0.000000e+000  0.000000e+000  0.000000e+000  0.000000e+000  0.000000e+000  0.000000e+000  0.000000e+000  0.000000e+000  0.000000e+000  0.000000e+000  0.000000e+000  0.000000e+000  0.000000e+000  0.000000e+000  0.000000e+000  
0.000000e+000  0.000000e+000  0.000000e+000  0.000000e+000  0.000000e+000  0.000000e+000  0.000000e+000  0.000000e+000  0.000000e+000  0.000000e+000  0.000000e+000  0.000000e+000  0.000000e+000  0.000000e+000  0.000000e+000  0.000000e+000  0.000000e+000  
0.000000e+000  0.000000e+000  0.000000e+000  0.000000e+000  0.000000e+000  0.000000e+000  0.000000e+000  0.000000e+000  0.000000e+000  0.000000e+000  0.000000e+000  0.000000e+000  0.000000e+000  0.000000e+000  0.000000e+000  0.000000e+000  0.000000e+000  
0.000000e+000  0.000000e+000  0.000000e+000  0.000000e+000  0.000000e+000  0.000000e+000  0.000000e+000  0.000000e+000  0.000000e+000  0.000000e+000  0.000000e+000  0.000000e+000  0.000000e+000  0.000000e+000  0.000000e+000  0.000000e+000  0.000000e+000  

0.000000e+000  0.000000e+000  0.000000e+000  0.000000e+000  0.000000e+000  0.000000e+000  0.000000e+000  0.000000e+000  0.000000e+000  0.000000e+000  0.000000e+000  0.000000e+000  0.000000e+000  0.000000e+000  0.000000e+000  0.000000e+000  0.000000e+000  
0.000000e+000  0.000000e+000  0.000000e+000  0.000000e+000  0.000000e+000  0.000000e+000  0.000000e+000  0.000000e+000  0.000000e+000  0.000000e+000  0.000000e+000  0.000000e+000  0.000000e+000  0.000000e+000  0.000000e+000  0.000000e+000  0.000000e+000  
0.000000e+000  0.000000e+000  0.000000e+000  0.000000e+000  0.000000e+000  0.000000e+000  0.000000e+000  0.000000e+000  0.000000e+000  0.000000e+000  0.000000e+000  0.000000e+000  0.000000e+000  0.000000e+000  0.000000e+000  0.000000e+000  0.000000e+000  
0.000000e+000  0.000000e+000  0.000000e+000  0.000000e+000  0.000000e+000  0.000000e+000  0.000000e+000  0.000000e+000  0.000000e+000  0.000000e+000  0.000000e+000  0.000000e+000  0.000000e+000  0.000000e+000  0.000000e+000  0.000000e+000  0.000000e+000  
0.000000e+000  0.000000e+000  0.000000e+000  0.000000e+000  0.000000e+000  0.000000e+000  0.000000e+000  0.000000e+000  0.000000e+000  0.000000e+000  0.000000e+000  0.000000e+000  0.000000e+000  0.000000e+000  0.000000e+000  0.000000e+000  0.000000e+000  
0.000000e+000  0.000000e+000  0.000000e+000  0.000000e+000  0.000000e+000  0.000000e+000  0.000000e+000  0.000000e+000  0.000000e+000  0.000000e+000  0.000000e+000  0.000000e+000  0.000000e+000  0.000000e+000  0.000000e+000  0.000000e+000  0.000000e+000  
0.000000e+000  0.000000e+000  0.000000e+000  0.000000e+000  0.000000e+000  0.000000e+000  0.000000e+000  0.000000e+000  0.000000e+000  0.000000e+000  0.000000e+000  0.000000e+000  0.000000e+000  0.000000e+000  0.000000e+000  0.000000e+000  0.000000e+000  
0.000000e+000  0.000000e+000  0.000000e+000  0.000000e+000  0.000000e+000  0.000000e+000  0.000000e+000  0.000000e+000  0.000000e+000  0.000000e+000  0.000000e+000  0.000000e+000  0.000000e+000  0.000000e+000  0.000000e+000  0.000000e+000  0.000000e+000  
0.000000e+000  0.000000e+000  0.000000e+000  0.000000e+000  0.000000e+000  0.000000e+000  0.000000e+000  0.000000e+000  0.000000e+000  0.000000e+000  0.000000e+000  0.000000e+000  0.000000e+000  0.000000e+000  0.000000e+000  0.000000e+000  0.000000e+000  
0.000000e+000  0.000000e+000  0.000000e+000  0.000000e+000  0.000000e+000  0.000000e+000  0.000000e+000  0.000000e+000  0.000000e+000  0.000000e+000  0.000000e+000  0.000000e+000  0.000000e+000  0.000000e+000  0.000000e+000  0.000000e+000  0.000000e+000  
0.000000e+000  0.000000e+000  0.000000e+000  0.000000e+000  0.000000e+000  0.000000e+000  0.000000e+000  0.000000e+000  0.000000e+000  0.000000e+000  0.000000e+000  0.000000e+000  0.000000e+000  0.000000e+000  0.000000e+000  0.000000e+000  0.000000e+000  
0.000000e+000  0.000000e+000  0.000000e+000  0.000000e+000  0.000000e+000  0.000000e+000  0.000000e+000  0.000000e+000  0.000000e+000  0.000000e+000  0.000000e+000  0.000000e+000  0.000000e+000  0.000000e+000  0.000000e+000  0.000000e+000  0.000000e+000  
0.000000e+000  0.000000e+000  0.000000e+000  0.000000e+000  0.000000e+000  0.000000e+000  0.000000e+000  0.000000e+000  0.000000e+000  0.000000e+000  0.000000e+000  0.000000e+000  0.000000e+000  0.000000e+000  0.000000e+000  0.000000e+000  0.000000e+000  
0.000000e+000  0.000000e+000  0.000000e+000  0.000000e+000  0.000000e+000  0.000000e+000  0.000000e+000  0.000000e+000  0.000000e+000  0.000000e+000  0.000000e+000  0.000000e+000  0.000000e+000  0.000000e+000  0.000000e+000  0.000000e+000  0.000000e+000  
0.000000e+000  0.000000e+000  0.000000e+000  0.000000e+000  0.000000e+000  0.000000e+000  0.000000e+000  0.000000e+000  0.000000e+000  0.000000e+000  0.000000e+000  0.000000e+000  0.000000e+000  0.000000e+000  0.000000e+000  0.000000e+000  0.000000e+000  
0.000000e+000  0.000000e+000  0.000000e+000  0.000000e+000  0.000000e+000  0.000000e+000  0.000000e+000  0.000000e+000  0.000000e+000  0.000000e+000  0.000000e+000  0.000000e+000  0.000000e+000  0.000000e+000  0.000000e+000  0.000000e+000  0.000000e+000  
0.000000e+000  0.000000e+000  0.000000e+000  0.000000e+000  0.000000e+000  0.000000e+000  0.000000e+000  0.000000e+000  0.000000e+000  0.000000e+000  0.000000e+000  0.000000e+000  0.000000e+000  0.000000e+000  0.000000e+000  0.000000e+000  0.000000e+000  
0.000000e+000  0.000000e+000  0.000000e+000  0.000000e+000  0.000000e+000  0.000000e+000  0.000000e+000  0.000000e+000  0.000000e+000  0.000000e+000  0.000000e+000  0.000000e+000  0.000000e+000  0.000000e+000  0.000000e+000  0.000000e+000  0.000000e+000  
0.000000e+000  0.000000e+000  0.000000e+000  0.000000e+000  0.000000e+000  0.000000e+000  0.000000e+000  0.000000e+000  0.000000e+000  0.000000e+000  0.000000e+000  0.000000e+000  0.000000e+000  0.000000e+000  0.000000e+000  0.000000e+000  0.000000e+000  
0.000000e+000  0.000000e+000  0.000000e+000  0.000000e+000  0.000000e+000  0.000000e+000  0.000000e+000  0.000000e+000  0.000000e+000  0.000000e+000  0.000000e+000  0.000000e+000  0.000000e+000  0.000000e+000  0.000000e+000  0.000000e+000  0.000000e+000  
0.000000e+000  0.000000e+000  0.000000e+000  0.000000e+000  0.000000e+000  0.000000e+000  0.000000e+000  0.000000e+000  0.000000e+000  0.000000e+000  0.000000e+000  0.000000e+000  0.000000e+000  0.000000e+000  0.000000e+000  0.000000e+000  0.000000e+000  
0.000000e+000  0.000000e+000  0.000000e+000  0.000000e+000  0.000000e+000  0.000000e+000  0.000000e+000  0.000000e+000  0.000000e+000  0.000000e+000  0.000000e+000  0.000000e+000  0.000000e+000  0.000000e+000  0.000000e+000  0.000000e+000  0.000000e+000  
0.000000e+000  0.000000e+000  0.000000e+000  0.000000e+000  0.000000e+000  0.000000e+000  0.000000e+000  0.000000e+000  0.000000e+000  0.000000e+000  0.000000e+000  0.000000e+000  0.000000e+000  0.000000e+000  0.000000e+000  0.000000e+000  0.000000e+000  
0.000000e+000  0.000000e+000  0.000000e+000  0.000000e+000  0.000000e+000  0.000000e+000  0.000000e+000  0.000000e+000  0.000000e+000  0.000000e+000  0.000000e+000  0.000000e+000  0.000000e+000  0.000000e+000  0.000000e+000  0.000000e+000  0.000000e+000  
0.000000e+000  0.000000e+000  0.000000e+000  0.000000e+000  0.000000e+000  0.000000e+000  0.000000e+000  0.000000e+000  0.000000e+000  0.000000e+000  0.000000e+000  0.000000e+000  0.000000e+000  0.000000e+000  0.000000e+000  0.000000e+000  0.000000e+000  
0.000000e+000  0.000000e+000  0.000000e+000  0.000000e+000  0.000000e+000  0.000000e+000  0.000000e+000  0.000000e+000  0.000000e+000  0.000000e+000  0.000000e+000  0.000000e+000  0.000000e+000  0.000000e+000  0.000000e+000  0.000000e+000  0.000000e+000  
0.000000e+000  0.000000e+000  0.000000e+000  0.000000e+000  0.000000e+000  0.000000e+000  0.000000e+000  0.000000e+000  0.000000e+000  0.000000e+000  0.000000e+000  0.000000e+000  0.000000e+000  0.000000e+000  0.000000e+000  0.000000e+000  0.000000e+000  
0.000000e+000  0.000000e+000  0.000000e+000  0.000000e+000  0.000000e+000  0.000000e+000  0.000000e+000  0.000000e+000  0.000000e+000  0.000000e+000  0.000000e+000  0.000000e+000  0.000000e+000  0.000000e+000  0.000000e+000  0.000000e+000  0.000000e+000  
0.000000e+000  0.000000e+000  0.000000e+000  0.000000e+000  0.000000e+000  0.000000e+000  0.000000e+000  0.000000e+000  0.000000e+000  0.000000e+000  0.000000e+000  0.000000e+000  0.000000e+000  0.000000e+000  0.000000e+000  0.000000e+000  0.000000e+000  
0.000000e+000  0.000000e+000  0.000000e+000  0.000000e+000  0.000000e+000  0.000000e+000  0.000000e+000  0.000000e+000  0.000000e+000  0.000000e+000  0.000000e+000  0.000000e+000  0.000000e+000  0.000000e+000  0.000000e+000  0.000000e+000  0.000000e+000  
0.000000e+000  0.000000e+000  0.000000e+000  0.000000e+000  0.000000e+000  0.000000e+000  0.000000e+000  0.000000e+000  0.000000e+000  0.000000e+000  0.000000e+000  0.000000e+000  0.000000e+000  0.000000e+000  0.000000e+000  0.000000e+000  0.000000e+000  
0.000000e+000  0.000000e+000  0.000000e+000  0.000000e+000  0.000000e+000  0.000000e+000  0.000000e+000  0.000000e+000  0.000000e+000  0.000000e+000  0.000000e+000  0.000000e+000  0.000000e+000  0.000000e+000  0.000000e+000  0.000000e+000  0.000000e+000  
0.000000e+000  0.000000e+000  0.000000e+000  0.000000e+000  0.000000e+000  0.000000e+000  0.000000e+000  0.000000e+000  0.000000e+000  0.000000e+000  0.000000e+000  0.000000e+000  0.000000e+000  0.000000e+000  0.000000e+000  0.000000e+000  0.000000e+000  
0.000000e+000  0.000000e+000  0.000000e+000  0.000000e+000  0.000000e+000  0.000000e+000  0.000000e+000  0.000000e+000  0.000000e+000  0.000000e+000  0.000000e+000  0.000000e+000  0.000000e+000  0.000000e+000  0.000000e+000  0.000000e+000  0.000000e+000  
0.000000e+000  0.000000e+000  0.000000e+000  0.000000e+000  0.000000e+000  0.000000e+000  0.000000e+000  0.000000e+000  0.000000e+000  0.000000e+000  0.000000e+000  0.000000e+000  0.000000e+000  0.000000e+000  0.000000e+000  0.000000e+000  0.000000e+000  

-0.000000e+000  -6.407822e+000  -1.277608e+001  -1.906570e+001  -2.523859e+001  -2.603202e+001  -2.670249e+001  -2.725887e+001  -2.771098e+001  -2.806922e+001  -2.834420e+001  -2.854642e+001  -2.868605e+001  -2.880662e+001  -2.878550e+001  -2.827934e+001  -2.775772e+001  
-0.000000e+000  -6.754822e+000  -1.346565e+001  -2.008896e+001  -2.658223e+001  -2.731943e+001  -2.792033e+001  -2.839776e+001  -2.876517e+001  -2.903613e+001  -2.922386e+001  -2.934095e+001  -2.939919e+001  -2.937153e+001  -2.922606e+001  -2.850153e+001  -2.788962e+001  
-0.000000e+000  -8.302552e+000  -1.654303e+001  -2.465932e+001  -3.258949e+001  -3.299238e+001  -3.320736e+001  -3.326837e+001  -3.320688e+001  -3.305100e+001  -3.282509e+001  -3.254978e+001  -3.224215e+001  -3.157170e+001  -3.090624e+001  -2.932665e+001  -2.837757e+001  
-0.000000e+000  -1.068991e+001  -2.130472e+001  -3.176550e+001  -4.198652e+001  -4.149082e+001  -4.078342e+001  -3.994189e+001  -3.902812e+001  -3.808898e+001  -3.715824e+001  -3.625893e+001  -3.540576e+001  -3.386360e+001  -3.255763e+001  -3.009476e+001  -2.883614e+001  
-0.000000e+000  -1.389394e+001  -2.775906e+001  -4.154758e+001  -5.517604e+001  -5.260781e+001  -5.000159e+001  -4.749212e+001  -4.515966e+001  -4.304290e+001  -4.115190e+001  -3.947904e+001  -3.800711e+001  -3.560244e+001  -3.374096e+001  -3.065929e+001  -2.920039e+001  
-0.000000e+000  -1.561826e+001  -3.133255e+001  -4.720012e+001  -6.320148e+001  -5.862277e+001  -5.439989e+001  -5.065396e+001  -4.741241e+001  -4.464704e+001  -4.230318e+001  -4.031832e+001  -3.863229e+001  -3.599711e+001  -3.402034e+001  -3.084137e+001  -2.934155e+001  
-0.000000e+000  -1.697586e+001  -3.431081e+001  -5.230273e+001  -7.110943e+001  -6.368885e+001  -5.744296e+001  -5.235889e+001  -4.828831e+001  -4.504164e+001  -4.243905e+001  -4.032999e+001  -3.859612e+001  -3.598346e+001  -3.405824e+001  -3.095157e+001  -2.945229e+001  
-0.000000e+000  -1.715924e+001  -3.486378e+001  -5.360791e+001  -7.372998e+001  -6.478878e+001  -5.765312e+001  -5.212402e+001  -4.787770e+001  -4.460018e+001  -4.203573e+001  -3.999169e+001  -3.832795e+001  -3.583939e+001  -3.400139e+001  -3.097939e+001  -2.949177e+001  
-0.000000e+000  -1.695545e+001  -3.467798e+001  -5.393167e+001  -7.535496e+001  -6.478638e+001  -5.688242e+001  -5.111012e+001  -4.688447e+001  -4.373623e+001  -4.133051e+001  -3.943904e+001  -3.790820e+001  -3.561632e+001  -3.390405e+001  -3.099557e+001  -2.952559e+001  
-0.000000e+000  -1.620918e+001  -3.340911e+001  -5.271932e+001  -7.531113e+001  -6.313628e+001  -5.479702e+001  -4.914895e+001  -4.523903e+001  -4.243050e+001  -4.032679e+001  -3.868416e+001  -3.735120e+001  -3.532537e+001  -3.377325e+001  -3.100175e+001  -2.955407e+001  
-0.000000e+000  -1.476397e+001  -3.065186e+001  -4.919221e+001  -7.253944e+001  -5.909402e+001  -5.104030e+001  -4.611766e+001  -4.292501e+001  -4.070607e+001  -3.905768e+001  -3.775886e+001  -3.668403e+001  -3.498315e+001  -3.361820e+001  -3.099986e+001  -2.957763e+001  
-0.000000e+000  -1.317967e+001  -2.739867e+001  -4.438851e+001  -6.751521e+001  -5.390771e+001  -4.698997e+001  -4.317845e+001  -4.082701e+001  -3.921008e+001  -3.798951e+001  -3.699682e+001  -3.614359e+001  -3.471002e+001  -3.349454e+001  -3.099466e+001  -2.959223e+001  
-0.000000e+000  -1.119223e+001  -2.307198e+001  -3.720994e+001  -5.846766e+001  -4.640280e+001  -4.187125e+001  -3.974490e+001  -3.848744e+001  -3.759014e+001  -3.685583e+001  -3.619982e+001  -3.558481e+001  -3.443077e+001  -3.336843e+001  -3.098714e+001  -2.960455e+001  
-0.000000e+000  -8.937700e+000  -1.787027e+001  -2.727848e+001  -4.239479e+001  -3.628158e+001  -3.592730e+001  -3.602239e+001  -3.603631e+001  -3.592722e+001  -3.570851e+001  -3.540197e+001  -3.503044e+001  -3.415634e+001  -3.324491e+001  -3.097822e+001  -2.961479e+001  
-0.000000e+000  -6.683666e+000  -1.248211e+001  -1.514038e+001  -0.000000e+000  -2.416062e+001  -2.983964e+001  -3.234169e+001  -3.364161e+001  -3.431602e+001  -3.460520e+001  -3.464003e+001  -3.450440e+001  -3.389790e+001  -3.312899e+001  -3.096880e+001  -2.962315e+001  
-0.000000e+000  -4.237737e+000  -7.237484e+000  -7.022549e+000  -0.000000e+000  -1.512704e+001  -2.354182e+001  -2.815959e+001  -3.084452e+001  -3.242173e+001  -3.330932e+001  -3.374844e+001  -3.389170e+001  -3.359889e+001  -3.299537e+001  -3.095691e+001  -2.963151e+001  
-0.000000e+000  -2.616474e+000  -4.135341e+000  -3.444156e+000  -0.000000e+000  -1.098873e+001  -1.955456e+001  -2.516408e+001  -2.873695e+001  -3.096524e+001  -3.230601e+001  -3.305745e+001  -3.341757e+001  -3.336849e+001  -3.289272e+001  -3.094720e+001  -2.963724e+001  
-0.000000e+000  -1.568386e+000  -2.350561e+000  -1.794043e+000  -0.000000e+000  -8.931441e+000  -1.697932e+001  -2.291534e+001  -2.701586e+001  -2.972168e+001  -3.143064e+001  -3.244910e+001  -3.299898e+001  -3.316565e+001  -3.280267e+001  -3.093814e+001  -2.964155e+001  
-0.000000e+000  -2.616470e+000  -4.135333e+000  -3.444150e+000  -0.000000e+000  -1.098872e+001  -1.955455e+001  -2.516407e+001  -2.873693e+001  -3.096522e+001  -3.230600e+001  -3.305744e+001  -3.341756e+001  -3.336848e+001  -3.289271e+001  -3.094720e+001  -2.963724e+001  
-0.000000e+000  -4.237729e+000  -7.237470e+000  -7.022535e+000  -0.000000e+000  -1.512702e+001  -2.354180e+001  -2.815956e+001  -3.084450e+001  -3.242171e+001  -3.330930e+001  -3.374842e+001  -3.389168e+001  -3.359888e+001  -3.299536e+001  -3.095690e+001  -2.963151e+001  
-0.000000e+000  -6.683653e+000  -1.248209e+001  -1.514035e+001  -0.000000e+000  -2.416057e+001  -2.983960e+001  -3.234165e+001  -3.364158e+001  -3.431599e+001  -3.460517e+001  -3.464001e+001  -3.450438e+001  -3.389789e+001  -3.312898e+001  -3.096879e+001  -2.962314e+001  
-0.000000e+000  -8.937682e+000  -1.787024e+001  -2.727842e+001  -4.239469e+001  -3.628152e+001  -3.592725e+001  -3.602235e+001  -3.603627e+001  -3.592719e+001  -3.570848e+001  -3.540194e+001  -3.503042e+001  -3.415632e+001  -3.324490e+001  -3.097821e+001  -2.961479e+001  
-0.000000e+000  -1.119221e+001  -2.307193e+001  -3.720986e+001  -5.846753e+001  -4.640271e+001  -4.187119e+001  -3.974484e+001  -3.848739e+001  -3.759010e+001  -3.685579e+001  -3.619979e+001  -3.558478e+001  -3.443075e+001  -3.336841e+001  -3.098713e+001  -2.960454e+001  
-0.000000e+000  -1.317965e+001  -2.739862e+001  -4.438842e+001  -6.751507e+001  -5.390761e+001  -4.698990e+001  -4.317839e+001  -4.082695e+001  -3.921004e+001  -3.798947e+001  -3.699679e+001  -3.614356e+001  -3.471000e+001  -3.349452e+001  -3.099465e+001  -2.959222e+001  
-0.000000e+000  -1.476394e+001  -3.065181e+001  -4.919211e+001  -7.253930e+001  -5.909392e+001  -5.104021e+001  -4.611759e+001  -4.292495e+001  -4.070602e+001  -3.905763e+001  -3.775883e+001  -3.668400e+001  -3.498312e+001  -3.361818e+001  -3.099985e+001  -2.957762e+001  
-0.000000e+000  -1.620915e+001  -3.340905e+001  -5.271922e+001  -7.531100e+001  -6.313617e+001  -5.479693e+001  -4.914888e+001  -4.523896e+001  -4.243045e+001  -4.032675e+001  -3.868412e+001  -3.735116e+001  -3.532534e+001  -3.377323e+001  -3.100173e+001  -2.955406e+001  
-0.000000e+000  -1.695542e+001  -3.467792e+001  -5.393158e+001  -7.535483e+001  -6.478627e+001  -5.688233e+001  -5.111004e+001  -4.688440e+001  -4.373617e+001  -4.133046e+001  -3.943900e+001  -3.790816e+001  -3.561629e+001  -3.390402e+001  -3.099556e+001  -2.952557e+001  
-0.000000e+000  -1.715921e+001  -3.486372e+001  -5.360782e+001  -7.372985e+001  -6.478867e+001  -5.765303e+001  -5.212394e+001  -4.787763e+001  -4.460012e+001  -4.203568e+001  -3.999165e+001  -3.832791e+001  -3.583936e+001  -3.400136e+001  -3.097937e+001  -2.949175e+001  
-0.000000e+000  -1.697583e+001  -3.431075e+001  -5.230264e+001  -7.110931e+001  -6.368875e+001  -5.744287e+001  -5.235881e+001  -4.828824e+001  -4.504158e+001  -4.243899e+001  -4.032994e+001  -3.859608e+001  -3.598343e+001  -3.405821e+001  -3.095154e+001  -2.945228e+001  
-0.000000e+000  -1.561824e+001  -3.133250e+001  -4.720005e+001  -6.320137e+001  -5.862267e+001  -5.439980e+001  -5.065388e+001  -4.741234e+001  -4.464697e+001  -4.230312e+001  -4.031827e+001  -3.863224e+001  -3.599707e+001  -3.402031e+001  -3.084135e+001  -2.934153e+001  
-0.000000e+000  -1.389391e+001  -2.775901e+001  -4.154751e+001  -5.517595e+001  -5.260773e+001  -5.000151e+001  -4.749204e+001  -4.515959e+001  -4.304283e+001  -4.115184e+001  -3.947898e+001  -3.800706e+001  -3.560240e+001  -3.374093e+001  -3.065927e+001  -2.920037e+001  
-0.000000e+000  -1.068989e+001  -2.130468e+001  -3.176544e+001  -4.198645e+001  -4.149075e+001  -4.078335e+001  -3.994182e+001  -3.902805e+001  -3.808892e+001  -3.715819e+001  -3.625888e+001  -3.540571e+001  -3.386355e+001  -3.255759e+001  -3.009473e+001  -2.883612e+001  
-0.000000e+000  -8.302536e+000  -1.654299e+001  -2.465928e+001  -3.258943e+001  -3.299232e+001  -3.320730e+001  -3.326831e+001  -3.320682e+001  -3.305094e+001  -3.282504e+001  -3.254973e+001  -3.224210e+001  -3.157165e+001  -3.090620e+001  -2.932662e+001  -2.837754e+001  
-0.000000e+000  -6.754808e+000  -1.346562e+001  -2.008892e+001  -2.658218e+001  -2.731937e+001  -2.792027e+001  -2.839770e+001  -2.876512e+001  -2.903608e+001  -2.922381e+001  -2.934090e+001  -2.939914e+001  -2.937149e+001  -2.922602e+001  -2.850150e+001  -2.788959e+001  
-0.000000e+000  -6.407809e+000  -1.277606e+001  -1.906566e+001  -2.523854e+001  -2.603197e+001  -2.670244e+001  -2.725882e+001  -2.771093e+001  -2.806917e+001  -2.834415e+001  -2.854637e+001  -2.868601e+001  -2.880658e+001  -2.878546e+001  -2.827930e+001  -2.775769e+001  

