Port monitor named: Port1_e1.prt

nx        = 39
ny        = 4
nz        = 19

nu        = 17
nv        = 37
iu        = 2
iv        = 2

idir      = 1
dcut      = -4.860000e-002
icut      = 2
type      = 0
frequency = 2.400000e+009

fcutoff   = 0.000000e+000
alpha     = 0.000000e+000
beta      = 9.599832e+001
accuracy  = 1.907104e-010

type          = QTEM
wave imp.     = 2.476880e+002
wave imp.sig. = 2.375606e-008
line imp.     = 3.207286e+001

ref. port     = 0

-4.483361e+001  -4.444206e+001  -4.367233e+001  -4.255010e+001  -1.834563e+002  -1.806145e+002  -1.766088e+002  -1.715482e+002  -1.655580e+002  -1.587721e+002  -1.513271e+002  -1.433562e+002  -1.307990e+002  -1.131405e+002  -8.089008e+001  -2.812247e+001  -0.000000e+000  
-4.799300e+001  -4.749044e+001  -4.650805e+001  -4.508910e+001  -1.936562e+002  -1.902034e+002  -1.854168e+002  -1.794556e+002  -1.724948e+002  -1.647150e+002  -1.562922e+002  -1.473918e+002  -1.335486e+002  -1.145599e+002  -8.064424e+001  -2.761281e+001  -0.000000e+000  
-6.236272e+001  -6.123654e+001  -5.906643e+001  -5.600718e+001  -2.363918e+002  -2.297954e+002  -2.211377e+002  -2.108516e+002  -1.993687e+002  -1.870903e+002  -1.743693e+002  -1.615005e+002  -1.423268e+002  -1.181660e+002  -7.827114e+001  -2.526541e+001  -0.000000e+000  
-9.835343e+001  -9.496503e+001  -8.852644e+001  -7.967020e+001  -3.221821e+002  -3.058747e+002  -2.861833e+002  -2.644371e+002  -2.417940e+002  -2.191798e+002  -1.972770e+002  -1.765442e+002  -1.476069e+002  -1.155367e+002  -6.869427e+001  -2.007573e+001  -0.000000e+000  
-1.901069e+002  -1.787502e+002  -1.573753e+002  -1.285090e+002  -4.751862e+002  -4.299581e+002  -3.807900e+002  -3.315765e+002  -2.850301e+002  -2.427450e+002  -2.054335e+002  -1.731992e+002  -1.320582e+002  -9.361273e+001  -4.629989e+001  -1.137291e+001  -0.000000e+000  
-3.066408e+002  -2.829490e+002  -2.383387e+002  -1.783417e+002  -5.994537e+002  -5.149504e+002  -4.308246e+002  -3.537004e+002  -2.867576e+002  -2.307253e+002  -1.849411e+002  -1.481280e+002  -1.042199e+002  -6.770996e+001  -2.788621e+001  -5.466445e+000  -0.000000e+000  
-5.215570e+002  -4.739976e+002  -3.831454e+002  -2.593510e+002  -7.596865e+002  -6.009827e+002  -4.589687e+002  -3.427603e+002  -2.526373e+002  -1.848590e+002  -1.347428e+002  -9.805379e+001  -5.809907e+001  -2.984028e+001  -4.658442e+000  1.328924e+000  -0.000000e+000  
-6.685723e+002  -6.059227e+002  -4.832865e+002  -3.112571e+002  -8.321182e+002  -6.207824e+002  -4.454878e+002  -3.126460e+002  -2.165287e+002  -1.484652e+002  -1.007135e+002  -6.739537e+001  -3.281783e+001  -1.061726e+001  6.122698e+000  4.313700e+000  -0.000000e+000  
-8.603172e+002  -7.806839e+002  -6.187024e+002  -3.799444e+002  -9.022255e+002  -6.199829e+002  -4.075218e+002  -2.612939e+002  -1.641792e+002  -1.003063e+002  -5.831999e+001  -3.078438e+001  -4.066827e+000  1.048603e+001  1.746124e+001  7.366320e+000  -0.000000e+000  
-1.108915e+003  -1.014261e+003  -8.089789e+002  -4.780203e+002  -9.569370e+002  -5.788490e+002  -3.311320e+002  -1.814179e+002  -9.251394e+001  -3.942368e+001  -7.519480e+000  1.149028e+001  2.776208e+001  3.315971e+001  2.920649e+001  1.045171e+001  -0.000000e+000  
-1.425071e+003  -1.326859e+003  -1.089103e+003  -6.374911e+002  -9.637330e+002  -4.619096e+002  -1.976768e+002  -6.611461e+001  2.718110e-002  3.382019e+001  5.081722e+001  5.854779e+001  6.199574e+001  5.696903e+001  4.117837e+001  1.353104e+001  -0.000000e+000  
-1.701639e+003  -1.619669e+003  -1.391982e+003  -8.536140e+002  -8.803288e+002  -2.879098e+002  -5.046871e+001  4.281262e+001  7.997645e+001  9.383733e+001  9.710117e+001  9.513138e+001  8.804419e+001  7.481695e+001  4.997831e+001  1.576043e+001  -0.000000e+000  
-2.009626e+003  -1.968500e+003  -1.814550e+003  -1.265072e+003  -6.196284e+002  -2.213607e+000  1.421281e+002  1.694345e+002  1.672995e+002  1.572317e+002  1.450743e+002  1.326225e+002  1.144269e+002  9.273949e+001  5.870405e+001  1.794698e+001  -0.000000e+000  
-2.333237e+003  -2.360619e+003  -2.389490e+003  -2.157750e+003  7.284804e+001  4.324980e+002  3.716499e+002  3.054012e+002  2.571912e+002  2.213500e+002  1.932007e+002  1.700679e+002  1.406548e+002  1.104796e+002  6.726648e+001  2.007330e+001  -0.000000e+000  
-2.646002e+003  -2.751878e+003  -3.064683e+003  -4.067285e+003  2.436038e+003  9.998456e+002  6.030281e+002  4.358135e+002  3.432942e+002  2.831379e+002  2.398276e+002  2.064743e+002  1.662294e+002  1.277773e+002  7.557575e+001  2.212199e+001  -0.000000e+000  
-3.005302e+003  -3.155347e+003  -3.555289e+003  -4.525169e+003  2.208165e+003  1.246698e+003  8.020412e+002  5.757072e+002  4.442647e+002  3.588435e+002  2.983677e+002  2.528277e+002  1.992004e+002  1.501877e+002  8.632817e+001  2.475612e+001  -0.000000e+000  
-3.256867e+003  -3.379798e+003  -3.638424e+003  -3.989379e+003  1.580918e+003  1.193413e+003  8.744755e+002  6.607605e+002  5.187659e+002  4.202928e+002  3.484365e+002  2.936737e+002  2.290495e+002  1.707346e+002  9.623664e+001  2.717337e+001  -0.000000e+000  
-3.494665e+003  -3.535963e+003  -3.604614e+003  -3.666404e+003  1.065177e+003  9.697654e+002  8.374580e+002  7.070428e+002  5.929023e+002  4.976434e+002  4.195054e+002  3.556319e+002  2.771089e+002  2.047999e+002  1.129454e+002  3.124129e+001  -0.000000e+000  
-3.570407e+003  -3.578416e+003  -3.590421e+003  -3.599594e+003  8.277353e+002  7.964684e+002  7.406893e+002  6.716154e+002  5.982053e+002  5.263712e+002  4.594739e+002  3.990832e+002  3.189074e+002  2.383668e+002  1.311621e+002  3.576997e+001  -0.000000e+000  
-3.494665e+003  -3.535963e+003  -3.604614e+003  -3.666404e+003  1.065177e+003  9.697654e+002  8.374580e+002  7.070428e+002  5.929023e+002  4.976434e+002  4.195054e+002  3.556319e+002  2.771089e+002  2.047999e+002  1.129454e+002  3.124129e+001  -0.000000e+000  
-3.256867e+003  -3.379798e+003  -3.638424e+003  -3.989379e+003  1.580918e+003  1.193413e+003  8.744755e+002  6.607605e+002  5.187659e+002  4.202928e+002  3.484365e+002  2.936737e+002  2.290495e+002  1.707346e+002  9.623664e+001  2.717337e+001  -0.000000e+000  
-3.005302e+003  -3.155347e+003  -3.555289e+003  -4.525169e+003  2.208165e+003  1.246698e+003  8.020412e+002  5.757072e+002  4.442647e+002  3.588435e+002  2.983677e+002  2.528277e+002  1.992004e+002  1.501877e+002  8.632817e+001  2.475612e+001  -0.000000e+000  
-2.646002e+003  -2.751878e+003  -3.064683e+003  -4.067285e+003  2.436038e+003  9.998456e+002  6.030281e+002  4.358135e+002  3.432942e+002  2.831379e+002  2.398276e+002  2.064743e+002  1.662294e+002  1.277773e+002  7.557575e+001  2.212199e+001  -0.000000e+000  
-2.333237e+003  -2.360619e+003  -2.389490e+003  -2.157750e+003  7.284804e+001  4.324980e+002  3.716499e+002  3.054012e+002  2.571912e+002  2.213500e+002  1.932007e+002  1.700679e+002  1.406548e+002  1.104796e+002  6.726648e+001  2.007330e+001  -0.000000e+000  
-2.009626e+003  -1.968500e+003  -1.814550e+003  -1.265072e+003  -6.196284e+002  -2.213607e+000  1.421281e+002  1.694345e+002  1.672995e+002  1.572317e+002  1.450743e+002  1.326225e+002  1.144269e+002  9.273949e+001  5.870405e+001  1.794698e+001  -0.000000e+000  
-1.701639e+003  -1.619669e+003  -1.391982e+003  -8.536140e+002  -8.803288e+002  -2.879098e+002  -5.046871e+001  4.281262e+001  7.997645e+001  9.383733e+001  9.710117e+001  9.513138e+001  8.804419e+001  7.481695e+001  4.997831e+001  1.576043e+001  -0.000000e+000  
-1.425071e+003  -1.326859e+003  -1.089103e+003  -6.374911e+002  -9.637330e+002  -4.619096e+002  -1.976768e+002  -6.611461e+001  2.718110e-002  3.382019e+001  5.081722e+001  5.854779e+001  6.199574e+001  5.696903e+001  4.117837e+001  1.353104e+001  -0.000000e+000  
-1.108915e+003  -1.014261e+003  -8.089789e+002  -4.780203e+002  -9.569370e+002  -5.788490e+002  -3.311320e+002  -1.814179e+002  -9.251394e+001  -3.942368e+001  -7.519480e+000  1.149028e+001  2.776208e+001  3.315971e+001  2.920649e+001  1.045171e+001  -0.000000e+000  
-8.603172e+002  -7.806839e+002  -6.187024e+002  -3.799444e+002  -9.022255e+002  -6.199829e+002  -4.075218e+002  -2.612939e+002  -1.641792e+002  -1.003063e+002  -5.831999e+001  -3.078438e+001  -4.066827e+000  1.048603e+001  1.746124e+001  7.366320e+000  -0.000000e+000  
-6.685723e+002  -6.059227e+002  -4.832865e+002  -3.112571e+002  -8.321182e+002  -6.207824e+002  -4.454878e+002  -3.126460e+002  -2.165287e+002  -1.484652e+002  -1.007135e+002  -6.739537e+001  -3.281783e+001  -1.061726e+001  6.122698e+000  4.313700e+000  -0.000000e+000  
-5.215570e+002  -4.739976e+002  -3.831454e+002  -2.593510e+002  -7.596865e+002  -6.009827e+002  -4.589687e+002  -3.427603e+002  -2.526373e+002  -1.848590e+002  -1.347428e+002  -9.805379e+001  -5.809907e+001  -2.984028e+001  -4.658442e+000  1.328924e+000  -0.000000e+000  
-3.066408e+002  -2.829490e+002  -2.383387e+002  -1.783417e+002  -5.994537e+002  -5.149504e+002  -4.308246e+002  -3.537004e+002  -2.867576e+002  -2.307253e+002  -1.849411e+002  -1.481280e+002  -1.042199e+002  -6.770996e+001  -2.788621e+001  -5.466445e+000  -0.000000e+000  
-1.901069e+002  -1.787502e+002  -1.573753e+002  -1.285090e+002  -4.751862e+002  -4.299581e+002  -3.807900e+002  -3.315765e+002  -2.850301e+002  -2.427450e+002  -2.054335e+002  -1.731992e+002  -1.320582e+002  -9.361273e+001  -4.629989e+001  -1.137291e+001  -0.000000e+000  
-9.835343e+001  -9.496503e+001  -8.852644e+001  -7.967020e+001  -3.221821e+002  -3.058747e+002  -2.861833e+002  -2.644371e+002  -2.417940e+002  -2.191798e+002  -1.972770e+002  -1.765442e+002  -1.476069e+002  -1.155367e+002  -6.869427e+001  -2.007573e+001  -0.000000e+000  
-6.236272e+001  -6.123654e+001  -5.906643e+001  -5.600718e+001  -2.363918e+002  -2.297954e+002  -2.211377e+002  -2.108516e+002  -1.993687e+002  -1.870903e+002  -1.743693e+002  -1.615005e+002  -1.423268e+002  -1.181660e+002  -7.827114e+001  -2.526541e+001  -0.000000e+000  
-4.799300e+001  -4.749044e+001  -4.650805e+001  -4.508910e+001  -1.936562e+002  -1.902034e+002  -1.854168e+002  -1.794556e+002  -1.724948e+002  -1.647150e+002  -1.562922e+002  -1.473918e+002  -1.335486e+002  -1.145599e+002  -8.064424e+001  -2.761281e+001  -0.000000e+000  
-4.483361e+001  -4.444206e+001  -4.367233e+001  -4.255010e+001  -1.834563e+002  -1.806145e+002  -1.766088e+002  -1.715482e+002  -1.655580e+002  -1.587721e+002  -1.513271e+002  -1.433562e+002  -1.307990e+002  -1.131405e+002  -8.089008e+001  -2.812247e+001  -0.000000e+000  

-0.000000e+000  -3.043513e-001  -5.841711e-001  -8.171912e-001  -9.853987e-001  -3.256618e+000  -5.379011e+000  -7.308542e+000  -9.014436e+000  -1.047912e+001  -1.169721e+001  -1.267375e+001  -1.342221e+001  -1.429383e+001  -1.453831e+001  -1.324611e+001  -1.172092e+001  
-0.000000e+000  -1.418021e+000  -2.716505e+000  -3.788102e+000  -4.548266e+000  -1.267440e+001  -2.014253e+001  -2.679363e+001  -3.252970e+001  -3.730983e+001  -4.114225e+001  -4.407431e+001  -4.618181e+001  -4.820604e+001  -4.818129e+001  -4.238622e+001  -3.682935e+001  
-0.000000e+000  -5.269367e+000  -1.004571e+001  -1.389367e+001  -1.648554e+001  -3.492495e+001  -5.106857e+001  -6.459905e+001  -7.541908e+001  -8.360927e+001  -8.937809e+001  -9.301373e+001  -9.484323e+001  -9.408786e+001  -8.995461e+001  -7.259509e+001  -6.032618e+001  
-0.000000e+000  -1.811183e+001  -3.429818e+001  -4.687899e+001  -5.463888e+001  -9.156467e+001  -1.209052e+002  -1.425275e+002  -1.569849e+002  -1.652448e+002  -1.684495e+002  -1.677454e+002  -1.641796e+002  -1.511596e+002  -1.355351e+002  -9.763001e+001  -7.664613e+001  
-0.000000e+000  -5.142680e+001  -9.682760e+001  -1.308831e+002  -1.497527e+002  -2.112170e+002  -2.518030e+002  -2.738669e+002  -2.812285e+002  -2.779488e+002  -2.676119e+002  -2.530522e+002  -2.363538e+002  -2.009048e+002  -1.686097e+002  -1.097342e+002  -8.209614e+001  
-0.000000e+000  -9.866890e+001  -1.856427e+002  -2.499659e+002  -2.830588e+002  -3.629229e+002  -4.031589e+002  -4.126130e+002  -4.014574e+002  -3.782770e+002  -3.492270e+002  -3.182808e+002  -2.878097e+002  -2.322525e+002  -1.868160e+002  -1.142222e+002  -8.289077e+001  
-0.000000e+000  -1.664769e+002  -3.150791e+002  -4.260502e+002  -4.799483e+002  -5.667899e+002  -5.856077e+002  -5.616819e+002  -5.167237e+002  -4.645751e+002  -4.126302e+002  -3.642865e+002  -3.207993e+002  -2.490728e+002  -1.944207e+002  -1.140799e+002  -8.114771e+001  
-0.000000e+000  -2.189848e+002  -4.178249e+002  -5.700374e+002  -6.432410e+002  -7.264980e+002  -7.179913e+002  -6.617849e+002  -5.888847e+002  -5.153933e+002  -4.480029e+002  -3.886912e+002  -3.374097e+002  -2.566273e+002  -1.970966e+002  -1.130746e+002  -7.953293e+001  
-0.000000e+000  -2.858742e+002  -5.538792e+002  -7.704955e+002  -8.778808e+002  -9.404427e+002  -8.788318e+002  -7.721657e+002  -6.618485e+002  -5.630430e+002  -4.789979e+002  -4.087005e+002  -3.500354e+002  -2.612734e+002  -1.977124e+002  -1.110897e+002  -7.731155e+001  
-0.000000e+000  -3.655004e+002  -7.266218e+002  -1.049029e+003  -1.228404e+003  -1.227746e+003  -1.066707e+003  -8.852811e+002  -7.285924e+002  -6.024963e+002  -5.023233e+002  -4.222230e+002  -3.573629e+002  -2.624372e+002  -1.960226e+002  -1.080811e+002  -7.447713e+001  
-0.000000e+000  -4.371792e+002  -9.002787e+002  -1.379121e+003  -1.717579e+003  -1.558968e+003  -1.240637e+003  -9.713958e+002  -7.714321e+002  -6.239596e+002  -5.127044e+002  -4.265023e+002  -3.580745e+002  -2.600083e+002  -1.923927e+002  -1.045617e+002  -7.148953e+001  
-0.000000e+000  -4.878029e+002  -1.041097e+003  -1.712536e+003  -2.365143e+003  -1.890310e+003  -1.372923e+003  -1.022876e+003  -7.914838e+002  -6.309809e+002  -5.138147e+002  -4.247041e+002  -3.547536e+002  -2.556629e+002  -1.879193e+002  -1.010126e+002  -6.863552e+001  
-0.000000e+000  -5.131019e+002  -1.136212e+003  -2.053011e+003  -3.480159e+003  -2.235845e+003  -1.453073e+003  -1.037407e+003  -7.895364e+002  -6.246148e+002  -5.063023e+002  -4.170481e+002  -3.472960e+002  -2.489558e+002  -1.820222e+002  -9.689633e+001  -6.546277e+001  
-0.000000e+000  -4.958993e+002  -1.117889e+003  -2.196351e+003  -5.637855e+003  -2.436932e+003  -1.418192e+003  -9.995174e+002  -7.617903e+002  -6.038281e+002  -4.898481e+002  -4.034232e+002  -3.356613e+002  -2.398795e+002  -1.747045e+002  -9.222195e+001  -6.198008e+001  
-0.000000e+000  -4.181297e+002  -8.883084e+002  -1.461135e+003  -0.000000e+000  -1.485192e+003  -1.154689e+003  -8.880432e+002  -6.997771e+002  -5.632496e+002  -4.604315e+002  -3.806079e+002  -3.171739e+002  -2.264436e+002  -1.644280e+002  -8.606557e+001  -5.751814e+001  
-0.000000e+000  -2.912643e+002  -5.502646e+002  -6.416595e+002  -0.000000e+000  -7.509051e+002  -8.146811e+002  -7.145851e+002  -5.987015e+002  -4.972768e+002  -4.134866e+002  -3.450576e+002  -2.890933e+002  -2.069508e+002  -1.501305e+002  -7.801274e+001  -5.185344e+001  
-0.000000e+000  -1.354018e+002  -2.224072e+002  -1.968389e+002  -0.000000e+000  -3.068348e+002  -4.488246e+002  -4.690237e+002  -4.351462e+002  -3.834826e+002  -3.301242e+002  -2.812389e+002  -2.386306e+002  -1.724192e+002  -1.253264e+002  -6.460853e+001  -4.263773e+001  
-0.000000e+000  -1.632354e+001  -2.446789e+001  -1.869595e+001  -0.000000e+000  -5.782694e+001  -1.032255e+002  -1.279462e+002  -1.361406e+002  -1.334168e+002  -1.244733e+002  -1.126113e+002  -9.992618e+001  -7.578416e+001  -5.645469e+001  -2.903596e+001  -1.892591e+001  
-0.000000e+000  1.632354e+001  2.446789e+001  1.869595e+001  -0.000000e+000  5.782694e+001  1.032255e+002  1.279462e+002  1.361406e+002  1.334168e+002  1.244733e+002  1.126113e+002  9.992618e+001  7.578416e+001  5.645469e+001  2.903596e+001  1.892591e+001  
-0.000000e+000  1.354018e+002  2.224072e+002  1.968389e+002  -0.000000e+000  3.068348e+002  4.488246e+002  4.690237e+002  4.351462e+002  3.834826e+002  3.301242e+002  2.812389e+002  2.386306e+002  1.724192e+002  1.253264e+002  6.460853e+001  4.263773e+001  
-0.000000e+000  2.912643e+002  5.502646e+002  6.416595e+002  -0.000000e+000  7.509051e+002  8.146811e+002  7.145851e+002  5.987015e+002  4.972768e+002  4.134866e+002  3.450576e+002  2.890933e+002  2.069508e+002  1.501305e+002  7.801274e+001  5.185344e+001  
-0.000000e+000  4.181297e+002  8.883084e+002  1.461135e+003  -0.000000e+000  1.485192e+003  1.154689e+003  8.880432e+002  6.997771e+002  5.632496e+002  4.604315e+002  3.806079e+002  3.171739e+002  2.264436e+002  1.644280e+002  8.606557e+001  5.751814e+001  
-0.000000e+000  4.958993e+002  1.117889e+003  2.196351e+003  5.637855e+003  2.436932e+003  1.418192e+003  9.995174e+002  7.617903e+002  6.038281e+002  4.898481e+002  4.034232e+002  3.356613e+002  2.398795e+002  1.747045e+002  9.222195e+001  6.198008e+001  
-0.000000e+000  5.131019e+002  1.136212e+003  2.053011e+003  3.480159e+003  2.235845e+003  1.453073e+003  1.037407e+003  7.895364e+002  6.246148e+002  5.063023e+002  4.170481e+002  3.472960e+002  2.489558e+002  1.820222e+002  9.689633e+001  6.546277e+001  
-0.000000e+000  4.878029e+002  1.041097e+003  1.712536e+003  2.365143e+003  1.890310e+003  1.372923e+003  1.022876e+003  7.914838e+002  6.309809e+002  5.138147e+002  4.247041e+002  3.547536e+002  2.556629e+002  1.879193e+002  1.010126e+002  6.863552e+001  
-0.000000e+000  4.371792e+002  9.002787e+002  1.379121e+003  1.717579e+003  1.558968e+003  1.240637e+003  9.713958e+002  7.714321e+002  6.239596e+002  5.127044e+002  4.265023e+002  3.580745e+002  2.600083e+002  1.923927e+002  1.045617e+002  7.148953e+001  
-0.000000e+000  3.655004e+002  7.266218e+002  1.049029e+003  1.228404e+003  1.227746e+003  1.066707e+003  8.852811e+002  7.285924e+002  6.024963e+002  5.023233e+002  4.222230e+002  3.573629e+002  2.624372e+002  1.960226e+002  1.080811e+002  7.447713e+001  
-0.000000e+000  2.858742e+002  5.538792e+002  7.704955e+002  8.778808e+002  9.404427e+002  8.788318e+002  7.721657e+002  6.618485e+002  5.630430e+002  4.789979e+002  4.087005e+002  3.500354e+002  2.612734e+002  1.977124e+002  1.110897e+002  7.731155e+001  
-0.000000e+000  2.189848e+002  4.178249e+002  5.700374e+002  6.432410e+002  7.264980e+002  7.179913e+002  6.617849e+002  5.888847e+002  5.153933e+002  4.480029e+002  3.886912e+002  3.374097e+002  2.566273e+002  1.970966e+002  1.130746e+002  7.953293e+001  
-0.000000e+000  1.664769e+002  3.150791e+002  4.260502e+002  4.799483e+002  5.667899e+002  5.856077e+002  5.616819e+002  5.167237e+002  4.645751e+002  4.126302e+002  3.642865e+002  3.207993e+002  2.490728e+002  1.944207e+002  1.140799e+002  8.114771e+001  
-0.000000e+000  9.866890e+001  1.856427e+002  2.499659e+002  2.830588e+002  3.629229e+002  4.031589e+002  4.126130e+002  4.014574e+002  3.782770e+002  3.492270e+002  3.182808e+002  2.878097e+002  2.322525e+002  1.868160e+002  1.142222e+002  8.289077e+001  
-0.000000e+000  5.142680e+001  9.682760e+001  1.308831e+002  1.497527e+002  2.112170e+002  2.518030e+002  2.738669e+002  2.812285e+002  2.779488e+002  2.676119e+002  2.530522e+002  2.363538e+002  2.009048e+002  1.686097e+002  1.097342e+002  8.209614e+001  
-0.000000e+000  1.811183e+001  3.429818e+001  4.687899e+001  5.463888e+001  9.156467e+001  1.209052e+002  1.425275e+002  1.569849e+002  1.652448e+002  1.684495e+002  1.677454e+002  1.641796e+002  1.511596e+002  1.355351e+002  9.763001e+001  7.664613e+001  
-0.000000e+000  5.269367e+000  1.004571e+001  1.389367e+001  1.648554e+001  3.492495e+001  5.106857e+001  6.459905e+001  7.541908e+001  8.360927e+001  8.937809e+001  9.301373e+001  9.484323e+001  9.408786e+001  8.995461e+001  7.259509e+001  6.032618e+001  
-0.000000e+000  1.418021e+000  2.716505e+000  3.788102e+000  4.548266e+000  1.267440e+001  2.014253e+001  2.679363e+001  3.252970e+001  3.730983e+001  4.114225e+001  4.407431e+001  4.618181e+001  4.820604e+001  4.818129e+001  4.238622e+001  3.682935e+001  
-0.000000e+000  3.043513e-001  5.841711e-001  8.171912e-001  9.853987e-001  3.256618e+000  5.379011e+000  7.308542e+000  9.014436e+000  1.047912e+001  1.169721e+001  1.267375e+001  1.342221e+001  1.429383e+001  1.453831e+001  1.324611e+001  1.172092e+001  
-0.000000e+000  -0.000000e+000  -0.000000e+000  -0.000000e+000  -0.000000e+000  -0.000000e+000  -0.000000e+000  -0.000000e+000  -0.000000e+000  -0.000000e+000  -0.000000e+000  -0.000000e+000  -0.000000e+000  -0.000000e+000  -0.000000e+000  -0.000000e+000  -0.000000e+000  

0.000000e+000  0.000000e+000  0.000000e+000  0.000000e+000  0.000000e+000  0.000000e+000  0.000000e+000  0.000000e+000  0.000000e+000  0.000000e+000  0.000000e+000  0.000000e+000  0.000000e+000  0.000000e+000  0.000000e+000  0.000000e+000  0.000000e+000  
0.000000e+000  0.000000e+000  0.000000e+000  0.000000e+000  0.000000e+000  0.000000e+000  0.000000e+000  0.000000e+000  0.000000e+000  0.000000e+000  0.000000e+000  0.000000e+000  0.000000e+000  0.000000e+000  0.000000e+000  0.000000e+000  0.000000e+000  
0.000000e+000  0.000000e+000  0.000000e+000  0.000000e+000  0.000000e+000  0.000000e+000  0.000000e+000  0.000000e+000  0.000000e+000  0.000000e+000  0.000000e+000  0.000000e+000  0.000000e+000  0.000000e+000  0.000000e+000  0.000000e+000  0.000000e+000  
0.000000e+000  0.000000e+000  0.000000e+000  0.000000e+000  0.000000e+000  0.000000e+000  0.000000e+000  0.000000e+000  0.000000e+000  0.000000e+000  0.000000e+000  0.000000e+000  0.000000e+000  0.000000e+000  0.000000e+000  0.000000e+000  0.000000e+000  
0.000000e+000  0.000000e+000  0.000000e+000  0.000000e+000  0.000000e+000  0.000000e+000  0.000000e+000  0.000000e+000  0.000000e+000  0.000000e+000  0.000000e+000  0.000000e+000  0.000000e+000  0.000000e+000  0.000000e+000  0.000000e+000  0.000000e+000  
0.000000e+000  0.000000e+000  0.000000e+000  0.000000e+000  0.000000e+000  0.000000e+000  0.000000e+000  0.000000e+000  0.000000e+000  0.000000e+000  0.000000e+000  0.000000e+000  0.000000e+000  0.000000e+000  0.000000e+000  0.000000e+000  0.000000e+000  
0.000000e+000  0.000000e+000  0.000000e+000  0.000000e+000  0.000000e+000  0.000000e+000  0.000000e+000  0.000000e+000  0.000000e+000  0.000000e+000  0.000000e+000  0.000000e+000  0.000000e+000  0.000000e+000  0.000000e+000  0.000000e+000  0.000000e+000  
0.000000e+000  0.000000e+000  0.000000e+000  0.000000e+000  0.000000e+000  0.000000e+000  0.000000e+000  0.000000e+000  0.000000e+000  0.000000e+000  0.000000e+000  0.000000e+000  0.000000e+000  0.000000e+000  0.000000e+000  0.000000e+000  0.000000e+000  
0.000000e+000  0.000000e+000  0.000000e+000  0.000000e+000  0.000000e+000  0.000000e+000  0.000000e+000  0.000000e+000  0.000000e+000  0.000000e+000  0.000000e+000  0.000000e+000  0.000000e+000  0.000000e+000  0.000000e+000  0.000000e+000  0.000000e+000  
0.000000e+000  0.000000e+000  0.000000e+000  0.000000e+000  0.000000e+000  0.000000e+000  0.000000e+000  0.000000e+000  0.000000e+000  0.000000e+000  0.000000e+000  0.000000e+000  0.000000e+000  0.000000e+000  0.000000e+000  0.000000e+000  0.000000e+000  
0.000000e+000  0.000000e+000  0.000000e+000  0.000000e+000  0.000000e+000  0.000000e+000  0.000000e+000  0.000000e+000  0.000000e+000  0.000000e+000  0.000000e+000  0.000000e+000  0.000000e+000  0.000000e+000  0.000000e+000  0.000000e+000  0.000000e+000  
0.000000e+000  0.000000e+000  0.000000e+000  0.000000e+000  0.000000e+000  0.000000e+000  0.000000e+000  0.000000e+000  0.000000e+000  0.000000e+000  0.000000e+000  0.000000e+000  0.000000e+000  0.000000e+000  0.000000e+000  0.000000e+000  0.000000e+000  
0.000000e+000  0.000000e+000  0.000000e+000  0.000000e+000  0.000000e+000  0.000000e+000  0.000000e+000  0.000000e+000  0.000000e+000  0.000000e+000  0.000000e+000  0.000000e+000  0.000000e+000  0.000000e+000  0.000000e+000  0.000000e+000  0.000000e+000  
0.000000e+000  0.000000e+000  0.000000e+000  0.000000e+000  0.000000e+000  0.000000e+000  0.000000e+000  0.000000e+000  0.000000e+000  0.000000e+000  0.000000e+000  0.000000e+000  0.000000e+000  0.000000e+000  0.000000e+000  0.000000e+000  0.000000e+000  
0.000000e+000  0.000000e+000  0.000000e+000  0.000000e+000  0.000000e+000  0.000000e+000  0.000000e+000  0.000000e+000  0.000000e+000  0.000000e+000  0.000000e+000  0.000000e+000  0.000000e+000  0.000000e+000  0.000000e+000  0.000000e+000  0.000000e+000  
0.000000e+000  0.000000e+000  0.000000e+000  0.000000e+000  0.000000e+000  0.000000e+000  0.000000e+000  0.000000e+000  0.000000e+000  0.000000e+000  0.000000e+000  0.000000e+000  0.000000e+000  0.000000e+000  0.000000e+000  0.000000e+000  0.000000e+000  
0.000000e+000  0.000000e+000  0.000000e+000  0.000000e+000  0.000000e+000  0.000000e+000  0.000000e+000  0.000000e+000  0.000000e+000  0.000000e+000  0.000000e+000  0.000000e+000  0.000000e+000  0.000000e+000  0.000000e+000  0.000000e+000  0.000000e+000  
0.000000e+000  0.000000e+000  0.000000e+000  0.000000e+000  0.000000e+000  0.000000e+000  0.000000e+000  0.000000e+000  0.000000e+000  0.000000e+000  0.000000e+000  0.000000e+000  0.000000e+000  0.000000e+000  0.000000e+000  0.000000e+000  0.000000e+000  
0.000000e+000  0.000000e+000  0.000000e+000  0.000000e+000  0.000000e+000  0.000000e+000  0.000000e+000  0.000000e+000  0.000000e+000  0.000000e+000  0.000000e+000  0.000000e+000  0.000000e+000  0.000000e+000  0.000000e+000  0.000000e+000  0.000000e+000  
0.000000e+000  0.000000e+000  0.000000e+000  0.000000e+000  0.000000e+000  0.000000e+000  0.000000e+000  0.000000e+000  0.000000e+000  0.000000e+000  0.000000e+000  0.000000e+000  0.000000e+000  0.000000e+000  0.000000e+000  0.000000e+000  0.000000e+000  
0.000000e+000  0.000000e+000  0.000000e+000  0.000000e+000  0.000000e+000  0.000000e+000  0.000000e+000  0.000000e+000  0.000000e+000  0.000000e+000  0.000000e+000  0.000000e+000  0.000000e+000  0.000000e+000  0.000000e+000  0.000000e+000  0.000000e+000  
0.000000e+000  0.000000e+000  0.000000e+000  0.000000e+000  0.000000e+000  0.000000e+000  0.000000e+000  0.000000e+000  0.000000e+000  0.000000e+000  0.000000e+000  0.000000e+000  0.000000e+000  0.000000e+000  0.000000e+000  0.000000e+000  0.000000e+000  
0.000000e+000  0.000000e+000  0.000000e+000  0.000000e+000  0.000000e+000  0.000000e+000  0.000000e+000  0.000000e+000  0.000000e+000  0.000000e+000  0.000000e+000  0.000000e+000  0.000000e+000  0.000000e+000  0.000000e+000  0.000000e+000  0.000000e+000  
0.000000e+000  0.000000e+000  0.000000e+000  0.000000e+000  0.000000e+000  0.000000e+000  0.000000e+000  0.000000e+000  0.000000e+000  0.000000e+000  0.000000e+000  0.000000e+000  0.000000e+000  0.000000e+000  0.000000e+000  0.000000e+000  0.000000e+000  
0.000000e+000  0.000000e+000  0.000000e+000  0.000000e+000  0.000000e+000  0.000000e+000  0.000000e+000  0.000000e+000  0.000000e+000  0.000000e+000  0.000000e+000  0.000000e+000  0.000000e+000  0.000000e+000  0.000000e+000  0.000000e+000  0.000000e+000  
0.000000e+000  0.000000e+000  0.000000e+000  0.000000e+000  0.000000e+000  0.000000e+000  0.000000e+000  0.000000e+000  0.000000e+000  0.000000e+000  0.000000e+000  0.000000e+000  0.000000e+000  0.000000e+000  0.000000e+000  0.000000e+000  0.000000e+000  
0.000000e+000  0.000000e+000  0.000000e+000  0.000000e+000  0.000000e+000  0.000000e+000  0.000000e+000  0.000000e+000  0.000000e+000  0.000000e+000  0.000000e+000  0.000000e+000  0.000000e+000  0.000000e+000  0.000000e+000  0.000000e+000  0.000000e+000  
0.000000e+000  0.000000e+000  0.000000e+000  0.000000e+000  0.000000e+000  0.000000e+000  0.000000e+000  0.000000e+000  0.000000e+000  0.000000e+000  0.000000e+000  0.000000e+000  0.000000e+000  0.000000e+000  0.000000e+000  0.000000e+000  0.000000e+000  
0.000000e+000  0.000000e+000  0.000000e+000  0.000000e+000  0.000000e+000  0.000000e+000  0.000000e+000  0.000000e+000  0.000000e+000  0.000000e+000  0.000000e+000  0.000000e+000  0.000000e+000  0.000000e+000  0.000000e+000  0.000000e+000  0.000000e+000  
0.000000e+000  0.000000e+000  0.000000e+000  0.000000e+000  0.000000e+000  0.000000e+000  0.000000e+000  0.000000e+000  0.000000e+000  0.000000e+000  0.000000e+000  0.000000e+000  0.000000e+000  0.000000e+000  0.000000e+000  0.000000e+000  0.000000e+000  
0.000000e+000  0.000000e+000  0.000000e+000  0.000000e+000  0.000000e+000  0.000000e+000  0.000000e+000  0.000000e+000  0.000000e+000  0.000000e+000  0.000000e+000  0.000000e+000  0.000000e+000  0.000000e+000  0.000000e+000  0.000000e+000  0.000000e+000  
0.000000e+000  0.000000e+000  0.000000e+000  0.000000e+000  0.000000e+000  0.000000e+000  0.000000e+000  0.000000e+000  0.000000e+000  0.000000e+000  0.000000e+000  0.000000e+000  0.000000e+000  0.000000e+000  0.000000e+000  0.000000e+000  0.000000e+000  
0.000000e+000  0.000000e+000  0.000000e+000  0.000000e+000  0.000000e+000  0.000000e+000  0.000000e+000  0.000000e+000  0.000000e+000  0.000000e+000  0.000000e+000  0.000000e+000  0.000000e+000  0.000000e+000  0.000000e+000  0.000000e+000  0.000000e+000  
0.000000e+000  0.000000e+000  0.000000e+000  0.000000e+000  0.000000e+000  0.000000e+000  0.000000e+000  0.000000e+000  0.000000e+000  0.000000e+000  0.000000e+000  0.000000e+000  0.000000e+000  0.000000e+000  0.000000e+000  0.000000e+000  0.000000e+000  
0.000000e+000  0.000000e+000  0.000000e+000  0.000000e+000  0.000000e+000  0.000000e+000  0.000000e+000  0.000000e+000  0.000000e+000  0.000000e+000  0.000000e+000  0.000000e+000  0.000000e+000  0.000000e+000  0.000000e+000  0.000000e+000  0.000000e+000  
0.000000e+000  0.000000e+000  0.000000e+000  0.000000e+000  0.000000e+000  0.000000e+000  0.000000e+000  0.000000e+000  0.000000e+000  0.000000e+000  0.000000e+000  0.000000e+000  0.000000e+000  0.000000e+000  0.000000e+000  0.000000e+000  0.000000e+000  
0.000000e+000  0.000000e+000  0.000000e+000  0.000000e+000  0.000000e+000  0.000000e+000  0.000000e+000  0.000000e+000  0.000000e+000  0.000000e+000  0.000000e+000  0.000000e+000  0.000000e+000  0.000000e+000  0.000000e+000  0.000000e+000  0.000000e+000  

0.000000e+000  0.000000e+000  0.000000e+000  0.000000e+000  0.000000e+000  0.000000e+000  0.000000e+000  0.000000e+000  0.000000e+000  0.000000e+000  0.000000e+000  0.000000e+000  0.000000e+000  0.000000e+000  0.000000e+000  0.000000e+000  0.000000e+000  
0.000000e+000  0.000000e+000  0.000000e+000  0.000000e+000  0.000000e+000  0.000000e+000  0.000000e+000  0.000000e+000  0.000000e+000  0.000000e+000  0.000000e+000  0.000000e+000  0.000000e+000  0.000000e+000  0.000000e+000  0.000000e+000  0.000000e+000  
0.000000e+000  0.000000e+000  0.000000e+000  0.000000e+000  0.000000e+000  0.000000e+000  0.000000e+000  0.000000e+000  0.000000e+000  0.000000e+000  0.000000e+000  0.000000e+000  0.000000e+000  0.000000e+000  0.000000e+000  0.000000e+000  0.000000e+000  
0.000000e+000  0.000000e+000  0.000000e+000  0.000000e+000  0.000000e+000  0.000000e+000  0.000000e+000  0.000000e+000  0.000000e+000  0.000000e+000  0.000000e+000  0.000000e+000  0.000000e+000  0.000000e+000  0.000000e+000  0.000000e+000  0.000000e+000  
0.000000e+000  0.000000e+000  0.000000e+000  0.000000e+000  0.000000e+000  0.000000e+000  0.000000e+000  0.000000e+000  0.000000e+000  0.000000e+000  0.000000e+000  0.000000e+000  0.000000e+000  0.000000e+000  0.000000e+000  0.000000e+000  0.000000e+000  
0.000000e+000  0.000000e+000  0.000000e+000  0.000000e+000  0.000000e+000  0.000000e+000  0.000000e+000  0.000000e+000  0.000000e+000  0.000000e+000  0.000000e+000  0.000000e+000  0.000000e+000  0.000000e+000  0.000000e+000  0.000000e+000  0.000000e+000  
0.000000e+000  0.000000e+000  0.000000e+000  0.000000e+000  0.000000e+000  0.000000e+000  0.000000e+000  0.000000e+000  0.000000e+000  0.000000e+000  0.000000e+000  0.000000e+000  0.000000e+000  0.000000e+000  0.000000e+000  0.000000e+000  0.000000e+000  
0.000000e+000  0.000000e+000  0.000000e+000  0.000000e+000  0.000000e+000  0.000000e+000  0.000000e+000  0.000000e+000  0.000000e+000  0.000000e+000  0.000000e+000  0.000000e+000  0.000000e+000  0.000000e+000  0.000000e+000  0.000000e+000  0.000000e+000  
0.000000e+000  0.000000e+000  0.000000e+000  0.000000e+000  0.000000e+000  0.000000e+000  0.000000e+000  0.000000e+000  0.000000e+000  0.000000e+000  0.000000e+000  0.000000e+000  0.000000e+000  0.000000e+000  0.000000e+000  0.000000e+000  0.000000e+000  
0.000000e+000  0.000000e+000  0.000000e+000  0.000000e+000  0.000000e+000  0.000000e+000  0.000000e+000  0.000000e+000  0.000000e+000  0.000000e+000  0.000000e+000  0.000000e+000  0.000000e+000  0.000000e+000  0.000000e+000  0.000000e+000  0.000000e+000  
0.000000e+000  0.000000e+000  0.000000e+000  0.000000e+000  0.000000e+000  0.000000e+000  0.000000e+000  0.000000e+000  0.000000e+000  0.000000e+000  0.000000e+000  0.000000e+000  0.000000e+000  0.000000e+000  0.000000e+000  0.000000e+000  0.000000e+000  
0.000000e+000  0.000000e+000  0.000000e+000  0.000000e+000  0.000000e+000  0.000000e+000  0.000000e+000  0.000000e+000  0.000000e+000  0.000000e+000  0.000000e+000  0.000000e+000  0.000000e+000  0.000000e+000  0.000000e+000  0.000000e+000  0.000000e+000  
0.000000e+000  0.000000e+000  0.000000e+000  0.000000e+000  0.000000e+000  0.000000e+000  0.000000e+000  0.000000e+000  0.000000e+000  0.000000e+000  0.000000e+000  0.000000e+000  0.000000e+000  0.000000e+000  0.000000e+000  0.000000e+000  0.000000e+000  
0.000000e+000  0.000000e+000  0.000000e+000  0.000000e+000  0.000000e+000  0.000000e+000  0.000000e+000  0.000000e+000  0.000000e+000  0.000000e+000  0.000000e+000  0.000000e+000  0.000000e+000  0.000000e+000  0.000000e+000  0.000000e+000  0.000000e+000  
0.000000e+000  0.000000e+000  0.000000e+000  0.000000e+000  0.000000e+000  0.000000e+000  0.000000e+000  0.000000e+000  0.000000e+000  0.000000e+000  0.000000e+000  0.000000e+000  0.000000e+000  0.000000e+000  0.000000e+000  0.000000e+000  0.000000e+000  
0.000000e+000  0.000000e+000  0.000000e+000  0.000000e+000  0.000000e+000  0.000000e+000  0.000000e+000  0.000000e+000  0.000000e+000  0.000000e+000  0.000000e+000  0.000000e+000  0.000000e+000  0.000000e+000  0.000000e+000  0.000000e+000  0.000000e+000  
0.000000e+000  0.000000e+000  0.000000e+000  0.000000e+000  0.000000e+000  0.000000e+000  0.000000e+000  0.000000e+000  0.000000e+000  0.000000e+000  0.000000e+000  0.000000e+000  0.000000e+000  0.000000e+000  0.000000e+000  0.000000e+000  0.000000e+000  
0.000000e+000  0.000000e+000  0.000000e+000  0.000000e+000  0.000000e+000  0.000000e+000  0.000000e+000  0.000000e+000  0.000000e+000  0.000000e+000  0.000000e+000  0.000000e+000  0.000000e+000  0.000000e+000  0.000000e+000  0.000000e+000  0.000000e+000  
0.000000e+000  0.000000e+000  0.000000e+000  0.000000e+000  0.000000e+000  0.000000e+000  0.000000e+000  0.000000e+000  0.000000e+000  0.000000e+000  0.000000e+000  0.000000e+000  0.000000e+000  0.000000e+000  0.000000e+000  0.000000e+000  0.000000e+000  
0.000000e+000  0.000000e+000  0.000000e+000  0.000000e+000  0.000000e+000  0.000000e+000  0.000000e+000  0.000000e+000  0.000000e+000  0.000000e+000  0.000000e+000  0.000000e+000  0.000000e+000  0.000000e+000  0.000000e+000  0.000000e+000  0.000000e+000  
0.000000e+000  0.000000e+000  0.000000e+000  0.000000e+000  0.000000e+000  0.000000e+000  0.000000e+000  0.000000e+000  0.000000e+000  0.000000e+000  0.000000e+000  0.000000e+000  0.000000e+000  0.000000e+000  0.000000e+000  0.000000e+000  0.000000e+000  
0.000000e+000  0.000000e+000  0.000000e+000  0.000000e+000  0.000000e+000  0.000000e+000  0.000000e+000  0.000000e+000  0.000000e+000  0.000000e+000  0.000000e+000  0.000000e+000  0.000000e+000  0.000000e+000  0.000000e+000  0.000000e+000  0.000000e+000  
0.000000e+000  0.000000e+000  0.000000e+000  0.000000e+000  0.000000e+000  0.000000e+000  0.000000e+000  0.000000e+000  0.000000e+000  0.000000e+000  0.000000e+000  0.000000e+000  0.000000e+000  0.000000e+000  0.000000e+000  0.000000e+000  0.000000e+000  
0.000000e+000  0.000000e+000  0.000000e+000  0.000000e+000  0.000000e+000  0.000000e+000  0.000000e+000  0.000000e+000  0.000000e+000  0.000000e+000  0.000000e+000  0.000000e+000  0.000000e+000  0.000000e+000  0.000000e+000  0.000000e+000  0.000000e+000  
0.000000e+000  0.000000e+000  0.000000e+000  0.000000e+000  0.000000e+000  0.000000e+000  0.000000e+000  0.000000e+000  0.000000e+000  0.000000e+000  0.000000e+000  0.000000e+000  0.000000e+000  0.000000e+000  0.000000e+000  0.000000e+000  0.000000e+000  
0.000000e+000  0.000000e+000  0.000000e+000  0.000000e+000  0.000000e+000  0.000000e+000  0.000000e+000  0.000000e+000  0.000000e+000  0.000000e+000  0.000000e+000  0.000000e+000  0.000000e+000  0.000000e+000  0.000000e+000  0.000000e+000  0.000000e+000  
0.000000e+000  0.000000e+000  0.000000e+000  0.000000e+000  0.000000e+000  0.000000e+000  0.000000e+000  0.000000e+000  0.000000e+000  0.000000e+000  0.000000e+000  0.000000e+000  0.000000e+000  0.000000e+000  0.000000e+000  0.000000e+000  0.000000e+000  
0.000000e+000  0.000000e+000  0.000000e+000  0.000000e+000  0.000000e+000  0.000000e+000  0.000000e+000  0.000000e+000  0.000000e+000  0.000000e+000  0.000000e+000  0.000000e+000  0.000000e+000  0.000000e+000  0.000000e+000  0.000000e+000  0.000000e+000  
0.000000e+000  0.000000e+000  0.000000e+000  0.000000e+000  0.000000e+000  0.000000e+000  0.000000e+000  0.000000e+000  0.000000e+000  0.000000e+000  0.000000e+000  0.000000e+000  0.000000e+000  0.000000e+000  0.000000e+000  0.000000e+000  0.000000e+000  
0.000000e+000  0.000000e+000  0.000000e+000  0.000000e+000  0.000000e+000  0.000000e+000  0.000000e+000  0.000000e+000  0.000000e+000  0.000000e+000  0.000000e+000  0.000000e+000  0.000000e+000  0.000000e+000  0.000000e+000  0.000000e+000  0.000000e+000  
0.000000e+000  0.000000e+000  0.000000e+000  0.000000e+000  0.000000e+000  0.000000e+000  0.000000e+000  0.000000e+000  0.000000e+000  0.000000e+000  0.000000e+000  0.000000e+000  0.000000e+000  0.000000e+000  0.000000e+000  0.000000e+000  0.000000e+000  
0.000000e+000  0.000000e+000  0.000000e+000  0.000000e+000  0.000000e+000  0.000000e+000  0.000000e+000  0.000000e+000  0.000000e+000  0.000000e+000  0.000000e+000  0.000000e+000  0.000000e+000  0.000000e+000  0.000000e+000  0.000000e+000  0.000000e+000  
0.000000e+000  0.000000e+000  0.000000e+000  0.000000e+000  0.000000e+000  0.000000e+000  0.000000e+000  0.000000e+000  0.000000e+000  0.000000e+000  0.000000e+000  0.000000e+000  0.000000e+000  0.000000e+000  0.000000e+000  0.000000e+000  0.000000e+000  
0.000000e+000  0.000000e+000  0.000000e+000  0.000000e+000  0.000000e+000  0.000000e+000  0.000000e+000  0.000000e+000  0.000000e+000  0.000000e+000  0.000000e+000  0.000000e+000  0.000000e+000  0.000000e+000  0.000000e+000  0.000000e+000  0.000000e+000  
0.000000e+000  0.000000e+000  0.000000e+000  0.000000e+000  0.000000e+000  0.000000e+000  0.000000e+000  0.000000e+000  0.000000e+000  0.000000e+000  0.000000e+000  0.000000e+000  0.000000e+000  0.000000e+000  0.000000e+000  0.000000e+000  0.000000e+000  
0.000000e+000  0.000000e+000  0.000000e+000  0.000000e+000  0.000000e+000  0.000000e+000  0.000000e+000  0.000000e+000  0.000000e+000  0.000000e+000  0.000000e+000  0.000000e+000  0.000000e+000  0.000000e+000  0.000000e+000  0.000000e+000  0.000000e+000  
0.000000e+000  0.000000e+000  0.000000e+000  0.000000e+000  0.000000e+000  0.000000e+000  0.000000e+000  0.000000e+000  0.000000e+000  0.000000e+000  0.000000e+000  0.000000e+000  0.000000e+000  0.000000e+000  0.000000e+000  0.000000e+000  0.000000e+000  

0.000000e+000  0.000000e+000  0.000000e+000  0.000000e+000  0.000000e+000  0.000000e+000  0.000000e+000  0.000000e+000  0.000000e+000  0.000000e+000  0.000000e+000  0.000000e+000  0.000000e+000  0.000000e+000  0.000000e+000  0.000000e+000  0.000000e+000  
0.000000e+000  0.000000e+000  0.000000e+000  0.000000e+000  0.000000e+000  0.000000e+000  0.000000e+000  0.000000e+000  0.000000e+000  0.000000e+000  0.000000e+000  0.000000e+000  0.000000e+000  0.000000e+000  0.000000e+000  0.000000e+000  0.000000e+000  
0.000000e+000  0.000000e+000  0.000000e+000  0.000000e+000  0.000000e+000  0.000000e+000  0.000000e+000  0.000000e+000  0.000000e+000  0.000000e+000  0.000000e+000  0.000000e+000  0.000000e+000  0.000000e+000  0.000000e+000  0.000000e+000  0.000000e+000  
0.000000e+000  0.000000e+000  0.000000e+000  0.000000e+000  0.000000e+000  0.000000e+000  0.000000e+000  0.000000e+000  0.000000e+000  0.000000e+000  0.000000e+000  0.000000e+000  0.000000e+000  0.000000e+000  0.000000e+000  0.000000e+000  0.000000e+000  
0.000000e+000  0.000000e+000  0.000000e+000  0.000000e+000  0.000000e+000  0.000000e+000  0.000000e+000  0.000000e+000  0.000000e+000  0.000000e+000  0.000000e+000  0.000000e+000  0.000000e+000  0.000000e+000  0.000000e+000  0.000000e+000  0.000000e+000  
0.000000e+000  0.000000e+000  0.000000e+000  0.000000e+000  0.000000e+000  0.000000e+000  0.000000e+000  0.000000e+000  0.000000e+000  0.000000e+000  0.000000e+000  0.000000e+000  0.000000e+000  0.000000e+000  0.000000e+000  0.000000e+000  0.000000e+000  
0.000000e+000  0.000000e+000  0.000000e+000  0.000000e+000  0.000000e+000  0.000000e+000  0.000000e+000  0.000000e+000  0.000000e+000  0.000000e+000  0.000000e+000  0.000000e+000  0.000000e+000  0.000000e+000  0.000000e+000  0.000000e+000  0.000000e+000  
0.000000e+000  0.000000e+000  0.000000e+000  0.000000e+000  0.000000e+000  0.000000e+000  0.000000e+000  0.000000e+000  0.000000e+000  0.000000e+000  0.000000e+000  0.000000e+000  0.000000e+000  0.000000e+000  0.000000e+000  0.000000e+000  0.000000e+000  
0.000000e+000  0.000000e+000  0.000000e+000  0.000000e+000  0.000000e+000  0.000000e+000  0.000000e+000  0.000000e+000  0.000000e+000  0.000000e+000  0.000000e+000  0.000000e+000  0.000000e+000  0.000000e+000  0.000000e+000  0.000000e+000  0.000000e+000  
0.000000e+000  0.000000e+000  0.000000e+000  0.000000e+000  0.000000e+000  0.000000e+000  0.000000e+000  0.000000e+000  0.000000e+000  0.000000e+000  0.000000e+000  0.000000e+000  0.000000e+000  0.000000e+000  0.000000e+000  0.000000e+000  0.000000e+000  
0.000000e+000  0.000000e+000  0.000000e+000  0.000000e+000  0.000000e+000  0.000000e+000  0.000000e+000  0.000000e+000  0.000000e+000  0.000000e+000  0.000000e+000  0.000000e+000  0.000000e+000  0.000000e+000  0.000000e+000  0.000000e+000  0.000000e+000  
0.000000e+000  0.000000e+000  0.000000e+000  0.000000e+000  0.000000e+000  0.000000e+000  0.000000e+000  0.000000e+000  0.000000e+000  0.000000e+000  0.000000e+000  0.000000e+000  0.000000e+000  0.000000e+000  0.000000e+000  0.000000e+000  0.000000e+000  
0.000000e+000  0.000000e+000  0.000000e+000  0.000000e+000  0.000000e+000  0.000000e+000  0.000000e+000  0.000000e+000  0.000000e+000  0.000000e+000  0.000000e+000  0.000000e+000  0.000000e+000  0.000000e+000  0.000000e+000  0.000000e+000  0.000000e+000  
0.000000e+000  0.000000e+000  0.000000e+000  0.000000e+000  0.000000e+000  0.000000e+000  0.000000e+000  0.000000e+000  0.000000e+000  0.000000e+000  0.000000e+000  0.000000e+000  0.000000e+000  0.000000e+000  0.000000e+000  0.000000e+000  0.000000e+000  
0.000000e+000  0.000000e+000  0.000000e+000  0.000000e+000  0.000000e+000  0.000000e+000  0.000000e+000  0.000000e+000  0.000000e+000  0.000000e+000  0.000000e+000  0.000000e+000  0.000000e+000  0.000000e+000  0.000000e+000  0.000000e+000  0.000000e+000  
0.000000e+000  0.000000e+000  0.000000e+000  0.000000e+000  0.000000e+000  0.000000e+000  0.000000e+000  0.000000e+000  0.000000e+000  0.000000e+000  0.000000e+000  0.000000e+000  0.000000e+000  0.000000e+000  0.000000e+000  0.000000e+000  0.000000e+000  
0.000000e+000  0.000000e+000  0.000000e+000  0.000000e+000  0.000000e+000  0.000000e+000  0.000000e+000  0.000000e+000  0.000000e+000  0.000000e+000  0.000000e+000  0.000000e+000  0.000000e+000  0.000000e+000  0.000000e+000  0.000000e+000  0.000000e+000  
0.000000e+000  0.000000e+000  0.000000e+000  0.000000e+000  0.000000e+000  0.000000e+000  0.000000e+000  0.000000e+000  0.000000e+000  0.000000e+000  0.000000e+000  0.000000e+000  0.000000e+000  0.000000e+000  0.000000e+000  0.000000e+000  0.000000e+000  
0.000000e+000  0.000000e+000  0.000000e+000  0.000000e+000  0.000000e+000  0.000000e+000  0.000000e+000  0.000000e+000  0.000000e+000  0.000000e+000  0.000000e+000  0.000000e+000  0.000000e+000  0.000000e+000  0.000000e+000  0.000000e+000  0.000000e+000  
0.000000e+000  0.000000e+000  0.000000e+000  0.000000e+000  0.000000e+000  0.000000e+000  0.000000e+000  0.000000e+000  0.000000e+000  0.000000e+000  0.000000e+000  0.000000e+000  0.000000e+000  0.000000e+000  0.000000e+000  0.000000e+000  0.000000e+000  
0.000000e+000  0.000000e+000  0.000000e+000  0.000000e+000  0.000000e+000  0.000000e+000  0.000000e+000  0.000000e+000  0.000000e+000  0.000000e+000  0.000000e+000  0.000000e+000  0.000000e+000  0.000000e+000  0.000000e+000  0.000000e+000  0.000000e+000  
0.000000e+000  0.000000e+000  0.000000e+000  0.000000e+000  0.000000e+000  0.000000e+000  0.000000e+000  0.000000e+000  0.000000e+000  0.000000e+000  0.000000e+000  0.000000e+000  0.000000e+000  0.000000e+000  0.000000e+000  0.000000e+000  0.000000e+000  
0.000000e+000  0.000000e+000  0.000000e+000  0.000000e+000  0.000000e+000  0.000000e+000  0.000000e+000  0.000000e+000  0.000000e+000  0.000000e+000  0.000000e+000  0.000000e+000  0.000000e+000  0.000000e+000  0.000000e+000  0.000000e+000  0.000000e+000  
0.000000e+000  0.000000e+000  0.000000e+000  0.000000e+000  0.000000e+000  0.000000e+000  0.000000e+000  0.000000e+000  0.000000e+000  0.000000e+000  0.000000e+000  0.000000e+000  0.000000e+000  0.000000e+000  0.000000e+000  0.000000e+000  0.000000e+000  
0.000000e+000  0.000000e+000  0.000000e+000  0.000000e+000  0.000000e+000  0.000000e+000  0.000000e+000  0.000000e+000  0.000000e+000  0.000000e+000  0.000000e+000  0.000000e+000  0.000000e+000  0.000000e+000  0.000000e+000  0.000000e+000  0.000000e+000  
0.000000e+000  0.000000e+000  0.000000e+000  0.000000e+000  0.000000e+000  0.000000e+000  0.000000e+000  0.000000e+000  0.000000e+000  0.000000e+000  0.000000e+000  0.000000e+000  0.000000e+000  0.000000e+000  0.000000e+000  0.000000e+000  0.000000e+000  
0.000000e+000  0.000000e+000  0.000000e+000  0.000000e+000  0.000000e+000  0.000000e+000  0.000000e+000  0.000000e+000  0.000000e+000  0.000000e+000  0.000000e+000  0.000000e+000  0.000000e+000  0.000000e+000  0.000000e+000  0.000000e+000  0.000000e+000  
0.000000e+000  0.000000e+000  0.000000e+000  0.000000e+000  0.000000e+000  0.000000e+000  0.000000e+000  0.000000e+000  0.000000e+000  0.000000e+000  0.000000e+000  0.000000e+000  0.000000e+000  0.000000e+000  0.000000e+000  0.000000e+000  0.000000e+000  
0.000000e+000  0.000000e+000  0.000000e+000  0.000000e+000  0.000000e+000  0.000000e+000  0.000000e+000  0.000000e+000  0.000000e+000  0.000000e+000  0.000000e+000  0.000000e+000  0.000000e+000  0.000000e+000  0.000000e+000  0.000000e+000  0.000000e+000  
0.000000e+000  0.000000e+000  0.000000e+000  0.000000e+000  0.000000e+000  0.000000e+000  0.000000e+000  0.000000e+000  0.000000e+000  0.000000e+000  0.000000e+000  0.000000e+000  0.000000e+000  0.000000e+000  0.000000e+000  0.000000e+000  0.000000e+000  
0.000000e+000  0.000000e+000  0.000000e+000  0.000000e+000  0.000000e+000  0.000000e+000  0.000000e+000  0.000000e+000  0.000000e+000  0.000000e+000  0.000000e+000  0.000000e+000  0.000000e+000  0.000000e+000  0.000000e+000  0.000000e+000  0.000000e+000  
0.000000e+000  0.000000e+000  0.000000e+000  0.000000e+000  0.000000e+000  0.000000e+000  0.000000e+000  0.000000e+000  0.000000e+000  0.000000e+000  0.000000e+000  0.000000e+000  0.000000e+000  0.000000e+000  0.000000e+000  0.000000e+000  0.000000e+000  
0.000000e+000  0.000000e+000  0.000000e+000  0.000000e+000  0.000000e+000  0.000000e+000  0.000000e+000  0.000000e+000  0.000000e+000  0.000000e+000  0.000000e+000  0.000000e+000  0.000000e+000  0.000000e+000  0.000000e+000  0.000000e+000  0.000000e+000  
0.000000e+000  0.000000e+000  0.000000e+000  0.000000e+000  0.000000e+000  0.000000e+000  0.000000e+000  0.000000e+000  0.000000e+000  0.000000e+000  0.000000e+000  0.000000e+000  0.000000e+000  0.000000e+000  0.000000e+000  0.000000e+000  0.000000e+000  
0.000000e+000  0.000000e+000  0.000000e+000  0.000000e+000  0.000000e+000  0.000000e+000  0.000000e+000  0.000000e+000  0.000000e+000  0.000000e+000  0.000000e+000  0.000000e+000  0.000000e+000  0.000000e+000  0.000000e+000  0.000000e+000  0.000000e+000  
0.000000e+000  0.000000e+000  0.000000e+000  0.000000e+000  0.000000e+000  0.000000e+000  0.000000e+000  0.000000e+000  0.000000e+000  0.000000e+000  0.000000e+000  0.000000e+000  0.000000e+000  0.000000e+000  0.000000e+000  0.000000e+000  0.000000e+000  
0.000000e+000  0.000000e+000  0.000000e+000  0.000000e+000  0.000000e+000  0.000000e+000  0.000000e+000  0.000000e+000  0.000000e+000  0.000000e+000  0.000000e+000  0.000000e+000  0.000000e+000  0.000000e+000  0.000000e+000  0.000000e+000  0.000000e+000  

-0.000000e+000  -6.282841e+000  -1.252958e+001  -1.870451e+001  -2.477275e+001  -2.525570e+001  -2.561898e+001  -2.587386e+001  -2.603243e+001  -2.610712e+001  -2.611030e+001  -2.605398e+001  -2.594954e+001  -2.562819e+001  -2.523112e+001  -2.411885e+001  -2.336547e+001  
-0.000000e+000  -6.568523e+000  -1.309768e+001  -1.954851e+001  -2.588282e+001  -2.630227e+001  -2.659182e+001  -2.676644e+001  -2.684152e+001  -2.683233e+001  -2.675351e+001  -2.661884e+001  -2.644095e+001  -2.598982e+001  -2.548804e+001  -2.421526e+001  -2.340189e+001  
-0.000000e+000  -7.720352e+000  -1.538924e+001  -2.295525e+001  -3.036722e+001  -3.047544e+001  -3.041818e+001  -3.022777e+001  -2.993425e+001  -2.956450e+001  -2.914185e+001  -2.868606e+001  -2.821345e+001  -2.725759e+001  -2.636163e+001  -2.451950e+001  -2.350448e+001  
-0.000000e+000  -9.785917e+000  -1.950835e+001  -2.910130e+001  -3.849424e+001  -3.776052e+001  -3.683992e+001  -3.580517e+001  -3.471486e+001  -3.361382e+001  -3.253465e+001  -3.149976e+001  -3.052361e+001  -2.877287e+001  -2.730735e+001  -2.476680e+001  -2.354085e+001  
-0.000000e+000  -1.274313e+001  -2.545615e+001  -3.809443e+001  -5.058611e+001  -4.784776e+001  -4.507825e+001  -4.241116e+001  -3.992747e+001  -3.766760e+001  -3.564368e+001  -3.385003e+001  -3.227103e+001  -2.969641e+001  -2.772541e+001  -2.473766e+001  -2.342423e+001  
-0.000000e+000  -1.438267e+001  -2.884307e+001  -4.342646e+001  -5.811436e+001  -5.336633e+001  -4.897230e+001  -4.505828e+001  -4.165574e+001  -3.874010e+001  -3.625992e+001  -3.415531e+001  -3.236785e+001  -2.958725e+001  -2.753768e+001  -2.457166e+001  -2.329613e+001  
-0.000000e+000  -1.567936e+001  -3.167962e+001  -4.826618e+001  -6.557930e+001  -5.792076e+001  -5.145334e+001  -4.616764e+001  -4.191457e+001  -3.850506e+001  -3.576134e+001  -3.353513e+001  -3.170948e+001  -2.898952e+001  -2.704412e+001  -2.430364e+001  -2.312531e+001  
-0.000000e+000  -1.581862e+001  -3.212664e+001  -4.936574e+001  -6.783549e+001  -5.869649e+001  -5.137049e+001  -4.565802e+001  -4.123546e+001  -3.779416e+001  -3.508553e+001  -3.292271e+001  -3.116874e+001  -2.858688e+001  -2.675166e+001  -2.416702e+001  -2.304506e+001  
-0.000000e+000  -1.560376e+001  -3.189949e+001  -4.957265e+001  -6.918928e+001  -5.845733e+001  -5.038374e+001  -4.442934e+001  -4.001440e+001  -3.668404e+001  -3.411770e+001  -3.209670e+001  -3.047162e+001  -2.809725e+001  -2.641157e+001  -2.401739e+001  -2.296034e+001  
-0.000000e+000  -1.488971e+001  -3.067848e+001  -4.837627e+001  -6.902789e+001  -5.670865e+001  -4.819655e+001  -4.233470e+001  -3.819002e+001  -3.515550e+001  -3.285737e+001  -3.106401e+001  -2.962739e+001  -2.752871e+001  -2.602977e+001  -2.385719e+001  -2.287237e+001  
-0.000000e+000  -1.352827e+001  -2.808307e+001  -4.505305e+001  -6.638048e+001  -5.277714e+001  -4.449662e+001  -3.926853e+001  -3.574592e+001  -3.322352e+001  -3.132729e+001  -2.984676e+001  -2.865513e+001  -2.689383e+001  -2.561421e+001  -2.368929e+001  -2.278252e+001  
-0.000000e+000  -1.205942e+001  -2.507372e+001  -4.062199e+001  -6.175714e+001  -4.793733e+001  -4.066752e+001  -3.640315e+001  -3.359776e+001  -3.158913e+001  -3.006520e+001  -2.886070e+001  -2.787864e+001  -2.639639e+001  -2.529399e+001  -2.356326e+001  -2.271634e+001  
-0.000000e+000  -1.022073e+001  -2.108375e+001  -3.403070e+001  -5.350336e+001  -4.105432e+001  -3.590870e+001  -3.309342e+001  -3.121266e+001  -2.981526e+001  -2.871506e+001  -2.781663e+001  -2.706320e+001  -2.588006e+001  -2.496520e+001  -2.343623e+001  -2.265056e+001  
-0.000000e+000  -8.133029e+000  -1.628730e+001  -2.491775e+001  -3.885354e+001  -3.188792e+001  -3.043084e+001  -2.950314e+001  -2.868834e+001  -2.796022e+001  -2.731337e+001  -2.673851e+001  -2.622508e+001  -2.535342e+001  -2.463251e+001  -2.330965e+001  -2.258582e+001  
-0.000000e+000  -6.036148e+000  -1.130518e+001  -1.375507e+001  -0.000000e+000  -2.099968e+001  -2.479893e+001  -2.588963e+001  -2.614871e+001  -2.609128e+001  -2.590041e+001  -2.565222e+001  -2.538162e+001  -2.482551e+001  -2.430080e+001  -2.318501e+001  -2.252274e+001  
-0.000000e+000  -3.658154e+000  -6.272696e+000  -6.109580e+000  -0.000000e+000  -1.243192e+001  -1.852536e+001  -2.141302e+001  -2.287234e+001  -2.363446e+001  -2.402512e+001  -2.420341e+001  -2.425404e+001  -2.412022e+001  -2.385920e+001  -2.302102e+001  -2.244066e+001  
-0.000000e+000  -2.024015e+000  -3.220809e+000  -2.705840e+000  -0.000000e+000  -8.184652e+000  -1.413386e+001  -1.778512e+001  -2.001986e+001  -2.141231e+001  -2.229213e+001  -2.284767e+001  -2.319086e+001  -2.345211e+001  -2.344094e+001  -2.286712e+001  -2.236441e+001  
-0.000000e+000  -5.251765e-001  -7.791753e-001  -5.864507e-001  -0.000000e+000  -4.836868e+000  -9.400069e+000  -1.304641e+001  -1.583353e+001  -1.791368e+001  -1.944465e+001  -2.056030e+001  -2.136596e+001  -2.228928e+001  -2.270946e+001  -2.260025e+001  -2.223381e+001  
-0.000000e+000  -9.277688e-002  -1.334343e-001  -9.625852e-002  -0.000000e+000  -3.404974e+000  -6.893712e+000  -1.002180e+001  -1.271693e+001  -1.496909e+001  -1.680667e+001  -1.827732e+001  -1.943538e+001  -2.097432e+001  -2.184851e+001  -2.228411e+001  -2.208195e+001  
-0.000000e+000  -5.251765e-001  -7.791753e-001  -5.864507e-001  -0.000000e+000  -4.836868e+000  -9.400069e+000  -1.304641e+001  -1.583353e+001  -1.791368e+001  -1.944465e+001  -2.056030e+001  -2.136596e+001  -2.228928e+001  -2.270946e+001  -2.260025e+001  -2.223381e+001  
-0.000000e+000  -2.024015e+000  -3.220809e+000  -2.705840e+000  -0.000000e+000  -8.184652e+000  -1.413386e+001  -1.778512e+001  -2.001986e+001  -2.141231e+001  -2.229213e+001  -2.284767e+001  -2.319086e+001  -2.345211e+001  -2.344094e+001  -2.286712e+001  -2.236441e+001  
-0.000000e+000  -3.658154e+000  -6.272696e+000  -6.109580e+000  -0.000000e+000  -1.243192e+001  -1.852536e+001  -2.141302e+001  -2.287234e+001  -2.363446e+001  -2.402512e+001  -2.420341e+001  -2.425404e+001  -2.412022e+001  -2.385920e+001  -2.302102e+001  -2.244066e+001  
-0.000000e+000  -6.036148e+000  -1.130518e+001  -1.375507e+001  -0.000000e+000  -2.099968e+001  -2.479893e+001  -2.588963e+001  -2.614871e+001  -2.609128e+001  -2.590041e+001  -2.565222e+001  -2.538162e+001  -2.482551e+001  -2.430080e+001  -2.318501e+001  -2.252274e+001  
-0.000000e+000  -8.133029e+000  -1.628730e+001  -2.491775e+001  -3.885354e+001  -3.188792e+001  -3.043084e+001  -2.950314e+001  -2.868834e+001  -2.796022e+001  -2.731337e+001  -2.673851e+001  -2.622508e+001  -2.535342e+001  -2.463251e+001  -2.330965e+001  -2.258582e+001  
-0.000000e+000  -1.022073e+001  -2.108375e+001  -3.403070e+001  -5.350336e+001  -4.105432e+001  -3.590870e+001  -3.309342e+001  -3.121266e+001  -2.981526e+001  -2.871506e+001  -2.781663e+001  -2.706320e+001  -2.588006e+001  -2.496520e+001  -2.343623e+001  -2.265056e+001  
-0.000000e+000  -1.205942e+001  -2.507372e+001  -4.062199e+001  -6.175714e+001  -4.793733e+001  -4.066752e+001  -3.640315e+001  -3.359776e+001  -3.158913e+001  -3.006520e+001  -2.886070e+001  -2.787864e+001  -2.639639e+001  -2.529399e+001  -2.356326e+001  -2.271634e+001  
-0.000000e+000  -1.352827e+001  -2.808307e+001  -4.505305e+001  -6.638048e+001  -5.277714e+001  -4.449662e+001  -3.926853e+001  -3.574592e+001  -3.322352e+001  -3.132729e+001  -2.984676e+001  -2.865513e+001  -2.689383e+001  -2.561421e+001  -2.368929e+001  -2.278252e+001  
-0.000000e+000  -1.488971e+001  -3.067848e+001  -4.837627e+001  -6.902789e+001  -5.670865e+001  -4.819655e+001  -4.233470e+001  -3.819002e+001  -3.515550e+001  -3.285737e+001  -3.106401e+001  -2.962739e+001  -2.752871e+001  -2.602977e+001  -2.385719e+001  -2.287237e+001  
-0.000000e+000  -1.560376e+001  -3.189949e+001  -4.957265e+001  -6.918928e+001  -5.845733e+001  -5.038374e+001  -4.442934e+001  -4.001440e+001  -3.668404e+001  -3.411770e+001  -3.209670e+001  -3.047162e+001  -2.809725e+001  -2.641157e+001  -2.401739e+001  -2.296034e+001  
-0.000000e+000  -1.581862e+001  -3.212664e+001  -4.936574e+001  -6.783549e+001  -5.869649e+001  -5.137049e+001  -4.565802e+001  -4.123546e+001  -3.779416e+001  -3.508553e+001  -3.292271e+001  -3.116874e+001  -2.858688e+001  -2.675166e+001  -2.416702e+001  -2.304506e+001  
-0.000000e+000  -1.567936e+001  -3.167962e+001  -4.826618e+001  -6.557930e+001  -5.792076e+001  -5.145334e+001  -4.616764e+001  -4.191457e+001  -3.850506e+001  -3.576134e+001  -3.353513e+001  -3.170948e+001  -2.898952e+001  -2.704412e+001  -2.430364e+001  -2.312531e+001  
-0.000000e+000  -1.438267e+001  -2.884307e+001  -4.342646e+001  -5.811436e+001  -5.336633e+001  -4.897230e+001  -4.505828e+001  -4.165574e+001  -3.874010e+001  -3.625992e+001  -3.415531e+001  -3.236785e+001  -2.958725e+001  -2.753768e+001  -2.457166e+001  -2.329613e+001  
-0.000000e+000  -1.274313e+001  -2.545615e+001  -3.809443e+001  -5.058611e+001  -4.784776e+001  -4.507825e+001  -4.241116e+001  -3.992747e+001  -3.766760e+001  -3.564368e+001  -3.385003e+001  -3.227103e+001  -2.969641e+001  -2.772541e+001  -2.473766e+001  -2.342423e+001  
-0.000000e+000  -9.785917e+000  -1.950835e+001  -2.910130e+001  -3.849424e+001  -3.776052e+001  -3.683992e+001  -3.580517e+001  -3.471486e+001  -3.361382e+001  -3.253465e+001  -3.149976e+001  -3.052361e+001  -2.877287e+001  -2.730735e+001  -2.476680e+001  -2.354085e+001  
-0.000000e+000  -7.720352e+000  -1.538924e+001  -2.295525e+001  -3.036722e+001  -3.047544e+001  -3.041818e+001  -3.022777e+001  -2.993425e+001  -2.956450e+001  -2.914185e+001  -2.868606e+001  -2.821345e+001  -2.725759e+001  -2.636163e+001  -2.451950e+001  -2.350448e+001  
-0.000000e+000  -6.568523e+000  -1.309768e+001  -1.954851e+001  -2.588282e+001  -2.630227e+001  -2.659182e+001  -2.676644e+001  -2.684152e+001  -2.683233e+001  -2.675351e+001  -2.661884e+001  -2.644095e+001  -2.598982e+001  -2.548804e+001  -2.421526e+001  -2.340189e+001  
-0.000000e+000  -6.282841e+000  -1.252958e+001  -1.870451e+001  -2.477275e+001  -2.525570e+001  -2.561898e+001  -2.587386e+001  -2.603243e+001  -2.610712e+001  -2.611030e+001  -2.605398e+001  -2.594954e+001  -2.562819e+001  -2.523112e+001  -2.411885e+001  -2.336547e+001  

