Port monitor named: Port1_e1.prt

nx        = 37
ny        = 4
nz        = 19

nu        = 17
nv        = 35
iu        = 2
iv        = 2

idir      = 1
dcut      = -4.410000e-002
icut      = 2
type      = 0
frequency = 2.400000e+009

fcutoff   = 0.000000e+000
alpha     = 0.000000e+000
beta      = 9.210871e+001
accuracy  = 1.846084e-010

type          = QTEM
wave imp.     = 2.489999e+002
wave imp.sig. = 5.425637e-009
line imp.     = 5.439023e+001

ref. port     = 0

-4.511433e+001  -4.467483e+001  -4.381287e+001  -4.256098e+001  -1.831119e+002  -1.801906e+002  -1.761214e+002  -1.710179e+002  -1.650094e+002  -1.582338e+002  -1.508312e+002  -1.429377e+002  -1.305534e+002  -1.132898e+002  -8.036468e+001  -2.715144e+001  -0.000000e+000  
-4.921137e+001  -4.860773e+001  -4.743196e+001  -4.574387e+001  -1.957073e+002  -1.919636e+002  -1.868591e+002  -1.805720e+002  -1.732961e+002  -1.652282e+002  -1.565593e+002  -1.474667e+002  -1.334304e+002  -1.144776e+002  -7.936627e+001  -2.621083e+001  -0.000000e+000  
-7.001053e+001  -6.835950e+001  -6.519419e+001  -6.077125e+001  -2.531182e+002  -2.446095e+002  -2.337577e+002  -2.211387e+002  -2.073143e+002  -1.927964e+002  -1.780241e+002  -1.633539e+002  -1.419112e+002  -1.159902e+002  -7.281091e+001  -2.181019e+001  -0.000000e+000  
-1.187437e+002  -1.135378e+002  -1.036833e+002  -9.022177e+001  -3.545961e+002  -3.324068e+002  -3.064492e+002  -2.784995e+002  -2.500674e+002  -2.223236e+002  -1.960936e+002  -1.718932e+002  -1.390316e+002  -1.048106e+002  -5.578679e+001  -1.436723e+001  -0.000000e+000  
-2.401778e+002  -2.234200e+002  -1.919395e+002  -1.495901e+002  -5.277735e+002  -4.673527e+002  -4.033626e+002  -3.407589e+002  -2.829039e+002  -2.316664e+002  -1.877464e+002  -1.510490e+002  -1.059857e+002  -6.771749e+001  -2.428761e+001  -3.904583e+000  -0.000000e+000  
-3.899310e+002  -3.565547e+002  -2.937318e+002  -2.093736e+002  -6.641476e+002  -5.544114e+002  -4.472278e+002  -3.507949e+002  -2.689381e+002  -2.023203e+002  -1.497865e+002  -1.093807e+002  -6.376461e+001  -3.096590e+001  -1.335388e+000  2.420647e+000  -0.000000e+000  
-6.580409e+002  -5.940912e+002  -4.718268e+002  -3.051891e+002  -8.351033e+002  -6.351869e+002  -4.581423e+002  -3.152771e+002  -2.070100e+002  -1.284886e+002  -7.343467e+001  -3.602460e+001  7.114931e-001  1.948363e+001  2.576850e+001  9.169166e+000  -0.000000e+000  
-8.484707e+002  -7.646783e+002  -6.004509e+002  -3.698785e+002  -9.147899e+002  -6.481919e+002  -4.285989e+002  -2.646648e+002  -1.495761e+002  -7.212022e+001  -2.183380e+001  9.476933e+000  3.686153e+001  4.570658e+001  3.848363e+001  1.213296e+001  -0.000000e+000  
-1.096779e+003  -9.908395e+002  -7.749233e+002  -4.560893e+002  -9.892812e+002  -6.322784e+002  -3.645862e+002  -1.837280e+002  -6.874267e+001  1.165872e+000  4.160183e+001  6.313657e+001  7.735552e+001  7.393406e+001  5.142884e+001  1.504013e+001  -0.000000e+000  
-1.418256e+003  -1.293002e+003  -1.020564e+003  -5.801506e+002  -1.041471e+003  -5.610181e+002  -2.465941e+002  -6.177985e+001  4.019294e+001  9.285688e+001  1.168681e+002  1.243665e+002  1.213951e+002  1.035250e+002  6.432342e+001  1.783839e+001  -0.000000e+000  
-1.826204e+003  -1.696890e+003  -1.382436e+003  -7.833123e+002  -1.029288e+003  -3.864570e+002  -4.783232e+001  1.118572e+002  1.799463e+002  2.025022e+002  2.025241e+002  1.915989e+002  1.676871e+002  1.336146e+002  7.684610e+001  2.047290e+001  -0.000000e+000  
-2.188453e+003  -2.081345e+003  -1.780563e+003  -1.064659e+003  -9.019218e+002  -1.328092e+002  1.730934e+002  2.786196e+002  3.027469e+002  2.935126e+002  2.709362e+002  2.438569e+002  2.025030e+002  1.556829e+002  8.571428e+001  2.229470e+001  -0.000000e+000  
-2.591659e+003  -2.540171e+003  -2.338544e+003  -1.605005e+003  -5.340449e+002  2.816361e+002  4.636629e+002  4.737508e+002  4.372449e+002  3.892653e+002  3.410126e+002  2.963758e+002  2.366722e+002  1.769397e+002  9.403089e+001  2.397193e+001  -0.000000e+000  
-3.014298e+003  -3.056496e+003  -3.101342e+003  -2.785871e+003  4.268087e+002  9.162189e+002  8.141098e+002  6.852378e+002  5.758896e+002  4.852577e+002  4.099604e+002  3.473262e+002  2.692043e+002  1.968629e+002  1.016464e+002  2.548292e+001  -0.000000e+000  
-3.420156e+003  -3.571291e+003  -4.002630e+003  -5.352011e+003  3.661815e+003  1.756544e+003  1.174153e+003  8.902002e+002  7.082497e+002  5.761057e+002  4.746635e+002  3.947414e+002  2.990742e+002  2.149272e+002  1.084168e+002  2.680742e+001  -0.000000e+000  
-3.859753e+003  -4.078029e+003  -4.643826e+003  -5.999642e+003  3.530961e+003  2.163198e+003  1.487934e+003  1.104194e+003  8.548556e+002  6.785904e+002  5.478700e+002  4.482199e+002  3.324376e+002  2.348809e+002  1.157548e+002  2.822314e+001  -0.000000e+000  
-4.155955e+003  -4.357042e+003  -4.768640e+003  -5.312679e+003  2.760407e+003  2.164824e+003  1.631571e+003  1.240011e+003  9.591166e+002  7.547743e+002  6.031878e+002  4.887987e+002  3.576740e+002  2.498630e+002  1.211834e+002  2.925876e+001  -0.000000e+000  
-4.351538e+003  -4.499653e+003  -4.755197e+003  -4.998383e+003  2.367354e+003  2.062429e+003  1.672471e+003  1.319152e+003  1.034676e+003  8.156883e+002  6.494740e+002  5.233925e+002  3.793232e+002  2.626390e+002  1.257292e+002  3.011328e+001  -0.000000e+000  
-4.155955e+003  -4.357042e+003  -4.768640e+003  -5.312679e+003  2.760407e+003  2.164824e+003  1.631571e+003  1.240011e+003  9.591166e+002  7.547743e+002  6.031878e+002  4.887987e+002  3.576740e+002  2.498630e+002  1.211834e+002  2.925876e+001  -0.000000e+000  
-3.859753e+003  -4.078029e+003  -4.643826e+003  -5.999642e+003  3.530961e+003  2.163198e+003  1.487934e+003  1.104194e+003  8.548556e+002  6.785904e+002  5.478700e+002  4.482199e+002  3.324376e+002  2.348809e+002  1.157548e+002  2.822314e+001  -0.000000e+000  
-3.420156e+003  -3.571291e+003  -4.002630e+003  -5.352011e+003  3.661815e+003  1.756544e+003  1.174153e+003  8.902002e+002  7.082497e+002  5.761057e+002  4.746635e+002  3.947414e+002  2.990742e+002  2.149272e+002  1.084168e+002  2.680742e+001  -0.000000e+000  
-3.014298e+003  -3.056496e+003  -3.101342e+003  -2.785871e+003  4.268087e+002  9.162189e+002  8.141098e+002  6.852378e+002  5.758896e+002  4.852577e+002  4.099604e+002  3.473262e+002  2.692043e+002  1.968629e+002  1.016464e+002  2.548292e+001  -0.000000e+000  
-2.591659e+003  -2.540171e+003  -2.338544e+003  -1.605005e+003  -5.340449e+002  2.816361e+002  4.636629e+002  4.737508e+002  4.372449e+002  3.892653e+002  3.410126e+002  2.963758e+002  2.366722e+002  1.769397e+002  9.403089e+001  2.397193e+001  -0.000000e+000  
-2.188453e+003  -2.081345e+003  -1.780563e+003  -1.064659e+003  -9.019218e+002  -1.328092e+002  1.730934e+002  2.786196e+002  3.027469e+002  2.935126e+002  2.709362e+002  2.438569e+002  2.025030e+002  1.556829e+002  8.571428e+001  2.229470e+001  -0.000000e+000  
-1.826204e+003  -1.696890e+003  -1.382436e+003  -7.833123e+002  -1.029288e+003  -3.864570e+002  -4.783232e+001  1.118572e+002  1.799463e+002  2.025022e+002  2.025241e+002  1.915989e+002  1.676871e+002  1.336146e+002  7.684610e+001  2.047290e+001  -0.000000e+000  
-1.418256e+003  -1.293002e+003  -1.020564e+003  -5.801506e+002  -1.041471e+003  -5.610181e+002  -2.465941e+002  -6.177985e+001  4.019294e+001  9.285688e+001  1.168681e+002  1.243665e+002  1.213951e+002  1.035250e+002  6.432342e+001  1.783839e+001  -0.000000e+000  
-1.096779e+003  -9.908395e+002  -7.749233e+002  -4.560893e+002  -9.892812e+002  -6.322784e+002  -3.645862e+002  -1.837280e+002  -6.874267e+001  1.165872e+000  4.160183e+001  6.313657e+001  7.735552e+001  7.393406e+001  5.142884e+001  1.504013e+001  -0.000000e+000  
-8.484707e+002  -7.646783e+002  -6.004509e+002  -3.698785e+002  -9.147899e+002  -6.481919e+002  -4.285989e+002  -2.646648e+002  -1.495761e+002  -7.212022e+001  -2.183380e+001  9.476933e+000  3.686153e+001  4.570658e+001  3.848363e+001  1.213296e+001  -0.000000e+000  
-6.580409e+002  -5.940912e+002  -4.718268e+002  -3.051891e+002  -8.351033e+002  -6.351869e+002  -4.581423e+002  -3.152771e+002  -2.070100e+002  -1.284886e+002  -7.343467e+001  -3.602460e+001  7.114931e-001  1.948363e+001  2.576850e+001  9.169166e+000  -0.000000e+000  
-3.899310e+002  -3.565547e+002  -2.937318e+002  -2.093736e+002  -6.641476e+002  -5.544114e+002  -4.472278e+002  -3.507949e+002  -2.689381e+002  -2.023203e+002  -1.497865e+002  -1.093807e+002  -6.376461e+001  -3.096590e+001  -1.335388e+000  2.420647e+000  -0.000000e+000  
-2.401778e+002  -2.234200e+002  -1.919395e+002  -1.495901e+002  -5.277735e+002  -4.673527e+002  -4.033626e+002  -3.407589e+002  -2.829039e+002  -2.316664e+002  -1.877464e+002  -1.510490e+002  -1.059857e+002  -6.771749e+001  -2.428761e+001  -3.904583e+000  -0.000000e+000  
-1.187437e+002  -1.135378e+002  -1.036833e+002  -9.022177e+001  -3.545961e+002  -3.324068e+002  -3.064492e+002  -2.784995e+002  -2.500674e+002  -2.223236e+002  -1.960936e+002  -1.718932e+002  -1.390316e+002  -1.048106e+002  -5.578679e+001  -1.436723e+001  -0.000000e+000  
-7.001053e+001  -6.835950e+001  -6.519419e+001  -6.077125e+001  -2.531182e+002  -2.446095e+002  -2.337577e+002  -2.211387e+002  -2.073143e+002  -1.927964e+002  -1.780241e+002  -1.633539e+002  -1.419112e+002  -1.159902e+002  -7.281091e+001  -2.181019e+001  -0.000000e+000  
-4.921137e+001  -4.860773e+001  -4.743196e+001  -4.574387e+001  -1.957073e+002  -1.919636e+002  -1.868591e+002  -1.805720e+002  -1.732961e+002  -1.652282e+002  -1.565593e+002  -1.474667e+002  -1.334304e+002  -1.144776e+002  -7.936627e+001  -2.621083e+001  -0.000000e+000  
-4.511433e+001  -4.467483e+001  -4.381287e+001  -4.256098e+001  -1.831119e+002  -1.801906e+002  -1.761214e+002  -1.710179e+002  -1.650094e+002  -1.582338e+002  -1.508312e+002  -1.429377e+002  -1.305534e+002  -1.132898e+002  -8.036468e+001  -2.715144e+001  -0.000000e+000  

-0.000000e+000  -4.461938e-001  -8.580434e-001  -1.204465e+000  -1.460495e+000  -3.989723e+000  -6.339368e+000  -8.460481e+000  -1.031921e+001  -1.189669e+001  -1.318784e+001  -1.419943e+001  -1.494774e+001  -1.572456e+001  -1.578431e+001  -1.347867e+001  -1.109111e+001  
-0.000000e+000  -2.189854e+000  -4.197701e+000  -5.860745e+000  -7.052101e+000  -1.652816e+001  -2.514605e+001  -3.272260e+001  -3.914998e+001  -4.439009e+001  -4.846425e+001  -5.144054e+001  -5.342057e+001  -5.476013e+001  -5.371318e+001  -4.355612e+001  -3.484573e+001  
-0.000000e+000  -8.671128e+000  -1.651120e+001  -2.278979e+001  -2.696419e+001  -4.958139e+001  -6.889366e+001  -8.455406e+001  -9.651392e+001  -1.049595e+002  -1.102398e+002  -1.127982e+002  -1.131164e+002  -1.084641e+002  -1.001903e+002  -7.139725e+001  -5.323104e+001  
-0.000000e+000  -2.782496e+001  -5.260993e+001  -7.170812e+001  -8.322076e+001  -1.272927e+002  -1.609497e+002  -1.842626e+002  -1.981812e+002  -2.041654e+002  -2.038637e+002  -1.988856e+002  -1.906670e+002  -1.681152e+002  -1.441002e+002  -8.912333e+001  -6.172212e+001  
-0.000000e+000  -7.381920e+001  -1.388377e+002  -1.872646e+002  -2.134699e+002  -2.840901e+002  -3.276121e+002  -3.474650e+002  -3.488715e+002  -3.372999e+002  -3.175376e+002  -2.933311e+002  -2.673868e+002  -2.157813e+002  -1.712428e+002  -9.365904e+001  -6.111538e+001  
-0.000000e+000  -1.357349e+002  -2.552434e+002  -3.432141e+002  -3.875538e+002  -4.765295e+002  -5.157765e+002  -5.166372e+002  -4.921643e+002  -4.534921e+002  -4.086682e+002  -3.628782e+002  -3.191498e+002  -2.426327e+002  -1.828177e+002  -9.245043e+001  -5.803876e+001  
-0.000000e+000  -2.218752e+002  -4.198397e+002  -5.672671e+002  -6.377479e+002  -7.313378e+002  -7.413815e+002  -6.983856e+002  -6.294639e+002  -5.525640e+002  -4.775828e+002  -4.091267e+002  -3.488112e+002  -2.529305e+002  -1.832315e+002  -8.785143e+001  -5.376937e+001  
-0.000000e+000  -2.911377e+002  -5.555513e+002  -7.576597e+002  -8.534893e+002  -9.400076e+002  -9.131280e+002  -8.263202e+002  -7.189309e+002  -6.123938e+002  -5.160217e+002  -4.326335e+002  -3.620533e+002  -2.553174e+002  -1.806791e+002  -8.394291e+001  -5.060380e+001  
-0.000000e+000  -3.788532e+002  -7.343219e+002  -1.021558e+003  -1.162332e+003  -1.220118e+003  -1.122908e+003  -9.676600e+002  -8.083467e+002  -6.662860e+002  -5.466980e+002  -4.484319e+002  -3.683723e+002  -2.528644e+002  -1.749533e+002  -7.890995e+001  -4.689734e+001  
-0.000000e+000  -4.826789e+002  -9.602101e+002  -1.386761e+003  -1.622012e+003  -1.597832e+003  -1.369680e+003  -1.112186e+003  -8.875302e+002  -7.065909e+002  -5.644257e+002  -4.531613e+002  -3.656520e+002  -2.447113e+002  -1.657613e+002  -7.274631e+001  -4.267038e+001  
-0.000000e+000  -5.762947e+002  -1.187998e+003  -1.821009e+003  -2.264930e+003  -2.039629e+003  -1.601869e+003  -1.221088e+003  -9.333363e+002  -7.210502e+002  -5.633865e+002  -4.446062e+002  -3.536661e+002  -2.320160e+002  -1.545552e+002  -6.640000e+001  -3.855321e+001  
-0.000000e+000  -6.425178e+002  -1.374188e+003  -2.264647e+003  -3.125310e+003  -2.491605e+003  -1.781047e+003  -1.282276e+003  -9.466124e+002  -7.147041e+002  -5.492063e+002  -4.277954e+002  -3.365863e+002  -2.174201e+002  -1.429384e+002  -6.038990e+001  -3.478317e+001  
-0.000000e+000  -6.742401e+002  -1.498890e+003  -2.719404e+003  -4.611243e+003  -2.971196e+003  -1.887345e+003  -1.287304e+003  -9.242123e+002  -6.855634e+002  -5.199215e+002  -4.006565e+002  -3.123104e+002  -1.990261e+002  -1.293189e+002  -5.382561e+001  -3.078058e+001  
-0.000000e+000  -6.478241e+002  -1.470623e+003  -2.914720e+003  -7.499871e+003  -3.258756e+003  -1.826346e+003  -1.210531e+003  -8.589442e+002  -6.313266e+002  -4.747261e+002  -3.629302e+002  -2.808113e+002  -1.769231e+002  -1.137946e+002  -4.675181e+001  -2.656853e+001  
-0.000000e+000  -5.396931e+002  -1.162193e+003  -1.950475e+003  -0.000000e+000  -1.966978e+003  -1.430887e+003  -1.017247e+003  -7.347485e+002  -5.408652e+002  -4.050626e+002  -3.078493e+002  -2.366745e+002  -1.475113e+002  -9.393163e+001  -3.809427e+001  -2.151353e+001  
-0.000000e+000  -3.633180e+002  -7.051193e+002  -8.555037e+002  -0.000000e+000  -9.187370e+002  -9.128860e+002  -7.224325e+002  -5.428122e+002  -4.048604e+002  -3.039216e+002  -2.304971e+002  -1.765255e+002  -1.091354e+002  -6.893986e+001  -2.766500e+001  -1.554408e+001  
-0.000000e+000  -1.196449e+002  -2.064122e+002  -1.964164e+002  -0.000000e+000  -2.338617e+002  -2.992451e+002  -2.713559e+002  -2.187406e+002  -1.686541e+002  -1.282767e+002  -9.756253e+001  -7.456947e+001  -4.568988e+001  -2.856934e+001  -1.130624e+001  -6.310006e+000  
-0.000000e+000  1.196449e+002  2.064122e+002  1.964164e+002  -0.000000e+000  2.338617e+002  2.992451e+002  2.713559e+002  2.187406e+002  1.686541e+002  1.282767e+002  9.756253e+001  7.456947e+001  4.568988e+001  2.856934e+001  1.130624e+001  6.310006e+000  
-0.000000e+000  3.633180e+002  7.051193e+002  8.555037e+002  -0.000000e+000  9.187370e+002  9.128860e+002  7.224325e+002  5.428122e+002  4.048604e+002  3.039216e+002  2.304971e+002  1.765255e+002  1.091354e+002  6.893986e+001  2.766500e+001  1.554408e+001  
-0.000000e+000  5.396931e+002  1.162193e+003  1.950475e+003  -0.000000e+000  1.966978e+003  1.430887e+003  1.017247e+003  7.347485e+002  5.408652e+002  4.050626e+002  3.078493e+002  2.366745e+002  1.475113e+002  9.393163e+001  3.809427e+001  2.151353e+001  
-0.000000e+000  6.478241e+002  1.470623e+003  2.914720e+003  7.499871e+003  3.258756e+003  1.826346e+003  1.210531e+003  8.589442e+002  6.313266e+002  4.747261e+002  3.629302e+002  2.808113e+002  1.769231e+002  1.137946e+002  4.675181e+001  2.656853e+001  
-0.000000e+000  6.742401e+002  1.498890e+003  2.719404e+003  4.611243e+003  2.971196e+003  1.887345e+003  1.287304e+003  9.242123e+002  6.855634e+002  5.199215e+002  4.006565e+002  3.123104e+002  1.990261e+002  1.293189e+002  5.382561e+001  3.078058e+001  
-0.000000e+000  6.425178e+002  1.374188e+003  2.264647e+003  3.125310e+003  2.491605e+003  1.781047e+003  1.282276e+003  9.466124e+002  7.147041e+002  5.492063e+002  4.277954e+002  3.365863e+002  2.174201e+002  1.429384e+002  6.038990e+001  3.478317e+001  
-0.000000e+000  5.762947e+002  1.187998e+003  1.821009e+003  2.264930e+003  2.039629e+003  1.601869e+003  1.221088e+003  9.333363e+002  7.210502e+002  5.633865e+002  4.446062e+002  3.536661e+002  2.320160e+002  1.545552e+002  6.640000e+001  3.855321e+001  
-0.000000e+000  4.826789e+002  9.602101e+002  1.386761e+003  1.622012e+003  1.597832e+003  1.369680e+003  1.112186e+003  8.875302e+002  7.065909e+002  5.644257e+002  4.531613e+002  3.656520e+002  2.447113e+002  1.657613e+002  7.274631e+001  4.267038e+001  
-0.000000e+000  3.788532e+002  7.343219e+002  1.021558e+003  1.162332e+003  1.220118e+003  1.122908e+003  9.676600e+002  8.083467e+002  6.662860e+002  5.466980e+002  4.484319e+002  3.683723e+002  2.528644e+002  1.749533e+002  7.890995e+001  4.689734e+001  
-0.000000e+000  2.911377e+002  5.555513e+002  7.576597e+002  8.534893e+002  9.400076e+002  9.131280e+002  8.263202e+002  7.189309e+002  6.123938e+002  5.160217e+002  4.326335e+002  3.620533e+002  2.553174e+002  1.806791e+002  8.394291e+001  5.060380e+001  
-0.000000e+000  2.218752e+002  4.198397e+002  5.672671e+002  6.377479e+002  7.313378e+002  7.413815e+002  6.983856e+002  6.294639e+002  5.525640e+002  4.775828e+002  4.091267e+002  3.488112e+002  2.529305e+002  1.832315e+002  8.785143e+001  5.376937e+001  
-0.000000e+000  1.357349e+002  2.552434e+002  3.432141e+002  3.875538e+002  4.765295e+002  5.157765e+002  5.166372e+002  4.921643e+002  4.534921e+002  4.086682e+002  3.628782e+002  3.191498e+002  2.426327e+002  1.828177e+002  9.245043e+001  5.803876e+001  
-0.000000e+000  7.381920e+001  1.388377e+002  1.872646e+002  2.134699e+002  2.840901e+002  3.276121e+002  3.474650e+002  3.488715e+002  3.372999e+002  3.175376e+002  2.933311e+002  2.673868e+002  2.157813e+002  1.712428e+002  9.365904e+001  6.111538e+001  
-0.000000e+000  2.782496e+001  5.260993e+001  7.170812e+001  8.322076e+001  1.272927e+002  1.609497e+002  1.842626e+002  1.981812e+002  2.041654e+002  2.038637e+002  1.988856e+002  1.906670e+002  1.681152e+002  1.441002e+002  8.912333e+001  6.172212e+001  
-0.000000e+000  8.671128e+000  1.651120e+001  2.278979e+001  2.696419e+001  4.958139e+001  6.889366e+001  8.455406e+001  9.651392e+001  1.049595e+002  1.102398e+002  1.127982e+002  1.131164e+002  1.084641e+002  1.001903e+002  7.139725e+001  5.323104e+001  
-0.000000e+000  2.189854e+000  4.197701e+000  5.860745e+000  7.052101e+000  1.652816e+001  2.514605e+001  3.272260e+001  3.914998e+001  4.439009e+001  4.846425e+001  5.144054e+001  5.342057e+001  5.476013e+001  5.371318e+001  4.355612e+001  3.484573e+001  
-0.000000e+000  4.461938e-001  8.580434e-001  1.204465e+000  1.460495e+000  3.989723e+000  6.339368e+000  8.460481e+000  1.031921e+001  1.189669e+001  1.318784e+001  1.419943e+001  1.494774e+001  1.572456e+001  1.578431e+001  1.347867e+001  1.109111e+001  
-0.000000e+000  -0.000000e+000  -0.000000e+000  -0.000000e+000  -0.000000e+000  -0.000000e+000  -0.000000e+000  -0.000000e+000  -0.000000e+000  -0.000000e+000  -0.000000e+000  -0.000000e+000  -0.000000e+000  -0.000000e+000  -0.000000e+000  -0.000000e+000  -0.000000e+000  

0.000000e+000  0.000000e+000  0.000000e+000  0.000000e+000  0.000000e+000  0.000000e+000  0.000000e+000  0.000000e+000  0.000000e+000  0.000000e+000  0.000000e+000  0.000000e+000  0.000000e+000  0.000000e+000  0.000000e+000  0.000000e+000  0.000000e+000  
0.000000e+000  0.000000e+000  0.000000e+000  0.000000e+000  0.000000e+000  0.000000e+000  0.000000e+000  0.000000e+000  0.000000e+000  0.000000e+000  0.000000e+000  0.000000e+000  0.000000e+000  0.000000e+000  0.000000e+000  0.000000e+000  0.000000e+000  
0.000000e+000  0.000000e+000  0.000000e+000  0.000000e+000  0.000000e+000  0.000000e+000  0.000000e+000  0.000000e+000  0.000000e+000  0.000000e+000  0.000000e+000  0.000000e+000  0.000000e+000  0.000000e+000  0.000000e+000  0.000000e+000  0.000000e+000  
0.000000e+000  0.000000e+000  0.000000e+000  0.000000e+000  0.000000e+000  0.000000e+000  0.000000e+000  0.000000e+000  0.000000e+000  0.000000e+000  0.000000e+000  0.000000e+000  0.000000e+000  0.000000e+000  0.000000e+000  0.000000e+000  0.000000e+000  
0.000000e+000  0.000000e+000  0.000000e+000  0.000000e+000  0.000000e+000  0.000000e+000  0.000000e+000  0.000000e+000  0.000000e+000  0.000000e+000  0.000000e+000  0.000000e+000  0.000000e+000  0.000000e+000  0.000000e+000  0.000000e+000  0.000000e+000  
0.000000e+000  0.000000e+000  0.000000e+000  0.000000e+000  0.000000e+000  0.000000e+000  0.000000e+000  0.000000e+000  0.000000e+000  0.000000e+000  0.000000e+000  0.000000e+000  0.000000e+000  0.000000e+000  0.000000e+000  0.000000e+000  0.000000e+000  
0.000000e+000  0.000000e+000  0.000000e+000  0.000000e+000  0.000000e+000  0.000000e+000  0.000000e+000  0.000000e+000  0.000000e+000  0.000000e+000  0.000000e+000  0.000000e+000  0.000000e+000  0.000000e+000  0.000000e+000  0.000000e+000  0.000000e+000  
0.000000e+000  0.000000e+000  0.000000e+000  0.000000e+000  0.000000e+000  0.000000e+000  0.000000e+000  0.000000e+000  0.000000e+000  0.000000e+000  0.000000e+000  0.000000e+000  0.000000e+000  0.000000e+000  0.000000e+000  0.000000e+000  0.000000e+000  
0.000000e+000  0.000000e+000  0.000000e+000  0.000000e+000  0.000000e+000  0.000000e+000  0.000000e+000  0.000000e+000  0.000000e+000  0.000000e+000  0.000000e+000  0.000000e+000  0.000000e+000  0.000000e+000  0.000000e+000  0.000000e+000  0.000000e+000  
0.000000e+000  0.000000e+000  0.000000e+000  0.000000e+000  0.000000e+000  0.000000e+000  0.000000e+000  0.000000e+000  0.000000e+000  0.000000e+000  0.000000e+000  0.000000e+000  0.000000e+000  0.000000e+000  0.000000e+000  0.000000e+000  0.000000e+000  
0.000000e+000  0.000000e+000  0.000000e+000  0.000000e+000  0.000000e+000  0.000000e+000  0.000000e+000  0.000000e+000  0.000000e+000  0.000000e+000  0.000000e+000  0.000000e+000  0.000000e+000  0.000000e+000  0.000000e+000  0.000000e+000  0.000000e+000  
0.000000e+000  0.000000e+000  0.000000e+000  0.000000e+000  0.000000e+000  0.000000e+000  0.000000e+000  0.000000e+000  0.000000e+000  0.000000e+000  0.000000e+000  0.000000e+000  0.000000e+000  0.000000e+000  0.000000e+000  0.000000e+000  0.000000e+000  
0.000000e+000  0.000000e+000  0.000000e+000  0.000000e+000  0.000000e+000  0.000000e+000  0.000000e+000  0.000000e+000  0.000000e+000  0.000000e+000  0.000000e+000  0.000000e+000  0.000000e+000  0.000000e+000  0.000000e+000  0.000000e+000  0.000000e+000  
0.000000e+000  0.000000e+000  0.000000e+000  0.000000e+000  0.000000e+000  0.000000e+000  0.000000e+000  0.000000e+000  0.000000e+000  0.000000e+000  0.000000e+000  0.000000e+000  0.000000e+000  0.000000e+000  0.000000e+000  0.000000e+000  0.000000e+000  
0.000000e+000  0.000000e+000  0.000000e+000  0.000000e+000  0.000000e+000  0.000000e+000  0.000000e+000  0.000000e+000  0.000000e+000  0.000000e+000  0.000000e+000  0.000000e+000  0.000000e+000  0.000000e+000  0.000000e+000  0.000000e+000  0.000000e+000  
0.000000e+000  0.000000e+000  0.000000e+000  0.000000e+000  0.000000e+000  0.000000e+000  0.000000e+000  0.000000e+000  0.000000e+000  0.000000e+000  0.000000e+000  0.000000e+000  0.000000e+000  0.000000e+000  0.000000e+000  0.000000e+000  0.000000e+000  
0.000000e+000  0.000000e+000  0.000000e+000  0.000000e+000  0.000000e+000  0.000000e+000  0.000000e+000  0.000000e+000  0.000000e+000  0.000000e+000  0.000000e+000  0.000000e+000  0.000000e+000  0.000000e+000  0.000000e+000  0.000000e+000  0.000000e+000  
0.000000e+000  0.000000e+000  0.000000e+000  0.000000e+000  0.000000e+000  0.000000e+000  0.000000e+000  0.000000e+000  0.000000e+000  0.000000e+000  0.000000e+000  0.000000e+000  0.000000e+000  0.000000e+000  0.000000e+000  0.000000e+000  0.000000e+000  
0.000000e+000  0.000000e+000  0.000000e+000  0.000000e+000  0.000000e+000  0.000000e+000  0.000000e+000  0.000000e+000  0.000000e+000  0.000000e+000  0.000000e+000  0.000000e+000  0.000000e+000  0.000000e+000  0.000000e+000  0.000000e+000  0.000000e+000  
0.000000e+000  0.000000e+000  0.000000e+000  0.000000e+000  0.000000e+000  0.000000e+000  0.000000e+000  0.000000e+000  0.000000e+000  0.000000e+000  0.000000e+000  0.000000e+000  0.000000e+000  0.000000e+000  0.000000e+000  0.000000e+000  0.000000e+000  
0.000000e+000  0.000000e+000  0.000000e+000  0.000000e+000  0.000000e+000  0.000000e+000  0.000000e+000  0.000000e+000  0.000000e+000  0.000000e+000  0.000000e+000  0.000000e+000  0.000000e+000  0.000000e+000  0.000000e+000  0.000000e+000  0.000000e+000  
0.000000e+000  0.000000e+000  0.000000e+000  0.000000e+000  0.000000e+000  0.000000e+000  0.000000e+000  0.000000e+000  0.000000e+000  0.000000e+000  0.000000e+000  0.000000e+000  0.000000e+000  0.000000e+000  0.000000e+000  0.000000e+000  0.000000e+000  
0.000000e+000  0.000000e+000  0.000000e+000  0.000000e+000  0.000000e+000  0.000000e+000  0.000000e+000  0.000000e+000  0.000000e+000  0.000000e+000  0.000000e+000  0.000000e+000  0.000000e+000  0.000000e+000  0.000000e+000  0.000000e+000  0.000000e+000  
0.000000e+000  0.000000e+000  0.000000e+000  0.000000e+000  0.000000e+000  0.000000e+000  0.000000e+000  0.000000e+000  0.000000e+000  0.000000e+000  0.000000e+000  0.000000e+000  0.000000e+000  0.000000e+000  0.000000e+000  0.000000e+000  0.000000e+000  
0.000000e+000  0.000000e+000  0.000000e+000  0.000000e+000  0.000000e+000  0.000000e+000  0.000000e+000  0.000000e+000  0.000000e+000  0.000000e+000  0.000000e+000  0.000000e+000  0.000000e+000  0.000000e+000  0.000000e+000  0.000000e+000  0.000000e+000  
0.000000e+000  0.000000e+000  0.000000e+000  0.000000e+000  0.000000e+000  0.000000e+000  0.000000e+000  0.000000e+000  0.000000e+000  0.000000e+000  0.000000e+000  0.000000e+000  0.000000e+000  0.000000e+000  0.000000e+000  0.000000e+000  0.000000e+000  
0.000000e+000  0.000000e+000  0.000000e+000  0.000000e+000  0.000000e+000  0.000000e+000  0.000000e+000  0.000000e+000  0.000000e+000  0.000000e+000  0.000000e+000  0.000000e+000  0.000000e+000  0.000000e+000  0.000000e+000  0.000000e+000  0.000000e+000  
0.000000e+000  0.000000e+000  0.000000e+000  0.000000e+000  0.000000e+000  0.000000e+000  0.000000e+000  0.000000e+000  0.000000e+000  0.000000e+000  0.000000e+000  0.000000e+000  0.000000e+000  0.000000e+000  0.000000e+000  0.000000e+000  0.000000e+000  
0.000000e+000  0.000000e+000  0.000000e+000  0.000000e+000  0.000000e+000  0.000000e+000  0.000000e+000  0.000000e+000  0.000000e+000  0.000000e+000  0.000000e+000  0.000000e+000  0.000000e+000  0.000000e+000  0.000000e+000  0.000000e+000  0.000000e+000  
0.000000e+000  0.000000e+000  0.000000e+000  0.000000e+000  0.000000e+000  0.000000e+000  0.000000e+000  0.000000e+000  0.000000e+000  0.000000e+000  0.000000e+000  0.000000e+000  0.000000e+000  0.000000e+000  0.000000e+000  0.000000e+000  0.000000e+000  
0.000000e+000  0.000000e+000  0.000000e+000  0.000000e+000  0.000000e+000  0.000000e+000  0.000000e+000  0.000000e+000  0.000000e+000  0.000000e+000  0.000000e+000  0.000000e+000  0.000000e+000  0.000000e+000  0.000000e+000  0.000000e+000  0.000000e+000  
0.000000e+000  0.000000e+000  0.000000e+000  0.000000e+000  0.000000e+000  0.000000e+000  0.000000e+000  0.000000e+000  0.000000e+000  0.000000e+000  0.000000e+000  0.000000e+000  0.000000e+000  0.000000e+000  0.000000e+000  0.000000e+000  0.000000e+000  
0.000000e+000  0.000000e+000  0.000000e+000  0.000000e+000  0.000000e+000  0.000000e+000  0.000000e+000  0.000000e+000  0.000000e+000  0.000000e+000  0.000000e+000  0.000000e+000  0.000000e+000  0.000000e+000  0.000000e+000  0.000000e+000  0.000000e+000  
0.000000e+000  0.000000e+000  0.000000e+000  0.000000e+000  0.000000e+000  0.000000e+000  0.000000e+000  0.000000e+000  0.000000e+000  0.000000e+000  0.000000e+000  0.000000e+000  0.000000e+000  0.000000e+000  0.000000e+000  0.000000e+000  0.000000e+000  
0.000000e+000  0.000000e+000  0.000000e+000  0.000000e+000  0.000000e+000  0.000000e+000  0.000000e+000  0.000000e+000  0.000000e+000  0.000000e+000  0.000000e+000  0.000000e+000  0.000000e+000  0.000000e+000  0.000000e+000  0.000000e+000  0.000000e+000  

0.000000e+000  0.000000e+000  0.000000e+000  0.000000e+000  0.000000e+000  0.000000e+000  0.000000e+000  0.000000e+000  0.000000e+000  0.000000e+000  0.000000e+000  0.000000e+000  0.000000e+000  0.000000e+000  0.000000e+000  0.000000e+000  0.000000e+000  
0.000000e+000  0.000000e+000  0.000000e+000  0.000000e+000  0.000000e+000  0.000000e+000  0.000000e+000  0.000000e+000  0.000000e+000  0.000000e+000  0.000000e+000  0.000000e+000  0.000000e+000  0.000000e+000  0.000000e+000  0.000000e+000  0.000000e+000  
0.000000e+000  0.000000e+000  0.000000e+000  0.000000e+000  0.000000e+000  0.000000e+000  0.000000e+000  0.000000e+000  0.000000e+000  0.000000e+000  0.000000e+000  0.000000e+000  0.000000e+000  0.000000e+000  0.000000e+000  0.000000e+000  0.000000e+000  
0.000000e+000  0.000000e+000  0.000000e+000  0.000000e+000  0.000000e+000  0.000000e+000  0.000000e+000  0.000000e+000  0.000000e+000  0.000000e+000  0.000000e+000  0.000000e+000  0.000000e+000  0.000000e+000  0.000000e+000  0.000000e+000  0.000000e+000  
0.000000e+000  0.000000e+000  0.000000e+000  0.000000e+000  0.000000e+000  0.000000e+000  0.000000e+000  0.000000e+000  0.000000e+000  0.000000e+000  0.000000e+000  0.000000e+000  0.000000e+000  0.000000e+000  0.000000e+000  0.000000e+000  0.000000e+000  
0.000000e+000  0.000000e+000  0.000000e+000  0.000000e+000  0.000000e+000  0.000000e+000  0.000000e+000  0.000000e+000  0.000000e+000  0.000000e+000  0.000000e+000  0.000000e+000  0.000000e+000  0.000000e+000  0.000000e+000  0.000000e+000  0.000000e+000  
0.000000e+000  0.000000e+000  0.000000e+000  0.000000e+000  0.000000e+000  0.000000e+000  0.000000e+000  0.000000e+000  0.000000e+000  0.000000e+000  0.000000e+000  0.000000e+000  0.000000e+000  0.000000e+000  0.000000e+000  0.000000e+000  0.000000e+000  
0.000000e+000  0.000000e+000  0.000000e+000  0.000000e+000  0.000000e+000  0.000000e+000  0.000000e+000  0.000000e+000  0.000000e+000  0.000000e+000  0.000000e+000  0.000000e+000  0.000000e+000  0.000000e+000  0.000000e+000  0.000000e+000  0.000000e+000  
0.000000e+000  0.000000e+000  0.000000e+000  0.000000e+000  0.000000e+000  0.000000e+000  0.000000e+000  0.000000e+000  0.000000e+000  0.000000e+000  0.000000e+000  0.000000e+000  0.000000e+000  0.000000e+000  0.000000e+000  0.000000e+000  0.000000e+000  
0.000000e+000  0.000000e+000  0.000000e+000  0.000000e+000  0.000000e+000  0.000000e+000  0.000000e+000  0.000000e+000  0.000000e+000  0.000000e+000  0.000000e+000  0.000000e+000  0.000000e+000  0.000000e+000  0.000000e+000  0.000000e+000  0.000000e+000  
0.000000e+000  0.000000e+000  0.000000e+000  0.000000e+000  0.000000e+000  0.000000e+000  0.000000e+000  0.000000e+000  0.000000e+000  0.000000e+000  0.000000e+000  0.000000e+000  0.000000e+000  0.000000e+000  0.000000e+000  0.000000e+000  0.000000e+000  
0.000000e+000  0.000000e+000  0.000000e+000  0.000000e+000  0.000000e+000  0.000000e+000  0.000000e+000  0.000000e+000  0.000000e+000  0.000000e+000  0.000000e+000  0.000000e+000  0.000000e+000  0.000000e+000  0.000000e+000  0.000000e+000  0.000000e+000  
0.000000e+000  0.000000e+000  0.000000e+000  0.000000e+000  0.000000e+000  0.000000e+000  0.000000e+000  0.000000e+000  0.000000e+000  0.000000e+000  0.000000e+000  0.000000e+000  0.000000e+000  0.000000e+000  0.000000e+000  0.000000e+000  0.000000e+000  
0.000000e+000  0.000000e+000  0.000000e+000  0.000000e+000  0.000000e+000  0.000000e+000  0.000000e+000  0.000000e+000  0.000000e+000  0.000000e+000  0.000000e+000  0.000000e+000  0.000000e+000  0.000000e+000  0.000000e+000  0.000000e+000  0.000000e+000  
0.000000e+000  0.000000e+000  0.000000e+000  0.000000e+000  0.000000e+000  0.000000e+000  0.000000e+000  0.000000e+000  0.000000e+000  0.000000e+000  0.000000e+000  0.000000e+000  0.000000e+000  0.000000e+000  0.000000e+000  0.000000e+000  0.000000e+000  
0.000000e+000  0.000000e+000  0.000000e+000  0.000000e+000  0.000000e+000  0.000000e+000  0.000000e+000  0.000000e+000  0.000000e+000  0.000000e+000  0.000000e+000  0.000000e+000  0.000000e+000  0.000000e+000  0.000000e+000  0.000000e+000  0.000000e+000  
0.000000e+000  0.000000e+000  0.000000e+000  0.000000e+000  0.000000e+000  0.000000e+000  0.000000e+000  0.000000e+000  0.000000e+000  0.000000e+000  0.000000e+000  0.000000e+000  0.000000e+000  0.000000e+000  0.000000e+000  0.000000e+000  0.000000e+000  
0.000000e+000  0.000000e+000  0.000000e+000  0.000000e+000  0.000000e+000  0.000000e+000  0.000000e+000  0.000000e+000  0.000000e+000  0.000000e+000  0.000000e+000  0.000000e+000  0.000000e+000  0.000000e+000  0.000000e+000  0.000000e+000  0.000000e+000  
0.000000e+000  0.000000e+000  0.000000e+000  0.000000e+000  0.000000e+000  0.000000e+000  0.000000e+000  0.000000e+000  0.000000e+000  0.000000e+000  0.000000e+000  0.000000e+000  0.000000e+000  0.000000e+000  0.000000e+000  0.000000e+000  0.000000e+000  
0.000000e+000  0.000000e+000  0.000000e+000  0.000000e+000  0.000000e+000  0.000000e+000  0.000000e+000  0.000000e+000  0.000000e+000  0.000000e+000  0.000000e+000  0.000000e+000  0.000000e+000  0.000000e+000  0.000000e+000  0.000000e+000  0.000000e+000  
0.000000e+000  0.000000e+000  0.000000e+000  0.000000e+000  0.000000e+000  0.000000e+000  0.000000e+000  0.000000e+000  0.000000e+000  0.000000e+000  0.000000e+000  0.000000e+000  0.000000e+000  0.000000e+000  0.000000e+000  0.000000e+000  0.000000e+000  
0.000000e+000  0.000000e+000  0.000000e+000  0.000000e+000  0.000000e+000  0.000000e+000  0.000000e+000  0.000000e+000  0.000000e+000  0.000000e+000  0.000000e+000  0.000000e+000  0.000000e+000  0.000000e+000  0.000000e+000  0.000000e+000  0.000000e+000  
0.000000e+000  0.000000e+000  0.000000e+000  0.000000e+000  0.000000e+000  0.000000e+000  0.000000e+000  0.000000e+000  0.000000e+000  0.000000e+000  0.000000e+000  0.000000e+000  0.000000e+000  0.000000e+000  0.000000e+000  0.000000e+000  0.000000e+000  
0.000000e+000  0.000000e+000  0.000000e+000  0.000000e+000  0.000000e+000  0.000000e+000  0.000000e+000  0.000000e+000  0.000000e+000  0.000000e+000  0.000000e+000  0.000000e+000  0.000000e+000  0.000000e+000  0.000000e+000  0.000000e+000  0.000000e+000  
0.000000e+000  0.000000e+000  0.000000e+000  0.000000e+000  0.000000e+000  0.000000e+000  0.000000e+000  0.000000e+000  0.000000e+000  0.000000e+000  0.000000e+000  0.000000e+000  0.000000e+000  0.000000e+000  0.000000e+000  0.000000e+000  0.000000e+000  
0.000000e+000  0.000000e+000  0.000000e+000  0.000000e+000  0.000000e+000  0.000000e+000  0.000000e+000  0.000000e+000  0.000000e+000  0.000000e+000  0.000000e+000  0.000000e+000  0.000000e+000  0.000000e+000  0.000000e+000  0.000000e+000  0.000000e+000  
0.000000e+000  0.000000e+000  0.000000e+000  0.000000e+000  0.000000e+000  0.000000e+000  0.000000e+000  0.000000e+000  0.000000e+000  0.000000e+000  0.000000e+000  0.000000e+000  0.000000e+000  0.000000e+000  0.000000e+000  0.000000e+000  0.000000e+000  
0.000000e+000  0.000000e+000  0.000000e+000  0.000000e+000  0.000000e+000  0.000000e+000  0.000000e+000  0.000000e+000  0.000000e+000  0.000000e+000  0.000000e+000  0.000000e+000  0.000000e+000  0.000000e+000  0.000000e+000  0.000000e+000  0.000000e+000  
0.000000e+000  0.000000e+000  0.000000e+000  0.000000e+000  0.000000e+000  0.000000e+000  0.000000e+000  0.000000e+000  0.000000e+000  0.000000e+000  0.000000e+000  0.000000e+000  0.000000e+000  0.000000e+000  0.000000e+000  0.000000e+000  0.000000e+000  
0.000000e+000  0.000000e+000  0.000000e+000  0.000000e+000  0.000000e+000  0.000000e+000  0.000000e+000  0.000000e+000  0.000000e+000  0.000000e+000  0.000000e+000  0.000000e+000  0.000000e+000  0.000000e+000  0.000000e+000  0.000000e+000  0.000000e+000  
0.000000e+000  0.000000e+000  0.000000e+000  0.000000e+000  0.000000e+000  0.000000e+000  0.000000e+000  0.000000e+000  0.000000e+000  0.000000e+000  0.000000e+000  0.000000e+000  0.000000e+000  0.000000e+000  0.000000e+000  0.000000e+000  0.000000e+000  
0.000000e+000  0.000000e+000  0.000000e+000  0.000000e+000  0.000000e+000  0.000000e+000  0.000000e+000  0.000000e+000  0.000000e+000  0.000000e+000  0.000000e+000  0.000000e+000  0.000000e+000  0.000000e+000  0.000000e+000  0.000000e+000  0.000000e+000  
0.000000e+000  0.000000e+000  0.000000e+000  0.000000e+000  0.000000e+000  0.000000e+000  0.000000e+000  0.000000e+000  0.000000e+000  0.000000e+000  0.000000e+000  0.000000e+000  0.000000e+000  0.000000e+000  0.000000e+000  0.000000e+000  0.000000e+000  
0.000000e+000  0.000000e+000  0.000000e+000  0.000000e+000  0.000000e+000  0.000000e+000  0.000000e+000  0.000000e+000  0.000000e+000  0.000000e+000  0.000000e+000  0.000000e+000  0.000000e+000  0.000000e+000  0.000000e+000  0.000000e+000  0.000000e+000  
0.000000e+000  0.000000e+000  0.000000e+000  0.000000e+000  0.000000e+000  0.000000e+000  0.000000e+000  0.000000e+000  0.000000e+000  0.000000e+000  0.000000e+000  0.000000e+000  0.000000e+000  0.000000e+000  0.000000e+000  0.000000e+000  0.000000e+000  

0.000000e+000  0.000000e+000  0.000000e+000  0.000000e+000  0.000000e+000  0.000000e+000  0.000000e+000  0.000000e+000  0.000000e+000  0.000000e+000  0.000000e+000  0.000000e+000  0.000000e+000  0.000000e+000  0.000000e+000  0.000000e+000  0.000000e+000  
0.000000e+000  0.000000e+000  0.000000e+000  0.000000e+000  0.000000e+000  0.000000e+000  0.000000e+000  0.000000e+000  0.000000e+000  0.000000e+000  0.000000e+000  0.000000e+000  0.000000e+000  0.000000e+000  0.000000e+000  0.000000e+000  0.000000e+000  
0.000000e+000  0.000000e+000  0.000000e+000  0.000000e+000  0.000000e+000  0.000000e+000  0.000000e+000  0.000000e+000  0.000000e+000  0.000000e+000  0.000000e+000  0.000000e+000  0.000000e+000  0.000000e+000  0.000000e+000  0.000000e+000  0.000000e+000  
0.000000e+000  0.000000e+000  0.000000e+000  0.000000e+000  0.000000e+000  0.000000e+000  0.000000e+000  0.000000e+000  0.000000e+000  0.000000e+000  0.000000e+000  0.000000e+000  0.000000e+000  0.000000e+000  0.000000e+000  0.000000e+000  0.000000e+000  
0.000000e+000  0.000000e+000  0.000000e+000  0.000000e+000  0.000000e+000  0.000000e+000  0.000000e+000  0.000000e+000  0.000000e+000  0.000000e+000  0.000000e+000  0.000000e+000  0.000000e+000  0.000000e+000  0.000000e+000  0.000000e+000  0.000000e+000  
0.000000e+000  0.000000e+000  0.000000e+000  0.000000e+000  0.000000e+000  0.000000e+000  0.000000e+000  0.000000e+000  0.000000e+000  0.000000e+000  0.000000e+000  0.000000e+000  0.000000e+000  0.000000e+000  0.000000e+000  0.000000e+000  0.000000e+000  
0.000000e+000  0.000000e+000  0.000000e+000  0.000000e+000  0.000000e+000  0.000000e+000  0.000000e+000  0.000000e+000  0.000000e+000  0.000000e+000  0.000000e+000  0.000000e+000  0.000000e+000  0.000000e+000  0.000000e+000  0.000000e+000  0.000000e+000  
0.000000e+000  0.000000e+000  0.000000e+000  0.000000e+000  0.000000e+000  0.000000e+000  0.000000e+000  0.000000e+000  0.000000e+000  0.000000e+000  0.000000e+000  0.000000e+000  0.000000e+000  0.000000e+000  0.000000e+000  0.000000e+000  0.000000e+000  
0.000000e+000  0.000000e+000  0.000000e+000  0.000000e+000  0.000000e+000  0.000000e+000  0.000000e+000  0.000000e+000  0.000000e+000  0.000000e+000  0.000000e+000  0.000000e+000  0.000000e+000  0.000000e+000  0.000000e+000  0.000000e+000  0.000000e+000  
0.000000e+000  0.000000e+000  0.000000e+000  0.000000e+000  0.000000e+000  0.000000e+000  0.000000e+000  0.000000e+000  0.000000e+000  0.000000e+000  0.000000e+000  0.000000e+000  0.000000e+000  0.000000e+000  0.000000e+000  0.000000e+000  0.000000e+000  
0.000000e+000  0.000000e+000  0.000000e+000  0.000000e+000  0.000000e+000  0.000000e+000  0.000000e+000  0.000000e+000  0.000000e+000  0.000000e+000  0.000000e+000  0.000000e+000  0.000000e+000  0.000000e+000  0.000000e+000  0.000000e+000  0.000000e+000  
0.000000e+000  0.000000e+000  0.000000e+000  0.000000e+000  0.000000e+000  0.000000e+000  0.000000e+000  0.000000e+000  0.000000e+000  0.000000e+000  0.000000e+000  0.000000e+000  0.000000e+000  0.000000e+000  0.000000e+000  0.000000e+000  0.000000e+000  
0.000000e+000  0.000000e+000  0.000000e+000  0.000000e+000  0.000000e+000  0.000000e+000  0.000000e+000  0.000000e+000  0.000000e+000  0.000000e+000  0.000000e+000  0.000000e+000  0.000000e+000  0.000000e+000  0.000000e+000  0.000000e+000  0.000000e+000  
0.000000e+000  0.000000e+000  0.000000e+000  0.000000e+000  0.000000e+000  0.000000e+000  0.000000e+000  0.000000e+000  0.000000e+000  0.000000e+000  0.000000e+000  0.000000e+000  0.000000e+000  0.000000e+000  0.000000e+000  0.000000e+000  0.000000e+000  
0.000000e+000  0.000000e+000  0.000000e+000  0.000000e+000  0.000000e+000  0.000000e+000  0.000000e+000  0.000000e+000  0.000000e+000  0.000000e+000  0.000000e+000  0.000000e+000  0.000000e+000  0.000000e+000  0.000000e+000  0.000000e+000  0.000000e+000  
0.000000e+000  0.000000e+000  0.000000e+000  0.000000e+000  0.000000e+000  0.000000e+000  0.000000e+000  0.000000e+000  0.000000e+000  0.000000e+000  0.000000e+000  0.000000e+000  0.000000e+000  0.000000e+000  0.000000e+000  0.000000e+000  0.000000e+000  
0.000000e+000  0.000000e+000  0.000000e+000  0.000000e+000  0.000000e+000  0.000000e+000  0.000000e+000  0.000000e+000  0.000000e+000  0.000000e+000  0.000000e+000  0.000000e+000  0.000000e+000  0.000000e+000  0.000000e+000  0.000000e+000  0.000000e+000  
0.000000e+000  0.000000e+000  0.000000e+000  0.000000e+000  0.000000e+000  0.000000e+000  0.000000e+000  0.000000e+000  0.000000e+000  0.000000e+000  0.000000e+000  0.000000e+000  0.000000e+000  0.000000e+000  0.000000e+000  0.000000e+000  0.000000e+000  
0.000000e+000  0.000000e+000  0.000000e+000  0.000000e+000  0.000000e+000  0.000000e+000  0.000000e+000  0.000000e+000  0.000000e+000  0.000000e+000  0.000000e+000  0.000000e+000  0.000000e+000  0.000000e+000  0.000000e+000  0.000000e+000  0.000000e+000  
0.000000e+000  0.000000e+000  0.000000e+000  0.000000e+000  0.000000e+000  0.000000e+000  0.000000e+000  0.000000e+000  0.000000e+000  0.000000e+000  0.000000e+000  0.000000e+000  0.000000e+000  0.000000e+000  0.000000e+000  0.000000e+000  0.000000e+000  
0.000000e+000  0.000000e+000  0.000000e+000  0.000000e+000  0.000000e+000  0.000000e+000  0.000000e+000  0.000000e+000  0.000000e+000  0.000000e+000  0.000000e+000  0.000000e+000  0.000000e+000  0.000000e+000  0.000000e+000  0.000000e+000  0.000000e+000  
0.000000e+000  0.000000e+000  0.000000e+000  0.000000e+000  0.000000e+000  0.000000e+000  0.000000e+000  0.000000e+000  0.000000e+000  0.000000e+000  0.000000e+000  0.000000e+000  0.000000e+000  0.000000e+000  0.000000e+000  0.000000e+000  0.000000e+000  
0.000000e+000  0.000000e+000  0.000000e+000  0.000000e+000  0.000000e+000  0.000000e+000  0.000000e+000  0.000000e+000  0.000000e+000  0.000000e+000  0.000000e+000  0.000000e+000  0.000000e+000  0.000000e+000  0.000000e+000  0.000000e+000  0.000000e+000  
0.000000e+000  0.000000e+000  0.000000e+000  0.000000e+000  0.000000e+000  0.000000e+000  0.000000e+000  0.000000e+000  0.000000e+000  0.000000e+000  0.000000e+000  0.000000e+000  0.000000e+000  0.000000e+000  0.000000e+000  0.000000e+000  0.000000e+000  
0.000000e+000  0.000000e+000  0.000000e+000  0.000000e+000  0.000000e+000  0.000000e+000  0.000000e+000  0.000000e+000  0.000000e+000  0.000000e+000  0.000000e+000  0.000000e+000  0.000000e+000  0.000000e+000  0.000000e+000  0.000000e+000  0.000000e+000  
0.000000e+000  0.000000e+000  0.000000e+000  0.000000e+000  0.000000e+000  0.000000e+000  0.000000e+000  0.000000e+000  0.000000e+000  0.000000e+000  0.000000e+000  0.000000e+000  0.000000e+000  0.000000e+000  0.000000e+000  0.000000e+000  0.000000e+000  
0.000000e+000  0.000000e+000  0.000000e+000  0.000000e+000  0.000000e+000  0.000000e+000  0.000000e+000  0.000000e+000  0.000000e+000  0.000000e+000  0.000000e+000  0.000000e+000  0.000000e+000  0.000000e+000  0.000000e+000  0.000000e+000  0.000000e+000  
0.000000e+000  0.000000e+000  0.000000e+000  0.000000e+000  0.000000e+000  0.000000e+000  0.000000e+000  0.000000e+000  0.000000e+000  0.000000e+000  0.000000e+000  0.000000e+000  0.000000e+000  0.000000e+000  0.000000e+000  0.000000e+000  0.000000e+000  
0.000000e+000  0.000000e+000  0.000000e+000  0.000000e+000  0.000000e+000  0.000000e+000  0.000000e+000  0.000000e+000  0.000000e+000  0.000000e+000  0.000000e+000  0.000000e+000  0.000000e+000  0.000000e+000  0.000000e+000  0.000000e+000  0.000000e+000  
0.000000e+000  0.000000e+000  0.000000e+000  0.000000e+000  0.000000e+000  0.000000e+000  0.000000e+000  0.000000e+000  0.000000e+000  0.000000e+000  0.000000e+000  0.000000e+000  0.000000e+000  0.000000e+000  0.000000e+000  0.000000e+000  0.000000e+000  
0.000000e+000  0.000000e+000  0.000000e+000  0.000000e+000  0.000000e+000  0.000000e+000  0.000000e+000  0.000000e+000  0.000000e+000  0.000000e+000  0.000000e+000  0.000000e+000  0.000000e+000  0.000000e+000  0.000000e+000  0.000000e+000  0.000000e+000  
0.000000e+000  0.000000e+000  0.000000e+000  0.000000e+000  0.000000e+000  0.000000e+000  0.000000e+000  0.000000e+000  0.000000e+000  0.000000e+000  0.000000e+000  0.000000e+000  0.000000e+000  0.000000e+000  0.000000e+000  0.000000e+000  0.000000e+000  
0.000000e+000  0.000000e+000  0.000000e+000  0.000000e+000  0.000000e+000  0.000000e+000  0.000000e+000  0.000000e+000  0.000000e+000  0.000000e+000  0.000000e+000  0.000000e+000  0.000000e+000  0.000000e+000  0.000000e+000  0.000000e+000  0.000000e+000  
0.000000e+000  0.000000e+000  0.000000e+000  0.000000e+000  0.000000e+000  0.000000e+000  0.000000e+000  0.000000e+000  0.000000e+000  0.000000e+000  0.000000e+000  0.000000e+000  0.000000e+000  0.000000e+000  0.000000e+000  0.000000e+000  0.000000e+000  
0.000000e+000  0.000000e+000  0.000000e+000  0.000000e+000  0.000000e+000  0.000000e+000  0.000000e+000  0.000000e+000  0.000000e+000  0.000000e+000  0.000000e+000  0.000000e+000  0.000000e+000  0.000000e+000  0.000000e+000  0.000000e+000  0.000000e+000  

-0.000000e+000  -6.404661e+000  -1.276975e+001  -1.905616e+001  -2.522580e+001  -2.602591e+001  -2.670214e+001  -2.726344e+001  -2.771971e+001  -2.808144e+001  -2.835933e+001  -2.856398e+001  -2.870564e+001  -2.882930e+001  -2.881051e+001  -2.831080e+001  -2.779925e+001  
-0.000000e+000  -6.763762e+000  -1.348335e+001  -2.011508e+001  -2.661623e+001  -2.735824e+001  -2.796246e+001  -2.844197e+001  -2.881046e+001  -2.908172e+001  -2.926919e+001  -2.938563e+001  -2.944297e+001  -2.941317e+001  -2.926576e+001  -2.854100e+001  -2.793681e+001  
-0.000000e+000  -8.322334e+000  -1.658230e+001  -2.471749e+001  -3.266562e+001  -3.306876e+001  -3.328193e+001  -3.333976e+001  -3.327429e+001  -3.311409e+001  -3.288386e+001  -3.260444e+001  -3.229309e+001  -3.161658e+001  -3.094704e+001  -2.936842e+001  -2.842930e+001  
-0.000000e+000  -1.070631e+001  -2.133744e+001  -3.181435e+001  -4.205107e+001  -4.155092e+001  -4.083770e+001  -3.999007e+001  -3.907063e+001  -3.812663e+001  -3.719203e+001  -3.628985e+001  -3.543472e+001  -3.389102e+001  -3.258554e+001  -3.013376e+001  -2.888951e+001  
-0.000000e+000  -1.391580e+001  -2.780334e+001  -4.161525e+001  -5.526816e+001  -5.268108e+001  -5.005804e+001  -4.753508e+001  -4.519280e+001  -4.306956e+001  -4.117484e+001  -3.950032e+001  -3.802820e+001  -3.562603e+001  -3.376837e+001  -3.070187e+001  -2.925829e+001  
-0.000000e+000  -1.563949e+001  -3.137659e+001  -4.726988e+001  -6.330069e+001  -5.869093e+001  -5.444471e+001  -5.068330e+001  -4.743289e+001  -4.466354e+001  -4.231895e+001  -4.033532e+001  -3.865155e+001  -3.602219e+001  -3.405090e+001  -3.088682e+001  -2.940179e+001  
-0.000000e+000  -1.699132e+001  -3.434493e+001  -5.236179e+001  -7.120217e+001  -6.373630e+001  -5.746326e+001  -5.236651e+001  -4.829281e+001  -4.504842e+001  -4.245059e+001  -4.034703e+001  -3.861844e+001  -3.601442e+001  -3.409522e+001  -3.100065e+001  -2.951484e+001  
-0.000000e+000  -1.716893e+001  -3.488624e+001  -5.364960e+001  -7.380054e+001  -6.481538e+001  -5.765814e+001  -5.212296e+001  -4.787918e+001  -4.460804e+001  -4.205096e+001  -4.001385e+001  -3.835600e+001  -3.587573e+001  -3.404276e+001  -3.103018e+001  -2.955514e+001  
-0.000000e+000  -1.696094e+001  -3.469143e+001  -5.395872e+001  -7.540507e+001  -6.479640e+001  -5.687870e+001  -5.110786e+001  -4.689023e+001  -4.375160e+001  -4.135477e+001  -3.947061e+001  -3.794534e+001  -3.566001e+001  -3.395083e+001  -3.104825e+001  -2.958979e+001  
-0.000000e+000  -1.621401e+001  -3.342006e+001  -5.273995e+001  -7.534867e+001  -6.314040e+001  -5.479672e+001  -4.915708e+001  -4.525888e+001  -4.246123e+001  -4.036613e+001  -3.872967e+001  -3.740079e+001  -3.537820e+001  -3.382634e+001  -3.105644e+001  -2.961909e+001  
-0.000000e+000  -1.477399e+001  -3.067220e+001  -4.922374e+001  -7.258388e+001  -5.911341e+001  -5.106288e+001  -4.615174e+001  -4.297058e+001  -4.076057e+001  -3.911809e+001  -3.782259e+001  -3.674906e+001  -3.504658e+001  -3.367822e+001  -3.105662e+001  -2.964344e+001  
-0.000000e+000  -1.318961e+001  -2.741898e+001  -4.442069e+001  -6.756250e+001  -5.393326e+001  -4.702475e+001  -4.322758e+001  -4.088818e+001  -3.927944e+001  -3.806343e+001  -3.707243e+001  -3.621883e+001  -3.478060e+001  -3.355930e+001  -3.105291e+001  -2.965865e+001  
-0.000000e+000  -1.120192e+001  -2.309167e+001  -3.724149e+001  -5.851704e+001  -4.643945e+001  -4.192373e+001  -3.981331e+001  -3.856728e+001  -3.767657e+001  -3.694480e+001  -3.628836e+001  -3.567095e+001  -3.450873e+001  -3.343794e+001  -3.104681e+001  -2.967153e+001  
-0.000000e+000  -8.947005e+000  -1.788861e+001  -2.730708e+001  -4.244081e+001  -3.633710e+001  -3.600310e+001  -3.611369e+001  -3.613734e+001  -3.603252e+001  -3.581377e+001  -3.550423e+001  -3.512793e+001  -3.424177e+001  -3.331909e+001  -3.103922e+001  -2.968227e+001  
-0.000000e+000  -6.692689e+000  -1.249860e+001  -1.516325e+001  -0.000000e+000  -2.424478e+001  -2.994147e+001  -3.245771e+001  -3.376546e+001  -3.444144e+001  -3.472758e+001  -3.475649e+001  -3.461345e+001  -3.399072e+001  -3.320767e+001  -3.103100e+001  -2.969104e+001  
-0.000000e+000  -4.271869e+000  -7.300205e+000  -7.093324e+000  -0.000000e+000  -1.528117e+001  -2.372909e+001  -2.835035e+001  -3.102877e+001  -3.259458e+001  -3.346840e+001  -3.389303e+001  -3.402215e+001  -3.370407e+001  -3.308086e+001  -3.102060e+001  -2.969976e+001  
-0.000000e+000  -2.660609e+000  -4.209061e+000  -3.511235e+000  -0.000000e+000  -1.114376e+001  -1.977729e+001  -2.540096e+001  -2.896452e+001  -3.117432e+001  -3.249386e+001  -3.322430e+001  -3.356497e+001  -3.348339e+001  -3.298350e+001  -3.101205e+001  -2.970576e+001  
-0.000000e+000  -1.611162e+000  -2.416815e+000  -1.846964e+000  -0.000000e+000  -9.073842e+000  -1.720991e+001  -2.317698e+001  -2.727401e+001  -2.995991e+001  -3.164323e+001  -3.263570e+001  -3.316166e+001  -3.328930e+001  -3.289816e+001  -3.100398e+001  -2.971031e+001  
-0.000000e+000  -2.660609e+000  -4.209061e+000  -3.511235e+000  -0.000000e+000  -1.114376e+001  -1.977729e+001  -2.540096e+001  -2.896452e+001  -3.117432e+001  -3.249386e+001  -3.322430e+001  -3.356497e+001  -3.348339e+001  -3.298350e+001  -3.101205e+001  -2.970576e+001  
-0.000000e+000  -4.271869e+000  -7.300205e+000  -7.093325e+000  -0.000000e+000  -1.528117e+001  -2.372909e+001  -2.835035e+001  -3.102877e+001  -3.259458e+001  -3.346840e+001  -3.389303e+001  -3.402215e+001  -3.370407e+001  -3.308086e+001  -3.102060e+001  -2.969976e+001  
-0.000000e+000  -6.692689e+000  -1.249860e+001  -1.516325e+001  -0.000000e+000  -2.424478e+001  -2.994147e+001  -3.245771e+001  -3.376546e+001  -3.444144e+001  -3.472758e+001  -3.475649e+001  -3.461346e+001  -3.399072e+001  -3.320767e+001  -3.103100e+001  -2.969104e+001  
-0.000000e+000  -8.947005e+000  -1.788861e+001  -2.730708e+001  -4.244081e+001  -3.633710e+001  -3.600310e+001  -3.611369e+001  -3.613734e+001  -3.603252e+001  -3.581377e+001  -3.550423e+001  -3.512793e+001  -3.424177e+001  -3.331909e+001  -3.103922e+001  -2.968227e+001  
-0.000000e+000  -1.120192e+001  -2.309167e+001  -3.724149e+001  -5.851704e+001  -4.643945e+001  -4.192373e+001  -3.981331e+001  -3.856728e+001  -3.767657e+001  -3.694480e+001  -3.628836e+001  -3.567095e+001  -3.450873e+001  -3.343794e+001  -3.104681e+001  -2.967153e+001  
-0.000000e+000  -1.318961e+001  -2.741898e+001  -4.442069e+001  -6.756250e+001  -5.393326e+001  -4.702475e+001  -4.322758e+001  -4.088818e+001  -3.927944e+001  -3.806343e+001  -3.707243e+001  -3.621883e+001  -3.478060e+001  -3.355930e+001  -3.105291e+001  -2.965865e+001  
-0.000000e+000  -1.477399e+001  -3.067220e+001  -4.922374e+001  -7.258388e+001  -5.911341e+001  -5.106288e+001  -4.615174e+001  -4.297058e+001  -4.076057e+001  -3.911809e+001  -3.782259e+001  -3.674906e+001  -3.504658e+001  -3.367822e+001  -3.105662e+001  -2.964344e+001  
-0.000000e+000  -1.621401e+001  -3.342006e+001  -5.273995e+001  -7.534867e+001  -6.314040e+001  -5.479672e+001  -4.915708e+001  -4.525888e+001  -4.246123e+001  -4.036613e+001  -3.872967e+001  -3.740079e+001  -3.537820e+001  -3.382634e+001  -3.105644e+001  -2.961909e+001  
-0.000000e+000  -1.696094e+001  -3.469143e+001  -5.395872e+001  -7.540507e+001  -6.479640e+001  -5.687870e+001  -5.110786e+001  -4.689023e+001  -4.375160e+001  -4.135477e+001  -3.947061e+001  -3.794534e+001  -3.566001e+001  -3.395083e+001  -3.104825e+001  -2.958979e+001  
-0.000000e+000  -1.716893e+001  -3.488624e+001  -5.364960e+001  -7.380054e+001  -6.481538e+001  -5.765814e+001  -5.212296e+001  -4.787918e+001  -4.460804e+001  -4.205096e+001  -4.001385e+001  -3.835600e+001  -3.587573e+001  -3.404276e+001  -3.103018e+001  -2.955514e+001  
-0.000000e+000  -1.699132e+001  -3.434493e+001  -5.236179e+001  -7.120217e+001  -6.373630e+001  -5.746326e+001  -5.236651e+001  -4.829281e+001  -4.504842e+001  -4.245059e+001  -4.034703e+001  -3.861844e+001  -3.601442e+001  -3.409522e+001  -3.100065e+001  -2.951484e+001  
-0.000000e+000  -1.563949e+001  -3.137659e+001  -4.726988e+001  -6.330069e+001  -5.869093e+001  -5.444471e+001  -5.068330e+001  -4.743289e+001  -4.466354e+001  -4.231895e+001  -4.033532e+001  -3.865155e+001  -3.602219e+001  -3.405090e+001  -3.088682e+001  -2.940179e+001  
-0.000000e+000  -1.391580e+001  -2.780334e+001  -4.161525e+001  -5.526816e+001  -5.268108e+001  -5.005804e+001  -4.753508e+001  -4.519280e+001  -4.306956e+001  -4.117484e+001  -3.950032e+001  -3.802820e+001  -3.562603e+001  -3.376837e+001  -3.070187e+001  -2.925829e+001  
-0.000000e+000  -1.070631e+001  -2.133744e+001  -3.181435e+001  -4.205107e+001  -4.155092e+001  -4.083770e+001  -3.999007e+001  -3.907063e+001  -3.812663e+001  -3.719203e+001  -3.628985e+001  -3.543472e+001  -3.389102e+001  -3.258554e+001  -3.013376e+001  -2.888951e+001  
-0.000000e+000  -8.322334e+000  -1.658230e+001  -2.471749e+001  -3.266562e+001  -3.306876e+001  -3.328193e+001  -3.333976e+001  -3.327429e+001  -3.311409e+001  -3.288386e+001  -3.260444e+001  -3.229309e+001  -3.161658e+001  -3.094704e+001  -2.936842e+001  -2.842930e+001  
-0.000000e+000  -6.763762e+000  -1.348335e+001  -2.011508e+001  -2.661623e+001  -2.735824e+001  -2.796246e+001  -2.844197e+001  -2.881046e+001  -2.908172e+001  -2.926919e+001  -2.938563e+001  -2.944297e+001  -2.941317e+001  -2.926576e+001  -2.854100e+001  -2.793681e+001  
-0.000000e+000  -6.404661e+000  -1.276975e+001  -1.905616e+001  -2.522580e+001  -2.602591e+001  -2.670214e+001  -2.726344e+001  -2.771971e+001  -2.808144e+001  -2.835933e+001  -2.856398e+001  -2.870564e+001  -2.882930e+001  -2.881051e+001  -2.831080e+001  -2.779925e+001  

