2025-10-16 15:28:02   Build version: 2025.4 Release from 2025-04-11 (change 1409410)

2025-10-16 15:28:02   Starting adaptive port meshing.

                      ------------------------------------------------------------------------------
2025-10-16 15:28:02   Mode calculation for port 1:

                      ------------------------------------------------------------------------------
2025-10-16 15:28:02   According to the selected features the <Time Domain Solver (HEX)> will be
                      started.

                      ------------------------------------------------------------------------------
2025-10-16 15:28:02   

                      ------------------------------------------------------------------------------
2025-10-16 15:28:02   

                      ------------------------------------------------------------------------------
2025-10-16 15:28:05   Using Generalized port mode solver.

                      ------------------------------------------------------------------------------
2025-10-16 15:28:05   Using electric shielding for port 1.

                      ------------------------------------------------------------------------------
2025-10-16 15:28:06   Port mode solver: Detected dispersive material(s) at port 1. 
                      Using a constant approximation of dispersive material(s) at 2.4 GHz and neglecting loss terms.  More...

                      ------------------------------------------------------------------------------
2025-10-16 15:28:06     -------------------------------- F-Calc 2.4 --------------------------------
                        Port   Mode   Type        Z-Wave        Z-Wave-Sigma  Z-Line        F-Cutoff
                        1      1      QTEM        209           0             59            ---
                        ----------------------------------------------------------------------------

2025-10-16 15:28:08   Pass 1 successfully completed. 
2025-10-16 15:28:08   According to the selected features the <Time Domain Solver (HEX)> will be
                      started.

                      ------------------------------------------------------------------------------
2025-10-16 15:28:08   

                      ------------------------------------------------------------------------------
2025-10-16 15:28:08   

                      ------------------------------------------------------------------------------
2025-10-16 15:28:14     -------------------------------- F-Calc 2.4 --------------------------------
                        Port   Mode   Type        Z-Wave        Z-Wave-Sigma  Z-Line        F-Cutoff
                        1      1      QTEM        212           0             61.9          ---
                        ----------------------------------------------------------------------------

2025-10-16 15:28:16   Pass 2 successfully completed. Delta (Line Imp.): 4.57%
2025-10-16 15:28:16   According to the selected features the <Time Domain Solver (HEX)> will be
                      started.

                      ------------------------------------------------------------------------------
2025-10-16 15:28:16   

                      ------------------------------------------------------------------------------
2025-10-16 15:28:16   

                      ------------------------------------------------------------------------------
2025-10-16 15:28:24     -------------------------------- F-Calc 2.4 --------------------------------
                        Port   Mode   Type        Z-Wave        Z-Wave-Sigma  Z-Line        F-Cutoff
                        1      1      QTEM        247           6.43e-007     61.6          ---
                        ----------------------------------------------------------------------------

2025-10-16 15:28:26   Pass 3 successfully completed. Delta (Line Imp.): 0.34%
2025-10-16 15:28:26   According to the selected features the <Time Domain Solver (HEX)> will be
                      started.

                      ------------------------------------------------------------------------------
2025-10-16 15:28:26   

                      ------------------------------------------------------------------------------
2025-10-16 15:28:26   

                      ------------------------------------------------------------------------------
2025-10-16 15:28:32     -------------------------------- F-Calc 2.4 --------------------------------
                        Port   Mode   Type        Z-Wave        Z-Wave-Sigma  Z-Line        F-Cutoff
                        1      1      QTEM        250           8.06e-008     61.7          ---
                        ----------------------------------------------------------------------------

2025-10-16 15:28:34   Pass 4 successfully completed. Delta (Line Imp.): 0.01%
2025-10-16 15:28:34   Adaptive port meshing finished. 

                      ------------------------------------------------------------------------------
2025-10-16 15:28:37   The following farfield monitor(s) have been adjusted to model box [-61.8573,
                      61.8573, -47.1384, 42.3568, -5.31622, 14.8949]:
                        farfield (f=2.4417).
                      For further information please check the page "Special Solver Parameters -
                      Solver" in the Online Help.

                      ------------------------------------------------------------------------------
2025-10-16 15:28:37   According to the selected features the <Time Domain Solver (HEX)> will be
                      started.

                      ------------------------------------------------------------------------------
2025-10-16 15:28:38   
                      Solver started at: 2025-10-16 15:28:38 +0200

                        Module:  Time Domain: S-Parameter (Win 64)
                        Version: 2025.4 Release from 2025-04-11 (change 1409410)

2025-10-16 15:28:38   

                      ------------------------------------------------------------------------------
2025-10-16 15:28:38   

                      ------------------------------------------------------------------------------
2025-10-16 15:28:38   ======================================================================
                       Solver cycle: 1
                      ======================================================================

                      Stimulation at port 1 (mode 1) 



                      ------------------------------------------------------------------------------
2025-10-16 15:28:38   Units settings: 

                        Dimensions: mm
                        Frequency:  GHz
                        Time:       ns

                      ------------------------------------------------------------------------------
2025-10-16 15:28:38   The dispersive material update [Automatic] will be performed using the "Standard" update schema

                      ------------------------------------------------------------------------------
2025-10-16 15:28:54   Mesh statistics:

                         Hexahedral mesh type: Perfect Boundary Approximation (PBA)
                            Version: default

                         Parallelization type: domain decomposition
                            Number of parallel working threads: 2
                            Number of calculation domains used: 2

                         Used point accuracy enhancement value: 75.00%.
                         Acceleration mode: CPU
                         PBA fill limit: 99.00% (inverse)

2025-10-16 15:28:58   Using Generalized port mode solver.

                      ------------------------------------------------------------------------------
2025-10-16 15:28:58   Using electric shielding for port 1.

                      ------------------------------------------------------------------------------
2025-10-16 15:28:59   Port mode solver: Detected dispersive material(s) at port 1. 
                      Using a constant approximation of dispersive material(s) at 2.4 GHz and neglecting loss terms.  More...

                      ------------------------------------------------------------------------------
2025-10-16 15:29:00   Boundary conditions: 

                        YZsymmetry: none
                        XZsymmetry: none
                        XYsymmetry: none

                        Xmin: expanded open, 4 Layer, depth 32.695 mm
                        Xmax: expanded open, 4 Layer, depth 32.695 mm

                        Ymin: expanded open, 4 Layer, depth 32.927 mm
                        Ymax: expanded open, 4 Layer, depth 32.641 mm

                        Zmin: expanded open, 4 Layer, depth 32.7727 mm
                        Zmax: expanded open, 4 Layer, depth 39.486 mm

                        PML-Type: Convolution PML

                      ------------------------------------------------------------------------------
2025-10-16 15:29:00   Frequency settings: 

                        Fmin:         2.2
                        Fmax:         2.6
                        Nfsteps(lin): 1001

                      ------------------------------------------------------------------------------
2025-10-16 15:29:00   Field update statistics:

                        Number of components in total: 	335793
                        Number of TST and special elements:	228
                        Number of lossy metal components:	7812
                        Number of disp. elements:		4352

                      Subcycling state:      			Automatically deactivated

                      ------------------------------------------------------------------------------
2025-10-16 15:29:01   Waveguide boundaries:

2025-10-16 15:29:01   Port: 1

2025-10-16 15:29:01     -------------------------------- F-Calc 2.4 --------------------------------
                        Port   Mode   Type        Z-Wave        Z-Wave-Sigma  Z-Line        F-Cutoff
                        1      1      QTEM        209           0             61.7          ---
                        ----------------------------------------------------------------------------

2025-10-16 15:29:02   Using standard absorber for unconsidered modes at port 1.

                      ------------------------------------------------------------------------------
2025-10-16 15:29:29   
                      --------------------------------------------------------------------------------
2025-10-16 15:29:29   Steady state energy criterion met, solver finished successfully.

                      ------------------------------------------------------------------------------
2025-10-16 15:29:29   Frequency domain results normalized to default signal.


                      ------------------------------------------------------------------------------
2025-10-16 15:29:29   
                        ----------------------------------------------------------------------------
                                            Peak memory used (kB)         Free physical memory (kB) 
                                                                          At begin     Minimum      
                        ----------------------------------------------------------------------------
                        Matrices calc.      143340                        1989257      1206054      
                        Solver run total    74256                         2050316      1914508      
                        ----------------------------------------------------------------------------

                      --------------------------------------------------------------------------------
                      Solver Statistics:

                        Hardware:
                           Computer name:                 	Heu 

                           Number of CPU threads:               4
                           Hardware info:                  	Hardware Accelerator Device not activated

                        Number of mesh cells:             	53460
                        Excitation duration:              	1.77727437e+001 ns 
                        Calculation time for excitation:  	0 	s
                        Number of calculated pulse widths:	1.06377 
                        Steady state accuracy limit:      	-40	dB 
                        Simulated number of time steps:   	7450 
                        Maximum number of time steps:     	140067 
                        Time step width:
                           without subcycles:             	2.537739716e-003 ns
                           used:                          	2.537739716e-003 ns

                        Matrix calculation time:          	15 	s
                        Solver setup time:                	13 	s
                        Solver loop time:                 	20 	s
                        Solver post-processing time:      	1 	s
                                                          	------------
                        Total solver time:                	49 	s

                      ------------------------------------------------------------------------------
2025-10-16 15:29:30   
                        Adaptive port meshing time:          	34     	s
                        Total solver time (all cycles):      	49     	s
                        Solver initialization and clean-up:  	3      	s
                                                             	------------
                        Total simulation time:               	86     	s  ( = 0 h, 1 m, 26 s )

                      ------------------------------------------------------------------------------
2025-10-16 15:29:30   Solver finished at: 2025-10-16 15:29:30 +0200



                      ------------------------------------------------------------------------------
2025-10-16 15:29:32   Creating parametric 1D results for Run ID 2

                      ------------------------------------------------------------------------------
