Port monitor named: Port1_e1[2.4].prt

nx        = 27
ny        = 4
nz        = 12

nu        = 10
nv        = 25
iu        = 2
iv        = 2

idir      = 1
dcut      = -3.530000e-002
icut      = 2
type      = 0
frequency = 2.400000e+009

fcutoff   = 0.000000e+000
alpha     = 0.000000e+000
beta      = 5.029918e+001
accuracy  = 2.481988e-013

type          = TEM
wave imp.     = 3.767386e+002
wave imp.sig. = 7.599643e-006
line imp.     = 1.096242e+002

ref. port     = 0

-0.000000e+000  -0.000000e+000  -0.000000e+000  -0.000000e+000  -0.000000e+000  -0.000000e+000  -0.000000e+000  -0.000000e+000  -0.000000e+000  -0.000000e+000  
-4.556244e+001  -4.202655e+001  -3.499637e+001  -2.482123e+001  -1.367329e+001  -1.819015e+000  1.126164e+001  2.268842e+001  2.891920e+001  -0.000000e+000  
-9.018776e+001  -8.282634e+001  -6.829961e+001  -4.757123e+001  -2.527057e+001  -2.029366e+000  2.297294e+001  4.408103e+001  5.517174e+001  -0.000000e+000  
-1.437724e+002  -1.310609e+002  -1.062818e+002  -7.175106e+001  -3.570469e+001  6.367558e-001  3.813522e+001  6.806723e+001  8.283693e+001  -0.000000e+000  
-2.128275e+002  -1.917894e+002  -1.514934e+002  -9.730915e+001  -4.325093e+001  8.625032e+000  5.894405e+001  9.588568e+001  1.123834e+002  -0.000000e+000  
-3.114849e+002  -2.757557e+002  -2.089048e+002  -1.236928e+002  -4.422175e+001  2.668314e+001  8.945564e+001  1.300251e+002  1.452437e+002  -0.000000e+000  
-4.569074e+002  -3.940932e+002  -2.795184e+002  -1.444617e+002  -3.019228e+001  6.167694e+001  1.329302e+002  1.705834e+002  1.801887e+002  -0.000000e+000  
-6.845460e+002  -5.692728e+002  -3.620142e+002  -1.449007e+002  1.432530e+001  1.242096e+002  1.935825e+002  2.178834e+002  2.164494e+002  -0.000000e+000  
-1.089543e+003  -8.641352e+002  -4.437225e+002  -8.374991e+001  1.251038e+002  2.357827e+002  2.798862e+002  2.740931e+002  2.545914e+002  -0.000000e+000  
-1.775974e+003  -1.364328e+003  -4.293838e+002  1.261244e+002  3.392565e+002  3.992394e+002  3.811982e+002  3.293831e+002  2.879014e+002  -0.000000e+000  
-3.001199e+003  -2.460458e+003  2.254141e+001  6.708427e+002  7.087915e+002  6.165220e+002  4.905638e+002  3.803000e+002  3.155292e+002  -0.000000e+000  
-4.934188e+003  -5.707921e+003  3.200183e+003  1.812486e+003  1.197062e+003  8.363452e+002  5.823834e+002  4.178324e+002  3.342846e+002  -0.000000e+000  
-5.886246e+003  -7.120161e+003  3.653260e+003  2.196813e+003  1.406994e+003  9.363614e+002  6.228319e+002  4.333907e+002  3.416895e+002  -0.000000e+000  
-4.934188e+003  -5.707921e+003  3.200183e+003  1.812486e+003  1.197062e+003  8.363452e+002  5.823834e+002  4.178324e+002  3.342846e+002  -0.000000e+000  
-3.001199e+003  -2.460458e+003  2.254141e+001  6.708427e+002  7.087915e+002  6.165220e+002  4.905638e+002  3.803000e+002  3.155292e+002  -0.000000e+000  
-1.775974e+003  -1.364328e+003  -4.293838e+002  1.261244e+002  3.392565e+002  3.992394e+002  3.811982e+002  3.293831e+002  2.879014e+002  -0.000000e+000  
-1.089543e+003  -8.641352e+002  -4.437225e+002  -8.374991e+001  1.251038e+002  2.357827e+002  2.798862e+002  2.740931e+002  2.545914e+002  -0.000000e+000  
-6.845460e+002  -5.692728e+002  -3.620142e+002  -1.449007e+002  1.432530e+001  1.242096e+002  1.935825e+002  2.178834e+002  2.164494e+002  -0.000000e+000  
-4.569074e+002  -3.940932e+002  -2.795184e+002  -1.444617e+002  -3.019228e+001  6.167694e+001  1.329302e+002  1.705834e+002  1.801887e+002  -0.000000e+000  
-3.114849e+002  -2.757557e+002  -2.089048e+002  -1.236928e+002  -4.422175e+001  2.668314e+001  8.945564e+001  1.300251e+002  1.452437e+002  -0.000000e+000  
-2.128275e+002  -1.917894e+002  -1.514934e+002  -9.730915e+001  -4.325093e+001  8.625032e+000  5.894405e+001  9.588568e+001  1.123834e+002  -0.000000e+000  
-1.437724e+002  -1.310609e+002  -1.062818e+002  -7.175106e+001  -3.570469e+001  6.367558e-001  3.813522e+001  6.806723e+001  8.283693e+001  -0.000000e+000  
-9.018776e+001  -8.282634e+001  -6.829961e+001  -4.757123e+001  -2.527057e+001  -2.029366e+000  2.297294e+001  4.408103e+001  5.517174e+001  -0.000000e+000  
-4.556244e+001  -4.202655e+001  -3.499637e+001  -2.482123e+001  -1.367329e+001  -1.819015e+000  1.126164e+001  2.268842e+001  2.891920e+001  -0.000000e+000  
-0.000000e+000  -0.000000e+000  -0.000000e+000  -0.000000e+000  -0.000000e+000  -0.000000e+000  -0.000000e+000  -0.000000e+000  -0.000000e+000  -0.000000e+000  

-0.000000e+000  -3.627999e+001  -6.974446e+001  -1.019821e+002  -1.248467e+002  -1.374421e+002  -1.394716e+002  -1.218602e+002  -7.525207e+001  -0.000000e+000  
-0.000000e+000  -4.045068e+001  -7.743370e+001  -1.123567e+002  -1.362131e+002  -1.483744e+002  -1.486416e+002  -1.277928e+002  -7.776563e+001  -0.000000e+000  
-0.000000e+000  -4.857183e+001  -9.229415e+001  -1.321237e+002  -1.574795e+002  -1.684211e+002  -1.650349e+002  -1.380425e+002  -8.195022e+001  -0.000000e+000  
-0.000000e+000  -6.259513e+001  -1.176425e+002  -1.650529e+002  -1.918540e+002  -1.997673e+002  -1.896216e+002  -1.525770e+002  -8.752292e+001  -0.000000e+000  
-0.000000e+000  -8.623429e+001  -1.596275e+002  -2.176810e+002  -2.443597e+002  -2.453414e+002  -2.232252e+002  -1.708474e+002  -9.386288e+001  -0.000000e+000  
-0.000000e+000  -1.271107e+002  -2.305470e+002  -3.019504e+002  -3.229517e+002  -3.087653e+002  -2.659077e+002  -1.912769e+002  -9.981762e+001  -0.000000e+000  
-0.000000e+000  -1.989740e+002  -3.520948e+002  -4.355133e+002  -4.359571e+002  -3.909416e+002  -3.143567e+002  -2.102378e+002  -1.035760e+002  -0.000000e+000  
-0.000000e+000  -3.346636e+002  -5.783188e+002  -6.564280e+002  -5.979708e+002  -4.920718e+002  -3.628898e+002  -2.228285e+002  -1.029987e+002  -0.000000e+000  
-0.000000e+000  -5.999943e+002  -1.037202e+003  -1.022703e+003  -8.104812e+002  -5.939332e+002  -3.937445e+002  -2.198269e+002  -9.514760e+001  -0.000000e+000  
-0.000000e+000  -1.070943e+003  -2.029047e+003  -1.572067e+003  -1.021256e+003  -6.475875e+002  -3.814773e+002  -1.937345e+002  -7.891666e+001  -0.000000e+000  
-0.000000e+000  -1.689585e+003  -4.663160e+003  -2.213197e+003  -1.058785e+003  -5.650532e+002  -2.958315e+002  -1.382092e+002  -5.357317e+001  -0.000000e+000  
-0.000000e+000  -7.664066e+002  -0.000000e+000  -7.819675e+002  -4.240546e+002  -2.285510e+002  -1.157398e+002  -5.179131e+001  -1.947993e+001  -0.000000e+000  
-0.000000e+000  7.664066e+002  -0.000000e+000  7.819675e+002  4.240546e+002  2.285510e+002  1.157398e+002  5.179131e+001  1.947993e+001  -0.000000e+000  
-0.000000e+000  1.689585e+003  4.663160e+003  2.213197e+003  1.058785e+003  5.650532e+002  2.958315e+002  1.382092e+002  5.357317e+001  -0.000000e+000  
-0.000000e+000  1.070943e+003  2.029047e+003  1.572067e+003  1.021256e+003  6.475875e+002  3.814773e+002  1.937345e+002  7.891666e+001  -0.000000e+000  
-0.000000e+000  5.999943e+002  1.037202e+003  1.022703e+003  8.104812e+002  5.939332e+002  3.937445e+002  2.198269e+002  9.514760e+001  -0.000000e+000  
-0.000000e+000  3.346636e+002  5.783188e+002  6.564280e+002  5.979708e+002  4.920718e+002  3.628898e+002  2.228285e+002  1.029987e+002  -0.000000e+000  
-0.000000e+000  1.989740e+002  3.520948e+002  4.355133e+002  4.359571e+002  3.909416e+002  3.143567e+002  2.102378e+002  1.035760e+002  -0.000000e+000  
-0.000000e+000  1.271107e+002  2.305470e+002  3.019504e+002  3.229517e+002  3.087653e+002  2.659077e+002  1.912769e+002  9.981762e+001  -0.000000e+000  
-0.000000e+000  8.623429e+001  1.596275e+002  2.176810e+002  2.443597e+002  2.453414e+002  2.232252e+002  1.708474e+002  9.386288e+001  -0.000000e+000  
-0.000000e+000  6.259513e+001  1.176425e+002  1.650529e+002  1.918540e+002  1.997673e+002  1.896216e+002  1.525770e+002  8.752292e+001  -0.000000e+000  
-0.000000e+000  4.857183e+001  9.229415e+001  1.321237e+002  1.574795e+002  1.684211e+002  1.650349e+002  1.380425e+002  8.195022e+001  -0.000000e+000  
-0.000000e+000  4.045068e+001  7.743370e+001  1.123567e+002  1.362131e+002  1.483744e+002  1.486416e+002  1.277928e+002  7.776563e+001  -0.000000e+000  
-0.000000e+000  3.627999e+001  6.974446e+001  1.019821e+002  1.248467e+002  1.374421e+002  1.394716e+002  1.218602e+002  7.525207e+001  -0.000000e+000  
-0.000000e+000  -0.000000e+000  -0.000000e+000  -0.000000e+000  -0.000000e+000  -0.000000e+000  -0.000000e+000  -0.000000e+000  -0.000000e+000  -0.000000e+000  

0.000000e+000  0.000000e+000  0.000000e+000  0.000000e+000  0.000000e+000  0.000000e+000  0.000000e+000  0.000000e+000  0.000000e+000  0.000000e+000  
0.000000e+000  0.000000e+000  0.000000e+000  0.000000e+000  0.000000e+000  0.000000e+000  0.000000e+000  0.000000e+000  0.000000e+000  0.000000e+000  
0.000000e+000  0.000000e+000  0.000000e+000  0.000000e+000  0.000000e+000  0.000000e+000  0.000000e+000  0.000000e+000  0.000000e+000  0.000000e+000  
0.000000e+000  0.000000e+000  0.000000e+000  0.000000e+000  0.000000e+000  0.000000e+000  0.000000e+000  0.000000e+000  0.000000e+000  0.000000e+000  
0.000000e+000  0.000000e+000  0.000000e+000  0.000000e+000  0.000000e+000  0.000000e+000  0.000000e+000  0.000000e+000  0.000000e+000  0.000000e+000  
0.000000e+000  0.000000e+000  0.000000e+000  0.000000e+000  0.000000e+000  0.000000e+000  0.000000e+000  0.000000e+000  0.000000e+000  0.000000e+000  
0.000000e+000  0.000000e+000  0.000000e+000  0.000000e+000  0.000000e+000  0.000000e+000  0.000000e+000  0.000000e+000  0.000000e+000  0.000000e+000  
0.000000e+000  0.000000e+000  0.000000e+000  0.000000e+000  0.000000e+000  0.000000e+000  0.000000e+000  0.000000e+000  0.000000e+000  0.000000e+000  
0.000000e+000  0.000000e+000  0.000000e+000  0.000000e+000  0.000000e+000  0.000000e+000  0.000000e+000  0.000000e+000  0.000000e+000  0.000000e+000  
0.000000e+000  0.000000e+000  0.000000e+000  0.000000e+000  0.000000e+000  0.000000e+000  0.000000e+000  0.000000e+000  0.000000e+000  0.000000e+000  
0.000000e+000  0.000000e+000  0.000000e+000  0.000000e+000  0.000000e+000  0.000000e+000  0.000000e+000  0.000000e+000  0.000000e+000  0.000000e+000  
0.000000e+000  0.000000e+000  0.000000e+000  0.000000e+000  0.000000e+000  0.000000e+000  0.000000e+000  0.000000e+000  0.000000e+000  0.000000e+000  
0.000000e+000  0.000000e+000  0.000000e+000  0.000000e+000  0.000000e+000  0.000000e+000  0.000000e+000  0.000000e+000  0.000000e+000  0.000000e+000  
0.000000e+000  0.000000e+000  0.000000e+000  0.000000e+000  0.000000e+000  0.000000e+000  0.000000e+000  0.000000e+000  0.000000e+000  0.000000e+000  
0.000000e+000  0.000000e+000  0.000000e+000  0.000000e+000  0.000000e+000  0.000000e+000  0.000000e+000  0.000000e+000  0.000000e+000  0.000000e+000  
0.000000e+000  0.000000e+000  0.000000e+000  0.000000e+000  0.000000e+000  0.000000e+000  0.000000e+000  0.000000e+000  0.000000e+000  0.000000e+000  
0.000000e+000  0.000000e+000  0.000000e+000  0.000000e+000  0.000000e+000  0.000000e+000  0.000000e+000  0.000000e+000  0.000000e+000  0.000000e+000  
0.000000e+000  0.000000e+000  0.000000e+000  0.000000e+000  0.000000e+000  0.000000e+000  0.000000e+000  0.000000e+000  0.000000e+000  0.000000e+000  
0.000000e+000  0.000000e+000  0.000000e+000  0.000000e+000  0.000000e+000  0.000000e+000  0.000000e+000  0.000000e+000  0.000000e+000  0.000000e+000  
0.000000e+000  0.000000e+000  0.000000e+000  0.000000e+000  0.000000e+000  0.000000e+000  0.000000e+000  0.000000e+000  0.000000e+000  0.000000e+000  
0.000000e+000  0.000000e+000  0.000000e+000  0.000000e+000  0.000000e+000  0.000000e+000  0.000000e+000  0.000000e+000  0.000000e+000  0.000000e+000  
0.000000e+000  0.000000e+000  0.000000e+000  0.000000e+000  0.000000e+000  0.000000e+000  0.000000e+000  0.000000e+000  0.000000e+000  0.000000e+000  
0.000000e+000  0.000000e+000  0.000000e+000  0.000000e+000  0.000000e+000  0.000000e+000  0.000000e+000  0.000000e+000  0.000000e+000  0.000000e+000  
0.000000e+000  0.000000e+000  0.000000e+000  0.000000e+000  0.000000e+000  0.000000e+000  0.000000e+000  0.000000e+000  0.000000e+000  0.000000e+000  
0.000000e+000  0.000000e+000  0.000000e+000  0.000000e+000  0.000000e+000  0.000000e+000  0.000000e+000  0.000000e+000  0.000000e+000  0.000000e+000  

0.000000e+000  0.000000e+000  0.000000e+000  0.000000e+000  0.000000e+000  0.000000e+000  0.000000e+000  0.000000e+000  0.000000e+000  0.000000e+000  
0.000000e+000  0.000000e+000  0.000000e+000  0.000000e+000  0.000000e+000  0.000000e+000  0.000000e+000  0.000000e+000  0.000000e+000  0.000000e+000  
0.000000e+000  0.000000e+000  0.000000e+000  0.000000e+000  0.000000e+000  0.000000e+000  0.000000e+000  0.000000e+000  0.000000e+000  0.000000e+000  
0.000000e+000  0.000000e+000  0.000000e+000  0.000000e+000  0.000000e+000  0.000000e+000  0.000000e+000  0.000000e+000  0.000000e+000  0.000000e+000  
0.000000e+000  0.000000e+000  0.000000e+000  0.000000e+000  0.000000e+000  0.000000e+000  0.000000e+000  0.000000e+000  0.000000e+000  0.000000e+000  
0.000000e+000  0.000000e+000  0.000000e+000  0.000000e+000  0.000000e+000  0.000000e+000  0.000000e+000  0.000000e+000  0.000000e+000  0.000000e+000  
0.000000e+000  0.000000e+000  0.000000e+000  0.000000e+000  0.000000e+000  0.000000e+000  0.000000e+000  0.000000e+000  0.000000e+000  0.000000e+000  
0.000000e+000  0.000000e+000  0.000000e+000  0.000000e+000  0.000000e+000  0.000000e+000  0.000000e+000  0.000000e+000  0.000000e+000  0.000000e+000  
0.000000e+000  0.000000e+000  0.000000e+000  0.000000e+000  0.000000e+000  0.000000e+000  0.000000e+000  0.000000e+000  0.000000e+000  0.000000e+000  
0.000000e+000  0.000000e+000  0.000000e+000  0.000000e+000  0.000000e+000  0.000000e+000  0.000000e+000  0.000000e+000  0.000000e+000  0.000000e+000  
0.000000e+000  0.000000e+000  0.000000e+000  0.000000e+000  0.000000e+000  0.000000e+000  0.000000e+000  0.000000e+000  0.000000e+000  0.000000e+000  
0.000000e+000  0.000000e+000  0.000000e+000  0.000000e+000  0.000000e+000  0.000000e+000  0.000000e+000  0.000000e+000  0.000000e+000  0.000000e+000  
0.000000e+000  0.000000e+000  0.000000e+000  0.000000e+000  0.000000e+000  0.000000e+000  0.000000e+000  0.000000e+000  0.000000e+000  0.000000e+000  
0.000000e+000  0.000000e+000  0.000000e+000  0.000000e+000  0.000000e+000  0.000000e+000  0.000000e+000  0.000000e+000  0.000000e+000  0.000000e+000  
0.000000e+000  0.000000e+000  0.000000e+000  0.000000e+000  0.000000e+000  0.000000e+000  0.000000e+000  0.000000e+000  0.000000e+000  0.000000e+000  
0.000000e+000  0.000000e+000  0.000000e+000  0.000000e+000  0.000000e+000  0.000000e+000  0.000000e+000  0.000000e+000  0.000000e+000  0.000000e+000  
0.000000e+000  0.000000e+000  0.000000e+000  0.000000e+000  0.000000e+000  0.000000e+000  0.000000e+000  0.000000e+000  0.000000e+000  0.000000e+000  
0.000000e+000  0.000000e+000  0.000000e+000  0.000000e+000  0.000000e+000  0.000000e+000  0.000000e+000  0.000000e+000  0.000000e+000  0.000000e+000  
0.000000e+000  0.000000e+000  0.000000e+000  0.000000e+000  0.000000e+000  0.000000e+000  0.000000e+000  0.000000e+000  0.000000e+000  0.000000e+000  
0.000000e+000  0.000000e+000  0.000000e+000  0.000000e+000  0.000000e+000  0.000000e+000  0.000000e+000  0.000000e+000  0.000000e+000  0.000000e+000  
0.000000e+000  0.000000e+000  0.000000e+000  0.000000e+000  0.000000e+000  0.000000e+000  0.000000e+000  0.000000e+000  0.000000e+000  0.000000e+000  
0.000000e+000  0.000000e+000  0.000000e+000  0.000000e+000  0.000000e+000  0.000000e+000  0.000000e+000  0.000000e+000  0.000000e+000  0.000000e+000  
0.000000e+000  0.000000e+000  0.000000e+000  0.000000e+000  0.000000e+000  0.000000e+000  0.000000e+000  0.000000e+000  0.000000e+000  0.000000e+000  
0.000000e+000  0.000000e+000  0.000000e+000  0.000000e+000  0.000000e+000  0.000000e+000  0.000000e+000  0.000000e+000  0.000000e+000  0.000000e+000  
0.000000e+000  0.000000e+000  0.000000e+000  0.000000e+000  0.000000e+000  0.000000e+000  0.000000e+000  0.000000e+000  0.000000e+000  0.000000e+000  

0.000000e+000  0.000000e+000  0.000000e+000  0.000000e+000  0.000000e+000  0.000000e+000  0.000000e+000  0.000000e+000  0.000000e+000  0.000000e+000  
0.000000e+000  0.000000e+000  0.000000e+000  0.000000e+000  0.000000e+000  0.000000e+000  0.000000e+000  0.000000e+000  0.000000e+000  0.000000e+000  
0.000000e+000  0.000000e+000  0.000000e+000  0.000000e+000  0.000000e+000  0.000000e+000  0.000000e+000  0.000000e+000  0.000000e+000  0.000000e+000  
0.000000e+000  0.000000e+000  0.000000e+000  0.000000e+000  0.000000e+000  0.000000e+000  0.000000e+000  0.000000e+000  0.000000e+000  0.000000e+000  
0.000000e+000  0.000000e+000  0.000000e+000  0.000000e+000  0.000000e+000  0.000000e+000  0.000000e+000  0.000000e+000  0.000000e+000  0.000000e+000  
0.000000e+000  0.000000e+000  0.000000e+000  0.000000e+000  0.000000e+000  0.000000e+000  0.000000e+000  0.000000e+000  0.000000e+000  0.000000e+000  
0.000000e+000  0.000000e+000  0.000000e+000  0.000000e+000  0.000000e+000  0.000000e+000  0.000000e+000  0.000000e+000  0.000000e+000  0.000000e+000  
0.000000e+000  0.000000e+000  0.000000e+000  0.000000e+000  0.000000e+000  0.000000e+000  0.000000e+000  0.000000e+000  0.000000e+000  0.000000e+000  
0.000000e+000  0.000000e+000  0.000000e+000  0.000000e+000  0.000000e+000  0.000000e+000  0.000000e+000  0.000000e+000  0.000000e+000  0.000000e+000  
0.000000e+000  0.000000e+000  0.000000e+000  0.000000e+000  0.000000e+000  0.000000e+000  0.000000e+000  0.000000e+000  0.000000e+000  0.000000e+000  
0.000000e+000  0.000000e+000  0.000000e+000  0.000000e+000  0.000000e+000  0.000000e+000  0.000000e+000  0.000000e+000  0.000000e+000  0.000000e+000  
0.000000e+000  0.000000e+000  0.000000e+000  0.000000e+000  0.000000e+000  0.000000e+000  0.000000e+000  0.000000e+000  0.000000e+000  0.000000e+000  
0.000000e+000  0.000000e+000  0.000000e+000  0.000000e+000  0.000000e+000  0.000000e+000  0.000000e+000  0.000000e+000  0.000000e+000  0.000000e+000  
0.000000e+000  0.000000e+000  0.000000e+000  0.000000e+000  0.000000e+000  0.000000e+000  0.000000e+000  0.000000e+000  0.000000e+000  0.000000e+000  
0.000000e+000  0.000000e+000  0.000000e+000  0.000000e+000  0.000000e+000  0.000000e+000  0.000000e+000  0.000000e+000  0.000000e+000  0.000000e+000  
0.000000e+000  0.000000e+000  0.000000e+000  0.000000e+000  0.000000e+000  0.000000e+000  0.000000e+000  0.000000e+000  0.000000e+000  0.000000e+000  
0.000000e+000  0.000000e+000  0.000000e+000  0.000000e+000  0.000000e+000  0.000000e+000  0.000000e+000  0.000000e+000  0.000000e+000  0.000000e+000  
0.000000e+000  0.000000e+000  0.000000e+000  0.000000e+000  0.000000e+000  0.000000e+000  0.000000e+000  0.000000e+000  0.000000e+000  0.000000e+000  
0.000000e+000  0.000000e+000  0.000000e+000  0.000000e+000  0.000000e+000  0.000000e+000  0.000000e+000  0.000000e+000  0.000000e+000  0.000000e+000  
0.000000e+000  0.000000e+000  0.000000e+000  0.000000e+000  0.000000e+000  0.000000e+000  0.000000e+000  0.000000e+000  0.000000e+000  0.000000e+000  
0.000000e+000  0.000000e+000  0.000000e+000  0.000000e+000  0.000000e+000  0.000000e+000  0.000000e+000  0.000000e+000  0.000000e+000  0.000000e+000  
0.000000e+000  0.000000e+000  0.000000e+000  0.000000e+000  0.000000e+000  0.000000e+000  0.000000e+000  0.000000e+000  0.000000e+000  0.000000e+000  
0.000000e+000  0.000000e+000  0.000000e+000  0.000000e+000  0.000000e+000  0.000000e+000  0.000000e+000  0.000000e+000  0.000000e+000  0.000000e+000  
0.000000e+000  0.000000e+000  0.000000e+000  0.000000e+000  0.000000e+000  0.000000e+000  0.000000e+000  0.000000e+000  0.000000e+000  0.000000e+000  
0.000000e+000  0.000000e+000  0.000000e+000  0.000000e+000  0.000000e+000  0.000000e+000  0.000000e+000  0.000000e+000  0.000000e+000  0.000000e+000  

-0.000000e+000  -0.000000e+000  -0.000000e+000  -0.000000e+000  -0.000000e+000  -0.000000e+000  -0.000000e+000  -0.000000e+000  -0.000000e+000  -0.000000e+000  
-0.000000e+000  -1.645437e-007  -2.669670e-007  -4.368049e-007  -5.062947e-007  -4.553215e-007  -4.823268e-007  -5.247133e-007  -3.400774e-007  -0.000000e+000  
-0.000000e+000  -2.314219e-007  -4.235931e-007  -7.377465e-007  -8.849646e-007  -8.582421e-007  -7.251427e-007  -5.712733e-007  -4.613200e-007  -0.000000e+000  
-0.000000e+000  -4.021711e-007  -7.367025e-007  -1.225287e-006  -1.418925e-006  -1.340718e-006  -9.893103e-007  -5.936947e-007  -6.024254e-007  -0.000000e+000  
-0.000000e+000  -6.710686e-007  -1.392854e-006  -2.008356e-006  -2.216477e-006  -1.994148e-006  -1.268410e-006  -4.962651e-007  -7.778470e-007  -0.000000e+000  
-0.000000e+000  -9.515944e-007  -1.852407e-006  -2.311795e-006  -2.439006e-006  -2.205733e-006  -1.434295e-006  -8.834365e-007  -8.889384e-007  -0.000000e+000  
-0.000000e+000  -1.227161e-006  -2.325432e-006  -2.809946e-006  -2.876691e-006  -2.565987e-006  -1.602737e-006  -1.221548e-006  -9.570672e-007  -0.000000e+000  
-0.000000e+000  -1.630412e-006  -2.894862e-006  -3.477862e-006  -3.510203e-006  -2.874248e-006  -1.805933e-006  -1.596690e-006  -9.044742e-007  -0.000000e+000  
-0.000000e+000  -1.161018e-006  -1.993530e-006  -3.563620e-006  -3.964379e-006  -4.268339e-006  -1.801666e-006  -9.541128e-007  -1.051016e-006  -0.000000e+000  
-0.000000e+000  -1.812392e-006  -2.900771e-006  -3.413485e-006  -3.751187e-006  -4.295962e-006  -1.328998e-006  -1.425645e-006  -1.171358e-006  -0.000000e+000  
-0.000000e+000  -2.944450e-006  -5.674616e-006  -2.521164e-006  -2.961944e-006  -4.393613e-006  -9.988807e-007  -1.706035e-006  -1.052016e-006  -0.000000e+000  
-0.000000e+000  -3.719470e-006  -0.000000e+000  2.962629e-006  -1.165971e-006  -4.344314e-006  -1.146998e-006  -1.851048e-006  -5.527400e-007  -0.000000e+000  
-0.000000e+000  -3.121582e-006  -0.000000e+000  -3.819070e-006  -3.431161e-006  -5.222003e-006  -1.052393e-006  -1.894787e-006  -6.075147e-007  -0.000000e+000  
-0.000000e+000  -3.722671e-006  -0.000000e+000  2.963099e-006  -1.170851e-006  -4.345418e-006  -1.150524e-006  -1.849795e-006  -5.537791e-007  -0.000000e+000  
-0.000000e+000  -2.938000e-006  -5.677166e-006  -2.515769e-006  -2.963175e-006  -4.389905e-006  -1.002379e-006  -1.703928e-006  -1.048596e-006  -0.000000e+000  
-0.000000e+000  -1.803460e-006  -2.901820e-006  -3.415396e-006  -3.749386e-006  -4.301653e-006  -1.327295e-006  -1.422762e-006  -1.172091e-006  -0.000000e+000  
-0.000000e+000  -1.165076e-006  -1.994896e-006  -3.561628e-006  -3.968708e-006  -4.264688e-006  -1.804974e-006  -9.528308e-007  -1.052150e-006  -0.000000e+000  
-0.000000e+000  -1.619456e-006  -2.897372e-006  -3.479337e-006  -3.508134e-006  -2.877533e-006  -1.803747e-006  -1.597094e-006  -9.079315e-007  -0.000000e+000  
-0.000000e+000  -1.237089e-006  -2.317601e-006  -2.809162e-006  -2.878438e-006  -2.563498e-006  -1.602966e-006  -1.220190e-006  -9.562874e-007  -0.000000e+000  
-0.000000e+000  -9.442041e-007  -1.854404e-006  -2.315831e-006  -2.439557e-006  -2.207705e-006  -1.430607e-006  -8.842806e-007  -8.863777e-007  -0.000000e+000  
-0.000000e+000  -6.763575e-007  -1.396103e-006  -2.004787e-006  -2.226238e-006  -1.997028e-006  -1.276725e-006  -5.009824e-007  -7.748070e-007  -0.000000e+000  
-0.000000e+000  -3.995832e-007  -7.376671e-007  -1.230194e-006  -1.413374e-006  -1.347629e-006  -9.900449e-007  -5.991999e-007  -6.027402e-007  -0.000000e+000  
-0.000000e+000  -2.408554e-007  -4.173735e-007  -7.385623e-007  -8.870620e-007  -8.540737e-007  -7.309369e-007  -5.727618e-007  -4.610232e-007  -0.000000e+000  
-0.000000e+000  -1.569790e-007  -2.773064e-007  -4.326452e-007  -5.002642e-007  -4.569484e-007  -4.792670e-007  -5.237270e-007  -3.408877e-007  -0.000000e+000  
-0.000000e+000  -0.000000e+000  -0.000000e+000  -0.000000e+000  -0.000000e+000  -0.000000e+000  -0.000000e+000  -0.000000e+000  -0.000000e+000  -0.000000e+000  

