Port monitor named: Port1_e1.prt

nx        = 35
ny        = 4
nz        = 19

nu        = 17
nv        = 33
iu        = 2
iv        = 2

idir      = 1
dcut      = -4.850000e-002
icut      = 2
type      = 0
frequency = 2.400000e+009

fcutoff   = 0.000000e+000
alpha     = 0.000000e+000
beta      = 9.268834e+001
accuracy  = 2.674737e-010

type          = QTEM
wave imp.     = 2.499015e+002
wave imp.sig. = 2.319328e-008
line imp.     = 5.018757e+001

ref. port     = 0

-4.531093e+001  -4.486871e+001  -4.400184e+001  -4.274386e+001  -1.838369e+002  -1.805947e+002  -1.760449e+002  -1.703334e+002  -1.636244e+002  -1.560904e+002  -1.479030e+002  -1.392261e+002  -1.257013e+002  -1.071075e+002  -7.461828e+001  -2.532986e+001  -0.000000e+000  
-5.524295e+001  -5.439310e+001  -5.274795e+001  -5.041048e+001  -2.140410e+002  -2.085935e+002  -2.012792e+002  -1.924412e+002  -1.824333e+002  -1.715954e+002  -1.602362e+002  -1.486227e+002  -1.311519e+002  -1.087641e+002  -7.210530e+001  -2.335861e+001  -0.000000e+000  
-9.035453e+001  -8.739502e+001  -8.176147e+001  -7.398797e+001  -3.004170e+002  -2.852855e+002  -2.667528e+002  -2.460947e+002  -2.244465e+002  -2.027355e+002  -1.816602e+002  -1.617018e+002  -1.338794e+002  -1.032777e+002  -6.006659e+001  -1.733906e+001  -0.000000e+000  
-1.866553e+002  -1.754352e+002  -1.543128e+002  -1.257647e+002  -4.634806e+002  -4.168741e+002  -3.658378e+002  -3.146057e+002  -2.661917e+002  -2.224136e+002  -1.841153e+002  -1.514457e+002  -1.104460e+002  -7.390838e+001  -3.271657e+001  -7.330838e+000  -0.000000e+000  
-3.213048e+002  -2.957528e+002  -2.477142e+002  -1.832054e+002  -6.059470e+002  -5.123359e+002  -4.191178e+002  -3.340478e+002  -2.609466e+002  -2.007483e+002  -1.526878e+002  -1.152110e+002  -7.220894e+001  -3.991069e+001  -1.034093e+001  -6.411728e-001  -0.000000e+000  
-5.874284e+002  -5.317442e+002  -4.257739e+002  -2.820274e+002  -7.968554e+002  -6.088198e+002  -4.417669e+002  -3.070654e+002  -2.051501e+002  -1.313027e+002  -7.948331e+001  -4.414604e+001  -9.172182e+000  9.501089e+000  1.738833e+001  6.827491e+000  -0.000000e+000  
-7.716594e+002  -6.964022e+002  -5.497609e+002  -3.452681e+002  -8.796541e+002  -6.245452e+002  -4.154768e+002  -2.604900e+002  -1.522748e+002  -7.962433e+001  -3.239436e+001  -2.797603e+000  2.347503e+001  3.297784e+001  2.923877e+001  9.815092e+000  -0.000000e+000  
-1.016428e+003  -9.184944e+002  -7.202990e+002  -4.302181e+002  -9.584572e+002  -6.118547e+002  -3.555554e+002  -1.847508e+002  -7.718737e+001  -1.204621e+001  2.574173e+001  4.613535e+001  6.014838e+001  5.830532e+001  4.137400e+001  1.277177e+001  -0.000000e+000  
-1.339973e+003  -1.221275e+003  -9.648252e+002  -5.538676e+002  -1.014817e+003  -5.429432e+002  -2.422294e+002  -6.944548e+001  2.447807e+001  7.269892e+001  9.482107e+001  1.020448e+002  1.000920e+002  8.489636e+001  5.352512e+001  1.564100e+001  -0.000000e+000  
-1.758959e+003  -1.634929e+003  -1.333847e+003  -7.609555e+002  -1.001869e+003  -3.669818e+002  -4.876131e+001  9.532537e+001  1.548621e+002  1.738905e+002  1.733312e+002  1.633889e+002  1.420917e+002  1.119608e+002  6.538145e+001  1.836258e+001  -0.000000e+000  
-2.106702e+003  -2.004039e+003  -1.716900e+003  -1.034015e+003  -8.732146e+002  -1.293632e+002  1.488052e+002  2.402576e+002  2.598993e+002  2.510869e+002  2.311089e+002  2.074182e+002  1.713407e+002  1.303737e+002  7.320334e+001  2.012098e+001  -0.000000e+000  
-2.493714e+003  -2.443999e+003  -2.252354e+003  -1.556272e+003  -5.158345e+002  2.478562e+002  4.024208e+002  4.068156e+002  3.735679e+002  3.317267e+002  2.900875e+002  2.516343e+002  2.001196e+002  1.481942e+002  8.060520e+001  2.175921e+001  -0.000000e+000  
-2.899508e+003  -2.938323e+003  -2.982054e+003  -2.692778e+003  3.908725e+002  8.078356e+002  7.012220e+002  5.848161e+002  4.899550e+002  4.124316e+002  3.482205e+002  2.947133e+002  2.277177e+002  1.650502e+002  8.747044e+001  2.325773e+001  -0.000000e+000  
-3.289865e+003  -3.430282e+003  -3.839748e+003  -5.139596e+003  3.297552e+003  1.525132e+003  1.003225e+003  7.565771e+002  6.013285e+002  4.893007e+002  4.032755e+002  3.352518e+002  2.534034e+002  1.805674e+002  9.368562e+001  2.459800e+001  -0.000000e+000  
-3.772846e+003  -3.972576e+003  -4.481080e+003  -5.624330e+003  3.081493e+003  1.899024e+003  1.302171e+003  9.633640e+002  7.445138e+002  5.903310e+002  4.760226e+002  3.887306e+002  2.870099e+002  2.006556e+002  1.015891e+002  2.627966e+001  -0.000000e+000  
-4.081101e+003  -4.245422e+003  -4.569831e+003  -4.970521e+003  2.366722e+003  1.879398e+003  1.428114e+003  1.090033e+003  8.447002e+002  6.649597e+002  5.309467e+002  4.293980e+002  3.125495e+002  2.158205e+002  1.074708e+002  2.751703e+001  -0.000000e+000  
-4.265315e+003  -4.369661e+003  -4.543765e+003  -4.700974e+003  2.012138e+003  1.771998e+003  1.454509e+003  1.158416e+003  9.144610e+002  7.233559e+002  5.764381e+002  4.639590e+002  3.345358e+002  2.288323e+002  1.124337e+002  2.854583e+001  -0.000000e+000  
-4.081101e+003  -4.245422e+003  -4.569831e+003  -4.970521e+003  2.366722e+003  1.879398e+003  1.428114e+003  1.090033e+003  8.447002e+002  6.649597e+002  5.309467e+002  4.293980e+002  3.125495e+002  2.158205e+002  1.074708e+002  2.751703e+001  -0.000000e+000  
-3.772846e+003  -3.972576e+003  -4.481080e+003  -5.624330e+003  3.081493e+003  1.899024e+003  1.302171e+003  9.633640e+002  7.445138e+002  5.903310e+002  4.760226e+002  3.887306e+002  2.870099e+002  2.006556e+002  1.015891e+002  2.627966e+001  -0.000000e+000  
-3.289865e+003  -3.430282e+003  -3.839748e+003  -5.139596e+003  3.297552e+003  1.525132e+003  1.003225e+003  7.565771e+002  6.013285e+002  4.893007e+002  4.032755e+002  3.352518e+002  2.534034e+002  1.805674e+002  9.368562e+001  2.459800e+001  -0.000000e+000  
-2.899508e+003  -2.938323e+003  -2.982054e+003  -2.692778e+003  3.908725e+002  8.078356e+002  7.012220e+002  5.848161e+002  4.899550e+002  4.124316e+002  3.482205e+002  2.947133e+002  2.277177e+002  1.650502e+002  8.747044e+001  2.325773e+001  -0.000000e+000  
-2.493714e+003  -2.443999e+003  -2.252354e+003  -1.556272e+003  -5.158345e+002  2.478562e+002  4.024208e+002  4.068156e+002  3.735679e+002  3.317267e+002  2.900875e+002  2.516343e+002  2.001196e+002  1.481942e+002  8.060520e+001  2.175921e+001  -0.000000e+000  
-2.106702e+003  -2.004039e+003  -1.716900e+003  -1.034015e+003  -8.732146e+002  -1.293632e+002  1.488052e+002  2.402576e+002  2.598993e+002  2.510869e+002  2.311089e+002  2.074182e+002  1.713407e+002  1.303737e+002  7.320334e+001  2.012098e+001  -0.000000e+000  
-1.758959e+003  -1.634929e+003  -1.333847e+003  -7.609555e+002  -1.001869e+003  -3.669818e+002  -4.876131e+001  9.532537e+001  1.548621e+002  1.738905e+002  1.733312e+002  1.633889e+002  1.420917e+002  1.119608e+002  6.538145e+001  1.836258e+001  -0.000000e+000  
-1.339973e+003  -1.221275e+003  -9.648252e+002  -5.538676e+002  -1.014817e+003  -5.429432e+002  -2.422294e+002  -6.944548e+001  2.447807e+001  7.269892e+001  9.482107e+001  1.020448e+002  1.000920e+002  8.489636e+001  5.352512e+001  1.564100e+001  -0.000000e+000  
-1.016428e+003  -9.184944e+002  -7.202990e+002  -4.302181e+002  -9.584572e+002  -6.118547e+002  -3.555554e+002  -1.847508e+002  -7.718737e+001  -1.204621e+001  2.574173e+001  4.613535e+001  6.014838e+001  5.830532e+001  4.137400e+001  1.277177e+001  -0.000000e+000  
-7.716594e+002  -6.964022e+002  -5.497609e+002  -3.452681e+002  -8.796541e+002  -6.245452e+002  -4.154768e+002  -2.604900e+002  -1.522748e+002  -7.962433e+001  -3.239436e+001  -2.797603e+000  2.347503e+001  3.297784e+001  2.923877e+001  9.815092e+000  -0.000000e+000  
-5.874284e+002  -5.317442e+002  -4.257739e+002  -2.820274e+002  -7.968554e+002  -6.088198e+002  -4.417669e+002  -3.070654e+002  -2.051501e+002  -1.313027e+002  -7.948331e+001  -4.414604e+001  -9.172182e+000  9.501089e+000  1.738833e+001  6.827491e+000  -0.000000e+000  
-3.213048e+002  -2.957528e+002  -2.477142e+002  -1.832054e+002  -6.059470e+002  -5.123359e+002  -4.191178e+002  -3.340478e+002  -2.609466e+002  -2.007483e+002  -1.526878e+002  -1.152110e+002  -7.220894e+001  -3.991069e+001  -1.034093e+001  -6.411728e-001  -0.000000e+000  
-1.866553e+002  -1.754352e+002  -1.543128e+002  -1.257647e+002  -4.634806e+002  -4.168741e+002  -3.658378e+002  -3.146057e+002  -2.661917e+002  -2.224136e+002  -1.841153e+002  -1.514457e+002  -1.104460e+002  -7.390838e+001  -3.271657e+001  -7.330838e+000  -0.000000e+000  
-9.035453e+001  -8.739502e+001  -8.176147e+001  -7.398797e+001  -3.004170e+002  -2.852855e+002  -2.667528e+002  -2.460947e+002  -2.244465e+002  -2.027355e+002  -1.816602e+002  -1.617018e+002  -1.338794e+002  -1.032777e+002  -6.006659e+001  -1.733906e+001  -0.000000e+000  
-5.524295e+001  -5.439310e+001  -5.274795e+001  -5.041048e+001  -2.140410e+002  -2.085935e+002  -2.012792e+002  -1.924412e+002  -1.824333e+002  -1.715954e+002  -1.602362e+002  -1.486227e+002  -1.311519e+002  -1.087641e+002  -7.210530e+001  -2.335861e+001  -0.000000e+000  
-4.531093e+001  -4.486871e+001  -4.400184e+001  -4.274386e+001  -1.838369e+002  -1.805947e+002  -1.760449e+002  -1.703334e+002  -1.636244e+002  -1.560904e+002  -1.479030e+002  -1.392261e+002  -1.257013e+002  -1.071075e+002  -7.461828e+001  -2.532986e+001  -0.000000e+000  

-0.000000e+000  -6.954373e-001  -1.335733e+000  -1.871111e+000  -2.261863e+000  -6.460216e+000  -1.032364e+001  -1.376303e+001  -1.672128e+001  -1.917192e+001  -2.111558e+001  -2.257494e+001  -2.358928e+001  -2.443431e+001  -2.418100e+001  -2.071196e+001  -1.771945e+001  
-0.000000e+000  -4.237772e+000  -8.097854e+000  -1.124540e+001  -1.342550e+001  -2.918573e+001  -4.301648e+001  -5.460579e+001  -6.383488e+001  -7.074654e+001  -7.550456e+001  -7.835252e+001  -7.957713e+001  -7.805804e+001  -7.356038e+001  -5.714251e+001  -4.636979e+001  
-0.000000e+000  -1.721856e+001  -3.265046e+001  -4.473576e+001  -5.234101e+001  -8.873742e+001  -1.175588e+002  -1.385670e+002  -1.522500e+002  -1.595548e+002  -1.616436e+002  -1.597102e+002  -1.548628e+002  -1.393087e+002  -1.215956e+002  -8.233378e+001  -6.226426e+001  
-0.000000e+000  -5.397667e+001  -1.016635e+002  -1.375432e+002  -1.576631e+002  -2.231337e+002  -2.655930e+002  -2.874616e+002  -2.928989e+002  -2.864530e+002  -2.722224e+002  -2.534978e+002  -2.327187e+002  -1.900954e+002  -1.527022e+002  -9.103142e+001  -6.475850e+001  
-0.000000e+000  -1.108193e+002  -2.083735e+002  -2.804329e+002  -3.176418e+002  -4.060899e+002  -4.480936e+002  -4.539232e+002  -4.356225e+002  -4.035286e+002  -3.651511e+002  -3.253665e+002  -2.870623e+002  -2.195512e+002  -1.667401e+002  -9.166768e+001  -6.268384e+001  
-0.000000e+000  -1.981703e+002  -3.744932e+002  -5.054419e+002  -5.686614e+002  -6.654231e+002  -6.784523e+002  -6.393345e+002  -5.754162e+002  -5.042547e+002  -4.352184e+002  -3.725028e+002  -3.174845e+002  -2.305700e+002  -1.679349e+002  -8.748605e+001  -5.833340e+001  
-0.000000e+000  -2.652392e+002  -5.051334e+002  -6.874591e+002  -7.743002e+002  -8.654482e+002  -8.422391e+002  -7.604543e+002  -6.596169e+002  -5.603834e+002  -4.712890e+002  -3.946683e+002  -3.301312e+002  -2.331838e+002  -1.660027e+002  -8.397171e+001  -5.521128e+001  
-0.000000e+000  -3.526942e+002  -6.821109e+002  -9.463829e+002  -1.075734e+003  -1.137971e+003  -1.043477e+003  -8.941416e+002  -7.433335e+002  -6.105897e+002  -4.999005e+002  -4.095591e+002  -3.363150e+002  -2.313095e+002  -1.611112e+002  -7.927163e+001  -5.143863e+001  
-0.000000e+000  -4.588358e+002  -9.114872e+002  -1.313986e+003  -1.535625e+003  -1.509816e+003  -1.279980e+003  -1.029463e+003  -8.162964e+002  -6.474310e+002  -5.161310e+002  -4.140384e+002  -3.340826e+002  -2.241544e+002  -1.529811e+002  -7.337279e+001  -4.703486e+001  
-0.000000e+000  -5.526759e+002  -1.139430e+003  -1.747968e+003  -2.178408e+003  -1.933562e+003  -1.491789e+003  -1.124740e+003  -8.550141e+002  -6.590702e+002  -5.146927e+002  -4.063500e+002  -3.235728e+002  -2.131106e+002  -1.432233e+002  -6.738787e+001  -4.280528e+001  
-0.000000e+000  -6.161365e+002  -1.317144e+003  -2.171093e+003  -3.002469e+003  -2.339680e+003  -1.643058e+003  -1.173851e+003  -8.648562e+002  -6.533689e+002  -5.029059e+002  -3.925535e+002  -3.095986e+002  -2.011233e+002  -1.336073e+002  -6.195541e+001  -3.908123e+001  
-0.000000e+000  -6.467568e+002  -1.435644e+003  -2.602580e+003  -4.422802e+003  -2.756830e+003  -1.726751e+003  -1.175362e+003  -8.457853e+002  -6.296150e+002  -4.792811e+002  -3.706898e+002  -2.900004e+002  -1.861415e+002  -1.223769e+002  -5.600880e+001  -3.510827e+001  
-0.000000e+000  -6.224416e+002  -1.408069e+003  -2.781622e+003  -7.169564e+003  -2.984331e+003  -1.667548e+003  -1.110800e+003  -7.930263e+002  -5.863564e+002  -4.433201e+002  -3.405992e+002  -2.647624e+002  -1.682243e+002  -1.095987e+002  -4.958348e+001  -3.090766e+001  
-0.000000e+000  -5.132298e+002  -1.089800e+003  -1.771987e+003  -0.000000e+000  -1.770369e+003  -1.309434e+003  -9.410438e+002  -6.858056e+002  -5.087075e+002  -3.834664e+002  -2.930697e+002  -2.264511e+002  -1.423545e+002  -9.182462e+001  -4.100832e+001  -2.540238e+001  
-0.000000e+000  -3.270102e+002  -6.158093e+002  -7.066285e+002  -0.000000e+000  -7.985473e+002  -8.183687e+002  -6.617911e+002  -5.050014e+002  -3.809727e+002  -2.884581e+002  -2.202403e+002  -1.696181e+002  -1.057699e+002  -6.766420e+001  -2.988578e+001  -1.841289e+001  
-0.000000e+000  -9.725695e+001  -1.622672e+002  -1.465129e+002  -0.000000e+000  -1.975505e+002  -2.613511e+002  -2.439728e+002  -2.012833e+002  -1.579621e+002  -1.217235e+002  -9.346930e+001  -7.196930e+001  -4.451486e+001  -2.818784e+001  -1.227004e+001  -7.505781e+000  
-0.000000e+000  9.725695e+001  1.622672e+002  1.465129e+002  -0.000000e+000  1.975505e+002  2.613511e+002  2.439728e+002  2.012833e+002  1.579621e+002  1.217235e+002  9.346930e+001  7.196930e+001  4.451486e+001  2.818784e+001  1.227004e+001  7.505781e+000  
-0.000000e+000  3.270102e+002  6.158093e+002  7.066285e+002  -0.000000e+000  7.985473e+002  8.183687e+002  6.617911e+002  5.050014e+002  3.809727e+002  2.884581e+002  2.202403e+002  1.696181e+002  1.057699e+002  6.766420e+001  2.988578e+001  1.841289e+001  
-0.000000e+000  5.132298e+002  1.089800e+003  1.771987e+003  -0.000000e+000  1.770369e+003  1.309434e+003  9.410438e+002  6.858056e+002  5.087075e+002  3.834664e+002  2.930697e+002  2.264511e+002  1.423545e+002  9.182462e+001  4.100832e+001  2.540238e+001  
-0.000000e+000  6.224416e+002  1.408069e+003  2.781622e+003  7.169564e+003  2.984331e+003  1.667548e+003  1.110800e+003  7.930263e+002  5.863564e+002  4.433201e+002  3.405992e+002  2.647624e+002  1.682243e+002  1.095987e+002  4.958348e+001  3.090766e+001  
-0.000000e+000  6.467568e+002  1.435644e+003  2.602580e+003  4.422802e+003  2.756830e+003  1.726751e+003  1.175362e+003  8.457853e+002  6.296150e+002  4.792811e+002  3.706898e+002  2.900004e+002  1.861415e+002  1.223769e+002  5.600880e+001  3.510827e+001  
-0.000000e+000  6.161365e+002  1.317144e+003  2.171093e+003  3.002469e+003  2.339680e+003  1.643058e+003  1.173851e+003  8.648562e+002  6.533689e+002  5.029059e+002  3.925535e+002  3.095986e+002  2.011233e+002  1.336073e+002  6.195541e+001  3.908123e+001  
-0.000000e+000  5.526759e+002  1.139430e+003  1.747968e+003  2.178408e+003  1.933562e+003  1.491789e+003  1.124740e+003  8.550141e+002  6.590702e+002  5.146927e+002  4.063500e+002  3.235728e+002  2.131106e+002  1.432233e+002  6.738787e+001  4.280528e+001  
-0.000000e+000  4.588358e+002  9.114872e+002  1.313986e+003  1.535625e+003  1.509816e+003  1.279980e+003  1.029463e+003  8.162964e+002  6.474310e+002  5.161310e+002  4.140384e+002  3.340826e+002  2.241544e+002  1.529811e+002  7.337279e+001  4.703486e+001  
-0.000000e+000  3.526942e+002  6.821109e+002  9.463829e+002  1.075734e+003  1.137971e+003  1.043477e+003  8.941416e+002  7.433335e+002  6.105897e+002  4.999005e+002  4.095591e+002  3.363150e+002  2.313095e+002  1.611112e+002  7.927163e+001  5.143863e+001  
-0.000000e+000  2.652392e+002  5.051334e+002  6.874591e+002  7.743002e+002  8.654482e+002  8.422391e+002  7.604543e+002  6.596169e+002  5.603834e+002  4.712890e+002  3.946683e+002  3.301312e+002  2.331838e+002  1.660027e+002  8.397171e+001  5.521128e+001  
-0.000000e+000  1.981703e+002  3.744932e+002  5.054419e+002  5.686614e+002  6.654231e+002  6.784523e+002  6.393345e+002  5.754162e+002  5.042547e+002  4.352184e+002  3.725028e+002  3.174845e+002  2.305700e+002  1.679349e+002  8.748605e+001  5.833340e+001  
-0.000000e+000  1.108193e+002  2.083735e+002  2.804329e+002  3.176418e+002  4.060899e+002  4.480936e+002  4.539232e+002  4.356225e+002  4.035286e+002  3.651511e+002  3.253665e+002  2.870623e+002  2.195512e+002  1.667401e+002  9.166768e+001  6.268384e+001  
-0.000000e+000  5.397667e+001  1.016635e+002  1.375432e+002  1.576631e+002  2.231337e+002  2.655930e+002  2.874616e+002  2.928989e+002  2.864530e+002  2.722224e+002  2.534978e+002  2.327187e+002  1.900954e+002  1.527022e+002  9.103142e+001  6.475850e+001  
-0.000000e+000  1.721856e+001  3.265046e+001  4.473576e+001  5.234101e+001  8.873742e+001  1.175588e+002  1.385670e+002  1.522500e+002  1.595548e+002  1.616436e+002  1.597102e+002  1.548628e+002  1.393087e+002  1.215956e+002  8.233378e+001  6.226426e+001  
-0.000000e+000  4.237772e+000  8.097854e+000  1.124540e+001  1.342550e+001  2.918573e+001  4.301648e+001  5.460579e+001  6.383488e+001  7.074654e+001  7.550456e+001  7.835252e+001  7.957713e+001  7.805804e+001  7.356038e+001  5.714251e+001  4.636979e+001  
-0.000000e+000  6.954373e-001  1.335733e+000  1.871111e+000  2.261863e+000  6.460216e+000  1.032364e+001  1.376303e+001  1.672128e+001  1.917192e+001  2.111558e+001  2.257494e+001  2.358928e+001  2.443431e+001  2.418100e+001  2.071196e+001  1.771945e+001  
-0.000000e+000  -0.000000e+000  -0.000000e+000  -0.000000e+000  -0.000000e+000  -0.000000e+000  -0.000000e+000  -0.000000e+000  -0.000000e+000  -0.000000e+000  -0.000000e+000  -0.000000e+000  -0.000000e+000  -0.000000e+000  -0.000000e+000  -0.000000e+000  -0.000000e+000  

0.000000e+000  0.000000e+000  0.000000e+000  0.000000e+000  0.000000e+000  0.000000e+000  0.000000e+000  0.000000e+000  0.000000e+000  0.000000e+000  0.000000e+000  0.000000e+000  0.000000e+000  0.000000e+000  0.000000e+000  0.000000e+000  0.000000e+000  
0.000000e+000  0.000000e+000  0.000000e+000  0.000000e+000  0.000000e+000  0.000000e+000  0.000000e+000  0.000000e+000  0.000000e+000  0.000000e+000  0.000000e+000  0.000000e+000  0.000000e+000  0.000000e+000  0.000000e+000  0.000000e+000  0.000000e+000  
0.000000e+000  0.000000e+000  0.000000e+000  0.000000e+000  0.000000e+000  0.000000e+000  0.000000e+000  0.000000e+000  0.000000e+000  0.000000e+000  0.000000e+000  0.000000e+000  0.000000e+000  0.000000e+000  0.000000e+000  0.000000e+000  0.000000e+000  
0.000000e+000  0.000000e+000  0.000000e+000  0.000000e+000  0.000000e+000  0.000000e+000  0.000000e+000  0.000000e+000  0.000000e+000  0.000000e+000  0.000000e+000  0.000000e+000  0.000000e+000  0.000000e+000  0.000000e+000  0.000000e+000  0.000000e+000  
0.000000e+000  0.000000e+000  0.000000e+000  0.000000e+000  0.000000e+000  0.000000e+000  0.000000e+000  0.000000e+000  0.000000e+000  0.000000e+000  0.000000e+000  0.000000e+000  0.000000e+000  0.000000e+000  0.000000e+000  0.000000e+000  0.000000e+000  
0.000000e+000  0.000000e+000  0.000000e+000  0.000000e+000  0.000000e+000  0.000000e+000  0.000000e+000  0.000000e+000  0.000000e+000  0.000000e+000  0.000000e+000  0.000000e+000  0.000000e+000  0.000000e+000  0.000000e+000  0.000000e+000  0.000000e+000  
0.000000e+000  0.000000e+000  0.000000e+000  0.000000e+000  0.000000e+000  0.000000e+000  0.000000e+000  0.000000e+000  0.000000e+000  0.000000e+000  0.000000e+000  0.000000e+000  0.000000e+000  0.000000e+000  0.000000e+000  0.000000e+000  0.000000e+000  
0.000000e+000  0.000000e+000  0.000000e+000  0.000000e+000  0.000000e+000  0.000000e+000  0.000000e+000  0.000000e+000  0.000000e+000  0.000000e+000  0.000000e+000  0.000000e+000  0.000000e+000  0.000000e+000  0.000000e+000  0.000000e+000  0.000000e+000  
0.000000e+000  0.000000e+000  0.000000e+000  0.000000e+000  0.000000e+000  0.000000e+000  0.000000e+000  0.000000e+000  0.000000e+000  0.000000e+000  0.000000e+000  0.000000e+000  0.000000e+000  0.000000e+000  0.000000e+000  0.000000e+000  0.000000e+000  
0.000000e+000  0.000000e+000  0.000000e+000  0.000000e+000  0.000000e+000  0.000000e+000  0.000000e+000  0.000000e+000  0.000000e+000  0.000000e+000  0.000000e+000  0.000000e+000  0.000000e+000  0.000000e+000  0.000000e+000  0.000000e+000  0.000000e+000  
0.000000e+000  0.000000e+000  0.000000e+000  0.000000e+000  0.000000e+000  0.000000e+000  0.000000e+000  0.000000e+000  0.000000e+000  0.000000e+000  0.000000e+000  0.000000e+000  0.000000e+000  0.000000e+000  0.000000e+000  0.000000e+000  0.000000e+000  
0.000000e+000  0.000000e+000  0.000000e+000  0.000000e+000  0.000000e+000  0.000000e+000  0.000000e+000  0.000000e+000  0.000000e+000  0.000000e+000  0.000000e+000  0.000000e+000  0.000000e+000  0.000000e+000  0.000000e+000  0.000000e+000  0.000000e+000  
0.000000e+000  0.000000e+000  0.000000e+000  0.000000e+000  0.000000e+000  0.000000e+000  0.000000e+000  0.000000e+000  0.000000e+000  0.000000e+000  0.000000e+000  0.000000e+000  0.000000e+000  0.000000e+000  0.000000e+000  0.000000e+000  0.000000e+000  
0.000000e+000  0.000000e+000  0.000000e+000  0.000000e+000  0.000000e+000  0.000000e+000  0.000000e+000  0.000000e+000  0.000000e+000  0.000000e+000  0.000000e+000  0.000000e+000  0.000000e+000  0.000000e+000  0.000000e+000  0.000000e+000  0.000000e+000  
0.000000e+000  0.000000e+000  0.000000e+000  0.000000e+000  0.000000e+000  0.000000e+000  0.000000e+000  0.000000e+000  0.000000e+000  0.000000e+000  0.000000e+000  0.000000e+000  0.000000e+000  0.000000e+000  0.000000e+000  0.000000e+000  0.000000e+000  
0.000000e+000  0.000000e+000  0.000000e+000  0.000000e+000  0.000000e+000  0.000000e+000  0.000000e+000  0.000000e+000  0.000000e+000  0.000000e+000  0.000000e+000  0.000000e+000  0.000000e+000  0.000000e+000  0.000000e+000  0.000000e+000  0.000000e+000  
0.000000e+000  0.000000e+000  0.000000e+000  0.000000e+000  0.000000e+000  0.000000e+000  0.000000e+000  0.000000e+000  0.000000e+000  0.000000e+000  0.000000e+000  0.000000e+000  0.000000e+000  0.000000e+000  0.000000e+000  0.000000e+000  0.000000e+000  
0.000000e+000  0.000000e+000  0.000000e+000  0.000000e+000  0.000000e+000  0.000000e+000  0.000000e+000  0.000000e+000  0.000000e+000  0.000000e+000  0.000000e+000  0.000000e+000  0.000000e+000  0.000000e+000  0.000000e+000  0.000000e+000  0.000000e+000  
0.000000e+000  0.000000e+000  0.000000e+000  0.000000e+000  0.000000e+000  0.000000e+000  0.000000e+000  0.000000e+000  0.000000e+000  0.000000e+000  0.000000e+000  0.000000e+000  0.000000e+000  0.000000e+000  0.000000e+000  0.000000e+000  0.000000e+000  
0.000000e+000  0.000000e+000  0.000000e+000  0.000000e+000  0.000000e+000  0.000000e+000  0.000000e+000  0.000000e+000  0.000000e+000  0.000000e+000  0.000000e+000  0.000000e+000  0.000000e+000  0.000000e+000  0.000000e+000  0.000000e+000  0.000000e+000  
0.000000e+000  0.000000e+000  0.000000e+000  0.000000e+000  0.000000e+000  0.000000e+000  0.000000e+000  0.000000e+000  0.000000e+000  0.000000e+000  0.000000e+000  0.000000e+000  0.000000e+000  0.000000e+000  0.000000e+000  0.000000e+000  0.000000e+000  
0.000000e+000  0.000000e+000  0.000000e+000  0.000000e+000  0.000000e+000  0.000000e+000  0.000000e+000  0.000000e+000  0.000000e+000  0.000000e+000  0.000000e+000  0.000000e+000  0.000000e+000  0.000000e+000  0.000000e+000  0.000000e+000  0.000000e+000  
0.000000e+000  0.000000e+000  0.000000e+000  0.000000e+000  0.000000e+000  0.000000e+000  0.000000e+000  0.000000e+000  0.000000e+000  0.000000e+000  0.000000e+000  0.000000e+000  0.000000e+000  0.000000e+000  0.000000e+000  0.000000e+000  0.000000e+000  
0.000000e+000  0.000000e+000  0.000000e+000  0.000000e+000  0.000000e+000  0.000000e+000  0.000000e+000  0.000000e+000  0.000000e+000  0.000000e+000  0.000000e+000  0.000000e+000  0.000000e+000  0.000000e+000  0.000000e+000  0.000000e+000  0.000000e+000  
0.000000e+000  0.000000e+000  0.000000e+000  0.000000e+000  0.000000e+000  0.000000e+000  0.000000e+000  0.000000e+000  0.000000e+000  0.000000e+000  0.000000e+000  0.000000e+000  0.000000e+000  0.000000e+000  0.000000e+000  0.000000e+000  0.000000e+000  
0.000000e+000  0.000000e+000  0.000000e+000  0.000000e+000  0.000000e+000  0.000000e+000  0.000000e+000  0.000000e+000  0.000000e+000  0.000000e+000  0.000000e+000  0.000000e+000  0.000000e+000  0.000000e+000  0.000000e+000  0.000000e+000  0.000000e+000  
0.000000e+000  0.000000e+000  0.000000e+000  0.000000e+000  0.000000e+000  0.000000e+000  0.000000e+000  0.000000e+000  0.000000e+000  0.000000e+000  0.000000e+000  0.000000e+000  0.000000e+000  0.000000e+000  0.000000e+000  0.000000e+000  0.000000e+000  
0.000000e+000  0.000000e+000  0.000000e+000  0.000000e+000  0.000000e+000  0.000000e+000  0.000000e+000  0.000000e+000  0.000000e+000  0.000000e+000  0.000000e+000  0.000000e+000  0.000000e+000  0.000000e+000  0.000000e+000  0.000000e+000  0.000000e+000  
0.000000e+000  0.000000e+000  0.000000e+000  0.000000e+000  0.000000e+000  0.000000e+000  0.000000e+000  0.000000e+000  0.000000e+000  0.000000e+000  0.000000e+000  0.000000e+000  0.000000e+000  0.000000e+000  0.000000e+000  0.000000e+000  0.000000e+000  
0.000000e+000  0.000000e+000  0.000000e+000  0.000000e+000  0.000000e+000  0.000000e+000  0.000000e+000  0.000000e+000  0.000000e+000  0.000000e+000  0.000000e+000  0.000000e+000  0.000000e+000  0.000000e+000  0.000000e+000  0.000000e+000  0.000000e+000  
0.000000e+000  0.000000e+000  0.000000e+000  0.000000e+000  0.000000e+000  0.000000e+000  0.000000e+000  0.000000e+000  0.000000e+000  0.000000e+000  0.000000e+000  0.000000e+000  0.000000e+000  0.000000e+000  0.000000e+000  0.000000e+000  0.000000e+000  
0.000000e+000  0.000000e+000  0.000000e+000  0.000000e+000  0.000000e+000  0.000000e+000  0.000000e+000  0.000000e+000  0.000000e+000  0.000000e+000  0.000000e+000  0.000000e+000  0.000000e+000  0.000000e+000  0.000000e+000  0.000000e+000  0.000000e+000  
0.000000e+000  0.000000e+000  0.000000e+000  0.000000e+000  0.000000e+000  0.000000e+000  0.000000e+000  0.000000e+000  0.000000e+000  0.000000e+000  0.000000e+000  0.000000e+000  0.000000e+000  0.000000e+000  0.000000e+000  0.000000e+000  0.000000e+000  

0.000000e+000  0.000000e+000  0.000000e+000  0.000000e+000  0.000000e+000  0.000000e+000  0.000000e+000  0.000000e+000  0.000000e+000  0.000000e+000  0.000000e+000  0.000000e+000  0.000000e+000  0.000000e+000  0.000000e+000  0.000000e+000  0.000000e+000  
0.000000e+000  0.000000e+000  0.000000e+000  0.000000e+000  0.000000e+000  0.000000e+000  0.000000e+000  0.000000e+000  0.000000e+000  0.000000e+000  0.000000e+000  0.000000e+000  0.000000e+000  0.000000e+000  0.000000e+000  0.000000e+000  0.000000e+000  
0.000000e+000  0.000000e+000  0.000000e+000  0.000000e+000  0.000000e+000  0.000000e+000  0.000000e+000  0.000000e+000  0.000000e+000  0.000000e+000  0.000000e+000  0.000000e+000  0.000000e+000  0.000000e+000  0.000000e+000  0.000000e+000  0.000000e+000  
0.000000e+000  0.000000e+000  0.000000e+000  0.000000e+000  0.000000e+000  0.000000e+000  0.000000e+000  0.000000e+000  0.000000e+000  0.000000e+000  0.000000e+000  0.000000e+000  0.000000e+000  0.000000e+000  0.000000e+000  0.000000e+000  0.000000e+000  
0.000000e+000  0.000000e+000  0.000000e+000  0.000000e+000  0.000000e+000  0.000000e+000  0.000000e+000  0.000000e+000  0.000000e+000  0.000000e+000  0.000000e+000  0.000000e+000  0.000000e+000  0.000000e+000  0.000000e+000  0.000000e+000  0.000000e+000  
0.000000e+000  0.000000e+000  0.000000e+000  0.000000e+000  0.000000e+000  0.000000e+000  0.000000e+000  0.000000e+000  0.000000e+000  0.000000e+000  0.000000e+000  0.000000e+000  0.000000e+000  0.000000e+000  0.000000e+000  0.000000e+000  0.000000e+000  
0.000000e+000  0.000000e+000  0.000000e+000  0.000000e+000  0.000000e+000  0.000000e+000  0.000000e+000  0.000000e+000  0.000000e+000  0.000000e+000  0.000000e+000  0.000000e+000  0.000000e+000  0.000000e+000  0.000000e+000  0.000000e+000  0.000000e+000  
0.000000e+000  0.000000e+000  0.000000e+000  0.000000e+000  0.000000e+000  0.000000e+000  0.000000e+000  0.000000e+000  0.000000e+000  0.000000e+000  0.000000e+000  0.000000e+000  0.000000e+000  0.000000e+000  0.000000e+000  0.000000e+000  0.000000e+000  
0.000000e+000  0.000000e+000  0.000000e+000  0.000000e+000  0.000000e+000  0.000000e+000  0.000000e+000  0.000000e+000  0.000000e+000  0.000000e+000  0.000000e+000  0.000000e+000  0.000000e+000  0.000000e+000  0.000000e+000  0.000000e+000  0.000000e+000  
0.000000e+000  0.000000e+000  0.000000e+000  0.000000e+000  0.000000e+000  0.000000e+000  0.000000e+000  0.000000e+000  0.000000e+000  0.000000e+000  0.000000e+000  0.000000e+000  0.000000e+000  0.000000e+000  0.000000e+000  0.000000e+000  0.000000e+000  
0.000000e+000  0.000000e+000  0.000000e+000  0.000000e+000  0.000000e+000  0.000000e+000  0.000000e+000  0.000000e+000  0.000000e+000  0.000000e+000  0.000000e+000  0.000000e+000  0.000000e+000  0.000000e+000  0.000000e+000  0.000000e+000  0.000000e+000  
0.000000e+000  0.000000e+000  0.000000e+000  0.000000e+000  0.000000e+000  0.000000e+000  0.000000e+000  0.000000e+000  0.000000e+000  0.000000e+000  0.000000e+000  0.000000e+000  0.000000e+000  0.000000e+000  0.000000e+000  0.000000e+000  0.000000e+000  
0.000000e+000  0.000000e+000  0.000000e+000  0.000000e+000  0.000000e+000  0.000000e+000  0.000000e+000  0.000000e+000  0.000000e+000  0.000000e+000  0.000000e+000  0.000000e+000  0.000000e+000  0.000000e+000  0.000000e+000  0.000000e+000  0.000000e+000  
0.000000e+000  0.000000e+000  0.000000e+000  0.000000e+000  0.000000e+000  0.000000e+000  0.000000e+000  0.000000e+000  0.000000e+000  0.000000e+000  0.000000e+000  0.000000e+000  0.000000e+000  0.000000e+000  0.000000e+000  0.000000e+000  0.000000e+000  
0.000000e+000  0.000000e+000  0.000000e+000  0.000000e+000  0.000000e+000  0.000000e+000  0.000000e+000  0.000000e+000  0.000000e+000  0.000000e+000  0.000000e+000  0.000000e+000  0.000000e+000  0.000000e+000  0.000000e+000  0.000000e+000  0.000000e+000  
0.000000e+000  0.000000e+000  0.000000e+000  0.000000e+000  0.000000e+000  0.000000e+000  0.000000e+000  0.000000e+000  0.000000e+000  0.000000e+000  0.000000e+000  0.000000e+000  0.000000e+000  0.000000e+000  0.000000e+000  0.000000e+000  0.000000e+000  
0.000000e+000  0.000000e+000  0.000000e+000  0.000000e+000  0.000000e+000  0.000000e+000  0.000000e+000  0.000000e+000  0.000000e+000  0.000000e+000  0.000000e+000  0.000000e+000  0.000000e+000  0.000000e+000  0.000000e+000  0.000000e+000  0.000000e+000  
0.000000e+000  0.000000e+000  0.000000e+000  0.000000e+000  0.000000e+000  0.000000e+000  0.000000e+000  0.000000e+000  0.000000e+000  0.000000e+000  0.000000e+000  0.000000e+000  0.000000e+000  0.000000e+000  0.000000e+000  0.000000e+000  0.000000e+000  
0.000000e+000  0.000000e+000  0.000000e+000  0.000000e+000  0.000000e+000  0.000000e+000  0.000000e+000  0.000000e+000  0.000000e+000  0.000000e+000  0.000000e+000  0.000000e+000  0.000000e+000  0.000000e+000  0.000000e+000  0.000000e+000  0.000000e+000  
0.000000e+000  0.000000e+000  0.000000e+000  0.000000e+000  0.000000e+000  0.000000e+000  0.000000e+000  0.000000e+000  0.000000e+000  0.000000e+000  0.000000e+000  0.000000e+000  0.000000e+000  0.000000e+000  0.000000e+000  0.000000e+000  0.000000e+000  
0.000000e+000  0.000000e+000  0.000000e+000  0.000000e+000  0.000000e+000  0.000000e+000  0.000000e+000  0.000000e+000  0.000000e+000  0.000000e+000  0.000000e+000  0.000000e+000  0.000000e+000  0.000000e+000  0.000000e+000  0.000000e+000  0.000000e+000  
0.000000e+000  0.000000e+000  0.000000e+000  0.000000e+000  0.000000e+000  0.000000e+000  0.000000e+000  0.000000e+000  0.000000e+000  0.000000e+000  0.000000e+000  0.000000e+000  0.000000e+000  0.000000e+000  0.000000e+000  0.000000e+000  0.000000e+000  
0.000000e+000  0.000000e+000  0.000000e+000  0.000000e+000  0.000000e+000  0.000000e+000  0.000000e+000  0.000000e+000  0.000000e+000  0.000000e+000  0.000000e+000  0.000000e+000  0.000000e+000  0.000000e+000  0.000000e+000  0.000000e+000  0.000000e+000  
0.000000e+000  0.000000e+000  0.000000e+000  0.000000e+000  0.000000e+000  0.000000e+000  0.000000e+000  0.000000e+000  0.000000e+000  0.000000e+000  0.000000e+000  0.000000e+000  0.000000e+000  0.000000e+000  0.000000e+000  0.000000e+000  0.000000e+000  
0.000000e+000  0.000000e+000  0.000000e+000  0.000000e+000  0.000000e+000  0.000000e+000  0.000000e+000  0.000000e+000  0.000000e+000  0.000000e+000  0.000000e+000  0.000000e+000  0.000000e+000  0.000000e+000  0.000000e+000  0.000000e+000  0.000000e+000  
0.000000e+000  0.000000e+000  0.000000e+000  0.000000e+000  0.000000e+000  0.000000e+000  0.000000e+000  0.000000e+000  0.000000e+000  0.000000e+000  0.000000e+000  0.000000e+000  0.000000e+000  0.000000e+000  0.000000e+000  0.000000e+000  0.000000e+000  
0.000000e+000  0.000000e+000  0.000000e+000  0.000000e+000  0.000000e+000  0.000000e+000  0.000000e+000  0.000000e+000  0.000000e+000  0.000000e+000  0.000000e+000  0.000000e+000  0.000000e+000  0.000000e+000  0.000000e+000  0.000000e+000  0.000000e+000  
0.000000e+000  0.000000e+000  0.000000e+000  0.000000e+000  0.000000e+000  0.000000e+000  0.000000e+000  0.000000e+000  0.000000e+000  0.000000e+000  0.000000e+000  0.000000e+000  0.000000e+000  0.000000e+000  0.000000e+000  0.000000e+000  0.000000e+000  
0.000000e+000  0.000000e+000  0.000000e+000  0.000000e+000  0.000000e+000  0.000000e+000  0.000000e+000  0.000000e+000  0.000000e+000  0.000000e+000  0.000000e+000  0.000000e+000  0.000000e+000  0.000000e+000  0.000000e+000  0.000000e+000  0.000000e+000  
0.000000e+000  0.000000e+000  0.000000e+000  0.000000e+000  0.000000e+000  0.000000e+000  0.000000e+000  0.000000e+000  0.000000e+000  0.000000e+000  0.000000e+000  0.000000e+000  0.000000e+000  0.000000e+000  0.000000e+000  0.000000e+000  0.000000e+000  
0.000000e+000  0.000000e+000  0.000000e+000  0.000000e+000  0.000000e+000  0.000000e+000  0.000000e+000  0.000000e+000  0.000000e+000  0.000000e+000  0.000000e+000  0.000000e+000  0.000000e+000  0.000000e+000  0.000000e+000  0.000000e+000  0.000000e+000  
0.000000e+000  0.000000e+000  0.000000e+000  0.000000e+000  0.000000e+000  0.000000e+000  0.000000e+000  0.000000e+000  0.000000e+000  0.000000e+000  0.000000e+000  0.000000e+000  0.000000e+000  0.000000e+000  0.000000e+000  0.000000e+000  0.000000e+000  
0.000000e+000  0.000000e+000  0.000000e+000  0.000000e+000  0.000000e+000  0.000000e+000  0.000000e+000  0.000000e+000  0.000000e+000  0.000000e+000  0.000000e+000  0.000000e+000  0.000000e+000  0.000000e+000  0.000000e+000  0.000000e+000  0.000000e+000  

0.000000e+000  0.000000e+000  0.000000e+000  0.000000e+000  0.000000e+000  0.000000e+000  0.000000e+000  0.000000e+000  0.000000e+000  0.000000e+000  0.000000e+000  0.000000e+000  0.000000e+000  0.000000e+000  0.000000e+000  0.000000e+000  0.000000e+000  
0.000000e+000  0.000000e+000  0.000000e+000  0.000000e+000  0.000000e+000  0.000000e+000  0.000000e+000  0.000000e+000  0.000000e+000  0.000000e+000  0.000000e+000  0.000000e+000  0.000000e+000  0.000000e+000  0.000000e+000  0.000000e+000  0.000000e+000  
0.000000e+000  0.000000e+000  0.000000e+000  0.000000e+000  0.000000e+000  0.000000e+000  0.000000e+000  0.000000e+000  0.000000e+000  0.000000e+000  0.000000e+000  0.000000e+000  0.000000e+000  0.000000e+000  0.000000e+000  0.000000e+000  0.000000e+000  
0.000000e+000  0.000000e+000  0.000000e+000  0.000000e+000  0.000000e+000  0.000000e+000  0.000000e+000  0.000000e+000  0.000000e+000  0.000000e+000  0.000000e+000  0.000000e+000  0.000000e+000  0.000000e+000  0.000000e+000  0.000000e+000  0.000000e+000  
0.000000e+000  0.000000e+000  0.000000e+000  0.000000e+000  0.000000e+000  0.000000e+000  0.000000e+000  0.000000e+000  0.000000e+000  0.000000e+000  0.000000e+000  0.000000e+000  0.000000e+000  0.000000e+000  0.000000e+000  0.000000e+000  0.000000e+000  
0.000000e+000  0.000000e+000  0.000000e+000  0.000000e+000  0.000000e+000  0.000000e+000  0.000000e+000  0.000000e+000  0.000000e+000  0.000000e+000  0.000000e+000  0.000000e+000  0.000000e+000  0.000000e+000  0.000000e+000  0.000000e+000  0.000000e+000  
0.000000e+000  0.000000e+000  0.000000e+000  0.000000e+000  0.000000e+000  0.000000e+000  0.000000e+000  0.000000e+000  0.000000e+000  0.000000e+000  0.000000e+000  0.000000e+000  0.000000e+000  0.000000e+000  0.000000e+000  0.000000e+000  0.000000e+000  
0.000000e+000  0.000000e+000  0.000000e+000  0.000000e+000  0.000000e+000  0.000000e+000  0.000000e+000  0.000000e+000  0.000000e+000  0.000000e+000  0.000000e+000  0.000000e+000  0.000000e+000  0.000000e+000  0.000000e+000  0.000000e+000  0.000000e+000  
0.000000e+000  0.000000e+000  0.000000e+000  0.000000e+000  0.000000e+000  0.000000e+000  0.000000e+000  0.000000e+000  0.000000e+000  0.000000e+000  0.000000e+000  0.000000e+000  0.000000e+000  0.000000e+000  0.000000e+000  0.000000e+000  0.000000e+000  
0.000000e+000  0.000000e+000  0.000000e+000  0.000000e+000  0.000000e+000  0.000000e+000  0.000000e+000  0.000000e+000  0.000000e+000  0.000000e+000  0.000000e+000  0.000000e+000  0.000000e+000  0.000000e+000  0.000000e+000  0.000000e+000  0.000000e+000  
0.000000e+000  0.000000e+000  0.000000e+000  0.000000e+000  0.000000e+000  0.000000e+000  0.000000e+000  0.000000e+000  0.000000e+000  0.000000e+000  0.000000e+000  0.000000e+000  0.000000e+000  0.000000e+000  0.000000e+000  0.000000e+000  0.000000e+000  
0.000000e+000  0.000000e+000  0.000000e+000  0.000000e+000  0.000000e+000  0.000000e+000  0.000000e+000  0.000000e+000  0.000000e+000  0.000000e+000  0.000000e+000  0.000000e+000  0.000000e+000  0.000000e+000  0.000000e+000  0.000000e+000  0.000000e+000  
0.000000e+000  0.000000e+000  0.000000e+000  0.000000e+000  0.000000e+000  0.000000e+000  0.000000e+000  0.000000e+000  0.000000e+000  0.000000e+000  0.000000e+000  0.000000e+000  0.000000e+000  0.000000e+000  0.000000e+000  0.000000e+000  0.000000e+000  
0.000000e+000  0.000000e+000  0.000000e+000  0.000000e+000  0.000000e+000  0.000000e+000  0.000000e+000  0.000000e+000  0.000000e+000  0.000000e+000  0.000000e+000  0.000000e+000  0.000000e+000  0.000000e+000  0.000000e+000  0.000000e+000  0.000000e+000  
0.000000e+000  0.000000e+000  0.000000e+000  0.000000e+000  0.000000e+000  0.000000e+000  0.000000e+000  0.000000e+000  0.000000e+000  0.000000e+000  0.000000e+000  0.000000e+000  0.000000e+000  0.000000e+000  0.000000e+000  0.000000e+000  0.000000e+000  
0.000000e+000  0.000000e+000  0.000000e+000  0.000000e+000  0.000000e+000  0.000000e+000  0.000000e+000  0.000000e+000  0.000000e+000  0.000000e+000  0.000000e+000  0.000000e+000  0.000000e+000  0.000000e+000  0.000000e+000  0.000000e+000  0.000000e+000  
0.000000e+000  0.000000e+000  0.000000e+000  0.000000e+000  0.000000e+000  0.000000e+000  0.000000e+000  0.000000e+000  0.000000e+000  0.000000e+000  0.000000e+000  0.000000e+000  0.000000e+000  0.000000e+000  0.000000e+000  0.000000e+000  0.000000e+000  
0.000000e+000  0.000000e+000  0.000000e+000  0.000000e+000  0.000000e+000  0.000000e+000  0.000000e+000  0.000000e+000  0.000000e+000  0.000000e+000  0.000000e+000  0.000000e+000  0.000000e+000  0.000000e+000  0.000000e+000  0.000000e+000  0.000000e+000  
0.000000e+000  0.000000e+000  0.000000e+000  0.000000e+000  0.000000e+000  0.000000e+000  0.000000e+000  0.000000e+000  0.000000e+000  0.000000e+000  0.000000e+000  0.000000e+000  0.000000e+000  0.000000e+000  0.000000e+000  0.000000e+000  0.000000e+000  
0.000000e+000  0.000000e+000  0.000000e+000  0.000000e+000  0.000000e+000  0.000000e+000  0.000000e+000  0.000000e+000  0.000000e+000  0.000000e+000  0.000000e+000  0.000000e+000  0.000000e+000  0.000000e+000  0.000000e+000  0.000000e+000  0.000000e+000  
0.000000e+000  0.000000e+000  0.000000e+000  0.000000e+000  0.000000e+000  0.000000e+000  0.000000e+000  0.000000e+000  0.000000e+000  0.000000e+000  0.000000e+000  0.000000e+000  0.000000e+000  0.000000e+000  0.000000e+000  0.000000e+000  0.000000e+000  
0.000000e+000  0.000000e+000  0.000000e+000  0.000000e+000  0.000000e+000  0.000000e+000  0.000000e+000  0.000000e+000  0.000000e+000  0.000000e+000  0.000000e+000  0.000000e+000  0.000000e+000  0.000000e+000  0.000000e+000  0.000000e+000  0.000000e+000  
0.000000e+000  0.000000e+000  0.000000e+000  0.000000e+000  0.000000e+000  0.000000e+000  0.000000e+000  0.000000e+000  0.000000e+000  0.000000e+000  0.000000e+000  0.000000e+000  0.000000e+000  0.000000e+000  0.000000e+000  0.000000e+000  0.000000e+000  
0.000000e+000  0.000000e+000  0.000000e+000  0.000000e+000  0.000000e+000  0.000000e+000  0.000000e+000  0.000000e+000  0.000000e+000  0.000000e+000  0.000000e+000  0.000000e+000  0.000000e+000  0.000000e+000  0.000000e+000  0.000000e+000  0.000000e+000  
0.000000e+000  0.000000e+000  0.000000e+000  0.000000e+000  0.000000e+000  0.000000e+000  0.000000e+000  0.000000e+000  0.000000e+000  0.000000e+000  0.000000e+000  0.000000e+000  0.000000e+000  0.000000e+000  0.000000e+000  0.000000e+000  0.000000e+000  
0.000000e+000  0.000000e+000  0.000000e+000  0.000000e+000  0.000000e+000  0.000000e+000  0.000000e+000  0.000000e+000  0.000000e+000  0.000000e+000  0.000000e+000  0.000000e+000  0.000000e+000  0.000000e+000  0.000000e+000  0.000000e+000  0.000000e+000  
0.000000e+000  0.000000e+000  0.000000e+000  0.000000e+000  0.000000e+000  0.000000e+000  0.000000e+000  0.000000e+000  0.000000e+000  0.000000e+000  0.000000e+000  0.000000e+000  0.000000e+000  0.000000e+000  0.000000e+000  0.000000e+000  0.000000e+000  
0.000000e+000  0.000000e+000  0.000000e+000  0.000000e+000  0.000000e+000  0.000000e+000  0.000000e+000  0.000000e+000  0.000000e+000  0.000000e+000  0.000000e+000  0.000000e+000  0.000000e+000  0.000000e+000  0.000000e+000  0.000000e+000  0.000000e+000  
0.000000e+000  0.000000e+000  0.000000e+000  0.000000e+000  0.000000e+000  0.000000e+000  0.000000e+000  0.000000e+000  0.000000e+000  0.000000e+000  0.000000e+000  0.000000e+000  0.000000e+000  0.000000e+000  0.000000e+000  0.000000e+000  0.000000e+000  
0.000000e+000  0.000000e+000  0.000000e+000  0.000000e+000  0.000000e+000  0.000000e+000  0.000000e+000  0.000000e+000  0.000000e+000  0.000000e+000  0.000000e+000  0.000000e+000  0.000000e+000  0.000000e+000  0.000000e+000  0.000000e+000  0.000000e+000  
0.000000e+000  0.000000e+000  0.000000e+000  0.000000e+000  0.000000e+000  0.000000e+000  0.000000e+000  0.000000e+000  0.000000e+000  0.000000e+000  0.000000e+000  0.000000e+000  0.000000e+000  0.000000e+000  0.000000e+000  0.000000e+000  0.000000e+000  
0.000000e+000  0.000000e+000  0.000000e+000  0.000000e+000  0.000000e+000  0.000000e+000  0.000000e+000  0.000000e+000  0.000000e+000  0.000000e+000  0.000000e+000  0.000000e+000  0.000000e+000  0.000000e+000  0.000000e+000  0.000000e+000  0.000000e+000  
0.000000e+000  0.000000e+000  0.000000e+000  0.000000e+000  0.000000e+000  0.000000e+000  0.000000e+000  0.000000e+000  0.000000e+000  0.000000e+000  0.000000e+000  0.000000e+000  0.000000e+000  0.000000e+000  0.000000e+000  0.000000e+000  0.000000e+000  

-0.000000e+000  -6.409944e+000  -1.278073e+001  -1.907366e+001  -2.525097e+001  -2.605350e+001  -2.671568e+001  -2.724913e+001  -2.766657e+001  -2.798126e+001  -2.820649e+001  -2.835525e+001  -2.843989e+001  -2.845146e+001  -2.833389e+001  -2.775100e+001  -2.729016e+001  
-0.000000e+000  -7.266186e+000  -1.448270e+001  -2.160026e+001  -2.857045e+001  -2.921212e+001  -2.967791e+001  -2.999169e+001  -3.017707e+001  -3.025642e+001  -3.025030e+001  -3.017718e+001  -3.005329e+001  -2.969530e+001  -2.927827e+001  -2.823741e+001  -2.759565e+001  
-0.000000e+000  -9.480434e+000  -1.889040e+001  -2.815806e+001  -3.720930e+001  -3.715746e+001  -3.687092e+001  -3.641677e+001  -3.585145e+001  -3.522037e+001  -3.455854e+001  -3.389204e+001  -3.323957e+001  -3.201555e+001  -3.095103e+001  -2.904673e+001  -2.809749e+001  
-0.000000e+000  -1.287281e+001  -2.568901e+001  -3.837999e+001  -5.085486e+001  -4.887764e+001  -4.675965e+001  -4.464507e+001  -4.262745e+001  -4.075987e+001  -3.906611e+001  -3.755065e+001  -3.620642e+001  -3.399252e+001  -3.228014e+001  -2.967543e+001  -2.850520e+001  
-0.000000e+000  -1.495983e+001  -2.996365e+001  -4.502457e+001  -6.009584e+001  -5.593443e+001  -5.201652e+001  -4.849363e+001  -4.541690e+001  -4.277585e+001  -4.052866e+001  -3.862199e+001  -3.700217e+001  -3.447735e+001  -3.260326e+001  -2.986704e+001  -2.865372e+001  
-0.000000e+000  -1.678733e+001  -3.387887e+001  -5.151925e+001  -6.982313e+001  -6.229627e+001  -5.594943e+001  -5.079467e+001  -4.668538e+001  -4.342555e+001  -4.082796e+001  -3.873619e+001  -3.702784e+001  -3.448323e+001  -3.264078e+001  -2.996597e+001  -2.876022e+001  
-0.000000e+000  -1.706587e+001  -3.462358e+001  -5.310944e+001  -7.280577e+001  -6.358974e+001  -5.626071e+001  -5.061633e+001  -4.631048e+001  -4.300907e+001  -4.044273e+001  -3.841055e+001  -3.676762e+001  -3.433926e+001  -3.257809e+001  -2.998165e+001  -2.879120e+001  
-0.000000e+000  -1.694139e+001  -3.460692e+001  -5.370402e+001  -7.479994e+001  -6.374871e+001  -5.555875e+001  -4.963759e+001  -4.534158e+001  -4.216510e+001  -3.975416e+001  -3.787095e+001  -3.635707e+001  -3.411779e+001  -3.247589e+001  -2.998545e+001  -2.881628e+001  
-0.000000e+000  -1.622627e+001  -3.342221e+001  -5.266592e+001  -7.504983e+001  -6.216150e+001  -5.347614e+001  -4.767772e+001  -4.370563e+001  -4.087387e+001  -3.876574e+001  -3.712948e+001  -3.581033e+001  -3.382960e+001  -3.234101e+001  -2.997922e+001  -2.883599e+001  
-0.000000e+000  -1.472237e+001  -3.057208e+001  -4.907344e+001  -7.234354e+001  -5.798434e+001  -4.962309e+001  -4.460881e+001  -4.138827e+001  -3.916065e+001  -3.751174e+001  -3.621832e+001  -3.515434e+001  -3.349099e+001  -3.218243e+001  -2.996518e+001  -2.885098e+001  
-0.000000e+000  -1.314809e+001  -2.734487e+001  -4.433031e+001  -6.745998e+001  -5.292384e+001  -4.575538e+001  -4.185057e+001  -3.944173e+001  -3.778254e+001  -3.653213e+001  -3.552127e+001  -3.466049e+001  -3.323997e+001  -3.206533e+001  -2.995239e+001  -2.885899e+001  
-0.000000e+000  -1.116714e+001  -2.303747e+001  -3.720974e+001  -5.861753e+001  -4.567395e+001  -4.092628e+001  -3.865956e+001  -3.728531e+001  -3.629615e+001  -3.549451e+001  -3.479266e+001  -3.414967e+001  -3.298311e+001  -3.194596e+001  -2.993792e+001  -2.886533e+001  
-0.000000e+000  -8.913126e+000  -1.783833e+001  -2.729185e+001  -4.273687e+001  -3.598355e+001  -3.536871e+001  -3.521555e+001  -3.502754e+001  -3.476728e+001  -3.444041e+001  -3.405959e+001  -3.363986e+001  -3.272903e+001  -3.182838e+001  -2.992265e+001  -2.887024e+001  
-0.000000e+000  -6.653032e+000  -1.243252e+001  -1.505817e+001  -0.000000e+000  -2.446596e+001  -2.968607e+001  -3.179534e+001  -3.280470e+001  -3.327156e+001  -3.341553e+001  -3.335109e+001  -3.314992e+001  -3.248660e+001  -3.171660e+001  -2.990743e+001  -2.887395e+001  
-0.000000e+000  -3.892784e+000  -6.601403e+000  -6.304474e+000  -0.000000e+000  -1.481244e+001  -2.293238e+001  -2.730606e+001  -2.979879e+001  -3.123316e+001  -3.201913e+001  -3.238892e+001  -3.248747e+001  -3.216102e+001  -3.156713e+001  -2.988618e+001  -2.887768e+001  
-0.000000e+000  -2.159017e+000  -3.376803e+000  -2.763193e+000  -0.000000e+000  -1.052271e+001  -1.872596e+001  -2.410918e+001  -2.753240e+001  -2.965889e+001  -3.093082e+001  -3.163737e+001  -3.197046e+001  -3.190796e+001  -3.145135e+001  -2.986922e+001  -2.887986e+001  
-0.000000e+000  -1.140191e+000  -1.693043e+000  -1.275312e+000  -0.000000e+000  -8.445827e+000  -1.606934e+001  -2.174451e+001  -2.569486e+001  -2.831598e+001  -2.997774e+001  -3.097110e+001  -3.150987e+001  -3.168286e+001  -3.134873e+001  -2.985370e+001  -2.888109e+001  
-0.000000e+000  -2.159017e+000  -3.376803e+000  -2.763193e+000  -0.000000e+000  -1.052271e+001  -1.872596e+001  -2.410918e+001  -2.753240e+001  -2.965889e+001  -3.093082e+001  -3.163737e+001  -3.197046e+001  -3.190796e+001  -3.145135e+001  -2.986922e+001  -2.887986e+001  
-0.000000e+000  -3.892784e+000  -6.601403e+000  -6.304474e+000  -0.000000e+000  -1.481244e+001  -2.293238e+001  -2.730606e+001  -2.979879e+001  -3.123316e+001  -3.201913e+001  -3.238892e+001  -3.248747e+001  -3.216102e+001  -3.156713e+001  -2.988618e+001  -2.887768e+001  
-0.000000e+000  -6.653032e+000  -1.243252e+001  -1.505817e+001  -0.000000e+000  -2.446596e+001  -2.968607e+001  -3.179534e+001  -3.280470e+001  -3.327156e+001  -3.341553e+001  -3.335109e+001  -3.314992e+001  -3.248660e+001  -3.171660e+001  -2.990743e+001  -2.887395e+001  
-0.000000e+000  -8.913126e+000  -1.783833e+001  -2.729185e+001  -4.273687e+001  -3.598355e+001  -3.536871e+001  -3.521555e+001  -3.502754e+001  -3.476728e+001  -3.444041e+001  -3.405959e+001  -3.363986e+001  -3.272903e+001  -3.182838e+001  -2.992265e+001  -2.887023e+001  
-0.000000e+000  -1.116714e+001  -2.303747e+001  -3.720974e+001  -5.861753e+001  -4.567395e+001  -4.092628e+001  -3.865956e+001  -3.728531e+001  -3.629615e+001  -3.549451e+001  -3.479266e+001  -3.414967e+001  -3.298311e+001  -3.194596e+001  -2.993792e+001  -2.886533e+001  
-0.000000e+000  -1.314809e+001  -2.734487e+001  -4.433031e+001  -6.745998e+001  -5.292384e+001  -4.575538e+001  -4.185057e+001  -3.944173e+001  -3.778254e+001  -3.653213e+001  -3.552127e+001  -3.466049e+001  -3.323997e+001  -3.206533e+001  -2.995239e+001  -2.885899e+001  
-0.000000e+000  -1.472237e+001  -3.057208e+001  -4.907344e+001  -7.234354e+001  -5.798434e+001  -4.962309e+001  -4.460881e+001  -4.138827e+001  -3.916065e+001  -3.751174e+001  -3.621832e+001  -3.515434e+001  -3.349099e+001  -3.218243e+001  -2.996518e+001  -2.885098e+001  
-0.000000e+000  -1.622627e+001  -3.342221e+001  -5.266592e+001  -7.504983e+001  -6.216150e+001  -5.347614e+001  -4.767772e+001  -4.370563e+001  -4.087387e+001  -3.876574e+001  -3.712948e+001  -3.581033e+001  -3.382960e+001  -3.234101e+001  -2.997922e+001  -2.883599e+001  
-0.000000e+000  -1.694139e+001  -3.460692e+001  -5.370402e+001  -7.479994e+001  -6.374871e+001  -5.555875e+001  -4.963759e+001  -4.534158e+001  -4.216510e+001  -3.975416e+001  -3.787095e+001  -3.635707e+001  -3.411779e+001  -3.247589e+001  -2.998545e+001  -2.881628e+001  
-0.000000e+000  -1.706587e+001  -3.462358e+001  -5.310944e+001  -7.280577e+001  -6.358974e+001  -5.626071e+001  -5.061633e+001  -4.631048e+001  -4.300907e+001  -4.044273e+001  -3.841055e+001  -3.676762e+001  -3.433926e+001  -3.257809e+001  -2.998165e+001  -2.879120e+001  
-0.000000e+000  -1.678733e+001  -3.387887e+001  -5.151925e+001  -6.982313e+001  -6.229627e+001  -5.594943e+001  -5.079467e+001  -4.668538e+001  -4.342555e+001  -4.082796e+001  -3.873619e+001  -3.702784e+001  -3.448323e+001  -3.264078e+001  -2.996597e+001  -2.876022e+001  
-0.000000e+000  -1.495983e+001  -2.996365e+001  -4.502457e+001  -6.009584e+001  -5.593443e+001  -5.201652e+001  -4.849363e+001  -4.541690e+001  -4.277585e+001  -4.052866e+001  -3.862199e+001  -3.700217e+001  -3.447735e+001  -3.260326e+001  -2.986704e+001  -2.865372e+001  
-0.000000e+000  -1.287281e+001  -2.568901e+001  -3.837999e+001  -5.085486e+001  -4.887764e+001  -4.675965e+001  -4.464507e+001  -4.262745e+001  -4.075987e+001  -3.906611e+001  -3.755065e+001  -3.620642e+001  -3.399252e+001  -3.228014e+001  -2.967543e+001  -2.850520e+001  
-0.000000e+000  -9.480434e+000  -1.889040e+001  -2.815806e+001  -3.720930e+001  -3.715746e+001  -3.687092e+001  -3.641677e+001  -3.585145e+001  -3.522037e+001  -3.455854e+001  -3.389204e+001  -3.323957e+001  -3.201555e+001  -3.095103e+001  -2.904673e+001  -2.809749e+001  
-0.000000e+000  -7.266186e+000  -1.448270e+001  -2.160026e+001  -2.857045e+001  -2.921212e+001  -2.967791e+001  -2.999169e+001  -3.017707e+001  -3.025642e+001  -3.025030e+001  -3.017718e+001  -3.005329e+001  -2.969530e+001  -2.927827e+001  -2.823741e+001  -2.759565e+001  
-0.000000e+000  -6.409944e+000  -1.278073e+001  -1.907366e+001  -2.525097e+001  -2.605350e+001  -2.671568e+001  -2.724913e+001  -2.766657e+001  -2.798126e+001  -2.820649e+001  -2.835525e+001  -2.843989e+001  -2.845146e+001  -2.833389e+001  -2.775100e+001  -2.729016e+001  

