2025-10-16 11:15:53   Build version: 2025.4 Release from 2025-04-11 (change 1409410)

2025-10-16 11:15:53   Starting adaptive port meshing.

                      ------------------------------------------------------------------------------
2025-10-16 11:15:53   Mode calculation for port 1:

                      ------------------------------------------------------------------------------
2025-10-16 11:15:53   According to the selected features the <Time Domain Solver (HEX)> will be
                      started.

                      ------------------------------------------------------------------------------
2025-10-16 11:15:53   

                      ------------------------------------------------------------------------------
2025-10-16 11:15:53   

                      ------------------------------------------------------------------------------
2025-10-16 11:15:57   Using Generalized port mode solver.

                      ------------------------------------------------------------------------------
2025-10-16 11:15:58   Port mode solver: Detected dispersive material(s) at port 1. 
                      Using a constant approximation of dispersive material(s) at 2.4 GHz and neglecting loss terms.  More...

                      ------------------------------------------------------------------------------
2025-10-16 11:15:59     -------------------------------- F-Calc 2.4 --------------------------------
                        Port   Mode   Type        Z-Wave        Z-Wave-Sigma  Z-Line        F-Cutoff
                        1      1      QTEM        207           0             60.1          ---
                        ----------------------------------------------------------------------------

2025-10-16 11:16:01   Pass 1 successfully completed. 
2025-10-16 11:16:01   According to the selected features the <Time Domain Solver (HEX)> will be
                      started.

                      ------------------------------------------------------------------------------
2025-10-16 11:16:01   

                      ------------------------------------------------------------------------------
2025-10-16 11:16:01   

                      ------------------------------------------------------------------------------
2025-10-16 11:16:08     -------------------------------- F-Calc 2.4 --------------------------------
                        Port   Mode   Type        Z-Wave        Z-Wave-Sigma  Z-Line        F-Cutoff
                        1      1      QTEM        210           0             62.9          ---
                        ----------------------------------------------------------------------------

2025-10-16 11:16:10   Pass 2 successfully completed. Delta (Line Imp.): 4.46%
2025-10-16 11:16:10   According to the selected features the <Time Domain Solver (HEX)> will be
                      started.

                      ------------------------------------------------------------------------------
2025-10-16 11:16:10   

                      ------------------------------------------------------------------------------
2025-10-16 11:16:10   

                      ------------------------------------------------------------------------------
2025-10-16 11:16:16     -------------------------------- F-Calc 2.4 --------------------------------
                        Port   Mode   Type        Z-Wave        Z-Wave-Sigma  Z-Line        F-Cutoff
                        1      1      QTEM        250           1.05e-007     62.7          ---
                        ----------------------------------------------------------------------------

2025-10-16 11:16:18   Pass 3 successfully completed. Delta (Line Imp.): 0.34%
2025-10-16 11:16:18   According to the selected features the <Time Domain Solver (HEX)> will be
                      started.

                      ------------------------------------------------------------------------------
2025-10-16 11:16:18   

                      ------------------------------------------------------------------------------
2025-10-16 11:16:18   

                      ------------------------------------------------------------------------------
2025-10-16 11:16:25     -------------------------------- F-Calc 2.4 --------------------------------
                        Port   Mode   Type        Z-Wave        Z-Wave-Sigma  Z-Line        F-Cutoff
                        1      1      QTEM        252           2.05e-007     62.7          ---
                        ----------------------------------------------------------------------------

2025-10-16 11:16:28   Pass 4 successfully completed. Delta (Line Imp.): 0.01%
2025-10-16 11:16:28   Adaptive port meshing finished. 

                      ------------------------------------------------------------------------------
2025-10-16 11:16:30   The following farfield monitor(s) have been adjusted to model box [-58.0685,
                      58.0685, -50.438, 45.6185, -5.23929, 16.1086]:
                        farfield (f=2.4417).
                      For further information please check the page "Special Solver Parameters -
                      Solver" in the Online Help.

                      ------------------------------------------------------------------------------
2025-10-16 11:16:30   According to the selected features the <Time Domain Solver (HEX)> will be
                      started.

                      ------------------------------------------------------------------------------
2025-10-16 11:16:31   
                      Solver started at: 2025-10-16 11:16:31 +0200

                        Module:  Time Domain: S-Parameter (Win 64)
                        Version: 2025.4 Release from 2025-04-11 (change 1409410)

2025-10-16 11:16:31   

                      ------------------------------------------------------------------------------
2025-10-16 11:16:31   

                      ------------------------------------------------------------------------------
2025-10-16 11:16:31   ======================================================================
                       Solver cycle: 1
                      ======================================================================

                      Stimulation at port 1 (mode 1) 



                      ------------------------------------------------------------------------------
2025-10-16 11:16:31   Units settings: 

                        Dimensions: mm
                        Frequency:  GHz
                        Time:       ns

                      ------------------------------------------------------------------------------
2025-10-16 11:16:31   The dispersive material update [Automatic] will be performed using the "Standard" update schema

                      ------------------------------------------------------------------------------
2025-10-16 11:16:44   Mesh statistics:

                         Hexahedral mesh type: Perfect Boundary Approximation (PBA)
                            Version: default

                         Parallelization type: domain decomposition
                            Number of parallel working threads: 2
                            Number of calculation domains used: 2

                         Used point accuracy enhancement value: 75.00%.
                         Acceleration mode: CPU
                         PBA fill limit: 99.00% (inverse)
                         Used point accuracy enhancement value: 74.00%.

2025-10-16 11:14:13      *** Warning ***  current system memory usage reached 85% (14 GB)


2025-10-16 11:16:46   Using Generalized port mode solver.

                      ------------------------------------------------------------------------------
2025-10-16 11:16:47   Port mode solver: Detected dispersive material(s) at port 1. 
                      Using a constant approximation of dispersive material(s) at 2.4 GHz and neglecting loss terms.  More...

                      ------------------------------------------------------------------------------
2025-10-16 11:16:47   Boundary conditions: 

                        YZsymmetry: none
                        XZsymmetry: none
                        XYsymmetry: none

                        Xmin: expanded open, 4 Layer, depth 33.1934 mm
                        Xmax: expanded open, 4 Layer, depth 33.1934 mm

                        Ymin: expanded open, 4 Layer, depth 32.9277 mm
                        Ymax: expanded open, 4 Layer, depth 33.1854 mm

                        Zmin: expanded open, 4 Layer, depth 33.309 mm
                        Zmax: expanded open, 4 Layer, depth 37.9017 mm

                        PML-Type: Convolution PML

                      ------------------------------------------------------------------------------
2025-10-16 11:16:47   Frequency settings: 

                        Fmin:         2.2
                        Fmax:         2.6
                        Nfsteps(lin): 1001

                      ------------------------------------------------------------------------------
2025-10-16 11:16:48   Field update statistics:

                        Number of components in total: 	347170
                        Number of TST and special elements:	228
                        Number of lossy metal components:	8188
                        Number of disp. elements:		4553

                      Subcycling state:      			Automatically deactivated

                      ------------------------------------------------------------------------------
2025-10-16 11:16:48   Waveguide boundaries:

2025-10-16 11:16:48   Port: 1

2025-10-16 11:16:48     -------------------------------- F-Calc 2.4 --------------------------------
                        Port   Mode   Type        Z-Wave        Z-Wave-Sigma  Z-Line        F-Cutoff
                        1      1      QTEM        207           0             62.7          ---
                        ----------------------------------------------------------------------------

2025-10-16 11:16:49   Using standard absorber for unconsidered modes at port 1.

                      ------------------------------------------------------------------------------
2025-10-16 11:17:25   
                      --------------------------------------------------------------------------------
2025-10-16 11:17:25   Steady state energy criterion met, solver finished successfully.

                      ------------------------------------------------------------------------------
2025-10-16 11:17:25   Frequency domain results normalized to default signal.


                      ------------------------------------------------------------------------------
2025-10-16 11:17:25   
                        ----------------------------------------------------------------------------
                                            Peak memory used (kB)         Free physical memory (kB) 
                                                                          At begin     Minimum      
                        ----------------------------------------------------------------------------
                        Matrices calc.      143314                        1989257      1206054      
                        Solver run total    74728                         3018088      2719444      
                        ----------------------------------------------------------------------------

                      --------------------------------------------------------------------------------
                      Solver Statistics:

                        Hardware:
                           Computer name:                 	Heu 

                           Number of CPU threads:               4
                           Hardware info:                  	Hardware Accelerator Device not activated

                        Number of mesh cells:             	55296
                        Excitation duration:              	1.77727437e+001 ns 
                        Calculation time for excitation:  	22 	s
                        Number of calculated pulse widths:	1.26558 
                        Steady state accuracy limit:      	-40	dB 
                        Simulated number of time steps:   	8771 
                        Maximum number of time steps:     	138608 
                        Time step width:
                           without subcycles:             	2.564455844e-003 ns
                           used:                          	2.564455844e-003 ns

                        Matrix calculation time:          	12 	s
                        Solver setup time:                	9 	s
                        Solver loop time:                 	29 	s
                        Solver post-processing time:      	2 	s
                                                          	------------
                        Total solver time:                	52 	s

                      ------------------------------------------------------------------------------
2025-10-16 11:17:26   
                        Adaptive port meshing time:          	37     	s
                        Total solver time (all cycles):      	52     	s
                        Solver initialization and clean-up:  	3      	s
                                                             	------------
                        Total simulation time:               	92     	s  ( = 0 h, 1 m, 32 s )

                      ------------------------------------------------------------------------------
2025-10-16 11:17:26   Solver finished at: 2025-10-16 11:17:26 +0200



                      ------------------------------------------------------------------------------
2025-10-16 11:17:30   Creating parametric 1D results for Run ID 43

                      ------------------------------------------------------------------------------
