2025-10-09 15:43:56   Build version: 2025.4 Release from 2025-04-11 (change 1409410)

2025-10-09 15:43:56   Starting adaptive port meshing.

                      ------------------------------------------------------------------------------
2025-10-09 15:43:56   Mode calculation for port 1:

                      ------------------------------------------------------------------------------
2025-10-09 15:43:56   According to the selected features the <Time Domain Solver (HEX)> will be
                      started.

                      ------------------------------------------------------------------------------
2025-10-09 15:43:57   

                      ------------------------------------------------------------------------------
2025-10-09 15:43:57   

                      ------------------------------------------------------------------------------
2025-10-09 15:44:02   Using Generalized port mode solver.

                      ------------------------------------------------------------------------------
2025-10-09 15:44:03   Port mode solver: Detected dispersive material(s) at port 1. 
                      Using a constant approximation of dispersive material(s) at 2.4 GHz and neglecting loss terms.  More...

                      ------------------------------------------------------------------------------
2025-10-09 15:44:05     -------------------------------- F-Calc 2.4 --------------------------------
                        Port   Mode   Type        Z-Wave        Z-Wave-Sigma  Z-Line        F-Cutoff
                        1      1      QTEM        207           0             60.1          ---
                        ----------------------------------------------------------------------------

2025-10-09 15:44:07   Pass 1 successfully completed. 
2025-10-09 15:44:07   According to the selected features the <Time Domain Solver (HEX)> will be
                      started.

                      ------------------------------------------------------------------------------
2025-10-09 15:44:08   

                      ------------------------------------------------------------------------------
2025-10-09 15:44:08   

                      ------------------------------------------------------------------------------
2025-10-09 15:44:16     -------------------------------- F-Calc 2.4 --------------------------------
                        Port   Mode   Type        Z-Wave        Z-Wave-Sigma  Z-Line        F-Cutoff
                        1      1      QTEM        210           0             62.9          ---
                        ----------------------------------------------------------------------------

2025-10-09 15:44:19   Pass 2 successfully completed. Delta (Line Imp.): 4.42%
2025-10-09 15:44:19   According to the selected features the <Time Domain Solver (HEX)> will be
                      started.

                      ------------------------------------------------------------------------------
2025-10-09 15:44:19   

                      ------------------------------------------------------------------------------
2025-10-09 15:44:19   

                      ------------------------------------------------------------------------------
2025-10-09 15:44:28     -------------------------------- F-Calc 2.4 --------------------------------
                        Port   Mode   Type        Z-Wave        Z-Wave-Sigma  Z-Line        F-Cutoff
                        1      1      QTEM        249           1.01e-007     62.7          ---
                        ----------------------------------------------------------------------------

2025-10-09 15:44:31   Pass 3 successfully completed. Delta (Line Imp.): 0.37%
2025-10-09 15:44:31   According to the selected features the <Time Domain Solver (HEX)> will be
                      started.

                      ------------------------------------------------------------------------------
2025-10-09 15:44:31   

                      ------------------------------------------------------------------------------
2025-10-09 15:44:31   

                      ------------------------------------------------------------------------------
2025-10-09 15:44:40     -------------------------------- F-Calc 2.4 --------------------------------
                        Port   Mode   Type        Z-Wave        Z-Wave-Sigma  Z-Line        F-Cutoff
                        1      1      QTEM        252           1.99e-007     62.7          ---
                        ----------------------------------------------------------------------------

2025-10-09 15:44:42   Pass 4 successfully completed. Delta (Line Imp.): 0.00%
2025-10-09 15:44:43   Adaptive port meshing finished. 

                      ------------------------------------------------------------------------------
2025-10-09 15:44:48   The following farfield monitor(s) have been adjusted to model box [-54.9851,
                      54.9851, -49.537, 44.6351, -5.0745, 16.1111]:
                        farfield (f=2.4417).
                      For further information please check the page "Special Solver Parameters -
                      Solver" in the Online Help.

                      ------------------------------------------------------------------------------
2025-10-09 15:44:48   According to the selected features the <Time Domain Solver (HEX)> will be
                      started.

                      ------------------------------------------------------------------------------
2025-10-09 15:44:48   
                      Solver started at: 2025-10-09 15:44:48 +0200

                        Module:  Time Domain: S-Parameter (Win 64)
                        Version: 2025.4 Release from 2025-04-11 (change 1409410)

2025-10-09 15:44:48   

                      ------------------------------------------------------------------------------
2025-10-09 15:44:48   

                      ------------------------------------------------------------------------------
2025-10-09 15:44:48   ======================================================================
                       Solver cycle: 1
                      ======================================================================

                      Stimulation at port 1 (mode 1) 



                      ------------------------------------------------------------------------------
2025-10-09 15:44:49   Units settings: 

                        Dimensions: mm
                        Frequency:  GHz
                        Time:       ns

                      ------------------------------------------------------------------------------
2025-10-09 15:44:49   The dispersive material update [Automatic] will be performed using the "Standard" update schema

                      ------------------------------------------------------------------------------
2025-10-09 15:45:05   Mesh statistics:

                         Hexahedral mesh type: Perfect Boundary Approximation (PBA)
                            Version: default

                         Parallelization type: domain decomposition
                            Number of parallel working threads: 2
                            Number of calculation domains used: 2

                         Used point accuracy enhancement value: 75.00%.
                         Acceleration mode: CPU
                         Used point accuracy enhancement value: 74.00%.
                         PBA fill limit: 99.00% (inverse)
2025-10-09 10:28:52      current system memory usage reached 80%

2025-10-09 13:17:49      *** Warning ***  current system memory usage reached 90% (15 GB)

2025-10-09 13:17:54      *** Warning ***  current system memory usage reached 90% (15 GB)


2025-10-09 15:45:10   Using Generalized port mode solver.

                      ------------------------------------------------------------------------------
2025-10-09 15:45:12   Port mode solver: Detected dispersive material(s) at port 1. 
                      Using a constant approximation of dispersive material(s) at 2.4 GHz and neglecting loss terms.  More...

                      ------------------------------------------------------------------------------
2025-10-09 15:45:13   Boundary conditions: 

                        YZsymmetry: none
                        XZsymmetry: none
                        XYsymmetry: none

                        Xmin: expanded open, 4 Layer, depth 34.4615 mm
                        Xmax: expanded open, 4 Layer, depth 34.4615 mm

                        Ymin: expanded open, 4 Layer, depth 32.9293 mm
                        Ymax: expanded open, 4 Layer, depth 34.4562 mm

                        Zmin: expanded open, 4 Layer, depth 34.7212 mm
                        Zmax: expanded open, 4 Layer, depth 37.889 mm

                        PML-Type: Convolution PML

                      ------------------------------------------------------------------------------
2025-10-09 15:45:13   Frequency settings: 

                        Fmin:         2.2
                        Fmax:         2.6
                        Nfsteps(lin): 1001

                      ------------------------------------------------------------------------------
2025-10-09 15:45:13   Field update statistics:

                        Number of components in total: 	347170
                        Number of TST and special elements:	228
                        Number of lossy metal components:	8108
                        Number of disp. elements:		4596

                      Subcycling state:      			Automatically deactivated

                      ------------------------------------------------------------------------------
2025-10-09 15:45:14   Waveguide boundaries:

2025-10-09 15:45:14   Port: 1

2025-10-09 15:45:14     -------------------------------- F-Calc 2.4 --------------------------------
                        Port   Mode   Type        Z-Wave        Z-Wave-Sigma  Z-Line        F-Cutoff
                        1      1      QTEM        207           0             62.7          ---
                        ----------------------------------------------------------------------------

2025-10-09 15:45:15   Using standard absorber for unconsidered modes at port 1.

                      ------------------------------------------------------------------------------
2025-10-09 15:45:58   
                      --------------------------------------------------------------------------------
2025-10-09 15:45:58   Steady state energy criterion met, solver finished successfully.

                      ------------------------------------------------------------------------------
2025-10-09 15:45:58   Frequency domain results normalized to default signal.


                      ------------------------------------------------------------------------------
2025-10-09 15:45:58   
                        ----------------------------------------------------------------------------
                                            Peak memory used (kB)         Free physical memory (kB) 
                                                                          At begin     Minimum      
                        ----------------------------------------------------------------------------
                        Matrices calc.      121651                        1989257      1206054      
                        Solver run total    75408                         2920744      1862840      
                        ----------------------------------------------------------------------------

                      --------------------------------------------------------------------------------
                      Solver Statistics:

                        Hardware:
                           Computer name:                 	Heu 

                           Number of CPU threads:               4
                           Hardware info:                  	Hardware Accelerator Device not activated

                        Number of mesh cells:             	55296
                        Excitation duration:              	1.77727437e+001 ns 
                        Calculation time for excitation:  	0 	s
                        Number of calculated pulse widths:	1.17582 
                        Steady state accuracy limit:      	-40	dB 
                        Simulated number of time steps:   	8250 
                        Maximum number of time steps:     	140327 
                        Time step width:
                           without subcycles:             	2.533032860e-003 ns
                           used:                          	2.533032860e-003 ns

                        Matrix calculation time:          	16 	s
                        Solver setup time:                	15 	s
                        Solver loop time:                 	33 	s
                        Solver post-processing time:      	3 	s
                                                          	------------
                        Total solver time:                	67 	s  ( = 0 h, 1 m, 7 s )

                      ------------------------------------------------------------------------------
2025-10-09 15:45:59   
                        Adaptive port meshing time:          	49     	s
                        Total solver time (all cycles):      	67     	s  ( = 0 h, 1 m, 7 s )
                        Solver initialization and clean-up:  	4      	s
                                                             	------------
                        Total simulation time:               	120    	s  ( = 0 h, 2 m, 0 s )

                      ------------------------------------------------------------------------------
2025-10-09 15:45:59   Solver finished at: 2025-10-09 15:45:59 +0200



                      ------------------------------------------------------------------------------
2025-10-09 15:46:03   Creating parametric 1D results for Run ID 15

                      ------------------------------------------------------------------------------
