2025-10-22 16:34:59   Build version: 2025.4 Release from 2025-04-11 (change 1409410)

2025-10-22 16:34:59   Starting adaptive port meshing.

                      ------------------------------------------------------------------------------
2025-10-22 16:34:59   Mode calculation for port 1:

                      ------------------------------------------------------------------------------
2025-10-22 16:34:59   According to the selected features the <Time Domain Solver (HEX)> will be
                      started.

                      ------------------------------------------------------------------------------
2025-10-22 16:34:59   

                      ------------------------------------------------------------------------------
2025-10-22 16:34:59   

                      ------------------------------------------------------------------------------
2025-10-22 16:35:03   Using Generalized port mode solver.

                      ------------------------------------------------------------------------------
2025-10-22 16:35:03   Using electric shielding for port 1.

                      ------------------------------------------------------------------------------
2025-10-22 16:35:04   Port mode solver: Detected dispersive material(s) at port 1. 
                      Using a constant approximation of dispersive material(s) at 2.4 GHz and neglecting loss terms.  More...

                      ------------------------------------------------------------------------------
2025-10-22 16:35:05     -------------------------------- F-Calc 2.4 --------------------------------
                        Port   Mode   Type        Z-Wave        Z-Wave-Sigma  Z-Line        F-Cutoff
                        1      1      QTEM        219           9.70e-008     91.7          ---
                        ----------------------------------------------------------------------------

2025-10-22 16:35:07   Pass 1 successfully completed. 
2025-10-22 16:35:07   According to the selected features the <Time Domain Solver (HEX)> will be
                      started.

                      ------------------------------------------------------------------------------
2025-10-22 16:35:07   

                      ------------------------------------------------------------------------------
2025-10-22 16:35:07   

                      ------------------------------------------------------------------------------
2025-10-22 16:35:14     -------------------------------- F-Calc 2.4 --------------------------------
                        Port   Mode   Type        Z-Wave        Z-Wave-Sigma  Z-Line        F-Cutoff
                        1      1      QTEM        225           3.94e-008     97.4          ---
                        ----------------------------------------------------------------------------

2025-10-22 16:35:16   Pass 2 successfully completed. Delta (Line Imp.): 5.91%
2025-10-22 16:35:16   According to the selected features the <Time Domain Solver (HEX)> will be
                      started.

                      ------------------------------------------------------------------------------
2025-10-22 16:35:16   

                      ------------------------------------------------------------------------------
2025-10-22 16:35:16   

                      ------------------------------------------------------------------------------
2025-10-22 16:35:23     -------------------------------- F-Calc 2.4 --------------------------------
                        Port   Mode   Type        Z-Wave        Z-Wave-Sigma  Z-Line        F-Cutoff
                        1      1      QTEM        246           4.63e-009     98.5          ---
                        ----------------------------------------------------------------------------

2025-10-22 16:35:25   Pass 3 successfully completed. Delta (Line Imp.): 1.10%
2025-10-22 16:35:25   According to the selected features the <Time Domain Solver (HEX)> will be
                      started.

                      ------------------------------------------------------------------------------
2025-10-22 16:35:25   

                      ------------------------------------------------------------------------------
2025-10-22 16:35:25   

                      ------------------------------------------------------------------------------
2025-10-22 16:35:33     -------------------------------- F-Calc 2.4 --------------------------------
                        Port   Mode   Type        Z-Wave        Z-Wave-Sigma  Z-Line        F-Cutoff
                        1      1      QTEM        251           8.88e-009     97.2          ---
                        ----------------------------------------------------------------------------

2025-10-22 16:35:34   Pass 4 successfully completed. Delta (Line Imp.): 1.34%
2025-10-22 16:35:34   Adaptive port meshing finished. 

                      ------------------------------------------------------------------------------
2025-10-22 16:35:35   The following farfield monitor(s) have been adjusted to model box [-29.1738,
                      29.1738, -31.1736, 27.0737, -3.44871, 14.8186]:
                        farfield (f=2.4417).
                      For further information please check the page "Special Solver Parameters -
                      Solver" in the Online Help.

                      ------------------------------------------------------------------------------
2025-10-22 16:35:35   According to the selected features the <Time Domain Solver (HEX)> will be
                      started.

                      ------------------------------------------------------------------------------
2025-10-22 16:35:36   
                      Solver started at: 2025-10-22 16:35:36 +0200

                        Module:  Time Domain: S-Parameter (Win 64)
                        Version: 2025.4 Release from 2025-04-11 (change 1409410)

2025-10-22 16:35:36   

                      ------------------------------------------------------------------------------
2025-10-22 16:35:36   

                      ------------------------------------------------------------------------------
2025-10-22 16:35:36   ======================================================================
                       Solver cycle: 1
                      ======================================================================

                      Stimulation at port 1 (mode 1) 



                      ------------------------------------------------------------------------------
2025-10-22 16:35:36   Units settings: 

                        Dimensions: mm
                        Frequency:  GHz
                        Time:       ns

                      ------------------------------------------------------------------------------
2025-10-22 16:35:36   The dispersive material update [Automatic] will be performed using the "Standard" update schema

                      ------------------------------------------------------------------------------
2025-10-22 16:35:50   Mesh statistics:

                         Hexahedral mesh type: Perfect Boundary Approximation (PBA)
                            Version: default

                         Parallelization type: domain decomposition
                            Number of parallel working threads: 2
                            Number of calculation domains used: 2

                         Used point accuracy enhancement value: 70.00%.
                         Acceleration mode: CPU
                         PBA fill limit: 99.00% (inverse)

2025-10-22 16:35:53   Using Generalized port mode solver.

                      ------------------------------------------------------------------------------
2025-10-22 16:35:53   Using electric shielding for port 1.

                      ------------------------------------------------------------------------------
2025-10-22 16:35:54   Port mode solver: Detected dispersive material(s) at port 1. 
                      Using a constant approximation of dispersive material(s) at 2.4 GHz and neglecting loss terms.  More...

                      ------------------------------------------------------------------------------
2025-10-22 16:35:55   Boundary conditions: 

                        YZsymmetry: none
                        XZsymmetry: none
                        XYsymmetry: none

                        Xmin: expanded open, 4 Layer, depth 31.5615 mm
                        Xmax: expanded open, 4 Layer, depth 31.5615 mm

                        Ymin: expanded open, 4 Layer, depth 36.0702 mm
                        Ymax: expanded open, 4 Layer, depth 31.5218 mm

                        Zmin: expanded open, 4 Layer, depth 31.7706 mm
                        Zmax: expanded open, 4 Layer, depth 36.7086 mm

                        PML-Type: Convolution PML

                      ------------------------------------------------------------------------------
2025-10-22 16:35:55   Frequency settings: 

                        Fmin:         2.2
                        Fmax:         2.6
                        Nfsteps(lin): 1001

                      ------------------------------------------------------------------------------
2025-10-22 16:35:55   Field update statistics:

                        Number of components in total: 	471249
                        Number of TST and special elements:	342
                        Number of lossy metal components:	7516
                        Number of disp. elements:		8408

                      Subcycling state:      			Automatically deactivated

                      ------------------------------------------------------------------------------
2025-10-22 16:35:55   Waveguide boundaries:

2025-10-22 16:35:55   Port: 1

2025-10-22 16:35:55     -------------------------------- F-Calc 2.4 --------------------------------
                        Port   Mode   Type        Z-Wave        Z-Wave-Sigma  Z-Line        F-Cutoff
                        1      1      QTEM        219           9.70e-008     97.2          ---
                        ----------------------------------------------------------------------------

2025-10-22 16:35:56   Using standard absorber for unconsidered modes at port 1.

                      ------------------------------------------------------------------------------
2025-10-22 16:36:31   
                      --------------------------------------------------------------------------------
2025-10-22 16:36:31   Steady state energy criterion met, solver finished successfully.

                      ------------------------------------------------------------------------------
2025-10-22 16:36:31   Frequency domain results normalized to default signal.


                      ------------------------------------------------------------------------------
2025-10-22 16:36:31   
                        ----------------------------------------------------------------------------
                                            Peak memory used (kB)         Free physical memory (kB) 
                                                                          At begin     Minimum      
                        ----------------------------------------------------------------------------
                        Matrices calc.      145589                        1989257      1206054      
                        Solver run total    82064                         2672252      2551376      
                        ----------------------------------------------------------------------------

                      --------------------------------------------------------------------------------
                      Solver Statistics:

                        Hardware:
                           Computer name:                 	Heu 

                           Number of CPU threads:               4
                           Hardware info:                  	Hardware Accelerator Device not activated

                        Number of mesh cells:             	75576
                        Excitation duration:              	1.77727437e+001 ns 
                        Calculation time for excitation:  	0 	s
                        Number of calculated pulse widths:	1.00931 
                        Steady state accuracy limit:      	-40	dB 
                        Simulated number of time steps:   	10857 
                        Maximum number of time steps:     	215136 
                        Time step width:
                           without subcycles:             	1.652229960e-003 ns
                           used:                          	1.652229960e-003 ns

                        Matrix calculation time:          	14 	s
                        Solver setup time:                	9 	s
                        Solver loop time:                 	29 	s
                        Solver post-processing time:      	1 	s
                                                          	------------
                        Total solver time:                	53 	s

                      ------------------------------------------------------------------------------
2025-10-22 16:36:32   
                        Adaptive port meshing time:          	38     	s
                        Total solver time (all cycles):      	53     	s
                        Solver initialization and clean-up:  	3      	s
                                                             	------------
                        Total simulation time:               	94     	s  ( = 0 h, 1 m, 34 s )

                      ------------------------------------------------------------------------------
2025-10-22 16:36:32   Solver finished at: 2025-10-22 16:36:32 +0200



                      ------------------------------------------------------------------------------
2025-10-22 16:36:33   Creating parametric 1D results for Run ID 4

                      ------------------------------------------------------------------------------
