Port monitor named: Port1_h1.prt

nx        = 38
ny        = 4
nz        = 19

nu        = 17
nv        = 36
iu        = 2
iv        = 2

idir      = 1
dcut      = -4.850000e-002
icut      = 2
type      = 1
frequency = 2.400000e+009

fcutoff   = 0.000000e+000
alpha     = 0.000000e+000
beta      = 9.402464e+001
accuracy  = 2.112678e-010

type          = QTEM
wave imp.     = 2.489643e+002
wave imp.sig. = 1.901511e-008
line imp.     = 4.207202e+001

ref. port     = 0

0.000000e+000  1.117932e-002  2.210714e-002  3.254453e-002  4.227659e-002  5.193174e-002  6.043195e-002  6.766920e-002  7.359411e-002  7.821171e-002  8.157419e-002  8.377161e-002  8.492201e-002  8.449047e-002  8.161821e-002  6.758757e-002  5.648474e-002  
0.000000e+000  4.165602e-002  8.224701e-002  1.207698e-001  1.563389e-001  1.911286e-001  2.211564e-001  2.460623e-001  2.657468e-001  2.803402e-001  2.901592e-001  2.956587e-001  2.973834e-001  2.912832e-001  2.773144e-001  2.225664e-001  1.828445e-001  
0.000000e+000  9.976024e-002  1.960588e-001  2.857049e-001  3.660165e-001  4.411158e-001  5.018515e-001  5.478207e-001  5.795189e-001  5.981255e-001  6.052680e-001  6.028047e-001  5.926494e-001  5.547843e-001  5.063640e-001  3.721778e-001  2.913832e-001  
0.000000e+000  2.120678e-001  4.137224e-001  5.956012e-001  7.503353e-001  8.836340e-001  9.782437e-001  1.035846e+000  1.060712e+000  1.058519e+000  1.035345e+000  9.969655e-001  9.484565e-001  8.337012e-001  7.186198e-001  4.746831e-001  3.514744e-001  
0.000000e+000  4.166539e-001  8.053544e-001  1.141042e+000  1.404819e+000  1.600989e+000  1.704250e+000  1.728080e+000  1.691356e+000  1.613191e+000  1.509977e+000  1.394353e+000  1.275346e+000  1.045367e+000  8.479528e-001  5.083822e-001  3.590548e-001  
0.000000e+000  6.639042e-001  1.276661e+000  1.789755e+000  2.164202e+000  2.396081e+000  2.460482e+000  2.398824e+000  2.257026e+000  2.073135e+000  1.873919e+000  1.676178e+000  1.489450e+000  1.163487e+000  9.057199e-001  5.102284e-001  3.494454e-001  
0.000000e+000  9.839379e-001  1.892838e+000  2.641999e+000  3.145672e+000  3.365821e+000  3.304428e+000  3.072779e+000  2.765540e+000  2.442408e+000  2.134491e+000  1.855165e+000  1.608327e+000  1.210314e+000  9.139821e-001  4.936411e-001  3.312900e-001  
0.000000e+000  1.226565e+000  2.370792e+000  3.320448e+000  3.932912e+000  4.110218e+000  3.908179e+000  3.519420e+000  3.078455e+000  2.654082e+000  2.273561e+000  1.943353e+000  1.661052e+000  1.223871e+000  9.083280e-001  4.789221e-001  3.176536e-001  
0.000000e+000  1.527186e+000  2.985929e+000  4.236846e+000  5.025885e+000  5.082641e+000  4.625534e+000  3.999579e+000  3.383755e+000  2.841662e+000  2.384430e+000  2.004525e+000  1.689783e+000  1.220275e+000  8.908371e-001  4.591420e-001  3.011556e-001  
0.000000e+000  1.875881e+000  3.747476e+000  5.479264e+000  6.619080e+000  6.363597e+000  5.446407e+000  4.476625e+000  3.647766e+000  2.980955e+000  2.451150e+000  2.028490e+000  1.688102e+000  1.196787e+000  8.604413e-001  4.342103e-001  2.818469e-001  
0.000000e+000  2.181110e+000  4.494462e+000  6.922042e+000  8.813082e+000  7.821910e+000  6.190298e+000  4.821349e+000  3.795945e+000  3.033246e+000  2.455435e+000  2.008178e+000  1.655145e+000  1.157156e+000  8.221626e-001  4.080762e-001  2.627064e-001  
0.000000e+000  2.388999e+000  5.084138e+000  8.353344e+000  1.170929e+001  9.270446e+000  6.739627e+000  5.005001e+000  3.838398e+000  3.019106e+000  2.417856e+000  1.961273e+000  1.605396e+000  1.110787e+000  7.820606e-001  3.831387e-001  2.450367e-001  
0.000000e+000  2.478439e+000  5.451615e+000  9.749980e+000  1.666744e+001  1.075236e+001  7.034336e+000  5.007079e+000  3.770135e+000  2.935700e+000  2.334482e+000  1.882600e+000  1.532890e+000  1.051456e+000  7.343752e-001  3.555429e-001  2.260215e-001  
0.000000e+000  2.376659e+000  5.307065e+000  1.013480e+001  2.617440e+001  1.152856e+001  6.785471e+000  4.755752e+000  3.573293e+000  2.778092e+000  2.203774e+000  1.771653e+000  1.437509e+000  9.792624e-001  6.792683e-001  3.254092e-001  2.057430e-001  
0.000000e+000  2.019661e+000  4.315184e+000  7.299612e+000  0.000000e+000  7.264846e+000  5.515796e+000  4.164169e+000  3.210847e+000  2.520433e+000  2.005022e+000  1.611207e+000  1.304730e+000  8.836200e-001  6.089314e-001  2.886466e-001  1.814944e-001  
0.000000e+000  1.451653e+000  2.784921e+000  3.361969e+000  0.000000e+000  3.743396e+000  3.898587e+000  3.302099e+000  2.673389e+000  2.144627e+000  1.722059e+000  1.388338e+000  1.124556e+000  7.586646e-001  5.200148e-001  2.441923e-001  1.527780e-001  
0.000000e+000  7.081221e-001  1.184721e+000  1.080481e+000  0.000000e+000  1.481093e+000  2.056038e+000  2.036946e+000  1.792654e+000  1.501053e+000  1.230727e+000  1.001411e+000  8.138006e-001  5.474173e-001  3.729127e-001  1.730451e-001  1.075694e-001  
0.000000e+000  -3.926751e-010  -2.006036e-010  -5.621508e-010  0.000000e+000  -1.006686e-010  5.175902e-010  2.646641e-010  4.214847e-010  0.000000e+000  0.000000e+000  -1.480610e-010  -1.849553e-010  3.510636e-010  4.608660e-011  4.646532e-010  3.645881e-010  
0.000000e+000  -7.081221e-001  -1.184721e+000  -1.080481e+000  0.000000e+000  -1.481093e+000  -2.056038e+000  -2.036946e+000  -1.792654e+000  -1.501053e+000  -1.230727e+000  -1.001411e+000  -8.138006e-001  -5.474173e-001  -3.729127e-001  -1.730451e-001  -1.075694e-001  
0.000000e+000  -1.451653e+000  -2.784921e+000  -3.361969e+000  0.000000e+000  -3.743396e+000  -3.898587e+000  -3.302099e+000  -2.673389e+000  -2.144627e+000  -1.722059e+000  -1.388338e+000  -1.124556e+000  -7.586646e-001  -5.200148e-001  -2.441923e-001  -1.527780e-001  
0.000000e+000  -2.019661e+000  -4.315184e+000  -7.299612e+000  0.000000e+000  -7.264846e+000  -5.515796e+000  -4.164169e+000  -3.210847e+000  -2.520433e+000  -2.005022e+000  -1.611207e+000  -1.304730e+000  -8.836200e-001  -6.089314e-001  -2.886466e-001  -1.814944e-001  
0.000000e+000  -2.376659e+000  -5.307065e+000  -1.013480e+001  -2.617440e+001  -1.152856e+001  -6.785471e+000  -4.755752e+000  -3.573293e+000  -2.778092e+000  -2.203774e+000  -1.771653e+000  -1.437509e+000  -9.792624e-001  -6.792683e-001  -3.254092e-001  -2.057430e-001  
0.000000e+000  -2.478439e+000  -5.451615e+000  -9.749980e+000  -1.666744e+001  -1.075236e+001  -7.034336e+000  -5.007079e+000  -3.770135e+000  -2.935700e+000  -2.334482e+000  -1.882600e+000  -1.532890e+000  -1.051456e+000  -7.343752e-001  -3.555429e-001  -2.260215e-001  
0.000000e+000  -2.388999e+000  -5.084138e+000  -8.353344e+000  -1.170929e+001  -9.270446e+000  -6.739627e+000  -5.005001e+000  -3.838398e+000  -3.019106e+000  -2.417856e+000  -1.961273e+000  -1.605396e+000  -1.110787e+000  -7.820607e-001  -3.831387e-001  -2.450367e-001  
0.000000e+000  -2.181110e+000  -4.494462e+000  -6.922042e+000  -8.813082e+000  -7.821910e+000  -6.190298e+000  -4.821349e+000  -3.795945e+000  -3.033245e+000  -2.455435e+000  -2.008178e+000  -1.655145e+000  -1.157156e+000  -8.221626e-001  -4.080763e-001  -2.627064e-001  
0.000000e+000  -1.875881e+000  -3.747476e+000  -5.479264e+000  -6.619080e+000  -6.363597e+000  -5.446407e+000  -4.476625e+000  -3.647766e+000  -2.980955e+000  -2.451150e+000  -2.028490e+000  -1.688102e+000  -1.196787e+000  -8.604413e-001  -4.342103e-001  -2.818469e-001  
0.000000e+000  -1.527186e+000  -2.985929e+000  -4.236846e+000  -5.025885e+000  -5.082641e+000  -4.625534e+000  -3.999579e+000  -3.383755e+000  -2.841662e+000  -2.384430e+000  -2.004525e+000  -1.689783e+000  -1.220275e+000  -8.908371e-001  -4.591420e-001  -3.011556e-001  
0.000000e+000  -1.226565e+000  -2.370792e+000  -3.320448e+000  -3.932912e+000  -4.110218e+000  -3.908179e+000  -3.519420e+000  -3.078455e+000  -2.654082e+000  -2.273561e+000  -1.943353e+000  -1.661052e+000  -1.223871e+000  -9.083280e-001  -4.789221e-001  -3.176536e-001  
0.000000e+000  -9.839379e-001  -1.892838e+000  -2.641999e+000  -3.145672e+000  -3.365821e+000  -3.304428e+000  -3.072779e+000  -2.765540e+000  -2.442408e+000  -2.134491e+000  -1.855165e+000  -1.608327e+000  -1.210314e+000  -9.139821e-001  -4.936411e-001  -3.312900e-001  
0.000000e+000  -6.639043e-001  -1.276661e+000  -1.789755e+000  -2.164202e+000  -2.396081e+000  -2.460482e+000  -2.398824e+000  -2.257026e+000  -2.073135e+000  -1.873919e+000  -1.676178e+000  -1.489450e+000  -1.163487e+000  -9.057199e-001  -5.102284e-001  -3.494454e-001  
0.000000e+000  -4.166539e-001  -8.053544e-001  -1.141042e+000  -1.404819e+000  -1.600989e+000  -1.704250e+000  -1.728080e+000  -1.691356e+000  -1.613191e+000  -1.509977e+000  -1.394353e+000  -1.275346e+000  -1.045367e+000  -8.479528e-001  -5.083822e-001  -3.590548e-001  
0.000000e+000  -2.120678e-001  -4.137224e-001  -5.956012e-001  -7.503353e-001  -8.836340e-001  -9.782437e-001  -1.035846e+000  -1.060712e+000  -1.058519e+000  -1.035345e+000  -9.969655e-001  -9.484565e-001  -8.337012e-001  -7.186198e-001  -4.746831e-001  -3.514744e-001  
0.000000e+000  -9.976024e-002  -1.960588e-001  -2.857049e-001  -3.660165e-001  -4.411158e-001  -5.018515e-001  -5.478207e-001  -5.795189e-001  -5.981255e-001  -6.052680e-001  -6.028047e-001  -5.926494e-001  -5.547843e-001  -5.063640e-001  -3.721778e-001  -2.913832e-001  
0.000000e+000  -4.165602e-002  -8.224701e-002  -1.207698e-001  -1.563389e-001  -1.911286e-001  -2.211564e-001  -2.460623e-001  -2.657468e-001  -2.803402e-001  -2.901592e-001  -2.956587e-001  -2.973834e-001  -2.912832e-001  -2.773144e-001  -2.225664e-001  -1.828445e-001  
0.000000e+000  -1.117932e-002  -2.210714e-002  -3.254453e-002  -4.227659e-002  -5.193174e-002  -6.043195e-002  -6.766920e-002  -7.359411e-002  -7.821171e-002  -8.157419e-002  -8.377161e-002  -8.492201e-002  -8.449047e-002  -8.161821e-002  -6.758757e-002  -5.648474e-002  
0.000000e+000  0.000000e+000  0.000000e+000  0.000000e+000  0.000000e+000  0.000000e+000  0.000000e+000  0.000000e+000  0.000000e+000  0.000000e+000  0.000000e+000  0.000000e+000  0.000000e+000  0.000000e+000  0.000000e+000  0.000000e+000  0.000000e+000  

-1.069195e+000  -1.062081e+000  -1.047987e+000  -1.027176e+000  -1.001304e+000  -9.713896e-001  -9.367978e-001  -8.982256e-001  -8.563965e-001  -8.120303e-001  -7.658180e-001  -7.184005e-001  -6.463297e-001  -5.507203e-001  -3.814175e-001  -1.274352e-001  0.000000e+000  
-1.122858e+000  -1.114686e+000  -1.098529e+000  -1.074747e+000  -1.045067e+000  -1.010633e+000  -9.710925e-001  -9.273628e-001  -8.803726e-001  -8.310205e-001  -7.801413e-001  -7.284833e-001  -6.507981e-001  -5.499212e-001  -3.748333e-001  -1.232814e-001  0.000000e+000  
-1.382454e+000  -1.368443e+000  -1.340932e+000  -1.300905e+000  -1.250523e+000  -1.191741e+000  -1.125963e+000  -1.055393e+000  -9.820977e-001  -9.079041e-001  -8.343386e-001  -7.626071e-001  -6.591007e-001  -5.356495e-001  -3.384512e-001  -1.032549e-001  0.000000e+000  
-1.877196e+000  -1.847810e+000  -1.790724e+000  -1.709119e+000  -1.606645e+000  -1.488262e+000  -1.361043e+000  -1.230827e+000  -1.102462e+000  -9.796112e-001  -8.647694e-001  -7.594030e-001  -6.165207e-001  -4.665313e-001  -2.561639e-001  -6.811200e-002  0.000000e+000  
-2.810946e+000  -2.739510e+000  -2.602498e+000  -2.411018e+000  -2.174669e+000  -1.910182e+000  -1.642699e+000  -1.387683e+000  -1.155263e+000  -9.506684e-001  -7.753694e-001  -6.283330e-001  -4.464640e-001  -2.882760e-001  -1.089173e-001  -1.703271e-002  0.000000e+000  
-3.698965e+000  -3.571593e+000  -3.328441e+000  -2.992832e+000  -2.585992e+000  -2.147738e+000  -1.731000e+000  -1.361255e+000  -1.049187e+000  -7.951222e-001  -5.937163e-001  -4.373518e-001  -2.585268e-001  -1.254227e-001  -3.008896e-003  1.450809e-002  0.000000e+000  
-5.089661e+000  -4.860293e+000  -4.418307e+000  -3.805873e+000  -3.072207e+000  -2.322156e+000  -1.669316e+000  -1.147635e+000  -7.535504e-001  -4.668426e-001  -2.639643e-001  -1.240125e-001  1.635404e-002  9.227935e-002  1.221918e-001  4.880284e-002  0.000000e+000  
-5.947359e+000  -5.655109e+000  -5.079162e+000  -4.260668e+000  -3.271328e+000  -2.301206e+000  -1.514121e+000  -9.313535e-001  -5.224620e-001  -2.452131e-001  -6.238298e-002  5.426113e-002  1.600168e-001  1.990255e-001  1.787175e-001  6.347502e-002  0.000000e+000  
-7.010478e+000  -6.649368e+000  -5.910465e+000  -4.809169e+000  -3.439496e+000  -2.173334e+000  -1.238811e+000  -6.125926e-001  -2.136541e-001  3.225347e-002  1.784184e-001  2.599472e-001  3.189232e-001  3.133459e-001  2.367010e-001  7.809258e-002  0.000000e+000  
-8.327510e+000  -7.909453e+000  -6.996881e+000  -5.508488e+000  -3.516920e+000  -1.850288e+000  -7.814934e-001  -1.594402e-001  1.857857e-001  3.689163e-001  4.576949e-001  4.908636e-001  4.905504e-001  4.332729e-001  2.952035e-001  9.245061e-002  0.000000e+000  
-9.938442e+000  -9.517703e+000  -8.489288e+000  -6.505236e+000  -3.355955e+000  -1.173910e+000  -5.970998e-002  4.578265e-001  6.815239e-001  7.618213e-001  7.702935e-001  7.419369e-001  6.709659e-001  5.561999e-001  3.531446e-001  1.063301e-001  0.000000e+000  
-1.131679e+001  -1.097906e+001  -1.002339e+001  -7.708793e+000  -2.820202e+000  -2.689696e-001  6.999804e-001  1.025400e+000  1.102270e+000  1.079478e+000  1.015370e+000  9.347931e-001  8.063445e-001  6.468111e-001  3.947833e-001  1.161206e-001  0.000000e+000  
-1.282380e+001  -1.267724e+001  -1.208030e+001  -9.823171e+000  -1.462361e+000  1.147158e+000  1.667895e+000  1.673693e+000  1.555656e+000  1.410911e+000  1.266169e+000  1.129652e+000  9.410933e-001  7.359066e-001  4.349661e-001  1.254343e-001  0.000000e+000  
-1.438551e+001  -1.454733e+001  -1.477596e+001  -1.415015e+001  1.871215e+000  3.238700e+000  2.802862e+000  2.362663e+000  2.018285e+000  1.742899e+000  1.514810e+000  1.321462e+000  1.072479e+000  8.219910e-001  4.731825e-001  1.341799e-001  0.000000e+000  
-1.588272e+001  -1.638956e+001  -1.779913e+001  -2.183291e+001  1.254685e+001  5.914239e+000  3.940345e+000  3.021601e+000  2.459416e+000  2.060291e+000  1.752823e+000  1.504953e+000  1.197705e+000  9.035501e-001  5.089257e-001  1.422686e-001  0.000000e+000  
-1.748900e+001  -1.821310e+001  -2.016481e+001  -2.518956e+001  1.205613e+001  7.145384e+000  4.891017e+000  3.690096e+000  2.942047e+000  2.419530e+000  2.026545e+000  1.717397e+000  1.343015e+000  9.978621e-001  5.497814e-001  1.514134e-001  0.000000e+000  
-1.864689e+001  -1.927907e+001  -2.063993e+001  -2.258070e+001  9.118517e+000  7.015515e+000  5.303237e+000  4.128108e+000  3.310590e+000  2.713701e+000  2.258441e+000  1.900304e+000  1.469375e+000  1.079886e+000  5.850035e-001  1.592223e-001  0.000000e+000  
-1.978593e+001  -2.005615e+001  -2.050828e+001  -2.092067e+001  6.784026e+000  6.166431e+000  5.309301e+000  4.460416e+000  3.713669e+000  3.088741e+000  2.576709e+000  2.160431e+000  1.653504e+000  1.199982e+000  6.361171e-001  1.704216e-001  0.000000e+000  
-1.978593e+001  -2.005615e+001  -2.050828e+001  -2.092067e+001  6.784026e+000  6.166431e+000  5.309301e+000  4.460416e+000  3.713669e+000  3.088741e+000  2.576709e+000  2.160431e+000  1.653504e+000  1.199982e+000  6.361171e-001  1.704216e-001  0.000000e+000  
-1.864689e+001  -1.927907e+001  -2.063993e+001  -2.258070e+001  9.118517e+000  7.015515e+000  5.303237e+000  4.128108e+000  3.310590e+000  2.713701e+000  2.258441e+000  1.900304e+000  1.469375e+000  1.079886e+000  5.850035e-001  1.592223e-001  0.000000e+000  
-1.748900e+001  -1.821310e+001  -2.016481e+001  -2.518956e+001  1.205613e+001  7.145384e+000  4.891017e+000  3.690096e+000  2.942047e+000  2.419530e+000  2.026545e+000  1.717397e+000  1.343015e+000  9.978621e-001  5.497814e-001  1.514134e-001  0.000000e+000  
-1.588272e+001  -1.638956e+001  -1.779913e+001  -2.183291e+001  1.254685e+001  5.914239e+000  3.940345e+000  3.021601e+000  2.459416e+000  2.060291e+000  1.752823e+000  1.504953e+000  1.197705e+000  9.035501e-001  5.089257e-001  1.422686e-001  0.000000e+000  
-1.438551e+001  -1.454733e+001  -1.477596e+001  -1.415015e+001  1.871215e+000  3.238700e+000  2.802863e+000  2.362663e+000  2.018285e+000  1.742899e+000  1.514810e+000  1.321462e+000  1.072479e+000  8.219910e-001  4.731825e-001  1.341799e-001  0.000000e+000  
-1.282380e+001  -1.267724e+001  -1.208030e+001  -9.823171e+000  -1.462361e+000  1.147158e+000  1.667895e+000  1.673693e+000  1.555656e+000  1.410911e+000  1.266169e+000  1.129652e+000  9.410933e-001  7.359066e-001  4.349661e-001  1.254343e-001  0.000000e+000  
-1.131679e+001  -1.097906e+001  -1.002339e+001  -7.708793e+000  -2.820202e+000  -2.689696e-001  6.999804e-001  1.025400e+000  1.102270e+000  1.079478e+000  1.015370e+000  9.347931e-001  8.063445e-001  6.468111e-001  3.947833e-001  1.161206e-001  0.000000e+000  
-9.938442e+000  -9.517703e+000  -8.489288e+000  -6.505236e+000  -3.355955e+000  -1.173910e+000  -5.970998e-002  4.578265e-001  6.815239e-001  7.618213e-001  7.702935e-001  7.419369e-001  6.709659e-001  5.561999e-001  3.531446e-001  1.063301e-001  0.000000e+000  
-8.327510e+000  -7.909453e+000  -6.996881e+000  -5.508488e+000  -3.516920e+000  -1.850288e+000  -7.814934e-001  -1.594402e-001  1.857857e-001  3.689163e-001  4.576949e-001  4.908636e-001  4.905504e-001  4.332729e-001  2.952035e-001  9.245060e-002  0.000000e+000  
-7.010478e+000  -6.649368e+000  -5.910465e+000  -4.809169e+000  -3.439496e+000  -2.173334e+000  -1.238811e+000  -6.125926e-001  -2.136541e-001  3.225347e-002  1.784184e-001  2.599472e-001  3.189232e-001  3.133459e-001  2.367010e-001  7.809259e-002  0.000000e+000  
-5.947359e+000  -5.655109e+000  -5.079162e+000  -4.260668e+000  -3.271328e+000  -2.301206e+000  -1.514121e+000  -9.313535e-001  -5.224620e-001  -2.452131e-001  -6.238298e-002  5.426113e-002  1.600168e-001  1.990255e-001  1.787175e-001  6.347501e-002  0.000000e+000  
-5.089661e+000  -4.860293e+000  -4.418307e+000  -3.805873e+000  -3.072207e+000  -2.322156e+000  -1.669316e+000  -1.147635e+000  -7.535504e-001  -4.668426e-001  -2.639643e-001  -1.240125e-001  1.635404e-002  9.227935e-002  1.221918e-001  4.880284e-002  0.000000e+000  
-3.698965e+000  -3.571593e+000  -3.328441e+000  -2.992832e+000  -2.585992e+000  -2.147738e+000  -1.731000e+000  -1.361255e+000  -1.049187e+000  -7.951222e-001  -5.937163e-001  -4.373518e-001  -2.585268e-001  -1.254227e-001  -3.008896e-003  1.450809e-002  0.000000e+000  
-2.810946e+000  -2.739510e+000  -2.602498e+000  -2.411018e+000  -2.174669e+000  -1.910182e+000  -1.642699e+000  -1.387683e+000  -1.155263e+000  -9.506684e-001  -7.753694e-001  -6.283330e-001  -4.464640e-001  -2.882760e-001  -1.089173e-001  -1.703271e-002  0.000000e+000  
-1.877196e+000  -1.847810e+000  -1.790724e+000  -1.709119e+000  -1.606645e+000  -1.488262e+000  -1.361043e+000  -1.230827e+000  -1.102462e+000  -9.796112e-001  -8.647694e-001  -7.594030e-001  -6.165207e-001  -4.665313e-001  -2.561639e-001  -6.811200e-002  0.000000e+000  
-1.382454e+000  -1.368443e+000  -1.340932e+000  -1.300905e+000  -1.250523e+000  -1.191741e+000  -1.125963e+000  -1.055393e+000  -9.820977e-001  -9.079041e-001  -8.343386e-001  -7.626071e-001  -6.591007e-001  -5.356495e-001  -3.384512e-001  -1.032549e-001  0.000000e+000  
-1.122858e+000  -1.114686e+000  -1.098529e+000  -1.074747e+000  -1.045067e+000  -1.010633e+000  -9.710925e-001  -9.273628e-001  -8.803726e-001  -8.310205e-001  -7.801413e-001  -7.284833e-001  -6.507981e-001  -5.499212e-001  -3.748333e-001  -1.232814e-001  0.000000e+000  
-1.069195e+000  -1.062081e+000  -1.047987e+000  -1.027176e+000  -1.001304e+000  -9.713896e-001  -9.367978e-001  -8.982256e-001  -8.563965e-001  -8.120303e-001  -7.658180e-001  -7.184005e-001  -6.463297e-001  -5.507203e-001  -3.814175e-001  -1.274352e-001  0.000000e+000  

0.000000e+000  0.000000e+000  0.000000e+000  0.000000e+000  0.000000e+000  0.000000e+000  0.000000e+000  0.000000e+000  0.000000e+000  0.000000e+000  0.000000e+000  0.000000e+000  0.000000e+000  0.000000e+000  0.000000e+000  0.000000e+000  0.000000e+000  
0.000000e+000  0.000000e+000  0.000000e+000  0.000000e+000  0.000000e+000  0.000000e+000  0.000000e+000  0.000000e+000  0.000000e+000  0.000000e+000  0.000000e+000  0.000000e+000  0.000000e+000  0.000000e+000  0.000000e+000  0.000000e+000  0.000000e+000  
0.000000e+000  0.000000e+000  0.000000e+000  0.000000e+000  0.000000e+000  0.000000e+000  0.000000e+000  0.000000e+000  0.000000e+000  0.000000e+000  0.000000e+000  0.000000e+000  0.000000e+000  0.000000e+000  0.000000e+000  0.000000e+000  0.000000e+000  
0.000000e+000  0.000000e+000  0.000000e+000  0.000000e+000  0.000000e+000  0.000000e+000  0.000000e+000  0.000000e+000  0.000000e+000  0.000000e+000  0.000000e+000  0.000000e+000  0.000000e+000  0.000000e+000  0.000000e+000  0.000000e+000  0.000000e+000  
0.000000e+000  0.000000e+000  0.000000e+000  0.000000e+000  0.000000e+000  0.000000e+000  0.000000e+000  0.000000e+000  0.000000e+000  0.000000e+000  0.000000e+000  0.000000e+000  0.000000e+000  0.000000e+000  0.000000e+000  0.000000e+000  0.000000e+000  
0.000000e+000  0.000000e+000  0.000000e+000  0.000000e+000  0.000000e+000  0.000000e+000  0.000000e+000  0.000000e+000  0.000000e+000  0.000000e+000  0.000000e+000  0.000000e+000  0.000000e+000  0.000000e+000  0.000000e+000  0.000000e+000  0.000000e+000  
0.000000e+000  0.000000e+000  0.000000e+000  0.000000e+000  0.000000e+000  0.000000e+000  0.000000e+000  0.000000e+000  0.000000e+000  0.000000e+000  0.000000e+000  0.000000e+000  0.000000e+000  0.000000e+000  0.000000e+000  0.000000e+000  0.000000e+000  
0.000000e+000  0.000000e+000  0.000000e+000  0.000000e+000  0.000000e+000  0.000000e+000  0.000000e+000  0.000000e+000  0.000000e+000  0.000000e+000  0.000000e+000  0.000000e+000  0.000000e+000  0.000000e+000  0.000000e+000  0.000000e+000  0.000000e+000  
0.000000e+000  0.000000e+000  0.000000e+000  0.000000e+000  0.000000e+000  0.000000e+000  0.000000e+000  0.000000e+000  0.000000e+000  0.000000e+000  0.000000e+000  0.000000e+000  0.000000e+000  0.000000e+000  0.000000e+000  0.000000e+000  0.000000e+000  
0.000000e+000  0.000000e+000  0.000000e+000  0.000000e+000  0.000000e+000  0.000000e+000  0.000000e+000  0.000000e+000  0.000000e+000  0.000000e+000  0.000000e+000  0.000000e+000  0.000000e+000  0.000000e+000  0.000000e+000  0.000000e+000  0.000000e+000  
0.000000e+000  0.000000e+000  0.000000e+000  0.000000e+000  0.000000e+000  0.000000e+000  0.000000e+000  0.000000e+000  0.000000e+000  0.000000e+000  0.000000e+000  0.000000e+000  0.000000e+000  0.000000e+000  0.000000e+000  0.000000e+000  0.000000e+000  
0.000000e+000  0.000000e+000  0.000000e+000  0.000000e+000  0.000000e+000  0.000000e+000  0.000000e+000  0.000000e+000  0.000000e+000  0.000000e+000  0.000000e+000  0.000000e+000  0.000000e+000  0.000000e+000  0.000000e+000  0.000000e+000  0.000000e+000  
0.000000e+000  0.000000e+000  0.000000e+000  0.000000e+000  0.000000e+000  0.000000e+000  0.000000e+000  0.000000e+000  0.000000e+000  0.000000e+000  0.000000e+000  0.000000e+000  0.000000e+000  0.000000e+000  0.000000e+000  0.000000e+000  0.000000e+000  
0.000000e+000  0.000000e+000  0.000000e+000  0.000000e+000  0.000000e+000  0.000000e+000  0.000000e+000  0.000000e+000  0.000000e+000  0.000000e+000  0.000000e+000  0.000000e+000  0.000000e+000  0.000000e+000  0.000000e+000  0.000000e+000  0.000000e+000  
0.000000e+000  0.000000e+000  0.000000e+000  0.000000e+000  0.000000e+000  0.000000e+000  0.000000e+000  0.000000e+000  0.000000e+000  0.000000e+000  0.000000e+000  0.000000e+000  0.000000e+000  0.000000e+000  0.000000e+000  0.000000e+000  0.000000e+000  
0.000000e+000  0.000000e+000  0.000000e+000  0.000000e+000  0.000000e+000  0.000000e+000  0.000000e+000  0.000000e+000  0.000000e+000  0.000000e+000  0.000000e+000  0.000000e+000  0.000000e+000  0.000000e+000  0.000000e+000  0.000000e+000  0.000000e+000  
0.000000e+000  0.000000e+000  0.000000e+000  0.000000e+000  0.000000e+000  0.000000e+000  0.000000e+000  0.000000e+000  0.000000e+000  0.000000e+000  0.000000e+000  0.000000e+000  0.000000e+000  0.000000e+000  0.000000e+000  0.000000e+000  0.000000e+000  
0.000000e+000  0.000000e+000  0.000000e+000  0.000000e+000  0.000000e+000  0.000000e+000  0.000000e+000  0.000000e+000  0.000000e+000  0.000000e+000  0.000000e+000  0.000000e+000  0.000000e+000  0.000000e+000  0.000000e+000  0.000000e+000  0.000000e+000  
0.000000e+000  0.000000e+000  0.000000e+000  0.000000e+000  0.000000e+000  0.000000e+000  0.000000e+000  0.000000e+000  0.000000e+000  0.000000e+000  0.000000e+000  0.000000e+000  0.000000e+000  0.000000e+000  0.000000e+000  0.000000e+000  0.000000e+000  
0.000000e+000  0.000000e+000  0.000000e+000  0.000000e+000  0.000000e+000  0.000000e+000  0.000000e+000  0.000000e+000  0.000000e+000  0.000000e+000  0.000000e+000  0.000000e+000  0.000000e+000  0.000000e+000  0.000000e+000  0.000000e+000  0.000000e+000  
0.000000e+000  0.000000e+000  0.000000e+000  0.000000e+000  0.000000e+000  0.000000e+000  0.000000e+000  0.000000e+000  0.000000e+000  0.000000e+000  0.000000e+000  0.000000e+000  0.000000e+000  0.000000e+000  0.000000e+000  0.000000e+000  0.000000e+000  
0.000000e+000  0.000000e+000  0.000000e+000  0.000000e+000  0.000000e+000  0.000000e+000  0.000000e+000  0.000000e+000  0.000000e+000  0.000000e+000  0.000000e+000  0.000000e+000  0.000000e+000  0.000000e+000  0.000000e+000  0.000000e+000  0.000000e+000  
0.000000e+000  0.000000e+000  0.000000e+000  0.000000e+000  0.000000e+000  0.000000e+000  0.000000e+000  0.000000e+000  0.000000e+000  0.000000e+000  0.000000e+000  0.000000e+000  0.000000e+000  0.000000e+000  0.000000e+000  0.000000e+000  0.000000e+000  
0.000000e+000  0.000000e+000  0.000000e+000  0.000000e+000  0.000000e+000  0.000000e+000  0.000000e+000  0.000000e+000  0.000000e+000  0.000000e+000  0.000000e+000  0.000000e+000  0.000000e+000  0.000000e+000  0.000000e+000  0.000000e+000  0.000000e+000  
0.000000e+000  0.000000e+000  0.000000e+000  0.000000e+000  0.000000e+000  0.000000e+000  0.000000e+000  0.000000e+000  0.000000e+000  0.000000e+000  0.000000e+000  0.000000e+000  0.000000e+000  0.000000e+000  0.000000e+000  0.000000e+000  0.000000e+000  
0.000000e+000  0.000000e+000  0.000000e+000  0.000000e+000  0.000000e+000  0.000000e+000  0.000000e+000  0.000000e+000  0.000000e+000  0.000000e+000  0.000000e+000  0.000000e+000  0.000000e+000  0.000000e+000  0.000000e+000  0.000000e+000  0.000000e+000  
0.000000e+000  0.000000e+000  0.000000e+000  0.000000e+000  0.000000e+000  0.000000e+000  0.000000e+000  0.000000e+000  0.000000e+000  0.000000e+000  0.000000e+000  0.000000e+000  0.000000e+000  0.000000e+000  0.000000e+000  0.000000e+000  0.000000e+000  
0.000000e+000  0.000000e+000  0.000000e+000  0.000000e+000  0.000000e+000  0.000000e+000  0.000000e+000  0.000000e+000  0.000000e+000  0.000000e+000  0.000000e+000  0.000000e+000  0.000000e+000  0.000000e+000  0.000000e+000  0.000000e+000  0.000000e+000  
0.000000e+000  0.000000e+000  0.000000e+000  0.000000e+000  0.000000e+000  0.000000e+000  0.000000e+000  0.000000e+000  0.000000e+000  0.000000e+000  0.000000e+000  0.000000e+000  0.000000e+000  0.000000e+000  0.000000e+000  0.000000e+000  0.000000e+000  
0.000000e+000  0.000000e+000  0.000000e+000  0.000000e+000  0.000000e+000  0.000000e+000  0.000000e+000  0.000000e+000  0.000000e+000  0.000000e+000  0.000000e+000  0.000000e+000  0.000000e+000  0.000000e+000  0.000000e+000  0.000000e+000  0.000000e+000  
0.000000e+000  0.000000e+000  0.000000e+000  0.000000e+000  0.000000e+000  0.000000e+000  0.000000e+000  0.000000e+000  0.000000e+000  0.000000e+000  0.000000e+000  0.000000e+000  0.000000e+000  0.000000e+000  0.000000e+000  0.000000e+000  0.000000e+000  
0.000000e+000  0.000000e+000  0.000000e+000  0.000000e+000  0.000000e+000  0.000000e+000  0.000000e+000  0.000000e+000  0.000000e+000  0.000000e+000  0.000000e+000  0.000000e+000  0.000000e+000  0.000000e+000  0.000000e+000  0.000000e+000  0.000000e+000  
0.000000e+000  0.000000e+000  0.000000e+000  0.000000e+000  0.000000e+000  0.000000e+000  0.000000e+000  0.000000e+000  0.000000e+000  0.000000e+000  0.000000e+000  0.000000e+000  0.000000e+000  0.000000e+000  0.000000e+000  0.000000e+000  0.000000e+000  
0.000000e+000  0.000000e+000  0.000000e+000  0.000000e+000  0.000000e+000  0.000000e+000  0.000000e+000  0.000000e+000  0.000000e+000  0.000000e+000  0.000000e+000  0.000000e+000  0.000000e+000  0.000000e+000  0.000000e+000  0.000000e+000  0.000000e+000  
0.000000e+000  0.000000e+000  0.000000e+000  0.000000e+000  0.000000e+000  0.000000e+000  0.000000e+000  0.000000e+000  0.000000e+000  0.000000e+000  0.000000e+000  0.000000e+000  0.000000e+000  0.000000e+000  0.000000e+000  0.000000e+000  0.000000e+000  
0.000000e+000  0.000000e+000  0.000000e+000  0.000000e+000  0.000000e+000  0.000000e+000  0.000000e+000  0.000000e+000  0.000000e+000  0.000000e+000  0.000000e+000  0.000000e+000  0.000000e+000  0.000000e+000  0.000000e+000  0.000000e+000  0.000000e+000  

0.000000e+000  0.000000e+000  0.000000e+000  0.000000e+000  0.000000e+000  0.000000e+000  0.000000e+000  0.000000e+000  0.000000e+000  0.000000e+000  0.000000e+000  0.000000e+000  0.000000e+000  0.000000e+000  0.000000e+000  0.000000e+000  0.000000e+000  
0.000000e+000  0.000000e+000  0.000000e+000  0.000000e+000  0.000000e+000  0.000000e+000  0.000000e+000  0.000000e+000  0.000000e+000  0.000000e+000  0.000000e+000  0.000000e+000  0.000000e+000  0.000000e+000  0.000000e+000  0.000000e+000  0.000000e+000  
0.000000e+000  0.000000e+000  0.000000e+000  0.000000e+000  0.000000e+000  0.000000e+000  0.000000e+000  0.000000e+000  0.000000e+000  0.000000e+000  0.000000e+000  0.000000e+000  0.000000e+000  0.000000e+000  0.000000e+000  0.000000e+000  0.000000e+000  
0.000000e+000  0.000000e+000  0.000000e+000  0.000000e+000  0.000000e+000  0.000000e+000  0.000000e+000  0.000000e+000  0.000000e+000  0.000000e+000  0.000000e+000  0.000000e+000  0.000000e+000  0.000000e+000  0.000000e+000  0.000000e+000  0.000000e+000  
0.000000e+000  0.000000e+000  0.000000e+000  0.000000e+000  0.000000e+000  0.000000e+000  0.000000e+000  0.000000e+000  0.000000e+000  0.000000e+000  0.000000e+000  0.000000e+000  0.000000e+000  0.000000e+000  0.000000e+000  0.000000e+000  0.000000e+000  
0.000000e+000  0.000000e+000  0.000000e+000  0.000000e+000  0.000000e+000  0.000000e+000  0.000000e+000  0.000000e+000  0.000000e+000  0.000000e+000  0.000000e+000  0.000000e+000  0.000000e+000  0.000000e+000  0.000000e+000  0.000000e+000  0.000000e+000  
0.000000e+000  0.000000e+000  0.000000e+000  0.000000e+000  0.000000e+000  0.000000e+000  0.000000e+000  0.000000e+000  0.000000e+000  0.000000e+000  0.000000e+000  0.000000e+000  0.000000e+000  0.000000e+000  0.000000e+000  0.000000e+000  0.000000e+000  
0.000000e+000  0.000000e+000  0.000000e+000  0.000000e+000  0.000000e+000  0.000000e+000  0.000000e+000  0.000000e+000  0.000000e+000  0.000000e+000  0.000000e+000  0.000000e+000  0.000000e+000  0.000000e+000  0.000000e+000  0.000000e+000  0.000000e+000  
0.000000e+000  0.000000e+000  0.000000e+000  0.000000e+000  0.000000e+000  0.000000e+000  0.000000e+000  0.000000e+000  0.000000e+000  0.000000e+000  0.000000e+000  0.000000e+000  0.000000e+000  0.000000e+000  0.000000e+000  0.000000e+000  0.000000e+000  
0.000000e+000  0.000000e+000  0.000000e+000  0.000000e+000  0.000000e+000  0.000000e+000  0.000000e+000  0.000000e+000  0.000000e+000  0.000000e+000  0.000000e+000  0.000000e+000  0.000000e+000  0.000000e+000  0.000000e+000  0.000000e+000  0.000000e+000  
0.000000e+000  0.000000e+000  0.000000e+000  0.000000e+000  0.000000e+000  0.000000e+000  0.000000e+000  0.000000e+000  0.000000e+000  0.000000e+000  0.000000e+000  0.000000e+000  0.000000e+000  0.000000e+000  0.000000e+000  0.000000e+000  0.000000e+000  
0.000000e+000  0.000000e+000  0.000000e+000  0.000000e+000  0.000000e+000  0.000000e+000  0.000000e+000  0.000000e+000  0.000000e+000  0.000000e+000  0.000000e+000  0.000000e+000  0.000000e+000  0.000000e+000  0.000000e+000  0.000000e+000  0.000000e+000  
0.000000e+000  0.000000e+000  0.000000e+000  0.000000e+000  0.000000e+000  0.000000e+000  0.000000e+000  0.000000e+000  0.000000e+000  0.000000e+000  0.000000e+000  0.000000e+000  0.000000e+000  0.000000e+000  0.000000e+000  0.000000e+000  0.000000e+000  
0.000000e+000  0.000000e+000  0.000000e+000  0.000000e+000  0.000000e+000  0.000000e+000  0.000000e+000  0.000000e+000  0.000000e+000  0.000000e+000  0.000000e+000  0.000000e+000  0.000000e+000  0.000000e+000  0.000000e+000  0.000000e+000  0.000000e+000  
0.000000e+000  0.000000e+000  0.000000e+000  0.000000e+000  0.000000e+000  0.000000e+000  0.000000e+000  0.000000e+000  0.000000e+000  0.000000e+000  0.000000e+000  0.000000e+000  0.000000e+000  0.000000e+000  0.000000e+000  0.000000e+000  0.000000e+000  
0.000000e+000  0.000000e+000  0.000000e+000  0.000000e+000  0.000000e+000  0.000000e+000  0.000000e+000  0.000000e+000  0.000000e+000  0.000000e+000  0.000000e+000  0.000000e+000  0.000000e+000  0.000000e+000  0.000000e+000  0.000000e+000  0.000000e+000  
0.000000e+000  0.000000e+000  0.000000e+000  0.000000e+000  0.000000e+000  0.000000e+000  0.000000e+000  0.000000e+000  0.000000e+000  0.000000e+000  0.000000e+000  0.000000e+000  0.000000e+000  0.000000e+000  0.000000e+000  0.000000e+000  0.000000e+000  
0.000000e+000  0.000000e+000  0.000000e+000  0.000000e+000  0.000000e+000  0.000000e+000  0.000000e+000  0.000000e+000  0.000000e+000  0.000000e+000  0.000000e+000  0.000000e+000  0.000000e+000  0.000000e+000  0.000000e+000  0.000000e+000  0.000000e+000  
0.000000e+000  0.000000e+000  0.000000e+000  0.000000e+000  0.000000e+000  0.000000e+000  0.000000e+000  0.000000e+000  0.000000e+000  0.000000e+000  0.000000e+000  0.000000e+000  0.000000e+000  0.000000e+000  0.000000e+000  0.000000e+000  0.000000e+000  
0.000000e+000  0.000000e+000  0.000000e+000  0.000000e+000  0.000000e+000  0.000000e+000  0.000000e+000  0.000000e+000  0.000000e+000  0.000000e+000  0.000000e+000  0.000000e+000  0.000000e+000  0.000000e+000  0.000000e+000  0.000000e+000  0.000000e+000  
0.000000e+000  0.000000e+000  0.000000e+000  0.000000e+000  0.000000e+000  0.000000e+000  0.000000e+000  0.000000e+000  0.000000e+000  0.000000e+000  0.000000e+000  0.000000e+000  0.000000e+000  0.000000e+000  0.000000e+000  0.000000e+000  0.000000e+000  
0.000000e+000  0.000000e+000  0.000000e+000  0.000000e+000  0.000000e+000  0.000000e+000  0.000000e+000  0.000000e+000  0.000000e+000  0.000000e+000  0.000000e+000  0.000000e+000  0.000000e+000  0.000000e+000  0.000000e+000  0.000000e+000  0.000000e+000  
0.000000e+000  0.000000e+000  0.000000e+000  0.000000e+000  0.000000e+000  0.000000e+000  0.000000e+000  0.000000e+000  0.000000e+000  0.000000e+000  0.000000e+000  0.000000e+000  0.000000e+000  0.000000e+000  0.000000e+000  0.000000e+000  0.000000e+000  
0.000000e+000  0.000000e+000  0.000000e+000  0.000000e+000  0.000000e+000  0.000000e+000  0.000000e+000  0.000000e+000  0.000000e+000  0.000000e+000  0.000000e+000  0.000000e+000  0.000000e+000  0.000000e+000  0.000000e+000  0.000000e+000  0.000000e+000  
0.000000e+000  0.000000e+000  0.000000e+000  0.000000e+000  0.000000e+000  0.000000e+000  0.000000e+000  0.000000e+000  0.000000e+000  0.000000e+000  0.000000e+000  0.000000e+000  0.000000e+000  0.000000e+000  0.000000e+000  0.000000e+000  0.000000e+000  
0.000000e+000  0.000000e+000  0.000000e+000  0.000000e+000  0.000000e+000  0.000000e+000  0.000000e+000  0.000000e+000  0.000000e+000  0.000000e+000  0.000000e+000  0.000000e+000  0.000000e+000  0.000000e+000  0.000000e+000  0.000000e+000  0.000000e+000  
0.000000e+000  0.000000e+000  0.000000e+000  0.000000e+000  0.000000e+000  0.000000e+000  0.000000e+000  0.000000e+000  0.000000e+000  0.000000e+000  0.000000e+000  0.000000e+000  0.000000e+000  0.000000e+000  0.000000e+000  0.000000e+000  0.000000e+000  
0.000000e+000  0.000000e+000  0.000000e+000  0.000000e+000  0.000000e+000  0.000000e+000  0.000000e+000  0.000000e+000  0.000000e+000  0.000000e+000  0.000000e+000  0.000000e+000  0.000000e+000  0.000000e+000  0.000000e+000  0.000000e+000  0.000000e+000  
0.000000e+000  0.000000e+000  0.000000e+000  0.000000e+000  0.000000e+000  0.000000e+000  0.000000e+000  0.000000e+000  0.000000e+000  0.000000e+000  0.000000e+000  0.000000e+000  0.000000e+000  0.000000e+000  0.000000e+000  0.000000e+000  0.000000e+000  
0.000000e+000  0.000000e+000  0.000000e+000  0.000000e+000  0.000000e+000  0.000000e+000  0.000000e+000  0.000000e+000  0.000000e+000  0.000000e+000  0.000000e+000  0.000000e+000  0.000000e+000  0.000000e+000  0.000000e+000  0.000000e+000  0.000000e+000  
0.000000e+000  0.000000e+000  0.000000e+000  0.000000e+000  0.000000e+000  0.000000e+000  0.000000e+000  0.000000e+000  0.000000e+000  0.000000e+000  0.000000e+000  0.000000e+000  0.000000e+000  0.000000e+000  0.000000e+000  0.000000e+000  0.000000e+000  
0.000000e+000  0.000000e+000  0.000000e+000  0.000000e+000  0.000000e+000  0.000000e+000  0.000000e+000  0.000000e+000  0.000000e+000  0.000000e+000  0.000000e+000  0.000000e+000  0.000000e+000  0.000000e+000  0.000000e+000  0.000000e+000  0.000000e+000  
0.000000e+000  0.000000e+000  0.000000e+000  0.000000e+000  0.000000e+000  0.000000e+000  0.000000e+000  0.000000e+000  0.000000e+000  0.000000e+000  0.000000e+000  0.000000e+000  0.000000e+000  0.000000e+000  0.000000e+000  0.000000e+000  0.000000e+000  
0.000000e+000  0.000000e+000  0.000000e+000  0.000000e+000  0.000000e+000  0.000000e+000  0.000000e+000  0.000000e+000  0.000000e+000  0.000000e+000  0.000000e+000  0.000000e+000  0.000000e+000  0.000000e+000  0.000000e+000  0.000000e+000  0.000000e+000  
0.000000e+000  0.000000e+000  0.000000e+000  0.000000e+000  0.000000e+000  0.000000e+000  0.000000e+000  0.000000e+000  0.000000e+000  0.000000e+000  0.000000e+000  0.000000e+000  0.000000e+000  0.000000e+000  0.000000e+000  0.000000e+000  0.000000e+000  
0.000000e+000  0.000000e+000  0.000000e+000  0.000000e+000  0.000000e+000  0.000000e+000  0.000000e+000  0.000000e+000  0.000000e+000  0.000000e+000  0.000000e+000  0.000000e+000  0.000000e+000  0.000000e+000  0.000000e+000  0.000000e+000  0.000000e+000  

0.000000e+000  0.000000e+000  0.000000e+000  0.000000e+000  0.000000e+000  0.000000e+000  0.000000e+000  0.000000e+000  0.000000e+000  0.000000e+000  0.000000e+000  0.000000e+000  0.000000e+000  0.000000e+000  0.000000e+000  0.000000e+000  0.000000e+000  
0.000000e+000  0.000000e+000  0.000000e+000  0.000000e+000  0.000000e+000  0.000000e+000  0.000000e+000  0.000000e+000  0.000000e+000  0.000000e+000  0.000000e+000  0.000000e+000  0.000000e+000  0.000000e+000  0.000000e+000  0.000000e+000  0.000000e+000  
0.000000e+000  0.000000e+000  0.000000e+000  0.000000e+000  0.000000e+000  0.000000e+000  0.000000e+000  0.000000e+000  0.000000e+000  0.000000e+000  0.000000e+000  0.000000e+000  0.000000e+000  0.000000e+000  0.000000e+000  0.000000e+000  0.000000e+000  
0.000000e+000  0.000000e+000  0.000000e+000  0.000000e+000  0.000000e+000  0.000000e+000  0.000000e+000  0.000000e+000  0.000000e+000  0.000000e+000  0.000000e+000  0.000000e+000  0.000000e+000  0.000000e+000  0.000000e+000  0.000000e+000  0.000000e+000  
0.000000e+000  0.000000e+000  0.000000e+000  0.000000e+000  0.000000e+000  0.000000e+000  0.000000e+000  0.000000e+000  0.000000e+000  0.000000e+000  0.000000e+000  0.000000e+000  0.000000e+000  0.000000e+000  0.000000e+000  0.000000e+000  0.000000e+000  
0.000000e+000  0.000000e+000  0.000000e+000  0.000000e+000  0.000000e+000  0.000000e+000  0.000000e+000  0.000000e+000  0.000000e+000  0.000000e+000  0.000000e+000  0.000000e+000  0.000000e+000  0.000000e+000  0.000000e+000  0.000000e+000  0.000000e+000  
0.000000e+000  0.000000e+000  0.000000e+000  0.000000e+000  0.000000e+000  0.000000e+000  0.000000e+000  0.000000e+000  0.000000e+000  0.000000e+000  0.000000e+000  0.000000e+000  0.000000e+000  0.000000e+000  0.000000e+000  0.000000e+000  0.000000e+000  
0.000000e+000  0.000000e+000  0.000000e+000  0.000000e+000  0.000000e+000  0.000000e+000  0.000000e+000  0.000000e+000  0.000000e+000  0.000000e+000  0.000000e+000  0.000000e+000  0.000000e+000  0.000000e+000  0.000000e+000  0.000000e+000  0.000000e+000  
0.000000e+000  0.000000e+000  0.000000e+000  0.000000e+000  0.000000e+000  0.000000e+000  0.000000e+000  0.000000e+000  0.000000e+000  0.000000e+000  0.000000e+000  0.000000e+000  0.000000e+000  0.000000e+000  0.000000e+000  0.000000e+000  0.000000e+000  
0.000000e+000  0.000000e+000  0.000000e+000  0.000000e+000  0.000000e+000  0.000000e+000  0.000000e+000  0.000000e+000  0.000000e+000  0.000000e+000  0.000000e+000  0.000000e+000  0.000000e+000  0.000000e+000  0.000000e+000  0.000000e+000  0.000000e+000  
0.000000e+000  0.000000e+000  0.000000e+000  0.000000e+000  0.000000e+000  0.000000e+000  0.000000e+000  0.000000e+000  0.000000e+000  0.000000e+000  0.000000e+000  0.000000e+000  0.000000e+000  0.000000e+000  0.000000e+000  0.000000e+000  0.000000e+000  
0.000000e+000  0.000000e+000  0.000000e+000  0.000000e+000  0.000000e+000  0.000000e+000  0.000000e+000  0.000000e+000  0.000000e+000  0.000000e+000  0.000000e+000  0.000000e+000  0.000000e+000  0.000000e+000  0.000000e+000  0.000000e+000  0.000000e+000  
0.000000e+000  0.000000e+000  0.000000e+000  0.000000e+000  0.000000e+000  0.000000e+000  0.000000e+000  0.000000e+000  0.000000e+000  0.000000e+000  0.000000e+000  0.000000e+000  0.000000e+000  0.000000e+000  0.000000e+000  0.000000e+000  0.000000e+000  
0.000000e+000  0.000000e+000  0.000000e+000  0.000000e+000  0.000000e+000  0.000000e+000  0.000000e+000  0.000000e+000  0.000000e+000  0.000000e+000  0.000000e+000  0.000000e+000  0.000000e+000  0.000000e+000  0.000000e+000  0.000000e+000  0.000000e+000  
0.000000e+000  0.000000e+000  0.000000e+000  0.000000e+000  0.000000e+000  0.000000e+000  0.000000e+000  0.000000e+000  0.000000e+000  0.000000e+000  0.000000e+000  0.000000e+000  0.000000e+000  0.000000e+000  0.000000e+000  0.000000e+000  0.000000e+000  
0.000000e+000  0.000000e+000  0.000000e+000  0.000000e+000  0.000000e+000  0.000000e+000  0.000000e+000  0.000000e+000  0.000000e+000  0.000000e+000  0.000000e+000  0.000000e+000  0.000000e+000  0.000000e+000  0.000000e+000  0.000000e+000  0.000000e+000  
0.000000e+000  0.000000e+000  0.000000e+000  0.000000e+000  0.000000e+000  0.000000e+000  0.000000e+000  0.000000e+000  0.000000e+000  0.000000e+000  0.000000e+000  0.000000e+000  0.000000e+000  0.000000e+000  0.000000e+000  0.000000e+000  0.000000e+000  
0.000000e+000  0.000000e+000  0.000000e+000  0.000000e+000  0.000000e+000  0.000000e+000  0.000000e+000  0.000000e+000  0.000000e+000  0.000000e+000  0.000000e+000  0.000000e+000  0.000000e+000  0.000000e+000  0.000000e+000  0.000000e+000  0.000000e+000  
0.000000e+000  0.000000e+000  0.000000e+000  0.000000e+000  0.000000e+000  0.000000e+000  0.000000e+000  0.000000e+000  0.000000e+000  0.000000e+000  0.000000e+000  0.000000e+000  0.000000e+000  0.000000e+000  0.000000e+000  0.000000e+000  0.000000e+000  
0.000000e+000  0.000000e+000  0.000000e+000  0.000000e+000  0.000000e+000  0.000000e+000  0.000000e+000  0.000000e+000  0.000000e+000  0.000000e+000  0.000000e+000  0.000000e+000  0.000000e+000  0.000000e+000  0.000000e+000  0.000000e+000  0.000000e+000  
0.000000e+000  0.000000e+000  0.000000e+000  0.000000e+000  0.000000e+000  0.000000e+000  0.000000e+000  0.000000e+000  0.000000e+000  0.000000e+000  0.000000e+000  0.000000e+000  0.000000e+000  0.000000e+000  0.000000e+000  0.000000e+000  0.000000e+000  
0.000000e+000  0.000000e+000  0.000000e+000  0.000000e+000  0.000000e+000  0.000000e+000  0.000000e+000  0.000000e+000  0.000000e+000  0.000000e+000  0.000000e+000  0.000000e+000  0.000000e+000  0.000000e+000  0.000000e+000  0.000000e+000  0.000000e+000  
0.000000e+000  0.000000e+000  0.000000e+000  0.000000e+000  0.000000e+000  0.000000e+000  0.000000e+000  0.000000e+000  0.000000e+000  0.000000e+000  0.000000e+000  0.000000e+000  0.000000e+000  0.000000e+000  0.000000e+000  0.000000e+000  0.000000e+000  
0.000000e+000  0.000000e+000  0.000000e+000  0.000000e+000  0.000000e+000  0.000000e+000  0.000000e+000  0.000000e+000  0.000000e+000  0.000000e+000  0.000000e+000  0.000000e+000  0.000000e+000  0.000000e+000  0.000000e+000  0.000000e+000  0.000000e+000  
0.000000e+000  0.000000e+000  0.000000e+000  0.000000e+000  0.000000e+000  0.000000e+000  0.000000e+000  0.000000e+000  0.000000e+000  0.000000e+000  0.000000e+000  0.000000e+000  0.000000e+000  0.000000e+000  0.000000e+000  0.000000e+000  0.000000e+000  
0.000000e+000  0.000000e+000  0.000000e+000  0.000000e+000  0.000000e+000  0.000000e+000  0.000000e+000  0.000000e+000  0.000000e+000  0.000000e+000  0.000000e+000  0.000000e+000  0.000000e+000  0.000000e+000  0.000000e+000  0.000000e+000  0.000000e+000  
0.000000e+000  0.000000e+000  0.000000e+000  0.000000e+000  0.000000e+000  0.000000e+000  0.000000e+000  0.000000e+000  0.000000e+000  0.000000e+000  0.000000e+000  0.000000e+000  0.000000e+000  0.000000e+000  0.000000e+000  0.000000e+000  0.000000e+000  
0.000000e+000  0.000000e+000  0.000000e+000  0.000000e+000  0.000000e+000  0.000000e+000  0.000000e+000  0.000000e+000  0.000000e+000  0.000000e+000  0.000000e+000  0.000000e+000  0.000000e+000  0.000000e+000  0.000000e+000  0.000000e+000  0.000000e+000  
0.000000e+000  0.000000e+000  0.000000e+000  0.000000e+000  0.000000e+000  0.000000e+000  0.000000e+000  0.000000e+000  0.000000e+000  0.000000e+000  0.000000e+000  0.000000e+000  0.000000e+000  0.000000e+000  0.000000e+000  0.000000e+000  0.000000e+000  
0.000000e+000  0.000000e+000  0.000000e+000  0.000000e+000  0.000000e+000  0.000000e+000  0.000000e+000  0.000000e+000  0.000000e+000  0.000000e+000  0.000000e+000  0.000000e+000  0.000000e+000  0.000000e+000  0.000000e+000  0.000000e+000  0.000000e+000  
0.000000e+000  0.000000e+000  0.000000e+000  0.000000e+000  0.000000e+000  0.000000e+000  0.000000e+000  0.000000e+000  0.000000e+000  0.000000e+000  0.000000e+000  0.000000e+000  0.000000e+000  0.000000e+000  0.000000e+000  0.000000e+000  0.000000e+000  
0.000000e+000  0.000000e+000  0.000000e+000  0.000000e+000  0.000000e+000  0.000000e+000  0.000000e+000  0.000000e+000  0.000000e+000  0.000000e+000  0.000000e+000  0.000000e+000  0.000000e+000  0.000000e+000  0.000000e+000  0.000000e+000  0.000000e+000  
0.000000e+000  0.000000e+000  0.000000e+000  0.000000e+000  0.000000e+000  0.000000e+000  0.000000e+000  0.000000e+000  0.000000e+000  0.000000e+000  0.000000e+000  0.000000e+000  0.000000e+000  0.000000e+000  0.000000e+000  0.000000e+000  0.000000e+000  
0.000000e+000  0.000000e+000  0.000000e+000  0.000000e+000  0.000000e+000  0.000000e+000  0.000000e+000  0.000000e+000  0.000000e+000  0.000000e+000  0.000000e+000  0.000000e+000  0.000000e+000  0.000000e+000  0.000000e+000  0.000000e+000  0.000000e+000  
0.000000e+000  0.000000e+000  0.000000e+000  0.000000e+000  0.000000e+000  0.000000e+000  0.000000e+000  0.000000e+000  0.000000e+000  0.000000e+000  0.000000e+000  0.000000e+000  0.000000e+000  0.000000e+000  0.000000e+000  0.000000e+000  0.000000e+000  
0.000000e+000  0.000000e+000  0.000000e+000  0.000000e+000  0.000000e+000  0.000000e+000  0.000000e+000  0.000000e+000  0.000000e+000  0.000000e+000  0.000000e+000  0.000000e+000  0.000000e+000  0.000000e+000  0.000000e+000  0.000000e+000  0.000000e+000  

5.929424e-002  5.895516e-002  5.827997e-002  5.727471e-002  5.577165e-002  5.382814e-002  5.165967e-002  4.930636e-002  4.680848e-002  4.420507e-002  4.153276e-002  3.882480e-002  3.475327e-002  2.944842e-002  2.019068e-002  6.673703e-003  -0.000000e+000  
2.025239e-001  2.013468e-001  1.990000e-001  1.954989e-001  1.901115e-001  1.830345e-001  1.751795e-001  1.667053e-001  1.577681e-001  1.485166e-001  1.390874e-001  1.296011e-001  1.154411e-001  9.725782e-002  6.595441e-002  2.156565e-002  -0.000000e+000  
3.788154e-001  3.765972e-001  3.721458e-001  3.654383e-001  3.539840e-001  3.381510e-001  3.208452e-001  3.024959e-001  2.835069e-001  2.642403e-001  2.450070e-001  2.260616e-001  1.983743e-001  1.642862e-001  1.078749e-001  3.420541e-002  -0.000000e+000  
5.693701e-001  5.665338e-001  5.606999e-001  5.515775e-001  5.316155e-001  5.013372e-001  4.690104e-001  4.356391e-001  4.020927e-001  3.690751e-001  3.371193e-001  3.065996e-001  2.633297e-001  2.130731e-001  1.342297e-001  4.105371e-002  -0.000000e+000  
7.378769e-001  7.365398e-001  7.332240e-001  7.267350e-001  6.972790e-001  6.454195e-001  5.918162e-001  5.385076e-001  4.870159e-001  4.383527e-001  3.930977e-001  3.515018e-001  2.946251e-001  2.326998e-001  1.408898e-001  4.177834e-002  -0.000000e+000  
8.544120e-001  8.566360e-001  8.597686e-001  8.612795e-001  8.244706e-001  7.499010e-001  6.750880e-001  6.031875e-001  5.361461e-001  4.749203e-001  4.197793e-001  3.705681e-001  3.050619e-001  2.368747e-001  1.396030e-001  4.056089e-002  -0.000000e+000  
9.300196e-001  9.385019e-001  9.533882e-001  9.703618e-001  9.279659e-001  8.269045e-001  7.293066e-001  6.393622e-001  5.588034e-001  4.878333e-001  4.258753e-001  3.720340e-001  3.019906e-001  2.315779e-001  1.339462e-001  3.839351e-002  -0.000000e+000  
9.685918e-001  9.822539e-001  1.007162e+000  1.037859e+000  9.921609e-001  8.711019e-001  7.574391e-001  6.557039e-001  5.669525e-001  4.904959e-001  4.249824e-001  3.689332e-001  2.969803e-001  2.260686e-001  1.293339e-001  3.678001e-002  -0.000000e+000  
9.972312e-001  1.017781e+000  1.056571e+000  1.107350e+000  1.058362e+000  9.115421e-001  7.790438e-001  6.648179e-001  5.682182e-001  4.870215e-001  4.187826e-001  3.613057e-001  2.884734e-001  2.180396e-001  1.234364e-001  3.484018e-002  -0.000000e+000  
1.011052e+000  1.040120e+000  1.097208e+000  1.176950e+000  1.124517e+000  9.441463e-001  7.903724e-001  6.639563e-001  5.607575e-001  4.762123e-001  4.065015e-001  3.486468e-001  2.762190e-001  2.073834e-001  1.162473e-001  3.258068e-002  -0.000000e+000  
1.004939e+000  1.042047e+000  1.118326e+000  1.233622e+000  1.177564e+000  9.593619e-001  7.866101e-001  6.516557e-001  5.450101e-001  4.594709e-001  3.899724e-001  3.329318e-001  2.621690e-001  1.957953e-001  1.088922e-001  3.034924e-002  -0.000000e+000  
9.852871e-001  1.028422e+000  1.121048e+000  1.273636e+000  1.213455e+000  9.579758e-001  7.715116e-001  6.323187e-001  5.250309e-001  4.402508e-001  3.720631e-001  3.165290e-001  2.480800e-001  1.845023e-001  1.019717e-001  2.829396e-002  -0.000000e+000  
9.488523e-001  9.955557e-001  1.100476e+000  1.293850e+000  1.227746e+000  9.346663e-001  7.414422e-001  6.029213e-001  4.979858e-001  4.158428e-001  3.502115e-001  2.970515e-001  2.318522e-001  1.717865e-001  9.440191e-002  2.608650e-002  -0.000000e+000  
8.942632e-001  9.400868e-001  1.045621e+000  1.264667e+000  1.190801e+000  8.794586e-001  6.939886e-001  5.629090e-001  4.637721e-001  3.862633e-001  3.244682e-001  2.745587e-001  2.135454e-001  1.576996e-001  8.621591e-002  2.373635e-002  -0.000000e+000  
8.124098e-001  8.511738e-001  9.339174e-001  1.067992e+000  9.687658e-001  7.714438e-001  6.207739e-001  5.062505e-001  4.173938e-001  3.472509e-001  2.911642e-001  2.458765e-001  1.906127e-001  1.403069e-001  7.630993e-002  2.093014e-002  -0.000000e+000  
6.971229e-001  7.248019e-001  7.775908e-001  8.397539e-001  7.292917e-001  6.274516e-001  5.209084e-001  4.301695e-001  3.562990e-001  2.967234e-001  2.486437e-001  2.096933e-001  1.621455e-001  1.190186e-001  6.443122e-002  1.761194e-002  -0.000000e+000  
4.984728e-001  5.118798e-001  5.342044e-001  5.543330e-001  4.560832e-001  4.156802e-001  3.594140e-001  3.034461e-001  2.539698e-001  2.123472e-001  1.780576e-001  1.500241e-001  1.156898e-001  8.463017e-002  4.554372e-002  1.239438e-002  -0.000000e+000  
-2.329030e-011  -0.000000e+000  -0.000000e+000  2.025586e-011  1.806450e-011  2.102689e-011  -0.000000e+000  -1.065771e-011  -2.262735e-011  -1.833541e-011  -1.565520e-011  -8.475676e-012  -0.000000e+000  1.067913e-011  -1.391429e-011  -0.000000e+000  -0.000000e+000  
-4.984728e-001  -5.118798e-001  -5.342044e-001  -5.543330e-001  -4.560832e-001  -4.156802e-001  -3.594140e-001  -3.034461e-001  -2.539698e-001  -2.123472e-001  -1.780576e-001  -1.500241e-001  -1.156898e-001  -8.463017e-002  -4.554372e-002  -1.239438e-002  -0.000000e+000  
-6.971229e-001  -7.248019e-001  -7.775908e-001  -8.397539e-001  -7.292917e-001  -6.274516e-001  -5.209084e-001  -4.301695e-001  -3.562990e-001  -2.967234e-001  -2.486437e-001  -2.096933e-001  -1.621455e-001  -1.190186e-001  -6.443122e-002  -1.761194e-002  -0.000000e+000  
-8.124098e-001  -8.511738e-001  -9.339174e-001  -1.067992e+000  -9.687658e-001  -7.714438e-001  -6.207739e-001  -5.062505e-001  -4.173938e-001  -3.472509e-001  -2.911642e-001  -2.458765e-001  -1.906127e-001  -1.403069e-001  -7.630993e-002  -2.093014e-002  -0.000000e+000  
-8.942632e-001  -9.400868e-001  -1.045621e+000  -1.264667e+000  -1.190801e+000  -8.794586e-001  -6.939886e-001  -5.629090e-001  -4.637721e-001  -3.862633e-001  -3.244682e-001  -2.745587e-001  -2.135454e-001  -1.576996e-001  -8.621591e-002  -2.373635e-002  -0.000000e+000  
-9.488523e-001  -9.955557e-001  -1.100476e+000  -1.293850e+000  -1.227746e+000  -9.346663e-001  -7.414422e-001  -6.029213e-001  -4.979858e-001  -4.158428e-001  -3.502115e-001  -2.970515e-001  -2.318522e-001  -1.717865e-001  -9.440191e-002  -2.608650e-002  -0.000000e+000  
-9.852871e-001  -1.028422e+000  -1.121048e+000  -1.273636e+000  -1.213455e+000  -9.579758e-001  -7.715116e-001  -6.323187e-001  -5.250309e-001  -4.402508e-001  -3.720631e-001  -3.165290e-001  -2.480800e-001  -1.845023e-001  -1.019717e-001  -2.829396e-002  -0.000000e+000  
-1.004939e+000  -1.042047e+000  -1.118326e+000  -1.233622e+000  -1.177564e+000  -9.593619e-001  -7.866101e-001  -6.516557e-001  -5.450101e-001  -4.594709e-001  -3.899724e-001  -3.329318e-001  -2.621690e-001  -1.957953e-001  -1.088922e-001  -3.034924e-002  -0.000000e+000  
-1.011052e+000  -1.040120e+000  -1.097208e+000  -1.176950e+000  -1.124517e+000  -9.441463e-001  -7.903724e-001  -6.639563e-001  -5.607575e-001  -4.762123e-001  -4.065015e-001  -3.486468e-001  -2.762190e-001  -2.073834e-001  -1.162473e-001  -3.258068e-002  -0.000000e+000  
-9.972312e-001  -1.017781e+000  -1.056571e+000  -1.107350e+000  -1.058362e+000  -9.115421e-001  -7.790438e-001  -6.648179e-001  -5.682182e-001  -4.870215e-001  -4.187826e-001  -3.613057e-001  -2.884734e-001  -2.180396e-001  -1.234364e-001  -3.484018e-002  -0.000000e+000  
-9.685918e-001  -9.822539e-001  -1.007162e+000  -1.037859e+000  -9.921609e-001  -8.711019e-001  -7.574391e-001  -6.557039e-001  -5.669525e-001  -4.904959e-001  -4.249824e-001  -3.689332e-001  -2.969803e-001  -2.260686e-001  -1.293339e-001  -3.678001e-002  -0.000000e+000  
-9.300196e-001  -9.385019e-001  -9.533882e-001  -9.703618e-001  -9.279659e-001  -8.269045e-001  -7.293066e-001  -6.393622e-001  -5.588034e-001  -4.878333e-001  -4.258753e-001  -3.720340e-001  -3.019906e-001  -2.315779e-001  -1.339462e-001  -3.839351e-002  -0.000000e+000  
-8.544120e-001  -8.566360e-001  -8.597686e-001  -8.612795e-001  -8.244706e-001  -7.499010e-001  -6.750880e-001  -6.031875e-001  -5.361461e-001  -4.749203e-001  -4.197793e-001  -3.705681e-001  -3.050619e-001  -2.368747e-001  -1.396030e-001  -4.056089e-002  -0.000000e+000  
-7.378769e-001  -7.365398e-001  -7.332240e-001  -7.267350e-001  -6.972790e-001  -6.454195e-001  -5.918162e-001  -5.385076e-001  -4.870159e-001  -4.383527e-001  -3.930977e-001  -3.515018e-001  -2.946251e-001  -2.326998e-001  -1.408898e-001  -4.177834e-002  -0.000000e+000  
-5.693701e-001  -5.665338e-001  -5.606999e-001  -5.515775e-001  -5.316155e-001  -5.013372e-001  -4.690104e-001  -4.356391e-001  -4.020927e-001  -3.690751e-001  -3.371193e-001  -3.065996e-001  -2.633297e-001  -2.130731e-001  -1.342297e-001  -4.105371e-002  -0.000000e+000  
-3.788154e-001  -3.765972e-001  -3.721458e-001  -3.654383e-001  -3.539840e-001  -3.381510e-001  -3.208452e-001  -3.024959e-001  -2.835069e-001  -2.642403e-001  -2.450070e-001  -2.260616e-001  -1.983743e-001  -1.642862e-001  -1.078749e-001  -3.420541e-002  -0.000000e+000  
-2.025239e-001  -2.013468e-001  -1.990000e-001  -1.954989e-001  -1.901115e-001  -1.830345e-001  -1.751795e-001  -1.667053e-001  -1.577681e-001  -1.485166e-001  -1.390874e-001  -1.296011e-001  -1.154411e-001  -9.725782e-002  -6.595441e-002  -2.156565e-002  -0.000000e+000  
-5.929424e-002  -5.895516e-002  -5.827997e-002  -5.727471e-002  -5.577165e-002  -5.382814e-002  -5.165967e-002  -4.930636e-002  -4.680848e-002  -4.420507e-002  -4.153276e-002  -3.882480e-002  -3.475327e-002  -2.944842e-002  -2.019068e-002  -6.673703e-003  -0.000000e+000  
-0.000000e+000  -0.000000e+000  -0.000000e+000  -0.000000e+000  -0.000000e+000  -0.000000e+000  -0.000000e+000  -0.000000e+000  -0.000000e+000  -0.000000e+000  -0.000000e+000  -0.000000e+000  -0.000000e+000  -0.000000e+000  -0.000000e+000  -0.000000e+000  -0.000000e+000  

