2025-10-16 16:30:02   Build version: 2025.4 Release from 2025-04-11 (change 1409410)

2025-10-16 16:30:02   Starting adaptive port meshing.

                      ------------------------------------------------------------------------------
2025-10-16 16:30:02   Mode calculation for port 1:

                      ------------------------------------------------------------------------------
2025-10-16 16:30:02   According to the selected features the <Time Domain Solver (HEX)> will be
                      started.

                      ------------------------------------------------------------------------------
2025-10-16 16:30:03   

                      ------------------------------------------------------------------------------
2025-10-16 16:30:03   

                      ------------------------------------------------------------------------------
2025-10-16 16:30:08   Using Generalized port mode solver.

                      ------------------------------------------------------------------------------
2025-10-16 16:30:08   Using electric shielding for port 1.

                      ------------------------------------------------------------------------------
2025-10-16 16:30:09   Port mode solver: Detected dispersive material(s) at port 1. 
                      Using a constant approximation of dispersive material(s) at 2.4 GHz and neglecting loss terms.  More...

                      ------------------------------------------------------------------------------
2025-10-16 16:30:10     -------------------------------- F-Calc 2.4 --------------------------------
                        Port   Mode   Type        Z-Wave        Z-Wave-Sigma  Z-Line        F-Cutoff
                        1      1      QTEM        209           0             59            ---
                        ----------------------------------------------------------------------------

2025-10-16 16:30:13   Pass 1 successfully completed. 
2025-10-16 16:30:13   According to the selected features the <Time Domain Solver (HEX)> will be
                      started.

                      ------------------------------------------------------------------------------
2025-10-16 16:30:13   

                      ------------------------------------------------------------------------------
2025-10-16 16:30:13   

                      ------------------------------------------------------------------------------
2025-10-16 16:30:18     -------------------------------- F-Calc 2.4 --------------------------------
                        Port   Mode   Type        Z-Wave        Z-Wave-Sigma  Z-Line        F-Cutoff
                        1      1      QTEM        212           0             61.9          ---
                        ----------------------------------------------------------------------------

2025-10-16 16:30:20   Pass 2 successfully completed. Delta (Line Imp.): 4.57%
2025-10-16 16:30:20   According to the selected features the <Time Domain Solver (HEX)> will be
                      started.

                      ------------------------------------------------------------------------------
2025-10-16 16:30:20   

                      ------------------------------------------------------------------------------
2025-10-16 16:30:20   

                      ------------------------------------------------------------------------------
2025-10-16 16:30:27     -------------------------------- F-Calc 2.4 --------------------------------
                        Port   Mode   Type        Z-Wave        Z-Wave-Sigma  Z-Line        F-Cutoff
                        1      1      QTEM        247           6.46e-007     61.6          ---
                        ----------------------------------------------------------------------------

2025-10-16 16:30:29   Pass 3 successfully completed. Delta (Line Imp.): 0.34%
2025-10-16 16:30:29   According to the selected features the <Time Domain Solver (HEX)> will be
                      started.

                      ------------------------------------------------------------------------------
2025-10-16 16:30:30   

                      ------------------------------------------------------------------------------
2025-10-16 16:30:30   

                      ------------------------------------------------------------------------------
2025-10-16 16:30:38     -------------------------------- F-Calc 2.4 --------------------------------
                        Port   Mode   Type        Z-Wave        Z-Wave-Sigma  Z-Line        F-Cutoff
                        1      1      QTEM        250           8.05e-008     61.7          ---
                        ----------------------------------------------------------------------------

2025-10-16 16:30:39   Pass 4 successfully completed. Delta (Line Imp.): 0.00%
2025-10-16 16:30:39   Adaptive port meshing finished. 

                      ------------------------------------------------------------------------------
2025-10-16 16:30:40   The following farfield monitor(s) have been adjusted to model box [-59.1472,
                      59.1472, -50.2883, 45.4975, -5.2976, 14.8952]:
                        farfield (f=2.4417).
                      For further information please check the page "Special Solver Parameters -
                      Solver" in the Online Help.

                      ------------------------------------------------------------------------------
2025-10-16 16:30:40   According to the selected features the <Time Domain Solver (HEX)> will be
                      started.

                      ------------------------------------------------------------------------------
2025-10-16 16:30:40   
                      Solver started at: 2025-10-16 16:30:40 +0200

                        Module:  Time Domain: S-Parameter (Win 64)
                        Version: 2025.4 Release from 2025-04-11 (change 1409410)

2025-10-16 16:30:41   

                      ------------------------------------------------------------------------------
2025-10-16 16:30:41   

                      ------------------------------------------------------------------------------
2025-10-16 16:30:41   ======================================================================
                       Solver cycle: 1
                      ======================================================================

                      Stimulation at port 1 (mode 1) 



                      ------------------------------------------------------------------------------
2025-10-16 16:30:41   Units settings: 

                        Dimensions: mm
                        Frequency:  GHz
                        Time:       ns

                      ------------------------------------------------------------------------------
2025-10-16 16:30:41   The dispersive material update [Automatic] will be performed using the "Standard" update schema

                      ------------------------------------------------------------------------------
2025-10-16 16:30:57   Mesh statistics:

                         Hexahedral mesh type: Perfect Boundary Approximation (PBA)
                            Version: default

                         Parallelization type: domain decomposition
                            Number of parallel working threads: 2
                            Number of calculation domains used: 2

                         Used point accuracy enhancement value: 75.00%.
                         Acceleration mode: CPU
                         PBA fill limit: 99.00% (inverse)
                         Used point accuracy enhancement value: 74.00%.
2025-10-16 15:53:56      current system memory usage reached 80%
2025-10-16 15:53:55      current system memory usage reached 80%

2025-10-16 16:31:02   Using Generalized port mode solver.

                      ------------------------------------------------------------------------------
2025-10-16 16:31:02   Using electric shielding for port 1.

                      ------------------------------------------------------------------------------
2025-10-16 16:31:04   Port mode solver: Detected dispersive material(s) at port 1. 
                      Using a constant approximation of dispersive material(s) at 2.4 GHz and neglecting loss terms.  More...

                      ------------------------------------------------------------------------------
2025-10-16 16:31:04   Boundary conditions: 

                        YZsymmetry: none
                        XZsymmetry: none
                        XYsymmetry: none

                        Xmin: expanded open, 4 Layer, depth 32.778 mm
                        Xmax: expanded open, 4 Layer, depth 32.778 mm

                        Ymin: expanded open, 4 Layer, depth 32.9272 mm
                        Ymax: expanded open, 4 Layer, depth 32.8039 mm

                        Zmin: expanded open, 4 Layer, depth 32.9358 mm
                        Zmax: expanded open, 4 Layer, depth 39.4839 mm

                        PML-Type: Convolution PML

                      ------------------------------------------------------------------------------
2025-10-16 16:31:04   Frequency settings: 

                        Fmin:         2.2
                        Fmax:         2.6
                        Nfsteps(lin): 1001

                      ------------------------------------------------------------------------------
2025-10-16 16:31:05   Field update statistics:

                        Number of components in total: 	340011
                        Number of TST and special elements:	228
                        Number of lossy metal components:	7916
                        Number of disp. elements:		4450

                      Subcycling state:      			Automatically deactivated

                      ------------------------------------------------------------------------------
2025-10-16 16:31:06   Waveguide boundaries:

2025-10-16 16:31:06   Port: 1

2025-10-16 16:31:06     -------------------------------- F-Calc 2.4 --------------------------------
                        Port   Mode   Type        Z-Wave        Z-Wave-Sigma  Z-Line        F-Cutoff
                        1      1      QTEM        209           0             61.7          ---
                        ----------------------------------------------------------------------------

2025-10-16 16:31:07   Using standard absorber for unconsidered modes at port 1.

                      ------------------------------------------------------------------------------
2025-10-16 16:31:32   
                      --------------------------------------------------------------------------------
2025-10-16 16:31:32   Steady state energy criterion met, solver finished successfully.

                      ------------------------------------------------------------------------------
2025-10-16 16:31:32   Frequency domain results normalized to default signal.


                      ------------------------------------------------------------------------------
2025-10-16 16:31:32   
                        ----------------------------------------------------------------------------
                                            Peak memory used (kB)         Free physical memory (kB) 
                                                                          At begin     Minimum      
                        ----------------------------------------------------------------------------
                        Matrices calc.      143345                        1989257      1206054      
                        Solver run total    74824                         3539716      3387456      
                        ----------------------------------------------------------------------------

                      --------------------------------------------------------------------------------
                      Solver Statistics:

                        Hardware:
                           Computer name:                 	Heu 

                           Number of CPU threads:               4
                           Hardware info:                  	Hardware Accelerator Device not activated

                        Number of mesh cells:             	54144
                        Excitation duration:              	1.77727437e+001 ns 
                        Calculation time for excitation:  	0 	s
                        Number of calculated pulse widths:	1.17742 
                        Steady state accuracy limit:      	-40	dB 
                        Simulated number of time steps:   	8250 
                        Maximum number of time steps:     	140136 
                        Time step width:
                           without subcycles:             	2.536484363e-003 ns
                           used:                          	2.536484363e-003 ns

                        Matrix calculation time:          	15 	s
                        Solver setup time:                	15 	s
                        Solver loop time:                 	17 	s
                        Solver post-processing time:      	2 	s
                                                          	------------
                        Total solver time:                	49 	s

                      ------------------------------------------------------------------------------
2025-10-16 16:31:33   
                        Adaptive port meshing time:          	40     	s
                        Total solver time (all cycles):      	49     	s
                        Solver initialization and clean-up:  	4      	s
                                                             	------------
                        Total simulation time:               	93     	s  ( = 0 h, 1 m, 33 s )

                      ------------------------------------------------------------------------------
2025-10-16 16:31:34   Solver finished at: 2025-10-16 16:31:34 +0200



                      ------------------------------------------------------------------------------
2025-10-16 16:31:35   Creating parametric 1D results for Run ID 19

                      ------------------------------------------------------------------------------
