Port monitor named: Port1_h1.prt

nx        = 37
ny        = 4
nz        = 19

nu        = 17
nv        = 35
iu        = 2
iv        = 2

idir      = 1
dcut      = -4.850000e-002
icut      = 2
type      = 1
frequency = 2.400000e+009

fcutoff   = 0.000000e+000
alpha     = 0.000000e+000
beta      = 9.556408e+001
accuracy  = 7.985192e-010

type          = QTEM
wave imp.     = 2.483881e+002
wave imp.sig. = 1.262304e-008
line imp.     = 3.405404e+001

ref. port     = 0

-0.000000e+000  1.593173e-002  3.151055e-002  4.640155e-002  6.030415e-002  7.462454e-002  8.720008e-002  9.787060e-002  1.065705e-001  1.133203e-001  1.182130e-001  1.213977e-001  1.230633e-001  1.224757e-001  1.184887e-001  1.007074e-001  8.727829e-002  
-0.000000e+000  5.989456e-002  1.181048e-001  1.730575e-001  2.233890e-001  2.737776e-001  3.162560e-001  3.503770e-001  3.761768e-001  3.940878e-001  4.048331e-001  4.093209e-001  4.085520e-001  3.942988e-001  3.707902e-001  2.977523e-001  2.503265e-001  
-0.000000e+000  1.514197e-001  2.965039e-001  4.295002e-001  5.457532e-001  6.539759e-001  7.355790e-001  7.909948e-001  8.224796e-001  8.334173e-001  8.276809e-001  8.091504e-001  7.814042e-001  7.076066e-001  6.280615e-001  4.532787e-001  3.606196e-001  
-0.000000e+000  3.174107e-001  6.156861e-001  8.777258e-001  1.090532e+000  1.264651e+000  1.368173e+000  1.409470e+000  1.401370e+000  1.357568e+000  1.290366e+000  1.209705e+000  1.123051e+000  9.476869e-001  7.915570e-001  5.190503e-001  3.943064e-001  
-0.000000e+000  5.331214e-001  1.027370e+000  1.446682e+000  1.762828e+000  1.981938e+000  2.064641e+000  2.041609e+000  1.948227e+000  1.814843e+000  1.663602e+000  1.509026e+000  1.359856e+000  1.092273e+000  8.754993e-001  5.402027e-001  3.984136e-001  
-0.000000e+000  8.324192e-001  1.601446e+000  2.238497e+000  2.677733e+000  2.898063e+000  2.874746e+000  2.700851e+000  2.456818e+000  2.194177e+000  1.940316e+000  1.707456e+000  1.499628e+000  1.159400e+000  9.018331e-001  5.343819e-001  3.865892e-001  
-0.000000e+000  1.054958e+000  2.037142e+000  2.852898e+000  3.390168e+000  3.578623e+000  3.433841e+000  3.121432e+000  2.758101e+000  2.404204e+000  2.084163e+000  1.804286e+000  1.563128e+000  1.184604e+000  9.069606e-001  5.259516e-001  3.765105e-001  
-0.000000e+000  1.339247e+000  2.614162e+000  3.703927e+000  4.400300e+000  4.483285e+000  4.107155e+000  3.578607e+000  3.055647e+000  2.593986e+000  2.203292e+000  1.877104e+000  1.605126e+000  1.194174e+000  9.009933e-001  5.120997e-001  3.629677e-001  
-0.000000e+000  1.678009e+000  3.348304e+000  4.889311e+000  5.909890e+000  5.696294e+000  4.885223e+000  4.035343e+000  3.315355e+000  2.739105e+000  2.281682e+000  1.915707e+000  1.619206e+000  1.185322e+000  8.827594e-001  4.926406e-001  3.459565e-001  
-0.000000e+000  1.966440e+000  4.053708e+000  6.250642e+000  7.981942e+000  7.046282e+000  5.561191e+000  4.348417e+000  3.455422e+000  2.796703e+000  2.298298e+000  1.910949e+000  1.602819e+000  1.160627e+000  8.565377e-001  4.716090e-001  3.288676e-001  
-0.000000e+000  2.151571e+000  4.578261e+000  7.524439e+000  1.057396e+001  8.299779e+000  6.025518e+000  4.506129e+000  3.499251e+000  2.796110e+000  2.279308e+000  1.884153e+000  1.572901e+000  1.130889e+000  8.293476e-001  4.521338e-001  3.136126e-001  
-0.000000e+000  2.230294e+000  4.901828e+000  8.757422e+000  1.499503e+001  9.556726e+000  6.265959e+000  4.512006e+000  3.453439e+000  2.740790e+000  2.224779e+000  1.832973e+000  1.525590e+000  1.091086e+000  7.960256e-001  4.301375e-001  2.968901e-001  
-0.000000e+000  2.138512e+000  4.767981e+000  9.070354e+000  2.340697e+001  1.017361e+001  6.048123e+000  4.311212e+000  3.305318e+000  2.627633e+000  2.133921e+000  1.757234e+000  1.460888e+000  1.041280e+000  7.566430e-001  4.056847e-001  2.787538e-001  
-0.000000e+000  1.822743e+000  3.893081e+000  6.601345e+000  -0.000000e+000  6.542759e+000  5.002917e+000  3.841991e+000  3.030246e+000  2.440001e+000  1.993603e+000  1.646044e+000  1.369565e+000  9.745318e-001  7.058569e-001  3.755976e-001  2.568939e-001  
-0.000000e+000  1.324530e+000  2.541608e+000  3.076980e+000  -0.000000e+000  3.517121e+000  3.671533e+000  3.162236e+000  2.624453e+000  2.166803e+000  1.793453e+000  1.490847e+000  1.244770e+000  8.864966e-001  6.409264e-001  3.387863e-001  2.307054e-001  
-0.000000e+000  6.730217e-001  1.123970e+000  1.023574e+000  -0.000000e+000  1.526813e+000  2.139859e+000  2.165455e+000  1.962513e+000  1.700413e+000  1.445715e+000  1.220139e+000  1.027711e+000  7.356848e-001  5.317119e-001  2.788157e-001  1.887519e-001  
-0.000000e+000  9.297369e-002  1.405609e-001  1.087682e-001  -0.000000e+000  2.996832e-001  5.203139e-001  6.266502e-001  6.488767e-001  6.203897e-001  5.662961e-001  5.026697e-001  4.387929e-001  3.249662e-001  2.381196e-001  1.238048e-001  8.287696e-002  
-0.000000e+000  -9.297369e-002  -1.405609e-001  -1.087682e-001  -0.000000e+000  -2.996832e-001  -5.203139e-001  -6.266502e-001  -6.488766e-001  -6.203897e-001  -5.662961e-001  -5.026697e-001  -4.387929e-001  -3.249662e-001  -2.381196e-001  -1.238048e-001  -8.287696e-002  
-0.000000e+000  -6.730217e-001  -1.123970e+000  -1.023574e+000  -0.000000e+000  -1.526813e+000  -2.139859e+000  -2.165455e+000  -1.962513e+000  -1.700413e+000  -1.445715e+000  -1.220139e+000  -1.027711e+000  -7.356847e-001  -5.317119e-001  -2.788157e-001  -1.887519e-001  
-0.000000e+000  -1.324530e+000  -2.541608e+000  -3.076980e+000  -0.000000e+000  -3.517121e+000  -3.671533e+000  -3.162236e+000  -2.624453e+000  -2.166803e+000  -1.793453e+000  -1.490847e+000  -1.244770e+000  -8.864966e-001  -6.409264e-001  -3.387863e-001  -2.307054e-001  
-0.000000e+000  -1.822743e+000  -3.893081e+000  -6.601345e+000  -0.000000e+000  -6.542759e+000  -5.002917e+000  -3.841991e+000  -3.030246e+000  -2.440001e+000  -1.993603e+000  -1.646044e+000  -1.369565e+000  -9.745318e-001  -7.058569e-001  -3.755976e-001  -2.568939e-001  
-0.000000e+000  -2.138512e+000  -4.767981e+000  -9.070354e+000  -2.340697e+001  -1.017361e+001  -6.048123e+000  -4.311212e+000  -3.305318e+000  -2.627633e+000  -2.133921e+000  -1.757234e+000  -1.460888e+000  -1.041280e+000  -7.566430e-001  -4.056848e-001  -2.787538e-001  
-0.000000e+000  -2.230294e+000  -4.901828e+000  -8.757422e+000  -1.499503e+001  -9.556726e+000  -6.265959e+000  -4.512006e+000  -3.453439e+000  -2.740790e+000  -2.224779e+000  -1.832974e+000  -1.525590e+000  -1.091086e+000  -7.960256e-001  -4.301375e-001  -2.968900e-001  
-0.000000e+000  -2.151571e+000  -4.578261e+000  -7.524439e+000  -1.057396e+001  -8.299779e+000  -6.025518e+000  -4.506129e+000  -3.499251e+000  -2.796110e+000  -2.279308e+000  -1.884153e+000  -1.572901e+000  -1.130889e+000  -8.293477e-001  -4.521337e-001  -3.136126e-001  
-0.000000e+000  -1.966440e+000  -4.053708e+000  -6.250642e+000  -7.981942e+000  -7.046282e+000  -5.561191e+000  -4.348417e+000  -3.455422e+000  -2.796703e+000  -2.298298e+000  -1.910949e+000  -1.602819e+000  -1.160627e+000  -8.565376e-001  -4.716090e-001  -3.288675e-001  
-0.000000e+000  -1.678009e+000  -3.348304e+000  -4.889311e+000  -5.909890e+000  -5.696294e+000  -4.885223e+000  -4.035343e+000  -3.315355e+000  -2.739105e+000  -2.281682e+000  -1.915707e+000  -1.619206e+000  -1.185322e+000  -8.827594e-001  -4.926406e-001  -3.459565e-001  
-0.000000e+000  -1.339247e+000  -2.614162e+000  -3.703927e+000  -4.400300e+000  -4.483285e+000  -4.107155e+000  -3.578607e+000  -3.055647e+000  -2.593986e+000  -2.203292e+000  -1.877104e+000  -1.605126e+000  -1.194174e+000  -9.009933e-001  -5.120997e-001  -3.629677e-001  
-0.000000e+000  -1.054958e+000  -2.037143e+000  -2.852898e+000  -3.390168e+000  -3.578623e+000  -3.433841e+000  -3.121432e+000  -2.758101e+000  -2.404204e+000  -2.084163e+000  -1.804286e+000  -1.563128e+000  -1.184604e+000  -9.069606e-001  -5.259516e-001  -3.765105e-001  
-0.000000e+000  -8.324192e-001  -1.601446e+000  -2.238497e+000  -2.677733e+000  -2.898063e+000  -2.874746e+000  -2.700851e+000  -2.456818e+000  -2.194177e+000  -1.940316e+000  -1.707456e+000  -1.499628e+000  -1.159400e+000  -9.018331e-001  -5.343819e-001  -3.865892e-001  
-0.000000e+000  -5.331214e-001  -1.027370e+000  -1.446682e+000  -1.762828e+000  -1.981938e+000  -2.064641e+000  -2.041609e+000  -1.948227e+000  -1.814843e+000  -1.663602e+000  -1.509026e+000  -1.359856e+000  -1.092273e+000  -8.754993e-001  -5.402027e-001  -3.984136e-001  
-0.000000e+000  -3.174107e-001  -6.156861e-001  -8.777258e-001  -1.090532e+000  -1.264651e+000  -1.368173e+000  -1.409470e+000  -1.401370e+000  -1.357568e+000  -1.290366e+000  -1.209705e+000  -1.123051e+000  -9.476869e-001  -7.915570e-001  -5.190503e-001  -3.943064e-001  
-0.000000e+000  -1.514197e-001  -2.965039e-001  -4.295002e-001  -5.457532e-001  -6.539759e-001  -7.355790e-001  -7.909948e-001  -8.224796e-001  -8.334173e-001  -8.276809e-001  -8.091504e-001  -7.814042e-001  -7.076066e-001  -6.280615e-001  -4.532787e-001  -3.606196e-001  
-0.000000e+000  -5.989455e-002  -1.181048e-001  -1.730575e-001  -2.233890e-001  -2.737776e-001  -3.162560e-001  -3.503770e-001  -3.761768e-001  -3.940878e-001  -4.048331e-001  -4.093209e-001  -4.085520e-001  -3.942988e-001  -3.707902e-001  -2.977523e-001  -2.503265e-001  
-0.000000e+000  -1.593173e-002  -3.151055e-002  -4.640155e-002  -6.030415e-002  -7.462454e-002  -8.720008e-002  -9.787060e-002  -1.065705e-001  -1.133203e-001  -1.182130e-001  -1.213977e-001  -1.230633e-001  -1.224757e-001  -1.184887e-001  -1.007074e-001  -8.727829e-002  
-0.000000e+000  -0.000000e+000  -0.000000e+000  -0.000000e+000  -0.000000e+000  -0.000000e+000  -0.000000e+000  -0.000000e+000  -0.000000e+000  -0.000000e+000  -0.000000e+000  -0.000000e+000  -0.000000e+000  -0.000000e+000  -0.000000e+000  -0.000000e+000  -0.000000e+000  

-1.057016e+000  -1.050156e+000  -1.036562e+000  -1.016483e+000  -9.911080e-001  -9.610609e-001  -9.261873e-001  -8.872218e-001  -8.449229e-001  -8.000408e-001  -7.532891e-001  -7.053239e-001  -6.324304e-001  -5.357242e-001  -3.705696e-001  -1.254539e-001  -0.000000e+000  
-1.172003e+000  -1.162932e+000  -1.145026e+000  -1.118739e+000  -1.085265e+000  -1.045405e+000  -9.997991e-001  -9.496912e-001  -8.963056e-001  -8.407859e-001  -7.841539e-001  -7.272848e-001  -6.427038e-001  -5.352373e-001  -3.589768e-001  -1.179923e-001  -0.000000e+000  
-1.589162e+000  -1.569794e+000  -1.531949e+000  -1.477321e+000  -1.407263e+000  -1.323892e+000  -1.232189e+000  -1.135975e+000  -1.038589e+000  -9.427407e-001  -8.504614e-001  -7.631482e-001  -6.408941e-001  -5.035069e-001  -3.036404e-001  -9.031569e-002  -0.000000e+000  
-2.395861e+000  -2.346072e+000  -2.250124e+000  -2.114871e+000  -1.943410e+000  -1.744812e+000  -1.539321e+000  -1.338491e+000  -1.150482e+000  -9.801440e-001  -8.296237e-001  -6.991233e-001  -5.318363e-001  -3.742103e-001  -1.831700e-001  -4.427961e-002  -0.000000e+000  
-3.205544e+000  -3.110523e+000  -2.928862e+000  -2.677002e+000  -2.363644e+000  -2.014620e+000  -1.675875e+000  -1.368362e+000  -1.102159e+000  -8.793148e-001  -6.971322e-001  -5.507097e-001  -3.764460e-001  -2.333467e-001  -8.448753e-002  -1.244757e-002  -0.000000e+000  
-4.535287e+000  -4.348821e+000  -3.990793e+000  -3.495914e+000  -2.890096e+000  -2.252144e+000  -1.687993e+000  -1.228630e+000  -8.738466e-001  -6.087778e-001  -4.149387e-001  -2.754452e-001  -1.273004e-001  -3.071509e-002  3.959496e-002  2.425582e-002  -0.000000e+000  
-5.336974e+000  -5.092164e+000  -4.612598e+000  -3.935393e+000  -3.101870e+000  -2.262259e+000  -1.572297e+000  -1.052832e+000  -6.801825e-001  -4.198418e-001  -2.409620e-001  -1.199680e-001  -5.073271e-005  6.544115e-002  9.357541e-002  3.938989e-002  -0.000000e+000  
-6.345891e+000  -6.034233e+000  -5.401618e+000  -4.468011e+000  -3.290163e+000  -2.175263e+000  -1.345045e+000  -7.806986e-001  -4.127113e-001  -1.773042e-001  -2.884406e-002  6.260333e-002  1.428383e-001  1.698654e-001  1.498437e-001  5.475189e-002  -0.000000e+000  
-7.618746e+000  -7.248256e+000  -6.445745e+000  -5.150265e+000  -3.395163e+000  -1.901590e+000  -9.428265e-001  -3.791490e-001  -5.775495e-002  1.226920e-001  2.210302e-001  2.703862e-001  2.991039e-001  2.808025e-001  2.075364e-001  7.013455e-002  -0.000000e+000  
-9.205345e+000  -8.828584e+000  -7.908360e+000  -6.134652e+000  -3.261314e+000  -1.275230e+000  -2.796423e-001  1.826171e-001  3.905550e-001  4.772139e-001  5.035666e-001  4.984366e-001  4.650182e-001  3.958441e-001  2.656324e-001  8.531013e-002  -0.000000e+000  
-1.045191e+001  -1.015094e+001  -9.300377e+000  -7.239783e+000  -2.777217e+000  -4.852435e-001  3.651772e-001  6.554264e-001  7.375467e-001  7.384267e-001  7.056225e-001  6.584936e-001  5.791601e-001  4.738666e-001  3.042955e-001  9.526574e-002  -0.000000e+000  
-1.181326e+001  -1.168406e+001  -1.115804e+001  -9.164738e+000  -1.561013e+000  7.368388e-001  1.178133e+000  1.190920e+000  1.109205e+000  1.010046e+000  9.122653e-001  8.205495e-001  6.935048e-001  5.513968e-001  3.422547e-001  1.049423e-001  -0.000000e+000  
-1.322298e+001  -1.336879e+001  -1.358036e+001  -1.307053e+001  1.387502e+000  2.515973e+000  2.120076e+000  1.755245e+000  1.486553e+000  1.281668e+000  1.117466e+000  9.808391e-001  8.060900e-001  6.273883e-001  3.791340e-001  1.142637e-001  -0.000000e+000  
-1.457477e+001  -1.502647e+001  -1.627927e+001  -1.981911e+001  1.066179e+001  4.753277e+000  3.053578e+000  2.291464e+000  1.845379e+000  1.541618e+000  1.314858e+000  1.135498e+000  9.149372e-001  7.007911e-001  4.145578e-001  1.231544e-001  -0.000000e+000  
-1.601045e+001  -1.665441e+001  -1.840217e+001  -2.296253e+001  1.021878e+001  5.777549e+000  3.824093e+000  2.827494e+000  2.233199e+000  1.833615e+000  1.541301e+000  1.314994e+000  1.042488e+000  7.870650e-001  4.560747e-001  1.335092e-001  -0.000000e+000  
-1.705865e+001  -1.762032e+001  -1.884278e+001  -2.061399e+001  7.598792e+000  5.651317e+000  4.153121e+000  3.178683e+000  2.532109e+000  2.077015e+000  1.738105e+000  1.474620e+000  1.158187e+000  8.659769e-001  4.941003e-001  1.429484e-001  -0.000000e+000  
-1.813942e+001  -1.835868e+001  -1.873044e+001  -1.907630e+001  5.310516e+000  4.784358e+000  4.090145e+000  3.430815e+000  2.868270e+000  2.406086e+000  2.030061e+000  1.723586e+000  1.346673e+000  9.971292e-001  5.578430e-001  1.587038e-001  -0.000000e+000  
-1.852939e+001  -1.857905e+001  -1.865413e+001  -1.871223e+001  4.209037e+000  4.027608e+000  3.712676e+000  3.333497e+000  2.941023e+000  2.565963e+000  2.223811e+000  1.920318e+000  1.523264e+000  1.132031e+000  6.277342e-001  1.760924e-001  -0.000000e+000  
-1.813942e+001  -1.835868e+001  -1.873044e+001  -1.907630e+001  5.310516e+000  4.784358e+000  4.090145e+000  3.430815e+000  2.868270e+000  2.406086e+000  2.030061e+000  1.723586e+000  1.346673e+000  9.971292e-001  5.578430e-001  1.587038e-001  -0.000000e+000  
-1.705865e+001  -1.762032e+001  -1.884278e+001  -2.061399e+001  7.598792e+000  5.651317e+000  4.153121e+000  3.178683e+000  2.532109e+000  2.077015e+000  1.738105e+000  1.474620e+000  1.158187e+000  8.659769e-001  4.941003e-001  1.429484e-001  -0.000000e+000  
-1.601045e+001  -1.665441e+001  -1.840217e+001  -2.296253e+001  1.021878e+001  5.777549e+000  3.824093e+000  2.827494e+000  2.233199e+000  1.833615e+000  1.541301e+000  1.314994e+000  1.042488e+000  7.870650e-001  4.560747e-001  1.335092e-001  -0.000000e+000  
-1.457477e+001  -1.502647e+001  -1.627927e+001  -1.981911e+001  1.066179e+001  4.753277e+000  3.053578e+000  2.291464e+000  1.845379e+000  1.541618e+000  1.314858e+000  1.135498e+000  9.149372e-001  7.007911e-001  4.145578e-001  1.231544e-001  -0.000000e+000  
-1.322298e+001  -1.336879e+001  -1.358036e+001  -1.307053e+001  1.387502e+000  2.515973e+000  2.120076e+000  1.755245e+000  1.486553e+000  1.281668e+000  1.117466e+000  9.808391e-001  8.060900e-001  6.273883e-001  3.791340e-001  1.142637e-001  -0.000000e+000  
-1.181326e+001  -1.168406e+001  -1.115804e+001  -9.164738e+000  -1.561013e+000  7.368388e-001  1.178133e+000  1.190920e+000  1.109205e+000  1.010046e+000  9.122653e-001  8.205495e-001  6.935048e-001  5.513968e-001  3.422547e-001  1.049423e-001  -0.000000e+000  
-1.045191e+001  -1.015094e+001  -9.300377e+000  -7.239783e+000  -2.777217e+000  -4.852435e-001  3.651772e-001  6.554264e-001  7.375467e-001  7.384267e-001  7.056225e-001  6.584936e-001  5.791601e-001  4.738666e-001  3.042954e-001  9.526575e-002  -0.000000e+000  
-9.205345e+000  -8.828584e+000  -7.908360e+000  -6.134652e+000  -3.261314e+000  -1.275230e+000  -2.796423e-001  1.826171e-001  3.905550e-001  4.772139e-001  5.035666e-001  4.984366e-001  4.650182e-001  3.958441e-001  2.656324e-001  8.531013e-002  -0.000000e+000  
-7.618746e+000  -7.248256e+000  -6.445745e+000  -5.150265e+000  -3.395163e+000  -1.901590e+000  -9.428265e-001  -3.791490e-001  -5.775496e-002  1.226920e-001  2.210302e-001  2.703862e-001  2.991039e-001  2.808025e-001  2.075364e-001  7.013455e-002  -0.000000e+000  
-6.345891e+000  -6.034233e+000  -5.401618e+000  -4.468011e+000  -3.290163e+000  -2.175263e+000  -1.345045e+000  -7.806986e-001  -4.127113e-001  -1.773042e-001  -2.884406e-002  6.260332e-002  1.428383e-001  1.698654e-001  1.498437e-001  5.475189e-002  -0.000000e+000  
-5.336974e+000  -5.092164e+000  -4.612598e+000  -3.935393e+000  -3.101870e+000  -2.262259e+000  -1.572297e+000  -1.052832e+000  -6.801825e-001  -4.198418e-001  -2.409620e-001  -1.199680e-001  -5.073536e-005  6.544116e-002  9.357541e-002  3.938989e-002  -0.000000e+000  
-4.535287e+000  -4.348821e+000  -3.990793e+000  -3.495914e+000  -2.890096e+000  -2.252144e+000  -1.687993e+000  -1.228630e+000  -8.738466e-001  -6.087779e-001  -4.149387e-001  -2.754452e-001  -1.273004e-001  -3.071509e-002  3.959497e-002  2.425582e-002  -0.000000e+000  
-3.205544e+000  -3.110523e+000  -2.928862e+000  -2.677002e+000  -2.363644e+000  -2.014621e+000  -1.675875e+000  -1.368362e+000  -1.102159e+000  -8.793148e-001  -6.971322e-001  -5.507097e-001  -3.764460e-001  -2.333467e-001  -8.448753e-002  -1.244757e-002  -0.000000e+000  
-2.395861e+000  -2.346072e+000  -2.250124e+000  -2.114871e+000  -1.943410e+000  -1.744812e+000  -1.539321e+000  -1.338491e+000  -1.150482e+000  -9.801440e-001  -8.296237e-001  -6.991233e-001  -5.318363e-001  -3.742103e-001  -1.831700e-001  -4.427961e-002  -0.000000e+000  
-1.589162e+000  -1.569794e+000  -1.531949e+000  -1.477321e+000  -1.407263e+000  -1.323892e+000  -1.232189e+000  -1.135975e+000  -1.038589e+000  -9.427407e-001  -8.504614e-001  -7.631482e-001  -6.408941e-001  -5.035069e-001  -3.036404e-001  -9.031569e-002  -0.000000e+000  
-1.172003e+000  -1.162932e+000  -1.145026e+000  -1.118739e+000  -1.085265e+000  -1.045405e+000  -9.997991e-001  -9.496912e-001  -8.963056e-001  -8.407859e-001  -7.841539e-001  -7.272848e-001  -6.427038e-001  -5.352373e-001  -3.589768e-001  -1.179923e-001  -0.000000e+000  
-1.057016e+000  -1.050156e+000  -1.036562e+000  -1.016483e+000  -9.911080e-001  -9.610609e-001  -9.261873e-001  -8.872217e-001  -8.449229e-001  -8.000408e-001  -7.532891e-001  -7.053239e-001  -6.324304e-001  -5.357242e-001  -3.705696e-001  -1.254539e-001  -0.000000e+000  

0.000000e+000  0.000000e+000  0.000000e+000  0.000000e+000  0.000000e+000  0.000000e+000  0.000000e+000  0.000000e+000  0.000000e+000  0.000000e+000  0.000000e+000  0.000000e+000  0.000000e+000  0.000000e+000  0.000000e+000  0.000000e+000  0.000000e+000  
0.000000e+000  0.000000e+000  0.000000e+000  0.000000e+000  0.000000e+000  0.000000e+000  0.000000e+000  0.000000e+000  0.000000e+000  0.000000e+000  0.000000e+000  0.000000e+000  0.000000e+000  0.000000e+000  0.000000e+000  0.000000e+000  0.000000e+000  
0.000000e+000  0.000000e+000  0.000000e+000  0.000000e+000  0.000000e+000  0.000000e+000  0.000000e+000  0.000000e+000  0.000000e+000  0.000000e+000  0.000000e+000  0.000000e+000  0.000000e+000  0.000000e+000  0.000000e+000  0.000000e+000  0.000000e+000  
0.000000e+000  0.000000e+000  0.000000e+000  0.000000e+000  0.000000e+000  0.000000e+000  0.000000e+000  0.000000e+000  0.000000e+000  0.000000e+000  0.000000e+000  0.000000e+000  0.000000e+000  0.000000e+000  0.000000e+000  0.000000e+000  0.000000e+000  
0.000000e+000  0.000000e+000  0.000000e+000  0.000000e+000  0.000000e+000  0.000000e+000  0.000000e+000  0.000000e+000  0.000000e+000  0.000000e+000  0.000000e+000  0.000000e+000  0.000000e+000  0.000000e+000  0.000000e+000  0.000000e+000  0.000000e+000  
0.000000e+000  0.000000e+000  0.000000e+000  0.000000e+000  0.000000e+000  0.000000e+000  0.000000e+000  0.000000e+000  0.000000e+000  0.000000e+000  0.000000e+000  0.000000e+000  0.000000e+000  0.000000e+000  0.000000e+000  0.000000e+000  0.000000e+000  
0.000000e+000  0.000000e+000  0.000000e+000  0.000000e+000  0.000000e+000  0.000000e+000  0.000000e+000  0.000000e+000  0.000000e+000  0.000000e+000  0.000000e+000  0.000000e+000  0.000000e+000  0.000000e+000  0.000000e+000  0.000000e+000  0.000000e+000  
0.000000e+000  0.000000e+000  0.000000e+000  0.000000e+000  0.000000e+000  0.000000e+000  0.000000e+000  0.000000e+000  0.000000e+000  0.000000e+000  0.000000e+000  0.000000e+000  0.000000e+000  0.000000e+000  0.000000e+000  0.000000e+000  0.000000e+000  
0.000000e+000  0.000000e+000  0.000000e+000  0.000000e+000  0.000000e+000  0.000000e+000  0.000000e+000  0.000000e+000  0.000000e+000  0.000000e+000  0.000000e+000  0.000000e+000  0.000000e+000  0.000000e+000  0.000000e+000  0.000000e+000  0.000000e+000  
0.000000e+000  0.000000e+000  0.000000e+000  0.000000e+000  0.000000e+000  0.000000e+000  0.000000e+000  0.000000e+000  0.000000e+000  0.000000e+000  0.000000e+000  0.000000e+000  0.000000e+000  0.000000e+000  0.000000e+000  0.000000e+000  0.000000e+000  
0.000000e+000  0.000000e+000  0.000000e+000  0.000000e+000  0.000000e+000  0.000000e+000  0.000000e+000  0.000000e+000  0.000000e+000  0.000000e+000  0.000000e+000  0.000000e+000  0.000000e+000  0.000000e+000  0.000000e+000  0.000000e+000  0.000000e+000  
0.000000e+000  0.000000e+000  0.000000e+000  0.000000e+000  0.000000e+000  0.000000e+000  0.000000e+000  0.000000e+000  0.000000e+000  0.000000e+000  0.000000e+000  0.000000e+000  0.000000e+000  0.000000e+000  0.000000e+000  0.000000e+000  0.000000e+000  
0.000000e+000  0.000000e+000  0.000000e+000  0.000000e+000  0.000000e+000  0.000000e+000  0.000000e+000  0.000000e+000  0.000000e+000  0.000000e+000  0.000000e+000  0.000000e+000  0.000000e+000  0.000000e+000  0.000000e+000  0.000000e+000  0.000000e+000  
0.000000e+000  0.000000e+000  0.000000e+000  0.000000e+000  0.000000e+000  0.000000e+000  0.000000e+000  0.000000e+000  0.000000e+000  0.000000e+000  0.000000e+000  0.000000e+000  0.000000e+000  0.000000e+000  0.000000e+000  0.000000e+000  0.000000e+000  
0.000000e+000  0.000000e+000  0.000000e+000  0.000000e+000  0.000000e+000  0.000000e+000  0.000000e+000  0.000000e+000  0.000000e+000  0.000000e+000  0.000000e+000  0.000000e+000  0.000000e+000  0.000000e+000  0.000000e+000  0.000000e+000  0.000000e+000  
0.000000e+000  0.000000e+000  0.000000e+000  0.000000e+000  0.000000e+000  0.000000e+000  0.000000e+000  0.000000e+000  0.000000e+000  0.000000e+000  0.000000e+000  0.000000e+000  0.000000e+000  0.000000e+000  0.000000e+000  0.000000e+000  0.000000e+000  
0.000000e+000  0.000000e+000  0.000000e+000  0.000000e+000  0.000000e+000  0.000000e+000  0.000000e+000  0.000000e+000  0.000000e+000  0.000000e+000  0.000000e+000  0.000000e+000  0.000000e+000  0.000000e+000  0.000000e+000  0.000000e+000  0.000000e+000  
0.000000e+000  0.000000e+000  0.000000e+000  0.000000e+000  0.000000e+000  0.000000e+000  0.000000e+000  0.000000e+000  0.000000e+000  0.000000e+000  0.000000e+000  0.000000e+000  0.000000e+000  0.000000e+000  0.000000e+000  0.000000e+000  0.000000e+000  
0.000000e+000  0.000000e+000  0.000000e+000  0.000000e+000  0.000000e+000  0.000000e+000  0.000000e+000  0.000000e+000  0.000000e+000  0.000000e+000  0.000000e+000  0.000000e+000  0.000000e+000  0.000000e+000  0.000000e+000  0.000000e+000  0.000000e+000  
0.000000e+000  0.000000e+000  0.000000e+000  0.000000e+000  0.000000e+000  0.000000e+000  0.000000e+000  0.000000e+000  0.000000e+000  0.000000e+000  0.000000e+000  0.000000e+000  0.000000e+000  0.000000e+000  0.000000e+000  0.000000e+000  0.000000e+000  
0.000000e+000  0.000000e+000  0.000000e+000  0.000000e+000  0.000000e+000  0.000000e+000  0.000000e+000  0.000000e+000  0.000000e+000  0.000000e+000  0.000000e+000  0.000000e+000  0.000000e+000  0.000000e+000  0.000000e+000  0.000000e+000  0.000000e+000  
0.000000e+000  0.000000e+000  0.000000e+000  0.000000e+000  0.000000e+000  0.000000e+000  0.000000e+000  0.000000e+000  0.000000e+000  0.000000e+000  0.000000e+000  0.000000e+000  0.000000e+000  0.000000e+000  0.000000e+000  0.000000e+000  0.000000e+000  
0.000000e+000  0.000000e+000  0.000000e+000  0.000000e+000  0.000000e+000  0.000000e+000  0.000000e+000  0.000000e+000  0.000000e+000  0.000000e+000  0.000000e+000  0.000000e+000  0.000000e+000  0.000000e+000  0.000000e+000  0.000000e+000  0.000000e+000  
0.000000e+000  0.000000e+000  0.000000e+000  0.000000e+000  0.000000e+000  0.000000e+000  0.000000e+000  0.000000e+000  0.000000e+000  0.000000e+000  0.000000e+000  0.000000e+000  0.000000e+000  0.000000e+000  0.000000e+000  0.000000e+000  0.000000e+000  
0.000000e+000  0.000000e+000  0.000000e+000  0.000000e+000  0.000000e+000  0.000000e+000  0.000000e+000  0.000000e+000  0.000000e+000  0.000000e+000  0.000000e+000  0.000000e+000  0.000000e+000  0.000000e+000  0.000000e+000  0.000000e+000  0.000000e+000  
0.000000e+000  0.000000e+000  0.000000e+000  0.000000e+000  0.000000e+000  0.000000e+000  0.000000e+000  0.000000e+000  0.000000e+000  0.000000e+000  0.000000e+000  0.000000e+000  0.000000e+000  0.000000e+000  0.000000e+000  0.000000e+000  0.000000e+000  
0.000000e+000  0.000000e+000  0.000000e+000  0.000000e+000  0.000000e+000  0.000000e+000  0.000000e+000  0.000000e+000  0.000000e+000  0.000000e+000  0.000000e+000  0.000000e+000  0.000000e+000  0.000000e+000  0.000000e+000  0.000000e+000  0.000000e+000  
0.000000e+000  0.000000e+000  0.000000e+000  0.000000e+000  0.000000e+000  0.000000e+000  0.000000e+000  0.000000e+000  0.000000e+000  0.000000e+000  0.000000e+000  0.000000e+000  0.000000e+000  0.000000e+000  0.000000e+000  0.000000e+000  0.000000e+000  
0.000000e+000  0.000000e+000  0.000000e+000  0.000000e+000  0.000000e+000  0.000000e+000  0.000000e+000  0.000000e+000  0.000000e+000  0.000000e+000  0.000000e+000  0.000000e+000  0.000000e+000  0.000000e+000  0.000000e+000  0.000000e+000  0.000000e+000  
0.000000e+000  0.000000e+000  0.000000e+000  0.000000e+000  0.000000e+000  0.000000e+000  0.000000e+000  0.000000e+000  0.000000e+000  0.000000e+000  0.000000e+000  0.000000e+000  0.000000e+000  0.000000e+000  0.000000e+000  0.000000e+000  0.000000e+000  
0.000000e+000  0.000000e+000  0.000000e+000  0.000000e+000  0.000000e+000  0.000000e+000  0.000000e+000  0.000000e+000  0.000000e+000  0.000000e+000  0.000000e+000  0.000000e+000  0.000000e+000  0.000000e+000  0.000000e+000  0.000000e+000  0.000000e+000  
0.000000e+000  0.000000e+000  0.000000e+000  0.000000e+000  0.000000e+000  0.000000e+000  0.000000e+000  0.000000e+000  0.000000e+000  0.000000e+000  0.000000e+000  0.000000e+000  0.000000e+000  0.000000e+000  0.000000e+000  0.000000e+000  0.000000e+000  
0.000000e+000  0.000000e+000  0.000000e+000  0.000000e+000  0.000000e+000  0.000000e+000  0.000000e+000  0.000000e+000  0.000000e+000  0.000000e+000  0.000000e+000  0.000000e+000  0.000000e+000  0.000000e+000  0.000000e+000  0.000000e+000  0.000000e+000  
0.000000e+000  0.000000e+000  0.000000e+000  0.000000e+000  0.000000e+000  0.000000e+000  0.000000e+000  0.000000e+000  0.000000e+000  0.000000e+000  0.000000e+000  0.000000e+000  0.000000e+000  0.000000e+000  0.000000e+000  0.000000e+000  0.000000e+000  
0.000000e+000  0.000000e+000  0.000000e+000  0.000000e+000  0.000000e+000  0.000000e+000  0.000000e+000  0.000000e+000  0.000000e+000  0.000000e+000  0.000000e+000  0.000000e+000  0.000000e+000  0.000000e+000  0.000000e+000  0.000000e+000  0.000000e+000  

0.000000e+000  0.000000e+000  0.000000e+000  0.000000e+000  0.000000e+000  0.000000e+000  0.000000e+000  0.000000e+000  0.000000e+000  0.000000e+000  0.000000e+000  0.000000e+000  0.000000e+000  0.000000e+000  0.000000e+000  0.000000e+000  0.000000e+000  
0.000000e+000  0.000000e+000  0.000000e+000  0.000000e+000  0.000000e+000  0.000000e+000  0.000000e+000  0.000000e+000  0.000000e+000  0.000000e+000  0.000000e+000  0.000000e+000  0.000000e+000  0.000000e+000  0.000000e+000  0.000000e+000  0.000000e+000  
0.000000e+000  0.000000e+000  0.000000e+000  0.000000e+000  0.000000e+000  0.000000e+000  0.000000e+000  0.000000e+000  0.000000e+000  0.000000e+000  0.000000e+000  0.000000e+000  0.000000e+000  0.000000e+000  0.000000e+000  0.000000e+000  0.000000e+000  
0.000000e+000  0.000000e+000  0.000000e+000  0.000000e+000  0.000000e+000  0.000000e+000  0.000000e+000  0.000000e+000  0.000000e+000  0.000000e+000  0.000000e+000  0.000000e+000  0.000000e+000  0.000000e+000  0.000000e+000  0.000000e+000  0.000000e+000  
0.000000e+000  0.000000e+000  0.000000e+000  0.000000e+000  0.000000e+000  0.000000e+000  0.000000e+000  0.000000e+000  0.000000e+000  0.000000e+000  0.000000e+000  0.000000e+000  0.000000e+000  0.000000e+000  0.000000e+000  0.000000e+000  0.000000e+000  
0.000000e+000  0.000000e+000  0.000000e+000  0.000000e+000  0.000000e+000  0.000000e+000  0.000000e+000  0.000000e+000  0.000000e+000  0.000000e+000  0.000000e+000  0.000000e+000  0.000000e+000  0.000000e+000  0.000000e+000  0.000000e+000  0.000000e+000  
0.000000e+000  0.000000e+000  0.000000e+000  0.000000e+000  0.000000e+000  0.000000e+000  0.000000e+000  0.000000e+000  0.000000e+000  0.000000e+000  0.000000e+000  0.000000e+000  0.000000e+000  0.000000e+000  0.000000e+000  0.000000e+000  0.000000e+000  
0.000000e+000  0.000000e+000  0.000000e+000  0.000000e+000  0.000000e+000  0.000000e+000  0.000000e+000  0.000000e+000  0.000000e+000  0.000000e+000  0.000000e+000  0.000000e+000  0.000000e+000  0.000000e+000  0.000000e+000  0.000000e+000  0.000000e+000  
0.000000e+000  0.000000e+000  0.000000e+000  0.000000e+000  0.000000e+000  0.000000e+000  0.000000e+000  0.000000e+000  0.000000e+000  0.000000e+000  0.000000e+000  0.000000e+000  0.000000e+000  0.000000e+000  0.000000e+000  0.000000e+000  0.000000e+000  
0.000000e+000  0.000000e+000  0.000000e+000  0.000000e+000  0.000000e+000  0.000000e+000  0.000000e+000  0.000000e+000  0.000000e+000  0.000000e+000  0.000000e+000  0.000000e+000  0.000000e+000  0.000000e+000  0.000000e+000  0.000000e+000  0.000000e+000  
0.000000e+000  0.000000e+000  0.000000e+000  0.000000e+000  0.000000e+000  0.000000e+000  0.000000e+000  0.000000e+000  0.000000e+000  0.000000e+000  0.000000e+000  0.000000e+000  0.000000e+000  0.000000e+000  0.000000e+000  0.000000e+000  0.000000e+000  
0.000000e+000  0.000000e+000  0.000000e+000  0.000000e+000  0.000000e+000  0.000000e+000  0.000000e+000  0.000000e+000  0.000000e+000  0.000000e+000  0.000000e+000  0.000000e+000  0.000000e+000  0.000000e+000  0.000000e+000  0.000000e+000  0.000000e+000  
0.000000e+000  0.000000e+000  0.000000e+000  0.000000e+000  0.000000e+000  0.000000e+000  0.000000e+000  0.000000e+000  0.000000e+000  0.000000e+000  0.000000e+000  0.000000e+000  0.000000e+000  0.000000e+000  0.000000e+000  0.000000e+000  0.000000e+000  
0.000000e+000  0.000000e+000  0.000000e+000  0.000000e+000  0.000000e+000  0.000000e+000  0.000000e+000  0.000000e+000  0.000000e+000  0.000000e+000  0.000000e+000  0.000000e+000  0.000000e+000  0.000000e+000  0.000000e+000  0.000000e+000  0.000000e+000  
0.000000e+000  0.000000e+000  0.000000e+000  0.000000e+000  0.000000e+000  0.000000e+000  0.000000e+000  0.000000e+000  0.000000e+000  0.000000e+000  0.000000e+000  0.000000e+000  0.000000e+000  0.000000e+000  0.000000e+000  0.000000e+000  0.000000e+000  
0.000000e+000  0.000000e+000  0.000000e+000  0.000000e+000  0.000000e+000  0.000000e+000  0.000000e+000  0.000000e+000  0.000000e+000  0.000000e+000  0.000000e+000  0.000000e+000  0.000000e+000  0.000000e+000  0.000000e+000  0.000000e+000  0.000000e+000  
0.000000e+000  0.000000e+000  0.000000e+000  0.000000e+000  0.000000e+000  0.000000e+000  0.000000e+000  0.000000e+000  0.000000e+000  0.000000e+000  0.000000e+000  0.000000e+000  0.000000e+000  0.000000e+000  0.000000e+000  0.000000e+000  0.000000e+000  
0.000000e+000  0.000000e+000  0.000000e+000  0.000000e+000  0.000000e+000  0.000000e+000  0.000000e+000  0.000000e+000  0.000000e+000  0.000000e+000  0.000000e+000  0.000000e+000  0.000000e+000  0.000000e+000  0.000000e+000  0.000000e+000  0.000000e+000  
0.000000e+000  0.000000e+000  0.000000e+000  0.000000e+000  0.000000e+000  0.000000e+000  0.000000e+000  0.000000e+000  0.000000e+000  0.000000e+000  0.000000e+000  0.000000e+000  0.000000e+000  0.000000e+000  0.000000e+000  0.000000e+000  0.000000e+000  
0.000000e+000  0.000000e+000  0.000000e+000  0.000000e+000  0.000000e+000  0.000000e+000  0.000000e+000  0.000000e+000  0.000000e+000  0.000000e+000  0.000000e+000  0.000000e+000  0.000000e+000  0.000000e+000  0.000000e+000  0.000000e+000  0.000000e+000  
0.000000e+000  0.000000e+000  0.000000e+000  0.000000e+000  0.000000e+000  0.000000e+000  0.000000e+000  0.000000e+000  0.000000e+000  0.000000e+000  0.000000e+000  0.000000e+000  0.000000e+000  0.000000e+000  0.000000e+000  0.000000e+000  0.000000e+000  
0.000000e+000  0.000000e+000  0.000000e+000  0.000000e+000  0.000000e+000  0.000000e+000  0.000000e+000  0.000000e+000  0.000000e+000  0.000000e+000  0.000000e+000  0.000000e+000  0.000000e+000  0.000000e+000  0.000000e+000  0.000000e+000  0.000000e+000  
0.000000e+000  0.000000e+000  0.000000e+000  0.000000e+000  0.000000e+000  0.000000e+000  0.000000e+000  0.000000e+000  0.000000e+000  0.000000e+000  0.000000e+000  0.000000e+000  0.000000e+000  0.000000e+000  0.000000e+000  0.000000e+000  0.000000e+000  
0.000000e+000  0.000000e+000  0.000000e+000  0.000000e+000  0.000000e+000  0.000000e+000  0.000000e+000  0.000000e+000  0.000000e+000  0.000000e+000  0.000000e+000  0.000000e+000  0.000000e+000  0.000000e+000  0.000000e+000  0.000000e+000  0.000000e+000  
0.000000e+000  0.000000e+000  0.000000e+000  0.000000e+000  0.000000e+000  0.000000e+000  0.000000e+000  0.000000e+000  0.000000e+000  0.000000e+000  0.000000e+000  0.000000e+000  0.000000e+000  0.000000e+000  0.000000e+000  0.000000e+000  0.000000e+000  
0.000000e+000  0.000000e+000  0.000000e+000  0.000000e+000  0.000000e+000  0.000000e+000  0.000000e+000  0.000000e+000  0.000000e+000  0.000000e+000  0.000000e+000  0.000000e+000  0.000000e+000  0.000000e+000  0.000000e+000  0.000000e+000  0.000000e+000  
0.000000e+000  0.000000e+000  0.000000e+000  0.000000e+000  0.000000e+000  0.000000e+000  0.000000e+000  0.000000e+000  0.000000e+000  0.000000e+000  0.000000e+000  0.000000e+000  0.000000e+000  0.000000e+000  0.000000e+000  0.000000e+000  0.000000e+000  
0.000000e+000  0.000000e+000  0.000000e+000  0.000000e+000  0.000000e+000  0.000000e+000  0.000000e+000  0.000000e+000  0.000000e+000  0.000000e+000  0.000000e+000  0.000000e+000  0.000000e+000  0.000000e+000  0.000000e+000  0.000000e+000  0.000000e+000  
0.000000e+000  0.000000e+000  0.000000e+000  0.000000e+000  0.000000e+000  0.000000e+000  0.000000e+000  0.000000e+000  0.000000e+000  0.000000e+000  0.000000e+000  0.000000e+000  0.000000e+000  0.000000e+000  0.000000e+000  0.000000e+000  0.000000e+000  
0.000000e+000  0.000000e+000  0.000000e+000  0.000000e+000  0.000000e+000  0.000000e+000  0.000000e+000  0.000000e+000  0.000000e+000  0.000000e+000  0.000000e+000  0.000000e+000  0.000000e+000  0.000000e+000  0.000000e+000  0.000000e+000  0.000000e+000  
0.000000e+000  0.000000e+000  0.000000e+000  0.000000e+000  0.000000e+000  0.000000e+000  0.000000e+000  0.000000e+000  0.000000e+000  0.000000e+000  0.000000e+000  0.000000e+000  0.000000e+000  0.000000e+000  0.000000e+000  0.000000e+000  0.000000e+000  
0.000000e+000  0.000000e+000  0.000000e+000  0.000000e+000  0.000000e+000  0.000000e+000  0.000000e+000  0.000000e+000  0.000000e+000  0.000000e+000  0.000000e+000  0.000000e+000  0.000000e+000  0.000000e+000  0.000000e+000  0.000000e+000  0.000000e+000  
0.000000e+000  0.000000e+000  0.000000e+000  0.000000e+000  0.000000e+000  0.000000e+000  0.000000e+000  0.000000e+000  0.000000e+000  0.000000e+000  0.000000e+000  0.000000e+000  0.000000e+000  0.000000e+000  0.000000e+000  0.000000e+000  0.000000e+000  
0.000000e+000  0.000000e+000  0.000000e+000  0.000000e+000  0.000000e+000  0.000000e+000  0.000000e+000  0.000000e+000  0.000000e+000  0.000000e+000  0.000000e+000  0.000000e+000  0.000000e+000  0.000000e+000  0.000000e+000  0.000000e+000  0.000000e+000  
0.000000e+000  0.000000e+000  0.000000e+000  0.000000e+000  0.000000e+000  0.000000e+000  0.000000e+000  0.000000e+000  0.000000e+000  0.000000e+000  0.000000e+000  0.000000e+000  0.000000e+000  0.000000e+000  0.000000e+000  0.000000e+000  0.000000e+000  

0.000000e+000  0.000000e+000  0.000000e+000  0.000000e+000  0.000000e+000  0.000000e+000  0.000000e+000  0.000000e+000  0.000000e+000  0.000000e+000  0.000000e+000  0.000000e+000  0.000000e+000  0.000000e+000  0.000000e+000  0.000000e+000  0.000000e+000  
0.000000e+000  0.000000e+000  0.000000e+000  0.000000e+000  0.000000e+000  0.000000e+000  0.000000e+000  0.000000e+000  0.000000e+000  0.000000e+000  0.000000e+000  0.000000e+000  0.000000e+000  0.000000e+000  0.000000e+000  0.000000e+000  0.000000e+000  
0.000000e+000  0.000000e+000  0.000000e+000  0.000000e+000  0.000000e+000  0.000000e+000  0.000000e+000  0.000000e+000  0.000000e+000  0.000000e+000  0.000000e+000  0.000000e+000  0.000000e+000  0.000000e+000  0.000000e+000  0.000000e+000  0.000000e+000  
0.000000e+000  0.000000e+000  0.000000e+000  0.000000e+000  0.000000e+000  0.000000e+000  0.000000e+000  0.000000e+000  0.000000e+000  0.000000e+000  0.000000e+000  0.000000e+000  0.000000e+000  0.000000e+000  0.000000e+000  0.000000e+000  0.000000e+000  
0.000000e+000  0.000000e+000  0.000000e+000  0.000000e+000  0.000000e+000  0.000000e+000  0.000000e+000  0.000000e+000  0.000000e+000  0.000000e+000  0.000000e+000  0.000000e+000  0.000000e+000  0.000000e+000  0.000000e+000  0.000000e+000  0.000000e+000  
0.000000e+000  0.000000e+000  0.000000e+000  0.000000e+000  0.000000e+000  0.000000e+000  0.000000e+000  0.000000e+000  0.000000e+000  0.000000e+000  0.000000e+000  0.000000e+000  0.000000e+000  0.000000e+000  0.000000e+000  0.000000e+000  0.000000e+000  
0.000000e+000  0.000000e+000  0.000000e+000  0.000000e+000  0.000000e+000  0.000000e+000  0.000000e+000  0.000000e+000  0.000000e+000  0.000000e+000  0.000000e+000  0.000000e+000  0.000000e+000  0.000000e+000  0.000000e+000  0.000000e+000  0.000000e+000  
0.000000e+000  0.000000e+000  0.000000e+000  0.000000e+000  0.000000e+000  0.000000e+000  0.000000e+000  0.000000e+000  0.000000e+000  0.000000e+000  0.000000e+000  0.000000e+000  0.000000e+000  0.000000e+000  0.000000e+000  0.000000e+000  0.000000e+000  
0.000000e+000  0.000000e+000  0.000000e+000  0.000000e+000  0.000000e+000  0.000000e+000  0.000000e+000  0.000000e+000  0.000000e+000  0.000000e+000  0.000000e+000  0.000000e+000  0.000000e+000  0.000000e+000  0.000000e+000  0.000000e+000  0.000000e+000  
0.000000e+000  0.000000e+000  0.000000e+000  0.000000e+000  0.000000e+000  0.000000e+000  0.000000e+000  0.000000e+000  0.000000e+000  0.000000e+000  0.000000e+000  0.000000e+000  0.000000e+000  0.000000e+000  0.000000e+000  0.000000e+000  0.000000e+000  
0.000000e+000  0.000000e+000  0.000000e+000  0.000000e+000  0.000000e+000  0.000000e+000  0.000000e+000  0.000000e+000  0.000000e+000  0.000000e+000  0.000000e+000  0.000000e+000  0.000000e+000  0.000000e+000  0.000000e+000  0.000000e+000  0.000000e+000  
0.000000e+000  0.000000e+000  0.000000e+000  0.000000e+000  0.000000e+000  0.000000e+000  0.000000e+000  0.000000e+000  0.000000e+000  0.000000e+000  0.000000e+000  0.000000e+000  0.000000e+000  0.000000e+000  0.000000e+000  0.000000e+000  0.000000e+000  
0.000000e+000  0.000000e+000  0.000000e+000  0.000000e+000  0.000000e+000  0.000000e+000  0.000000e+000  0.000000e+000  0.000000e+000  0.000000e+000  0.000000e+000  0.000000e+000  0.000000e+000  0.000000e+000  0.000000e+000  0.000000e+000  0.000000e+000  
0.000000e+000  0.000000e+000  0.000000e+000  0.000000e+000  0.000000e+000  0.000000e+000  0.000000e+000  0.000000e+000  0.000000e+000  0.000000e+000  0.000000e+000  0.000000e+000  0.000000e+000  0.000000e+000  0.000000e+000  0.000000e+000  0.000000e+000  
0.000000e+000  0.000000e+000  0.000000e+000  0.000000e+000  0.000000e+000  0.000000e+000  0.000000e+000  0.000000e+000  0.000000e+000  0.000000e+000  0.000000e+000  0.000000e+000  0.000000e+000  0.000000e+000  0.000000e+000  0.000000e+000  0.000000e+000  
0.000000e+000  0.000000e+000  0.000000e+000  0.000000e+000  0.000000e+000  0.000000e+000  0.000000e+000  0.000000e+000  0.000000e+000  0.000000e+000  0.000000e+000  0.000000e+000  0.000000e+000  0.000000e+000  0.000000e+000  0.000000e+000  0.000000e+000  
0.000000e+000  0.000000e+000  0.000000e+000  0.000000e+000  0.000000e+000  0.000000e+000  0.000000e+000  0.000000e+000  0.000000e+000  0.000000e+000  0.000000e+000  0.000000e+000  0.000000e+000  0.000000e+000  0.000000e+000  0.000000e+000  0.000000e+000  
0.000000e+000  0.000000e+000  0.000000e+000  0.000000e+000  0.000000e+000  0.000000e+000  0.000000e+000  0.000000e+000  0.000000e+000  0.000000e+000  0.000000e+000  0.000000e+000  0.000000e+000  0.000000e+000  0.000000e+000  0.000000e+000  0.000000e+000  
0.000000e+000  0.000000e+000  0.000000e+000  0.000000e+000  0.000000e+000  0.000000e+000  0.000000e+000  0.000000e+000  0.000000e+000  0.000000e+000  0.000000e+000  0.000000e+000  0.000000e+000  0.000000e+000  0.000000e+000  0.000000e+000  0.000000e+000  
0.000000e+000  0.000000e+000  0.000000e+000  0.000000e+000  0.000000e+000  0.000000e+000  0.000000e+000  0.000000e+000  0.000000e+000  0.000000e+000  0.000000e+000  0.000000e+000  0.000000e+000  0.000000e+000  0.000000e+000  0.000000e+000  0.000000e+000  
0.000000e+000  0.000000e+000  0.000000e+000  0.000000e+000  0.000000e+000  0.000000e+000  0.000000e+000  0.000000e+000  0.000000e+000  0.000000e+000  0.000000e+000  0.000000e+000  0.000000e+000  0.000000e+000  0.000000e+000  0.000000e+000  0.000000e+000  
0.000000e+000  0.000000e+000  0.000000e+000  0.000000e+000  0.000000e+000  0.000000e+000  0.000000e+000  0.000000e+000  0.000000e+000  0.000000e+000  0.000000e+000  0.000000e+000  0.000000e+000  0.000000e+000  0.000000e+000  0.000000e+000  0.000000e+000  
0.000000e+000  0.000000e+000  0.000000e+000  0.000000e+000  0.000000e+000  0.000000e+000  0.000000e+000  0.000000e+000  0.000000e+000  0.000000e+000  0.000000e+000  0.000000e+000  0.000000e+000  0.000000e+000  0.000000e+000  0.000000e+000  0.000000e+000  
0.000000e+000  0.000000e+000  0.000000e+000  0.000000e+000  0.000000e+000  0.000000e+000  0.000000e+000  0.000000e+000  0.000000e+000  0.000000e+000  0.000000e+000  0.000000e+000  0.000000e+000  0.000000e+000  0.000000e+000  0.000000e+000  0.000000e+000  
0.000000e+000  0.000000e+000  0.000000e+000  0.000000e+000  0.000000e+000  0.000000e+000  0.000000e+000  0.000000e+000  0.000000e+000  0.000000e+000  0.000000e+000  0.000000e+000  0.000000e+000  0.000000e+000  0.000000e+000  0.000000e+000  0.000000e+000  
0.000000e+000  0.000000e+000  0.000000e+000  0.000000e+000  0.000000e+000  0.000000e+000  0.000000e+000  0.000000e+000  0.000000e+000  0.000000e+000  0.000000e+000  0.000000e+000  0.000000e+000  0.000000e+000  0.000000e+000  0.000000e+000  0.000000e+000  
0.000000e+000  0.000000e+000  0.000000e+000  0.000000e+000  0.000000e+000  0.000000e+000  0.000000e+000  0.000000e+000  0.000000e+000  0.000000e+000  0.000000e+000  0.000000e+000  0.000000e+000  0.000000e+000  0.000000e+000  0.000000e+000  0.000000e+000  
0.000000e+000  0.000000e+000  0.000000e+000  0.000000e+000  0.000000e+000  0.000000e+000  0.000000e+000  0.000000e+000  0.000000e+000  0.000000e+000  0.000000e+000  0.000000e+000  0.000000e+000  0.000000e+000  0.000000e+000  0.000000e+000  0.000000e+000  
0.000000e+000  0.000000e+000  0.000000e+000  0.000000e+000  0.000000e+000  0.000000e+000  0.000000e+000  0.000000e+000  0.000000e+000  0.000000e+000  0.000000e+000  0.000000e+000  0.000000e+000  0.000000e+000  0.000000e+000  0.000000e+000  0.000000e+000  
0.000000e+000  0.000000e+000  0.000000e+000  0.000000e+000  0.000000e+000  0.000000e+000  0.000000e+000  0.000000e+000  0.000000e+000  0.000000e+000  0.000000e+000  0.000000e+000  0.000000e+000  0.000000e+000  0.000000e+000  0.000000e+000  0.000000e+000  
0.000000e+000  0.000000e+000  0.000000e+000  0.000000e+000  0.000000e+000  0.000000e+000  0.000000e+000  0.000000e+000  0.000000e+000  0.000000e+000  0.000000e+000  0.000000e+000  0.000000e+000  0.000000e+000  0.000000e+000  0.000000e+000  0.000000e+000  
0.000000e+000  0.000000e+000  0.000000e+000  0.000000e+000  0.000000e+000  0.000000e+000  0.000000e+000  0.000000e+000  0.000000e+000  0.000000e+000  0.000000e+000  0.000000e+000  0.000000e+000  0.000000e+000  0.000000e+000  0.000000e+000  0.000000e+000  
0.000000e+000  0.000000e+000  0.000000e+000  0.000000e+000  0.000000e+000  0.000000e+000  0.000000e+000  0.000000e+000  0.000000e+000  0.000000e+000  0.000000e+000  0.000000e+000  0.000000e+000  0.000000e+000  0.000000e+000  0.000000e+000  0.000000e+000  
0.000000e+000  0.000000e+000  0.000000e+000  0.000000e+000  0.000000e+000  0.000000e+000  0.000000e+000  0.000000e+000  0.000000e+000  0.000000e+000  0.000000e+000  0.000000e+000  0.000000e+000  0.000000e+000  0.000000e+000  0.000000e+000  0.000000e+000  
0.000000e+000  0.000000e+000  0.000000e+000  0.000000e+000  0.000000e+000  0.000000e+000  0.000000e+000  0.000000e+000  0.000000e+000  0.000000e+000  0.000000e+000  0.000000e+000  0.000000e+000  0.000000e+000  0.000000e+000  0.000000e+000  0.000000e+000  

8.901189e-002  8.851458e-002  8.752408e-002  8.604886e-002  8.380803e-002  8.085874e-002  7.755606e-002  7.396373e-002  7.014553e-002  6.616291e-002  6.207305e-002  5.792745e-002  5.169270e-002  4.356244e-002  2.986786e-002  1.002346e-002  0.000000e+000  
2.828033e-001  2.811758e-001  2.779256e-001  2.730649e-001  2.652443e-001  2.546419e-001  2.428937e-001  2.302668e-001  2.170193e-001  2.033901e-001  1.895916e-001  1.758057e-001  1.553695e-001  1.294730e-001  8.699957e-002  2.864365e-002  0.000000e+000  
5.046810e-001  5.019029e-001  4.962795e-001  4.876926e-001  4.711415e-001  4.469217e-001  4.207082e-001  3.932759e-001  3.653164e-001  3.374111e-001  3.100218e-001  2.834935e-001  2.453526e-001  1.997979e-001  1.290144e-001  4.101163e-002  0.000000e+000  
6.961923e-001  6.937864e-001  6.885835e-001  6.798630e-001  6.531961e-001  6.089234e-001  5.625413e-001  5.157738e-001  4.699616e-001  4.260491e-001  3.846313e-001  3.460245e-001  2.924954e-001  2.325973e-001  1.446394e-001  4.463417e-002  0.000000e+000  
8.356128e-001  8.356221e-001  8.346971e-001  8.310455e-001  7.957996e-001  7.293381e-001  6.618532e-001  5.961829e-001  5.341640e-001  4.767872e-001  4.244342e-001  3.770939e-001  3.132389e-001  2.449891e-001  1.485478e-001  4.496661e-002  0.000000e+000  
9.315988e-001  9.369261e-001  9.458863e-001  9.550336e-001  9.126012e-001  8.192476e-001  7.282923e-001  6.436890e-001  5.671629e-001  4.990320e-001  4.388833e-001  3.859926e-001  3.163260e-001  2.444557e-001  1.456926e-001  4.354979e-002  0.000000e+000  
9.809089e-001  9.906772e-001  1.008145e+000  1.028778e+000  9.820396e-001  8.690905e-001  7.622011e-001  6.657041e-001  5.807192e-001  5.067375e-001  4.426191e-001  3.870890e-001  3.148725e-001  2.417458e-001  1.427295e-001  4.237052e-002  0.000000e+000  
1.021619e+000  1.037588e+000  1.067426e+000  1.105692e+000  1.054291e+000  9.157101e-001  7.899178e-001  6.806970e-001  5.875133e-001  5.083687e-001  4.410669e-001  3.836439e-001  3.098688e-001  2.364396e-001  1.383628e-001  4.080629e-002  0.000000e+000  
1.048429e+000  1.072388e+000  1.119225e+000  1.184017e+000  1.127188e+000  9.546899e-001  8.073730e-001  6.856828e-001  5.855394e-001  5.026152e-001  4.333702e-001  3.750883e-001  3.010160e-001  2.283941e-001  1.325635e-001  3.885779e-002  0.000000e+000  
1.053525e+000  1.084932e+000  1.149483e+000  1.246887e+000  1.183882e+000  9.740618e-001  8.083837e-001  6.784334e-001  5.747913e-001  4.906049e-001  4.211873e-001  3.632860e-001  2.902194e-001  2.193035e-001  1.265116e-001  3.691202e-002  0.000000e+000  
1.045375e+000  1.082098e+000  1.161002e+000  1.290955e+000  1.220962e+000  9.768076e-001  7.988160e-001  6.649931e-001  5.605492e-001  4.767184e-001  4.081085e-001  3.511870e-001  2.796680e-001  2.107089e-001  1.210027e-001  3.518054e-002  0.000000e+000  
1.022926e+000  1.062855e+000  1.152682e+000  1.318545e+000  1.238132e+000  9.601156e-001  7.763327e-001  6.430170e-001  5.403569e-001  4.584640e-001  3.916930e-001  3.364614e-001  2.672529e-001  2.008436e-001  1.148657e-001  3.328752e-002  0.000000e+000  
9.849446e-001  1.024228e+000  1.114882e+000  1.304163e+000  1.208718e+000  9.155608e-001  7.390354e-001  6.121131e-001  5.141599e-001  4.358641e-001  3.719787e-001  3.191480e-001  2.530087e-001  1.897360e-001  1.081195e-001  3.123912e-002  0.000000e+000  
9.251912e-001  9.585139e-001  1.029628e+000  1.144570e+000  1.016342e+000  8.267583e-001  6.808450e-001  5.679786e-001  4.783937e-001  4.058626e-001  3.463141e-001  2.969318e-001  2.350496e-001  1.759315e-001  9.989573e-002  2.877495e-002  0.000000e+000  
8.388761e-001  8.629165e-001  9.087530e-001  9.627253e-001  8.106761e-001  7.085735e-001  6.014340e-001  5.086097e-001  4.311345e-001  3.668368e-001  3.133651e-001  2.687204e-001  2.125759e-001  1.588814e-001  8.992862e-002  2.582891e-002  0.000000e+000  
6.876360e-001  6.997552e-001  7.198910e-001  7.379976e-001  5.799485e-001  5.354799e-001  4.729312e-001  4.093618e-001  3.514880e-001  3.011155e-001  2.580988e-001  2.216396e-001  1.753869e-001  1.309166e-001  7.381258e-002  2.111747e-002  0.000000e+000  
2.922029e-001  2.938688e-001  2.963813e-001  2.983170e-001  2.091333e-001  2.003584e-001  1.850924e-001  1.666583e-001  1.475132e-001  1.291495e-001  1.123302e-001  9.734877e-002  7.766289e-002  5.808802e-002  3.260191e-002  9.258268e-003  0.000000e+000  
-2.922029e-001  -2.938688e-001  -2.963813e-001  -2.983170e-001  -2.091333e-001  -2.003584e-001  -1.850924e-001  -1.666583e-001  -1.475132e-001  -1.291495e-001  -1.123302e-001  -9.734877e-002  -7.766289e-002  -5.808802e-002  -3.260191e-002  -9.258267e-003  0.000000e+000  
-6.876360e-001  -6.997552e-001  -7.198910e-001  -7.379976e-001  -5.799485e-001  -5.354799e-001  -4.729312e-001  -4.093618e-001  -3.514880e-001  -3.011155e-001  -2.580988e-001  -2.216396e-001  -1.753869e-001  -1.309166e-001  -7.381258e-002  -2.111747e-002  0.000000e+000  
-8.388761e-001  -8.629165e-001  -9.087530e-001  -9.627253e-001  -8.106761e-001  -7.085735e-001  -6.014340e-001  -5.086097e-001  -4.311345e-001  -3.668368e-001  -3.133651e-001  -2.687204e-001  -2.125759e-001  -1.588814e-001  -8.992863e-002  -2.582891e-002  0.000000e+000  
-9.251912e-001  -9.585139e-001  -1.029628e+000  -1.144570e+000  -1.016342e+000  -8.267583e-001  -6.808450e-001  -5.679786e-001  -4.783937e-001  -4.058626e-001  -3.463141e-001  -2.969318e-001  -2.350496e-001  -1.759315e-001  -9.989573e-002  -2.877495e-002  0.000000e+000  
-9.849446e-001  -1.024228e+000  -1.114882e+000  -1.304163e+000  -1.208718e+000  -9.155608e-001  -7.390354e-001  -6.121131e-001  -5.141599e-001  -4.358641e-001  -3.719787e-001  -3.191480e-001  -2.530087e-001  -1.897360e-001  -1.081195e-001  -3.123912e-002  0.000000e+000  
-1.022926e+000  -1.062855e+000  -1.152682e+000  -1.318545e+000  -1.238132e+000  -9.601156e-001  -7.763327e-001  -6.430170e-001  -5.403569e-001  -4.584640e-001  -3.916930e-001  -3.364614e-001  -2.672529e-001  -2.008436e-001  -1.148657e-001  -3.328752e-002  0.000000e+000  
-1.045375e+000  -1.082098e+000  -1.161002e+000  -1.290955e+000  -1.220962e+000  -9.768076e-001  -7.988160e-001  -6.649931e-001  -5.605492e-001  -4.767184e-001  -4.081085e-001  -3.511870e-001  -2.796680e-001  -2.107089e-001  -1.210027e-001  -3.518054e-002  0.000000e+000  
-1.053525e+000  -1.084932e+000  -1.149483e+000  -1.246887e+000  -1.183882e+000  -9.740618e-001  -8.083837e-001  -6.784334e-001  -5.747913e-001  -4.906049e-001  -4.211873e-001  -3.632860e-001  -2.902194e-001  -2.193035e-001  -1.265116e-001  -3.691202e-002  0.000000e+000  
-1.048429e+000  -1.072388e+000  -1.119225e+000  -1.184017e+000  -1.127188e+000  -9.546899e-001  -8.073730e-001  -6.856828e-001  -5.855394e-001  -5.026152e-001  -4.333702e-001  -3.750883e-001  -3.010160e-001  -2.283941e-001  -1.325635e-001  -3.885779e-002  0.000000e+000  
-1.021619e+000  -1.037588e+000  -1.067426e+000  -1.105692e+000  -1.054291e+000  -9.157101e-001  -7.899178e-001  -6.806970e-001  -5.875133e-001  -5.083687e-001  -4.410669e-001  -3.836439e-001  -3.098688e-001  -2.364396e-001  -1.383628e-001  -4.080629e-002  0.000000e+000  
-9.809089e-001  -9.906772e-001  -1.008145e+000  -1.028778e+000  -9.820396e-001  -8.690905e-001  -7.622011e-001  -6.657041e-001  -5.807192e-001  -5.067375e-001  -4.426191e-001  -3.870890e-001  -3.148725e-001  -2.417458e-001  -1.427295e-001  -4.237052e-002  0.000000e+000  
-9.315988e-001  -9.369261e-001  -9.458863e-001  -9.550336e-001  -9.126012e-001  -8.192476e-001  -7.282923e-001  -6.436890e-001  -5.671629e-001  -4.990320e-001  -4.388833e-001  -3.859926e-001  -3.163260e-001  -2.444557e-001  -1.456926e-001  -4.354979e-002  0.000000e+000  
-8.356128e-001  -8.356221e-001  -8.346971e-001  -8.310455e-001  -7.957996e-001  -7.293381e-001  -6.618532e-001  -5.961829e-001  -5.341640e-001  -4.767872e-001  -4.244342e-001  -3.770939e-001  -3.132389e-001  -2.449891e-001  -1.485478e-001  -4.496661e-002  0.000000e+000  
-6.961923e-001  -6.937864e-001  -6.885835e-001  -6.798630e-001  -6.531961e-001  -6.089234e-001  -5.625413e-001  -5.157738e-001  -4.699616e-001  -4.260491e-001  -3.846313e-001  -3.460245e-001  -2.924954e-001  -2.325973e-001  -1.446394e-001  -4.463417e-002  0.000000e+000  
-5.046810e-001  -5.019029e-001  -4.962795e-001  -4.876926e-001  -4.711415e-001  -4.469217e-001  -4.207082e-001  -3.932759e-001  -3.653164e-001  -3.374111e-001  -3.100218e-001  -2.834935e-001  -2.453526e-001  -1.997979e-001  -1.290144e-001  -4.101163e-002  0.000000e+000  
-2.828033e-001  -2.811758e-001  -2.779256e-001  -2.730649e-001  -2.652443e-001  -2.546419e-001  -2.428937e-001  -2.302668e-001  -2.170193e-001  -2.033901e-001  -1.895916e-001  -1.758057e-001  -1.553695e-001  -1.294730e-001  -8.699957e-002  -2.864365e-002  0.000000e+000  
-8.901189e-002  -8.851458e-002  -8.752408e-002  -8.604886e-002  -8.380803e-002  -8.085874e-002  -7.755606e-002  -7.396373e-002  -7.014553e-002  -6.616291e-002  -6.207305e-002  -5.792745e-002  -5.169270e-002  -4.356244e-002  -2.986786e-002  -1.002346e-002  0.000000e+000  
0.000000e+000  0.000000e+000  0.000000e+000  0.000000e+000  0.000000e+000  0.000000e+000  0.000000e+000  0.000000e+000  0.000000e+000  0.000000e+000  0.000000e+000  0.000000e+000  0.000000e+000  0.000000e+000  0.000000e+000  0.000000e+000  0.000000e+000  

