Port monitor named: Port1_e1.prt

nx        = 37
ny        = 4
nz        = 19

nu        = 17
nv        = 35
iu        = 2
iv        = 2

idir      = 1
dcut      = -4.850000e-002
icut      = 2
type      = 0
frequency = 2.400000e+009

fcutoff   = 0.000000e+000
alpha     = 0.000000e+000
beta      = 9.556408e+001
accuracy  = 7.985192e-010

type          = QTEM
wave imp.     = 2.483881e+002
wave imp.sig. = 1.262304e-008
line imp.     = 3.405404e+001

ref. port     = 0

-4.516560e+001  -4.475807e+001  -4.395784e+001  -4.279330e+001  -1.843681e+002  -1.813378e+002  -1.770667e+002  -1.716814e+002  -1.653251e+002  -1.581500e+002  -1.503085e+002  -1.419476e+002  -1.288318e+002  -1.105466e+002  -7.812716e+001  -2.700138e+001  -0.000000e+000  
-5.209737e+001  -5.143027e+001  -5.013375e+001  -4.827911e+001  -2.062437e+002  -2.017794e+002  -1.956940e+002  -1.882390e+002  -1.796792e+002  -1.702751e+002  -1.602698e+002  -1.498803e+002  -1.339983e+002  -1.129461e+002  -7.728423e+001  -2.590086e+001  -0.000000e+000  
-8.165134e+001  -7.941985e+001  -7.515906e+001  -6.924767e+001  -2.854782e+002  -2.735406e+002  -2.586125e+002  -2.416469e+002  -2.235160e+002  -2.049570e+002  -1.865510e+002  -1.687244e+002  -1.432850e+002  -1.138618e+002  -7.004805e+001  -2.128758e+001  -0.000000e+000  
-1.605969e+002  -1.520620e+002  -1.359686e+002  -1.141503e+002  -4.332923e+002  -3.966349e+002  -3.556519e+002  -3.136214e+002  -2.729686e+002  -2.352554e+002  -2.013174e+002  -1.714516e+002  -1.326660e+002  -9.529880e+001  -4.890772e+001  -1.263666e+001  -0.000000e+000  
-2.705111e+002  -2.507331e+002  -2.135319e+002  -1.635032e+002  -5.637630e+002  -4.894661e+002  -4.139348e+002  -3.433565e+002  -2.810196e+002  -2.280237e+002  -1.841253e+002  -1.484069e+002  -1.053564e+002  -6.899668e+001  -2.955615e+001  -6.279660e+000  -0.000000e+000  
-4.893875e+002  -4.453712e+002  -3.616970e+002  -2.482699e+002  -7.415955e+002  -5.905043e+002  -4.533622e+002  -3.396719e+002  -2.505524e+002  -1.830073e+002  -1.328353e+002  -9.605110e+001  -5.604262e+001  -2.804346e+001  -4.098189e+000  1.264553e+000  -0.000000e+000  
-6.416220e+002  -5.815228e+002  -4.646694e+002  -3.020776e+002  -8.207593e+002  -6.147192e+002  -4.420020e+002  -3.098907e+002  -2.136372e+002  -1.452113e+002  -9.718060e+001  -6.376963e+001  -2.932878e+001  -7.774910e+000  7.261942e+000  4.427341e+000  -0.000000e+000  
-8.449155e+002  -7.658983e+002  -6.065069e+002  -3.741225e+002  -8.988491e+002  -6.174113e+002  -4.041352e+002  -2.566290e+002  -1.584754e+002  -9.403163e+001  -5.192598e+001  -2.462078e+001  1.395380e+000  1.464538e+001  1.924776e+001  7.664510e+000  -0.000000e+000  
-1.115340e+003  -1.018584e+003  -8.104058e+002  -4.785328e+002  -9.609687e+002  -5.754955e+002  -3.230508e+002  -1.708953e+002  -8.111838e+001  -2.813416e+001  3.089591e+000  2.110689e+001  3.567262e+001  3.884203e+001  3.166953e+001  1.093046e+001  -0.000000e+000  
-1.467944e+003  -1.365978e+003  -1.119535e+003  -6.529117e+002  -9.681595e+002  -4.459459e+002  -1.757988e+002  -4.397882e+001  2.054735e+001  5.215839e+001  6.685996e+001  7.235876e+001  7.267488e+001  6.427277e+001  4.429682e+001  1.417424e+001  -0.000000e+000  
-1.753814e+003  -1.668752e+003  -1.432917e+003  -8.766995e+002  -8.768944e+002  -2.650478e+002  -2.526044e+001  6.646384e+001  1.012195e+002  1.125017e+002  1.132231e+002  1.088441e+002  9.842568e+001  8.168502e+001  5.275840e+001  1.631292e+001  -0.000000e+000  
-2.072280e+003  -2.029481e+003  -1.869718e+003  -1.301567e+003  -6.029033e+002  2.731485e+001  1.696690e+002  1.940178e+002  1.889726e+002  1.760584e+002  1.611626e+002  1.461440e+002  1.244307e+002  9.910518e+001  6.110788e+001  1.839940e+001  -0.000000e+000  
-2.406997e+003  -2.435079e+003  -2.463834e+003  -2.221715e+003  1.119075e+002  4.659904e+002  4.000561e+002  3.304666e+002  2.791636e+002  2.402820e+002  2.092053e+002  1.833415e+002  1.502153e+002  1.162823e+002  6.925678e+001  2.041615e+001  -0.000000e+000  
-2.730577e+003  -2.840112e+003  -3.162141e+003  -4.188027e+003  2.494036e+003  1.030814e+003  6.317044e+002  4.615679e+002  3.657447e+002  3.022642e+002  2.557711e+002  2.194811e+002  1.752945e+002  1.329618e+002  7.711602e+001  2.234569e+001  -0.000000e+000  
-3.073606e+003  -3.229005e+003  -3.651232e+003  -4.725661e+003  2.360364e+003  1.288645e+003  8.243784e+002  5.938023e+002  4.601122e+002  3.724244e+002  3.095681e+002  2.616996e+002  2.048546e+002  1.526677e+002  8.636491e+001  2.460006e+001  -0.000000e+000  
-3.323287e+003  -3.458014e+003  -3.750349e+003  -4.168909e+003  1.733919e+003  1.265476e+003  9.091590e+002  6.814660e+002  5.334309e+002  4.313018e+002  3.566092e+002  2.994588e+002  2.318076e+002  1.707771e+002  9.486860e+001  2.666130e+001  -0.000000e+000  
-3.579476e+003  -3.631809e+003  -3.720381e+003  -3.802424e+003  1.190851e+003  1.065500e+003  9.014386e+002  7.472279e+002  6.171965e+002  5.116958e+002  4.269586e+002  3.587796e+002  2.760070e+002  2.010588e+002  1.091964e+002  3.011594e+001  -0.000000e+000  
-3.670686e+003  -3.682517e+003  -3.700389e+003  -3.714201e+003  9.327090e+002  8.901214e+002  8.165344e+002  7.284706e+002  6.379627e+002  5.521483e+002  4.745264e+002  4.062976e+002  3.178897e+002  2.325445e+002  1.250627e+002  3.396122e+001  -0.000000e+000  
-3.579476e+003  -3.631809e+003  -3.720381e+003  -3.802424e+003  1.190851e+003  1.065500e+003  9.014386e+002  7.472279e+002  6.171965e+002  5.116958e+002  4.269586e+002  3.587796e+002  2.760070e+002  2.010588e+002  1.091964e+002  3.011594e+001  -0.000000e+000  
-3.323287e+003  -3.458014e+003  -3.750349e+003  -4.168909e+003  1.733919e+003  1.265476e+003  9.091590e+002  6.814660e+002  5.334309e+002  4.313018e+002  3.566092e+002  2.994588e+002  2.318076e+002  1.707771e+002  9.486860e+001  2.666130e+001  -0.000000e+000  
-3.073606e+003  -3.229005e+003  -3.651232e+003  -4.725661e+003  2.360364e+003  1.288645e+003  8.243784e+002  5.938023e+002  4.601122e+002  3.724244e+002  3.095681e+002  2.616996e+002  2.048546e+002  1.526677e+002  8.636491e+001  2.460006e+001  -0.000000e+000  
-2.730577e+003  -2.840112e+003  -3.162141e+003  -4.188027e+003  2.494036e+003  1.030814e+003  6.317044e+002  4.615679e+002  3.657447e+002  3.022642e+002  2.557711e+002  2.194811e+002  1.752945e+002  1.329618e+002  7.711602e+001  2.234569e+001  -0.000000e+000  
-2.406997e+003  -2.435079e+003  -2.463834e+003  -2.221715e+003  1.119075e+002  4.659904e+002  4.000561e+002  3.304666e+002  2.791636e+002  2.402820e+002  2.092053e+002  1.833415e+002  1.502153e+002  1.162823e+002  6.925678e+001  2.041615e+001  -0.000000e+000  
-2.072280e+003  -2.029481e+003  -1.869718e+003  -1.301567e+003  -6.029033e+002  2.731485e+001  1.696690e+002  1.940178e+002  1.889726e+002  1.760584e+002  1.611626e+002  1.461440e+002  1.244307e+002  9.910518e+001  6.110788e+001  1.839940e+001  -0.000000e+000  
-1.753814e+003  -1.668752e+003  -1.432917e+003  -8.766995e+002  -8.768944e+002  -2.650478e+002  -2.526044e+001  6.646384e+001  1.012195e+002  1.125017e+002  1.132231e+002  1.088441e+002  9.842568e+001  8.168502e+001  5.275840e+001  1.631292e+001  -0.000000e+000  
-1.467944e+003  -1.365978e+003  -1.119535e+003  -6.529117e+002  -9.681595e+002  -4.459459e+002  -1.757988e+002  -4.397882e+001  2.054735e+001  5.215839e+001  6.685996e+001  7.235876e+001  7.267488e+001  6.427277e+001  4.429682e+001  1.417424e+001  -0.000000e+000  
-1.115340e+003  -1.018584e+003  -8.104058e+002  -4.785328e+002  -9.609687e+002  -5.754955e+002  -3.230508e+002  -1.708953e+002  -8.111838e+001  -2.813416e+001  3.089591e+000  2.110689e+001  3.567262e+001  3.884203e+001  3.166953e+001  1.093046e+001  -0.000000e+000  
-8.449155e+002  -7.658983e+002  -6.065069e+002  -3.741225e+002  -8.988491e+002  -6.174113e+002  -4.041352e+002  -2.566290e+002  -1.584754e+002  -9.403163e+001  -5.192598e+001  -2.462078e+001  1.395380e+000  1.464538e+001  1.924776e+001  7.664510e+000  -0.000000e+000  
-6.416220e+002  -5.815228e+002  -4.646694e+002  -3.020776e+002  -8.207593e+002  -6.147192e+002  -4.420020e+002  -3.098907e+002  -2.136372e+002  -1.452113e+002  -9.718060e+001  -6.376963e+001  -2.932878e+001  -7.774910e+000  7.261942e+000  4.427341e+000  -0.000000e+000  
-4.893875e+002  -4.453712e+002  -3.616970e+002  -2.482699e+002  -7.415955e+002  -5.905043e+002  -4.533622e+002  -3.396719e+002  -2.505524e+002  -1.830073e+002  -1.328353e+002  -9.605110e+001  -5.604262e+001  -2.804346e+001  -4.098189e+000  1.264553e+000  -0.000000e+000  
-2.705111e+002  -2.507331e+002  -2.135319e+002  -1.635032e+002  -5.637630e+002  -4.894661e+002  -4.139348e+002  -3.433565e+002  -2.810196e+002  -2.280237e+002  -1.841253e+002  -1.484069e+002  -1.053564e+002  -6.899668e+001  -2.955615e+001  -6.279660e+000  -0.000000e+000  
-1.605969e+002  -1.520620e+002  -1.359686e+002  -1.141503e+002  -4.332923e+002  -3.966349e+002  -3.556519e+002  -3.136214e+002  -2.729686e+002  -2.352554e+002  -2.013174e+002  -1.714516e+002  -1.326660e+002  -9.529880e+001  -4.890772e+001  -1.263666e+001  -0.000000e+000  
-8.165134e+001  -7.941985e+001  -7.515906e+001  -6.924767e+001  -2.854782e+002  -2.735406e+002  -2.586125e+002  -2.416469e+002  -2.235160e+002  -2.049570e+002  -1.865510e+002  -1.687244e+002  -1.432850e+002  -1.138618e+002  -7.004805e+001  -2.128758e+001  -0.000000e+000  
-5.209737e+001  -5.143027e+001  -5.013375e+001  -4.827911e+001  -2.062437e+002  -2.017794e+002  -1.956940e+002  -1.882390e+002  -1.796792e+002  -1.702751e+002  -1.602698e+002  -1.498803e+002  -1.339983e+002  -1.129461e+002  -7.728423e+001  -2.590086e+001  -0.000000e+000  
-4.516560e+001  -4.475807e+001  -4.395784e+001  -4.279330e+001  -1.843681e+002  -1.813378e+002  -1.770667e+002  -1.716814e+002  -1.653251e+002  -1.581500e+002  -1.503085e+002  -1.419476e+002  -1.288318e+002  -1.105466e+002  -7.812716e+001  -2.700138e+001  -0.000000e+000  

-0.000000e+000  -4.878965e-001  -9.358941e-001  -1.307907e+000  -1.575008e+000  -5.026504e+000  -8.229738e+000  -1.111516e+001  -1.363652e+001  -1.577020e+001  -1.751277e+001  -1.887761e+001  -1.989101e+001  -2.096943e+001  -2.113196e+001  -1.901156e+001  -1.687064e+001  
-0.000000e+000  -2.856934e+000  -5.460877e+000  -7.586710e+000  -9.061375e+000  -2.201347e+001  -3.361924e+001  -4.362507e+001  -5.191007e+001  -5.846794e+001  -6.338209e+001  -6.679909e+001  -6.890428e+001  -6.979006e+001  -6.790233e+001  -5.705537e+001  -4.886530e+001  
-0.000000e+000  -1.286872e+001  -2.442377e+001  -3.351596e+001  -3.930511e+001  -7.073286e+001  -9.643267e+001  -1.161011e+002  -1.299865e+002  -1.387042e+002  -1.430627e+002  -1.439274e+002  -1.421300e+002  -1.327837e+002  -1.204095e+002  -8.908907e+001  -7.154304e+001  
-0.000000e+000  -4.141358e+001  -7.806620e+001  -1.057857e+002  -1.215797e+002  -1.788353e+002  -2.183260e+002  -2.415606e+002  -2.514354e+002  -2.512515e+002  -2.440790e+002  -2.324624e+002  -2.183579e+002  -1.869626e+002  -1.575751e+002  -1.040667e+002  -7.917466e+001  
-0.000000e+000  -8.666912e+001  -1.630347e+002  -2.196520e+002  -2.493471e+002  -3.282044e+002  -3.706104e+002  -3.838946e+002  -3.769605e+002  -3.576497e+002  -3.318204e+002  -3.034191e+002  -2.749136e+002  -2.219408e+002  -1.782108e+002  -1.096435e+002  -8.060205e+001  
-0.000000e+000  -1.577693e+002  -2.980795e+002  -4.023875e+002  -4.533786e+002  -5.427286e+002  -5.653868e+002  -5.451315e+002  -5.029797e+002  -4.527266e+002  -4.019808e+002  -3.543858e+002  -3.113920e+002  -2.402884e+002  -1.862630e+002  -1.093240e+002  -7.858412e+001  
-0.000000e+000  -2.126917e+002  -4.048201e+002  -5.507452e+002  -6.209254e+002  -7.083554e+002  -7.041440e+002  -6.510345e+002  -5.798488e+002  -5.070642e+002  -4.398114e+002  -3.803915e+002  -3.289523e+002  -2.480212e+002  -1.887563e+002  -1.080604e+002  -7.673504e+001  
-0.000000e+000  -2.850861e+002  -5.508385e+002  -7.635259e+002  -8.681722e+002  -9.353593e+002  -8.759481e+002  -7.695104e+002  -6.583063e+002  -5.581984e+002  -4.728520e+002  -4.014551e+002  -3.419644e+002  -2.523907e+002  -1.888534e+002  -1.056405e+002  -7.415783e+001  
-0.000000e+000  -3.738843e+002  -7.419442e+002  -1.068205e+003  -1.248032e+003  -1.247114e+003  -1.079716e+003  -8.918468e+002  -7.300107e+002  -6.000589e+002  -4.970794e+002  -4.149947e+002  -3.487920e+002  -2.526766e+002  -1.862467e+002  -1.020109e+002  -7.084616e+001  
-0.000000e+000  -4.522161e+002  -9.314062e+002  -1.427183e+003  -1.777971e+003  -1.601070e+003  -1.262305e+003  -9.804137e+002  -7.728651e+002  -6.205771e+002  -5.061399e+002  -4.178324e+002  -3.480637e+002  -2.489952e+002  -1.816078e+002  -9.793842e+001  -6.746643e+001  
-0.000000e+000  -5.047570e+002  -1.077278e+003  -1.771673e+003  -2.445864e+003  -1.934966e+003  -1.392632e+003  -1.029760e+003  -7.910811e+002  -6.259857e+002  -5.058006e+002  -4.147278e+002  -3.435763e+002  -2.437618e+002  -1.764942e+002  -9.410096e+001  -6.442458e+001  
-0.000000e+000  -5.310919e+002  -1.175998e+003  -2.123734e+003  -3.595115e+003  -2.279087e+003  -1.469715e+003  -1.042289e+003  -7.875571e+002  -6.181847e+002  -4.969398e+002  -4.058204e+002  -3.349834e+002  -2.361889e+002  -1.699796e+002  -8.970697e+001  -6.106717e+001  
-0.000000e+000  -5.134518e+002  -1.157742e+003  -2.273512e+003  -5.814011e+003  -2.472212e+003  -1.432866e+003  -1.003460e+003  -7.587602e+002  -5.962063e+002  -4.792498e+002  -3.909980e+002  -3.222425e+002  -2.262706e+002  -1.620708e+002  -8.476811e+001  -5.740478e+001  
-0.000000e+000  -4.369594e+002  -9.330315e+002  -1.558258e+003  -0.000000e+000  -1.572665e+003  -1.186981e+003  -8.982186e+002  -6.991667e+002  -5.564836e+002  -4.499677e+002  -3.679903e+002  -3.034390e+002  -2.125754e+002  -1.516696e+002  -7.863608e+001  -5.296856e+001  
-0.000000e+000  -3.167888e+002  -6.066362e+002  -7.280012e+002  -0.000000e+000  -8.422811e+002  -8.701672e+002  -7.404945e+002  -6.073921e+002  -4.960203e+002  -4.064066e+002  -3.346328e+002  -2.768724e+002  -1.940532e+002  -1.381299e+002  -7.106480e+001  -4.762628e+001  
-0.000000e+000  -1.605606e+002  -2.677036e+002  -2.428176e+002  -0.000000e+000  -3.632642e+002  -5.054282e+002  -5.070042e+002  -4.551890e+002  -3.906586e+002  -3.290389e+002  -2.751648e+002  -2.297018e+002  -1.617763e+002  -1.150535e+002  -5.864006e+001  -3.903139e+001  
-0.000000e+000  -2.214543e+001  -3.345463e+001  -2.585160e+001  -0.000000e+000  -7.053730e+001  -1.219614e+002  -1.460948e+002  -1.503384e+002  -1.427680e+002  -1.293895e+002  -1.139999e+002  -9.875491e+001  -7.202177e+001  -5.193003e+001  -2.618554e+001  -1.720139e+001  
-0.000000e+000  2.214543e+001  3.345463e+001  2.585160e+001  -0.000000e+000  7.053730e+001  1.219614e+002  1.460948e+002  1.503384e+002  1.427680e+002  1.293895e+002  1.139999e+002  9.875491e+001  7.202177e+001  5.193003e+001  2.618554e+001  1.720139e+001  
-0.000000e+000  1.605606e+002  2.677036e+002  2.428176e+002  -0.000000e+000  3.632642e+002  5.054282e+002  5.070042e+002  4.551890e+002  3.906586e+002  3.290389e+002  2.751648e+002  2.297018e+002  1.617763e+002  1.150535e+002  5.864006e+001  3.903139e+001  
-0.000000e+000  3.167888e+002  6.066362e+002  7.280012e+002  -0.000000e+000  8.422811e+002  8.701672e+002  7.404945e+002  6.073921e+002  4.960203e+002  4.064066e+002  3.346328e+002  2.768724e+002  1.940532e+002  1.381299e+002  7.106480e+001  4.762628e+001  
-0.000000e+000  4.369594e+002  9.330315e+002  1.558258e+003  -0.000000e+000  1.572665e+003  1.186981e+003  8.982186e+002  6.991667e+002  5.564836e+002  4.499677e+002  3.679903e+002  3.034390e+002  2.125754e+002  1.516696e+002  7.863608e+001  5.296856e+001  
-0.000000e+000  5.134518e+002  1.157742e+003  2.273512e+003  5.814011e+003  2.472212e+003  1.432866e+003  1.003460e+003  7.587602e+002  5.962063e+002  4.792498e+002  3.909980e+002  3.222425e+002  2.262706e+002  1.620708e+002  8.476811e+001  5.740478e+001  
-0.000000e+000  5.310919e+002  1.175998e+003  2.123734e+003  3.595115e+003  2.279087e+003  1.469715e+003  1.042289e+003  7.875571e+002  6.181847e+002  4.969398e+002  4.058204e+002  3.349834e+002  2.361889e+002  1.699796e+002  8.970697e+001  6.106717e+001  
-0.000000e+000  5.047570e+002  1.077278e+003  1.771673e+003  2.445864e+003  1.934966e+003  1.392632e+003  1.029760e+003  7.910811e+002  6.259857e+002  5.058006e+002  4.147278e+002  3.435763e+002  2.437618e+002  1.764942e+002  9.410096e+001  6.442458e+001  
-0.000000e+000  4.522161e+002  9.314062e+002  1.427183e+003  1.777971e+003  1.601070e+003  1.262305e+003  9.804137e+002  7.728651e+002  6.205771e+002  5.061399e+002  4.178324e+002  3.480637e+002  2.489952e+002  1.816078e+002  9.793842e+001  6.746643e+001  
-0.000000e+000  3.738843e+002  7.419442e+002  1.068205e+003  1.248032e+003  1.247114e+003  1.079716e+003  8.918468e+002  7.300107e+002  6.000589e+002  4.970794e+002  4.149947e+002  3.487920e+002  2.526766e+002  1.862467e+002  1.020109e+002  7.084616e+001  
-0.000000e+000  2.850861e+002  5.508385e+002  7.635259e+002  8.681722e+002  9.353593e+002  8.759481e+002  7.695104e+002  6.583063e+002  5.581984e+002  4.728520e+002  4.014551e+002  3.419644e+002  2.523907e+002  1.888534e+002  1.056405e+002  7.415783e+001  
-0.000000e+000  2.126917e+002  4.048201e+002  5.507452e+002  6.209254e+002  7.083554e+002  7.041440e+002  6.510345e+002  5.798488e+002  5.070642e+002  4.398114e+002  3.803915e+002  3.289523e+002  2.480212e+002  1.887563e+002  1.080604e+002  7.673504e+001  
-0.000000e+000  1.577693e+002  2.980795e+002  4.023875e+002  4.533786e+002  5.427286e+002  5.653868e+002  5.451315e+002  5.029797e+002  4.527266e+002  4.019808e+002  3.543858e+002  3.113920e+002  2.402884e+002  1.862630e+002  1.093240e+002  7.858412e+001  
-0.000000e+000  8.666912e+001  1.630347e+002  2.196520e+002  2.493471e+002  3.282044e+002  3.706104e+002  3.838946e+002  3.769605e+002  3.576497e+002  3.318204e+002  3.034191e+002  2.749136e+002  2.219408e+002  1.782108e+002  1.096435e+002  8.060205e+001  
-0.000000e+000  4.141358e+001  7.806620e+001  1.057857e+002  1.215797e+002  1.788353e+002  2.183260e+002  2.415606e+002  2.514354e+002  2.512515e+002  2.440790e+002  2.324624e+002  2.183579e+002  1.869626e+002  1.575751e+002  1.040667e+002  7.917466e+001  
-0.000000e+000  1.286872e+001  2.442377e+001  3.351596e+001  3.930511e+001  7.073286e+001  9.643267e+001  1.161011e+002  1.299865e+002  1.387042e+002  1.430627e+002  1.439274e+002  1.421300e+002  1.327837e+002  1.204095e+002  8.908907e+001  7.154304e+001  
-0.000000e+000  2.856934e+000  5.460877e+000  7.586710e+000  9.061375e+000  2.201347e+001  3.361924e+001  4.362507e+001  5.191007e+001  5.846794e+001  6.338209e+001  6.679909e+001  6.890428e+001  6.979006e+001  6.790233e+001  5.705537e+001  4.886530e+001  
-0.000000e+000  4.878965e-001  9.358941e-001  1.307907e+000  1.575008e+000  5.026504e+000  8.229738e+000  1.111516e+001  1.363652e+001  1.577020e+001  1.751277e+001  1.887761e+001  1.989101e+001  2.096943e+001  2.113196e+001  1.901156e+001  1.687064e+001  
-0.000000e+000  -0.000000e+000  -0.000000e+000  -0.000000e+000  -0.000000e+000  -0.000000e+000  -0.000000e+000  -0.000000e+000  -0.000000e+000  -0.000000e+000  -0.000000e+000  -0.000000e+000  -0.000000e+000  -0.000000e+000  -0.000000e+000  -0.000000e+000  -0.000000e+000  

0.000000e+000  0.000000e+000  0.000000e+000  0.000000e+000  0.000000e+000  0.000000e+000  0.000000e+000  0.000000e+000  0.000000e+000  0.000000e+000  0.000000e+000  0.000000e+000  0.000000e+000  0.000000e+000  0.000000e+000  0.000000e+000  0.000000e+000  
0.000000e+000  0.000000e+000  0.000000e+000  0.000000e+000  0.000000e+000  0.000000e+000  0.000000e+000  0.000000e+000  0.000000e+000  0.000000e+000  0.000000e+000  0.000000e+000  0.000000e+000  0.000000e+000  0.000000e+000  0.000000e+000  0.000000e+000  
0.000000e+000  0.000000e+000  0.000000e+000  0.000000e+000  0.000000e+000  0.000000e+000  0.000000e+000  0.000000e+000  0.000000e+000  0.000000e+000  0.000000e+000  0.000000e+000  0.000000e+000  0.000000e+000  0.000000e+000  0.000000e+000  0.000000e+000  
0.000000e+000  0.000000e+000  0.000000e+000  0.000000e+000  0.000000e+000  0.000000e+000  0.000000e+000  0.000000e+000  0.000000e+000  0.000000e+000  0.000000e+000  0.000000e+000  0.000000e+000  0.000000e+000  0.000000e+000  0.000000e+000  0.000000e+000  
0.000000e+000  0.000000e+000  0.000000e+000  0.000000e+000  0.000000e+000  0.000000e+000  0.000000e+000  0.000000e+000  0.000000e+000  0.000000e+000  0.000000e+000  0.000000e+000  0.000000e+000  0.000000e+000  0.000000e+000  0.000000e+000  0.000000e+000  
0.000000e+000  0.000000e+000  0.000000e+000  0.000000e+000  0.000000e+000  0.000000e+000  0.000000e+000  0.000000e+000  0.000000e+000  0.000000e+000  0.000000e+000  0.000000e+000  0.000000e+000  0.000000e+000  0.000000e+000  0.000000e+000  0.000000e+000  
0.000000e+000  0.000000e+000  0.000000e+000  0.000000e+000  0.000000e+000  0.000000e+000  0.000000e+000  0.000000e+000  0.000000e+000  0.000000e+000  0.000000e+000  0.000000e+000  0.000000e+000  0.000000e+000  0.000000e+000  0.000000e+000  0.000000e+000  
0.000000e+000  0.000000e+000  0.000000e+000  0.000000e+000  0.000000e+000  0.000000e+000  0.000000e+000  0.000000e+000  0.000000e+000  0.000000e+000  0.000000e+000  0.000000e+000  0.000000e+000  0.000000e+000  0.000000e+000  0.000000e+000  0.000000e+000  
0.000000e+000  0.000000e+000  0.000000e+000  0.000000e+000  0.000000e+000  0.000000e+000  0.000000e+000  0.000000e+000  0.000000e+000  0.000000e+000  0.000000e+000  0.000000e+000  0.000000e+000  0.000000e+000  0.000000e+000  0.000000e+000  0.000000e+000  
0.000000e+000  0.000000e+000  0.000000e+000  0.000000e+000  0.000000e+000  0.000000e+000  0.000000e+000  0.000000e+000  0.000000e+000  0.000000e+000  0.000000e+000  0.000000e+000  0.000000e+000  0.000000e+000  0.000000e+000  0.000000e+000  0.000000e+000  
0.000000e+000  0.000000e+000  0.000000e+000  0.000000e+000  0.000000e+000  0.000000e+000  0.000000e+000  0.000000e+000  0.000000e+000  0.000000e+000  0.000000e+000  0.000000e+000  0.000000e+000  0.000000e+000  0.000000e+000  0.000000e+000  0.000000e+000  
0.000000e+000  0.000000e+000  0.000000e+000  0.000000e+000  0.000000e+000  0.000000e+000  0.000000e+000  0.000000e+000  0.000000e+000  0.000000e+000  0.000000e+000  0.000000e+000  0.000000e+000  0.000000e+000  0.000000e+000  0.000000e+000  0.000000e+000  
0.000000e+000  0.000000e+000  0.000000e+000  0.000000e+000  0.000000e+000  0.000000e+000  0.000000e+000  0.000000e+000  0.000000e+000  0.000000e+000  0.000000e+000  0.000000e+000  0.000000e+000  0.000000e+000  0.000000e+000  0.000000e+000  0.000000e+000  
0.000000e+000  0.000000e+000  0.000000e+000  0.000000e+000  0.000000e+000  0.000000e+000  0.000000e+000  0.000000e+000  0.000000e+000  0.000000e+000  0.000000e+000  0.000000e+000  0.000000e+000  0.000000e+000  0.000000e+000  0.000000e+000  0.000000e+000  
0.000000e+000  0.000000e+000  0.000000e+000  0.000000e+000  0.000000e+000  0.000000e+000  0.000000e+000  0.000000e+000  0.000000e+000  0.000000e+000  0.000000e+000  0.000000e+000  0.000000e+000  0.000000e+000  0.000000e+000  0.000000e+000  0.000000e+000  
0.000000e+000  0.000000e+000  0.000000e+000  0.000000e+000  0.000000e+000  0.000000e+000  0.000000e+000  0.000000e+000  0.000000e+000  0.000000e+000  0.000000e+000  0.000000e+000  0.000000e+000  0.000000e+000  0.000000e+000  0.000000e+000  0.000000e+000  
0.000000e+000  0.000000e+000  0.000000e+000  0.000000e+000  0.000000e+000  0.000000e+000  0.000000e+000  0.000000e+000  0.000000e+000  0.000000e+000  0.000000e+000  0.000000e+000  0.000000e+000  0.000000e+000  0.000000e+000  0.000000e+000  0.000000e+000  
0.000000e+000  0.000000e+000  0.000000e+000  0.000000e+000  0.000000e+000  0.000000e+000  0.000000e+000  0.000000e+000  0.000000e+000  0.000000e+000  0.000000e+000  0.000000e+000  0.000000e+000  0.000000e+000  0.000000e+000  0.000000e+000  0.000000e+000  
0.000000e+000  0.000000e+000  0.000000e+000  0.000000e+000  0.000000e+000  0.000000e+000  0.000000e+000  0.000000e+000  0.000000e+000  0.000000e+000  0.000000e+000  0.000000e+000  0.000000e+000  0.000000e+000  0.000000e+000  0.000000e+000  0.000000e+000  
0.000000e+000  0.000000e+000  0.000000e+000  0.000000e+000  0.000000e+000  0.000000e+000  0.000000e+000  0.000000e+000  0.000000e+000  0.000000e+000  0.000000e+000  0.000000e+000  0.000000e+000  0.000000e+000  0.000000e+000  0.000000e+000  0.000000e+000  
0.000000e+000  0.000000e+000  0.000000e+000  0.000000e+000  0.000000e+000  0.000000e+000  0.000000e+000  0.000000e+000  0.000000e+000  0.000000e+000  0.000000e+000  0.000000e+000  0.000000e+000  0.000000e+000  0.000000e+000  0.000000e+000  0.000000e+000  
0.000000e+000  0.000000e+000  0.000000e+000  0.000000e+000  0.000000e+000  0.000000e+000  0.000000e+000  0.000000e+000  0.000000e+000  0.000000e+000  0.000000e+000  0.000000e+000  0.000000e+000  0.000000e+000  0.000000e+000  0.000000e+000  0.000000e+000  
0.000000e+000  0.000000e+000  0.000000e+000  0.000000e+000  0.000000e+000  0.000000e+000  0.000000e+000  0.000000e+000  0.000000e+000  0.000000e+000  0.000000e+000  0.000000e+000  0.000000e+000  0.000000e+000  0.000000e+000  0.000000e+000  0.000000e+000  
0.000000e+000  0.000000e+000  0.000000e+000  0.000000e+000  0.000000e+000  0.000000e+000  0.000000e+000  0.000000e+000  0.000000e+000  0.000000e+000  0.000000e+000  0.000000e+000  0.000000e+000  0.000000e+000  0.000000e+000  0.000000e+000  0.000000e+000  
0.000000e+000  0.000000e+000  0.000000e+000  0.000000e+000  0.000000e+000  0.000000e+000  0.000000e+000  0.000000e+000  0.000000e+000  0.000000e+000  0.000000e+000  0.000000e+000  0.000000e+000  0.000000e+000  0.000000e+000  0.000000e+000  0.000000e+000  
0.000000e+000  0.000000e+000  0.000000e+000  0.000000e+000  0.000000e+000  0.000000e+000  0.000000e+000  0.000000e+000  0.000000e+000  0.000000e+000  0.000000e+000  0.000000e+000  0.000000e+000  0.000000e+000  0.000000e+000  0.000000e+000  0.000000e+000  
0.000000e+000  0.000000e+000  0.000000e+000  0.000000e+000  0.000000e+000  0.000000e+000  0.000000e+000  0.000000e+000  0.000000e+000  0.000000e+000  0.000000e+000  0.000000e+000  0.000000e+000  0.000000e+000  0.000000e+000  0.000000e+000  0.000000e+000  
0.000000e+000  0.000000e+000  0.000000e+000  0.000000e+000  0.000000e+000  0.000000e+000  0.000000e+000  0.000000e+000  0.000000e+000  0.000000e+000  0.000000e+000  0.000000e+000  0.000000e+000  0.000000e+000  0.000000e+000  0.000000e+000  0.000000e+000  
0.000000e+000  0.000000e+000  0.000000e+000  0.000000e+000  0.000000e+000  0.000000e+000  0.000000e+000  0.000000e+000  0.000000e+000  0.000000e+000  0.000000e+000  0.000000e+000  0.000000e+000  0.000000e+000  0.000000e+000  0.000000e+000  0.000000e+000  
0.000000e+000  0.000000e+000  0.000000e+000  0.000000e+000  0.000000e+000  0.000000e+000  0.000000e+000  0.000000e+000  0.000000e+000  0.000000e+000  0.000000e+000  0.000000e+000  0.000000e+000  0.000000e+000  0.000000e+000  0.000000e+000  0.000000e+000  
0.000000e+000  0.000000e+000  0.000000e+000  0.000000e+000  0.000000e+000  0.000000e+000  0.000000e+000  0.000000e+000  0.000000e+000  0.000000e+000  0.000000e+000  0.000000e+000  0.000000e+000  0.000000e+000  0.000000e+000  0.000000e+000  0.000000e+000  
0.000000e+000  0.000000e+000  0.000000e+000  0.000000e+000  0.000000e+000  0.000000e+000  0.000000e+000  0.000000e+000  0.000000e+000  0.000000e+000  0.000000e+000  0.000000e+000  0.000000e+000  0.000000e+000  0.000000e+000  0.000000e+000  0.000000e+000  
0.000000e+000  0.000000e+000  0.000000e+000  0.000000e+000  0.000000e+000  0.000000e+000  0.000000e+000  0.000000e+000  0.000000e+000  0.000000e+000  0.000000e+000  0.000000e+000  0.000000e+000  0.000000e+000  0.000000e+000  0.000000e+000  0.000000e+000  
0.000000e+000  0.000000e+000  0.000000e+000  0.000000e+000  0.000000e+000  0.000000e+000  0.000000e+000  0.000000e+000  0.000000e+000  0.000000e+000  0.000000e+000  0.000000e+000  0.000000e+000  0.000000e+000  0.000000e+000  0.000000e+000  0.000000e+000  
0.000000e+000  0.000000e+000  0.000000e+000  0.000000e+000  0.000000e+000  0.000000e+000  0.000000e+000  0.000000e+000  0.000000e+000  0.000000e+000  0.000000e+000  0.000000e+000  0.000000e+000  0.000000e+000  0.000000e+000  0.000000e+000  0.000000e+000  

0.000000e+000  0.000000e+000  0.000000e+000  0.000000e+000  0.000000e+000  0.000000e+000  0.000000e+000  0.000000e+000  0.000000e+000  0.000000e+000  0.000000e+000  0.000000e+000  0.000000e+000  0.000000e+000  0.000000e+000  0.000000e+000  0.000000e+000  
0.000000e+000  0.000000e+000  0.000000e+000  0.000000e+000  0.000000e+000  0.000000e+000  0.000000e+000  0.000000e+000  0.000000e+000  0.000000e+000  0.000000e+000  0.000000e+000  0.000000e+000  0.000000e+000  0.000000e+000  0.000000e+000  0.000000e+000  
0.000000e+000  0.000000e+000  0.000000e+000  0.000000e+000  0.000000e+000  0.000000e+000  0.000000e+000  0.000000e+000  0.000000e+000  0.000000e+000  0.000000e+000  0.000000e+000  0.000000e+000  0.000000e+000  0.000000e+000  0.000000e+000  0.000000e+000  
0.000000e+000  0.000000e+000  0.000000e+000  0.000000e+000  0.000000e+000  0.000000e+000  0.000000e+000  0.000000e+000  0.000000e+000  0.000000e+000  0.000000e+000  0.000000e+000  0.000000e+000  0.000000e+000  0.000000e+000  0.000000e+000  0.000000e+000  
0.000000e+000  0.000000e+000  0.000000e+000  0.000000e+000  0.000000e+000  0.000000e+000  0.000000e+000  0.000000e+000  0.000000e+000  0.000000e+000  0.000000e+000  0.000000e+000  0.000000e+000  0.000000e+000  0.000000e+000  0.000000e+000  0.000000e+000  
0.000000e+000  0.000000e+000  0.000000e+000  0.000000e+000  0.000000e+000  0.000000e+000  0.000000e+000  0.000000e+000  0.000000e+000  0.000000e+000  0.000000e+000  0.000000e+000  0.000000e+000  0.000000e+000  0.000000e+000  0.000000e+000  0.000000e+000  
0.000000e+000  0.000000e+000  0.000000e+000  0.000000e+000  0.000000e+000  0.000000e+000  0.000000e+000  0.000000e+000  0.000000e+000  0.000000e+000  0.000000e+000  0.000000e+000  0.000000e+000  0.000000e+000  0.000000e+000  0.000000e+000  0.000000e+000  
0.000000e+000  0.000000e+000  0.000000e+000  0.000000e+000  0.000000e+000  0.000000e+000  0.000000e+000  0.000000e+000  0.000000e+000  0.000000e+000  0.000000e+000  0.000000e+000  0.000000e+000  0.000000e+000  0.000000e+000  0.000000e+000  0.000000e+000  
0.000000e+000  0.000000e+000  0.000000e+000  0.000000e+000  0.000000e+000  0.000000e+000  0.000000e+000  0.000000e+000  0.000000e+000  0.000000e+000  0.000000e+000  0.000000e+000  0.000000e+000  0.000000e+000  0.000000e+000  0.000000e+000  0.000000e+000  
0.000000e+000  0.000000e+000  0.000000e+000  0.000000e+000  0.000000e+000  0.000000e+000  0.000000e+000  0.000000e+000  0.000000e+000  0.000000e+000  0.000000e+000  0.000000e+000  0.000000e+000  0.000000e+000  0.000000e+000  0.000000e+000  0.000000e+000  
0.000000e+000  0.000000e+000  0.000000e+000  0.000000e+000  0.000000e+000  0.000000e+000  0.000000e+000  0.000000e+000  0.000000e+000  0.000000e+000  0.000000e+000  0.000000e+000  0.000000e+000  0.000000e+000  0.000000e+000  0.000000e+000  0.000000e+000  
0.000000e+000  0.000000e+000  0.000000e+000  0.000000e+000  0.000000e+000  0.000000e+000  0.000000e+000  0.000000e+000  0.000000e+000  0.000000e+000  0.000000e+000  0.000000e+000  0.000000e+000  0.000000e+000  0.000000e+000  0.000000e+000  0.000000e+000  
0.000000e+000  0.000000e+000  0.000000e+000  0.000000e+000  0.000000e+000  0.000000e+000  0.000000e+000  0.000000e+000  0.000000e+000  0.000000e+000  0.000000e+000  0.000000e+000  0.000000e+000  0.000000e+000  0.000000e+000  0.000000e+000  0.000000e+000  
0.000000e+000  0.000000e+000  0.000000e+000  0.000000e+000  0.000000e+000  0.000000e+000  0.000000e+000  0.000000e+000  0.000000e+000  0.000000e+000  0.000000e+000  0.000000e+000  0.000000e+000  0.000000e+000  0.000000e+000  0.000000e+000  0.000000e+000  
0.000000e+000  0.000000e+000  0.000000e+000  0.000000e+000  0.000000e+000  0.000000e+000  0.000000e+000  0.000000e+000  0.000000e+000  0.000000e+000  0.000000e+000  0.000000e+000  0.000000e+000  0.000000e+000  0.000000e+000  0.000000e+000  0.000000e+000  
0.000000e+000  0.000000e+000  0.000000e+000  0.000000e+000  0.000000e+000  0.000000e+000  0.000000e+000  0.000000e+000  0.000000e+000  0.000000e+000  0.000000e+000  0.000000e+000  0.000000e+000  0.000000e+000  0.000000e+000  0.000000e+000  0.000000e+000  
0.000000e+000  0.000000e+000  0.000000e+000  0.000000e+000  0.000000e+000  0.000000e+000  0.000000e+000  0.000000e+000  0.000000e+000  0.000000e+000  0.000000e+000  0.000000e+000  0.000000e+000  0.000000e+000  0.000000e+000  0.000000e+000  0.000000e+000  
0.000000e+000  0.000000e+000  0.000000e+000  0.000000e+000  0.000000e+000  0.000000e+000  0.000000e+000  0.000000e+000  0.000000e+000  0.000000e+000  0.000000e+000  0.000000e+000  0.000000e+000  0.000000e+000  0.000000e+000  0.000000e+000  0.000000e+000  
0.000000e+000  0.000000e+000  0.000000e+000  0.000000e+000  0.000000e+000  0.000000e+000  0.000000e+000  0.000000e+000  0.000000e+000  0.000000e+000  0.000000e+000  0.000000e+000  0.000000e+000  0.000000e+000  0.000000e+000  0.000000e+000  0.000000e+000  
0.000000e+000  0.000000e+000  0.000000e+000  0.000000e+000  0.000000e+000  0.000000e+000  0.000000e+000  0.000000e+000  0.000000e+000  0.000000e+000  0.000000e+000  0.000000e+000  0.000000e+000  0.000000e+000  0.000000e+000  0.000000e+000  0.000000e+000  
0.000000e+000  0.000000e+000  0.000000e+000  0.000000e+000  0.000000e+000  0.000000e+000  0.000000e+000  0.000000e+000  0.000000e+000  0.000000e+000  0.000000e+000  0.000000e+000  0.000000e+000  0.000000e+000  0.000000e+000  0.000000e+000  0.000000e+000  
0.000000e+000  0.000000e+000  0.000000e+000  0.000000e+000  0.000000e+000  0.000000e+000  0.000000e+000  0.000000e+000  0.000000e+000  0.000000e+000  0.000000e+000  0.000000e+000  0.000000e+000  0.000000e+000  0.000000e+000  0.000000e+000  0.000000e+000  
0.000000e+000  0.000000e+000  0.000000e+000  0.000000e+000  0.000000e+000  0.000000e+000  0.000000e+000  0.000000e+000  0.000000e+000  0.000000e+000  0.000000e+000  0.000000e+000  0.000000e+000  0.000000e+000  0.000000e+000  0.000000e+000  0.000000e+000  
0.000000e+000  0.000000e+000  0.000000e+000  0.000000e+000  0.000000e+000  0.000000e+000  0.000000e+000  0.000000e+000  0.000000e+000  0.000000e+000  0.000000e+000  0.000000e+000  0.000000e+000  0.000000e+000  0.000000e+000  0.000000e+000  0.000000e+000  
0.000000e+000  0.000000e+000  0.000000e+000  0.000000e+000  0.000000e+000  0.000000e+000  0.000000e+000  0.000000e+000  0.000000e+000  0.000000e+000  0.000000e+000  0.000000e+000  0.000000e+000  0.000000e+000  0.000000e+000  0.000000e+000  0.000000e+000  
0.000000e+000  0.000000e+000  0.000000e+000  0.000000e+000  0.000000e+000  0.000000e+000  0.000000e+000  0.000000e+000  0.000000e+000  0.000000e+000  0.000000e+000  0.000000e+000  0.000000e+000  0.000000e+000  0.000000e+000  0.000000e+000  0.000000e+000  
0.000000e+000  0.000000e+000  0.000000e+000  0.000000e+000  0.000000e+000  0.000000e+000  0.000000e+000  0.000000e+000  0.000000e+000  0.000000e+000  0.000000e+000  0.000000e+000  0.000000e+000  0.000000e+000  0.000000e+000  0.000000e+000  0.000000e+000  
0.000000e+000  0.000000e+000  0.000000e+000  0.000000e+000  0.000000e+000  0.000000e+000  0.000000e+000  0.000000e+000  0.000000e+000  0.000000e+000  0.000000e+000  0.000000e+000  0.000000e+000  0.000000e+000  0.000000e+000  0.000000e+000  0.000000e+000  
0.000000e+000  0.000000e+000  0.000000e+000  0.000000e+000  0.000000e+000  0.000000e+000  0.000000e+000  0.000000e+000  0.000000e+000  0.000000e+000  0.000000e+000  0.000000e+000  0.000000e+000  0.000000e+000  0.000000e+000  0.000000e+000  0.000000e+000  
0.000000e+000  0.000000e+000  0.000000e+000  0.000000e+000  0.000000e+000  0.000000e+000  0.000000e+000  0.000000e+000  0.000000e+000  0.000000e+000  0.000000e+000  0.000000e+000  0.000000e+000  0.000000e+000  0.000000e+000  0.000000e+000  0.000000e+000  
0.000000e+000  0.000000e+000  0.000000e+000  0.000000e+000  0.000000e+000  0.000000e+000  0.000000e+000  0.000000e+000  0.000000e+000  0.000000e+000  0.000000e+000  0.000000e+000  0.000000e+000  0.000000e+000  0.000000e+000  0.000000e+000  0.000000e+000  
0.000000e+000  0.000000e+000  0.000000e+000  0.000000e+000  0.000000e+000  0.000000e+000  0.000000e+000  0.000000e+000  0.000000e+000  0.000000e+000  0.000000e+000  0.000000e+000  0.000000e+000  0.000000e+000  0.000000e+000  0.000000e+000  0.000000e+000  
0.000000e+000  0.000000e+000  0.000000e+000  0.000000e+000  0.000000e+000  0.000000e+000  0.000000e+000  0.000000e+000  0.000000e+000  0.000000e+000  0.000000e+000  0.000000e+000  0.000000e+000  0.000000e+000  0.000000e+000  0.000000e+000  0.000000e+000  
0.000000e+000  0.000000e+000  0.000000e+000  0.000000e+000  0.000000e+000  0.000000e+000  0.000000e+000  0.000000e+000  0.000000e+000  0.000000e+000  0.000000e+000  0.000000e+000  0.000000e+000  0.000000e+000  0.000000e+000  0.000000e+000  0.000000e+000  
0.000000e+000  0.000000e+000  0.000000e+000  0.000000e+000  0.000000e+000  0.000000e+000  0.000000e+000  0.000000e+000  0.000000e+000  0.000000e+000  0.000000e+000  0.000000e+000  0.000000e+000  0.000000e+000  0.000000e+000  0.000000e+000  0.000000e+000  

0.000000e+000  0.000000e+000  0.000000e+000  0.000000e+000  0.000000e+000  0.000000e+000  0.000000e+000  0.000000e+000  0.000000e+000  0.000000e+000  0.000000e+000  0.000000e+000  0.000000e+000  0.000000e+000  0.000000e+000  0.000000e+000  0.000000e+000  
0.000000e+000  0.000000e+000  0.000000e+000  0.000000e+000  0.000000e+000  0.000000e+000  0.000000e+000  0.000000e+000  0.000000e+000  0.000000e+000  0.000000e+000  0.000000e+000  0.000000e+000  0.000000e+000  0.000000e+000  0.000000e+000  0.000000e+000  
0.000000e+000  0.000000e+000  0.000000e+000  0.000000e+000  0.000000e+000  0.000000e+000  0.000000e+000  0.000000e+000  0.000000e+000  0.000000e+000  0.000000e+000  0.000000e+000  0.000000e+000  0.000000e+000  0.000000e+000  0.000000e+000  0.000000e+000  
0.000000e+000  0.000000e+000  0.000000e+000  0.000000e+000  0.000000e+000  0.000000e+000  0.000000e+000  0.000000e+000  0.000000e+000  0.000000e+000  0.000000e+000  0.000000e+000  0.000000e+000  0.000000e+000  0.000000e+000  0.000000e+000  0.000000e+000  
0.000000e+000  0.000000e+000  0.000000e+000  0.000000e+000  0.000000e+000  0.000000e+000  0.000000e+000  0.000000e+000  0.000000e+000  0.000000e+000  0.000000e+000  0.000000e+000  0.000000e+000  0.000000e+000  0.000000e+000  0.000000e+000  0.000000e+000  
0.000000e+000  0.000000e+000  0.000000e+000  0.000000e+000  0.000000e+000  0.000000e+000  0.000000e+000  0.000000e+000  0.000000e+000  0.000000e+000  0.000000e+000  0.000000e+000  0.000000e+000  0.000000e+000  0.000000e+000  0.000000e+000  0.000000e+000  
0.000000e+000  0.000000e+000  0.000000e+000  0.000000e+000  0.000000e+000  0.000000e+000  0.000000e+000  0.000000e+000  0.000000e+000  0.000000e+000  0.000000e+000  0.000000e+000  0.000000e+000  0.000000e+000  0.000000e+000  0.000000e+000  0.000000e+000  
0.000000e+000  0.000000e+000  0.000000e+000  0.000000e+000  0.000000e+000  0.000000e+000  0.000000e+000  0.000000e+000  0.000000e+000  0.000000e+000  0.000000e+000  0.000000e+000  0.000000e+000  0.000000e+000  0.000000e+000  0.000000e+000  0.000000e+000  
0.000000e+000  0.000000e+000  0.000000e+000  0.000000e+000  0.000000e+000  0.000000e+000  0.000000e+000  0.000000e+000  0.000000e+000  0.000000e+000  0.000000e+000  0.000000e+000  0.000000e+000  0.000000e+000  0.000000e+000  0.000000e+000  0.000000e+000  
0.000000e+000  0.000000e+000  0.000000e+000  0.000000e+000  0.000000e+000  0.000000e+000  0.000000e+000  0.000000e+000  0.000000e+000  0.000000e+000  0.000000e+000  0.000000e+000  0.000000e+000  0.000000e+000  0.000000e+000  0.000000e+000  0.000000e+000  
0.000000e+000  0.000000e+000  0.000000e+000  0.000000e+000  0.000000e+000  0.000000e+000  0.000000e+000  0.000000e+000  0.000000e+000  0.000000e+000  0.000000e+000  0.000000e+000  0.000000e+000  0.000000e+000  0.000000e+000  0.000000e+000  0.000000e+000  
0.000000e+000  0.000000e+000  0.000000e+000  0.000000e+000  0.000000e+000  0.000000e+000  0.000000e+000  0.000000e+000  0.000000e+000  0.000000e+000  0.000000e+000  0.000000e+000  0.000000e+000  0.000000e+000  0.000000e+000  0.000000e+000  0.000000e+000  
0.000000e+000  0.000000e+000  0.000000e+000  0.000000e+000  0.000000e+000  0.000000e+000  0.000000e+000  0.000000e+000  0.000000e+000  0.000000e+000  0.000000e+000  0.000000e+000  0.000000e+000  0.000000e+000  0.000000e+000  0.000000e+000  0.000000e+000  
0.000000e+000  0.000000e+000  0.000000e+000  0.000000e+000  0.000000e+000  0.000000e+000  0.000000e+000  0.000000e+000  0.000000e+000  0.000000e+000  0.000000e+000  0.000000e+000  0.000000e+000  0.000000e+000  0.000000e+000  0.000000e+000  0.000000e+000  
0.000000e+000  0.000000e+000  0.000000e+000  0.000000e+000  0.000000e+000  0.000000e+000  0.000000e+000  0.000000e+000  0.000000e+000  0.000000e+000  0.000000e+000  0.000000e+000  0.000000e+000  0.000000e+000  0.000000e+000  0.000000e+000  0.000000e+000  
0.000000e+000  0.000000e+000  0.000000e+000  0.000000e+000  0.000000e+000  0.000000e+000  0.000000e+000  0.000000e+000  0.000000e+000  0.000000e+000  0.000000e+000  0.000000e+000  0.000000e+000  0.000000e+000  0.000000e+000  0.000000e+000  0.000000e+000  
0.000000e+000  0.000000e+000  0.000000e+000  0.000000e+000  0.000000e+000  0.000000e+000  0.000000e+000  0.000000e+000  0.000000e+000  0.000000e+000  0.000000e+000  0.000000e+000  0.000000e+000  0.000000e+000  0.000000e+000  0.000000e+000  0.000000e+000  
0.000000e+000  0.000000e+000  0.000000e+000  0.000000e+000  0.000000e+000  0.000000e+000  0.000000e+000  0.000000e+000  0.000000e+000  0.000000e+000  0.000000e+000  0.000000e+000  0.000000e+000  0.000000e+000  0.000000e+000  0.000000e+000  0.000000e+000  
0.000000e+000  0.000000e+000  0.000000e+000  0.000000e+000  0.000000e+000  0.000000e+000  0.000000e+000  0.000000e+000  0.000000e+000  0.000000e+000  0.000000e+000  0.000000e+000  0.000000e+000  0.000000e+000  0.000000e+000  0.000000e+000  0.000000e+000  
0.000000e+000  0.000000e+000  0.000000e+000  0.000000e+000  0.000000e+000  0.000000e+000  0.000000e+000  0.000000e+000  0.000000e+000  0.000000e+000  0.000000e+000  0.000000e+000  0.000000e+000  0.000000e+000  0.000000e+000  0.000000e+000  0.000000e+000  
0.000000e+000  0.000000e+000  0.000000e+000  0.000000e+000  0.000000e+000  0.000000e+000  0.000000e+000  0.000000e+000  0.000000e+000  0.000000e+000  0.000000e+000  0.000000e+000  0.000000e+000  0.000000e+000  0.000000e+000  0.000000e+000  0.000000e+000  
0.000000e+000  0.000000e+000  0.000000e+000  0.000000e+000  0.000000e+000  0.000000e+000  0.000000e+000  0.000000e+000  0.000000e+000  0.000000e+000  0.000000e+000  0.000000e+000  0.000000e+000  0.000000e+000  0.000000e+000  0.000000e+000  0.000000e+000  
0.000000e+000  0.000000e+000  0.000000e+000  0.000000e+000  0.000000e+000  0.000000e+000  0.000000e+000  0.000000e+000  0.000000e+000  0.000000e+000  0.000000e+000  0.000000e+000  0.000000e+000  0.000000e+000  0.000000e+000  0.000000e+000  0.000000e+000  
0.000000e+000  0.000000e+000  0.000000e+000  0.000000e+000  0.000000e+000  0.000000e+000  0.000000e+000  0.000000e+000  0.000000e+000  0.000000e+000  0.000000e+000  0.000000e+000  0.000000e+000  0.000000e+000  0.000000e+000  0.000000e+000  0.000000e+000  
0.000000e+000  0.000000e+000  0.000000e+000  0.000000e+000  0.000000e+000  0.000000e+000  0.000000e+000  0.000000e+000  0.000000e+000  0.000000e+000  0.000000e+000  0.000000e+000  0.000000e+000  0.000000e+000  0.000000e+000  0.000000e+000  0.000000e+000  
0.000000e+000  0.000000e+000  0.000000e+000  0.000000e+000  0.000000e+000  0.000000e+000  0.000000e+000  0.000000e+000  0.000000e+000  0.000000e+000  0.000000e+000  0.000000e+000  0.000000e+000  0.000000e+000  0.000000e+000  0.000000e+000  0.000000e+000  
0.000000e+000  0.000000e+000  0.000000e+000  0.000000e+000  0.000000e+000  0.000000e+000  0.000000e+000  0.000000e+000  0.000000e+000  0.000000e+000  0.000000e+000  0.000000e+000  0.000000e+000  0.000000e+000  0.000000e+000  0.000000e+000  0.000000e+000  
0.000000e+000  0.000000e+000  0.000000e+000  0.000000e+000  0.000000e+000  0.000000e+000  0.000000e+000  0.000000e+000  0.000000e+000  0.000000e+000  0.000000e+000  0.000000e+000  0.000000e+000  0.000000e+000  0.000000e+000  0.000000e+000  0.000000e+000  
0.000000e+000  0.000000e+000  0.000000e+000  0.000000e+000  0.000000e+000  0.000000e+000  0.000000e+000  0.000000e+000  0.000000e+000  0.000000e+000  0.000000e+000  0.000000e+000  0.000000e+000  0.000000e+000  0.000000e+000  0.000000e+000  0.000000e+000  
0.000000e+000  0.000000e+000  0.000000e+000  0.000000e+000  0.000000e+000  0.000000e+000  0.000000e+000  0.000000e+000  0.000000e+000  0.000000e+000  0.000000e+000  0.000000e+000  0.000000e+000  0.000000e+000  0.000000e+000  0.000000e+000  0.000000e+000  
0.000000e+000  0.000000e+000  0.000000e+000  0.000000e+000  0.000000e+000  0.000000e+000  0.000000e+000  0.000000e+000  0.000000e+000  0.000000e+000  0.000000e+000  0.000000e+000  0.000000e+000  0.000000e+000  0.000000e+000  0.000000e+000  0.000000e+000  
0.000000e+000  0.000000e+000  0.000000e+000  0.000000e+000  0.000000e+000  0.000000e+000  0.000000e+000  0.000000e+000  0.000000e+000  0.000000e+000  0.000000e+000  0.000000e+000  0.000000e+000  0.000000e+000  0.000000e+000  0.000000e+000  0.000000e+000  
0.000000e+000  0.000000e+000  0.000000e+000  0.000000e+000  0.000000e+000  0.000000e+000  0.000000e+000  0.000000e+000  0.000000e+000  0.000000e+000  0.000000e+000  0.000000e+000  0.000000e+000  0.000000e+000  0.000000e+000  0.000000e+000  0.000000e+000  
0.000000e+000  0.000000e+000  0.000000e+000  0.000000e+000  0.000000e+000  0.000000e+000  0.000000e+000  0.000000e+000  0.000000e+000  0.000000e+000  0.000000e+000  0.000000e+000  0.000000e+000  0.000000e+000  0.000000e+000  0.000000e+000  0.000000e+000  
0.000000e+000  0.000000e+000  0.000000e+000  0.000000e+000  0.000000e+000  0.000000e+000  0.000000e+000  0.000000e+000  0.000000e+000  0.000000e+000  0.000000e+000  0.000000e+000  0.000000e+000  0.000000e+000  0.000000e+000  0.000000e+000  0.000000e+000  

-0.000000e+000  -6.324832e+000  -1.261301e+001  -1.882829e+001  -2.493522e+001  -2.546578e+001  -2.586860e+001  -2.615608e+001  -2.634141e+001  -2.643812e+001  -2.645959e+001  -2.641872e+001  -2.632766e+001  -2.602876e+001  -2.565213e+001  -2.462717e+001  -2.395855e+001  
-0.000000e+000  -6.935237e+000  -1.382695e+001  -2.063195e+001  -2.730780e+001  -2.769854e+001  -2.793922e+001  -2.805084e+001  -2.805423e+001  -2.796922e+001  -2.781419e+001  -2.760574e+001  -2.735858e+001  -2.678663e+001  -2.619220e+001  -2.484607e+001  -2.405817e+001  
-0.000000e+000  -8.980220e+000  -1.789855e+001  -2.669212e+001  -3.529641e+001  -3.501596e+001  -3.453506e+001  -3.391212e+001  -3.319700e+001  -3.243040e+001  -3.164430e+001  -3.086290e+001  -3.010387e+001  -2.869030e+001  -2.746698e+001  -2.529650e+001  -2.423334e+001  
-0.000000e+000  -1.209650e+001  -2.414153e+001  -3.607377e+001  -4.781364e+001  -4.572264e+001  -4.351283e+001  -4.131331e+001  -3.921009e+001  -3.725398e+001  -3.546961e+001  -3.386372e+001  -3.243183e+001  -3.005791e+001  -2.821720e+001  -2.544048e+001  -2.422700e+001  
-0.000000e+000  -1.404433e+001  -2.812467e+001  -4.225036e+001  -5.637940e+001  -5.223173e+001  -4.830605e+001  -4.474512e+001  -4.160305e+001  -3.887765e+001  -3.653651e+001  -3.453448e+001  -3.282406e+001  -3.014447e+001  -2.816153e+001  -2.533706e+001  -2.413772e+001  
-0.000000e+000  -1.576761e+001  -3.180607e+001  -4.833225e+001  -6.544680e+001  -5.809510e+001  -5.181620e+001  -4.663999e+001  -4.244984e+001  -3.907853e+001  -3.636092e+001  -3.415529e+001  -3.234770e+001  -2.966026e+001  -2.774477e+001  -2.510855e+001  -2.399298e+001  
-0.000000e+000  -1.602664e+001  -3.249774e+001  -4.980579e+001  -6.820266e+001  -5.922930e+001  -5.198147e+001  -4.629999e+001  -4.188830e+001  -3.845211e+001  -3.574896e+001  -3.359379e+001  -3.184952e+001  -2.929132e+001  -2.748066e+001  -2.498921e+001  -2.392456e+001  
-0.000000e+000  -1.590228e+001  -3.246684e+001  -5.033721e+001  -7.002530e+001  -5.927401e+001  -5.115612e+001  -4.516072e+001  -4.071848e+001  -3.737497e+001  -3.480647e+001  -3.279060e+001  -3.117488e+001  -2.882525e+001  -2.716412e+001  -2.485539e+001  -2.385084e+001  
-0.000000e+000  -1.520889e+001  -3.131365e+001  -4.930494e+001  -7.018066e+001  -5.762759e+001  -4.897085e+001  -4.303336e+001  -3.885765e+001  -3.581830e+001  -3.352948e+001  -3.175214e+001  -3.033387e+001  -2.827139e+001  -2.680210e+001  -2.470995e+001  -2.377327e+001  
-0.000000e+000  -1.374750e+001  -2.854341e+001  -4.579987e+001  -6.747633e+001  -5.345162e+001  -4.502816e+001  -3.977769e+001  -3.627919e+001  -3.379693e+001  -3.194410e+001  -3.050467e+001  -2.934953e+001  -2.764503e+001  -2.640425e+001  -2.455638e+001  -2.369352e+001  
-0.000000e+000  -1.225943e+001  -2.549524e+001  -4.131486e+001  -6.281251e+001  -4.858155e+001  -4.121604e+001  -3.695485e+001  -3.418441e+001  -3.221984e+001  -3.073988e+001  -2.957518e+001  -2.862714e+001  -2.719464e+001  -2.612322e+001  -2.445074e+001  -2.363966e+001  
-0.000000e+000  -1.039315e+001  -2.144706e+001  -3.463415e+001  -5.447151e+001  -4.167271e+001  -3.649000e+001  -3.370020e+001  -3.186206e+001  -3.051072e+001  -2.945380e+001  -2.859291e+001  -2.787023e+001  -2.672841e+001  -2.583556e+001  -2.434451e+001  -2.358620e+001  
-0.000000e+000  -8.270639e+000  -1.657324e+001  -2.538349e+001  -3.961815e+001  -3.249712e+001  -3.106142e+001  -3.017408e+001  -2.940687e+001  -2.872591e+001  -2.812110e+001  -2.758100e+001  -2.709448e+001  -2.625454e+001  -2.554567e+001  -2.423906e+001  -2.353373e+001  
-0.000000e+000  -6.134760e+000  -1.150149e+001  -1.403697e+001  -0.000000e+000  -2.163002e+001  -2.548122e+001  -2.662438e+001  -2.693796e+001  -2.693010e+001  -2.678059e+001  -2.656439e+001  -2.631661e+001  -2.578168e+001  -2.525816e+001  -2.413576e+001  -2.348284e+001  
-0.000000e+000  -3.890501e+000  -6.715323e+000  -6.629889e+000  -0.000000e+000  -1.344961e+001  -1.968836e+001  -2.257167e+001  -2.401711e+001  -2.477124e+001  -2.515656e+001  -2.532844e+001  -2.536971e+001  -2.520717e+001  -2.491038e+001  -2.401220e+001  -2.342257e+001  
-0.000000e+000  -2.281532e+000  -3.664830e+000  -3.127567e+000  -0.000000e+000  -9.144853e+000  -1.546481e+001  -1.920047e+001  -2.143232e+001  -2.279928e+001  -2.364763e+001  -2.416924e+001  -2.447692e+001  -2.466433e+001  -2.458234e+001  -2.389672e+001  -2.336673e+001  
-0.000000e+000  -6.705944e-001  -1.000556e+000  -7.591532e-001  -0.000000e+000  -5.548683e+000  -1.064425e+001  -1.458788e+001  -1.750756e+001  -1.962087e+001  -2.112981e+001  -2.219487e+001  -2.293677e+001  -2.371962e+001  -2.401066e+001  -2.369745e+001  -2.327144e+001  
-0.000000e+000  -1.366691e-001  -1.970351e-001  -1.425728e-001  -0.000000e+000  -3.949205e+000  -7.940102e+000  -1.144506e+001  -1.438831e+001  -1.677821e+001  -1.866889e+001  -2.013309e+001  -2.124616e+001  -2.262809e+001  -2.333233e+001  -2.346197e+001  -2.316096e+001  
-0.000000e+000  -6.705944e-001  -1.000556e+000  -7.591532e-001  -0.000000e+000  -5.548683e+000  -1.064425e+001  -1.458788e+001  -1.750756e+001  -1.962087e+001  -2.112981e+001  -2.219487e+001  -2.293677e+001  -2.371962e+001  -2.401066e+001  -2.369745e+001  -2.327144e+001  
-0.000000e+000  -2.281532e+000  -3.664830e+000  -3.127567e+000  -0.000000e+000  -9.144853e+000  -1.546481e+001  -1.920047e+001  -2.143232e+001  -2.279928e+001  -2.364763e+001  -2.416924e+001  -2.447692e+001  -2.466433e+001  -2.458234e+001  -2.389672e+001  -2.336673e+001  
-0.000000e+000  -3.890501e+000  -6.715323e+000  -6.629889e+000  -0.000000e+000  -1.344961e+001  -1.968836e+001  -2.257167e+001  -2.401711e+001  -2.477124e+001  -2.515656e+001  -2.532844e+001  -2.536971e+001  -2.520717e+001  -2.491038e+001  -2.401220e+001  -2.342257e+001  
-0.000000e+000  -6.134760e+000  -1.150149e+001  -1.403697e+001  -0.000000e+000  -2.163002e+001  -2.548122e+001  -2.662438e+001  -2.693796e+001  -2.693010e+001  -2.678059e+001  -2.656439e+001  -2.631661e+001  -2.578168e+001  -2.525816e+001  -2.413576e+001  -2.348284e+001  
-0.000000e+000  -8.270639e+000  -1.657324e+001  -2.538349e+001  -3.961815e+001  -3.249712e+001  -3.106142e+001  -3.017408e+001  -2.940687e+001  -2.872591e+001  -2.812110e+001  -2.758100e+001  -2.709448e+001  -2.625454e+001  -2.554567e+001  -2.423906e+001  -2.353373e+001  
-0.000000e+000  -1.039315e+001  -2.144706e+001  -3.463415e+001  -5.447151e+001  -4.167271e+001  -3.649000e+001  -3.370020e+001  -3.186206e+001  -3.051072e+001  -2.945380e+001  -2.859291e+001  -2.787023e+001  -2.672841e+001  -2.583556e+001  -2.434451e+001  -2.358620e+001  
-0.000000e+000  -1.225943e+001  -2.549524e+001  -4.131486e+001  -6.281251e+001  -4.858155e+001  -4.121604e+001  -3.695485e+001  -3.418441e+001  -3.221984e+001  -3.073988e+001  -2.957518e+001  -2.862714e+001  -2.719464e+001  -2.612322e+001  -2.445074e+001  -2.363966e+001  
-0.000000e+000  -1.374750e+001  -2.854341e+001  -4.579987e+001  -6.747633e+001  -5.345162e+001  -4.502816e+001  -3.977769e+001  -3.627919e+001  -3.379693e+001  -3.194410e+001  -3.050467e+001  -2.934953e+001  -2.764503e+001  -2.640425e+001  -2.455638e+001  -2.369352e+001  
-0.000000e+000  -1.520889e+001  -3.131365e+001  -4.930494e+001  -7.018066e+001  -5.762759e+001  -4.897085e+001  -4.303336e+001  -3.885765e+001  -3.581830e+001  -3.352948e+001  -3.175214e+001  -3.033387e+001  -2.827139e+001  -2.680210e+001  -2.470995e+001  -2.377327e+001  
-0.000000e+000  -1.590228e+001  -3.246684e+001  -5.033721e+001  -7.002530e+001  -5.927401e+001  -5.115612e+001  -4.516072e+001  -4.071848e+001  -3.737497e+001  -3.480647e+001  -3.279060e+001  -3.117488e+001  -2.882525e+001  -2.716412e+001  -2.485539e+001  -2.385084e+001  
-0.000000e+000  -1.602664e+001  -3.249774e+001  -4.980579e+001  -6.820266e+001  -5.922930e+001  -5.198147e+001  -4.629999e+001  -4.188830e+001  -3.845211e+001  -3.574896e+001  -3.359379e+001  -3.184952e+001  -2.929132e+001  -2.748066e+001  -2.498921e+001  -2.392456e+001  
-0.000000e+000  -1.576761e+001  -3.180607e+001  -4.833225e+001  -6.544680e+001  -5.809510e+001  -5.181620e+001  -4.663999e+001  -4.244984e+001  -3.907853e+001  -3.636092e+001  -3.415529e+001  -3.234770e+001  -2.966026e+001  -2.774477e+001  -2.510855e+001  -2.399298e+001  
-0.000000e+000  -1.404433e+001  -2.812467e+001  -4.225036e+001  -5.637940e+001  -5.223173e+001  -4.830605e+001  -4.474512e+001  -4.160305e+001  -3.887765e+001  -3.653651e+001  -3.453448e+001  -3.282406e+001  -3.014447e+001  -2.816153e+001  -2.533706e+001  -2.413772e+001  
-0.000000e+000  -1.209650e+001  -2.414153e+001  -3.607377e+001  -4.781364e+001  -4.572264e+001  -4.351283e+001  -4.131331e+001  -3.921009e+001  -3.725398e+001  -3.546961e+001  -3.386372e+001  -3.243183e+001  -3.005791e+001  -2.821720e+001  -2.544048e+001  -2.422700e+001  
-0.000000e+000  -8.980220e+000  -1.789855e+001  -2.669212e+001  -3.529641e+001  -3.501596e+001  -3.453506e+001  -3.391212e+001  -3.319700e+001  -3.243040e+001  -3.164430e+001  -3.086290e+001  -3.010387e+001  -2.869030e+001  -2.746698e+001  -2.529650e+001  -2.423334e+001  
-0.000000e+000  -6.935237e+000  -1.382695e+001  -2.063195e+001  -2.730780e+001  -2.769854e+001  -2.793922e+001  -2.805084e+001  -2.805423e+001  -2.796922e+001  -2.781419e+001  -2.760574e+001  -2.735858e+001  -2.678663e+001  -2.619220e+001  -2.484607e+001  -2.405817e+001  
-0.000000e+000  -6.324832e+000  -1.261301e+001  -1.882829e+001  -2.493522e+001  -2.546578e+001  -2.586860e+001  -2.615608e+001  -2.634141e+001  -2.643812e+001  -2.645959e+001  -2.641872e+001  -2.632766e+001  -2.602876e+001  -2.565213e+001  -2.462717e+001  -2.395855e+001  

