Port monitor named: Port1_h1.prt

nx        = 39
ny        = 4
nz        = 19

nu        = 17
nv        = 37
iu        = 2
iv        = 2

idir      = 1
dcut      = -4.860000e-002
icut      = 2
type      = 1
frequency = 2.400000e+009

fcutoff   = 0.000000e+000
alpha     = 0.000000e+000
beta      = 9.599577e+001
accuracy  = 2.518265e-010

type          = QTEM
wave imp.     = 2.479490e+002
wave imp.sig. = 2.355878e-008
line imp.     = 3.206830e+001

ref. port     = 0

-0.000000e+000  1.088757e-002  2.154162e-002  3.174002e-002  4.128245e-002  5.109196e-002  5.975215e-002  6.715201e-002  7.324114e-002  7.802518e-002  8.155789e-002  8.393144e-002  8.526589e-002  8.523115e-002  8.279960e-002  7.092762e-002  6.159588e-002  
-0.000000e+000  3.996108e-002  7.894034e-002  1.160122e-001  1.503579e-001  1.851556e-001  2.152535e-001  2.402889e-001  2.601669e-001  2.750267e-001  2.851949e-001  2.911340e-001  2.933929e-001  2.886433e-001  2.763415e-001  2.299153e-001  1.966144e-001  
-0.000000e+000  9.304574e-002  1.829794e-001  2.669298e-001  3.424783e-001  4.157457e-001  4.751943e-001  5.204400e-001  5.519942e-001  5.710371e-001  5.791741e-001  5.782170e-001  5.700114e-001  5.371290e-001  4.943912e-001  3.812898e-001  3.133510e-001  
-0.000000e+000  1.928960e-001  3.766599e-001  5.430693e-001  6.856316e-001  8.134329e-001  9.049190e-001  9.617469e-001  9.880561e-001  9.892754e-001  9.711353e-001  9.390101e-001  8.975687e-001  7.982605e-001  6.980336e-001  4.924378e-001  3.869674e-001  
-0.000000e+000  3.780462e-001  7.313636e-001  1.037733e+000  1.280328e+000  1.468219e+000  1.568457e+000  1.594505e+000  1.564773e+000  1.497446e+000  1.407730e+000  1.307069e+000  1.203459e+000  1.003208e+000  8.308202e-001  5.400469e-001  4.082349e-001  
-0.000000e+000  6.006531e-001  1.156087e+000  1.623137e+000  1.966761e+000  2.188331e+000  2.251918e+000  2.199001e+000  2.074022e+000  1.912478e+000  1.738419e+000  1.566374e+000  1.404268e+000  1.121379e+000  8.965124e-001  5.538249e-001  4.084819e-001  
-0.000000e+000  8.858748e-001  1.706284e+000  2.386034e+000  2.847210e+000  3.056351e+000  3.001306e+000  2.792958e+000  2.520927e+000  2.238615e+000  1.972063e+000  1.731456e+000  1.519074e+000  1.175496e+000  9.170415e-001  5.480026e-001  3.977673e-001  
-0.000000e+000  1.095112e+000  2.119602e+000  2.975009e+000  3.533012e+000  3.701585e+000  3.518982e+000  3.172913e+000  2.787170e+000  2.420871e+000  2.095132e+000  1.813413e+000  1.572361e+000  1.196431e+000  9.211360e-001  5.405698e-001  3.888810e-001  
-0.000000e+000  1.351754e+000  2.646522e+000  3.763962e+000  4.478833e+000  4.535679e+000  4.125882e+000  3.576217e+000  3.045141e+000  2.583394e+000  2.196395e+000  1.875139e+000  1.608034e+000  1.204903e+000  9.165117e-001  5.288954e-001  3.772817e-001  
-0.000000e+000  1.646550e+000  3.292494e+000  4.823660e+000  5.847182e+000  5.620452e+000  4.809939e+000  3.972279e+000  3.268586e+000  2.708181e+000  2.264413e+000  1.909529e+000  1.621722e+000  1.199049e+000  9.023922e-001  5.128512e-001  3.629622e-001  
-0.000000e+000  1.905474e+000  3.927122e+000  6.054011e+000  7.731925e+000  6.848382e+000  5.426356e+000  4.260263e+000  3.400198e+000  2.765205e+000  2.284219e+000  1.909729e+000  1.611050e+000  1.180014e+000  8.811525e-001  4.948686e-001  3.480199e-001  
-0.000000e+000  2.083417e+000  4.432605e+000  7.286099e+000  1.024875e+001  8.072027e+000  5.881900e+000  4.417279e+000  3.446727e+000  2.768778e+000  2.269943e+000  1.887715e+000  1.585723e+000  1.154094e+000  8.569439e-001  4.768492e-001  3.336372e-001  
-0.000000e+000  2.158577e+000  4.742998e+000  8.475195e+000  1.454112e+001  9.303109e+000  6.119940e+000  4.426345e+000  3.405983e+000  2.719204e+000  2.221261e+000  1.842163e+000  1.543641e+000  1.118464e+000  8.267775e-001  4.563250e-001  3.177754e-001  
-0.000000e+000  2.069193e+000  4.610020e+000  8.762949e+000  2.271888e+001  9.915081e+000  5.908919e+000  4.233147e+000  3.265526e+000  2.613513e+000  2.137475e+000  1.772952e+000  1.484834e+000  1.073184e+000  7.907122e-001  4.333494e-001  3.004806e-001  
-0.000000e+000  1.750811e+000  3.724387e+000  6.235664e+000  -0.000000e+000  6.194438e+000  4.836150e+000  3.757036e+000  2.990290e+000  2.428345e+000  2.000663e+000  1.665528e+000  1.397121e+000  1.009148e+000  7.417033e-001  4.036330e-001  2.785927e-001  
-0.000000e+000  1.229874e+000  2.332726e+000  2.754079e+000  -0.000000e+000  3.196548e+000  3.456325e+000  3.042560e+000  2.564595e+000  2.144200e+000  1.794524e+000  1.506995e+000  1.270377e+000  9.199453e-001  6.756511e-001  3.654775e-001  2.511434e-001  
-0.000000e+000  5.809617e-001  9.574894e-001  8.530907e-001  -0.000000e+000  1.337765e+000  1.944315e+000  2.027080e+000  1.881621e+000  1.662264e+000  1.436248e+000  1.229043e+000  1.048042e+000  7.653665e-001  5.631512e-001  3.026286e-001  2.067498e-001  
-0.000000e+000  6.966931e-002  1.045607e-001  8.006112e-002  -0.000000e+000  2.543433e-001  4.526423e-001  5.600605e-001  5.955453e-001  5.838449e-001  5.454018e-001  4.944492e-001  4.399695e-001  3.362263e-001  2.530137e-001  1.357533e-001  9.179858e-002  
-0.000000e+000  -6.966931e-002  -1.045607e-001  -8.006112e-002  -0.000000e+000  -2.543433e-001  -4.526423e-001  -5.600605e-001  -5.955453e-001  -5.838449e-001  -5.454018e-001  -4.944492e-001  -4.399695e-001  -3.362263e-001  -2.530137e-001  -1.357533e-001  -9.179859e-002  
-0.000000e+000  -5.809617e-001  -9.574894e-001  -8.530907e-001  -0.000000e+000  -1.337765e+000  -1.944315e+000  -2.027080e+000  -1.881621e+000  -1.662264e+000  -1.436248e+000  -1.229043e+000  -1.048042e+000  -7.653665e-001  -5.631512e-001  -3.026286e-001  -2.067498e-001  
-0.000000e+000  -1.229874e+000  -2.332726e+000  -2.754079e+000  -0.000000e+000  -3.196548e+000  -3.456325e+000  -3.042560e+000  -2.564595e+000  -2.144200e+000  -1.794524e+000  -1.506995e+000  -1.270377e+000  -9.199453e-001  -6.756511e-001  -3.654775e-001  -2.511434e-001  
-0.000000e+000  -1.750811e+000  -3.724387e+000  -6.235664e+000  -0.000000e+000  -6.194438e+000  -4.836150e+000  -3.757036e+000  -2.990290e+000  -2.428346e+000  -2.000663e+000  -1.665528e+000  -1.397121e+000  -1.009148e+000  -7.417033e-001  -4.036330e-001  -2.785927e-001  
-0.000000e+000  -2.069193e+000  -4.610020e+000  -8.762949e+000  -2.271888e+001  -9.915081e+000  -5.908919e+000  -4.233147e+000  -3.265526e+000  -2.613513e+000  -2.137475e+000  -1.772952e+000  -1.484834e+000  -1.073184e+000  -7.907122e-001  -4.333494e-001  -3.004806e-001  
-0.000000e+000  -2.158577e+000  -4.742998e+000  -8.475195e+000  -1.454112e+001  -9.303109e+000  -6.119940e+000  -4.426345e+000  -3.405983e+000  -2.719204e+000  -2.221261e+000  -1.842163e+000  -1.543641e+000  -1.118464e+000  -8.267776e-001  -4.563250e-001  -3.177754e-001  
-0.000000e+000  -2.083417e+000  -4.432605e+000  -7.286099e+000  -1.024875e+001  -8.072027e+000  -5.881900e+000  -4.417279e+000  -3.446727e+000  -2.768778e+000  -2.269943e+000  -1.887715e+000  -1.585723e+000  -1.154094e+000  -8.569439e-001  -4.768492e-001  -3.336372e-001  
-0.000000e+000  -1.905474e+000  -3.927122e+000  -6.054011e+000  -7.731925e+000  -6.848382e+000  -5.426356e+000  -4.260263e+000  -3.400198e+000  -2.765205e+000  -2.284219e+000  -1.909729e+000  -1.611050e+000  -1.180014e+000  -8.811525e-001  -4.948686e-001  -3.480199e-001  
-0.000000e+000  -1.646550e+000  -3.292494e+000  -4.823660e+000  -5.847182e+000  -5.620451e+000  -4.809939e+000  -3.972279e+000  -3.268586e+000  -2.708181e+000  -2.264413e+000  -1.909529e+000  -1.621722e+000  -1.199049e+000  -9.023922e-001  -5.128512e-001  -3.629622e-001  
-0.000000e+000  -1.351754e+000  -2.646522e+000  -3.763962e+000  -4.478833e+000  -4.535679e+000  -4.125882e+000  -3.576217e+000  -3.045141e+000  -2.583394e+000  -2.196395e+000  -1.875139e+000  -1.608034e+000  -1.204903e+000  -9.165117e-001  -5.288954e-001  -3.772817e-001  
-0.000000e+000  -1.095112e+000  -2.119602e+000  -2.975009e+000  -3.533012e+000  -3.701585e+000  -3.518982e+000  -3.172913e+000  -2.787170e+000  -2.420871e+000  -2.095132e+000  -1.813413e+000  -1.572361e+000  -1.196431e+000  -9.211360e-001  -5.405698e-001  -3.888810e-001  
-0.000000e+000  -8.858748e-001  -1.706284e+000  -2.386034e+000  -2.847210e+000  -3.056351e+000  -3.001306e+000  -2.792958e+000  -2.520927e+000  -2.238615e+000  -1.972063e+000  -1.731456e+000  -1.519074e+000  -1.175496e+000  -9.170415e-001  -5.480026e-001  -3.977673e-001  
-0.000000e+000  -6.006531e-001  -1.156087e+000  -1.623137e+000  -1.966761e+000  -2.188331e+000  -2.251918e+000  -2.199001e+000  -2.074022e+000  -1.912478e+000  -1.738419e+000  -1.566374e+000  -1.404268e+000  -1.121379e+000  -8.965124e-001  -5.538249e-001  -4.084819e-001  
-0.000000e+000  -3.780462e-001  -7.313636e-001  -1.037733e+000  -1.280328e+000  -1.468219e+000  -1.568457e+000  -1.594505e+000  -1.564773e+000  -1.497446e+000  -1.407730e+000  -1.307069e+000  -1.203459e+000  -1.003208e+000  -8.308202e-001  -5.400469e-001  -4.082349e-001  
-0.000000e+000  -1.928960e-001  -3.766599e-001  -5.430693e-001  -6.856316e-001  -8.134329e-001  -9.049190e-001  -9.617469e-001  -9.880561e-001  -9.892754e-001  -9.711353e-001  -9.390101e-001  -8.975687e-001  -7.982605e-001  -6.980336e-001  -4.924378e-001  -3.869674e-001  
-0.000000e+000  -9.304574e-002  -1.829794e-001  -2.669298e-001  -3.424783e-001  -4.157457e-001  -4.751943e-001  -5.204400e-001  -5.519942e-001  -5.710371e-001  -5.791741e-001  -5.782170e-001  -5.700114e-001  -5.371290e-001  -4.943912e-001  -3.812898e-001  -3.133510e-001  
-0.000000e+000  -3.996108e-002  -7.894034e-002  -1.160122e-001  -1.503579e-001  -1.851556e-001  -2.152535e-001  -2.402889e-001  -2.601669e-001  -2.750267e-001  -2.851949e-001  -2.911340e-001  -2.933929e-001  -2.886433e-001  -2.763415e-001  -2.299153e-001  -1.966144e-001  
-0.000000e+000  -1.088757e-002  -2.154162e-002  -3.174002e-002  -4.128245e-002  -5.109196e-002  -5.975215e-002  -6.715201e-002  -7.324114e-002  -7.802517e-002  -8.155789e-002  -8.393144e-002  -8.526589e-002  -8.523115e-002  -8.279960e-002  -7.092762e-002  -6.159588e-002  
-0.000000e+000  -0.000000e+000  -0.000000e+000  -0.000000e+000  -0.000000e+000  -0.000000e+000  -0.000000e+000  -0.000000e+000  -0.000000e+000  -0.000000e+000  -0.000000e+000  -0.000000e+000  -0.000000e+000  -0.000000e+000  -0.000000e+000  -0.000000e+000  -0.000000e+000  

-1.050594e+000  -1.043872e+000  -1.030550e+000  -1.010863e+000  -9.860614e-001  -9.568201e-001  -9.228596e-001  -8.848702e-001  -8.435688e-001  -7.996686e-001  -7.538526e-001  -7.067531e-001  -6.350285e-001  -5.394743e-001  -3.751541e-001  -1.275438e-001  -0.000000e+000  
-1.105906e+000  -1.098157e+000  -1.082828e+000  -1.060247e+000  -1.031677e+000  -9.978721e-001  -9.588995e-001  -9.156798e-001  -8.691433e-001  -8.201872e-001  -7.696425e-001  -7.182499e-001  -6.408452e-001  -5.399614e-001  -3.699587e-001  -1.240008e-001  -0.000000e+000  
-1.357291e+000  -1.344166e+000  -1.318381e+000  -1.280826e+000  -1.232856e+000  -1.175791e+000  -1.111708e+000  -1.042803e+000  -9.711255e-001  -8.984729e-001  -8.263354e-001  -7.558791e-001  -6.539987e-001  -5.317492e-001  -3.414206e-001  -1.075463e-001  -0.000000e+000  
-1.810104e+000  -1.783562e+000  -1.731952e+000  -1.658060e+000  -1.563784e+000  -1.452755e+000  -1.333028e+000  -1.210203e+000  -1.088882e+000  -9.725036e-001  -8.633778e-001  -7.628378e-001  -6.257483e-001  -4.794979e-001  -2.766554e-001  -7.893570e-002  -0.000000e+000  
-2.682754e+000  -2.618705e+000  -2.495751e+000  -2.323659e+000  -2.107577e+000  -1.861301e+000  -1.611949e+000  -1.374207e+000  -1.157449e+000  -9.663076e-001  -8.018935e-001  -6.630616e-001  -4.896168e-001  -3.337016e-001  -1.531500e-001  -3.414971e-002  -0.000000e+000  
-3.502184e+000  -3.388199e+000  -3.170386e+000  -2.869288e+000  -2.497840e+000  -2.091164e+000  -1.705299e+000  -1.363917e+000  -1.076108e+000  -8.412607e-001  -6.538165e-001  -5.064920e-001  -3.348235e-001  -1.988588e-001  -6.275590e-002  -5.678634e-003  -0.000000e+000  
-4.779302e+000  -4.574353e+000  -4.178658e+000  -3.628952e+000  -2.958221e+000  -2.263903e+000  -1.664402e+000  -1.188926e+000  -8.307396e-001  -5.688723e-001  -3.807808e-001  -2.473872e-001  -1.074793e-001  -1.785666e-002  4.572060e-002  2.609659e-002  -0.000000e+000  
-5.537064e+000  -5.278551e+000  -4.767684e+000  -4.038842e+000  -3.140244e+000  -2.250473e+000  -1.536355e+000  -1.011745e+000  -6.435871e-001  -3.909921e-001  -2.198527e-001  -1.053084e-001  7.282895e-003  6.822903e-002  9.383137e-002  3.958484e-002  -0.000000e+000  
-6.468031e+000  -6.151854e+000  -5.502731e+000  -4.530369e+000  -3.294721e+000  -2.145574e+000  -1.308972e+000  -7.523692e-001  -3.956454e-001  -1.702183e-001  -2.908464e-002  5.762359e-002  1.338683e-001  1.605238e-001  1.436792e-001  5.325113e-002  -0.000000e+000  
-7.610900e+000  -7.248438e+000  -6.454649e+000  -5.152919e+000  -3.369905e+000  -1.876564e+000  -9.341203e-001  -3.875882e-001  -7.839322e-002  9.511456e-002  1.905128e-001  2.396166e-001  2.704912e-001  2.577300e-001  1.946574e-001  6.695324e-002  -0.000000e+000  
-8.996652e+000  -8.634430e+000  -7.747821e+000  -6.031178e+000  -3.240682e+000  -1.316897e+000  -3.500804e-001  1.027207e-001  3.107287e-001  4.019223e-001  4.347899e-001  4.369032e-001  4.144584e-001  3.581572e-001  2.460669e-001  8.053692e-002  -0.000000e+000  
-1.020566e+001  -9.916309e+000  -9.096541e+000  -7.103252e+000  -2.782577e+000  -5.573850e-001  2.723968e-001  5.597541e-001  6.462846e-001  6.546803e-001  6.305674e-001  5.923290e-001  5.258590e-001  4.349014e-001  2.847205e-001  9.062291e-002  -0.000000e+000  
-1.152505e+001  -1.140162e+001  -1.089689e+001  -8.974378e+000  -1.613320e+000  6.249622e-001  1.059443e+000  1.077909e+000  1.005800e+000  9.175681e-001  8.308909e-001  7.498440e-001  6.376561e-001  5.113664e-001  3.228279e-001  1.004754e-001  -0.000000e+000  
-1.289068e+001  -1.303266e+001  -1.324290e+001  -1.277370e+001  1.241106e+000  2.354457e+000  1.973061e+000  1.623976e+000  1.370623e+000  1.180368e+000  1.029855e+000  9.057760e-001  7.479539e-001  5.865492e-001  3.600300e-001  1.100213e-001  -0.000000e+000  
-1.419998e+001  -1.463580e+001  -1.584941e+001  -1.931702e+001  1.030082e+001  4.538122e+000  2.877708e+000  2.141696e+000  1.716890e+000  1.431612e+000  1.221234e+000  1.056367e+000  8.548484e-001  6.594466e-001  3.959677e-001  1.191879e-001  -0.000000e+000  
-1.569275e+001  -1.631563e+001  -1.798047e+001  -2.214775e+001  9.565151e+000  5.516769e+000  3.654223e+000  2.690511e+000  2.116933e+000  1.734585e+000  1.457619e+000  1.244964e+000  9.903867e-001  7.523448e-001  4.417439e-001  1.308031e-001  -0.000000e+000  
-1.674764e+001  -1.726515e+001  -1.836215e+001  -1.987896e+001  6.974627e+000  5.301405e+000  3.940796e+000  3.027505e+000  2.413751e+000  1.981102e+000  1.659854e+000  1.410964e+000  1.112778e+000  8.372458e-001  4.837917e-001  1.414375e-001  -0.000000e+000  
-1.776359e+001  -1.794029e+001  -1.823507e+001  -1.850227e+001  4.790966e+000  4.368611e+000  3.787274e+000  3.215777e+000  2.715038e+000  2.295433e+000  1.949093e+000  1.663776e+000  1.309907e+000  9.777932e-001  5.545159e-001  1.593027e-001  -0.000000e+000  
-1.809777e+001  -1.813163e+001  -1.818245e+001  -1.822136e+001  3.753255e+000  3.613946e+000  3.366074e+000  3.059471e+000  2.733567e+000  2.414219e+000  2.116069e+000  1.845957e+000  1.485721e+000  1.119402e+000  6.329463e-001  1.795256e-001  -0.000000e+000  
-1.776359e+001  -1.794029e+001  -1.823507e+001  -1.850227e+001  4.790966e+000  4.368611e+000  3.787274e+000  3.215777e+000  2.715038e+000  2.295433e+000  1.949093e+000  1.663776e+000  1.309907e+000  9.777932e-001  5.545159e-001  1.593027e-001  -0.000000e+000  
-1.674764e+001  -1.726515e+001  -1.836215e+001  -1.987896e+001  6.974627e+000  5.301405e+000  3.940796e+000  3.027505e+000  2.413751e+000  1.981102e+000  1.659854e+000  1.410964e+000  1.112778e+000  8.372458e-001  4.837917e-001  1.414375e-001  -0.000000e+000  
-1.569275e+001  -1.631563e+001  -1.798047e+001  -2.214775e+001  9.565151e+000  5.516769e+000  3.654223e+000  2.690511e+000  2.116933e+000  1.734585e+000  1.457619e+000  1.244964e+000  9.903867e-001  7.523448e-001  4.417439e-001  1.308031e-001  -0.000000e+000  
-1.419998e+001  -1.463580e+001  -1.584941e+001  -1.931702e+001  1.030082e+001  4.538122e+000  2.877708e+000  2.141696e+000  1.716890e+000  1.431612e+000  1.221234e+000  1.056367e+000  8.548484e-001  6.594466e-001  3.959677e-001  1.191879e-001  -0.000000e+000  
-1.289068e+001  -1.303266e+001  -1.324290e+001  -1.277370e+001  1.241106e+000  2.354457e+000  1.973061e+000  1.623976e+000  1.370623e+000  1.180368e+000  1.029855e+000  9.057760e-001  7.479539e-001  5.865492e-001  3.600300e-001  1.100213e-001  -0.000000e+000  
-1.152505e+001  -1.140162e+001  -1.089689e+001  -8.974378e+000  -1.613320e+000  6.249622e-001  1.059443e+000  1.077909e+000  1.005800e+000  9.175681e-001  8.308909e-001  7.498440e-001  6.376561e-001  5.113664e-001  3.228279e-001  1.004754e-001  -0.000000e+000  
-1.020566e+001  -9.916309e+000  -9.096541e+000  -7.103252e+000  -2.782577e+000  -5.573850e-001  2.723968e-001  5.597541e-001  6.462846e-001  6.546803e-001  6.305674e-001  5.923289e-001  5.258590e-001  4.349014e-001  2.847205e-001  9.062291e-002  -0.000000e+000  
-8.996652e+000  -8.634430e+000  -7.747821e+000  -6.031178e+000  -3.240682e+000  -1.316897e+000  -3.500804e-001  1.027207e-001  3.107287e-001  4.019223e-001  4.347899e-001  4.369032e-001  4.144584e-001  3.581572e-001  2.460669e-001  8.053692e-002  -0.000000e+000  
-7.610900e+000  -7.248438e+000  -6.454649e+000  -5.152919e+000  -3.369905e+000  -1.876564e+000  -9.341203e-001  -3.875882e-001  -7.839322e-002  9.511456e-002  1.905128e-001  2.396166e-001  2.704912e-001  2.577300e-001  1.946574e-001  6.695324e-002  -0.000000e+000  
-6.468031e+000  -6.151854e+000  -5.502731e+000  -4.530369e+000  -3.294721e+000  -2.145574e+000  -1.308972e+000  -7.523692e-001  -3.956454e-001  -1.702183e-001  -2.908464e-002  5.762358e-002  1.338683e-001  1.605238e-001  1.436792e-001  5.325113e-002  -0.000000e+000  
-5.537064e+000  -5.278551e+000  -4.767684e+000  -4.038842e+000  -3.140244e+000  -2.250473e+000  -1.536355e+000  -1.011745e+000  -6.435871e-001  -3.909921e-001  -2.198527e-001  -1.053084e-001  7.282893e-003  6.822903e-002  9.383138e-002  3.958484e-002  -0.000000e+000  
-4.779302e+000  -4.574353e+000  -4.178658e+000  -3.628952e+000  -2.958221e+000  -2.263903e+000  -1.664402e+000  -1.188926e+000  -8.307396e-001  -5.688723e-001  -3.807808e-001  -2.473872e-001  -1.074793e-001  -1.785666e-002  4.572060e-002  2.609659e-002  -0.000000e+000  
-3.502184e+000  -3.388199e+000  -3.170386e+000  -2.869288e+000  -2.497840e+000  -2.091164e+000  -1.705299e+000  -1.363917e+000  -1.076108e+000  -8.412607e-001  -6.538165e-001  -5.064920e-001  -3.348235e-001  -1.988588e-001  -6.275590e-002  -5.678634e-003  -0.000000e+000  
-2.682754e+000  -2.618705e+000  -2.495751e+000  -2.323659e+000  -2.107577e+000  -1.861301e+000  -1.611949e+000  -1.374207e+000  -1.157449e+000  -9.663076e-001  -8.018935e-001  -6.630616e-001  -4.896168e-001  -3.337016e-001  -1.531500e-001  -3.414971e-002  -0.000000e+000  
-1.810104e+000  -1.783562e+000  -1.731952e+000  -1.658060e+000  -1.563784e+000  -1.452755e+000  -1.333028e+000  -1.210203e+000  -1.088882e+000  -9.725036e-001  -8.633778e-001  -7.628378e-001  -6.257483e-001  -4.794979e-001  -2.766554e-001  -7.893570e-002  -0.000000e+000  
-1.357291e+000  -1.344166e+000  -1.318381e+000  -1.280826e+000  -1.232856e+000  -1.175791e+000  -1.111708e+000  -1.042803e+000  -9.711255e-001  -8.984729e-001  -8.263354e-001  -7.558791e-001  -6.539987e-001  -5.317492e-001  -3.414206e-001  -1.075463e-001  -0.000000e+000  
-1.105906e+000  -1.098157e+000  -1.082828e+000  -1.060247e+000  -1.031677e+000  -9.978721e-001  -9.588995e-001  -9.156798e-001  -8.691433e-001  -8.201872e-001  -7.696425e-001  -7.182499e-001  -6.408452e-001  -5.399614e-001  -3.699587e-001  -1.240008e-001  -0.000000e+000  
-1.050594e+000  -1.043872e+000  -1.030550e+000  -1.010863e+000  -9.860614e-001  -9.568201e-001  -9.228596e-001  -8.848702e-001  -8.435688e-001  -7.996686e-001  -7.538526e-001  -7.067531e-001  -6.350285e-001  -5.394743e-001  -3.751541e-001  -1.275438e-001  -0.000000e+000  

0.000000e+000  0.000000e+000  0.000000e+000  0.000000e+000  0.000000e+000  0.000000e+000  0.000000e+000  0.000000e+000  0.000000e+000  0.000000e+000  0.000000e+000  0.000000e+000  0.000000e+000  0.000000e+000  0.000000e+000  0.000000e+000  0.000000e+000  
0.000000e+000  0.000000e+000  0.000000e+000  0.000000e+000  0.000000e+000  0.000000e+000  0.000000e+000  0.000000e+000  0.000000e+000  0.000000e+000  0.000000e+000  0.000000e+000  0.000000e+000  0.000000e+000  0.000000e+000  0.000000e+000  0.000000e+000  
0.000000e+000  0.000000e+000  0.000000e+000  0.000000e+000  0.000000e+000  0.000000e+000  0.000000e+000  0.000000e+000  0.000000e+000  0.000000e+000  0.000000e+000  0.000000e+000  0.000000e+000  0.000000e+000  0.000000e+000  0.000000e+000  0.000000e+000  
0.000000e+000  0.000000e+000  0.000000e+000  0.000000e+000  0.000000e+000  0.000000e+000  0.000000e+000  0.000000e+000  0.000000e+000  0.000000e+000  0.000000e+000  0.000000e+000  0.000000e+000  0.000000e+000  0.000000e+000  0.000000e+000  0.000000e+000  
0.000000e+000  0.000000e+000  0.000000e+000  0.000000e+000  0.000000e+000  0.000000e+000  0.000000e+000  0.000000e+000  0.000000e+000  0.000000e+000  0.000000e+000  0.000000e+000  0.000000e+000  0.000000e+000  0.000000e+000  0.000000e+000  0.000000e+000  
0.000000e+000  0.000000e+000  0.000000e+000  0.000000e+000  0.000000e+000  0.000000e+000  0.000000e+000  0.000000e+000  0.000000e+000  0.000000e+000  0.000000e+000  0.000000e+000  0.000000e+000  0.000000e+000  0.000000e+000  0.000000e+000  0.000000e+000  
0.000000e+000  0.000000e+000  0.000000e+000  0.000000e+000  0.000000e+000  0.000000e+000  0.000000e+000  0.000000e+000  0.000000e+000  0.000000e+000  0.000000e+000  0.000000e+000  0.000000e+000  0.000000e+000  0.000000e+000  0.000000e+000  0.000000e+000  
0.000000e+000  0.000000e+000  0.000000e+000  0.000000e+000  0.000000e+000  0.000000e+000  0.000000e+000  0.000000e+000  0.000000e+000  0.000000e+000  0.000000e+000  0.000000e+000  0.000000e+000  0.000000e+000  0.000000e+000  0.000000e+000  0.000000e+000  
0.000000e+000  0.000000e+000  0.000000e+000  0.000000e+000  0.000000e+000  0.000000e+000  0.000000e+000  0.000000e+000  0.000000e+000  0.000000e+000  0.000000e+000  0.000000e+000  0.000000e+000  0.000000e+000  0.000000e+000  0.000000e+000  0.000000e+000  
0.000000e+000  0.000000e+000  0.000000e+000  0.000000e+000  0.000000e+000  0.000000e+000  0.000000e+000  0.000000e+000  0.000000e+000  0.000000e+000  0.000000e+000  0.000000e+000  0.000000e+000  0.000000e+000  0.000000e+000  0.000000e+000  0.000000e+000  
0.000000e+000  0.000000e+000  0.000000e+000  0.000000e+000  0.000000e+000  0.000000e+000  0.000000e+000  0.000000e+000  0.000000e+000  0.000000e+000  0.000000e+000  0.000000e+000  0.000000e+000  0.000000e+000  0.000000e+000  0.000000e+000  0.000000e+000  
0.000000e+000  0.000000e+000  0.000000e+000  0.000000e+000  0.000000e+000  0.000000e+000  0.000000e+000  0.000000e+000  0.000000e+000  0.000000e+000  0.000000e+000  0.000000e+000  0.000000e+000  0.000000e+000  0.000000e+000  0.000000e+000  0.000000e+000  
0.000000e+000  0.000000e+000  0.000000e+000  0.000000e+000  0.000000e+000  0.000000e+000  0.000000e+000  0.000000e+000  0.000000e+000  0.000000e+000  0.000000e+000  0.000000e+000  0.000000e+000  0.000000e+000  0.000000e+000  0.000000e+000  0.000000e+000  
0.000000e+000  0.000000e+000  0.000000e+000  0.000000e+000  0.000000e+000  0.000000e+000  0.000000e+000  0.000000e+000  0.000000e+000  0.000000e+000  0.000000e+000  0.000000e+000  0.000000e+000  0.000000e+000  0.000000e+000  0.000000e+000  0.000000e+000  
0.000000e+000  0.000000e+000  0.000000e+000  0.000000e+000  0.000000e+000  0.000000e+000  0.000000e+000  0.000000e+000  0.000000e+000  0.000000e+000  0.000000e+000  0.000000e+000  0.000000e+000  0.000000e+000  0.000000e+000  0.000000e+000  0.000000e+000  
0.000000e+000  0.000000e+000  0.000000e+000  0.000000e+000  0.000000e+000  0.000000e+000  0.000000e+000  0.000000e+000  0.000000e+000  0.000000e+000  0.000000e+000  0.000000e+000  0.000000e+000  0.000000e+000  0.000000e+000  0.000000e+000  0.000000e+000  
0.000000e+000  0.000000e+000  0.000000e+000  0.000000e+000  0.000000e+000  0.000000e+000  0.000000e+000  0.000000e+000  0.000000e+000  0.000000e+000  0.000000e+000  0.000000e+000  0.000000e+000  0.000000e+000  0.000000e+000  0.000000e+000  0.000000e+000  
0.000000e+000  0.000000e+000  0.000000e+000  0.000000e+000  0.000000e+000  0.000000e+000  0.000000e+000  0.000000e+000  0.000000e+000  0.000000e+000  0.000000e+000  0.000000e+000  0.000000e+000  0.000000e+000  0.000000e+000  0.000000e+000  0.000000e+000  
0.000000e+000  0.000000e+000  0.000000e+000  0.000000e+000  0.000000e+000  0.000000e+000  0.000000e+000  0.000000e+000  0.000000e+000  0.000000e+000  0.000000e+000  0.000000e+000  0.000000e+000  0.000000e+000  0.000000e+000  0.000000e+000  0.000000e+000  
0.000000e+000  0.000000e+000  0.000000e+000  0.000000e+000  0.000000e+000  0.000000e+000  0.000000e+000  0.000000e+000  0.000000e+000  0.000000e+000  0.000000e+000  0.000000e+000  0.000000e+000  0.000000e+000  0.000000e+000  0.000000e+000  0.000000e+000  
0.000000e+000  0.000000e+000  0.000000e+000  0.000000e+000  0.000000e+000  0.000000e+000  0.000000e+000  0.000000e+000  0.000000e+000  0.000000e+000  0.000000e+000  0.000000e+000  0.000000e+000  0.000000e+000  0.000000e+000  0.000000e+000  0.000000e+000  
0.000000e+000  0.000000e+000  0.000000e+000  0.000000e+000  0.000000e+000  0.000000e+000  0.000000e+000  0.000000e+000  0.000000e+000  0.000000e+000  0.000000e+000  0.000000e+000  0.000000e+000  0.000000e+000  0.000000e+000  0.000000e+000  0.000000e+000  
0.000000e+000  0.000000e+000  0.000000e+000  0.000000e+000  0.000000e+000  0.000000e+000  0.000000e+000  0.000000e+000  0.000000e+000  0.000000e+000  0.000000e+000  0.000000e+000  0.000000e+000  0.000000e+000  0.000000e+000  0.000000e+000  0.000000e+000  
0.000000e+000  0.000000e+000  0.000000e+000  0.000000e+000  0.000000e+000  0.000000e+000  0.000000e+000  0.000000e+000  0.000000e+000  0.000000e+000  0.000000e+000  0.000000e+000  0.000000e+000  0.000000e+000  0.000000e+000  0.000000e+000  0.000000e+000  
0.000000e+000  0.000000e+000  0.000000e+000  0.000000e+000  0.000000e+000  0.000000e+000  0.000000e+000  0.000000e+000  0.000000e+000  0.000000e+000  0.000000e+000  0.000000e+000  0.000000e+000  0.000000e+000  0.000000e+000  0.000000e+000  0.000000e+000  
0.000000e+000  0.000000e+000  0.000000e+000  0.000000e+000  0.000000e+000  0.000000e+000  0.000000e+000  0.000000e+000  0.000000e+000  0.000000e+000  0.000000e+000  0.000000e+000  0.000000e+000  0.000000e+000  0.000000e+000  0.000000e+000  0.000000e+000  
0.000000e+000  0.000000e+000  0.000000e+000  0.000000e+000  0.000000e+000  0.000000e+000  0.000000e+000  0.000000e+000  0.000000e+000  0.000000e+000  0.000000e+000  0.000000e+000  0.000000e+000  0.000000e+000  0.000000e+000  0.000000e+000  0.000000e+000  
0.000000e+000  0.000000e+000  0.000000e+000  0.000000e+000  0.000000e+000  0.000000e+000  0.000000e+000  0.000000e+000  0.000000e+000  0.000000e+000  0.000000e+000  0.000000e+000  0.000000e+000  0.000000e+000  0.000000e+000  0.000000e+000  0.000000e+000  
0.000000e+000  0.000000e+000  0.000000e+000  0.000000e+000  0.000000e+000  0.000000e+000  0.000000e+000  0.000000e+000  0.000000e+000  0.000000e+000  0.000000e+000  0.000000e+000  0.000000e+000  0.000000e+000  0.000000e+000  0.000000e+000  0.000000e+000  
0.000000e+000  0.000000e+000  0.000000e+000  0.000000e+000  0.000000e+000  0.000000e+000  0.000000e+000  0.000000e+000  0.000000e+000  0.000000e+000  0.000000e+000  0.000000e+000  0.000000e+000  0.000000e+000  0.000000e+000  0.000000e+000  0.000000e+000  
0.000000e+000  0.000000e+000  0.000000e+000  0.000000e+000  0.000000e+000  0.000000e+000  0.000000e+000  0.000000e+000  0.000000e+000  0.000000e+000  0.000000e+000  0.000000e+000  0.000000e+000  0.000000e+000  0.000000e+000  0.000000e+000  0.000000e+000  
0.000000e+000  0.000000e+000  0.000000e+000  0.000000e+000  0.000000e+000  0.000000e+000  0.000000e+000  0.000000e+000  0.000000e+000  0.000000e+000  0.000000e+000  0.000000e+000  0.000000e+000  0.000000e+000  0.000000e+000  0.000000e+000  0.000000e+000  
0.000000e+000  0.000000e+000  0.000000e+000  0.000000e+000  0.000000e+000  0.000000e+000  0.000000e+000  0.000000e+000  0.000000e+000  0.000000e+000  0.000000e+000  0.000000e+000  0.000000e+000  0.000000e+000  0.000000e+000  0.000000e+000  0.000000e+000  
0.000000e+000  0.000000e+000  0.000000e+000  0.000000e+000  0.000000e+000  0.000000e+000  0.000000e+000  0.000000e+000  0.000000e+000  0.000000e+000  0.000000e+000  0.000000e+000  0.000000e+000  0.000000e+000  0.000000e+000  0.000000e+000  0.000000e+000  
0.000000e+000  0.000000e+000  0.000000e+000  0.000000e+000  0.000000e+000  0.000000e+000  0.000000e+000  0.000000e+000  0.000000e+000  0.000000e+000  0.000000e+000  0.000000e+000  0.000000e+000  0.000000e+000  0.000000e+000  0.000000e+000  0.000000e+000  
0.000000e+000  0.000000e+000  0.000000e+000  0.000000e+000  0.000000e+000  0.000000e+000  0.000000e+000  0.000000e+000  0.000000e+000  0.000000e+000  0.000000e+000  0.000000e+000  0.000000e+000  0.000000e+000  0.000000e+000  0.000000e+000  0.000000e+000  
0.000000e+000  0.000000e+000  0.000000e+000  0.000000e+000  0.000000e+000  0.000000e+000  0.000000e+000  0.000000e+000  0.000000e+000  0.000000e+000  0.000000e+000  0.000000e+000  0.000000e+000  0.000000e+000  0.000000e+000  0.000000e+000  0.000000e+000  

0.000000e+000  0.000000e+000  0.000000e+000  0.000000e+000  0.000000e+000  0.000000e+000  0.000000e+000  0.000000e+000  0.000000e+000  0.000000e+000  0.000000e+000  0.000000e+000  0.000000e+000  0.000000e+000  0.000000e+000  0.000000e+000  0.000000e+000  
0.000000e+000  0.000000e+000  0.000000e+000  0.000000e+000  0.000000e+000  0.000000e+000  0.000000e+000  0.000000e+000  0.000000e+000  0.000000e+000  0.000000e+000  0.000000e+000  0.000000e+000  0.000000e+000  0.000000e+000  0.000000e+000  0.000000e+000  
0.000000e+000  0.000000e+000  0.000000e+000  0.000000e+000  0.000000e+000  0.000000e+000  0.000000e+000  0.000000e+000  0.000000e+000  0.000000e+000  0.000000e+000  0.000000e+000  0.000000e+000  0.000000e+000  0.000000e+000  0.000000e+000  0.000000e+000  
0.000000e+000  0.000000e+000  0.000000e+000  0.000000e+000  0.000000e+000  0.000000e+000  0.000000e+000  0.000000e+000  0.000000e+000  0.000000e+000  0.000000e+000  0.000000e+000  0.000000e+000  0.000000e+000  0.000000e+000  0.000000e+000  0.000000e+000  
0.000000e+000  0.000000e+000  0.000000e+000  0.000000e+000  0.000000e+000  0.000000e+000  0.000000e+000  0.000000e+000  0.000000e+000  0.000000e+000  0.000000e+000  0.000000e+000  0.000000e+000  0.000000e+000  0.000000e+000  0.000000e+000  0.000000e+000  
0.000000e+000  0.000000e+000  0.000000e+000  0.000000e+000  0.000000e+000  0.000000e+000  0.000000e+000  0.000000e+000  0.000000e+000  0.000000e+000  0.000000e+000  0.000000e+000  0.000000e+000  0.000000e+000  0.000000e+000  0.000000e+000  0.000000e+000  
0.000000e+000  0.000000e+000  0.000000e+000  0.000000e+000  0.000000e+000  0.000000e+000  0.000000e+000  0.000000e+000  0.000000e+000  0.000000e+000  0.000000e+000  0.000000e+000  0.000000e+000  0.000000e+000  0.000000e+000  0.000000e+000  0.000000e+000  
0.000000e+000  0.000000e+000  0.000000e+000  0.000000e+000  0.000000e+000  0.000000e+000  0.000000e+000  0.000000e+000  0.000000e+000  0.000000e+000  0.000000e+000  0.000000e+000  0.000000e+000  0.000000e+000  0.000000e+000  0.000000e+000  0.000000e+000  
0.000000e+000  0.000000e+000  0.000000e+000  0.000000e+000  0.000000e+000  0.000000e+000  0.000000e+000  0.000000e+000  0.000000e+000  0.000000e+000  0.000000e+000  0.000000e+000  0.000000e+000  0.000000e+000  0.000000e+000  0.000000e+000  0.000000e+000  
0.000000e+000  0.000000e+000  0.000000e+000  0.000000e+000  0.000000e+000  0.000000e+000  0.000000e+000  0.000000e+000  0.000000e+000  0.000000e+000  0.000000e+000  0.000000e+000  0.000000e+000  0.000000e+000  0.000000e+000  0.000000e+000  0.000000e+000  
0.000000e+000  0.000000e+000  0.000000e+000  0.000000e+000  0.000000e+000  0.000000e+000  0.000000e+000  0.000000e+000  0.000000e+000  0.000000e+000  0.000000e+000  0.000000e+000  0.000000e+000  0.000000e+000  0.000000e+000  0.000000e+000  0.000000e+000  
0.000000e+000  0.000000e+000  0.000000e+000  0.000000e+000  0.000000e+000  0.000000e+000  0.000000e+000  0.000000e+000  0.000000e+000  0.000000e+000  0.000000e+000  0.000000e+000  0.000000e+000  0.000000e+000  0.000000e+000  0.000000e+000  0.000000e+000  
0.000000e+000  0.000000e+000  0.000000e+000  0.000000e+000  0.000000e+000  0.000000e+000  0.000000e+000  0.000000e+000  0.000000e+000  0.000000e+000  0.000000e+000  0.000000e+000  0.000000e+000  0.000000e+000  0.000000e+000  0.000000e+000  0.000000e+000  
0.000000e+000  0.000000e+000  0.000000e+000  0.000000e+000  0.000000e+000  0.000000e+000  0.000000e+000  0.000000e+000  0.000000e+000  0.000000e+000  0.000000e+000  0.000000e+000  0.000000e+000  0.000000e+000  0.000000e+000  0.000000e+000  0.000000e+000  
0.000000e+000  0.000000e+000  0.000000e+000  0.000000e+000  0.000000e+000  0.000000e+000  0.000000e+000  0.000000e+000  0.000000e+000  0.000000e+000  0.000000e+000  0.000000e+000  0.000000e+000  0.000000e+000  0.000000e+000  0.000000e+000  0.000000e+000  
0.000000e+000  0.000000e+000  0.000000e+000  0.000000e+000  0.000000e+000  0.000000e+000  0.000000e+000  0.000000e+000  0.000000e+000  0.000000e+000  0.000000e+000  0.000000e+000  0.000000e+000  0.000000e+000  0.000000e+000  0.000000e+000  0.000000e+000  
0.000000e+000  0.000000e+000  0.000000e+000  0.000000e+000  0.000000e+000  0.000000e+000  0.000000e+000  0.000000e+000  0.000000e+000  0.000000e+000  0.000000e+000  0.000000e+000  0.000000e+000  0.000000e+000  0.000000e+000  0.000000e+000  0.000000e+000  
0.000000e+000  0.000000e+000  0.000000e+000  0.000000e+000  0.000000e+000  0.000000e+000  0.000000e+000  0.000000e+000  0.000000e+000  0.000000e+000  0.000000e+000  0.000000e+000  0.000000e+000  0.000000e+000  0.000000e+000  0.000000e+000  0.000000e+000  
0.000000e+000  0.000000e+000  0.000000e+000  0.000000e+000  0.000000e+000  0.000000e+000  0.000000e+000  0.000000e+000  0.000000e+000  0.000000e+000  0.000000e+000  0.000000e+000  0.000000e+000  0.000000e+000  0.000000e+000  0.000000e+000  0.000000e+000  
0.000000e+000  0.000000e+000  0.000000e+000  0.000000e+000  0.000000e+000  0.000000e+000  0.000000e+000  0.000000e+000  0.000000e+000  0.000000e+000  0.000000e+000  0.000000e+000  0.000000e+000  0.000000e+000  0.000000e+000  0.000000e+000  0.000000e+000  
0.000000e+000  0.000000e+000  0.000000e+000  0.000000e+000  0.000000e+000  0.000000e+000  0.000000e+000  0.000000e+000  0.000000e+000  0.000000e+000  0.000000e+000  0.000000e+000  0.000000e+000  0.000000e+000  0.000000e+000  0.000000e+000  0.000000e+000  
0.000000e+000  0.000000e+000  0.000000e+000  0.000000e+000  0.000000e+000  0.000000e+000  0.000000e+000  0.000000e+000  0.000000e+000  0.000000e+000  0.000000e+000  0.000000e+000  0.000000e+000  0.000000e+000  0.000000e+000  0.000000e+000  0.000000e+000  
0.000000e+000  0.000000e+000  0.000000e+000  0.000000e+000  0.000000e+000  0.000000e+000  0.000000e+000  0.000000e+000  0.000000e+000  0.000000e+000  0.000000e+000  0.000000e+000  0.000000e+000  0.000000e+000  0.000000e+000  0.000000e+000  0.000000e+000  
0.000000e+000  0.000000e+000  0.000000e+000  0.000000e+000  0.000000e+000  0.000000e+000  0.000000e+000  0.000000e+000  0.000000e+000  0.000000e+000  0.000000e+000  0.000000e+000  0.000000e+000  0.000000e+000  0.000000e+000  0.000000e+000  0.000000e+000  
0.000000e+000  0.000000e+000  0.000000e+000  0.000000e+000  0.000000e+000  0.000000e+000  0.000000e+000  0.000000e+000  0.000000e+000  0.000000e+000  0.000000e+000  0.000000e+000  0.000000e+000  0.000000e+000  0.000000e+000  0.000000e+000  0.000000e+000  
0.000000e+000  0.000000e+000  0.000000e+000  0.000000e+000  0.000000e+000  0.000000e+000  0.000000e+000  0.000000e+000  0.000000e+000  0.000000e+000  0.000000e+000  0.000000e+000  0.000000e+000  0.000000e+000  0.000000e+000  0.000000e+000  0.000000e+000  
0.000000e+000  0.000000e+000  0.000000e+000  0.000000e+000  0.000000e+000  0.000000e+000  0.000000e+000  0.000000e+000  0.000000e+000  0.000000e+000  0.000000e+000  0.000000e+000  0.000000e+000  0.000000e+000  0.000000e+000  0.000000e+000  0.000000e+000  
0.000000e+000  0.000000e+000  0.000000e+000  0.000000e+000  0.000000e+000  0.000000e+000  0.000000e+000  0.000000e+000  0.000000e+000  0.000000e+000  0.000000e+000  0.000000e+000  0.000000e+000  0.000000e+000  0.000000e+000  0.000000e+000  0.000000e+000  
0.000000e+000  0.000000e+000  0.000000e+000  0.000000e+000  0.000000e+000  0.000000e+000  0.000000e+000  0.000000e+000  0.000000e+000  0.000000e+000  0.000000e+000  0.000000e+000  0.000000e+000  0.000000e+000  0.000000e+000  0.000000e+000  0.000000e+000  
0.000000e+000  0.000000e+000  0.000000e+000  0.000000e+000  0.000000e+000  0.000000e+000  0.000000e+000  0.000000e+000  0.000000e+000  0.000000e+000  0.000000e+000  0.000000e+000  0.000000e+000  0.000000e+000  0.000000e+000  0.000000e+000  0.000000e+000  
0.000000e+000  0.000000e+000  0.000000e+000  0.000000e+000  0.000000e+000  0.000000e+000  0.000000e+000  0.000000e+000  0.000000e+000  0.000000e+000  0.000000e+000  0.000000e+000  0.000000e+000  0.000000e+000  0.000000e+000  0.000000e+000  0.000000e+000  
0.000000e+000  0.000000e+000  0.000000e+000  0.000000e+000  0.000000e+000  0.000000e+000  0.000000e+000  0.000000e+000  0.000000e+000  0.000000e+000  0.000000e+000  0.000000e+000  0.000000e+000  0.000000e+000  0.000000e+000  0.000000e+000  0.000000e+000  
0.000000e+000  0.000000e+000  0.000000e+000  0.000000e+000  0.000000e+000  0.000000e+000  0.000000e+000  0.000000e+000  0.000000e+000  0.000000e+000  0.000000e+000  0.000000e+000  0.000000e+000  0.000000e+000  0.000000e+000  0.000000e+000  0.000000e+000  
0.000000e+000  0.000000e+000  0.000000e+000  0.000000e+000  0.000000e+000  0.000000e+000  0.000000e+000  0.000000e+000  0.000000e+000  0.000000e+000  0.000000e+000  0.000000e+000  0.000000e+000  0.000000e+000  0.000000e+000  0.000000e+000  0.000000e+000  
0.000000e+000  0.000000e+000  0.000000e+000  0.000000e+000  0.000000e+000  0.000000e+000  0.000000e+000  0.000000e+000  0.000000e+000  0.000000e+000  0.000000e+000  0.000000e+000  0.000000e+000  0.000000e+000  0.000000e+000  0.000000e+000  0.000000e+000  
0.000000e+000  0.000000e+000  0.000000e+000  0.000000e+000  0.000000e+000  0.000000e+000  0.000000e+000  0.000000e+000  0.000000e+000  0.000000e+000  0.000000e+000  0.000000e+000  0.000000e+000  0.000000e+000  0.000000e+000  0.000000e+000  0.000000e+000  
0.000000e+000  0.000000e+000  0.000000e+000  0.000000e+000  0.000000e+000  0.000000e+000  0.000000e+000  0.000000e+000  0.000000e+000  0.000000e+000  0.000000e+000  0.000000e+000  0.000000e+000  0.000000e+000  0.000000e+000  0.000000e+000  0.000000e+000  

0.000000e+000  0.000000e+000  0.000000e+000  0.000000e+000  0.000000e+000  0.000000e+000  0.000000e+000  0.000000e+000  0.000000e+000  0.000000e+000  0.000000e+000  0.000000e+000  0.000000e+000  0.000000e+000  0.000000e+000  0.000000e+000  0.000000e+000  
0.000000e+000  0.000000e+000  0.000000e+000  0.000000e+000  0.000000e+000  0.000000e+000  0.000000e+000  0.000000e+000  0.000000e+000  0.000000e+000  0.000000e+000  0.000000e+000  0.000000e+000  0.000000e+000  0.000000e+000  0.000000e+000  0.000000e+000  
0.000000e+000  0.000000e+000  0.000000e+000  0.000000e+000  0.000000e+000  0.000000e+000  0.000000e+000  0.000000e+000  0.000000e+000  0.000000e+000  0.000000e+000  0.000000e+000  0.000000e+000  0.000000e+000  0.000000e+000  0.000000e+000  0.000000e+000  
0.000000e+000  0.000000e+000  0.000000e+000  0.000000e+000  0.000000e+000  0.000000e+000  0.000000e+000  0.000000e+000  0.000000e+000  0.000000e+000  0.000000e+000  0.000000e+000  0.000000e+000  0.000000e+000  0.000000e+000  0.000000e+000  0.000000e+000  
0.000000e+000  0.000000e+000  0.000000e+000  0.000000e+000  0.000000e+000  0.000000e+000  0.000000e+000  0.000000e+000  0.000000e+000  0.000000e+000  0.000000e+000  0.000000e+000  0.000000e+000  0.000000e+000  0.000000e+000  0.000000e+000  0.000000e+000  
0.000000e+000  0.000000e+000  0.000000e+000  0.000000e+000  0.000000e+000  0.000000e+000  0.000000e+000  0.000000e+000  0.000000e+000  0.000000e+000  0.000000e+000  0.000000e+000  0.000000e+000  0.000000e+000  0.000000e+000  0.000000e+000  0.000000e+000  
0.000000e+000  0.000000e+000  0.000000e+000  0.000000e+000  0.000000e+000  0.000000e+000  0.000000e+000  0.000000e+000  0.000000e+000  0.000000e+000  0.000000e+000  0.000000e+000  0.000000e+000  0.000000e+000  0.000000e+000  0.000000e+000  0.000000e+000  
0.000000e+000  0.000000e+000  0.000000e+000  0.000000e+000  0.000000e+000  0.000000e+000  0.000000e+000  0.000000e+000  0.000000e+000  0.000000e+000  0.000000e+000  0.000000e+000  0.000000e+000  0.000000e+000  0.000000e+000  0.000000e+000  0.000000e+000  
0.000000e+000  0.000000e+000  0.000000e+000  0.000000e+000  0.000000e+000  0.000000e+000  0.000000e+000  0.000000e+000  0.000000e+000  0.000000e+000  0.000000e+000  0.000000e+000  0.000000e+000  0.000000e+000  0.000000e+000  0.000000e+000  0.000000e+000  
0.000000e+000  0.000000e+000  0.000000e+000  0.000000e+000  0.000000e+000  0.000000e+000  0.000000e+000  0.000000e+000  0.000000e+000  0.000000e+000  0.000000e+000  0.000000e+000  0.000000e+000  0.000000e+000  0.000000e+000  0.000000e+000  0.000000e+000  
0.000000e+000  0.000000e+000  0.000000e+000  0.000000e+000  0.000000e+000  0.000000e+000  0.000000e+000  0.000000e+000  0.000000e+000  0.000000e+000  0.000000e+000  0.000000e+000  0.000000e+000  0.000000e+000  0.000000e+000  0.000000e+000  0.000000e+000  
0.000000e+000  0.000000e+000  0.000000e+000  0.000000e+000  0.000000e+000  0.000000e+000  0.000000e+000  0.000000e+000  0.000000e+000  0.000000e+000  0.000000e+000  0.000000e+000  0.000000e+000  0.000000e+000  0.000000e+000  0.000000e+000  0.000000e+000  
0.000000e+000  0.000000e+000  0.000000e+000  0.000000e+000  0.000000e+000  0.000000e+000  0.000000e+000  0.000000e+000  0.000000e+000  0.000000e+000  0.000000e+000  0.000000e+000  0.000000e+000  0.000000e+000  0.000000e+000  0.000000e+000  0.000000e+000  
0.000000e+000  0.000000e+000  0.000000e+000  0.000000e+000  0.000000e+000  0.000000e+000  0.000000e+000  0.000000e+000  0.000000e+000  0.000000e+000  0.000000e+000  0.000000e+000  0.000000e+000  0.000000e+000  0.000000e+000  0.000000e+000  0.000000e+000  
0.000000e+000  0.000000e+000  0.000000e+000  0.000000e+000  0.000000e+000  0.000000e+000  0.000000e+000  0.000000e+000  0.000000e+000  0.000000e+000  0.000000e+000  0.000000e+000  0.000000e+000  0.000000e+000  0.000000e+000  0.000000e+000  0.000000e+000  
0.000000e+000  0.000000e+000  0.000000e+000  0.000000e+000  0.000000e+000  0.000000e+000  0.000000e+000  0.000000e+000  0.000000e+000  0.000000e+000  0.000000e+000  0.000000e+000  0.000000e+000  0.000000e+000  0.000000e+000  0.000000e+000  0.000000e+000  
0.000000e+000  0.000000e+000  0.000000e+000  0.000000e+000  0.000000e+000  0.000000e+000  0.000000e+000  0.000000e+000  0.000000e+000  0.000000e+000  0.000000e+000  0.000000e+000  0.000000e+000  0.000000e+000  0.000000e+000  0.000000e+000  0.000000e+000  
0.000000e+000  0.000000e+000  0.000000e+000  0.000000e+000  0.000000e+000  0.000000e+000  0.000000e+000  0.000000e+000  0.000000e+000  0.000000e+000  0.000000e+000  0.000000e+000  0.000000e+000  0.000000e+000  0.000000e+000  0.000000e+000  0.000000e+000  
0.000000e+000  0.000000e+000  0.000000e+000  0.000000e+000  0.000000e+000  0.000000e+000  0.000000e+000  0.000000e+000  0.000000e+000  0.000000e+000  0.000000e+000  0.000000e+000  0.000000e+000  0.000000e+000  0.000000e+000  0.000000e+000  0.000000e+000  
0.000000e+000  0.000000e+000  0.000000e+000  0.000000e+000  0.000000e+000  0.000000e+000  0.000000e+000  0.000000e+000  0.000000e+000  0.000000e+000  0.000000e+000  0.000000e+000  0.000000e+000  0.000000e+000  0.000000e+000  0.000000e+000  0.000000e+000  
0.000000e+000  0.000000e+000  0.000000e+000  0.000000e+000  0.000000e+000  0.000000e+000  0.000000e+000  0.000000e+000  0.000000e+000  0.000000e+000  0.000000e+000  0.000000e+000  0.000000e+000  0.000000e+000  0.000000e+000  0.000000e+000  0.000000e+000  
0.000000e+000  0.000000e+000  0.000000e+000  0.000000e+000  0.000000e+000  0.000000e+000  0.000000e+000  0.000000e+000  0.000000e+000  0.000000e+000  0.000000e+000  0.000000e+000  0.000000e+000  0.000000e+000  0.000000e+000  0.000000e+000  0.000000e+000  
0.000000e+000  0.000000e+000  0.000000e+000  0.000000e+000  0.000000e+000  0.000000e+000  0.000000e+000  0.000000e+000  0.000000e+000  0.000000e+000  0.000000e+000  0.000000e+000  0.000000e+000  0.000000e+000  0.000000e+000  0.000000e+000  0.000000e+000  
0.000000e+000  0.000000e+000  0.000000e+000  0.000000e+000  0.000000e+000  0.000000e+000  0.000000e+000  0.000000e+000  0.000000e+000  0.000000e+000  0.000000e+000  0.000000e+000  0.000000e+000  0.000000e+000  0.000000e+000  0.000000e+000  0.000000e+000  
0.000000e+000  0.000000e+000  0.000000e+000  0.000000e+000  0.000000e+000  0.000000e+000  0.000000e+000  0.000000e+000  0.000000e+000  0.000000e+000  0.000000e+000  0.000000e+000  0.000000e+000  0.000000e+000  0.000000e+000  0.000000e+000  0.000000e+000  
0.000000e+000  0.000000e+000  0.000000e+000  0.000000e+000  0.000000e+000  0.000000e+000  0.000000e+000  0.000000e+000  0.000000e+000  0.000000e+000  0.000000e+000  0.000000e+000  0.000000e+000  0.000000e+000  0.000000e+000  0.000000e+000  0.000000e+000  
0.000000e+000  0.000000e+000  0.000000e+000  0.000000e+000  0.000000e+000  0.000000e+000  0.000000e+000  0.000000e+000  0.000000e+000  0.000000e+000  0.000000e+000  0.000000e+000  0.000000e+000  0.000000e+000  0.000000e+000  0.000000e+000  0.000000e+000  
0.000000e+000  0.000000e+000  0.000000e+000  0.000000e+000  0.000000e+000  0.000000e+000  0.000000e+000  0.000000e+000  0.000000e+000  0.000000e+000  0.000000e+000  0.000000e+000  0.000000e+000  0.000000e+000  0.000000e+000  0.000000e+000  0.000000e+000  
0.000000e+000  0.000000e+000  0.000000e+000  0.000000e+000  0.000000e+000  0.000000e+000  0.000000e+000  0.000000e+000  0.000000e+000  0.000000e+000  0.000000e+000  0.000000e+000  0.000000e+000  0.000000e+000  0.000000e+000  0.000000e+000  0.000000e+000  
0.000000e+000  0.000000e+000  0.000000e+000  0.000000e+000  0.000000e+000  0.000000e+000  0.000000e+000  0.000000e+000  0.000000e+000  0.000000e+000  0.000000e+000  0.000000e+000  0.000000e+000  0.000000e+000  0.000000e+000  0.000000e+000  0.000000e+000  
0.000000e+000  0.000000e+000  0.000000e+000  0.000000e+000  0.000000e+000  0.000000e+000  0.000000e+000  0.000000e+000  0.000000e+000  0.000000e+000  0.000000e+000  0.000000e+000  0.000000e+000  0.000000e+000  0.000000e+000  0.000000e+000  0.000000e+000  
0.000000e+000  0.000000e+000  0.000000e+000  0.000000e+000  0.000000e+000  0.000000e+000  0.000000e+000  0.000000e+000  0.000000e+000  0.000000e+000  0.000000e+000  0.000000e+000  0.000000e+000  0.000000e+000  0.000000e+000  0.000000e+000  0.000000e+000  
0.000000e+000  0.000000e+000  0.000000e+000  0.000000e+000  0.000000e+000  0.000000e+000  0.000000e+000  0.000000e+000  0.000000e+000  0.000000e+000  0.000000e+000  0.000000e+000  0.000000e+000  0.000000e+000  0.000000e+000  0.000000e+000  0.000000e+000  
0.000000e+000  0.000000e+000  0.000000e+000  0.000000e+000  0.000000e+000  0.000000e+000  0.000000e+000  0.000000e+000  0.000000e+000  0.000000e+000  0.000000e+000  0.000000e+000  0.000000e+000  0.000000e+000  0.000000e+000  0.000000e+000  0.000000e+000  
0.000000e+000  0.000000e+000  0.000000e+000  0.000000e+000  0.000000e+000  0.000000e+000  0.000000e+000  0.000000e+000  0.000000e+000  0.000000e+000  0.000000e+000  0.000000e+000  0.000000e+000  0.000000e+000  0.000000e+000  0.000000e+000  0.000000e+000  
0.000000e+000  0.000000e+000  0.000000e+000  0.000000e+000  0.000000e+000  0.000000e+000  0.000000e+000  0.000000e+000  0.000000e+000  0.000000e+000  0.000000e+000  0.000000e+000  0.000000e+000  0.000000e+000  0.000000e+000  0.000000e+000  0.000000e+000  
0.000000e+000  0.000000e+000  0.000000e+000  0.000000e+000  0.000000e+000  0.000000e+000  0.000000e+000  0.000000e+000  0.000000e+000  0.000000e+000  0.000000e+000  0.000000e+000  0.000000e+000  0.000000e+000  0.000000e+000  0.000000e+000  0.000000e+000  

6.235999e-002  6.201298e-002  6.132203e-002  6.029338e-002  5.874591e-002  5.672280e-002  5.445529e-002  5.198580e-002  4.935700e-002  4.661023e-002  4.378419e-002  4.091399e-002  3.658865e-002  3.092498e-002  2.131896e-002  7.185350e-003  0.000000e+000  
2.095365e-001  2.083482e-001  2.059795e-001  2.024470e-001  1.969815e-001  1.897276e-001  1.816418e-001  1.728903e-001  1.636368e-001  1.540368e-001  1.442324e-001  1.343489e-001  1.195657e-001  1.004925e-001  6.858208e-002  2.289368e-002  0.000000e+000  
3.849616e-001  3.827450e-001  3.783020e-001  3.716186e-001  3.602408e-001  3.444274e-001  3.270682e-001  3.086020e-001  2.894404e-001  2.699513e-001  2.504489e-001  2.311897e-001  2.029647e-001  1.679789e-001  1.115628e-001  3.631980e-002  0.000000e+000  
5.748294e-001  5.718973e-001  5.659026e-001  5.566109e-001  5.369740e-001  5.073497e-001  4.755769e-001  4.426583e-001  4.094578e-001  3.766715e-001  3.448237e-001  3.142817e-001  2.707757e-001  2.196590e-001  1.410761e-001  4.463712e-002  0.000000e+000  
7.483807e-001  7.465403e-001  7.423144e-001  7.346893e-001  7.053668e-001  6.547455e-001  6.022446e-001  5.498950e-001  4.991918e-001  4.511120e-001  4.062062e-001  3.647079e-001  3.075950e-001  2.443820e-001  1.519841e-001  4.690660e-002  0.000000e+000  
8.700275e-001  8.711230e-001  8.721860e-001  8.710451e-001  8.339546e-001  7.613910e-001  6.884376e-001  6.182046e-001  5.525539e-001  4.923634e-001  4.378535e-001  3.888555e-001  3.230659e-001  2.530994e-001  1.541365e-001  4.681859e-002  0.000000e+000  
9.517574e-001  9.581378e-001  9.691201e-001  9.809953e-001  9.375666e-001  8.396913e-001  7.451387e-001  6.579237e-001  5.795792e-001  5.101827e-001  4.491218e-001  3.955317e-001  3.250004e-001  2.521474e-001  1.514196e-001  4.551660e-002  0.000000e+000  
9.946098e-001  1.005251e+000  1.024480e+000  1.047639e+000  1.000302e+000  8.839130e-001  7.746479e-001  6.767165e-001  5.909185e-001  5.164620e-001  4.520188e-001  3.962066e-001  3.235508e-001  2.496695e-001  1.487673e-001  4.445894e-002  0.000000e+000  
1.030075e+000  1.046360e+000  1.076973e+000  1.116606e+000  1.065003e+000  9.250038e-001  7.987150e-001  6.895718e-001  5.966774e-001  5.178105e-001  4.506708e-001  3.932617e-001  3.192904e-001  2.451402e-001  1.450030e-001  4.309499e-002  0.000000e+000  
1.054338e+000  1.077583e+000  1.123155e+000  1.186462e+000  1.129860e+000  9.595027e-001  8.142768e-001  6.943176e-001  5.954364e-001  5.133208e-001  4.444938e-001  3.863129e-001  3.120193e-001  2.384633e-001  1.401061e-001  4.142480e-002  0.000000e+000  
1.061682e+000  1.091577e+000  1.152996e+000  1.245574e+000  1.183093e+000  9.787143e-001  8.167031e-001  6.891187e-001  5.869242e-001  5.035217e-001  4.343991e-001  3.764313e-001  3.028666e-001  2.306619e-001  1.348066e-001  3.969225e-002  0.000000e+000  
1.056344e+000  1.091335e+000  1.166537e+000  1.290423e+000  1.220798e+000  9.828234e-001  8.086961e-001  6.772313e-001  5.741411e-001  4.909633e-001  4.225047e-001  3.653726e-001  2.931490e-001  2.226729e-001  1.295974e-001  3.803044e-002  0.000000e+000  
1.037381e+000  1.075449e+000  1.161156e+000  1.319630e+000  1.239216e+000  9.679856e-001  7.880924e-001  6.570242e-001  5.555608e-001  4.741475e-001  4.073529e-001  3.517430e-001  2.815966e-001  2.134222e-001  1.237535e-001  3.620316e-002  0.000000e+000  
1.003606e+000  1.041056e+000  1.127561e+000  1.308751e+000  1.212197e+000  9.258601e-001  7.530150e-001  6.281158e-001  5.311337e-001  4.530976e-001  3.889802e-001  3.355785e-001  2.682402e-001  2.029344e-001  1.172913e-001  3.421580e-002  0.000000e+000  
9.469326e-001  9.784022e-001  1.045197e+000  1.151491e+000  1.016514e+000  8.365916e-001  6.952211e-001  5.846115e-001  4.960239e-001  4.236956e-001  3.638236e-001  3.137687e-001  2.505386e-001  1.892368e-001  1.090168e-001  3.170603e-002  0.000000e+000  
8.597729e-001  8.816873e-001  9.229479e-001  9.702919e-001  8.067402e-001  7.137019e-001  6.125959e-001  5.230830e-001  4.472157e-001  3.834640e-001  3.298629e-001  2.846589e-001  2.272719e-001  1.714811e-001  9.850719e-002  2.856623e-002  0.000000e+000  
7.058241e-001  7.160857e-001  7.329078e-001  7.477094e-001  5.758876e-001  5.368097e-001  4.798200e-001  4.201630e-001  3.645484e-001  3.152051e-001  2.723914e-001  2.356057e-001  1.883691e-001  1.420513e-001  8.134148e-002  2.349840e-002  0.000000e+000  
2.998582e-001  3.010826e-001  3.029157e-001  3.043134e-001  2.067819e-001  1.993090e-001  1.859856e-001  1.694610e-001  1.518412e-001  1.345166e-001  1.182824e-001  1.035179e-001  8.374742e-002  6.347149e-002  3.629410e-002  1.041522e-002  0.000000e+000  
-2.998582e-001  -3.010826e-001  -3.029157e-001  -3.043134e-001  -2.067819e-001  -1.993090e-001  -1.859856e-001  -1.694610e-001  -1.518412e-001  -1.345166e-001  -1.182824e-001  -1.035179e-001  -8.374742e-002  -6.347149e-002  -3.629410e-002  -1.041522e-002  0.000000e+000  
-7.058241e-001  -7.160857e-001  -7.329078e-001  -7.477094e-001  -5.758876e-001  -5.368097e-001  -4.798200e-001  -4.201630e-001  -3.645484e-001  -3.152051e-001  -2.723914e-001  -2.356057e-001  -1.883691e-001  -1.420513e-001  -8.134148e-002  -2.349840e-002  0.000000e+000  
-8.597729e-001  -8.816873e-001  -9.229479e-001  -9.702919e-001  -8.067402e-001  -7.137019e-001  -6.125959e-001  -5.230830e-001  -4.472157e-001  -3.834640e-001  -3.298629e-001  -2.846589e-001  -2.272719e-001  -1.714811e-001  -9.850719e-002  -2.856623e-002  0.000000e+000  
-9.469326e-001  -9.784022e-001  -1.045197e+000  -1.151491e+000  -1.016514e+000  -8.365916e-001  -6.952211e-001  -5.846115e-001  -4.960239e-001  -4.236956e-001  -3.638236e-001  -3.137687e-001  -2.505386e-001  -1.892368e-001  -1.090168e-001  -3.170603e-002  0.000000e+000  
-1.003606e+000  -1.041056e+000  -1.127561e+000  -1.308751e+000  -1.212197e+000  -9.258601e-001  -7.530150e-001  -6.281158e-001  -5.311337e-001  -4.530976e-001  -3.889802e-001  -3.355785e-001  -2.682402e-001  -2.029344e-001  -1.172913e-001  -3.421580e-002  0.000000e+000  
-1.037381e+000  -1.075449e+000  -1.161156e+000  -1.319630e+000  -1.239216e+000  -9.679856e-001  -7.880924e-001  -6.570242e-001  -5.555608e-001  -4.741475e-001  -4.073529e-001  -3.517430e-001  -2.815966e-001  -2.134222e-001  -1.237535e-001  -3.620316e-002  0.000000e+000  
-1.056344e+000  -1.091335e+000  -1.166537e+000  -1.290423e+000  -1.220798e+000  -9.828234e-001  -8.086961e-001  -6.772313e-001  -5.741411e-001  -4.909633e-001  -4.225047e-001  -3.653726e-001  -2.931490e-001  -2.226729e-001  -1.295974e-001  -3.803044e-002  0.000000e+000  
-1.061682e+000  -1.091577e+000  -1.152996e+000  -1.245574e+000  -1.183093e+000  -9.787143e-001  -8.167031e-001  -6.891187e-001  -5.869242e-001  -5.035217e-001  -4.343991e-001  -3.764313e-001  -3.028666e-001  -2.306619e-001  -1.348066e-001  -3.969225e-002  0.000000e+000  
-1.054338e+000  -1.077583e+000  -1.123155e+000  -1.186462e+000  -1.129860e+000  -9.595027e-001  -8.142768e-001  -6.943176e-001  -5.954364e-001  -5.133208e-001  -4.444938e-001  -3.863129e-001  -3.120193e-001  -2.384633e-001  -1.401061e-001  -4.142480e-002  0.000000e+000  
-1.030075e+000  -1.046360e+000  -1.076973e+000  -1.116606e+000  -1.065003e+000  -9.250038e-001  -7.987150e-001  -6.895718e-001  -5.966774e-001  -5.178105e-001  -4.506708e-001  -3.932617e-001  -3.192904e-001  -2.451402e-001  -1.450030e-001  -4.309499e-002  0.000000e+000  
-9.946098e-001  -1.005251e+000  -1.024480e+000  -1.047639e+000  -1.000302e+000  -8.839130e-001  -7.746479e-001  -6.767165e-001  -5.909185e-001  -5.164620e-001  -4.520188e-001  -3.962066e-001  -3.235508e-001  -2.496695e-001  -1.487673e-001  -4.445894e-002  0.000000e+000  
-9.517574e-001  -9.581378e-001  -9.691201e-001  -9.809953e-001  -9.375666e-001  -8.396913e-001  -7.451387e-001  -6.579237e-001  -5.795792e-001  -5.101827e-001  -4.491218e-001  -3.955317e-001  -3.250004e-001  -2.521474e-001  -1.514196e-001  -4.551660e-002  0.000000e+000  
-8.700275e-001  -8.711230e-001  -8.721860e-001  -8.710451e-001  -8.339546e-001  -7.613910e-001  -6.884376e-001  -6.182046e-001  -5.525539e-001  -4.923634e-001  -4.378535e-001  -3.888555e-001  -3.230659e-001  -2.530994e-001  -1.541365e-001  -4.681859e-002  0.000000e+000  
-7.483807e-001  -7.465403e-001  -7.423144e-001  -7.346893e-001  -7.053668e-001  -6.547455e-001  -6.022446e-001  -5.498950e-001  -4.991918e-001  -4.511120e-001  -4.062062e-001  -3.647079e-001  -3.075950e-001  -2.443820e-001  -1.519841e-001  -4.690660e-002  0.000000e+000  
-5.748294e-001  -5.718973e-001  -5.659026e-001  -5.566109e-001  -5.369740e-001  -5.073497e-001  -4.755769e-001  -4.426583e-001  -4.094578e-001  -3.766715e-001  -3.448237e-001  -3.142817e-001  -2.707757e-001  -2.196590e-001  -1.410761e-001  -4.463712e-002  0.000000e+000  
-3.849616e-001  -3.827450e-001  -3.783020e-001  -3.716186e-001  -3.602408e-001  -3.444274e-001  -3.270682e-001  -3.086020e-001  -2.894404e-001  -2.699513e-001  -2.504489e-001  -2.311897e-001  -2.029647e-001  -1.679789e-001  -1.115628e-001  -3.631980e-002  0.000000e+000  
-2.095365e-001  -2.083482e-001  -2.059795e-001  -2.024470e-001  -1.969815e-001  -1.897276e-001  -1.816418e-001  -1.728903e-001  -1.636368e-001  -1.540368e-001  -1.442324e-001  -1.343489e-001  -1.195657e-001  -1.004925e-001  -6.858208e-002  -2.289368e-002  0.000000e+000  
-6.235999e-002  -6.201298e-002  -6.132203e-002  -6.029338e-002  -5.874591e-002  -5.672280e-002  -5.445529e-002  -5.198580e-002  -4.935700e-002  -4.661023e-002  -4.378419e-002  -4.091399e-002  -3.658865e-002  -3.092498e-002  -2.131896e-002  -7.185350e-003  0.000000e+000  
0.000000e+000  0.000000e+000  0.000000e+000  0.000000e+000  0.000000e+000  0.000000e+000  0.000000e+000  0.000000e+000  0.000000e+000  0.000000e+000  0.000000e+000  0.000000e+000  0.000000e+000  0.000000e+000  0.000000e+000  0.000000e+000  0.000000e+000  

