2025-10-16 16:07:51   Build version: 2025.4 Release from 2025-04-11 (change 1409410)

2025-10-16 16:07:51   Starting adaptive port meshing.

                      ------------------------------------------------------------------------------
2025-10-16 16:07:51   Mode calculation for port 1:

                      ------------------------------------------------------------------------------
2025-10-16 16:07:51   According to the selected features the <Time Domain Solver (HEX)> will be
                      started.

                      ------------------------------------------------------------------------------
2025-10-16 16:07:51   

                      ------------------------------------------------------------------------------
2025-10-16 16:07:51   

                      ------------------------------------------------------------------------------
2025-10-16 16:07:56   Using Generalized port mode solver.

                      ------------------------------------------------------------------------------
2025-10-16 16:07:56   Using electric shielding for port 1.

                      ------------------------------------------------------------------------------
2025-10-16 16:07:58   Port mode solver: Detected dispersive material(s) at port 1. 
                      Using a constant approximation of dispersive material(s) at 2.4 GHz and neglecting loss terms.  More...

                      ------------------------------------------------------------------------------
2025-10-16 16:08:00     -------------------------------- F-Calc 2.4 --------------------------------
                        Port   Mode   Type        Z-Wave        Z-Wave-Sigma  Z-Line        F-Cutoff
                        1      1      QTEM        209           0             59            ---
                        ----------------------------------------------------------------------------

2025-10-16 16:08:03   Pass 1 successfully completed. 
2025-10-16 16:08:03   According to the selected features the <Time Domain Solver (HEX)> will be
                      started.

                      ------------------------------------------------------------------------------
2025-10-16 16:08:03   

                      ------------------------------------------------------------------------------
2025-10-16 16:08:03   

                      ------------------------------------------------------------------------------
2025-10-16 16:08:09     -------------------------------- F-Calc 2.4 --------------------------------
                        Port   Mode   Type        Z-Wave        Z-Wave-Sigma  Z-Line        F-Cutoff
                        1      1      QTEM        212           0             61.9          ---
                        ----------------------------------------------------------------------------

2025-10-16 16:08:11   Pass 2 successfully completed. Delta (Line Imp.): 4.56%
2025-10-16 16:08:11   According to the selected features the <Time Domain Solver (HEX)> will be
                      started.

                      ------------------------------------------------------------------------------
2025-10-16 16:08:12   

                      ------------------------------------------------------------------------------
2025-10-16 16:08:12   

                      ------------------------------------------------------------------------------
2025-10-16 16:08:19     -------------------------------- F-Calc 2.4 --------------------------------
                        Port   Mode   Type        Z-Wave        Z-Wave-Sigma  Z-Line        F-Cutoff
                        1      1      QTEM        247           6.58e-007     61.7          ---
                        ----------------------------------------------------------------------------

2025-10-16 16:08:21   Pass 3 successfully completed. Delta (Line Imp.): 0.35%
2025-10-16 16:08:21   According to the selected features the <Time Domain Solver (HEX)> will be
                      started.

                      ------------------------------------------------------------------------------
2025-10-16 16:08:22   

                      ------------------------------------------------------------------------------
2025-10-16 16:08:22   

                      ------------------------------------------------------------------------------
2025-10-16 16:08:29     -------------------------------- F-Calc 2.4 --------------------------------
                        Port   Mode   Type        Z-Wave        Z-Wave-Sigma  Z-Line        F-Cutoff
                        1      1      QTEM        249           8.00e-008     61.7          ---
                        ----------------------------------------------------------------------------

2025-10-16 16:08:32   Pass 4 successfully completed. Delta (Line Imp.): 0.00%
2025-10-16 16:08:32   Adaptive port meshing finished. 

                      ------------------------------------------------------------------------------
2025-10-16 16:08:36   The following farfield monitor(s) have been adjusted to model box [-58.3765,
                      58.3765, -58.8646, 45.9267, -5.25783, 14.896]:
                        farfield (f=2.4417).
                      For further information please check the page "Special Solver Parameters -
                      Solver" in the Online Help.

                      ------------------------------------------------------------------------------
2025-10-16 16:08:36   According to the selected features the <Time Domain Solver (HEX)> will be
                      started.

                      ------------------------------------------------------------------------------
2025-10-16 16:08:36   
                      Solver started at: 2025-10-16 16:08:36 +0200

                        Module:  Time Domain: S-Parameter (Win 64)
                        Version: 2025.4 Release from 2025-04-11 (change 1409410)

2025-10-16 16:08:36   

                      ------------------------------------------------------------------------------
2025-10-16 16:08:36   

                      ------------------------------------------------------------------------------
2025-10-16 16:08:36   ======================================================================
                       Solver cycle: 1
                      ======================================================================

                      Stimulation at port 1 (mode 1) 



                      ------------------------------------------------------------------------------
2025-10-16 16:08:37   Units settings: 

                        Dimensions: mm
                        Frequency:  GHz
                        Time:       ns

                      ------------------------------------------------------------------------------
2025-10-16 16:08:37   The dispersive material update [Automatic] will be performed using the "Standard" update schema

                      ------------------------------------------------------------------------------
2025-10-16 16:08:53   Mesh statistics:

                         Hexahedral mesh type: Perfect Boundary Approximation (PBA)
                            Version: default

                         Parallelization type: domain decomposition
                            Number of parallel working threads: 2
                            Number of calculation domains used: 2

                         Used point accuracy enhancement value: 75.00%.
                         Acceleration mode: CPU
                         PBA fill limit: 99.00% (inverse)
                         Used point accuracy enhancement value: 74.00%.
2025-10-16 15:53:56      current system memory usage reached 80%
2025-10-16 15:53:55      current system memory usage reached 80%

2025-10-16 16:08:59   Using Generalized port mode solver.

                      ------------------------------------------------------------------------------
2025-10-16 16:08:59   Using electric shielding for port 1.

                      ------------------------------------------------------------------------------
2025-10-16 16:09:01   Port mode solver: Detected dispersive material(s) at port 1. 
                      Using a constant approximation of dispersive material(s) at 2.4 GHz and neglecting loss terms.  More...

                      ------------------------------------------------------------------------------
2025-10-16 16:09:02   Boundary conditions: 

                        YZsymmetry: none
                        XZsymmetry: none
                        XYsymmetry: none

                        Xmin: expanded open, 4 Layer, depth 33.05 mm
                        Xmax: expanded open, 4 Layer, depth 33.05 mm

                        Ymin: expanded open, 4 Layer, depth 32.9276 mm
                        Ymax: expanded open, 4 Layer, depth 33.0709 mm

                        Zmin: expanded open, 4 Layer, depth 33.2953 mm
                        Zmax: expanded open, 4 Layer, depth 39.4796 mm

                        PML-Type: Convolution PML

                      ------------------------------------------------------------------------------
2025-10-16 16:09:02   Frequency settings: 

                        Fmin:         2.2
                        Fmax:         2.6
                        Nfsteps(lin): 1001

                      ------------------------------------------------------------------------------
2025-10-16 16:09:03   Field update statistics:

                        Number of components in total: 	340011
                        Number of TST and special elements:	228
                        Number of lossy metal components:	7916
                        Number of disp. elements:		4450

                      Subcycling state:      			Automatically deactivated

                      ------------------------------------------------------------------------------
2025-10-16 16:09:03   Waveguide boundaries:

2025-10-16 16:09:03   Port: 1

2025-10-16 16:09:03     -------------------------------- F-Calc 2.4 --------------------------------
                        Port   Mode   Type        Z-Wave        Z-Wave-Sigma  Z-Line        F-Cutoff
                        1      1      QTEM        209           0             61.7          ---
                        ----------------------------------------------------------------------------

2025-10-16 16:09:04   Using standard absorber for unconsidered modes at port 1.

                      ------------------------------------------------------------------------------
2025-10-16 16:09:28   
                      --------------------------------------------------------------------------------
2025-10-16 16:09:28   Steady state energy criterion met, solver finished successfully.

                      ------------------------------------------------------------------------------
2025-10-16 16:09:28   Frequency domain results normalized to default signal.


                      ------------------------------------------------------------------------------
2025-10-16 16:09:28   
                        ----------------------------------------------------------------------------
                                            Peak memory used (kB)         Free physical memory (kB) 
                                                                          At begin     Minimum      
                        ----------------------------------------------------------------------------
                        Matrices calc.      143343                        1989257      1206054      
                        Solver run total    74296                         4104872      3942896      
                        ----------------------------------------------------------------------------

                      --------------------------------------------------------------------------------
                      Solver Statistics:

                        Hardware:
                           Computer name:                 	Heu 

                           Number of CPU threads:               4
                           Hardware info:                  	Hardware Accelerator Device not activated

                        Number of mesh cells:             	54144
                        Excitation duration:              	1.77727437e+001 ns 
                        Calculation time for excitation:  	16 	s
                        Number of calculated pulse widths:	1.16974 
                        Steady state accuracy limit:      	-40	dB 
                        Simulated number of time steps:   	8200 
                        Maximum number of time steps:     	140201 
                        Time step width:
                           without subcycles:             	2.535312000e-003 ns
                           used:                          	2.535312000e-003 ns

                        Matrix calculation time:          	16 	s
                        Solver setup time:                	14 	s
                        Solver loop time:                 	17 	s
                        Solver post-processing time:      	2 	s
                                                          	------------
                        Total solver time:                	49 	s

                      ------------------------------------------------------------------------------
2025-10-16 16:09:29   
                        Adaptive port meshing time:          	44     	s
                        Total solver time (all cycles):      	49     	s
                        Solver initialization and clean-up:  	3      	s
                                                             	------------
                        Total simulation time:               	96     	s  ( = 0 h, 1 m, 36 s )

                      ------------------------------------------------------------------------------
2025-10-16 16:09:29   Solver finished at: 2025-10-16 16:09:29 +0200



                      ------------------------------------------------------------------------------
2025-10-16 16:09:32   Creating parametric 1D results for Run ID 15

                      ------------------------------------------------------------------------------
