2025-10-09 16:25:31   Build version: 2025.4 Release from 2025-04-11 (change 1409410)

2025-10-09 16:25:31   Starting adaptive port meshing.

                      ------------------------------------------------------------------------------
2025-10-09 16:25:31   Mode calculation for port 1:

                      ------------------------------------------------------------------------------
2025-10-09 16:25:31   According to the selected features the <Time Domain Solver (HEX)> will be
                      started.

                      ------------------------------------------------------------------------------
2025-10-09 16:25:31   

                      ------------------------------------------------------------------------------
2025-10-09 16:25:31   

                      ------------------------------------------------------------------------------
2025-10-09 16:25:36   Using Generalized port mode solver.

                      ------------------------------------------------------------------------------
2025-10-09 16:25:37   Port mode solver: Detected dispersive material(s) at port 1. 
                      Using a constant approximation of dispersive material(s) at 2.4 GHz and neglecting loss terms.  More...

                      ------------------------------------------------------------------------------
2025-10-09 16:25:38     -------------------------------- F-Calc 2.4 --------------------------------
                        Port   Mode   Type        Z-Wave        Z-Wave-Sigma  Z-Line        F-Cutoff
                        1      1      QTEM        207           0             60.1          ---
                        ----------------------------------------------------------------------------

2025-10-09 16:25:40   Pass 1 successfully completed. 
2025-10-09 16:25:40   According to the selected features the <Time Domain Solver (HEX)> will be
                      started.

                      ------------------------------------------------------------------------------
2025-10-09 16:25:40   

                      ------------------------------------------------------------------------------
2025-10-09 16:25:40   

                      ------------------------------------------------------------------------------
2025-10-09 16:25:45     -------------------------------- F-Calc 2.4 --------------------------------
                        Port   Mode   Type        Z-Wave        Z-Wave-Sigma  Z-Line        F-Cutoff
                        1      1      QTEM        210           0             62.9          ---
                        ----------------------------------------------------------------------------

2025-10-09 16:25:47   Pass 2 successfully completed. Delta (Line Imp.): 4.42%
2025-10-09 16:25:47   According to the selected features the <Time Domain Solver (HEX)> will be
                      started.

                      ------------------------------------------------------------------------------
2025-10-09 16:25:47   

                      ------------------------------------------------------------------------------
2025-10-09 16:25:47   

                      ------------------------------------------------------------------------------
2025-10-09 16:25:52     -------------------------------- F-Calc 2.4 --------------------------------
                        Port   Mode   Type        Z-Wave        Z-Wave-Sigma  Z-Line        F-Cutoff
                        1      1      QTEM        249           1.01e-007     62.7          ---
                        ----------------------------------------------------------------------------

2025-10-09 16:25:54   Pass 3 successfully completed. Delta (Line Imp.): 0.37%
2025-10-09 16:25:54   According to the selected features the <Time Domain Solver (HEX)> will be
                      started.

                      ------------------------------------------------------------------------------
2025-10-09 16:25:55   

                      ------------------------------------------------------------------------------
2025-10-09 16:25:55   

                      ------------------------------------------------------------------------------
2025-10-09 16:26:02     -------------------------------- F-Calc 2.4 --------------------------------
                        Port   Mode   Type        Z-Wave        Z-Wave-Sigma  Z-Line        F-Cutoff
                        1      1      QTEM        252           1.99e-007     62.7          ---
                        ----------------------------------------------------------------------------

2025-10-09 16:26:05   Pass 4 successfully completed. Delta (Line Imp.): 0.00%
2025-10-09 16:26:05   Adaptive port meshing finished. 

                      ------------------------------------------------------------------------------
2025-10-09 16:26:08   The following farfield monitor(s) have been adjusted to model box [-54.9851,
                      54.9851, -49.537, 44.6351, -5.0745, 16.1111]:
                        farfield (f=2.4417).
                      For further information please check the page "Special Solver Parameters -
                      Solver" in the Online Help.

                      ------------------------------------------------------------------------------
2025-10-09 16:26:08   According to the selected features the <Time Domain Solver (HEX)> will be
                      started.

                      ------------------------------------------------------------------------------
2025-10-09 16:26:08   
                      Solver started at: 2025-10-09 16:26:08 +0200

                        Module:  Time Domain: S-Parameter (Win 64)
                        Version: 2025.4 Release from 2025-04-11 (change 1409410)

2025-10-09 16:26:08   

                      ------------------------------------------------------------------------------
2025-10-09 16:26:08   

                      ------------------------------------------------------------------------------
2025-10-09 16:26:08   ======================================================================
                       Solver cycle: 1
                      ======================================================================

                      Stimulation at port 1 (mode 1) 



                      ------------------------------------------------------------------------------
2025-10-09 16:26:08   Units settings: 

                        Dimensions: mm
                        Frequency:  GHz
                        Time:       ns

                      ------------------------------------------------------------------------------
2025-10-09 16:26:08   The dispersive material update [Automatic] will be performed using the "Standard" update schema

                      ------------------------------------------------------------------------------
2025-10-09 16:26:27   Mesh statistics:

                         Hexahedral mesh type: Perfect Boundary Approximation (PBA)
                            Version: default

                         Parallelization type: domain decomposition
                            Number of parallel working threads: 2
                            Number of calculation domains used: 2

                         Used point accuracy enhancement value: 74.00%.
                         Acceleration mode: CPU
                         PBA fill limit: 99.00% (inverse)

2025-10-09 16:23:00      *** Warning ***  current system memory usage reached 90% (15 GB)


2025-10-09 16:26:30   Using Generalized port mode solver.

                      ------------------------------------------------------------------------------
2025-10-09 16:26:31   Port mode solver: Detected dispersive material(s) at port 1. 
                      Using a constant approximation of dispersive material(s) at 2.4 GHz and neglecting loss terms.  More...

                      ------------------------------------------------------------------------------
2025-10-09 16:26:32   Boundary conditions: 

                        YZsymmetry: none
                        XZsymmetry: none
                        XYsymmetry: none

                        Xmin: expanded open, 4 Layer, depth 34.4615 mm
                        Xmax: expanded open, 4 Layer, depth 34.4615 mm

                        Ymin: expanded open, 4 Layer, depth 32.9293 mm
                        Ymax: expanded open, 4 Layer, depth 34.4562 mm

                        Zmin: expanded open, 4 Layer, depth 34.7212 mm
                        Zmax: expanded open, 4 Layer, depth 37.889 mm

                        PML-Type: Convolution PML

                      ------------------------------------------------------------------------------
2025-10-09 16:26:32   Frequency settings: 

                        Fmin:         2.2
                        Fmax:         2.6
                        Nfsteps(lin): 1001

                      ------------------------------------------------------------------------------
2025-10-09 16:26:32   Field update statistics:

                        Number of components in total: 	347170
                        Number of TST and special elements:	228
                        Number of lossy metal components:	8108
                        Number of disp. elements:		4596

                      Subcycling state:      			Automatically deactivated

                      ------------------------------------------------------------------------------
2025-10-09 16:26:33   Waveguide boundaries:

2025-10-09 16:26:33   Port: 1

2025-10-09 16:26:33     -------------------------------- F-Calc 2.4 --------------------------------
                        Port   Mode   Type        Z-Wave        Z-Wave-Sigma  Z-Line        F-Cutoff
                        1      1      QTEM        207           0             62.7          ---
                        ----------------------------------------------------------------------------

2025-10-09 16:26:33   Using standard absorber for unconsidered modes at port 1.

                      ------------------------------------------------------------------------------
2025-10-09 16:27:13   
                      --------------------------------------------------------------------------------
2025-10-09 16:27:13   Steady state energy criterion met, solver finished successfully.

                      ------------------------------------------------------------------------------
2025-10-09 16:27:13   Frequency domain results normalized to default signal.


                      ------------------------------------------------------------------------------
2025-10-09 16:27:13   
                        ----------------------------------------------------------------------------
                                            Peak memory used (kB)         Free physical memory (kB) 
                                                                          At begin     Minimum      
                        ----------------------------------------------------------------------------
                        Matrices calc.      119140                        1989257      1206054      
                        Solver run total    75292                         2193512      2061940      
                        ----------------------------------------------------------------------------

                      --------------------------------------------------------------------------------
                      Solver Statistics:

                        Hardware:
                           Computer name:                 	Heu 

                           Number of CPU threads:               4
                           Hardware info:                  	Hardware Accelerator Device not activated

                        Number of mesh cells:             	55296
                        Excitation duration:              	1.77727437e+001 ns 
                        Calculation time for excitation:  	0 	s
                        Number of calculated pulse widths:	1.16363 
                        Steady state accuracy limit:      	-40	dB 
                        Simulated number of time steps:   	8200 
                        Maximum number of time steps:     	140938 
                        Time step width:
                           without subcycles:             	2.522064797e-003 ns
                           used:                          	2.522064797e-003 ns

                        Matrix calculation time:          	18 	s
                        Solver setup time:                	9 	s
                        Solver loop time:                 	33 	s
                        Solver post-processing time:      	3 	s
                                                          	------------
                        Total solver time:                	63 	s  ( = 0 h, 1 m, 3 s )

                      ------------------------------------------------------------------------------
2025-10-09 16:27:14   
                        Adaptive port meshing time:          	36     	s
                        Total solver time (all cycles):      	63     	s  ( = 0 h, 1 m, 3 s )
                        Solver initialization and clean-up:  	3      	s
                                                             	------------
                        Total simulation time:               	102    	s  ( = 0 h, 1 m, 42 s )

                      ------------------------------------------------------------------------------
2025-10-09 16:27:14   Solver finished at: 2025-10-09 16:27:14 +0200



                      ------------------------------------------------------------------------------
2025-10-09 16:27:17   Creating parametric 1D results for Run ID 18

                      ------------------------------------------------------------------------------
