2025-10-16 16:36:05   Build version: 2025.4 Release from 2025-04-11 (change 1409410)

2025-10-16 16:36:05   Starting adaptive port meshing.

                      ------------------------------------------------------------------------------
2025-10-16 16:36:05   Mode calculation for port 1:

                      ------------------------------------------------------------------------------
2025-10-16 16:36:05   According to the selected features the <Time Domain Solver (HEX)> will be
                      started.

                      ------------------------------------------------------------------------------
2025-10-16 16:36:05   

                      ------------------------------------------------------------------------------
2025-10-16 16:36:05   

                      ------------------------------------------------------------------------------
2025-10-16 16:36:11   Using Generalized port mode solver.

                      ------------------------------------------------------------------------------
2025-10-16 16:36:11   Using electric shielding for port 1.

                      ------------------------------------------------------------------------------
2025-10-16 16:36:12   Port mode solver: Detected dispersive material(s) at port 1. 
                      Using a constant approximation of dispersive material(s) at 2.4 GHz and neglecting loss terms.  More...

                      ------------------------------------------------------------------------------
2025-10-16 16:36:13     -------------------------------- F-Calc 2.4 --------------------------------
                        Port   Mode   Type        Z-Wave        Z-Wave-Sigma  Z-Line        F-Cutoff
                        1      1      QTEM        209           0             59            ---
                        ----------------------------------------------------------------------------

2025-10-16 16:36:16   Pass 1 successfully completed. 
2025-10-16 16:36:16   According to the selected features the <Time Domain Solver (HEX)> will be
                      started.

                      ------------------------------------------------------------------------------
2025-10-16 16:36:16   

                      ------------------------------------------------------------------------------
2025-10-16 16:36:16   

                      ------------------------------------------------------------------------------
2025-10-16 16:36:26     -------------------------------- F-Calc 2.4 --------------------------------
                        Port   Mode   Type        Z-Wave        Z-Wave-Sigma  Z-Line        F-Cutoff
                        1      1      QTEM        212           0             61.9          ---
                        ----------------------------------------------------------------------------

2025-10-16 16:36:30   Pass 2 successfully completed. Delta (Line Imp.): 4.57%
2025-10-16 16:36:30   According to the selected features the <Time Domain Solver (HEX)> will be
                      started.

                      ------------------------------------------------------------------------------
2025-10-16 16:36:30   

                      ------------------------------------------------------------------------------
2025-10-16 16:36:30   

                      ------------------------------------------------------------------------------
2025-10-16 16:36:39     -------------------------------- F-Calc 2.4 --------------------------------
                        Port   Mode   Type        Z-Wave        Z-Wave-Sigma  Z-Line        F-Cutoff
                        1      1      QTEM        247           6.43e-007     61.6          ---
                        ----------------------------------------------------------------------------

2025-10-16 16:36:41   Pass 3 successfully completed. Delta (Line Imp.): 0.34%
2025-10-16 16:36:42   According to the selected features the <Time Domain Solver (HEX)> will be
                      started.

                      ------------------------------------------------------------------------------
2025-10-16 16:36:42   

                      ------------------------------------------------------------------------------
2025-10-16 16:36:42   

                      ------------------------------------------------------------------------------
2025-10-16 16:36:52     -------------------------------- F-Calc 2.4 --------------------------------
                        Port   Mode   Type        Z-Wave        Z-Wave-Sigma  Z-Line        F-Cutoff
                        1      1      QTEM        250           8.08e-008     61.7          ---
                        ----------------------------------------------------------------------------

2025-10-16 16:36:55   Pass 4 successfully completed. Delta (Line Imp.): 0.01%
2025-10-16 16:36:55   Adaptive port meshing finished. 

                      ------------------------------------------------------------------------------
2025-10-16 16:36:56   The following farfield monitor(s) have been adjusted to model box [-61.8573,
                      61.8573, -50.2884, 45.5068, -5.31622, 14.8949]:
                        farfield (f=2.4417).
                      For further information please check the page "Special Solver Parameters -
                      Solver" in the Online Help.

                      ------------------------------------------------------------------------------
2025-10-16 16:36:56   According to the selected features the <Time Domain Solver (HEX)> will be
                      started.

                      ------------------------------------------------------------------------------
2025-10-16 16:36:56   
                      Solver started at: 2025-10-16 16:36:56 +0200

                        Module:  Time Domain: S-Parameter (Win 64)
                        Version: 2025.4 Release from 2025-04-11 (change 1409410)

2025-10-16 16:36:56   

                      ------------------------------------------------------------------------------
2025-10-16 16:36:56   

                      ------------------------------------------------------------------------------
2025-10-16 16:36:56   ======================================================================
                       Solver cycle: 1
                      ======================================================================

                      Stimulation at port 1 (mode 1) 



                      ------------------------------------------------------------------------------
2025-10-16 16:36:57   Units settings: 

                        Dimensions: mm
                        Frequency:  GHz
                        Time:       ns

                      ------------------------------------------------------------------------------
2025-10-16 16:36:57   The dispersive material update [Automatic] will be performed using the "Standard" update schema

                      ------------------------------------------------------------------------------
2025-10-16 16:37:13   Mesh statistics:

                         Hexahedral mesh type: Perfect Boundary Approximation (PBA)
                            Version: default

                         Parallelization type: domain decomposition
                            Number of parallel working threads: 2
                            Number of calculation domains used: 2

                         Used point accuracy enhancement value: 75.00%.
                         Acceleration mode: CPU
                         PBA fill limit: 99.00% (inverse)
                         Used point accuracy enhancement value: 74.00%.
2025-10-16 15:53:56      current system memory usage reached 80%
2025-10-16 15:53:55      current system memory usage reached 80%

2025-10-16 16:37:16   Using Generalized port mode solver.

                      ------------------------------------------------------------------------------
2025-10-16 16:37:16   Using electric shielding for port 1.

                      ------------------------------------------------------------------------------
2025-10-16 16:37:18   Port mode solver: Detected dispersive material(s) at port 1. 
                      Using a constant approximation of dispersive material(s) at 2.4 GHz and neglecting loss terms.  More...

                      ------------------------------------------------------------------------------
2025-10-16 16:37:18   Boundary conditions: 

                        YZsymmetry: none
                        XZsymmetry: none
                        XYsymmetry: none

                        Xmin: expanded open, 4 Layer, depth 32.695 mm
                        Xmax: expanded open, 4 Layer, depth 32.695 mm

                        Ymin: expanded open, 4 Layer, depth 32.927 mm
                        Ymax: expanded open, 4 Layer, depth 32.641 mm

                        Zmin: expanded open, 4 Layer, depth 32.7727 mm
                        Zmax: expanded open, 4 Layer, depth 39.486 mm

                        PML-Type: Convolution PML

                      ------------------------------------------------------------------------------
2025-10-16 16:37:18   Frequency settings: 

                        Fmin:         2.2
                        Fmax:         2.6
                        Nfsteps(lin): 1001

                      ------------------------------------------------------------------------------
2025-10-16 16:37:19   Field update statistics:

                        Number of components in total: 	343174
                        Number of TST and special elements:	228
                        Number of lossy metal components:	8108
                        Number of disp. elements:		4455

                      Subcycling state:      			Automatically deactivated

                      ------------------------------------------------------------------------------
2025-10-16 16:37:19   Waveguide boundaries:

2025-10-16 16:37:19   Port: 1

2025-10-16 16:37:19     -------------------------------- F-Calc 2.4 --------------------------------
                        Port   Mode   Type        Z-Wave        Z-Wave-Sigma  Z-Line        F-Cutoff
                        1      1      QTEM        209           0             61.7          ---
                        ----------------------------------------------------------------------------

2025-10-16 16:37:20   Using standard absorber for unconsidered modes at port 1.

                      ------------------------------------------------------------------------------
2025-10-16 16:38:32   
                      --------------------------------------------------------------------------------
2025-10-16 16:38:32   Steady state energy criterion met, solver finished successfully.

                      ------------------------------------------------------------------------------
2025-10-16 16:38:32   Frequency domain results normalized to default signal.


                      ------------------------------------------------------------------------------
2025-10-16 16:38:32   
                        ----------------------------------------------------------------------------
                                            Peak memory used (kB)         Free physical memory (kB) 
                                                                          At begin     Minimum      
                        ----------------------------------------------------------------------------
                        Matrices calc.      143345                        1989257      1206054      
                        Solver run total    74924                         3291880      2741940      
                        ----------------------------------------------------------------------------

                      --------------------------------------------------------------------------------
                      Solver Statistics:

                        Hardware:
                           Computer name:                 	Heu 

                           Number of CPU threads:               4
                           Hardware info:                  	Hardware Accelerator Device not activated

                        Number of mesh cells:             	54648
                        Excitation duration:              	1.77727437e+001 ns 
                        Calculation time for excitation:  	0 	s
                        Number of calculated pulse widths:	1.17807 
                        Steady state accuracy limit:      	-40	dB 
                        Simulated number of time steps:   	8250 
                        Maximum number of time steps:     	140059 
                        Time step width:
                           without subcycles:             	2.537889931e-003 ns
                           used:                          	2.537889931e-003 ns

                        Matrix calculation time:          	15 	s
                        Solver setup time:                	13 	s
                        Solver loop time:                 	63 	s
                        Solver post-processing time:      	1 	s
                                                          	------------
                        Total solver time:                	92 	s  ( = 0 h, 1 m, 32 s )

                      ------------------------------------------------------------------------------
2025-10-16 16:38:33   
                        Adaptive port meshing time:          	53     	s
                        Total solver time (all cycles):      	92     	s  ( = 0 h, 1 m, 32 s )
                        Solver initialization and clean-up:  	4      	s
                                                             	------------
                        Total simulation time:               	149    	s  ( = 0 h, 2 m, 29 s )

                      ------------------------------------------------------------------------------
2025-10-16 16:38:33   Solver finished at: 2025-10-16 16:38:33 +0200



                      ------------------------------------------------------------------------------
2025-10-16 16:38:35   Creating parametric 1D results for Run ID 6

                      ------------------------------------------------------------------------------
