Port monitor named: Port1_h1[2.4].prt

nx        = 37
ny        = 4
nz        = 19

nu        = 17
nv        = 35
iu        = 2
iv        = 2

idir      = 1
dcut      = -4.425000e-002
icut      = 2
type      = 1
frequency = 2.400000e+009

fcutoff   = 0.000000e+000
alpha     = 0.000000e+000
beta      = 9.210908e+001
accuracy  = 1.884468e-010

type          = QTEM
wave imp.     = 2.489612e+002
wave imp.sig. = 5.449613e-009
line imp.     = 5.439079e+001

ref. port     = 0

-0.000000e+000  1.262892e-002  2.495910e-002  3.670724e-002  4.761955e-002  5.799010e-002  6.710343e-002  7.484721e-002  8.117004e-002  8.607728e-002  8.962359e-002  9.190370e-002  9.304220e-002  9.232756e-002  8.890635e-002  7.133137e-002  5.705556e-002  
-0.000000e+000  4.748328e-002  9.366435e-002  1.373207e-001  1.773809e-001  2.147959e-001  2.469001e-001  2.733261e-001  2.939869e-001  3.090428e-001  3.188539e-001  3.239281e-001  3.248693e-001  3.163119e-001  2.991831e-001  2.302512e-001  1.798685e-001  
-0.000000e+000  1.160332e-001  2.276652e-001  3.308600e-001  4.222665e-001  5.032939e-001  5.677843e-001  6.154206e-001  6.468927e-001  6.636495e-001  6.676284e-001  6.610077e-001  6.460056e-001  5.971985e-001  5.378676e-001  3.711959e-001  2.726691e-001  
-0.000000e+000  2.457918e-001  4.785077e-001  6.864439e-001  8.605062e-001  1.001521e+000  1.098569e+000  1.153912e+000  1.172679e+000  1.161528e+000  1.127515e+000  1.077288e+000  1.016641e+000  8.783745e-001  7.431914e-001  4.541675e-001  3.127187e-001  
-0.000000e+000  4.765964e-001  9.193425e-001  1.297905e+000  1.589544e+000  1.791497e+000  1.890664e+000  1.902325e+000  1.847674e+000  1.748214e+000  1.622431e+000  1.484572e+000  1.344753e+000  1.079295e+000  8.553295e-001  4.698988e-001  3.071283e-001  
-0.000000e+000  7.505001e-001  1.440805e+000  2.013661e+000  2.423050e+000  2.656615e+000  2.708138e+000  2.622193e+000  2.448894e+000  2.230457e+000  1.996996e+000  1.767543e+000  1.552840e+000  1.183422e+000  8.962217e-001  4.593947e-001  2.901853e-001  
-0.000000e+000  1.102237e+000  2.117765e+000  2.948625e+000  3.495819e+000  3.712027e+000  3.625323e+000  3.351850e+000  2.994045e+000  2.618979e+000  2.262855e+000  1.941689e+000  1.660189e+000  1.213543e+000  8.876318e-001  4.338854e-001  2.679758e-001  
-0.000000e+000  1.378583e+000  2.662080e+000  3.720420e+000  4.388334e+000  4.554749e+000  4.309427e+000  3.855633e+000  3.341742e+000  2.847285e+000  2.405441e+000  2.024758e+000  1.702616e+000  1.213707e+000  8.692672e-001  4.130247e-001  2.516650e-001  
-0.000000e+000  1.721088e+000  3.363240e+000  4.764454e+000  5.629669e+000  5.661785e+000  5.128710e+000  4.400150e+000  3.679366e+000  3.044131e+000  2.510846e+000  2.072053e+000  1.713332e+000  1.191774e+000  8.363306e-001  3.868649e-001  2.327473e-001  
-0.000000e+000  2.118341e+000  4.232082e+000  6.182337e+000  7.442122e+000  7.131246e+000  6.075487e+000  4.942706e+000  3.965195e+000  3.178348e+000  2.557995e+000  2.069944e+000  1.683777e+000  1.144298e+000  7.876821e-001  3.554209e-001  2.113345e-001  
-0.000000e+000  2.466655e+000  5.087575e+000  7.837045e+000  9.947858e+000  8.827266e+000  6.946414e+000  5.332439e+000  4.111142e+000  3.205116e+000  2.527448e+000  2.013012e+000  1.616119e+000  1.078344e+000  7.310567e-001  3.235541e-001  1.906450e-001  
-0.000000e+000  2.703524e+000  5.766089e+000  9.492079e+000  1.327972e+001  1.054149e+001  7.597806e+000  5.529231e+000  4.126816e+000  3.149285e+000  2.445295e+000  1.924159e+000  1.529237e+000  1.005899e+000  6.737991e-001  2.937120e-001  1.718266e-001  
-0.000000e+000  2.801431e+000  6.187702e+000  1.112175e+001  1.901912e+001  1.233145e+001  7.946095e+000  5.495195e+000  3.995488e+000  2.998999e+000  2.300126e+000  1.791898e+000  1.411867e+000  9.171139e-001  6.077616e-001  2.613468e-001  1.519163e-001  
-0.000000e+000  2.673249e+000  6.011173e+000  1.160636e+001  3.012781e+001  1.332113e+001  7.621070e+000  5.130675e+000  3.689726e+000  2.745784e+000  2.089167e+000  1.615487e+000  1.264106e+000  8.124667e-001  5.334130e-001  2.266703e-001  1.310249e-001  
-0.000000e+000  2.230441e+000  4.805565e+000  8.171420e+000  -0.000000e+000  8.112525e+000  5.960166e+000  4.291763e+000  3.139867e+000  2.340249e+000  1.773910e+000  1.364139e+000  1.061070e+000  6.751239e-001  4.391765e-001  1.844283e-001  1.060130e-001  
-0.000000e+000  1.504524e+000  2.925811e+000  3.577179e+000  -0.000000e+000  3.790732e+000  3.800445e+000  3.040966e+000  2.312133e+000  1.745465e+000  1.326145e+000  1.017823e+000  7.888527e-001  4.981362e-001  3.216588e-001  1.337791e-001  7.654865e-002  
-0.000000e+000  4.964154e-001  8.579068e-001  8.197100e-001  -0.000000e+000  9.665220e-001  1.246118e+000  1.140483e+000  9.289991e-001  7.243521e-001  5.573834e-001  4.289856e-001  3.318729e-001  2.078145e-001  1.329362e-001  5.458925e-002  3.104871e-002  
-0.000000e+000  -4.964154e-001  -8.579068e-001  -8.197100e-001  -0.000000e+000  -9.665220e-001  -1.246118e+000  -1.140483e+000  -9.289991e-001  -7.243521e-001  -5.573834e-001  -4.289856e-001  -3.318729e-001  -2.078145e-001  -1.329362e-001  -5.458925e-002  -3.104871e-002  
-0.000000e+000  -1.504524e+000  -2.925811e+000  -3.577179e+000  -0.000000e+000  -3.790732e+000  -3.800445e+000  -3.040966e+000  -2.312133e+000  -1.745465e+000  -1.326145e+000  -1.017823e+000  -7.888527e-001  -4.981362e-001  -3.216588e-001  -1.337791e-001  -7.654865e-002  
-0.000000e+000  -2.230441e+000  -4.805565e+000  -8.171420e+000  -0.000000e+000  -8.112525e+000  -5.960166e+000  -4.291763e+000  -3.139867e+000  -2.340249e+000  -1.773910e+000  -1.364139e+000  -1.061070e+000  -6.751239e-001  -4.391765e-001  -1.844283e-001  -1.060130e-001  
-0.000000e+000  -2.673249e+000  -6.011173e+000  -1.160636e+001  -3.012781e+001  -1.332113e+001  -7.621070e+000  -5.130675e+000  -3.689726e+000  -2.745784e+000  -2.089166e+000  -1.615487e+000  -1.264106e+000  -8.124667e-001  -5.334130e-001  -2.266703e-001  -1.310249e-001  
-0.000000e+000  -2.801431e+000  -6.187702e+000  -1.112175e+001  -1.901912e+001  -1.233145e+001  -7.946095e+000  -5.495195e+000  -3.995488e+000  -2.998999e+000  -2.300126e+000  -1.791898e+000  -1.411867e+000  -9.171139e-001  -6.077616e-001  -2.613468e-001  -1.519163e-001  
-0.000000e+000  -2.703524e+000  -5.766089e+000  -9.492079e+000  -1.327972e+001  -1.054149e+001  -7.597806e+000  -5.529231e+000  -4.126816e+000  -3.149285e+000  -2.445295e+000  -1.924159e+000  -1.529237e+000  -1.005899e+000  -6.737991e-001  -2.937120e-001  -1.718266e-001  
-0.000000e+000  -2.466655e+000  -5.087575e+000  -7.837045e+000  -9.947858e+000  -8.827266e+000  -6.946414e+000  -5.332439e+000  -4.111142e+000  -3.205116e+000  -2.527448e+000  -2.013012e+000  -1.616119e+000  -1.078344e+000  -7.310567e-001  -3.235541e-001  -1.906451e-001  
-0.000000e+000  -2.118341e+000  -4.232082e+000  -6.182337e+000  -7.442122e+000  -7.131246e+000  -6.075487e+000  -4.942706e+000  -3.965195e+000  -3.178348e+000  -2.557995e+000  -2.069944e+000  -1.683777e+000  -1.144298e+000  -7.876821e-001  -3.554209e-001  -2.113345e-001  
-0.000000e+000  -1.721088e+000  -3.363240e+000  -4.764454e+000  -5.629669e+000  -5.661785e+000  -5.128710e+000  -4.400150e+000  -3.679366e+000  -3.044131e+000  -2.510846e+000  -2.072053e+000  -1.713332e+000  -1.191774e+000  -8.363306e-001  -3.868649e-001  -2.327472e-001  
-0.000000e+000  -1.378583e+000  -2.662080e+000  -3.720420e+000  -4.388334e+000  -4.554749e+000  -4.309427e+000  -3.855633e+000  -3.341742e+000  -2.847285e+000  -2.405441e+000  -2.024758e+000  -1.702616e+000  -1.213707e+000  -8.692672e-001  -4.130247e-001  -2.516650e-001  
-0.000000e+000  -1.102237e+000  -2.117765e+000  -2.948625e+000  -3.495819e+000  -3.712027e+000  -3.625323e+000  -3.351850e+000  -2.994045e+000  -2.618979e+000  -2.262855e+000  -1.941689e+000  -1.660189e+000  -1.213543e+000  -8.876318e-001  -4.338854e-001  -2.679758e-001  
-0.000000e+000  -7.505001e-001  -1.440805e+000  -2.013661e+000  -2.423050e+000  -2.656615e+000  -2.708138e+000  -2.622193e+000  -2.448894e+000  -2.230457e+000  -1.996996e+000  -1.767543e+000  -1.552840e+000  -1.183422e+000  -8.962217e-001  -4.593947e-001  -2.901853e-001  
-0.000000e+000  -4.765964e-001  -9.193425e-001  -1.297905e+000  -1.589544e+000  -1.791497e+000  -1.890664e+000  -1.902325e+000  -1.847674e+000  -1.748214e+000  -1.622431e+000  -1.484572e+000  -1.344753e+000  -1.079295e+000  -8.553295e-001  -4.698988e-001  -3.071283e-001  
-0.000000e+000  -2.457918e-001  -4.785077e-001  -6.864439e-001  -8.605062e-001  -1.001521e+000  -1.098569e+000  -1.153912e+000  -1.172679e+000  -1.161528e+000  -1.127515e+000  -1.077288e+000  -1.016641e+000  -8.783745e-001  -7.431914e-001  -4.541675e-001  -3.127187e-001  
-0.000000e+000  -1.160332e-001  -2.276652e-001  -3.308600e-001  -4.222665e-001  -5.032939e-001  -5.677843e-001  -6.154206e-001  -6.468927e-001  -6.636495e-001  -6.676284e-001  -6.610077e-001  -6.460056e-001  -5.971985e-001  -5.378676e-001  -3.711959e-001  -2.726691e-001  
-0.000000e+000  -4.748328e-002  -9.366435e-002  -1.373207e-001  -1.773809e-001  -2.147959e-001  -2.469001e-001  -2.733261e-001  -2.939869e-001  -3.090428e-001  -3.188539e-001  -3.239281e-001  -3.248693e-001  -3.163119e-001  -2.991831e-001  -2.302512e-001  -1.798685e-001  
-0.000000e+000  -1.262892e-002  -2.495910e-002  -3.670724e-002  -4.761955e-002  -5.799010e-002  -6.710343e-002  -7.484721e-002  -8.117004e-002  -8.607728e-002  -8.962359e-002  -9.190370e-002  -9.304220e-002  -9.232756e-002  -8.890635e-002  -7.133137e-002  -5.705556e-002  
-0.000000e+000  -0.000000e+000  -0.000000e+000  -0.000000e+000  -0.000000e+000  -0.000000e+000  -0.000000e+000  -0.000000e+000  -0.000000e+000  -0.000000e+000  -0.000000e+000  -0.000000e+000  -0.000000e+000  -0.000000e+000  -0.000000e+000  -0.000000e+000  -0.000000e+000  

-1.059169e+000  -1.051842e+000  -1.037334e+000  -1.015931e+000  -9.897679e-001  -9.602673e-001  -9.263234e-001  -8.886046e-001  -8.478038e-001  -8.046106e-001  -7.596874e-001  -7.136504e-001  -6.437575e-001  -5.512436e-001  -3.813796e-001  -1.251510e-001  -0.000000e+000  
-1.124070e+000  -1.115386e+000  -1.098231e+000  -1.073022e+000  -1.042080e+000  -1.007049e+000  -9.670739e-001  -9.230819e-001  -8.760068e-001  -8.267489e-001  -7.761422e-001  -7.249320e-001  -6.481748e-001  -5.491843e-001  -3.718654e-001  -1.193836e-001  -0.000000e+000  
-1.427549e+000  -1.411459e+000  -1.379933e+000  -1.334218e+000  -1.277710e+000  -1.213402e+000  -1.142073e+000  -1.066149e+000  -9.878885e-001  -9.092683e-001  -8.319231e-001  -7.571245e-001  -6.501289e-001  -5.249669e-001  -3.215629e-001  -9.313013e-002  -0.000000e+000  
-1.977136e+000  -1.942138e+000  -1.874330e+000  -1.777838e+000  -1.659261e+000  -1.525962e+000  -1.384144e+000  -1.240348e+000  -1.099943e+000  -9.669260e-001  -8.439475e-001  -7.324814e-001  -5.833506e-001  -4.317111e-001  -2.191678e-001  -5.219872e-002  -0.000000e+000  
-2.985160e+000  -2.900407e+000  -2.738240e+000  -2.512584e+000  -2.240681e+000  -1.944807e+000  -1.648294e+000  -1.368118e+000  -1.115296e+000  -8.953357e-001  -7.095080e-001  -5.562661e-001  -3.705601e-001  -2.175419e-001  -5.193002e-002  1.808303e-003  -0.000000e+000  
-3.935844e+000  -3.787133e+000  -3.503635e+000  -3.113515e+000  -2.651824e+000  -2.167367e+000  -1.709647e+000  -1.306422e+000  -9.693672e-001  -6.986390e-001  -4.879293e-001  -3.282728e-001  -1.514017e-001  -3.150838e-002  6.243226e-002  3.333221e-002  -0.000000e+000  
-5.411027e+000  -5.148907e+000  -4.644036e+000  -3.945585e+000  -3.128099e+000  -2.310949e+000  -1.600703e+000  -1.035296e+000  -6.123444e-001  -3.103107e-001  -1.029773e-001  3.354126e-002  1.609384e-001  2.114459e-001  1.935654e-001  6.635101e-002  -0.000000e+000  
-6.360785e+000  -6.026464e+000  -5.367704e+000  -4.432646e+000  -3.328272e+000  -2.266633e+000  -1.404531e+000  -7.691212e-001  -3.299055e-001  -4.076290e-002  1.406208e-001  2.471706e-001  3.303174e-001  3.347820e-001  2.543027e-001  8.075559e-002  -0.000000e+000  
-7.542702e+000  -7.129364e+000  -6.283204e+000  -5.022720e+000  -3.490712e+000  -2.097245e+000  -1.065477e+000  -3.789851e-001  4.752820e-002  2.971277e-001  4.317942e-001  4.934004e-001  5.167961e-001  4.657563e-001  3.155849e-001  9.479887e-002  -0.000000e+000  
-9.011750e+000  -8.533159e+000  -7.486905e+000  -5.779924e+000  -3.548156e+000  -1.699784e+000  -5.080743e-001  1.758450e-001  5.372414e-001  7.081412e-001  7.696142e-001  7.691549e-001  7.166678e-001  6.014583e-001  3.761379e-001  1.082406e-001  -0.000000e+000  
-1.081317e+001  -1.033184e+001  -9.150963e+000  -6.869290e+000  -3.334353e+000  -8.868350e-001  3.711657e-001  9.354266e-001  1.148183e+000  1.189061e+000  1.147248e+000  1.067339e+000  9.241971e-001  7.380612e-001  4.345227e-001  1.208309e-001  -0.000000e+000  
-1.236616e+001  -1.198168e+001  -1.088279e+001  -8.207668e+000  -2.698039e+000  2.042552e-001  1.308606e+000  1.643880e+000  1.672698e+000  1.580490e+000  1.443694e+000  1.295510e+000  1.078164e+000  8.370406e-001  4.754557e-001  1.294636e-001  -0.000000e+000  
-1.406543e+001  -1.390515e+001  -1.322089e+001  -1.058830e+001  -1.106008e+000  1.923969e+000  2.515396e+000  2.460080e+000  2.240145e+000  1.988094e+000  1.744658e+000  1.523015e+000  1.228278e+000  9.318535e-001  5.136884e-001  1.373886e-001  -0.000000e+000  
-1.582419e+001  -1.602845e+001  -1.630843e+001  -1.552174e+001  2.821005e+000  4.496898e+000  3.949218e+000  3.334745e+000  2.819652e+000  2.393426e+000  2.038652e+000  1.742295e+000  1.370410e+000  1.020299e+000  5.485761e-001  1.445104e-001  -0.000000e+000  
-1.750152e+001  -1.811987e+001  -1.980477e+001  -2.461010e+001  1.550772e+001  7.848845e+000  5.407859e+000  4.175910e+000  3.369142e+000  2.774669e+000  2.312984e+000  1.945290e+000  1.500315e+000  1.100176e+000  5.794999e-001  1.507399e-001  -0.000000e+000  
-1.932107e+001  -2.021908e+001  -2.254536e+001  -2.823347e+001  1.510543e+001  9.483661e+000  6.675211e+000  5.049529e+000  3.974401e+000  3.202428e+000  2.621778e+000  2.173136e+000  1.644787e+000  1.188073e+000  6.129193e-001  1.573846e-001  -0.000000e+000  
-2.054971e+001  -2.138141e+001  -2.308776e+001  -2.536361e+001  1.191119e+001  9.462297e+000  7.247966e+000  5.601051e+000  4.403050e+000  3.519166e+000  2.854229e+000  2.345387e+000  1.753700e+000  1.253872e+000  6.375858e-001  1.622370e-001  -0.000000e+000  
-2.136288e+001  -2.197729e+001  -2.303920e+001  -2.405394e+001  1.027860e+001  9.021673e+000  7.401447e+000  5.918990e+000  4.711904e+000  3.771215e+000  3.047846e+000  2.491579e+000  1.846739e+000  1.309766e+000  6.581784e-001  1.662321e-001  -0.000000e+000  
-2.054971e+001  -2.138141e+001  -2.308776e+001  -2.536361e+001  1.191119e+001  9.462297e+000  7.247966e+000  5.601051e+000  4.403050e+000  3.519166e+000  2.854229e+000  2.345387e+000  1.753700e+000  1.253872e+000  6.375858e-001  1.622370e-001  -0.000000e+000  
-1.932107e+001  -2.021908e+001  -2.254536e+001  -2.823347e+001  1.510543e+001  9.483661e+000  6.675211e+000  5.049529e+000  3.974401e+000  3.202428e+000  2.621778e+000  2.173136e+000  1.644787e+000  1.188073e+000  6.129193e-001  1.573846e-001  -0.000000e+000  
-1.750152e+001  -1.811987e+001  -1.980477e+001  -2.461010e+001  1.550772e+001  7.848845e+000  5.407859e+000  4.175910e+000  3.369142e+000  2.774669e+000  2.312984e+000  1.945290e+000  1.500315e+000  1.100176e+000  5.794999e-001  1.507399e-001  -0.000000e+000  
-1.582419e+001  -1.602845e+001  -1.630843e+001  -1.552174e+001  2.821005e+000  4.496898e+000  3.949218e+000  3.334745e+000  2.819652e+000  2.393426e+000  2.038652e+000  1.742295e+000  1.370410e+000  1.020299e+000  5.485761e-001  1.445104e-001  -0.000000e+000  
-1.406543e+001  -1.390515e+001  -1.322089e+001  -1.058830e+001  -1.106008e+000  1.923969e+000  2.515396e+000  2.460080e+000  2.240145e+000  1.988094e+000  1.744658e+000  1.523015e+000  1.228278e+000  9.318535e-001  5.136884e-001  1.373886e-001  -0.000000e+000  
-1.236616e+001  -1.198168e+001  -1.088279e+001  -8.207668e+000  -2.698039e+000  2.042552e-001  1.308606e+000  1.643880e+000  1.672698e+000  1.580490e+000  1.443694e+000  1.295510e+000  1.078164e+000  8.370406e-001  4.754557e-001  1.294636e-001  -0.000000e+000  
-1.081317e+001  -1.033184e+001  -9.150963e+000  -6.869290e+000  -3.334353e+000  -8.868350e-001  3.711657e-001  9.354266e-001  1.148183e+000  1.189061e+000  1.147248e+000  1.067339e+000  9.241971e-001  7.380612e-001  4.345227e-001  1.208309e-001  -0.000000e+000  
-9.011750e+000  -8.533159e+000  -7.486905e+000  -5.779924e+000  -3.548156e+000  -1.699784e+000  -5.080743e-001  1.758450e-001  5.372414e-001  7.081412e-001  7.696142e-001  7.691549e-001  7.166678e-001  6.014583e-001  3.761379e-001  1.082406e-001  -0.000000e+000  
-7.542702e+000  -7.129364e+000  -6.283204e+000  -5.022720e+000  -3.490712e+000  -2.097245e+000  -1.065477e+000  -3.789851e-001  4.752821e-002  2.971277e-001  4.317942e-001  4.934004e-001  5.167961e-001  4.657563e-001  3.155849e-001  9.479887e-002  -0.000000e+000  
-6.360785e+000  -6.026464e+000  -5.367704e+000  -4.432646e+000  -3.328272e+000  -2.266633e+000  -1.404531e+000  -7.691212e-001  -3.299055e-001  -4.076289e-002  1.406208e-001  2.471706e-001  3.303174e-001  3.347820e-001  2.543027e-001  8.075559e-002  -0.000000e+000  
-5.411027e+000  -5.148907e+000  -4.644036e+000  -3.945585e+000  -3.128099e+000  -2.310949e+000  -1.600703e+000  -1.035296e+000  -6.123444e-001  -3.103107e-001  -1.029773e-001  3.354126e-002  1.609384e-001  2.114459e-001  1.935654e-001  6.635101e-002  -0.000000e+000  
-3.935844e+000  -3.787133e+000  -3.503635e+000  -3.113515e+000  -2.651824e+000  -2.167367e+000  -1.709647e+000  -1.306422e+000  -9.693672e-001  -6.986390e-001  -4.879293e-001  -3.282728e-001  -1.514017e-001  -3.150838e-002  6.243226e-002  3.333221e-002  -0.000000e+000  
-2.985160e+000  -2.900407e+000  -2.738240e+000  -2.512584e+000  -2.240681e+000  -1.944807e+000  -1.648294e+000  -1.368118e+000  -1.115296e+000  -8.953357e-001  -7.095080e-001  -5.562661e-001  -3.705601e-001  -2.175419e-001  -5.193002e-002  1.808303e-003  -0.000000e+000  
-1.977136e+000  -1.942138e+000  -1.874330e+000  -1.777838e+000  -1.659261e+000  -1.525962e+000  -1.384144e+000  -1.240348e+000  -1.099943e+000  -9.669260e-001  -8.439475e-001  -7.324814e-001  -5.833506e-001  -4.317111e-001  -2.191678e-001  -5.219872e-002  -0.000000e+000  
-1.427549e+000  -1.411459e+000  -1.379933e+000  -1.334218e+000  -1.277710e+000  -1.213402e+000  -1.142073e+000  -1.066149e+000  -9.878885e-001  -9.092683e-001  -8.319231e-001  -7.571245e-001  -6.501289e-001  -5.249669e-001  -3.215629e-001  -9.313013e-002  -0.000000e+000  
-1.124070e+000  -1.115386e+000  -1.098231e+000  -1.073022e+000  -1.042080e+000  -1.007049e+000  -9.670739e-001  -9.230819e-001  -8.760068e-001  -8.267489e-001  -7.761422e-001  -7.249320e-001  -6.481748e-001  -5.491843e-001  -3.718654e-001  -1.193836e-001  -0.000000e+000  
-1.059169e+000  -1.051842e+000  -1.037334e+000  -1.015931e+000  -9.897679e-001  -9.602673e-001  -9.263234e-001  -8.886046e-001  -8.478038e-001  -8.046106e-001  -7.596874e-001  -7.136504e-001  -6.437575e-001  -5.512436e-001  -3.813796e-001  -1.251510e-001  -0.000000e+000  

0.000000e+000  0.000000e+000  0.000000e+000  0.000000e+000  0.000000e+000  0.000000e+000  0.000000e+000  0.000000e+000  0.000000e+000  0.000000e+000  0.000000e+000  0.000000e+000  0.000000e+000  0.000000e+000  0.000000e+000  0.000000e+000  0.000000e+000  
0.000000e+000  0.000000e+000  0.000000e+000  0.000000e+000  0.000000e+000  0.000000e+000  0.000000e+000  0.000000e+000  0.000000e+000  0.000000e+000  0.000000e+000  0.000000e+000  0.000000e+000  0.000000e+000  0.000000e+000  0.000000e+000  0.000000e+000  
0.000000e+000  0.000000e+000  0.000000e+000  0.000000e+000  0.000000e+000  0.000000e+000  0.000000e+000  0.000000e+000  0.000000e+000  0.000000e+000  0.000000e+000  0.000000e+000  0.000000e+000  0.000000e+000  0.000000e+000  0.000000e+000  0.000000e+000  
0.000000e+000  0.000000e+000  0.000000e+000  0.000000e+000  0.000000e+000  0.000000e+000  0.000000e+000  0.000000e+000  0.000000e+000  0.000000e+000  0.000000e+000  0.000000e+000  0.000000e+000  0.000000e+000  0.000000e+000  0.000000e+000  0.000000e+000  
0.000000e+000  0.000000e+000  0.000000e+000  0.000000e+000  0.000000e+000  0.000000e+000  0.000000e+000  0.000000e+000  0.000000e+000  0.000000e+000  0.000000e+000  0.000000e+000  0.000000e+000  0.000000e+000  0.000000e+000  0.000000e+000  0.000000e+000  
0.000000e+000  0.000000e+000  0.000000e+000  0.000000e+000  0.000000e+000  0.000000e+000  0.000000e+000  0.000000e+000  0.000000e+000  0.000000e+000  0.000000e+000  0.000000e+000  0.000000e+000  0.000000e+000  0.000000e+000  0.000000e+000  0.000000e+000  
0.000000e+000  0.000000e+000  0.000000e+000  0.000000e+000  0.000000e+000  0.000000e+000  0.000000e+000  0.000000e+000  0.000000e+000  0.000000e+000  0.000000e+000  0.000000e+000  0.000000e+000  0.000000e+000  0.000000e+000  0.000000e+000  0.000000e+000  
0.000000e+000  0.000000e+000  0.000000e+000  0.000000e+000  0.000000e+000  0.000000e+000  0.000000e+000  0.000000e+000  0.000000e+000  0.000000e+000  0.000000e+000  0.000000e+000  0.000000e+000  0.000000e+000  0.000000e+000  0.000000e+000  0.000000e+000  
0.000000e+000  0.000000e+000  0.000000e+000  0.000000e+000  0.000000e+000  0.000000e+000  0.000000e+000  0.000000e+000  0.000000e+000  0.000000e+000  0.000000e+000  0.000000e+000  0.000000e+000  0.000000e+000  0.000000e+000  0.000000e+000  0.000000e+000  
0.000000e+000  0.000000e+000  0.000000e+000  0.000000e+000  0.000000e+000  0.000000e+000  0.000000e+000  0.000000e+000  0.000000e+000  0.000000e+000  0.000000e+000  0.000000e+000  0.000000e+000  0.000000e+000  0.000000e+000  0.000000e+000  0.000000e+000  
0.000000e+000  0.000000e+000  0.000000e+000  0.000000e+000  0.000000e+000  0.000000e+000  0.000000e+000  0.000000e+000  0.000000e+000  0.000000e+000  0.000000e+000  0.000000e+000  0.000000e+000  0.000000e+000  0.000000e+000  0.000000e+000  0.000000e+000  
0.000000e+000  0.000000e+000  0.000000e+000  0.000000e+000  0.000000e+000  0.000000e+000  0.000000e+000  0.000000e+000  0.000000e+000  0.000000e+000  0.000000e+000  0.000000e+000  0.000000e+000  0.000000e+000  0.000000e+000  0.000000e+000  0.000000e+000  
0.000000e+000  0.000000e+000  0.000000e+000  0.000000e+000  0.000000e+000  0.000000e+000  0.000000e+000  0.000000e+000  0.000000e+000  0.000000e+000  0.000000e+000  0.000000e+000  0.000000e+000  0.000000e+000  0.000000e+000  0.000000e+000  0.000000e+000  
0.000000e+000  0.000000e+000  0.000000e+000  0.000000e+000  0.000000e+000  0.000000e+000  0.000000e+000  0.000000e+000  0.000000e+000  0.000000e+000  0.000000e+000  0.000000e+000  0.000000e+000  0.000000e+000  0.000000e+000  0.000000e+000  0.000000e+000  
0.000000e+000  0.000000e+000  0.000000e+000  0.000000e+000  0.000000e+000  0.000000e+000  0.000000e+000  0.000000e+000  0.000000e+000  0.000000e+000  0.000000e+000  0.000000e+000  0.000000e+000  0.000000e+000  0.000000e+000  0.000000e+000  0.000000e+000  
0.000000e+000  0.000000e+000  0.000000e+000  0.000000e+000  0.000000e+000  0.000000e+000  0.000000e+000  0.000000e+000  0.000000e+000  0.000000e+000  0.000000e+000  0.000000e+000  0.000000e+000  0.000000e+000  0.000000e+000  0.000000e+000  0.000000e+000  
0.000000e+000  0.000000e+000  0.000000e+000  0.000000e+000  0.000000e+000  0.000000e+000  0.000000e+000  0.000000e+000  0.000000e+000  0.000000e+000  0.000000e+000  0.000000e+000  0.000000e+000  0.000000e+000  0.000000e+000  0.000000e+000  0.000000e+000  
0.000000e+000  0.000000e+000  0.000000e+000  0.000000e+000  0.000000e+000  0.000000e+000  0.000000e+000  0.000000e+000  0.000000e+000  0.000000e+000  0.000000e+000  0.000000e+000  0.000000e+000  0.000000e+000  0.000000e+000  0.000000e+000  0.000000e+000  
0.000000e+000  0.000000e+000  0.000000e+000  0.000000e+000  0.000000e+000  0.000000e+000  0.000000e+000  0.000000e+000  0.000000e+000  0.000000e+000  0.000000e+000  0.000000e+000  0.000000e+000  0.000000e+000  0.000000e+000  0.000000e+000  0.000000e+000  
0.000000e+000  0.000000e+000  0.000000e+000  0.000000e+000  0.000000e+000  0.000000e+000  0.000000e+000  0.000000e+000  0.000000e+000  0.000000e+000  0.000000e+000  0.000000e+000  0.000000e+000  0.000000e+000  0.000000e+000  0.000000e+000  0.000000e+000  
0.000000e+000  0.000000e+000  0.000000e+000  0.000000e+000  0.000000e+000  0.000000e+000  0.000000e+000  0.000000e+000  0.000000e+000  0.000000e+000  0.000000e+000  0.000000e+000  0.000000e+000  0.000000e+000  0.000000e+000  0.000000e+000  0.000000e+000  
0.000000e+000  0.000000e+000  0.000000e+000  0.000000e+000  0.000000e+000  0.000000e+000  0.000000e+000  0.000000e+000  0.000000e+000  0.000000e+000  0.000000e+000  0.000000e+000  0.000000e+000  0.000000e+000  0.000000e+000  0.000000e+000  0.000000e+000  
0.000000e+000  0.000000e+000  0.000000e+000  0.000000e+000  0.000000e+000  0.000000e+000  0.000000e+000  0.000000e+000  0.000000e+000  0.000000e+000  0.000000e+000  0.000000e+000  0.000000e+000  0.000000e+000  0.000000e+000  0.000000e+000  0.000000e+000  
0.000000e+000  0.000000e+000  0.000000e+000  0.000000e+000  0.000000e+000  0.000000e+000  0.000000e+000  0.000000e+000  0.000000e+000  0.000000e+000  0.000000e+000  0.000000e+000  0.000000e+000  0.000000e+000  0.000000e+000  0.000000e+000  0.000000e+000  
0.000000e+000  0.000000e+000  0.000000e+000  0.000000e+000  0.000000e+000  0.000000e+000  0.000000e+000  0.000000e+000  0.000000e+000  0.000000e+000  0.000000e+000  0.000000e+000  0.000000e+000  0.000000e+000  0.000000e+000  0.000000e+000  0.000000e+000  
0.000000e+000  0.000000e+000  0.000000e+000  0.000000e+000  0.000000e+000  0.000000e+000  0.000000e+000  0.000000e+000  0.000000e+000  0.000000e+000  0.000000e+000  0.000000e+000  0.000000e+000  0.000000e+000  0.000000e+000  0.000000e+000  0.000000e+000  
0.000000e+000  0.000000e+000  0.000000e+000  0.000000e+000  0.000000e+000  0.000000e+000  0.000000e+000  0.000000e+000  0.000000e+000  0.000000e+000  0.000000e+000  0.000000e+000  0.000000e+000  0.000000e+000  0.000000e+000  0.000000e+000  0.000000e+000  
0.000000e+000  0.000000e+000  0.000000e+000  0.000000e+000  0.000000e+000  0.000000e+000  0.000000e+000  0.000000e+000  0.000000e+000  0.000000e+000  0.000000e+000  0.000000e+000  0.000000e+000  0.000000e+000  0.000000e+000  0.000000e+000  0.000000e+000  
0.000000e+000  0.000000e+000  0.000000e+000  0.000000e+000  0.000000e+000  0.000000e+000  0.000000e+000  0.000000e+000  0.000000e+000  0.000000e+000  0.000000e+000  0.000000e+000  0.000000e+000  0.000000e+000  0.000000e+000  0.000000e+000  0.000000e+000  
0.000000e+000  0.000000e+000  0.000000e+000  0.000000e+000  0.000000e+000  0.000000e+000  0.000000e+000  0.000000e+000  0.000000e+000  0.000000e+000  0.000000e+000  0.000000e+000  0.000000e+000  0.000000e+000  0.000000e+000  0.000000e+000  0.000000e+000  
0.000000e+000  0.000000e+000  0.000000e+000  0.000000e+000  0.000000e+000  0.000000e+000  0.000000e+000  0.000000e+000  0.000000e+000  0.000000e+000  0.000000e+000  0.000000e+000  0.000000e+000  0.000000e+000  0.000000e+000  0.000000e+000  0.000000e+000  
0.000000e+000  0.000000e+000  0.000000e+000  0.000000e+000  0.000000e+000  0.000000e+000  0.000000e+000  0.000000e+000  0.000000e+000  0.000000e+000  0.000000e+000  0.000000e+000  0.000000e+000  0.000000e+000  0.000000e+000  0.000000e+000  0.000000e+000  
0.000000e+000  0.000000e+000  0.000000e+000  0.000000e+000  0.000000e+000  0.000000e+000  0.000000e+000  0.000000e+000  0.000000e+000  0.000000e+000  0.000000e+000  0.000000e+000  0.000000e+000  0.000000e+000  0.000000e+000  0.000000e+000  0.000000e+000  
0.000000e+000  0.000000e+000  0.000000e+000  0.000000e+000  0.000000e+000  0.000000e+000  0.000000e+000  0.000000e+000  0.000000e+000  0.000000e+000  0.000000e+000  0.000000e+000  0.000000e+000  0.000000e+000  0.000000e+000  0.000000e+000  0.000000e+000  
0.000000e+000  0.000000e+000  0.000000e+000  0.000000e+000  0.000000e+000  0.000000e+000  0.000000e+000  0.000000e+000  0.000000e+000  0.000000e+000  0.000000e+000  0.000000e+000  0.000000e+000  0.000000e+000  0.000000e+000  0.000000e+000  0.000000e+000  

0.000000e+000  0.000000e+000  0.000000e+000  0.000000e+000  0.000000e+000  0.000000e+000  0.000000e+000  0.000000e+000  0.000000e+000  0.000000e+000  0.000000e+000  0.000000e+000  0.000000e+000  0.000000e+000  0.000000e+000  0.000000e+000  0.000000e+000  
0.000000e+000  0.000000e+000  0.000000e+000  0.000000e+000  0.000000e+000  0.000000e+000  0.000000e+000  0.000000e+000  0.000000e+000  0.000000e+000  0.000000e+000  0.000000e+000  0.000000e+000  0.000000e+000  0.000000e+000  0.000000e+000  0.000000e+000  
0.000000e+000  0.000000e+000  0.000000e+000  0.000000e+000  0.000000e+000  0.000000e+000  0.000000e+000  0.000000e+000  0.000000e+000  0.000000e+000  0.000000e+000  0.000000e+000  0.000000e+000  0.000000e+000  0.000000e+000  0.000000e+000  0.000000e+000  
0.000000e+000  0.000000e+000  0.000000e+000  0.000000e+000  0.000000e+000  0.000000e+000  0.000000e+000  0.000000e+000  0.000000e+000  0.000000e+000  0.000000e+000  0.000000e+000  0.000000e+000  0.000000e+000  0.000000e+000  0.000000e+000  0.000000e+000  
0.000000e+000  0.000000e+000  0.000000e+000  0.000000e+000  0.000000e+000  0.000000e+000  0.000000e+000  0.000000e+000  0.000000e+000  0.000000e+000  0.000000e+000  0.000000e+000  0.000000e+000  0.000000e+000  0.000000e+000  0.000000e+000  0.000000e+000  
0.000000e+000  0.000000e+000  0.000000e+000  0.000000e+000  0.000000e+000  0.000000e+000  0.000000e+000  0.000000e+000  0.000000e+000  0.000000e+000  0.000000e+000  0.000000e+000  0.000000e+000  0.000000e+000  0.000000e+000  0.000000e+000  0.000000e+000  
0.000000e+000  0.000000e+000  0.000000e+000  0.000000e+000  0.000000e+000  0.000000e+000  0.000000e+000  0.000000e+000  0.000000e+000  0.000000e+000  0.000000e+000  0.000000e+000  0.000000e+000  0.000000e+000  0.000000e+000  0.000000e+000  0.000000e+000  
0.000000e+000  0.000000e+000  0.000000e+000  0.000000e+000  0.000000e+000  0.000000e+000  0.000000e+000  0.000000e+000  0.000000e+000  0.000000e+000  0.000000e+000  0.000000e+000  0.000000e+000  0.000000e+000  0.000000e+000  0.000000e+000  0.000000e+000  
0.000000e+000  0.000000e+000  0.000000e+000  0.000000e+000  0.000000e+000  0.000000e+000  0.000000e+000  0.000000e+000  0.000000e+000  0.000000e+000  0.000000e+000  0.000000e+000  0.000000e+000  0.000000e+000  0.000000e+000  0.000000e+000  0.000000e+000  
0.000000e+000  0.000000e+000  0.000000e+000  0.000000e+000  0.000000e+000  0.000000e+000  0.000000e+000  0.000000e+000  0.000000e+000  0.000000e+000  0.000000e+000  0.000000e+000  0.000000e+000  0.000000e+000  0.000000e+000  0.000000e+000  0.000000e+000  
0.000000e+000  0.000000e+000  0.000000e+000  0.000000e+000  0.000000e+000  0.000000e+000  0.000000e+000  0.000000e+000  0.000000e+000  0.000000e+000  0.000000e+000  0.000000e+000  0.000000e+000  0.000000e+000  0.000000e+000  0.000000e+000  0.000000e+000  
0.000000e+000  0.000000e+000  0.000000e+000  0.000000e+000  0.000000e+000  0.000000e+000  0.000000e+000  0.000000e+000  0.000000e+000  0.000000e+000  0.000000e+000  0.000000e+000  0.000000e+000  0.000000e+000  0.000000e+000  0.000000e+000  0.000000e+000  
0.000000e+000  0.000000e+000  0.000000e+000  0.000000e+000  0.000000e+000  0.000000e+000  0.000000e+000  0.000000e+000  0.000000e+000  0.000000e+000  0.000000e+000  0.000000e+000  0.000000e+000  0.000000e+000  0.000000e+000  0.000000e+000  0.000000e+000  
0.000000e+000  0.000000e+000  0.000000e+000  0.000000e+000  0.000000e+000  0.000000e+000  0.000000e+000  0.000000e+000  0.000000e+000  0.000000e+000  0.000000e+000  0.000000e+000  0.000000e+000  0.000000e+000  0.000000e+000  0.000000e+000  0.000000e+000  
0.000000e+000  0.000000e+000  0.000000e+000  0.000000e+000  0.000000e+000  0.000000e+000  0.000000e+000  0.000000e+000  0.000000e+000  0.000000e+000  0.000000e+000  0.000000e+000  0.000000e+000  0.000000e+000  0.000000e+000  0.000000e+000  0.000000e+000  
0.000000e+000  0.000000e+000  0.000000e+000  0.000000e+000  0.000000e+000  0.000000e+000  0.000000e+000  0.000000e+000  0.000000e+000  0.000000e+000  0.000000e+000  0.000000e+000  0.000000e+000  0.000000e+000  0.000000e+000  0.000000e+000  0.000000e+000  
0.000000e+000  0.000000e+000  0.000000e+000  0.000000e+000  0.000000e+000  0.000000e+000  0.000000e+000  0.000000e+000  0.000000e+000  0.000000e+000  0.000000e+000  0.000000e+000  0.000000e+000  0.000000e+000  0.000000e+000  0.000000e+000  0.000000e+000  
0.000000e+000  0.000000e+000  0.000000e+000  0.000000e+000  0.000000e+000  0.000000e+000  0.000000e+000  0.000000e+000  0.000000e+000  0.000000e+000  0.000000e+000  0.000000e+000  0.000000e+000  0.000000e+000  0.000000e+000  0.000000e+000  0.000000e+000  
0.000000e+000  0.000000e+000  0.000000e+000  0.000000e+000  0.000000e+000  0.000000e+000  0.000000e+000  0.000000e+000  0.000000e+000  0.000000e+000  0.000000e+000  0.000000e+000  0.000000e+000  0.000000e+000  0.000000e+000  0.000000e+000  0.000000e+000  
0.000000e+000  0.000000e+000  0.000000e+000  0.000000e+000  0.000000e+000  0.000000e+000  0.000000e+000  0.000000e+000  0.000000e+000  0.000000e+000  0.000000e+000  0.000000e+000  0.000000e+000  0.000000e+000  0.000000e+000  0.000000e+000  0.000000e+000  
0.000000e+000  0.000000e+000  0.000000e+000  0.000000e+000  0.000000e+000  0.000000e+000  0.000000e+000  0.000000e+000  0.000000e+000  0.000000e+000  0.000000e+000  0.000000e+000  0.000000e+000  0.000000e+000  0.000000e+000  0.000000e+000  0.000000e+000  
0.000000e+000  0.000000e+000  0.000000e+000  0.000000e+000  0.000000e+000  0.000000e+000  0.000000e+000  0.000000e+000  0.000000e+000  0.000000e+000  0.000000e+000  0.000000e+000  0.000000e+000  0.000000e+000  0.000000e+000  0.000000e+000  0.000000e+000  
0.000000e+000  0.000000e+000  0.000000e+000  0.000000e+000  0.000000e+000  0.000000e+000  0.000000e+000  0.000000e+000  0.000000e+000  0.000000e+000  0.000000e+000  0.000000e+000  0.000000e+000  0.000000e+000  0.000000e+000  0.000000e+000  0.000000e+000  
0.000000e+000  0.000000e+000  0.000000e+000  0.000000e+000  0.000000e+000  0.000000e+000  0.000000e+000  0.000000e+000  0.000000e+000  0.000000e+000  0.000000e+000  0.000000e+000  0.000000e+000  0.000000e+000  0.000000e+000  0.000000e+000  0.000000e+000  
0.000000e+000  0.000000e+000  0.000000e+000  0.000000e+000  0.000000e+000  0.000000e+000  0.000000e+000  0.000000e+000  0.000000e+000  0.000000e+000  0.000000e+000  0.000000e+000  0.000000e+000  0.000000e+000  0.000000e+000  0.000000e+000  0.000000e+000  
0.000000e+000  0.000000e+000  0.000000e+000  0.000000e+000  0.000000e+000  0.000000e+000  0.000000e+000  0.000000e+000  0.000000e+000  0.000000e+000  0.000000e+000  0.000000e+000  0.000000e+000  0.000000e+000  0.000000e+000  0.000000e+000  0.000000e+000  
0.000000e+000  0.000000e+000  0.000000e+000  0.000000e+000  0.000000e+000  0.000000e+000  0.000000e+000  0.000000e+000  0.000000e+000  0.000000e+000  0.000000e+000  0.000000e+000  0.000000e+000  0.000000e+000  0.000000e+000  0.000000e+000  0.000000e+000  
0.000000e+000  0.000000e+000  0.000000e+000  0.000000e+000  0.000000e+000  0.000000e+000  0.000000e+000  0.000000e+000  0.000000e+000  0.000000e+000  0.000000e+000  0.000000e+000  0.000000e+000  0.000000e+000  0.000000e+000  0.000000e+000  0.000000e+000  
0.000000e+000  0.000000e+000  0.000000e+000  0.000000e+000  0.000000e+000  0.000000e+000  0.000000e+000  0.000000e+000  0.000000e+000  0.000000e+000  0.000000e+000  0.000000e+000  0.000000e+000  0.000000e+000  0.000000e+000  0.000000e+000  0.000000e+000  
0.000000e+000  0.000000e+000  0.000000e+000  0.000000e+000  0.000000e+000  0.000000e+000  0.000000e+000  0.000000e+000  0.000000e+000  0.000000e+000  0.000000e+000  0.000000e+000  0.000000e+000  0.000000e+000  0.000000e+000  0.000000e+000  0.000000e+000  
0.000000e+000  0.000000e+000  0.000000e+000  0.000000e+000  0.000000e+000  0.000000e+000  0.000000e+000  0.000000e+000  0.000000e+000  0.000000e+000  0.000000e+000  0.000000e+000  0.000000e+000  0.000000e+000  0.000000e+000  0.000000e+000  0.000000e+000  
0.000000e+000  0.000000e+000  0.000000e+000  0.000000e+000  0.000000e+000  0.000000e+000  0.000000e+000  0.000000e+000  0.000000e+000  0.000000e+000  0.000000e+000  0.000000e+000  0.000000e+000  0.000000e+000  0.000000e+000  0.000000e+000  0.000000e+000  
0.000000e+000  0.000000e+000  0.000000e+000  0.000000e+000  0.000000e+000  0.000000e+000  0.000000e+000  0.000000e+000  0.000000e+000  0.000000e+000  0.000000e+000  0.000000e+000  0.000000e+000  0.000000e+000  0.000000e+000  0.000000e+000  0.000000e+000  
0.000000e+000  0.000000e+000  0.000000e+000  0.000000e+000  0.000000e+000  0.000000e+000  0.000000e+000  0.000000e+000  0.000000e+000  0.000000e+000  0.000000e+000  0.000000e+000  0.000000e+000  0.000000e+000  0.000000e+000  0.000000e+000  0.000000e+000  
0.000000e+000  0.000000e+000  0.000000e+000  0.000000e+000  0.000000e+000  0.000000e+000  0.000000e+000  0.000000e+000  0.000000e+000  0.000000e+000  0.000000e+000  0.000000e+000  0.000000e+000  0.000000e+000  0.000000e+000  0.000000e+000  0.000000e+000  

0.000000e+000  0.000000e+000  0.000000e+000  0.000000e+000  0.000000e+000  0.000000e+000  0.000000e+000  0.000000e+000  0.000000e+000  0.000000e+000  0.000000e+000  0.000000e+000  0.000000e+000  0.000000e+000  0.000000e+000  0.000000e+000  0.000000e+000  
0.000000e+000  0.000000e+000  0.000000e+000  0.000000e+000  0.000000e+000  0.000000e+000  0.000000e+000  0.000000e+000  0.000000e+000  0.000000e+000  0.000000e+000  0.000000e+000  0.000000e+000  0.000000e+000  0.000000e+000  0.000000e+000  0.000000e+000  
0.000000e+000  0.000000e+000  0.000000e+000  0.000000e+000  0.000000e+000  0.000000e+000  0.000000e+000  0.000000e+000  0.000000e+000  0.000000e+000  0.000000e+000  0.000000e+000  0.000000e+000  0.000000e+000  0.000000e+000  0.000000e+000  0.000000e+000  
0.000000e+000  0.000000e+000  0.000000e+000  0.000000e+000  0.000000e+000  0.000000e+000  0.000000e+000  0.000000e+000  0.000000e+000  0.000000e+000  0.000000e+000  0.000000e+000  0.000000e+000  0.000000e+000  0.000000e+000  0.000000e+000  0.000000e+000  
0.000000e+000  0.000000e+000  0.000000e+000  0.000000e+000  0.000000e+000  0.000000e+000  0.000000e+000  0.000000e+000  0.000000e+000  0.000000e+000  0.000000e+000  0.000000e+000  0.000000e+000  0.000000e+000  0.000000e+000  0.000000e+000  0.000000e+000  
0.000000e+000  0.000000e+000  0.000000e+000  0.000000e+000  0.000000e+000  0.000000e+000  0.000000e+000  0.000000e+000  0.000000e+000  0.000000e+000  0.000000e+000  0.000000e+000  0.000000e+000  0.000000e+000  0.000000e+000  0.000000e+000  0.000000e+000  
0.000000e+000  0.000000e+000  0.000000e+000  0.000000e+000  0.000000e+000  0.000000e+000  0.000000e+000  0.000000e+000  0.000000e+000  0.000000e+000  0.000000e+000  0.000000e+000  0.000000e+000  0.000000e+000  0.000000e+000  0.000000e+000  0.000000e+000  
0.000000e+000  0.000000e+000  0.000000e+000  0.000000e+000  0.000000e+000  0.000000e+000  0.000000e+000  0.000000e+000  0.000000e+000  0.000000e+000  0.000000e+000  0.000000e+000  0.000000e+000  0.000000e+000  0.000000e+000  0.000000e+000  0.000000e+000  
0.000000e+000  0.000000e+000  0.000000e+000  0.000000e+000  0.000000e+000  0.000000e+000  0.000000e+000  0.000000e+000  0.000000e+000  0.000000e+000  0.000000e+000  0.000000e+000  0.000000e+000  0.000000e+000  0.000000e+000  0.000000e+000  0.000000e+000  
0.000000e+000  0.000000e+000  0.000000e+000  0.000000e+000  0.000000e+000  0.000000e+000  0.000000e+000  0.000000e+000  0.000000e+000  0.000000e+000  0.000000e+000  0.000000e+000  0.000000e+000  0.000000e+000  0.000000e+000  0.000000e+000  0.000000e+000  
0.000000e+000  0.000000e+000  0.000000e+000  0.000000e+000  0.000000e+000  0.000000e+000  0.000000e+000  0.000000e+000  0.000000e+000  0.000000e+000  0.000000e+000  0.000000e+000  0.000000e+000  0.000000e+000  0.000000e+000  0.000000e+000  0.000000e+000  
0.000000e+000  0.000000e+000  0.000000e+000  0.000000e+000  0.000000e+000  0.000000e+000  0.000000e+000  0.000000e+000  0.000000e+000  0.000000e+000  0.000000e+000  0.000000e+000  0.000000e+000  0.000000e+000  0.000000e+000  0.000000e+000  0.000000e+000  
0.000000e+000  0.000000e+000  0.000000e+000  0.000000e+000  0.000000e+000  0.000000e+000  0.000000e+000  0.000000e+000  0.000000e+000  0.000000e+000  0.000000e+000  0.000000e+000  0.000000e+000  0.000000e+000  0.000000e+000  0.000000e+000  0.000000e+000  
0.000000e+000  0.000000e+000  0.000000e+000  0.000000e+000  0.000000e+000  0.000000e+000  0.000000e+000  0.000000e+000  0.000000e+000  0.000000e+000  0.000000e+000  0.000000e+000  0.000000e+000  0.000000e+000  0.000000e+000  0.000000e+000  0.000000e+000  
0.000000e+000  0.000000e+000  0.000000e+000  0.000000e+000  0.000000e+000  0.000000e+000  0.000000e+000  0.000000e+000  0.000000e+000  0.000000e+000  0.000000e+000  0.000000e+000  0.000000e+000  0.000000e+000  0.000000e+000  0.000000e+000  0.000000e+000  
0.000000e+000  0.000000e+000  0.000000e+000  0.000000e+000  0.000000e+000  0.000000e+000  0.000000e+000  0.000000e+000  0.000000e+000  0.000000e+000  0.000000e+000  0.000000e+000  0.000000e+000  0.000000e+000  0.000000e+000  0.000000e+000  0.000000e+000  
0.000000e+000  0.000000e+000  0.000000e+000  0.000000e+000  0.000000e+000  0.000000e+000  0.000000e+000  0.000000e+000  0.000000e+000  0.000000e+000  0.000000e+000  0.000000e+000  0.000000e+000  0.000000e+000  0.000000e+000  0.000000e+000  0.000000e+000  
0.000000e+000  0.000000e+000  0.000000e+000  0.000000e+000  0.000000e+000  0.000000e+000  0.000000e+000  0.000000e+000  0.000000e+000  0.000000e+000  0.000000e+000  0.000000e+000  0.000000e+000  0.000000e+000  0.000000e+000  0.000000e+000  0.000000e+000  
0.000000e+000  0.000000e+000  0.000000e+000  0.000000e+000  0.000000e+000  0.000000e+000  0.000000e+000  0.000000e+000  0.000000e+000  0.000000e+000  0.000000e+000  0.000000e+000  0.000000e+000  0.000000e+000  0.000000e+000  0.000000e+000  0.000000e+000  
0.000000e+000  0.000000e+000  0.000000e+000  0.000000e+000  0.000000e+000  0.000000e+000  0.000000e+000  0.000000e+000  0.000000e+000  0.000000e+000  0.000000e+000  0.000000e+000  0.000000e+000  0.000000e+000  0.000000e+000  0.000000e+000  0.000000e+000  
0.000000e+000  0.000000e+000  0.000000e+000  0.000000e+000  0.000000e+000  0.000000e+000  0.000000e+000  0.000000e+000  0.000000e+000  0.000000e+000  0.000000e+000  0.000000e+000  0.000000e+000  0.000000e+000  0.000000e+000  0.000000e+000  0.000000e+000  
0.000000e+000  0.000000e+000  0.000000e+000  0.000000e+000  0.000000e+000  0.000000e+000  0.000000e+000  0.000000e+000  0.000000e+000  0.000000e+000  0.000000e+000  0.000000e+000  0.000000e+000  0.000000e+000  0.000000e+000  0.000000e+000  0.000000e+000  
0.000000e+000  0.000000e+000  0.000000e+000  0.000000e+000  0.000000e+000  0.000000e+000  0.000000e+000  0.000000e+000  0.000000e+000  0.000000e+000  0.000000e+000  0.000000e+000  0.000000e+000  0.000000e+000  0.000000e+000  0.000000e+000  0.000000e+000  
0.000000e+000  0.000000e+000  0.000000e+000  0.000000e+000  0.000000e+000  0.000000e+000  0.000000e+000  0.000000e+000  0.000000e+000  0.000000e+000  0.000000e+000  0.000000e+000  0.000000e+000  0.000000e+000  0.000000e+000  0.000000e+000  0.000000e+000  
0.000000e+000  0.000000e+000  0.000000e+000  0.000000e+000  0.000000e+000  0.000000e+000  0.000000e+000  0.000000e+000  0.000000e+000  0.000000e+000  0.000000e+000  0.000000e+000  0.000000e+000  0.000000e+000  0.000000e+000  0.000000e+000  0.000000e+000  
0.000000e+000  0.000000e+000  0.000000e+000  0.000000e+000  0.000000e+000  0.000000e+000  0.000000e+000  0.000000e+000  0.000000e+000  0.000000e+000  0.000000e+000  0.000000e+000  0.000000e+000  0.000000e+000  0.000000e+000  0.000000e+000  0.000000e+000  
0.000000e+000  0.000000e+000  0.000000e+000  0.000000e+000  0.000000e+000  0.000000e+000  0.000000e+000  0.000000e+000  0.000000e+000  0.000000e+000  0.000000e+000  0.000000e+000  0.000000e+000  0.000000e+000  0.000000e+000  0.000000e+000  0.000000e+000  
0.000000e+000  0.000000e+000  0.000000e+000  0.000000e+000  0.000000e+000  0.000000e+000  0.000000e+000  0.000000e+000  0.000000e+000  0.000000e+000  0.000000e+000  0.000000e+000  0.000000e+000  0.000000e+000  0.000000e+000  0.000000e+000  0.000000e+000  
0.000000e+000  0.000000e+000  0.000000e+000  0.000000e+000  0.000000e+000  0.000000e+000  0.000000e+000  0.000000e+000  0.000000e+000  0.000000e+000  0.000000e+000  0.000000e+000  0.000000e+000  0.000000e+000  0.000000e+000  0.000000e+000  0.000000e+000  
0.000000e+000  0.000000e+000  0.000000e+000  0.000000e+000  0.000000e+000  0.000000e+000  0.000000e+000  0.000000e+000  0.000000e+000  0.000000e+000  0.000000e+000  0.000000e+000  0.000000e+000  0.000000e+000  0.000000e+000  0.000000e+000  0.000000e+000  
0.000000e+000  0.000000e+000  0.000000e+000  0.000000e+000  0.000000e+000  0.000000e+000  0.000000e+000  0.000000e+000  0.000000e+000  0.000000e+000  0.000000e+000  0.000000e+000  0.000000e+000  0.000000e+000  0.000000e+000  0.000000e+000  0.000000e+000  
0.000000e+000  0.000000e+000  0.000000e+000  0.000000e+000  0.000000e+000  0.000000e+000  0.000000e+000  0.000000e+000  0.000000e+000  0.000000e+000  0.000000e+000  0.000000e+000  0.000000e+000  0.000000e+000  0.000000e+000  0.000000e+000  0.000000e+000  
0.000000e+000  0.000000e+000  0.000000e+000  0.000000e+000  0.000000e+000  0.000000e+000  0.000000e+000  0.000000e+000  0.000000e+000  0.000000e+000  0.000000e+000  0.000000e+000  0.000000e+000  0.000000e+000  0.000000e+000  0.000000e+000  0.000000e+000  
0.000000e+000  0.000000e+000  0.000000e+000  0.000000e+000  0.000000e+000  0.000000e+000  0.000000e+000  0.000000e+000  0.000000e+000  0.000000e+000  0.000000e+000  0.000000e+000  0.000000e+000  0.000000e+000  0.000000e+000  0.000000e+000  0.000000e+000  
0.000000e+000  0.000000e+000  0.000000e+000  0.000000e+000  0.000000e+000  0.000000e+000  0.000000e+000  0.000000e+000  0.000000e+000  0.000000e+000  0.000000e+000  0.000000e+000  0.000000e+000  0.000000e+000  0.000000e+000  0.000000e+000  0.000000e+000  

-6.212335e-002  -6.175921e-002  -6.103399e-002  -5.995402e-002  -5.835494e-002  -5.631781e-002  -5.405597e-002  -5.161014e-002  -4.902119e-002  -4.632873e-002  -4.356994e-002  -4.077870e-002  -3.658800e-002  -3.114352e-002  -2.129845e-002  -6.895677e-003  -0.000000e+000  
-2.099441e-001  -2.086936e-001  -2.061986e-001  -2.024725e-001  -1.967474e-001  -1.893008e-001  -1.810839e-001  -1.722601e-001  -1.629906e-001  -1.534281e-001  -1.437122e-001  -1.339665e-001  -1.194616e-001  -1.009464e-001  -6.802251e-002  -2.169340e-002  -0.000000e+000  
-3.867137e-001  -3.844444e-001  -3.798746e-001  -3.729513e-001  -3.608162e-001  -3.439884e-001  -3.257311e-001  -3.064978e-001  -2.867121e-001  -2.667513e-001  -2.469363e-001  -2.275276e-001  -1.993251e-001  -1.650195e-001  -1.067517e-001  -3.271533e-002  -0.000000e+000  
-5.677026e-001  -5.651402e-001  -5.597849e-001  -5.512175e-001  -5.306435e-001  -4.987848e-001  -4.650392e-001  -4.304534e-001  -3.959264e-001  -3.621789e-001  -3.297481e-001  -2.990019e-001  -2.557430e-001  -2.063183e-001  -1.271283e-001  -3.733587e-002  -0.000000e+000  
-7.208145e-001  -7.205219e-001  -7.191206e-001  -7.150865e-001  -6.857904e-001  -6.319719e-001  -5.767464e-001  -5.221988e-001  -4.698776e-001  -4.207973e-001  -3.755198e-001  -3.342617e-001  -2.783656e-001  -2.187206e-001  -1.288129e-001  -3.653824e-002  -0.000000e+000  
-8.228247e-001  -8.269571e-001  -8.336321e-001  -8.397801e-001  -8.041853e-001  -7.274869e-001  -6.510109e-001  -5.779620e-001  -5.103173e-001  -4.490303e-001  -3.943324e-001  -3.460058e-001  -2.823762e-001  -2.176954e-001  -1.242696e-001  -3.444450e-002  -0.000000e+000  
-8.848754e-001  -8.962881e-001  -9.166840e-001  -9.409952e-001  -9.011502e-001  -7.976890e-001  -6.982154e-001  -6.070247e-001  -5.259319e-001  -4.551457e-001  -3.940231e-001  -3.415602e-001  -2.742156e-001  -2.083886e-001  -1.163652e-001  -3.176290e-002  -0.000000e+000  
-9.147169e-001  -9.322973e-001  -9.646602e-001  -1.005436e+000  -9.632896e-001  -8.388020e-001  -7.224154e-001  -6.188722e-001  -5.293353e-001  -4.530766e-001  -3.886050e-001  -3.342605e-001  -2.655887e-001  -2.000390e-001  -1.102066e-001  -2.980426e-002  -0.000000e+000  
-9.319732e-001  -9.576750e-001  -1.006455e+000  -1.071093e+000  -1.027087e+000  -8.753415e-001  -7.389544e-001  -6.222511e-001  -5.246716e-001  -4.438349e-001  -3.770239e-001  -3.217533e-001  -2.530151e-001  -1.889101e-001  -1.027369e-001  -2.754216e-002  -0.000000e+000  
-9.309527e-001  -9.666054e-001  -1.036842e+000  -1.135628e+000  -1.090283e+000  -9.027276e-001  -7.435036e-001  -6.139167e-001  -5.097394e-001  -4.259940e-001  -3.583753e-001  -3.034708e-001  -2.362431e-001  -1.749186e-001  -9.397656e-002  -2.499032e-002  -0.000000e+000  
-9.080728e-001  -9.530364e-001  -1.045629e+000  -1.186130e+000  -1.140005e+000  -9.114565e-001  -7.315230e-001  -5.929731e-001  -4.857380e-001  -4.017890e-001  -3.353130e-001  -2.821479e-001  -2.178590e-001  -1.602328e-001  -8.526478e-002  -2.253140e-002  -0.000000e+000  
-8.710798e-001  -9.229415e-001  -1.034459e+000  -1.218620e+000  -1.171954e+000  -9.022379e-001  -7.071192e-001  -5.644006e-001  -4.573269e-001  -3.752053e-001  -3.111335e-001  -2.604811e-001  -1.998201e-001  -1.461832e-001  -7.719793e-002  -2.029861e-002  -0.000000e+000  
-8.139344e-001  -8.696787e-001  -9.950916e-001  -1.226498e+000  -1.179500e+000  -8.672766e-001  -6.646600e-001  -5.235769e-001  -4.203628e-001  -3.424513e-001  -2.823783e-001  -2.353413e-001  -1.794744e-001  -1.306664e-001  -6.853105e-002  -1.793967e-002  -0.000000e+000  
-7.351483e-001  -7.893941e-001  -9.146679e-001  -1.174378e+000  -1.128693e+000  -7.943202e-001  -6.009364e-001  -4.697094e-001  -3.747095e-001  -3.035885e-001  -2.491709e-001  -2.068658e-001  -1.569509e-001  -1.137845e-001  -5.931758e-002  -1.546749e-002  -0.000000e+000  
-6.203371e-001  -6.654038e-001  -7.623624e-001  -9.211441e-001  -8.588916e-001  -6.540782e-001  -5.029225e-001  -3.933984e-001  -3.127686e-001  -2.523109e-001  -2.062195e-001  -1.705777e-001  -1.287656e-001  -9.295522e-002  -4.816575e-002  -1.251070e-002  -0.000000e+000  
-4.609937e-001  -4.912212e-001  -5.496692e-001  -6.195690e-001  -5.600661e-001  -4.642535e-001  -3.678441e-001  -2.903099e-001  -2.310273e-001  -1.860159e-001  -1.516216e-001  -1.250748e-001  -9.403982e-002  -6.765243e-002  -3.488066e-002  -9.031165e-003  -0.000000e+000  
-1.922226e-001  -2.021414e-001  -2.191983e-001  -2.353053e-001  -2.049530e-001  -1.804834e-001  -1.488459e-001  -1.197763e-001  -9.598575e-002  -7.733966e-002  -6.291328e-002  -5.174812e-002  -3.871820e-002  -2.772882e-002  -1.420251e-002  -3.661827e-003  -0.000000e+000  
1.922226e-001  2.021414e-001  2.191983e-001  2.353053e-001  2.049530e-001  1.804834e-001  1.488459e-001  1.197763e-001  9.598575e-002  7.733966e-002  6.291328e-002  5.174812e-002  3.871820e-002  2.772882e-002  1.420251e-002  3.661827e-003  -0.000000e+000  
4.609937e-001  4.912212e-001  5.496692e-001  6.195690e-001  5.600661e-001  4.642535e-001  3.678441e-001  2.903099e-001  2.310273e-001  1.860159e-001  1.516216e-001  1.250748e-001  9.403982e-002  6.765243e-002  3.488066e-002  9.031165e-003  -0.000000e+000  
6.203371e-001  6.654038e-001  7.623624e-001  9.211441e-001  8.588916e-001  6.540782e-001  5.029225e-001  3.933984e-001  3.127686e-001  2.523109e-001  2.062195e-001  1.705777e-001  1.287656e-001  9.295522e-002  4.816575e-002  1.251070e-002  -0.000000e+000  
7.351483e-001  7.893941e-001  9.146679e-001  1.174378e+000  1.128693e+000  7.943202e-001  6.009364e-001  4.697094e-001  3.747095e-001  3.035885e-001  2.491709e-001  2.068658e-001  1.569509e-001  1.137845e-001  5.931758e-002  1.546749e-002  -0.000000e+000  
8.139344e-001  8.696787e-001  9.950916e-001  1.226498e+000  1.179500e+000  8.672766e-001  6.646600e-001  5.235769e-001  4.203628e-001  3.424513e-001  2.823783e-001  2.353413e-001  1.794744e-001  1.306664e-001  6.853105e-002  1.793967e-002  -0.000000e+000  
8.710798e-001  9.229415e-001  1.034459e+000  1.218620e+000  1.171954e+000  9.022379e-001  7.071192e-001  5.644006e-001  4.573269e-001  3.752053e-001  3.111335e-001  2.604811e-001  1.998201e-001  1.461832e-001  7.719793e-002  2.029861e-002  -0.000000e+000  
9.080728e-001  9.530364e-001  1.045629e+000  1.186130e+000  1.140005e+000  9.114565e-001  7.315230e-001  5.929731e-001  4.857380e-001  4.017890e-001  3.353130e-001  2.821479e-001  2.178590e-001  1.602328e-001  8.526478e-002  2.253140e-002  -0.000000e+000  
9.309527e-001  9.666054e-001  1.036842e+000  1.135628e+000  1.090283e+000  9.027276e-001  7.435036e-001  6.139167e-001  5.097394e-001  4.259940e-001  3.583753e-001  3.034708e-001  2.362431e-001  1.749186e-001  9.397656e-002  2.499032e-002  -0.000000e+000  
9.319732e-001  9.576750e-001  1.006455e+000  1.071093e+000  1.027087e+000  8.753415e-001  7.389544e-001  6.222511e-001  5.246716e-001  4.438349e-001  3.770239e-001  3.217533e-001  2.530151e-001  1.889101e-001  1.027369e-001  2.754216e-002  -0.000000e+000  
9.147169e-001  9.322973e-001  9.646602e-001  1.005436e+000  9.632896e-001  8.388020e-001  7.224154e-001  6.188722e-001  5.293353e-001  4.530766e-001  3.886050e-001  3.342605e-001  2.655887e-001  2.000390e-001  1.102066e-001  2.980426e-002  -0.000000e+000  
8.848754e-001  8.962881e-001  9.166840e-001  9.409952e-001  9.011502e-001  7.976890e-001  6.982154e-001  6.070247e-001  5.259319e-001  4.551457e-001  3.940231e-001  3.415602e-001  2.742156e-001  2.083886e-001  1.163652e-001  3.176290e-002  -0.000000e+000  
8.228247e-001  8.269571e-001  8.336321e-001  8.397801e-001  8.041853e-001  7.274869e-001  6.510109e-001  5.779620e-001  5.103173e-001  4.490303e-001  3.943324e-001  3.460058e-001  2.823762e-001  2.176954e-001  1.242696e-001  3.444450e-002  -0.000000e+000  
7.208145e-001  7.205219e-001  7.191206e-001  7.150865e-001  6.857904e-001  6.319719e-001  5.767464e-001  5.221988e-001  4.698776e-001  4.207973e-001  3.755198e-001  3.342617e-001  2.783656e-001  2.187206e-001  1.288129e-001  3.653824e-002  -0.000000e+000  
5.677026e-001  5.651402e-001  5.597849e-001  5.512175e-001  5.306435e-001  4.987848e-001  4.650392e-001  4.304534e-001  3.959264e-001  3.621789e-001  3.297481e-001  2.990019e-001  2.557430e-001  2.063183e-001  1.271283e-001  3.733587e-002  -0.000000e+000  
3.867137e-001  3.844444e-001  3.798746e-001  3.729513e-001  3.608162e-001  3.439884e-001  3.257311e-001  3.064978e-001  2.867121e-001  2.667513e-001  2.469363e-001  2.275276e-001  1.993251e-001  1.650195e-001  1.067517e-001  3.271533e-002  -0.000000e+000  
2.099441e-001  2.086936e-001  2.061986e-001  2.024725e-001  1.967474e-001  1.893008e-001  1.810839e-001  1.722601e-001  1.629906e-001  1.534281e-001  1.437122e-001  1.339665e-001  1.194616e-001  1.009464e-001  6.802251e-002  2.169340e-002  -0.000000e+000  
6.212335e-002  6.175921e-002  6.103399e-002  5.995402e-002  5.835494e-002  5.631781e-002  5.405597e-002  5.161014e-002  4.902119e-002  4.632873e-002  4.356994e-002  4.077870e-002  3.658800e-002  3.114352e-002  2.129845e-002  6.895677e-003  -0.000000e+000  
-0.000000e+000  -0.000000e+000  -0.000000e+000  -0.000000e+000  -0.000000e+000  -0.000000e+000  -0.000000e+000  -0.000000e+000  -0.000000e+000  -0.000000e+000  -0.000000e+000  -0.000000e+000  -0.000000e+000  -0.000000e+000  -0.000000e+000  -0.000000e+000  -0.000000e+000  

