Port monitor named: Port1_h1[2.4].prt

nx        = 37
ny        = 4
nz        = 19

nu        = 17
nv        = 35
iu        = 2
iv        = 2

idir      = 1
dcut      = -4.410000e-002
icut      = 2
type      = 1
frequency = 2.400000e+009

fcutoff   = 0.000000e+000
alpha     = 0.000000e+000
beta      = 9.226336e+001
accuracy  = 1.792472e-010

type          = QTEM
wave imp.     = 2.489907e+002
wave imp.sig. = 9.769132e-005
line imp.     = 5.327817e+001

ref. port     = 0

-0.000000e+000  1.263129e-002  2.496507e-002  3.671917e-002  4.764070e-002  5.805839e-002  6.721461e-002  7.499617e-002  8.135128e-002  8.628528e-002  8.985318e-002  9.215029e-002  9.330193e-002  9.260444e-002  8.919491e-002  7.170541e-002  5.760663e-002  
-0.000000e+000  4.739262e-002  9.349068e-002  1.370787e-001  1.770908e-001  2.145997e-001  2.467893e-001  2.732898e-001  2.940138e-001  3.091223e-001  3.189769e-001  3.240877e-001  3.250608e-001  3.165596e-001  2.994915e-001  2.309905e-001  1.812802e-001  
-0.000000e+000  1.154420e-001  2.265256e-001  3.292534e-001  4.203038e-001  5.013429e-001  5.658784e-001  6.135890e-001  6.451620e-001  6.620439e-001  6.661695e-001  6.597136e-001  6.448908e-001  5.964730e-001  5.375391e-001  3.722662e-001  2.750180e-001  
-0.000000e+000  2.442043e-001  4.754756e-001  6.822347e-001  8.554776e-001  9.964654e-001  1.093623e+000  1.149202e+000  1.168314e+000  1.157599e+000  1.124087e+000  1.074400e+000  1.014309e+000  8.771361e-001  7.429121e-001  4.561556e-001  3.161785e-001  
-0.000000e+000  4.734440e-001  9.133831e-001  1.289783e+000  1.580113e+000  1.782182e+000  1.881739e+000  1.894056e+000  1.840296e+000  1.741902e+000  1.617276e+000  1.480587e+000  1.341886e+000  1.078378e+000  8.558841e-001  4.728825e-001  3.113185e-001  
-0.000000e+000  7.455399e-001  1.431480e+000  2.001097e+000  2.408740e+000  2.642633e+000  2.694906e+000  2.610194e+000  2.438555e+000  2.222039e+000  1.990566e+000  1.763007e+000  1.549999e+000  1.183229e+000  8.977929e-001  4.631316e-001  2.947809e-001  
-0.000000e+000  1.094584e+000  2.103407e+000  2.929427e+000  3.474326e+000  3.691111e+000  3.605763e+000  3.334657e+000  2.979975e+000  2.608308e+000  2.255433e+000  1.937116e+000  1.657963e+000  1.214512e+000  8.904298e-001  4.382486e-001  2.728062e-001  
-0.000000e+000  1.367708e+000  2.641528e+000  3.692787e+000  4.357562e+000  4.524996e+000  4.282340e+000  3.832847e+000  3.324097e+000  2.834753e+000  2.397431e+000  2.020445e+000  1.701163e+000  1.215763e+000  8.731016e-001  4.178680e-001  2.566725e-001  
-0.000000e+000  1.705854e+000  3.333968e+000  4.724390e+000  5.584979e+000  5.619176e+000  5.091553e+000  4.370797e+000  3.658292e+000  3.030481e+000  2.503201e+000  2.068944e+000  1.713487e+000  1.195453e+000  8.414983e-001  3.922335e-001  2.379208e-001  
-0.000000e+000  2.097671e+000  4.191063e+000  6.123827e+000  7.375471e+000  7.069564e+000  6.025352e+000  4.906522e+000  3.941831e+000  3.165196e+000  2.552311e+000  2.069411e+000  1.686639e+000  1.150219e+000  7.944914e-001  3.613506e-001  2.166574e-001  
-0.000000e+000  2.441398e+000  5.034990e+000  7.756490e+000  9.850452e+000  8.742332e+000  6.884003e+000  5.292260e+000  4.088538e+000  3.194964e+000  2.525537e+000  2.016269e+000  1.622445e+000  1.086742e+000  7.394995e-001  3.299608e-001  1.960580e-001  
-0.000000e+000  2.675561e+000  5.704880e+000  9.390349e+000  1.314476e+001  1.043336e+001  7.526633e+000  5.488623e+000  4.107546e+000  3.143724e+000  2.448024e+000  1.931593e+000  1.539117e+000  1.016628e+000  6.836725e-001  3.004802e-001  1.772716e-001  
-0.000000e+000  2.772808e+000  6.120697e+000  1.099607e+001  1.881713e+001  1.219612e+001  7.870419e+000  5.458923e+000  3.983200e+000  3.000555e+000  2.309175e+000  1.804597e+000  1.425985e+000  9.304404e-001  6.191416e-001  2.684601e-001  1.573704e-001  
-0.000000e+000  2.647739e+000  5.946224e+000  1.146356e+001  2.978909e+001  1.316641e+001  7.552452e+000  5.106322e+000  3.689125e+000  2.757368e+000  2.106325e+000  1.634535e+000  1.283098e+000  8.286061e-001  5.463417e-001  2.341040e-001  1.364630e-001  
-0.000000e+000  2.205289e+000  4.734265e+000  7.984309e+000  -0.000000e+000  7.924863e+000  5.889645e+000  4.274444e+000  3.147142e+000  2.358301e+000  1.795763e+000  1.386324e+000  1.081987e+000  6.917472e-001  4.518755e-001  1.912807e-001  1.108569e-001  
-0.000000e+000  1.468697e+000  2.833400e+000  3.412321e+000  -0.000000e+000  3.641546e+000  3.717392e+000  3.012813e+000  2.312387e+000  1.758189e+000  1.343283e+000  1.035575e+000  8.055833e-001  5.111861e-001  3.314247e-001  1.388877e-001  8.010753e-002  
-0.000000e+000  4.728238e-001  8.095536e-001  7.621530e-001  -0.000000e+000  9.160481e-001  1.203654e+000  1.119502e+000  9.238066e-001  7.275913e-001  5.641756e-001  4.367373e-001  3.394044e-001  2.136617e-001  1.372242e-001  5.674829e-002  3.252490e-002  
-0.000000e+000  -4.728243e-001  -8.095545e-001  -7.621538e-001  -0.000000e+000  -9.160443e-001  -1.203648e+000  -1.119496e+000  -9.238002e-001  -7.275853e-001  -5.641701e-001  -4.367322e-001  -3.393998e-001  -2.136578e-001  -1.372208e-001  -5.674582e-002  -3.252283e-002  
-0.000000e+000  -1.468698e+000  -2.833402e+000  -3.412323e+000  -0.000000e+000  -3.641538e+000  -3.717384e+000  -3.012805e+000  -2.312380e+000  -1.758183e+000  -1.343278e+000  -1.035570e+000  -8.055787e-001  -5.111822e-001  -3.314214e-001  -1.388853e-001  -8.010547e-002  
-0.000000e+000  -2.205290e+000  -4.734268e+000  -7.984313e+000  -0.000000e+000  -7.924848e+000  -5.889634e+000  -4.274435e+000  -3.147135e+000  -2.358295e+000  -1.795758e+000  -1.386319e+000  -1.081983e+000  -6.917434e-001  -4.518723e-001  -1.912783e-001  -1.108548e-001  
-0.000000e+000  -2.647741e+000  -5.946228e+000  -1.146357e+001  -2.978911e+001  -1.316638e+001  -7.552438e+000  -5.106313e+000  -3.689118e+000  -2.757362e+000  -2.106319e+000  -1.634530e+000  -1.283093e+000  -8.286024e-001  -5.463384e-001  -2.341016e-001  -1.364609e-001  
-0.000000e+000  -2.772809e+000  -6.120700e+000  -1.099607e+001  -1.881714e+001  -1.219611e+001  -7.870409e+000  -5.458915e+000  -3.983193e+000  -3.000549e+000  -2.309170e+000  -1.804592e+000  -1.425981e+000  -9.304368e-001  -6.191384e-001  -2.684578e-001  -1.573684e-001  
-0.000000e+000  -2.675562e+000  -5.704882e+000  -9.390353e+000  -1.314477e+001  -1.043336e+001  -7.526625e+000  -5.488616e+000  -4.107540e+000  -3.143718e+000  -2.448019e+000  -1.931589e+000  -1.539113e+000  -1.016625e+000  -6.836694e-001  -3.004779e-001  -1.772696e-001  
-0.000000e+000  -2.441399e+000  -5.034991e+000  -7.756492e+000  -9.850452e+000  -8.742327e+000  -6.883996e+000  -5.292253e+000  -4.088533e+000  -3.194959e+000  -2.525533e+000  -2.016265e+000  -1.622441e+000  -1.086739e+000  -7.394964e-001  -3.299585e-001  -1.960561e-001  
-0.000000e+000  -2.097671e+000  -4.191063e+000  -6.123828e+000  -7.375470e+000  -7.069561e+000  -6.025347e+000  -4.906517e+000  -3.941826e+000  -3.165191e+000  -2.552306e+000  -2.069407e+000  -1.686636e+000  -1.150215e+000  -7.944885e-001  -3.613484e-001  -2.166555e-001  
-0.000000e+000  -1.705854e+000  -3.333968e+000  -4.724389e+000  -5.584977e+000  -5.619173e+000  -5.091550e+000  -4.370792e+000  -3.658287e+000  -3.030477e+000  -2.503197e+000  -2.068940e+000  -1.713484e+000  -1.195450e+000  -8.414955e-001  -3.922313e-001  -2.379189e-001  
-0.000000e+000  -1.367707e+000  -2.641528e+000  -3.692786e+000  -4.357561e+000  -4.524994e+000  -4.282337e+000  -3.832844e+000  -3.324094e+000  -2.834749e+000  -2.397427e+000  -2.020442e+000  -1.701160e+000  -1.215761e+000  -8.730989e-001  -4.178658e-001  -2.566707e-001  
-0.000000e+000  -1.094584e+000  -2.103407e+000  -2.929426e+000  -3.474325e+000  -3.691109e+000  -3.605760e+000  -3.334654e+000  -2.979972e+000  -2.608305e+000  -2.255430e+000  -1.937112e+000  -1.657960e+000  -1.214509e+000  -8.904272e-001  -4.382465e-001  -2.728044e-001  
-0.000000e+000  -7.455397e-001  -1.431479e+000  -2.001096e+000  -2.408738e+000  -2.642631e+000  -2.694904e+000  -2.610192e+000  -2.438553e+000  -2.222037e+000  -1.990563e+000  -1.763004e+000  -1.549996e+000  -1.183227e+000  -8.977905e-001  -4.631297e-001  -2.947792e-001  
-0.000000e+000  -4.734437e-001  -9.133826e-001  -1.289783e+000  -1.580112e+000  -1.782181e+000  -1.881738e+000  -1.894054e+000  -1.840294e+000  -1.741899e+000  -1.617274e+000  -1.480585e+000  -1.341884e+000  -1.078376e+000  -8.558820e-001  -4.728807e-001  -3.113170e-001  
-0.000000e+000  -2.442041e-001  -4.754753e-001  -6.822341e-001  -8.554769e-001  -9.964645e-001  -1.093622e+000  -1.149201e+000  -1.168313e+000  -1.157598e+000  -1.124085e+000  -1.074399e+000  -1.014308e+000  -8.771345e-001  -7.429104e-001  -4.561541e-001  -3.161771e-001  
-0.000000e+000  -1.154419e-001  -2.265254e-001  -3.292530e-001  -4.203033e-001  -5.013424e-001  -5.658777e-001  -6.135882e-001  -6.451612e-001  -6.620430e-001  -6.661685e-001  -6.597126e-001  -6.448898e-001  -5.964719e-001  -5.375380e-001  -3.722651e-001  -2.750169e-001  
-0.000000e+000  -4.739256e-002  -9.349056e-002  -1.370785e-001  -1.770906e-001  -2.145995e-001  -2.467890e-001  -2.732894e-001  -2.940134e-001  -3.091218e-001  -3.189764e-001  -3.240872e-001  -3.250602e-001  -3.165590e-001  -2.994908e-001  -2.309899e-001  -1.812796e-001  
-0.000000e+000  -1.263127e-002  -2.496504e-002  -3.671912e-002  -4.764063e-002  -5.805831e-002  -6.721451e-002  -7.499606e-002  -8.135116e-002  -8.628514e-002  -8.985304e-002  -9.215013e-002  -9.330176e-002  -9.260426e-002  -8.919472e-002  -7.170522e-002  -5.760645e-002  
-0.000000e+000  -0.000000e+000  -0.000000e+000  -0.000000e+000  -0.000000e+000  -0.000000e+000  -0.000000e+000  -0.000000e+000  -0.000000e+000  -0.000000e+000  -0.000000e+000  -0.000000e+000  -0.000000e+000  -0.000000e+000  -0.000000e+000  -0.000000e+000  -0.000000e+000  

-1.060743e+000  -1.053429e+000  -1.038946e+000  -1.017579e+000  -9.914215e-001  -9.618631e-001  -9.278382e-001  -8.900182e-001  -8.490991e-001  -8.057735e-001  -7.607069e-001  -7.145182e-001  -6.443883e-001  -5.515445e-001  -3.813189e-001  -1.252523e-001  -0.000000e+000  
-1.125912e+000  -1.117242e+000  -1.100115e+000  -1.074944e+000  -1.044002e+000  -1.008896e+000  -9.688189e-001  -9.247022e-001  -8.774850e-001  -8.280718e-001  -7.773009e-001  -7.259206e-001  -6.489033e-001  -5.495642e-001  -3.718797e-001  -1.195262e-001  -0.000000e+000  
-1.428300e+000  -1.412286e+000  -1.380906e+000  -1.335395e+000  -1.279049e+000  -1.214787e+000  -1.143477e+000  -1.067548e+000  -9.892626e-001  -9.106009e-001  -8.331991e-001  -7.583302e-001  -6.512093e-001  -5.258299e-001  -3.222555e-001  -9.361584e-002  -0.000000e+000  
-1.975301e+000  -1.940571e+000  -1.873273e+000  -1.777484e+000  -1.659560e+000  -1.526702e+000  -1.385285e+000  -1.241843e+000  -1.101738e+000  -9.689609e-001  -8.461583e-001  -7.348022e-001  -5.857398e-001  -4.339560e-001  -2.211433e-001  -5.309563e-002  -0.000000e+000  
-2.979644e+000  -2.895600e+000  -2.734767e+000  -2.510909e+000  -2.240648e+000  -1.945922e+000  -1.650454e+000  -1.371193e+000  -1.119123e+000  -8.997312e-001  -7.142787e-001  -5.612265e-001  -3.755576e-001  -2.220927e-001  -5.536487e-002  6.710845e-004  -0.000000e+000  
-3.926474e+000  -3.778999e+000  -3.497814e+000  -3.110775e+000  -2.651817e+000  -2.169252e+000  -1.713263e+000  -1.311530e+000  -9.756377e-001  -7.056929e-001  -4.953925e-001  -3.358178e-001  -1.586793e-001  -3.782129e-002  5.821974e-002  3.215795e-002  -0.000000e+000  
-5.395468e+000  -5.135485e+000  -4.634617e+000  -3.941461e+000  -3.128484e+000  -2.314439e+000  -1.607127e+000  -1.044181e+000  -6.229539e-001  -3.218383e-001  -1.147102e-001  2.214488e-002  1.505878e-001  2.030036e-001  1.886594e-001  6.521980e-002  -0.000000e+000  
-6.336814e+000  -6.005584e+000  -5.352731e+000  -4.425632e+000  -3.328222e+000  -2.271678e+000  -1.414159e+000  -7.821911e-001  -3.449938e-001  -5.656387e-002  1.250953e-001  2.325634e-001  3.176214e-001  3.248208e-001  2.489156e-001  7.961560e-002  -0.000000e+000  
-7.507108e+000  -7.098038e+000  -6.260374e+000  -5.011878e+000  -3.490803e+000  -2.105607e+000  -1.080666e+000  -3.985552e-001  2.605038e-002  2.756465e-001  4.115232e-001  4.749810e-001  5.015253e-001  4.542477e-001  3.097903e-001  9.367609e-002  -0.000000e+000  
-8.960252e+000  -8.487068e+000  -7.452466e+000  -5.763633e+000  -3.549840e+000  -1.714982e+000  -5.328543e-001  1.463367e-001  5.068904e-001  6.793759e-001  7.436552e-001  7.464244e-001  6.987320e-001  5.884835e-001  3.700490e-001  1.071654e-001  -0.000000e+000  
-1.074049e+001  -1.026483e+001  -9.098274e+000  -6.843852e+000  -3.341476e+000  -9.160776e-001  3.300743e-001  8.911992e-001  1.106042e+000  1.151439e+000  1.114873e+000  1.040053e+000  9.037276e-001  7.238465e-001  4.282963e-001  1.198380e-001  -0.000000e+000  
-1.227805e+001  -1.189793e+001  -1.081293e+001  -8.171921e+000  -2.714878e+000  1.578541e-001  1.251052e+000  1.586717e+000  1.621274e+000  1.536528e+000  1.407127e+000  1.265514e+000  1.056454e+000  8.223934e-001  4.693507e-001  1.285759e-001  -0.000000e+000  
-1.396023e+001  -1.380102e+001  -1.312610e+001  -1.053209e+001  -1.144254e+000  1.849777e+000  2.435547e+000  2.387387e+000  2.178540e+000  1.937699e+000  1.704147e+000  1.490672e+000  1.205697e+000  9.170501e-001  5.078189e-001  1.366247e-001  -0.000000e+000  
-1.570154e+001  -1.590078e+001  -1.617746e+001  -1.541835e+001  2.730012e+000  4.378646e+000  3.841081e+000  3.244747e+000  2.747730e+000  2.337063e+000  1.994834e+000  1.708228e+000  1.347463e+000  1.005679e+000  5.430669e-001  1.438887e-001  -0.000000e+000  
-1.736339e+001  -1.796807e+001  -1.962576e+001  -2.438950e+001  1.523708e+001  7.668296e+000  5.268458e+000  4.068832e+000  3.287962e+000  2.713536e+000  2.266951e+000  1.910418e+000  1.477645e+000  1.086138e+000  5.744835e-001  1.502785e-001  -0.000000e+000  
-1.923234e+001  -2.010981e+001  -2.237508e+001  -2.782597e+001  1.465019e+001  9.266735e+000  6.537446e+000  4.953104e+000  3.905513e+000  3.152967e+000  2.586051e+000  2.147041e+000  1.628720e+000  1.178552e+000  6.099177e-001  1.573894e-001  -0.000000e+000  
-2.047857e+001  -2.126975e+001  -2.287789e+001  -2.498416e+001  1.147523e+001  9.191796e+000  7.086306e+000  5.501066e+000  4.339006e+000  3.477071e+000  2.825968e+000  2.325980e+000  1.742788e+000  1.247870e+000  6.361197e-001  1.625900e-001  -0.000000e+000  
-2.128377e+001  -2.184731e+001  -2.281226e+001  -2.372080e+001  9.873895e+000  8.722883e+000  7.210788e+000  5.804808e+000  4.645057e+000  3.732110e+000  3.024680e+000  2.477505e+000  1.840318e+000  1.306885e+000  6.580466e-001  1.668801e-001  -0.000000e+000  
-2.047857e+001  -2.126975e+001  -2.287789e+001  -2.498416e+001  1.147522e+001  9.191793e+000  7.086305e+000  5.501066e+000  4.339006e+000  3.477072e+000  2.825969e+000  2.325981e+000  1.742788e+000  1.247871e+000  6.361199e-001  1.625901e-001  -0.000000e+000  
-1.923233e+001  -2.010980e+001  -2.237508e+001  -2.782598e+001  1.465017e+001  9.266731e+000  6.537445e+000  4.953104e+000  3.905514e+000  3.152968e+000  2.586052e+000  2.147042e+000  1.628721e+000  1.178553e+000  6.099181e-001  1.573895e-001  -0.000000e+000  
-1.736339e+001  -1.796806e+001  -1.962576e+001  -2.438950e+001  1.523706e+001  7.668295e+000  5.268459e+000  4.068834e+000  3.287964e+000  2.713537e+000  2.266952e+000  1.910419e+000  1.477646e+000  1.086139e+000  5.744839e-001  1.502786e-001  -0.000000e+000  
-1.570153e+001  -1.590078e+001  -1.617746e+001  -1.541834e+001  2.730045e+000  4.378654e+000  3.841085e+000  3.244749e+000  2.747732e+000  2.337065e+000  1.994835e+000  1.708230e+000  1.347464e+000  1.005680e+000  5.430674e-001  1.438889e-001  -0.000000e+000  
-1.396023e+001  -1.380101e+001  -1.312609e+001  -1.053208e+001  -1.144234e+000  1.849787e+000  2.435553e+000  2.387391e+000  2.178543e+000  1.937701e+000  1.704149e+000  1.490673e+000  1.205698e+000  9.170511e-001  5.078195e-001  1.366249e-001  -0.000000e+000  
-1.227804e+001  -1.189793e+001  -1.081292e+001  -8.171912e+000  -2.714864e+000  1.578633e-001  1.251058e+000  1.586722e+000  1.621278e+000  1.536531e+000  1.407129e+000  1.265516e+000  1.056456e+000  8.223945e-001  4.693513e-001  1.285761e-001  -0.000000e+000  
-1.074049e+001  -1.026482e+001  -9.098268e+000  -6.843843e+000  -3.341466e+000  -9.160693e-001  3.300804e-001  8.912038e-001  1.106046e+000  1.151442e+000  1.114875e+000  1.040055e+000  9.037292e-001  7.238477e-001  4.282970e-001  1.198382e-001  -0.000000e+000  
-8.960247e+000  -8.487062e+000  -7.452459e+000  -5.763626e+000  -3.549832e+000  -1.714975e+000  -5.328485e-001  1.463414e-001  5.068941e-001  6.793790e-001  7.436578e-001  7.464266e-001  6.987337e-001  5.884849e-001  3.700497e-001  1.071657e-001  -0.000000e+000  
-7.507103e+000  -7.098032e+000  -6.260368e+000  -5.011872e+000  -3.490796e+000  -2.105601e+000  -1.080660e+000  -3.985506e-001  2.605418e-002  2.756497e-001  4.115259e-001  4.749833e-001  5.015271e-001  4.542491e-001  3.097911e-001  9.367634e-002  -0.000000e+000  
-6.336808e+000  -6.005578e+000  -5.352725e+000  -4.425626e+000  -3.328216e+000  -2.271672e+000  -1.414154e+000  -7.821867e-001  -3.449901e-001  -5.656063e-002  1.250981e-001  2.325658e-001  3.176233e-001  3.248223e-001  2.489165e-001  7.961587e-002  -0.000000e+000  
-5.395463e+000  -5.135479e+000  -4.634611e+000  -3.941455e+000  -3.128479e+000  -2.314434e+000  -1.607122e+000  -1.044177e+000  -6.229502e-001  -3.218351e-001  -1.147073e-001  2.214734e-002  1.505899e-001  2.030051e-001  1.886604e-001  6.522008e-002  -0.000000e+000  
-3.926469e+000  -3.778994e+000  -3.497809e+000  -3.110771e+000  -2.651812e+000  -2.169247e+000  -1.713259e+000  -1.311527e+000  -9.756343e-001  -7.056898e-001  -4.953898e-001  -3.358154e-001  -1.586773e-001  -3.781962e-002  5.822078e-002  3.215827e-002  -0.000000e+000  
-2.979640e+000  -2.895596e+000  -2.734763e+000  -2.510905e+000  -2.240645e+000  -1.945918e+000  -1.650450e+000  -1.371190e+000  -1.119120e+000  -8.997284e-001  -7.142761e-001  -5.612241e-001  -3.755555e-001  -2.220910e-001  -5.536377e-002  6.714331e-004  -0.000000e+000  
-1.975298e+000  -1.940568e+000  -1.873270e+000  -1.777481e+000  -1.659557e+000  -1.526699e+000  -1.385282e+000  -1.241840e+000  -1.101735e+000  -9.689584e-001  -8.461559e-001  -7.348000e-001  -5.857378e-001  -4.339544e-001  -2.211421e-001  -5.309525e-002  -0.000000e+000  
-1.428297e+000  -1.412283e+000  -1.380903e+000  -1.335392e+000  -1.279046e+000  -1.214785e+000  -1.143474e+000  -1.067546e+000  -9.892604e-001  -9.105987e-001  -8.331971e-001  -7.583283e-001  -6.512076e-001  -5.258283e-001  -3.222544e-001  -9.361545e-002  -0.000000e+000  
-1.125910e+000  -1.117240e+000  -1.100113e+000  -1.074942e+000  -1.044000e+000  -1.008894e+000  -9.688168e-001  -9.247002e-001  -8.774830e-001  -8.280699e-001  -7.772990e-001  -7.259188e-001  -6.489017e-001  -5.495628e-001  -3.718786e-001  -1.195258e-001  -0.000000e+000  
-1.060741e+000  -1.053427e+000  -1.038944e+000  -1.017577e+000  -9.914193e-001  -9.618610e-001  -9.278362e-001  -8.900163e-001  -8.490972e-001  -8.057716e-001  -7.607052e-001  -7.145165e-001  -6.443867e-001  -5.515431e-001  -3.813179e-001  -1.252519e-001  -0.000000e+000  

0.000000e+000  0.000000e+000  0.000000e+000  0.000000e+000  0.000000e+000  0.000000e+000  0.000000e+000  0.000000e+000  0.000000e+000  0.000000e+000  0.000000e+000  0.000000e+000  0.000000e+000  0.000000e+000  0.000000e+000  0.000000e+000  0.000000e+000  
0.000000e+000  0.000000e+000  0.000000e+000  0.000000e+000  0.000000e+000  0.000000e+000  0.000000e+000  0.000000e+000  0.000000e+000  0.000000e+000  0.000000e+000  0.000000e+000  0.000000e+000  0.000000e+000  0.000000e+000  0.000000e+000  0.000000e+000  
0.000000e+000  0.000000e+000  0.000000e+000  0.000000e+000  0.000000e+000  0.000000e+000  0.000000e+000  0.000000e+000  0.000000e+000  0.000000e+000  0.000000e+000  0.000000e+000  0.000000e+000  0.000000e+000  0.000000e+000  0.000000e+000  0.000000e+000  
0.000000e+000  0.000000e+000  0.000000e+000  0.000000e+000  0.000000e+000  0.000000e+000  0.000000e+000  0.000000e+000  0.000000e+000  0.000000e+000  0.000000e+000  0.000000e+000  0.000000e+000  0.000000e+000  0.000000e+000  0.000000e+000  0.000000e+000  
0.000000e+000  0.000000e+000  0.000000e+000  0.000000e+000  0.000000e+000  0.000000e+000  0.000000e+000  0.000000e+000  0.000000e+000  0.000000e+000  0.000000e+000  0.000000e+000  0.000000e+000  0.000000e+000  0.000000e+000  0.000000e+000  0.000000e+000  
0.000000e+000  0.000000e+000  0.000000e+000  0.000000e+000  0.000000e+000  0.000000e+000  0.000000e+000  0.000000e+000  0.000000e+000  0.000000e+000  0.000000e+000  0.000000e+000  0.000000e+000  0.000000e+000  0.000000e+000  0.000000e+000  0.000000e+000  
0.000000e+000  0.000000e+000  0.000000e+000  0.000000e+000  0.000000e+000  0.000000e+000  0.000000e+000  0.000000e+000  0.000000e+000  0.000000e+000  0.000000e+000  0.000000e+000  0.000000e+000  0.000000e+000  0.000000e+000  0.000000e+000  0.000000e+000  
0.000000e+000  0.000000e+000  0.000000e+000  0.000000e+000  0.000000e+000  0.000000e+000  0.000000e+000  0.000000e+000  0.000000e+000  0.000000e+000  0.000000e+000  0.000000e+000  0.000000e+000  0.000000e+000  0.000000e+000  0.000000e+000  0.000000e+000  
0.000000e+000  0.000000e+000  0.000000e+000  0.000000e+000  0.000000e+000  0.000000e+000  0.000000e+000  0.000000e+000  0.000000e+000  0.000000e+000  0.000000e+000  0.000000e+000  0.000000e+000  0.000000e+000  0.000000e+000  0.000000e+000  0.000000e+000  
0.000000e+000  0.000000e+000  0.000000e+000  0.000000e+000  0.000000e+000  0.000000e+000  0.000000e+000  0.000000e+000  0.000000e+000  0.000000e+000  0.000000e+000  0.000000e+000  0.000000e+000  0.000000e+000  0.000000e+000  0.000000e+000  0.000000e+000  
0.000000e+000  0.000000e+000  0.000000e+000  0.000000e+000  0.000000e+000  0.000000e+000  0.000000e+000  0.000000e+000  0.000000e+000  0.000000e+000  0.000000e+000  0.000000e+000  0.000000e+000  0.000000e+000  0.000000e+000  0.000000e+000  0.000000e+000  
0.000000e+000  0.000000e+000  0.000000e+000  0.000000e+000  0.000000e+000  0.000000e+000  0.000000e+000  0.000000e+000  0.000000e+000  0.000000e+000  0.000000e+000  0.000000e+000  0.000000e+000  0.000000e+000  0.000000e+000  0.000000e+000  0.000000e+000  
0.000000e+000  0.000000e+000  0.000000e+000  0.000000e+000  0.000000e+000  0.000000e+000  0.000000e+000  0.000000e+000  0.000000e+000  0.000000e+000  0.000000e+000  0.000000e+000  0.000000e+000  0.000000e+000  0.000000e+000  0.000000e+000  0.000000e+000  
0.000000e+000  0.000000e+000  0.000000e+000  0.000000e+000  0.000000e+000  0.000000e+000  0.000000e+000  0.000000e+000  0.000000e+000  0.000000e+000  0.000000e+000  0.000000e+000  0.000000e+000  0.000000e+000  0.000000e+000  0.000000e+000  0.000000e+000  
0.000000e+000  0.000000e+000  0.000000e+000  0.000000e+000  0.000000e+000  0.000000e+000  0.000000e+000  0.000000e+000  0.000000e+000  0.000000e+000  0.000000e+000  0.000000e+000  0.000000e+000  0.000000e+000  0.000000e+000  0.000000e+000  0.000000e+000  
0.000000e+000  0.000000e+000  0.000000e+000  0.000000e+000  0.000000e+000  0.000000e+000  0.000000e+000  0.000000e+000  0.000000e+000  0.000000e+000  0.000000e+000  0.000000e+000  0.000000e+000  0.000000e+000  0.000000e+000  0.000000e+000  0.000000e+000  
0.000000e+000  0.000000e+000  0.000000e+000  0.000000e+000  0.000000e+000  0.000000e+000  0.000000e+000  0.000000e+000  0.000000e+000  0.000000e+000  0.000000e+000  0.000000e+000  0.000000e+000  0.000000e+000  0.000000e+000  0.000000e+000  0.000000e+000  
0.000000e+000  0.000000e+000  0.000000e+000  0.000000e+000  0.000000e+000  0.000000e+000  0.000000e+000  0.000000e+000  0.000000e+000  0.000000e+000  0.000000e+000  0.000000e+000  0.000000e+000  0.000000e+000  0.000000e+000  0.000000e+000  0.000000e+000  
0.000000e+000  0.000000e+000  0.000000e+000  0.000000e+000  0.000000e+000  0.000000e+000  0.000000e+000  0.000000e+000  0.000000e+000  0.000000e+000  0.000000e+000  0.000000e+000  0.000000e+000  0.000000e+000  0.000000e+000  0.000000e+000  0.000000e+000  
0.000000e+000  0.000000e+000  0.000000e+000  0.000000e+000  0.000000e+000  0.000000e+000  0.000000e+000  0.000000e+000  0.000000e+000  0.000000e+000  0.000000e+000  0.000000e+000  0.000000e+000  0.000000e+000  0.000000e+000  0.000000e+000  0.000000e+000  
0.000000e+000  0.000000e+000  0.000000e+000  0.000000e+000  0.000000e+000  0.000000e+000  0.000000e+000  0.000000e+000  0.000000e+000  0.000000e+000  0.000000e+000  0.000000e+000  0.000000e+000  0.000000e+000  0.000000e+000  0.000000e+000  0.000000e+000  
0.000000e+000  0.000000e+000  0.000000e+000  0.000000e+000  0.000000e+000  0.000000e+000  0.000000e+000  0.000000e+000  0.000000e+000  0.000000e+000  0.000000e+000  0.000000e+000  0.000000e+000  0.000000e+000  0.000000e+000  0.000000e+000  0.000000e+000  
0.000000e+000  0.000000e+000  0.000000e+000  0.000000e+000  0.000000e+000  0.000000e+000  0.000000e+000  0.000000e+000  0.000000e+000  0.000000e+000  0.000000e+000  0.000000e+000  0.000000e+000  0.000000e+000  0.000000e+000  0.000000e+000  0.000000e+000  
0.000000e+000  0.000000e+000  0.000000e+000  0.000000e+000  0.000000e+000  0.000000e+000  0.000000e+000  0.000000e+000  0.000000e+000  0.000000e+000  0.000000e+000  0.000000e+000  0.000000e+000  0.000000e+000  0.000000e+000  0.000000e+000  0.000000e+000  
0.000000e+000  0.000000e+000  0.000000e+000  0.000000e+000  0.000000e+000  0.000000e+000  0.000000e+000  0.000000e+000  0.000000e+000  0.000000e+000  0.000000e+000  0.000000e+000  0.000000e+000  0.000000e+000  0.000000e+000  0.000000e+000  0.000000e+000  
0.000000e+000  0.000000e+000  0.000000e+000  0.000000e+000  0.000000e+000  0.000000e+000  0.000000e+000  0.000000e+000  0.000000e+000  0.000000e+000  0.000000e+000  0.000000e+000  0.000000e+000  0.000000e+000  0.000000e+000  0.000000e+000  0.000000e+000  
0.000000e+000  0.000000e+000  0.000000e+000  0.000000e+000  0.000000e+000  0.000000e+000  0.000000e+000  0.000000e+000  0.000000e+000  0.000000e+000  0.000000e+000  0.000000e+000  0.000000e+000  0.000000e+000  0.000000e+000  0.000000e+000  0.000000e+000  
0.000000e+000  0.000000e+000  0.000000e+000  0.000000e+000  0.000000e+000  0.000000e+000  0.000000e+000  0.000000e+000  0.000000e+000  0.000000e+000  0.000000e+000  0.000000e+000  0.000000e+000  0.000000e+000  0.000000e+000  0.000000e+000  0.000000e+000  
0.000000e+000  0.000000e+000  0.000000e+000  0.000000e+000  0.000000e+000  0.000000e+000  0.000000e+000  0.000000e+000  0.000000e+000  0.000000e+000  0.000000e+000  0.000000e+000  0.000000e+000  0.000000e+000  0.000000e+000  0.000000e+000  0.000000e+000  
0.000000e+000  0.000000e+000  0.000000e+000  0.000000e+000  0.000000e+000  0.000000e+000  0.000000e+000  0.000000e+000  0.000000e+000  0.000000e+000  0.000000e+000  0.000000e+000  0.000000e+000  0.000000e+000  0.000000e+000  0.000000e+000  0.000000e+000  
0.000000e+000  0.000000e+000  0.000000e+000  0.000000e+000  0.000000e+000  0.000000e+000  0.000000e+000  0.000000e+000  0.000000e+000  0.000000e+000  0.000000e+000  0.000000e+000  0.000000e+000  0.000000e+000  0.000000e+000  0.000000e+000  0.000000e+000  
0.000000e+000  0.000000e+000  0.000000e+000  0.000000e+000  0.000000e+000  0.000000e+000  0.000000e+000  0.000000e+000  0.000000e+000  0.000000e+000  0.000000e+000  0.000000e+000  0.000000e+000  0.000000e+000  0.000000e+000  0.000000e+000  0.000000e+000  
0.000000e+000  0.000000e+000  0.000000e+000  0.000000e+000  0.000000e+000  0.000000e+000  0.000000e+000  0.000000e+000  0.000000e+000  0.000000e+000  0.000000e+000  0.000000e+000  0.000000e+000  0.000000e+000  0.000000e+000  0.000000e+000  0.000000e+000  
0.000000e+000  0.000000e+000  0.000000e+000  0.000000e+000  0.000000e+000  0.000000e+000  0.000000e+000  0.000000e+000  0.000000e+000  0.000000e+000  0.000000e+000  0.000000e+000  0.000000e+000  0.000000e+000  0.000000e+000  0.000000e+000  0.000000e+000  
0.000000e+000  0.000000e+000  0.000000e+000  0.000000e+000  0.000000e+000  0.000000e+000  0.000000e+000  0.000000e+000  0.000000e+000  0.000000e+000  0.000000e+000  0.000000e+000  0.000000e+000  0.000000e+000  0.000000e+000  0.000000e+000  0.000000e+000  

0.000000e+000  0.000000e+000  0.000000e+000  0.000000e+000  0.000000e+000  0.000000e+000  0.000000e+000  0.000000e+000  0.000000e+000  0.000000e+000  0.000000e+000  0.000000e+000  0.000000e+000  0.000000e+000  0.000000e+000  0.000000e+000  0.000000e+000  
0.000000e+000  0.000000e+000  0.000000e+000  0.000000e+000  0.000000e+000  0.000000e+000  0.000000e+000  0.000000e+000  0.000000e+000  0.000000e+000  0.000000e+000  0.000000e+000  0.000000e+000  0.000000e+000  0.000000e+000  0.000000e+000  0.000000e+000  
0.000000e+000  0.000000e+000  0.000000e+000  0.000000e+000  0.000000e+000  0.000000e+000  0.000000e+000  0.000000e+000  0.000000e+000  0.000000e+000  0.000000e+000  0.000000e+000  0.000000e+000  0.000000e+000  0.000000e+000  0.000000e+000  0.000000e+000  
0.000000e+000  0.000000e+000  0.000000e+000  0.000000e+000  0.000000e+000  0.000000e+000  0.000000e+000  0.000000e+000  0.000000e+000  0.000000e+000  0.000000e+000  0.000000e+000  0.000000e+000  0.000000e+000  0.000000e+000  0.000000e+000  0.000000e+000  
0.000000e+000  0.000000e+000  0.000000e+000  0.000000e+000  0.000000e+000  0.000000e+000  0.000000e+000  0.000000e+000  0.000000e+000  0.000000e+000  0.000000e+000  0.000000e+000  0.000000e+000  0.000000e+000  0.000000e+000  0.000000e+000  0.000000e+000  
0.000000e+000  0.000000e+000  0.000000e+000  0.000000e+000  0.000000e+000  0.000000e+000  0.000000e+000  0.000000e+000  0.000000e+000  0.000000e+000  0.000000e+000  0.000000e+000  0.000000e+000  0.000000e+000  0.000000e+000  0.000000e+000  0.000000e+000  
0.000000e+000  0.000000e+000  0.000000e+000  0.000000e+000  0.000000e+000  0.000000e+000  0.000000e+000  0.000000e+000  0.000000e+000  0.000000e+000  0.000000e+000  0.000000e+000  0.000000e+000  0.000000e+000  0.000000e+000  0.000000e+000  0.000000e+000  
0.000000e+000  0.000000e+000  0.000000e+000  0.000000e+000  0.000000e+000  0.000000e+000  0.000000e+000  0.000000e+000  0.000000e+000  0.000000e+000  0.000000e+000  0.000000e+000  0.000000e+000  0.000000e+000  0.000000e+000  0.000000e+000  0.000000e+000  
0.000000e+000  0.000000e+000  0.000000e+000  0.000000e+000  0.000000e+000  0.000000e+000  0.000000e+000  0.000000e+000  0.000000e+000  0.000000e+000  0.000000e+000  0.000000e+000  0.000000e+000  0.000000e+000  0.000000e+000  0.000000e+000  0.000000e+000  
0.000000e+000  0.000000e+000  0.000000e+000  0.000000e+000  0.000000e+000  0.000000e+000  0.000000e+000  0.000000e+000  0.000000e+000  0.000000e+000  0.000000e+000  0.000000e+000  0.000000e+000  0.000000e+000  0.000000e+000  0.000000e+000  0.000000e+000  
0.000000e+000  0.000000e+000  0.000000e+000  0.000000e+000  0.000000e+000  0.000000e+000  0.000000e+000  0.000000e+000  0.000000e+000  0.000000e+000  0.000000e+000  0.000000e+000  0.000000e+000  0.000000e+000  0.000000e+000  0.000000e+000  0.000000e+000  
0.000000e+000  0.000000e+000  0.000000e+000  0.000000e+000  0.000000e+000  0.000000e+000  0.000000e+000  0.000000e+000  0.000000e+000  0.000000e+000  0.000000e+000  0.000000e+000  0.000000e+000  0.000000e+000  0.000000e+000  0.000000e+000  0.000000e+000  
0.000000e+000  0.000000e+000  0.000000e+000  0.000000e+000  0.000000e+000  0.000000e+000  0.000000e+000  0.000000e+000  0.000000e+000  0.000000e+000  0.000000e+000  0.000000e+000  0.000000e+000  0.000000e+000  0.000000e+000  0.000000e+000  0.000000e+000  
0.000000e+000  0.000000e+000  0.000000e+000  0.000000e+000  0.000000e+000  0.000000e+000  0.000000e+000  0.000000e+000  0.000000e+000  0.000000e+000  0.000000e+000  0.000000e+000  0.000000e+000  0.000000e+000  0.000000e+000  0.000000e+000  0.000000e+000  
0.000000e+000  0.000000e+000  0.000000e+000  0.000000e+000  0.000000e+000  0.000000e+000  0.000000e+000  0.000000e+000  0.000000e+000  0.000000e+000  0.000000e+000  0.000000e+000  0.000000e+000  0.000000e+000  0.000000e+000  0.000000e+000  0.000000e+000  
0.000000e+000  0.000000e+000  0.000000e+000  0.000000e+000  0.000000e+000  0.000000e+000  0.000000e+000  0.000000e+000  0.000000e+000  0.000000e+000  0.000000e+000  0.000000e+000  0.000000e+000  0.000000e+000  0.000000e+000  0.000000e+000  0.000000e+000  
0.000000e+000  0.000000e+000  0.000000e+000  0.000000e+000  0.000000e+000  0.000000e+000  0.000000e+000  0.000000e+000  0.000000e+000  0.000000e+000  0.000000e+000  0.000000e+000  0.000000e+000  0.000000e+000  0.000000e+000  0.000000e+000  0.000000e+000  
0.000000e+000  0.000000e+000  0.000000e+000  0.000000e+000  0.000000e+000  0.000000e+000  0.000000e+000  0.000000e+000  0.000000e+000  0.000000e+000  0.000000e+000  0.000000e+000  0.000000e+000  0.000000e+000  0.000000e+000  0.000000e+000  0.000000e+000  
0.000000e+000  0.000000e+000  0.000000e+000  0.000000e+000  0.000000e+000  0.000000e+000  0.000000e+000  0.000000e+000  0.000000e+000  0.000000e+000  0.000000e+000  0.000000e+000  0.000000e+000  0.000000e+000  0.000000e+000  0.000000e+000  0.000000e+000  
0.000000e+000  0.000000e+000  0.000000e+000  0.000000e+000  0.000000e+000  0.000000e+000  0.000000e+000  0.000000e+000  0.000000e+000  0.000000e+000  0.000000e+000  0.000000e+000  0.000000e+000  0.000000e+000  0.000000e+000  0.000000e+000  0.000000e+000  
0.000000e+000  0.000000e+000  0.000000e+000  0.000000e+000  0.000000e+000  0.000000e+000  0.000000e+000  0.000000e+000  0.000000e+000  0.000000e+000  0.000000e+000  0.000000e+000  0.000000e+000  0.000000e+000  0.000000e+000  0.000000e+000  0.000000e+000  
0.000000e+000  0.000000e+000  0.000000e+000  0.000000e+000  0.000000e+000  0.000000e+000  0.000000e+000  0.000000e+000  0.000000e+000  0.000000e+000  0.000000e+000  0.000000e+000  0.000000e+000  0.000000e+000  0.000000e+000  0.000000e+000  0.000000e+000  
0.000000e+000  0.000000e+000  0.000000e+000  0.000000e+000  0.000000e+000  0.000000e+000  0.000000e+000  0.000000e+000  0.000000e+000  0.000000e+000  0.000000e+000  0.000000e+000  0.000000e+000  0.000000e+000  0.000000e+000  0.000000e+000  0.000000e+000  
0.000000e+000  0.000000e+000  0.000000e+000  0.000000e+000  0.000000e+000  0.000000e+000  0.000000e+000  0.000000e+000  0.000000e+000  0.000000e+000  0.000000e+000  0.000000e+000  0.000000e+000  0.000000e+000  0.000000e+000  0.000000e+000  0.000000e+000  
0.000000e+000  0.000000e+000  0.000000e+000  0.000000e+000  0.000000e+000  0.000000e+000  0.000000e+000  0.000000e+000  0.000000e+000  0.000000e+000  0.000000e+000  0.000000e+000  0.000000e+000  0.000000e+000  0.000000e+000  0.000000e+000  0.000000e+000  
0.000000e+000  0.000000e+000  0.000000e+000  0.000000e+000  0.000000e+000  0.000000e+000  0.000000e+000  0.000000e+000  0.000000e+000  0.000000e+000  0.000000e+000  0.000000e+000  0.000000e+000  0.000000e+000  0.000000e+000  0.000000e+000  0.000000e+000  
0.000000e+000  0.000000e+000  0.000000e+000  0.000000e+000  0.000000e+000  0.000000e+000  0.000000e+000  0.000000e+000  0.000000e+000  0.000000e+000  0.000000e+000  0.000000e+000  0.000000e+000  0.000000e+000  0.000000e+000  0.000000e+000  0.000000e+000  
0.000000e+000  0.000000e+000  0.000000e+000  0.000000e+000  0.000000e+000  0.000000e+000  0.000000e+000  0.000000e+000  0.000000e+000  0.000000e+000  0.000000e+000  0.000000e+000  0.000000e+000  0.000000e+000  0.000000e+000  0.000000e+000  0.000000e+000  
0.000000e+000  0.000000e+000  0.000000e+000  0.000000e+000  0.000000e+000  0.000000e+000  0.000000e+000  0.000000e+000  0.000000e+000  0.000000e+000  0.000000e+000  0.000000e+000  0.000000e+000  0.000000e+000  0.000000e+000  0.000000e+000  0.000000e+000  
0.000000e+000  0.000000e+000  0.000000e+000  0.000000e+000  0.000000e+000  0.000000e+000  0.000000e+000  0.000000e+000  0.000000e+000  0.000000e+000  0.000000e+000  0.000000e+000  0.000000e+000  0.000000e+000  0.000000e+000  0.000000e+000  0.000000e+000  
0.000000e+000  0.000000e+000  0.000000e+000  0.000000e+000  0.000000e+000  0.000000e+000  0.000000e+000  0.000000e+000  0.000000e+000  0.000000e+000  0.000000e+000  0.000000e+000  0.000000e+000  0.000000e+000  0.000000e+000  0.000000e+000  0.000000e+000  
0.000000e+000  0.000000e+000  0.000000e+000  0.000000e+000  0.000000e+000  0.000000e+000  0.000000e+000  0.000000e+000  0.000000e+000  0.000000e+000  0.000000e+000  0.000000e+000  0.000000e+000  0.000000e+000  0.000000e+000  0.000000e+000  0.000000e+000  
0.000000e+000  0.000000e+000  0.000000e+000  0.000000e+000  0.000000e+000  0.000000e+000  0.000000e+000  0.000000e+000  0.000000e+000  0.000000e+000  0.000000e+000  0.000000e+000  0.000000e+000  0.000000e+000  0.000000e+000  0.000000e+000  0.000000e+000  
0.000000e+000  0.000000e+000  0.000000e+000  0.000000e+000  0.000000e+000  0.000000e+000  0.000000e+000  0.000000e+000  0.000000e+000  0.000000e+000  0.000000e+000  0.000000e+000  0.000000e+000  0.000000e+000  0.000000e+000  0.000000e+000  0.000000e+000  
0.000000e+000  0.000000e+000  0.000000e+000  0.000000e+000  0.000000e+000  0.000000e+000  0.000000e+000  0.000000e+000  0.000000e+000  0.000000e+000  0.000000e+000  0.000000e+000  0.000000e+000  0.000000e+000  0.000000e+000  0.000000e+000  0.000000e+000  

0.000000e+000  0.000000e+000  0.000000e+000  0.000000e+000  0.000000e+000  0.000000e+000  0.000000e+000  0.000000e+000  0.000000e+000  0.000000e+000  0.000000e+000  0.000000e+000  0.000000e+000  0.000000e+000  0.000000e+000  0.000000e+000  0.000000e+000  
0.000000e+000  0.000000e+000  0.000000e+000  0.000000e+000  0.000000e+000  0.000000e+000  0.000000e+000  0.000000e+000  0.000000e+000  0.000000e+000  0.000000e+000  0.000000e+000  0.000000e+000  0.000000e+000  0.000000e+000  0.000000e+000  0.000000e+000  
0.000000e+000  0.000000e+000  0.000000e+000  0.000000e+000  0.000000e+000  0.000000e+000  0.000000e+000  0.000000e+000  0.000000e+000  0.000000e+000  0.000000e+000  0.000000e+000  0.000000e+000  0.000000e+000  0.000000e+000  0.000000e+000  0.000000e+000  
0.000000e+000  0.000000e+000  0.000000e+000  0.000000e+000  0.000000e+000  0.000000e+000  0.000000e+000  0.000000e+000  0.000000e+000  0.000000e+000  0.000000e+000  0.000000e+000  0.000000e+000  0.000000e+000  0.000000e+000  0.000000e+000  0.000000e+000  
0.000000e+000  0.000000e+000  0.000000e+000  0.000000e+000  0.000000e+000  0.000000e+000  0.000000e+000  0.000000e+000  0.000000e+000  0.000000e+000  0.000000e+000  0.000000e+000  0.000000e+000  0.000000e+000  0.000000e+000  0.000000e+000  0.000000e+000  
0.000000e+000  0.000000e+000  0.000000e+000  0.000000e+000  0.000000e+000  0.000000e+000  0.000000e+000  0.000000e+000  0.000000e+000  0.000000e+000  0.000000e+000  0.000000e+000  0.000000e+000  0.000000e+000  0.000000e+000  0.000000e+000  0.000000e+000  
0.000000e+000  0.000000e+000  0.000000e+000  0.000000e+000  0.000000e+000  0.000000e+000  0.000000e+000  0.000000e+000  0.000000e+000  0.000000e+000  0.000000e+000  0.000000e+000  0.000000e+000  0.000000e+000  0.000000e+000  0.000000e+000  0.000000e+000  
0.000000e+000  0.000000e+000  0.000000e+000  0.000000e+000  0.000000e+000  0.000000e+000  0.000000e+000  0.000000e+000  0.000000e+000  0.000000e+000  0.000000e+000  0.000000e+000  0.000000e+000  0.000000e+000  0.000000e+000  0.000000e+000  0.000000e+000  
0.000000e+000  0.000000e+000  0.000000e+000  0.000000e+000  0.000000e+000  0.000000e+000  0.000000e+000  0.000000e+000  0.000000e+000  0.000000e+000  0.000000e+000  0.000000e+000  0.000000e+000  0.000000e+000  0.000000e+000  0.000000e+000  0.000000e+000  
0.000000e+000  0.000000e+000  0.000000e+000  0.000000e+000  0.000000e+000  0.000000e+000  0.000000e+000  0.000000e+000  0.000000e+000  0.000000e+000  0.000000e+000  0.000000e+000  0.000000e+000  0.000000e+000  0.000000e+000  0.000000e+000  0.000000e+000  
0.000000e+000  0.000000e+000  0.000000e+000  0.000000e+000  0.000000e+000  0.000000e+000  0.000000e+000  0.000000e+000  0.000000e+000  0.000000e+000  0.000000e+000  0.000000e+000  0.000000e+000  0.000000e+000  0.000000e+000  0.000000e+000  0.000000e+000  
0.000000e+000  0.000000e+000  0.000000e+000  0.000000e+000  0.000000e+000  0.000000e+000  0.000000e+000  0.000000e+000  0.000000e+000  0.000000e+000  0.000000e+000  0.000000e+000  0.000000e+000  0.000000e+000  0.000000e+000  0.000000e+000  0.000000e+000  
0.000000e+000  0.000000e+000  0.000000e+000  0.000000e+000  0.000000e+000  0.000000e+000  0.000000e+000  0.000000e+000  0.000000e+000  0.000000e+000  0.000000e+000  0.000000e+000  0.000000e+000  0.000000e+000  0.000000e+000  0.000000e+000  0.000000e+000  
0.000000e+000  0.000000e+000  0.000000e+000  0.000000e+000  0.000000e+000  0.000000e+000  0.000000e+000  0.000000e+000  0.000000e+000  0.000000e+000  0.000000e+000  0.000000e+000  0.000000e+000  0.000000e+000  0.000000e+000  0.000000e+000  0.000000e+000  
0.000000e+000  0.000000e+000  0.000000e+000  0.000000e+000  0.000000e+000  0.000000e+000  0.000000e+000  0.000000e+000  0.000000e+000  0.000000e+000  0.000000e+000  0.000000e+000  0.000000e+000  0.000000e+000  0.000000e+000  0.000000e+000  0.000000e+000  
0.000000e+000  0.000000e+000  0.000000e+000  0.000000e+000  0.000000e+000  0.000000e+000  0.000000e+000  0.000000e+000  0.000000e+000  0.000000e+000  0.000000e+000  0.000000e+000  0.000000e+000  0.000000e+000  0.000000e+000  0.000000e+000  0.000000e+000  
0.000000e+000  0.000000e+000  0.000000e+000  0.000000e+000  0.000000e+000  0.000000e+000  0.000000e+000  0.000000e+000  0.000000e+000  0.000000e+000  0.000000e+000  0.000000e+000  0.000000e+000  0.000000e+000  0.000000e+000  0.000000e+000  0.000000e+000  
0.000000e+000  0.000000e+000  0.000000e+000  0.000000e+000  0.000000e+000  0.000000e+000  0.000000e+000  0.000000e+000  0.000000e+000  0.000000e+000  0.000000e+000  0.000000e+000  0.000000e+000  0.000000e+000  0.000000e+000  0.000000e+000  0.000000e+000  
0.000000e+000  0.000000e+000  0.000000e+000  0.000000e+000  0.000000e+000  0.000000e+000  0.000000e+000  0.000000e+000  0.000000e+000  0.000000e+000  0.000000e+000  0.000000e+000  0.000000e+000  0.000000e+000  0.000000e+000  0.000000e+000  0.000000e+000  
0.000000e+000  0.000000e+000  0.000000e+000  0.000000e+000  0.000000e+000  0.000000e+000  0.000000e+000  0.000000e+000  0.000000e+000  0.000000e+000  0.000000e+000  0.000000e+000  0.000000e+000  0.000000e+000  0.000000e+000  0.000000e+000  0.000000e+000  
0.000000e+000  0.000000e+000  0.000000e+000  0.000000e+000  0.000000e+000  0.000000e+000  0.000000e+000  0.000000e+000  0.000000e+000  0.000000e+000  0.000000e+000  0.000000e+000  0.000000e+000  0.000000e+000  0.000000e+000  0.000000e+000  0.000000e+000  
0.000000e+000  0.000000e+000  0.000000e+000  0.000000e+000  0.000000e+000  0.000000e+000  0.000000e+000  0.000000e+000  0.000000e+000  0.000000e+000  0.000000e+000  0.000000e+000  0.000000e+000  0.000000e+000  0.000000e+000  0.000000e+000  0.000000e+000  
0.000000e+000  0.000000e+000  0.000000e+000  0.000000e+000  0.000000e+000  0.000000e+000  0.000000e+000  0.000000e+000  0.000000e+000  0.000000e+000  0.000000e+000  0.000000e+000  0.000000e+000  0.000000e+000  0.000000e+000  0.000000e+000  0.000000e+000  
0.000000e+000  0.000000e+000  0.000000e+000  0.000000e+000  0.000000e+000  0.000000e+000  0.000000e+000  0.000000e+000  0.000000e+000  0.000000e+000  0.000000e+000  0.000000e+000  0.000000e+000  0.000000e+000  0.000000e+000  0.000000e+000  0.000000e+000  
0.000000e+000  0.000000e+000  0.000000e+000  0.000000e+000  0.000000e+000  0.000000e+000  0.000000e+000  0.000000e+000  0.000000e+000  0.000000e+000  0.000000e+000  0.000000e+000  0.000000e+000  0.000000e+000  0.000000e+000  0.000000e+000  0.000000e+000  
0.000000e+000  0.000000e+000  0.000000e+000  0.000000e+000  0.000000e+000  0.000000e+000  0.000000e+000  0.000000e+000  0.000000e+000  0.000000e+000  0.000000e+000  0.000000e+000  0.000000e+000  0.000000e+000  0.000000e+000  0.000000e+000  0.000000e+000  
0.000000e+000  0.000000e+000  0.000000e+000  0.000000e+000  0.000000e+000  0.000000e+000  0.000000e+000  0.000000e+000  0.000000e+000  0.000000e+000  0.000000e+000  0.000000e+000  0.000000e+000  0.000000e+000  0.000000e+000  0.000000e+000  0.000000e+000  
0.000000e+000  0.000000e+000  0.000000e+000  0.000000e+000  0.000000e+000  0.000000e+000  0.000000e+000  0.000000e+000  0.000000e+000  0.000000e+000  0.000000e+000  0.000000e+000  0.000000e+000  0.000000e+000  0.000000e+000  0.000000e+000  0.000000e+000  
0.000000e+000  0.000000e+000  0.000000e+000  0.000000e+000  0.000000e+000  0.000000e+000  0.000000e+000  0.000000e+000  0.000000e+000  0.000000e+000  0.000000e+000  0.000000e+000  0.000000e+000  0.000000e+000  0.000000e+000  0.000000e+000  0.000000e+000  
0.000000e+000  0.000000e+000  0.000000e+000  0.000000e+000  0.000000e+000  0.000000e+000  0.000000e+000  0.000000e+000  0.000000e+000  0.000000e+000  0.000000e+000  0.000000e+000  0.000000e+000  0.000000e+000  0.000000e+000  0.000000e+000  0.000000e+000  
0.000000e+000  0.000000e+000  0.000000e+000  0.000000e+000  0.000000e+000  0.000000e+000  0.000000e+000  0.000000e+000  0.000000e+000  0.000000e+000  0.000000e+000  0.000000e+000  0.000000e+000  0.000000e+000  0.000000e+000  0.000000e+000  0.000000e+000  
0.000000e+000  0.000000e+000  0.000000e+000  0.000000e+000  0.000000e+000  0.000000e+000  0.000000e+000  0.000000e+000  0.000000e+000  0.000000e+000  0.000000e+000  0.000000e+000  0.000000e+000  0.000000e+000  0.000000e+000  0.000000e+000  0.000000e+000  
0.000000e+000  0.000000e+000  0.000000e+000  0.000000e+000  0.000000e+000  0.000000e+000  0.000000e+000  0.000000e+000  0.000000e+000  0.000000e+000  0.000000e+000  0.000000e+000  0.000000e+000  0.000000e+000  0.000000e+000  0.000000e+000  0.000000e+000  
0.000000e+000  0.000000e+000  0.000000e+000  0.000000e+000  0.000000e+000  0.000000e+000  0.000000e+000  0.000000e+000  0.000000e+000  0.000000e+000  0.000000e+000  0.000000e+000  0.000000e+000  0.000000e+000  0.000000e+000  0.000000e+000  0.000000e+000  
0.000000e+000  0.000000e+000  0.000000e+000  0.000000e+000  0.000000e+000  0.000000e+000  0.000000e+000  0.000000e+000  0.000000e+000  0.000000e+000  0.000000e+000  0.000000e+000  0.000000e+000  0.000000e+000  0.000000e+000  0.000000e+000  0.000000e+000  

-6.252402e-002  -6.215825e-002  -6.142982e-002  -6.034508e-002  -5.873760e-002  -5.668719e-002  -5.440966e-002  -5.194611e-002  -4.933781e-002  -4.662472e-002  -4.384439e-002  -4.103099e-002  -3.680655e-002  -3.131699e-002  -2.140413e-002  -6.938471e-003  -0.000000e+000  
-2.108710e-001  -2.096171e-001  -2.071152e-001  -2.033791e-001  -1.976350e-001  -1.901553e-001  -1.818985e-001  -1.730294e-001  -1.637102e-001  -1.540949e-001  -1.443241e-001  -1.345222e-001  -1.199322e-001  -1.013046e-001  -6.822635e-002  -2.178874e-002  -0.000000e+000  
-3.878996e-001  -3.856237e-001  -3.810416e-001  -3.741020e-001  -3.619494e-001  -3.450923e-001  -3.267949e-001  -3.075127e-001  -2.876711e-001  -2.676490e-001  -2.477686e-001  -2.282915e-001  -1.999832e-001  -1.655316e-001  -1.070769e-001  -3.288488e-002  -0.000000e+000  
-5.695840e-001  -5.669950e-001  -5.615904e-001  -5.529584e-001  -5.323463e-001  -5.004613e-001  -4.666720e-001  -4.320284e-001  -3.974323e-001  -3.636065e-001  -3.310898e-001  -3.002515e-001  -2.568471e-001  -2.072138e-001  -1.277409e-001  -3.762063e-002  -0.000000e+000  
-7.237665e-001  -7.234001e-001  -7.218614e-001  -7.176455e-001  -6.882436e-001  -6.343820e-001  -5.790900e-001  -5.244588e-001  -4.720402e-001  -4.228510e-001  -3.774543e-001  -3.360681e-001  -2.799687e-001  -2.200331e-001  -1.297057e-001  -3.691040e-002  -0.000000e+000  
-8.267621e-001  -8.307637e-001  -8.371944e-001  -8.430178e-001  -8.072331e-001  -7.304750e-001  -6.539155e-001  -5.807668e-001  -5.130072e-001  -4.515899e-001  -3.967465e-001  -3.482610e-001  -2.843767e-001  -2.193326e-001  -1.253635e-001  -3.487034e-002  -0.000000e+000  
-8.897407e-001  -9.009434e-001  -9.209448e-001  -9.447285e-001  -9.045883e-001  -8.010815e-001  -7.015453e-001  -6.102749e-001  -5.290780e-001  -4.581579e-001  -3.968725e-001  -3.442227e-001  -2.765720e-001  -2.103091e-001  -1.176191e-001  -3.222463e-002  -0.000000e+000  
-9.202244e-001  -9.375076e-001  -9.693068e-001  -1.009321e+000  -9.667962e-001  -8.423571e-001  -7.259928e-001  -6.224332e-001  -5.328274e-001  -4.564446e-001  -3.918008e-001  -3.372476e-001  -2.682268e-001  -2.021817e-001  -1.115830e-001  -3.029307e-002  -0.000000e+000  
-9.383900e-001  -9.636771e-001  -1.011656e+000  -1.075186e+000  -1.030680e+000  -8.791364e-001  -7.428988e-001  -6.262590e-001  -5.286423e-001  -4.476762e-001  -3.806641e-001  -3.251438e-001  -2.559883e-001  -1.913072e-001  -1.042445e-001  -2.805774e-002  -0.000000e+000  
-9.386543e-001  -9.737465e-001  -1.042866e+000  -1.140037e+000  -1.094008e+000  -9.069086e-001  -7.480134e-001  -6.185751e-001  -5.143700e-001  -4.304573e-001  -3.625761e-001  -3.073529e-001  -2.396062e-001  -1.776005e-001  -9.562166e-002  -2.553171e-002  -0.000000e+000  
-9.173160e-001  -9.615962e-001  -1.052765e+000  -1.191060e+000  -1.144001e+000  -9.162329e-001  -7.368013e-001  -5.984367e-001  -4.911274e-001  -4.069265e-001  -3.400930e-001  -2.865179e-001  -2.215887e-001  -1.631704e-001  -8.702359e-002  -2.309136e-002  -0.000000e+000  
-8.818757e-001  -9.329821e-001  -1.042857e+000  -1.224271e+000  -1.176355e+000  -9.077467e-001  -7.132501e-001  -5.706941e-001  -4.634556e-001  -3.809708e-001  -3.164329e-001  -2.652752e-001  -2.038544e-001  -1.493250e-001  -7.904036e-002  -2.086962e-002  -0.000000e+000  
-8.265743e-001  -8.815423e-001  -1.005178e+000  -1.233295e+000  -1.184561e+000  -8.738650e-001  -6.719295e-001  -5.309009e-001  -4.273615e-001  -3.489256e-001  -2.882450e-001  -2.405861e-001  -1.838207e-001  -1.340113e-001  -7.045200e-002  -1.851950e-002  -0.000000e+000  
-7.499308e-001  -8.034662e-001  -9.270275e-001  -1.183229e+000  -1.135036e+000  -8.025437e-001  -6.097106e-001  -4.782885e-001  -3.827101e-001  -3.108454e-001  -2.556432e-001  -2.125787e-001  -1.616093e-001  -1.173260e-001  -6.131011e-002  -1.605365e-002  -0.000000e+000  
-6.354623e-001  -6.798286e-001  -7.748950e-001  -9.291747e-001  -8.634244e-001  -6.621112e-001  -5.118148e-001  -4.020543e-001  -3.207375e-001  -2.594392e-001  -2.124961e-001  -1.760567e-001  -1.331668e-001  -9.626081e-002  -4.998958e-002  -1.303678e-002  -0.000000e+000  
-4.725609e-001  -5.019261e-001  -5.582394e-001  -6.245711e-001  -5.615468e-001  -4.689282e-001  -3.740343e-001  -2.967395e-001  -2.370847e-001  -1.914688e-001  -1.564202e-001  -1.292498e-001  -9.737043e-002  -7.013569e-002  -3.623407e-002  -9.417951e-003  -0.000000e+000  
-1.970263e-001  -2.064257e-001  -2.224390e-001  -2.373412e-001  -2.051328e-001  -1.817931e-001  -1.510395e-001  -1.223252e-001  -9.852105e-002  -7.967748e-002  -6.498789e-002  -5.355405e-002  -4.015122e-002  -2.878845e-002  -1.477112e-002  -3.822396e-003  -0.000000e+000  
1.970240e-001  2.064233e-001  2.224366e-001  2.373388e-001  2.051304e-001  1.817908e-001  1.510374e-001  1.223232e-001  9.851923e-002  7.967581e-002  6.498637e-002  5.355265e-002  4.015000e-002  2.878744e-002  1.477043e-002  3.822166e-003  -0.000000e+000  
4.725585e-001  5.019237e-001  5.582370e-001  6.245686e-001  5.615442e-001  4.689258e-001  3.740321e-001  2.967375e-001  2.370829e-001  1.914671e-001  1.564187e-001  1.292484e-001  9.736923e-002  7.013469e-002  3.623340e-002  9.417723e-003  -0.000000e+000  
6.354600e-001  6.798263e-001  7.748926e-001  9.291722e-001  8.634215e-001  6.621087e-001  5.118126e-001  4.020524e-001  3.207357e-001  2.594375e-001  2.124946e-001  1.760553e-001  1.331657e-001  9.625981e-002  4.998891e-002  1.303655e-002  -0.000000e+000  
7.499285e-001  8.034639e-001  9.270252e-001  1.183227e+000  1.135033e+000  8.025412e-001  6.097084e-001  4.782866e-001  3.827084e-001  3.108438e-001  2.556417e-001  2.125774e-001  1.616081e-001  1.173250e-001  6.130945e-002  1.605343e-002  -0.000000e+000  
8.265720e-001  8.815400e-001  1.005176e+000  1.233292e+000  1.184558e+000  8.738627e-001  6.719274e-001  5.308991e-001  4.273598e-001  3.489240e-001  2.882436e-001  2.405848e-001  1.838195e-001  1.340103e-001  7.045134e-002  1.851928e-002  -0.000000e+000  
8.818735e-001  9.329799e-001  1.042855e+000  1.224269e+000  1.176353e+000  9.077445e-001  7.132481e-001  5.706922e-001  4.634539e-001  3.809693e-001  3.164315e-001  2.652739e-001  2.038532e-001  1.493241e-001  7.903971e-002  2.086940e-002  -0.000000e+000  
9.173138e-001  9.615941e-001  1.052763e+000  1.191058e+000  1.143999e+000  9.162308e-001  7.367994e-001  5.984350e-001  4.911258e-001  4.069250e-001  3.400916e-001  2.865166e-001  2.215876e-001  1.631695e-001  8.702296e-002  2.309114e-002  -0.000000e+000  
9.386523e-001  9.737445e-001  1.042864e+000  1.140035e+000  1.094006e+000  9.069066e-001  7.480115e-001  6.185734e-001  5.143684e-001  4.304558e-001  3.625748e-001  3.073516e-001  2.396051e-001  1.775996e-001  9.562103e-002  2.553149e-002  -0.000000e+000  
9.383881e-001  9.636752e-001  1.011654e+000  1.075184e+000  1.030678e+000  8.791346e-001  7.428971e-001  6.262574e-001  5.286408e-001  4.476748e-001  3.806628e-001  3.251426e-001  2.559873e-001  1.913063e-001  1.042439e-001  2.805753e-002  -0.000000e+000  
9.202225e-001  9.375058e-001  9.693050e-001  1.009319e+000  9.667944e-001  8.423554e-001  7.259912e-001  6.224317e-001  5.328260e-001  4.564433e-001  3.917996e-001  3.372465e-001  2.682258e-001  2.021808e-001  1.115824e-001  3.029286e-002  -0.000000e+000  
8.897390e-001  9.009417e-001  9.209430e-001  9.447268e-001  9.045866e-001  8.010799e-001  7.015437e-001  6.102735e-001  5.290766e-001  4.581566e-001  3.968713e-001  3.442216e-001  2.765710e-001  2.103082e-001  1.176185e-001  3.222443e-002  -0.000000e+000  
8.267605e-001  8.307621e-001  8.371928e-001  8.430163e-001  8.072316e-001  7.304736e-001  6.539141e-001  5.807654e-001  5.130059e-001  4.515887e-001  3.967454e-001  3.482600e-001  2.843758e-001  2.193318e-001  1.253630e-001  3.487015e-002  -0.000000e+000  
7.237652e-001  7.233987e-001  7.218601e-001  7.176442e-001  6.882423e-001  6.343807e-001  5.790888e-001  5.244576e-001  4.720391e-001  4.228500e-001  3.774534e-001  3.360672e-001  2.799679e-001  2.200324e-001  1.297052e-001  3.691023e-002  -0.000000e+000  
5.695829e-001  5.669939e-001  5.615893e-001  5.529574e-001  5.323453e-001  5.004603e-001  4.666711e-001  4.320275e-001  3.974315e-001  3.636056e-001  3.310890e-001  3.002508e-001  2.568464e-001  2.072132e-001  1.277405e-001  3.762048e-002  -0.000000e+000  
3.878988e-001  3.856230e-001  3.810409e-001  3.741012e-001  3.619487e-001  3.450916e-001  3.267943e-001  3.075121e-001  2.876705e-001  2.676484e-001  2.477680e-001  2.282910e-001  1.999827e-001  1.655311e-001  1.070765e-001  3.288477e-002  -0.000000e+000  
2.108706e-001  2.096167e-001  2.071148e-001  2.033787e-001  1.976346e-001  1.901549e-001  1.818981e-001  1.730290e-001  1.637099e-001  1.540946e-001  1.443238e-001  1.345219e-001  1.199320e-001  1.013043e-001  6.822616e-002  2.178867e-002  -0.000000e+000  
6.252389e-002  6.215813e-002  6.142970e-002  6.034496e-002  5.873748e-002  5.668708e-002  5.440955e-002  5.194601e-002  4.933770e-002  4.662462e-002  4.384429e-002  4.103090e-002  3.680646e-002  3.131692e-002  2.140407e-002  6.938450e-003  -0.000000e+000  
-0.000000e+000  -0.000000e+000  -0.000000e+000  -0.000000e+000  -0.000000e+000  -0.000000e+000  -0.000000e+000  -0.000000e+000  -0.000000e+000  -0.000000e+000  -0.000000e+000  -0.000000e+000  -0.000000e+000  -0.000000e+000  -0.000000e+000  -0.000000e+000  -0.000000e+000  

