Port monitor named: Port1_e1[2.4].prt

nx        = 37
ny        = 4
nz        = 19

nu        = 17
nv        = 35
iu        = 2
iv        = 2

idir      = 1
dcut      = -4.410000e-002
icut      = 2
type      = 0
frequency = 2.400000e+009

fcutoff   = 0.000000e+000
alpha     = 0.000000e+000
beta      = 9.226336e+001
accuracy  = 1.792472e-010

type          = QTEM
wave imp.     = 2.489907e+002
wave imp.sig. = 9.769132e-005
line imp.     = 5.327817e+001

ref. port     = 0

-4.519863e+001  -4.476022e+001  -4.390030e+001  -4.265118e+001  -1.835179e+002  -1.806014e+002  -1.765379e+002  -1.714404e+002  -1.654374e+002  -1.586663e+002  -1.512662e+002  -1.433732e+002  -1.309856e+002  -1.137052e+002  -8.072421e+001  -2.730262e+001  -0.000000e+000  
-4.917912e+001  -4.858204e+001  -4.741877e+001  -4.574792e+001  -1.957808e+002  -1.920683e+002  -1.870023e+002  -1.807581e+002  -1.735266e+002  -1.655020e+002  -1.568733e+002  -1.478159e+002  -1.338228e+002  -1.148976e+002  -7.978153e+001  -2.639540e+001  -0.000000e+000  
-6.969124e+001  -6.807011e+001  -6.496127e+001  -6.061514e+001  -2.526733e+002  -2.442888e+002  -2.335798e+002  -2.211110e+002  -2.074340e+002  -1.930525e+002  -1.783998e+002  -1.638290e+002  -1.425020e+002  -1.166464e+002  -7.345003e+001  -2.206723e+001  -0.000000e+000  
-1.179478e+002  -1.128302e+002  -1.031412e+002  -8.990144e+001  -3.538689e+002  -3.319915e+002  -3.063596e+002  -2.787206e+002  -2.505633e+002  -2.230457e+002  -1.969879e+002  -1.729064e+002  -1.401491e+002  -1.059093e+002  -5.665699e+001  -1.465297e+001  -0.000000e+000  
-2.379972e+002  -2.215045e+002  -1.905192e+002  -1.488279e+002  -5.264084e+002  -4.668060e+002  -4.035841e+002  -3.416305e+002  -2.842738e+002  -2.333778e+002  -1.896561e+002  -1.530374e+002  -1.079531e+002  -6.943873e+001  -2.537909e+001  -4.191966e+000  -0.000000e+000  
-3.860756e+002  -3.531884e+002  -2.912853e+002  -2.081548e+002  -6.624739e+002  -5.541455e+002  -4.481650e+002  -3.526361e+002  -2.713706e+002  -2.050684e+002  -1.526326e+002  -1.121683e+002  -6.630905e+001  -3.302377e+001  -2.464300e+000  2.162505e+000  -0.000000e+000  
-6.513447e+002  -5.882486e+002  -4.676288e+002  -3.032436e+002  -8.333543e+002  -6.358397e+002  -4.606104e+002  -3.188873e+002  -2.111750e+002  -1.327717e+002  -7.754877e+001  -3.980305e+001  -2.442914e+000  1.714617e+001  2.468789e+001  8.965212e+000  -0.000000e+000  
-8.398711e+002  -7.571365e+002  -5.950120e+002  -3.674313e+002  -9.132554e+002  -6.497444e+002  -4.322773e+002  -2.695033e+002  -1.548234e+002  -7.727528e+001  -2.660535e+001  5.230278e+000  3.346951e+001  4.329796e+001  3.746257e+001  1.196137e+001  -0.000000e+000  
-1.085806e+003  -9.811259e+002  -7.678347e+002  -4.529638e+002  -9.882430e+002  -6.352060e+002  -3.699289e+002  -1.901335e+002  -7.528458e+001  -4.971162e+000  3.613429e+001  5.842760e+001  7.376780e+001  7.150164e+001  5.049518e+001  1.490647e+001  -0.000000e+000  
-1.404368e+003  -1.280515e+003  -1.011220e+003  -5.760323e+002  -1.041426e+003  -5.660475e+002  -2.542101e+002  -7.015304e+001  3.213912e+001  8.565089e+001  1.106986e+002  1.192333e+002  1.176788e+002  1.011310e+002  6.350789e+001  1.774817e+001  -0.000000e+000  
-1.808826e+003  -1.680881e+003  -1.369914e+003  -7.775834e+002  -1.031150e+003  -3.946870e+002  -5.851014e+001  1.010687e+002  1.701830e+002  1.941854e+002  1.956959e+002  1.861233e+002  1.639392e+002  1.313372e+002  7.618164e+001  2.043138e+001  -0.000000e+000  
-2.167256e+003  -2.061195e+003  -1.763747e+003  -1.056144e+003  -9.067405e+002  -1.451536e+002  1.589418e+002  2.653238e+002  2.913257e+002  2.841770e+002  2.635326e+002  2.380960e+002  1.987377e+002  1.535039e+002  8.516485e+001  2.228858e+001  -0.000000e+000  
-2.566247e+003  -2.515004e+003  -2.315524e+003  -1.590927e+003  -5.448861e+002  2.631866e+002  4.451079e+002  4.575896e+002  4.240887e+002  3.789612e+002  3.331320e+002  2.904363e+002  2.329816e+002  1.749219e+002  9.361823e+001  2.400434e+001  -0.000000e+000  
-2.984585e+003  -3.025588e+003  -3.069503e+003  -2.759386e+003  4.028122e+002  8.890525e+002  7.902774e+002  6.659938e+002  5.610476e+002  4.741308e+002  4.017679e+002  3.413600e+002  2.657027e+002  1.950776e+002  1.013928e+002  2.555679e+001  -0.000000e+000  
-3.386613e+003  -3.534551e+003  -3.959557e+003  -5.296883e+003  3.603952e+003  1.718394e+003  1.144600e+003  8.679321e+002  6.919556e+002  5.644238e+002  4.664026e+002  3.889493e+002  2.958969e+002  2.134534e+002  1.083444e+002  2.692544e+001  -0.000000e+000  
-3.837937e+003  -4.051174e+003  -4.601800e+003  -5.900044e+003  3.424463e+003  2.116484e+003  1.459953e+003  1.085601e+003  8.424078e+002  6.703993e+002  5.426070e+002  4.449329e+002  3.311025e+002  2.346479e+002  1.162100e+002  2.845197e+001  -0.000000e+000  
-4.138183e+003  -4.329366e+003  -4.717014e+003  -5.220189e+003  2.656709e+003  2.103746e+003  1.597723e+003  1.221006e+003  9.483846e+002  7.488491e+002  6.001209e+002  4.874316e+002  3.577815e+002  2.505988e+002  1.220414e+002  2.957047e+001  -0.000000e+000  
-4.331691e+003  -4.467456e+003  -4.699516e+003  -4.917130e+003  2.270885e+003  1.993454e+003  1.631032e+003  1.296682e+003  1.023519e+003  8.108193e+002  6.479537e+002  5.235772e+002  3.806947e+002  2.642364e+002  1.269378e+002  3.049533e+001  -0.000000e+000  
-4.138183e+003  -4.329366e+003  -4.717014e+003  -5.220189e+003  2.656707e+003  2.103745e+003  1.597722e+003  1.221006e+003  9.483847e+002  7.488493e+002  6.001211e+002  4.874318e+002  3.577816e+002  2.505989e+002  1.220414e+002  2.957048e+001  -0.000000e+000  
-3.837937e+003  -4.051174e+003  -4.601800e+003  -5.900044e+003  3.424459e+003  2.116483e+003  1.459953e+003  1.085601e+003  8.424081e+002  6.703995e+002  5.426073e+002  4.449331e+002  3.311027e+002  2.346481e+002  1.162101e+002  2.845199e+001  -0.000000e+000  
-3.386613e+003  -3.534551e+003  -3.959557e+003  -5.296883e+003  3.603947e+003  1.718394e+003  1.144600e+003  8.679326e+002  6.919561e+002  5.644242e+002  4.664030e+002  3.889496e+002  2.958972e+002  2.134536e+002  1.083445e+002  2.692546e+001  -0.000000e+000  
-2.984585e+003  -3.025588e+003  -3.069502e+003  -2.759386e+003  4.028199e+002  8.890545e+002  7.902784e+002  6.659945e+002  5.610482e+002  4.741313e+002  4.017683e+002  3.413603e+002  2.657030e+002  1.950779e+002  1.013929e+002  2.555683e+001  -0.000000e+000  
-2.566247e+003  -2.515004e+003  -2.315523e+003  -1.590926e+003  -5.448810e+002  2.631891e+002  4.451094e+002  4.575906e+002  4.240895e+002  3.789618e+002  3.331325e+002  2.904368e+002  2.329820e+002  1.749221e+002  9.361837e+001  2.400438e+001  -0.000000e+000  
-2.167256e+003  -2.061195e+003  -1.763747e+003  -1.056143e+003  -9.067368e+002  -1.451512e+002  1.589434e+002  2.653249e+002  2.913266e+002  2.841777e+002  2.635332e+002  2.380965e+002  1.987381e+002  1.535042e+002  8.516501e+001  2.228863e+001  -0.000000e+000  
-1.808826e+003  -1.680881e+003  -1.369914e+003  -7.775828e+002  -1.031147e+003  -3.946848e+002  -5.850851e+001  1.010699e+002  1.701840e+002  1.941862e+002  1.956965e+002  1.861238e+002  1.639396e+002  1.313375e+002  7.618182e+001  2.043143e+001  -0.000000e+000  
-1.404368e+003  -1.280515e+003  -1.011219e+003  -5.760318e+002  -1.041424e+003  -5.660456e+002  -2.542085e+002  -7.015180e+001  3.214011e+001  8.565170e+001  1.106993e+002  1.192339e+002  1.176792e+002  1.011314e+002  6.350808e+001  1.774822e+001  -0.000000e+000  
-1.085805e+003  -9.811256e+002  -7.678343e+002  -4.529634e+002  -9.882410e+002  -6.352043e+002  -3.699274e+002  -1.901323e+002  -7.528358e+001  -4.970323e+000  3.613500e+001  5.842820e+001  7.376828e+001  7.150200e+001  5.049539e+001  1.490653e+001  -0.000000e+000  
-8.398708e+002  -7.571361e+002  -5.950117e+002  -3.674309e+002  -9.132538e+002  -6.497429e+002  -4.322760e+002  -2.695022e+002  -1.548224e+002  -7.727444e+001  -2.660463e+001  5.230903e+000  3.347001e+001  4.329835e+001  3.746279e+001  1.196144e+001  -0.000000e+000  
-6.513443e+002  -5.882483e+002  -4.676285e+002  -3.032432e+002  -8.333528e+002  -6.358383e+002  -4.606091e+002  -3.188862e+002  -2.111740e+002  -1.327709e+002  -7.754804e+001  -3.980242e+001  -2.442398e+000  1.714657e+001  2.468813e+001  8.965282e+000  -0.000000e+000  
-3.860753e+002  -3.531881e+002  -2.912850e+002  -2.081546e+002  -6.624727e+002  -5.541443e+002  -4.481639e+002  -3.526352e+002  -2.713698e+002  -2.050676e+002  -1.526319e+002  -1.121677e+002  -6.630853e+001  -3.302335e+001  -2.464043e+000  2.162584e+000  -0.000000e+000  
-2.379969e+002  -2.215043e+002  -1.905190e+002  -1.488277e+002  -5.264074e+002  -4.668051e+002  -4.035832e+002  -3.416296e+002  -2.842731e+002  -2.333770e+002  -1.896555e+002  -1.530368e+002  -1.079526e+002  -6.943831e+001  -2.537882e+001  -4.191881e+000  -0.000000e+000  
-1.179476e+002  -1.128300e+002  -1.031410e+002  -8.990127e+001  -3.538682e+002  -3.319908e+002  -3.063589e+002  -2.787200e+002  -2.505627e+002  -2.230451e+002  -1.969873e+002  -1.729058e+002  -1.401486e+002  -1.059089e+002  -5.665672e+001  -1.465287e+001  -0.000000e+000  
-6.969110e+001  -6.806997e+001  -6.496113e+001  -6.061501e+001  -2.526727e+002  -2.442882e+002  -2.335793e+002  -2.211105e+002  -2.074335e+002  -1.930520e+002  -1.783994e+002  -1.638285e+002  -1.425016e+002  -1.166460e+002  -7.344977e+001  -2.206714e+001  -0.000000e+000  
-4.917900e+001  -4.858193e+001  -4.741866e+001  -4.574781e+001  -1.957803e+002  -1.920678e+002  -1.870018e+002  -1.807577e+002  -1.735261e+002  -1.655016e+002  -1.568729e+002  -1.478155e+002  -1.338224e+002  -1.148973e+002  -7.978128e+001  -2.639531e+001  -0.000000e+000  
-4.519853e+001  -4.476012e+001  -4.390020e+001  -4.265108e+001  -1.835174e+002  -1.806010e+002  -1.765375e+002  -1.714400e+002  -1.654370e+002  -1.586658e+002  -1.512659e+002  -1.433728e+002  -1.309852e+002  -1.137049e+002  -8.072397e+001  -2.730253e+001  -0.000000e+000  

-0.000000e+000  -4.364505e-001  -8.392836e-001  -1.178069e+000  -1.428360e+000  -3.921960e+000  -6.239526e+000  -8.332930e+000  -1.016883e+001  -1.172857e+001  -1.300699e+001  -1.401059e+001  -1.475520e+001  -1.553579e+001  -1.560903e+001  -1.336692e+001  -1.102463e+001  
-0.000000e+000  -2.137662e+000  -4.097869e+000  -5.721849e+000  -6.885755e+000  -1.624834e+001  -2.477172e+001  -3.227526e+001  -3.865189e+001  -4.386272e+001  -4.792718e+001  -5.091062e+001  -5.291157e+001  -5.432460e+001  -5.336899e+001  -4.346466e+001  -3.488252e+001  
-0.000000e+000  -8.496534e+000  -1.618044e+001  -2.233729e+001  -2.643591e+001  -4.884598e+001  -6.801555e+001  -8.359837e+001  -9.554053e+001  -1.040191e+002  -1.093719e+002  -1.120309e+002  -1.124668e+002  -1.080738e+002  -1.000393e+002  -7.166700e+001  -5.362729e+001  
-0.000000e+000  -2.737377e+001  -5.176189e+001  -7.056456e+001  -8.191591e+001  -1.256861e+002  -1.592067e+002  -1.825307e+002  -1.965770e+002  -2.027698e+002  -2.027239e+002  -1.980204e+002  -1.900733e+002  -1.680112e+002  -1.443664e+002  -8.979482e+001  -6.242483e+001  
-0.000000e+000  -7.272693e+001  -1.367935e+002  -1.845342e+002  -2.104100e+002  -2.806618e+002  -3.242074e+002  -3.443823e+002  -3.462958e+002  -3.353141e+002  -3.161471e+002  -2.924915e+002  -2.670267e+002  -2.161359e+002  -1.720337e+002  -9.466248e+001  -6.201278e+001  
-0.000000e+000  -1.338670e+002  -2.517406e+002  -3.385381e+002  -3.823548e+002  -4.710409e+002  -5.106698e+002  -5.123445e+002  -4.888783e+002  -4.512266e+002  -4.073288e+002  -3.623195e+002  -3.192142e+002  -2.434983e+002  -1.840851e+002  -9.368270e+001  -5.904769e+001  
-0.000000e+000  -2.190472e+002  -4.144841e+002  -5.600506e+002  -6.297345e+002  -7.233470e+002  -7.344632e+002  -6.930492e+002  -6.257899e+002  -5.503857e+002  -4.766315e+002  -4.091187e+002  -3.494914e+002  -2.543569e+002  -1.849359e+002  -8.924150e+001  -5.483783e+001  
-0.000000e+000  -2.875829e+002  -5.487463e+002  -7.483752e+002  -8.431352e+002  -9.300435e+002  -9.049150e+002  -8.203560e+002  -7.151381e+002  -6.104272e+002  -5.154651e+002  -4.330989e+002  -3.632196e+002  -2.571440e+002  -1.826721e+002  -8.542458e+001  -5.170183e+001  
-0.000000e+000  -3.744447e+002  -7.257287e+002  -1.009560e+003  -1.148782e+003  -1.207646e+003  -1.113257e+003  -9.611757e+002  -8.046513e+002  -6.647660e+002  -5.467457e+002  -4.495390e+002  -3.701505e+002  -2.551488e+002  -1.772514e+002  -8.047529e+001  -4.801676e+001  
-0.000000e+000  -4.773359e+002  -9.495027e+002  -1.371224e+003  -1.603964e+003  -1.582194e+003  -1.358540e+003  -1.105432e+003  -8.842707e+002  -7.058385e+002  -5.653400e+002  -4.551059e+002  -3.681784e+002  -2.475072e+002  -1.683737e+002  -7.438457e+001  -4.380202e+001  
-0.000000e+000  -5.700760e+002  -1.175047e+003  -1.801089e+003  -2.240486e+003  -2.020166e+003  -1.589341e+003  -1.214401e+003  -9.308486e+002  -7.213207e+002  -5.653332e+002  -4.474798e+002  -3.569785e+002  -2.353093e+002  -1.574518e+002  -6.809590e+001  -3.969067e+001  
-0.000000e+000  -6.356490e+002  -1.359166e+003  -2.239571e+003  -3.091234e+003  -2.467709e+003  -1.767457e+003  -1.276098e+003  -9.452338e+002  -7.162087e+002  -5.522968e+002  -4.316426e+002  -3.406882e+002  -2.211863e+002  -1.460927e+002  -6.213542e+001  -3.592528e+001  
-0.000000e+000  -6.672192e+002  -1.482535e+003  -2.688774e+003  -4.560588e+003  -2.942818e+003  -1.873696e+003  -1.282540e+003  -9.246096e+002  -6.887543e+002  -5.244461e+002  -4.056536e+002  -3.173018e+002  -2.032908e+002  -1.327273e+002  -5.561263e+001  -3.192205e+001  
-0.000000e+000  -6.415456e+002  -1.454847e+003  -2.880765e+003  -7.417207e+003  -3.228512e+003  -1.814665e+003  -1.208476e+003  -8.619412e+002  -6.367131e+002  -4.809865e+002  -3.692459e+002  -2.867776e+002  -1.816997e+002  -1.174459e+002  -4.857059e+001  -2.770365e+001  
-0.000000e+000  -5.333981e+002  -1.144334e+003  -1.904357e+003  -0.000000e+000  -1.922304e+003  -1.416566e+003  -1.016041e+003  -7.391898e+002  -5.474870e+002  -4.121859e+002  -3.146856e+002  -2.428966e+002  -1.522458e+002  -9.741320e+001  -3.974879e+001  -2.252415e+001  
-0.000000e+000  -3.544669e+002  -6.824083e+002  -8.155536e+002  -0.000000e+000  -8.813160e+002  -8.935581e+002  -7.173690e+002  -5.447740e+002  -4.096509e+002  -3.094970e+002  -2.359423e+002  -1.814806e+002  -1.128419e+002  -7.161255e+001  -2.889906e+001  -1.628763e+001  
-0.000000e+000  -1.138857e+002  -1.946536e+002  -1.825234e+002  -0.000000e+000  -2.209738e+002  -2.888328e+002  -2.666830e+002  -2.181356e+002  -1.701202e+002  -1.305301e+002  -9.994379e+001  -7.679501e+001  -4.734668e+001  -2.974080e+001  -1.182818e+001  -6.619000e+000  
-0.000000e+000  1.138857e+002  1.946536e+002  1.825234e+002  -0.000000e+000  2.209729e+002  2.888314e+002  2.666815e+002  2.181341e+002  1.701187e+002  1.305288e+002  9.994256e+001  7.679389e+001  4.734574e+001  2.974000e+001  1.182761e+001  6.618520e+000  
-0.000000e+000  3.544670e+002  6.824084e+002  8.155538e+002  -0.000000e+000  8.813140e+002  8.935560e+002  7.173671e+002  5.447723e+002  4.096494e+002  3.094957e+002  2.359411e+002  1.814795e+002  1.128410e+002  7.161176e+001  2.889848e+001  1.628716e+001  
-0.000000e+000  5.333982e+002  1.144334e+003  1.904358e+003  -0.000000e+000  1.922300e+003  1.416563e+003  1.016039e+003  7.391881e+002  5.474854e+002  4.121846e+002  3.146844e+002  2.428955e+002  1.522449e+002  9.741243e+001  3.974823e+001  2.252367e+001  
-0.000000e+000  6.415457e+002  1.454848e+003  2.880766e+003  7.417209e+003  3.228505e+003  1.814661e+003  1.208474e+003  8.619394e+002  6.367116e+002  4.809852e+002  3.692447e+002  2.867765e+002  1.816988e+002  1.174452e+002  4.857003e+001  2.770318e+001  
-0.000000e+000  6.672193e+002  1.482535e+003  2.688775e+003  4.560588e+003  2.942814e+003  1.873693e+003  1.282538e+003  9.246079e+002  6.887528e+002  5.244449e+002  4.056524e+002  3.173008e+002  2.032900e+002  1.327265e+002  5.561208e+001  3.192159e+001  
-0.000000e+000  6.356491e+002  1.359166e+003  2.239572e+003  3.091234e+003  2.467707e+003  1.767454e+003  1.276096e+003  9.452323e+002  7.162073e+002  5.522957e+002  4.316415e+002  3.406872e+002  2.211854e+002  1.460920e+002  6.213488e+001  3.592482e+001  
-0.000000e+000  5.700761e+002  1.175047e+003  1.801089e+003  2.240486e+003  2.020165e+003  1.589340e+003  1.214400e+003  9.308473e+002  7.213194e+002  5.653320e+002  4.474788e+002  3.569776e+002  2.353085e+002  1.574511e+002  6.809537e+001  3.969022e+001  
-0.000000e+000  4.773359e+002  9.495027e+002  1.371224e+003  1.603964e+003  1.582193e+003  1.358539e+003  1.105430e+003  8.842695e+002  7.058374e+002  5.653390e+002  4.551049e+002  3.681775e+002  2.475064e+002  1.683730e+002  7.438405e+001  4.380158e+001  
-0.000000e+000  3.744447e+002  7.257287e+002  1.009560e+003  1.148782e+003  1.207645e+003  1.113256e+003  9.611747e+002  8.046503e+002  6.647650e+002  5.467448e+002  4.495381e+002  3.701497e+002  2.551480e+002  1.772508e+002  8.047478e+001  4.801633e+001  
-0.000000e+000  2.875829e+002  5.487463e+002  7.483752e+002  8.431351e+002  9.300431e+002  9.049143e+002  8.203553e+002  7.151373e+002  6.104264e+002  5.154642e+002  4.330981e+002  3.632189e+002  2.571433e+002  1.826715e+002  8.542409e+001  5.170141e+001  
-0.000000e+000  2.190472e+002  4.144841e+002  5.600505e+002  6.297344e+002  7.233466e+002  7.344626e+002  6.930486e+002  6.257891e+002  5.503850e+002  4.766307e+002  4.091180e+002  3.494907e+002  2.543563e+002  1.849353e+002  8.924103e+001  5.483742e+001  
-0.000000e+000  1.338670e+002  2.517405e+002  3.385381e+002  3.823547e+002  4.710407e+002  5.106695e+002  5.123440e+002  4.888777e+002  4.512261e+002  4.073282e+002  3.623189e+002  3.192136e+002  2.434978e+002  1.840846e+002  9.368226e+001  5.904730e+001  
-0.000000e+000  7.272691e+001  1.367935e+002  1.845342e+002  2.104100e+002  2.806616e+002  3.242072e+002  3.443819e+002  3.462954e+002  3.353137e+002  3.161466e+002  2.924910e+002  2.670262e+002  2.161354e+002  1.720333e+002  9.466208e+001  6.201242e+001  
-0.000000e+000  2.737376e+001  5.176187e+001  7.056454e+001  8.191588e+001  1.256860e+002  1.592066e+002  1.825305e+002  1.965767e+002  2.027695e+002  2.027236e+002  1.980201e+002  1.900730e+002  1.680109e+002  1.443660e+002  8.979449e+001  6.242452e+001  
-0.000000e+000  8.496530e+000  1.618043e+001  2.233728e+001  2.643590e+001  4.884594e+001  6.801547e+001  8.359826e+001  9.554039e+001  1.040190e+002  1.093717e+002  1.120307e+002  1.124666e+002  1.080736e+002  1.000390e+002  7.166676e+001  5.362707e+001  
-0.000000e+000  2.137660e+000  4.097867e+000  5.721846e+000  6.885750e+000  1.624832e+001  2.477169e+001  3.227521e+001  3.865183e+001  4.386265e+001  4.792709e+001  5.091053e+001  5.291147e+001  5.432448e+001  5.336887e+001  4.346453e+001  3.488239e+001  
-0.000000e+000  4.364501e-001  8.392830e-001  1.178068e+000  1.428359e+000  3.921954e+000  6.239516e+000  8.332916e+000  1.016882e+001  1.172855e+001  1.300697e+001  1.401056e+001  1.475517e+001  1.553576e+001  1.560899e+001  1.336688e+001  1.102459e+001  
-0.000000e+000  -0.000000e+000  -0.000000e+000  -0.000000e+000  -0.000000e+000  -0.000000e+000  -0.000000e+000  -0.000000e+000  -0.000000e+000  -0.000000e+000  -0.000000e+000  -0.000000e+000  -0.000000e+000  -0.000000e+000  -0.000000e+000  -0.000000e+000  -0.000000e+000  

0.000000e+000  0.000000e+000  0.000000e+000  0.000000e+000  0.000000e+000  0.000000e+000  0.000000e+000  0.000000e+000  0.000000e+000  0.000000e+000  0.000000e+000  0.000000e+000  0.000000e+000  0.000000e+000  0.000000e+000  0.000000e+000  0.000000e+000  
0.000000e+000  0.000000e+000  0.000000e+000  0.000000e+000  0.000000e+000  0.000000e+000  0.000000e+000  0.000000e+000  0.000000e+000  0.000000e+000  0.000000e+000  0.000000e+000  0.000000e+000  0.000000e+000  0.000000e+000  0.000000e+000  0.000000e+000  
0.000000e+000  0.000000e+000  0.000000e+000  0.000000e+000  0.000000e+000  0.000000e+000  0.000000e+000  0.000000e+000  0.000000e+000  0.000000e+000  0.000000e+000  0.000000e+000  0.000000e+000  0.000000e+000  0.000000e+000  0.000000e+000  0.000000e+000  
0.000000e+000  0.000000e+000  0.000000e+000  0.000000e+000  0.000000e+000  0.000000e+000  0.000000e+000  0.000000e+000  0.000000e+000  0.000000e+000  0.000000e+000  0.000000e+000  0.000000e+000  0.000000e+000  0.000000e+000  0.000000e+000  0.000000e+000  
0.000000e+000  0.000000e+000  0.000000e+000  0.000000e+000  0.000000e+000  0.000000e+000  0.000000e+000  0.000000e+000  0.000000e+000  0.000000e+000  0.000000e+000  0.000000e+000  0.000000e+000  0.000000e+000  0.000000e+000  0.000000e+000  0.000000e+000  
0.000000e+000  0.000000e+000  0.000000e+000  0.000000e+000  0.000000e+000  0.000000e+000  0.000000e+000  0.000000e+000  0.000000e+000  0.000000e+000  0.000000e+000  0.000000e+000  0.000000e+000  0.000000e+000  0.000000e+000  0.000000e+000  0.000000e+000  
0.000000e+000  0.000000e+000  0.000000e+000  0.000000e+000  0.000000e+000  0.000000e+000  0.000000e+000  0.000000e+000  0.000000e+000  0.000000e+000  0.000000e+000  0.000000e+000  0.000000e+000  0.000000e+000  0.000000e+000  0.000000e+000  0.000000e+000  
0.000000e+000  0.000000e+000  0.000000e+000  0.000000e+000  0.000000e+000  0.000000e+000  0.000000e+000  0.000000e+000  0.000000e+000  0.000000e+000  0.000000e+000  0.000000e+000  0.000000e+000  0.000000e+000  0.000000e+000  0.000000e+000  0.000000e+000  
0.000000e+000  0.000000e+000  0.000000e+000  0.000000e+000  0.000000e+000  0.000000e+000  0.000000e+000  0.000000e+000  0.000000e+000  0.000000e+000  0.000000e+000  0.000000e+000  0.000000e+000  0.000000e+000  0.000000e+000  0.000000e+000  0.000000e+000  
0.000000e+000  0.000000e+000  0.000000e+000  0.000000e+000  0.000000e+000  0.000000e+000  0.000000e+000  0.000000e+000  0.000000e+000  0.000000e+000  0.000000e+000  0.000000e+000  0.000000e+000  0.000000e+000  0.000000e+000  0.000000e+000  0.000000e+000  
0.000000e+000  0.000000e+000  0.000000e+000  0.000000e+000  0.000000e+000  0.000000e+000  0.000000e+000  0.000000e+000  0.000000e+000  0.000000e+000  0.000000e+000  0.000000e+000  0.000000e+000  0.000000e+000  0.000000e+000  0.000000e+000  0.000000e+000  
0.000000e+000  0.000000e+000  0.000000e+000  0.000000e+000  0.000000e+000  0.000000e+000  0.000000e+000  0.000000e+000  0.000000e+000  0.000000e+000  0.000000e+000  0.000000e+000  0.000000e+000  0.000000e+000  0.000000e+000  0.000000e+000  0.000000e+000  
0.000000e+000  0.000000e+000  0.000000e+000  0.000000e+000  0.000000e+000  0.000000e+000  0.000000e+000  0.000000e+000  0.000000e+000  0.000000e+000  0.000000e+000  0.000000e+000  0.000000e+000  0.000000e+000  0.000000e+000  0.000000e+000  0.000000e+000  
0.000000e+000  0.000000e+000  0.000000e+000  0.000000e+000  0.000000e+000  0.000000e+000  0.000000e+000  0.000000e+000  0.000000e+000  0.000000e+000  0.000000e+000  0.000000e+000  0.000000e+000  0.000000e+000  0.000000e+000  0.000000e+000  0.000000e+000  
0.000000e+000  0.000000e+000  0.000000e+000  0.000000e+000  0.000000e+000  0.000000e+000  0.000000e+000  0.000000e+000  0.000000e+000  0.000000e+000  0.000000e+000  0.000000e+000  0.000000e+000  0.000000e+000  0.000000e+000  0.000000e+000  0.000000e+000  
0.000000e+000  0.000000e+000  0.000000e+000  0.000000e+000  0.000000e+000  0.000000e+000  0.000000e+000  0.000000e+000  0.000000e+000  0.000000e+000  0.000000e+000  0.000000e+000  0.000000e+000  0.000000e+000  0.000000e+000  0.000000e+000  0.000000e+000  
0.000000e+000  0.000000e+000  0.000000e+000  0.000000e+000  0.000000e+000  0.000000e+000  0.000000e+000  0.000000e+000  0.000000e+000  0.000000e+000  0.000000e+000  0.000000e+000  0.000000e+000  0.000000e+000  0.000000e+000  0.000000e+000  0.000000e+000  
0.000000e+000  0.000000e+000  0.000000e+000  0.000000e+000  0.000000e+000  0.000000e+000  0.000000e+000  0.000000e+000  0.000000e+000  0.000000e+000  0.000000e+000  0.000000e+000  0.000000e+000  0.000000e+000  0.000000e+000  0.000000e+000  0.000000e+000  
0.000000e+000  0.000000e+000  0.000000e+000  0.000000e+000  0.000000e+000  0.000000e+000  0.000000e+000  0.000000e+000  0.000000e+000  0.000000e+000  0.000000e+000  0.000000e+000  0.000000e+000  0.000000e+000  0.000000e+000  0.000000e+000  0.000000e+000  
0.000000e+000  0.000000e+000  0.000000e+000  0.000000e+000  0.000000e+000  0.000000e+000  0.000000e+000  0.000000e+000  0.000000e+000  0.000000e+000  0.000000e+000  0.000000e+000  0.000000e+000  0.000000e+000  0.000000e+000  0.000000e+000  0.000000e+000  
0.000000e+000  0.000000e+000  0.000000e+000  0.000000e+000  0.000000e+000  0.000000e+000  0.000000e+000  0.000000e+000  0.000000e+000  0.000000e+000  0.000000e+000  0.000000e+000  0.000000e+000  0.000000e+000  0.000000e+000  0.000000e+000  0.000000e+000  
0.000000e+000  0.000000e+000  0.000000e+000  0.000000e+000  0.000000e+000  0.000000e+000  0.000000e+000  0.000000e+000  0.000000e+000  0.000000e+000  0.000000e+000  0.000000e+000  0.000000e+000  0.000000e+000  0.000000e+000  0.000000e+000  0.000000e+000  
0.000000e+000  0.000000e+000  0.000000e+000  0.000000e+000  0.000000e+000  0.000000e+000  0.000000e+000  0.000000e+000  0.000000e+000  0.000000e+000  0.000000e+000  0.000000e+000  0.000000e+000  0.000000e+000  0.000000e+000  0.000000e+000  0.000000e+000  
0.000000e+000  0.000000e+000  0.000000e+000  0.000000e+000  0.000000e+000  0.000000e+000  0.000000e+000  0.000000e+000  0.000000e+000  0.000000e+000  0.000000e+000  0.000000e+000  0.000000e+000  0.000000e+000  0.000000e+000  0.000000e+000  0.000000e+000  
0.000000e+000  0.000000e+000  0.000000e+000  0.000000e+000  0.000000e+000  0.000000e+000  0.000000e+000  0.000000e+000  0.000000e+000  0.000000e+000  0.000000e+000  0.000000e+000  0.000000e+000  0.000000e+000  0.000000e+000  0.000000e+000  0.000000e+000  
0.000000e+000  0.000000e+000  0.000000e+000  0.000000e+000  0.000000e+000  0.000000e+000  0.000000e+000  0.000000e+000  0.000000e+000  0.000000e+000  0.000000e+000  0.000000e+000  0.000000e+000  0.000000e+000  0.000000e+000  0.000000e+000  0.000000e+000  
0.000000e+000  0.000000e+000  0.000000e+000  0.000000e+000  0.000000e+000  0.000000e+000  0.000000e+000  0.000000e+000  0.000000e+000  0.000000e+000  0.000000e+000  0.000000e+000  0.000000e+000  0.000000e+000  0.000000e+000  0.000000e+000  0.000000e+000  
0.000000e+000  0.000000e+000  0.000000e+000  0.000000e+000  0.000000e+000  0.000000e+000  0.000000e+000  0.000000e+000  0.000000e+000  0.000000e+000  0.000000e+000  0.000000e+000  0.000000e+000  0.000000e+000  0.000000e+000  0.000000e+000  0.000000e+000  
0.000000e+000  0.000000e+000  0.000000e+000  0.000000e+000  0.000000e+000  0.000000e+000  0.000000e+000  0.000000e+000  0.000000e+000  0.000000e+000  0.000000e+000  0.000000e+000  0.000000e+000  0.000000e+000  0.000000e+000  0.000000e+000  0.000000e+000  
0.000000e+000  0.000000e+000  0.000000e+000  0.000000e+000  0.000000e+000  0.000000e+000  0.000000e+000  0.000000e+000  0.000000e+000  0.000000e+000  0.000000e+000  0.000000e+000  0.000000e+000  0.000000e+000  0.000000e+000  0.000000e+000  0.000000e+000  
0.000000e+000  0.000000e+000  0.000000e+000  0.000000e+000  0.000000e+000  0.000000e+000  0.000000e+000  0.000000e+000  0.000000e+000  0.000000e+000  0.000000e+000  0.000000e+000  0.000000e+000  0.000000e+000  0.000000e+000  0.000000e+000  0.000000e+000  
0.000000e+000  0.000000e+000  0.000000e+000  0.000000e+000  0.000000e+000  0.000000e+000  0.000000e+000  0.000000e+000  0.000000e+000  0.000000e+000  0.000000e+000  0.000000e+000  0.000000e+000  0.000000e+000  0.000000e+000  0.000000e+000  0.000000e+000  
0.000000e+000  0.000000e+000  0.000000e+000  0.000000e+000  0.000000e+000  0.000000e+000  0.000000e+000  0.000000e+000  0.000000e+000  0.000000e+000  0.000000e+000  0.000000e+000  0.000000e+000  0.000000e+000  0.000000e+000  0.000000e+000  0.000000e+000  
0.000000e+000  0.000000e+000  0.000000e+000  0.000000e+000  0.000000e+000  0.000000e+000  0.000000e+000  0.000000e+000  0.000000e+000  0.000000e+000  0.000000e+000  0.000000e+000  0.000000e+000  0.000000e+000  0.000000e+000  0.000000e+000  0.000000e+000  
0.000000e+000  0.000000e+000  0.000000e+000  0.000000e+000  0.000000e+000  0.000000e+000  0.000000e+000  0.000000e+000  0.000000e+000  0.000000e+000  0.000000e+000  0.000000e+000  0.000000e+000  0.000000e+000  0.000000e+000  0.000000e+000  0.000000e+000  

0.000000e+000  0.000000e+000  0.000000e+000  0.000000e+000  0.000000e+000  0.000000e+000  0.000000e+000  0.000000e+000  0.000000e+000  0.000000e+000  0.000000e+000  0.000000e+000  0.000000e+000  0.000000e+000  0.000000e+000  0.000000e+000  0.000000e+000  
0.000000e+000  0.000000e+000  0.000000e+000  0.000000e+000  0.000000e+000  0.000000e+000  0.000000e+000  0.000000e+000  0.000000e+000  0.000000e+000  0.000000e+000  0.000000e+000  0.000000e+000  0.000000e+000  0.000000e+000  0.000000e+000  0.000000e+000  
0.000000e+000  0.000000e+000  0.000000e+000  0.000000e+000  0.000000e+000  0.000000e+000  0.000000e+000  0.000000e+000  0.000000e+000  0.000000e+000  0.000000e+000  0.000000e+000  0.000000e+000  0.000000e+000  0.000000e+000  0.000000e+000  0.000000e+000  
0.000000e+000  0.000000e+000  0.000000e+000  0.000000e+000  0.000000e+000  0.000000e+000  0.000000e+000  0.000000e+000  0.000000e+000  0.000000e+000  0.000000e+000  0.000000e+000  0.000000e+000  0.000000e+000  0.000000e+000  0.000000e+000  0.000000e+000  
0.000000e+000  0.000000e+000  0.000000e+000  0.000000e+000  0.000000e+000  0.000000e+000  0.000000e+000  0.000000e+000  0.000000e+000  0.000000e+000  0.000000e+000  0.000000e+000  0.000000e+000  0.000000e+000  0.000000e+000  0.000000e+000  0.000000e+000  
0.000000e+000  0.000000e+000  0.000000e+000  0.000000e+000  0.000000e+000  0.000000e+000  0.000000e+000  0.000000e+000  0.000000e+000  0.000000e+000  0.000000e+000  0.000000e+000  0.000000e+000  0.000000e+000  0.000000e+000  0.000000e+000  0.000000e+000  
0.000000e+000  0.000000e+000  0.000000e+000  0.000000e+000  0.000000e+000  0.000000e+000  0.000000e+000  0.000000e+000  0.000000e+000  0.000000e+000  0.000000e+000  0.000000e+000  0.000000e+000  0.000000e+000  0.000000e+000  0.000000e+000  0.000000e+000  
0.000000e+000  0.000000e+000  0.000000e+000  0.000000e+000  0.000000e+000  0.000000e+000  0.000000e+000  0.000000e+000  0.000000e+000  0.000000e+000  0.000000e+000  0.000000e+000  0.000000e+000  0.000000e+000  0.000000e+000  0.000000e+000  0.000000e+000  
0.000000e+000  0.000000e+000  0.000000e+000  0.000000e+000  0.000000e+000  0.000000e+000  0.000000e+000  0.000000e+000  0.000000e+000  0.000000e+000  0.000000e+000  0.000000e+000  0.000000e+000  0.000000e+000  0.000000e+000  0.000000e+000  0.000000e+000  
0.000000e+000  0.000000e+000  0.000000e+000  0.000000e+000  0.000000e+000  0.000000e+000  0.000000e+000  0.000000e+000  0.000000e+000  0.000000e+000  0.000000e+000  0.000000e+000  0.000000e+000  0.000000e+000  0.000000e+000  0.000000e+000  0.000000e+000  
0.000000e+000  0.000000e+000  0.000000e+000  0.000000e+000  0.000000e+000  0.000000e+000  0.000000e+000  0.000000e+000  0.000000e+000  0.000000e+000  0.000000e+000  0.000000e+000  0.000000e+000  0.000000e+000  0.000000e+000  0.000000e+000  0.000000e+000  
0.000000e+000  0.000000e+000  0.000000e+000  0.000000e+000  0.000000e+000  0.000000e+000  0.000000e+000  0.000000e+000  0.000000e+000  0.000000e+000  0.000000e+000  0.000000e+000  0.000000e+000  0.000000e+000  0.000000e+000  0.000000e+000  0.000000e+000  
0.000000e+000  0.000000e+000  0.000000e+000  0.000000e+000  0.000000e+000  0.000000e+000  0.000000e+000  0.000000e+000  0.000000e+000  0.000000e+000  0.000000e+000  0.000000e+000  0.000000e+000  0.000000e+000  0.000000e+000  0.000000e+000  0.000000e+000  
0.000000e+000  0.000000e+000  0.000000e+000  0.000000e+000  0.000000e+000  0.000000e+000  0.000000e+000  0.000000e+000  0.000000e+000  0.000000e+000  0.000000e+000  0.000000e+000  0.000000e+000  0.000000e+000  0.000000e+000  0.000000e+000  0.000000e+000  
0.000000e+000  0.000000e+000  0.000000e+000  0.000000e+000  0.000000e+000  0.000000e+000  0.000000e+000  0.000000e+000  0.000000e+000  0.000000e+000  0.000000e+000  0.000000e+000  0.000000e+000  0.000000e+000  0.000000e+000  0.000000e+000  0.000000e+000  
0.000000e+000  0.000000e+000  0.000000e+000  0.000000e+000  0.000000e+000  0.000000e+000  0.000000e+000  0.000000e+000  0.000000e+000  0.000000e+000  0.000000e+000  0.000000e+000  0.000000e+000  0.000000e+000  0.000000e+000  0.000000e+000  0.000000e+000  
0.000000e+000  0.000000e+000  0.000000e+000  0.000000e+000  0.000000e+000  0.000000e+000  0.000000e+000  0.000000e+000  0.000000e+000  0.000000e+000  0.000000e+000  0.000000e+000  0.000000e+000  0.000000e+000  0.000000e+000  0.000000e+000  0.000000e+000  
0.000000e+000  0.000000e+000  0.000000e+000  0.000000e+000  0.000000e+000  0.000000e+000  0.000000e+000  0.000000e+000  0.000000e+000  0.000000e+000  0.000000e+000  0.000000e+000  0.000000e+000  0.000000e+000  0.000000e+000  0.000000e+000  0.000000e+000  
0.000000e+000  0.000000e+000  0.000000e+000  0.000000e+000  0.000000e+000  0.000000e+000  0.000000e+000  0.000000e+000  0.000000e+000  0.000000e+000  0.000000e+000  0.000000e+000  0.000000e+000  0.000000e+000  0.000000e+000  0.000000e+000  0.000000e+000  
0.000000e+000  0.000000e+000  0.000000e+000  0.000000e+000  0.000000e+000  0.000000e+000  0.000000e+000  0.000000e+000  0.000000e+000  0.000000e+000  0.000000e+000  0.000000e+000  0.000000e+000  0.000000e+000  0.000000e+000  0.000000e+000  0.000000e+000  
0.000000e+000  0.000000e+000  0.000000e+000  0.000000e+000  0.000000e+000  0.000000e+000  0.000000e+000  0.000000e+000  0.000000e+000  0.000000e+000  0.000000e+000  0.000000e+000  0.000000e+000  0.000000e+000  0.000000e+000  0.000000e+000  0.000000e+000  
0.000000e+000  0.000000e+000  0.000000e+000  0.000000e+000  0.000000e+000  0.000000e+000  0.000000e+000  0.000000e+000  0.000000e+000  0.000000e+000  0.000000e+000  0.000000e+000  0.000000e+000  0.000000e+000  0.000000e+000  0.000000e+000  0.000000e+000  
0.000000e+000  0.000000e+000  0.000000e+000  0.000000e+000  0.000000e+000  0.000000e+000  0.000000e+000  0.000000e+000  0.000000e+000  0.000000e+000  0.000000e+000  0.000000e+000  0.000000e+000  0.000000e+000  0.000000e+000  0.000000e+000  0.000000e+000  
0.000000e+000  0.000000e+000  0.000000e+000  0.000000e+000  0.000000e+000  0.000000e+000  0.000000e+000  0.000000e+000  0.000000e+000  0.000000e+000  0.000000e+000  0.000000e+000  0.000000e+000  0.000000e+000  0.000000e+000  0.000000e+000  0.000000e+000  
0.000000e+000  0.000000e+000  0.000000e+000  0.000000e+000  0.000000e+000  0.000000e+000  0.000000e+000  0.000000e+000  0.000000e+000  0.000000e+000  0.000000e+000  0.000000e+000  0.000000e+000  0.000000e+000  0.000000e+000  0.000000e+000  0.000000e+000  
0.000000e+000  0.000000e+000  0.000000e+000  0.000000e+000  0.000000e+000  0.000000e+000  0.000000e+000  0.000000e+000  0.000000e+000  0.000000e+000  0.000000e+000  0.000000e+000  0.000000e+000  0.000000e+000  0.000000e+000  0.000000e+000  0.000000e+000  
0.000000e+000  0.000000e+000  0.000000e+000  0.000000e+000  0.000000e+000  0.000000e+000  0.000000e+000  0.000000e+000  0.000000e+000  0.000000e+000  0.000000e+000  0.000000e+000  0.000000e+000  0.000000e+000  0.000000e+000  0.000000e+000  0.000000e+000  
0.000000e+000  0.000000e+000  0.000000e+000  0.000000e+000  0.000000e+000  0.000000e+000  0.000000e+000  0.000000e+000  0.000000e+000  0.000000e+000  0.000000e+000  0.000000e+000  0.000000e+000  0.000000e+000  0.000000e+000  0.000000e+000  0.000000e+000  
0.000000e+000  0.000000e+000  0.000000e+000  0.000000e+000  0.000000e+000  0.000000e+000  0.000000e+000  0.000000e+000  0.000000e+000  0.000000e+000  0.000000e+000  0.000000e+000  0.000000e+000  0.000000e+000  0.000000e+000  0.000000e+000  0.000000e+000  
0.000000e+000  0.000000e+000  0.000000e+000  0.000000e+000  0.000000e+000  0.000000e+000  0.000000e+000  0.000000e+000  0.000000e+000  0.000000e+000  0.000000e+000  0.000000e+000  0.000000e+000  0.000000e+000  0.000000e+000  0.000000e+000  0.000000e+000  
0.000000e+000  0.000000e+000  0.000000e+000  0.000000e+000  0.000000e+000  0.000000e+000  0.000000e+000  0.000000e+000  0.000000e+000  0.000000e+000  0.000000e+000  0.000000e+000  0.000000e+000  0.000000e+000  0.000000e+000  0.000000e+000  0.000000e+000  
0.000000e+000  0.000000e+000  0.000000e+000  0.000000e+000  0.000000e+000  0.000000e+000  0.000000e+000  0.000000e+000  0.000000e+000  0.000000e+000  0.000000e+000  0.000000e+000  0.000000e+000  0.000000e+000  0.000000e+000  0.000000e+000  0.000000e+000  
0.000000e+000  0.000000e+000  0.000000e+000  0.000000e+000  0.000000e+000  0.000000e+000  0.000000e+000  0.000000e+000  0.000000e+000  0.000000e+000  0.000000e+000  0.000000e+000  0.000000e+000  0.000000e+000  0.000000e+000  0.000000e+000  0.000000e+000  
0.000000e+000  0.000000e+000  0.000000e+000  0.000000e+000  0.000000e+000  0.000000e+000  0.000000e+000  0.000000e+000  0.000000e+000  0.000000e+000  0.000000e+000  0.000000e+000  0.000000e+000  0.000000e+000  0.000000e+000  0.000000e+000  0.000000e+000  
0.000000e+000  0.000000e+000  0.000000e+000  0.000000e+000  0.000000e+000  0.000000e+000  0.000000e+000  0.000000e+000  0.000000e+000  0.000000e+000  0.000000e+000  0.000000e+000  0.000000e+000  0.000000e+000  0.000000e+000  0.000000e+000  0.000000e+000  

0.000000e+000  0.000000e+000  0.000000e+000  0.000000e+000  0.000000e+000  0.000000e+000  0.000000e+000  0.000000e+000  0.000000e+000  0.000000e+000  0.000000e+000  0.000000e+000  0.000000e+000  0.000000e+000  0.000000e+000  0.000000e+000  0.000000e+000  
0.000000e+000  0.000000e+000  0.000000e+000  0.000000e+000  0.000000e+000  0.000000e+000  0.000000e+000  0.000000e+000  0.000000e+000  0.000000e+000  0.000000e+000  0.000000e+000  0.000000e+000  0.000000e+000  0.000000e+000  0.000000e+000  0.000000e+000  
0.000000e+000  0.000000e+000  0.000000e+000  0.000000e+000  0.000000e+000  0.000000e+000  0.000000e+000  0.000000e+000  0.000000e+000  0.000000e+000  0.000000e+000  0.000000e+000  0.000000e+000  0.000000e+000  0.000000e+000  0.000000e+000  0.000000e+000  
0.000000e+000  0.000000e+000  0.000000e+000  0.000000e+000  0.000000e+000  0.000000e+000  0.000000e+000  0.000000e+000  0.000000e+000  0.000000e+000  0.000000e+000  0.000000e+000  0.000000e+000  0.000000e+000  0.000000e+000  0.000000e+000  0.000000e+000  
0.000000e+000  0.000000e+000  0.000000e+000  0.000000e+000  0.000000e+000  0.000000e+000  0.000000e+000  0.000000e+000  0.000000e+000  0.000000e+000  0.000000e+000  0.000000e+000  0.000000e+000  0.000000e+000  0.000000e+000  0.000000e+000  0.000000e+000  
0.000000e+000  0.000000e+000  0.000000e+000  0.000000e+000  0.000000e+000  0.000000e+000  0.000000e+000  0.000000e+000  0.000000e+000  0.000000e+000  0.000000e+000  0.000000e+000  0.000000e+000  0.000000e+000  0.000000e+000  0.000000e+000  0.000000e+000  
0.000000e+000  0.000000e+000  0.000000e+000  0.000000e+000  0.000000e+000  0.000000e+000  0.000000e+000  0.000000e+000  0.000000e+000  0.000000e+000  0.000000e+000  0.000000e+000  0.000000e+000  0.000000e+000  0.000000e+000  0.000000e+000  0.000000e+000  
0.000000e+000  0.000000e+000  0.000000e+000  0.000000e+000  0.000000e+000  0.000000e+000  0.000000e+000  0.000000e+000  0.000000e+000  0.000000e+000  0.000000e+000  0.000000e+000  0.000000e+000  0.000000e+000  0.000000e+000  0.000000e+000  0.000000e+000  
0.000000e+000  0.000000e+000  0.000000e+000  0.000000e+000  0.000000e+000  0.000000e+000  0.000000e+000  0.000000e+000  0.000000e+000  0.000000e+000  0.000000e+000  0.000000e+000  0.000000e+000  0.000000e+000  0.000000e+000  0.000000e+000  0.000000e+000  
0.000000e+000  0.000000e+000  0.000000e+000  0.000000e+000  0.000000e+000  0.000000e+000  0.000000e+000  0.000000e+000  0.000000e+000  0.000000e+000  0.000000e+000  0.000000e+000  0.000000e+000  0.000000e+000  0.000000e+000  0.000000e+000  0.000000e+000  
0.000000e+000  0.000000e+000  0.000000e+000  0.000000e+000  0.000000e+000  0.000000e+000  0.000000e+000  0.000000e+000  0.000000e+000  0.000000e+000  0.000000e+000  0.000000e+000  0.000000e+000  0.000000e+000  0.000000e+000  0.000000e+000  0.000000e+000  
0.000000e+000  0.000000e+000  0.000000e+000  0.000000e+000  0.000000e+000  0.000000e+000  0.000000e+000  0.000000e+000  0.000000e+000  0.000000e+000  0.000000e+000  0.000000e+000  0.000000e+000  0.000000e+000  0.000000e+000  0.000000e+000  0.000000e+000  
0.000000e+000  0.000000e+000  0.000000e+000  0.000000e+000  0.000000e+000  0.000000e+000  0.000000e+000  0.000000e+000  0.000000e+000  0.000000e+000  0.000000e+000  0.000000e+000  0.000000e+000  0.000000e+000  0.000000e+000  0.000000e+000  0.000000e+000  
0.000000e+000  0.000000e+000  0.000000e+000  0.000000e+000  0.000000e+000  0.000000e+000  0.000000e+000  0.000000e+000  0.000000e+000  0.000000e+000  0.000000e+000  0.000000e+000  0.000000e+000  0.000000e+000  0.000000e+000  0.000000e+000  0.000000e+000  
0.000000e+000  0.000000e+000  0.000000e+000  0.000000e+000  0.000000e+000  0.000000e+000  0.000000e+000  0.000000e+000  0.000000e+000  0.000000e+000  0.000000e+000  0.000000e+000  0.000000e+000  0.000000e+000  0.000000e+000  0.000000e+000  0.000000e+000  
0.000000e+000  0.000000e+000  0.000000e+000  0.000000e+000  0.000000e+000  0.000000e+000  0.000000e+000  0.000000e+000  0.000000e+000  0.000000e+000  0.000000e+000  0.000000e+000  0.000000e+000  0.000000e+000  0.000000e+000  0.000000e+000  0.000000e+000  
0.000000e+000  0.000000e+000  0.000000e+000  0.000000e+000  0.000000e+000  0.000000e+000  0.000000e+000  0.000000e+000  0.000000e+000  0.000000e+000  0.000000e+000  0.000000e+000  0.000000e+000  0.000000e+000  0.000000e+000  0.000000e+000  0.000000e+000  
0.000000e+000  0.000000e+000  0.000000e+000  0.000000e+000  0.000000e+000  0.000000e+000  0.000000e+000  0.000000e+000  0.000000e+000  0.000000e+000  0.000000e+000  0.000000e+000  0.000000e+000  0.000000e+000  0.000000e+000  0.000000e+000  0.000000e+000  
0.000000e+000  0.000000e+000  0.000000e+000  0.000000e+000  0.000000e+000  0.000000e+000  0.000000e+000  0.000000e+000  0.000000e+000  0.000000e+000  0.000000e+000  0.000000e+000  0.000000e+000  0.000000e+000  0.000000e+000  0.000000e+000  0.000000e+000  
0.000000e+000  0.000000e+000  0.000000e+000  0.000000e+000  0.000000e+000  0.000000e+000  0.000000e+000  0.000000e+000  0.000000e+000  0.000000e+000  0.000000e+000  0.000000e+000  0.000000e+000  0.000000e+000  0.000000e+000  0.000000e+000  0.000000e+000  
0.000000e+000  0.000000e+000  0.000000e+000  0.000000e+000  0.000000e+000  0.000000e+000  0.000000e+000  0.000000e+000  0.000000e+000  0.000000e+000  0.000000e+000  0.000000e+000  0.000000e+000  0.000000e+000  0.000000e+000  0.000000e+000  0.000000e+000  
0.000000e+000  0.000000e+000  0.000000e+000  0.000000e+000  0.000000e+000  0.000000e+000  0.000000e+000  0.000000e+000  0.000000e+000  0.000000e+000  0.000000e+000  0.000000e+000  0.000000e+000  0.000000e+000  0.000000e+000  0.000000e+000  0.000000e+000  
0.000000e+000  0.000000e+000  0.000000e+000  0.000000e+000  0.000000e+000  0.000000e+000  0.000000e+000  0.000000e+000  0.000000e+000  0.000000e+000  0.000000e+000  0.000000e+000  0.000000e+000  0.000000e+000  0.000000e+000  0.000000e+000  0.000000e+000  
0.000000e+000  0.000000e+000  0.000000e+000  0.000000e+000  0.000000e+000  0.000000e+000  0.000000e+000  0.000000e+000  0.000000e+000  0.000000e+000  0.000000e+000  0.000000e+000  0.000000e+000  0.000000e+000  0.000000e+000  0.000000e+000  0.000000e+000  
0.000000e+000  0.000000e+000  0.000000e+000  0.000000e+000  0.000000e+000  0.000000e+000  0.000000e+000  0.000000e+000  0.000000e+000  0.000000e+000  0.000000e+000  0.000000e+000  0.000000e+000  0.000000e+000  0.000000e+000  0.000000e+000  0.000000e+000  
0.000000e+000  0.000000e+000  0.000000e+000  0.000000e+000  0.000000e+000  0.000000e+000  0.000000e+000  0.000000e+000  0.000000e+000  0.000000e+000  0.000000e+000  0.000000e+000  0.000000e+000  0.000000e+000  0.000000e+000  0.000000e+000  0.000000e+000  
0.000000e+000  0.000000e+000  0.000000e+000  0.000000e+000  0.000000e+000  0.000000e+000  0.000000e+000  0.000000e+000  0.000000e+000  0.000000e+000  0.000000e+000  0.000000e+000  0.000000e+000  0.000000e+000  0.000000e+000  0.000000e+000  0.000000e+000  
0.000000e+000  0.000000e+000  0.000000e+000  0.000000e+000  0.000000e+000  0.000000e+000  0.000000e+000  0.000000e+000  0.000000e+000  0.000000e+000  0.000000e+000  0.000000e+000  0.000000e+000  0.000000e+000  0.000000e+000  0.000000e+000  0.000000e+000  
0.000000e+000  0.000000e+000  0.000000e+000  0.000000e+000  0.000000e+000  0.000000e+000  0.000000e+000  0.000000e+000  0.000000e+000  0.000000e+000  0.000000e+000  0.000000e+000  0.000000e+000  0.000000e+000  0.000000e+000  0.000000e+000  0.000000e+000  
0.000000e+000  0.000000e+000  0.000000e+000  0.000000e+000  0.000000e+000  0.000000e+000  0.000000e+000  0.000000e+000  0.000000e+000  0.000000e+000  0.000000e+000  0.000000e+000  0.000000e+000  0.000000e+000  0.000000e+000  0.000000e+000  0.000000e+000  
0.000000e+000  0.000000e+000  0.000000e+000  0.000000e+000  0.000000e+000  0.000000e+000  0.000000e+000  0.000000e+000  0.000000e+000  0.000000e+000  0.000000e+000  0.000000e+000  0.000000e+000  0.000000e+000  0.000000e+000  0.000000e+000  0.000000e+000  
0.000000e+000  0.000000e+000  0.000000e+000  0.000000e+000  0.000000e+000  0.000000e+000  0.000000e+000  0.000000e+000  0.000000e+000  0.000000e+000  0.000000e+000  0.000000e+000  0.000000e+000  0.000000e+000  0.000000e+000  0.000000e+000  0.000000e+000  
0.000000e+000  0.000000e+000  0.000000e+000  0.000000e+000  0.000000e+000  0.000000e+000  0.000000e+000  0.000000e+000  0.000000e+000  0.000000e+000  0.000000e+000  0.000000e+000  0.000000e+000  0.000000e+000  0.000000e+000  0.000000e+000  0.000000e+000  
0.000000e+000  0.000000e+000  0.000000e+000  0.000000e+000  0.000000e+000  0.000000e+000  0.000000e+000  0.000000e+000  0.000000e+000  0.000000e+000  0.000000e+000  0.000000e+000  0.000000e+000  0.000000e+000  0.000000e+000  0.000000e+000  0.000000e+000  
0.000000e+000  0.000000e+000  0.000000e+000  0.000000e+000  0.000000e+000  0.000000e+000  0.000000e+000  0.000000e+000  0.000000e+000  0.000000e+000  0.000000e+000  0.000000e+000  0.000000e+000  0.000000e+000  0.000000e+000  0.000000e+000  0.000000e+000  

-0.000000e+000  -6.412037e+000  -1.278457e+001  -1.907857e+001  -2.525598e+001  -2.604301e+001  -2.670657e+001  -2.725564e+001  -2.770019e+001  -2.805076e+001  -2.831805e+001  -2.851269e+001  -2.864496e+001  -2.875167e+001  -2.871836e+001  -2.819045e+001  -2.766489e+001  
-0.000000e+000  -6.761275e+000  -1.347859e+001  -2.010848e+001  -2.660843e+001  -2.733817e+001  -2.793100e+001  -2.839993e+001  -2.875860e+001  -2.902074e+001  -2.919973e+001  -2.930830e+001  -2.935834e+001  -2.931552e+001  -2.915703e+001  -2.841063e+001  -2.779550e+001  
-0.000000e+000  -8.305918e+000  -1.654990e+001  -2.466998e+001  -3.260434e+001  -3.299678e+001  -3.320080e+001  -3.325069e+001  -3.317823e+001  -3.301176e+001  -3.277583e+001  -3.249119e+001  -3.217498e+001  -3.148979e+001  -3.081277e+001  -2.921947e+001  -2.827336e+001  
-0.000000e+000  -1.068597e+001  -2.129708e+001  -3.175472e+001  -4.197341e+001  -4.146386e+001  -4.074255e+001  -3.988763e+001  -3.896140e+001  -3.801096e+001  -3.707019e+001  -3.616214e+001  -3.530146e+001  -3.374780e+001  -3.243412e+001  -2.996904e+001  -2.872041e+001  
-0.000000e+000  -1.388817e+001  -2.774779e+001  -4.153136e+001  -5.515577e+001  -5.256414e+001  -4.993609e+001  -4.740734e+001  -4.505853e+001  -4.292834e+001  -4.102658e+001  -3.934528e+001  -3.786689e+001  -3.545423e+001  -3.358916e+001  -3.051627e+001  -2.907376e+001  
-0.000000e+000  -1.561082e+001  -3.131810e+001  -4.717956e+001  -6.317612e+001  -5.856405e+001  -5.431273e+001  -5.054390e+001  -4.728465e+001  -4.450599e+001  -4.215238e+001  -4.016057e+001  -3.846977e+001  -3.583009e+001  -3.385293e+001  -3.068923e+001  -2.920924e+001  
-0.000000e+000  -1.696414e+001  -3.428846e+001  -5.227188e+001  -7.107306e+001  -6.360437e+001  -5.732252e+001  -5.221328e+001  -4.812573e+001  -4.486792e+001  -4.225825e+001  -4.014498e+001  -3.840894e+001  -3.579642e+001  -3.387467e+001  -3.079031e+001  -2.931440e+001  
-0.000000e+000  -1.714288e+001  -3.483183e+001  -5.356196e+001  -7.367235e+001  -6.468188e+001  -5.751199e+001  -5.196043e+001  -4.769966e+001  -4.441299e+001  -4.184296e+001  -3.979586e+001  -3.813091e+001  -3.564412e+001  -3.381100e+001  -3.081414e+001  -2.935138e+001  
-0.000000e+000  -1.693596e+001  -3.463924e+001  -5.387424e+001  -7.527973e+001  -6.466109e+001  -5.672516e+001  -5.093301e+001  -4.669480e+001  -4.353852e+001  -4.112790e+001  -3.923390e+001  -3.770236e+001  -3.541339e+001  -3.370718e+001  -3.082654e+001  -2.938285e+001  
-0.000000e+000  -1.618929e+001  -3.336890e+001  -5.265791e+001  -7.522693e+001  -6.300118e+001  -5.463192e+001  -4.896525e+001  -4.504281e+001  -4.222573e+001  -4.011657e+001  -3.847108e+001  -3.713740e+001  -3.511519e+001  -3.357018e+001  -3.082915e+001  -2.940917e+001  
-0.000000e+000  -1.474764e+001  -3.061861e+001  -4.914011e+001  -7.246340e+001  -5.896476e+001  -5.088032e+001  -4.593647e+001  -4.272788e+001  -4.049740e+001  -3.884148e+001  -3.753866e+001  -3.646265e+001  -3.476587e+001  -3.340910e+001  -3.082394e+001  -2.943076e+001  
-0.000000e+000  -1.316427e+001  -2.736798e+001  -4.434216e+001  -6.745033e+001  -5.378395e+001  -4.683317e+001  -4.299689e+001  -4.062615e+001  -3.899539e+001  -3.776611e+001  -3.676906e+001  -3.591482e+001  -3.448661e+001  -3.328065e+001  -3.081641e+001  -2.944407e+001  
-0.000000e+000  -1.117772e+001  -2.304403e+001  -3.717049e+001  -5.842054e+001  -4.629129e+001  -4.172205e+001  -3.956449e+001  -3.828267e+001  -3.736854e+001  -3.662421e+001  -3.596361e+001  -3.534799e+001  -3.420094e+001  -3.314974e+001  -3.080670e+001  -2.945523e+001  
-0.000000e+000  -8.923673e+000  -1.784437e+001  -2.724452e+001  -4.237123e+001  -3.619077e+001  -3.578909e+001  -3.584278e+001  -3.582582e+001  -3.569670e+001  -3.546693e+001  -3.515598e+001  -3.478464e+001  -3.391975e+001  -3.302140e+001  -3.079575e+001  -2.946445e+001  
-0.000000e+000  -6.669311e+000  -1.245679e+001  -1.510484e+001  -0.000000e+000  -2.409713e+001  -2.971138e+001  -3.215900e+001  -3.342132e+001  -3.407317e+001  -3.435109e+001  -3.438248e+001  -3.424843e+001  -3.365414e+001  -3.290066e+001  -3.078448e+001  -2.947192e+001  
-0.000000e+000  -4.163822e+000  -7.101513e+000  -6.868949e+000  -0.000000e+000  -1.492223e+001  -2.326834e+001  -2.785785e+001  -3.053133e+001  -3.210756e+001  -3.300090e+001  -3.344976e+001  -3.360475e+001  -3.333744e+001  -3.275729e+001  -3.077008e+001  -2.947953e+001  
-0.000000e+000  -2.519173e+000  -3.973104e+000  -3.297029e+000  -0.000000e+000  -1.076855e+001  -1.921854e+001  -2.478823e+001  -2.835656e+001  -3.059599e+001  -3.195448e+001  -3.272580e+001  -3.310576e+001  -3.309297e+001  -3.264698e+001  -3.075845e+001  -2.948468e+001  
-0.000000e+000  -1.474520e+000  -2.205520e+000  -1.678586e+000  -0.000000e+000  -8.723975e+000  -1.662662e+001  -2.249937e+001  -2.658798e+001  -2.930791e+001  -3.104173e+001  -3.208784e+001  -3.266446e+001  -3.287727e+001  -3.255003e+001  -3.074769e+001  -2.948849e+001  
-0.000000e+000  -2.519169e+000  -3.973097e+000  -3.297023e+000  -0.000000e+000  -1.076854e+001  -1.921852e+001  -2.478821e+001  -2.835654e+001  -3.059597e+001  -3.195446e+001  -3.272579e+001  -3.310575e+001  -3.309296e+001  -3.264698e+001  -3.075845e+001  -2.948468e+001  
-0.000000e+000  -4.163813e+000  -7.101499e+000  -6.868936e+000  -0.000000e+000  -1.492221e+001  -2.326832e+001  -2.785782e+001  -3.053131e+001  -3.210753e+001  -3.300088e+001  -3.344974e+001  -3.360474e+001  -3.333743e+001  -3.275728e+001  -3.077007e+001  -2.947953e+001  
-0.000000e+000  -6.669298e+000  -1.245677e+001  -1.510481e+001  -0.000000e+000  -2.409709e+001  -2.971134e+001  -3.215896e+001  -3.342129e+001  -3.407314e+001  -3.435107e+001  -3.438245e+001  -3.424841e+001  -3.365412e+001  -3.290065e+001  -3.078447e+001  -2.947192e+001  
-0.000000e+000  -8.923655e+000  -1.784433e+001  -2.724446e+001  -4.237113e+001  -3.619070e+001  -3.578903e+001  -3.584273e+001  -3.582578e+001  -3.569667e+001  -3.546690e+001  -3.515596e+001  -3.478461e+001  -3.391973e+001  -3.302139e+001  -3.079574e+001  -2.946444e+001  
-0.000000e+000  -1.117769e+001  -2.304399e+001  -3.717042e+001  -5.842042e+001  -4.629120e+001  -4.172198e+001  -3.956443e+001  -3.828262e+001  -3.736850e+001  -3.662417e+001  -3.596358e+001  -3.534797e+001  -3.420092e+001  -3.314972e+001  -3.080669e+001  -2.945522e+001  
-0.000000e+000  -1.316424e+001  -2.736793e+001  -4.434207e+001  -6.745019e+001  -5.378385e+001  -4.683310e+001  -4.299683e+001  -4.062610e+001  -3.899534e+001  -3.776607e+001  -3.676902e+001  -3.591479e+001  -3.448658e+001  -3.328064e+001  -3.081639e+001  -2.944406e+001  
-0.000000e+000  -1.474762e+001  -3.061855e+001  -4.914001e+001  -7.246326e+001  -5.896466e+001  -5.088024e+001  -4.593640e+001  -4.272782e+001  -4.049735e+001  -3.884144e+001  -3.753862e+001  -3.646261e+001  -3.476584e+001  -3.340908e+001  -3.082392e+001  -2.943075e+001  
-0.000000e+000  -1.618926e+001  -3.336884e+001  -5.265782e+001  -7.522679e+001  -6.300107e+001  -5.463183e+001  -4.896518e+001  -4.504274e+001  -4.222567e+001  -4.011652e+001  -3.847104e+001  -3.713737e+001  -3.511516e+001  -3.357016e+001  -3.082913e+001  -2.940916e+001  
-0.000000e+000  -1.693594e+001  -3.463918e+001  -5.387415e+001  -7.527960e+001  -6.466098e+001  -5.672507e+001  -5.093293e+001  -4.669473e+001  -4.353846e+001  -4.112785e+001  -3.923385e+001  -3.770232e+001  -3.541336e+001  -3.370715e+001  -3.082652e+001  -2.938284e+001  
-0.000000e+000  -1.714285e+001  -3.483177e+001  -5.356187e+001  -7.367223e+001  -6.468177e+001  -5.751190e+001  -5.196035e+001  -4.769959e+001  -4.441293e+001  -4.184290e+001  -3.979581e+001  -3.813087e+001  -3.564409e+001  -3.381097e+001  -3.081412e+001  -2.935136e+001  
-0.000000e+000  -1.696411e+001  -3.428840e+001  -5.227180e+001  -7.107294e+001  -6.360426e+001  -5.732243e+001  -5.221320e+001  -4.812566e+001  -4.486786e+001  -4.225820e+001  -4.014493e+001  -3.840890e+001  -3.579639e+001  -3.387464e+001  -3.079029e+001  -2.931438e+001  
-0.000000e+000  -1.561079e+001  -3.131805e+001  -4.717948e+001  -6.317602e+001  -5.856396e+001  -5.431264e+001  -5.054383e+001  -4.728458e+001  -4.450593e+001  -4.215233e+001  -4.016052e+001  -3.846972e+001  -3.583005e+001  -3.385290e+001  -3.068921e+001  -2.920922e+001  
-0.000000e+000  -1.388814e+001  -2.774774e+001  -4.153129e+001  -5.515568e+001  -5.256405e+001  -4.993601e+001  -4.740726e+001  -4.505846e+001  -4.292828e+001  -4.102652e+001  -3.934523e+001  -3.786684e+001  -3.545419e+001  -3.358912e+001  -3.051624e+001  -2.907374e+001  
-0.000000e+000  -1.068595e+001  -2.129705e+001  -3.175466e+001  -4.197334e+001  -4.146379e+001  -4.074248e+001  -3.988757e+001  -3.896134e+001  -3.801090e+001  -3.707013e+001  -3.616208e+001  -3.530142e+001  -3.374775e+001  -3.243408e+001  -2.996901e+001  -2.872039e+001  
-0.000000e+000  -8.305902e+000  -1.654987e+001  -2.466993e+001  -3.260428e+001  -3.299672e+001  -3.320074e+001  -3.325064e+001  -3.317818e+001  -3.301171e+001  -3.277578e+001  -3.249114e+001  -3.217493e+001  -3.148974e+001  -3.081273e+001  -2.921943e+001  -2.827333e+001  
-0.000000e+000  -6.761261e+000  -1.347857e+001  -2.010844e+001  -2.660837e+001  -2.733812e+001  -2.793095e+001  -2.839988e+001  -2.875855e+001  -2.902069e+001  -2.919968e+001  -2.930825e+001  -2.935829e+001  -2.931548e+001  -2.915699e+001  -2.841059e+001  -2.779547e+001  
-0.000000e+000  -6.412024e+000  -1.278454e+001  -1.907853e+001  -2.525593e+001  -2.604296e+001  -2.670652e+001  -2.725559e+001  -2.770015e+001  -2.805071e+001  -2.831800e+001  -2.851265e+001  -2.864492e+001  -2.875163e+001  -2.871832e+001  -2.819042e+001  -2.766486e+001  

