2025-10-22 10:01:09   Build version: 2025.4 Release from 2025-04-11 (change 1409410)

2025-10-22 10:01:09   Starting adaptive port meshing.

                      ------------------------------------------------------------------------------
2025-10-22 10:01:09   Mode calculation for port 1:

                      ------------------------------------------------------------------------------
2025-10-22 10:01:09   According to the selected features the <Time Domain Solver (HEX)> will be
                      started.

                      ------------------------------------------------------------------------------
2025-10-22 10:01:09   

                      ------------------------------------------------------------------------------
2025-10-22 10:01:09   

                      ------------------------------------------------------------------------------
2025-10-22 10:01:13   Using Generalized port mode solver.

                      ------------------------------------------------------------------------------
2025-10-22 10:01:13   Using electric shielding for port 1.

                      ------------------------------------------------------------------------------
2025-10-22 10:01:14   Port mode solver: Detected dispersive material(s) at port 1. 
                      Using a constant approximation of dispersive material(s) at 2.44175 GHz and neglecting loss terms.  More...

                      ------------------------------------------------------------------------------
2025-10-22 10:01:15     ------------------------------- F-Calc 2.44 --------------------------------
                        Port   Mode   Type        Z-Wave        Z-Wave-Sigma  Z-Line        F-Cutoff
                        1      1      QTEM        201           0             48.6          ---
                        ----------------------------------------------------------------------------

2025-10-22 10:01:16   Pass 1 successfully completed. 
2025-10-22 10:01:16   According to the selected features the <Time Domain Solver (HEX)> will be
                      started.

                      ------------------------------------------------------------------------------
2025-10-22 10:01:17   

                      ------------------------------------------------------------------------------
2025-10-22 10:01:17   

                      ------------------------------------------------------------------------------
2025-10-22 10:01:23     ------------------------------- F-Calc 2.44 --------------------------------
                        Port   Mode   Type        Z-Wave        Z-Wave-Sigma  Z-Line        F-Cutoff
                        1      1      QTEM        200           0             52.2          ---
                        ----------------------------------------------------------------------------

2025-10-22 10:01:24   Pass 2 successfully completed. Delta (Line Imp.): 6.99%
2025-10-22 10:01:24   According to the selected features the <Time Domain Solver (HEX)> will be
                      started.

                      ------------------------------------------------------------------------------
2025-10-22 10:01:25   

                      ------------------------------------------------------------------------------
2025-10-22 10:01:25   

                      ------------------------------------------------------------------------------
2025-10-22 10:01:31     ------------------------------- F-Calc 2.44 --------------------------------
                        Port   Mode   Type        Z-Wave        Z-Wave-Sigma  Z-Line        F-Cutoff
                        1      1      QTEM        235           3.99e-007     53.7          ---
                        ----------------------------------------------------------------------------

2025-10-22 10:01:32   Pass 3 successfully completed. Delta (Line Imp.): 2.79%
2025-10-22 10:01:32   According to the selected features the <Time Domain Solver (HEX)> will be
                      started.

                      ------------------------------------------------------------------------------
2025-10-22 10:01:33   

                      ------------------------------------------------------------------------------
2025-10-22 10:01:33   

                      ------------------------------------------------------------------------------
2025-10-22 10:01:39     ------------------------------- F-Calc 2.44 --------------------------------
                        Port   Mode   Type        Z-Wave        Z-Wave-Sigma  Z-Line        F-Cutoff
                        1      1      QTEM        241           3.82e-008     53.5          ---
                        ----------------------------------------------------------------------------

2025-10-22 10:01:41   Pass 4 successfully completed. Delta (Line Imp.): 0.44%
2025-10-22 10:01:41   Mode calculation for port 2:

                      ------------------------------------------------------------------------------
2025-10-22 10:01:41   According to the selected features the <Time Domain Solver (HEX)> will be
                      started.

                      ------------------------------------------------------------------------------
2025-10-22 10:01:41   

                      ------------------------------------------------------------------------------
2025-10-22 10:01:41   

                      ------------------------------------------------------------------------------
2025-10-22 10:01:45   Using Generalized port mode solver.

                      ------------------------------------------------------------------------------
2025-10-22 10:01:45   Using electric shielding for port 2.

                      ------------------------------------------------------------------------------
2025-10-22 10:01:46   Port mode solver: Detected dispersive material(s) at port 2. 
                      Using a constant approximation of dispersive material(s) at 2.44175 GHz and neglecting loss terms.  More...

                      ------------------------------------------------------------------------------
2025-10-22 10:01:47     ------------------------------- F-Calc 2.44 --------------------------------
                        Port   Mode   Type        Z-Wave        Z-Wave-Sigma  Z-Line        F-Cutoff
                        2      1      QTEM        201           0             48.6          ---
                        ----------------------------------------------------------------------------

2025-10-22 10:01:48   Pass 1 successfully completed. 
2025-10-22 10:01:48   According to the selected features the <Time Domain Solver (HEX)> will be
                      started.

                      ------------------------------------------------------------------------------
2025-10-22 10:01:49   

                      ------------------------------------------------------------------------------
2025-10-22 10:01:49   

                      ------------------------------------------------------------------------------
2025-10-22 10:01:55     ------------------------------- F-Calc 2.44 --------------------------------
                        Port   Mode   Type        Z-Wave        Z-Wave-Sigma  Z-Line        F-Cutoff
                        2      1      QTEM        200           0             52.2          ---
                        ----------------------------------------------------------------------------

2025-10-22 10:01:56   Pass 2 successfully completed. Delta (Line Imp.): 6.99%
2025-10-22 10:01:56   According to the selected features the <Time Domain Solver (HEX)> will be
                      started.

                      ------------------------------------------------------------------------------
2025-10-22 10:01:57   

                      ------------------------------------------------------------------------------
2025-10-22 10:01:57   

                      ------------------------------------------------------------------------------
2025-10-22 10:02:03     ------------------------------- F-Calc 2.44 --------------------------------
                        Port   Mode   Type        Z-Wave        Z-Wave-Sigma  Z-Line        F-Cutoff
                        2      1      QTEM        235           3.99e-007     53.7          ---
                        ----------------------------------------------------------------------------

2025-10-22 10:02:05   Pass 3 successfully completed. Delta (Line Imp.): 2.79%
2025-10-22 10:02:05   According to the selected features the <Time Domain Solver (HEX)> will be
                      started.

                      ------------------------------------------------------------------------------
2025-10-22 10:02:05   

                      ------------------------------------------------------------------------------
2025-10-22 10:02:05   

                      ------------------------------------------------------------------------------
2025-10-22 10:02:11     ------------------------------- F-Calc 2.44 --------------------------------
                        Port   Mode   Type        Z-Wave        Z-Wave-Sigma  Z-Line        F-Cutoff
                        2      1      QTEM        241           3.83e-008     53.5          ---
                        ----------------------------------------------------------------------------

2025-10-22 10:02:13   Pass 4 successfully completed. Delta (Line Imp.): 0.44%
2025-10-22 10:02:13   Mode calculation for port 3:

                      ------------------------------------------------------------------------------
2025-10-22 10:02:13   According to the selected features the <Time Domain Solver (HEX)> will be
                      started.

                      ------------------------------------------------------------------------------
2025-10-22 10:02:13   

                      ------------------------------------------------------------------------------
2025-10-22 10:02:13   

                      ------------------------------------------------------------------------------
2025-10-22 10:02:17   Using Generalized port mode solver.

                      ------------------------------------------------------------------------------
2025-10-22 10:02:17   Using electric shielding for port 3.

                      ------------------------------------------------------------------------------
2025-10-22 10:02:18   Port mode solver: Detected dispersive material(s) at port 3. 
                      Using a constant approximation of dispersive material(s) at 2.44175 GHz and neglecting loss terms.  More...

                      ------------------------------------------------------------------------------
2025-10-22 10:02:19     ------------------------------- F-Calc 2.44 --------------------------------
                        Port   Mode   Type        Z-Wave        Z-Wave-Sigma  Z-Line        F-Cutoff
                        3      1      QTEM        201           0             48.6          ---
                        ----------------------------------------------------------------------------

2025-10-22 10:02:21   Pass 1 successfully completed. 
2025-10-22 10:02:21   According to the selected features the <Time Domain Solver (HEX)> will be
                      started.

                      ------------------------------------------------------------------------------
2025-10-22 10:02:21   

                      ------------------------------------------------------------------------------
2025-10-22 10:02:21   

                      ------------------------------------------------------------------------------
2025-10-22 10:02:27     ------------------------------- F-Calc 2.44 --------------------------------
                        Port   Mode   Type        Z-Wave        Z-Wave-Sigma  Z-Line        F-Cutoff
                        3      1      QTEM        200           0             52.2          ---
                        ----------------------------------------------------------------------------

2025-10-22 10:02:29   Pass 2 successfully completed. Delta (Line Imp.): 6.99%
2025-10-22 10:02:29   According to the selected features the <Time Domain Solver (HEX)> will be
                      started.

                      ------------------------------------------------------------------------------
2025-10-22 10:02:29   

                      ------------------------------------------------------------------------------
2025-10-22 10:02:29   

                      ------------------------------------------------------------------------------
2025-10-22 10:02:35     ------------------------------- F-Calc 2.44 --------------------------------
                        Port   Mode   Type        Z-Wave        Z-Wave-Sigma  Z-Line        F-Cutoff
                        3      1      QTEM        235           3.99e-007     53.7          ---
                        ----------------------------------------------------------------------------

2025-10-22 10:02:37   Pass 3 successfully completed. Delta (Line Imp.): 2.79%
2025-10-22 10:02:37   According to the selected features the <Time Domain Solver (HEX)> will be
                      started.

                      ------------------------------------------------------------------------------
2025-10-22 10:02:37   

                      ------------------------------------------------------------------------------
2025-10-22 10:02:37   

                      ------------------------------------------------------------------------------
2025-10-22 10:02:43     ------------------------------- F-Calc 2.44 --------------------------------
                        Port   Mode   Type        Z-Wave        Z-Wave-Sigma  Z-Line        F-Cutoff
                        3      1      QTEM        241           3.83e-008     53.5          ---
                        ----------------------------------------------------------------------------

2025-10-22 10:02:45   Pass 4 successfully completed. Delta (Line Imp.): 0.44%
2025-10-22 10:02:45   Mode calculation for port 4:

                      ------------------------------------------------------------------------------
2025-10-22 10:02:45   According to the selected features the <Time Domain Solver (HEX)> will be
                      started.

                      ------------------------------------------------------------------------------
2025-10-22 10:02:45   

                      ------------------------------------------------------------------------------
2025-10-22 10:02:45   

                      ------------------------------------------------------------------------------
2025-10-22 10:02:49   Using Generalized port mode solver.

                      ------------------------------------------------------------------------------
2025-10-22 10:02:49   Using electric shielding for port 4.

                      ------------------------------------------------------------------------------
2025-10-22 10:02:50   Port mode solver: Detected dispersive material(s) at port 4. 
                      Using a constant approximation of dispersive material(s) at 2.44175 GHz and neglecting loss terms.  More...

                      ------------------------------------------------------------------------------
2025-10-22 10:02:51     ------------------------------- F-Calc 2.44 --------------------------------
                        Port   Mode   Type        Z-Wave        Z-Wave-Sigma  Z-Line        F-Cutoff
                        4      1      QTEM        201           0             48.6          ---
                        ----------------------------------------------------------------------------

2025-10-22 10:02:53   Pass 1 successfully completed. 
2025-10-22 10:02:53   According to the selected features the <Time Domain Solver (HEX)> will be
                      started.

                      ------------------------------------------------------------------------------
2025-10-22 10:02:53   

                      ------------------------------------------------------------------------------
2025-10-22 10:02:53   

                      ------------------------------------------------------------------------------
2025-10-22 10:02:59     ------------------------------- F-Calc 2.44 --------------------------------
                        Port   Mode   Type        Z-Wave        Z-Wave-Sigma  Z-Line        F-Cutoff
                        4      1      QTEM        200           0             52.2          ---
                        ----------------------------------------------------------------------------

2025-10-22 10:03:01   Pass 2 successfully completed. Delta (Line Imp.): 6.99%
2025-10-22 10:03:01   According to the selected features the <Time Domain Solver (HEX)> will be
                      started.

                      ------------------------------------------------------------------------------
2025-10-22 10:03:01   

                      ------------------------------------------------------------------------------
2025-10-22 10:03:01   

                      ------------------------------------------------------------------------------
2025-10-22 10:03:07     ------------------------------- F-Calc 2.44 --------------------------------
                        Port   Mode   Type        Z-Wave        Z-Wave-Sigma  Z-Line        F-Cutoff
                        4      1      QTEM        235           3.99e-007     53.7          ---
                        ----------------------------------------------------------------------------

2025-10-22 10:03:09   Pass 3 successfully completed. Delta (Line Imp.): 2.79%
2025-10-22 10:03:09   According to the selected features the <Time Domain Solver (HEX)> will be
                      started.

                      ------------------------------------------------------------------------------
2025-10-22 10:03:09   

                      ------------------------------------------------------------------------------
2025-10-22 10:03:09   

                      ------------------------------------------------------------------------------
2025-10-22 10:03:16     ------------------------------- F-Calc 2.44 --------------------------------
                        Port   Mode   Type        Z-Wave        Z-Wave-Sigma  Z-Line        F-Cutoff
                        4      1      QTEM        241           3.83e-008     53.5          ---
                        ----------------------------------------------------------------------------

2025-10-22 10:03:17   Pass 4 successfully completed. Delta (Line Imp.): 0.44%
2025-10-22 10:03:17   Adaptive port meshing finished. 

                      ------------------------------------------------------------------------------
2025-10-22 10:03:18   The following farfield monitor(s) have been adjusted to model box [-40.5093,
                      261.549, -61.413, 44.6193, -7.51846, 11.779]:
                        farfield (f=2.4417).
                      For further information please check the page "Special Solver Parameters -
                      Solver" in the Online Help.

                      ------------------------------------------------------------------------------
2025-10-22 10:03:18   According to the selected features the <Time Domain Solver (HEX)> will be
                      started.

                      ------------------------------------------------------------------------------
2025-10-22 10:03:18   
                      Solver started at: 2025-10-22 10:03:18 +0200

                        Module:  Time Domain: S-Parameter (Win 64)
                        Version: 2025.4 Release from 2025-04-11 (change 1409410)

2025-10-22 10:03:18   

                      ------------------------------------------------------------------------------
2025-10-22 10:03:18   

                      ------------------------------------------------------------------------------
2025-10-22 10:03:18   ======================================================================
                       Solver cycle: 1
                      ======================================================================

                      Stimulation at port 1 (mode 1) 



                      ------------------------------------------------------------------------------
2025-10-22 10:03:19   Units settings: 

                        Dimensions: mm
                        Frequency:  GHz
                        Time:       ns

                      ------------------------------------------------------------------------------
2025-10-22 10:03:19   The dispersive material update [Automatic] will be performed using the "Standard" update schema

                      ------------------------------------------------------------------------------
2025-10-22 10:03:31   Mesh statistics:

                         Hexahedral mesh type: Perfect Boundary Approximation (PBA)
                            Version: default

                         Parallelization type: domain decomposition
                            Number of parallel working threads: 1
                            Number of calculation domains used: 1

                         Used point accuracy enhancement value: 75.00%.
                         Acceleration mode: CPU
                         PBA fill limit: 99.00% (inverse)

2025-10-22 09:52:54      *** Warning ***  current system memory usage reached 90% (15 GB)


2025-10-22 10:03:34   Using Generalized port mode solver.

                      ------------------------------------------------------------------------------
2025-10-22 10:03:34   Using electric shielding for port 1, 2, 3, 4.

                      ------------------------------------------------------------------------------
2025-10-22 10:03:36   Port mode solver: Detected dispersive material(s) at port 1, 2, 3, 4. 
                      Using a constant approximation of dispersive material(s) at 2.44175 GHz and neglecting loss terms.  More...

                      ------------------------------------------------------------------------------
2025-10-22 10:03:36   Boundary conditions: 

                        YZsymmetry: none
                        XZsymmetry: none
                        XYsymmetry: none

                        Xmin: expanded open, 4 Layer, depth 33.8176 mm
                        Xmax: expanded open, 4 Layer, depth 33.8176 mm

                        Ymin: expanded open, 4 Layer, depth 40.9259 mm
                        Ymax: expanded open, 4 Layer, depth 33.8176 mm

                        Zmin: expanded open, 4 Layer, depth 38.8407 mm
                        Zmax: expanded open, 4 Layer, depth 31.932 mm

                        PML-Type: Convolution PML

                      ------------------------------------------------------------------------------
2025-10-22 10:03:36   Frequency settings: 

                        Fmin:         2.3
                        Fmax:         2.5835
                        Nfsteps(lin): 1001

                      ------------------------------------------------------------------------------
2025-10-22 10:03:36   Field update statistics:

                        Number of components in total: 	271455
                        Number of TST and special elements:	7264
                        Number of lossy metal components:	8094
                        Number of disp. elements:		6945

                      Subcycling state:      			Automatically deactivated

                      ------------------------------------------------------------------------------
2025-10-22 10:03:37   Waveguide boundaries:

2025-10-22 10:03:37   Port: 1

2025-10-22 10:03:37     ------------------------------- F-Calc 2.44 --------------------------------
                        Port   Mode   Type        Z-Wave        Z-Wave-Sigma  Z-Line        F-Cutoff
                        1      1      QTEM        201           0             53.5          ---
                        ----------------------------------------------------------------------------

2025-10-22 10:03:37   Port: 2

2025-10-22 10:03:37     ------------------------------- F-Calc 2.44 --------------------------------
                        Port   Mode   Type        Z-Wave        Z-Wave-Sigma  Z-Line        F-Cutoff
                        2      1      QTEM        201           0             53.5          ---
                        ----------------------------------------------------------------------------

2025-10-22 10:03:37   Port: 3

2025-10-22 10:03:37     ------------------------------- F-Calc 2.44 --------------------------------
                        Port   Mode   Type        Z-Wave        Z-Wave-Sigma  Z-Line        F-Cutoff
                        3      1      QTEM        201           0             53.5          ---
                        ----------------------------------------------------------------------------

2025-10-22 10:03:37   Port: 4

2025-10-22 10:03:37     ------------------------------- F-Calc 2.44 --------------------------------
                        Port   Mode   Type        Z-Wave        Z-Wave-Sigma  Z-Line        F-Cutoff
                        4      1      QTEM        201           0             53.5          ---
                        ----------------------------------------------------------------------------

2025-10-22 10:03:37   Using standard absorber for unconsidered modes at port 1.

                      ------------------------------------------------------------------------------
2025-10-22 10:03:37   Using standard absorber for unconsidered modes at port 2.

                      ------------------------------------------------------------------------------
2025-10-22 10:03:37   Using standard absorber for unconsidered modes at port 3.

                      ------------------------------------------------------------------------------
2025-10-22 10:03:37   Using standard absorber for unconsidered modes at port 4.

                      ------------------------------------------------------------------------------
2025-10-22 10:04:47   
                      --------------------------------------------------------------------------------
2025-10-22 10:04:47   Steady state energy criterion met, solver finished successfully.

                      ------------------------------------------------------------------------------
2025-10-22 10:04:47   Frequency domain results normalized to default signal.


                      ------------------------------------------------------------------------------
2025-10-22 10:04:47   
                        ----------------------------------------------------------------------------
                                            Peak memory used (kB)         Free physical memory (kB) 
                                                                          At begin     Minimum      
                        ----------------------------------------------------------------------------
                        Matrices calc.      183125                        7251953      3052734      
                        Solver run total    83096                         3180804      3079408      
                        ----------------------------------------------------------------------------

                      --------------------------------------------------------------------------------
                      Solver Statistics:

                        Hardware:
                           Computer name:                 	Heu 

                           Number of CPU threads:               4
                           Hardware info:                  	Hardware Accelerator Device not activated

                        Number of mesh cells:             	42300
                        Excitation duration:              	2.50761816e+001 ns 
                        Calculation time for excitation:  	0 	s
                        Number of calculated pulse widths:	1.00153 
                        Steady state accuracy limit:      	-40	dB 
                        Simulated number of time steps:   	19404 
                        Maximum number of time steps:     	387487 
                        Time step width:
                           without subcycles:             	1.294296106e-003 ns
                           used:                          	1.294296106e-003 ns

                        Matrix calculation time:          	12 	s
                        Solver setup time:                	10 	s
                        Solver loop time:                 	63 	s
                        Solver post-processing time:      	2 	s
                                                          	------------
                        Total solver time:                	87 	s  ( = 0 h, 1 m, 27 s )

                      ------------------------------------------------------------------------------
2025-10-22 10:04:48   ======================================================================
                       Solver cycle: 2
                      ======================================================================

                      Stimulation at port 2 (mode 1) 



                      ------------------------------------------------------------------------------
2025-10-22 10:04:48   Units settings: 

                        Dimensions: mm
                        Frequency:  GHz
                        Time:       ns

                      ------------------------------------------------------------------------------
2025-10-22 10:04:48   The dispersive material update will be performed using the "Standard" update schema

                      ------------------------------------------------------------------------------
2025-10-22 10:04:51   Boundary conditions: 

                        YZsymmetry: none
                        XZsymmetry: none
                        XYsymmetry: none

                        Xmin: expanded open, 4 Layer, depth 33.8176 mm
                        Xmax: expanded open, 4 Layer, depth 33.8176 mm

                        Ymin: expanded open, 4 Layer, depth 40.9259 mm
                        Ymax: expanded open, 4 Layer, depth 33.8176 mm

                        Zmin: expanded open, 4 Layer, depth 38.8407 mm
                        Zmax: expanded open, 4 Layer, depth 31.932 mm

                        PML-Type: Convolution PML

                      ------------------------------------------------------------------------------
2025-10-22 10:04:51   Frequency settings: 

                        Fmin:         2.3
                        Fmax:         2.5835
                        Nfsteps(lin): 1001

                      ------------------------------------------------------------------------------
2025-10-22 10:04:52   Field update statistics:

                        Number of components in total: 	271455
                        Number of TST and special elements:	7264
                        Number of lossy metal components:	8094
                        Number of disp. elements:		6945

                      Subcycling state:      			Automatically deactivated

                      ------------------------------------------------------------------------------
2025-10-22 10:06:44   
                      --------------------------------------------------------------------------------
2025-10-22 10:06:44   Steady state energy criterion met, solver finished successfully.

                      ------------------------------------------------------------------------------
2025-10-22 10:06:44   Frequency domain results normalized to default signal.


                      ------------------------------------------------------------------------------
2025-10-22 10:06:44   
                        ----------------------------------------------------------------------------
                                            Peak memory used (kB)         Free physical memory (kB) 
                                                                          At begin     Minimum      
                        ----------------------------------------------------------------------------
                        Matrices calc.      183125                        7251953      3052734      
                        Solver run total    94212                         3222956      2068464      
                        ----------------------------------------------------------------------------

                      --------------------------------------------------------------------------------
                      Solver Statistics:

                        Hardware:
                           Computer name:                 	Heu 

                           Number of CPU threads:               4
                           Hardware info:                  	Hardware Accelerator Device not activated

                        Number of mesh cells:             	42300
                        Excitation duration:              	2.50761816e+001 ns 
                        Calculation time for excitation:  	0 	s
                        Number of calculated pulse widths:	1.00153 
                        Steady state accuracy limit:      	-40	dB 
                        Simulated number of time steps:   	19404 
                        Maximum number of time steps:     	387487 
                        Time step width:
                           without subcycles:             	1.294296106e-003 ns
                           used:                          	1.294296106e-003 ns

                        Reloading matrices:               	0 	s
                        Solver setup time:                	6 	s
                        Solver loop time:                 	105 	s
                        Solver post-processing time:      	2 	s
                                                          	------------
                        Total solver time:                	113 	s  ( = 0 h, 1 m, 53 s )

                      ------------------------------------------------------------------------------
2025-10-22 10:06:44   ======================================================================
                       Solver cycle: 3
                      ======================================================================

                      Stimulation at port 3 (mode 1) 



                      ------------------------------------------------------------------------------
2025-10-22 10:06:44   *** Warning ***

2025-10-22 10:06:44   2025-10-22 10:06:44   current system memory usage reached 85% (14 GB)

                      ------------------------------------------------------------------------------
2025-10-22 10:06:44   Units settings: 

                        Dimensions: mm
                        Frequency:  GHz
                        Time:       ns

                      ------------------------------------------------------------------------------
2025-10-22 10:06:44   The dispersive material update will be performed using the "Standard" update schema

                      ------------------------------------------------------------------------------
2025-10-22 10:06:47   Boundary conditions: 

                        YZsymmetry: none
                        XZsymmetry: none
                        XYsymmetry: none

                        Xmin: expanded open, 4 Layer, depth 33.8176 mm
                        Xmax: expanded open, 4 Layer, depth 33.8176 mm

                        Ymin: expanded open, 4 Layer, depth 40.9259 mm
                        Ymax: expanded open, 4 Layer, depth 33.8176 mm

                        Zmin: expanded open, 4 Layer, depth 38.8407 mm
                        Zmax: expanded open, 4 Layer, depth 31.932 mm

                        PML-Type: Convolution PML

                      ------------------------------------------------------------------------------
2025-10-22 10:06:47   Frequency settings: 

                        Fmin:         2.3
                        Fmax:         2.5835
                        Nfsteps(lin): 1001

                      ------------------------------------------------------------------------------
2025-10-22 10:06:48   Field update statistics:

                        Number of components in total: 	271455
                        Number of TST and special elements:	7264
                        Number of lossy metal components:	8094
                        Number of disp. elements:		6945

                      Subcycling state:      			Automatically deactivated

                      ------------------------------------------------------------------------------
2025-10-22 10:08:03   
                      --------------------------------------------------------------------------------
2025-10-22 10:08:03   Steady state energy criterion met, solver finished successfully.

                      ------------------------------------------------------------------------------
2025-10-22 10:08:03   Frequency domain results normalized to default signal.


                      ------------------------------------------------------------------------------
2025-10-22 10:08:03   
                        ----------------------------------------------------------------------------
                                            Peak memory used (kB)         Free physical memory (kB) 
                                                                          At begin     Minimum      
                        ----------------------------------------------------------------------------
                        Matrices calc.      183125                        7251953      3052734      
                        Solver run total    94212                         2484212      2471964      
                        ----------------------------------------------------------------------------

                      --------------------------------------------------------------------------------
                      Solver Statistics:

                        Hardware:
                           Computer name:                 	Heu 

                           Number of CPU threads:               4
                           Hardware info:                  	Hardware Accelerator Device not activated

                        Number of mesh cells:             	42300
                        Excitation duration:              	2.50761816e+001 ns 
                        Calculation time for excitation:  	0 	s
                        Number of calculated pulse widths:	1.00153 
                        Steady state accuracy limit:      	-40	dB 
                        Simulated number of time steps:   	19404 
                        Maximum number of time steps:     	387487 
                        Time step width:
                           without subcycles:             	1.294296106e-003 ns
                           used:                          	1.294296106e-003 ns

                        Reloading matrices:               	0 	s
                        Solver setup time:                	7 	s
                        Solver loop time:                 	67 	s
                        Solver post-processing time:      	2 	s
                                                          	------------
                        Total solver time:                	76 	s  ( = 0 h, 1 m, 16 s )

                      ------------------------------------------------------------------------------
2025-10-22 10:08:04   ======================================================================
                       Solver cycle: 4
                      ======================================================================

                      Stimulation at port 4 (mode 1) 



                      ------------------------------------------------------------------------------
2025-10-22 10:08:04   *** Warning ***

2025-10-22 10:08:04   2025-10-22 10:08:04   current system memory usage reached 85% (14 GB)

                      ------------------------------------------------------------------------------
2025-10-22 10:08:04   Units settings: 

                        Dimensions: mm
                        Frequency:  GHz
                        Time:       ns

                      ------------------------------------------------------------------------------
2025-10-22 10:08:04   The dispersive material update will be performed using the "Standard" update schema

                      ------------------------------------------------------------------------------
2025-10-22 10:08:07   Boundary conditions: 

                        YZsymmetry: none
                        XZsymmetry: none
                        XYsymmetry: none

                        Xmin: expanded open, 4 Layer, depth 33.8176 mm
                        Xmax: expanded open, 4 Layer, depth 33.8176 mm

                        Ymin: expanded open, 4 Layer, depth 40.9259 mm
                        Ymax: expanded open, 4 Layer, depth 33.8176 mm

                        Zmin: expanded open, 4 Layer, depth 38.8407 mm
                        Zmax: expanded open, 4 Layer, depth 31.932 mm

                        PML-Type: Convolution PML

                      ------------------------------------------------------------------------------
2025-10-22 10:08:07   Frequency settings: 

                        Fmin:         2.3
                        Fmax:         2.5835
                        Nfsteps(lin): 1001

                      ------------------------------------------------------------------------------
2025-10-22 10:08:07   Field update statistics:

                        Number of components in total: 	271455
                        Number of TST and special elements:	7264
                        Number of lossy metal components:	8094
                        Number of disp. elements:		6945

                      Subcycling state:      			Automatically deactivated

                      ------------------------------------------------------------------------------
2025-10-22 10:09:52   
                      --------------------------------------------------------------------------------
2025-10-22 10:09:52   Steady state energy criterion met, solver finished successfully.

                      ------------------------------------------------------------------------------
2025-10-22 10:09:52   Frequency domain results normalized to default signal.


                      ------------------------------------------------------------------------------
2025-10-22 10:09:52   
                        ----------------------------------------------------------------------------
                                            Peak memory used (kB)         Free physical memory (kB) 
                                                                          At begin     Minimum      
                        ----------------------------------------------------------------------------
                        Matrices calc.      183125                        7251953      3052734      
                        Solver run total    97516                         2519648      1795140      
                        ----------------------------------------------------------------------------

                      --------------------------------------------------------------------------------
                      Solver Statistics:

                        Hardware:
                           Computer name:                 	Heu 

                           Number of CPU threads:               4
                           Hardware info:                  	Hardware Accelerator Device not activated

                        Number of mesh cells:             	42300
                        Excitation duration:              	2.50761816e+001 ns 
                        Calculation time for excitation:  	0 	s
                        Number of calculated pulse widths:	1.00153 
                        Steady state accuracy limit:      	-40	dB 
                        Simulated number of time steps:   	19404 
                        Maximum number of time steps:     	387487 
                        Time step width:
                           without subcycles:             	1.294296106e-003 ns
                           used:                          	1.294296106e-003 ns

                        Reloading matrices:               	0 	s
                        Solver setup time:                	7 	s
                        Solver loop time:                 	96 	s
                        Solver post-processing time:      	2 	s
                                                          	------------
                        Total solver time:                	105 	s  ( = 0 h, 1 m, 45 s )

                      ------------------------------------------------------------------------------
2025-10-22 10:09:53   
                        Adaptive port meshing time:          	131    	s  ( = 0 h, 2 m, 11 s )
                        Total solver time (all cycles):      	381    	s  ( = 0 h, 6 m, 21 s )
                        Solver initialization and clean-up:  	13     	s
                                                             	------------
                        Total simulation time:               	525    	s  ( = 0 h, 8 m, 45 s )

                      ------------------------------------------------------------------------------
2025-10-22 10:09:53   Solver finished at: 2025-10-22 10:09:53 +0200



                      ------------------------------------------------------------------------------
2025-10-22 10:09:55   Creating parametric 1D results for Run ID 11

                      ------------------------------------------------------------------------------
