Port monitor named: Port1_h1[2.4].prt

nx        = 42
ny        = 4
nz        = 19

nu        = 17
nv        = 40
iu        = 2
iv        = 2

idir      = 1
dcut      = -4.850000e-002
icut      = 2
type      = 1
frequency = 2.400000e+009

fcutoff   = 0.000000e+000
alpha     = 0.000000e+000
beta      = 9.676603e+001
accuracy  = 1.728238e-010

type          = QTEM
wave imp.     = 2.253739e+002
wave imp.sig. = 2.528727e+001
line imp.     = 2.870216e+001

ref. port     = 0

-0.000000e+000  1.055964e-002  2.089706e-002  3.080074e-002  4.007974e-002  4.968766e-002  5.818827e-002  6.547329e-002  7.149307e-002  7.625208e-002  7.980143e-002  8.222934e-002  8.365108e-002  8.387354e-002  8.176339e-002  7.086707e-002  6.230984e-002  
-0.000000e+000  3.860193e-002  7.627273e-002  1.121341e-001  1.454082e-001  1.793729e-001  2.088234e-001  2.334060e-001  2.530253e-001  2.678113e-001  2.780755e-001  2.842602e-001  2.868914e-001  2.831932e-001  2.721566e-001  2.293670e-001  1.987736e-001  
-0.000000e+000  8.929461e-002  1.756573e-001  2.563815e-001  3.291829e-001  4.003846e-001  4.583872e-001  5.028039e-001  5.341071e-001  5.534125e-001  5.622465e-001  5.623356e-001  5.554406e-001  5.257330e-001  4.863641e-001  3.813979e-001  3.185660e-001  
-0.000000e+000  1.842798e-001  3.599758e-001  5.193599e-001  6.563233e-001  7.803508e-001  8.697695e-001  9.260857e-001  9.531929e-001  9.562402e-001  9.406850e-001  9.116555e-001  8.736101e-001  7.814738e-001  6.879689e-001  4.957635e-001  3.973076e-001  
-0.000000e+000  3.597227e-001  6.961444e-001  9.884273e-001  1.220890e+000  1.403487e+000  1.502751e+000  1.531144e+000  1.506005e+000  1.444638e+000  1.361599e+000  1.267865e+000  1.171102e+000  9.836199e-001  8.218803e-001  5.484993e-001  4.242718e-001  
-0.000000e+000  5.174817e-001  9.968756e-001  1.402650e+000  1.706897e+000  1.914926e+000  1.989935e+000  1.963527e+000  1.871406e+000  1.743400e+000  1.600584e+000  1.456254e+000  1.318061e+000  1.072126e+000  8.731954e-001  5.623365e-001  4.277965e-001  
-0.000000e+000  6.611465e-001  1.271765e+000  1.781397e+000  2.146575e+000  2.362945e+000  2.396942e+000  2.305814e+000  2.145410e+000  1.956212e+000  1.762899e+000  1.578642e+000  1.409510e+000  1.123066e+000  8.998946e-001  5.666879e-001  4.265475e-001  
-0.000000e+000  8.375290e-001  1.613210e+000  2.256722e+000  2.695906e+000  2.901418e+000  2.857408e+000  2.667672e+000  2.416340e+000  2.153896e+000  1.905240e+000  1.680298e+000  1.481435e+000  1.159048e+000  9.157424e-001  5.657955e-001  4.220016e-001  
-0.000000e+000  1.036719e+000  2.007122e+000  2.818670e+000  3.350423e+000  3.515595e+000  3.347757e+000  3.025839e+000  2.666635e+000  2.325441e+000  2.021863e+000  1.759073e+000  1.533929e+000  1.181875e+000  9.228983e-001  5.612434e-001  4.153699e-001  
-0.000000e+000  1.280017e+000  2.506783e+000  3.567015e+000  4.247717e+000  4.305325e+000  3.920606e+000  3.405608e+000  2.909550e+000  2.479170e+000  2.118799e+000  1.819597e+000  1.570551e+000  1.193491e+000  9.222041e-001  5.527639e-001  4.061328e-001  
-0.000000e+000  1.558649e+000  3.117229e+000  4.568252e+000  5.540693e+000  5.327966e+000  4.564015e+000  3.778061e+000  3.120506e+000  2.598373e+000  2.185534e+000  1.855418e+000  1.587382e+000  1.192257e+000  9.129799e-001  5.402292e-001  3.942684e-001  
-0.000000e+000  1.803602e+000  3.717089e+000  5.729868e+000  7.318999e+000  6.483204e+000  5.143201e+000  4.049576e+000  3.246278e+000  2.655007e+000  2.207874e+000  1.859774e+000  1.581754e+000  1.178711e+000  8.969187e-001  5.255673e-001  3.815206e-001  
-0.000000e+000  1.972540e+000  4.196382e+000  6.895789e+000  9.696857e+000  7.634787e+000  5.571671e+000  4.198709e+000  3.292692e+000  2.661823e+000  2.198411e+000  1.843315e+000  1.562276e+000  1.158427e+000  8.776985e-001  5.105169e-001  3.690145e-001  
-0.000000e+000  2.044309e+000  4.491741e+000  8.021721e+000  1.374633e+001  8.789945e+000  5.795557e+000  4.209608e+000  3.258000e+000  2.619559e+000  2.157406e+000  1.805434e+000  1.527649e+000  1.129407e+000  8.530949e-001  4.930940e-001  3.550346e-001  
-0.000000e+000  1.960330e+000  4.368967e+000  8.300099e+000  2.144762e+001  9.360488e+000  5.599552e+000  4.032076e+000  3.130786e+000  2.525549e+000  2.084280e+000  1.746076e+000  1.477948e+000  1.091728e+000  8.231643e-001  4.733373e-001  3.396147e-001  
-0.000000e+000  1.672330e+000  3.573090e+000  6.069580e+000  -0.000000e+000  6.015472e+000  4.646013e+000  3.611429e+000  2.890374e+000  2.366398e+000  1.968762e+000  1.656898e+000  1.406193e+000  1.040172e+000  7.838395e-001  4.486643e-001  3.207806e-001  
-0.000000e+000  1.217702e+000  2.337994e+000  2.835045e+000  -0.000000e+000  3.259888e+000  3.438981e+000  3.003537e+000  2.535240e+000  2.133501e+000  1.802616e+000  1.531056e+000  1.306868e+000  9.711329e-001  7.327304e-001  4.179937e-001  2.978727e-001  
-0.000000e+000  6.221117e-001  1.039255e+000  9.471130e-001  -0.000000e+000  1.448852e+000  2.056831e+000  2.117376e+000  1.959007e+000  1.737255e+000  1.514145e+000  1.311037e+000  1.133200e+000  8.517021e-001  6.456238e-001  3.672604e-001  2.606106e-001  
-0.000000e+000  9.508628e-002  1.432488e-001  1.103240e-001  -0.000000e+000  3.601623e-001  6.413861e-001  7.970099e-001  8.540367e-001  8.460277e-001  8.002508e-001  7.356726e-001  6.644169e-001  5.238098e-001  4.070596e-001  2.325597e-001  1.639068e-001  
-0.000000e+000  1.443312e-010  -1.776486e-010  1.721085e-010  -0.000000e+000  1.075512e-010  -0.000000e+000  -0.000000e+000  -1.468727e-010  1.078013e-010  2.931053e-010  1.957549e-010  8.089137e-011  -0.000000e+000  1.891336e-010  2.479902e-010  6.082446e-011  
-0.000000e+000  -9.508628e-002  -1.432488e-001  -1.103240e-001  -0.000000e+000  -3.601623e-001  -6.413861e-001  -7.970099e-001  -8.540367e-001  -8.460277e-001  -8.002508e-001  -7.356726e-001  -6.644169e-001  -5.238098e-001  -4.070596e-001  -2.325597e-001  -1.639068e-001  
-0.000000e+000  -6.221117e-001  -1.039255e+000  -9.471130e-001  -0.000000e+000  -1.448852e+000  -2.056831e+000  -2.117376e+000  -1.959007e+000  -1.737255e+000  -1.514145e+000  -1.311037e+000  -1.133200e+000  -8.517021e-001  -6.456238e-001  -3.672604e-001  -2.606106e-001  
-0.000000e+000  -1.217702e+000  -2.337994e+000  -2.835045e+000  -0.000000e+000  -3.259888e+000  -3.438981e+000  -3.003537e+000  -2.535240e+000  -2.133501e+000  -1.802616e+000  -1.531056e+000  -1.306868e+000  -9.711329e-001  -7.327304e-001  -4.179937e-001  -2.978727e-001  
-0.000000e+000  -1.672330e+000  -3.573090e+000  -6.069580e+000  -0.000000e+000  -6.015472e+000  -4.646013e+000  -3.611429e+000  -2.890374e+000  -2.366398e+000  -1.968762e+000  -1.656898e+000  -1.406193e+000  -1.040172e+000  -7.838395e-001  -4.486642e-001  -3.207806e-001  
-0.000000e+000  -1.960330e+000  -4.368967e+000  -8.300099e+000  -2.144762e+001  -9.360488e+000  -5.599552e+000  -4.032076e+000  -3.130786e+000  -2.525549e+000  -2.084280e+000  -1.746076e+000  -1.477948e+000  -1.091728e+000  -8.231643e-001  -4.733373e-001  -3.396147e-001  
-0.000000e+000  -2.044309e+000  -4.491741e+000  -8.021721e+000  -1.374633e+001  -8.789945e+000  -5.795557e+000  -4.209608e+000  -3.258000e+000  -2.619559e+000  -2.157406e+000  -1.805434e+000  -1.527649e+000  -1.129407e+000  -8.530949e-001  -4.930940e-001  -3.550346e-001  
-0.000000e+000  -1.972540e+000  -4.196382e+000  -6.895789e+000  -9.696857e+000  -7.634787e+000  -5.571671e+000  -4.198709e+000  -3.292692e+000  -2.661823e+000  -2.198411e+000  -1.843315e+000  -1.562276e+000  -1.158427e+000  -8.776985e-001  -5.105169e-001  -3.690145e-001  
-0.000000e+000  -1.803602e+000  -3.717089e+000  -5.729868e+000  -7.318999e+000  -6.483204e+000  -5.143201e+000  -4.049576e+000  -3.246278e+000  -2.655007e+000  -2.207874e+000  -1.859774e+000  -1.581754e+000  -1.178711e+000  -8.969187e-001  -5.255673e-001  -3.815206e-001  
-0.000000e+000  -1.558649e+000  -3.117229e+000  -4.568252e+000  -5.540693e+000  -5.327966e+000  -4.564015e+000  -3.778061e+000  -3.120506e+000  -2.598373e+000  -2.185534e+000  -1.855418e+000  -1.587382e+000  -1.192257e+000  -9.129799e-001  -5.402292e-001  -3.942684e-001  
-0.000000e+000  -1.280017e+000  -2.506783e+000  -3.567015e+000  -4.247717e+000  -4.305325e+000  -3.920606e+000  -3.405608e+000  -2.909550e+000  -2.479170e+000  -2.118799e+000  -1.819597e+000  -1.570551e+000  -1.193491e+000  -9.222041e-001  -5.527639e-001  -4.061328e-001  
-0.000000e+000  -1.036719e+000  -2.007122e+000  -2.818670e+000  -3.350423e+000  -3.515595e+000  -3.347757e+000  -3.025839e+000  -2.666635e+000  -2.325441e+000  -2.021863e+000  -1.759073e+000  -1.533929e+000  -1.181875e+000  -9.228983e-001  -5.612434e-001  -4.153699e-001  
-0.000000e+000  -8.375291e-001  -1.613210e+000  -2.256722e+000  -2.695906e+000  -2.901418e+000  -2.857408e+000  -2.667672e+000  -2.416340e+000  -2.153896e+000  -1.905240e+000  -1.680298e+000  -1.481435e+000  -1.159048e+000  -9.157424e-001  -5.657955e-001  -4.220016e-001  
-0.000000e+000  -6.611465e-001  -1.271765e+000  -1.781397e+000  -2.146575e+000  -2.362945e+000  -2.396942e+000  -2.305814e+000  -2.145410e+000  -1.956212e+000  -1.762899e+000  -1.578642e+000  -1.409510e+000  -1.123066e+000  -8.998946e-001  -5.666879e-001  -4.265475e-001  
-0.000000e+000  -5.174817e-001  -9.968756e-001  -1.402650e+000  -1.706897e+000  -1.914926e+000  -1.989935e+000  -1.963527e+000  -1.871406e+000  -1.743400e+000  -1.600584e+000  -1.456254e+000  -1.318061e+000  -1.072126e+000  -8.731954e-001  -5.623365e-001  -4.277965e-001  
-0.000000e+000  -3.597227e-001  -6.961444e-001  -9.884273e-001  -1.220890e+000  -1.403487e+000  -1.502751e+000  -1.531144e+000  -1.506005e+000  -1.444638e+000  -1.361599e+000  -1.267865e+000  -1.171102e+000  -9.836199e-001  -8.218803e-001  -5.484993e-001  -4.242718e-001  
-0.000000e+000  -1.842798e-001  -3.599758e-001  -5.193599e-001  -6.563233e-001  -7.803508e-001  -8.697695e-001  -9.260857e-001  -9.531929e-001  -9.562402e-001  -9.406850e-001  -9.116555e-001  -8.736101e-001  -7.814738e-001  -6.879689e-001  -4.957635e-001  -3.973076e-001  
-0.000000e+000  -8.929461e-002  -1.756573e-001  -2.563815e-001  -3.291829e-001  -4.003846e-001  -4.583872e-001  -5.028039e-001  -5.341071e-001  -5.534125e-001  -5.622465e-001  -5.623356e-001  -5.554406e-001  -5.257330e-001  -4.863641e-001  -3.813979e-001  -3.185660e-001  
-0.000000e+000  -3.860193e-002  -7.627273e-002  -1.121341e-001  -1.454082e-001  -1.793729e-001  -2.088234e-001  -2.334060e-001  -2.530253e-001  -2.678113e-001  -2.780755e-001  -2.842602e-001  -2.868914e-001  -2.831932e-001  -2.721566e-001  -2.293670e-001  -1.987736e-001  
-0.000000e+000  -1.055964e-002  -2.089706e-002  -3.080074e-002  -4.007974e-002  -4.968766e-002  -5.818827e-002  -6.547329e-002  -7.149307e-002  -7.625208e-002  -7.980143e-002  -8.222934e-002  -8.365108e-002  -8.387354e-002  -8.176339e-002  -7.086707e-002  -6.230984e-002  
-0.000000e+000  -0.000000e+000  -0.000000e+000  -0.000000e+000  -0.000000e+000  -0.000000e+000  -0.000000e+000  -0.000000e+000  -0.000000e+000  -0.000000e+000  -0.000000e+000  -0.000000e+000  -0.000000e+000  -0.000000e+000  -0.000000e+000  -0.000000e+000  -0.000000e+000  

-1.034329e+000  -1.027809e+000  -1.014885e+000  -9.957800e-001  -9.716684e-001  -9.431606e-001  -9.100154e-001  -8.728999e-001  -8.325073e-001  -7.895278e-001  -7.446229e-001  -6.984054e-001  -6.279343e-001  -5.337809e-001  -3.718234e-001  -1.269937e-001  -0.000000e+000  
-1.088545e+000  -1.081042e+000  -1.066195e+000  -1.044317e+000  -1.016583e+000  -9.836749e-001  -9.456908e-001  -9.035205e-001  -8.580636e-001  -8.101882e-001  -7.606988e-001  -7.103133e-001  -6.343176e-001  -5.349506e-001  -3.673827e-001  -1.238094e-001  -0.000000e+000  
-1.332198e+000  -1.319602e+000  -1.294848e+000  -1.258772e+000  -1.212591e+000  -1.157483e+000  -1.095505e+000  -1.028766e+000  -9.592368e-001  -8.886472e-001  -8.184341e-001  -7.497233e-001  -6.501512e-001  -5.300570e-001  -3.424933e-001  -1.090152e-001  -0.000000e+000  
-1.769868e+000  -1.744600e+000  -1.695446e+000  -1.625016e+000  -1.534902e+000  -1.428388e+000  -1.313319e+000  -1.195056e+000  -1.078017e+000  -9.655126e-001  -8.597701e-001  -7.620837e-001  -6.284681e-001  -4.847925e-001  -2.840534e-001  -8.280279e-002  -0.000000e+000  
-2.610271e+000  -2.549613e+000  -2.433140e+000  -2.270019e+000  -2.064507e+000  -1.829267e+000  -1.590535e+000  -1.362387e+000  -1.153882e+000  -9.695404e-001  -8.104921e-001  -6.756852e-001  -5.064672e-001  -3.522719e-001  -1.704497e-001  -4.110583e-002  -0.000000e+000  
-3.393454e+000  -3.285695e+000  -3.079944e+000  -2.795681e+000  -2.443918e+000  -2.056802e+000  -1.688174e+000  -1.360931e+000  -1.084184e+000  -8.576437e-001  -6.761311e-001  -5.327296e-001  -3.644424e-001  -2.281598e-001  -8.667649e-002  -1.434240e-002  -0.000000e+000  
-3.947552e+000  -3.801426e+000  -3.521481e+000  -3.134805e+000  -2.659967e+000  -2.152164e+000  -1.690879e+000  -1.302759e+000  -9.917660e-001  -7.498736e-001  -5.650044e-001  -4.252279e-001  -2.679884e-001  -1.499012e-001  -3.831346e-002  2.967698e-004  -0.000000e+000  
-4.648751e+000  -4.451816e+000  -4.070273e+000  -3.538153e+000  -2.886108e+000  -2.213255e+000  -1.637782e+000  -1.185223e+000  -8.459654e-001  -5.979736e-001  -4.189494e-001  -2.906400e-001  -1.537819e-001  -6.099918e-002  1.395742e-002  1.563345e-002  -0.000000e+000  
-5.363635e+000  -5.116318e+000  -4.627032e+000  -3.928197e+000  -3.063900e+000  -2.208209e+000  -1.524794e+000  -1.025143e+000  -6.754420e-001  -4.352215e-001  -2.713735e-001  -1.601730e-001  -4.823190e-002  1.838299e-002  5.879070e-002  2.846241e-002  -0.000000e+000  
-6.242727e+000  -5.941502e+000  -5.322906e+000  -4.396006e+000  -3.214590e+000  -2.115324e+000  -1.317495e+000  -7.879439e-001  -4.485582e-001  -2.331267e-001  -9.665532e-002  -1.082995e-002  6.801242e-002  1.034541e-001  1.053514e-001  4.152475e-002  -0.000000e+000  
-7.321876e+000  -6.977589e+000  -6.223742e+000  -4.987741e+000  -3.289797e+000  -1.867448e+000  -9.718385e-001  -4.525632e-001  -1.576296e-001  9.804228e-003  1.042948e-001  1.557810e-001  1.933545e-001  1.930638e-001  1.531139e-001  5.469774e-002  -0.000000e+000  
-8.629643e+000  -8.285973e+000  -7.445525e+000  -5.820157e+000  -3.172224e+000  -1.347387e+000  -4.314483e-001  -1.003290e-003  1.994006e-001  2.906261e-001  3.276568e-001  3.362374e-001  3.253820e-001  2.857188e-001  2.014744e-001  6.784815e-002  -0.000000e+000  
-9.775802e+000  -9.501043e+000  -8.723623e+000  -6.837162e+000  -2.742965e+000  -6.372437e-001  1.475613e-001  4.220098e-001  5.087108e-001  5.229790e-001  5.074255e-001  4.790208e-001  4.280539e-001  3.569686e-001  2.381781e-001  7.773144e-002  -0.000000e+000  
-1.102687e+001  -1.090898e+001  -1.042861e+001  -8.608035e+000  -1.643099e+000  4.687460e-001  8.796806e-001  9.015053e-001  8.399595e-001  7.644983e-001  6.912648e-001  6.236801e-001  5.311433e-001  4.280896e-001  2.745379e-001  8.745667e-002  -0.000000e+000  
-1.232220e+001  -1.245553e+001  -1.264946e+001  -1.219554e+001  1.041264e+000  2.085008e+000  1.728863e+000  1.406387e+000  1.175740e+000  1.005676e+000  8.737053e-001  7.668384e-001  6.329356e-001  4.981928e-001  3.102427e-001  9.695963e-002  -0.000000e+000  
-1.356471e+001  -1.397733e+001  -1.511884e+001  -1.832211e+001  9.574714e+000  4.121963e+000  2.568686e+000  1.884332e+000  1.493855e+000  1.235860e+000  1.048991e+000  9.050469e-001  7.317149e-001  5.663942e-001  3.449827e-001  1.061763e-001  -0.000000e+000  
-1.488220e+001  -1.547163e+001  -1.707381e+001  -2.127216e+001  9.083633e+000  5.026194e+000  3.249685e+000  2.355693e+000  1.834015e+000  1.492389e+000  1.249082e+000  1.065132e+000  8.477808e-001  6.471509e-001  3.863011e-001  1.171199e-001  -0.000000e+000  
-1.584754e+001  -1.636258e+001  -1.748597e+001  -1.911951e+001  6.659660e+000  4.882075e+000  3.525923e+000  2.656941e+000  2.092364e+000  1.704568e+000  1.422626e+000  1.207914e+000  9.541250e-001  7.222500e-001  4.251333e-001  1.274115e-001  -0.000000e+000  
-1.685360e+001  -1.705357e+001  -1.739357e+001  -1.771114e+001  4.489112e+000  4.020533e+000  3.411500e+000  2.843622e+000  2.368664e+000  1.985868e+000  1.679523e+000  1.432894e+000  1.131862e+000  8.519270e-001  4.938761e-001  1.457141e-001  -0.000000e+000  
-1.727742e+001  -1.730275e+001  -1.734091e+001  -1.737030e+001  3.159979e+000  3.051272e+000  2.857727e+000  2.617299e+000  2.359774e+000  2.104793e+000  1.863751e+000  1.642315e+000  1.342573e+000  1.028116e+000  5.980884e-001  1.742887e-001  -0.000000e+000  
-1.727742e+001  -1.730275e+001  -1.734091e+001  -1.737030e+001  3.159979e+000  3.051272e+000  2.857727e+000  2.617299e+000  2.359774e+000  2.104793e+000  1.863751e+000  1.642315e+000  1.342573e+000  1.028116e+000  5.980884e-001  1.742887e-001  -0.000000e+000  
-1.685360e+001  -1.705357e+001  -1.739357e+001  -1.771114e+001  4.489112e+000  4.020533e+000  3.411500e+000  2.843622e+000  2.368664e+000  1.985868e+000  1.679523e+000  1.432894e+000  1.131862e+000  8.519270e-001  4.938761e-001  1.457141e-001  -0.000000e+000  
-1.584754e+001  -1.636258e+001  -1.748597e+001  -1.911951e+001  6.659660e+000  4.882075e+000  3.525923e+000  2.656941e+000  2.092364e+000  1.704568e+000  1.422626e+000  1.207914e+000  9.541250e-001  7.222500e-001  4.251333e-001  1.274115e-001  -0.000000e+000  
-1.488220e+001  -1.547163e+001  -1.707381e+001  -2.127216e+001  9.083633e+000  5.026194e+000  3.249685e+000  2.355693e+000  1.834015e+000  1.492389e+000  1.249082e+000  1.065132e+000  8.477808e-001  6.471509e-001  3.863011e-001  1.171199e-001  -0.000000e+000  
-1.356471e+001  -1.397733e+001  -1.511884e+001  -1.832211e+001  9.574714e+000  4.121963e+000  2.568686e+000  1.884332e+000  1.493855e+000  1.235860e+000  1.048991e+000  9.050468e-001  7.317149e-001  5.663942e-001  3.449827e-001  1.061763e-001  -0.000000e+000  
-1.232220e+001  -1.245553e+001  -1.264946e+001  -1.219554e+001  1.041264e+000  2.085008e+000  1.728863e+000  1.406387e+000  1.175740e+000  1.005676e+000  8.737053e-001  7.668384e-001  6.329355e-001  4.981928e-001  3.102427e-001  9.695963e-002  -0.000000e+000  
-1.102687e+001  -1.090898e+001  -1.042861e+001  -8.608035e+000  -1.643099e+000  4.687461e-001  8.796805e-001  9.015053e-001  8.399595e-001  7.644983e-001  6.912648e-001  6.236801e-001  5.311433e-001  4.280896e-001  2.745379e-001  8.745668e-002  -0.000000e+000  
-9.775802e+000  -9.501043e+000  -8.723623e+000  -6.837162e+000  -2.742965e+000  -6.372437e-001  1.475613e-001  4.220098e-001  5.087108e-001  5.229790e-001  5.074255e-001  4.790208e-001  4.280539e-001  3.569686e-001  2.381781e-001  7.773144e-002  -0.000000e+000  
-8.629643e+000  -8.285973e+000  -7.445525e+000  -5.820157e+000  -3.172224e+000  -1.347387e+000  -4.314483e-001  -1.003292e-003  1.994006e-001  2.906261e-001  3.276568e-001  3.362374e-001  3.253820e-001  2.857188e-001  2.014744e-001  6.784815e-002  -0.000000e+000  
-7.321876e+000  -6.977589e+000  -6.223742e+000  -4.987741e+000  -3.289797e+000  -1.867448e+000  -9.718385e-001  -4.525632e-001  -1.576296e-001  9.804230e-003  1.042948e-001  1.557810e-001  1.933545e-001  1.930638e-001  1.531139e-001  5.469774e-002  -0.000000e+000  
-6.242727e+000  -5.941502e+000  -5.322906e+000  -4.396006e+000  -3.214590e+000  -2.115324e+000  -1.317495e+000  -7.879439e-001  -4.485582e-001  -2.331267e-001  -9.665532e-002  -1.082994e-002  6.801242e-002  1.034541e-001  1.053514e-001  4.152475e-002  -0.000000e+000  
-5.363635e+000  -5.116318e+000  -4.627032e+000  -3.928197e+000  -3.063900e+000  -2.208209e+000  -1.524794e+000  -1.025143e+000  -6.754420e-001  -4.352215e-001  -2.713735e-001  -1.601730e-001  -4.823190e-002  1.838299e-002  5.879070e-002  2.846241e-002  -0.000000e+000  
-4.648751e+000  -4.451816e+000  -4.070273e+000  -3.538153e+000  -2.886108e+000  -2.213255e+000  -1.637782e+000  -1.185223e+000  -8.459654e-001  -5.979736e-001  -4.189494e-001  -2.906400e-001  -1.537819e-001  -6.099918e-002  1.395742e-002  1.563345e-002  -0.000000e+000  
-3.947552e+000  -3.801426e+000  -3.521481e+000  -3.134805e+000  -2.659967e+000  -2.152164e+000  -1.690879e+000  -1.302759e+000  -9.917660e-001  -7.498736e-001  -5.650044e-001  -4.252279e-001  -2.679884e-001  -1.499012e-001  -3.831346e-002  2.967696e-004  -0.000000e+000  
-3.393454e+000  -3.285695e+000  -3.079944e+000  -2.795681e+000  -2.443918e+000  -2.056802e+000  -1.688174e+000  -1.360931e+000  -1.084184e+000  -8.576437e-001  -6.761311e-001  -5.327296e-001  -3.644424e-001  -2.281598e-001  -8.667649e-002  -1.434240e-002  -0.000000e+000  
-2.610271e+000  -2.549613e+000  -2.433140e+000  -2.270019e+000  -2.064507e+000  -1.829267e+000  -1.590535e+000  -1.362387e+000  -1.153882e+000  -9.695404e-001  -8.104921e-001  -6.756852e-001  -5.064672e-001  -3.522719e-001  -1.704497e-001  -4.110583e-002  -0.000000e+000  
-1.769868e+000  -1.744600e+000  -1.695446e+000  -1.625016e+000  -1.534902e+000  -1.428388e+000  -1.313319e+000  -1.195056e+000  -1.078017e+000  -9.655126e-001  -8.597701e-001  -7.620837e-001  -6.284681e-001  -4.847925e-001  -2.840534e-001  -8.280279e-002  -0.000000e+000  
-1.332198e+000  -1.319602e+000  -1.294848e+000  -1.258772e+000  -1.212591e+000  -1.157483e+000  -1.095505e+000  -1.028766e+000  -9.592368e-001  -8.886472e-001  -8.184341e-001  -7.497233e-001  -6.501512e-001  -5.300570e-001  -3.424933e-001  -1.090152e-001  -0.000000e+000  
-1.088545e+000  -1.081042e+000  -1.066195e+000  -1.044317e+000  -1.016583e+000  -9.836749e-001  -9.456908e-001  -9.035205e-001  -8.580636e-001  -8.101882e-001  -7.606988e-001  -7.103133e-001  -6.343176e-001  -5.349506e-001  -3.673827e-001  -1.238094e-001  -0.000000e+000  
-1.034329e+000  -1.027809e+000  -1.014885e+000  -9.957800e-001  -9.716684e-001  -9.431606e-001  -9.100154e-001  -8.728999e-001  -8.325073e-001  -7.895278e-001  -7.446229e-001  -6.984054e-001  -6.279343e-001  -5.337809e-001  -3.718234e-001  -1.269937e-001  -0.000000e+000  

0.000000e+000  0.000000e+000  0.000000e+000  0.000000e+000  0.000000e+000  0.000000e+000  0.000000e+000  0.000000e+000  0.000000e+000  0.000000e+000  0.000000e+000  0.000000e+000  0.000000e+000  0.000000e+000  0.000000e+000  0.000000e+000  0.000000e+000  
0.000000e+000  0.000000e+000  0.000000e+000  0.000000e+000  0.000000e+000  0.000000e+000  0.000000e+000  0.000000e+000  0.000000e+000  0.000000e+000  0.000000e+000  0.000000e+000  0.000000e+000  0.000000e+000  0.000000e+000  0.000000e+000  0.000000e+000  
0.000000e+000  0.000000e+000  0.000000e+000  0.000000e+000  0.000000e+000  0.000000e+000  0.000000e+000  0.000000e+000  0.000000e+000  0.000000e+000  0.000000e+000  0.000000e+000  0.000000e+000  0.000000e+000  0.000000e+000  0.000000e+000  0.000000e+000  
0.000000e+000  0.000000e+000  0.000000e+000  0.000000e+000  0.000000e+000  0.000000e+000  0.000000e+000  0.000000e+000  0.000000e+000  0.000000e+000  0.000000e+000  0.000000e+000  0.000000e+000  0.000000e+000  0.000000e+000  0.000000e+000  0.000000e+000  
0.000000e+000  0.000000e+000  0.000000e+000  0.000000e+000  0.000000e+000  0.000000e+000  0.000000e+000  0.000000e+000  0.000000e+000  0.000000e+000  0.000000e+000  0.000000e+000  0.000000e+000  0.000000e+000  0.000000e+000  0.000000e+000  0.000000e+000  
0.000000e+000  0.000000e+000  0.000000e+000  0.000000e+000  0.000000e+000  0.000000e+000  0.000000e+000  0.000000e+000  0.000000e+000  0.000000e+000  0.000000e+000  0.000000e+000  0.000000e+000  0.000000e+000  0.000000e+000  0.000000e+000  0.000000e+000  
0.000000e+000  0.000000e+000  0.000000e+000  0.000000e+000  0.000000e+000  0.000000e+000  0.000000e+000  0.000000e+000  0.000000e+000  0.000000e+000  0.000000e+000  0.000000e+000  0.000000e+000  0.000000e+000  0.000000e+000  0.000000e+000  0.000000e+000  
0.000000e+000  0.000000e+000  0.000000e+000  0.000000e+000  0.000000e+000  0.000000e+000  0.000000e+000  0.000000e+000  0.000000e+000  0.000000e+000  0.000000e+000  0.000000e+000  0.000000e+000  0.000000e+000  0.000000e+000  0.000000e+000  0.000000e+000  
0.000000e+000  0.000000e+000  0.000000e+000  0.000000e+000  0.000000e+000  0.000000e+000  0.000000e+000  0.000000e+000  0.000000e+000  0.000000e+000  0.000000e+000  0.000000e+000  0.000000e+000  0.000000e+000  0.000000e+000  0.000000e+000  0.000000e+000  
0.000000e+000  0.000000e+000  0.000000e+000  0.000000e+000  0.000000e+000  0.000000e+000  0.000000e+000  0.000000e+000  0.000000e+000  0.000000e+000  0.000000e+000  0.000000e+000  0.000000e+000  0.000000e+000  0.000000e+000  0.000000e+000  0.000000e+000  
0.000000e+000  0.000000e+000  0.000000e+000  0.000000e+000  0.000000e+000  0.000000e+000  0.000000e+000  0.000000e+000  0.000000e+000  0.000000e+000  0.000000e+000  0.000000e+000  0.000000e+000  0.000000e+000  0.000000e+000  0.000000e+000  0.000000e+000  
0.000000e+000  0.000000e+000  0.000000e+000  0.000000e+000  0.000000e+000  0.000000e+000  0.000000e+000  0.000000e+000  0.000000e+000  0.000000e+000  0.000000e+000  0.000000e+000  0.000000e+000  0.000000e+000  0.000000e+000  0.000000e+000  0.000000e+000  
0.000000e+000  0.000000e+000  0.000000e+000  0.000000e+000  0.000000e+000  0.000000e+000  0.000000e+000  0.000000e+000  0.000000e+000  0.000000e+000  0.000000e+000  0.000000e+000  0.000000e+000  0.000000e+000  0.000000e+000  0.000000e+000  0.000000e+000  
0.000000e+000  0.000000e+000  0.000000e+000  0.000000e+000  0.000000e+000  0.000000e+000  0.000000e+000  0.000000e+000  0.000000e+000  0.000000e+000  0.000000e+000  0.000000e+000  0.000000e+000  0.000000e+000  0.000000e+000  0.000000e+000  0.000000e+000  
0.000000e+000  0.000000e+000  0.000000e+000  0.000000e+000  0.000000e+000  0.000000e+000  0.000000e+000  0.000000e+000  0.000000e+000  0.000000e+000  0.000000e+000  0.000000e+000  0.000000e+000  0.000000e+000  0.000000e+000  0.000000e+000  0.000000e+000  
0.000000e+000  0.000000e+000  0.000000e+000  0.000000e+000  0.000000e+000  0.000000e+000  0.000000e+000  0.000000e+000  0.000000e+000  0.000000e+000  0.000000e+000  0.000000e+000  0.000000e+000  0.000000e+000  0.000000e+000  0.000000e+000  0.000000e+000  
0.000000e+000  0.000000e+000  0.000000e+000  0.000000e+000  0.000000e+000  0.000000e+000  0.000000e+000  0.000000e+000  0.000000e+000  0.000000e+000  0.000000e+000  0.000000e+000  0.000000e+000  0.000000e+000  0.000000e+000  0.000000e+000  0.000000e+000  
0.000000e+000  0.000000e+000  0.000000e+000  0.000000e+000  0.000000e+000  0.000000e+000  0.000000e+000  0.000000e+000  0.000000e+000  0.000000e+000  0.000000e+000  0.000000e+000  0.000000e+000  0.000000e+000  0.000000e+000  0.000000e+000  0.000000e+000  
0.000000e+000  0.000000e+000  0.000000e+000  0.000000e+000  0.000000e+000  0.000000e+000  0.000000e+000  0.000000e+000  0.000000e+000  0.000000e+000  0.000000e+000  0.000000e+000  0.000000e+000  0.000000e+000  0.000000e+000  0.000000e+000  0.000000e+000  
0.000000e+000  0.000000e+000  0.000000e+000  0.000000e+000  0.000000e+000  0.000000e+000  0.000000e+000  0.000000e+000  0.000000e+000  0.000000e+000  0.000000e+000  0.000000e+000  0.000000e+000  0.000000e+000  0.000000e+000  0.000000e+000  0.000000e+000  
0.000000e+000  0.000000e+000  0.000000e+000  0.000000e+000  0.000000e+000  0.000000e+000  0.000000e+000  0.000000e+000  0.000000e+000  0.000000e+000  0.000000e+000  0.000000e+000  0.000000e+000  0.000000e+000  0.000000e+000  0.000000e+000  0.000000e+000  
0.000000e+000  0.000000e+000  0.000000e+000  0.000000e+000  0.000000e+000  0.000000e+000  0.000000e+000  0.000000e+000  0.000000e+000  0.000000e+000  0.000000e+000  0.000000e+000  0.000000e+000  0.000000e+000  0.000000e+000  0.000000e+000  0.000000e+000  
0.000000e+000  0.000000e+000  0.000000e+000  0.000000e+000  0.000000e+000  0.000000e+000  0.000000e+000  0.000000e+000  0.000000e+000  0.000000e+000  0.000000e+000  0.000000e+000  0.000000e+000  0.000000e+000  0.000000e+000  0.000000e+000  0.000000e+000  
0.000000e+000  0.000000e+000  0.000000e+000  0.000000e+000  0.000000e+000  0.000000e+000  0.000000e+000  0.000000e+000  0.000000e+000  0.000000e+000  0.000000e+000  0.000000e+000  0.000000e+000  0.000000e+000  0.000000e+000  0.000000e+000  0.000000e+000  
0.000000e+000  0.000000e+000  0.000000e+000  0.000000e+000  0.000000e+000  0.000000e+000  0.000000e+000  0.000000e+000  0.000000e+000  0.000000e+000  0.000000e+000  0.000000e+000  0.000000e+000  0.000000e+000  0.000000e+000  0.000000e+000  0.000000e+000  
0.000000e+000  0.000000e+000  0.000000e+000  0.000000e+000  0.000000e+000  0.000000e+000  0.000000e+000  0.000000e+000  0.000000e+000  0.000000e+000  0.000000e+000  0.000000e+000  0.000000e+000  0.000000e+000  0.000000e+000  0.000000e+000  0.000000e+000  
0.000000e+000  0.000000e+000  0.000000e+000  0.000000e+000  0.000000e+000  0.000000e+000  0.000000e+000  0.000000e+000  0.000000e+000  0.000000e+000  0.000000e+000  0.000000e+000  0.000000e+000  0.000000e+000  0.000000e+000  0.000000e+000  0.000000e+000  
0.000000e+000  0.000000e+000  0.000000e+000  0.000000e+000  0.000000e+000  0.000000e+000  0.000000e+000  0.000000e+000  0.000000e+000  0.000000e+000  0.000000e+000  0.000000e+000  0.000000e+000  0.000000e+000  0.000000e+000  0.000000e+000  0.000000e+000  
0.000000e+000  0.000000e+000  0.000000e+000  0.000000e+000  0.000000e+000  0.000000e+000  0.000000e+000  0.000000e+000  0.000000e+000  0.000000e+000  0.000000e+000  0.000000e+000  0.000000e+000  0.000000e+000  0.000000e+000  0.000000e+000  0.000000e+000  
0.000000e+000  0.000000e+000  0.000000e+000  0.000000e+000  0.000000e+000  0.000000e+000  0.000000e+000  0.000000e+000  0.000000e+000  0.000000e+000  0.000000e+000  0.000000e+000  0.000000e+000  0.000000e+000  0.000000e+000  0.000000e+000  0.000000e+000  
0.000000e+000  0.000000e+000  0.000000e+000  0.000000e+000  0.000000e+000  0.000000e+000  0.000000e+000  0.000000e+000  0.000000e+000  0.000000e+000  0.000000e+000  0.000000e+000  0.000000e+000  0.000000e+000  0.000000e+000  0.000000e+000  0.000000e+000  
0.000000e+000  0.000000e+000  0.000000e+000  0.000000e+000  0.000000e+000  0.000000e+000  0.000000e+000  0.000000e+000  0.000000e+000  0.000000e+000  0.000000e+000  0.000000e+000  0.000000e+000  0.000000e+000  0.000000e+000  0.000000e+000  0.000000e+000  
0.000000e+000  0.000000e+000  0.000000e+000  0.000000e+000  0.000000e+000  0.000000e+000  0.000000e+000  0.000000e+000  0.000000e+000  0.000000e+000  0.000000e+000  0.000000e+000  0.000000e+000  0.000000e+000  0.000000e+000  0.000000e+000  0.000000e+000  
0.000000e+000  0.000000e+000  0.000000e+000  0.000000e+000  0.000000e+000  0.000000e+000  0.000000e+000  0.000000e+000  0.000000e+000  0.000000e+000  0.000000e+000  0.000000e+000  0.000000e+000  0.000000e+000  0.000000e+000  0.000000e+000  0.000000e+000  
0.000000e+000  0.000000e+000  0.000000e+000  0.000000e+000  0.000000e+000  0.000000e+000  0.000000e+000  0.000000e+000  0.000000e+000  0.000000e+000  0.000000e+000  0.000000e+000  0.000000e+000  0.000000e+000  0.000000e+000  0.000000e+000  0.000000e+000  
0.000000e+000  0.000000e+000  0.000000e+000  0.000000e+000  0.000000e+000  0.000000e+000  0.000000e+000  0.000000e+000  0.000000e+000  0.000000e+000  0.000000e+000  0.000000e+000  0.000000e+000  0.000000e+000  0.000000e+000  0.000000e+000  0.000000e+000  
0.000000e+000  0.000000e+000  0.000000e+000  0.000000e+000  0.000000e+000  0.000000e+000  0.000000e+000  0.000000e+000  0.000000e+000  0.000000e+000  0.000000e+000  0.000000e+000  0.000000e+000  0.000000e+000  0.000000e+000  0.000000e+000  0.000000e+000  
0.000000e+000  0.000000e+000  0.000000e+000  0.000000e+000  0.000000e+000  0.000000e+000  0.000000e+000  0.000000e+000  0.000000e+000  0.000000e+000  0.000000e+000  0.000000e+000  0.000000e+000  0.000000e+000  0.000000e+000  0.000000e+000  0.000000e+000  
0.000000e+000  0.000000e+000  0.000000e+000  0.000000e+000  0.000000e+000  0.000000e+000  0.000000e+000  0.000000e+000  0.000000e+000  0.000000e+000  0.000000e+000  0.000000e+000  0.000000e+000  0.000000e+000  0.000000e+000  0.000000e+000  0.000000e+000  
0.000000e+000  0.000000e+000  0.000000e+000  0.000000e+000  0.000000e+000  0.000000e+000  0.000000e+000  0.000000e+000  0.000000e+000  0.000000e+000  0.000000e+000  0.000000e+000  0.000000e+000  0.000000e+000  0.000000e+000  0.000000e+000  0.000000e+000  

0.000000e+000  0.000000e+000  0.000000e+000  0.000000e+000  0.000000e+000  0.000000e+000  0.000000e+000  0.000000e+000  0.000000e+000  0.000000e+000  0.000000e+000  0.000000e+000  0.000000e+000  0.000000e+000  0.000000e+000  0.000000e+000  0.000000e+000  
0.000000e+000  0.000000e+000  0.000000e+000  0.000000e+000  0.000000e+000  0.000000e+000  0.000000e+000  0.000000e+000  0.000000e+000  0.000000e+000  0.000000e+000  0.000000e+000  0.000000e+000  0.000000e+000  0.000000e+000  0.000000e+000  0.000000e+000  
0.000000e+000  0.000000e+000  0.000000e+000  0.000000e+000  0.000000e+000  0.000000e+000  0.000000e+000  0.000000e+000  0.000000e+000  0.000000e+000  0.000000e+000  0.000000e+000  0.000000e+000  0.000000e+000  0.000000e+000  0.000000e+000  0.000000e+000  
0.000000e+000  0.000000e+000  0.000000e+000  0.000000e+000  0.000000e+000  0.000000e+000  0.000000e+000  0.000000e+000  0.000000e+000  0.000000e+000  0.000000e+000  0.000000e+000  0.000000e+000  0.000000e+000  0.000000e+000  0.000000e+000  0.000000e+000  
0.000000e+000  0.000000e+000  0.000000e+000  0.000000e+000  0.000000e+000  0.000000e+000  0.000000e+000  0.000000e+000  0.000000e+000  0.000000e+000  0.000000e+000  0.000000e+000  0.000000e+000  0.000000e+000  0.000000e+000  0.000000e+000  0.000000e+000  
0.000000e+000  0.000000e+000  0.000000e+000  0.000000e+000  0.000000e+000  0.000000e+000  0.000000e+000  0.000000e+000  0.000000e+000  0.000000e+000  0.000000e+000  0.000000e+000  0.000000e+000  0.000000e+000  0.000000e+000  0.000000e+000  0.000000e+000  
0.000000e+000  0.000000e+000  0.000000e+000  0.000000e+000  0.000000e+000  0.000000e+000  0.000000e+000  0.000000e+000  0.000000e+000  0.000000e+000  0.000000e+000  0.000000e+000  0.000000e+000  0.000000e+000  0.000000e+000  0.000000e+000  0.000000e+000  
0.000000e+000  0.000000e+000  0.000000e+000  0.000000e+000  0.000000e+000  0.000000e+000  0.000000e+000  0.000000e+000  0.000000e+000  0.000000e+000  0.000000e+000  0.000000e+000  0.000000e+000  0.000000e+000  0.000000e+000  0.000000e+000  0.000000e+000  
0.000000e+000  0.000000e+000  0.000000e+000  0.000000e+000  0.000000e+000  0.000000e+000  0.000000e+000  0.000000e+000  0.000000e+000  0.000000e+000  0.000000e+000  0.000000e+000  0.000000e+000  0.000000e+000  0.000000e+000  0.000000e+000  0.000000e+000  
0.000000e+000  0.000000e+000  0.000000e+000  0.000000e+000  0.000000e+000  0.000000e+000  0.000000e+000  0.000000e+000  0.000000e+000  0.000000e+000  0.000000e+000  0.000000e+000  0.000000e+000  0.000000e+000  0.000000e+000  0.000000e+000  0.000000e+000  
0.000000e+000  0.000000e+000  0.000000e+000  0.000000e+000  0.000000e+000  0.000000e+000  0.000000e+000  0.000000e+000  0.000000e+000  0.000000e+000  0.000000e+000  0.000000e+000  0.000000e+000  0.000000e+000  0.000000e+000  0.000000e+000  0.000000e+000  
0.000000e+000  0.000000e+000  0.000000e+000  0.000000e+000  0.000000e+000  0.000000e+000  0.000000e+000  0.000000e+000  0.000000e+000  0.000000e+000  0.000000e+000  0.000000e+000  0.000000e+000  0.000000e+000  0.000000e+000  0.000000e+000  0.000000e+000  
0.000000e+000  0.000000e+000  0.000000e+000  0.000000e+000  0.000000e+000  0.000000e+000  0.000000e+000  0.000000e+000  0.000000e+000  0.000000e+000  0.000000e+000  0.000000e+000  0.000000e+000  0.000000e+000  0.000000e+000  0.000000e+000  0.000000e+000  
0.000000e+000  0.000000e+000  0.000000e+000  0.000000e+000  0.000000e+000  0.000000e+000  0.000000e+000  0.000000e+000  0.000000e+000  0.000000e+000  0.000000e+000  0.000000e+000  0.000000e+000  0.000000e+000  0.000000e+000  0.000000e+000  0.000000e+000  
0.000000e+000  0.000000e+000  0.000000e+000  0.000000e+000  0.000000e+000  0.000000e+000  0.000000e+000  0.000000e+000  0.000000e+000  0.000000e+000  0.000000e+000  0.000000e+000  0.000000e+000  0.000000e+000  0.000000e+000  0.000000e+000  0.000000e+000  
0.000000e+000  0.000000e+000  0.000000e+000  0.000000e+000  0.000000e+000  0.000000e+000  0.000000e+000  0.000000e+000  0.000000e+000  0.000000e+000  0.000000e+000  0.000000e+000  0.000000e+000  0.000000e+000  0.000000e+000  0.000000e+000  0.000000e+000  
0.000000e+000  0.000000e+000  0.000000e+000  0.000000e+000  0.000000e+000  0.000000e+000  0.000000e+000  0.000000e+000  0.000000e+000  0.000000e+000  0.000000e+000  0.000000e+000  0.000000e+000  0.000000e+000  0.000000e+000  0.000000e+000  0.000000e+000  
0.000000e+000  0.000000e+000  0.000000e+000  0.000000e+000  0.000000e+000  0.000000e+000  0.000000e+000  0.000000e+000  0.000000e+000  0.000000e+000  0.000000e+000  0.000000e+000  0.000000e+000  0.000000e+000  0.000000e+000  0.000000e+000  0.000000e+000  
0.000000e+000  0.000000e+000  0.000000e+000  0.000000e+000  0.000000e+000  0.000000e+000  0.000000e+000  0.000000e+000  0.000000e+000  0.000000e+000  0.000000e+000  0.000000e+000  0.000000e+000  0.000000e+000  0.000000e+000  0.000000e+000  0.000000e+000  
0.000000e+000  0.000000e+000  0.000000e+000  0.000000e+000  0.000000e+000  0.000000e+000  0.000000e+000  0.000000e+000  0.000000e+000  0.000000e+000  0.000000e+000  0.000000e+000  0.000000e+000  0.000000e+000  0.000000e+000  0.000000e+000  0.000000e+000  
0.000000e+000  0.000000e+000  0.000000e+000  0.000000e+000  0.000000e+000  0.000000e+000  0.000000e+000  0.000000e+000  0.000000e+000  0.000000e+000  0.000000e+000  0.000000e+000  0.000000e+000  0.000000e+000  0.000000e+000  0.000000e+000  0.000000e+000  
0.000000e+000  0.000000e+000  0.000000e+000  0.000000e+000  0.000000e+000  0.000000e+000  0.000000e+000  0.000000e+000  0.000000e+000  0.000000e+000  0.000000e+000  0.000000e+000  0.000000e+000  0.000000e+000  0.000000e+000  0.000000e+000  0.000000e+000  
0.000000e+000  0.000000e+000  0.000000e+000  0.000000e+000  0.000000e+000  0.000000e+000  0.000000e+000  0.000000e+000  0.000000e+000  0.000000e+000  0.000000e+000  0.000000e+000  0.000000e+000  0.000000e+000  0.000000e+000  0.000000e+000  0.000000e+000  
0.000000e+000  0.000000e+000  0.000000e+000  0.000000e+000  0.000000e+000  0.000000e+000  0.000000e+000  0.000000e+000  0.000000e+000  0.000000e+000  0.000000e+000  0.000000e+000  0.000000e+000  0.000000e+000  0.000000e+000  0.000000e+000  0.000000e+000  
0.000000e+000  0.000000e+000  0.000000e+000  0.000000e+000  0.000000e+000  0.000000e+000  0.000000e+000  0.000000e+000  0.000000e+000  0.000000e+000  0.000000e+000  0.000000e+000  0.000000e+000  0.000000e+000  0.000000e+000  0.000000e+000  0.000000e+000  
0.000000e+000  0.000000e+000  0.000000e+000  0.000000e+000  0.000000e+000  0.000000e+000  0.000000e+000  0.000000e+000  0.000000e+000  0.000000e+000  0.000000e+000  0.000000e+000  0.000000e+000  0.000000e+000  0.000000e+000  0.000000e+000  0.000000e+000  
0.000000e+000  0.000000e+000  0.000000e+000  0.000000e+000  0.000000e+000  0.000000e+000  0.000000e+000  0.000000e+000  0.000000e+000  0.000000e+000  0.000000e+000  0.000000e+000  0.000000e+000  0.000000e+000  0.000000e+000  0.000000e+000  0.000000e+000  
0.000000e+000  0.000000e+000  0.000000e+000  0.000000e+000  0.000000e+000  0.000000e+000  0.000000e+000  0.000000e+000  0.000000e+000  0.000000e+000  0.000000e+000  0.000000e+000  0.000000e+000  0.000000e+000  0.000000e+000  0.000000e+000  0.000000e+000  
0.000000e+000  0.000000e+000  0.000000e+000  0.000000e+000  0.000000e+000  0.000000e+000  0.000000e+000  0.000000e+000  0.000000e+000  0.000000e+000  0.000000e+000  0.000000e+000  0.000000e+000  0.000000e+000  0.000000e+000  0.000000e+000  0.000000e+000  
0.000000e+000  0.000000e+000  0.000000e+000  0.000000e+000  0.000000e+000  0.000000e+000  0.000000e+000  0.000000e+000  0.000000e+000  0.000000e+000  0.000000e+000  0.000000e+000  0.000000e+000  0.000000e+000  0.000000e+000  0.000000e+000  0.000000e+000  
0.000000e+000  0.000000e+000  0.000000e+000  0.000000e+000  0.000000e+000  0.000000e+000  0.000000e+000  0.000000e+000  0.000000e+000  0.000000e+000  0.000000e+000  0.000000e+000  0.000000e+000  0.000000e+000  0.000000e+000  0.000000e+000  0.000000e+000  
0.000000e+000  0.000000e+000  0.000000e+000  0.000000e+000  0.000000e+000  0.000000e+000  0.000000e+000  0.000000e+000  0.000000e+000  0.000000e+000  0.000000e+000  0.000000e+000  0.000000e+000  0.000000e+000  0.000000e+000  0.000000e+000  0.000000e+000  
0.000000e+000  0.000000e+000  0.000000e+000  0.000000e+000  0.000000e+000  0.000000e+000  0.000000e+000  0.000000e+000  0.000000e+000  0.000000e+000  0.000000e+000  0.000000e+000  0.000000e+000  0.000000e+000  0.000000e+000  0.000000e+000  0.000000e+000  
0.000000e+000  0.000000e+000  0.000000e+000  0.000000e+000  0.000000e+000  0.000000e+000  0.000000e+000  0.000000e+000  0.000000e+000  0.000000e+000  0.000000e+000  0.000000e+000  0.000000e+000  0.000000e+000  0.000000e+000  0.000000e+000  0.000000e+000  
0.000000e+000  0.000000e+000  0.000000e+000  0.000000e+000  0.000000e+000  0.000000e+000  0.000000e+000  0.000000e+000  0.000000e+000  0.000000e+000  0.000000e+000  0.000000e+000  0.000000e+000  0.000000e+000  0.000000e+000  0.000000e+000  0.000000e+000  
0.000000e+000  0.000000e+000  0.000000e+000  0.000000e+000  0.000000e+000  0.000000e+000  0.000000e+000  0.000000e+000  0.000000e+000  0.000000e+000  0.000000e+000  0.000000e+000  0.000000e+000  0.000000e+000  0.000000e+000  0.000000e+000  0.000000e+000  
0.000000e+000  0.000000e+000  0.000000e+000  0.000000e+000  0.000000e+000  0.000000e+000  0.000000e+000  0.000000e+000  0.000000e+000  0.000000e+000  0.000000e+000  0.000000e+000  0.000000e+000  0.000000e+000  0.000000e+000  0.000000e+000  0.000000e+000  
0.000000e+000  0.000000e+000  0.000000e+000  0.000000e+000  0.000000e+000  0.000000e+000  0.000000e+000  0.000000e+000  0.000000e+000  0.000000e+000  0.000000e+000  0.000000e+000  0.000000e+000  0.000000e+000  0.000000e+000  0.000000e+000  0.000000e+000  
0.000000e+000  0.000000e+000  0.000000e+000  0.000000e+000  0.000000e+000  0.000000e+000  0.000000e+000  0.000000e+000  0.000000e+000  0.000000e+000  0.000000e+000  0.000000e+000  0.000000e+000  0.000000e+000  0.000000e+000  0.000000e+000  0.000000e+000  
0.000000e+000  0.000000e+000  0.000000e+000  0.000000e+000  0.000000e+000  0.000000e+000  0.000000e+000  0.000000e+000  0.000000e+000  0.000000e+000  0.000000e+000  0.000000e+000  0.000000e+000  0.000000e+000  0.000000e+000  0.000000e+000  0.000000e+000  

0.000000e+000  0.000000e+000  0.000000e+000  0.000000e+000  0.000000e+000  0.000000e+000  0.000000e+000  0.000000e+000  0.000000e+000  0.000000e+000  0.000000e+000  0.000000e+000  0.000000e+000  0.000000e+000  0.000000e+000  0.000000e+000  0.000000e+000  
0.000000e+000  0.000000e+000  0.000000e+000  0.000000e+000  0.000000e+000  0.000000e+000  0.000000e+000  0.000000e+000  0.000000e+000  0.000000e+000  0.000000e+000  0.000000e+000  0.000000e+000  0.000000e+000  0.000000e+000  0.000000e+000  0.000000e+000  
0.000000e+000  0.000000e+000  0.000000e+000  0.000000e+000  0.000000e+000  0.000000e+000  0.000000e+000  0.000000e+000  0.000000e+000  0.000000e+000  0.000000e+000  0.000000e+000  0.000000e+000  0.000000e+000  0.000000e+000  0.000000e+000  0.000000e+000  
0.000000e+000  0.000000e+000  0.000000e+000  0.000000e+000  0.000000e+000  0.000000e+000  0.000000e+000  0.000000e+000  0.000000e+000  0.000000e+000  0.000000e+000  0.000000e+000  0.000000e+000  0.000000e+000  0.000000e+000  0.000000e+000  0.000000e+000  
0.000000e+000  0.000000e+000  0.000000e+000  0.000000e+000  0.000000e+000  0.000000e+000  0.000000e+000  0.000000e+000  0.000000e+000  0.000000e+000  0.000000e+000  0.000000e+000  0.000000e+000  0.000000e+000  0.000000e+000  0.000000e+000  0.000000e+000  
0.000000e+000  0.000000e+000  0.000000e+000  0.000000e+000  0.000000e+000  0.000000e+000  0.000000e+000  0.000000e+000  0.000000e+000  0.000000e+000  0.000000e+000  0.000000e+000  0.000000e+000  0.000000e+000  0.000000e+000  0.000000e+000  0.000000e+000  
0.000000e+000  0.000000e+000  0.000000e+000  0.000000e+000  0.000000e+000  0.000000e+000  0.000000e+000  0.000000e+000  0.000000e+000  0.000000e+000  0.000000e+000  0.000000e+000  0.000000e+000  0.000000e+000  0.000000e+000  0.000000e+000  0.000000e+000  
0.000000e+000  0.000000e+000  0.000000e+000  0.000000e+000  0.000000e+000  0.000000e+000  0.000000e+000  0.000000e+000  0.000000e+000  0.000000e+000  0.000000e+000  0.000000e+000  0.000000e+000  0.000000e+000  0.000000e+000  0.000000e+000  0.000000e+000  
0.000000e+000  0.000000e+000  0.000000e+000  0.000000e+000  0.000000e+000  0.000000e+000  0.000000e+000  0.000000e+000  0.000000e+000  0.000000e+000  0.000000e+000  0.000000e+000  0.000000e+000  0.000000e+000  0.000000e+000  0.000000e+000  0.000000e+000  
0.000000e+000  0.000000e+000  0.000000e+000  0.000000e+000  0.000000e+000  0.000000e+000  0.000000e+000  0.000000e+000  0.000000e+000  0.000000e+000  0.000000e+000  0.000000e+000  0.000000e+000  0.000000e+000  0.000000e+000  0.000000e+000  0.000000e+000  
0.000000e+000  0.000000e+000  0.000000e+000  0.000000e+000  0.000000e+000  0.000000e+000  0.000000e+000  0.000000e+000  0.000000e+000  0.000000e+000  0.000000e+000  0.000000e+000  0.000000e+000  0.000000e+000  0.000000e+000  0.000000e+000  0.000000e+000  
0.000000e+000  0.000000e+000  0.000000e+000  0.000000e+000  0.000000e+000  0.000000e+000  0.000000e+000  0.000000e+000  0.000000e+000  0.000000e+000  0.000000e+000  0.000000e+000  0.000000e+000  0.000000e+000  0.000000e+000  0.000000e+000  0.000000e+000  
0.000000e+000  0.000000e+000  0.000000e+000  0.000000e+000  0.000000e+000  0.000000e+000  0.000000e+000  0.000000e+000  0.000000e+000  0.000000e+000  0.000000e+000  0.000000e+000  0.000000e+000  0.000000e+000  0.000000e+000  0.000000e+000  0.000000e+000  
0.000000e+000  0.000000e+000  0.000000e+000  0.000000e+000  0.000000e+000  0.000000e+000  0.000000e+000  0.000000e+000  0.000000e+000  0.000000e+000  0.000000e+000  0.000000e+000  0.000000e+000  0.000000e+000  0.000000e+000  0.000000e+000  0.000000e+000  
0.000000e+000  0.000000e+000  0.000000e+000  0.000000e+000  0.000000e+000  0.000000e+000  0.000000e+000  0.000000e+000  0.000000e+000  0.000000e+000  0.000000e+000  0.000000e+000  0.000000e+000  0.000000e+000  0.000000e+000  0.000000e+000  0.000000e+000  
0.000000e+000  0.000000e+000  0.000000e+000  0.000000e+000  0.000000e+000  0.000000e+000  0.000000e+000  0.000000e+000  0.000000e+000  0.000000e+000  0.000000e+000  0.000000e+000  0.000000e+000  0.000000e+000  0.000000e+000  0.000000e+000  0.000000e+000  
0.000000e+000  0.000000e+000  0.000000e+000  0.000000e+000  0.000000e+000  0.000000e+000  0.000000e+000  0.000000e+000  0.000000e+000  0.000000e+000  0.000000e+000  0.000000e+000  0.000000e+000  0.000000e+000  0.000000e+000  0.000000e+000  0.000000e+000  
0.000000e+000  0.000000e+000  0.000000e+000  0.000000e+000  0.000000e+000  0.000000e+000  0.000000e+000  0.000000e+000  0.000000e+000  0.000000e+000  0.000000e+000  0.000000e+000  0.000000e+000  0.000000e+000  0.000000e+000  0.000000e+000  0.000000e+000  
0.000000e+000  0.000000e+000  0.000000e+000  0.000000e+000  0.000000e+000  0.000000e+000  0.000000e+000  0.000000e+000  0.000000e+000  0.000000e+000  0.000000e+000  0.000000e+000  0.000000e+000  0.000000e+000  0.000000e+000  0.000000e+000  0.000000e+000  
0.000000e+000  0.000000e+000  0.000000e+000  0.000000e+000  0.000000e+000  0.000000e+000  0.000000e+000  0.000000e+000  0.000000e+000  0.000000e+000  0.000000e+000  0.000000e+000  0.000000e+000  0.000000e+000  0.000000e+000  0.000000e+000  0.000000e+000  
0.000000e+000  0.000000e+000  0.000000e+000  0.000000e+000  0.000000e+000  0.000000e+000  0.000000e+000  0.000000e+000  0.000000e+000  0.000000e+000  0.000000e+000  0.000000e+000  0.000000e+000  0.000000e+000  0.000000e+000  0.000000e+000  0.000000e+000  
0.000000e+000  0.000000e+000  0.000000e+000  0.000000e+000  0.000000e+000  0.000000e+000  0.000000e+000  0.000000e+000  0.000000e+000  0.000000e+000  0.000000e+000  0.000000e+000  0.000000e+000  0.000000e+000  0.000000e+000  0.000000e+000  0.000000e+000  
0.000000e+000  0.000000e+000  0.000000e+000  0.000000e+000  0.000000e+000  0.000000e+000  0.000000e+000  0.000000e+000  0.000000e+000  0.000000e+000  0.000000e+000  0.000000e+000  0.000000e+000  0.000000e+000  0.000000e+000  0.000000e+000  0.000000e+000  
0.000000e+000  0.000000e+000  0.000000e+000  0.000000e+000  0.000000e+000  0.000000e+000  0.000000e+000  0.000000e+000  0.000000e+000  0.000000e+000  0.000000e+000  0.000000e+000  0.000000e+000  0.000000e+000  0.000000e+000  0.000000e+000  0.000000e+000  
0.000000e+000  0.000000e+000  0.000000e+000  0.000000e+000  0.000000e+000  0.000000e+000  0.000000e+000  0.000000e+000  0.000000e+000  0.000000e+000  0.000000e+000  0.000000e+000  0.000000e+000  0.000000e+000  0.000000e+000  0.000000e+000  0.000000e+000  
0.000000e+000  0.000000e+000  0.000000e+000  0.000000e+000  0.000000e+000  0.000000e+000  0.000000e+000  0.000000e+000  0.000000e+000  0.000000e+000  0.000000e+000  0.000000e+000  0.000000e+000  0.000000e+000  0.000000e+000  0.000000e+000  0.000000e+000  
0.000000e+000  0.000000e+000  0.000000e+000  0.000000e+000  0.000000e+000  0.000000e+000  0.000000e+000  0.000000e+000  0.000000e+000  0.000000e+000  0.000000e+000  0.000000e+000  0.000000e+000  0.000000e+000  0.000000e+000  0.000000e+000  0.000000e+000  
0.000000e+000  0.000000e+000  0.000000e+000  0.000000e+000  0.000000e+000  0.000000e+000  0.000000e+000  0.000000e+000  0.000000e+000  0.000000e+000  0.000000e+000  0.000000e+000  0.000000e+000  0.000000e+000  0.000000e+000  0.000000e+000  0.000000e+000  
0.000000e+000  0.000000e+000  0.000000e+000  0.000000e+000  0.000000e+000  0.000000e+000  0.000000e+000  0.000000e+000  0.000000e+000  0.000000e+000  0.000000e+000  0.000000e+000  0.000000e+000  0.000000e+000  0.000000e+000  0.000000e+000  0.000000e+000  
0.000000e+000  0.000000e+000  0.000000e+000  0.000000e+000  0.000000e+000  0.000000e+000  0.000000e+000  0.000000e+000  0.000000e+000  0.000000e+000  0.000000e+000  0.000000e+000  0.000000e+000  0.000000e+000  0.000000e+000  0.000000e+000  0.000000e+000  
0.000000e+000  0.000000e+000  0.000000e+000  0.000000e+000  0.000000e+000  0.000000e+000  0.000000e+000  0.000000e+000  0.000000e+000  0.000000e+000  0.000000e+000  0.000000e+000  0.000000e+000  0.000000e+000  0.000000e+000  0.000000e+000  0.000000e+000  
0.000000e+000  0.000000e+000  0.000000e+000  0.000000e+000  0.000000e+000  0.000000e+000  0.000000e+000  0.000000e+000  0.000000e+000  0.000000e+000  0.000000e+000  0.000000e+000  0.000000e+000  0.000000e+000  0.000000e+000  0.000000e+000  0.000000e+000  
0.000000e+000  0.000000e+000  0.000000e+000  0.000000e+000  0.000000e+000  0.000000e+000  0.000000e+000  0.000000e+000  0.000000e+000  0.000000e+000  0.000000e+000  0.000000e+000  0.000000e+000  0.000000e+000  0.000000e+000  0.000000e+000  0.000000e+000  
0.000000e+000  0.000000e+000  0.000000e+000  0.000000e+000  0.000000e+000  0.000000e+000  0.000000e+000  0.000000e+000  0.000000e+000  0.000000e+000  0.000000e+000  0.000000e+000  0.000000e+000  0.000000e+000  0.000000e+000  0.000000e+000  0.000000e+000  
0.000000e+000  0.000000e+000  0.000000e+000  0.000000e+000  0.000000e+000  0.000000e+000  0.000000e+000  0.000000e+000  0.000000e+000  0.000000e+000  0.000000e+000  0.000000e+000  0.000000e+000  0.000000e+000  0.000000e+000  0.000000e+000  0.000000e+000  
0.000000e+000  0.000000e+000  0.000000e+000  0.000000e+000  0.000000e+000  0.000000e+000  0.000000e+000  0.000000e+000  0.000000e+000  0.000000e+000  0.000000e+000  0.000000e+000  0.000000e+000  0.000000e+000  0.000000e+000  0.000000e+000  0.000000e+000  
0.000000e+000  0.000000e+000  0.000000e+000  0.000000e+000  0.000000e+000  0.000000e+000  0.000000e+000  0.000000e+000  0.000000e+000  0.000000e+000  0.000000e+000  0.000000e+000  0.000000e+000  0.000000e+000  0.000000e+000  0.000000e+000  0.000000e+000  
0.000000e+000  0.000000e+000  0.000000e+000  0.000000e+000  0.000000e+000  0.000000e+000  0.000000e+000  0.000000e+000  0.000000e+000  0.000000e+000  0.000000e+000  0.000000e+000  0.000000e+000  0.000000e+000  0.000000e+000  0.000000e+000  0.000000e+000  
0.000000e+000  0.000000e+000  0.000000e+000  0.000000e+000  0.000000e+000  0.000000e+000  0.000000e+000  0.000000e+000  0.000000e+000  0.000000e+000  0.000000e+000  0.000000e+000  0.000000e+000  0.000000e+000  0.000000e+000  0.000000e+000  0.000000e+000  
0.000000e+000  0.000000e+000  0.000000e+000  0.000000e+000  0.000000e+000  0.000000e+000  0.000000e+000  0.000000e+000  0.000000e+000  0.000000e+000  0.000000e+000  0.000000e+000  0.000000e+000  0.000000e+000  0.000000e+000  0.000000e+000  0.000000e+000  

-6.230420e-002  -6.196103e-002  -6.127775e-002  -6.026058e-002  -5.873278e-002  -5.673473e-002  -5.449230e-002  -5.204709e-002  -4.944097e-002  -4.671456e-002  -4.390591e-002  -4.104956e-002  -3.673903e-002  -3.107701e-002  -2.146828e-002  -7.273364e-003  -0.000000e+000  
-2.087880e-001  -2.076152e-001  -2.052775e-001  -2.017918e-001  -1.964128e-001  -1.892747e-001  -1.813069e-001  -1.726719e-001  -1.635300e-001  -1.540334e-001  -1.443215e-001  -1.345174e-001  -1.198305e-001  -1.008172e-001  -6.897892e-002  -2.316026e-002  -0.000000e+000  
-3.829645e-001  -3.807719e-001  -3.763793e-001  -3.697773e-001  -3.586162e-001  -3.431352e-001  -3.261134e-001  -3.079780e-001  -2.891305e-001  -2.699301e-001  -2.506840e-001  -2.316434e-001  -2.036842e-001  -1.688745e-001  -1.126252e-001  -3.695060e-002  -0.000000e+000  
-5.721048e-001  -5.691570e-001  -5.631437e-001  -5.538545e-001  -5.345868e-001  -5.056717e-001  -4.746027e-001  -4.423555e-001  -4.097728e-001  -3.775344e-001  -3.461539e-001  -3.159919e-001  -2.729215e-001  -2.220276e-001  -1.435008e-001  -4.586373e-002  -0.000000e+000  
-7.456912e-001  -7.436530e-001  -7.390744e-001  -7.310236e-001  -7.021717e-001  -6.528954e-001  -6.016809e-001  -5.505054e-001  -5.008312e-001  -4.536187e-001  -4.094117e-001  -3.684450e-001  -3.118871e-001  -2.488265e-001  -1.561213e-001  -4.878451e-002  -0.000000e+000  
-8.374705e-001  -8.374148e-001  -8.363884e-001  -8.326497e-001  -7.979781e-001  -7.328156e-001  -6.667431e-001  -6.025324e-001  -5.419288e-001  -4.858313e-001  -4.345490e-001  -3.880261e-001  -3.249897e-001  -2.567597e-001  -1.588097e-001  -4.909778e-002  -0.000000e+000  
-8.984682e-001  -9.006623e-001  -9.037715e-001  -9.052855e-001  -8.663833e-001  -7.876367e-001  -7.093984e-001  -6.350492e-001  -5.663822e-001  -5.040543e-001  -4.480419e-001  -3.979681e-001  -3.309709e-001  -2.598311e-001  -1.592399e-001  -4.889492e-002  -0.000000e+000  
-9.514624e-001  -9.568688e-001  -9.660300e-001  -9.755193e-001  -9.324551e-001  -8.377292e-001  -7.459769e-001  -6.610883e-001  -5.845788e-001  -5.165614e-001  -4.564766e-001  -4.035142e-001  -3.334766e-001  -2.603557e-001  -1.583052e-001  -4.832230e-002  -0.000000e+000  
-9.951464e-001  -1.004534e+000  -1.021405e+000  -1.041447e+000  -9.943581e-001  -8.816843e-001  -7.757363e-001  -6.805551e-001  -5.969038e-001  -5.240292e-001  -4.606722e-001  -4.055248e-001  -3.333375e-001  -2.590349e-001  -1.564556e-001  -4.751891e-002  -0.000000e+000  
-1.032367e+000  -1.047004e+000  -1.074464e+000  -1.109817e+000  -1.058248e+000  -9.227986e-001  -8.004775e-001  -6.945372e-001  -6.040733e-001  -5.269416e-001  -4.609448e-001  -4.041882e-001  -3.305953e-001  -2.558078e-001  -1.535595e-001  -4.642080e-002  -0.000000e+000  
-1.059608e+000  -1.080707e+000  -1.122041e+000  -1.179326e+000  -1.122394e+000  -9.577770e-001  -8.173034e-001  -7.009952e-001  -6.047655e-001  -5.244607e-001  -4.567595e-001  -3.991543e-001  -3.250676e-001  -2.505849e-001  -1.495944e-001  -4.502636e-002  -0.000000e+000  
-1.070995e+000  -1.098283e+000  -1.154339e+000  -1.238748e+000  -1.175385e+000  -9.781457e-001  -8.215974e-001  -6.979581e-001  -5.984905e-001  -5.168592e-001  -4.487600e-001  -3.912307e-001  -3.176389e-001  -2.441827e-001  -1.451564e-001  -4.353972e-002  -0.000000e+000  
-1.070181e+000  -1.102240e+000  -1.171162e+000  -1.284695e+000  -1.213414e+000  -9.839506e-001  -8.157877e-001  -6.883849e-001  -5.879784e-001  -5.064576e-001  -4.388740e-001  -3.820159e-001  -3.095102e-001  -2.374596e-001  -1.407039e-001  -4.208779e-002  -0.000000e+000  
-1.056881e+000  -1.091852e+000  -1.170645e+000  -1.316452e+000  -1.233055e+000  -9.717929e-001  -7.981031e-001  -6.710101e-001  -5.720540e-001  -4.920927e-001  -4.259591e-001  -3.704091e-001  -2.996677e-001  -2.295479e-001  -1.356386e-001  -4.047070e-002  -0.000000e+000  
-1.029971e+000  -1.064438e+000  -1.144145e+000  -1.311477e+000  -1.209391e+000  -9.337888e-001  -7.667858e-001  -6.454840e-001  -5.506778e-001  -4.737914e-001  -4.100522e-001  -3.564446e-001  -2.881387e-001  -2.204680e-001  -1.299728e-001  -3.869250e-002  -0.000000e+000  
-9.848129e-001  -1.014054e+000  -1.076463e+000  -1.177058e+000  -1.033278e+000  -8.551977e-001  -7.167286e-001  -6.083055e-001  -5.209818e-001  -4.491053e-001  -3.890302e-001  -3.382649e-001  -2.733992e-001  -2.090294e-001  -1.229741e-001  -3.652620e-002  -0.000000e+000  
-9.173042e-001  -9.384270e-001  -9.786965e-001  -1.026064e+000  -8.471836e-001  -7.504861e-001  -6.479269e-001  -5.578156e-001  -4.813246e-001  -4.166286e-001  -3.617193e-001  -3.148918e-001  -2.547110e-001  -1.947056e-001  -1.143676e-001  -3.389848e-002  -0.000000e+000  
-7.970124e-001  -8.077102e-001  -8.254803e-001  -8.414519e-001  -6.413431e-001  -5.982120e-001  -5.367534e-001  -4.732104e-001  -4.141555e-001  -3.615555e-001  -3.155200e-001  -2.755039e-001  -2.234307e-001  -1.709104e-001  -1.002503e-001  -2.963385e-002  -0.000000e+000  
-4.784578e-001  -4.800837e-001  -4.825270e-001  -4.844002e-001  -3.223446e-001  -3.115528e-001  -2.922974e-001  -2.683111e-001  -2.425376e-001  -2.169310e-001  -1.926369e-001  -1.702352e-001  -1.397946e-001  -1.076042e-001  -6.320769e-002  -1.860496e-002  -0.000000e+000  
-0.000000e+000  -0.000000e+000  -0.000000e+000  -0.000000e+000  1.854005e-011  2.130587e-011  1.694507e-011  1.136004e-011  -0.000000e+000  -0.000000e+000  -0.000000e+000  -0.000000e+000  -0.000000e+000  -0.000000e+000  -0.000000e+000  -0.000000e+000  -0.000000e+000  
4.784578e-001  4.800837e-001  4.825270e-001  4.844002e-001  3.223446e-001  3.115528e-001  2.922974e-001  2.683111e-001  2.425376e-001  2.169310e-001  1.926369e-001  1.702352e-001  1.397946e-001  1.076042e-001  6.320769e-002  1.860496e-002  -0.000000e+000  
7.970124e-001  8.077102e-001  8.254803e-001  8.414519e-001  6.413431e-001  5.982120e-001  5.367534e-001  4.732104e-001  4.141555e-001  3.615555e-001  3.155200e-001  2.755039e-001  2.234307e-001  1.709104e-001  1.002503e-001  2.963385e-002  -0.000000e+000  
9.173042e-001  9.384270e-001  9.786965e-001  1.026064e+000  8.471836e-001  7.504861e-001  6.479269e-001  5.578156e-001  4.813246e-001  4.166286e-001  3.617193e-001  3.148918e-001  2.547110e-001  1.947056e-001  1.143676e-001  3.389848e-002  -0.000000e+000  
9.848129e-001  1.014054e+000  1.076463e+000  1.177058e+000  1.033278e+000  8.551977e-001  7.167286e-001  6.083055e-001  5.209818e-001  4.491053e-001  3.890302e-001  3.382649e-001  2.733992e-001  2.090294e-001  1.229741e-001  3.652620e-002  -0.000000e+000  
1.029971e+000  1.064438e+000  1.144145e+000  1.311477e+000  1.209391e+000  9.337888e-001  7.667858e-001  6.454840e-001  5.506778e-001  4.737914e-001  4.100522e-001  3.564446e-001  2.881387e-001  2.204680e-001  1.299728e-001  3.869250e-002  -0.000000e+000  
1.056881e+000  1.091852e+000  1.170645e+000  1.316452e+000  1.233055e+000  9.717929e-001  7.981031e-001  6.710101e-001  5.720540e-001  4.920927e-001  4.259591e-001  3.704091e-001  2.996677e-001  2.295479e-001  1.356386e-001  4.047070e-002  -0.000000e+000  
1.070181e+000  1.102240e+000  1.171162e+000  1.284695e+000  1.213414e+000  9.839506e-001  8.157877e-001  6.883849e-001  5.879784e-001  5.064576e-001  4.388740e-001  3.820159e-001  3.095102e-001  2.374596e-001  1.407039e-001  4.208779e-002  -0.000000e+000  
1.070995e+000  1.098283e+000  1.154339e+000  1.238748e+000  1.175385e+000  9.781457e-001  8.215974e-001  6.979581e-001  5.984905e-001  5.168592e-001  4.487600e-001  3.912307e-001  3.176389e-001  2.441827e-001  1.451564e-001  4.353972e-002  -0.000000e+000  
1.059608e+000  1.080707e+000  1.122041e+000  1.179326e+000  1.122394e+000  9.577770e-001  8.173034e-001  7.009952e-001  6.047655e-001  5.244607e-001  4.567595e-001  3.991543e-001  3.250676e-001  2.505849e-001  1.495944e-001  4.502636e-002  -0.000000e+000  
1.032367e+000  1.047004e+000  1.074464e+000  1.109817e+000  1.058248e+000  9.227986e-001  8.004775e-001  6.945372e-001  6.040733e-001  5.269416e-001  4.609448e-001  4.041882e-001  3.305953e-001  2.558078e-001  1.535595e-001  4.642080e-002  -0.000000e+000  
9.951464e-001  1.004534e+000  1.021405e+000  1.041447e+000  9.943581e-001  8.816843e-001  7.757363e-001  6.805551e-001  5.969038e-001  5.240292e-001  4.606722e-001  4.055248e-001  3.333375e-001  2.590349e-001  1.564556e-001  4.751891e-002  -0.000000e+000  
9.514624e-001  9.568688e-001  9.660300e-001  9.755193e-001  9.324551e-001  8.377292e-001  7.459769e-001  6.610883e-001  5.845788e-001  5.165614e-001  4.564766e-001  4.035142e-001  3.334766e-001  2.603557e-001  1.583052e-001  4.832230e-002  -0.000000e+000  
8.984682e-001  9.006623e-001  9.037715e-001  9.052855e-001  8.663833e-001  7.876367e-001  7.093984e-001  6.350492e-001  5.663822e-001  5.040543e-001  4.480419e-001  3.979681e-001  3.309709e-001  2.598311e-001  1.592399e-001  4.889492e-002  -0.000000e+000  
8.374705e-001  8.374148e-001  8.363884e-001  8.326497e-001  7.979781e-001  7.328156e-001  6.667431e-001  6.025324e-001  5.419288e-001  4.858313e-001  4.345490e-001  3.880261e-001  3.249897e-001  2.567597e-001  1.588097e-001  4.909778e-002  -0.000000e+000  
7.456912e-001  7.436530e-001  7.390744e-001  7.310236e-001  7.021717e-001  6.528954e-001  6.016809e-001  5.505054e-001  5.008312e-001  4.536187e-001  4.094117e-001  3.684450e-001  3.118871e-001  2.488265e-001  1.561213e-001  4.878451e-002  -0.000000e+000  
5.721048e-001  5.691570e-001  5.631437e-001  5.538545e-001  5.345868e-001  5.056717e-001  4.746027e-001  4.423555e-001  4.097728e-001  3.775344e-001  3.461539e-001  3.159919e-001  2.729215e-001  2.220276e-001  1.435008e-001  4.586373e-002  -0.000000e+000  
3.829645e-001  3.807719e-001  3.763793e-001  3.697773e-001  3.586162e-001  3.431352e-001  3.261134e-001  3.079780e-001  2.891305e-001  2.699301e-001  2.506840e-001  2.316434e-001  2.036842e-001  1.688745e-001  1.126252e-001  3.695060e-002  -0.000000e+000  
2.087880e-001  2.076152e-001  2.052775e-001  2.017918e-001  1.964128e-001  1.892747e-001  1.813069e-001  1.726719e-001  1.635300e-001  1.540334e-001  1.443215e-001  1.345174e-001  1.198305e-001  1.008172e-001  6.897892e-002  2.316026e-002  -0.000000e+000  
6.230420e-002  6.196103e-002  6.127775e-002  6.026058e-002  5.873278e-002  5.673473e-002  5.449230e-002  5.204709e-002  4.944097e-002  4.671456e-002  4.390591e-002  4.104956e-002  3.673903e-002  3.107701e-002  2.146828e-002  7.273364e-003  -0.000000e+000  
-0.000000e+000  -0.000000e+000  -0.000000e+000  -0.000000e+000  -0.000000e+000  -0.000000e+000  -0.000000e+000  -0.000000e+000  -0.000000e+000  -0.000000e+000  -0.000000e+000  -0.000000e+000  -0.000000e+000  -0.000000e+000  -0.000000e+000  -0.000000e+000  -0.000000e+000  

