Added Component: Designator=CR1(SOD59_WEN)
Add component (AddParameter): Name = "Copyright"; Value = "Copyright (C) 2025 Ultra Librarian. All rights reserved."; VariantName = "[No Variations]"
Add component (AddParameter): Name = "Manufacturer_Name"; Value = "WeEN Semiconductors"; VariantName = "[No Variations]"
Add component (AddParameter): Name = "Manufacturer_Part_Number"; Value = "BYV29-500"; VariantName = "[No Variations]"
Add component (AddParameter): Name = "RefDes"; Value = ""; VariantName = "[No Variations]"
Add component (AddParameter): Name = "Type"; Value = ""; VariantName = "[No Variations]"
Added Component: Designator=CR2(SOD59_WEN)
Add component (AddParameter): Name = "Copyright"; Value = "Copyright (C) 2025 Ultra Librarian. All rights reserved."; VariantName = "[No Variations]"
Add component (AddParameter): Name = "Manufacturer_Name"; Value = "WeEN Semiconductors"; VariantName = "[No Variations]"
Add component (AddParameter): Name = "Manufacturer_Part_Number"; Value = "BYV29-500"; VariantName = "[No Variations]"
Add component (AddParameter): Name = "RefDes"; Value = ""; VariantName = "[No Variations]"
Add component (AddParameter): Name = "Type"; Value = ""; VariantName = "[No Variations]"
Added Component: Designator=CR3(SOD59_WEN)
Add component (AddParameter): Name = "Copyright"; Value = "Copyright (C) 2025 Ultra Librarian. All rights reserved."; VariantName = "[No Variations]"
Add component (AddParameter): Name = "Manufacturer_Name"; Value = "WeEN Semiconductors"; VariantName = "[No Variations]"
Add component (AddParameter): Name = "Manufacturer_Part_Number"; Value = "BYV29-500"; VariantName = "[No Variations]"
Add component (AddParameter): Name = "RefDes"; Value = ""; VariantName = "[No Variations]"
Add component (AddParameter): Name = "Type"; Value = ""; VariantName = "[No Variations]"
Added Component: Designator=CR4(SOD59_WEN)
Add component (AddParameter): Name = "Copyright"; Value = "Copyright (C) 2025 Ultra Librarian. All rights reserved."; VariantName = "[No Variations]"
Add component (AddParameter): Name = "Manufacturer_Name"; Value = "WeEN Semiconductors"; VariantName = "[No Variations]"
Add component (AddParameter): Name = "Manufacturer_Part_Number"; Value = "BYV29-500"; VariantName = "[No Variations]"
Add component (AddParameter): Name = "RefDes"; Value = ""; VariantName = "[No Variations]"
Add component (AddParameter): Name = "Type"; Value = ""; VariantName = "[No Variations]"
Added Component: Designator=J1(CONN_A-6373-02A_MOL)
Add component (AddParameter): Name = "Check_prices"; Value = "https://www.snapeda.com/parts/22232021/Molex/view-part/?ref=eda"; VariantName = "[No Variations]"
Add component (AddParameter): Name = "Component Type"; Value = "Standard"; VariantName = "[No Variations]"
Add component (AddParameter): Name = "Design Item ID"; Value = "22232021"; VariantName = "[No Variations]"
Add component (AddParameter): Name = "MF"; Value = "Molex"; VariantName = "[No Variations]"
Add component (AddParameter): Name = "MP"; Value = "22232021"; VariantName = "[No Variations]"
Add component (AddParameter): Name = "Package"; Value = "None"; VariantName = "[No Variations]"
Add component (AddParameter): Name = "Pin Count"; Value = "2"; VariantName = "[No Variations]"
Add component (AddParameter): Name = "SnapEDA_Link"; Value = "https://www.snapeda.com/parts/22232021/Molex/view-part/?ref=snap"; VariantName = "[No Variations]"
Add component (AddParameter): Name = "Source"; Value = "22232021.SchLib"; VariantName = "[No Variations]"
Add component (AddParameter): Name = "Value"; Value = ""; VariantName = "[No Variations]"
Add component: Footprint Not Found CONN_AE-6410-05A_MOL
Added Component: Designator=J3(Header 1x6)
Added Component: Designator=J4(Header 1x6)
Added Component: Designator=J5(CONN_A-6373-02A_MOL)
Add component (AddParameter): Name = "Check_prices"; Value = "https://www.snapeda.com/parts/22232021/Molex/view-part/?ref=eda"; VariantName = "[No Variations]"
Add component (AddParameter): Name = "Component Type"; Value = "Standard"; VariantName = "[No Variations]"
Add component (AddParameter): Name = "Design Item ID"; Value = "22232021"; VariantName = "[No Variations]"
Add component (AddParameter): Name = "MF"; Value = "Molex"; VariantName = "[No Variations]"
Add component (AddParameter): Name = "MP"; Value = "22232021"; VariantName = "[No Variations]"
Add component (AddParameter): Name = "Package"; Value = "None"; VariantName = "[No Variations]"
Add component (AddParameter): Name = "Pin Count"; Value = "2"; VariantName = "[No Variations]"
Add component (AddParameter): Name = "SnapEDA_Link"; Value = "https://www.snapeda.com/parts/22232021/Molex/view-part/?ref=snap"; VariantName = "[No Variations]"
Add component (AddParameter): Name = "Source"; Value = "22232021.SchLib"; VariantName = "[No Variations]"
Add component (AddParameter): Name = "Value"; Value = ""; VariantName = "[No Variations]"
Added Component: Designator=J6(CONN_A-6373-02A_MOL)
Add component (AddParameter): Name = "Check_prices"; Value = "https://www.snapeda.com/parts/22232021/Molex/view-part/?ref=eda"; VariantName = "[No Variations]"
Add component (AddParameter): Name = "Component Type"; Value = "Standard"; VariantName = "[No Variations]"
Add component (AddParameter): Name = "Design Item ID"; Value = "22232021"; VariantName = "[No Variations]"
Add component (AddParameter): Name = "MF"; Value = "Molex"; VariantName = "[No Variations]"
Add component (AddParameter): Name = "MP"; Value = "22232021"; VariantName = "[No Variations]"
Add component (AddParameter): Name = "Package"; Value = "None"; VariantName = "[No Variations]"
Add component (AddParameter): Name = "Pin Count"; Value = "2"; VariantName = "[No Variations]"
Add component (AddParameter): Name = "SnapEDA_Link"; Value = "https://www.snapeda.com/parts/22232021/Molex/view-part/?ref=snap"; VariantName = "[No Variations]"
Add component (AddParameter): Name = "Source"; Value = "22232021.SchLib"; VariantName = "[No Variations]"
Add component (AddParameter): Name = "Value"; Value = ""; VariantName = "[No Variations]"
Added Component: Designator=P1(TE_282837-2)
Add component (AddParameter): Name = "Availability"; Value = "In Stock"; VariantName = "[No Variations]"
Add component (AddParameter): Name = "Check_prices"; Value = "https://www.snapeda.com/parts/282837-2/TE+Connectivity+AMP+Connectors/view-part/?ref=eda"; VariantName = "[No Variations]"
Add component (AddParameter): Name = "Component Type"; Value = "Standard"; VariantName = "[No Variations]"
Add component (AddParameter): Name = "Design Item ID"; Value = "282837-2"; VariantName = "[No Variations]"
Add component (AddParameter): Name = "MF"; Value = "TE Connectivity"; VariantName = "[No Variations]"
Add component (AddParameter): Name = "MP"; Value = "282837-2"; VariantName = "[No Variations]"
Add component (AddParameter): Name = "Package"; Value = "None"; VariantName = "[No Variations]"
Add component (AddParameter): Name = "Pin Count"; Value = "2"; VariantName = "[No Variations]"
Add component (AddParameter): Name = "Price"; Value = "None"; VariantName = "[No Variations]"
Add component (AddParameter): Name = "Purchase-URL"; Value = "https://pricing.snapeda.com/search/part/282837-2/?ref=eda"; VariantName = "[No Variations]"
Add component (AddParameter): Name = "SnapEDA_Link"; Value = "https://www.snapeda.com/parts/282837-2/TE+Connectivity+AMP+Connectors/view-part/?ref=snap"; VariantName = "[No Variations]"
Add component (AddParameter): Name = "Source"; Value = "282837-2.SchLib"; VariantName = "[No Variations]"
Add component (AddParameter): Name = "Value"; Value = ""; VariantName = "[No Variations]"
Added Component: Designator=P2(TE_282837-2)
Add component (AddParameter): Name = "Availability"; Value = "In Stock"; VariantName = "[No Variations]"
Add component (AddParameter): Name = "Check_prices"; Value = "https://www.snapeda.com/parts/282837-2/TE+Connectivity+AMP+Connectors/view-part/?ref=eda"; VariantName = "[No Variations]"
Add component (AddParameter): Name = "Component Type"; Value = "Standard"; VariantName = "[No Variations]"
Add component (AddParameter): Name = "Design Item ID"; Value = "282837-2"; VariantName = "[No Variations]"
Add component (AddParameter): Name = "MF"; Value = "TE Connectivity"; VariantName = "[No Variations]"
Add component (AddParameter): Name = "MP"; Value = "282837-2"; VariantName = "[No Variations]"
Add component (AddParameter): Name = "Package"; Value = "None"; VariantName = "[No Variations]"
Add component (AddParameter): Name = "Pin Count"; Value = "2"; VariantName = "[No Variations]"
Add component (AddParameter): Name = "Price"; Value = "None"; VariantName = "[No Variations]"
Add component (AddParameter): Name = "Purchase-URL"; Value = "https://pricing.snapeda.com/search/part/282837-2/?ref=eda"; VariantName = "[No Variations]"
Add component (AddParameter): Name = "SnapEDA_Link"; Value = "https://www.snapeda.com/parts/282837-2/TE+Connectivity+AMP+Connectors/view-part/?ref=snap"; VariantName = "[No Variations]"
Add component (AddParameter): Name = "Source"; Value = "282837-2.SchLib"; VariantName = "[No Variations]"
Add component (AddParameter): Name = "Value"; Value = ""; VariantName = "[No Variations]"
Add component: Footprint Not Found PG-TO251-3-901_INF
Add component: Footprint Not Found PG-TO251-3-901_INF
Add component: Footprint Not Found PG-TO251-3-901_INF
Add component: Footprint Not Found PG-TO251-3-901_INF
Added Component: Designator=U1(TO220)
Add component (AddParameter): Name = "ComponentLink1Description"; Value = "Manufacturer URL"; VariantName = "[No Variations]"
Add component (AddParameter): Name = "ComponentLink1URL"; Value = "http://www.st.com"; VariantName = "[No Variations]"
Add component (AddParameter): Name = "ComponentLink2Description"; Value = "Datasheet"; VariantName = "[No Variations]"
Add component (AddParameter): Name = "ComponentLink2URL"; Value = "http://www.st.com/internet/com/TECHNICAL_RESOURCES/TECHNICAL_LITERATURE/DATASHEET/CD00000444.pdf"; VariantName = "[No Variations]"
Add component (AddParameter): Name = "ComponentLink3Description"; Value = "Package Specification"; VariantName = "[No Variations]"
Add component (AddParameter): Name = "ComponentLink3URL"; Value = "http://www.st.com/internet/com/TECHNICAL_RESOURCES/TECHNICAL_LITERATURE/PACKAGE_INFORMATION/CD00004649.pdf"; VariantName = "[No Variations]"
Add component (AddParameter): Name = "DatasheetVersion"; Value = "16/11/2011"; VariantName = "[No Variations]"
Add component (AddParameter): Name = "PackageDescription"; Value = "TO, Thru-Hole, Vertical, Heatsink Mounted; 3 In-Line Leads; Pitch 2.54 mm"; VariantName = "[No Variations]"
Add component (AddParameter): Name = "PackageReference"; Value = "TO220"; VariantName = "[No Variations]"
Add component (AddParameter): Name = "PackageVersion"; Value = "ver3.0"; VariantName = "[No Variations]"
Added Component: Designator=U2(STM-FM-15)
Add component (AddParameter): Name = "Automotive Qualification Standard"; Value = "-"; VariantName = "[No Variations]"
Add component (AddParameter): Name = "Datasheet URL"; Value = "https://datasheet.ciiva.com/15109/getdatasheetpartid-50682-15109332.pdf"; VariantName = "[No Variations]"
Add component (AddParameter): Name = "Datasheet Version"; Value = "01/2000"; VariantName = "[No Variations]"
Add component (AddParameter): Name = "Driver Case Style"; Value = "Multiwatt"; VariantName = "[No Variations]"
Add component (AddParameter): Name = "Manufacturer"; Value = "STMicroelectronics"; VariantName = "[No Variations]"
Add component (AddParameter): Name = "Manufacturer URL"; Value = "http://www.st.com/"; VariantName = "[No Variations]"
Add component (AddParameter): Name = "Motor Type"; Value = "FullBridge"; VariantName = "[No Variations]"
Add component (AddParameter): Name = "Mounting Technology"; Value = "ThroughHole"; VariantName = "[No Variations]"
Add component (AddParameter): Name = "MSL"; Value = "-"; VariantName = "[No Variations]"
Add component (AddParameter): Name = "No. of Outputs"; Value = "4Outputs"; VariantName = "[No Variations]"
Add component (AddParameter): Name = "No. of Pins"; Value = "15Pins"; VariantName = "[No Variations]"
Add component (AddParameter): Name = "Operating Temperature Max"; Value = "130°C"; VariantName = "[No Variations]"
Add component (AddParameter): Name = "Operating Temperature Min"; Value = "-25°C"; VariantName = "[No Variations]"
Add component (AddParameter): Name = "Output Current"; Value = "2A"; VariantName = "[No Variations]"
Add component (AddParameter): Name = "Output Voltage"; Value = "46V"; VariantName = "[No Variations]"
Add component (AddParameter): Name = "Package Description"; Value = "15-Pin Flange Mount, Body 5 x 19.6 mm, Pitch 1.27 mm"; VariantName = "[No Variations]"
Add component (AddParameter): Name = "Package Reference"; Value = "FM-15"; VariantName = "[No Variations]"
Add component (AddParameter): Name = "Packaging"; Value = "Each"; VariantName = "[No Variations]"
Add component (AddParameter): Name = "PartNumber"; Value = "L298"; VariantName = "[No Variations]"
Add component (AddParameter): Name = "Product Range"; Value = "-"; VariantName = "[No Variations]"
Add component (AddParameter): Name = "Supply Voltage Max"; Value = "7V"; VariantName = "[No Variations]"
Add component (AddParameter): Name = "Supply Voltage Min"; Value = "4.5V"; VariantName = "[No Variations]"
Add component (AddParameter): Name = "SVHC"; Value = "NoSVHC(17-Dec-2015)"; VariantName = "[No Variations]"
Added Component: Designator=U3(MODULE_ESP32-S3-DEVKITM-1-N8)
Add component (AddParameter): Name = "Availability"; Value = "Unavailable"; VariantName = "[No Variations]"
Add component (AddParameter): Name = "Component Type"; Value = "Standard"; VariantName = "[No Variations]"
Add component (AddParameter): Name = "Design Item ID"; Value = "ESP32-S3-DEVKITM-1-N8"; VariantName = "[No Variations]"
Add component (AddParameter): Name = "MF"; Value = "{'manufacturer': u'Espressif Systems'}"; VariantName = "[No Variations]"
Add component (AddParameter): Name = "MP"; Value = "ESP32-S3-DEVKITM-1-N8"; VariantName = "[No Variations]"
Add component (AddParameter): Name = "Package"; Value = "None"; VariantName = "[No Variations]"
Add component (AddParameter): Name = "Pin Count"; Value = "44"; VariantName = "[No Variations]"
Add component (AddParameter): Name = "Price"; Value = "None"; VariantName = "[No Variations]"
Add component (AddParameter): Name = "Source"; Value = "ESP32-S3-DEVKITM-1-N8.SchLib"; VariantName = "[No Variations]"
Add component (AddParameter): Name = "Value"; Value = ""; VariantName = "[No Variations]"
Added Component: Designator=U4(STM-FM-15)
Add component (AddParameter): Name = "Automotive Qualification Standard"; Value = "-"; VariantName = "[No Variations]"
Add component (AddParameter): Name = "Datasheet URL"; Value = "https://datasheet.ciiva.com/15109/getdatasheetpartid-50682-15109332.pdf"; VariantName = "[No Variations]"
Add component (AddParameter): Name = "Datasheet Version"; Value = "01/2000"; VariantName = "[No Variations]"
Add component (AddParameter): Name = "Driver Case Style"; Value = "Multiwatt"; VariantName = "[No Variations]"
Add component (AddParameter): Name = "Manufacturer"; Value = "STMicroelectronics"; VariantName = "[No Variations]"
Add component (AddParameter): Name = "Manufacturer URL"; Value = "http://www.st.com/"; VariantName = "[No Variations]"
Add component (AddParameter): Name = "Motor Type"; Value = "FullBridge"; VariantName = "[No Variations]"
Add component (AddParameter): Name = "Mounting Technology"; Value = "ThroughHole"; VariantName = "[No Variations]"
Add component (AddParameter): Name = "MSL"; Value = "-"; VariantName = "[No Variations]"
Add component (AddParameter): Name = "No. of Outputs"; Value = "4Outputs"; VariantName = "[No Variations]"
Add component (AddParameter): Name = "No. of Pins"; Value = "15Pins"; VariantName = "[No Variations]"
Add component (AddParameter): Name = "Operating Temperature Max"; Value = "130°C"; VariantName = "[No Variations]"
Add component (AddParameter): Name = "Operating Temperature Min"; Value = "-25°C"; VariantName = "[No Variations]"
Add component (AddParameter): Name = "Output Current"; Value = "2A"; VariantName = "[No Variations]"
Add component (AddParameter): Name = "Output Voltage"; Value = "46V"; VariantName = "[No Variations]"
Add component (AddParameter): Name = "Package Description"; Value = "15-Pin Flange Mount, Body 5 x 19.6 mm, Pitch 1.27 mm"; VariantName = "[No Variations]"
Add component (AddParameter): Name = "Package Reference"; Value = "FM-15"; VariantName = "[No Variations]"
Add component (AddParameter): Name = "Packaging"; Value = "Each"; VariantName = "[No Variations]"
Add component (AddParameter): Name = "PartNumber"; Value = "L298"; VariantName = "[No Variations]"
Add component (AddParameter): Name = "Product Range"; Value = "-"; VariantName = "[No Variations]"
Add component (AddParameter): Name = "Supply Voltage Max"; Value = "7V"; VariantName = "[No Variations]"
Add component (AddParameter): Name = "Supply Voltage Min"; Value = "4.5V"; VariantName = "[No Variations]"
Add component (AddParameter): Name = "SVHC"; Value = "NoSVHC(17-Dec-2015)"; VariantName = "[No Variations]"
Added Component: Designator=U5(STM-FM-15)
Add component (AddParameter): Name = "Automotive Qualification Standard"; Value = "-"; VariantName = "[No Variations]"
Add component (AddParameter): Name = "Datasheet URL"; Value = "https://datasheet.ciiva.com/15109/getdatasheetpartid-50682-15109332.pdf"; VariantName = "[No Variations]"
Add component (AddParameter): Name = "Datasheet Version"; Value = "01/2000"; VariantName = "[No Variations]"
Add component (AddParameter): Name = "Driver Case Style"; Value = "Multiwatt"; VariantName = "[No Variations]"
Add component (AddParameter): Name = "Manufacturer"; Value = "STMicroelectronics"; VariantName = "[No Variations]"
Add component (AddParameter): Name = "Manufacturer URL"; Value = "http://www.st.com/"; VariantName = "[No Variations]"
Add component (AddParameter): Name = "Motor Type"; Value = "FullBridge"; VariantName = "[No Variations]"
Add component (AddParameter): Name = "Mounting Technology"; Value = "ThroughHole"; VariantName = "[No Variations]"
Add component (AddParameter): Name = "MSL"; Value = "-"; VariantName = "[No Variations]"
Add component (AddParameter): Name = "No. of Outputs"; Value = "4Outputs"; VariantName = "[No Variations]"
Add component (AddParameter): Name = "No. of Pins"; Value = "15Pins"; VariantName = "[No Variations]"
Add component (AddParameter): Name = "Operating Temperature Max"; Value = "130°C"; VariantName = "[No Variations]"
Add component (AddParameter): Name = "Operating Temperature Min"; Value = "-25°C"; VariantName = "[No Variations]"
Add component (AddParameter): Name = "Output Current"; Value = "2A"; VariantName = "[No Variations]"
Add component (AddParameter): Name = "Output Voltage"; Value = "46V"; VariantName = "[No Variations]"
Add component (AddParameter): Name = "Package Description"; Value = "15-Pin Flange Mount, Body 5 x 19.6 mm, Pitch 1.27 mm"; VariantName = "[No Variations]"
Add component (AddParameter): Name = "Package Reference"; Value = "FM-15"; VariantName = "[No Variations]"
Add component (AddParameter): Name = "Packaging"; Value = "Each"; VariantName = "[No Variations]"
Add component (AddParameter): Name = "PartNumber"; Value = "L298"; VariantName = "[No Variations]"
Add component (AddParameter): Name = "Product Range"; Value = "-"; VariantName = "[No Variations]"
Add component (AddParameter): Name = "Supply Voltage Max"; Value = "7V"; VariantName = "[No Variations]"
Add component (AddParameter): Name = "Supply Voltage Min"; Value = "4.5V"; VariantName = "[No Variations]"
Add component (AddParameter): Name = "SVHC"; Value = "NoSVHC(17-Dec-2015)"; VariantName = "[No Variations]"
Added Component: Designator=U6(N0014A)
Add component (AddParameter): Name = "Bits(#)"; Value = "6"; VariantName = "[No Variations]"
Add component (AddParameter): Name = "Code_JEDEC"; Value = "MS-001"; VariantName = "[No Variations]"
Add component (AddParameter): Name = "DatasheetVersion"; Value = "SCLS078F"; VariantName = "[No Variations]"
Add component (AddParameter): Name = "F @ Nom Voltage(Max)(Mhz)"; Value = "20"; VariantName = "[No Variations]"
Add component (AddParameter): Name = "Generic Part Number"; Value = "SN74HC04"; VariantName = "[No Variations]"
Add component (AddParameter): Name = "ICC @ Nom Voltage(Max)(mA)"; Value = "0.02"; VariantName = "[No Variations]"
Add component (AddParameter): Name = "Input Type"; Value = "CMOS"; VariantName = "[No Variations]"
Add component (AddParameter): Name = "Manufacturer"; Value = "Texas Instruments"; VariantName = "[No Variations]"
Add component (AddParameter): Name = "Operating Temperature Range(C)"; Value = "-40 to 85"; VariantName = "[No Variations]"
Add component (AddParameter): Name = "Output Drive (IOL/IOH)(Max)(mA)"; Value = "-4/4"; VariantName = "[No Variations]"
Add component (AddParameter): Name = "Output Type"; Value = "CMOS"; VariantName = "[No Variations]"
Add component (AddParameter): Name = "PackageReference"; Value = "N0014A"; VariantName = "[No Variations]"
Add component (AddParameter): Name = "Rating"; Value = "Catalog"; VariantName = "[No Variations]"
Add component (AddParameter): Name = "Schmitt Trigger"; Value = "No"; VariantName = "[No Variations]"
Add component (AddParameter): Name = "Technology Family"; Value = "HC"; VariantName = "[No Variations]"
Add component (AddParameter): Name = "tpd @ Nom Voltage(Max)(ns)"; Value = "20"; VariantName = "[No Variations]"
Add component (AddParameter): Name = "VCC(Max)(V)"; Value = "6"; VariantName = "[No Variations]"
Add component (AddParameter): Name = "VCC(Min)(V)"; Value = "2"; VariantName = "[No Variations]"
Add component (AddParameter): Name = "Voltage(Nom)(V)"; Value = "5"; VariantName = "[No Variations]"
Added Component: Designator=U7(N0014A)
Add component (AddParameter): Name = "Bits(#)"; Value = "4"; VariantName = "[No Variations]"
Add component (AddParameter): Name = "DatasheetVersion"; Value = "SCLS081F"; VariantName = "[No Variations]"
Add component (AddParameter): Name = "F @ Nom Voltage(Max)(Mhz)"; Value = "70"; VariantName = "[No Variations]"
Add component (AddParameter): Name = "Generic Part Number"; Value = "SN74HC08"; VariantName = "[No Variations]"
Add component (AddParameter): Name = "ICC @ Nom Voltage(Max)(mA)"; Value = "0.02"; VariantName = "[No Variations]"
Add component (AddParameter): Name = "Input Type"; Value = "CMOS"; VariantName = "[No Variations]"
Add component (AddParameter): Name = "Manufacturer"; Value = "Texas Instruments"; VariantName = "[No Variations]"
Add component (AddParameter): Name = "Operating Temperature Range(C)"; Value = "-40 to 85"; VariantName = "[No Variations]"
Add component (AddParameter): Name = "Output Type"; Value = "CMOS"; VariantName = "[No Variations]"
Add component (AddParameter): Name = "PackageReference"; Value = "N0014A"; VariantName = "[No Variations]"
Add component (AddParameter): Name = "Rating"; Value = "Catalog"; VariantName = "[No Variations]"
Add component (AddParameter): Name = "Schmitt Trigger"; Value = "No"; VariantName = "[No Variations]"
Add component (AddParameter): Name = "Technology Family"; Value = "HC"; VariantName = "[No Variations]"
Add component (AddParameter): Name = "tpd @ Nom Voltage(Max)(ns)"; Value = "28"; VariantName = "[No Variations]"
Add component (AddParameter): Name = "VCC(Max)(V)"; Value = "6"; VariantName = "[No Variations]"
Add component (AddParameter): Name = "VCC(Min)(V)"; Value = "2"; VariantName = "[No Variations]"
Add component (AddParameter): Name = "Voltage(Nom)(V)"; Value = "5"; VariantName = "[No Variations]"
Added Component: Designator=U8(STM-FM-15)
Add component (AddParameter): Name = "Automotive Qualification Standard"; Value = "-"; VariantName = "[No Variations]"
Add component (AddParameter): Name = "Datasheet URL"; Value = "https://datasheet.ciiva.com/15109/getdatasheetpartid-50682-15109332.pdf"; VariantName = "[No Variations]"
Add component (AddParameter): Name = "Datasheet Version"; Value = "01/2000"; VariantName = "[No Variations]"
Add component (AddParameter): Name = "Driver Case Style"; Value = "Multiwatt"; VariantName = "[No Variations]"
Add component (AddParameter): Name = "Manufacturer"; Value = "STMicroelectronics"; VariantName = "[No Variations]"
Add component (AddParameter): Name = "Manufacturer URL"; Value = "http://www.st.com/"; VariantName = "[No Variations]"
Add component (AddParameter): Name = "Motor Type"; Value = "FullBridge"; VariantName = "[No Variations]"
Add component (AddParameter): Name = "Mounting Technology"; Value = "ThroughHole"; VariantName = "[No Variations]"
Add component (AddParameter): Name = "MSL"; Value = "-"; VariantName = "[No Variations]"
Add component (AddParameter): Name = "No. of Outputs"; Value = "4Outputs"; VariantName = "[No Variations]"
Add component (AddParameter): Name = "No. of Pins"; Value = "15Pins"; VariantName = "[No Variations]"
Add component (AddParameter): Name = "Operating Temperature Max"; Value = "130°C"; VariantName = "[No Variations]"
Add component (AddParameter): Name = "Operating Temperature Min"; Value = "-25°C"; VariantName = "[No Variations]"
Add component (AddParameter): Name = "Output Current"; Value = "2A"; VariantName = "[No Variations]"
Add component (AddParameter): Name = "Output Voltage"; Value = "46V"; VariantName = "[No Variations]"
Add component (AddParameter): Name = "Package Description"; Value = "15-Pin Flange Mount, Body 5 x 19.6 mm, Pitch 1.27 mm"; VariantName = "[No Variations]"
Add component (AddParameter): Name = "Package Reference"; Value = "FM-15"; VariantName = "[No Variations]"
Add component (AddParameter): Name = "Packaging"; Value = "Each"; VariantName = "[No Variations]"
Add component (AddParameter): Name = "PartNumber"; Value = "L298"; VariantName = "[No Variations]"
Add component (AddParameter): Name = "Product Range"; Value = "-"; VariantName = "[No Variations]"
Add component (AddParameter): Name = "Supply Voltage Max"; Value = "7V"; VariantName = "[No Variations]"
Add component (AddParameter): Name = "Supply Voltage Min"; Value = "4.5V"; VariantName = "[No Variations]"
Add component (AddParameter): Name = "SVHC"; Value = "NoSVHC(17-Dec-2015)"; VariantName = "[No Variations]"
Added Pin To Net: NetName=+12 Pin=CR1-1
Added Pin To Net: NetName=+12 Pin=CR1-2
Added Pin To Net: NetName=+12 Pin=CR2-1
Added Pin To Net: NetName=+12 Pin=CR2-2
Added Pin To Net: NetName=+12 Pin=CR3-1
Added Pin To Net: NetName=+12 Pin=CR3-2
Added Pin To Net: NetName=+12 Pin=CR4-1
Added Pin To Net: NetName=+12 Pin=CR4-2
Added Pin To Net: NetName=NetJ1_1 Pin=J1-1
Added Pin To Net: NetName=+5 Pin=J1-2
Add Pin To Net: Unknown Pin: Pin J2-1
Add Pin To Net: Unknown Pin: Pin J2-2
Add Pin To Net: Unknown Pin: Pin J2-3
Add Pin To Net: Unknown Pin: Pin J2-4
Add Pin To Net: Unknown Pin: Pin J2-5
Added Pin To Net: NetName=+12 Pin=J3-1
Added Pin To Net: NetName=+12 Pin=J3-2
Added Pin To Net: NetName=+5 Pin=J3-3
Added Pin To Net: NetName=NetJ3_4 Pin=J3-4
Added Pin To Net: NetName=NetJ3_5 Pin=J3-5
Added Pin To Net: NetName=NetJ3_6 Pin=J3-6
Added Pin To Net: NetName=+12 Pin=J4-1
Added Pin To Net: NetName=+12 Pin=J4-2
Added Pin To Net: NetName=+5 Pin=J4-3
Added Pin To Net: NetName=NetJ4_4 Pin=J4-4
Added Pin To Net: NetName=NetJ4_5 Pin=J4-5
Added Pin To Net: NetName=NetJ4_6 Pin=J4-6
Added Pin To Net: NetName=NetJ5_1 Pin=J5-1
Added Pin To Net: NetName=+12 Pin=J5-2
Added Pin To Net: NetName=NetJ6_1 Pin=J6-1
Added Pin To Net: NetName=+12 Pin=J6-2
Added Pin To Net: NetName=+12 Pin=P1-1
Added Pin To Net: NetName=+12 Pin=P1-2
Added Pin To Net: NetName=NetP2_1 Pin=P2-1
Added Pin To Net: NetName=NetP2_2 Pin=P2-2
Add Pin To Net: Unknown Pin: Pin Q1-2
Add Pin To Net: Unknown Pin: Pin Q1-3
Add Pin To Net: Unknown Pin: Pin Q3-2
Add Pin To Net: Unknown Pin: Pin Q3-3
Add Pin To Net: Unknown Pin: Pin Q4-3
Added Pin To Net: NetName=+12 Pin=U1-1
Added Pin To Net: NetName=+12 Pin=U1-2
Added Pin To Net: NetName=NetJ1_1 Pin=U1-3
Added Pin To Net: NetName=+12 Pin=U2-1
Added Pin To Net: NetName=NetP2_1 Pin=U2-2
Added Pin To Net: NetName=NetP2_2 Pin=U2-3
Added Pin To Net: NetName=+12 Pin=U2-4
Added Pin To Net: NetName=NetU2_5 Pin=U2-5
Added Pin To Net: NetName=NetU2_6 Pin=U2-6
Added Pin To Net: NetName=NetU2_7 Pin=U2-7
Added Pin To Net: NetName=+12 Pin=U2-8
Added Pin To Net: NetName=+5 Pin=U2-9
Added Pin To Net: NetName=NetU2_5 Pin=U2-10
Added Pin To Net: NetName=NetU2_6 Pin=U2-11
Added Pin To Net: NetName=NetU2_7 Pin=U2-12
Added Pin To Net: NetName=NetP2_1 Pin=U2-13
Added Pin To Net: NetName=NetP2_2 Pin=U2-14
Added Pin To Net: NetName=+12 Pin=U2-15
Added Pin To Net: NetName=NetU2_6 Pin=U3-J1_15
Added Pin To Net: NetName=NetU2_7 Pin=U3-J1_16
Added Pin To Net: NetName=NetU2_5 Pin=U3-J1_17
Added Pin To Net: NetName=NetU3_J1_18 Pin=U3-J1_18
Added Pin To Net: NetName=NetU3_J1_19 Pin=U3-J1_19
Added Pin To Net: NetName=NetU3_J1_20 Pin=U3-J1_20
Added Pin To Net: NetName=+5 Pin=U3-J1_21
Added Pin To Net: NetName=+12 Pin=U3-J1_22
Added Pin To Net: NetName=+12 Pin=U3-J3_1
Added Pin To Net: NetName=NetJ5_1 Pin=U3-J3_7
Added Pin To Net: NetName=NetJ6_1 Pin=U3-J3_8
Added Pin To Net: NetName=NetJ3_6 Pin=U3-J3_9
Added Pin To Net: NetName=NetJ3_5 Pin=U3-J3_11
Added Pin To Net: NetName=NetJ3_4 Pin=U3-J3_12
Added Pin To Net: NetName=NetJ4_6 Pin=U3-J3_16
Added Pin To Net: NetName=NetJ4_5 Pin=U3-J3_17
Added Pin To Net: NetName=NetJ4_4 Pin=U3-J3_18
Added Pin To Net: NetName=NetJ2_5 Pin=U3-J3_19
Added Pin To Net: NetName=+12 Pin=U4-1
Added Pin To Net: NetName=NetP2_1 Pin=U4-2
Added Pin To Net: NetName=NetP2_2 Pin=U4-3
Added Pin To Net: NetName=+12 Pin=U4-4
Added Pin To Net: NetName=NetU2_5 Pin=U4-5
Added Pin To Net: NetName=NetU2_6 Pin=U4-6
Added Pin To Net: NetName=NetU2_7 Pin=U4-7
Added Pin To Net: NetName=+12 Pin=U4-8
Added Pin To Net: NetName=+5 Pin=U4-9
Added Pin To Net: NetName=NetU2_5 Pin=U4-10
Added Pin To Net: NetName=NetU2_6 Pin=U4-11
Added Pin To Net: NetName=NetU2_7 Pin=U4-12
Added Pin To Net: NetName=NetP2_1 Pin=U4-13
Added Pin To Net: NetName=NetP2_2 Pin=U4-14
Added Pin To Net: NetName=+12 Pin=U4-15
Added Pin To Net: NetName=+12 Pin=U5-1
Added Pin To Net: NetName=NetJ2_3 Pin=U5-2
Added Pin To Net: NetName=NetJ2_4 Pin=U5-3
Added Pin To Net: NetName=+12 Pin=U5-4
Added Pin To Net: NetName=NetU3_J1_20 Pin=U5-5
Added Pin To Net: NetName=NetU3_J1_18 Pin=U5-6
Added Pin To Net: NetName=NetU3_J1_19 Pin=U5-7
Added Pin To Net: NetName=+12 Pin=U5-8
Added Pin To Net: NetName=+5 Pin=U5-9
Added Pin To Net: NetName=NetU3_J1_20 Pin=U5-10
Added Pin To Net: NetName=NetU3_J1_18 Pin=U5-11
Added Pin To Net: NetName=NetU3_J1_19 Pin=U5-12
Added Pin To Net: NetName=NetJ2_3 Pin=U5-13
Added Pin To Net: NetName=NetJ2_4 Pin=U5-14
Added Pin To Net: NetName=+12 Pin=U5-15
Added Pin To Net: NetName=+12 Pin=U6-7
Added Pin To Net: NetName=+5 Pin=U6-14
Added Pin To Net: NetName=+12 Pin=U7-7
Added Pin To Net: NetName=+5 Pin=U7-14
Added Pin To Net: NetName=+12 Pin=U8-1
Added Pin To Net: NetName=+12 Pin=U8-2
Added Pin To Net: NetName=+12 Pin=U8-3
Added Pin To Net: NetName=+12 Pin=U8-4
Added Pin To Net: NetName=+12 Pin=U8-8
Added Pin To Net: NetName=+5 Pin=U8-9
Added Pin To Net: NetName=+12 Pin=U8-13
Added Pin To Net: NetName=+12 Pin=U8-14
Added Pin To Net: NetName=+12 Pin=U8-15
Added Pin To Net: NetName=NetQ1_1 Pin=U7-3
Added Net: Name=NetQ1_1
Added Pin To Net: NetName=NetQ2_1 Pin=U7-6
Added Net: Name=NetQ2_1
Added Pin To Net: NetName=NetU6_1 Pin=U6-1
Added Pin To Net: NetName=NetU6_1 Pin=U7-4
Added Pin To Net: NetName=NetU6_1 Pin=U8-5
Added Pin To Net: NetName=NetU6_1 Pin=U8-12
Added Net: Name=NetU6_1
Added Pin To Net: NetName=NetU6_2 Pin=U6-2
Added Pin To Net: NetName=NetU6_2 Pin=U7-1
Added Net: Name=NetU6_2
Added Pin To Net: NetName=NetU7_2 Pin=U7-2
Added Pin To Net: NetName=NetU7_2 Pin=U7-5
Added Pin To Net: NetName=NetU7_2 Pin=U8-6
Added Pin To Net: NetName=NetU7_2 Pin=U8-11
Added Net: Name=NetU7_2
Added Member To Class: ClassName=H-bridge Member=Component CR1 BYV29-500
Added Member To Class: ClassName=H-bridge Member=Component CR2 BYV29-500
Added Member To Class: ClassName=H-bridge Member=Component CR3 BYV29-500
Added Member To Class: ClassName=H-bridge Member=Component CR4 BYV29-500
Added Member To Class: ClassName=Schematic 1.0 Member=Component J1 22232021
Add Class Member: Failed to add class member : Component J2 22272051
Added Member To Class: ClassName=Schematic 1.0 Member=Component J3 Header 1x6
Added Member To Class: ClassName=Schematic 1.0 Member=Component J4 Header 1x6
Added Member To Class: ClassName=Schematic 1.0 Member=Component J5 22232021
Added Member To Class: ClassName=Schematic 1.0 Member=Component J6 22232021
Added Member To Class: ClassName=Schematic 1.0 Member=Component P1 282837-2
Added Member To Class: ClassName=Schematic 1.0 Member=Component P2 282837-2
Add Class Member: Failed to add class member : Component Q1 IRLU024NPBF
Add Class Member: Failed to add class member : Component Q2 IRLU024NPBF
Add Class Member: Failed to add class member : Component Q3 IRLU024NPBF
Add Class Member: Failed to add class member : Component Q4 IRLU024NPBF
Added Member To Class: ClassName=Schematic 1.0 Member=Component U1 L7805CV
Added Member To Class: ClassName=Schematic 1.0 Member=Component U2 L298N
Added Member To Class: ClassName=Schematic 1.0 Member=Component U3 ESP32-S3-DEVKITM-1-N8
Added Member To Class: ClassName=Schematic 1.0 Member=Component U4 L298N
Added Member To Class: ClassName=Schematic 1.0 Member=Component U5 L298N
Added Member To Class: ClassName=H-bridge Member=Component U6 SN74HC04N
Added Member To Class: ClassName=H-bridge Member=Component U7 SN74HC08N
Added Member To Class: ClassName=H-bridge Member=Component U8 L298N
