Removed Pin From Net: NetName=NetQ1_1 Pin=R1-1
Removed Pin From Net: NetName=NetR1_2 Pin=R1-2
Removed Pin From Net: NetName=NetQ2_1 Pin=R2-1
Removed Pin From Net: NetName=GND Pin=R3-1
Removed Pin From Net: NetName=NetQ1_1 Pin=R3-2
Removed Pin From Net: NetName=GND Pin=R4-1
Removed Pin From Net: NetName=NetQ2_1 Pin=R4-2
Removed Pin From Net: NetName=NetR1_2 Pin=R6-2
Removed Pin From Net: NetName=GND Pin=R7-1
Removed Pin From Net: NetName=GND Pin=R8-1
Removed Member From Class: ClassName=H-bridge Member=R5
Removed Member From Class: ClassName=H-bridge Member=R6
Removed Member From Class: ClassName=H-bridge Member=R7
Removed Member From Class: ClassName=H-bridge Member=R8
Add Pin To Net: Unknown Pin: Pin J1-1
Add Pin To Net: Unknown Pin: Pin J1-2
Add Pin To Net: Unknown Pin: Pin J2-1
Add Pin To Net: Unknown Pin: Pin J2-2
Add Pin To Net: Unknown Pin: Pin J2-3
Add Pin To Net: Unknown Pin: Pin J2-4
Add Pin To Net: Unknown Pin: Pin J2-5
Add Pin To Net: Unknown Pin: Pin J3-1
Add Pin To Net: Unknown Pin: Pin J3-2
Add Pin To Net: Unknown Pin: Pin J3-3
Add Pin To Net: Unknown Pin: Pin J3-4
Add Pin To Net: Unknown Pin: Pin J3-5
Add Pin To Net: Unknown Pin: Pin J3-6
Add Pin To Net: Unknown Pin: Pin J4-1
Add Pin To Net: Unknown Pin: Pin J4-2
Add Pin To Net: Unknown Pin: Pin J4-3
Add Pin To Net: Unknown Pin: Pin J4-4
Add Pin To Net: Unknown Pin: Pin J4-5
Add Pin To Net: Unknown Pin: Pin J4-6
Add Pin To Net: Unknown Pin: Pin J5-1
Add Pin To Net: Unknown Pin: Pin J5-2
Add Pin To Net: Unknown Pin: Pin J6-1
Add Pin To Net: Unknown Pin: Pin J6-2
Add Pin To Net: Unknown Pin: Pin P1-1
Add Pin To Net: Unknown Pin: Pin P1-2
Add Pin To Net: Unknown Pin: Pin P2-1
Add Pin To Net: Unknown Pin: Pin P2-2
Added Pin To Net: NetName=NetQ2_1 Pin=Q3-1
Added Pin To Net: NetName=NetQ1_1 Pin=Q4-1
Add Pin To Net: Unknown Pin: Pin R1-1
Add Pin To Net: Unknown Pin: Pin R1-2
Add Pin To Net: Unknown Pin: Pin R2-1
Add Pin To Net: Unknown Pin: Pin R2-2
Add Pin To Net: Unknown Pin: Pin R3-1
Add Pin To Net: Unknown Pin: Pin R4-2
Add Pin To Net: Unknown Pin: Pin U1-1
Add Pin To Net: Unknown Pin: Pin U1-2
Add Pin To Net: Unknown Pin: Pin U1-3
Add Pin To Net: Unknown Pin: Pin U2-1
Add Pin To Net: Unknown Pin: Pin U2-2
Add Pin To Net: Unknown Pin: Pin U2-3
Add Pin To Net: Unknown Pin: Pin U2-4
Add Pin To Net: Unknown Pin: Pin U2-5
Add Pin To Net: Unknown Pin: Pin U2-6
Add Pin To Net: Unknown Pin: Pin U2-7
Add Pin To Net: Unknown Pin: Pin U2-8
Add Pin To Net: Unknown Pin: Pin U2-9
Add Pin To Net: Unknown Pin: Pin U2-10
Add Pin To Net: Unknown Pin: Pin U2-11
Add Pin To Net: Unknown Pin: Pin U2-12
Add Pin To Net: Unknown Pin: Pin U2-13
Add Pin To Net: Unknown Pin: Pin U2-14
Add Pin To Net: Unknown Pin: Pin U2-15
Add Pin To Net: Unknown Pin: Pin U3-J1_15
Add Pin To Net: Unknown Pin: Pin U3-J1_16
Add Pin To Net: Unknown Pin: Pin U3-J1_17
Add Pin To Net: Unknown Pin: Pin U3-J1_18
Add Pin To Net: Unknown Pin: Pin U3-J1_19
Add Pin To Net: Unknown Pin: Pin U3-J1_20
Add Pin To Net: Unknown Pin: Pin U3-J1_21
Add Pin To Net: Unknown Pin: Pin U3-J1_22
Add Pin To Net: Unknown Pin: Pin U3-J3_1
Add Pin To Net: Unknown Pin: Pin U3-J3_7
Add Pin To Net: Unknown Pin: Pin U3-J3_8
Add Pin To Net: Unknown Pin: Pin U3-J3_9
Add Pin To Net: Unknown Pin: Pin U3-J3_11
Add Pin To Net: Unknown Pin: Pin U3-J3_12
Add Pin To Net: Unknown Pin: Pin U3-J3_16
Add Pin To Net: Unknown Pin: Pin U3-J3_17
Add Pin To Net: Unknown Pin: Pin U3-J3_18
Add Pin To Net: Unknown Pin: Pin U3-J3_19
Add Pin To Net: Unknown Pin: Pin U4-1
Add Pin To Net: Unknown Pin: Pin U4-2
Add Pin To Net: Unknown Pin: Pin U4-3
Add Pin To Net: Unknown Pin: Pin U4-4
Add Pin To Net: Unknown Pin: Pin U4-5
Add Pin To Net: Unknown Pin: Pin U4-6
Add Pin To Net: Unknown Pin: Pin U4-7
Add Pin To Net: Unknown Pin: Pin U4-8
Add Pin To Net: Unknown Pin: Pin U4-9
Add Pin To Net: Unknown Pin: Pin U4-10
Add Pin To Net: Unknown Pin: Pin U4-11
Add Pin To Net: Unknown Pin: Pin U4-12
Add Pin To Net: Unknown Pin: Pin U4-13
Add Pin To Net: Unknown Pin: Pin U4-14
Add Pin To Net: Unknown Pin: Pin U4-15
Add Pin To Net: Unknown Pin: Pin U5-1
Add Pin To Net: Unknown Pin: Pin U5-2
Add Pin To Net: Unknown Pin: Pin U5-3
Add Pin To Net: Unknown Pin: Pin U5-4
Add Pin To Net: Unknown Pin: Pin U5-5
Add Pin To Net: Unknown Pin: Pin U5-6
Add Pin To Net: Unknown Pin: Pin U5-7
Add Pin To Net: Unknown Pin: Pin U5-8
Add Pin To Net: Unknown Pin: Pin U5-9
Add Pin To Net: Unknown Pin: Pin U5-10
Add Pin To Net: Unknown Pin: Pin U5-11
Add Pin To Net: Unknown Pin: Pin U5-12
Add Pin To Net: Unknown Pin: Pin U5-13
Add Pin To Net: Unknown Pin: Pin U5-14
Add Pin To Net: Unknown Pin: Pin U5-15
Added Pin To Net: NetName=NetR3_2 Pin=U7-6
Added Net: Name=NetR3_2
Add Class Member: Failed to add class member : Component J1 22232021
Add Class Member: Failed to add class member : Component J2 22272051
Add Class Member: Failed to add class member : Component J3 Header 1x6
Add Class Member: Failed to add class member : Component J4 Header 1x6
Add Class Member: Failed to add class member : Component J5 22232021
Add Class Member: Failed to add class member : Component J6 22232021
Add Class Member: Failed to add class member : Component P1 282837-2
Add Class Member: Failed to add class member : Component P2 282837-2
Add Class Member: Failed to add class member : Component U1 L7805CV
Add Class Member: Failed to add class member : Component U2 L298N
Add Class Member: Failed to add class member : Component U3 ESP32-S3-DEVKITM-1-N8
Add Class Member: Failed to add class member : Component U4 L298N
Add Class Member: Failed to add class member : Component U5 L298N
