Port monitor named: Port1_h1[2.4].prt

nx        = 17
ny        = 4
nz        = 9

nu        = 7
nv        = 15
iu        = 2
iv        = 2

idir      = 1
dcut      = -2.692308e-002
icut      = 2
type      = 1
frequency = 2.400000e+009

fcutoff   = 0.000000e+000
alpha     = 0.000000e+000
beta      = 9.130608e+001
accuracy  = 1.099646e-011

type          = QTEM
wave imp.     = 2.075397e+002
wave imp.sig. = 0.000000e+000
line imp.     = 5.761667e+001

ref. port     = 0

-0.000000e+000  2.680947e-001  4.523258e-001  4.969197e-001  4.335017e-001  2.767773e-001  -0.000000e+000  
-0.000000e+000  3.644121e-001  5.763651e-001  5.950820e-001  4.939120e-001  3.027652e-001  -0.000000e+000  
-0.000000e+000  6.526294e-001  9.006692e-001  8.225036e-001  6.194142e-001  3.508761e-001  -0.000000e+000  
-0.000000e+000  1.408367e+000  1.552601e+000  1.183598e+000  7.777439e-001  3.960455e-001  -0.000000e+000  
-0.000000e+000  3.563673e+000  2.722334e+000  1.600289e+000  8.779113e-001  3.923349e-001  -0.000000e+000  
-0.000000e+000  1.046555e+001  4.207451e+000  1.662016e+000  7.209404e-001  2.779100e-001  -0.000000e+000  
-0.000000e+000  -0.000000e+000  1.448908e+000  5.194775e-001  2.141377e-001  8.001169e-002  -0.000000e+000  
-0.000000e+000  -0.000000e+000  -1.448908e+000  -5.194775e-001  -2.141377e-001  -8.001170e-002  -0.000000e+000  
-0.000000e+000  -1.046555e+001  -4.207451e+000  -1.662016e+000  -7.209404e-001  -2.779100e-001  -0.000000e+000  
-0.000000e+000  -3.563673e+000  -2.722334e+000  -1.600289e+000  -8.779113e-001  -3.923349e-001  -0.000000e+000  
-0.000000e+000  -1.408367e+000  -1.552601e+000  -1.183598e+000  -7.777439e-001  -3.960455e-001  -0.000000e+000  
-0.000000e+000  -6.526294e-001  -9.006692e-001  -8.225036e-001  -6.194142e-001  -3.508761e-001  -0.000000e+000  
-0.000000e+000  -3.644121e-001  -5.763651e-001  -5.950820e-001  -4.939120e-001  -3.027652e-001  -0.000000e+000  
-0.000000e+000  -2.680947e-001  -4.523258e-001  -4.969197e-001  -4.335017e-001  -2.767773e-001  -0.000000e+000  
-0.000000e+000  -0.000000e+000  -0.000000e+000  -0.000000e+000  -0.000000e+000  -0.000000e+000  -0.000000e+000  

-0.000000e+000  -0.000000e+000  -0.000000e+000  -0.000000e+000  -0.000000e+000  -0.000000e+000  -0.000000e+000  
-3.537331e-001  -2.507036e-001  -1.167959e-001  -1.088496e-002  6.012232e-002  9.964095e-002  -0.000000e+000  
-8.480849e-001  -5.554379e-001  -2.205872e-001  1.431377e-002  1.556756e-001  2.259088e-001  -0.000000e+000  
-1.662396e+000  -9.042307e-001  -2.325233e-001  1.402192e-001  3.188897e-001  3.854228e-001  -0.000000e+000  
-3.303531e+000  -1.165136e+000  3.763387e-002  4.680871e-001  5.826106e-001  5.793762e-001  -0.000000e+000  
-7.271050e+000  -4.779866e-001  1.047488e+000  1.115189e+000  9.438487e-001  7.819303e-001  -0.000000e+000  
-1.643806e+001  7.032752e+000  3.470321e+000  1.996922e+000  1.287049e+000  9.302170e-001  -0.000000e+000  
-2.327960e+001  9.079136e+000  3.987371e+000  2.164168e+000  1.347831e+000  9.551897e-001  -0.000000e+000  
-1.643806e+001  7.032752e+000  3.470321e+000  1.996922e+000  1.287049e+000  9.302170e-001  -0.000000e+000  
-7.271050e+000  -4.779866e-001  1.047488e+000  1.115189e+000  9.438487e-001  7.819303e-001  -0.000000e+000  
-3.303531e+000  -1.165136e+000  3.763387e-002  4.680871e-001  5.826106e-001  5.793762e-001  -0.000000e+000  
-1.662396e+000  -9.042307e-001  -2.325233e-001  1.402192e-001  3.188897e-001  3.854228e-001  -0.000000e+000  
-8.480849e-001  -5.554379e-001  -2.205872e-001  1.431378e-002  1.556756e-001  2.259088e-001  -0.000000e+000  
-3.537331e-001  -2.507036e-001  -1.167959e-001  -1.088496e-002  6.012232e-002  9.964095e-002  -0.000000e+000  
-0.000000e+000  -0.000000e+000  -0.000000e+000  -0.000000e+000  -0.000000e+000  -0.000000e+000  -0.000000e+000  

0.000000e+000  0.000000e+000  0.000000e+000  0.000000e+000  0.000000e+000  0.000000e+000  0.000000e+000  
0.000000e+000  0.000000e+000  0.000000e+000  0.000000e+000  0.000000e+000  0.000000e+000  0.000000e+000  
0.000000e+000  0.000000e+000  0.000000e+000  0.000000e+000  0.000000e+000  0.000000e+000  0.000000e+000  
0.000000e+000  0.000000e+000  0.000000e+000  0.000000e+000  0.000000e+000  0.000000e+000  0.000000e+000  
0.000000e+000  0.000000e+000  0.000000e+000  0.000000e+000  0.000000e+000  0.000000e+000  0.000000e+000  
0.000000e+000  0.000000e+000  0.000000e+000  0.000000e+000  0.000000e+000  0.000000e+000  0.000000e+000  
0.000000e+000  0.000000e+000  0.000000e+000  0.000000e+000  0.000000e+000  0.000000e+000  0.000000e+000  
0.000000e+000  0.000000e+000  0.000000e+000  0.000000e+000  0.000000e+000  0.000000e+000  0.000000e+000  
0.000000e+000  0.000000e+000  0.000000e+000  0.000000e+000  0.000000e+000  0.000000e+000  0.000000e+000  
0.000000e+000  0.000000e+000  0.000000e+000  0.000000e+000  0.000000e+000  0.000000e+000  0.000000e+000  
0.000000e+000  0.000000e+000  0.000000e+000  0.000000e+000  0.000000e+000  0.000000e+000  0.000000e+000  
0.000000e+000  0.000000e+000  0.000000e+000  0.000000e+000  0.000000e+000  0.000000e+000  0.000000e+000  
0.000000e+000  0.000000e+000  0.000000e+000  0.000000e+000  0.000000e+000  0.000000e+000  0.000000e+000  
0.000000e+000  0.000000e+000  0.000000e+000  0.000000e+000  0.000000e+000  0.000000e+000  0.000000e+000  
0.000000e+000  0.000000e+000  0.000000e+000  0.000000e+000  0.000000e+000  0.000000e+000  0.000000e+000  

0.000000e+000  0.000000e+000  0.000000e+000  0.000000e+000  0.000000e+000  0.000000e+000  0.000000e+000  
0.000000e+000  0.000000e+000  0.000000e+000  0.000000e+000  0.000000e+000  0.000000e+000  0.000000e+000  
0.000000e+000  0.000000e+000  0.000000e+000  0.000000e+000  0.000000e+000  0.000000e+000  0.000000e+000  
0.000000e+000  0.000000e+000  0.000000e+000  0.000000e+000  0.000000e+000  0.000000e+000  0.000000e+000  
0.000000e+000  0.000000e+000  0.000000e+000  0.000000e+000  0.000000e+000  0.000000e+000  0.000000e+000  
0.000000e+000  0.000000e+000  0.000000e+000  0.000000e+000  0.000000e+000  0.000000e+000  0.000000e+000  
0.000000e+000  0.000000e+000  0.000000e+000  0.000000e+000  0.000000e+000  0.000000e+000  0.000000e+000  
0.000000e+000  0.000000e+000  0.000000e+000  0.000000e+000  0.000000e+000  0.000000e+000  0.000000e+000  
0.000000e+000  0.000000e+000  0.000000e+000  0.000000e+000  0.000000e+000  0.000000e+000  0.000000e+000  
0.000000e+000  0.000000e+000  0.000000e+000  0.000000e+000  0.000000e+000  0.000000e+000  0.000000e+000  
0.000000e+000  0.000000e+000  0.000000e+000  0.000000e+000  0.000000e+000  0.000000e+000  0.000000e+000  
0.000000e+000  0.000000e+000  0.000000e+000  0.000000e+000  0.000000e+000  0.000000e+000  0.000000e+000  
0.000000e+000  0.000000e+000  0.000000e+000  0.000000e+000  0.000000e+000  0.000000e+000  0.000000e+000  
0.000000e+000  0.000000e+000  0.000000e+000  0.000000e+000  0.000000e+000  0.000000e+000  0.000000e+000  
0.000000e+000  0.000000e+000  0.000000e+000  0.000000e+000  0.000000e+000  0.000000e+000  0.000000e+000  

0.000000e+000  0.000000e+000  0.000000e+000  0.000000e+000  0.000000e+000  0.000000e+000  0.000000e+000  
0.000000e+000  0.000000e+000  0.000000e+000  0.000000e+000  0.000000e+000  0.000000e+000  0.000000e+000  
0.000000e+000  0.000000e+000  0.000000e+000  0.000000e+000  0.000000e+000  0.000000e+000  0.000000e+000  
0.000000e+000  0.000000e+000  0.000000e+000  0.000000e+000  0.000000e+000  0.000000e+000  0.000000e+000  
0.000000e+000  0.000000e+000  0.000000e+000  0.000000e+000  0.000000e+000  0.000000e+000  0.000000e+000  
0.000000e+000  0.000000e+000  0.000000e+000  0.000000e+000  0.000000e+000  0.000000e+000  0.000000e+000  
0.000000e+000  0.000000e+000  0.000000e+000  0.000000e+000  0.000000e+000  0.000000e+000  0.000000e+000  
0.000000e+000  0.000000e+000  0.000000e+000  0.000000e+000  0.000000e+000  0.000000e+000  0.000000e+000  
0.000000e+000  0.000000e+000  0.000000e+000  0.000000e+000  0.000000e+000  0.000000e+000  0.000000e+000  
0.000000e+000  0.000000e+000  0.000000e+000  0.000000e+000  0.000000e+000  0.000000e+000  0.000000e+000  
0.000000e+000  0.000000e+000  0.000000e+000  0.000000e+000  0.000000e+000  0.000000e+000  0.000000e+000  
0.000000e+000  0.000000e+000  0.000000e+000  0.000000e+000  0.000000e+000  0.000000e+000  0.000000e+000  
0.000000e+000  0.000000e+000  0.000000e+000  0.000000e+000  0.000000e+000  0.000000e+000  0.000000e+000  
0.000000e+000  0.000000e+000  0.000000e+000  0.000000e+000  0.000000e+000  0.000000e+000  0.000000e+000  
0.000000e+000  0.000000e+000  0.000000e+000  0.000000e+000  0.000000e+000  0.000000e+000  0.000000e+000  

-6.357245e-001  -5.955544e-001  -5.342976e-001  -4.707058e-001  -4.119805e-001  -3.644031e-001  -0.000000e+000  
-6.688586e-001  -6.201739e-001  -5.443097e-001  -4.697235e-001  -4.038635e-001  -3.524436e-001  -0.000000e+000  
-7.455864e-001  -6.759376e-001  -5.628895e-001  -4.633152e-001  -3.828903e-001  -3.245139e-001  -0.000000e+000  
-8.694502e-001  -7.629068e-001  -5.782455e-001  -4.403113e-001  -3.421995e-001  -2.777511e-001  -0.000000e+000  
-1.021136e+000  -8.651618e-001  -5.588208e-001  -3.791640e-001  -2.713869e-001  -2.088130e-001  -0.000000e+000  
-1.045189e+000  -8.770116e-001  -4.277682e-001  -2.473978e-001  -1.609222e-001  -1.172991e-001  -0.000000e+000  
-3.578642e-001  -2.825251e-001  -1.265157e-001  -7.022978e-002  -4.463218e-002  -3.211082e-002  -0.000000e+000  
3.578642e-001  2.825250e-001  1.265157e-001  7.022978e-002  4.463218e-002  3.211082e-002  -0.000000e+000  
1.045189e+000  8.770116e-001  4.277682e-001  2.473978e-001  1.609222e-001  1.172991e-001  -0.000000e+000  
1.021136e+000  8.651618e-001  5.588208e-001  3.791640e-001  2.713869e-001  2.088130e-001  -0.000000e+000  
8.694502e-001  7.629068e-001  5.782455e-001  4.403113e-001  3.421995e-001  2.777511e-001  -0.000000e+000  
7.455864e-001  6.759376e-001  5.628895e-001  4.633152e-001  3.828903e-001  3.245139e-001  -0.000000e+000  
6.688586e-001  6.201739e-001  5.443097e-001  4.697235e-001  4.038635e-001  3.524436e-001  -0.000000e+000  
6.357245e-001  5.955544e-001  5.342976e-001  4.707058e-001  4.119805e-001  3.644031e-001  -0.000000e+000  
-0.000000e+000  -0.000000e+000  -0.000000e+000  -0.000000e+000  -0.000000e+000  -0.000000e+000  -0.000000e+000  

