Port monitor named: Port1_h1[2.4].prt

nx        = 37
ny        = 4
nz        = 19

nu        = 17
nv        = 35
iu        = 2
iv        = 2

idir      = 1
dcut      = -4.850000e-002
icut      = 2
type      = 1
frequency = 2.400000e+009

fcutoff   = 0.000000e+000
alpha     = 0.000000e+000
beta      = 9.509916e+001
accuracy  = 5.879275e-010

type          = QTEM
wave imp.     = 2.487541e+002
wave imp.sig. = 8.501872e-009
line imp.     = 3.632300e+001

ref. port     = 0

-0.000000e+000  1.620099e-002  3.203901e-002  4.716970e-002  6.128419e-002  7.580404e-002  8.852990e-002  9.929827e-002  1.080433e-001  1.147878e-001  1.196295e-001  1.227235e-001  1.242661e-001  1.233577e-001  1.190100e-001  1.003579e-001  8.644896e-002  
-0.000000e+000  6.104254e-002  1.203496e-001  1.763007e-001  2.274921e-001  2.786557e-001  3.216746e-001  3.560943e-001  3.819601e-001  3.997262e-001  4.101459e-001  4.141629e-001  4.128142e-001  3.971815e-001  3.722466e-001  2.961718e-001  2.472662e-001  
-0.000000e+000  1.549178e-001  3.032919e-001  4.391825e-001  5.577870e-001  6.679159e-001  7.505804e-001  8.062506e-001  8.372832e-001  8.471985e-001  8.400188e-001  8.197682e-001  7.901527e-001  7.124859e-001  6.294625e-001  4.488403e-001  3.539607e-001  
-0.000000e+000  3.258985e-001  6.319973e-001  9.006091e-001  1.118303e+000  1.295687e+000  1.400126e+000  1.440338e+000  1.429651e+000  1.382284e+000  1.310999e+000  1.226102e+000  1.135321e+000  9.525444e-001  7.906445e-001  5.107279e-001  3.839372e-001  
-0.000000e+000  5.485629e-001  1.056859e+000  1.487553e+000  1.811456e+000  2.034528e+000  2.116556e+000  2.089386e+000  1.989735e+000  1.849090e+000  1.690428e+000  1.528798e+000  1.373243e+000  1.095303e+000  8.712492e-001  5.283791e-001  3.851465e-001  
-0.000000e+000  8.580215e-001  1.650286e+000  2.305730e+000  2.756256e+000  2.979647e+000  2.951028e+000  2.766867e+000  2.510565e+000  2.235586e+000  1.970365e+000  1.727576e+000  1.511363e+000  1.158805e+000  8.933749e-001  5.194091e-001  3.710622e-001  
-0.000000e+000  1.088286e+000  2.100989e+000  2.940999e+000  3.492403e+000  3.682133e+000  3.527183e+000  3.199086e+000  2.818810e+000  2.449012e+000  2.115082e+000  1.823575e+000  1.572943e+000  1.181211e+000  8.956152e-001  5.090526e-001  3.596768e-001  
-0.000000e+000  1.382673e+000  2.698312e+000  3.821465e+000  4.536634e+000  4.616353e+000  4.221257e+000  3.668761e+000  3.122649e+000  2.640871e+000  2.233588e+000  1.894128e+000  1.611743e+000  1.187095e+000  8.861987e-001  4.931332e-001  3.448091e-001  
-0.000000e+000  1.733808e+000  3.458955e+000  5.048648e+000  6.097632e+000  5.869388e+000  5.023439e+000  4.137505e+000  3.386662e+000  2.785738e+000  2.309158e+000  1.928561e+000  1.621039e+000  1.173544e+000  8.639217e-001  4.714820e-001  3.264728e-001  
-0.000000e+000  2.033232e+000  4.190858e+000  6.459311e+000  8.240281e+000  7.264136e+000  5.720282e+000  4.457776e+000  3.526925e+000  2.840074e+000  2.320900e+000  1.918306e+000  1.599080e+000  1.143990e+000  8.338130e-001  4.485337e-001  3.082932e-001  
-0.000000e+000  2.225808e+000  4.736237e+000  7.781153e+000  1.091994e+001  8.559164e+000  6.198726e+000  4.617734e+000  3.568005e+000  2.834651e+000  2.296330e+000  1.885839e+000  1.563739e+000  1.109820e+000  8.032298e-001  4.274845e-001  2.921795e-001  
-0.000000e+000  2.308290e+000  5.074796e+000  9.065760e+000  1.548852e+001  9.857577e+000  6.445951e+000  4.620256e+000  3.515664e+000  2.771895e+000  2.234359e+000  1.827633e+000  1.510015e+000  1.065057e+000  7.662602e-001  4.038942e-001  2.746250e-001  
-0.000000e+000  2.213695e+000  4.940307e+000  9.411020e+000  2.417630e+001  1.049447e+001  6.220208e+000  4.408413e+000  3.356548e+000  2.648422e+000  2.134072e+000  1.743450e+000  1.437885e+000  1.009770e+000  7.229955e-001  3.778412e-001  2.556918e-001  
-0.000000e+000  1.899437e+000  4.072992e+000  6.996076e+000  -0.000000e+000  6.922360e+000  5.187942e+000  3.938321e+000  3.076568e+000  2.454664e+000  1.987525e+000  1.626467e+000  1.341450e+000  9.394896e-001  6.700157e-001  3.473477e-001  2.339687e-001  
-0.000000e+000  1.424266e+000  2.765333e+000  3.437121e+000  -0.000000e+000  3.863712e+000  3.896630e+000  3.285201e+000  2.684482e+000  2.187924e+000  1.790177e+000  1.472363e+000  1.217039e+000  8.518419e-001  6.058422e-001  3.118625e-001  2.091658e-001  
-0.000000e+000  7.744643e-001  1.312523e+000  1.225143e+000  -0.000000e+000  1.736356e+000  2.344010e+000  2.301822e+000  2.036886e+000  1.731113e+000  1.448302e+000  1.205418e+000  1.002715e+000  7.034242e-001  4.991924e-001  2.546517e-001  1.697935e-001  
-0.000000e+000  1.241443e-001  1.893878e-001  1.484886e-001  -0.000000e+000  3.537830e-001  5.970982e-001  6.978359e-001  7.019183e-001  6.532941e-001  5.819440e-001  5.053391e-001  4.325232e-001  3.105359e-001  2.217287e-001  1.116142e-001  7.356990e-002  
-0.000000e+000  -1.241443e-001  -1.893878e-001  -1.484886e-001  -0.000000e+000  -3.537830e-001  -5.970982e-001  -6.978359e-001  -7.019183e-001  -6.532941e-001  -5.819440e-001  -5.053391e-001  -4.325232e-001  -3.105359e-001  -2.217287e-001  -1.116142e-001  -7.356990e-002  
-0.000000e+000  -7.744643e-001  -1.312523e+000  -1.225143e+000  -0.000000e+000  -1.736356e+000  -2.344010e+000  -2.301822e+000  -2.036886e+000  -1.731113e+000  -1.448302e+000  -1.205418e+000  -1.002715e+000  -7.034242e-001  -4.991924e-001  -2.546517e-001  -1.697935e-001  
-0.000000e+000  -1.424266e+000  -2.765333e+000  -3.437121e+000  -0.000000e+000  -3.863712e+000  -3.896630e+000  -3.285201e+000  -2.684482e+000  -2.187924e+000  -1.790177e+000  -1.472363e+000  -1.217039e+000  -8.518419e-001  -6.058422e-001  -3.118625e-001  -2.091658e-001  
-0.000000e+000  -1.899437e+000  -4.072992e+000  -6.996076e+000  -0.000000e+000  -6.922360e+000  -5.187942e+000  -3.938321e+000  -3.076568e+000  -2.454664e+000  -1.987525e+000  -1.626467e+000  -1.341449e+000  -9.394896e-001  -6.700157e-001  -3.473477e-001  -2.339687e-001  
-0.000000e+000  -2.213695e+000  -4.940307e+000  -9.411020e+000  -2.417630e+001  -1.049447e+001  -6.220208e+000  -4.408413e+000  -3.356548e+000  -2.648422e+000  -2.134072e+000  -1.743450e+000  -1.437885e+000  -1.009769e+000  -7.229955e-001  -3.778413e-001  -2.556918e-001  
-0.000000e+000  -2.308290e+000  -5.074796e+000  -9.065759e+000  -1.548852e+001  -9.857577e+000  -6.445951e+000  -4.620256e+000  -3.515664e+000  -2.771895e+000  -2.234360e+000  -1.827634e+000  -1.510015e+000  -1.065057e+000  -7.662602e-001  -4.038941e-001  -2.746249e-001  
-0.000000e+000  -2.225809e+000  -4.736237e+000  -7.781153e+000  -1.091994e+001  -8.559164e+000  -6.198726e+000  -4.617734e+000  -3.568005e+000  -2.834651e+000  -2.296330e+000  -1.885839e+000  -1.563739e+000  -1.109820e+000  -8.032299e-001  -4.274845e-001  -2.921795e-001  
-0.000000e+000  -2.033232e+000  -4.190858e+000  -6.459311e+000  -8.240281e+000  -7.264136e+000  -5.720282e+000  -4.457776e+000  -3.526925e+000  -2.840074e+000  -2.320900e+000  -1.918306e+000  -1.599080e+000  -1.143990e+000  -8.338130e-001  -4.485338e-001  -3.082931e-001  
-0.000000e+000  -1.733808e+000  -3.458955e+000  -5.048648e+000  -6.097632e+000  -5.869388e+000  -5.023439e+000  -4.137505e+000  -3.386662e+000  -2.785738e+000  -2.309158e+000  -1.928561e+000  -1.621039e+000  -1.173544e+000  -8.639217e-001  -4.714820e-001  -3.264728e-001  
-0.000000e+000  -1.382673e+000  -2.698312e+000  -3.821465e+000  -4.536634e+000  -4.616353e+000  -4.221257e+000  -3.668761e+000  -3.122649e+000  -2.640871e+000  -2.233588e+000  -1.894128e+000  -1.611743e+000  -1.187095e+000  -8.861987e-001  -4.931332e-001  -3.448091e-001  
-0.000000e+000  -1.088286e+000  -2.100989e+000  -2.940999e+000  -3.492403e+000  -3.682133e+000  -3.527183e+000  -3.199086e+000  -2.818810e+000  -2.449012e+000  -2.115082e+000  -1.823575e+000  -1.572943e+000  -1.181211e+000  -8.956152e-001  -5.090526e-001  -3.596768e-001  
-0.000000e+000  -8.580215e-001  -1.650286e+000  -2.305730e+000  -2.756256e+000  -2.979647e+000  -2.951028e+000  -2.766867e+000  -2.510565e+000  -2.235586e+000  -1.970365e+000  -1.727576e+000  -1.511363e+000  -1.158805e+000  -8.933749e-001  -5.194091e-001  -3.710622e-001  
-0.000000e+000  -5.485629e-001  -1.056859e+000  -1.487553e+000  -1.811456e+000  -2.034528e+000  -2.116556e+000  -2.089386e+000  -1.989735e+000  -1.849090e+000  -1.690428e+000  -1.528798e+000  -1.373243e+000  -1.095303e+000  -8.712492e-001  -5.283791e-001  -3.851465e-001  
-0.000000e+000  -3.258985e-001  -6.319973e-001  -9.006091e-001  -1.118303e+000  -1.295687e+000  -1.400126e+000  -1.440338e+000  -1.429651e+000  -1.382284e+000  -1.310999e+000  -1.226102e+000  -1.135321e+000  -9.525444e-001  -7.906445e-001  -5.107279e-001  -3.839372e-001  
-0.000000e+000  -1.549178e-001  -3.032919e-001  -4.391825e-001  -5.577870e-001  -6.679159e-001  -7.505804e-001  -8.062506e-001  -8.372832e-001  -8.471985e-001  -8.400188e-001  -8.197682e-001  -7.901527e-001  -7.124859e-001  -6.294625e-001  -4.488403e-001  -3.539607e-001  
-0.000000e+000  -6.104253e-002  -1.203496e-001  -1.763007e-001  -2.274921e-001  -2.786557e-001  -3.216746e-001  -3.560943e-001  -3.819601e-001  -3.997262e-001  -4.101459e-001  -4.141629e-001  -4.128142e-001  -3.971815e-001  -3.722466e-001  -2.961718e-001  -2.472662e-001  
-0.000000e+000  -1.620099e-002  -3.203901e-002  -4.716970e-002  -6.128419e-002  -7.580404e-002  -8.852990e-002  -9.929827e-002  -1.080433e-001  -1.147878e-001  -1.196295e-001  -1.227235e-001  -1.242661e-001  -1.233577e-001  -1.190100e-001  -1.003579e-001  -8.644896e-002  
-0.000000e+000  -0.000000e+000  -0.000000e+000  -0.000000e+000  -0.000000e+000  -0.000000e+000  -0.000000e+000  -0.000000e+000  -0.000000e+000  -0.000000e+000  -0.000000e+000  -0.000000e+000  -0.000000e+000  -0.000000e+000  -0.000000e+000  -0.000000e+000  -0.000000e+000  

-1.062451e+000  -1.055490e+000  -1.041699e+000  -1.021334e+000  -9.955826e-001  -9.650728e-001  -9.296767e-001  -8.901488e-001  -8.472683e-001  -8.018044e-001  -7.544886e-001  -7.059921e-001  -6.323698e-001  -5.349313e-001  -3.689623e-001  -1.244469e-001  -0.000000e+000  
-1.178908e+000  -1.169677e+000  -1.151458e+000  -1.124718e+000  -1.090654e+000  -1.050070e+000  -1.003663e+000  -9.527141e-001  -8.984809e-001  -8.421384e-001  -7.847343e-001  -7.271643e-001  -6.416608e-001  -5.333650e-001  -3.563543e-001  -1.165899e-001  -0.000000e+000  
-1.602440e+000  -1.582610e+000  -1.543873e+000  -1.487976e+000  -1.416279e+000  -1.330950e+000  -1.237176e+000  -1.138897e+000  -1.039556e+000  -9.419372e-001  -8.481254e-001  -7.595449e-001  -6.358015e-001  -4.974878e-001  -2.975277e-001  -8.769602e-002  -0.000000e+000  
-2.425129e+000  -2.373897e+000  -2.275194e+000  -2.136115e+000  -1.959829e+000  -1.755716e+000  -1.544754e+000  -1.338882e+000  -1.146513e+000  -9.726305e-001  -8.194106e-001  -6.870162e-001  -5.179729e-001  -3.602743e-001  -1.716941e-001  -4.015877e-002  -0.000000e+000  
-3.254410e+000  -3.156392e+000  -2.969047e+000  -2.709417e+000  -2.386495e+000  -2.027038e+000  -1.678624e+000  -1.362916e+000  -1.090292e+000  -8.628077e-001  -6.775947e-001  -5.294994e-001  -3.543586e-001  -2.129272e-001  -6.957547e-002  -7.587878e-003  -0.000000e+000  
-4.619991e+000  -4.427270e+000  -4.057326e+000  -3.546197e+000  -2.920770e+000  -2.262688e+000  -1.681613e+000  -1.209570e+000  -8.462636e-001  -5.761872e-001  -3.800671e-001  -2.402833e-001  -9.377904e-002  -2.110649e-003  5.810308e-002  2.971015e-002  -0.000000e+000  
-5.445060e+000  -5.191830e+000  -4.695904e+000  -3.995934e+000  -3.134865e+000  -2.268266e+000  -1.557297e+000  -1.023487e+000  -6.422345e-001  -3.776677e-001  -1.976668e-001  -7.764135e-002  3.881698e-002  9.754139e-002  1.133531e-001  4.498549e-002  -0.000000e+000  
-6.484441e+000  -6.161793e+000  -5.507078e+000  -4.541420e+000  -3.324014e+000  -2.172749e+000  -1.316977e+000  -7.372239e-001  -3.614554e-001  -1.234457e-001  2.430160e-002  1.130205e-001  1.874445e-001  2.055255e-001  1.707529e-001  6.042346e-002  -0.000000e+000  
-7.797012e+000  -7.413070e+000  -6.581749e+000  -5.240829e+000  -3.426159e+000  -1.883361e+000  -8.949230e-001  -3.164426e-001  1.029200e-002  1.904824e-001  2.854102e-001  3.296978e-001  3.496854e-001  3.199557e-001  2.293718e-001  7.580281e-002  -0.000000e+000  
-9.434651e+000  -9.043607e+000  -8.088967e+000  -6.251217e+000  -3.280171e+000  -1.228292e+000  -2.019933e-001  2.708871e-001  4.791641e-001  5.610858e-001  5.803351e-001  5.671907e-001  5.215818e-001  4.382550e-001  2.881130e-001  9.088160e-002  -0.000000e+000  
-1.072230e+001  -1.040930e+001  -9.525116e+000  -7.387023e+000  -2.773744e+000  -4.058796e-001  4.703675e-001  7.647696e-001  8.419226e-001  8.340379e-001  7.910996e-001  7.336729e-001  6.395773e-001  5.182215e-001  3.270066e-001  1.007117e-001  -0.000000e+000  
-1.212928e+001  -1.199399e+001  -1.144376e+001  -9.367217e+000  -1.509939e+000  8.636770e-001  1.317405e+000  1.324113e+000  1.230525e+000  1.117841e+000  1.006531e+000  9.020442e-001  7.575256e-001  5.974267e-001  3.650069e-001  1.102102e-001  -0.000000e+000  
-1.358687e+001  -1.373718e+001  -1.394973e+001  -1.338775e+001  1.544277e+000  2.709325e+000  2.299031e+000  1.914071e+000  1.625355e+000  1.401688e+000  1.220326e+000  1.068341e+000  8.733387e-001  6.747493e-001  4.017125e-001  1.192974e-001  -0.000000e+000  
-1.498469e+001  -1.545456e+001  -1.675266e+001  -2.037140e+001  1.110400e+001  5.028493e+000  3.273997e+000  2.475948e+000  2.001340e+000  1.673419e+000  1.425808e+000  1.228481e+000  9.849032e-001  7.490613e-001  4.367226e-001  1.278944e-001  -0.000000e+000  
-1.636219e+001  -1.702829e+001  -1.886236e+001  -2.385693e+001  1.096492e+001  6.095554e+000  4.040681e+000  3.002168e+000  2.379388e+000  1.956243e+000  1.643615e+000  1.399853e+000  1.105136e+000  8.292344e-001  4.743052e-001  1.370565e-001  -0.000000e+000  
-1.739888e+001  -1.800643e+001  -1.936515e+001  -2.143451e+001  8.313413e+000  6.055784e+000  4.408655e+000  3.366022e+000  2.679969e+000  2.196524e+000  1.835139e+000  1.553325e+000  1.214419e+000  9.024841e-001  5.085835e-001  1.453641e-001  -0.000000e+000  
-1.853842e+001  -1.880995e+001  -1.927895e+001  -1.972859e+001  5.918448e+000  5.263591e+000  4.436405e+000  3.677212e+000  3.045699e+000  2.536186e+000  2.126983e+000  1.796646e+000  1.393540e+000  1.024207e+000  5.656883e-001  1.591121e-001  -0.000000e+000  
-1.899203e+001  -1.906584e+001  -1.917844e+001  -1.926673e+001  4.755108e+000  4.516665e+000  4.114316e+000  3.644229e+000  3.171582e+000  2.731897e+000  2.340474e+000  2.000830e+000  1.565160e+000  1.149043e+000  6.264894e-001  1.736948e-001  -0.000000e+000  
-1.853842e+001  -1.880995e+001  -1.927895e+001  -1.972859e+001  5.918448e+000  5.263591e+000  4.436405e+000  3.677212e+000  3.045699e+000  2.536186e+000  2.126983e+000  1.796646e+000  1.393540e+000  1.024207e+000  5.656883e-001  1.591121e-001  -0.000000e+000  
-1.739888e+001  -1.800643e+001  -1.936515e+001  -2.143451e+001  8.313413e+000  6.055784e+000  4.408655e+000  3.366022e+000  2.679969e+000  2.196524e+000  1.835139e+000  1.553325e+000  1.214419e+000  9.024841e-001  5.085835e-001  1.453641e-001  -0.000000e+000  
-1.636219e+001  -1.702829e+001  -1.886236e+001  -2.385693e+001  1.096492e+001  6.095554e+000  4.040681e+000  3.002168e+000  2.379388e+000  1.956243e+000  1.643615e+000  1.399853e+000  1.105136e+000  8.292344e-001  4.743052e-001  1.370565e-001  -0.000000e+000  
-1.498469e+001  -1.545456e+001  -1.675266e+001  -2.037140e+001  1.110400e+001  5.028493e+000  3.273997e+000  2.475948e+000  2.001340e+000  1.673419e+000  1.425808e+000  1.228481e+000  9.849032e-001  7.490613e-001  4.367226e-001  1.278944e-001  -0.000000e+000  
-1.358687e+001  -1.373718e+001  -1.394973e+001  -1.338775e+001  1.544277e+000  2.709325e+000  2.299031e+000  1.914071e+000  1.625355e+000  1.401688e+000  1.220326e+000  1.068341e+000  8.733387e-001  6.747493e-001  4.017125e-001  1.192974e-001  -0.000000e+000  
-1.212928e+001  -1.199399e+001  -1.144376e+001  -9.367217e+000  -1.509939e+000  8.636770e-001  1.317405e+000  1.324113e+000  1.230525e+000  1.117841e+000  1.006531e+000  9.020441e-001  7.575256e-001  5.974267e-001  3.650069e-001  1.102102e-001  -0.000000e+000  
-1.072230e+001  -1.040930e+001  -9.525117e+000  -7.387023e+000  -2.773744e+000  -4.058796e-001  4.703675e-001  7.647696e-001  8.419226e-001  8.340379e-001  7.910996e-001  7.336729e-001  6.395773e-001  5.182215e-001  3.270066e-001  1.007117e-001  -0.000000e+000  
-9.434651e+000  -9.043607e+000  -8.088967e+000  -6.251217e+000  -3.280171e+000  -1.228292e+000  -2.019933e-001  2.708871e-001  4.791642e-001  5.610858e-001  5.803351e-001  5.671907e-001  5.215818e-001  4.382550e-001  2.881131e-001  9.088159e-002  -0.000000e+000  
-7.797012e+000  -7.413070e+000  -6.581749e+000  -5.240829e+000  -3.426159e+000  -1.883361e+000  -8.949230e-001  -3.164426e-001  1.029200e-002  1.904824e-001  2.854102e-001  3.296978e-001  3.496854e-001  3.199557e-001  2.293718e-001  7.580281e-002  -0.000000e+000  
-6.484441e+000  -6.161793e+000  -5.507078e+000  -4.541420e+000  -3.324014e+000  -2.172749e+000  -1.316977e+000  -7.372239e-001  -3.614554e-001  -1.234457e-001  2.430160e-002  1.130205e-001  1.874445e-001  2.055255e-001  1.707529e-001  6.042346e-002  -0.000000e+000  
-5.445060e+000  -5.191830e+000  -4.695904e+000  -3.995934e+000  -3.134865e+000  -2.268266e+000  -1.557297e+000  -1.023487e+000  -6.422345e-001  -3.776677e-001  -1.976668e-001  -7.764135e-002  3.881698e-002  9.754139e-002  1.133531e-001  4.498549e-002  -0.000000e+000  
-4.619991e+000  -4.427270e+000  -4.057326e+000  -3.546197e+000  -2.920770e+000  -2.262688e+000  -1.681613e+000  -1.209570e+000  -8.462636e-001  -5.761872e-001  -3.800671e-001  -2.402833e-001  -9.377904e-002  -2.110649e-003  5.810309e-002  2.971015e-002  -0.000000e+000  
-3.254410e+000  -3.156392e+000  -2.969047e+000  -2.709417e+000  -2.386495e+000  -2.027038e+000  -1.678624e+000  -1.362916e+000  -1.090292e+000  -8.628077e-001  -6.775946e-001  -5.294994e-001  -3.543586e-001  -2.129272e-001  -6.957547e-002  -7.587877e-003  -0.000000e+000  
-2.425129e+000  -2.373897e+000  -2.275194e+000  -2.136115e+000  -1.959829e+000  -1.755716e+000  -1.544754e+000  -1.338882e+000  -1.146513e+000  -9.726305e-001  -8.194106e-001  -6.870162e-001  -5.179729e-001  -3.602743e-001  -1.716941e-001  -4.015877e-002  -0.000000e+000  
-1.602440e+000  -1.582610e+000  -1.543873e+000  -1.487976e+000  -1.416279e+000  -1.330950e+000  -1.237176e+000  -1.138897e+000  -1.039556e+000  -9.419372e-001  -8.481254e-001  -7.595449e-001  -6.358015e-001  -4.974878e-001  -2.975277e-001  -8.769602e-002  -0.000000e+000  
-1.178908e+000  -1.169677e+000  -1.151458e+000  -1.124718e+000  -1.090654e+000  -1.050070e+000  -1.003663e+000  -9.527142e-001  -8.984809e-001  -8.421384e-001  -7.847343e-001  -7.271643e-001  -6.416608e-001  -5.333650e-001  -3.563543e-001  -1.165899e-001  -0.000000e+000  
-1.062451e+000  -1.055490e+000  -1.041699e+000  -1.021334e+000  -9.955826e-001  -9.650728e-001  -9.296767e-001  -8.901488e-001  -8.472683e-001  -8.018044e-001  -7.544886e-001  -7.059921e-001  -6.323698e-001  -5.349313e-001  -3.689623e-001  -1.244469e-001  -0.000000e+000  

0.000000e+000  0.000000e+000  0.000000e+000  0.000000e+000  0.000000e+000  0.000000e+000  0.000000e+000  0.000000e+000  0.000000e+000  0.000000e+000  0.000000e+000  0.000000e+000  0.000000e+000  0.000000e+000  0.000000e+000  0.000000e+000  0.000000e+000  
0.000000e+000  0.000000e+000  0.000000e+000  0.000000e+000  0.000000e+000  0.000000e+000  0.000000e+000  0.000000e+000  0.000000e+000  0.000000e+000  0.000000e+000  0.000000e+000  0.000000e+000  0.000000e+000  0.000000e+000  0.000000e+000  0.000000e+000  
0.000000e+000  0.000000e+000  0.000000e+000  0.000000e+000  0.000000e+000  0.000000e+000  0.000000e+000  0.000000e+000  0.000000e+000  0.000000e+000  0.000000e+000  0.000000e+000  0.000000e+000  0.000000e+000  0.000000e+000  0.000000e+000  0.000000e+000  
0.000000e+000  0.000000e+000  0.000000e+000  0.000000e+000  0.000000e+000  0.000000e+000  0.000000e+000  0.000000e+000  0.000000e+000  0.000000e+000  0.000000e+000  0.000000e+000  0.000000e+000  0.000000e+000  0.000000e+000  0.000000e+000  0.000000e+000  
0.000000e+000  0.000000e+000  0.000000e+000  0.000000e+000  0.000000e+000  0.000000e+000  0.000000e+000  0.000000e+000  0.000000e+000  0.000000e+000  0.000000e+000  0.000000e+000  0.000000e+000  0.000000e+000  0.000000e+000  0.000000e+000  0.000000e+000  
0.000000e+000  0.000000e+000  0.000000e+000  0.000000e+000  0.000000e+000  0.000000e+000  0.000000e+000  0.000000e+000  0.000000e+000  0.000000e+000  0.000000e+000  0.000000e+000  0.000000e+000  0.000000e+000  0.000000e+000  0.000000e+000  0.000000e+000  
0.000000e+000  0.000000e+000  0.000000e+000  0.000000e+000  0.000000e+000  0.000000e+000  0.000000e+000  0.000000e+000  0.000000e+000  0.000000e+000  0.000000e+000  0.000000e+000  0.000000e+000  0.000000e+000  0.000000e+000  0.000000e+000  0.000000e+000  
0.000000e+000  0.000000e+000  0.000000e+000  0.000000e+000  0.000000e+000  0.000000e+000  0.000000e+000  0.000000e+000  0.000000e+000  0.000000e+000  0.000000e+000  0.000000e+000  0.000000e+000  0.000000e+000  0.000000e+000  0.000000e+000  0.000000e+000  
0.000000e+000  0.000000e+000  0.000000e+000  0.000000e+000  0.000000e+000  0.000000e+000  0.000000e+000  0.000000e+000  0.000000e+000  0.000000e+000  0.000000e+000  0.000000e+000  0.000000e+000  0.000000e+000  0.000000e+000  0.000000e+000  0.000000e+000  
0.000000e+000  0.000000e+000  0.000000e+000  0.000000e+000  0.000000e+000  0.000000e+000  0.000000e+000  0.000000e+000  0.000000e+000  0.000000e+000  0.000000e+000  0.000000e+000  0.000000e+000  0.000000e+000  0.000000e+000  0.000000e+000  0.000000e+000  
0.000000e+000  0.000000e+000  0.000000e+000  0.000000e+000  0.000000e+000  0.000000e+000  0.000000e+000  0.000000e+000  0.000000e+000  0.000000e+000  0.000000e+000  0.000000e+000  0.000000e+000  0.000000e+000  0.000000e+000  0.000000e+000  0.000000e+000  
0.000000e+000  0.000000e+000  0.000000e+000  0.000000e+000  0.000000e+000  0.000000e+000  0.000000e+000  0.000000e+000  0.000000e+000  0.000000e+000  0.000000e+000  0.000000e+000  0.000000e+000  0.000000e+000  0.000000e+000  0.000000e+000  0.000000e+000  
0.000000e+000  0.000000e+000  0.000000e+000  0.000000e+000  0.000000e+000  0.000000e+000  0.000000e+000  0.000000e+000  0.000000e+000  0.000000e+000  0.000000e+000  0.000000e+000  0.000000e+000  0.000000e+000  0.000000e+000  0.000000e+000  0.000000e+000  
0.000000e+000  0.000000e+000  0.000000e+000  0.000000e+000  0.000000e+000  0.000000e+000  0.000000e+000  0.000000e+000  0.000000e+000  0.000000e+000  0.000000e+000  0.000000e+000  0.000000e+000  0.000000e+000  0.000000e+000  0.000000e+000  0.000000e+000  
0.000000e+000  0.000000e+000  0.000000e+000  0.000000e+000  0.000000e+000  0.000000e+000  0.000000e+000  0.000000e+000  0.000000e+000  0.000000e+000  0.000000e+000  0.000000e+000  0.000000e+000  0.000000e+000  0.000000e+000  0.000000e+000  0.000000e+000  
0.000000e+000  0.000000e+000  0.000000e+000  0.000000e+000  0.000000e+000  0.000000e+000  0.000000e+000  0.000000e+000  0.000000e+000  0.000000e+000  0.000000e+000  0.000000e+000  0.000000e+000  0.000000e+000  0.000000e+000  0.000000e+000  0.000000e+000  
0.000000e+000  0.000000e+000  0.000000e+000  0.000000e+000  0.000000e+000  0.000000e+000  0.000000e+000  0.000000e+000  0.000000e+000  0.000000e+000  0.000000e+000  0.000000e+000  0.000000e+000  0.000000e+000  0.000000e+000  0.000000e+000  0.000000e+000  
0.000000e+000  0.000000e+000  0.000000e+000  0.000000e+000  0.000000e+000  0.000000e+000  0.000000e+000  0.000000e+000  0.000000e+000  0.000000e+000  0.000000e+000  0.000000e+000  0.000000e+000  0.000000e+000  0.000000e+000  0.000000e+000  0.000000e+000  
0.000000e+000  0.000000e+000  0.000000e+000  0.000000e+000  0.000000e+000  0.000000e+000  0.000000e+000  0.000000e+000  0.000000e+000  0.000000e+000  0.000000e+000  0.000000e+000  0.000000e+000  0.000000e+000  0.000000e+000  0.000000e+000  0.000000e+000  
0.000000e+000  0.000000e+000  0.000000e+000  0.000000e+000  0.000000e+000  0.000000e+000  0.000000e+000  0.000000e+000  0.000000e+000  0.000000e+000  0.000000e+000  0.000000e+000  0.000000e+000  0.000000e+000  0.000000e+000  0.000000e+000  0.000000e+000  
0.000000e+000  0.000000e+000  0.000000e+000  0.000000e+000  0.000000e+000  0.000000e+000  0.000000e+000  0.000000e+000  0.000000e+000  0.000000e+000  0.000000e+000  0.000000e+000  0.000000e+000  0.000000e+000  0.000000e+000  0.000000e+000  0.000000e+000  
0.000000e+000  0.000000e+000  0.000000e+000  0.000000e+000  0.000000e+000  0.000000e+000  0.000000e+000  0.000000e+000  0.000000e+000  0.000000e+000  0.000000e+000  0.000000e+000  0.000000e+000  0.000000e+000  0.000000e+000  0.000000e+000  0.000000e+000  
0.000000e+000  0.000000e+000  0.000000e+000  0.000000e+000  0.000000e+000  0.000000e+000  0.000000e+000  0.000000e+000  0.000000e+000  0.000000e+000  0.000000e+000  0.000000e+000  0.000000e+000  0.000000e+000  0.000000e+000  0.000000e+000  0.000000e+000  
0.000000e+000  0.000000e+000  0.000000e+000  0.000000e+000  0.000000e+000  0.000000e+000  0.000000e+000  0.000000e+000  0.000000e+000  0.000000e+000  0.000000e+000  0.000000e+000  0.000000e+000  0.000000e+000  0.000000e+000  0.000000e+000  0.000000e+000  
0.000000e+000  0.000000e+000  0.000000e+000  0.000000e+000  0.000000e+000  0.000000e+000  0.000000e+000  0.000000e+000  0.000000e+000  0.000000e+000  0.000000e+000  0.000000e+000  0.000000e+000  0.000000e+000  0.000000e+000  0.000000e+000  0.000000e+000  
0.000000e+000  0.000000e+000  0.000000e+000  0.000000e+000  0.000000e+000  0.000000e+000  0.000000e+000  0.000000e+000  0.000000e+000  0.000000e+000  0.000000e+000  0.000000e+000  0.000000e+000  0.000000e+000  0.000000e+000  0.000000e+000  0.000000e+000  
0.000000e+000  0.000000e+000  0.000000e+000  0.000000e+000  0.000000e+000  0.000000e+000  0.000000e+000  0.000000e+000  0.000000e+000  0.000000e+000  0.000000e+000  0.000000e+000  0.000000e+000  0.000000e+000  0.000000e+000  0.000000e+000  0.000000e+000  
0.000000e+000  0.000000e+000  0.000000e+000  0.000000e+000  0.000000e+000  0.000000e+000  0.000000e+000  0.000000e+000  0.000000e+000  0.000000e+000  0.000000e+000  0.000000e+000  0.000000e+000  0.000000e+000  0.000000e+000  0.000000e+000  0.000000e+000  
0.000000e+000  0.000000e+000  0.000000e+000  0.000000e+000  0.000000e+000  0.000000e+000  0.000000e+000  0.000000e+000  0.000000e+000  0.000000e+000  0.000000e+000  0.000000e+000  0.000000e+000  0.000000e+000  0.000000e+000  0.000000e+000  0.000000e+000  
0.000000e+000  0.000000e+000  0.000000e+000  0.000000e+000  0.000000e+000  0.000000e+000  0.000000e+000  0.000000e+000  0.000000e+000  0.000000e+000  0.000000e+000  0.000000e+000  0.000000e+000  0.000000e+000  0.000000e+000  0.000000e+000  0.000000e+000  
0.000000e+000  0.000000e+000  0.000000e+000  0.000000e+000  0.000000e+000  0.000000e+000  0.000000e+000  0.000000e+000  0.000000e+000  0.000000e+000  0.000000e+000  0.000000e+000  0.000000e+000  0.000000e+000  0.000000e+000  0.000000e+000  0.000000e+000  
0.000000e+000  0.000000e+000  0.000000e+000  0.000000e+000  0.000000e+000  0.000000e+000  0.000000e+000  0.000000e+000  0.000000e+000  0.000000e+000  0.000000e+000  0.000000e+000  0.000000e+000  0.000000e+000  0.000000e+000  0.000000e+000  0.000000e+000  
0.000000e+000  0.000000e+000  0.000000e+000  0.000000e+000  0.000000e+000  0.000000e+000  0.000000e+000  0.000000e+000  0.000000e+000  0.000000e+000  0.000000e+000  0.000000e+000  0.000000e+000  0.000000e+000  0.000000e+000  0.000000e+000  0.000000e+000  
0.000000e+000  0.000000e+000  0.000000e+000  0.000000e+000  0.000000e+000  0.000000e+000  0.000000e+000  0.000000e+000  0.000000e+000  0.000000e+000  0.000000e+000  0.000000e+000  0.000000e+000  0.000000e+000  0.000000e+000  0.000000e+000  0.000000e+000  
0.000000e+000  0.000000e+000  0.000000e+000  0.000000e+000  0.000000e+000  0.000000e+000  0.000000e+000  0.000000e+000  0.000000e+000  0.000000e+000  0.000000e+000  0.000000e+000  0.000000e+000  0.000000e+000  0.000000e+000  0.000000e+000  0.000000e+000  

0.000000e+000  0.000000e+000  0.000000e+000  0.000000e+000  0.000000e+000  0.000000e+000  0.000000e+000  0.000000e+000  0.000000e+000  0.000000e+000  0.000000e+000  0.000000e+000  0.000000e+000  0.000000e+000  0.000000e+000  0.000000e+000  0.000000e+000  
0.000000e+000  0.000000e+000  0.000000e+000  0.000000e+000  0.000000e+000  0.000000e+000  0.000000e+000  0.000000e+000  0.000000e+000  0.000000e+000  0.000000e+000  0.000000e+000  0.000000e+000  0.000000e+000  0.000000e+000  0.000000e+000  0.000000e+000  
0.000000e+000  0.000000e+000  0.000000e+000  0.000000e+000  0.000000e+000  0.000000e+000  0.000000e+000  0.000000e+000  0.000000e+000  0.000000e+000  0.000000e+000  0.000000e+000  0.000000e+000  0.000000e+000  0.000000e+000  0.000000e+000  0.000000e+000  
0.000000e+000  0.000000e+000  0.000000e+000  0.000000e+000  0.000000e+000  0.000000e+000  0.000000e+000  0.000000e+000  0.000000e+000  0.000000e+000  0.000000e+000  0.000000e+000  0.000000e+000  0.000000e+000  0.000000e+000  0.000000e+000  0.000000e+000  
0.000000e+000  0.000000e+000  0.000000e+000  0.000000e+000  0.000000e+000  0.000000e+000  0.000000e+000  0.000000e+000  0.000000e+000  0.000000e+000  0.000000e+000  0.000000e+000  0.000000e+000  0.000000e+000  0.000000e+000  0.000000e+000  0.000000e+000  
0.000000e+000  0.000000e+000  0.000000e+000  0.000000e+000  0.000000e+000  0.000000e+000  0.000000e+000  0.000000e+000  0.000000e+000  0.000000e+000  0.000000e+000  0.000000e+000  0.000000e+000  0.000000e+000  0.000000e+000  0.000000e+000  0.000000e+000  
0.000000e+000  0.000000e+000  0.000000e+000  0.000000e+000  0.000000e+000  0.000000e+000  0.000000e+000  0.000000e+000  0.000000e+000  0.000000e+000  0.000000e+000  0.000000e+000  0.000000e+000  0.000000e+000  0.000000e+000  0.000000e+000  0.000000e+000  
0.000000e+000  0.000000e+000  0.000000e+000  0.000000e+000  0.000000e+000  0.000000e+000  0.000000e+000  0.000000e+000  0.000000e+000  0.000000e+000  0.000000e+000  0.000000e+000  0.000000e+000  0.000000e+000  0.000000e+000  0.000000e+000  0.000000e+000  
0.000000e+000  0.000000e+000  0.000000e+000  0.000000e+000  0.000000e+000  0.000000e+000  0.000000e+000  0.000000e+000  0.000000e+000  0.000000e+000  0.000000e+000  0.000000e+000  0.000000e+000  0.000000e+000  0.000000e+000  0.000000e+000  0.000000e+000  
0.000000e+000  0.000000e+000  0.000000e+000  0.000000e+000  0.000000e+000  0.000000e+000  0.000000e+000  0.000000e+000  0.000000e+000  0.000000e+000  0.000000e+000  0.000000e+000  0.000000e+000  0.000000e+000  0.000000e+000  0.000000e+000  0.000000e+000  
0.000000e+000  0.000000e+000  0.000000e+000  0.000000e+000  0.000000e+000  0.000000e+000  0.000000e+000  0.000000e+000  0.000000e+000  0.000000e+000  0.000000e+000  0.000000e+000  0.000000e+000  0.000000e+000  0.000000e+000  0.000000e+000  0.000000e+000  
0.000000e+000  0.000000e+000  0.000000e+000  0.000000e+000  0.000000e+000  0.000000e+000  0.000000e+000  0.000000e+000  0.000000e+000  0.000000e+000  0.000000e+000  0.000000e+000  0.000000e+000  0.000000e+000  0.000000e+000  0.000000e+000  0.000000e+000  
0.000000e+000  0.000000e+000  0.000000e+000  0.000000e+000  0.000000e+000  0.000000e+000  0.000000e+000  0.000000e+000  0.000000e+000  0.000000e+000  0.000000e+000  0.000000e+000  0.000000e+000  0.000000e+000  0.000000e+000  0.000000e+000  0.000000e+000  
0.000000e+000  0.000000e+000  0.000000e+000  0.000000e+000  0.000000e+000  0.000000e+000  0.000000e+000  0.000000e+000  0.000000e+000  0.000000e+000  0.000000e+000  0.000000e+000  0.000000e+000  0.000000e+000  0.000000e+000  0.000000e+000  0.000000e+000  
0.000000e+000  0.000000e+000  0.000000e+000  0.000000e+000  0.000000e+000  0.000000e+000  0.000000e+000  0.000000e+000  0.000000e+000  0.000000e+000  0.000000e+000  0.000000e+000  0.000000e+000  0.000000e+000  0.000000e+000  0.000000e+000  0.000000e+000  
0.000000e+000  0.000000e+000  0.000000e+000  0.000000e+000  0.000000e+000  0.000000e+000  0.000000e+000  0.000000e+000  0.000000e+000  0.000000e+000  0.000000e+000  0.000000e+000  0.000000e+000  0.000000e+000  0.000000e+000  0.000000e+000  0.000000e+000  
0.000000e+000  0.000000e+000  0.000000e+000  0.000000e+000  0.000000e+000  0.000000e+000  0.000000e+000  0.000000e+000  0.000000e+000  0.000000e+000  0.000000e+000  0.000000e+000  0.000000e+000  0.000000e+000  0.000000e+000  0.000000e+000  0.000000e+000  
0.000000e+000  0.000000e+000  0.000000e+000  0.000000e+000  0.000000e+000  0.000000e+000  0.000000e+000  0.000000e+000  0.000000e+000  0.000000e+000  0.000000e+000  0.000000e+000  0.000000e+000  0.000000e+000  0.000000e+000  0.000000e+000  0.000000e+000  
0.000000e+000  0.000000e+000  0.000000e+000  0.000000e+000  0.000000e+000  0.000000e+000  0.000000e+000  0.000000e+000  0.000000e+000  0.000000e+000  0.000000e+000  0.000000e+000  0.000000e+000  0.000000e+000  0.000000e+000  0.000000e+000  0.000000e+000  
0.000000e+000  0.000000e+000  0.000000e+000  0.000000e+000  0.000000e+000  0.000000e+000  0.000000e+000  0.000000e+000  0.000000e+000  0.000000e+000  0.000000e+000  0.000000e+000  0.000000e+000  0.000000e+000  0.000000e+000  0.000000e+000  0.000000e+000  
0.000000e+000  0.000000e+000  0.000000e+000  0.000000e+000  0.000000e+000  0.000000e+000  0.000000e+000  0.000000e+000  0.000000e+000  0.000000e+000  0.000000e+000  0.000000e+000  0.000000e+000  0.000000e+000  0.000000e+000  0.000000e+000  0.000000e+000  
0.000000e+000  0.000000e+000  0.000000e+000  0.000000e+000  0.000000e+000  0.000000e+000  0.000000e+000  0.000000e+000  0.000000e+000  0.000000e+000  0.000000e+000  0.000000e+000  0.000000e+000  0.000000e+000  0.000000e+000  0.000000e+000  0.000000e+000  
0.000000e+000  0.000000e+000  0.000000e+000  0.000000e+000  0.000000e+000  0.000000e+000  0.000000e+000  0.000000e+000  0.000000e+000  0.000000e+000  0.000000e+000  0.000000e+000  0.000000e+000  0.000000e+000  0.000000e+000  0.000000e+000  0.000000e+000  
0.000000e+000  0.000000e+000  0.000000e+000  0.000000e+000  0.000000e+000  0.000000e+000  0.000000e+000  0.000000e+000  0.000000e+000  0.000000e+000  0.000000e+000  0.000000e+000  0.000000e+000  0.000000e+000  0.000000e+000  0.000000e+000  0.000000e+000  
0.000000e+000  0.000000e+000  0.000000e+000  0.000000e+000  0.000000e+000  0.000000e+000  0.000000e+000  0.000000e+000  0.000000e+000  0.000000e+000  0.000000e+000  0.000000e+000  0.000000e+000  0.000000e+000  0.000000e+000  0.000000e+000  0.000000e+000  
0.000000e+000  0.000000e+000  0.000000e+000  0.000000e+000  0.000000e+000  0.000000e+000  0.000000e+000  0.000000e+000  0.000000e+000  0.000000e+000  0.000000e+000  0.000000e+000  0.000000e+000  0.000000e+000  0.000000e+000  0.000000e+000  0.000000e+000  
0.000000e+000  0.000000e+000  0.000000e+000  0.000000e+000  0.000000e+000  0.000000e+000  0.000000e+000  0.000000e+000  0.000000e+000  0.000000e+000  0.000000e+000  0.000000e+000  0.000000e+000  0.000000e+000  0.000000e+000  0.000000e+000  0.000000e+000  
0.000000e+000  0.000000e+000  0.000000e+000  0.000000e+000  0.000000e+000  0.000000e+000  0.000000e+000  0.000000e+000  0.000000e+000  0.000000e+000  0.000000e+000  0.000000e+000  0.000000e+000  0.000000e+000  0.000000e+000  0.000000e+000  0.000000e+000  
0.000000e+000  0.000000e+000  0.000000e+000  0.000000e+000  0.000000e+000  0.000000e+000  0.000000e+000  0.000000e+000  0.000000e+000  0.000000e+000  0.000000e+000  0.000000e+000  0.000000e+000  0.000000e+000  0.000000e+000  0.000000e+000  0.000000e+000  
0.000000e+000  0.000000e+000  0.000000e+000  0.000000e+000  0.000000e+000  0.000000e+000  0.000000e+000  0.000000e+000  0.000000e+000  0.000000e+000  0.000000e+000  0.000000e+000  0.000000e+000  0.000000e+000  0.000000e+000  0.000000e+000  0.000000e+000  
0.000000e+000  0.000000e+000  0.000000e+000  0.000000e+000  0.000000e+000  0.000000e+000  0.000000e+000  0.000000e+000  0.000000e+000  0.000000e+000  0.000000e+000  0.000000e+000  0.000000e+000  0.000000e+000  0.000000e+000  0.000000e+000  0.000000e+000  
0.000000e+000  0.000000e+000  0.000000e+000  0.000000e+000  0.000000e+000  0.000000e+000  0.000000e+000  0.000000e+000  0.000000e+000  0.000000e+000  0.000000e+000  0.000000e+000  0.000000e+000  0.000000e+000  0.000000e+000  0.000000e+000  0.000000e+000  
0.000000e+000  0.000000e+000  0.000000e+000  0.000000e+000  0.000000e+000  0.000000e+000  0.000000e+000  0.000000e+000  0.000000e+000  0.000000e+000  0.000000e+000  0.000000e+000  0.000000e+000  0.000000e+000  0.000000e+000  0.000000e+000  0.000000e+000  
0.000000e+000  0.000000e+000  0.000000e+000  0.000000e+000  0.000000e+000  0.000000e+000  0.000000e+000  0.000000e+000  0.000000e+000  0.000000e+000  0.000000e+000  0.000000e+000  0.000000e+000  0.000000e+000  0.000000e+000  0.000000e+000  0.000000e+000  
0.000000e+000  0.000000e+000  0.000000e+000  0.000000e+000  0.000000e+000  0.000000e+000  0.000000e+000  0.000000e+000  0.000000e+000  0.000000e+000  0.000000e+000  0.000000e+000  0.000000e+000  0.000000e+000  0.000000e+000  0.000000e+000  0.000000e+000  

0.000000e+000  0.000000e+000  0.000000e+000  0.000000e+000  0.000000e+000  0.000000e+000  0.000000e+000  0.000000e+000  0.000000e+000  0.000000e+000  0.000000e+000  0.000000e+000  0.000000e+000  0.000000e+000  0.000000e+000  0.000000e+000  0.000000e+000  
0.000000e+000  0.000000e+000  0.000000e+000  0.000000e+000  0.000000e+000  0.000000e+000  0.000000e+000  0.000000e+000  0.000000e+000  0.000000e+000  0.000000e+000  0.000000e+000  0.000000e+000  0.000000e+000  0.000000e+000  0.000000e+000  0.000000e+000  
0.000000e+000  0.000000e+000  0.000000e+000  0.000000e+000  0.000000e+000  0.000000e+000  0.000000e+000  0.000000e+000  0.000000e+000  0.000000e+000  0.000000e+000  0.000000e+000  0.000000e+000  0.000000e+000  0.000000e+000  0.000000e+000  0.000000e+000  
0.000000e+000  0.000000e+000  0.000000e+000  0.000000e+000  0.000000e+000  0.000000e+000  0.000000e+000  0.000000e+000  0.000000e+000  0.000000e+000  0.000000e+000  0.000000e+000  0.000000e+000  0.000000e+000  0.000000e+000  0.000000e+000  0.000000e+000  
0.000000e+000  0.000000e+000  0.000000e+000  0.000000e+000  0.000000e+000  0.000000e+000  0.000000e+000  0.000000e+000  0.000000e+000  0.000000e+000  0.000000e+000  0.000000e+000  0.000000e+000  0.000000e+000  0.000000e+000  0.000000e+000  0.000000e+000  
0.000000e+000  0.000000e+000  0.000000e+000  0.000000e+000  0.000000e+000  0.000000e+000  0.000000e+000  0.000000e+000  0.000000e+000  0.000000e+000  0.000000e+000  0.000000e+000  0.000000e+000  0.000000e+000  0.000000e+000  0.000000e+000  0.000000e+000  
0.000000e+000  0.000000e+000  0.000000e+000  0.000000e+000  0.000000e+000  0.000000e+000  0.000000e+000  0.000000e+000  0.000000e+000  0.000000e+000  0.000000e+000  0.000000e+000  0.000000e+000  0.000000e+000  0.000000e+000  0.000000e+000  0.000000e+000  
0.000000e+000  0.000000e+000  0.000000e+000  0.000000e+000  0.000000e+000  0.000000e+000  0.000000e+000  0.000000e+000  0.000000e+000  0.000000e+000  0.000000e+000  0.000000e+000  0.000000e+000  0.000000e+000  0.000000e+000  0.000000e+000  0.000000e+000  
0.000000e+000  0.000000e+000  0.000000e+000  0.000000e+000  0.000000e+000  0.000000e+000  0.000000e+000  0.000000e+000  0.000000e+000  0.000000e+000  0.000000e+000  0.000000e+000  0.000000e+000  0.000000e+000  0.000000e+000  0.000000e+000  0.000000e+000  
0.000000e+000  0.000000e+000  0.000000e+000  0.000000e+000  0.000000e+000  0.000000e+000  0.000000e+000  0.000000e+000  0.000000e+000  0.000000e+000  0.000000e+000  0.000000e+000  0.000000e+000  0.000000e+000  0.000000e+000  0.000000e+000  0.000000e+000  
0.000000e+000  0.000000e+000  0.000000e+000  0.000000e+000  0.000000e+000  0.000000e+000  0.000000e+000  0.000000e+000  0.000000e+000  0.000000e+000  0.000000e+000  0.000000e+000  0.000000e+000  0.000000e+000  0.000000e+000  0.000000e+000  0.000000e+000  
0.000000e+000  0.000000e+000  0.000000e+000  0.000000e+000  0.000000e+000  0.000000e+000  0.000000e+000  0.000000e+000  0.000000e+000  0.000000e+000  0.000000e+000  0.000000e+000  0.000000e+000  0.000000e+000  0.000000e+000  0.000000e+000  0.000000e+000  
0.000000e+000  0.000000e+000  0.000000e+000  0.000000e+000  0.000000e+000  0.000000e+000  0.000000e+000  0.000000e+000  0.000000e+000  0.000000e+000  0.000000e+000  0.000000e+000  0.000000e+000  0.000000e+000  0.000000e+000  0.000000e+000  0.000000e+000  
0.000000e+000  0.000000e+000  0.000000e+000  0.000000e+000  0.000000e+000  0.000000e+000  0.000000e+000  0.000000e+000  0.000000e+000  0.000000e+000  0.000000e+000  0.000000e+000  0.000000e+000  0.000000e+000  0.000000e+000  0.000000e+000  0.000000e+000  
0.000000e+000  0.000000e+000  0.000000e+000  0.000000e+000  0.000000e+000  0.000000e+000  0.000000e+000  0.000000e+000  0.000000e+000  0.000000e+000  0.000000e+000  0.000000e+000  0.000000e+000  0.000000e+000  0.000000e+000  0.000000e+000  0.000000e+000  
0.000000e+000  0.000000e+000  0.000000e+000  0.000000e+000  0.000000e+000  0.000000e+000  0.000000e+000  0.000000e+000  0.000000e+000  0.000000e+000  0.000000e+000  0.000000e+000  0.000000e+000  0.000000e+000  0.000000e+000  0.000000e+000  0.000000e+000  
0.000000e+000  0.000000e+000  0.000000e+000  0.000000e+000  0.000000e+000  0.000000e+000  0.000000e+000  0.000000e+000  0.000000e+000  0.000000e+000  0.000000e+000  0.000000e+000  0.000000e+000  0.000000e+000  0.000000e+000  0.000000e+000  0.000000e+000  
0.000000e+000  0.000000e+000  0.000000e+000  0.000000e+000  0.000000e+000  0.000000e+000  0.000000e+000  0.000000e+000  0.000000e+000  0.000000e+000  0.000000e+000  0.000000e+000  0.000000e+000  0.000000e+000  0.000000e+000  0.000000e+000  0.000000e+000  
0.000000e+000  0.000000e+000  0.000000e+000  0.000000e+000  0.000000e+000  0.000000e+000  0.000000e+000  0.000000e+000  0.000000e+000  0.000000e+000  0.000000e+000  0.000000e+000  0.000000e+000  0.000000e+000  0.000000e+000  0.000000e+000  0.000000e+000  
0.000000e+000  0.000000e+000  0.000000e+000  0.000000e+000  0.000000e+000  0.000000e+000  0.000000e+000  0.000000e+000  0.000000e+000  0.000000e+000  0.000000e+000  0.000000e+000  0.000000e+000  0.000000e+000  0.000000e+000  0.000000e+000  0.000000e+000  
0.000000e+000  0.000000e+000  0.000000e+000  0.000000e+000  0.000000e+000  0.000000e+000  0.000000e+000  0.000000e+000  0.000000e+000  0.000000e+000  0.000000e+000  0.000000e+000  0.000000e+000  0.000000e+000  0.000000e+000  0.000000e+000  0.000000e+000  
0.000000e+000  0.000000e+000  0.000000e+000  0.000000e+000  0.000000e+000  0.000000e+000  0.000000e+000  0.000000e+000  0.000000e+000  0.000000e+000  0.000000e+000  0.000000e+000  0.000000e+000  0.000000e+000  0.000000e+000  0.000000e+000  0.000000e+000  
0.000000e+000  0.000000e+000  0.000000e+000  0.000000e+000  0.000000e+000  0.000000e+000  0.000000e+000  0.000000e+000  0.000000e+000  0.000000e+000  0.000000e+000  0.000000e+000  0.000000e+000  0.000000e+000  0.000000e+000  0.000000e+000  0.000000e+000  
0.000000e+000  0.000000e+000  0.000000e+000  0.000000e+000  0.000000e+000  0.000000e+000  0.000000e+000  0.000000e+000  0.000000e+000  0.000000e+000  0.000000e+000  0.000000e+000  0.000000e+000  0.000000e+000  0.000000e+000  0.000000e+000  0.000000e+000  
0.000000e+000  0.000000e+000  0.000000e+000  0.000000e+000  0.000000e+000  0.000000e+000  0.000000e+000  0.000000e+000  0.000000e+000  0.000000e+000  0.000000e+000  0.000000e+000  0.000000e+000  0.000000e+000  0.000000e+000  0.000000e+000  0.000000e+000  
0.000000e+000  0.000000e+000  0.000000e+000  0.000000e+000  0.000000e+000  0.000000e+000  0.000000e+000  0.000000e+000  0.000000e+000  0.000000e+000  0.000000e+000  0.000000e+000  0.000000e+000  0.000000e+000  0.000000e+000  0.000000e+000  0.000000e+000  
0.000000e+000  0.000000e+000  0.000000e+000  0.000000e+000  0.000000e+000  0.000000e+000  0.000000e+000  0.000000e+000  0.000000e+000  0.000000e+000  0.000000e+000  0.000000e+000  0.000000e+000  0.000000e+000  0.000000e+000  0.000000e+000  0.000000e+000  
0.000000e+000  0.000000e+000  0.000000e+000  0.000000e+000  0.000000e+000  0.000000e+000  0.000000e+000  0.000000e+000  0.000000e+000  0.000000e+000  0.000000e+000  0.000000e+000  0.000000e+000  0.000000e+000  0.000000e+000  0.000000e+000  0.000000e+000  
0.000000e+000  0.000000e+000  0.000000e+000  0.000000e+000  0.000000e+000  0.000000e+000  0.000000e+000  0.000000e+000  0.000000e+000  0.000000e+000  0.000000e+000  0.000000e+000  0.000000e+000  0.000000e+000  0.000000e+000  0.000000e+000  0.000000e+000  
0.000000e+000  0.000000e+000  0.000000e+000  0.000000e+000  0.000000e+000  0.000000e+000  0.000000e+000  0.000000e+000  0.000000e+000  0.000000e+000  0.000000e+000  0.000000e+000  0.000000e+000  0.000000e+000  0.000000e+000  0.000000e+000  0.000000e+000  
0.000000e+000  0.000000e+000  0.000000e+000  0.000000e+000  0.000000e+000  0.000000e+000  0.000000e+000  0.000000e+000  0.000000e+000  0.000000e+000  0.000000e+000  0.000000e+000  0.000000e+000  0.000000e+000  0.000000e+000  0.000000e+000  0.000000e+000  
0.000000e+000  0.000000e+000  0.000000e+000  0.000000e+000  0.000000e+000  0.000000e+000  0.000000e+000  0.000000e+000  0.000000e+000  0.000000e+000  0.000000e+000  0.000000e+000  0.000000e+000  0.000000e+000  0.000000e+000  0.000000e+000  0.000000e+000  
0.000000e+000  0.000000e+000  0.000000e+000  0.000000e+000  0.000000e+000  0.000000e+000  0.000000e+000  0.000000e+000  0.000000e+000  0.000000e+000  0.000000e+000  0.000000e+000  0.000000e+000  0.000000e+000  0.000000e+000  0.000000e+000  0.000000e+000  
0.000000e+000  0.000000e+000  0.000000e+000  0.000000e+000  0.000000e+000  0.000000e+000  0.000000e+000  0.000000e+000  0.000000e+000  0.000000e+000  0.000000e+000  0.000000e+000  0.000000e+000  0.000000e+000  0.000000e+000  0.000000e+000  0.000000e+000  
0.000000e+000  0.000000e+000  0.000000e+000  0.000000e+000  0.000000e+000  0.000000e+000  0.000000e+000  0.000000e+000  0.000000e+000  0.000000e+000  0.000000e+000  0.000000e+000  0.000000e+000  0.000000e+000  0.000000e+000  0.000000e+000  0.000000e+000  

-8.887661e-002  -8.837682e-002  -8.738136e-002  -8.589873e-002  -8.364023e-002  -8.066272e-002  -7.733043e-002  -7.370842e-002  -6.986171e-002  -6.585290e-002  -6.174017e-002  -5.757582e-002  -5.132005e-002  -4.318326e-002  -2.951595e-002  -9.865581e-003  -0.000000e+000  
-2.824424e-001  -2.808076e-001  -2.775426e-001  -2.726587e-001  -2.647672e-001  -2.540453e-001  -2.421732e-001  -2.294238e-001  -2.160607e-001  -2.023271e-001  -1.884393e-001  -1.745817e-001  -1.540677e-001  -1.281522e-001  -8.578929e-002  -2.811432e-002  -0.000000e+000  
-5.042198e-001  -5.014442e-001  -4.958213e-001  -4.872257e-001  -4.704998e-001  -4.459361e-001  -4.193756e-001  -3.916110e-001  -3.633486e-001  -3.351812e-001  -3.075782e-001  -2.808892e-001  -2.425888e-001  -1.970340e-001  -1.265719e-001  -3.999809e-002  -0.000000e+000  
-6.955056e-001  -6.931790e-001  -6.881162e-001  -6.795621e-001  -6.526114e-001  -6.075937e-001  -5.604867e-001  -5.130552e-001  -4.666693e-001  -4.222912e-001  -3.805229e-001  -3.416802e-001  -2.879600e-001  -2.281833e-001  -1.409376e-001  -4.318365e-002  -0.000000e+000  
-8.342832e-001  -8.345255e-001  -8.340243e-001  -8.309067e-001  -7.953260e-001  -7.276376e-001  -6.589993e-001  -5.923180e-001  -5.294702e-001  -4.714616e-001  -4.186709e-001  -3.710729e-001  -3.070712e-001  -2.391299e-001  -1.438349e-001  -4.319245e-002  -0.000000e+000  
-9.288796e-001  -9.347088e-001  -9.445999e-001  -9.549573e-001  -9.122249e-001  -8.170218e-001  -7.244071e-001  -6.384317e-001  -5.608544e-001  -4.919855e-001  -4.313818e-001  -3.782801e-001  -3.086017e-001  -2.372975e-001  -1.401570e-001  -4.153522e-002  -0.000000e+000  
-9.769678e-001  -9.874517e-001  -1.006264e+000  -1.028675e+000  -9.816937e-001  -8.664305e-001  -7.575317e-001  -6.594366e-001  -5.732804e-001  -4.985208e-001  -4.339639e-001  -3.782767e-001  -3.061635e-001  -2.337872e-001  -1.367085e-001  -4.021949e-002  -0.000000e+000  
-1.015835e+000  -1.032808e+000  -1.064567e+000  -1.105446e+000  -1.053915e+000  -9.124011e-001  -7.841783e-001  -6.731226e-001  -5.786696e-001  -4.987431e-001  -4.310585e-001  -3.735693e-001  -3.000619e-001  -2.276129e-001  -1.318385e-001  -3.851950e-002  -0.000000e+000  
-1.039936e+000  -1.065259e+000  -1.114786e+000  -1.183405e+000  -1.126649e+000  -9.503842e-001  -8.001535e-001  -6.764117e-001  -5.749526e-001  -4.913013e-001  -4.217845e-001  -3.635753e-001  -2.899955e-001  -2.186345e-001  -1.255232e-001  -3.643790e-002  -0.000000e+000  
-1.041785e+000  -1.074882e+000  -1.142904e+000  -1.245580e+000  -1.182947e+000  -9.684371e-001  -7.994350e-001  -6.673211e-001  -5.624066e-001  -4.776130e-001  -4.080782e-001  -3.504158e-001  -2.780888e-001  -2.087152e-001  -1.190352e-001  -3.438490e-002  -0.000000e+000  
-1.030367e+000  -1.069008e+000  -1.152000e+000  -1.288630e+000  -1.219401e+000  -9.697045e-001  -7.881204e-001  -6.521245e-001  -5.465107e-001  -4.622219e-001  -3.936598e-001  -3.371418e-001  -2.665962e-001  -1.994320e-001  -1.131761e-001  -3.257034e-002  -0.000000e+000  
-1.003906e+000  -1.045884e+000  -1.140252e+000  -1.314273e+000  -1.235336e+000  -9.509411e-001  -7.634556e-001  -6.280823e-001  -5.244422e-001  -4.423027e-001  -3.757898e-001  -3.211599e-001  -2.531958e-001  -1.888601e-001  -1.066926e-001  -3.059825e-002  -0.000000e+000  
-9.611188e-001  -1.002412e+000  -1.097626e+000  -1.295850e+000  -1.203413e+000  -9.035033e-001  -7.234741e-001  -5.947797e-001  -4.961396e-001  -4.178775e-001  -3.545093e-001  -3.025137e-001  -2.379280e-001  -1.770336e-001  -9.960711e-002  -2.847566e-002  -0.000000e+000  
-8.979545e-001  -9.332768e-001  -1.009057e+000  -1.133483e+000  -1.013278e+000  -8.143879e-001  -6.643485e-001  -5.496172e-001  -4.594161e-001  -3.870473e-001  -3.281604e-001  -2.797533e-001  -2.196136e-001  -1.630476e-001  -9.138607e-002  -2.604459e-002  -0.000000e+000  
-8.123918e-001  -8.387230e-001  -8.895721e-001  -9.510937e-001  -8.115406e-001  -7.003453e-001  -5.876082e-001  -4.919848e-001  -4.133933e-001  -3.489979e-001  -2.960514e-001  -2.523067e-001  -1.978350e-001  -1.466199e-001  -8.189826e-002  -2.327365e-002  -0.000000e+000  
-6.637964e-001  -6.780141e-001  -7.019919e-001  -7.240887e-001  -5.808731e-001  -5.307561e-001  -4.628447e-001  -3.958545e-001  -3.362923e-001  -2.854307e-001  -2.426817e-001  -2.069434e-001  -1.621587e-001  -1.199472e-001  -6.670424e-002  -1.888143e-002  -0.000000e+000  
-2.817172e-001  -2.839853e-001  -2.874370e-001  -2.901308e-001  -2.102317e-001  -1.999714e-001  -1.826159e-001  -1.622744e-001  -1.417472e-001  -1.225748e-001  -1.054335e-001  -9.049227e-002  -7.123599e-002  -5.266374e-002  -2.908858e-002  -8.170792e-003  -0.000000e+000  
2.817172e-001  2.839853e-001  2.874370e-001  2.901308e-001  2.102317e-001  1.999714e-001  1.826159e-001  1.622744e-001  1.417472e-001  1.225748e-001  1.054335e-001  9.049227e-002  7.123599e-002  5.266374e-002  2.908858e-002  8.170792e-003  -0.000000e+000  
6.637964e-001  6.780141e-001  7.019919e-001  7.240887e-001  5.808731e-001  5.307561e-001  4.628447e-001  3.958545e-001  3.362923e-001  2.854307e-001  2.426817e-001  2.069434e-001  1.621587e-001  1.199472e-001  6.670424e-002  1.888143e-002  -0.000000e+000  
8.123918e-001  8.387230e-001  8.895721e-001  9.510937e-001  8.115406e-001  7.003453e-001  5.876082e-001  4.919848e-001  4.133933e-001  3.489979e-001  2.960514e-001  2.523067e-001  1.978350e-001  1.466199e-001  8.189826e-002  2.327365e-002  -0.000000e+000  
8.979545e-001  9.332768e-001  1.009057e+000  1.133483e+000  1.013278e+000  8.143879e-001  6.643485e-001  5.496172e-001  4.594161e-001  3.870473e-001  3.281604e-001  2.797533e-001  2.196136e-001  1.630476e-001  9.138607e-002  2.604459e-002  -0.000000e+000  
9.611188e-001  1.002412e+000  1.097626e+000  1.295850e+000  1.203413e+000  9.035033e-001  7.234741e-001  5.947797e-001  4.961396e-001  4.178775e-001  3.545093e-001  3.025137e-001  2.379280e-001  1.770336e-001  9.960711e-002  2.847566e-002  -0.000000e+000  
1.003906e+000  1.045884e+000  1.140252e+000  1.314273e+000  1.235336e+000  9.509411e-001  7.634556e-001  6.280823e-001  5.244422e-001  4.423027e-001  3.757898e-001  3.211599e-001  2.531958e-001  1.888601e-001  1.066926e-001  3.059825e-002  -0.000000e+000  
1.030367e+000  1.069008e+000  1.152000e+000  1.288630e+000  1.219401e+000  9.697045e-001  7.881204e-001  6.521245e-001  5.465107e-001  4.622219e-001  3.936598e-001  3.371418e-001  2.665962e-001  1.994320e-001  1.131761e-001  3.257034e-002  -0.000000e+000  
1.041785e+000  1.074882e+000  1.142904e+000  1.245580e+000  1.182947e+000  9.684371e-001  7.994350e-001  6.673211e-001  5.624066e-001  4.776130e-001  4.080782e-001  3.504158e-001  2.780888e-001  2.087152e-001  1.190352e-001  3.438490e-002  -0.000000e+000  
1.039936e+000  1.065259e+000  1.114786e+000  1.183405e+000  1.126649e+000  9.503842e-001  8.001535e-001  6.764117e-001  5.749526e-001  4.913013e-001  4.217845e-001  3.635753e-001  2.899955e-001  2.186345e-001  1.255232e-001  3.643790e-002  -0.000000e+000  
1.015835e+000  1.032808e+000  1.064567e+000  1.105446e+000  1.053915e+000  9.124011e-001  7.841783e-001  6.731226e-001  5.786696e-001  4.987431e-001  4.310585e-001  3.735693e-001  3.000619e-001  2.276129e-001  1.318385e-001  3.851950e-002  -0.000000e+000  
9.769678e-001  9.874517e-001  1.006264e+000  1.028675e+000  9.816937e-001  8.664305e-001  7.575317e-001  6.594366e-001  5.732804e-001  4.985208e-001  4.339639e-001  3.782767e-001  3.061635e-001  2.337872e-001  1.367085e-001  4.021949e-002  -0.000000e+000  
9.288796e-001  9.347088e-001  9.445999e-001  9.549573e-001  9.122249e-001  8.170218e-001  7.244071e-001  6.384317e-001  5.608544e-001  4.919855e-001  4.313818e-001  3.782801e-001  3.086017e-001  2.372975e-001  1.401570e-001  4.153522e-002  -0.000000e+000  
8.342832e-001  8.345255e-001  8.340243e-001  8.309067e-001  7.953260e-001  7.276376e-001  6.589993e-001  5.923180e-001  5.294702e-001  4.714616e-001  4.186709e-001  3.710729e-001  3.070712e-001  2.391299e-001  1.438349e-001  4.319245e-002  -0.000000e+000  
6.955056e-001  6.931790e-001  6.881162e-001  6.795621e-001  6.526114e-001  6.075937e-001  5.604867e-001  5.130552e-001  4.666693e-001  4.222912e-001  3.805229e-001  3.416802e-001  2.879600e-001  2.281833e-001  1.409376e-001  4.318365e-002  -0.000000e+000  
5.042198e-001  5.014442e-001  4.958213e-001  4.872257e-001  4.704998e-001  4.459361e-001  4.193756e-001  3.916110e-001  3.633486e-001  3.351812e-001  3.075782e-001  2.808892e-001  2.425888e-001  1.970340e-001  1.265719e-001  3.999809e-002  -0.000000e+000  
2.824424e-001  2.808076e-001  2.775426e-001  2.726587e-001  2.647672e-001  2.540453e-001  2.421732e-001  2.294238e-001  2.160607e-001  2.023271e-001  1.884393e-001  1.745817e-001  1.540677e-001  1.281522e-001  8.578929e-002  2.811432e-002  -0.000000e+000  
8.887661e-002  8.837681e-002  8.738136e-002  8.589873e-002  8.364023e-002  8.066272e-002  7.733043e-002  7.370842e-002  6.986171e-002  6.585290e-002  6.174017e-002  5.757582e-002  5.132005e-002  4.318326e-002  2.951595e-002  9.865581e-003  -0.000000e+000  
-0.000000e+000  -0.000000e+000  -0.000000e+000  -0.000000e+000  -0.000000e+000  -0.000000e+000  -0.000000e+000  -0.000000e+000  -0.000000e+000  -0.000000e+000  -0.000000e+000  -0.000000e+000  -0.000000e+000  -0.000000e+000  -0.000000e+000  -0.000000e+000  -0.000000e+000  

