2025-10-22 16:57:13   Build version: 2025.4 Release from 2025-04-11 (change 1409410)

2025-10-22 16:57:13   Starting adaptive port meshing.

                      ------------------------------------------------------------------------------
2025-10-22 16:57:13   Mode calculation for port 1:

                      ------------------------------------------------------------------------------
2025-10-22 16:57:13   According to the selected features the <Time Domain Solver (HEX)> will be
                      started.

                      ------------------------------------------------------------------------------
2025-10-22 16:57:13   

                      ------------------------------------------------------------------------------
2025-10-22 16:57:13   

                      ------------------------------------------------------------------------------
2025-10-22 16:57:18   Using Generalized port mode solver.

                      ------------------------------------------------------------------------------
2025-10-22 16:57:18   Using electric shielding for port 1.

                      ------------------------------------------------------------------------------
2025-10-22 16:57:19   Port mode solver: Detected dispersive material(s) at port 1. 
                      Using a constant approximation of dispersive material(s) at 2.4 GHz and neglecting loss terms.  More...

                      ------------------------------------------------------------------------------
2025-10-22 16:57:20     -------------------------------- F-Calc 2.4 --------------------------------
                        Port   Mode   Type        Z-Wave        Z-Wave-Sigma  Z-Line        F-Cutoff
                        1      1      QTEM        208           5.56e-009     48.7          ---
                        ----------------------------------------------------------------------------

2025-10-22 16:57:21   Pass 1 successfully completed. 
2025-10-22 16:57:21   According to the selected features the <Time Domain Solver (HEX)> will be
                      started.

                      ------------------------------------------------------------------------------
2025-10-22 16:57:22   

                      ------------------------------------------------------------------------------
2025-10-22 16:57:22   

                      ------------------------------------------------------------------------------
2025-10-22 16:57:28     -------------------------------- F-Calc 2.4 --------------------------------
                        Port   Mode   Type        Z-Wave        Z-Wave-Sigma  Z-Line        F-Cutoff
                        1      1      QTEM        247           6.23e-008     48.9          ---
                        ----------------------------------------------------------------------------

2025-10-22 16:57:30   Pass 2 successfully completed. Delta (Line Imp.): 0.44%
2025-10-22 16:57:30   According to the selected features the <Time Domain Solver (HEX)> will be
                      started.

                      ------------------------------------------------------------------------------
2025-10-22 16:57:30   

                      ------------------------------------------------------------------------------
2025-10-22 16:57:30   

                      ------------------------------------------------------------------------------
2025-10-22 16:57:37     -------------------------------- F-Calc 2.4 --------------------------------
                        Port   Mode   Type        Z-Wave        Z-Wave-Sigma  Z-Line        F-Cutoff
                        1      1      QTEM        250           1.29e-009     49            ---
                        ----------------------------------------------------------------------------

2025-10-22 16:57:39   Pass 3 successfully completed. Delta (Line Imp.): 0.24%
2025-10-22 16:57:39   Adaptive port meshing finished. 

                      ------------------------------------------------------------------------------
2025-10-22 16:57:40   The following farfield monitor(s) have been adjusted to model box [-29.1737,
                      29.1737, -31.1833, 27.0737, -3.44871, 14.8186]:
                        farfield (f=2.4417).
                      For further information please check the page "Special Solver Parameters -
                      Solver" in the Online Help.

                      ------------------------------------------------------------------------------
2025-10-22 16:57:40   According to the selected features the <Time Domain Solver (HEX)> will be
                      started.

                      ------------------------------------------------------------------------------
2025-10-22 16:57:40   
                      Solver started at: 2025-10-22 16:57:40 +0200

                        Module:  Time Domain: S-Parameter (Win 64)
                        Version: 2025.4 Release from 2025-04-11 (change 1409410)

2025-10-22 16:57:40   

                      ------------------------------------------------------------------------------
2025-10-22 16:57:40   

                      ------------------------------------------------------------------------------
2025-10-22 16:57:40   ======================================================================
                       Solver cycle: 1
                      ======================================================================

                      Stimulation at port 1 (mode 1) 



                      ------------------------------------------------------------------------------
2025-10-22 16:57:40   Units settings: 

                        Dimensions: mm
                        Frequency:  GHz
                        Time:       ns

                      ------------------------------------------------------------------------------
2025-10-22 16:57:40   The dispersive material update [Automatic] will be performed using the "Standard" update schema

                      ------------------------------------------------------------------------------
2025-10-22 16:57:56   Mesh statistics:

                         Hexahedral mesh type: Perfect Boundary Approximation (PBA)
                            Version: default

                         Parallelization type: domain decomposition
                            Number of parallel working threads: 2
                            Number of calculation domains used: 2

                         Used point accuracy enhancement value: 70.00%.
                         Acceleration mode: CPU
                         PBA fill limit: 99.00% (inverse)
                         Used point accuracy enhancement value: 66.00%.
                         Used point accuracy enhancement value: 63.00%.
                         Used point accuracy enhancement value: 64.00%.
                         Used point accuracy enhancement value: 65.00%.

2025-10-22 16:57:58   Using Generalized port mode solver.

                      ------------------------------------------------------------------------------
2025-10-22 16:57:58   Using electric shielding for port 1.

                      ------------------------------------------------------------------------------
2025-10-22 16:57:59   Port mode solver: Detected dispersive material(s) at port 1. 
                      Using a constant approximation of dispersive material(s) at 2.4 GHz and neglecting loss terms.  More...

                      ------------------------------------------------------------------------------
2025-10-22 16:58:00   Boundary conditions: 

                        YZsymmetry: none
                        XZsymmetry: none
                        XYsymmetry: none

                        Xmin: expanded open, 4 Layer, depth 31.5218 mm
                        Xmax: expanded open, 4 Layer, depth 31.5218 mm

                        Ymin: expanded open, 4 Layer, depth 36.0499 mm
                        Ymax: expanded open, 4 Layer, depth 31.5218 mm

                        Zmin: expanded open, 4 Layer, depth 31.7706 mm
                        Zmax: expanded open, 4 Layer, depth 36.7086 mm

                        PML-Type: Convolution PML

                      ------------------------------------------------------------------------------
2025-10-22 16:58:00   Frequency settings: 

                        Fmin:         2.2
                        Fmax:         2.6
                        Nfsteps(lin): 1001

                      ------------------------------------------------------------------------------
2025-10-22 16:58:00   Field update statistics:

                        Number of components in total: 	564736
                        Number of TST and special elements:	447
                        Number of lossy metal components:	10364
                        Number of disp. elements:		10509

                      Subcycling state:      			Automatically deactivated

                      ------------------------------------------------------------------------------
2025-10-22 16:58:01   Waveguide boundaries:

2025-10-22 16:58:01   Port: 1

2025-10-22 16:58:01     -------------------------------- F-Calc 2.4 --------------------------------
                        Port   Mode   Type        Z-Wave        Z-Wave-Sigma  Z-Line        F-Cutoff
                        1      1      QTEM        208           5.56e-009     49            ---
                        ----------------------------------------------------------------------------

2025-10-22 16:58:01   Using standard absorber for unconsidered modes at port 1.

                      ------------------------------------------------------------------------------
2025-10-22 16:58:50   
                      --------------------------------------------------------------------------------
2025-10-22 16:58:50   Steady state energy criterion met, solver finished successfully.

                      ------------------------------------------------------------------------------
2025-10-22 16:58:50   Frequency domain results normalized to default signal.


                      ------------------------------------------------------------------------------
2025-10-22 16:58:50   
                        ----------------------------------------------------------------------------
                                            Peak memory used (kB)         Free physical memory (kB) 
                                                                          At begin     Minimum      
                        ----------------------------------------------------------------------------
                        Matrices calc.      145626                        1989257      1206054      
                        Solver run total    91764                         2909320      2761424      
                        ----------------------------------------------------------------------------

                      --------------------------------------------------------------------------------
                      Solver Statistics:

                        Hardware:
                           Computer name:                 	Heu 

                           Number of CPU threads:               4
                           Hardware info:                  	Hardware Accelerator Device not activated

                        Number of mesh cells:             	90720
                        Excitation duration:              	1.77727437e+001 ns 
                        Calculation time for excitation:  	0 	s
                        Number of calculated pulse widths:	1.0856 
                        Steady state accuracy limit:      	-40	dB 
                        Simulated number of time steps:   	13741 
                        Maximum number of time steps:     	253150 
                        Time step width:
                           without subcycles:             	1.404123834e-003 ns
                           used:                          	1.404123834e-003 ns

                        Matrix calculation time:          	15 	s
                        Solver setup time:                	9 	s
                        Solver loop time:                 	41 	s
                        Solver post-processing time:      	2 	s
                                                          	------------
                        Total solver time:                	67 	s  ( = 0 h, 1 m, 7 s )

                      ------------------------------------------------------------------------------
2025-10-22 16:58:51   
                        Adaptive port meshing time:          	28     	s
                        Total solver time (all cycles):      	67     	s  ( = 0 h, 1 m, 7 s )
                        Solver initialization and clean-up:  	3      	s
                                                             	------------
                        Total simulation time:               	98     	s  ( = 0 h, 1 m, 38 s )

                      ------------------------------------------------------------------------------
2025-10-22 16:58:51   Solver finished at: 2025-10-22 16:58:51 +0200



                      ------------------------------------------------------------------------------
2025-10-22 16:58:52   Creating parametric 1D results for Run ID 13

                      ------------------------------------------------------------------------------
