Port monitor named: Port1_h1.prt

nx        = 37
ny        = 4
nz        = 19

nu        = 17
nv        = 35
iu        = 2
iv        = 2

idir      = 1
dcut      = -4.830000e-002
icut      = 2
type      = 1
frequency = 2.400000e+009

fcutoff   = 0.000000e+000
alpha     = 0.000000e+000
beta      = 9.599072e+001
accuracy  = 1.425105e-009

type          = QTEM
wave imp.     = 2.480182e+002
wave imp.sig. = 2.358429e-008
line imp.     = 3.206302e+001

ref. port     = 0

-0.000000e+000  1.835236e-002  3.630256e-002  5.346891e-002  6.950883e-002  8.605165e-002  1.006072e-001  1.129925e-001  1.231322e-001  1.310482e-001  1.368449e-001  1.406902e-001  1.427970e-001  1.425157e-001  1.383049e-001  1.185886e-001  1.034612e-001  
-0.000000e+000  6.771862e-002  1.334521e-001  1.953517e-001  2.518261e-001  3.080356e-001  3.550206e-001  3.923238e-001  4.200621e-001  4.388129e-001  4.494807e-001  4.531676e-001  4.510624e-001  4.330420e-001  4.053837e-001  3.232269e-001  2.711290e-001  
-0.000000e+000  1.588624e-001  3.109046e-001  4.499468e-001  5.710169e-001  6.830364e-001  7.666973e-001  8.226561e-001  8.535150e-001  8.630329e-001  8.554217e-001  8.348305e-001  8.050293e-001  7.275067e-001  6.450757e-001  4.665119e-001  3.724304e-001  
-0.000000e+000  3.265767e-001  6.331154e-001  9.016914e-001  1.118701e+000  1.294535e+000  1.397009e+000  1.435462e+000  1.423755e+000  1.376376e+000  1.306092e+000  1.223033e+000  1.134670e+000  9.576693e-001  8.011578e-001  5.295254e-001  4.050511e-001  
-0.000000e+000  5.400165e-001  1.040432e+000  1.464250e+000  1.782255e+000  1.999779e+000  2.078171e+000  2.050079e+000  1.952402e+000  1.816169e+000  1.663568e+000  1.508834e+000  1.360332e+000  1.095523e+000  8.816363e-001  5.506872e-001  4.099350e-001  
-0.000000e+000  8.297584e-001  1.597002e+000  2.233004e+000  2.670376e+000  2.885811e+000  2.857086e+000  2.680031e+000  2.435867e+000  2.175515e+000  1.925373e+000  1.696809e+000  1.493276e+000  1.160621e+000  9.085620e-001  5.468019e-001  3.999092e-001  
-0.000000e+000  1.043893e+000  2.017272e+000  2.827386e+000  3.360538e+000  3.542669e+000  3.393526e+000  3.081296e+000  2.722163e+000  2.374781e+000  2.062043e+000  1.789271e+000  1.554504e+000  1.185992e+000  9.150011e-001  5.398799e-001  3.910559e-001  
-0.000000e+000  1.314245e+000  2.567800e+000  3.642891e+000  4.331492e+000  4.408846e+000  4.034445e+000  3.514435e+000  3.003503e+000  2.554538e+000  2.175619e+000  1.859624e+000  1.596114e+000  1.197212e+000  9.114151e-001  5.279917e-001  3.789796e-001  
-0.000000e+000  1.632876e+000  3.260622e+000  4.767035e+000  5.769585e+000  5.560103e+000  4.769518e+000  3.944970e+000  3.248868e+000  2.692901e+000  2.251906e+000  1.898914e+000  1.612520e+000  1.191866e+000  8.967843e-001  5.109630e-001  3.636654e-001  
-0.000000e+000  1.905894e+000  3.929072e+000  6.060010e+000  7.744119e+000  6.845755e+000  5.413547e+000  4.244802e+000  3.385184e+000  2.751445e+000  2.271768e+000  1.898470e+000  1.600858e+000  1.171659e+000  8.744030e-001  4.921116e-001  3.479750e-001  
-0.000000e+000  2.084123e+000  4.434740e+000  7.291099e+000  1.025849e+001  8.062143e+000  5.864506e+000  4.399550e+000  3.430557e+000  2.754364e+000  2.257091e+000  1.876203e+000  1.575376e+000  1.145699e+000  8.502227e-001  4.741521e-001  3.336022e-001  
-0.000000e+000  2.159292e+000  4.744765e+000  8.478474e+000  1.454741e+001  9.282285e+000  6.098198e+000  4.407405e+000  3.389557e+000  2.704779e+000  2.208454e+000  1.830710e+000  1.533360e+000  1.110157e+000  8.201620e-001  4.537079e-001  3.177486e-001  
-0.000000e+000  2.069784e+000  4.611241e+000  8.763922e+000  2.271103e+001  9.882239e+000  5.886626e+000  4.215297e+000  3.250092e+000  2.599810e+000  2.125180e+000  1.761873e+000  1.474842e+000  1.065091e+000  7.842796e-001  4.308319e-001  3.004600e-001  
-0.000000e+000  1.751857e+000  3.727076e+000  6.243083e+000  -0.000000e+000  6.196573e+000  4.826422e+000  3.744823e+000  2.978002e+000  2.416631e+000  1.989723e+000  1.655429e+000  1.387877e+000  1.001573e+000  7.356672e-001  4.013130e-001  2.786200e-001  
-0.000000e+000  1.232597e+000  2.338945e+000  2.764182e+000  -0.000000e+000  3.212210e+000  3.460363e+000  3.039263e+000  2.557961e+000  2.136231e+000  1.786198e+000  1.498815e+000  1.262604e+000  9.133661e-001  6.703412e-001  3.634938e-001  2.512748e-001  
-0.000000e+000  5.845072e-001  9.638069e-001  8.594209e-001  -0.000000e+000  1.350583e+000  1.955794e+000  2.032975e+000  1.882656e+000  1.660117e+000  1.432310e+000  1.224243e+000  1.042944e+000  7.606332e-001  5.591795e-001  3.012326e-001  2.070546e-001  
-0.000000e+000  6.995275e-002  1.050016e-001  8.041663e-002  -0.000000e+000  2.565193e-001  4.557323e-001  5.628523e-001  5.974605e-001  5.847719e-001  5.454661e-001  4.938582e-001  4.389316e-001  3.348247e-001  2.516263e-001  1.352982e-001  9.206251e-002  
-0.000000e+000  -6.995275e-002  -1.050016e-001  -8.041663e-002  -0.000000e+000  -2.565193e-001  -4.557323e-001  -5.628523e-001  -5.974605e-001  -5.847719e-001  -5.454661e-001  -4.938582e-001  -4.389316e-001  -3.348247e-001  -2.516263e-001  -1.352982e-001  -9.206251e-002  
-0.000000e+000  -5.845072e-001  -9.638069e-001  -8.594209e-001  -0.000000e+000  -1.350583e+000  -1.955794e+000  -2.032975e+000  -1.882656e+000  -1.660117e+000  -1.432310e+000  -1.224243e+000  -1.042944e+000  -7.606332e-001  -5.591794e-001  -3.012326e-001  -2.070546e-001  
-0.000000e+000  -1.232597e+000  -2.338945e+000  -2.764183e+000  -0.000000e+000  -3.212210e+000  -3.460363e+000  -3.039263e+000  -2.557961e+000  -2.136231e+000  -1.786198e+000  -1.498815e+000  -1.262604e+000  -9.133661e-001  -6.703412e-001  -3.634938e-001  -2.512747e-001  
-0.000000e+000  -1.751856e+000  -3.727076e+000  -6.243083e+000  -0.000000e+000  -6.196573e+000  -4.826422e+000  -3.744823e+000  -2.978002e+000  -2.416631e+000  -1.989723e+000  -1.655429e+000  -1.387877e+000  -1.001573e+000  -7.356672e-001  -4.013129e-001  -2.786200e-001  
-0.000000e+000  -2.069784e+000  -4.611241e+000  -8.763922e+000  -2.271103e+001  -9.882239e+000  -5.886626e+000  -4.215297e+000  -3.250092e+000  -2.599810e+000  -2.125180e+000  -1.761873e+000  -1.474842e+000  -1.065091e+000  -7.842796e-001  -4.308320e-001  -3.004600e-001  
-0.000000e+000  -2.159292e+000  -4.744765e+000  -8.478474e+000  -1.454741e+001  -9.282285e+000  -6.098198e+000  -4.407405e+000  -3.389557e+000  -2.704779e+000  -2.208454e+000  -1.830710e+000  -1.533360e+000  -1.110157e+000  -8.201619e-001  -4.537078e-001  -3.177485e-001  
-0.000000e+000  -2.084123e+000  -4.434740e+000  -7.291099e+000  -1.025849e+001  -8.062143e+000  -5.864506e+000  -4.399550e+000  -3.430557e+000  -2.754364e+000  -2.257090e+000  -1.876202e+000  -1.575375e+000  -1.145699e+000  -8.502228e-001  -4.741520e-001  -3.336023e-001  
-0.000000e+000  -1.905894e+000  -3.929072e+000  -6.060010e+000  -7.744119e+000  -6.845755e+000  -5.413547e+000  -4.244802e+000  -3.385184e+000  -2.751445e+000  -2.271768e+000  -1.898470e+000  -1.600858e+000  -1.171659e+000  -8.744029e-001  -4.921117e-001  -3.479750e-001  
-0.000000e+000  -1.632876e+000  -3.260622e+000  -4.767035e+000  -5.769585e+000  -5.560103e+000  -4.769518e+000  -3.944970e+000  -3.248868e+000  -2.692901e+000  -2.251906e+000  -1.898914e+000  -1.612520e+000  -1.191866e+000  -8.967843e-001  -5.109630e-001  -3.636654e-001  
-0.000000e+000  -1.314245e+000  -2.567800e+000  -3.642891e+000  -4.331492e+000  -4.408846e+000  -4.034445e+000  -3.514435e+000  -3.003503e+000  -2.554538e+000  -2.175619e+000  -1.859624e+000  -1.596114e+000  -1.197212e+000  -9.114151e-001  -5.279917e-001  -3.789796e-001  
-0.000000e+000  -1.043893e+000  -2.017272e+000  -2.827386e+000  -3.360538e+000  -3.542669e+000  -3.393526e+000  -3.081296e+000  -2.722162e+000  -2.374781e+000  -2.062043e+000  -1.789271e+000  -1.554504e+000  -1.185992e+000  -9.150011e-001  -5.398799e-001  -3.910559e-001  
-0.000000e+000  -8.297585e-001  -1.597002e+000  -2.233004e+000  -2.670376e+000  -2.885811e+000  -2.857086e+000  -2.680031e+000  -2.435867e+000  -2.175515e+000  -1.925373e+000  -1.696809e+000  -1.493276e+000  -1.160621e+000  -9.085620e-001  -5.468020e-001  -3.999092e-001  
-0.000000e+000  -5.400165e-001  -1.040432e+000  -1.464250e+000  -1.782255e+000  -1.999779e+000  -2.078171e+000  -2.050079e+000  -1.952402e+000  -1.816169e+000  -1.663568e+000  -1.508834e+000  -1.360332e+000  -1.095523e+000  -8.816363e-001  -5.506872e-001  -4.099350e-001  
-0.000000e+000  -3.265767e-001  -6.331154e-001  -9.016914e-001  -1.118701e+000  -1.294535e+000  -1.397009e+000  -1.435462e+000  -1.423755e+000  -1.376376e+000  -1.306092e+000  -1.223033e+000  -1.134670e+000  -9.576693e-001  -8.011578e-001  -5.295254e-001  -4.050511e-001  
-0.000000e+000  -1.588624e-001  -3.109046e-001  -4.499468e-001  -5.710169e-001  -6.830364e-001  -7.666973e-001  -8.226561e-001  -8.535150e-001  -8.630329e-001  -8.554217e-001  -8.348305e-001  -8.050293e-001  -7.275067e-001  -6.450757e-001  -4.665119e-001  -3.724304e-001  
-0.000000e+000  -6.771862e-002  -1.334521e-001  -1.953517e-001  -2.518261e-001  -3.080356e-001  -3.550206e-001  -3.923238e-001  -4.200620e-001  -4.388129e-001  -4.494807e-001  -4.531676e-001  -4.510624e-001  -4.330420e-001  -4.053837e-001  -3.232269e-001  -2.711290e-001  
-0.000000e+000  -1.835236e-002  -3.630256e-002  -5.346892e-002  -6.950883e-002  -8.605165e-002  -1.006072e-001  -1.129925e-001  -1.231322e-001  -1.310482e-001  -1.368449e-001  -1.406902e-001  -1.427970e-001  -1.425157e-001  -1.383049e-001  -1.185886e-001  -1.034612e-001  
-0.000000e+000  -0.000000e+000  -0.000000e+000  -0.000000e+000  -0.000000e+000  -0.000000e+000  -0.000000e+000  -0.000000e+000  -0.000000e+000  -0.000000e+000  -0.000000e+000  -0.000000e+000  -0.000000e+000  -0.000000e+000  -0.000000e+000  -0.000000e+000  -0.000000e+000  

-1.048969e+000  -1.042229e+000  -1.028874e+000  -1.009143e+000  -9.842229e-001  -9.547358e-001  -9.204987e-001  -8.822231e-001  -8.406446e-001  -7.964907e-001  -7.504542e-001  -7.031726e-001  -6.312339e-001  -5.355392e-001  -3.716292e-001  -1.263296e-001  -0.000000e+000  
-1.205336e+000  -1.195632e+000  -1.176490e+000  -1.148430e+000  -1.112647e+000  -1.070000e+000  -1.021366e+000  -9.681366e-001  -9.116688e-001  -8.532144e-001  -7.938769e-001  -7.345864e-001  -6.468452e-001  -5.364839e-001  -3.571900e-001  -1.166406e-001  -0.000000e+000  
-1.629776e+000  -1.609140e+000  -1.568863e+000  -1.510831e+000  -1.436448e+000  -1.348077e+000  -1.251313e+000  -1.150307e+000  -1.048635e+000  -9.491388e-001  -8.538990e-001  -7.642933e-001  -6.395117e-001  -5.006802e-001  -3.004649e-001  -8.916610e-002  -0.000000e+000  
-2.444072e+000  -2.391924e+000  -2.291522e+000  -2.150222e+000  -1.971378e+000  -1.764861e+000  -1.552225e+000  -1.345564e+000  -1.153220e+000  -9.799565e-001  -8.276862e-001  -6.963284e-001  -5.286918e-001  -3.717546e-001  -1.823712e-001  -4.435259e-002  -0.000000e+000  
-3.244877e+000  -3.147198e+000  -2.960478e+000  -2.701778e+000  -2.380348e+000  -2.023554e+000  -1.679085e+000  -1.368208e+000  -1.100635e+000  -8.777850e-001  -6.963555e-001  -5.509890e-001  -3.783295e-001  -2.365045e-001  -8.823621e-002  -1.396403e-002  -0.000000e+000  
-4.540301e+000  -4.353053e+000  -3.993005e+000  -3.494652e+000  -2.884592e+000  -2.244437e+000  -1.681638e+000  -1.226194e+000  -8.762655e-001  -6.157274e-001  -4.254429e-001  -2.883437e-001  -1.421734e-001  -4.510877e-002  2.894014e-002  2.088829e-002  -0.000000e+000  
-5.315333e+000  -5.072319e+000  -4.595124e+000  -3.919322e+000  -3.086352e+000  -2.250314e+000  -1.567334e+000  -1.056017e+000  -6.906765e-001  -4.358439e-001  -2.605079e-001  -1.413304e-001  -2.210239e-002  4.566918e-002  8.018598e-002  3.539106e-002  -0.000000e+000  
-6.283671e+000  -5.977880e+000  -5.355162e+000  -4.432189e+000  -3.264167e+000  -2.162852e+000  -1.347514e+000  -7.958732e-001  -4.368860e-001  -2.068449e-001  -6.083556e-002  3.027213e-002  1.121442e-001  1.439898e-001  1.336048e-001  5.014134e-002  -0.000000e+000  
-7.495353e+000  -7.135781e+000  -6.354343e+000  -5.086760e+000  -3.361731e+000  -1.899220e+000  -9.646886e-001  -4.164765e-001  -1.031945e-001  7.429156e-002  1.729649e-001  2.246416e-001  2.585222e-001  2.483083e-001  1.884522e-001  6.496086e-002  -0.000000e+000  
-8.993151e+000  -8.629779e+000  -7.741303e+000  -6.024929e+000  -3.235412e+000  -1.308523e+000  -3.421837e-001  1.088230e-001  3.149519e-001  4.045600e-001  4.361750e-001  4.373166e-001  4.137454e-001  3.565331e-001  2.438528e-001  7.965399e-002  -0.000000e+000  
-1.020243e+001  -9.912618e+000  -9.092548e+000  -7.100864e+000  -2.771841e+000  -5.476820e-001  2.782810e-001  5.630720e-001  6.479620e-001  6.552060e-001  6.302249e-001  5.913106e-001  5.240444e-001  4.324351e-001  2.820525e-001  8.965463e-002  -0.000000e+000  
-1.152227e+001  -1.139883e+001  -1.089469e+001  -8.974945e+000  -1.598376e+000  6.322237e-001  1.061150e+000  1.077503e+000  1.004528e+000  9.157894e-001  8.287164e-001  7.473299e-001  6.347064e-001  5.080403e-001  3.197023e-001  9.942239e-002  -0.000000e+000  
-1.288835e+001  -1.303053e+001  -1.324164e+001  -1.277616e+001  1.255162e+000  2.352683e+000  1.968185e+000  1.619172e+000  1.366240e+000  1.176256e+000  1.025849e+000  9.017708e-001  7.438719e-001  5.823652e-001  3.564495e-001  1.088850e-001  -0.000000e+000  
-1.419803e+001  -1.463407e+001  -1.584802e+001  -1.931347e+001  1.026953e+001  4.518557e+000  2.865400e+000  2.132705e+000  1.709646e+000  1.425346e+000  1.215514e+000  1.050947e+000  8.496727e-001  6.544256e-001  3.919417e-001  1.179706e-001  -0.000000e+000  
-1.568666e+001  -1.630963e+001  -1.797585e+001  -2.215399e+001  9.563108e+000  5.497168e+000  3.636820e+000  2.676689e+000  2.105713e+000  1.725065e+000  1.449195e+000  1.237258e+000  9.834162e-001  7.459597e-001  4.369962e-001  1.294445e-001  -0.000000e+000  
-1.674029e+001  -1.725888e+001  -1.835951e+001  -1.988446e+001  6.982790e+000  5.292111e+000  3.926168e+000  3.013108e+000  2.400862e+000  1.969653e+000  1.649532e+000  1.401497e+000  1.104300e+000  8.296623e-001  4.783921e-001  1.399523e-001  -0.000000e+000  
-1.775880e+001  -1.793646e+001  -1.823298e+001  -1.850199e+001  4.797693e+000  4.369262e+000  3.782016e+000  3.206728e+000  2.704077e+000  2.283787e+000  1.937456e+000  1.652503e+000  1.299427e+000  9.684302e-001  5.480787e-001  1.576181e-001  -0.000000e+000  
-1.809522e+001  -1.812912e+001  -1.818001e+001  -1.821899e+001  3.753982e+000  3.613095e+000  3.362846e+000  3.053868e+000  2.726020e+000  2.405289e+000  2.106290e+000  1.835766e+000  1.475404e+000  1.109630e+000  6.259877e-001  1.777661e-001  -0.000000e+000  
-1.775880e+001  -1.793646e+001  -1.823298e+001  -1.850199e+001  4.797693e+000  4.369262e+000  3.782016e+000  3.206728e+000  2.704077e+000  2.283787e+000  1.937456e+000  1.652503e+000  1.299427e+000  9.684302e-001  5.480787e-001  1.576181e-001  -0.000000e+000  
-1.674029e+001  -1.725888e+001  -1.835951e+001  -1.988446e+001  6.982790e+000  5.292111e+000  3.926168e+000  3.013108e+000  2.400862e+000  1.969653e+000  1.649532e+000  1.401497e+000  1.104300e+000  8.296623e-001  4.783921e-001  1.399523e-001  -0.000000e+000  
-1.568666e+001  -1.630963e+001  -1.797585e+001  -2.215399e+001  9.563108e+000  5.497168e+000  3.636820e+000  2.676689e+000  2.105713e+000  1.725065e+000  1.449195e+000  1.237258e+000  9.834162e-001  7.459597e-001  4.369962e-001  1.294445e-001  -0.000000e+000  
-1.419803e+001  -1.463407e+001  -1.584802e+001  -1.931347e+001  1.026953e+001  4.518557e+000  2.865400e+000  2.132705e+000  1.709646e+000  1.425346e+000  1.215514e+000  1.050947e+000  8.496728e-001  6.544256e-001  3.919417e-001  1.179706e-001  -0.000000e+000  
-1.288835e+001  -1.303053e+001  -1.324164e+001  -1.277616e+001  1.255162e+000  2.352683e+000  1.968185e+000  1.619172e+000  1.366240e+000  1.176256e+000  1.025849e+000  9.017709e-001  7.438719e-001  5.823652e-001  3.564495e-001  1.088850e-001  -0.000000e+000  
-1.152227e+001  -1.139883e+001  -1.089469e+001  -8.974945e+000  -1.598376e+000  6.322237e-001  1.061150e+000  1.077503e+000  1.004528e+000  9.157894e-001  8.287164e-001  7.473299e-001  6.347064e-001  5.080403e-001  3.197023e-001  9.942239e-002  -0.000000e+000  
-1.020243e+001  -9.912618e+000  -9.092548e+000  -7.100864e+000  -2.771841e+000  -5.476820e-001  2.782810e-001  5.630720e-001  6.479620e-001  6.552060e-001  6.302249e-001  5.913106e-001  5.240444e-001  4.324351e-001  2.820525e-001  8.965464e-002  -0.000000e+000  
-8.993151e+000  -8.629779e+000  -7.741303e+000  -6.024929e+000  -3.235412e+000  -1.308523e+000  -3.421837e-001  1.088230e-001  3.149519e-001  4.045600e-001  4.361750e-001  4.373166e-001  4.137454e-001  3.565331e-001  2.438528e-001  7.965399e-002  -0.000000e+000  
-7.495353e+000  -7.135781e+000  -6.354343e+000  -5.086760e+000  -3.361731e+000  -1.899220e+000  -9.646886e-001  -4.164765e-001  -1.031946e-001  7.429159e-002  1.729649e-001  2.246416e-001  2.585222e-001  2.483083e-001  1.884522e-001  6.496086e-002  -0.000000e+000  
-6.283671e+000  -5.977880e+000  -5.355162e+000  -4.432189e+000  -3.264167e+000  -2.162852e+000  -1.347514e+000  -7.958732e-001  -4.368860e-001  -2.068449e-001  -6.083556e-002  3.027211e-002  1.121442e-001  1.439898e-001  1.336048e-001  5.014133e-002  -0.000000e+000  
-5.315333e+000  -5.072319e+000  -4.595124e+000  -3.919322e+000  -3.086352e+000  -2.250314e+000  -1.567334e+000  -1.056017e+000  -6.906765e-001  -4.358439e-001  -2.605079e-001  -1.413304e-001  -2.210239e-002  4.566918e-002  8.018598e-002  3.539106e-002  -0.000000e+000  
-4.540301e+000  -4.353053e+000  -3.993005e+000  -3.494652e+000  -2.884592e+000  -2.244437e+000  -1.681638e+000  -1.226194e+000  -8.762655e-001  -6.157274e-001  -4.254429e-001  -2.883437e-001  -1.421734e-001  -4.510877e-002  2.894014e-002  2.088829e-002  -0.000000e+000  
-3.244877e+000  -3.147198e+000  -2.960478e+000  -2.701778e+000  -2.380348e+000  -2.023554e+000  -1.679085e+000  -1.368208e+000  -1.100635e+000  -8.777851e-001  -6.963555e-001  -5.509890e-001  -3.783295e-001  -2.365045e-001  -8.823621e-002  -1.396403e-002  -0.000000e+000  
-2.444072e+000  -2.391924e+000  -2.291522e+000  -2.150222e+000  -1.971378e+000  -1.764861e+000  -1.552225e+000  -1.345564e+000  -1.153220e+000  -9.799565e-001  -8.276862e-001  -6.963284e-001  -5.286918e-001  -3.717546e-001  -1.823712e-001  -4.435259e-002  -0.000000e+000  
-1.629776e+000  -1.609140e+000  -1.568862e+000  -1.510831e+000  -1.436448e+000  -1.348077e+000  -1.251313e+000  -1.150307e+000  -1.048635e+000  -9.491388e-001  -8.538990e-001  -7.642933e-001  -6.395117e-001  -5.006802e-001  -3.004649e-001  -8.916610e-002  -0.000000e+000  
-1.205336e+000  -1.195632e+000  -1.176491e+000  -1.148430e+000  -1.112647e+000  -1.070000e+000  -1.021366e+000  -9.681366e-001  -9.116688e-001  -8.532144e-001  -7.938769e-001  -7.345865e-001  -6.468452e-001  -5.364839e-001  -3.571900e-001  -1.166406e-001  -0.000000e+000  
-1.048969e+000  -1.042229e+000  -1.028874e+000  -1.009143e+000  -9.842229e-001  -9.547358e-001  -9.204987e-001  -8.822231e-001  -8.406446e-001  -7.964907e-001  -7.504542e-001  -7.031726e-001  -6.312339e-001  -5.355392e-001  -3.716292e-001  -1.263297e-001  -0.000000e+000  

0.000000e+000  0.000000e+000  0.000000e+000  0.000000e+000  0.000000e+000  0.000000e+000  0.000000e+000  0.000000e+000  0.000000e+000  0.000000e+000  0.000000e+000  0.000000e+000  0.000000e+000  0.000000e+000  0.000000e+000  0.000000e+000  0.000000e+000  
0.000000e+000  0.000000e+000  0.000000e+000  0.000000e+000  0.000000e+000  0.000000e+000  0.000000e+000  0.000000e+000  0.000000e+000  0.000000e+000  0.000000e+000  0.000000e+000  0.000000e+000  0.000000e+000  0.000000e+000  0.000000e+000  0.000000e+000  
0.000000e+000  0.000000e+000  0.000000e+000  0.000000e+000  0.000000e+000  0.000000e+000  0.000000e+000  0.000000e+000  0.000000e+000  0.000000e+000  0.000000e+000  0.000000e+000  0.000000e+000  0.000000e+000  0.000000e+000  0.000000e+000  0.000000e+000  
0.000000e+000  0.000000e+000  0.000000e+000  0.000000e+000  0.000000e+000  0.000000e+000  0.000000e+000  0.000000e+000  0.000000e+000  0.000000e+000  0.000000e+000  0.000000e+000  0.000000e+000  0.000000e+000  0.000000e+000  0.000000e+000  0.000000e+000  
0.000000e+000  0.000000e+000  0.000000e+000  0.000000e+000  0.000000e+000  0.000000e+000  0.000000e+000  0.000000e+000  0.000000e+000  0.000000e+000  0.000000e+000  0.000000e+000  0.000000e+000  0.000000e+000  0.000000e+000  0.000000e+000  0.000000e+000  
0.000000e+000  0.000000e+000  0.000000e+000  0.000000e+000  0.000000e+000  0.000000e+000  0.000000e+000  0.000000e+000  0.000000e+000  0.000000e+000  0.000000e+000  0.000000e+000  0.000000e+000  0.000000e+000  0.000000e+000  0.000000e+000  0.000000e+000  
0.000000e+000  0.000000e+000  0.000000e+000  0.000000e+000  0.000000e+000  0.000000e+000  0.000000e+000  0.000000e+000  0.000000e+000  0.000000e+000  0.000000e+000  0.000000e+000  0.000000e+000  0.000000e+000  0.000000e+000  0.000000e+000  0.000000e+000  
0.000000e+000  0.000000e+000  0.000000e+000  0.000000e+000  0.000000e+000  0.000000e+000  0.000000e+000  0.000000e+000  0.000000e+000  0.000000e+000  0.000000e+000  0.000000e+000  0.000000e+000  0.000000e+000  0.000000e+000  0.000000e+000  0.000000e+000  
0.000000e+000  0.000000e+000  0.000000e+000  0.000000e+000  0.000000e+000  0.000000e+000  0.000000e+000  0.000000e+000  0.000000e+000  0.000000e+000  0.000000e+000  0.000000e+000  0.000000e+000  0.000000e+000  0.000000e+000  0.000000e+000  0.000000e+000  
0.000000e+000  0.000000e+000  0.000000e+000  0.000000e+000  0.000000e+000  0.000000e+000  0.000000e+000  0.000000e+000  0.000000e+000  0.000000e+000  0.000000e+000  0.000000e+000  0.000000e+000  0.000000e+000  0.000000e+000  0.000000e+000  0.000000e+000  
0.000000e+000  0.000000e+000  0.000000e+000  0.000000e+000  0.000000e+000  0.000000e+000  0.000000e+000  0.000000e+000  0.000000e+000  0.000000e+000  0.000000e+000  0.000000e+000  0.000000e+000  0.000000e+000  0.000000e+000  0.000000e+000  0.000000e+000  
0.000000e+000  0.000000e+000  0.000000e+000  0.000000e+000  0.000000e+000  0.000000e+000  0.000000e+000  0.000000e+000  0.000000e+000  0.000000e+000  0.000000e+000  0.000000e+000  0.000000e+000  0.000000e+000  0.000000e+000  0.000000e+000  0.000000e+000  
0.000000e+000  0.000000e+000  0.000000e+000  0.000000e+000  0.000000e+000  0.000000e+000  0.000000e+000  0.000000e+000  0.000000e+000  0.000000e+000  0.000000e+000  0.000000e+000  0.000000e+000  0.000000e+000  0.000000e+000  0.000000e+000  0.000000e+000  
0.000000e+000  0.000000e+000  0.000000e+000  0.000000e+000  0.000000e+000  0.000000e+000  0.000000e+000  0.000000e+000  0.000000e+000  0.000000e+000  0.000000e+000  0.000000e+000  0.000000e+000  0.000000e+000  0.000000e+000  0.000000e+000  0.000000e+000  
0.000000e+000  0.000000e+000  0.000000e+000  0.000000e+000  0.000000e+000  0.000000e+000  0.000000e+000  0.000000e+000  0.000000e+000  0.000000e+000  0.000000e+000  0.000000e+000  0.000000e+000  0.000000e+000  0.000000e+000  0.000000e+000  0.000000e+000  
0.000000e+000  0.000000e+000  0.000000e+000  0.000000e+000  0.000000e+000  0.000000e+000  0.000000e+000  0.000000e+000  0.000000e+000  0.000000e+000  0.000000e+000  0.000000e+000  0.000000e+000  0.000000e+000  0.000000e+000  0.000000e+000  0.000000e+000  
0.000000e+000  0.000000e+000  0.000000e+000  0.000000e+000  0.000000e+000  0.000000e+000  0.000000e+000  0.000000e+000  0.000000e+000  0.000000e+000  0.000000e+000  0.000000e+000  0.000000e+000  0.000000e+000  0.000000e+000  0.000000e+000  0.000000e+000  
0.000000e+000  0.000000e+000  0.000000e+000  0.000000e+000  0.000000e+000  0.000000e+000  0.000000e+000  0.000000e+000  0.000000e+000  0.000000e+000  0.000000e+000  0.000000e+000  0.000000e+000  0.000000e+000  0.000000e+000  0.000000e+000  0.000000e+000  
0.000000e+000  0.000000e+000  0.000000e+000  0.000000e+000  0.000000e+000  0.000000e+000  0.000000e+000  0.000000e+000  0.000000e+000  0.000000e+000  0.000000e+000  0.000000e+000  0.000000e+000  0.000000e+000  0.000000e+000  0.000000e+000  0.000000e+000  
0.000000e+000  0.000000e+000  0.000000e+000  0.000000e+000  0.000000e+000  0.000000e+000  0.000000e+000  0.000000e+000  0.000000e+000  0.000000e+000  0.000000e+000  0.000000e+000  0.000000e+000  0.000000e+000  0.000000e+000  0.000000e+000  0.000000e+000  
0.000000e+000  0.000000e+000  0.000000e+000  0.000000e+000  0.000000e+000  0.000000e+000  0.000000e+000  0.000000e+000  0.000000e+000  0.000000e+000  0.000000e+000  0.000000e+000  0.000000e+000  0.000000e+000  0.000000e+000  0.000000e+000  0.000000e+000  
0.000000e+000  0.000000e+000  0.000000e+000  0.000000e+000  0.000000e+000  0.000000e+000  0.000000e+000  0.000000e+000  0.000000e+000  0.000000e+000  0.000000e+000  0.000000e+000  0.000000e+000  0.000000e+000  0.000000e+000  0.000000e+000  0.000000e+000  
0.000000e+000  0.000000e+000  0.000000e+000  0.000000e+000  0.000000e+000  0.000000e+000  0.000000e+000  0.000000e+000  0.000000e+000  0.000000e+000  0.000000e+000  0.000000e+000  0.000000e+000  0.000000e+000  0.000000e+000  0.000000e+000  0.000000e+000  
0.000000e+000  0.000000e+000  0.000000e+000  0.000000e+000  0.000000e+000  0.000000e+000  0.000000e+000  0.000000e+000  0.000000e+000  0.000000e+000  0.000000e+000  0.000000e+000  0.000000e+000  0.000000e+000  0.000000e+000  0.000000e+000  0.000000e+000  
0.000000e+000  0.000000e+000  0.000000e+000  0.000000e+000  0.000000e+000  0.000000e+000  0.000000e+000  0.000000e+000  0.000000e+000  0.000000e+000  0.000000e+000  0.000000e+000  0.000000e+000  0.000000e+000  0.000000e+000  0.000000e+000  0.000000e+000  
0.000000e+000  0.000000e+000  0.000000e+000  0.000000e+000  0.000000e+000  0.000000e+000  0.000000e+000  0.000000e+000  0.000000e+000  0.000000e+000  0.000000e+000  0.000000e+000  0.000000e+000  0.000000e+000  0.000000e+000  0.000000e+000  0.000000e+000  
0.000000e+000  0.000000e+000  0.000000e+000  0.000000e+000  0.000000e+000  0.000000e+000  0.000000e+000  0.000000e+000  0.000000e+000  0.000000e+000  0.000000e+000  0.000000e+000  0.000000e+000  0.000000e+000  0.000000e+000  0.000000e+000  0.000000e+000  
0.000000e+000  0.000000e+000  0.000000e+000  0.000000e+000  0.000000e+000  0.000000e+000  0.000000e+000  0.000000e+000  0.000000e+000  0.000000e+000  0.000000e+000  0.000000e+000  0.000000e+000  0.000000e+000  0.000000e+000  0.000000e+000  0.000000e+000  
0.000000e+000  0.000000e+000  0.000000e+000  0.000000e+000  0.000000e+000  0.000000e+000  0.000000e+000  0.000000e+000  0.000000e+000  0.000000e+000  0.000000e+000  0.000000e+000  0.000000e+000  0.000000e+000  0.000000e+000  0.000000e+000  0.000000e+000  
0.000000e+000  0.000000e+000  0.000000e+000  0.000000e+000  0.000000e+000  0.000000e+000  0.000000e+000  0.000000e+000  0.000000e+000  0.000000e+000  0.000000e+000  0.000000e+000  0.000000e+000  0.000000e+000  0.000000e+000  0.000000e+000  0.000000e+000  
0.000000e+000  0.000000e+000  0.000000e+000  0.000000e+000  0.000000e+000  0.000000e+000  0.000000e+000  0.000000e+000  0.000000e+000  0.000000e+000  0.000000e+000  0.000000e+000  0.000000e+000  0.000000e+000  0.000000e+000  0.000000e+000  0.000000e+000  
0.000000e+000  0.000000e+000  0.000000e+000  0.000000e+000  0.000000e+000  0.000000e+000  0.000000e+000  0.000000e+000  0.000000e+000  0.000000e+000  0.000000e+000  0.000000e+000  0.000000e+000  0.000000e+000  0.000000e+000  0.000000e+000  0.000000e+000  
0.000000e+000  0.000000e+000  0.000000e+000  0.000000e+000  0.000000e+000  0.000000e+000  0.000000e+000  0.000000e+000  0.000000e+000  0.000000e+000  0.000000e+000  0.000000e+000  0.000000e+000  0.000000e+000  0.000000e+000  0.000000e+000  0.000000e+000  
0.000000e+000  0.000000e+000  0.000000e+000  0.000000e+000  0.000000e+000  0.000000e+000  0.000000e+000  0.000000e+000  0.000000e+000  0.000000e+000  0.000000e+000  0.000000e+000  0.000000e+000  0.000000e+000  0.000000e+000  0.000000e+000  0.000000e+000  
0.000000e+000  0.000000e+000  0.000000e+000  0.000000e+000  0.000000e+000  0.000000e+000  0.000000e+000  0.000000e+000  0.000000e+000  0.000000e+000  0.000000e+000  0.000000e+000  0.000000e+000  0.000000e+000  0.000000e+000  0.000000e+000  0.000000e+000  

0.000000e+000  0.000000e+000  0.000000e+000  0.000000e+000  0.000000e+000  0.000000e+000  0.000000e+000  0.000000e+000  0.000000e+000  0.000000e+000  0.000000e+000  0.000000e+000  0.000000e+000  0.000000e+000  0.000000e+000  0.000000e+000  0.000000e+000  
0.000000e+000  0.000000e+000  0.000000e+000  0.000000e+000  0.000000e+000  0.000000e+000  0.000000e+000  0.000000e+000  0.000000e+000  0.000000e+000  0.000000e+000  0.000000e+000  0.000000e+000  0.000000e+000  0.000000e+000  0.000000e+000  0.000000e+000  
0.000000e+000  0.000000e+000  0.000000e+000  0.000000e+000  0.000000e+000  0.000000e+000  0.000000e+000  0.000000e+000  0.000000e+000  0.000000e+000  0.000000e+000  0.000000e+000  0.000000e+000  0.000000e+000  0.000000e+000  0.000000e+000  0.000000e+000  
0.000000e+000  0.000000e+000  0.000000e+000  0.000000e+000  0.000000e+000  0.000000e+000  0.000000e+000  0.000000e+000  0.000000e+000  0.000000e+000  0.000000e+000  0.000000e+000  0.000000e+000  0.000000e+000  0.000000e+000  0.000000e+000  0.000000e+000  
0.000000e+000  0.000000e+000  0.000000e+000  0.000000e+000  0.000000e+000  0.000000e+000  0.000000e+000  0.000000e+000  0.000000e+000  0.000000e+000  0.000000e+000  0.000000e+000  0.000000e+000  0.000000e+000  0.000000e+000  0.000000e+000  0.000000e+000  
0.000000e+000  0.000000e+000  0.000000e+000  0.000000e+000  0.000000e+000  0.000000e+000  0.000000e+000  0.000000e+000  0.000000e+000  0.000000e+000  0.000000e+000  0.000000e+000  0.000000e+000  0.000000e+000  0.000000e+000  0.000000e+000  0.000000e+000  
0.000000e+000  0.000000e+000  0.000000e+000  0.000000e+000  0.000000e+000  0.000000e+000  0.000000e+000  0.000000e+000  0.000000e+000  0.000000e+000  0.000000e+000  0.000000e+000  0.000000e+000  0.000000e+000  0.000000e+000  0.000000e+000  0.000000e+000  
0.000000e+000  0.000000e+000  0.000000e+000  0.000000e+000  0.000000e+000  0.000000e+000  0.000000e+000  0.000000e+000  0.000000e+000  0.000000e+000  0.000000e+000  0.000000e+000  0.000000e+000  0.000000e+000  0.000000e+000  0.000000e+000  0.000000e+000  
0.000000e+000  0.000000e+000  0.000000e+000  0.000000e+000  0.000000e+000  0.000000e+000  0.000000e+000  0.000000e+000  0.000000e+000  0.000000e+000  0.000000e+000  0.000000e+000  0.000000e+000  0.000000e+000  0.000000e+000  0.000000e+000  0.000000e+000  
0.000000e+000  0.000000e+000  0.000000e+000  0.000000e+000  0.000000e+000  0.000000e+000  0.000000e+000  0.000000e+000  0.000000e+000  0.000000e+000  0.000000e+000  0.000000e+000  0.000000e+000  0.000000e+000  0.000000e+000  0.000000e+000  0.000000e+000  
0.000000e+000  0.000000e+000  0.000000e+000  0.000000e+000  0.000000e+000  0.000000e+000  0.000000e+000  0.000000e+000  0.000000e+000  0.000000e+000  0.000000e+000  0.000000e+000  0.000000e+000  0.000000e+000  0.000000e+000  0.000000e+000  0.000000e+000  
0.000000e+000  0.000000e+000  0.000000e+000  0.000000e+000  0.000000e+000  0.000000e+000  0.000000e+000  0.000000e+000  0.000000e+000  0.000000e+000  0.000000e+000  0.000000e+000  0.000000e+000  0.000000e+000  0.000000e+000  0.000000e+000  0.000000e+000  
0.000000e+000  0.000000e+000  0.000000e+000  0.000000e+000  0.000000e+000  0.000000e+000  0.000000e+000  0.000000e+000  0.000000e+000  0.000000e+000  0.000000e+000  0.000000e+000  0.000000e+000  0.000000e+000  0.000000e+000  0.000000e+000  0.000000e+000  
0.000000e+000  0.000000e+000  0.000000e+000  0.000000e+000  0.000000e+000  0.000000e+000  0.000000e+000  0.000000e+000  0.000000e+000  0.000000e+000  0.000000e+000  0.000000e+000  0.000000e+000  0.000000e+000  0.000000e+000  0.000000e+000  0.000000e+000  
0.000000e+000  0.000000e+000  0.000000e+000  0.000000e+000  0.000000e+000  0.000000e+000  0.000000e+000  0.000000e+000  0.000000e+000  0.000000e+000  0.000000e+000  0.000000e+000  0.000000e+000  0.000000e+000  0.000000e+000  0.000000e+000  0.000000e+000  
0.000000e+000  0.000000e+000  0.000000e+000  0.000000e+000  0.000000e+000  0.000000e+000  0.000000e+000  0.000000e+000  0.000000e+000  0.000000e+000  0.000000e+000  0.000000e+000  0.000000e+000  0.000000e+000  0.000000e+000  0.000000e+000  0.000000e+000  
0.000000e+000  0.000000e+000  0.000000e+000  0.000000e+000  0.000000e+000  0.000000e+000  0.000000e+000  0.000000e+000  0.000000e+000  0.000000e+000  0.000000e+000  0.000000e+000  0.000000e+000  0.000000e+000  0.000000e+000  0.000000e+000  0.000000e+000  
0.000000e+000  0.000000e+000  0.000000e+000  0.000000e+000  0.000000e+000  0.000000e+000  0.000000e+000  0.000000e+000  0.000000e+000  0.000000e+000  0.000000e+000  0.000000e+000  0.000000e+000  0.000000e+000  0.000000e+000  0.000000e+000  0.000000e+000  
0.000000e+000  0.000000e+000  0.000000e+000  0.000000e+000  0.000000e+000  0.000000e+000  0.000000e+000  0.000000e+000  0.000000e+000  0.000000e+000  0.000000e+000  0.000000e+000  0.000000e+000  0.000000e+000  0.000000e+000  0.000000e+000  0.000000e+000  
0.000000e+000  0.000000e+000  0.000000e+000  0.000000e+000  0.000000e+000  0.000000e+000  0.000000e+000  0.000000e+000  0.000000e+000  0.000000e+000  0.000000e+000  0.000000e+000  0.000000e+000  0.000000e+000  0.000000e+000  0.000000e+000  0.000000e+000  
0.000000e+000  0.000000e+000  0.000000e+000  0.000000e+000  0.000000e+000  0.000000e+000  0.000000e+000  0.000000e+000  0.000000e+000  0.000000e+000  0.000000e+000  0.000000e+000  0.000000e+000  0.000000e+000  0.000000e+000  0.000000e+000  0.000000e+000  
0.000000e+000  0.000000e+000  0.000000e+000  0.000000e+000  0.000000e+000  0.000000e+000  0.000000e+000  0.000000e+000  0.000000e+000  0.000000e+000  0.000000e+000  0.000000e+000  0.000000e+000  0.000000e+000  0.000000e+000  0.000000e+000  0.000000e+000  
0.000000e+000  0.000000e+000  0.000000e+000  0.000000e+000  0.000000e+000  0.000000e+000  0.000000e+000  0.000000e+000  0.000000e+000  0.000000e+000  0.000000e+000  0.000000e+000  0.000000e+000  0.000000e+000  0.000000e+000  0.000000e+000  0.000000e+000  
0.000000e+000  0.000000e+000  0.000000e+000  0.000000e+000  0.000000e+000  0.000000e+000  0.000000e+000  0.000000e+000  0.000000e+000  0.000000e+000  0.000000e+000  0.000000e+000  0.000000e+000  0.000000e+000  0.000000e+000  0.000000e+000  0.000000e+000  
0.000000e+000  0.000000e+000  0.000000e+000  0.000000e+000  0.000000e+000  0.000000e+000  0.000000e+000  0.000000e+000  0.000000e+000  0.000000e+000  0.000000e+000  0.000000e+000  0.000000e+000  0.000000e+000  0.000000e+000  0.000000e+000  0.000000e+000  
0.000000e+000  0.000000e+000  0.000000e+000  0.000000e+000  0.000000e+000  0.000000e+000  0.000000e+000  0.000000e+000  0.000000e+000  0.000000e+000  0.000000e+000  0.000000e+000  0.000000e+000  0.000000e+000  0.000000e+000  0.000000e+000  0.000000e+000  
0.000000e+000  0.000000e+000  0.000000e+000  0.000000e+000  0.000000e+000  0.000000e+000  0.000000e+000  0.000000e+000  0.000000e+000  0.000000e+000  0.000000e+000  0.000000e+000  0.000000e+000  0.000000e+000  0.000000e+000  0.000000e+000  0.000000e+000  
0.000000e+000  0.000000e+000  0.000000e+000  0.000000e+000  0.000000e+000  0.000000e+000  0.000000e+000  0.000000e+000  0.000000e+000  0.000000e+000  0.000000e+000  0.000000e+000  0.000000e+000  0.000000e+000  0.000000e+000  0.000000e+000  0.000000e+000  
0.000000e+000  0.000000e+000  0.000000e+000  0.000000e+000  0.000000e+000  0.000000e+000  0.000000e+000  0.000000e+000  0.000000e+000  0.000000e+000  0.000000e+000  0.000000e+000  0.000000e+000  0.000000e+000  0.000000e+000  0.000000e+000  0.000000e+000  
0.000000e+000  0.000000e+000  0.000000e+000  0.000000e+000  0.000000e+000  0.000000e+000  0.000000e+000  0.000000e+000  0.000000e+000  0.000000e+000  0.000000e+000  0.000000e+000  0.000000e+000  0.000000e+000  0.000000e+000  0.000000e+000  0.000000e+000  
0.000000e+000  0.000000e+000  0.000000e+000  0.000000e+000  0.000000e+000  0.000000e+000  0.000000e+000  0.000000e+000  0.000000e+000  0.000000e+000  0.000000e+000  0.000000e+000  0.000000e+000  0.000000e+000  0.000000e+000  0.000000e+000  0.000000e+000  
0.000000e+000  0.000000e+000  0.000000e+000  0.000000e+000  0.000000e+000  0.000000e+000  0.000000e+000  0.000000e+000  0.000000e+000  0.000000e+000  0.000000e+000  0.000000e+000  0.000000e+000  0.000000e+000  0.000000e+000  0.000000e+000  0.000000e+000  
0.000000e+000  0.000000e+000  0.000000e+000  0.000000e+000  0.000000e+000  0.000000e+000  0.000000e+000  0.000000e+000  0.000000e+000  0.000000e+000  0.000000e+000  0.000000e+000  0.000000e+000  0.000000e+000  0.000000e+000  0.000000e+000  0.000000e+000  
0.000000e+000  0.000000e+000  0.000000e+000  0.000000e+000  0.000000e+000  0.000000e+000  0.000000e+000  0.000000e+000  0.000000e+000  0.000000e+000  0.000000e+000  0.000000e+000  0.000000e+000  0.000000e+000  0.000000e+000  0.000000e+000  0.000000e+000  
0.000000e+000  0.000000e+000  0.000000e+000  0.000000e+000  0.000000e+000  0.000000e+000  0.000000e+000  0.000000e+000  0.000000e+000  0.000000e+000  0.000000e+000  0.000000e+000  0.000000e+000  0.000000e+000  0.000000e+000  0.000000e+000  0.000000e+000  

0.000000e+000  0.000000e+000  0.000000e+000  0.000000e+000  0.000000e+000  0.000000e+000  0.000000e+000  0.000000e+000  0.000000e+000  0.000000e+000  0.000000e+000  0.000000e+000  0.000000e+000  0.000000e+000  0.000000e+000  0.000000e+000  0.000000e+000  
0.000000e+000  0.000000e+000  0.000000e+000  0.000000e+000  0.000000e+000  0.000000e+000  0.000000e+000  0.000000e+000  0.000000e+000  0.000000e+000  0.000000e+000  0.000000e+000  0.000000e+000  0.000000e+000  0.000000e+000  0.000000e+000  0.000000e+000  
0.000000e+000  0.000000e+000  0.000000e+000  0.000000e+000  0.000000e+000  0.000000e+000  0.000000e+000  0.000000e+000  0.000000e+000  0.000000e+000  0.000000e+000  0.000000e+000  0.000000e+000  0.000000e+000  0.000000e+000  0.000000e+000  0.000000e+000  
0.000000e+000  0.000000e+000  0.000000e+000  0.000000e+000  0.000000e+000  0.000000e+000  0.000000e+000  0.000000e+000  0.000000e+000  0.000000e+000  0.000000e+000  0.000000e+000  0.000000e+000  0.000000e+000  0.000000e+000  0.000000e+000  0.000000e+000  
0.000000e+000  0.000000e+000  0.000000e+000  0.000000e+000  0.000000e+000  0.000000e+000  0.000000e+000  0.000000e+000  0.000000e+000  0.000000e+000  0.000000e+000  0.000000e+000  0.000000e+000  0.000000e+000  0.000000e+000  0.000000e+000  0.000000e+000  
0.000000e+000  0.000000e+000  0.000000e+000  0.000000e+000  0.000000e+000  0.000000e+000  0.000000e+000  0.000000e+000  0.000000e+000  0.000000e+000  0.000000e+000  0.000000e+000  0.000000e+000  0.000000e+000  0.000000e+000  0.000000e+000  0.000000e+000  
0.000000e+000  0.000000e+000  0.000000e+000  0.000000e+000  0.000000e+000  0.000000e+000  0.000000e+000  0.000000e+000  0.000000e+000  0.000000e+000  0.000000e+000  0.000000e+000  0.000000e+000  0.000000e+000  0.000000e+000  0.000000e+000  0.000000e+000  
0.000000e+000  0.000000e+000  0.000000e+000  0.000000e+000  0.000000e+000  0.000000e+000  0.000000e+000  0.000000e+000  0.000000e+000  0.000000e+000  0.000000e+000  0.000000e+000  0.000000e+000  0.000000e+000  0.000000e+000  0.000000e+000  0.000000e+000  
0.000000e+000  0.000000e+000  0.000000e+000  0.000000e+000  0.000000e+000  0.000000e+000  0.000000e+000  0.000000e+000  0.000000e+000  0.000000e+000  0.000000e+000  0.000000e+000  0.000000e+000  0.000000e+000  0.000000e+000  0.000000e+000  0.000000e+000  
0.000000e+000  0.000000e+000  0.000000e+000  0.000000e+000  0.000000e+000  0.000000e+000  0.000000e+000  0.000000e+000  0.000000e+000  0.000000e+000  0.000000e+000  0.000000e+000  0.000000e+000  0.000000e+000  0.000000e+000  0.000000e+000  0.000000e+000  
0.000000e+000  0.000000e+000  0.000000e+000  0.000000e+000  0.000000e+000  0.000000e+000  0.000000e+000  0.000000e+000  0.000000e+000  0.000000e+000  0.000000e+000  0.000000e+000  0.000000e+000  0.000000e+000  0.000000e+000  0.000000e+000  0.000000e+000  
0.000000e+000  0.000000e+000  0.000000e+000  0.000000e+000  0.000000e+000  0.000000e+000  0.000000e+000  0.000000e+000  0.000000e+000  0.000000e+000  0.000000e+000  0.000000e+000  0.000000e+000  0.000000e+000  0.000000e+000  0.000000e+000  0.000000e+000  
0.000000e+000  0.000000e+000  0.000000e+000  0.000000e+000  0.000000e+000  0.000000e+000  0.000000e+000  0.000000e+000  0.000000e+000  0.000000e+000  0.000000e+000  0.000000e+000  0.000000e+000  0.000000e+000  0.000000e+000  0.000000e+000  0.000000e+000  
0.000000e+000  0.000000e+000  0.000000e+000  0.000000e+000  0.000000e+000  0.000000e+000  0.000000e+000  0.000000e+000  0.000000e+000  0.000000e+000  0.000000e+000  0.000000e+000  0.000000e+000  0.000000e+000  0.000000e+000  0.000000e+000  0.000000e+000  
0.000000e+000  0.000000e+000  0.000000e+000  0.000000e+000  0.000000e+000  0.000000e+000  0.000000e+000  0.000000e+000  0.000000e+000  0.000000e+000  0.000000e+000  0.000000e+000  0.000000e+000  0.000000e+000  0.000000e+000  0.000000e+000  0.000000e+000  
0.000000e+000  0.000000e+000  0.000000e+000  0.000000e+000  0.000000e+000  0.000000e+000  0.000000e+000  0.000000e+000  0.000000e+000  0.000000e+000  0.000000e+000  0.000000e+000  0.000000e+000  0.000000e+000  0.000000e+000  0.000000e+000  0.000000e+000  
0.000000e+000  0.000000e+000  0.000000e+000  0.000000e+000  0.000000e+000  0.000000e+000  0.000000e+000  0.000000e+000  0.000000e+000  0.000000e+000  0.000000e+000  0.000000e+000  0.000000e+000  0.000000e+000  0.000000e+000  0.000000e+000  0.000000e+000  
0.000000e+000  0.000000e+000  0.000000e+000  0.000000e+000  0.000000e+000  0.000000e+000  0.000000e+000  0.000000e+000  0.000000e+000  0.000000e+000  0.000000e+000  0.000000e+000  0.000000e+000  0.000000e+000  0.000000e+000  0.000000e+000  0.000000e+000  
0.000000e+000  0.000000e+000  0.000000e+000  0.000000e+000  0.000000e+000  0.000000e+000  0.000000e+000  0.000000e+000  0.000000e+000  0.000000e+000  0.000000e+000  0.000000e+000  0.000000e+000  0.000000e+000  0.000000e+000  0.000000e+000  0.000000e+000  
0.000000e+000  0.000000e+000  0.000000e+000  0.000000e+000  0.000000e+000  0.000000e+000  0.000000e+000  0.000000e+000  0.000000e+000  0.000000e+000  0.000000e+000  0.000000e+000  0.000000e+000  0.000000e+000  0.000000e+000  0.000000e+000  0.000000e+000  
0.000000e+000  0.000000e+000  0.000000e+000  0.000000e+000  0.000000e+000  0.000000e+000  0.000000e+000  0.000000e+000  0.000000e+000  0.000000e+000  0.000000e+000  0.000000e+000  0.000000e+000  0.000000e+000  0.000000e+000  0.000000e+000  0.000000e+000  
0.000000e+000  0.000000e+000  0.000000e+000  0.000000e+000  0.000000e+000  0.000000e+000  0.000000e+000  0.000000e+000  0.000000e+000  0.000000e+000  0.000000e+000  0.000000e+000  0.000000e+000  0.000000e+000  0.000000e+000  0.000000e+000  0.000000e+000  
0.000000e+000  0.000000e+000  0.000000e+000  0.000000e+000  0.000000e+000  0.000000e+000  0.000000e+000  0.000000e+000  0.000000e+000  0.000000e+000  0.000000e+000  0.000000e+000  0.000000e+000  0.000000e+000  0.000000e+000  0.000000e+000  0.000000e+000  
0.000000e+000  0.000000e+000  0.000000e+000  0.000000e+000  0.000000e+000  0.000000e+000  0.000000e+000  0.000000e+000  0.000000e+000  0.000000e+000  0.000000e+000  0.000000e+000  0.000000e+000  0.000000e+000  0.000000e+000  0.000000e+000  0.000000e+000  
0.000000e+000  0.000000e+000  0.000000e+000  0.000000e+000  0.000000e+000  0.000000e+000  0.000000e+000  0.000000e+000  0.000000e+000  0.000000e+000  0.000000e+000  0.000000e+000  0.000000e+000  0.000000e+000  0.000000e+000  0.000000e+000  0.000000e+000  
0.000000e+000  0.000000e+000  0.000000e+000  0.000000e+000  0.000000e+000  0.000000e+000  0.000000e+000  0.000000e+000  0.000000e+000  0.000000e+000  0.000000e+000  0.000000e+000  0.000000e+000  0.000000e+000  0.000000e+000  0.000000e+000  0.000000e+000  
0.000000e+000  0.000000e+000  0.000000e+000  0.000000e+000  0.000000e+000  0.000000e+000  0.000000e+000  0.000000e+000  0.000000e+000  0.000000e+000  0.000000e+000  0.000000e+000  0.000000e+000  0.000000e+000  0.000000e+000  0.000000e+000  0.000000e+000  
0.000000e+000  0.000000e+000  0.000000e+000  0.000000e+000  0.000000e+000  0.000000e+000  0.000000e+000  0.000000e+000  0.000000e+000  0.000000e+000  0.000000e+000  0.000000e+000  0.000000e+000  0.000000e+000  0.000000e+000  0.000000e+000  0.000000e+000  
0.000000e+000  0.000000e+000  0.000000e+000  0.000000e+000  0.000000e+000  0.000000e+000  0.000000e+000  0.000000e+000  0.000000e+000  0.000000e+000  0.000000e+000  0.000000e+000  0.000000e+000  0.000000e+000  0.000000e+000  0.000000e+000  0.000000e+000  
0.000000e+000  0.000000e+000  0.000000e+000  0.000000e+000  0.000000e+000  0.000000e+000  0.000000e+000  0.000000e+000  0.000000e+000  0.000000e+000  0.000000e+000  0.000000e+000  0.000000e+000  0.000000e+000  0.000000e+000  0.000000e+000  0.000000e+000  
0.000000e+000  0.000000e+000  0.000000e+000  0.000000e+000  0.000000e+000  0.000000e+000  0.000000e+000  0.000000e+000  0.000000e+000  0.000000e+000  0.000000e+000  0.000000e+000  0.000000e+000  0.000000e+000  0.000000e+000  0.000000e+000  0.000000e+000  
0.000000e+000  0.000000e+000  0.000000e+000  0.000000e+000  0.000000e+000  0.000000e+000  0.000000e+000  0.000000e+000  0.000000e+000  0.000000e+000  0.000000e+000  0.000000e+000  0.000000e+000  0.000000e+000  0.000000e+000  0.000000e+000  0.000000e+000  
0.000000e+000  0.000000e+000  0.000000e+000  0.000000e+000  0.000000e+000  0.000000e+000  0.000000e+000  0.000000e+000  0.000000e+000  0.000000e+000  0.000000e+000  0.000000e+000  0.000000e+000  0.000000e+000  0.000000e+000  0.000000e+000  0.000000e+000  
0.000000e+000  0.000000e+000  0.000000e+000  0.000000e+000  0.000000e+000  0.000000e+000  0.000000e+000  0.000000e+000  0.000000e+000  0.000000e+000  0.000000e+000  0.000000e+000  0.000000e+000  0.000000e+000  0.000000e+000  0.000000e+000  0.000000e+000  
0.000000e+000  0.000000e+000  0.000000e+000  0.000000e+000  0.000000e+000  0.000000e+000  0.000000e+000  0.000000e+000  0.000000e+000  0.000000e+000  0.000000e+000  0.000000e+000  0.000000e+000  0.000000e+000  0.000000e+000  0.000000e+000  0.000000e+000  

1.044899e-001  1.039106e-001  1.027569e-001  1.010385e-001  9.843542e-002  9.501492e-002  9.118222e-002  8.701038e-002  8.257255e-002  7.793925e-002  7.317618e-002  6.834260e-002  6.106399e-002  5.154552e-002  3.546259e-002  1.195313e-002  0.000000e+000  
3.120652e-001  3.102675e-001  3.066749e-001  3.012964e-001  2.925394e-001  2.806000e-001  2.673967e-001  2.532378e-001  2.384194e-001  2.232131e-001  2.078581e-001  1.925569e-001  1.699320e-001  1.413992e-001  9.479562e-002  3.117092e-002  0.000000e+000  
5.231609e-001  5.203243e-001  5.145734e-001  5.057709e-001  4.885444e-001  4.631997e-001  4.358118e-001  4.072011e-001  3.780939e-001  3.490951e-001  3.206797e-001  2.931982e-001  2.537357e-001  2.066825e-001  1.336252e-001  4.258058e-002  0.000000e+000  
7.102125e-001  7.078763e-001  7.027884e-001  6.941820e-001  6.669878e-001  6.215580e-001  5.740511e-001  5.262472e-001  4.795123e-001  4.347928e-001  3.926709e-001  3.534439e-001  2.990810e-001  2.382236e-001  1.487027e-001  4.610600e-002  0.000000e+000  
8.453084e-001  8.454330e-001  8.447189e-001  8.413312e-001  8.057813e-001  7.384768e-001  6.702603e-001  6.040052e-001  5.415361e-001  4.838082e-001  4.311633e-001  3.835567e-001  3.193047e-001  2.504427e-001  1.527420e-001  4.653144e-002  0.000000e+000  
9.381922e-001  9.434731e-001  9.523636e-001  9.614439e-001  9.188963e-001  8.254516e-001  7.345443e-001  6.500932e-001  5.737517e-001  5.057743e-001  4.457073e-001  3.928082e-001  3.229894e-001  2.505829e-001  1.504556e-001  4.531103e-002  0.000000e+000  
9.863891e-001  9.959307e-001  1.013003e+000  1.033162e+000  9.863701e-001  8.738991e-001  7.676085e-001  6.717381e-001  5.873070e-001  5.137419e-001  4.498772e-001  3.944387e-001  3.221390e-001  2.484437e-001  1.479061e-001  4.426350e-002  0.000000e+000  
1.026697e+000  1.042107e+000  1.070918e+000  1.107869e+000  1.056433e+000  9.192566e-001  7.948509e-001  6.868437e-001  5.946067e-001  5.161158e-001  4.491912e-001  3.919045e-001  3.180343e-001  2.439195e-001  1.440567e-001  4.285552e-002  0.000000e+000  
1.054405e+000  1.077289e+000  1.122045e+000  1.183964e+000  1.127060e+000  9.574604e-001  8.125733e-001  6.927268e-001  5.938639e-001  5.117364e-001  4.428944e-001  3.847047e-001  3.104108e-001  2.368817e-001  1.388786e-001  4.108650e-002  0.000000e+000  
1.062125e+000  1.092023e+000  1.153469e+000  1.246134e+000  1.182902e+000  9.774909e-001  8.149765e-001  6.871533e-001  5.848459e-001  5.013971e-001  4.322688e-001  3.743221e-001  3.008161e-001  2.287246e-001  1.333605e-001  3.928580e-002  0.000000e+000  
1.056789e+000  1.091793e+000  1.167034e+000  1.290996e+000  1.220427e+000  9.814481e-001  8.068827e-001  6.752218e-001  5.720456e-001  4.888402e-001  4.203898e-001  3.632894e-001  2.911370e-001  2.207842e-001  1.282014e-001  3.764209e-002  0.000000e+000  
1.037821e+000  1.075909e+000  1.161662e+000  1.320219e+000  1.238595e+000  9.664987e-001  7.862598e-001  6.550304e-001  5.534954e-001  4.720628e-001  4.052827e-001  3.497099e-001  2.796415e-001  2.115961e-001  1.224152e-001  3.583432e-002  0.000000e+000  
1.004033e+000  1.041505e+000  1.128064e+000  1.309358e+000  1.211339e+000  9.244067e-001  7.512682e-001  6.262079e-001  5.291480e-001  4.510886e-001  3.869840e-001  3.336195e-001  2.663602e-001  2.011847e-001  1.160181e-001  3.386787e-002  0.000000e+000  
9.474445e-001  9.789482e-001  1.045831e+000  1.152332e+000  1.016637e+000  8.356819e-001  6.938243e-001  5.829658e-001  4.942525e-001  4.218719e-001  3.619946e-001  3.119648e-001  2.488012e-001  1.876189e-001  1.078443e-001  3.138900e-002  0.000000e+000  
8.606005e-001  8.825762e-001  9.239736e-001  9.715245e-001  8.076320e-001  7.136340e-001  6.118583e-001  5.219506e-001  4.458605e-001  3.819922e-001  3.283418e-001  2.831314e-001  2.257756e-001  1.700731e-001  9.748291e-002  2.829277e-002  0.000000e+000  
7.072174e-001  7.175481e-001  7.344922e-001  7.494135e-001  5.773125e-001  5.376480e-001  4.800110e-001  4.198533e-001  3.639014e-001  3.143485e-001  2.714142e-001  2.345670e-001  1.872964e-001  1.410063e-001  8.056564e-002  2.329576e-002  0.000000e+000  
3.008007e-001  3.020308e-001  3.038729e-001  3.052777e-001  2.073701e-001  1.997926e-001  1.863055e-001  1.696080e-001  1.518347e-001  1.343870e-001  1.180612e-001  1.032325e-001  8.339874e-002  6.309440e-002  3.599495e-002  1.033986e-002  0.000000e+000  
-3.008007e-001  -3.020308e-001  -3.038729e-001  -3.052777e-001  -2.073701e-001  -1.997926e-001  -1.863055e-001  -1.696080e-001  -1.518347e-001  -1.343870e-001  -1.180612e-001  -1.032325e-001  -8.339874e-002  -6.309440e-002  -3.599495e-002  -1.033986e-002  0.000000e+000  
-7.072174e-001  -7.175481e-001  -7.344922e-001  -7.494135e-001  -5.773125e-001  -5.376480e-001  -4.800110e-001  -4.198533e-001  -3.639014e-001  -3.143485e-001  -2.714142e-001  -2.345670e-001  -1.872964e-001  -1.410063e-001  -8.056564e-002  -2.329576e-002  0.000000e+000  
-8.606005e-001  -8.825762e-001  -9.239736e-001  -9.715245e-001  -8.076320e-001  -7.136340e-001  -6.118583e-001  -5.219506e-001  -4.458605e-001  -3.819922e-001  -3.283418e-001  -2.831314e-001  -2.257756e-001  -1.700731e-001  -9.748291e-002  -2.829278e-002  0.000000e+000  
-9.474445e-001  -9.789482e-001  -1.045831e+000  -1.152332e+000  -1.016637e+000  -8.356819e-001  -6.938243e-001  -5.829658e-001  -4.942525e-001  -4.218719e-001  -3.619946e-001  -3.119648e-001  -2.488012e-001  -1.876189e-001  -1.078443e-001  -3.138900e-002  0.000000e+000  
-1.004033e+000  -1.041505e+000  -1.128064e+000  -1.309358e+000  -1.211339e+000  -9.244067e-001  -7.512682e-001  -6.262079e-001  -5.291480e-001  -4.510886e-001  -3.869840e-001  -3.336195e-001  -2.663602e-001  -2.011847e-001  -1.160181e-001  -3.386787e-002  0.000000e+000  
-1.037821e+000  -1.075909e+000  -1.161662e+000  -1.320219e+000  -1.238595e+000  -9.664987e-001  -7.862598e-001  -6.550304e-001  -5.534954e-001  -4.720628e-001  -4.052827e-001  -3.497099e-001  -2.796415e-001  -2.115961e-001  -1.224152e-001  -3.583432e-002  0.000000e+000  
-1.056789e+000  -1.091793e+000  -1.167034e+000  -1.290996e+000  -1.220427e+000  -9.814481e-001  -8.068827e-001  -6.752218e-001  -5.720456e-001  -4.888402e-001  -4.203898e-001  -3.632894e-001  -2.911370e-001  -2.207842e-001  -1.282014e-001  -3.764209e-002  0.000000e+000  
-1.062125e+000  -1.092023e+000  -1.153469e+000  -1.246134e+000  -1.182902e+000  -9.774909e-001  -8.149765e-001  -6.871533e-001  -5.848459e-001  -5.013971e-001  -4.322688e-001  -3.743221e-001  -3.008161e-001  -2.287246e-001  -1.333605e-001  -3.928580e-002  0.000000e+000  
-1.054405e+000  -1.077289e+000  -1.122045e+000  -1.183964e+000  -1.127060e+000  -9.574604e-001  -8.125733e-001  -6.927268e-001  -5.938639e-001  -5.117364e-001  -4.428944e-001  -3.847047e-001  -3.104108e-001  -2.368817e-001  -1.388786e-001  -4.108650e-002  0.000000e+000  
-1.026697e+000  -1.042107e+000  -1.070918e+000  -1.107869e+000  -1.056433e+000  -9.192566e-001  -7.948509e-001  -6.868437e-001  -5.946067e-001  -5.161158e-001  -4.491912e-001  -3.919045e-001  -3.180343e-001  -2.439195e-001  -1.440567e-001  -4.285552e-002  0.000000e+000  
-9.863891e-001  -9.959307e-001  -1.013003e+000  -1.033162e+000  -9.863701e-001  -8.738991e-001  -7.676085e-001  -6.717381e-001  -5.873070e-001  -5.137419e-001  -4.498772e-001  -3.944387e-001  -3.221390e-001  -2.484437e-001  -1.479061e-001  -4.426350e-002  0.000000e+000  
-9.381922e-001  -9.434731e-001  -9.523636e-001  -9.614439e-001  -9.188963e-001  -8.254516e-001  -7.345443e-001  -6.500932e-001  -5.737517e-001  -5.057743e-001  -4.457073e-001  -3.928082e-001  -3.229894e-001  -2.505829e-001  -1.504556e-001  -4.531103e-002  0.000000e+000  
-8.453084e-001  -8.454330e-001  -8.447189e-001  -8.413312e-001  -8.057813e-001  -7.384768e-001  -6.702603e-001  -6.040052e-001  -5.415361e-001  -4.838082e-001  -4.311633e-001  -3.835567e-001  -3.193047e-001  -2.504427e-001  -1.527420e-001  -4.653144e-002  0.000000e+000  
-7.102125e-001  -7.078763e-001  -7.027884e-001  -6.941820e-001  -6.669878e-001  -6.215580e-001  -5.740511e-001  -5.262472e-001  -4.795123e-001  -4.347928e-001  -3.926709e-001  -3.534439e-001  -2.990810e-001  -2.382236e-001  -1.487027e-001  -4.610600e-002  0.000000e+000  
-5.231609e-001  -5.203243e-001  -5.145734e-001  -5.057709e-001  -4.885444e-001  -4.631997e-001  -4.358118e-001  -4.072011e-001  -3.780939e-001  -3.490951e-001  -3.206797e-001  -2.931982e-001  -2.537357e-001  -2.066825e-001  -1.336252e-001  -4.258058e-002  0.000000e+000  
-3.120652e-001  -3.102675e-001  -3.066749e-001  -3.012964e-001  -2.925394e-001  -2.806000e-001  -2.673967e-001  -2.532378e-001  -2.384194e-001  -2.232131e-001  -2.078581e-001  -1.925569e-001  -1.699320e-001  -1.413992e-001  -9.479562e-002  -3.117092e-002  0.000000e+000  
-1.044899e-001  -1.039106e-001  -1.027569e-001  -1.010385e-001  -9.843542e-002  -9.501492e-002  -9.118222e-002  -8.701038e-002  -8.257255e-002  -7.793925e-002  -7.317618e-002  -6.834260e-002  -6.106399e-002  -5.154552e-002  -3.546259e-002  -1.195313e-002  0.000000e+000  
0.000000e+000  0.000000e+000  0.000000e+000  0.000000e+000  0.000000e+000  0.000000e+000  0.000000e+000  0.000000e+000  0.000000e+000  0.000000e+000  0.000000e+000  0.000000e+000  0.000000e+000  0.000000e+000  0.000000e+000  0.000000e+000  0.000000e+000  

