2025-10-20 15:28:38   Build version: 2025.4 Release from 2025-04-11 (change 1409410)

2025-10-20 15:28:38   Starting adaptive port meshing.

                      ------------------------------------------------------------------------------
2025-10-20 15:28:38   Mode calculation for port 1:

                      ------------------------------------------------------------------------------
2025-10-20 15:28:39   According to the selected features the <Time Domain Solver (HEX)> will be
                      started.

                      ------------------------------------------------------------------------------
2025-10-20 15:28:39   

                      ------------------------------------------------------------------------------
2025-10-20 15:28:39   

                      ------------------------------------------------------------------------------
2025-10-20 15:28:47   Using Generalized port mode solver.

                      ------------------------------------------------------------------------------
2025-10-20 15:28:47   Using electric shielding for port 1.

                      ------------------------------------------------------------------------------
2025-10-20 15:28:51   Port mode solver: Detected dispersive material(s) at port 1. 
                      Using a constant approximation of dispersive material(s) at 2.4 GHz and neglecting loss terms.  More...

                      ------------------------------------------------------------------------------
2025-10-20 15:28:53     -------------------------------- F-Calc 2.4 --------------------------------
                        Port   Mode   Type        Z-Wave        Z-Wave-Sigma  Z-Line        F-Cutoff
                        1      1      QTEM        215           0             72.1          ---
                        ----------------------------------------------------------------------------

2025-10-20 15:28:58   Pass 1 successfully completed. 
2025-10-20 15:28:58   According to the selected features the <Time Domain Solver (HEX)> will be
                      started.

                      ------------------------------------------------------------------------------
2025-10-20 15:28:59   

                      ------------------------------------------------------------------------------
2025-10-20 15:28:59   

                      ------------------------------------------------------------------------------
2025-10-20 15:29:14     -------------------------------- F-Calc 2.4 --------------------------------
                        Port   Mode   Type        Z-Wave        Z-Wave-Sigma  Z-Line        F-Cutoff
                        1      1      QTEM        247           3.88e-009     74            ---
                        ----------------------------------------------------------------------------

2025-10-20 15:29:19   Pass 2 successfully completed. Delta (Line Imp.): 2.51%
2025-10-20 15:29:19   According to the selected features the <Time Domain Solver (HEX)> will be
                      started.

                      ------------------------------------------------------------------------------
2025-10-20 15:29:19   

                      ------------------------------------------------------------------------------
2025-10-20 15:29:19   

                      ------------------------------------------------------------------------------
2025-10-20 15:29:35     -------------------------------- F-Calc 2.4 --------------------------------
                        Port   Mode   Type        Z-Wave        Z-Wave-Sigma  Z-Line        F-Cutoff
                        1      1      QTEM        249           2.98e-008     73.6          ---
                        ----------------------------------------------------------------------------

2025-10-20 15:29:40   Pass 3 successfully completed. Delta (Line Imp.): 0.54%
2025-10-20 15:29:40   According to the selected features the <Time Domain Solver (HEX)> will be
                      started.

                      ------------------------------------------------------------------------------
2025-10-20 15:29:40   

                      ------------------------------------------------------------------------------
2025-10-20 15:29:40   

                      ------------------------------------------------------------------------------
2025-10-20 15:29:57     -------------------------------- F-Calc 2.4 --------------------------------
                        Port   Mode   Type        Z-Wave        Z-Wave-Sigma  Z-Line        F-Cutoff
                        1      1      QTEM        254           2.71e-008     73.4          ---
                        ----------------------------------------------------------------------------

2025-10-20 15:30:02   Pass 4 successfully completed. Delta (Line Imp.): 0.21%
2025-10-20 15:30:02   Adaptive port meshing finished. 

                      ------------------------------------------------------------------------------
2025-10-20 15:30:03   The following farfield monitor(s) have been adjusted to model box [-28.6586,
                      28.6586, -26.6804, 23.4686, -3.41845, 14.83]:
                        farfield (f=2.4417).
                      For further information please check the page "Special Solver Parameters -
                      Solver" in the Online Help.

                      ------------------------------------------------------------------------------
2025-10-20 15:30:03   According to the selected features the <Time Domain Solver (HEX)> will be
                      started.

                      ------------------------------------------------------------------------------
2025-10-20 15:30:03   
                      Solver started at: 2025-10-20 15:30:03 +0200

                        Module:  Time Domain: S-Parameter (Win 64)
                        Version: 2025.4 Release from 2025-04-11 (change 1409410)

2025-10-20 15:30:03   

                      ------------------------------------------------------------------------------
2025-10-20 15:30:03   

                      ------------------------------------------------------------------------------
2025-10-20 15:30:03   ======================================================================
                       Solver cycle: 1
                      ======================================================================

                      Stimulation at port 1 (mode 1) 



                      ------------------------------------------------------------------------------
2025-10-20 15:30:03   Units settings: 

                        Dimensions: mm
                        Frequency:  GHz
                        Time:       ns

                      ------------------------------------------------------------------------------
2025-10-20 15:30:03   The dispersive material update [Automatic] will be performed using the "Standard" update schema

                      ------------------------------------------------------------------------------
2025-10-20 15:30:19   Mesh statistics:

                         Hexahedral mesh type: Perfect Boundary Approximation (PBA)
                            Version: default

                         Parallelization type: domain decomposition
                            Number of parallel working threads: 2
                            Number of calculation domains used: 2

                         Used point accuracy enhancement value: 75.00%.
                         Acceleration mode: CPU
                         PBA fill limit: 99.00% (inverse)
                         Used point accuracy enhancement value: 74.00%.
2025-10-20 10:13:03      current system memory usage reached 75%
2025-10-20 10:15:44      current system memory usage reached 75%
2025-10-20 10:15:43      current system memory usage reached 75%
2025-10-20 10:40:03      current system memory usage reached 80%
2025-10-20 11:33:28      current system memory usage reached 75%
2025-10-20 12:02:04      current system memory usage reached 75%
2025-10-20 13:09:38      current system memory usage reached 75%
2025-10-20 13:09:39      current system memory usage reached 75%
2025-10-20 13:14:46      current system memory usage reached 75%
                         Used point accuracy enhancement value: 72.00%.
2025-10-20 13:20:39      current system memory usage reached 75%
                         Used point accuracy enhancement value: 71.00%.
2025-10-20 13:26:46      current system memory usage reached 75%
2025-10-20 13:45:31      current system memory usage reached 75%
2025-10-20 13:45:55      current system memory usage reached 75%
2025-10-20 13:45:54      current system memory usage reached 75%
2025-10-20 13:56:56      current system memory usage reached 75%
                         Used point accuracy enhancement value: 73.00%.
2025-10-20 14:16:36      current system memory usage reached 80%
2025-10-20 14:22:03      current system memory usage reached 80%
                         Used point accuracy enhancement value: 67.00%.
                         Used point accuracy enhancement value: 64.00%.
                         Used point accuracy enhancement value: 69.00%.

2025-10-20 15:30:23   Using Generalized port mode solver.

                      ------------------------------------------------------------------------------
2025-10-20 15:30:23   Using electric shielding for port 1.

                      ------------------------------------------------------------------------------
2025-10-20 15:30:24   Port mode solver: Detected dispersive material(s) at port 1. 
                      Using a constant approximation of dispersive material(s) at 2.4 GHz and neglecting loss terms.  More...

                      ------------------------------------------------------------------------------
2025-10-20 15:30:24   Boundary conditions: 

                        YZsymmetry: none
                        XZsymmetry: none
                        XYsymmetry: none

                        Xmin: expanded open, 4 Layer, depth 31.8844 mm
                        Xmax: expanded open, 4 Layer, depth 31.8844 mm

                        Ymin: expanded open, 4 Layer, depth 38.4786 mm
                        Ymax: expanded open, 4 Layer, depth 31.8844 mm

                        Zmin: expanded open, 4 Layer, depth 32.1422 mm
                        Zmax: expanded open, 4 Layer, depth 37.0317 mm

                        PML-Type: Convolution PML

                      ------------------------------------------------------------------------------
2025-10-20 15:30:24   Frequency settings: 

                        Fmin:         2.2
                        Fmax:         2.6
                        Nfsteps(lin): 1001

                      ------------------------------------------------------------------------------
2025-10-20 15:30:25   Field update statistics:

                        Number of components in total: 	528576
                        Number of TST and special elements:	405
                        Number of lossy metal components:	9448
                        Number of disp. elements:		9584

                      Subcycling state:      			Automatically deactivated

                      ------------------------------------------------------------------------------
2025-10-20 15:30:25   Waveguide boundaries:

2025-10-20 15:30:25   Port: 1

2025-10-20 15:30:25     -------------------------------- F-Calc 2.4 --------------------------------
                        Port   Mode   Type        Z-Wave        Z-Wave-Sigma  Z-Line        F-Cutoff
                        1      1      QTEM        215           0             73.4          ---
                        ----------------------------------------------------------------------------

2025-10-20 15:30:26   Using standard absorber for unconsidered modes at port 1.

                      ------------------------------------------------------------------------------
2025-10-20 15:31:22   
                      --------------------------------------------------------------------------------
2025-10-20 15:31:22   Steady state energy criterion met, solver finished successfully.

                      ------------------------------------------------------------------------------
2025-10-20 15:31:22   Frequency domain results normalized to default signal.


                      ------------------------------------------------------------------------------
2025-10-20 15:31:22   
                        ----------------------------------------------------------------------------
                                            Peak memory used (kB)         Free physical memory (kB) 
                                                                          At begin     Minimum      
                        ----------------------------------------------------------------------------
                        Matrices calc.      143434                        1989257      1206054      
                        Solver run total    87616                         3423364      3299944      
                        ----------------------------------------------------------------------------

                      --------------------------------------------------------------------------------
                      Solver Statistics:

                        Hardware:
                           Computer name:                 	Heu 

                           Number of CPU threads:               4
                           Hardware info:                  	Hardware Accelerator Device not activated

                        Number of mesh cells:             	84864
                        Excitation duration:              	1.77727437e+001 ns 
                        Calculation time for excitation:  	0 	s
                        Number of calculated pulse widths:	1.08885 
                        Steady state accuracy limit:      	-40	dB 
                        Simulated number of time steps:   	13984 
                        Maximum number of time steps:     	256857 
                        Time step width:
                           without subcycles:             	1.383860004e-003 ns
                           used:                          	1.383860004e-003 ns

                        Matrix calculation time:          	16 	s
                        Solver setup time:                	19 	s
                        Solver loop time:                 	42 	s
                        Solver post-processing time:      	1 	s
                                                          	------------
                        Total solver time:                	78 	s  ( = 0 h, 1 m, 18 s )

                      ------------------------------------------------------------------------------
2025-10-20 15:31:23   
                        Adaptive port meshing time:          	86     	s  ( = 0 h, 1 m, 26 s )
                        Total solver time (all cycles):      	78     	s  ( = 0 h, 1 m, 18 s )
                        Solver initialization and clean-up:  	2      	s
                                                             	------------
                        Total simulation time:               	166    	s  ( = 0 h, 2 m, 46 s )

                      ------------------------------------------------------------------------------
2025-10-20 15:31:23   Solver finished at: 2025-10-20 15:31:23 +0200



                      ------------------------------------------------------------------------------
2025-10-20 15:31:25   Creating parametric 1D results for Run ID 13

                      ------------------------------------------------------------------------------
