Port monitor named: Port1_h1[2.44175].prt

nx        = 39
ny        = 4
nz        = 24

nu        = 22
nv        = 37
iu        = 2
iv        = 2

idir      = 1
dcut      = -4.095000e-002
icut      = 2
type      = 1
frequency = 2.441750e+009

fcutoff   = 0.000000e+000
alpha     = 0.000000e+000
beta      = 9.824971e+001
accuracy  = 1.342940e-009

type          = QTEM
wave imp.     = 2.276555e+002
wave imp.sig. = 1.638744e+001
line imp.     = 5.298976e+001

ref. port     = 0

-0.000000e+000  4.793649e-003  9.559018e-003  1.426810e-002  1.889373e-002  2.340960e-002  2.779094e-002  3.201451e-002  3.605891e-002  4.231879e-002  4.801305e-002  5.309223e-002  5.752408e-002  6.129317e-002  6.439994e-002  6.685906e-002  6.869757e-002  7.062433e-002  7.061000e-002  6.410186e-002  5.088689e-002  4.272759e-002  
-0.000000e+000  1.559966e-002  3.109907e-002  4.639935e-002  6.140437e-002  7.602216e-002  9.016592e-002  1.037552e-001  1.167171e-001  1.366555e-001  1.546210e-001  1.704576e-001  1.840739e-001  1.954395e-001  2.045803e-001  2.115714e-001  2.165287e-001  2.207856e-001  2.189631e-001  1.949215e-001  1.515848e-001  1.259669e-001  
-0.000000e+000  3.376898e-002  6.727828e-002  1.002727e-001  1.325057e-001  1.637436e-001  1.937691e-001  2.223847e-001  2.494152e-001  2.903612e-001  3.263834e-001  3.571887e-001  3.826639e-001  4.028606e-001  4.179718e-001  4.283048e-001  4.342529e-001  4.343493e-001  4.227213e-001  3.598396e-001  2.672223e-001  2.169846e-001  
-0.000000e+000  7.388169e-002  1.469794e-001  2.185270e-001  2.877938e-001  3.541003e-001  4.168328e-001  4.754557e-001  5.295206e-001  6.082859e-001  6.733385e-001  7.244109e-001  7.618320e-001  7.864169e-001  7.993387e-001  8.019993e-001  7.959133e-001  7.620966e-001  7.109982e-001  5.497263e-001  3.709001e-001  2.871356e-001  
-0.000000e+000  1.524180e-001  3.025810e-001  4.482975e-001  5.875010e-001  7.183091e-001  8.390782e-001  9.484492e-001  1.045383e+000  1.177194e+000  1.273463e+000  1.335477e+000  1.366285e+000  1.370087e+000  1.351631e+000  1.315730e+000  1.266905e+000  1.142535e+000  1.007454e+000  6.941575e-001  4.216719e-001  3.104440e-001  
-0.000000e+000  2.778622e-001  5.504410e-001  8.125851e-001  1.059420e+000  1.286506e+000  1.490015e+000  1.666906e+000  1.815077e+000  1.995470e+000  2.098510e+000  2.132340e+000  2.109133e+000  2.042507e+000  1.945523e+000  1.829504e+000  1.703574e+000  1.442763e+000  1.202198e+000  7.506114e-001  4.210422e-001  2.989991e-001  
-0.000000e+000  4.179929e-001  8.272631e-001  1.219151e+000  1.585189e+000  1.917360e+000  2.208492e+000  2.452785e+000  2.646360e+000  2.853045e+000  2.928715e+000  2.895709e+000  2.782563e+000  2.617126e+000  2.422700e+000  2.216834e+000  2.011714e+000  1.627322e+000  1.302250e+000  7.616297e-001  4.055740e-001  2.812757e-001  
-0.000000e+000  5.916459e-001  1.171517e+000  1.727304e+000  2.245849e+000  2.713267e+000  3.115725e+000  3.440952e+000  3.680295e+000  3.882844e+000  3.872611e+000  3.705873e+000  3.443639e+000  3.135784e+000  2.816809e+000  2.507793e+000  2.220154e+000  1.724681e+000  1.334204e+000  7.431262e-001  3.815739e-001  2.603936e-001  
-0.000000e+000  7.354317e-001  1.458459e+000  2.155196e+000  2.809086e+000  3.400424e+000  3.907145e+000  4.307471e+000  4.584564e+000  4.760858e+000  4.641384e+000  4.329485e+000  3.922422e+000  3.488537e+000  3.067857e+000  2.680261e+000  2.333402e+000  1.765081e+000  1.335517e+000  7.209816e-001  3.617012e-001  2.442949e-001  
-0.000000e+000  9.107279e-001  1.812222e+000  2.692058e+000  3.531523e+000  4.303076e+000  4.969638e+000  5.488039e+000  5.819279e+000  5.920473e+000  5.594490e+000  5.045744e+000  4.429289e+000  3.831415e+000  3.290034e+000  2.816376e+000  2.409045e+000  1.774147e+000  1.313199e+000  6.880167e-001  3.376654e-001  2.258558e-001  
-0.000000e+000  1.109360e+000  2.220825e+000  3.331373e+000  4.426641e+000  5.473075e+000  6.409776e+000  7.145920e+000  7.577412e+000  7.486105e+000  6.761155e+000  5.829354e+000  4.921912e+000  4.123964e+000  3.450927e+000  2.892172e+000  2.430097e+000  1.743613e+000  1.263579e+000  6.436730e-001  3.095262e-001  2.051831e-001  
-0.000000e+000  1.280670e+000  2.585168e+000  3.932964e+000  5.331405e+000  6.760153e+000  8.143029e+000  9.309051e+000  9.976640e+000  9.410771e+000  7.974525e+000  6.508782e+000  5.271193e+000  4.282147e+000  3.500615e+000  2.880619e+000  2.384201e+000  1.674514e+000  1.192686e+000  5.939789e-001  2.810241e-001  1.849668e-001  
-0.000000e+000  1.393386e+000  2.836312e+000  4.379883e+000  6.074434e+000  7.954636e+000  9.991098e+000  1.196717e+001  1.325275e+001  1.159065e+001  9.055380e+000  6.976220e+000  5.437943e+000  4.304676e+000  3.454025e+000  2.801740e+000  2.291633e+000  1.582561e+000  1.111646e+000  5.436402e-001  2.538633e-001  1.661345e-001  
-0.000000e+000  1.429374e+000  2.931574e+000  4.592937e+000  6.529753e+000  8.906385e+000  1.193035e+001  1.568839e+001  1.920194e+001  1.427055e+001  9.881684e+000  7.140138e+000  5.377515e+000  4.168903e+000  3.296514e+000  2.643503e+000  2.141284e+000  1.457555e+000  1.011381e+000  4.866508e-001  2.246103e-001  1.462411e-001  
-0.000000e+000  1.352694e+000  2.780632e+000  4.380001e+000  6.305053e+000  8.857406e+000  1.273443e+001  1.978375e+001  3.272783e+001  1.664920e+001  9.778591e+000  6.752317e+000  5.005422e+000  3.844381e+000  3.016105e+000  2.400954e+000  1.931280e+000  1.299527e+000  8.924460e-001  4.234344e-001  1.934565e-001  1.253986e-001  
-0.000000e+000  1.135499e+000  2.312579e+000  3.574056e+000  4.961818e+000  6.500617e+000  8.128854e+000  9.433736e+000  -0.000000e+000  9.022972e+000  7.215997e+000  5.503526e+000  4.215705e+000  3.269000e+000  2.566230e+000  2.036506e+000  1.630600e+000  1.086571e+000  7.391063e-001  3.459848e-001  1.565234e-001  1.010229e-001  
-0.000000e+000  7.935562e-001  1.588295e+000  2.372942e+000  3.103598e+000  3.664266e+000  3.788659e+000  2.917775e+000  -0.000000e+000  3.786544e+000  4.289926e+000  3.743663e+000  3.039023e+000  2.415889e+000  1.914871e+000  1.523303e+000  1.218575e+000  8.071763e-001  5.451838e-001  2.524835e-001  1.133216e-001  7.288693e-002  
-0.000000e+000  2.759895e-001  5.376231e-001  7.654219e-001  9.296129e-001  9.859111e-001  8.762570e-001  5.455703e-001  -0.000000e+000  8.905808e-001  1.299692e+000  1.318130e+000  1.168850e+000  9.764821e-001  7.943990e-001  6.397019e-001  5.140863e-001  3.392952e-001  2.273735e-001  1.038505e-001  4.612589e-002  2.953270e-002  
-0.000000e+000  -2.759895e-001  -5.376231e-001  -7.654219e-001  -9.296129e-001  -9.859111e-001  -8.762570e-001  -5.455703e-001  -0.000000e+000  -8.905808e-001  -1.299692e+000  -1.318130e+000  -1.168850e+000  -9.764821e-001  -7.943990e-001  -6.397019e-001  -5.140863e-001  -3.392952e-001  -2.273735e-001  -1.038505e-001  -4.612589e-002  -2.953270e-002  
-0.000000e+000  -7.935562e-001  -1.588295e+000  -2.372942e+000  -3.103598e+000  -3.664266e+000  -3.788659e+000  -2.917775e+000  -0.000000e+000  -3.786544e+000  -4.289926e+000  -3.743663e+000  -3.039023e+000  -2.415889e+000  -1.914871e+000  -1.523303e+000  -1.218575e+000  -8.071763e-001  -5.451839e-001  -2.524835e-001  -1.133216e-001  -7.288692e-002  
-0.000000e+000  -1.135499e+000  -2.312579e+000  -3.574056e+000  -4.961818e+000  -6.500616e+000  -8.128854e+000  -9.433736e+000  -0.000000e+000  -9.022972e+000  -7.215997e+000  -5.503526e+000  -4.215705e+000  -3.269000e+000  -2.566230e+000  -2.036506e+000  -1.630600e+000  -1.086571e+000  -7.391062e-001  -3.459848e-001  -1.565234e-001  -1.010230e-001  
-0.000000e+000  -1.352695e+000  -2.780632e+000  -4.380001e+000  -6.305053e+000  -8.857406e+000  -1.273443e+001  -1.978375e+001  -3.272783e+001  -1.664920e+001  -9.778591e+000  -6.752317e+000  -5.005422e+000  -3.844381e+000  -3.016105e+000  -2.400954e+000  -1.931280e+000  -1.299527e+000  -8.924460e-001  -4.234344e-001  -1.934564e-001  -1.253986e-001  
-0.000000e+000  -1.429374e+000  -2.931574e+000  -4.592937e+000  -6.529753e+000  -8.906385e+000  -1.193035e+001  -1.568839e+001  -1.920194e+001  -1.427055e+001  -9.881684e+000  -7.140138e+000  -5.377515e+000  -4.168902e+000  -3.296514e+000  -2.643503e+000  -2.141284e+000  -1.457555e+000  -1.011381e+000  -4.866508e-001  -2.246104e-001  -1.462411e-001  
-0.000000e+000  -1.393386e+000  -2.836312e+000  -4.379883e+000  -6.074434e+000  -7.954636e+000  -9.991098e+000  -1.196717e+001  -1.325275e+001  -1.159065e+001  -9.055380e+000  -6.976220e+000  -5.437943e+000  -4.304676e+000  -3.454025e+000  -2.801740e+000  -2.291633e+000  -1.582561e+000  -1.111646e+000  -5.436402e-001  -2.538633e-001  -1.661346e-001  
-0.000000e+000  -1.280670e+000  -2.585168e+000  -3.932964e+000  -5.331405e+000  -6.760153e+000  -8.143029e+000  -9.309051e+000  -9.976640e+000  -9.410771e+000  -7.974525e+000  -6.508782e+000  -5.271193e+000  -4.282147e+000  -3.500615e+000  -2.880620e+000  -2.384201e+000  -1.674514e+000  -1.192686e+000  -5.939789e-001  -2.810241e-001  -1.849667e-001  
-0.000000e+000  -1.109360e+000  -2.220825e+000  -3.331373e+000  -4.426641e+000  -5.473075e+000  -6.409776e+000  -7.145920e+000  -7.577412e+000  -7.486105e+000  -6.761155e+000  -5.829354e+000  -4.921912e+000  -4.123964e+000  -3.450927e+000  -2.892172e+000  -2.430097e+000  -1.743613e+000  -1.263579e+000  -6.436730e-001  -3.095262e-001  -2.051831e-001  
-0.000000e+000  -9.107279e-001  -1.812222e+000  -2.692058e+000  -3.531523e+000  -4.303076e+000  -4.969638e+000  -5.488039e+000  -5.819279e+000  -5.920473e+000  -5.594490e+000  -5.045744e+000  -4.429289e+000  -3.831415e+000  -3.290034e+000  -2.816376e+000  -2.409045e+000  -1.774147e+000  -1.313199e+000  -6.880167e-001  -3.376654e-001  -2.258558e-001  
-0.000000e+000  -7.354318e-001  -1.458459e+000  -2.155196e+000  -2.809086e+000  -3.400424e+000  -3.907145e+000  -4.307471e+000  -4.584564e+000  -4.760858e+000  -4.641384e+000  -4.329485e+000  -3.922422e+000  -3.488537e+000  -3.067857e+000  -2.680261e+000  -2.333402e+000  -1.765081e+000  -1.335517e+000  -7.209816e-001  -3.617012e-001  -2.442949e-001  
-0.000000e+000  -5.916459e-001  -1.171517e+000  -1.727304e+000  -2.245849e+000  -2.713267e+000  -3.115725e+000  -3.440952e+000  -3.680295e+000  -3.882844e+000  -3.872611e+000  -3.705873e+000  -3.443639e+000  -3.135784e+000  -2.816809e+000  -2.507793e+000  -2.220154e+000  -1.724681e+000  -1.334204e+000  -7.431262e-001  -3.815739e-001  -2.603937e-001  
-0.000000e+000  -4.179929e-001  -8.272631e-001  -1.219151e+000  -1.585189e+000  -1.917360e+000  -2.208492e+000  -2.452785e+000  -2.646360e+000  -2.853045e+000  -2.928715e+000  -2.895709e+000  -2.782563e+000  -2.617126e+000  -2.422700e+000  -2.216834e+000  -2.011714e+000  -1.627322e+000  -1.302250e+000  -7.616297e-001  -4.055740e-001  -2.812757e-001  
-0.000000e+000  -2.778623e-001  -5.504410e-001  -8.125851e-001  -1.059420e+000  -1.286506e+000  -1.490015e+000  -1.666906e+000  -1.815077e+000  -1.995470e+000  -2.098510e+000  -2.132340e+000  -2.109133e+000  -2.042507e+000  -1.945523e+000  -1.829504e+000  -1.703574e+000  -1.442763e+000  -1.202198e+000  -7.506114e-001  -4.210422e-001  -2.989991e-001  
-0.000000e+000  -1.524179e-001  -3.025810e-001  -4.482975e-001  -5.875010e-001  -7.183091e-001  -8.390782e-001  -9.484492e-001  -1.045383e+000  -1.177194e+000  -1.273463e+000  -1.335477e+000  -1.366285e+000  -1.370087e+000  -1.351631e+000  -1.315730e+000  -1.266905e+000  -1.142535e+000  -1.007454e+000  -6.941575e-001  -4.216719e-001  -3.104440e-001  
-0.000000e+000  -7.388169e-002  -1.469794e-001  -2.185270e-001  -2.877938e-001  -3.541003e-001  -4.168328e-001  -4.754557e-001  -5.295206e-001  -6.082859e-001  -6.733385e-001  -7.244109e-001  -7.618320e-001  -7.864169e-001  -7.993387e-001  -8.019993e-001  -7.959133e-001  -7.620966e-001  -7.109982e-001  -5.497263e-001  -3.709001e-001  -2.871356e-001  
-0.000000e+000  -3.376898e-002  -6.727828e-002  -1.002727e-001  -1.325057e-001  -1.637436e-001  -1.937691e-001  -2.223847e-001  -2.494152e-001  -2.903612e-001  -3.263834e-001  -3.571887e-001  -3.826639e-001  -4.028606e-001  -4.179718e-001  -4.283048e-001  -4.342529e-001  -4.343493e-001  -4.227213e-001  -3.598396e-001  -2.672223e-001  -2.169846e-001  
-0.000000e+000  -1.559968e-002  -3.109906e-002  -4.639933e-002  -6.140439e-002  -7.602215e-002  -9.016591e-002  -1.037553e-001  -1.167171e-001  -1.366555e-001  -1.546210e-001  -1.704576e-001  -1.840739e-001  -1.954395e-001  -2.045803e-001  -2.115714e-001  -2.165287e-001  -2.207856e-001  -2.189631e-001  -1.949215e-001  -1.515848e-001  -1.259669e-001  
-0.000000e+000  -4.793653e-003  -9.559015e-003  -1.426811e-002  -1.889371e-002  -2.340962e-002  -2.779094e-002  -3.201450e-002  -3.605892e-002  -4.231879e-002  -4.801305e-002  -5.309224e-002  -5.752408e-002  -6.129318e-002  -6.439994e-002  -6.685906e-002  -6.869757e-002  -7.062433e-002  -7.061000e-002  -6.410186e-002  -5.088689e-002  -4.272758e-002  
-0.000000e+000  -0.000000e+000  -0.000000e+000  -0.000000e+000  -0.000000e+000  -0.000000e+000  -0.000000e+000  -0.000000e+000  -0.000000e+000  -0.000000e+000  -0.000000e+000  -0.000000e+000  -0.000000e+000  -0.000000e+000  -0.000000e+000  -0.000000e+000  -0.000000e+000  -0.000000e+000  -0.000000e+000  -0.000000e+000  -0.000000e+000  -0.000000e+000  

-1.060565e+000  -1.058653e+000  -1.054840e+000  -1.049144e+000  -1.041592e+000  -1.032220e+000  -1.021074e+000  -1.008205e+000  -9.912796e-001  -9.687822e-001  -9.433958e-001  -9.154332e-001  -8.852232e-001  -8.531022e-001  -8.194060e-001  -7.844628e-001  -7.306491e-001  -6.569398e-001  -5.284269e-001  -3.269789e-001  -1.065878e-001  -0.000000e+000  
-1.098746e+000  -1.096638e+000  -1.092435e+000  -1.086159e+000  -1.077845e+000  -1.067538e+000  -1.055294e+000  -1.041178e+000  -1.022493e+000  -9.975784e-001  -9.695620e-001  -9.388270e-001  -9.057714e-001  -8.707966e-001  -8.342973e-001  -7.966528e-001  -7.390034e-001  -6.609561e-001  -5.264470e-001  -3.214705e-001  -1.037576e-001  -0.000000e+000  
-1.222341e+000  -1.219540e+000  -1.213957e+000  -1.205636e+000  -1.194638e+000  -1.181043e+000  -1.164948e+000  -1.146468e+000  -1.121625e+000  -1.088285e+000  -1.051170e+000  -1.010926e+000  -9.682046e-001  -9.236386e-001  -8.778260e-001  -8.313160e-001  -7.612417e-001  -6.695507e-001  -5.168189e-001  -3.026943e-001  -9.470331e-002  -0.000000e+000  
-1.590393e+000  -1.585096e+000  -1.574564e+000  -1.558921e+000  -1.538346e+000  -1.513072e+000  -1.483381e+000  -1.449594e+000  -1.403160e+000  -1.340571e+000  -1.272420e+000  -1.200392e+000  -1.126084e+000  -1.050947e+000  -9.762454e-001  -9.030298e-001  -7.966912e-001  -6.679756e-001  -4.700383e-001  -2.430459e-001  -6.910294e-002  -0.000000e+000  
-2.255083e+000  -2.243432e+000  -2.220333e+000  -2.186189e+000  -2.141587e+000  -2.087281e+000  -2.024170e+000  -1.953267e+000  -1.854748e+000  -1.723288e+000  -1.584776e+000  -1.443824e+000  -1.304424e+000  -1.169799e+000  -1.042355e+000  -9.237243e-001  -7.604185e-001  -5.840120e-001  -3.432457e-001  -1.371359e-001  -3.110312e-002  -0.000000e+000  
-3.344435e+000  -3.317895e+000  -3.265430e+000  -3.188256e+000  -3.088163e+000  -2.967458e+000  -2.828894e+000  -2.675568e+000  -2.462763e+000  -2.185765e+000  -1.906619e+000  -1.637040e+000  -1.385680e+000  -1.158031e+000  -9.568028e-001  -7.825175e-001  -5.599770e-001  -3.549974e-001  -1.212672e-001  1.663788e-003  1.158122e-002  -0.000000e+000  
-4.310728e+000  -4.266860e+000  -4.180167e+000  -4.052765e+000  -3.887858e+000  -3.689741e+000  -3.463728e+000  -3.215975e+000  -2.873993e+000  -2.439802e+000  -2.019560e+000  -1.633095e+000  -1.292006e+000  -1.000737e+000  -7.585824e-001  -5.617095e-001  -3.262646e-001  -1.369141e-001  4.466427e-002  8.734125e-002  3.531065e-002  -0.000000e+000  
-5.743331e+000  -5.670935e+000  -5.527388e+000  -5.315420e+000  -5.039680e+000  -4.707214e+000  -4.327793e+000  -3.913840e+000  -3.345541e+000  -2.646154e+000  -2.005104e+000  -1.454688e+000  -1.005252e+000  -6.522565e-001  -3.835942e-001  -1.847772e-001  2.962577e-002  1.650087e-001  2.464751e-001  1.808613e-001  5.965259e-002  -0.000000e+000  
-6.721666e+000  -6.630542e+000  -6.448677e+000  -6.177430e+000  -5.820273e+000  -5.384306e+000  -4.881771e+000  -4.330841e+000  -3.574748e+000  -2.666033e+000  -1.870276e+000  -1.224465e+000  -7.282106e-001  -3.620898e-001  -1.009858e-001  7.897033e-002  2.571589e-001  3.442062e-001  3.550416e-001  2.274502e-001  7.127448e-002  -0.000000e+000  
-7.931042e+000  -7.820239e+000  -7.596639e+000  -7.257315e+000  -6.800679e+000  -6.230023e+000  -5.558010e+000  -4.810665e+000  -3.780761e+000  -2.581634e+000  -1.595808e+000  -8.544967e-001  -3.293273e-001  2.656668e-002  2.578574e-001  4.002915e-001  5.202696e-001  5.426579e-001  4.684731e-001  2.739101e-001  8.256353e-002  -0.000000e+000  
-9.421433e+000  -9.296098e+000  -9.038322e+000  -8.635107e+000  -8.070713e+000  -7.333139e+000  -6.425249e+000  -5.379671e+000  -3.916303e+000  -2.298539e+000  -1.092573e+000  -2.818998e-001  2.284959e-001  5.324147e-001  7.004462e-001  7.806288e-001  8.161040e-001  7.567706e-001  5.843534e-001  3.193557e-001  9.333916e-002  -0.000000e+000  
-1.122955e+001  -1.110791e+001  -1.084933e+001  -1.042265e+001  -9.781409e+000  -8.869830e+000  -7.642836e+000  -6.111719e+000  -3.867563e+000  -1.629880e+000  -2.184172e-001  5.728614e-001  9.806486e-001  1.166434e+000  1.226156e+000  1.214696e+000  1.137602e+000  9.807325e-001  6.996610e-001  3.628158e-001  1.034156e-001  -0.000000e+000  
-1.284549e+001  -1.275377e+001  -1.254962e+001  -1.218683e+001  -1.158457e+001  -1.061768e+001  -9.123282e+000  -6.975196e+000  -3.474019e+000  -5.757962e-001  8.623158e-001  1.485450e+000  1.709060e+000  1.741011e+000  1.681083e+000  1.578208e+000  1.396548e+000  1.155808e+000  7.863466e-001  3.944817e-001  1.106286e-001  -0.000000e+000  
-1.460038e+001  -1.457057e+001  -1.449219e+001  -1.431811e+001  -1.394808e+001  -1.317741e+001  -1.161063e+001  -8.607908e+000  -2.256334e+000  1.305663e+000  2.405378e+000  2.625153e+000  2.546859e+000  2.368434e+000  2.161092e+000  1.952748e+000  1.655898e+000  1.327302e+000  8.687464e-001  4.238480e-001  1.172241e-001  -0.000000e+000  
-1.639834e+001  -1.645938e+001  -1.657953e+001  -1.674889e+001  -1.692703e+001  -1.696302e+001  -1.631152e+001  -1.300954e+001  1.422071e+000  4.583380e+000  4.448272e+000  3.934962e+000  3.442536e+000  3.013288e+000  2.642620e+000  2.322226e+000  1.906453e+000  1.490082e+000  9.449927e-001  4.504390e-001  1.231220e-001  -0.000000e+000  
-1.809879e+001  -1.825368e+001  -1.858757e+001  -1.916275e+001  -2.012196e+001  -2.180609e+001  -2.509921e+001  -3.250312e+001  1.873441e+001  9.731607e+000  6.707495e+000  5.234665e+000  4.303915e+000  3.626263e+000  3.096812e+000  2.668232e+000  2.138292e+000  1.638813e+000  1.013235e+000  4.738028e-001  1.282485e-001  -0.000000e+000  
-1.988311e+001  -2.010297e+001  -2.056873e+001  -2.134128e+001  -2.253680e+001  -2.436215e+001  -2.715608e+001  -3.135160e+001  1.697082e+001  1.140730e+001  8.299148e+000  6.430437e+000  5.181556e+000  4.276591e+000  3.586065e+000  3.042377e+000  2.388142e+000  1.797700e+000  1.084823e+000  4.978879e-001  1.334786e-001  -0.000000e+000  
-2.113106e+001  -2.135304e+001  -2.180369e+001  -2.249325e+001  -2.342593e+001  -2.457515e+001  -2.582496e+001  -2.684309e+001  1.296722e+001  1.091619e+001  8.798774e+000  7.081665e+000  5.758161e+000  4.739937e+000  3.947730e+000  3.323376e+000  2.577220e+000  1.917612e+000  1.138175e+000  5.155935e-001  1.372915e-001  -0.000000e+000  
-2.200131e+001  -2.217891e+001  -2.252487e+001  -2.301744e+001  -2.361570e+001  -2.425024e+001  -2.481425e+001  -2.516542e+001  1.107883e+001  1.013287e+001  8.752543e+000  7.352909e+000  6.112108e+000  5.075867e+000  4.233212e+000  3.555008e+000  2.737988e+000  2.020166e+000  1.183258e+000  5.302977e-001  1.404235e-001  -0.000000e+000  
-2.113106e+001  -2.135304e+001  -2.180369e+001  -2.249325e+001  -2.342593e+001  -2.457515e+001  -2.582496e+001  -2.684309e+001  1.296722e+001  1.091619e+001  8.798774e+000  7.081665e+000  5.758161e+000  4.739937e+000  3.947730e+000  3.323376e+000  2.577220e+000  1.917612e+000  1.138175e+000  5.155935e-001  1.372915e-001  -0.000000e+000  
-1.988311e+001  -2.010297e+001  -2.056873e+001  -2.134128e+001  -2.253680e+001  -2.436215e+001  -2.715608e+001  -3.135160e+001  1.697082e+001  1.140730e+001  8.299148e+000  6.430437e+000  5.181556e+000  4.276591e+000  3.586065e+000  3.042377e+000  2.388142e+000  1.797700e+000  1.084823e+000  4.978879e-001  1.334786e-001  -0.000000e+000  
-1.809879e+001  -1.825368e+001  -1.858757e+001  -1.916275e+001  -2.012196e+001  -2.180609e+001  -2.509921e+001  -3.250312e+001  1.873441e+001  9.731607e+000  6.707495e+000  5.234665e+000  4.303915e+000  3.626263e+000  3.096812e+000  2.668232e+000  2.138292e+000  1.638813e+000  1.013235e+000  4.738028e-001  1.282485e-001  -0.000000e+000  
-1.639834e+001  -1.645938e+001  -1.657953e+001  -1.674889e+001  -1.692703e+001  -1.696302e+001  -1.631152e+001  -1.300954e+001  1.422071e+000  4.583380e+000  4.448272e+000  3.934963e+000  3.442536e+000  3.013288e+000  2.642620e+000  2.322226e+000  1.906453e+000  1.490082e+000  9.449927e-001  4.504390e-001  1.231220e-001  -0.000000e+000  
-1.460038e+001  -1.457057e+001  -1.449219e+001  -1.431811e+001  -1.394808e+001  -1.317741e+001  -1.161063e+001  -8.607909e+000  -2.256334e+000  1.305663e+000  2.405378e+000  2.625153e+000  2.546859e+000  2.368434e+000  2.161092e+000  1.952748e+000  1.655898e+000  1.327302e+000  8.687464e-001  4.238480e-001  1.172241e-001  -0.000000e+000  
-1.284549e+001  -1.275377e+001  -1.254962e+001  -1.218683e+001  -1.158457e+001  -1.061768e+001  -9.123282e+000  -6.975196e+000  -3.474019e+000  -5.757963e-001  8.623158e-001  1.485450e+000  1.709060e+000  1.741011e+000  1.681083e+000  1.578208e+000  1.396548e+000  1.155808e+000  7.863465e-001  3.944817e-001  1.106286e-001  -0.000000e+000  
-1.122955e+001  -1.110791e+001  -1.084933e+001  -1.042265e+001  -9.781409e+000  -8.869830e+000  -7.642836e+000  -6.111719e+000  -3.867563e+000  -1.629880e+000  -2.184172e-001  5.728614e-001  9.806486e-001  1.166434e+000  1.226156e+000  1.214696e+000  1.137602e+000  9.807325e-001  6.996610e-001  3.628158e-001  1.034156e-001  -0.000000e+000  
-9.421433e+000  -9.296098e+000  -9.038322e+000  -8.635107e+000  -8.070713e+000  -7.333139e+000  -6.425249e+000  -5.379671e+000  -3.916303e+000  -2.298539e+000  -1.092573e+000  -2.818997e-001  2.284959e-001  5.324147e-001  7.004462e-001  7.806288e-001  8.161040e-001  7.567706e-001  5.843534e-001  3.193557e-001  9.333916e-002  -0.000000e+000  
-7.931042e+000  -7.820240e+000  -7.596639e+000  -7.257315e+000  -6.800679e+000  -6.230023e+000  -5.558010e+000  -4.810665e+000  -3.780761e+000  -2.581634e+000  -1.595808e+000  -8.544967e-001  -3.293273e-001  2.656669e-002  2.578574e-001  4.002915e-001  5.202696e-001  5.426579e-001  4.684731e-001  2.739101e-001  8.256353e-002  -0.000000e+000  
-6.721666e+000  -6.630542e+000  -6.448677e+000  -6.177430e+000  -5.820273e+000  -5.384306e+000  -4.881771e+000  -4.330841e+000  -3.574748e+000  -2.666033e+000  -1.870276e+000  -1.224465e+000  -7.282106e-001  -3.620898e-001  -1.009858e-001  7.897033e-002  2.571589e-001  3.442062e-001  3.550416e-001  2.274502e-001  7.127448e-002  -0.000000e+000  
-5.743331e+000  -5.670935e+000  -5.527388e+000  -5.315420e+000  -5.039680e+000  -4.707214e+000  -4.327793e+000  -3.913839e+000  -3.345541e+000  -2.646154e+000  -2.005104e+000  -1.454688e+000  -1.005252e+000  -6.522565e-001  -3.835942e-001  -1.847771e-001  2.962577e-002  1.650087e-001  2.464751e-001  1.808613e-001  5.965259e-002  -0.000000e+000  
-4.310728e+000  -4.266860e+000  -4.180167e+000  -4.052765e+000  -3.887858e+000  -3.689741e+000  -3.463728e+000  -3.215975e+000  -2.873993e+000  -2.439802e+000  -2.019560e+000  -1.633095e+000  -1.292006e+000  -1.000737e+000  -7.585824e-001  -5.617095e-001  -3.262646e-001  -1.369141e-001  4.466427e-002  8.734125e-002  3.531065e-002  -0.000000e+000  
-3.344435e+000  -3.317895e+000  -3.265430e+000  -3.188256e+000  -3.088163e+000  -2.967458e+000  -2.828894e+000  -2.675568e+000  -2.462763e+000  -2.185765e+000  -1.906619e+000  -1.637040e+000  -1.385680e+000  -1.158031e+000  -9.568028e-001  -7.825175e-001  -5.599770e-001  -3.549974e-001  -1.212672e-001  1.663787e-003  1.158122e-002  -0.000000e+000  
-2.255083e+000  -2.243432e+000  -2.220333e+000  -2.186189e+000  -2.141587e+000  -2.087282e+000  -2.024170e+000  -1.953267e+000  -1.854748e+000  -1.723288e+000  -1.584776e+000  -1.443824e+000  -1.304424e+000  -1.169799e+000  -1.042355e+000  -9.237243e-001  -7.604185e-001  -5.840120e-001  -3.432457e-001  -1.371359e-001  -3.110312e-002  -0.000000e+000  
-1.590393e+000  -1.585096e+000  -1.574564e+000  -1.558921e+000  -1.538346e+000  -1.513072e+000  -1.483381e+000  -1.449593e+000  -1.403160e+000  -1.340571e+000  -1.272420e+000  -1.200392e+000  -1.126084e+000  -1.050947e+000  -9.762454e-001  -9.030298e-001  -7.966912e-001  -6.679756e-001  -4.700383e-001  -2.430459e-001  -6.910294e-002  -0.000000e+000  
-1.222341e+000  -1.219540e+000  -1.213957e+000  -1.205637e+000  -1.194638e+000  -1.181043e+000  -1.164948e+000  -1.146468e+000  -1.121625e+000  -1.088285e+000  -1.051170e+000  -1.010926e+000  -9.682046e-001  -9.236386e-001  -8.778260e-001  -8.313160e-001  -7.612417e-001  -6.695507e-001  -5.168189e-001  -3.026943e-001  -9.470331e-002  -0.000000e+000  
-1.098746e+000  -1.096638e+000  -1.092435e+000  -1.086159e+000  -1.077845e+000  -1.067538e+000  -1.055294e+000  -1.041178e+000  -1.022493e+000  -9.975784e-001  -9.695620e-001  -9.388270e-001  -9.057714e-001  -8.707966e-001  -8.342973e-001  -7.966528e-001  -7.390034e-001  -6.609561e-001  -5.264470e-001  -3.214705e-001  -1.037576e-001  -0.000000e+000  
-1.060565e+000  -1.058653e+000  -1.054840e+000  -1.049144e+000  -1.041591e+000  -1.032220e+000  -1.021074e+000  -1.008205e+000  -9.912796e-001  -9.687822e-001  -9.433958e-001  -9.154332e-001  -8.852232e-001  -8.531022e-001  -8.194060e-001  -7.844628e-001  -7.306491e-001  -6.569398e-001  -5.284269e-001  -3.269789e-001  -1.065878e-001  -0.000000e+000  

0.000000e+000  0.000000e+000  0.000000e+000  0.000000e+000  0.000000e+000  0.000000e+000  0.000000e+000  0.000000e+000  0.000000e+000  0.000000e+000  0.000000e+000  0.000000e+000  0.000000e+000  0.000000e+000  0.000000e+000  0.000000e+000  0.000000e+000  0.000000e+000  0.000000e+000  0.000000e+000  0.000000e+000  0.000000e+000  
0.000000e+000  0.000000e+000  0.000000e+000  0.000000e+000  0.000000e+000  0.000000e+000  0.000000e+000  0.000000e+000  0.000000e+000  0.000000e+000  0.000000e+000  0.000000e+000  0.000000e+000  0.000000e+000  0.000000e+000  0.000000e+000  0.000000e+000  0.000000e+000  0.000000e+000  0.000000e+000  0.000000e+000  0.000000e+000  
0.000000e+000  0.000000e+000  0.000000e+000  0.000000e+000  0.000000e+000  0.000000e+000  0.000000e+000  0.000000e+000  0.000000e+000  0.000000e+000  0.000000e+000  0.000000e+000  0.000000e+000  0.000000e+000  0.000000e+000  0.000000e+000  0.000000e+000  0.000000e+000  0.000000e+000  0.000000e+000  0.000000e+000  0.000000e+000  
0.000000e+000  0.000000e+000  0.000000e+000  0.000000e+000  0.000000e+000  0.000000e+000  0.000000e+000  0.000000e+000  0.000000e+000  0.000000e+000  0.000000e+000  0.000000e+000  0.000000e+000  0.000000e+000  0.000000e+000  0.000000e+000  0.000000e+000  0.000000e+000  0.000000e+000  0.000000e+000  0.000000e+000  0.000000e+000  
0.000000e+000  0.000000e+000  0.000000e+000  0.000000e+000  0.000000e+000  0.000000e+000  0.000000e+000  0.000000e+000  0.000000e+000  0.000000e+000  0.000000e+000  0.000000e+000  0.000000e+000  0.000000e+000  0.000000e+000  0.000000e+000  0.000000e+000  0.000000e+000  0.000000e+000  0.000000e+000  0.000000e+000  0.000000e+000  
0.000000e+000  0.000000e+000  0.000000e+000  0.000000e+000  0.000000e+000  0.000000e+000  0.000000e+000  0.000000e+000  0.000000e+000  0.000000e+000  0.000000e+000  0.000000e+000  0.000000e+000  0.000000e+000  0.000000e+000  0.000000e+000  0.000000e+000  0.000000e+000  0.000000e+000  0.000000e+000  0.000000e+000  0.000000e+000  
0.000000e+000  0.000000e+000  0.000000e+000  0.000000e+000  0.000000e+000  0.000000e+000  0.000000e+000  0.000000e+000  0.000000e+000  0.000000e+000  0.000000e+000  0.000000e+000  0.000000e+000  0.000000e+000  0.000000e+000  0.000000e+000  0.000000e+000  0.000000e+000  0.000000e+000  0.000000e+000  0.000000e+000  0.000000e+000  
0.000000e+000  0.000000e+000  0.000000e+000  0.000000e+000  0.000000e+000  0.000000e+000  0.000000e+000  0.000000e+000  0.000000e+000  0.000000e+000  0.000000e+000  0.000000e+000  0.000000e+000  0.000000e+000  0.000000e+000  0.000000e+000  0.000000e+000  0.000000e+000  0.000000e+000  0.000000e+000  0.000000e+000  0.000000e+000  
0.000000e+000  0.000000e+000  0.000000e+000  0.000000e+000  0.000000e+000  0.000000e+000  0.000000e+000  0.000000e+000  0.000000e+000  0.000000e+000  0.000000e+000  0.000000e+000  0.000000e+000  0.000000e+000  0.000000e+000  0.000000e+000  0.000000e+000  0.000000e+000  0.000000e+000  0.000000e+000  0.000000e+000  0.000000e+000  
0.000000e+000  0.000000e+000  0.000000e+000  0.000000e+000  0.000000e+000  0.000000e+000  0.000000e+000  0.000000e+000  0.000000e+000  0.000000e+000  0.000000e+000  0.000000e+000  0.000000e+000  0.000000e+000  0.000000e+000  0.000000e+000  0.000000e+000  0.000000e+000  0.000000e+000  0.000000e+000  0.000000e+000  0.000000e+000  
0.000000e+000  0.000000e+000  0.000000e+000  0.000000e+000  0.000000e+000  0.000000e+000  0.000000e+000  0.000000e+000  0.000000e+000  0.000000e+000  0.000000e+000  0.000000e+000  0.000000e+000  0.000000e+000  0.000000e+000  0.000000e+000  0.000000e+000  0.000000e+000  0.000000e+000  0.000000e+000  0.000000e+000  0.000000e+000  
0.000000e+000  0.000000e+000  0.000000e+000  0.000000e+000  0.000000e+000  0.000000e+000  0.000000e+000  0.000000e+000  0.000000e+000  0.000000e+000  0.000000e+000  0.000000e+000  0.000000e+000  0.000000e+000  0.000000e+000  0.000000e+000  0.000000e+000  0.000000e+000  0.000000e+000  0.000000e+000  0.000000e+000  0.000000e+000  
0.000000e+000  0.000000e+000  0.000000e+000  0.000000e+000  0.000000e+000  0.000000e+000  0.000000e+000  0.000000e+000  0.000000e+000  0.000000e+000  0.000000e+000  0.000000e+000  0.000000e+000  0.000000e+000  0.000000e+000  0.000000e+000  0.000000e+000  0.000000e+000  0.000000e+000  0.000000e+000  0.000000e+000  0.000000e+000  
0.000000e+000  0.000000e+000  0.000000e+000  0.000000e+000  0.000000e+000  0.000000e+000  0.000000e+000  0.000000e+000  0.000000e+000  0.000000e+000  0.000000e+000  0.000000e+000  0.000000e+000  0.000000e+000  0.000000e+000  0.000000e+000  0.000000e+000  0.000000e+000  0.000000e+000  0.000000e+000  0.000000e+000  0.000000e+000  
0.000000e+000  0.000000e+000  0.000000e+000  0.000000e+000  0.000000e+000  0.000000e+000  0.000000e+000  0.000000e+000  0.000000e+000  0.000000e+000  0.000000e+000  0.000000e+000  0.000000e+000  0.000000e+000  0.000000e+000  0.000000e+000  0.000000e+000  0.000000e+000  0.000000e+000  0.000000e+000  0.000000e+000  0.000000e+000  
0.000000e+000  0.000000e+000  0.000000e+000  0.000000e+000  0.000000e+000  0.000000e+000  0.000000e+000  0.000000e+000  0.000000e+000  0.000000e+000  0.000000e+000  0.000000e+000  0.000000e+000  0.000000e+000  0.000000e+000  0.000000e+000  0.000000e+000  0.000000e+000  0.000000e+000  0.000000e+000  0.000000e+000  0.000000e+000  
0.000000e+000  0.000000e+000  0.000000e+000  0.000000e+000  0.000000e+000  0.000000e+000  0.000000e+000  0.000000e+000  0.000000e+000  0.000000e+000  0.000000e+000  0.000000e+000  0.000000e+000  0.000000e+000  0.000000e+000  0.000000e+000  0.000000e+000  0.000000e+000  0.000000e+000  0.000000e+000  0.000000e+000  0.000000e+000  
0.000000e+000  0.000000e+000  0.000000e+000  0.000000e+000  0.000000e+000  0.000000e+000  0.000000e+000  0.000000e+000  0.000000e+000  0.000000e+000  0.000000e+000  0.000000e+000  0.000000e+000  0.000000e+000  0.000000e+000  0.000000e+000  0.000000e+000  0.000000e+000  0.000000e+000  0.000000e+000  0.000000e+000  0.000000e+000  
0.000000e+000  0.000000e+000  0.000000e+000  0.000000e+000  0.000000e+000  0.000000e+000  0.000000e+000  0.000000e+000  0.000000e+000  0.000000e+000  0.000000e+000  0.000000e+000  0.000000e+000  0.000000e+000  0.000000e+000  0.000000e+000  0.000000e+000  0.000000e+000  0.000000e+000  0.000000e+000  0.000000e+000  0.000000e+000  
0.000000e+000  0.000000e+000  0.000000e+000  0.000000e+000  0.000000e+000  0.000000e+000  0.000000e+000  0.000000e+000  0.000000e+000  0.000000e+000  0.000000e+000  0.000000e+000  0.000000e+000  0.000000e+000  0.000000e+000  0.000000e+000  0.000000e+000  0.000000e+000  0.000000e+000  0.000000e+000  0.000000e+000  0.000000e+000  
0.000000e+000  0.000000e+000  0.000000e+000  0.000000e+000  0.000000e+000  0.000000e+000  0.000000e+000  0.000000e+000  0.000000e+000  0.000000e+000  0.000000e+000  0.000000e+000  0.000000e+000  0.000000e+000  0.000000e+000  0.000000e+000  0.000000e+000  0.000000e+000  0.000000e+000  0.000000e+000  0.000000e+000  0.000000e+000  
0.000000e+000  0.000000e+000  0.000000e+000  0.000000e+000  0.000000e+000  0.000000e+000  0.000000e+000  0.000000e+000  0.000000e+000  0.000000e+000  0.000000e+000  0.000000e+000  0.000000e+000  0.000000e+000  0.000000e+000  0.000000e+000  0.000000e+000  0.000000e+000  0.000000e+000  0.000000e+000  0.000000e+000  0.000000e+000  
0.000000e+000  0.000000e+000  0.000000e+000  0.000000e+000  0.000000e+000  0.000000e+000  0.000000e+000  0.000000e+000  0.000000e+000  0.000000e+000  0.000000e+000  0.000000e+000  0.000000e+000  0.000000e+000  0.000000e+000  0.000000e+000  0.000000e+000  0.000000e+000  0.000000e+000  0.000000e+000  0.000000e+000  0.000000e+000  
0.000000e+000  0.000000e+000  0.000000e+000  0.000000e+000  0.000000e+000  0.000000e+000  0.000000e+000  0.000000e+000  0.000000e+000  0.000000e+000  0.000000e+000  0.000000e+000  0.000000e+000  0.000000e+000  0.000000e+000  0.000000e+000  0.000000e+000  0.000000e+000  0.000000e+000  0.000000e+000  0.000000e+000  0.000000e+000  
0.000000e+000  0.000000e+000  0.000000e+000  0.000000e+000  0.000000e+000  0.000000e+000  0.000000e+000  0.000000e+000  0.000000e+000  0.000000e+000  0.000000e+000  0.000000e+000  0.000000e+000  0.000000e+000  0.000000e+000  0.000000e+000  0.000000e+000  0.000000e+000  0.000000e+000  0.000000e+000  0.000000e+000  0.000000e+000  
0.000000e+000  0.000000e+000  0.000000e+000  0.000000e+000  0.000000e+000  0.000000e+000  0.000000e+000  0.000000e+000  0.000000e+000  0.000000e+000  0.000000e+000  0.000000e+000  0.000000e+000  0.000000e+000  0.000000e+000  0.000000e+000  0.000000e+000  0.000000e+000  0.000000e+000  0.000000e+000  0.000000e+000  0.000000e+000  
0.000000e+000  0.000000e+000  0.000000e+000  0.000000e+000  0.000000e+000  0.000000e+000  0.000000e+000  0.000000e+000  0.000000e+000  0.000000e+000  0.000000e+000  0.000000e+000  0.000000e+000  0.000000e+000  0.000000e+000  0.000000e+000  0.000000e+000  0.000000e+000  0.000000e+000  0.000000e+000  0.000000e+000  0.000000e+000  
0.000000e+000  0.000000e+000  0.000000e+000  0.000000e+000  0.000000e+000  0.000000e+000  0.000000e+000  0.000000e+000  0.000000e+000  0.000000e+000  0.000000e+000  0.000000e+000  0.000000e+000  0.000000e+000  0.000000e+000  0.000000e+000  0.000000e+000  0.000000e+000  0.000000e+000  0.000000e+000  0.000000e+000  0.000000e+000  
0.000000e+000  0.000000e+000  0.000000e+000  0.000000e+000  0.000000e+000  0.000000e+000  0.000000e+000  0.000000e+000  0.000000e+000  0.000000e+000  0.000000e+000  0.000000e+000  0.000000e+000  0.000000e+000  0.000000e+000  0.000000e+000  0.000000e+000  0.000000e+000  0.000000e+000  0.000000e+000  0.000000e+000  0.000000e+000  
0.000000e+000  0.000000e+000  0.000000e+000  0.000000e+000  0.000000e+000  0.000000e+000  0.000000e+000  0.000000e+000  0.000000e+000  0.000000e+000  0.000000e+000  0.000000e+000  0.000000e+000  0.000000e+000  0.000000e+000  0.000000e+000  0.000000e+000  0.000000e+000  0.000000e+000  0.000000e+000  0.000000e+000  0.000000e+000  
0.000000e+000  0.000000e+000  0.000000e+000  0.000000e+000  0.000000e+000  0.000000e+000  0.000000e+000  0.000000e+000  0.000000e+000  0.000000e+000  0.000000e+000  0.000000e+000  0.000000e+000  0.000000e+000  0.000000e+000  0.000000e+000  0.000000e+000  0.000000e+000  0.000000e+000  0.000000e+000  0.000000e+000  0.000000e+000  
0.000000e+000  0.000000e+000  0.000000e+000  0.000000e+000  0.000000e+000  0.000000e+000  0.000000e+000  0.000000e+000  0.000000e+000  0.000000e+000  0.000000e+000  0.000000e+000  0.000000e+000  0.000000e+000  0.000000e+000  0.000000e+000  0.000000e+000  0.000000e+000  0.000000e+000  0.000000e+000  0.000000e+000  0.000000e+000  
0.000000e+000  0.000000e+000  0.000000e+000  0.000000e+000  0.000000e+000  0.000000e+000  0.000000e+000  0.000000e+000  0.000000e+000  0.000000e+000  0.000000e+000  0.000000e+000  0.000000e+000  0.000000e+000  0.000000e+000  0.000000e+000  0.000000e+000  0.000000e+000  0.000000e+000  0.000000e+000  0.000000e+000  0.000000e+000  
0.000000e+000  0.000000e+000  0.000000e+000  0.000000e+000  0.000000e+000  0.000000e+000  0.000000e+000  0.000000e+000  0.000000e+000  0.000000e+000  0.000000e+000  0.000000e+000  0.000000e+000  0.000000e+000  0.000000e+000  0.000000e+000  0.000000e+000  0.000000e+000  0.000000e+000  0.000000e+000  0.000000e+000  0.000000e+000  
0.000000e+000  0.000000e+000  0.000000e+000  0.000000e+000  0.000000e+000  0.000000e+000  0.000000e+000  0.000000e+000  0.000000e+000  0.000000e+000  0.000000e+000  0.000000e+000  0.000000e+000  0.000000e+000  0.000000e+000  0.000000e+000  0.000000e+000  0.000000e+000  0.000000e+000  0.000000e+000  0.000000e+000  0.000000e+000  
0.000000e+000  0.000000e+000  0.000000e+000  0.000000e+000  0.000000e+000  0.000000e+000  0.000000e+000  0.000000e+000  0.000000e+000  0.000000e+000  0.000000e+000  0.000000e+000  0.000000e+000  0.000000e+000  0.000000e+000  0.000000e+000  0.000000e+000  0.000000e+000  0.000000e+000  0.000000e+000  0.000000e+000  0.000000e+000  
0.000000e+000  0.000000e+000  0.000000e+000  0.000000e+000  0.000000e+000  0.000000e+000  0.000000e+000  0.000000e+000  0.000000e+000  0.000000e+000  0.000000e+000  0.000000e+000  0.000000e+000  0.000000e+000  0.000000e+000  0.000000e+000  0.000000e+000  0.000000e+000  0.000000e+000  0.000000e+000  0.000000e+000  0.000000e+000  

0.000000e+000  0.000000e+000  0.000000e+000  0.000000e+000  0.000000e+000  0.000000e+000  0.000000e+000  0.000000e+000  0.000000e+000  0.000000e+000  0.000000e+000  0.000000e+000  0.000000e+000  0.000000e+000  0.000000e+000  0.000000e+000  0.000000e+000  0.000000e+000  0.000000e+000  0.000000e+000  0.000000e+000  0.000000e+000  
0.000000e+000  0.000000e+000  0.000000e+000  0.000000e+000  0.000000e+000  0.000000e+000  0.000000e+000  0.000000e+000  0.000000e+000  0.000000e+000  0.000000e+000  0.000000e+000  0.000000e+000  0.000000e+000  0.000000e+000  0.000000e+000  0.000000e+000  0.000000e+000  0.000000e+000  0.000000e+000  0.000000e+000  0.000000e+000  
0.000000e+000  0.000000e+000  0.000000e+000  0.000000e+000  0.000000e+000  0.000000e+000  0.000000e+000  0.000000e+000  0.000000e+000  0.000000e+000  0.000000e+000  0.000000e+000  0.000000e+000  0.000000e+000  0.000000e+000  0.000000e+000  0.000000e+000  0.000000e+000  0.000000e+000  0.000000e+000  0.000000e+000  0.000000e+000  
0.000000e+000  0.000000e+000  0.000000e+000  0.000000e+000  0.000000e+000  0.000000e+000  0.000000e+000  0.000000e+000  0.000000e+000  0.000000e+000  0.000000e+000  0.000000e+000  0.000000e+000  0.000000e+000  0.000000e+000  0.000000e+000  0.000000e+000  0.000000e+000  0.000000e+000  0.000000e+000  0.000000e+000  0.000000e+000  
0.000000e+000  0.000000e+000  0.000000e+000  0.000000e+000  0.000000e+000  0.000000e+000  0.000000e+000  0.000000e+000  0.000000e+000  0.000000e+000  0.000000e+000  0.000000e+000  0.000000e+000  0.000000e+000  0.000000e+000  0.000000e+000  0.000000e+000  0.000000e+000  0.000000e+000  0.000000e+000  0.000000e+000  0.000000e+000  
0.000000e+000  0.000000e+000  0.000000e+000  0.000000e+000  0.000000e+000  0.000000e+000  0.000000e+000  0.000000e+000  0.000000e+000  0.000000e+000  0.000000e+000  0.000000e+000  0.000000e+000  0.000000e+000  0.000000e+000  0.000000e+000  0.000000e+000  0.000000e+000  0.000000e+000  0.000000e+000  0.000000e+000  0.000000e+000  
0.000000e+000  0.000000e+000  0.000000e+000  0.000000e+000  0.000000e+000  0.000000e+000  0.000000e+000  0.000000e+000  0.000000e+000  0.000000e+000  0.000000e+000  0.000000e+000  0.000000e+000  0.000000e+000  0.000000e+000  0.000000e+000  0.000000e+000  0.000000e+000  0.000000e+000  0.000000e+000  0.000000e+000  0.000000e+000  
0.000000e+000  0.000000e+000  0.000000e+000  0.000000e+000  0.000000e+000  0.000000e+000  0.000000e+000  0.000000e+000  0.000000e+000  0.000000e+000  0.000000e+000  0.000000e+000  0.000000e+000  0.000000e+000  0.000000e+000  0.000000e+000  0.000000e+000  0.000000e+000  0.000000e+000  0.000000e+000  0.000000e+000  0.000000e+000  
0.000000e+000  0.000000e+000  0.000000e+000  0.000000e+000  0.000000e+000  0.000000e+000  0.000000e+000  0.000000e+000  0.000000e+000  0.000000e+000  0.000000e+000  0.000000e+000  0.000000e+000  0.000000e+000  0.000000e+000  0.000000e+000  0.000000e+000  0.000000e+000  0.000000e+000  0.000000e+000  0.000000e+000  0.000000e+000  
0.000000e+000  0.000000e+000  0.000000e+000  0.000000e+000  0.000000e+000  0.000000e+000  0.000000e+000  0.000000e+000  0.000000e+000  0.000000e+000  0.000000e+000  0.000000e+000  0.000000e+000  0.000000e+000  0.000000e+000  0.000000e+000  0.000000e+000  0.000000e+000  0.000000e+000  0.000000e+000  0.000000e+000  0.000000e+000  
0.000000e+000  0.000000e+000  0.000000e+000  0.000000e+000  0.000000e+000  0.000000e+000  0.000000e+000  0.000000e+000  0.000000e+000  0.000000e+000  0.000000e+000  0.000000e+000  0.000000e+000  0.000000e+000  0.000000e+000  0.000000e+000  0.000000e+000  0.000000e+000  0.000000e+000  0.000000e+000  0.000000e+000  0.000000e+000  
0.000000e+000  0.000000e+000  0.000000e+000  0.000000e+000  0.000000e+000  0.000000e+000  0.000000e+000  0.000000e+000  0.000000e+000  0.000000e+000  0.000000e+000  0.000000e+000  0.000000e+000  0.000000e+000  0.000000e+000  0.000000e+000  0.000000e+000  0.000000e+000  0.000000e+000  0.000000e+000  0.000000e+000  0.000000e+000  
0.000000e+000  0.000000e+000  0.000000e+000  0.000000e+000  0.000000e+000  0.000000e+000  0.000000e+000  0.000000e+000  0.000000e+000  0.000000e+000  0.000000e+000  0.000000e+000  0.000000e+000  0.000000e+000  0.000000e+000  0.000000e+000  0.000000e+000  0.000000e+000  0.000000e+000  0.000000e+000  0.000000e+000  0.000000e+000  
0.000000e+000  0.000000e+000  0.000000e+000  0.000000e+000  0.000000e+000  0.000000e+000  0.000000e+000  0.000000e+000  0.000000e+000  0.000000e+000  0.000000e+000  0.000000e+000  0.000000e+000  0.000000e+000  0.000000e+000  0.000000e+000  0.000000e+000  0.000000e+000  0.000000e+000  0.000000e+000  0.000000e+000  0.000000e+000  
0.000000e+000  0.000000e+000  0.000000e+000  0.000000e+000  0.000000e+000  0.000000e+000  0.000000e+000  0.000000e+000  0.000000e+000  0.000000e+000  0.000000e+000  0.000000e+000  0.000000e+000  0.000000e+000  0.000000e+000  0.000000e+000  0.000000e+000  0.000000e+000  0.000000e+000  0.000000e+000  0.000000e+000  0.000000e+000  
0.000000e+000  0.000000e+000  0.000000e+000  0.000000e+000  0.000000e+000  0.000000e+000  0.000000e+000  0.000000e+000  0.000000e+000  0.000000e+000  0.000000e+000  0.000000e+000  0.000000e+000  0.000000e+000  0.000000e+000  0.000000e+000  0.000000e+000  0.000000e+000  0.000000e+000  0.000000e+000  0.000000e+000  0.000000e+000  
0.000000e+000  0.000000e+000  0.000000e+000  0.000000e+000  0.000000e+000  0.000000e+000  0.000000e+000  0.000000e+000  0.000000e+000  0.000000e+000  0.000000e+000  0.000000e+000  0.000000e+000  0.000000e+000  0.000000e+000  0.000000e+000  0.000000e+000  0.000000e+000  0.000000e+000  0.000000e+000  0.000000e+000  0.000000e+000  
0.000000e+000  0.000000e+000  0.000000e+000  0.000000e+000  0.000000e+000  0.000000e+000  0.000000e+000  0.000000e+000  0.000000e+000  0.000000e+000  0.000000e+000  0.000000e+000  0.000000e+000  0.000000e+000  0.000000e+000  0.000000e+000  0.000000e+000  0.000000e+000  0.000000e+000  0.000000e+000  0.000000e+000  0.000000e+000  
0.000000e+000  0.000000e+000  0.000000e+000  0.000000e+000  0.000000e+000  0.000000e+000  0.000000e+000  0.000000e+000  0.000000e+000  0.000000e+000  0.000000e+000  0.000000e+000  0.000000e+000  0.000000e+000  0.000000e+000  0.000000e+000  0.000000e+000  0.000000e+000  0.000000e+000  0.000000e+000  0.000000e+000  0.000000e+000  
0.000000e+000  0.000000e+000  0.000000e+000  0.000000e+000  0.000000e+000  0.000000e+000  0.000000e+000  0.000000e+000  0.000000e+000  0.000000e+000  0.000000e+000  0.000000e+000  0.000000e+000  0.000000e+000  0.000000e+000  0.000000e+000  0.000000e+000  0.000000e+000  0.000000e+000  0.000000e+000  0.000000e+000  0.000000e+000  
0.000000e+000  0.000000e+000  0.000000e+000  0.000000e+000  0.000000e+000  0.000000e+000  0.000000e+000  0.000000e+000  0.000000e+000  0.000000e+000  0.000000e+000  0.000000e+000  0.000000e+000  0.000000e+000  0.000000e+000  0.000000e+000  0.000000e+000  0.000000e+000  0.000000e+000  0.000000e+000  0.000000e+000  0.000000e+000  
0.000000e+000  0.000000e+000  0.000000e+000  0.000000e+000  0.000000e+000  0.000000e+000  0.000000e+000  0.000000e+000  0.000000e+000  0.000000e+000  0.000000e+000  0.000000e+000  0.000000e+000  0.000000e+000  0.000000e+000  0.000000e+000  0.000000e+000  0.000000e+000  0.000000e+000  0.000000e+000  0.000000e+000  0.000000e+000  
0.000000e+000  0.000000e+000  0.000000e+000  0.000000e+000  0.000000e+000  0.000000e+000  0.000000e+000  0.000000e+000  0.000000e+000  0.000000e+000  0.000000e+000  0.000000e+000  0.000000e+000  0.000000e+000  0.000000e+000  0.000000e+000  0.000000e+000  0.000000e+000  0.000000e+000  0.000000e+000  0.000000e+000  0.000000e+000  
0.000000e+000  0.000000e+000  0.000000e+000  0.000000e+000  0.000000e+000  0.000000e+000  0.000000e+000  0.000000e+000  0.000000e+000  0.000000e+000  0.000000e+000  0.000000e+000  0.000000e+000  0.000000e+000  0.000000e+000  0.000000e+000  0.000000e+000  0.000000e+000  0.000000e+000  0.000000e+000  0.000000e+000  0.000000e+000  
0.000000e+000  0.000000e+000  0.000000e+000  0.000000e+000  0.000000e+000  0.000000e+000  0.000000e+000  0.000000e+000  0.000000e+000  0.000000e+000  0.000000e+000  0.000000e+000  0.000000e+000  0.000000e+000  0.000000e+000  0.000000e+000  0.000000e+000  0.000000e+000  0.000000e+000  0.000000e+000  0.000000e+000  0.000000e+000  
0.000000e+000  0.000000e+000  0.000000e+000  0.000000e+000  0.000000e+000  0.000000e+000  0.000000e+000  0.000000e+000  0.000000e+000  0.000000e+000  0.000000e+000  0.000000e+000  0.000000e+000  0.000000e+000  0.000000e+000  0.000000e+000  0.000000e+000  0.000000e+000  0.000000e+000  0.000000e+000  0.000000e+000  0.000000e+000  
0.000000e+000  0.000000e+000  0.000000e+000  0.000000e+000  0.000000e+000  0.000000e+000  0.000000e+000  0.000000e+000  0.000000e+000  0.000000e+000  0.000000e+000  0.000000e+000  0.000000e+000  0.000000e+000  0.000000e+000  0.000000e+000  0.000000e+000  0.000000e+000  0.000000e+000  0.000000e+000  0.000000e+000  0.000000e+000  
0.000000e+000  0.000000e+000  0.000000e+000  0.000000e+000  0.000000e+000  0.000000e+000  0.000000e+000  0.000000e+000  0.000000e+000  0.000000e+000  0.000000e+000  0.000000e+000  0.000000e+000  0.000000e+000  0.000000e+000  0.000000e+000  0.000000e+000  0.000000e+000  0.000000e+000  0.000000e+000  0.000000e+000  0.000000e+000  
0.000000e+000  0.000000e+000  0.000000e+000  0.000000e+000  0.000000e+000  0.000000e+000  0.000000e+000  0.000000e+000  0.000000e+000  0.000000e+000  0.000000e+000  0.000000e+000  0.000000e+000  0.000000e+000  0.000000e+000  0.000000e+000  0.000000e+000  0.000000e+000  0.000000e+000  0.000000e+000  0.000000e+000  0.000000e+000  
0.000000e+000  0.000000e+000  0.000000e+000  0.000000e+000  0.000000e+000  0.000000e+000  0.000000e+000  0.000000e+000  0.000000e+000  0.000000e+000  0.000000e+000  0.000000e+000  0.000000e+000  0.000000e+000  0.000000e+000  0.000000e+000  0.000000e+000  0.000000e+000  0.000000e+000  0.000000e+000  0.000000e+000  0.000000e+000  
0.000000e+000  0.000000e+000  0.000000e+000  0.000000e+000  0.000000e+000  0.000000e+000  0.000000e+000  0.000000e+000  0.000000e+000  0.000000e+000  0.000000e+000  0.000000e+000  0.000000e+000  0.000000e+000  0.000000e+000  0.000000e+000  0.000000e+000  0.000000e+000  0.000000e+000  0.000000e+000  0.000000e+000  0.000000e+000  
0.000000e+000  0.000000e+000  0.000000e+000  0.000000e+000  0.000000e+000  0.000000e+000  0.000000e+000  0.000000e+000  0.000000e+000  0.000000e+000  0.000000e+000  0.000000e+000  0.000000e+000  0.000000e+000  0.000000e+000  0.000000e+000  0.000000e+000  0.000000e+000  0.000000e+000  0.000000e+000  0.000000e+000  0.000000e+000  
0.000000e+000  0.000000e+000  0.000000e+000  0.000000e+000  0.000000e+000  0.000000e+000  0.000000e+000  0.000000e+000  0.000000e+000  0.000000e+000  0.000000e+000  0.000000e+000  0.000000e+000  0.000000e+000  0.000000e+000  0.000000e+000  0.000000e+000  0.000000e+000  0.000000e+000  0.000000e+000  0.000000e+000  0.000000e+000  
0.000000e+000  0.000000e+000  0.000000e+000  0.000000e+000  0.000000e+000  0.000000e+000  0.000000e+000  0.000000e+000  0.000000e+000  0.000000e+000  0.000000e+000  0.000000e+000  0.000000e+000  0.000000e+000  0.000000e+000  0.000000e+000  0.000000e+000  0.000000e+000  0.000000e+000  0.000000e+000  0.000000e+000  0.000000e+000  
0.000000e+000  0.000000e+000  0.000000e+000  0.000000e+000  0.000000e+000  0.000000e+000  0.000000e+000  0.000000e+000  0.000000e+000  0.000000e+000  0.000000e+000  0.000000e+000  0.000000e+000  0.000000e+000  0.000000e+000  0.000000e+000  0.000000e+000  0.000000e+000  0.000000e+000  0.000000e+000  0.000000e+000  0.000000e+000  
0.000000e+000  0.000000e+000  0.000000e+000  0.000000e+000  0.000000e+000  0.000000e+000  0.000000e+000  0.000000e+000  0.000000e+000  0.000000e+000  0.000000e+000  0.000000e+000  0.000000e+000  0.000000e+000  0.000000e+000  0.000000e+000  0.000000e+000  0.000000e+000  0.000000e+000  0.000000e+000  0.000000e+000  0.000000e+000  
0.000000e+000  0.000000e+000  0.000000e+000  0.000000e+000  0.000000e+000  0.000000e+000  0.000000e+000  0.000000e+000  0.000000e+000  0.000000e+000  0.000000e+000  0.000000e+000  0.000000e+000  0.000000e+000  0.000000e+000  0.000000e+000  0.000000e+000  0.000000e+000  0.000000e+000  0.000000e+000  0.000000e+000  0.000000e+000  

0.000000e+000  0.000000e+000  0.000000e+000  0.000000e+000  0.000000e+000  0.000000e+000  0.000000e+000  0.000000e+000  0.000000e+000  0.000000e+000  0.000000e+000  0.000000e+000  0.000000e+000  0.000000e+000  0.000000e+000  0.000000e+000  0.000000e+000  0.000000e+000  0.000000e+000  0.000000e+000  0.000000e+000  0.000000e+000  
0.000000e+000  0.000000e+000  0.000000e+000  0.000000e+000  0.000000e+000  0.000000e+000  0.000000e+000  0.000000e+000  0.000000e+000  0.000000e+000  0.000000e+000  0.000000e+000  0.000000e+000  0.000000e+000  0.000000e+000  0.000000e+000  0.000000e+000  0.000000e+000  0.000000e+000  0.000000e+000  0.000000e+000  0.000000e+000  
0.000000e+000  0.000000e+000  0.000000e+000  0.000000e+000  0.000000e+000  0.000000e+000  0.000000e+000  0.000000e+000  0.000000e+000  0.000000e+000  0.000000e+000  0.000000e+000  0.000000e+000  0.000000e+000  0.000000e+000  0.000000e+000  0.000000e+000  0.000000e+000  0.000000e+000  0.000000e+000  0.000000e+000  0.000000e+000  
0.000000e+000  0.000000e+000  0.000000e+000  0.000000e+000  0.000000e+000  0.000000e+000  0.000000e+000  0.000000e+000  0.000000e+000  0.000000e+000  0.000000e+000  0.000000e+000  0.000000e+000  0.000000e+000  0.000000e+000  0.000000e+000  0.000000e+000  0.000000e+000  0.000000e+000  0.000000e+000  0.000000e+000  0.000000e+000  
0.000000e+000  0.000000e+000  0.000000e+000  0.000000e+000  0.000000e+000  0.000000e+000  0.000000e+000  0.000000e+000  0.000000e+000  0.000000e+000  0.000000e+000  0.000000e+000  0.000000e+000  0.000000e+000  0.000000e+000  0.000000e+000  0.000000e+000  0.000000e+000  0.000000e+000  0.000000e+000  0.000000e+000  0.000000e+000  
0.000000e+000  0.000000e+000  0.000000e+000  0.000000e+000  0.000000e+000  0.000000e+000  0.000000e+000  0.000000e+000  0.000000e+000  0.000000e+000  0.000000e+000  0.000000e+000  0.000000e+000  0.000000e+000  0.000000e+000  0.000000e+000  0.000000e+000  0.000000e+000  0.000000e+000  0.000000e+000  0.000000e+000  0.000000e+000  
0.000000e+000  0.000000e+000  0.000000e+000  0.000000e+000  0.000000e+000  0.000000e+000  0.000000e+000  0.000000e+000  0.000000e+000  0.000000e+000  0.000000e+000  0.000000e+000  0.000000e+000  0.000000e+000  0.000000e+000  0.000000e+000  0.000000e+000  0.000000e+000  0.000000e+000  0.000000e+000  0.000000e+000  0.000000e+000  
0.000000e+000  0.000000e+000  0.000000e+000  0.000000e+000  0.000000e+000  0.000000e+000  0.000000e+000  0.000000e+000  0.000000e+000  0.000000e+000  0.000000e+000  0.000000e+000  0.000000e+000  0.000000e+000  0.000000e+000  0.000000e+000  0.000000e+000  0.000000e+000  0.000000e+000  0.000000e+000  0.000000e+000  0.000000e+000  
0.000000e+000  0.000000e+000  0.000000e+000  0.000000e+000  0.000000e+000  0.000000e+000  0.000000e+000  0.000000e+000  0.000000e+000  0.000000e+000  0.000000e+000  0.000000e+000  0.000000e+000  0.000000e+000  0.000000e+000  0.000000e+000  0.000000e+000  0.000000e+000  0.000000e+000  0.000000e+000  0.000000e+000  0.000000e+000  
0.000000e+000  0.000000e+000  0.000000e+000  0.000000e+000  0.000000e+000  0.000000e+000  0.000000e+000  0.000000e+000  0.000000e+000  0.000000e+000  0.000000e+000  0.000000e+000  0.000000e+000  0.000000e+000  0.000000e+000  0.000000e+000  0.000000e+000  0.000000e+000  0.000000e+000  0.000000e+000  0.000000e+000  0.000000e+000  
0.000000e+000  0.000000e+000  0.000000e+000  0.000000e+000  0.000000e+000  0.000000e+000  0.000000e+000  0.000000e+000  0.000000e+000  0.000000e+000  0.000000e+000  0.000000e+000  0.000000e+000  0.000000e+000  0.000000e+000  0.000000e+000  0.000000e+000  0.000000e+000  0.000000e+000  0.000000e+000  0.000000e+000  0.000000e+000  
0.000000e+000  0.000000e+000  0.000000e+000  0.000000e+000  0.000000e+000  0.000000e+000  0.000000e+000  0.000000e+000  0.000000e+000  0.000000e+000  0.000000e+000  0.000000e+000  0.000000e+000  0.000000e+000  0.000000e+000  0.000000e+000  0.000000e+000  0.000000e+000  0.000000e+000  0.000000e+000  0.000000e+000  0.000000e+000  
0.000000e+000  0.000000e+000  0.000000e+000  0.000000e+000  0.000000e+000  0.000000e+000  0.000000e+000  0.000000e+000  0.000000e+000  0.000000e+000  0.000000e+000  0.000000e+000  0.000000e+000  0.000000e+000  0.000000e+000  0.000000e+000  0.000000e+000  0.000000e+000  0.000000e+000  0.000000e+000  0.000000e+000  0.000000e+000  
0.000000e+000  0.000000e+000  0.000000e+000  0.000000e+000  0.000000e+000  0.000000e+000  0.000000e+000  0.000000e+000  0.000000e+000  0.000000e+000  0.000000e+000  0.000000e+000  0.000000e+000  0.000000e+000  0.000000e+000  0.000000e+000  0.000000e+000  0.000000e+000  0.000000e+000  0.000000e+000  0.000000e+000  0.000000e+000  
0.000000e+000  0.000000e+000  0.000000e+000  0.000000e+000  0.000000e+000  0.000000e+000  0.000000e+000  0.000000e+000  0.000000e+000  0.000000e+000  0.000000e+000  0.000000e+000  0.000000e+000  0.000000e+000  0.000000e+000  0.000000e+000  0.000000e+000  0.000000e+000  0.000000e+000  0.000000e+000  0.000000e+000  0.000000e+000  
0.000000e+000  0.000000e+000  0.000000e+000  0.000000e+000  0.000000e+000  0.000000e+000  0.000000e+000  0.000000e+000  0.000000e+000  0.000000e+000  0.000000e+000  0.000000e+000  0.000000e+000  0.000000e+000  0.000000e+000  0.000000e+000  0.000000e+000  0.000000e+000  0.000000e+000  0.000000e+000  0.000000e+000  0.000000e+000  
0.000000e+000  0.000000e+000  0.000000e+000  0.000000e+000  0.000000e+000  0.000000e+000  0.000000e+000  0.000000e+000  0.000000e+000  0.000000e+000  0.000000e+000  0.000000e+000  0.000000e+000  0.000000e+000  0.000000e+000  0.000000e+000  0.000000e+000  0.000000e+000  0.000000e+000  0.000000e+000  0.000000e+000  0.000000e+000  
0.000000e+000  0.000000e+000  0.000000e+000  0.000000e+000  0.000000e+000  0.000000e+000  0.000000e+000  0.000000e+000  0.000000e+000  0.000000e+000  0.000000e+000  0.000000e+000  0.000000e+000  0.000000e+000  0.000000e+000  0.000000e+000  0.000000e+000  0.000000e+000  0.000000e+000  0.000000e+000  0.000000e+000  0.000000e+000  
0.000000e+000  0.000000e+000  0.000000e+000  0.000000e+000  0.000000e+000  0.000000e+000  0.000000e+000  0.000000e+000  0.000000e+000  0.000000e+000  0.000000e+000  0.000000e+000  0.000000e+000  0.000000e+000  0.000000e+000  0.000000e+000  0.000000e+000  0.000000e+000  0.000000e+000  0.000000e+000  0.000000e+000  0.000000e+000  
0.000000e+000  0.000000e+000  0.000000e+000  0.000000e+000  0.000000e+000  0.000000e+000  0.000000e+000  0.000000e+000  0.000000e+000  0.000000e+000  0.000000e+000  0.000000e+000  0.000000e+000  0.000000e+000  0.000000e+000  0.000000e+000  0.000000e+000  0.000000e+000  0.000000e+000  0.000000e+000  0.000000e+000  0.000000e+000  
0.000000e+000  0.000000e+000  0.000000e+000  0.000000e+000  0.000000e+000  0.000000e+000  0.000000e+000  0.000000e+000  0.000000e+000  0.000000e+000  0.000000e+000  0.000000e+000  0.000000e+000  0.000000e+000  0.000000e+000  0.000000e+000  0.000000e+000  0.000000e+000  0.000000e+000  0.000000e+000  0.000000e+000  0.000000e+000  
0.000000e+000  0.000000e+000  0.000000e+000  0.000000e+000  0.000000e+000  0.000000e+000  0.000000e+000  0.000000e+000  0.000000e+000  0.000000e+000  0.000000e+000  0.000000e+000  0.000000e+000  0.000000e+000  0.000000e+000  0.000000e+000  0.000000e+000  0.000000e+000  0.000000e+000  0.000000e+000  0.000000e+000  0.000000e+000  
0.000000e+000  0.000000e+000  0.000000e+000  0.000000e+000  0.000000e+000  0.000000e+000  0.000000e+000  0.000000e+000  0.000000e+000  0.000000e+000  0.000000e+000  0.000000e+000  0.000000e+000  0.000000e+000  0.000000e+000  0.000000e+000  0.000000e+000  0.000000e+000  0.000000e+000  0.000000e+000  0.000000e+000  0.000000e+000  
0.000000e+000  0.000000e+000  0.000000e+000  0.000000e+000  0.000000e+000  0.000000e+000  0.000000e+000  0.000000e+000  0.000000e+000  0.000000e+000  0.000000e+000  0.000000e+000  0.000000e+000  0.000000e+000  0.000000e+000  0.000000e+000  0.000000e+000  0.000000e+000  0.000000e+000  0.000000e+000  0.000000e+000  0.000000e+000  
0.000000e+000  0.000000e+000  0.000000e+000  0.000000e+000  0.000000e+000  0.000000e+000  0.000000e+000  0.000000e+000  0.000000e+000  0.000000e+000  0.000000e+000  0.000000e+000  0.000000e+000  0.000000e+000  0.000000e+000  0.000000e+000  0.000000e+000  0.000000e+000  0.000000e+000  0.000000e+000  0.000000e+000  0.000000e+000  
0.000000e+000  0.000000e+000  0.000000e+000  0.000000e+000  0.000000e+000  0.000000e+000  0.000000e+000  0.000000e+000  0.000000e+000  0.000000e+000  0.000000e+000  0.000000e+000  0.000000e+000  0.000000e+000  0.000000e+000  0.000000e+000  0.000000e+000  0.000000e+000  0.000000e+000  0.000000e+000  0.000000e+000  0.000000e+000  
0.000000e+000  0.000000e+000  0.000000e+000  0.000000e+000  0.000000e+000  0.000000e+000  0.000000e+000  0.000000e+000  0.000000e+000  0.000000e+000  0.000000e+000  0.000000e+000  0.000000e+000  0.000000e+000  0.000000e+000  0.000000e+000  0.000000e+000  0.000000e+000  0.000000e+000  0.000000e+000  0.000000e+000  0.000000e+000  
0.000000e+000  0.000000e+000  0.000000e+000  0.000000e+000  0.000000e+000  0.000000e+000  0.000000e+000  0.000000e+000  0.000000e+000  0.000000e+000  0.000000e+000  0.000000e+000  0.000000e+000  0.000000e+000  0.000000e+000  0.000000e+000  0.000000e+000  0.000000e+000  0.000000e+000  0.000000e+000  0.000000e+000  0.000000e+000  
0.000000e+000  0.000000e+000  0.000000e+000  0.000000e+000  0.000000e+000  0.000000e+000  0.000000e+000  0.000000e+000  0.000000e+000  0.000000e+000  0.000000e+000  0.000000e+000  0.000000e+000  0.000000e+000  0.000000e+000  0.000000e+000  0.000000e+000  0.000000e+000  0.000000e+000  0.000000e+000  0.000000e+000  0.000000e+000  
0.000000e+000  0.000000e+000  0.000000e+000  0.000000e+000  0.000000e+000  0.000000e+000  0.000000e+000  0.000000e+000  0.000000e+000  0.000000e+000  0.000000e+000  0.000000e+000  0.000000e+000  0.000000e+000  0.000000e+000  0.000000e+000  0.000000e+000  0.000000e+000  0.000000e+000  0.000000e+000  0.000000e+000  0.000000e+000  
0.000000e+000  0.000000e+000  0.000000e+000  0.000000e+000  0.000000e+000  0.000000e+000  0.000000e+000  0.000000e+000  0.000000e+000  0.000000e+000  0.000000e+000  0.000000e+000  0.000000e+000  0.000000e+000  0.000000e+000  0.000000e+000  0.000000e+000  0.000000e+000  0.000000e+000  0.000000e+000  0.000000e+000  0.000000e+000  
0.000000e+000  0.000000e+000  0.000000e+000  0.000000e+000  0.000000e+000  0.000000e+000  0.000000e+000  0.000000e+000  0.000000e+000  0.000000e+000  0.000000e+000  0.000000e+000  0.000000e+000  0.000000e+000  0.000000e+000  0.000000e+000  0.000000e+000  0.000000e+000  0.000000e+000  0.000000e+000  0.000000e+000  0.000000e+000  
0.000000e+000  0.000000e+000  0.000000e+000  0.000000e+000  0.000000e+000  0.000000e+000  0.000000e+000  0.000000e+000  0.000000e+000  0.000000e+000  0.000000e+000  0.000000e+000  0.000000e+000  0.000000e+000  0.000000e+000  0.000000e+000  0.000000e+000  0.000000e+000  0.000000e+000  0.000000e+000  0.000000e+000  0.000000e+000  
0.000000e+000  0.000000e+000  0.000000e+000  0.000000e+000  0.000000e+000  0.000000e+000  0.000000e+000  0.000000e+000  0.000000e+000  0.000000e+000  0.000000e+000  0.000000e+000  0.000000e+000  0.000000e+000  0.000000e+000  0.000000e+000  0.000000e+000  0.000000e+000  0.000000e+000  0.000000e+000  0.000000e+000  0.000000e+000  
0.000000e+000  0.000000e+000  0.000000e+000  0.000000e+000  0.000000e+000  0.000000e+000  0.000000e+000  0.000000e+000  0.000000e+000  0.000000e+000  0.000000e+000  0.000000e+000  0.000000e+000  0.000000e+000  0.000000e+000  0.000000e+000  0.000000e+000  0.000000e+000  0.000000e+000  0.000000e+000  0.000000e+000  0.000000e+000  
0.000000e+000  0.000000e+000  0.000000e+000  0.000000e+000  0.000000e+000  0.000000e+000  0.000000e+000  0.000000e+000  0.000000e+000  0.000000e+000  0.000000e+000  0.000000e+000  0.000000e+000  0.000000e+000  0.000000e+000  0.000000e+000  0.000000e+000  0.000000e+000  0.000000e+000  0.000000e+000  0.000000e+000  0.000000e+000  
0.000000e+000  0.000000e+000  0.000000e+000  0.000000e+000  0.000000e+000  0.000000e+000  0.000000e+000  0.000000e+000  0.000000e+000  0.000000e+000  0.000000e+000  0.000000e+000  0.000000e+000  0.000000e+000  0.000000e+000  0.000000e+000  0.000000e+000  0.000000e+000  0.000000e+000  0.000000e+000  0.000000e+000  0.000000e+000  

-5.179437e-002  -5.171339e-002  -5.155161e-002  -5.130942e-002  -5.098739e-002  -5.058631e-002  -5.010717e-002  -4.955117e-002  -4.866094e-002  -4.737163e-002  -4.595746e-002  -4.443461e-002  -4.281962e-002  -4.112905e-002  -3.937909e-002  -3.758530e-002  -3.485087e-002  -3.116973e-002  -2.484209e-002  -1.518616e-002  -4.898819e-003  -0.000000e+000  
-1.588431e-001  -1.585920e-001  -1.580902e-001  -1.573388e-001  -1.563393e-001  -1.550936e-001  -1.536044e-001  -1.518750e-001  -1.490457e-001  -1.449111e-001  -1.403876e-001  -1.355304e-001  -1.303952e-001  -1.250374e-001  -1.195106e-001  -1.138658e-001  -1.052926e-001  -9.383894e-002  -7.429903e-002  -4.502173e-002  -1.442711e-002  -0.000000e+000  
-2.999766e-001  -2.994968e-001  -2.985374e-001  -2.970990e-001  -2.951824e-001  -2.927890e-001  -2.899210e-001  -2.865815e-001  -2.807984e-001  -2.721564e-001  -2.627587e-001  -2.527352e-001  -2.422155e-001  -2.313253e-001  -2.201833e-001  -2.088996e-001  -1.919103e-001  -1.696149e-001  -1.322425e-001  -7.853636e-002  -2.479441e-002  -0.000000e+000  
-4.884101e-001  -4.876694e-001  -4.861835e-001  -4.839440e-001  -4.809386e-001  -4.771524e-001  -4.725688e-001  -4.671706e-001  -4.561303e-001  -4.386813e-001  -4.199635e-001  -4.003031e-001  -3.800123e-001  -3.593795e-001  -3.386626e-001  -3.180853e-001  -2.877101e-001  -2.494290e-001  -1.877449e-001  -1.067315e-001  -3.266422e-002  -0.000000e+000  
-6.863294e-001  -6.856304e-001  -6.842076e-001  -6.820120e-001  -6.789733e-001  -6.750022e-001  -6.699949e-001  -6.638380e-001  -6.452961e-001  -6.131694e-001  -5.793674e-001  -5.446400e-001  -5.096600e-001  -4.750014e-001  -4.411297e-001  -4.084025e-001  -3.614149e-001  -3.053909e-001  -2.197473e-001  -1.187807e-001  -3.516583e-002  -0.000000e+000  
-8.402053e-001  -8.403429e-001  -8.405448e-001  -8.406669e-001  -8.404988e-001  -8.397709e-001  -8.381644e-001  -8.353242e-001  -8.087669e-001  -7.569932e-001  -7.037555e-001  -6.505092e-001  -5.984383e-001  -5.484284e-001  -5.010822e-001  -4.567592e-001  -3.950571e-001  -3.256541e-001  -2.250197e-001  -1.168636e-001  -3.377560e-002  -0.000000e+000  
-9.401282e-001  -9.416113e-001  -9.444481e-001  -9.483812e-001  -9.530296e-001  -9.578969e-001  -9.623852e-001  -9.658163e-001  -9.325280e-001  -8.609885e-001  -7.888736e-001  -7.184354e-001  -6.513079e-001  -5.885266e-001  -5.306307e-001  -4.777882e-001  -4.059751e-001  -3.286037e-001  -2.206106e-001  -1.115071e-001  -3.171746e-002  -0.000000e+000  
-1.001590e+000  -1.005110e+000  -1.011964e+000  -1.021779e+000  -1.033982e+000  -1.047794e+000  -1.062242e+000  -1.076176e+000  -1.036472e+000  -9.419974e-001  -8.490520e-001  -7.608591e-001  -6.793323e-001  -6.053227e-001  -5.389531e-001  -4.799077e-001  -4.015049e-001  -3.201937e-001  -2.102727e-001  -1.042427e-001  -2.932877e-002  -0.000000e+000  
-1.032538e+000  -1.037863e+000  -1.048308e+000  -1.063443e+000  -1.082583e+000  -1.104753e+000  -1.128661e+000  -1.152720e+000  -1.108106e+000  -9.943525e-001  -8.846526e-001  -7.829564e-001  -6.911305e-001  -6.095907e-001  -5.379146e-001  -4.752743e-001  -3.934072e-001  -3.106185e-001  -2.010305e-001  -9.841550e-002  -2.749540e-002  -0.000000e+000  
-1.049508e+000  -1.057163e+000  -1.072293e+000  -1.094497e+000  -1.123069e+000  -1.156891e+000  -1.194319e+000  -1.233131e+000  -1.182550e+000  -1.043621e+000  -9.133719e-001  -7.963432e-001  -6.937601e-001  -6.050278e-001  -5.287716e-001  -4.634062e-001  -3.793976e-001  -2.965823e-001  -1.892270e-001  -9.153011e-002  -2.540286e-002  -0.000000e+000  
-1.046531e+000  -1.056973e+000  -1.077811e+000  -1.108881e+000  -1.149740e+000  -1.199412e+000  -1.256035e+000  -1.316521e+000  -1.258121e+000  -1.085489e+000  -9.303253e-001  -7.967265e-001  -6.838711e-001  -5.891741e-001  -5.097731e-001  -4.430745e-001  -3.588010e-001  -2.777673e-001  -1.748196e-001  -8.361286e-002  -2.306346e-002  -0.000000e+000  
-1.019831e+000  -1.032852e+000  -1.059130e+000  -1.099068e+000  -1.153047e+000  -1.221016e+000  -1.301696e+000  -1.391331e+000  -1.322590e+000  -1.108787e+000  -9.279746e-001  -7.802579e-001  -6.603645e-001  -5.626989e-001  -4.826196e-001  -4.165196e-001  -3.341976e-001  -2.566436e-001  -1.597317e-001  -7.570685e-002  -2.078099e-002  -0.000000e+000  
-9.761943e-001  -9.911013e-001  -1.021507e+000  -1.068601e+000  -1.134119e+000  -1.220041e+000  -1.327529e+000  -1.454055e+000  -1.371100e+000  -1.110941e+000  -9.075683e-001  -7.504344e-001  -6.275080e-001  -5.298355e-001  -4.511727e-001  -3.871315e-001  -3.082740e-001  -2.351779e-001  -1.450422e-001  -6.824065e-002  -1.865798e-002  -0.000000e+000  
-9.093572e-001  -9.252346e-001  -9.579267e-001  -1.009487e+000  -1.083475e+000  -1.185540e+000  -1.323715e+000  -1.505505e+000  -1.397884e+000  -1.081394e+000  -8.613518e-001  -7.015511e-001  -5.806128e-001  -4.864297e-001  -4.116363e-001  -3.514123e-001  -2.779447e-001  -2.107825e-001  -1.289296e-001  -6.026023e-002  -1.641820e-002  -0.000000e+000  
-8.178360e-001  -8.332340e-001  -8.650369e-001  -9.155611e-001  -9.892859e-001  -1.095077e+000  -1.252332e+000  -1.509324e+000  -1.362244e+000  -9.976536e-001  -7.813677e-001  -6.309481e-001  -5.188073e-001  -4.322473e-001  -3.640225e-001  -3.094735e-001  -2.433737e-001  -1.836146e-001  -1.115031e-001  -5.181490e-002  -1.407410e-002  -0.000000e+000  
-6.879578e-001  -7.010649e-001  -7.278390e-001  -7.694098e-001  -8.274306e-001  -9.037155e-001  -9.985919e-001  -1.104448e+000  -1.008224e+000  -8.093683e-001  -6.497705e-001  -5.274220e-001  -4.332205e-001  -3.598138e-001  -3.019164e-001  -2.557608e-001  -2.000784e-001  -1.502077e-001  -9.057781e-002  -4.185493e-002  -1.133507e-002  -0.000000e+000  
-5.118289e-001  -5.210361e-001  -5.394906e-001  -5.671137e-001  -6.032931e-001  -6.459798e-001  -6.898696e-001  -7.231390e-001  -6.495116e-001  -5.659493e-001  -4.710073e-001  -3.878266e-001  -3.200045e-001  -2.658431e-001  -2.227176e-001  -1.882546e-001  -1.467136e-001  -1.097217e-001  -6.579089e-002  -3.026321e-002  -8.176272e-003  -0.000000e+000  
-2.140940e-001  -2.173019e-001  -2.235530e-001  -2.324557e-001  -2.432671e-001  -2.547207e-001  -2.648722e-001  -2.711612e-001  -2.362139e-001  -2.165220e-001  -1.877227e-001  -1.584291e-001  -1.323620e-001  -1.105000e-001  -9.264064e-002  -7.819672e-002  -6.070757e-002  -4.518768e-002  -2.689514e-002  -1.229720e-002  -3.311922e-003  -0.000000e+000  
2.140940e-001  2.173019e-001  2.235530e-001  2.324557e-001  2.432671e-001  2.547207e-001  2.648722e-001  2.711612e-001  2.362139e-001  2.165220e-001  1.877227e-001  1.584291e-001  1.323620e-001  1.105000e-001  9.264064e-002  7.819672e-002  6.070757e-002  4.518768e-002  2.689514e-002  1.229720e-002  3.311922e-003  -0.000000e+000  
5.118289e-001  5.210361e-001  5.394906e-001  5.671137e-001  6.032931e-001  6.459798e-001  6.898696e-001  7.231390e-001  6.495116e-001  5.659493e-001  4.710073e-001  3.878266e-001  3.200045e-001  2.658431e-001  2.227176e-001  1.882546e-001  1.467136e-001  1.097217e-001  6.579089e-002  3.026321e-002  8.176272e-003  -0.000000e+000  
6.879578e-001  7.010649e-001  7.278390e-001  7.694098e-001  8.274306e-001  9.037155e-001  9.985919e-001  1.104448e+000  1.008224e+000  8.093683e-001  6.497705e-001  5.274220e-001  4.332205e-001  3.598138e-001  3.019164e-001  2.557608e-001  2.000784e-001  1.502077e-001  9.057781e-002  4.185493e-002  1.133507e-002  -0.000000e+000  
8.178360e-001  8.332340e-001  8.650369e-001  9.155611e-001  9.892859e-001  1.095077e+000  1.252332e+000  1.509324e+000  1.362244e+000  9.976536e-001  7.813677e-001  6.309481e-001  5.188073e-001  4.322473e-001  3.640225e-001  3.094735e-001  2.433737e-001  1.836146e-001  1.115031e-001  5.181490e-002  1.407410e-002  -0.000000e+000  
9.093572e-001  9.252346e-001  9.579267e-001  1.009487e+000  1.083475e+000  1.185540e+000  1.323715e+000  1.505505e+000  1.397884e+000  1.081394e+000  8.613518e-001  7.015511e-001  5.806128e-001  4.864297e-001  4.116363e-001  3.514123e-001  2.779447e-001  2.107825e-001  1.289296e-001  6.026023e-002  1.641820e-002  -0.000000e+000  
9.761943e-001  9.911013e-001  1.021507e+000  1.068601e+000  1.134119e+000  1.220041e+000  1.327529e+000  1.454055e+000  1.371100e+000  1.110941e+000  9.075683e-001  7.504344e-001  6.275080e-001  5.298355e-001  4.511727e-001  3.871315e-001  3.082740e-001  2.351779e-001  1.450422e-001  6.824065e-002  1.865798e-002  -0.000000e+000  
1.019831e+000  1.032852e+000  1.059130e+000  1.099068e+000  1.153047e+000  1.221016e+000  1.301696e+000  1.391331e+000  1.322590e+000  1.108787e+000  9.279746e-001  7.802579e-001  6.603645e-001  5.626989e-001  4.826196e-001  4.165196e-001  3.341976e-001  2.566436e-001  1.597317e-001  7.570685e-002  2.078099e-002  -0.000000e+000  
1.046531e+000  1.056973e+000  1.077811e+000  1.108881e+000  1.149740e+000  1.199412e+000  1.256035e+000  1.316521e+000  1.258121e+000  1.085489e+000  9.303253e-001  7.967265e-001  6.838711e-001  5.891741e-001  5.097731e-001  4.430745e-001  3.588010e-001  2.777673e-001  1.748196e-001  8.361286e-002  2.306346e-002  -0.000000e+000  
1.049508e+000  1.057163e+000  1.072293e+000  1.094497e+000  1.123069e+000  1.156891e+000  1.194319e+000  1.233131e+000  1.182550e+000  1.043621e+000  9.133719e-001  7.963432e-001  6.937601e-001  6.050278e-001  5.287716e-001  4.634062e-001  3.793976e-001  2.965823e-001  1.892270e-001  9.153011e-002  2.540286e-002  -0.000000e+000  
1.032538e+000  1.037863e+000  1.048308e+000  1.063443e+000  1.082583e+000  1.104753e+000  1.128661e+000  1.152720e+000  1.108106e+000  9.943525e-001  8.846526e-001  7.829564e-001  6.911305e-001  6.095907e-001  5.379146e-001  4.752743e-001  3.934072e-001  3.106185e-001  2.010305e-001  9.841550e-002  2.749540e-002  -0.000000e+000  
1.001590e+000  1.005110e+000  1.011964e+000  1.021779e+000  1.033982e+000  1.047794e+000  1.062242e+000  1.076176e+000  1.036472e+000  9.419974e-001  8.490520e-001  7.608591e-001  6.793323e-001  6.053227e-001  5.389531e-001  4.799077e-001  4.015049e-001  3.201937e-001  2.102727e-001  1.042427e-001  2.932877e-002  -0.000000e+000  
9.401282e-001  9.416113e-001  9.444481e-001  9.483812e-001  9.530296e-001  9.578969e-001  9.623852e-001  9.658163e-001  9.325280e-001  8.609885e-001  7.888736e-001  7.184354e-001  6.513079e-001  5.885266e-001  5.306307e-001  4.777882e-001  4.059751e-001  3.286037e-001  2.206106e-001  1.115071e-001  3.171746e-002  -0.000000e+000  
8.402053e-001  8.403429e-001  8.405448e-001  8.406669e-001  8.404988e-001  8.397709e-001  8.381644e-001  8.353242e-001  8.087669e-001  7.569932e-001  7.037555e-001  6.505092e-001  5.984383e-001  5.484284e-001  5.010822e-001  4.567592e-001  3.950571e-001  3.256541e-001  2.250197e-001  1.168636e-001  3.377560e-002  -0.000000e+000  
6.863294e-001  6.856304e-001  6.842076e-001  6.820120e-001  6.789733e-001  6.750022e-001  6.699949e-001  6.638380e-001  6.452961e-001  6.131694e-001  5.793674e-001  5.446400e-001  5.096600e-001  4.750014e-001  4.411297e-001  4.084025e-001  3.614149e-001  3.053909e-001  2.197473e-001  1.187807e-001  3.516583e-002  -0.000000e+000  
4.884101e-001  4.876694e-001  4.861835e-001  4.839440e-001  4.809386e-001  4.771524e-001  4.725688e-001  4.671706e-001  4.561303e-001  4.386813e-001  4.199635e-001  4.003031e-001  3.800123e-001  3.593795e-001  3.386626e-001  3.180853e-001  2.877101e-001  2.494290e-001  1.877449e-001  1.067315e-001  3.266422e-002  -0.000000e+000  
2.999766e-001  2.994968e-001  2.985374e-001  2.970990e-001  2.951824e-001  2.927890e-001  2.899210e-001  2.865815e-001  2.807984e-001  2.721564e-001  2.627587e-001  2.527352e-001  2.422155e-001  2.313253e-001  2.201833e-001  2.088996e-001  1.919103e-001  1.696149e-001  1.322425e-001  7.853636e-002  2.479441e-002  -0.000000e+000  
1.588431e-001  1.585920e-001  1.580902e-001  1.573388e-001  1.563393e-001  1.550936e-001  1.536044e-001  1.518750e-001  1.490457e-001  1.449111e-001  1.403876e-001  1.355304e-001  1.303952e-001  1.250374e-001  1.195106e-001  1.138658e-001  1.052926e-001  9.383894e-002  7.429903e-002  4.502173e-002  1.442711e-002  -0.000000e+000  
5.179437e-002  5.171339e-002  5.155161e-002  5.130942e-002  5.098739e-002  5.058631e-002  5.010717e-002  4.955117e-002  4.866094e-002  4.737163e-002  4.595746e-002  4.443461e-002  4.281962e-002  4.112905e-002  3.937909e-002  3.758530e-002  3.485087e-002  3.116973e-002  2.484209e-002  1.518616e-002  4.898819e-003  -0.000000e+000  
-0.000000e+000  -0.000000e+000  -0.000000e+000  -0.000000e+000  -0.000000e+000  -0.000000e+000  -0.000000e+000  -0.000000e+000  -0.000000e+000  -0.000000e+000  -0.000000e+000  -0.000000e+000  -0.000000e+000  -0.000000e+000  -0.000000e+000  -0.000000e+000  -0.000000e+000  -0.000000e+000  -0.000000e+000  -0.000000e+000  -0.000000e+000  -0.000000e+000  

