2025-10-16 10:41:25   Build version: 2025.4 Release from 2025-04-11 (change 1409410)

2025-10-16 10:41:25   Starting adaptive port meshing.

                      ------------------------------------------------------------------------------
2025-10-16 10:41:25   Mode calculation for port 1:

                      ------------------------------------------------------------------------------
2025-10-16 10:41:25   According to the selected features the <Time Domain Solver (HEX)> will be
                      started.

                      ------------------------------------------------------------------------------
2025-10-16 10:41:25   

                      ------------------------------------------------------------------------------
2025-10-16 10:41:25   

                      ------------------------------------------------------------------------------
2025-10-16 10:41:30   Using Generalized port mode solver.

                      ------------------------------------------------------------------------------
2025-10-16 10:41:31   Port mode solver: Detected dispersive material(s) at port 1. 
                      Using a constant approximation of dispersive material(s) at 2.4 GHz and neglecting loss terms.  More...

                      ------------------------------------------------------------------------------
2025-10-16 10:41:31     -------------------------------- F-Calc 2.4 --------------------------------
                        Port   Mode   Type        Z-Wave        Z-Wave-Sigma  Z-Line        F-Cutoff
                        1      1      QTEM        207           0             60.1          ---
                        ----------------------------------------------------------------------------

2025-10-16 10:41:33   Pass 1 successfully completed. 
2025-10-16 10:41:34   According to the selected features the <Time Domain Solver (HEX)> will be
                      started.

                      ------------------------------------------------------------------------------
2025-10-16 10:41:34   

                      ------------------------------------------------------------------------------
2025-10-16 10:41:34   

                      ------------------------------------------------------------------------------
2025-10-16 10:41:40     -------------------------------- F-Calc 2.4 --------------------------------
                        Port   Mode   Type        Z-Wave        Z-Wave-Sigma  Z-Line        F-Cutoff
                        1      1      QTEM        210           0             62.9          ---
                        ----------------------------------------------------------------------------

2025-10-16 10:41:42   Pass 2 successfully completed. Delta (Line Imp.): 4.41%
2025-10-16 10:41:42   According to the selected features the <Time Domain Solver (HEX)> will be
                      started.

                      ------------------------------------------------------------------------------
2025-10-16 10:41:43   

                      ------------------------------------------------------------------------------
2025-10-16 10:41:43   

                      ------------------------------------------------------------------------------
2025-10-16 10:41:50     -------------------------------- F-Calc 2.4 --------------------------------
                        Port   Mode   Type        Z-Wave        Z-Wave-Sigma  Z-Line        F-Cutoff
                        1      1      QTEM        249           1.01e-007     62.7          ---
                        ----------------------------------------------------------------------------

2025-10-16 10:41:52   Pass 3 successfully completed. Delta (Line Imp.): 0.37%
2025-10-16 10:41:52   According to the selected features the <Time Domain Solver (HEX)> will be
                      started.

                      ------------------------------------------------------------------------------
2025-10-16 10:41:52   

                      ------------------------------------------------------------------------------
2025-10-16 10:41:52   

                      ------------------------------------------------------------------------------
2025-10-16 10:42:00     -------------------------------- F-Calc 2.4 --------------------------------
                        Port   Mode   Type        Z-Wave        Z-Wave-Sigma  Z-Line        F-Cutoff
                        1      1      QTEM        252           1.97e-007     62.7          ---
                        ----------------------------------------------------------------------------

2025-10-16 10:42:03   Pass 4 successfully completed. Delta (Line Imp.): 0.01%
2025-10-16 10:42:03   Adaptive port meshing finished. 

                      ------------------------------------------------------------------------------
2025-10-16 10:42:05   The following farfield monitor(s) have been adjusted to model box [-54.2138,
                      54.2138, -58.8636, 45.814, -5.03077, 16.1117]:
                        farfield (f=2.4417).
                      For further information please check the page "Special Solver Parameters -
                      Solver" in the Online Help.

                      ------------------------------------------------------------------------------
2025-10-16 10:42:05   According to the selected features the <Time Domain Solver (HEX)> will be
                      started.

                      ------------------------------------------------------------------------------
2025-10-16 10:42:06   
                      Solver started at: 2025-10-16 10:42:06 +0200

                        Module:  Time Domain: S-Parameter (Win 64)
                        Version: 2025.4 Release from 2025-04-11 (change 1409410)

2025-10-16 10:42:06   

                      ------------------------------------------------------------------------------
2025-10-16 10:42:06   

                      ------------------------------------------------------------------------------
2025-10-16 10:42:06   ======================================================================
                       Solver cycle: 1
                      ======================================================================

                      Stimulation at port 1 (mode 1) 



                      ------------------------------------------------------------------------------
2025-10-16 10:42:06   Units settings: 

                        Dimensions: mm
                        Frequency:  GHz
                        Time:       ns

                      ------------------------------------------------------------------------------
2025-10-16 10:42:06   The dispersive material update [Automatic] will be performed using the "Standard" update schema

                      ------------------------------------------------------------------------------
2025-10-16 10:42:18   Mesh statistics:

                         Hexahedral mesh type: Perfect Boundary Approximation (PBA)
                            Version: default

                         Parallelization type: domain decomposition
                            Number of parallel working threads: 2
                            Number of calculation domains used: 2

                         Used point accuracy enhancement value: 74.00%.
                         Acceleration mode: CPU
                         PBA fill limit: 99.00% (inverse)

2025-10-16 10:42:20   Using Generalized port mode solver.

                      ------------------------------------------------------------------------------
2025-10-16 10:42:21   Port mode solver: Detected dispersive material(s) at port 1. 
                      Using a constant approximation of dispersive material(s) at 2.4 GHz and neglecting loss terms.  More...

                      ------------------------------------------------------------------------------
2025-10-16 10:42:22   Boundary conditions: 

                        YZsymmetry: none
                        XZsymmetry: none
                        XYsymmetry: none

                        Xmin: expanded open, 4 Layer, depth 34.778 mm
                        Xmax: expanded open, 4 Layer, depth 34.778 mm

                        Ymin: expanded open, 4 Layer, depth 32.9296 mm
                        Ymax: expanded open, 4 Layer, depth 34.8094 mm

                        Zmin: expanded open, 4 Layer, depth 34.9838 mm
                        Zmax: expanded open, 4 Layer, depth 37.8858 mm

                        PML-Type: Convolution PML

                      ------------------------------------------------------------------------------
2025-10-16 10:42:22   Frequency settings: 

                        Fmin:         2.2
                        Fmax:         2.6
                        Nfsteps(lin): 1001

                      ------------------------------------------------------------------------------
2025-10-16 10:42:22   Field update statistics:

                        Number of components in total: 	354329
                        Number of TST and special elements:	228
                        Number of lossy metal components:	8388
                        Number of disp. elements:		4697

                      Subcycling state:      			Automatically deactivated

                      ------------------------------------------------------------------------------
2025-10-16 10:42:23   Waveguide boundaries:

2025-10-16 10:42:23   Port: 1

2025-10-16 10:42:23     -------------------------------- F-Calc 2.4 --------------------------------
                        Port   Mode   Type        Z-Wave        Z-Wave-Sigma  Z-Line        F-Cutoff
                        1      1      QTEM        207           0             62.7          ---
                        ----------------------------------------------------------------------------

2025-10-16 10:42:24   Using standard absorber for unconsidered modes at port 1.

                      ------------------------------------------------------------------------------
2025-10-16 10:42:56   
                      --------------------------------------------------------------------------------
2025-10-16 10:42:56   Steady state energy criterion met, solver finished successfully.

                      ------------------------------------------------------------------------------
2025-10-16 10:42:56   Frequency domain results normalized to default signal.


                      ------------------------------------------------------------------------------
2025-10-16 10:42:56   
                        ----------------------------------------------------------------------------
                                            Peak memory used (kB)         Free physical memory (kB) 
                                                                          At begin     Minimum      
                        ----------------------------------------------------------------------------
                        Matrices calc.      143309                        1989257      1206054      
                        Solver run total    75328                         3562520      3295880      
                        ----------------------------------------------------------------------------

                      --------------------------------------------------------------------------------
                      Solver Statistics:

                        Hardware:
                           Computer name:                 	Heu 

                           Number of CPU threads:               4
                           Hardware info:                  	Hardware Accelerator Device not activated

                        Number of mesh cells:             	56448
                        Excitation duration:              	1.77727437e+001 ns 
                        Calculation time for excitation:  	0 	s
                        Number of calculated pulse widths:	1.1556 
                        Steady state accuracy limit:      	-40	dB 
                        Simulated number of time steps:   	8100 
                        Maximum number of time steps:     	140186 
                        Time step width:
                           without subcycles:             	2.535577296e-003 ns
                           used:                          	2.535577296e-003 ns

                        Matrix calculation time:          	11 	s
                        Solver setup time:                	9 	s
                        Solver loop time:                 	26 	s
                        Solver post-processing time:      	2 	s
                                                          	------------
                        Total solver time:                	48 	s

                      ------------------------------------------------------------------------------
2025-10-16 10:42:57   
                        Adaptive port meshing time:          	40     	s
                        Total solver time (all cycles):      	48     	s
                        Solver initialization and clean-up:  	3      	s
                                                             	------------
                        Total simulation time:               	91     	s  ( = 0 h, 1 m, 31 s )

                      ------------------------------------------------------------------------------
2025-10-16 10:42:57   Solver finished at: 2025-10-16 10:42:57 +0200



                      ------------------------------------------------------------------------------
2025-10-16 10:42:59   Creating parametric 1D results for Run ID 34

                      ------------------------------------------------------------------------------
