2025-10-16 16:53:31   Build version: 2025.4 Release from 2025-04-11 (change 1409410)

2025-10-16 16:53:31   Starting adaptive port meshing.

                      ------------------------------------------------------------------------------
2025-10-16 16:53:31   Mode calculation for port 1:

                      ------------------------------------------------------------------------------
2025-10-16 16:53:31   According to the selected features the <Time Domain Solver (HEX)> will be
                      started.

                      ------------------------------------------------------------------------------
2025-10-16 16:53:32   

                      ------------------------------------------------------------------------------
2025-10-16 16:53:32   

                      ------------------------------------------------------------------------------
2025-10-16 16:53:37   Using Generalized port mode solver.

                      ------------------------------------------------------------------------------
2025-10-16 16:53:37   Using electric shielding for port 1.

                      ------------------------------------------------------------------------------
2025-10-16 16:53:38   Port mode solver: Detected dispersive material(s) at port 1. 
                      Using a constant approximation of dispersive material(s) at 2.4 GHz and neglecting loss terms.  More...

                      ------------------------------------------------------------------------------
2025-10-16 16:53:40     -------------------------------- F-Calc 2.4 --------------------------------
                        Port   Mode   Type        Z-Wave        Z-Wave-Sigma  Z-Line        F-Cutoff
                        1      1      QTEM        209           0             59            ---
                        ----------------------------------------------------------------------------

2025-10-16 16:53:43   Pass 1 successfully completed. 
2025-10-16 16:53:43   According to the selected features the <Time Domain Solver (HEX)> will be
                      started.

                      ------------------------------------------------------------------------------
2025-10-16 16:53:43   

                      ------------------------------------------------------------------------------
2025-10-16 16:53:43   

                      ------------------------------------------------------------------------------
2025-10-16 16:53:52     -------------------------------- F-Calc 2.4 --------------------------------
                        Port   Mode   Type        Z-Wave        Z-Wave-Sigma  Z-Line        F-Cutoff
                        1      1      QTEM        212           0             61.9          ---
                        ----------------------------------------------------------------------------

2025-10-16 16:53:55   Pass 2 successfully completed. Delta (Line Imp.): 4.57%
2025-10-16 16:53:55   According to the selected features the <Time Domain Solver (HEX)> will be
                      started.

                      ------------------------------------------------------------------------------
2025-10-16 16:53:56   

                      ------------------------------------------------------------------------------
2025-10-16 16:53:56   

                      ------------------------------------------------------------------------------
2025-10-16 16:54:05     -------------------------------- F-Calc 2.4 --------------------------------
                        Port   Mode   Type        Z-Wave        Z-Wave-Sigma  Z-Line        F-Cutoff
                        1      1      QTEM        247           6.43e-007     61.6          ---
                        ----------------------------------------------------------------------------

2025-10-16 16:54:08   Pass 3 successfully completed. Delta (Line Imp.): 0.34%
2025-10-16 16:54:08   According to the selected features the <Time Domain Solver (HEX)> will be
                      started.

                      ------------------------------------------------------------------------------
2025-10-16 16:54:08   

                      ------------------------------------------------------------------------------
2025-10-16 16:54:08   

                      ------------------------------------------------------------------------------
2025-10-16 16:54:15     -------------------------------- F-Calc 2.4 --------------------------------
                        Port   Mode   Type        Z-Wave        Z-Wave-Sigma  Z-Line        F-Cutoff
                        1      1      QTEM        250           7.98e-008     61.7          ---
                        ----------------------------------------------------------------------------

2025-10-16 16:54:16   Pass 4 successfully completed. Delta (Line Imp.): 0.01%
2025-10-16 16:54:16   Adaptive port meshing finished. 

                      ------------------------------------------------------------------------------
2025-10-16 16:54:17   The following farfield monitor(s) have been adjusted to model box [-69.3573,
                      69.3573, -50.2884, 45.5068, -5.31622, 14.8949]:
                        farfield (f=2.4417).
                      For further information please check the page "Special Solver Parameters -
                      Solver" in the Online Help.

                      ------------------------------------------------------------------------------
2025-10-16 16:54:17   According to the selected features the <Time Domain Solver (HEX)> will be
                      started.

                      ------------------------------------------------------------------------------
2025-10-16 16:54:17   
                      Solver started at: 2025-10-16 16:54:17 +0200

                        Module:  Time Domain: S-Parameter (Win 64)
                        Version: 2025.4 Release from 2025-04-11 (change 1409410)

2025-10-16 16:54:17   

                      ------------------------------------------------------------------------------
2025-10-16 16:54:17   

                      ------------------------------------------------------------------------------
2025-10-16 16:54:17   ======================================================================
                       Solver cycle: 1
                      ======================================================================

                      Stimulation at port 1 (mode 1) 



                      ------------------------------------------------------------------------------
2025-10-16 16:54:17   Units settings: 

                        Dimensions: mm
                        Frequency:  GHz
                        Time:       ns

                      ------------------------------------------------------------------------------
2025-10-16 16:54:17   The dispersive material update [Automatic] will be performed using the "Standard" update schema

                      ------------------------------------------------------------------------------
2025-10-16 16:54:32   Mesh statistics:

                         Hexahedral mesh type: Perfect Boundary Approximation (PBA)
                            Version: default

                         Parallelization type: domain decomposition
                            Number of parallel working threads: 2
                            Number of calculation domains used: 2

                         Used point accuracy enhancement value: 75.00%.
                         Acceleration mode: CPU
                         PBA fill limit: 99.00% (inverse)
                         Used point accuracy enhancement value: 74.00%.
2025-10-16 15:53:56      current system memory usage reached 80%
2025-10-16 15:53:55      current system memory usage reached 80%

2025-10-16 16:54:36   Using Generalized port mode solver.

                      ------------------------------------------------------------------------------
2025-10-16 16:54:36   Using electric shielding for port 1.

                      ------------------------------------------------------------------------------
2025-10-16 16:54:37   Port mode solver: Detected dispersive material(s) at port 1. 
                      Using a constant approximation of dispersive material(s) at 2.4 GHz and neglecting loss terms.  More...

                      ------------------------------------------------------------------------------
2025-10-16 16:54:38   Boundary conditions: 

                        YZsymmetry: none
                        XZsymmetry: none
                        XYsymmetry: none

                        Xmin: expanded open, 4 Layer, depth 32.695 mm
                        Xmax: expanded open, 4 Layer, depth 32.695 mm

                        Ymin: expanded open, 4 Layer, depth 32.927 mm
                        Ymax: expanded open, 4 Layer, depth 32.641 mm

                        Zmin: expanded open, 4 Layer, depth 32.7727 mm
                        Zmax: expanded open, 4 Layer, depth 39.486 mm

                        PML-Type: Convolution PML

                      ------------------------------------------------------------------------------
2025-10-16 16:54:38   Frequency settings: 

                        Fmin:         2.2
                        Fmax:         2.6
                        Nfsteps(lin): 1001

                      ------------------------------------------------------------------------------
2025-10-16 16:54:38   Field update statistics:

                        Number of components in total: 	353496
                        Number of TST and special elements:	228
                        Number of lossy metal components:	8380
                        Number of disp. elements:		4663

                      Subcycling state:      			Automatically deactivated

                      ------------------------------------------------------------------------------
2025-10-16 16:54:39   Waveguide boundaries:

2025-10-16 16:54:39   Port: 1

2025-10-16 16:54:39     -------------------------------- F-Calc 2.4 --------------------------------
                        Port   Mode   Type        Z-Wave        Z-Wave-Sigma  Z-Line        F-Cutoff
                        1      1      QTEM        209           0             61.7          ---
                        ----------------------------------------------------------------------------

2025-10-16 16:54:39   Using standard absorber for unconsidered modes at port 1.

                      ------------------------------------------------------------------------------
2025-10-16 16:55:05   
                      --------------------------------------------------------------------------------
2025-10-16 16:55:05   Steady state energy criterion met, solver finished successfully.

                      ------------------------------------------------------------------------------
2025-10-16 16:55:05   Frequency domain results normalized to default signal.


                      ------------------------------------------------------------------------------
2025-10-16 16:55:05   
                        ----------------------------------------------------------------------------
                                            Peak memory used (kB)         Free physical memory (kB) 
                                                                          At begin     Minimum      
                        ----------------------------------------------------------------------------
                        Matrices calc.      143346                        1989257      1206054      
                        Solver run total    74812                         3040368      2948632      
                        ----------------------------------------------------------------------------

                      --------------------------------------------------------------------------------
                      Solver Statistics:

                        Hardware:
                           Computer name:                 	Heu 

                           Number of CPU threads:               4
                           Hardware info:                  	Hardware Accelerator Device not activated

                        Number of mesh cells:             	56304
                        Excitation duration:              	1.77727437e+001 ns 
                        Calculation time for excitation:  	0 	s
                        Number of calculated pulse widths:	1.21832 
                        Steady state accuracy limit:      	-40	dB 
                        Simulated number of time steps:   	8379 
                        Maximum number of time steps:     	137550 
                        Time step width:
                           without subcycles:             	2.584175237e-003 ns
                           used:                          	2.584175237e-003 ns

                        Matrix calculation time:          	15 	s
                        Solver setup time:                	12 	s
                        Solver loop time:                 	18 	s
                        Solver post-processing time:      	2 	s
                                                          	------------
                        Total solver time:                	47 	s

                      ------------------------------------------------------------------------------
2025-10-16 16:55:06   
                        Adaptive port meshing time:          	48     	s
                        Total solver time (all cycles):      	47     	s
                        Solver initialization and clean-up:  	2      	s
                                                             	------------
                        Total simulation time:               	97     	s  ( = 0 h, 1 m, 37 s )

                      ------------------------------------------------------------------------------
2025-10-16 16:55:06   Solver finished at: 2025-10-16 16:55:06 +0200



                      ------------------------------------------------------------------------------
2025-10-16 16:55:09   Creating parametric 1D results for Run ID 23

                      ------------------------------------------------------------------------------
