2025-10-09 16:18:17   Build version: 2025.4 Release from 2025-04-11 (change 1409410)

2025-10-09 16:18:17   Starting adaptive port meshing.

                      ------------------------------------------------------------------------------
2025-10-09 16:18:17   Mode calculation for port 1:

                      ------------------------------------------------------------------------------
2025-10-09 16:18:17   According to the selected features the <Time Domain Solver (HEX)> will be
                      started.

                      ------------------------------------------------------------------------------
2025-10-09 16:18:18   

                      ------------------------------------------------------------------------------
2025-10-09 16:18:18   

                      ------------------------------------------------------------------------------
2025-10-09 16:18:21   Using Generalized port mode solver.

                      ------------------------------------------------------------------------------
2025-10-09 16:18:22   Port mode solver: Detected dispersive material(s) at port 1. 
                      Using a constant approximation of dispersive material(s) at 2.4 GHz and neglecting loss terms.  More...

                      ------------------------------------------------------------------------------
2025-10-09 16:18:23     -------------------------------- F-Calc 2.4 --------------------------------
                        Port   Mode   Type        Z-Wave        Z-Wave-Sigma  Z-Line        F-Cutoff
                        1      1      QTEM        207           0             60.1          ---
                        ----------------------------------------------------------------------------

2025-10-09 16:18:25   Pass 1 successfully completed. 
2025-10-09 16:18:25   According to the selected features the <Time Domain Solver (HEX)> will be
                      started.

                      ------------------------------------------------------------------------------
2025-10-09 16:18:25   

                      ------------------------------------------------------------------------------
2025-10-09 16:18:25   

                      ------------------------------------------------------------------------------
2025-10-09 16:18:30     -------------------------------- F-Calc 2.4 --------------------------------
                        Port   Mode   Type        Z-Wave        Z-Wave-Sigma  Z-Line        F-Cutoff
                        1      1      QTEM        210           0             62.9          ---
                        ----------------------------------------------------------------------------

2025-10-09 16:18:32   Pass 2 successfully completed. Delta (Line Imp.): 4.42%
2025-10-09 16:18:32   According to the selected features the <Time Domain Solver (HEX)> will be
                      started.

                      ------------------------------------------------------------------------------
2025-10-09 16:18:33   

                      ------------------------------------------------------------------------------
2025-10-09 16:18:33   

                      ------------------------------------------------------------------------------
2025-10-09 16:18:40     -------------------------------- F-Calc 2.4 --------------------------------
                        Port   Mode   Type        Z-Wave        Z-Wave-Sigma  Z-Line        F-Cutoff
                        1      1      QTEM        249           1.01e-007     62.7          ---
                        ----------------------------------------------------------------------------

2025-10-09 16:18:42   Pass 3 successfully completed. Delta (Line Imp.): 0.37%
2025-10-09 16:18:42   According to the selected features the <Time Domain Solver (HEX)> will be
                      started.

                      ------------------------------------------------------------------------------
2025-10-09 16:18:43   

                      ------------------------------------------------------------------------------
2025-10-09 16:18:43   

                      ------------------------------------------------------------------------------
2025-10-09 16:18:51     -------------------------------- F-Calc 2.4 --------------------------------
                        Port   Mode   Type        Z-Wave        Z-Wave-Sigma  Z-Line        F-Cutoff
                        1      1      QTEM        252           1.98e-007     62.7          ---
                        ----------------------------------------------------------------------------

2025-10-09 16:18:53   Pass 4 successfully completed. Delta (Line Imp.): 0.00%
2025-10-09 16:18:53   Adaptive port meshing finished. 

                      ------------------------------------------------------------------------------
2025-10-09 16:18:56   The following farfield monitor(s) have been adjusted to model box [-54.9851,
                      54.9851, -49.537, 44.6351, -5.0745, 16.1111]:
                        farfield (f=2.4417).
                      For further information please check the page "Special Solver Parameters -
                      Solver" in the Online Help.

                      ------------------------------------------------------------------------------
2025-10-09 16:18:56   According to the selected features the <Time Domain Solver (HEX)> will be
                      started.

                      ------------------------------------------------------------------------------
2025-10-09 16:18:57   
                      Solver started at: 2025-10-09 16:18:57 +0200

                        Module:  Time Domain: S-Parameter (Win 64)
                        Version: 2025.4 Release from 2025-04-11 (change 1409410)

2025-10-09 16:18:57   

                      ------------------------------------------------------------------------------
2025-10-09 16:18:57   

                      ------------------------------------------------------------------------------
2025-10-09 16:18:57   ======================================================================
                       Solver cycle: 1
                      ======================================================================

                      Stimulation at port 1 (mode 1) 



                      ------------------------------------------------------------------------------
2025-10-09 16:18:57   Units settings: 

                        Dimensions: mm
                        Frequency:  GHz
                        Time:       ns

                      ------------------------------------------------------------------------------
2025-10-09 16:18:57   The dispersive material update [Automatic] will be performed using the "Standard" update schema

                      ------------------------------------------------------------------------------
2025-10-09 16:19:17   Mesh statistics:

                         Hexahedral mesh type: Perfect Boundary Approximation (PBA)
                            Version: default

                         Parallelization type: domain decomposition
                            Number of parallel working threads: 2
                            Number of calculation domains used: 2

                         Used point accuracy enhancement value: 74.00%.
                         Acceleration mode: CPU
                         PBA fill limit: 99.00% (inverse)

2025-10-09 16:19:21   Using Generalized port mode solver.

                      ------------------------------------------------------------------------------
2025-10-09 16:19:23   Port mode solver: Detected dispersive material(s) at port 1. 
                      Using a constant approximation of dispersive material(s) at 2.4 GHz and neglecting loss terms.  More...

                      ------------------------------------------------------------------------------
2025-10-09 16:19:23   Boundary conditions: 

                        YZsymmetry: none
                        XZsymmetry: none
                        XYsymmetry: none

                        Xmin: expanded open, 4 Layer, depth 34.4615 mm
                        Xmax: expanded open, 4 Layer, depth 34.4615 mm

                        Ymin: expanded open, 4 Layer, depth 32.9293 mm
                        Ymax: expanded open, 4 Layer, depth 34.4562 mm

                        Zmin: expanded open, 4 Layer, depth 34.7212 mm
                        Zmax: expanded open, 4 Layer, depth 37.889 mm

                        PML-Type: Convolution PML

                      ------------------------------------------------------------------------------
2025-10-09 16:19:23   Frequency settings: 

                        Fmin:         2.2
                        Fmax:         2.6
                        Nfsteps(lin): 1001

                      ------------------------------------------------------------------------------
2025-10-09 16:19:24   Field update statistics:

                        Number of components in total: 	347170
                        Number of TST and special elements:	228
                        Number of lossy metal components:	8108
                        Number of disp. elements:		4596

                      Subcycling state:      			Automatically deactivated

                      ------------------------------------------------------------------------------
2025-10-09 16:19:25   Waveguide boundaries:

2025-10-09 16:19:25   Port: 1

2025-10-09 16:19:25     -------------------------------- F-Calc 2.4 --------------------------------
                        Port   Mode   Type        Z-Wave        Z-Wave-Sigma  Z-Line        F-Cutoff
                        1      1      QTEM        207           0             62.7          ---
                        ----------------------------------------------------------------------------

2025-10-09 16:19:25   Using standard absorber for unconsidered modes at port 1.

                      ------------------------------------------------------------------------------
2025-10-09 16:20:04   
                      --------------------------------------------------------------------------------
2025-10-09 16:20:04   Steady state energy criterion met, solver finished successfully.

                      ------------------------------------------------------------------------------
2025-10-09 16:20:04   Frequency domain results normalized to default signal.


                      ------------------------------------------------------------------------------
2025-10-09 16:20:04   
                        ----------------------------------------------------------------------------
                                            Peak memory used (kB)         Free physical memory (kB) 
                                                                          At begin     Minimum      
                        ----------------------------------------------------------------------------
                        Matrices calc.      119140                        1989257      1206054      
                        Solver run total    75284                         2165512      2050204      
                        ----------------------------------------------------------------------------

                      --------------------------------------------------------------------------------
                      Solver Statistics:

                        Hardware:
                           Computer name:                 	Heu 

                           Number of CPU threads:               4
                           Hardware info:                  	Hardware Accelerator Device not activated

                        Number of mesh cells:             	55296
                        Excitation duration:              	1.77727437e+001 ns 
                        Calculation time for excitation:  	0 	s
                        Number of calculated pulse widths:	1.16396 
                        Steady state accuracy limit:      	-40	dB 
                        Simulated number of time steps:   	8150 
                        Maximum number of time steps:     	140038 
                        Time step width:
                           without subcycles:             	2.538260705e-003 ns
                           used:                          	2.538260705e-003 ns

                        Matrix calculation time:          	19 	s
                        Solver setup time:                	11 	s
                        Solver loop time:                 	32 	s
                        Solver post-processing time:      	2 	s
                                                          	------------
                        Total solver time:                	64 	s  ( = 0 h, 1 m, 4 s )

                      ------------------------------------------------------------------------------
2025-10-09 16:20:06   
                        Adaptive port meshing time:          	39     	s
                        Total solver time (all cycles):      	64     	s  ( = 0 h, 1 m, 4 s )
                        Solver initialization and clean-up:  	5      	s
                                                             	------------
                        Total simulation time:               	108    	s  ( = 0 h, 1 m, 48 s )

                      ------------------------------------------------------------------------------
2025-10-09 16:20:06   Solver finished at: 2025-10-09 16:20:06 +0200



                      ------------------------------------------------------------------------------
2025-10-09 16:20:08   Creating parametric 1D results for Run ID 16

                      ------------------------------------------------------------------------------
