Port monitor named: Port1_e1[2.44175].prt

nx        = 39
ny        = 4
nz        = 24

nu        = 22
nv        = 37
iu        = 2
iv        = 2

idir      = 1
dcut      = -4.095000e-002
icut      = 2
type      = 0
frequency = 2.441750e+009

fcutoff   = 0.000000e+000
alpha     = 0.000000e+000
beta      = 9.824971e+001
accuracy  = 1.342686e-009

type          = QTEM
wave imp.     = 2.276555e+002
wave imp.sig. = 1.638744e+001
line imp.     = 5.298976e+001

ref. port     = 0

-3.859153e+001  -3.849396e+001  -3.829977e+001  -3.801083e+001  -3.762990e+001  -3.716055e+001  -3.660711e+001  -3.597455e+001  -1.745214e+002  -1.726221e+002  -1.700252e+002  -1.667765e+002  -1.629294e+002  -1.585427e+002  -1.536787e+002  -1.484014e+002  -1.399612e+002  -1.276845e+002  -1.052715e+002  -6.720843e+001  -2.248285e+001  -0.000000e+000  
-4.058427e+001  -4.046660e+001  -4.023266e+001  -3.988520e+001  -3.942826e+001  -3.886710e+001  -3.820800e+001  -3.745820e+001  -1.813995e+002  -1.791996e+002  -1.762239e+002  -1.725334e+002  -1.681976e+002  -1.632911e+002  -1.578913e+002  -1.520759e+002  -1.428433e+002  -1.296093e+002  -1.057830e+002  -6.662435e+001  -2.206749e+001  -0.000000e+000  
-4.746263e+001  -4.726491e+001  -4.687282e+001  -4.629294e+001  -4.553490e+001  -4.461111e+001  -4.353641e+001  -4.232762e+001  -2.037211e+002  -2.003907e+002  -1.960219e+002  -1.907367e+002  -1.846658e+002  -1.779431e+002  -1.707001e+002  -1.630620e+002  -1.511861e+002  -1.348603e+002  -1.066204e+002  -6.439270e+001  -2.069212e+001  -0.000000e+000  
-7.121696e+001  -7.066300e+001  -6.956826e+001  -6.795863e+001  -6.587190e+001  -6.335652e+001  -6.046999e+001  -5.727705e+001  -2.702974e+002  -2.624288e+002  -2.527161e+002  -2.415440e+002  -2.292935e+002  -2.163226e+002  -2.029536e+002  -1.894650e+002  -1.693986e+002  -1.441878e+002  -1.042677e+002  -5.605392e+001  -1.656011e+001  -0.000000e+000  
-1.289335e+002  -1.271764e+002  -1.237132e+002  -1.186442e+002  -1.121158e+002  -1.043150e+002  -9.546333e+001  -8.580867e+001  -3.883493e+002  -3.672236e+002  -3.430457e+002  -3.170168e+002  -2.902064e+002  -2.635061e+002  -2.376121e+002  -2.130288e+002  -1.786181e+002  -1.404276e+002  -8.701158e+001  -3.847527e+001  -9.891322e+000  -0.000000e+000  
-2.594542e+002  -2.542845e+002  -2.441087e+002  -2.292499e+002  -2.101826e+002  -1.875194e+002  -1.619901e+002  -1.344160e+002  -5.663986e+002  -5.120617e+002  -4.546020e+002  -3.972478e+002  -3.424590e+002  -2.918923e+002  -2.464858e+002  -2.066052e+002  -1.550000e+002  -1.061722e+002  -4.852674e+001  -1.304397e+001  -1.955329e+000  -0.000000e+000  
-4.076658e+002  -3.981597e+002  -3.794290e+002  -3.520411e+002  -3.168546e+002  -2.750160e+002  -2.279402e+002  -1.772648e+002  -6.990637e+002  -6.053639e+002  -5.118457e+002  -4.239710e+002  -3.451135e+002  -2.768142e+002  -2.192732e+002  -1.718503e+002  -1.142713e+002  -6.614629e+001  -1.684563e+001  3.460557e+000  2.596279e+000  -0.000000e+000  
-6.576633e+002  -6.408030e+002  -6.074326e+002  -5.583113e+002  -4.947089e+002  -4.185183e+002  -3.323286e+002  -2.393983e+002  -8.619276e+002  -6.998045e+002  -5.483390e+002  -4.163305e+002  -3.070674e+002  -2.200348e+002  -1.527147e+002  -1.018806e+002  -4.556762e+001  -6.694749e+000  2.333322e+001  2.193922e+001  7.345545e+000  -0.000000e+000  
-8.450708e+002  -8.232655e+002  -7.798094e+002  -7.151568e+002  -6.303385e+002  -5.273257e+002  -4.093830e+002  -2.812357e+002  -9.478396e+002  -7.313450e+002  -5.388331e+002  -3.804411e+002  -2.569692e+002  -1.643173e+002  -9.678194e+001  -4.880959e+001  8.675987e-001  3.005121e+001  4.550034e+001  3.128991e+001  9.637050e+000  -0.000000e+000  
-1.088020e+003  -1.060881e+003  -1.006190e+003  -9.233894e+002  -8.123368e+002  -6.741792e+002  -5.124250e+002  -3.338501e+002  -1.032607e+003  -7.408664e+002  -4.976350e+002  -3.119916e+002  -1.780764e+002  -8.510110e+001  -2.252344e+001  1.819417e+001  5.601417e+001  7.159697e+001  6.898563e+001  4.070010e+001  1.187698e+001  -0.000000e+000  
-1.400082e+003  -1.368677e+003  -1.304200e+003  -1.203640e+003  -1.063455e+003  -8.812163e+002  -6.583585e+002  -4.037150e+002  -1.104873e+003  -7.053120e+002  -4.026465e+002  -1.951263e+002  -6.081503e+001  2.263781e+001  7.227501e+001  9.979084e+001  1.193931e+002  1.172104e+002  9.327061e+001  4.997989e+001  1.402716e+001  -0.000000e+000  
-1.792078e+003  -1.760680e+003  -1.694151e+003  -1.584932e+003  -1.421880e+003  -1.191947e+003  -8.854460e+002  -5.075319e+002  -1.137918e+003  -5.791551e+002  -2.184807e+002  -9.560418e+000  1.042273e+002  1.621922e+002  1.879283e+002  1.950463e+002  1.895166e+002  1.656238e+002  1.176895e+002  5.891791e+001  1.604791e+001  -0.000000e+000  
-2.151435e+003  -2.126640e+003  -2.071876e+003  -1.975632e+003  -1.817899e+003  -1.568090e+003  -1.187621e+003  -6.505686e+002  -1.084223e+003  -3.530485e+002  2.279864e+001  1.961946e+002  2.686146e+002  2.915206e+002  2.898872e+002  2.761057e+002  2.467328e+002  2.038778e+002  1.361921e+002  6.546594e+001  1.750000e+001  -0.000000e+000  
-2.548620e+003  -2.538421e+003  -2.513193e+003  -2.460822e+003  -2.355640e+003  -2.145545e+003  -1.731189e+003  -9.583329e+002  -8.432591e+002  7.431191e+001  3.788426e+002  4.592716e+002  4.611859e+002  4.348868e+002  3.988594e+002  3.605743e+002  3.045806e+002  2.416493e+002  1.538858e+002  7.156428e+001  1.883177e+001  -0.000000e+000  
-2.961030e+003  -2.972884e+003  -2.995887e+003  -3.027014e+003  -3.054802e+003  -3.037775e+003  -2.827627e+003  -1.891302e+003  -2.091969e+001  8.491921e+002  8.620797e+002  7.670547e+002  6.699521e+002  5.839584e+002  5.092868e+002  4.446594e+002  3.609004e+002  2.777417e+002  1.703427e+002  7.710668e+001  2.002583e+001  -0.000000e+000  
-3.354552e+003  -3.389541e+003  -3.465444e+003  -3.597749e+003  -3.822503e+003  -4.227411e+003  -5.044094e+003  -6.938232e+003  4.283801e+003  2.110342e+003  1.406864e+003  1.076353e+003  8.727161e+002  7.268689e+002  6.142447e+002  5.239588e+002  4.133375e+002  3.109002e+002  1.851356e+002  8.199170e+001  2.106603e+001  -0.000000e+000  
-3.769578e+003  -3.820617e+003  -3.929017e+003  -4.109528e+003  -4.390101e+003  -4.819687e+003  -5.475115e+003  -6.440282e+003  3.824346e+003  2.516365e+003  1.791421e+003  1.362509e+003  1.080647e+003  8.794745e+002  7.280160e+002  6.102243e+002  4.701605e+002  3.465003e+002  2.007167e+002  8.704250e+001  2.212951e+001  -0.000000e+000  
-4.060356e+003  -4.112184e+003  -4.217479e+003  -4.378747e+003  -4.597024e+003  -4.865900e+003  -5.157581e+003  -5.393583e+003  2.888128e+003  2.407741e+003  1.915023e+003  1.519364e+003  1.217856e+003  9.886545e+002  8.124698e+002  6.752846e+002  5.133370e+002  3.734699e+002  2.123655e+002  9.076421e+001  2.290613e+001  -0.000000e+000  
-4.263181e+003  -4.304684e+003  -4.385544e+003  -4.500683e+003  -4.640521e+003  -4.788773e+003  -4.920406e+003  -5.002216e+003  2.448521e+003  2.228217e+003  1.908290e+003  1.586043e+003  1.302669e+003  1.068186e+003  8.794302e+002  7.291592e+002  5.502231e+002  3.966445e+002  2.222491e+002  9.386455e+001  2.354548e+001  -0.000000e+000  
-4.060356e+003  -4.112184e+003  -4.217479e+003  -4.378747e+003  -4.597024e+003  -4.865900e+003  -5.157581e+003  -5.393583e+003  2.888128e+003  2.407741e+003  1.915023e+003  1.519364e+003  1.217856e+003  9.886545e+002  8.124698e+002  6.752846e+002  5.133370e+002  3.734699e+002  2.123655e+002  9.076421e+001  2.290613e+001  -0.000000e+000  
-3.769578e+003  -3.820617e+003  -3.929017e+003  -4.109528e+003  -4.390101e+003  -4.819687e+003  -5.475115e+003  -6.440282e+003  3.824346e+003  2.516365e+003  1.791421e+003  1.362509e+003  1.080647e+003  8.794745e+002  7.280160e+002  6.102243e+002  4.701605e+002  3.465003e+002  2.007167e+002  8.704250e+001  2.212951e+001  -0.000000e+000  
-3.354552e+003  -3.389541e+003  -3.465444e+003  -3.597749e+003  -3.822503e+003  -4.227411e+003  -5.044094e+003  -6.938232e+003  4.283801e+003  2.110342e+003  1.406864e+003  1.076353e+003  8.727161e+002  7.268689e+002  6.142447e+002  5.239588e+002  4.133375e+002  3.109002e+002  1.851356e+002  8.199170e+001  2.106603e+001  -0.000000e+000  
-2.961030e+003  -2.972884e+003  -2.995887e+003  -3.027014e+003  -3.054802e+003  -3.037775e+003  -2.827627e+003  -1.891302e+003  -2.091969e+001  8.491921e+002  8.620797e+002  7.670547e+002  6.699521e+002  5.839584e+002  5.092868e+002  4.446594e+002  3.609004e+002  2.777417e+002  1.703427e+002  7.710668e+001  2.002583e+001  -0.000000e+000  
-2.548620e+003  -2.538421e+003  -2.513193e+003  -2.460822e+003  -2.355640e+003  -2.145545e+003  -1.731189e+003  -9.583329e+002  -8.432591e+002  7.431191e+001  3.788426e+002  4.592716e+002  4.611859e+002  4.348868e+002  3.988594e+002  3.605743e+002  3.045806e+002  2.416493e+002  1.538858e+002  7.156428e+001  1.883177e+001  -0.000000e+000  
-2.151435e+003  -2.126640e+003  -2.071876e+003  -1.975632e+003  -1.817899e+003  -1.568090e+003  -1.187621e+003  -6.505686e+002  -1.084223e+003  -3.530485e+002  2.279864e+001  1.961946e+002  2.686146e+002  2.915206e+002  2.898872e+002  2.761057e+002  2.467328e+002  2.038778e+002  1.361921e+002  6.546594e+001  1.750000e+001  -0.000000e+000  
-1.792078e+003  -1.760680e+003  -1.694151e+003  -1.584932e+003  -1.421880e+003  -1.191947e+003  -8.854460e+002  -5.075319e+002  -1.137918e+003  -5.791551e+002  -2.184807e+002  -9.560418e+000  1.042273e+002  1.621922e+002  1.879283e+002  1.950463e+002  1.895166e+002  1.656238e+002  1.176895e+002  5.891791e+001  1.604791e+001  -0.000000e+000  
-1.400082e+003  -1.368677e+003  -1.304200e+003  -1.203640e+003  -1.063455e+003  -8.812163e+002  -6.583585e+002  -4.037150e+002  -1.104873e+003  -7.053120e+002  -4.026465e+002  -1.951263e+002  -6.081503e+001  2.263781e+001  7.227501e+001  9.979084e+001  1.193931e+002  1.172104e+002  9.327061e+001  4.997989e+001  1.402716e+001  -0.000000e+000  
-1.088020e+003  -1.060881e+003  -1.006190e+003  -9.233894e+002  -8.123368e+002  -6.741792e+002  -5.124250e+002  -3.338501e+002  -1.032607e+003  -7.408664e+002  -4.976350e+002  -3.119916e+002  -1.780764e+002  -8.510110e+001  -2.252344e+001  1.819417e+001  5.601417e+001  7.159697e+001  6.898563e+001  4.070010e+001  1.187698e+001  -0.000000e+000  
-8.450708e+002  -8.232655e+002  -7.798094e+002  -7.151568e+002  -6.303385e+002  -5.273257e+002  -4.093830e+002  -2.812357e+002  -9.478396e+002  -7.313450e+002  -5.388331e+002  -3.804411e+002  -2.569692e+002  -1.643173e+002  -9.678194e+001  -4.880959e+001  8.675987e-001  3.005121e+001  4.550034e+001  3.128991e+001  9.637050e+000  -0.000000e+000  
-6.576633e+002  -6.408030e+002  -6.074326e+002  -5.583113e+002  -4.947089e+002  -4.185183e+002  -3.323286e+002  -2.393983e+002  -8.619276e+002  -6.998045e+002  -5.483390e+002  -4.163305e+002  -3.070674e+002  -2.200348e+002  -1.527147e+002  -1.018806e+002  -4.556762e+001  -6.694749e+000  2.333322e+001  2.193922e+001  7.345545e+000  -0.000000e+000  
-4.076658e+002  -3.981597e+002  -3.794290e+002  -3.520411e+002  -3.168546e+002  -2.750160e+002  -2.279402e+002  -1.772648e+002  -6.990637e+002  -6.053639e+002  -5.118457e+002  -4.239710e+002  -3.451135e+002  -2.768142e+002  -2.192732e+002  -1.718503e+002  -1.142713e+002  -6.614629e+001  -1.684563e+001  3.460557e+000  2.596279e+000  -0.000000e+000  
-2.594542e+002  -2.542845e+002  -2.441087e+002  -2.292499e+002  -2.101826e+002  -1.875194e+002  -1.619901e+002  -1.344160e+002  -5.663986e+002  -5.120617e+002  -4.546020e+002  -3.972478e+002  -3.424590e+002  -2.918923e+002  -2.464858e+002  -2.066052e+002  -1.550000e+002  -1.061722e+002  -4.852674e+001  -1.304397e+001  -1.955329e+000  -0.000000e+000  
-1.289335e+002  -1.271764e+002  -1.237132e+002  -1.186442e+002  -1.121158e+002  -1.043150e+002  -9.546333e+001  -8.580867e+001  -3.883493e+002  -3.672236e+002  -3.430457e+002  -3.170168e+002  -2.902064e+002  -2.635061e+002  -2.376121e+002  -2.130288e+002  -1.786181e+002  -1.404276e+002  -8.701158e+001  -3.847527e+001  -9.891322e+000  -0.000000e+000  
-7.121696e+001  -7.066300e+001  -6.956826e+001  -6.795863e+001  -6.587190e+001  -6.335652e+001  -6.046999e+001  -5.727705e+001  -2.702974e+002  -2.624288e+002  -2.527161e+002  -2.415440e+002  -2.292935e+002  -2.163226e+002  -2.029536e+002  -1.894650e+002  -1.693986e+002  -1.441878e+002  -1.042677e+002  -5.605392e+001  -1.656011e+001  -0.000000e+000  
-4.746263e+001  -4.726491e+001  -4.687282e+001  -4.629294e+001  -4.553490e+001  -4.461111e+001  -4.353641e+001  -4.232762e+001  -2.037211e+002  -2.003907e+002  -1.960219e+002  -1.907367e+002  -1.846658e+002  -1.779431e+002  -1.707001e+002  -1.630620e+002  -1.511861e+002  -1.348603e+002  -1.066204e+002  -6.439270e+001  -2.069212e+001  -0.000000e+000  
-4.058427e+001  -4.046660e+001  -4.023266e+001  -3.988520e+001  -3.942826e+001  -3.886710e+001  -3.820800e+001  -3.745820e+001  -1.813995e+002  -1.791996e+002  -1.762239e+002  -1.725334e+002  -1.681976e+002  -1.632911e+002  -1.578913e+002  -1.520759e+002  -1.428433e+002  -1.296093e+002  -1.057830e+002  -6.662435e+001  -2.206749e+001  -0.000000e+000  
-3.859153e+001  -3.849396e+001  -3.829977e+001  -3.801083e+001  -3.762990e+001  -3.716055e+001  -3.660711e+001  -3.597455e+001  -1.745214e+002  -1.726221e+002  -1.700252e+002  -1.667765e+002  -1.629294e+002  -1.585427e+002  -1.536787e+002  -1.484014e+002  -1.399612e+002  -1.276845e+002  -1.052715e+002  -6.720843e+001  -2.248285e+001  -0.000000e+000  

-0.000000e+000  -1.026806e-001  -2.026126e-001  -2.971151e-001  -3.836402e-001  -4.598346e-001  -5.235951e-001  -5.731161e-001  -6.069286e-001  -2.024667e+000  -3.375084e+000  -4.639303e+000  -5.802193e+000  -6.852545e+000  -7.783035e+000  -8.590025e+000  -9.273226e+000  -1.027617e+001  -1.084489e+001  -1.069345e+001  -8.978152e+000  -7.706675e+000  
-0.000000e+000  -4.266427e-001  -8.421225e-001  -1.235570e+000  -1.596690e+000  -1.916034e+000  -2.185227e+000  -2.397180e+000  -2.546249e+000  -7.176538e+000  -1.155046e+001  -1.560484e+001  -1.929132e+001  -2.257661e+001  -2.544181e+001  -2.788125e+001  -2.990083e+001  -3.272715e+001  -3.415309e+001  -3.282908e+001  -2.687957e+001  -2.279279e+001  
-0.000000e+000  -1.398395e+000  -2.760224e+000  -4.049984e+000  -5.234250e+000  -6.282631e+000  -7.168619e+000  -7.870300e+000  -8.370916e+000  -1.842237e+001  -2.772145e+001  -3.612959e+001  -4.355418e+001  -4.994626e+001  -5.529604e+001  -5.962686e+001  -6.298865e+001  -6.701433e+001  -6.816278e+001  -6.186812e+001  -4.790421e+001  -3.953185e+001  
-0.000000e+000  -5.358859e+000  -1.056938e+001  -1.548799e+001  -1.998053e+001  -2.392648e+001  -2.722286e+001  -2.978730e+001  -3.156058e+001  -5.312107e+001  -7.204413e+001  -8.808737e+001  -1.011756e+002  -1.113744e+002  -1.188582e+002  -1.238773e+002  -1.267274e+002  -1.268674e+002  -1.221143e+002  -9.833337e+001  -6.791201e+001  -5.300486e+001  
-0.000000e+000  -1.722500e+001  -3.393273e+001  -4.962314e+001  -6.383035e+001  -7.613877e+001  -8.619795e+001  -9.373534e+001  -9.856616e+001  -1.391991e+002  -1.716880e+002  -1.960258e+002  -2.127102e+002  -2.225845e+002  -2.266803e+002  -2.260872e+002  -2.218577e+002  -2.053544e+002  -1.842197e+002  -1.290878e+002  -7.880798e+001  -5.801748e+001  
-0.000000e+000  -4.190715e+001  -8.249225e+001  -1.204695e+002  -1.546281e+002  -1.838750e+002  -2.072810e+002  -2.241271e+002  -2.339441e+002  -2.954743e+002  -3.375430e+002  -3.618214e+002  -3.710942e+002  -3.685978e+002  -3.575051e+002  -3.406140e+002  -3.202142e+002  -2.741970e+002  -2.297751e+002  -1.433608e+002  -7.977778e+001  -5.632281e+001  
-0.000000e+000  -7.253842e+001  -1.428299e+002  -2.086490e+002  -2.678297e+002  -3.183326e+002  -3.583479e+002  -3.864260e+002  -4.016137e+002  -4.775363e+002  -5.195118e+002  -5.328114e+002  -5.243702e+002  -5.010700e+002  -4.687521e+002  -4.318876e+002  -3.936461e+002  -3.193558e+002  -2.553607e+002  -1.478303e+002  -7.751193e+001  -5.324970e+001  
-0.000000e+000  -1.132417e+002  -2.233792e+002  -3.271866e+002  -4.212491e+002  -5.020045e+002  -5.659427e+002  -6.099795e+002  -6.319519e+002  -7.139110e+002  -7.404057e+002  -7.251675e+002  -6.832865e+002  -6.272751e+002  -5.659427e+002  -5.048133e+002  -4.470129e+002  -3.461021e+002  -2.662158e+002  -1.458009e+002  -7.334212e+001  -4.945728e+001  
-0.000000e+000  -1.478344e+002  -2.923148e+002  -4.297333e+002  -5.557505e+002  -6.652973e+002  -7.527929e+002  -8.128140e+002  -8.412250e+002  -9.215450e+002  -9.249980e+002  -8.768502e+002  -8.012512e+002  -7.154706e+002  -6.298785e+002  -5.498578e+002  -4.777193e+002  -3.589454e+002  -2.692825e+002  -1.423996e+002  -6.977181e+001  -4.649486e+001  
-0.000000e+000  -1.909641e+002  -3.792318e+002  -5.613245e+002  -7.322319e+002  -8.848210e+002  -1.009728e+003  -1.096302e+003  -1.135182e+003  -1.202134e+003  -1.158788e+003  -1.054987e+003  -9.293746e+002  -8.040106e+002  -6.890345e+002  -5.878911e+002  -5.007801e+002  -3.652069e+002  -2.673344e+002  -1.367249e+002  -6.535191e+001  -4.306706e+001  
-0.000000e+000  -2.409331e+002  -4.818304e+002  -7.213639e+002  -9.553652e+002  -1.174916e+003  -1.364466e+003  -1.501520e+003  -1.561297e+003  -1.587319e+003  -1.450274e+003  -1.254403e+003  -1.057942e+003  -8.833688e+002  -7.356854e+002  -6.131576e+002  -5.120915e+002  -3.628716e+002  -2.594651e+002  -1.286273e+002  -6.008753e+001  -3.919265e+001  
-0.000000e+000  -2.853252e+002  -5.759158e+002  -8.758751e+002  -1.186124e+003  -1.500446e+003  -1.798504e+003  -2.036704e+003  -2.146451e+003  -2.066664e+003  -1.759243e+003  -1.432826e+003  -1.154540e+003  -9.319673e+002  -7.565863e+002  -6.180711e+002  -5.077387e+002  -3.514664e+002  -2.465598e+002  -1.192154e+002  -5.468423e+001  -3.537872e+001  
-0.000000e+000  -3.159463e+002  -6.435843e+002  -9.948807e+002  -1.381313e+003  -1.809793e+003  -2.269911e+003  -2.702332e+003  -2.944441e+003  -2.615606e+003  -2.040859e+003  -1.562138e+003  -1.207906e+003  -9.481083e+002  -7.542923e+002  -6.066632e+002  -4.919906e+002  -3.343726e+002  -2.310226e+002  -1.094901e+002  -4.949271e+001  -3.181083e+001  
-0.000000e+000  -3.284620e+002  -6.746145e+002  -1.059467e+003  -1.511335e+003  -2.069956e+003  -2.783601e+003  -3.661098e+003  -4.406297e+003  -3.305087e+003  -2.268941e+003  -1.621574e+003  -1.208274e+003  -9.272663e+002  -7.261500e+002  -5.768412e+002  -4.629066e+002  -3.097357e+002  -2.111585e+002  -9.831193e+001  -4.386314e+001  -2.802831e+001  
-0.000000e+000  -3.136124e+002  -6.457889e+002  -1.020426e+003  -1.476315e+003  -2.090476e+003  -3.043884e+003  -4.823281e+003  -7.915142e+003  -3.959142e+003  -2.277650e+003  -1.549047e+003  -1.134187e+003  -8.615473e+002  -6.689612e+002  -5.272219e+002  -4.199124e+002  -2.774987e+002  -1.870631e+002  -8.576620e+001  -3.783400e+001  -2.405336e+001  
-0.000000e+000  -2.646075e+002  -5.395003e+002  -8.352167e+002  -1.161817e+003  -1.524140e+003  -1.902059e+003  -2.175762e+003  -0.000000e+000  -2.117555e+003  -1.680938e+003  -1.268152e+003  -9.607094e+002  -7.369911e+002  -5.725306e+002  -4.497058e+002  -3.564037e+002  -2.330830e+002  -1.555033e+002  -7.025574e+001  -3.065378e+001  -1.939299e+001  
-0.000000e+000  -1.852749e+002  -3.710225e+002  -5.546993e+002  -7.258764e+002  -8.567940e+002  -8.840490e+002  -6.768803e+002  -0.000000e+000  -8.861734e+002  -9.979732e+002  -8.636196e+002  -6.944646e+002  -5.466189e+002  -4.289037e+002  -3.377383e+002  -2.674007e+002  -1.737645e+002  -1.150444e+002  -5.137283e+001  -2.221786e+001  -1.400063e+001  
-0.000000e+000  -6.447884e+001  -1.256206e+002  -1.788700e+002  -2.172314e+002  -2.302935e+002  -2.044702e+002  -1.270722e+002  -0.000000e+000  -2.075745e+002  -3.015685e+002  -3.039439e+002  -2.675035e+002  -2.215958e+002  -1.786339e+002  -1.424652e+002  -1.133413e+002  -7.336930e+001  -4.816576e+001  -2.118645e+001  -9.056691e+000  -5.677495e+000  
-0.000000e+000  6.447884e+001  1.256206e+002  1.788700e+002  2.172314e+002  2.302935e+002  2.044702e+002  1.270722e+002  -0.000000e+000  2.075745e+002  3.015685e+002  3.039439e+002  2.675035e+002  2.215958e+002  1.786339e+002  1.424652e+002  1.133413e+002  7.336930e+001  4.816576e+001  2.118645e+001  9.056691e+000  5.677495e+000  
-0.000000e+000  1.852749e+002  3.710225e+002  5.546993e+002  7.258764e+002  8.567940e+002  8.840490e+002  6.768803e+002  -0.000000e+000  8.861734e+002  9.979732e+002  8.636196e+002  6.944646e+002  5.466189e+002  4.289037e+002  3.377383e+002  2.674007e+002  1.737645e+002  1.150444e+002  5.137283e+001  2.221786e+001  1.400063e+001  
-0.000000e+000  2.646075e+002  5.395003e+002  8.352167e+002  1.161817e+003  1.524140e+003  1.902059e+003  2.175762e+003  -0.000000e+000  2.117555e+003  1.680938e+003  1.268152e+003  9.607094e+002  7.369911e+002  5.725306e+002  4.497058e+002  3.564037e+002  2.330830e+002  1.555033e+002  7.025574e+001  3.065378e+001  1.939299e+001  
-0.000000e+000  3.136124e+002  6.457889e+002  1.020426e+003  1.476315e+003  2.090476e+003  3.043884e+003  4.823281e+003  7.915142e+003  3.959142e+003  2.277650e+003  1.549047e+003  1.134187e+003  8.615473e+002  6.689612e+002  5.272219e+002  4.199124e+002  2.774987e+002  1.870631e+002  8.576620e+001  3.783400e+001  2.405336e+001  
-0.000000e+000  3.284620e+002  6.746145e+002  1.059467e+003  1.511335e+003  2.069956e+003  2.783601e+003  3.661098e+003  4.406297e+003  3.305087e+003  2.268941e+003  1.621574e+003  1.208274e+003  9.272663e+002  7.261500e+002  5.768412e+002  4.629066e+002  3.097357e+002  2.111585e+002  9.831193e+001  4.386314e+001  2.802831e+001  
-0.000000e+000  3.159463e+002  6.435843e+002  9.948807e+002  1.381313e+003  1.809793e+003  2.269911e+003  2.702332e+003  2.944441e+003  2.615606e+003  2.040859e+003  1.562138e+003  1.207906e+003  9.481083e+002  7.542923e+002  6.066632e+002  4.919906e+002  3.343726e+002  2.310226e+002  1.094901e+002  4.949272e+001  3.181083e+001  
-0.000000e+000  2.853252e+002  5.759158e+002  8.758751e+002  1.186124e+003  1.500446e+003  1.798504e+003  2.036704e+003  2.146451e+003  2.066664e+003  1.759243e+003  1.432826e+003  1.154540e+003  9.319673e+002  7.565863e+002  6.180711e+002  5.077387e+002  3.514664e+002  2.465598e+002  1.192154e+002  5.468423e+001  3.537872e+001  
-0.000000e+000  2.409331e+002  4.818304e+002  7.213639e+002  9.553652e+002  1.174916e+003  1.364466e+003  1.501520e+003  1.561297e+003  1.587319e+003  1.450274e+003  1.254403e+003  1.057942e+003  8.833688e+002  7.356854e+002  6.131576e+002  5.120915e+002  3.628716e+002  2.594651e+002  1.286273e+002  6.008753e+001  3.919265e+001  
-0.000000e+000  1.909641e+002  3.792318e+002  5.613245e+002  7.322319e+002  8.848210e+002  1.009728e+003  1.096302e+003  1.135182e+003  1.202134e+003  1.158788e+003  1.054987e+003  9.293746e+002  8.040106e+002  6.890345e+002  5.878911e+002  5.007801e+002  3.652069e+002  2.673344e+002  1.367249e+002  6.535191e+001  4.306706e+001  
-0.000000e+000  1.478344e+002  2.923148e+002  4.297333e+002  5.557505e+002  6.652973e+002  7.527929e+002  8.128140e+002  8.412250e+002  9.215450e+002  9.249980e+002  8.768502e+002  8.012512e+002  7.154706e+002  6.298785e+002  5.498578e+002  4.777193e+002  3.589454e+002  2.692825e+002  1.423996e+002  6.977181e+001  4.649486e+001  
-0.000000e+000  1.132417e+002  2.233792e+002  3.271866e+002  4.212491e+002  5.020045e+002  5.659427e+002  6.099795e+002  6.319519e+002  7.139110e+002  7.404057e+002  7.251675e+002  6.832865e+002  6.272751e+002  5.659427e+002  5.048133e+002  4.470129e+002  3.461021e+002  2.662158e+002  1.458009e+002  7.334212e+001  4.945728e+001  
-0.000000e+000  7.253842e+001  1.428299e+002  2.086490e+002  2.678297e+002  3.183326e+002  3.583479e+002  3.864260e+002  4.016137e+002  4.775363e+002  5.195118e+002  5.328114e+002  5.243702e+002  5.010700e+002  4.687521e+002  4.318876e+002  3.936461e+002  3.193558e+002  2.553607e+002  1.478303e+002  7.751193e+001  5.324970e+001  
-0.000000e+000  4.190715e+001  8.249225e+001  1.204695e+002  1.546281e+002  1.838750e+002  2.072810e+002  2.241271e+002  2.339441e+002  2.954743e+002  3.375430e+002  3.618214e+002  3.710942e+002  3.685978e+002  3.575051e+002  3.406140e+002  3.202142e+002  2.741970e+002  2.297751e+002  1.433608e+002  7.977778e+001  5.632281e+001  
-0.000000e+000  1.722500e+001  3.393273e+001  4.962314e+001  6.383035e+001  7.613877e+001  8.619795e+001  9.373534e+001  9.856616e+001  1.391991e+002  1.716880e+002  1.960258e+002  2.127102e+002  2.225845e+002  2.266803e+002  2.260872e+002  2.218577e+002  2.053544e+002  1.842197e+002  1.290878e+002  7.880798e+001  5.801748e+001  
-0.000000e+000  5.358859e+000  1.056938e+001  1.548799e+001  1.998053e+001  2.392648e+001  2.722286e+001  2.978730e+001  3.156058e+001  5.312107e+001  7.204413e+001  8.808737e+001  1.011756e+002  1.113744e+002  1.188582e+002  1.238773e+002  1.267274e+002  1.268674e+002  1.221143e+002  9.833337e+001  6.791201e+001  5.300486e+001  
-0.000000e+000  1.398395e+000  2.760224e+000  4.049984e+000  5.234250e+000  6.282631e+000  7.168619e+000  7.870300e+000  8.370916e+000  1.842237e+001  2.772145e+001  3.612959e+001  4.355418e+001  4.994626e+001  5.529604e+001  5.962686e+001  6.298865e+001  6.701433e+001  6.816278e+001  6.186812e+001  4.790421e+001  3.953185e+001  
-0.000000e+000  4.266427e-001  8.421225e-001  1.235570e+000  1.596690e+000  1.916034e+000  2.185227e+000  2.397180e+000  2.546249e+000  7.176538e+000  1.155046e+001  1.560484e+001  1.929132e+001  2.257661e+001  2.544181e+001  2.788125e+001  2.990083e+001  3.272715e+001  3.415309e+001  3.282908e+001  2.687957e+001  2.279279e+001  
-0.000000e+000  1.026806e-001  2.026126e-001  2.971151e-001  3.836402e-001  4.598346e-001  5.235951e-001  5.731161e-001  6.069286e-001  2.024667e+000  3.375084e+000  4.639303e+000  5.802193e+000  6.852545e+000  7.783035e+000  8.590025e+000  9.273226e+000  1.027617e+001  1.084489e+001  1.069345e+001  8.978152e+000  7.706675e+000  
-0.000000e+000  -0.000000e+000  -0.000000e+000  -0.000000e+000  -0.000000e+000  -0.000000e+000  -0.000000e+000  -0.000000e+000  -0.000000e+000  -0.000000e+000  -0.000000e+000  -0.000000e+000  -0.000000e+000  -0.000000e+000  -0.000000e+000  -0.000000e+000  -0.000000e+000  -0.000000e+000  -0.000000e+000  -0.000000e+000  -0.000000e+000  -0.000000e+000  

0.000000e+000  0.000000e+000  0.000000e+000  0.000000e+000  0.000000e+000  0.000000e+000  0.000000e+000  0.000000e+000  0.000000e+000  0.000000e+000  0.000000e+000  0.000000e+000  0.000000e+000  0.000000e+000  0.000000e+000  0.000000e+000  0.000000e+000  0.000000e+000  0.000000e+000  0.000000e+000  0.000000e+000  0.000000e+000  
0.000000e+000  0.000000e+000  0.000000e+000  0.000000e+000  0.000000e+000  0.000000e+000  0.000000e+000  0.000000e+000  0.000000e+000  0.000000e+000  0.000000e+000  0.000000e+000  0.000000e+000  0.000000e+000  0.000000e+000  0.000000e+000  0.000000e+000  0.000000e+000  0.000000e+000  0.000000e+000  0.000000e+000  0.000000e+000  
0.000000e+000  0.000000e+000  0.000000e+000  0.000000e+000  0.000000e+000  0.000000e+000  0.000000e+000  0.000000e+000  0.000000e+000  0.000000e+000  0.000000e+000  0.000000e+000  0.000000e+000  0.000000e+000  0.000000e+000  0.000000e+000  0.000000e+000  0.000000e+000  0.000000e+000  0.000000e+000  0.000000e+000  0.000000e+000  
0.000000e+000  0.000000e+000  0.000000e+000  0.000000e+000  0.000000e+000  0.000000e+000  0.000000e+000  0.000000e+000  0.000000e+000  0.000000e+000  0.000000e+000  0.000000e+000  0.000000e+000  0.000000e+000  0.000000e+000  0.000000e+000  0.000000e+000  0.000000e+000  0.000000e+000  0.000000e+000  0.000000e+000  0.000000e+000  
0.000000e+000  0.000000e+000  0.000000e+000  0.000000e+000  0.000000e+000  0.000000e+000  0.000000e+000  0.000000e+000  0.000000e+000  0.000000e+000  0.000000e+000  0.000000e+000  0.000000e+000  0.000000e+000  0.000000e+000  0.000000e+000  0.000000e+000  0.000000e+000  0.000000e+000  0.000000e+000  0.000000e+000  0.000000e+000  
0.000000e+000  0.000000e+000  0.000000e+000  0.000000e+000  0.000000e+000  0.000000e+000  0.000000e+000  0.000000e+000  0.000000e+000  0.000000e+000  0.000000e+000  0.000000e+000  0.000000e+000  0.000000e+000  0.000000e+000  0.000000e+000  0.000000e+000  0.000000e+000  0.000000e+000  0.000000e+000  0.000000e+000  0.000000e+000  
0.000000e+000  0.000000e+000  0.000000e+000  0.000000e+000  0.000000e+000  0.000000e+000  0.000000e+000  0.000000e+000  0.000000e+000  0.000000e+000  0.000000e+000  0.000000e+000  0.000000e+000  0.000000e+000  0.000000e+000  0.000000e+000  0.000000e+000  0.000000e+000  0.000000e+000  0.000000e+000  0.000000e+000  0.000000e+000  
0.000000e+000  0.000000e+000  0.000000e+000  0.000000e+000  0.000000e+000  0.000000e+000  0.000000e+000  0.000000e+000  0.000000e+000  0.000000e+000  0.000000e+000  0.000000e+000  0.000000e+000  0.000000e+000  0.000000e+000  0.000000e+000  0.000000e+000  0.000000e+000  0.000000e+000  0.000000e+000  0.000000e+000  0.000000e+000  
0.000000e+000  0.000000e+000  0.000000e+000  0.000000e+000  0.000000e+000  0.000000e+000  0.000000e+000  0.000000e+000  0.000000e+000  0.000000e+000  0.000000e+000  0.000000e+000  0.000000e+000  0.000000e+000  0.000000e+000  0.000000e+000  0.000000e+000  0.000000e+000  0.000000e+000  0.000000e+000  0.000000e+000  0.000000e+000  
0.000000e+000  0.000000e+000  0.000000e+000  0.000000e+000  0.000000e+000  0.000000e+000  0.000000e+000  0.000000e+000  0.000000e+000  0.000000e+000  0.000000e+000  0.000000e+000  0.000000e+000  0.000000e+000  0.000000e+000  0.000000e+000  0.000000e+000  0.000000e+000  0.000000e+000  0.000000e+000  0.000000e+000  0.000000e+000  
0.000000e+000  0.000000e+000  0.000000e+000  0.000000e+000  0.000000e+000  0.000000e+000  0.000000e+000  0.000000e+000  0.000000e+000  0.000000e+000  0.000000e+000  0.000000e+000  0.000000e+000  0.000000e+000  0.000000e+000  0.000000e+000  0.000000e+000  0.000000e+000  0.000000e+000  0.000000e+000  0.000000e+000  0.000000e+000  
0.000000e+000  0.000000e+000  0.000000e+000  0.000000e+000  0.000000e+000  0.000000e+000  0.000000e+000  0.000000e+000  0.000000e+000  0.000000e+000  0.000000e+000  0.000000e+000  0.000000e+000  0.000000e+000  0.000000e+000  0.000000e+000  0.000000e+000  0.000000e+000  0.000000e+000  0.000000e+000  0.000000e+000  0.000000e+000  
0.000000e+000  0.000000e+000  0.000000e+000  0.000000e+000  0.000000e+000  0.000000e+000  0.000000e+000  0.000000e+000  0.000000e+000  0.000000e+000  0.000000e+000  0.000000e+000  0.000000e+000  0.000000e+000  0.000000e+000  0.000000e+000  0.000000e+000  0.000000e+000  0.000000e+000  0.000000e+000  0.000000e+000  0.000000e+000  
0.000000e+000  0.000000e+000  0.000000e+000  0.000000e+000  0.000000e+000  0.000000e+000  0.000000e+000  0.000000e+000  0.000000e+000  0.000000e+000  0.000000e+000  0.000000e+000  0.000000e+000  0.000000e+000  0.000000e+000  0.000000e+000  0.000000e+000  0.000000e+000  0.000000e+000  0.000000e+000  0.000000e+000  0.000000e+000  
0.000000e+000  0.000000e+000  0.000000e+000  0.000000e+000  0.000000e+000  0.000000e+000  0.000000e+000  0.000000e+000  0.000000e+000  0.000000e+000  0.000000e+000  0.000000e+000  0.000000e+000  0.000000e+000  0.000000e+000  0.000000e+000  0.000000e+000  0.000000e+000  0.000000e+000  0.000000e+000  0.000000e+000  0.000000e+000  
0.000000e+000  0.000000e+000  0.000000e+000  0.000000e+000  0.000000e+000  0.000000e+000  0.000000e+000  0.000000e+000  0.000000e+000  0.000000e+000  0.000000e+000  0.000000e+000  0.000000e+000  0.000000e+000  0.000000e+000  0.000000e+000  0.000000e+000  0.000000e+000  0.000000e+000  0.000000e+000  0.000000e+000  0.000000e+000  
0.000000e+000  0.000000e+000  0.000000e+000  0.000000e+000  0.000000e+000  0.000000e+000  0.000000e+000  0.000000e+000  0.000000e+000  0.000000e+000  0.000000e+000  0.000000e+000  0.000000e+000  0.000000e+000  0.000000e+000  0.000000e+000  0.000000e+000  0.000000e+000  0.000000e+000  0.000000e+000  0.000000e+000  0.000000e+000  
0.000000e+000  0.000000e+000  0.000000e+000  0.000000e+000  0.000000e+000  0.000000e+000  0.000000e+000  0.000000e+000  0.000000e+000  0.000000e+000  0.000000e+000  0.000000e+000  0.000000e+000  0.000000e+000  0.000000e+000  0.000000e+000  0.000000e+000  0.000000e+000  0.000000e+000  0.000000e+000  0.000000e+000  0.000000e+000  
0.000000e+000  0.000000e+000  0.000000e+000  0.000000e+000  0.000000e+000  0.000000e+000  0.000000e+000  0.000000e+000  0.000000e+000  0.000000e+000  0.000000e+000  0.000000e+000  0.000000e+000  0.000000e+000  0.000000e+000  0.000000e+000  0.000000e+000  0.000000e+000  0.000000e+000  0.000000e+000  0.000000e+000  0.000000e+000  
0.000000e+000  0.000000e+000  0.000000e+000  0.000000e+000  0.000000e+000  0.000000e+000  0.000000e+000  0.000000e+000  0.000000e+000  0.000000e+000  0.000000e+000  0.000000e+000  0.000000e+000  0.000000e+000  0.000000e+000  0.000000e+000  0.000000e+000  0.000000e+000  0.000000e+000  0.000000e+000  0.000000e+000  0.000000e+000  
0.000000e+000  0.000000e+000  0.000000e+000  0.000000e+000  0.000000e+000  0.000000e+000  0.000000e+000  0.000000e+000  0.000000e+000  0.000000e+000  0.000000e+000  0.000000e+000  0.000000e+000  0.000000e+000  0.000000e+000  0.000000e+000  0.000000e+000  0.000000e+000  0.000000e+000  0.000000e+000  0.000000e+000  0.000000e+000  
0.000000e+000  0.000000e+000  0.000000e+000  0.000000e+000  0.000000e+000  0.000000e+000  0.000000e+000  0.000000e+000  0.000000e+000  0.000000e+000  0.000000e+000  0.000000e+000  0.000000e+000  0.000000e+000  0.000000e+000  0.000000e+000  0.000000e+000  0.000000e+000  0.000000e+000  0.000000e+000  0.000000e+000  0.000000e+000  
0.000000e+000  0.000000e+000  0.000000e+000  0.000000e+000  0.000000e+000  0.000000e+000  0.000000e+000  0.000000e+000  0.000000e+000  0.000000e+000  0.000000e+000  0.000000e+000  0.000000e+000  0.000000e+000  0.000000e+000  0.000000e+000  0.000000e+000  0.000000e+000  0.000000e+000  0.000000e+000  0.000000e+000  0.000000e+000  
0.000000e+000  0.000000e+000  0.000000e+000  0.000000e+000  0.000000e+000  0.000000e+000  0.000000e+000  0.000000e+000  0.000000e+000  0.000000e+000  0.000000e+000  0.000000e+000  0.000000e+000  0.000000e+000  0.000000e+000  0.000000e+000  0.000000e+000  0.000000e+000  0.000000e+000  0.000000e+000  0.000000e+000  0.000000e+000  
0.000000e+000  0.000000e+000  0.000000e+000  0.000000e+000  0.000000e+000  0.000000e+000  0.000000e+000  0.000000e+000  0.000000e+000  0.000000e+000  0.000000e+000  0.000000e+000  0.000000e+000  0.000000e+000  0.000000e+000  0.000000e+000  0.000000e+000  0.000000e+000  0.000000e+000  0.000000e+000  0.000000e+000  0.000000e+000  
0.000000e+000  0.000000e+000  0.000000e+000  0.000000e+000  0.000000e+000  0.000000e+000  0.000000e+000  0.000000e+000  0.000000e+000  0.000000e+000  0.000000e+000  0.000000e+000  0.000000e+000  0.000000e+000  0.000000e+000  0.000000e+000  0.000000e+000  0.000000e+000  0.000000e+000  0.000000e+000  0.000000e+000  0.000000e+000  
0.000000e+000  0.000000e+000  0.000000e+000  0.000000e+000  0.000000e+000  0.000000e+000  0.000000e+000  0.000000e+000  0.000000e+000  0.000000e+000  0.000000e+000  0.000000e+000  0.000000e+000  0.000000e+000  0.000000e+000  0.000000e+000  0.000000e+000  0.000000e+000  0.000000e+000  0.000000e+000  0.000000e+000  0.000000e+000  
0.000000e+000  0.000000e+000  0.000000e+000  0.000000e+000  0.000000e+000  0.000000e+000  0.000000e+000  0.000000e+000  0.000000e+000  0.000000e+000  0.000000e+000  0.000000e+000  0.000000e+000  0.000000e+000  0.000000e+000  0.000000e+000  0.000000e+000  0.000000e+000  0.000000e+000  0.000000e+000  0.000000e+000  0.000000e+000  
0.000000e+000  0.000000e+000  0.000000e+000  0.000000e+000  0.000000e+000  0.000000e+000  0.000000e+000  0.000000e+000  0.000000e+000  0.000000e+000  0.000000e+000  0.000000e+000  0.000000e+000  0.000000e+000  0.000000e+000  0.000000e+000  0.000000e+000  0.000000e+000  0.000000e+000  0.000000e+000  0.000000e+000  0.000000e+000  
0.000000e+000  0.000000e+000  0.000000e+000  0.000000e+000  0.000000e+000  0.000000e+000  0.000000e+000  0.000000e+000  0.000000e+000  0.000000e+000  0.000000e+000  0.000000e+000  0.000000e+000  0.000000e+000  0.000000e+000  0.000000e+000  0.000000e+000  0.000000e+000  0.000000e+000  0.000000e+000  0.000000e+000  0.000000e+000  
0.000000e+000  0.000000e+000  0.000000e+000  0.000000e+000  0.000000e+000  0.000000e+000  0.000000e+000  0.000000e+000  0.000000e+000  0.000000e+000  0.000000e+000  0.000000e+000  0.000000e+000  0.000000e+000  0.000000e+000  0.000000e+000  0.000000e+000  0.000000e+000  0.000000e+000  0.000000e+000  0.000000e+000  0.000000e+000  
0.000000e+000  0.000000e+000  0.000000e+000  0.000000e+000  0.000000e+000  0.000000e+000  0.000000e+000  0.000000e+000  0.000000e+000  0.000000e+000  0.000000e+000  0.000000e+000  0.000000e+000  0.000000e+000  0.000000e+000  0.000000e+000  0.000000e+000  0.000000e+000  0.000000e+000  0.000000e+000  0.000000e+000  0.000000e+000  
0.000000e+000  0.000000e+000  0.000000e+000  0.000000e+000  0.000000e+000  0.000000e+000  0.000000e+000  0.000000e+000  0.000000e+000  0.000000e+000  0.000000e+000  0.000000e+000  0.000000e+000  0.000000e+000  0.000000e+000  0.000000e+000  0.000000e+000  0.000000e+000  0.000000e+000  0.000000e+000  0.000000e+000  0.000000e+000  
0.000000e+000  0.000000e+000  0.000000e+000  0.000000e+000  0.000000e+000  0.000000e+000  0.000000e+000  0.000000e+000  0.000000e+000  0.000000e+000  0.000000e+000  0.000000e+000  0.000000e+000  0.000000e+000  0.000000e+000  0.000000e+000  0.000000e+000  0.000000e+000  0.000000e+000  0.000000e+000  0.000000e+000  0.000000e+000  
0.000000e+000  0.000000e+000  0.000000e+000  0.000000e+000  0.000000e+000  0.000000e+000  0.000000e+000  0.000000e+000  0.000000e+000  0.000000e+000  0.000000e+000  0.000000e+000  0.000000e+000  0.000000e+000  0.000000e+000  0.000000e+000  0.000000e+000  0.000000e+000  0.000000e+000  0.000000e+000  0.000000e+000  0.000000e+000  
0.000000e+000  0.000000e+000  0.000000e+000  0.000000e+000  0.000000e+000  0.000000e+000  0.000000e+000  0.000000e+000  0.000000e+000  0.000000e+000  0.000000e+000  0.000000e+000  0.000000e+000  0.000000e+000  0.000000e+000  0.000000e+000  0.000000e+000  0.000000e+000  0.000000e+000  0.000000e+000  0.000000e+000  0.000000e+000  
0.000000e+000  0.000000e+000  0.000000e+000  0.000000e+000  0.000000e+000  0.000000e+000  0.000000e+000  0.000000e+000  0.000000e+000  0.000000e+000  0.000000e+000  0.000000e+000  0.000000e+000  0.000000e+000  0.000000e+000  0.000000e+000  0.000000e+000  0.000000e+000  0.000000e+000  0.000000e+000  0.000000e+000  0.000000e+000  

0.000000e+000  0.000000e+000  0.000000e+000  0.000000e+000  0.000000e+000  0.000000e+000  0.000000e+000  0.000000e+000  0.000000e+000  0.000000e+000  0.000000e+000  0.000000e+000  0.000000e+000  0.000000e+000  0.000000e+000  0.000000e+000  0.000000e+000  0.000000e+000  0.000000e+000  0.000000e+000  0.000000e+000  0.000000e+000  
0.000000e+000  0.000000e+000  0.000000e+000  0.000000e+000  0.000000e+000  0.000000e+000  0.000000e+000  0.000000e+000  0.000000e+000  0.000000e+000  0.000000e+000  0.000000e+000  0.000000e+000  0.000000e+000  0.000000e+000  0.000000e+000  0.000000e+000  0.000000e+000  0.000000e+000  0.000000e+000  0.000000e+000  0.000000e+000  
0.000000e+000  0.000000e+000  0.000000e+000  0.000000e+000  0.000000e+000  0.000000e+000  0.000000e+000  0.000000e+000  0.000000e+000  0.000000e+000  0.000000e+000  0.000000e+000  0.000000e+000  0.000000e+000  0.000000e+000  0.000000e+000  0.000000e+000  0.000000e+000  0.000000e+000  0.000000e+000  0.000000e+000  0.000000e+000  
0.000000e+000  0.000000e+000  0.000000e+000  0.000000e+000  0.000000e+000  0.000000e+000  0.000000e+000  0.000000e+000  0.000000e+000  0.000000e+000  0.000000e+000  0.000000e+000  0.000000e+000  0.000000e+000  0.000000e+000  0.000000e+000  0.000000e+000  0.000000e+000  0.000000e+000  0.000000e+000  0.000000e+000  0.000000e+000  
0.000000e+000  0.000000e+000  0.000000e+000  0.000000e+000  0.000000e+000  0.000000e+000  0.000000e+000  0.000000e+000  0.000000e+000  0.000000e+000  0.000000e+000  0.000000e+000  0.000000e+000  0.000000e+000  0.000000e+000  0.000000e+000  0.000000e+000  0.000000e+000  0.000000e+000  0.000000e+000  0.000000e+000  0.000000e+000  
0.000000e+000  0.000000e+000  0.000000e+000  0.000000e+000  0.000000e+000  0.000000e+000  0.000000e+000  0.000000e+000  0.000000e+000  0.000000e+000  0.000000e+000  0.000000e+000  0.000000e+000  0.000000e+000  0.000000e+000  0.000000e+000  0.000000e+000  0.000000e+000  0.000000e+000  0.000000e+000  0.000000e+000  0.000000e+000  
0.000000e+000  0.000000e+000  0.000000e+000  0.000000e+000  0.000000e+000  0.000000e+000  0.000000e+000  0.000000e+000  0.000000e+000  0.000000e+000  0.000000e+000  0.000000e+000  0.000000e+000  0.000000e+000  0.000000e+000  0.000000e+000  0.000000e+000  0.000000e+000  0.000000e+000  0.000000e+000  0.000000e+000  0.000000e+000  
0.000000e+000  0.000000e+000  0.000000e+000  0.000000e+000  0.000000e+000  0.000000e+000  0.000000e+000  0.000000e+000  0.000000e+000  0.000000e+000  0.000000e+000  0.000000e+000  0.000000e+000  0.000000e+000  0.000000e+000  0.000000e+000  0.000000e+000  0.000000e+000  0.000000e+000  0.000000e+000  0.000000e+000  0.000000e+000  
0.000000e+000  0.000000e+000  0.000000e+000  0.000000e+000  0.000000e+000  0.000000e+000  0.000000e+000  0.000000e+000  0.000000e+000  0.000000e+000  0.000000e+000  0.000000e+000  0.000000e+000  0.000000e+000  0.000000e+000  0.000000e+000  0.000000e+000  0.000000e+000  0.000000e+000  0.000000e+000  0.000000e+000  0.000000e+000  
0.000000e+000  0.000000e+000  0.000000e+000  0.000000e+000  0.000000e+000  0.000000e+000  0.000000e+000  0.000000e+000  0.000000e+000  0.000000e+000  0.000000e+000  0.000000e+000  0.000000e+000  0.000000e+000  0.000000e+000  0.000000e+000  0.000000e+000  0.000000e+000  0.000000e+000  0.000000e+000  0.000000e+000  0.000000e+000  
0.000000e+000  0.000000e+000  0.000000e+000  0.000000e+000  0.000000e+000  0.000000e+000  0.000000e+000  0.000000e+000  0.000000e+000  0.000000e+000  0.000000e+000  0.000000e+000  0.000000e+000  0.000000e+000  0.000000e+000  0.000000e+000  0.000000e+000  0.000000e+000  0.000000e+000  0.000000e+000  0.000000e+000  0.000000e+000  
0.000000e+000  0.000000e+000  0.000000e+000  0.000000e+000  0.000000e+000  0.000000e+000  0.000000e+000  0.000000e+000  0.000000e+000  0.000000e+000  0.000000e+000  0.000000e+000  0.000000e+000  0.000000e+000  0.000000e+000  0.000000e+000  0.000000e+000  0.000000e+000  0.000000e+000  0.000000e+000  0.000000e+000  0.000000e+000  
0.000000e+000  0.000000e+000  0.000000e+000  0.000000e+000  0.000000e+000  0.000000e+000  0.000000e+000  0.000000e+000  0.000000e+000  0.000000e+000  0.000000e+000  0.000000e+000  0.000000e+000  0.000000e+000  0.000000e+000  0.000000e+000  0.000000e+000  0.000000e+000  0.000000e+000  0.000000e+000  0.000000e+000  0.000000e+000  
0.000000e+000  0.000000e+000  0.000000e+000  0.000000e+000  0.000000e+000  0.000000e+000  0.000000e+000  0.000000e+000  0.000000e+000  0.000000e+000  0.000000e+000  0.000000e+000  0.000000e+000  0.000000e+000  0.000000e+000  0.000000e+000  0.000000e+000  0.000000e+000  0.000000e+000  0.000000e+000  0.000000e+000  0.000000e+000  
0.000000e+000  0.000000e+000  0.000000e+000  0.000000e+000  0.000000e+000  0.000000e+000  0.000000e+000  0.000000e+000  0.000000e+000  0.000000e+000  0.000000e+000  0.000000e+000  0.000000e+000  0.000000e+000  0.000000e+000  0.000000e+000  0.000000e+000  0.000000e+000  0.000000e+000  0.000000e+000  0.000000e+000  0.000000e+000  
0.000000e+000  0.000000e+000  0.000000e+000  0.000000e+000  0.000000e+000  0.000000e+000  0.000000e+000  0.000000e+000  0.000000e+000  0.000000e+000  0.000000e+000  0.000000e+000  0.000000e+000  0.000000e+000  0.000000e+000  0.000000e+000  0.000000e+000  0.000000e+000  0.000000e+000  0.000000e+000  0.000000e+000  0.000000e+000  
0.000000e+000  0.000000e+000  0.000000e+000  0.000000e+000  0.000000e+000  0.000000e+000  0.000000e+000  0.000000e+000  0.000000e+000  0.000000e+000  0.000000e+000  0.000000e+000  0.000000e+000  0.000000e+000  0.000000e+000  0.000000e+000  0.000000e+000  0.000000e+000  0.000000e+000  0.000000e+000  0.000000e+000  0.000000e+000  
0.000000e+000  0.000000e+000  0.000000e+000  0.000000e+000  0.000000e+000  0.000000e+000  0.000000e+000  0.000000e+000  0.000000e+000  0.000000e+000  0.000000e+000  0.000000e+000  0.000000e+000  0.000000e+000  0.000000e+000  0.000000e+000  0.000000e+000  0.000000e+000  0.000000e+000  0.000000e+000  0.000000e+000  0.000000e+000  
0.000000e+000  0.000000e+000  0.000000e+000  0.000000e+000  0.000000e+000  0.000000e+000  0.000000e+000  0.000000e+000  0.000000e+000  0.000000e+000  0.000000e+000  0.000000e+000  0.000000e+000  0.000000e+000  0.000000e+000  0.000000e+000  0.000000e+000  0.000000e+000  0.000000e+000  0.000000e+000  0.000000e+000  0.000000e+000  
0.000000e+000  0.000000e+000  0.000000e+000  0.000000e+000  0.000000e+000  0.000000e+000  0.000000e+000  0.000000e+000  0.000000e+000  0.000000e+000  0.000000e+000  0.000000e+000  0.000000e+000  0.000000e+000  0.000000e+000  0.000000e+000  0.000000e+000  0.000000e+000  0.000000e+000  0.000000e+000  0.000000e+000  0.000000e+000  
0.000000e+000  0.000000e+000  0.000000e+000  0.000000e+000  0.000000e+000  0.000000e+000  0.000000e+000  0.000000e+000  0.000000e+000  0.000000e+000  0.000000e+000  0.000000e+000  0.000000e+000  0.000000e+000  0.000000e+000  0.000000e+000  0.000000e+000  0.000000e+000  0.000000e+000  0.000000e+000  0.000000e+000  0.000000e+000  
0.000000e+000  0.000000e+000  0.000000e+000  0.000000e+000  0.000000e+000  0.000000e+000  0.000000e+000  0.000000e+000  0.000000e+000  0.000000e+000  0.000000e+000  0.000000e+000  0.000000e+000  0.000000e+000  0.000000e+000  0.000000e+000  0.000000e+000  0.000000e+000  0.000000e+000  0.000000e+000  0.000000e+000  0.000000e+000  
0.000000e+000  0.000000e+000  0.000000e+000  0.000000e+000  0.000000e+000  0.000000e+000  0.000000e+000  0.000000e+000  0.000000e+000  0.000000e+000  0.000000e+000  0.000000e+000  0.000000e+000  0.000000e+000  0.000000e+000  0.000000e+000  0.000000e+000  0.000000e+000  0.000000e+000  0.000000e+000  0.000000e+000  0.000000e+000  
0.000000e+000  0.000000e+000  0.000000e+000  0.000000e+000  0.000000e+000  0.000000e+000  0.000000e+000  0.000000e+000  0.000000e+000  0.000000e+000  0.000000e+000  0.000000e+000  0.000000e+000  0.000000e+000  0.000000e+000  0.000000e+000  0.000000e+000  0.000000e+000  0.000000e+000  0.000000e+000  0.000000e+000  0.000000e+000  
0.000000e+000  0.000000e+000  0.000000e+000  0.000000e+000  0.000000e+000  0.000000e+000  0.000000e+000  0.000000e+000  0.000000e+000  0.000000e+000  0.000000e+000  0.000000e+000  0.000000e+000  0.000000e+000  0.000000e+000  0.000000e+000  0.000000e+000  0.000000e+000  0.000000e+000  0.000000e+000  0.000000e+000  0.000000e+000  
0.000000e+000  0.000000e+000  0.000000e+000  0.000000e+000  0.000000e+000  0.000000e+000  0.000000e+000  0.000000e+000  0.000000e+000  0.000000e+000  0.000000e+000  0.000000e+000  0.000000e+000  0.000000e+000  0.000000e+000  0.000000e+000  0.000000e+000  0.000000e+000  0.000000e+000  0.000000e+000  0.000000e+000  0.000000e+000  
0.000000e+000  0.000000e+000  0.000000e+000  0.000000e+000  0.000000e+000  0.000000e+000  0.000000e+000  0.000000e+000  0.000000e+000  0.000000e+000  0.000000e+000  0.000000e+000  0.000000e+000  0.000000e+000  0.000000e+000  0.000000e+000  0.000000e+000  0.000000e+000  0.000000e+000  0.000000e+000  0.000000e+000  0.000000e+000  
0.000000e+000  0.000000e+000  0.000000e+000  0.000000e+000  0.000000e+000  0.000000e+000  0.000000e+000  0.000000e+000  0.000000e+000  0.000000e+000  0.000000e+000  0.000000e+000  0.000000e+000  0.000000e+000  0.000000e+000  0.000000e+000  0.000000e+000  0.000000e+000  0.000000e+000  0.000000e+000  0.000000e+000  0.000000e+000  
0.000000e+000  0.000000e+000  0.000000e+000  0.000000e+000  0.000000e+000  0.000000e+000  0.000000e+000  0.000000e+000  0.000000e+000  0.000000e+000  0.000000e+000  0.000000e+000  0.000000e+000  0.000000e+000  0.000000e+000  0.000000e+000  0.000000e+000  0.000000e+000  0.000000e+000  0.000000e+000  0.000000e+000  0.000000e+000  
0.000000e+000  0.000000e+000  0.000000e+000  0.000000e+000  0.000000e+000  0.000000e+000  0.000000e+000  0.000000e+000  0.000000e+000  0.000000e+000  0.000000e+000  0.000000e+000  0.000000e+000  0.000000e+000  0.000000e+000  0.000000e+000  0.000000e+000  0.000000e+000  0.000000e+000  0.000000e+000  0.000000e+000  0.000000e+000  
0.000000e+000  0.000000e+000  0.000000e+000  0.000000e+000  0.000000e+000  0.000000e+000  0.000000e+000  0.000000e+000  0.000000e+000  0.000000e+000  0.000000e+000  0.000000e+000  0.000000e+000  0.000000e+000  0.000000e+000  0.000000e+000  0.000000e+000  0.000000e+000  0.000000e+000  0.000000e+000  0.000000e+000  0.000000e+000  
0.000000e+000  0.000000e+000  0.000000e+000  0.000000e+000  0.000000e+000  0.000000e+000  0.000000e+000  0.000000e+000  0.000000e+000  0.000000e+000  0.000000e+000  0.000000e+000  0.000000e+000  0.000000e+000  0.000000e+000  0.000000e+000  0.000000e+000  0.000000e+000  0.000000e+000  0.000000e+000  0.000000e+000  0.000000e+000  
0.000000e+000  0.000000e+000  0.000000e+000  0.000000e+000  0.000000e+000  0.000000e+000  0.000000e+000  0.000000e+000  0.000000e+000  0.000000e+000  0.000000e+000  0.000000e+000  0.000000e+000  0.000000e+000  0.000000e+000  0.000000e+000  0.000000e+000  0.000000e+000  0.000000e+000  0.000000e+000  0.000000e+000  0.000000e+000  
0.000000e+000  0.000000e+000  0.000000e+000  0.000000e+000  0.000000e+000  0.000000e+000  0.000000e+000  0.000000e+000  0.000000e+000  0.000000e+000  0.000000e+000  0.000000e+000  0.000000e+000  0.000000e+000  0.000000e+000  0.000000e+000  0.000000e+000  0.000000e+000  0.000000e+000  0.000000e+000  0.000000e+000  0.000000e+000  
0.000000e+000  0.000000e+000  0.000000e+000  0.000000e+000  0.000000e+000  0.000000e+000  0.000000e+000  0.000000e+000  0.000000e+000  0.000000e+000  0.000000e+000  0.000000e+000  0.000000e+000  0.000000e+000  0.000000e+000  0.000000e+000  0.000000e+000  0.000000e+000  0.000000e+000  0.000000e+000  0.000000e+000  0.000000e+000  
0.000000e+000  0.000000e+000  0.000000e+000  0.000000e+000  0.000000e+000  0.000000e+000  0.000000e+000  0.000000e+000  0.000000e+000  0.000000e+000  0.000000e+000  0.000000e+000  0.000000e+000  0.000000e+000  0.000000e+000  0.000000e+000  0.000000e+000  0.000000e+000  0.000000e+000  0.000000e+000  0.000000e+000  0.000000e+000  
0.000000e+000  0.000000e+000  0.000000e+000  0.000000e+000  0.000000e+000  0.000000e+000  0.000000e+000  0.000000e+000  0.000000e+000  0.000000e+000  0.000000e+000  0.000000e+000  0.000000e+000  0.000000e+000  0.000000e+000  0.000000e+000  0.000000e+000  0.000000e+000  0.000000e+000  0.000000e+000  0.000000e+000  0.000000e+000  

0.000000e+000  0.000000e+000  0.000000e+000  0.000000e+000  0.000000e+000  0.000000e+000  0.000000e+000  0.000000e+000  0.000000e+000  0.000000e+000  0.000000e+000  0.000000e+000  0.000000e+000  0.000000e+000  0.000000e+000  0.000000e+000  0.000000e+000  0.000000e+000  0.000000e+000  0.000000e+000  0.000000e+000  0.000000e+000  
0.000000e+000  0.000000e+000  0.000000e+000  0.000000e+000  0.000000e+000  0.000000e+000  0.000000e+000  0.000000e+000  0.000000e+000  0.000000e+000  0.000000e+000  0.000000e+000  0.000000e+000  0.000000e+000  0.000000e+000  0.000000e+000  0.000000e+000  0.000000e+000  0.000000e+000  0.000000e+000  0.000000e+000  0.000000e+000  
0.000000e+000  0.000000e+000  0.000000e+000  0.000000e+000  0.000000e+000  0.000000e+000  0.000000e+000  0.000000e+000  0.000000e+000  0.000000e+000  0.000000e+000  0.000000e+000  0.000000e+000  0.000000e+000  0.000000e+000  0.000000e+000  0.000000e+000  0.000000e+000  0.000000e+000  0.000000e+000  0.000000e+000  0.000000e+000  
0.000000e+000  0.000000e+000  0.000000e+000  0.000000e+000  0.000000e+000  0.000000e+000  0.000000e+000  0.000000e+000  0.000000e+000  0.000000e+000  0.000000e+000  0.000000e+000  0.000000e+000  0.000000e+000  0.000000e+000  0.000000e+000  0.000000e+000  0.000000e+000  0.000000e+000  0.000000e+000  0.000000e+000  0.000000e+000  
0.000000e+000  0.000000e+000  0.000000e+000  0.000000e+000  0.000000e+000  0.000000e+000  0.000000e+000  0.000000e+000  0.000000e+000  0.000000e+000  0.000000e+000  0.000000e+000  0.000000e+000  0.000000e+000  0.000000e+000  0.000000e+000  0.000000e+000  0.000000e+000  0.000000e+000  0.000000e+000  0.000000e+000  0.000000e+000  
0.000000e+000  0.000000e+000  0.000000e+000  0.000000e+000  0.000000e+000  0.000000e+000  0.000000e+000  0.000000e+000  0.000000e+000  0.000000e+000  0.000000e+000  0.000000e+000  0.000000e+000  0.000000e+000  0.000000e+000  0.000000e+000  0.000000e+000  0.000000e+000  0.000000e+000  0.000000e+000  0.000000e+000  0.000000e+000  
0.000000e+000  0.000000e+000  0.000000e+000  0.000000e+000  0.000000e+000  0.000000e+000  0.000000e+000  0.000000e+000  0.000000e+000  0.000000e+000  0.000000e+000  0.000000e+000  0.000000e+000  0.000000e+000  0.000000e+000  0.000000e+000  0.000000e+000  0.000000e+000  0.000000e+000  0.000000e+000  0.000000e+000  0.000000e+000  
0.000000e+000  0.000000e+000  0.000000e+000  0.000000e+000  0.000000e+000  0.000000e+000  0.000000e+000  0.000000e+000  0.000000e+000  0.000000e+000  0.000000e+000  0.000000e+000  0.000000e+000  0.000000e+000  0.000000e+000  0.000000e+000  0.000000e+000  0.000000e+000  0.000000e+000  0.000000e+000  0.000000e+000  0.000000e+000  
0.000000e+000  0.000000e+000  0.000000e+000  0.000000e+000  0.000000e+000  0.000000e+000  0.000000e+000  0.000000e+000  0.000000e+000  0.000000e+000  0.000000e+000  0.000000e+000  0.000000e+000  0.000000e+000  0.000000e+000  0.000000e+000  0.000000e+000  0.000000e+000  0.000000e+000  0.000000e+000  0.000000e+000  0.000000e+000  
0.000000e+000  0.000000e+000  0.000000e+000  0.000000e+000  0.000000e+000  0.000000e+000  0.000000e+000  0.000000e+000  0.000000e+000  0.000000e+000  0.000000e+000  0.000000e+000  0.000000e+000  0.000000e+000  0.000000e+000  0.000000e+000  0.000000e+000  0.000000e+000  0.000000e+000  0.000000e+000  0.000000e+000  0.000000e+000  
0.000000e+000  0.000000e+000  0.000000e+000  0.000000e+000  0.000000e+000  0.000000e+000  0.000000e+000  0.000000e+000  0.000000e+000  0.000000e+000  0.000000e+000  0.000000e+000  0.000000e+000  0.000000e+000  0.000000e+000  0.000000e+000  0.000000e+000  0.000000e+000  0.000000e+000  0.000000e+000  0.000000e+000  0.000000e+000  
0.000000e+000  0.000000e+000  0.000000e+000  0.000000e+000  0.000000e+000  0.000000e+000  0.000000e+000  0.000000e+000  0.000000e+000  0.000000e+000  0.000000e+000  0.000000e+000  0.000000e+000  0.000000e+000  0.000000e+000  0.000000e+000  0.000000e+000  0.000000e+000  0.000000e+000  0.000000e+000  0.000000e+000  0.000000e+000  
0.000000e+000  0.000000e+000  0.000000e+000  0.000000e+000  0.000000e+000  0.000000e+000  0.000000e+000  0.000000e+000  0.000000e+000  0.000000e+000  0.000000e+000  0.000000e+000  0.000000e+000  0.000000e+000  0.000000e+000  0.000000e+000  0.000000e+000  0.000000e+000  0.000000e+000  0.000000e+000  0.000000e+000  0.000000e+000  
0.000000e+000  0.000000e+000  0.000000e+000  0.000000e+000  0.000000e+000  0.000000e+000  0.000000e+000  0.000000e+000  0.000000e+000  0.000000e+000  0.000000e+000  0.000000e+000  0.000000e+000  0.000000e+000  0.000000e+000  0.000000e+000  0.000000e+000  0.000000e+000  0.000000e+000  0.000000e+000  0.000000e+000  0.000000e+000  
0.000000e+000  0.000000e+000  0.000000e+000  0.000000e+000  0.000000e+000  0.000000e+000  0.000000e+000  0.000000e+000  0.000000e+000  0.000000e+000  0.000000e+000  0.000000e+000  0.000000e+000  0.000000e+000  0.000000e+000  0.000000e+000  0.000000e+000  0.000000e+000  0.000000e+000  0.000000e+000  0.000000e+000  0.000000e+000  
0.000000e+000  0.000000e+000  0.000000e+000  0.000000e+000  0.000000e+000  0.000000e+000  0.000000e+000  0.000000e+000  0.000000e+000  0.000000e+000  0.000000e+000  0.000000e+000  0.000000e+000  0.000000e+000  0.000000e+000  0.000000e+000  0.000000e+000  0.000000e+000  0.000000e+000  0.000000e+000  0.000000e+000  0.000000e+000  
0.000000e+000  0.000000e+000  0.000000e+000  0.000000e+000  0.000000e+000  0.000000e+000  0.000000e+000  0.000000e+000  0.000000e+000  0.000000e+000  0.000000e+000  0.000000e+000  0.000000e+000  0.000000e+000  0.000000e+000  0.000000e+000  0.000000e+000  0.000000e+000  0.000000e+000  0.000000e+000  0.000000e+000  0.000000e+000  
0.000000e+000  0.000000e+000  0.000000e+000  0.000000e+000  0.000000e+000  0.000000e+000  0.000000e+000  0.000000e+000  0.000000e+000  0.000000e+000  0.000000e+000  0.000000e+000  0.000000e+000  0.000000e+000  0.000000e+000  0.000000e+000  0.000000e+000  0.000000e+000  0.000000e+000  0.000000e+000  0.000000e+000  0.000000e+000  
0.000000e+000  0.000000e+000  0.000000e+000  0.000000e+000  0.000000e+000  0.000000e+000  0.000000e+000  0.000000e+000  0.000000e+000  0.000000e+000  0.000000e+000  0.000000e+000  0.000000e+000  0.000000e+000  0.000000e+000  0.000000e+000  0.000000e+000  0.000000e+000  0.000000e+000  0.000000e+000  0.000000e+000  0.000000e+000  
0.000000e+000  0.000000e+000  0.000000e+000  0.000000e+000  0.000000e+000  0.000000e+000  0.000000e+000  0.000000e+000  0.000000e+000  0.000000e+000  0.000000e+000  0.000000e+000  0.000000e+000  0.000000e+000  0.000000e+000  0.000000e+000  0.000000e+000  0.000000e+000  0.000000e+000  0.000000e+000  0.000000e+000  0.000000e+000  
0.000000e+000  0.000000e+000  0.000000e+000  0.000000e+000  0.000000e+000  0.000000e+000  0.000000e+000  0.000000e+000  0.000000e+000  0.000000e+000  0.000000e+000  0.000000e+000  0.000000e+000  0.000000e+000  0.000000e+000  0.000000e+000  0.000000e+000  0.000000e+000  0.000000e+000  0.000000e+000  0.000000e+000  0.000000e+000  
0.000000e+000  0.000000e+000  0.000000e+000  0.000000e+000  0.000000e+000  0.000000e+000  0.000000e+000  0.000000e+000  0.000000e+000  0.000000e+000  0.000000e+000  0.000000e+000  0.000000e+000  0.000000e+000  0.000000e+000  0.000000e+000  0.000000e+000  0.000000e+000  0.000000e+000  0.000000e+000  0.000000e+000  0.000000e+000  
0.000000e+000  0.000000e+000  0.000000e+000  0.000000e+000  0.000000e+000  0.000000e+000  0.000000e+000  0.000000e+000  0.000000e+000  0.000000e+000  0.000000e+000  0.000000e+000  0.000000e+000  0.000000e+000  0.000000e+000  0.000000e+000  0.000000e+000  0.000000e+000  0.000000e+000  0.000000e+000  0.000000e+000  0.000000e+000  
0.000000e+000  0.000000e+000  0.000000e+000  0.000000e+000  0.000000e+000  0.000000e+000  0.000000e+000  0.000000e+000  0.000000e+000  0.000000e+000  0.000000e+000  0.000000e+000  0.000000e+000  0.000000e+000  0.000000e+000  0.000000e+000  0.000000e+000  0.000000e+000  0.000000e+000  0.000000e+000  0.000000e+000  0.000000e+000  
0.000000e+000  0.000000e+000  0.000000e+000  0.000000e+000  0.000000e+000  0.000000e+000  0.000000e+000  0.000000e+000  0.000000e+000  0.000000e+000  0.000000e+000  0.000000e+000  0.000000e+000  0.000000e+000  0.000000e+000  0.000000e+000  0.000000e+000  0.000000e+000  0.000000e+000  0.000000e+000  0.000000e+000  0.000000e+000  
0.000000e+000  0.000000e+000  0.000000e+000  0.000000e+000  0.000000e+000  0.000000e+000  0.000000e+000  0.000000e+000  0.000000e+000  0.000000e+000  0.000000e+000  0.000000e+000  0.000000e+000  0.000000e+000  0.000000e+000  0.000000e+000  0.000000e+000  0.000000e+000  0.000000e+000  0.000000e+000  0.000000e+000  0.000000e+000  
0.000000e+000  0.000000e+000  0.000000e+000  0.000000e+000  0.000000e+000  0.000000e+000  0.000000e+000  0.000000e+000  0.000000e+000  0.000000e+000  0.000000e+000  0.000000e+000  0.000000e+000  0.000000e+000  0.000000e+000  0.000000e+000  0.000000e+000  0.000000e+000  0.000000e+000  0.000000e+000  0.000000e+000  0.000000e+000  
0.000000e+000  0.000000e+000  0.000000e+000  0.000000e+000  0.000000e+000  0.000000e+000  0.000000e+000  0.000000e+000  0.000000e+000  0.000000e+000  0.000000e+000  0.000000e+000  0.000000e+000  0.000000e+000  0.000000e+000  0.000000e+000  0.000000e+000  0.000000e+000  0.000000e+000  0.000000e+000  0.000000e+000  0.000000e+000  
0.000000e+000  0.000000e+000  0.000000e+000  0.000000e+000  0.000000e+000  0.000000e+000  0.000000e+000  0.000000e+000  0.000000e+000  0.000000e+000  0.000000e+000  0.000000e+000  0.000000e+000  0.000000e+000  0.000000e+000  0.000000e+000  0.000000e+000  0.000000e+000  0.000000e+000  0.000000e+000  0.000000e+000  0.000000e+000  
0.000000e+000  0.000000e+000  0.000000e+000  0.000000e+000  0.000000e+000  0.000000e+000  0.000000e+000  0.000000e+000  0.000000e+000  0.000000e+000  0.000000e+000  0.000000e+000  0.000000e+000  0.000000e+000  0.000000e+000  0.000000e+000  0.000000e+000  0.000000e+000  0.000000e+000  0.000000e+000  0.000000e+000  0.000000e+000  
0.000000e+000  0.000000e+000  0.000000e+000  0.000000e+000  0.000000e+000  0.000000e+000  0.000000e+000  0.000000e+000  0.000000e+000  0.000000e+000  0.000000e+000  0.000000e+000  0.000000e+000  0.000000e+000  0.000000e+000  0.000000e+000  0.000000e+000  0.000000e+000  0.000000e+000  0.000000e+000  0.000000e+000  0.000000e+000  
0.000000e+000  0.000000e+000  0.000000e+000  0.000000e+000  0.000000e+000  0.000000e+000  0.000000e+000  0.000000e+000  0.000000e+000  0.000000e+000  0.000000e+000  0.000000e+000  0.000000e+000  0.000000e+000  0.000000e+000  0.000000e+000  0.000000e+000  0.000000e+000  0.000000e+000  0.000000e+000  0.000000e+000  0.000000e+000  
0.000000e+000  0.000000e+000  0.000000e+000  0.000000e+000  0.000000e+000  0.000000e+000  0.000000e+000  0.000000e+000  0.000000e+000  0.000000e+000  0.000000e+000  0.000000e+000  0.000000e+000  0.000000e+000  0.000000e+000  0.000000e+000  0.000000e+000  0.000000e+000  0.000000e+000  0.000000e+000  0.000000e+000  0.000000e+000  
0.000000e+000  0.000000e+000  0.000000e+000  0.000000e+000  0.000000e+000  0.000000e+000  0.000000e+000  0.000000e+000  0.000000e+000  0.000000e+000  0.000000e+000  0.000000e+000  0.000000e+000  0.000000e+000  0.000000e+000  0.000000e+000  0.000000e+000  0.000000e+000  0.000000e+000  0.000000e+000  0.000000e+000  0.000000e+000  
0.000000e+000  0.000000e+000  0.000000e+000  0.000000e+000  0.000000e+000  0.000000e+000  0.000000e+000  0.000000e+000  0.000000e+000  0.000000e+000  0.000000e+000  0.000000e+000  0.000000e+000  0.000000e+000  0.000000e+000  0.000000e+000  0.000000e+000  0.000000e+000  0.000000e+000  0.000000e+000  0.000000e+000  0.000000e+000  
0.000000e+000  0.000000e+000  0.000000e+000  0.000000e+000  0.000000e+000  0.000000e+000  0.000000e+000  0.000000e+000  0.000000e+000  0.000000e+000  0.000000e+000  0.000000e+000  0.000000e+000  0.000000e+000  0.000000e+000  0.000000e+000  0.000000e+000  0.000000e+000  0.000000e+000  0.000000e+000  0.000000e+000  0.000000e+000  
0.000000e+000  0.000000e+000  0.000000e+000  0.000000e+000  0.000000e+000  0.000000e+000  0.000000e+000  0.000000e+000  0.000000e+000  0.000000e+000  0.000000e+000  0.000000e+000  0.000000e+000  0.000000e+000  0.000000e+000  0.000000e+000  0.000000e+000  0.000000e+000  0.000000e+000  0.000000e+000  0.000000e+000  0.000000e+000  

-0.000000e+000  -3.351884e+000  -6.698280e+000  -1.003372e+001  -1.335277e+001  -1.665006e+001  -1.992026e+001  -2.315816e+001  -2.635863e+001  -2.701096e+001  -2.758122e+001  -2.807369e+001  -2.849313e+001  -2.884468e+001  -2.913371e+001  -2.936571e+001  -2.954618e+001  -2.976882e+001  -2.984875e+001  -2.959236e+001  -2.889390e+001  -2.841508e+001  
-0.000000e+000  -3.460622e+000  -6.915394e+000  -1.035848e+001  -1.378409e+001  -1.718647e+001  -2.055997e+001  -2.389898e+001  -2.719806e+001  -2.782581e+001  -2.836583e+001  -2.882358e+001  -2.920497e+001  -2.951619e+001  -2.976359e+001  -2.995348e+001  -3.009211e+001  -3.023367e+001  -3.023944e+001  -2.983698e+001  -2.902461e+001  -2.850302e+001  
-0.000000e+000  -3.804163e+000  -7.601365e+000  -1.138466e+001  -1.514714e+001  -1.888193e+001  -2.258224e+001  -2.624135e+001  -2.985266e+001  -3.038681e+001  -3.081617e+001  -3.115045e+001  -3.139953e+001  -3.157318e+001  -3.168084e+001  -3.173152e+001  -3.173364e+001  -3.161556e+001  -3.138875e+001  -3.054375e+001  -2.939828e+001  -2.875410e+001  
-0.000000e+000  -4.762498e+000  -9.515398e+000  -1.424908e+001  -1.895390e+001  -2.362014e+001  -2.823806e+001  -3.279786e+001  -3.728969e+001  -3.745415e+001  -3.747464e+001  -3.737570e+001  -3.718014e+001  -3.690854e+001  -3.657910e+001  -3.620758e+001  -3.580742e+001  -3.495487e+001  -3.409927e+001  -3.214628e+001  -3.022906e+001  -2.931254e+001  
-0.000000e+000  -6.200252e+000  -1.239004e+001  -1.855869e+001  -2.469508e+001  -3.078750e+001  -3.682347e+001  -4.278959e+001  -4.867150e+001  -4.787556e+001  -4.692724e+001  -4.588099e+001  -4.478157e+001  -4.366442e+001  -4.255650e+001  -4.147749e+001  -4.044104e+001  -3.852250e+001  -3.683721e+001  -3.364684e+001  -3.099504e+001  -2.983784e+001  
-0.000000e+000  -7.846135e+000  -1.569151e+001  -2.353453e+001  -3.137193e+001  -3.919797e+001  -4.700380e+001  -5.477680e+001  -6.250010e+001  -5.978778e+001  -5.707488e+001  -5.444954e+001  -5.196955e+001  -4.966786e+001  -4.755851e+001  -4.564230e+001  -4.391144e+001  -4.096757e+001  -3.858518e+001  -3.457140e+001  -3.150574e+001  -3.021418e+001  
-0.000000e+000  -8.664759e+000  -1.734727e+001  -2.606378e+001  -3.482751e+001  -4.364713e+001  -5.252534e+001  -6.145745e+001  -7.043028e+001  -6.602243e+001  -6.189189e+001  -5.812201e+001  -5.474493e+001  -5.175694e+001  -4.913254e+001  -4.683516e+001  -4.482458e+001  -4.154584e+001  -3.898284e+001  -3.482638e+001  -3.169015e+001  -3.036659e+001  
-0.000000e+000  -9.280055e+000  -1.861259e+001  -2.804800e+001  -3.763224e+001  -4.740422e+001  -5.739274e+001  -6.761334e+001  -7.806530e+001  -7.136285e+001  -6.547224e+001  -6.041924e+001  -5.614930e+001  -5.256680e+001  -4.956388e+001  -4.703733e+001  -4.489642e+001  -4.154384e+001  -3.899429e+001  -3.493164e+001  -3.182464e+001  -3.049274e+001  
-0.000000e+000  -9.370390e+000  -1.881837e+001  -2.841998e+001  -3.824751e+001  -4.836639e+001  -5.883057e+001  -6.967700e+001  -8.091967e+001  -7.288172e+001  -6.608938e+001  -6.048335e+001  -5.591043e+001  -5.218879e+001  -4.914603e+001  -4.663505e+001  -4.453709e+001  -4.130111e+001  -3.885482e+001  -3.493229e+001  -3.187314e+001  -3.054460e+001  
-0.000000e+000  -9.258949e+000  -1.862460e+001  -2.820406e+001  -3.810417e+001  -4.842837e+001  -5.927020e+001  -7.070298e+001  -8.276701e+001  -7.328242e+001  -6.563914e+001  -5.962009e+001  -5.491183e+001  -5.121045e+001  -4.826397e+001  -4.587838e+001  -4.390935e+001  -4.090286e+001  -3.862648e+001  -3.490309e+001  -3.191123e+001  -3.059023e+001  
-0.000000e+000  -8.871260e+000  -1.787720e+001  -2.715786e+001  -3.686241e+001  -4.714898e+001  -5.817717e+001  -7.008929e+001  -8.297961e+001  -7.200508e+001  -6.370941e+001  -5.756769e+001  -5.300644e+001  -4.955957e+001  -4.688967e+001  -4.476347e+001  -4.302164e+001  -4.036280e+001  -3.832123e+001  -3.484876e+001  -3.193993e+001  -3.062984e+001  
-0.000000e+000  -8.135821e+000  -1.642052e+001  -2.501739e+001  -3.411832e+001  -4.395527e+001  -5.480175e+001  -6.694790e+001  -8.062580e+001  -6.826116e+001  -5.980066e+001  -5.407107e+001  -5.009178e+001  -4.721419e+001  -4.503832e+001  -4.331974e+001  -4.190676e+001  -3.970706e+001  -3.795689e+001  -3.477533e+001  -3.196049e+001  -3.066369e+001  
-0.000000e+000  -7.300142e+000  -1.473468e+001  -2.245996e+001  -3.068064e+001  -3.968340e+001  -4.987407e+001  -6.178946e+001  -7.598938e+001  -6.285710e+001  -5.502516e+001  -5.024854e+001  -4.713969e+001  -4.496200e+001  -4.332706e+001  -4.202248e+001  -4.092688e+001  -3.914505e+001  -3.764932e+001  -3.470998e+001  -3.197180e+001  -3.068621e+001  
-0.000000e+000  -6.255604e+000  -1.259720e+001  -1.913353e+001  -2.602994e+001  -3.357040e+001  -4.227484e+001  -5.309321e+001  -6.754264e+001  -5.447630e+001  -4.854203e+001  -4.550276e+001  -4.368050e+001  -4.242192e+001  -4.144759e+001  -4.062525e+001  -3.988766e+001  -3.855970e+001  -3.733277e+001  -3.464089e+001  -3.197972e+001  -3.070560e+001  
-0.000000e+000  -5.077108e+000  -1.015669e+001  -1.524758e+001  -2.038013e+001  -2.565444e+001  -3.140500e+001  -3.878300e+001  -5.186320e+001  -4.207680e+001  -4.043928e+001  -4.008716e+001  -3.992102e+001  -3.973937e+001  -3.950019e+001  -3.919784e+001  -3.883815e+001  -3.797700e+001  -3.702089e+001  -3.457168e+001  -3.198491e+001  -3.072201e+001  
-0.000000e+000  -3.893771e+000  -7.696694e+000  -1.129425e+001  -1.450747e+001  -1.699838e+001  -1.801747e+001  -1.566565e+001  -0.000000e+000  -2.507681e+001  -3.162572e+001  -3.458377e+001  -3.618786e+001  -3.710691e+001  -3.760596e+001  -3.782015e+001  -3.783251e+001  -3.742444e+001  -3.672759e+001  -3.450593e+001  -3.198804e+001  -3.073560e+001  
-0.000000e+000  -2.610647e+000  -5.065169e+000  -7.183454e+000  -8.730004e+000  -9.367413e+000  -8.593012e+000  -5.699309e+000  -0.000000e+000  -1.442284e+001  -2.349058e+001  -2.880517e+001  -3.208985e+001  -3.417404e+001  -3.548850e+001  -3.628232e+001  -3.671383e+001  -3.681443e+001  -3.640612e+001  -3.443335e+001  -3.198990e+001  -3.074882e+001  
-0.000000e+000  -1.703145e+000  -3.242777e+000  -4.448949e+000  -5.141884e+000  -5.137623e+000  -4.275853e+000  -2.495975e+000  -0.000000e+000  -1.002771e+001  -1.869562e+001  -2.484416e+001  -2.907711e+001  -3.194637e+001  -3.385652e+001  -3.509029e+001  -3.584546e+001  -3.634239e+001  -3.615852e+001  -3.437720e+001  -3.199048e+001  -3.075808e+001  
-0.000000e+000  -1.069303e+000  -2.007028e+000  -2.688236e+000  -3.003978e+000  -2.875995e+000  -2.278648e+000  -1.266847e+000  -0.000000e+000  -8.012476e+000  -1.583819e+001  -2.206303e+001  -2.673490e+001  -3.010522e+001  -3.245946e+001  -3.405018e+001  -3.508012e+001  -3.592543e+001  -3.594060e+001  -3.432758e+001  -3.199014e+001  -3.076531e+001  
-0.000000e+000  -1.703145e+000  -3.242777e+000  -4.448949e+000  -5.141884e+000  -5.137623e+000  -4.275853e+000  -2.495975e+000  -0.000000e+000  -1.002771e+001  -1.869562e+001  -2.484416e+001  -2.907711e+001  -3.194637e+001  -3.385652e+001  -3.509029e+001  -3.584546e+001  -3.634239e+001  -3.615852e+001  -3.437720e+001  -3.199048e+001  -3.075808e+001  
-0.000000e+000  -2.610647e+000  -5.065169e+000  -7.183454e+000  -8.730004e+000  -9.367413e+000  -8.593012e+000  -5.699309e+000  -0.000000e+000  -1.442284e+001  -2.349058e+001  -2.880517e+001  -3.208985e+001  -3.417404e+001  -3.548850e+001  -3.628232e+001  -3.671383e+001  -3.681443e+001  -3.640612e+001  -3.443335e+001  -3.198990e+001  -3.074882e+001  
-0.000000e+000  -3.893772e+000  -7.696694e+000  -1.129425e+001  -1.450747e+001  -1.699838e+001  -1.801747e+001  -1.566565e+001  -0.000000e+000  -2.507681e+001  -3.162572e+001  -3.458377e+001  -3.618786e+001  -3.710691e+001  -3.760596e+001  -3.782015e+001  -3.783251e+001  -3.742444e+001  -3.672759e+001  -3.450593e+001  -3.198804e+001  -3.073560e+001  
-0.000000e+000  -5.077108e+000  -1.015669e+001  -1.524758e+001  -2.038013e+001  -2.565444e+001  -3.140500e+001  -3.878300e+001  -5.186320e+001  -4.207680e+001  -4.043928e+001  -4.008716e+001  -3.992102e+001  -3.973937e+001  -3.950019e+001  -3.919784e+001  -3.883815e+001  -3.797700e+001  -3.702089e+001  -3.457168e+001  -3.198491e+001  -3.072201e+001  
-0.000000e+000  -6.255604e+000  -1.259720e+001  -1.913353e+001  -2.602994e+001  -3.357040e+001  -4.227484e+001  -5.309321e+001  -6.754264e+001  -5.447630e+001  -4.854203e+001  -4.550276e+001  -4.368050e+001  -4.242192e+001  -4.144759e+001  -4.062525e+001  -3.988766e+001  -3.855970e+001  -3.733277e+001  -3.464089e+001  -3.197972e+001  -3.070560e+001  
-0.000000e+000  -7.300142e+000  -1.473468e+001  -2.245996e+001  -3.068064e+001  -3.968340e+001  -4.987407e+001  -6.178946e+001  -7.598938e+001  -6.285710e+001  -5.502516e+001  -5.024854e+001  -4.713969e+001  -4.496200e+001  -4.332706e+001  -4.202248e+001  -4.092688e+001  -3.914505e+001  -3.764932e+001  -3.470998e+001  -3.197180e+001  -3.068621e+001  
-0.000000e+000  -8.135821e+000  -1.642052e+001  -2.501739e+001  -3.411832e+001  -4.395527e+001  -5.480175e+001  -6.694790e+001  -8.062580e+001  -6.826116e+001  -5.980066e+001  -5.407107e+001  -5.009178e+001  -4.721419e+001  -4.503832e+001  -4.331974e+001  -4.190676e+001  -3.970706e+001  -3.795689e+001  -3.477533e+001  -3.196049e+001  -3.066369e+001  
-0.000000e+000  -8.871260e+000  -1.787720e+001  -2.715786e+001  -3.686241e+001  -4.714898e+001  -5.817717e+001  -7.008929e+001  -8.297961e+001  -7.200508e+001  -6.370941e+001  -5.756769e+001  -5.300644e+001  -4.955957e+001  -4.688967e+001  -4.476347e+001  -4.302164e+001  -4.036280e+001  -3.832123e+001  -3.484876e+001  -3.193993e+001  -3.062984e+001  
-0.000000e+000  -9.258949e+000  -1.862460e+001  -2.820406e+001  -3.810417e+001  -4.842837e+001  -5.927020e+001  -7.070298e+001  -8.276701e+001  -7.328242e+001  -6.563914e+001  -5.962009e+001  -5.491183e+001  -5.121045e+001  -4.826397e+001  -4.587838e+001  -4.390935e+001  -4.090286e+001  -3.862648e+001  -3.490309e+001  -3.191123e+001  -3.059023e+001  
-0.000000e+000  -9.370390e+000  -1.881837e+001  -2.841998e+001  -3.824751e+001  -4.836639e+001  -5.883057e+001  -6.967700e+001  -8.091967e+001  -7.288172e+001  -6.608938e+001  -6.048335e+001  -5.591043e+001  -5.218879e+001  -4.914603e+001  -4.663505e+001  -4.453709e+001  -4.130111e+001  -3.885482e+001  -3.493229e+001  -3.187314e+001  -3.054460e+001  
-0.000000e+000  -9.280054e+000  -1.861259e+001  -2.804800e+001  -3.763224e+001  -4.740422e+001  -5.739274e+001  -6.761334e+001  -7.806530e+001  -7.136285e+001  -6.547224e+001  -6.041924e+001  -5.614930e+001  -5.256680e+001  -4.956388e+001  -4.703733e+001  -4.489642e+001  -4.154384e+001  -3.899429e+001  -3.493164e+001  -3.182464e+001  -3.049274e+001  
-0.000000e+000  -8.664759e+000  -1.734727e+001  -2.606378e+001  -3.482751e+001  -4.364713e+001  -5.252534e+001  -6.145745e+001  -7.043028e+001  -6.602243e+001  -6.189189e+001  -5.812201e+001  -5.474493e+001  -5.175694e+001  -4.913254e+001  -4.683516e+001  -4.482458e+001  -4.154584e+001  -3.898284e+001  -3.482638e+001  -3.169015e+001  -3.036659e+001  
-0.000000e+000  -7.846135e+000  -1.569151e+001  -2.353453e+001  -3.137193e+001  -3.919797e+001  -4.700380e+001  -5.477680e+001  -6.250010e+001  -5.978778e+001  -5.707488e+001  -5.444954e+001  -5.196955e+001  -4.966786e+001  -4.755851e+001  -4.564230e+001  -4.391144e+001  -4.096757e+001  -3.858518e+001  -3.457140e+001  -3.150574e+001  -3.021418e+001  
-0.000000e+000  -6.200252e+000  -1.239004e+001  -1.855869e+001  -2.469508e+001  -3.078750e+001  -3.682347e+001  -4.278959e+001  -4.867150e+001  -4.787556e+001  -4.692724e+001  -4.588099e+001  -4.478157e+001  -4.366442e+001  -4.255650e+001  -4.147749e+001  -4.044104e+001  -3.852250e+001  -3.683721e+001  -3.364684e+001  -3.099504e+001  -2.983784e+001  
-0.000000e+000  -4.762498e+000  -9.515398e+000  -1.424908e+001  -1.895390e+001  -2.362014e+001  -2.823806e+001  -3.279786e+001  -3.728969e+001  -3.745415e+001  -3.747464e+001  -3.737570e+001  -3.718014e+001  -3.690854e+001  -3.657910e+001  -3.620758e+001  -3.580742e+001  -3.495487e+001  -3.409927e+001  -3.214628e+001  -3.022906e+001  -2.931254e+001  
-0.000000e+000  -3.804163e+000  -7.601365e+000  -1.138466e+001  -1.514714e+001  -1.888193e+001  -2.258224e+001  -2.624135e+001  -2.985266e+001  -3.038681e+001  -3.081617e+001  -3.115045e+001  -3.139953e+001  -3.157318e+001  -3.168084e+001  -3.173152e+001  -3.173364e+001  -3.161556e+001  -3.138875e+001  -3.054375e+001  -2.939828e+001  -2.875410e+001  
-0.000000e+000  -3.460622e+000  -6.915394e+000  -1.035848e+001  -1.378409e+001  -1.718647e+001  -2.055997e+001  -2.389898e+001  -2.719806e+001  -2.782581e+001  -2.836583e+001  -2.882358e+001  -2.920497e+001  -2.951619e+001  -2.976359e+001  -2.995348e+001  -3.009211e+001  -3.023367e+001  -3.023944e+001  -2.983698e+001  -2.902461e+001  -2.850302e+001  
-0.000000e+000  -3.351883e+000  -6.698281e+000  -1.003372e+001  -1.335277e+001  -1.665006e+001  -1.992026e+001  -2.315816e+001  -2.635863e+001  -2.701096e+001  -2.758122e+001  -2.807369e+001  -2.849313e+001  -2.884468e+001  -2.913371e+001  -2.936571e+001  -2.954618e+001  -2.976882e+001  -2.984875e+001  -2.959236e+001  -2.889390e+001  -2.841508e+001  

