Port monitor named: Port1_e1.prt

nx        = 39
ny        = 4
nz        = 19

nu        = 17
nv        = 37
iu        = 2
iv        = 2

idir      = 1
dcut      = -4.860000e-002
icut      = 2
type      = 0
frequency = 2.400000e+009

fcutoff   = 0.000000e+000
alpha     = 0.000000e+000
beta      = 9.599588e+001
accuracy  = 2.526330e-010

type          = QTEM
wave imp.     = 2.479179e+002
wave imp.sig. = 2.340375e-008
line imp.     = 3.206876e+001

ref. port     = 0

-4.482965e+001  -4.443722e+001  -4.366586e+001  -4.254140e+001  -1.833977e+002  -1.804840e+002  -1.763695e+002  -1.711698e+002  -1.650177e+002  -1.580549e+002  -1.504252e+002  -1.422682e+002  -1.294381e+002  -1.114568e+002  -7.928866e+001  -2.754167e+001  -0.000000e+000  
-4.802683e+001  -4.752146e+001  -4.653376e+001  -4.510754e+001  -1.936975e+002  -1.901499e+002  -1.852251e+002  -1.790925e+002  -1.719380e+002  -1.639523e+002  -1.553206e+002  -1.462158e+002  -1.320814e+002  -1.127697e+002  -7.899634e+001  -2.703642e+001  -0.000000e+000  
-6.399496e+001  -6.279033e+001  -6.047121e+001  -5.720707e+001  -2.409758e+002  -2.338424e+002  -2.245078e+002  -2.134628e+002  -2.011920e+002  -1.881410e+002  -1.746957e+002  -1.611732e+002  -1.411445e+002  -1.162077e+002  -7.619702e+001  -2.448437e+001  -0.000000e+000  
-1.008194e+002  -9.724078e+001  -9.044495e+001  -8.110761e+001  -3.269028e+002  -3.094945e+002  -2.885671e+002  -2.655850e+002  -2.418047e+002  -2.182118e+002  -1.955154e+002  -1.741757e+002  -1.445868e+002  -1.121991e+002  -6.622773e+001  -1.936448e+001  -0.000000e+000  
-1.957295e+002  -1.838165e+002  -1.613994e+002  -1.311419e+002  -4.821877e+002  -4.341961e+002  -3.823361e+002  -3.308183e+002  -2.824969e+002  -2.389770e+002  -2.009069e+002  -1.682948e+002  -1.270124e+002  -8.899666e+001  -4.364810e+001  -1.073541e+001  -0.000000e+000  
-3.154212e+002  -2.907672e+002  -2.443290e+002  -1.818632e+002  -6.067617e+002  -5.177378e+002  -4.298098e+002  -3.499732e+002  -2.813775e+002  -2.245349e+002  -1.785325e+002  -1.418796e+002  -9.854354e+001  -6.304809e+001  -2.557351e+001  -4.965523e+000  -0.000000e+000  
-5.348808e+002  -4.858565e+002  -3.920676e+002  -2.640677e+002  -7.659645e+002  -6.000409e+002  -4.532062e+002  -3.345916e+002  -2.437758e+002  -1.762908e+002  -1.269376e+002  -9.117683e+001  -5.262722e+001  -2.586856e+001  -3.024843e+000  1.635281e+000  -0.000000e+000  
-6.817596e+002  -6.178067e+002  -4.923473e+002  -3.158869e+002  -8.359891e+002  -6.168054e+002  -4.372642e+002  -3.030362e+002  -2.071508e+002  -1.400344e+002  -9.344406e+001  -6.126645e+001  -2.822981e+001  -7.498662e+000  7.224840e+000  4.484980e+000  -0.000000e+000  
-8.719186e+002  -7.913894e+002  -6.271528e+002  -3.842166e+002  -9.029648e+002  -6.127608e+002  -3.973397e+002  -2.511381e+002  -1.552476e+002  -9.287163e+001  -5.228882e+001  -2.595534e+001  -7.264764e-001  1.253121e+001  1.796433e+001  7.394393e+000  -0.000000e+000  
-1.116573e+003  -1.021642e+003  -8.152632e+002  -4.813700e+002  -9.539601e+002  -5.690562e+002  -3.205806e+002  -1.724397e+002  -8.548264e+001  -3.408814e+001  -3.529224e+000  1.443975e+001  2.950919e+001  3.393682e+001  2.905754e+001  1.033166e+001  -0.000000e+000  
-1.425449e+003  -1.327354e+003  -1.089784e+003  -6.381338e+002  -9.575336e+002  -4.525952e+002  -1.902415e+002  -6.105161e+001  3.293873e+000  3.584569e+001  5.198053e+001  5.909488e+001  6.186708e+001  5.633038e+001  4.034373e+001  1.326170e+001  -0.000000e+000  
-1.702094e+003  -1.620198e+003  -1.392635e+003  -8.543267e+002  -8.723396e+002  -2.790313e+002  -4.488055e+001  4.586732e+001  8.148330e+001  9.439676e+001  9.704494e+001  9.464996e+001  8.710566e+001  7.354623e+001  4.885885e+001  1.544064e+001  -0.000000e+000  
-2.010128e+003  -1.969044e+003  -1.815199e+003  -1.266084e+003  -6.098373e+002  3.865403e+000  1.441621e+002  1.696063e+002  1.666251e+002  1.561155e+002  1.436867e+002  1.310474e+002  1.126473e+002  9.082139e+001  5.729821e+001  1.757744e+001  -0.000000e+000  
-2.333770e+003  -2.361155e+003  -2.390035e+003  -2.158873e+003  8.133305e+001  4.310290e+002  3.682650e+002  3.020784e+002  2.541308e+002  2.184843e+002  1.904527e+002  1.673861e+002  1.380297e+002  1.079132e+002  6.557653e+001  1.965515e+001  -0.000000e+000  
-2.646565e+003  -2.752403e+003  -3.064904e+003  -4.065720e+003  2.409875e+003  9.840653e+002  5.935647e+002  4.291185e+002  3.379940e+002  2.786238e+002  2.357853e+002  2.027295e+002  1.627823e+002  1.245763e+002  7.360785e+001  2.165681e+001  -0.000000e+000  
-3.002797e+003  -3.152807e+003  -3.553579e+003  -4.530783e+003  2.204120e+003  1.230951e+003  7.885209e+002  5.651852e+002  4.358690e+002  3.518401e+002  2.922821e+002  2.473686e+002  1.944127e+002  1.459635e+002  8.390006e+001  2.420597e+001  -0.000000e+000  
-3.253405e+003  -3.377056e+003  -3.638130e+003  -3.994556e+003  1.585002e+003  1.185418e+003  8.629757e+002  6.497132e+002  5.090430e+002  4.117975e+002  3.409059e+002  2.868838e+002  2.231286e+002  1.656072e+002  9.339334e+001  2.654751e+001  -0.000000e+000  
-3.492923e+003  -3.534862e+003  -3.604686e+003  -3.667684e+003  1.068721e+003  9.691315e+002  8.328083e+002  6.998756e+002  5.845424e+002  4.889490e+002  4.109561e+002  3.474667e+002  2.696736e+002  1.983227e+002  1.094449e+002  3.049781e+001  -0.000000e+000  
-3.570131e+003  -3.578168e+003  -3.590220e+003  -3.599436e+003  8.274060e+002  7.950486e+002  7.376555e+002  6.669938e+002  5.923118e+002  5.196079e+002  4.522175e+002  3.916395e+002  3.115220e+002  2.315286e+002  1.273718e+002  3.499628e+001  -0.000000e+000  
-3.492923e+003  -3.534862e+003  -3.604686e+003  -3.667684e+003  1.068721e+003  9.691315e+002  8.328083e+002  6.998756e+002  5.845424e+002  4.889490e+002  4.109561e+002  3.474667e+002  2.696736e+002  1.983227e+002  1.094449e+002  3.049781e+001  -0.000000e+000  
-3.253405e+003  -3.377056e+003  -3.638130e+003  -3.994556e+003  1.585002e+003  1.185418e+003  8.629757e+002  6.497132e+002  5.090430e+002  4.117975e+002  3.409059e+002  2.868838e+002  2.231286e+002  1.656072e+002  9.339334e+001  2.654751e+001  -0.000000e+000  
-3.002797e+003  -3.152807e+003  -3.553579e+003  -4.530783e+003  2.204120e+003  1.230951e+003  7.885209e+002  5.651852e+002  4.358690e+002  3.518401e+002  2.922821e+002  2.473686e+002  1.944127e+002  1.459635e+002  8.390006e+001  2.420597e+001  -0.000000e+000  
-2.646565e+003  -2.752403e+003  -3.064904e+003  -4.065720e+003  2.409875e+003  9.840653e+002  5.935647e+002  4.291185e+002  3.379940e+002  2.786238e+002  2.357853e+002  2.027295e+002  1.627823e+002  1.245763e+002  7.360785e+001  2.165681e+001  -0.000000e+000  
-2.333770e+003  -2.361155e+003  -2.390035e+003  -2.158873e+003  8.133305e+001  4.310290e+002  3.682650e+002  3.020784e+002  2.541308e+002  2.184843e+002  1.904527e+002  1.673861e+002  1.380297e+002  1.079132e+002  6.557653e+001  1.965515e+001  -0.000000e+000  
-2.010128e+003  -1.969044e+003  -1.815199e+003  -1.266084e+003  -6.098373e+002  3.865403e+000  1.441621e+002  1.696063e+002  1.666251e+002  1.561155e+002  1.436867e+002  1.310474e+002  1.126473e+002  9.082139e+001  5.729821e+001  1.757744e+001  -0.000000e+000  
-1.702094e+003  -1.620198e+003  -1.392635e+003  -8.543267e+002  -8.723396e+002  -2.790313e+002  -4.488055e+001  4.586732e+001  8.148330e+001  9.439676e+001  9.704494e+001  9.464996e+001  8.710566e+001  7.354623e+001  4.885885e+001  1.544064e+001  -0.000000e+000  
-1.425449e+003  -1.327354e+003  -1.089784e+003  -6.381338e+002  -9.575336e+002  -4.525952e+002  -1.902415e+002  -6.105161e+001  3.293873e+000  3.584569e+001  5.198053e+001  5.909488e+001  6.186708e+001  5.633038e+001  4.034373e+001  1.326170e+001  -0.000000e+000  
-1.116573e+003  -1.021642e+003  -8.152632e+002  -4.813700e+002  -9.539601e+002  -5.690562e+002  -3.205806e+002  -1.724397e+002  -8.548264e+001  -3.408814e+001  -3.529224e+000  1.443975e+001  2.950919e+001  3.393682e+001  2.905754e+001  1.033166e+001  -0.000000e+000  
-8.719186e+002  -7.913894e+002  -6.271528e+002  -3.842166e+002  -9.029648e+002  -6.127608e+002  -3.973397e+002  -2.511381e+002  -1.552476e+002  -9.287163e+001  -5.228882e+001  -2.595534e+001  -7.264764e-001  1.253121e+001  1.796433e+001  7.394393e+000  -0.000000e+000  
-6.817596e+002  -6.178067e+002  -4.923473e+002  -3.158869e+002  -8.359891e+002  -6.168054e+002  -4.372642e+002  -3.030362e+002  -2.071508e+002  -1.400344e+002  -9.344406e+001  -6.126645e+001  -2.822981e+001  -7.498662e+000  7.224840e+000  4.484980e+000  -0.000000e+000  
-5.348808e+002  -4.858565e+002  -3.920676e+002  -2.640677e+002  -7.659645e+002  -6.000409e+002  -4.532062e+002  -3.345916e+002  -2.437758e+002  -1.762908e+002  -1.269376e+002  -9.117683e+001  -5.262722e+001  -2.586856e+001  -3.024843e+000  1.635281e+000  -0.000000e+000  
-3.154212e+002  -2.907672e+002  -2.443290e+002  -1.818632e+002  -6.067617e+002  -5.177378e+002  -4.298098e+002  -3.499732e+002  -2.813775e+002  -2.245349e+002  -1.785325e+002  -1.418796e+002  -9.854354e+001  -6.304809e+001  -2.557351e+001  -4.965523e+000  -0.000000e+000  
-1.957295e+002  -1.838165e+002  -1.613994e+002  -1.311419e+002  -4.821877e+002  -4.341961e+002  -3.823361e+002  -3.308183e+002  -2.824969e+002  -2.389770e+002  -2.009069e+002  -1.682948e+002  -1.270124e+002  -8.899666e+001  -4.364810e+001  -1.073541e+001  -0.000000e+000  
-1.008194e+002  -9.724078e+001  -9.044495e+001  -8.110761e+001  -3.269028e+002  -3.094945e+002  -2.885671e+002  -2.655850e+002  -2.418047e+002  -2.182118e+002  -1.955154e+002  -1.741757e+002  -1.445868e+002  -1.121991e+002  -6.622773e+001  -1.936448e+001  -0.000000e+000  
-6.399496e+001  -6.279033e+001  -6.047121e+001  -5.720707e+001  -2.409758e+002  -2.338424e+002  -2.245078e+002  -2.134628e+002  -2.011920e+002  -1.881410e+002  -1.746957e+002  -1.611732e+002  -1.411445e+002  -1.162077e+002  -7.619702e+001  -2.448437e+001  -0.000000e+000  
-4.802683e+001  -4.752146e+001  -4.653376e+001  -4.510754e+001  -1.936975e+002  -1.901499e+002  -1.852251e+002  -1.790925e+002  -1.719380e+002  -1.639523e+002  -1.553206e+002  -1.462158e+002  -1.320814e+002  -1.127697e+002  -7.899634e+001  -2.703642e+001  -0.000000e+000  
-4.482965e+001  -4.443722e+001  -4.366586e+001  -4.254140e+001  -1.833977e+002  -1.804840e+002  -1.763695e+002  -1.711698e+002  -1.650177e+002  -1.580549e+002  -1.504252e+002  -1.422682e+002  -1.294381e+002  -1.114568e+002  -7.928866e+001  -2.754167e+001  -0.000000e+000  

-0.000000e+000  -3.077039e-001  -5.905475e-001  -8.259712e-001  -9.957397e-001  -3.316645e+000  -5.481169e+000  -7.443091e+000  -9.170538e+000  -1.064586e+001  -1.186439e+001  -1.283258e+001  -1.356561e+001  -1.439090e+001  -1.458370e+001  -1.325340e+001  -1.178132e+001  
-0.000000e+000  -1.480095e+000  -2.835010e+000  -3.952376e+000  -4.743809e+000  -1.327456e+001  -2.109269e+001  -2.802735e+001  -3.397569e+001  -3.889796e+001  -4.280813e+001  -4.576227e+001  -4.784658e+001  -4.972110e+001  -4.949078e+001  -4.343621e+001  -3.792699e+001  
-0.000000e+000  -5.744893e+000  -1.094786e+001  -1.513086e+001  -1.793515e+001  -3.761355e+001  -5.470521e+001  -6.887432e+001  -8.003913e+001  -8.831881e+001  -9.397253e+001  -9.734229e+001  -9.880584e+001  -9.715035e+001  -9.214530e+001  -7.383925e+001  -6.153047e+001  
-0.000000e+000  -1.901815e+001  -3.600409e+001  -4.918482e+001  -5.727924e+001  -9.574761e+001  -1.259862e+002  -1.479163e+002  -1.622128e+002  -1.699860e+002  -1.725123e+002  -1.710468e+002  -1.667160e+002  -1.523121e+002  -1.356617e+002  -9.762237e+001  -7.712459e+001  
-0.000000e+000  -5.367850e+001  -1.010502e+002  -1.365371e+002  -1.561035e+002  -2.195938e+002  -2.606121e+002  -2.819456e+002  -2.879187e+002  -2.830082e+002  -2.710721e+002  -2.550925e+002  -2.372127e+002  -2.001386e+002  -1.669620e+002  -1.089767e+002  -8.222893e+001  
-0.000000e+000  -1.022458e+002  -1.923932e+002  -2.590416e+002  -2.931870e+002  -3.749032e+002  -4.143136e+002  -4.214656e+002  -4.075721e+002  -3.818369e+002  -3.506762e+002  -3.181119e+002  -2.864655e+002  -2.296442e+002  -1.837773e+002  -1.129911e+002  -8.282592e+001  
-0.000000e+000  -1.709907e+002  -3.238163e+002  -4.381247e+002  -4.935336e+002  -5.811065e+002  -5.967924e+002  -5.686279e+002  -5.198902e+002  -4.649010e+002  -4.110096e+002  -3.614140e+002  -3.171705e+002  -2.449488e+002  -1.904383e+002  -1.126045e+002  -8.099793e+001  
-0.000000e+000  -2.231854e+002  -4.261737e+002  -5.819576e+002  -6.568934e+002  -7.397632e+002  -7.266540e+002  -6.654876e+002  -5.888104e+002  -5.128611e+002  -4.440227e+002  -3.839399e+002  -3.323156e+002  -2.516362e+002  -1.926346e+002  -1.115147e+002  -7.937383e+001  
-0.000000e+000  -2.890469e+002  -5.604932e+002  -7.805638e+002  -8.899511e+002  -9.504433e+002  -8.828261e+002  -7.711562e+002  -6.577732e+002  -5.573843e+002  -4.726663e+002  -4.022112e+002  -3.436700e+002  -2.556018e+002  -1.929210e+002  -1.095094e+002  -7.717479e+001  
-0.000000e+000  -3.667981e+002  -7.295784e+002  -1.054160e+003  -1.235353e+003  -1.230535e+003  -1.063276e+003  -8.783106e+002  -7.202501e+002  -5.939123e+002  -4.940073e+002  -4.143882e+002  -3.500898e+002  -2.563511e+002  -1.910875e+002  -1.065506e+002  -7.439538e+001  
-0.000000e+000  -4.373007e+002  -9.004546e+002  -1.379250e+003  -1.717820e+003  -1.553336e+003  -1.230522e+003  -9.601849e+002  -7.605794e+002  -6.138938e+002  -5.034985e+002  -4.181275e+002  -3.504801e+002  -2.538254e+002  -1.874775e+002  -1.030995e+002  -7.145056e+001  
-0.000000e+000  -4.878779e+002  -1.041196e+003  -1.712627e+003  -2.365714e+003  -1.879714e+003  -1.358808e+003  -1.009410e+003  -7.794374e+002  -6.202672e+002  -5.042416e+002  -4.161153e+002  -3.470370e+002  -2.494515e+002  -1.830262e+002  -9.957476e+001  -6.859474e+001  
-0.000000e+000  -5.131503e+002  -1.136245e+003  -2.052875e+003  -3.480201e+003  -2.217513e+003  -1.435396e+003  -1.022664e+003  -7.770446e+002  -6.137521e+002  -4.966934e+002  -4.084723e+002  -3.396178e+002  -2.428078e+002  -1.772059e+002  -9.549473e+001  -6.542076e+001  
-0.000000e+000  -4.959455e+002  -1.117916e+003  -2.195854e+003  -5.633703e+003  -2.409791e+003  -1.400018e+003  -9.854194e+002  -7.498884e+002  -5.934040e+002  -4.805647e+002  -3.950983e+002  -3.281858e+002  -2.338880e+002  -1.700203e+002  -9.086847e+001  -6.193743e+001  
-0.000000e+000  -4.186392e+002  -8.898440e+002  -1.466064e+003  -0.000000e+000  -1.485637e+003  -1.146373e+003  -8.781702e+002  -6.901262e+002  -5.542126e+002  -4.520873e+002  -3.729648e+002  -3.102215e+002  -2.208160e+002  -1.600198e+002  -8.481687e+001  -5.750049e+001  
-0.000000e+000  -2.930370e+002  -5.543953e+002  -6.484362e+002  -0.000000e+000  -7.617219e+002  -8.168415e+002  -7.114334e+002  -5.932429e+002  -4.909746e+002  -4.070304e+002  -3.387903e+002  -2.831900e+002  -2.020267e+002  -1.462273e+002  -7.695256e+001  -5.189685e+001  
-0.000000e+000  -1.377874e+002  -2.266555e+002  -2.010792e+002  -0.000000e+000  -3.157073e+002  -4.565636e+002  -4.727348e+002  -4.353912e+002  -3.814836e+002  -3.268875e+002  -2.774343e+002  -2.346637e+002  -1.688150e+002  -1.223634e+002  -6.388368e+001  -4.278723e+001  
-0.000000e+000  -1.651311e+001  -2.476290e+001  -1.893379e+001  -0.000000e+000  -5.933658e+001  -1.053145e+002  -1.297847e+002  -1.373382e+002  -1.339066e+002  -1.243531e+002  -1.120343e+002  -9.904432e+001  -7.467685e+001  -5.539203e+001  -2.882187e+001  -1.906786e+001  
-0.000000e+000  1.651311e+001  2.476290e+001  1.893379e+001  -0.000000e+000  5.933658e+001  1.053145e+002  1.297847e+002  1.373382e+002  1.339066e+002  1.243531e+002  1.120343e+002  9.904432e+001  7.467685e+001  5.539203e+001  2.882187e+001  1.906786e+001  
-0.000000e+000  1.377874e+002  2.266555e+002  2.010792e+002  -0.000000e+000  3.157073e+002  4.565636e+002  4.727348e+002  4.353912e+002  3.814836e+002  3.268875e+002  2.774343e+002  2.346637e+002  1.688150e+002  1.223634e+002  6.388368e+001  4.278723e+001  
-0.000000e+000  2.930370e+002  5.543953e+002  6.484362e+002  -0.000000e+000  7.617219e+002  8.168415e+002  7.114334e+002  5.932429e+002  4.909746e+002  4.070304e+002  3.387903e+002  2.831900e+002  2.020267e+002  1.462273e+002  7.695256e+001  5.189685e+001  
-0.000000e+000  4.186392e+002  8.898440e+002  1.466064e+003  -0.000000e+000  1.485637e+003  1.146373e+003  8.781702e+002  6.901262e+002  5.542126e+002  4.520873e+002  3.729648e+002  3.102215e+002  2.208160e+002  1.600198e+002  8.481687e+001  5.750049e+001  
-0.000000e+000  4.959455e+002  1.117916e+003  2.195854e+003  5.633703e+003  2.409791e+003  1.400018e+003  9.854194e+002  7.498884e+002  5.934040e+002  4.805647e+002  3.950983e+002  3.281858e+002  2.338880e+002  1.700203e+002  9.086847e+001  6.193743e+001  
-0.000000e+000  5.131503e+002  1.136245e+003  2.052875e+003  3.480201e+003  2.217513e+003  1.435396e+003  1.022664e+003  7.770446e+002  6.137521e+002  4.966934e+002  4.084723e+002  3.396178e+002  2.428078e+002  1.772059e+002  9.549473e+001  6.542076e+001  
-0.000000e+000  4.878779e+002  1.041196e+003  1.712627e+003  2.365714e+003  1.879714e+003  1.358808e+003  1.009410e+003  7.794374e+002  6.202672e+002  5.042416e+002  4.161153e+002  3.470370e+002  2.494515e+002  1.830262e+002  9.957476e+001  6.859474e+001  
-0.000000e+000  4.373007e+002  9.004546e+002  1.379250e+003  1.717820e+003  1.553336e+003  1.230522e+003  9.601849e+002  7.605794e+002  6.138938e+002  5.034985e+002  4.181275e+002  3.504801e+002  2.538254e+002  1.874775e+002  1.030995e+002  7.145056e+001  
-0.000000e+000  3.667981e+002  7.295784e+002  1.054160e+003  1.235353e+003  1.230535e+003  1.063276e+003  8.783106e+002  7.202501e+002  5.939123e+002  4.940073e+002  4.143882e+002  3.500898e+002  2.563511e+002  1.910875e+002  1.065506e+002  7.439538e+001  
-0.000000e+000  2.890469e+002  5.604932e+002  7.805638e+002  8.899511e+002  9.504433e+002  8.828261e+002  7.711562e+002  6.577732e+002  5.573843e+002  4.726663e+002  4.022112e+002  3.436700e+002  2.556018e+002  1.929210e+002  1.095094e+002  7.717479e+001  
-0.000000e+000  2.231854e+002  4.261737e+002  5.819576e+002  6.568934e+002  7.397632e+002  7.266540e+002  6.654876e+002  5.888104e+002  5.128611e+002  4.440227e+002  3.839399e+002  3.323156e+002  2.516362e+002  1.926346e+002  1.115147e+002  7.937383e+001  
-0.000000e+000  1.709907e+002  3.238163e+002  4.381247e+002  4.935336e+002  5.811065e+002  5.967924e+002  5.686279e+002  5.198902e+002  4.649010e+002  4.110096e+002  3.614140e+002  3.171705e+002  2.449488e+002  1.904383e+002  1.126045e+002  8.099793e+001  
-0.000000e+000  1.022458e+002  1.923932e+002  2.590416e+002  2.931870e+002  3.749032e+002  4.143136e+002  4.214656e+002  4.075721e+002  3.818369e+002  3.506762e+002  3.181119e+002  2.864655e+002  2.296442e+002  1.837773e+002  1.129911e+002  8.282592e+001  
-0.000000e+000  5.367850e+001  1.010502e+002  1.365371e+002  1.561035e+002  2.195938e+002  2.606121e+002  2.819456e+002  2.879187e+002  2.830082e+002  2.710721e+002  2.550925e+002  2.372127e+002  2.001386e+002  1.669620e+002  1.089767e+002  8.222893e+001  
-0.000000e+000  1.901815e+001  3.600409e+001  4.918482e+001  5.727924e+001  9.574761e+001  1.259862e+002  1.479163e+002  1.622128e+002  1.699860e+002  1.725123e+002  1.710468e+002  1.667160e+002  1.523121e+002  1.356617e+002  9.762237e+001  7.712459e+001  
-0.000000e+000  5.744893e+000  1.094786e+001  1.513086e+001  1.793515e+001  3.761355e+001  5.470521e+001  6.887432e+001  8.003913e+001  8.831881e+001  9.397253e+001  9.734229e+001  9.880584e+001  9.715035e+001  9.214530e+001  7.383925e+001  6.153047e+001  
-0.000000e+000  1.480095e+000  2.835010e+000  3.952376e+000  4.743809e+000  1.327456e+001  2.109269e+001  2.802735e+001  3.397569e+001  3.889796e+001  4.280813e+001  4.576227e+001  4.784658e+001  4.972110e+001  4.949078e+001  4.343621e+001  3.792699e+001  
-0.000000e+000  3.077039e-001  5.905475e-001  8.259712e-001  9.957397e-001  3.316645e+000  5.481169e+000  7.443091e+000  9.170538e+000  1.064586e+001  1.186439e+001  1.283258e+001  1.356561e+001  1.439090e+001  1.458370e+001  1.325340e+001  1.178132e+001  
-0.000000e+000  -0.000000e+000  -0.000000e+000  -0.000000e+000  -0.000000e+000  -0.000000e+000  -0.000000e+000  -0.000000e+000  -0.000000e+000  -0.000000e+000  -0.000000e+000  -0.000000e+000  -0.000000e+000  -0.000000e+000  -0.000000e+000  -0.000000e+000  -0.000000e+000  

0.000000e+000  0.000000e+000  0.000000e+000  0.000000e+000  0.000000e+000  0.000000e+000  0.000000e+000  0.000000e+000  0.000000e+000  0.000000e+000  0.000000e+000  0.000000e+000  0.000000e+000  0.000000e+000  0.000000e+000  0.000000e+000  0.000000e+000  
0.000000e+000  0.000000e+000  0.000000e+000  0.000000e+000  0.000000e+000  0.000000e+000  0.000000e+000  0.000000e+000  0.000000e+000  0.000000e+000  0.000000e+000  0.000000e+000  0.000000e+000  0.000000e+000  0.000000e+000  0.000000e+000  0.000000e+000  
0.000000e+000  0.000000e+000  0.000000e+000  0.000000e+000  0.000000e+000  0.000000e+000  0.000000e+000  0.000000e+000  0.000000e+000  0.000000e+000  0.000000e+000  0.000000e+000  0.000000e+000  0.000000e+000  0.000000e+000  0.000000e+000  0.000000e+000  
0.000000e+000  0.000000e+000  0.000000e+000  0.000000e+000  0.000000e+000  0.000000e+000  0.000000e+000  0.000000e+000  0.000000e+000  0.000000e+000  0.000000e+000  0.000000e+000  0.000000e+000  0.000000e+000  0.000000e+000  0.000000e+000  0.000000e+000  
0.000000e+000  0.000000e+000  0.000000e+000  0.000000e+000  0.000000e+000  0.000000e+000  0.000000e+000  0.000000e+000  0.000000e+000  0.000000e+000  0.000000e+000  0.000000e+000  0.000000e+000  0.000000e+000  0.000000e+000  0.000000e+000  0.000000e+000  
0.000000e+000  0.000000e+000  0.000000e+000  0.000000e+000  0.000000e+000  0.000000e+000  0.000000e+000  0.000000e+000  0.000000e+000  0.000000e+000  0.000000e+000  0.000000e+000  0.000000e+000  0.000000e+000  0.000000e+000  0.000000e+000  0.000000e+000  
0.000000e+000  0.000000e+000  0.000000e+000  0.000000e+000  0.000000e+000  0.000000e+000  0.000000e+000  0.000000e+000  0.000000e+000  0.000000e+000  0.000000e+000  0.000000e+000  0.000000e+000  0.000000e+000  0.000000e+000  0.000000e+000  0.000000e+000  
0.000000e+000  0.000000e+000  0.000000e+000  0.000000e+000  0.000000e+000  0.000000e+000  0.000000e+000  0.000000e+000  0.000000e+000  0.000000e+000  0.000000e+000  0.000000e+000  0.000000e+000  0.000000e+000  0.000000e+000  0.000000e+000  0.000000e+000  
0.000000e+000  0.000000e+000  0.000000e+000  0.000000e+000  0.000000e+000  0.000000e+000  0.000000e+000  0.000000e+000  0.000000e+000  0.000000e+000  0.000000e+000  0.000000e+000  0.000000e+000  0.000000e+000  0.000000e+000  0.000000e+000  0.000000e+000  
0.000000e+000  0.000000e+000  0.000000e+000  0.000000e+000  0.000000e+000  0.000000e+000  0.000000e+000  0.000000e+000  0.000000e+000  0.000000e+000  0.000000e+000  0.000000e+000  0.000000e+000  0.000000e+000  0.000000e+000  0.000000e+000  0.000000e+000  
0.000000e+000  0.000000e+000  0.000000e+000  0.000000e+000  0.000000e+000  0.000000e+000  0.000000e+000  0.000000e+000  0.000000e+000  0.000000e+000  0.000000e+000  0.000000e+000  0.000000e+000  0.000000e+000  0.000000e+000  0.000000e+000  0.000000e+000  
0.000000e+000  0.000000e+000  0.000000e+000  0.000000e+000  0.000000e+000  0.000000e+000  0.000000e+000  0.000000e+000  0.000000e+000  0.000000e+000  0.000000e+000  0.000000e+000  0.000000e+000  0.000000e+000  0.000000e+000  0.000000e+000  0.000000e+000  
0.000000e+000  0.000000e+000  0.000000e+000  0.000000e+000  0.000000e+000  0.000000e+000  0.000000e+000  0.000000e+000  0.000000e+000  0.000000e+000  0.000000e+000  0.000000e+000  0.000000e+000  0.000000e+000  0.000000e+000  0.000000e+000  0.000000e+000  
0.000000e+000  0.000000e+000  0.000000e+000  0.000000e+000  0.000000e+000  0.000000e+000  0.000000e+000  0.000000e+000  0.000000e+000  0.000000e+000  0.000000e+000  0.000000e+000  0.000000e+000  0.000000e+000  0.000000e+000  0.000000e+000  0.000000e+000  
0.000000e+000  0.000000e+000  0.000000e+000  0.000000e+000  0.000000e+000  0.000000e+000  0.000000e+000  0.000000e+000  0.000000e+000  0.000000e+000  0.000000e+000  0.000000e+000  0.000000e+000  0.000000e+000  0.000000e+000  0.000000e+000  0.000000e+000  
0.000000e+000  0.000000e+000  0.000000e+000  0.000000e+000  0.000000e+000  0.000000e+000  0.000000e+000  0.000000e+000  0.000000e+000  0.000000e+000  0.000000e+000  0.000000e+000  0.000000e+000  0.000000e+000  0.000000e+000  0.000000e+000  0.000000e+000  
0.000000e+000  0.000000e+000  0.000000e+000  0.000000e+000  0.000000e+000  0.000000e+000  0.000000e+000  0.000000e+000  0.000000e+000  0.000000e+000  0.000000e+000  0.000000e+000  0.000000e+000  0.000000e+000  0.000000e+000  0.000000e+000  0.000000e+000  
0.000000e+000  0.000000e+000  0.000000e+000  0.000000e+000  0.000000e+000  0.000000e+000  0.000000e+000  0.000000e+000  0.000000e+000  0.000000e+000  0.000000e+000  0.000000e+000  0.000000e+000  0.000000e+000  0.000000e+000  0.000000e+000  0.000000e+000  
0.000000e+000  0.000000e+000  0.000000e+000  0.000000e+000  0.000000e+000  0.000000e+000  0.000000e+000  0.000000e+000  0.000000e+000  0.000000e+000  0.000000e+000  0.000000e+000  0.000000e+000  0.000000e+000  0.000000e+000  0.000000e+000  0.000000e+000  
0.000000e+000  0.000000e+000  0.000000e+000  0.000000e+000  0.000000e+000  0.000000e+000  0.000000e+000  0.000000e+000  0.000000e+000  0.000000e+000  0.000000e+000  0.000000e+000  0.000000e+000  0.000000e+000  0.000000e+000  0.000000e+000  0.000000e+000  
0.000000e+000  0.000000e+000  0.000000e+000  0.000000e+000  0.000000e+000  0.000000e+000  0.000000e+000  0.000000e+000  0.000000e+000  0.000000e+000  0.000000e+000  0.000000e+000  0.000000e+000  0.000000e+000  0.000000e+000  0.000000e+000  0.000000e+000  
0.000000e+000  0.000000e+000  0.000000e+000  0.000000e+000  0.000000e+000  0.000000e+000  0.000000e+000  0.000000e+000  0.000000e+000  0.000000e+000  0.000000e+000  0.000000e+000  0.000000e+000  0.000000e+000  0.000000e+000  0.000000e+000  0.000000e+000  
0.000000e+000  0.000000e+000  0.000000e+000  0.000000e+000  0.000000e+000  0.000000e+000  0.000000e+000  0.000000e+000  0.000000e+000  0.000000e+000  0.000000e+000  0.000000e+000  0.000000e+000  0.000000e+000  0.000000e+000  0.000000e+000  0.000000e+000  
0.000000e+000  0.000000e+000  0.000000e+000  0.000000e+000  0.000000e+000  0.000000e+000  0.000000e+000  0.000000e+000  0.000000e+000  0.000000e+000  0.000000e+000  0.000000e+000  0.000000e+000  0.000000e+000  0.000000e+000  0.000000e+000  0.000000e+000  
0.000000e+000  0.000000e+000  0.000000e+000  0.000000e+000  0.000000e+000  0.000000e+000  0.000000e+000  0.000000e+000  0.000000e+000  0.000000e+000  0.000000e+000  0.000000e+000  0.000000e+000  0.000000e+000  0.000000e+000  0.000000e+000  0.000000e+000  
0.000000e+000  0.000000e+000  0.000000e+000  0.000000e+000  0.000000e+000  0.000000e+000  0.000000e+000  0.000000e+000  0.000000e+000  0.000000e+000  0.000000e+000  0.000000e+000  0.000000e+000  0.000000e+000  0.000000e+000  0.000000e+000  0.000000e+000  
0.000000e+000  0.000000e+000  0.000000e+000  0.000000e+000  0.000000e+000  0.000000e+000  0.000000e+000  0.000000e+000  0.000000e+000  0.000000e+000  0.000000e+000  0.000000e+000  0.000000e+000  0.000000e+000  0.000000e+000  0.000000e+000  0.000000e+000  
0.000000e+000  0.000000e+000  0.000000e+000  0.000000e+000  0.000000e+000  0.000000e+000  0.000000e+000  0.000000e+000  0.000000e+000  0.000000e+000  0.000000e+000  0.000000e+000  0.000000e+000  0.000000e+000  0.000000e+000  0.000000e+000  0.000000e+000  
0.000000e+000  0.000000e+000  0.000000e+000  0.000000e+000  0.000000e+000  0.000000e+000  0.000000e+000  0.000000e+000  0.000000e+000  0.000000e+000  0.000000e+000  0.000000e+000  0.000000e+000  0.000000e+000  0.000000e+000  0.000000e+000  0.000000e+000  
0.000000e+000  0.000000e+000  0.000000e+000  0.000000e+000  0.000000e+000  0.000000e+000  0.000000e+000  0.000000e+000  0.000000e+000  0.000000e+000  0.000000e+000  0.000000e+000  0.000000e+000  0.000000e+000  0.000000e+000  0.000000e+000  0.000000e+000  
0.000000e+000  0.000000e+000  0.000000e+000  0.000000e+000  0.000000e+000  0.000000e+000  0.000000e+000  0.000000e+000  0.000000e+000  0.000000e+000  0.000000e+000  0.000000e+000  0.000000e+000  0.000000e+000  0.000000e+000  0.000000e+000  0.000000e+000  
0.000000e+000  0.000000e+000  0.000000e+000  0.000000e+000  0.000000e+000  0.000000e+000  0.000000e+000  0.000000e+000  0.000000e+000  0.000000e+000  0.000000e+000  0.000000e+000  0.000000e+000  0.000000e+000  0.000000e+000  0.000000e+000  0.000000e+000  
0.000000e+000  0.000000e+000  0.000000e+000  0.000000e+000  0.000000e+000  0.000000e+000  0.000000e+000  0.000000e+000  0.000000e+000  0.000000e+000  0.000000e+000  0.000000e+000  0.000000e+000  0.000000e+000  0.000000e+000  0.000000e+000  0.000000e+000  
0.000000e+000  0.000000e+000  0.000000e+000  0.000000e+000  0.000000e+000  0.000000e+000  0.000000e+000  0.000000e+000  0.000000e+000  0.000000e+000  0.000000e+000  0.000000e+000  0.000000e+000  0.000000e+000  0.000000e+000  0.000000e+000  0.000000e+000  
0.000000e+000  0.000000e+000  0.000000e+000  0.000000e+000  0.000000e+000  0.000000e+000  0.000000e+000  0.000000e+000  0.000000e+000  0.000000e+000  0.000000e+000  0.000000e+000  0.000000e+000  0.000000e+000  0.000000e+000  0.000000e+000  0.000000e+000  
0.000000e+000  0.000000e+000  0.000000e+000  0.000000e+000  0.000000e+000  0.000000e+000  0.000000e+000  0.000000e+000  0.000000e+000  0.000000e+000  0.000000e+000  0.000000e+000  0.000000e+000  0.000000e+000  0.000000e+000  0.000000e+000  0.000000e+000  
0.000000e+000  0.000000e+000  0.000000e+000  0.000000e+000  0.000000e+000  0.000000e+000  0.000000e+000  0.000000e+000  0.000000e+000  0.000000e+000  0.000000e+000  0.000000e+000  0.000000e+000  0.000000e+000  0.000000e+000  0.000000e+000  0.000000e+000  

0.000000e+000  0.000000e+000  0.000000e+000  0.000000e+000  0.000000e+000  0.000000e+000  0.000000e+000  0.000000e+000  0.000000e+000  0.000000e+000  0.000000e+000  0.000000e+000  0.000000e+000  0.000000e+000  0.000000e+000  0.000000e+000  0.000000e+000  
0.000000e+000  0.000000e+000  0.000000e+000  0.000000e+000  0.000000e+000  0.000000e+000  0.000000e+000  0.000000e+000  0.000000e+000  0.000000e+000  0.000000e+000  0.000000e+000  0.000000e+000  0.000000e+000  0.000000e+000  0.000000e+000  0.000000e+000  
0.000000e+000  0.000000e+000  0.000000e+000  0.000000e+000  0.000000e+000  0.000000e+000  0.000000e+000  0.000000e+000  0.000000e+000  0.000000e+000  0.000000e+000  0.000000e+000  0.000000e+000  0.000000e+000  0.000000e+000  0.000000e+000  0.000000e+000  
0.000000e+000  0.000000e+000  0.000000e+000  0.000000e+000  0.000000e+000  0.000000e+000  0.000000e+000  0.000000e+000  0.000000e+000  0.000000e+000  0.000000e+000  0.000000e+000  0.000000e+000  0.000000e+000  0.000000e+000  0.000000e+000  0.000000e+000  
0.000000e+000  0.000000e+000  0.000000e+000  0.000000e+000  0.000000e+000  0.000000e+000  0.000000e+000  0.000000e+000  0.000000e+000  0.000000e+000  0.000000e+000  0.000000e+000  0.000000e+000  0.000000e+000  0.000000e+000  0.000000e+000  0.000000e+000  
0.000000e+000  0.000000e+000  0.000000e+000  0.000000e+000  0.000000e+000  0.000000e+000  0.000000e+000  0.000000e+000  0.000000e+000  0.000000e+000  0.000000e+000  0.000000e+000  0.000000e+000  0.000000e+000  0.000000e+000  0.000000e+000  0.000000e+000  
0.000000e+000  0.000000e+000  0.000000e+000  0.000000e+000  0.000000e+000  0.000000e+000  0.000000e+000  0.000000e+000  0.000000e+000  0.000000e+000  0.000000e+000  0.000000e+000  0.000000e+000  0.000000e+000  0.000000e+000  0.000000e+000  0.000000e+000  
0.000000e+000  0.000000e+000  0.000000e+000  0.000000e+000  0.000000e+000  0.000000e+000  0.000000e+000  0.000000e+000  0.000000e+000  0.000000e+000  0.000000e+000  0.000000e+000  0.000000e+000  0.000000e+000  0.000000e+000  0.000000e+000  0.000000e+000  
0.000000e+000  0.000000e+000  0.000000e+000  0.000000e+000  0.000000e+000  0.000000e+000  0.000000e+000  0.000000e+000  0.000000e+000  0.000000e+000  0.000000e+000  0.000000e+000  0.000000e+000  0.000000e+000  0.000000e+000  0.000000e+000  0.000000e+000  
0.000000e+000  0.000000e+000  0.000000e+000  0.000000e+000  0.000000e+000  0.000000e+000  0.000000e+000  0.000000e+000  0.000000e+000  0.000000e+000  0.000000e+000  0.000000e+000  0.000000e+000  0.000000e+000  0.000000e+000  0.000000e+000  0.000000e+000  
0.000000e+000  0.000000e+000  0.000000e+000  0.000000e+000  0.000000e+000  0.000000e+000  0.000000e+000  0.000000e+000  0.000000e+000  0.000000e+000  0.000000e+000  0.000000e+000  0.000000e+000  0.000000e+000  0.000000e+000  0.000000e+000  0.000000e+000  
0.000000e+000  0.000000e+000  0.000000e+000  0.000000e+000  0.000000e+000  0.000000e+000  0.000000e+000  0.000000e+000  0.000000e+000  0.000000e+000  0.000000e+000  0.000000e+000  0.000000e+000  0.000000e+000  0.000000e+000  0.000000e+000  0.000000e+000  
0.000000e+000  0.000000e+000  0.000000e+000  0.000000e+000  0.000000e+000  0.000000e+000  0.000000e+000  0.000000e+000  0.000000e+000  0.000000e+000  0.000000e+000  0.000000e+000  0.000000e+000  0.000000e+000  0.000000e+000  0.000000e+000  0.000000e+000  
0.000000e+000  0.000000e+000  0.000000e+000  0.000000e+000  0.000000e+000  0.000000e+000  0.000000e+000  0.000000e+000  0.000000e+000  0.000000e+000  0.000000e+000  0.000000e+000  0.000000e+000  0.000000e+000  0.000000e+000  0.000000e+000  0.000000e+000  
0.000000e+000  0.000000e+000  0.000000e+000  0.000000e+000  0.000000e+000  0.000000e+000  0.000000e+000  0.000000e+000  0.000000e+000  0.000000e+000  0.000000e+000  0.000000e+000  0.000000e+000  0.000000e+000  0.000000e+000  0.000000e+000  0.000000e+000  
0.000000e+000  0.000000e+000  0.000000e+000  0.000000e+000  0.000000e+000  0.000000e+000  0.000000e+000  0.000000e+000  0.000000e+000  0.000000e+000  0.000000e+000  0.000000e+000  0.000000e+000  0.000000e+000  0.000000e+000  0.000000e+000  0.000000e+000  
0.000000e+000  0.000000e+000  0.000000e+000  0.000000e+000  0.000000e+000  0.000000e+000  0.000000e+000  0.000000e+000  0.000000e+000  0.000000e+000  0.000000e+000  0.000000e+000  0.000000e+000  0.000000e+000  0.000000e+000  0.000000e+000  0.000000e+000  
0.000000e+000  0.000000e+000  0.000000e+000  0.000000e+000  0.000000e+000  0.000000e+000  0.000000e+000  0.000000e+000  0.000000e+000  0.000000e+000  0.000000e+000  0.000000e+000  0.000000e+000  0.000000e+000  0.000000e+000  0.000000e+000  0.000000e+000  
0.000000e+000  0.000000e+000  0.000000e+000  0.000000e+000  0.000000e+000  0.000000e+000  0.000000e+000  0.000000e+000  0.000000e+000  0.000000e+000  0.000000e+000  0.000000e+000  0.000000e+000  0.000000e+000  0.000000e+000  0.000000e+000  0.000000e+000  
0.000000e+000  0.000000e+000  0.000000e+000  0.000000e+000  0.000000e+000  0.000000e+000  0.000000e+000  0.000000e+000  0.000000e+000  0.000000e+000  0.000000e+000  0.000000e+000  0.000000e+000  0.000000e+000  0.000000e+000  0.000000e+000  0.000000e+000  
0.000000e+000  0.000000e+000  0.000000e+000  0.000000e+000  0.000000e+000  0.000000e+000  0.000000e+000  0.000000e+000  0.000000e+000  0.000000e+000  0.000000e+000  0.000000e+000  0.000000e+000  0.000000e+000  0.000000e+000  0.000000e+000  0.000000e+000  
0.000000e+000  0.000000e+000  0.000000e+000  0.000000e+000  0.000000e+000  0.000000e+000  0.000000e+000  0.000000e+000  0.000000e+000  0.000000e+000  0.000000e+000  0.000000e+000  0.000000e+000  0.000000e+000  0.000000e+000  0.000000e+000  0.000000e+000  
0.000000e+000  0.000000e+000  0.000000e+000  0.000000e+000  0.000000e+000  0.000000e+000  0.000000e+000  0.000000e+000  0.000000e+000  0.000000e+000  0.000000e+000  0.000000e+000  0.000000e+000  0.000000e+000  0.000000e+000  0.000000e+000  0.000000e+000  
0.000000e+000  0.000000e+000  0.000000e+000  0.000000e+000  0.000000e+000  0.000000e+000  0.000000e+000  0.000000e+000  0.000000e+000  0.000000e+000  0.000000e+000  0.000000e+000  0.000000e+000  0.000000e+000  0.000000e+000  0.000000e+000  0.000000e+000  
0.000000e+000  0.000000e+000  0.000000e+000  0.000000e+000  0.000000e+000  0.000000e+000  0.000000e+000  0.000000e+000  0.000000e+000  0.000000e+000  0.000000e+000  0.000000e+000  0.000000e+000  0.000000e+000  0.000000e+000  0.000000e+000  0.000000e+000  
0.000000e+000  0.000000e+000  0.000000e+000  0.000000e+000  0.000000e+000  0.000000e+000  0.000000e+000  0.000000e+000  0.000000e+000  0.000000e+000  0.000000e+000  0.000000e+000  0.000000e+000  0.000000e+000  0.000000e+000  0.000000e+000  0.000000e+000  
0.000000e+000  0.000000e+000  0.000000e+000  0.000000e+000  0.000000e+000  0.000000e+000  0.000000e+000  0.000000e+000  0.000000e+000  0.000000e+000  0.000000e+000  0.000000e+000  0.000000e+000  0.000000e+000  0.000000e+000  0.000000e+000  0.000000e+000  
0.000000e+000  0.000000e+000  0.000000e+000  0.000000e+000  0.000000e+000  0.000000e+000  0.000000e+000  0.000000e+000  0.000000e+000  0.000000e+000  0.000000e+000  0.000000e+000  0.000000e+000  0.000000e+000  0.000000e+000  0.000000e+000  0.000000e+000  
0.000000e+000  0.000000e+000  0.000000e+000  0.000000e+000  0.000000e+000  0.000000e+000  0.000000e+000  0.000000e+000  0.000000e+000  0.000000e+000  0.000000e+000  0.000000e+000  0.000000e+000  0.000000e+000  0.000000e+000  0.000000e+000  0.000000e+000  
0.000000e+000  0.000000e+000  0.000000e+000  0.000000e+000  0.000000e+000  0.000000e+000  0.000000e+000  0.000000e+000  0.000000e+000  0.000000e+000  0.000000e+000  0.000000e+000  0.000000e+000  0.000000e+000  0.000000e+000  0.000000e+000  0.000000e+000  
0.000000e+000  0.000000e+000  0.000000e+000  0.000000e+000  0.000000e+000  0.000000e+000  0.000000e+000  0.000000e+000  0.000000e+000  0.000000e+000  0.000000e+000  0.000000e+000  0.000000e+000  0.000000e+000  0.000000e+000  0.000000e+000  0.000000e+000  
0.000000e+000  0.000000e+000  0.000000e+000  0.000000e+000  0.000000e+000  0.000000e+000  0.000000e+000  0.000000e+000  0.000000e+000  0.000000e+000  0.000000e+000  0.000000e+000  0.000000e+000  0.000000e+000  0.000000e+000  0.000000e+000  0.000000e+000  
0.000000e+000  0.000000e+000  0.000000e+000  0.000000e+000  0.000000e+000  0.000000e+000  0.000000e+000  0.000000e+000  0.000000e+000  0.000000e+000  0.000000e+000  0.000000e+000  0.000000e+000  0.000000e+000  0.000000e+000  0.000000e+000  0.000000e+000  
0.000000e+000  0.000000e+000  0.000000e+000  0.000000e+000  0.000000e+000  0.000000e+000  0.000000e+000  0.000000e+000  0.000000e+000  0.000000e+000  0.000000e+000  0.000000e+000  0.000000e+000  0.000000e+000  0.000000e+000  0.000000e+000  0.000000e+000  
0.000000e+000  0.000000e+000  0.000000e+000  0.000000e+000  0.000000e+000  0.000000e+000  0.000000e+000  0.000000e+000  0.000000e+000  0.000000e+000  0.000000e+000  0.000000e+000  0.000000e+000  0.000000e+000  0.000000e+000  0.000000e+000  0.000000e+000  
0.000000e+000  0.000000e+000  0.000000e+000  0.000000e+000  0.000000e+000  0.000000e+000  0.000000e+000  0.000000e+000  0.000000e+000  0.000000e+000  0.000000e+000  0.000000e+000  0.000000e+000  0.000000e+000  0.000000e+000  0.000000e+000  0.000000e+000  
0.000000e+000  0.000000e+000  0.000000e+000  0.000000e+000  0.000000e+000  0.000000e+000  0.000000e+000  0.000000e+000  0.000000e+000  0.000000e+000  0.000000e+000  0.000000e+000  0.000000e+000  0.000000e+000  0.000000e+000  0.000000e+000  0.000000e+000  

0.000000e+000  0.000000e+000  0.000000e+000  0.000000e+000  0.000000e+000  0.000000e+000  0.000000e+000  0.000000e+000  0.000000e+000  0.000000e+000  0.000000e+000  0.000000e+000  0.000000e+000  0.000000e+000  0.000000e+000  0.000000e+000  0.000000e+000  
0.000000e+000  0.000000e+000  0.000000e+000  0.000000e+000  0.000000e+000  0.000000e+000  0.000000e+000  0.000000e+000  0.000000e+000  0.000000e+000  0.000000e+000  0.000000e+000  0.000000e+000  0.000000e+000  0.000000e+000  0.000000e+000  0.000000e+000  
0.000000e+000  0.000000e+000  0.000000e+000  0.000000e+000  0.000000e+000  0.000000e+000  0.000000e+000  0.000000e+000  0.000000e+000  0.000000e+000  0.000000e+000  0.000000e+000  0.000000e+000  0.000000e+000  0.000000e+000  0.000000e+000  0.000000e+000  
0.000000e+000  0.000000e+000  0.000000e+000  0.000000e+000  0.000000e+000  0.000000e+000  0.000000e+000  0.000000e+000  0.000000e+000  0.000000e+000  0.000000e+000  0.000000e+000  0.000000e+000  0.000000e+000  0.000000e+000  0.000000e+000  0.000000e+000  
0.000000e+000  0.000000e+000  0.000000e+000  0.000000e+000  0.000000e+000  0.000000e+000  0.000000e+000  0.000000e+000  0.000000e+000  0.000000e+000  0.000000e+000  0.000000e+000  0.000000e+000  0.000000e+000  0.000000e+000  0.000000e+000  0.000000e+000  
0.000000e+000  0.000000e+000  0.000000e+000  0.000000e+000  0.000000e+000  0.000000e+000  0.000000e+000  0.000000e+000  0.000000e+000  0.000000e+000  0.000000e+000  0.000000e+000  0.000000e+000  0.000000e+000  0.000000e+000  0.000000e+000  0.000000e+000  
0.000000e+000  0.000000e+000  0.000000e+000  0.000000e+000  0.000000e+000  0.000000e+000  0.000000e+000  0.000000e+000  0.000000e+000  0.000000e+000  0.000000e+000  0.000000e+000  0.000000e+000  0.000000e+000  0.000000e+000  0.000000e+000  0.000000e+000  
0.000000e+000  0.000000e+000  0.000000e+000  0.000000e+000  0.000000e+000  0.000000e+000  0.000000e+000  0.000000e+000  0.000000e+000  0.000000e+000  0.000000e+000  0.000000e+000  0.000000e+000  0.000000e+000  0.000000e+000  0.000000e+000  0.000000e+000  
0.000000e+000  0.000000e+000  0.000000e+000  0.000000e+000  0.000000e+000  0.000000e+000  0.000000e+000  0.000000e+000  0.000000e+000  0.000000e+000  0.000000e+000  0.000000e+000  0.000000e+000  0.000000e+000  0.000000e+000  0.000000e+000  0.000000e+000  
0.000000e+000  0.000000e+000  0.000000e+000  0.000000e+000  0.000000e+000  0.000000e+000  0.000000e+000  0.000000e+000  0.000000e+000  0.000000e+000  0.000000e+000  0.000000e+000  0.000000e+000  0.000000e+000  0.000000e+000  0.000000e+000  0.000000e+000  
0.000000e+000  0.000000e+000  0.000000e+000  0.000000e+000  0.000000e+000  0.000000e+000  0.000000e+000  0.000000e+000  0.000000e+000  0.000000e+000  0.000000e+000  0.000000e+000  0.000000e+000  0.000000e+000  0.000000e+000  0.000000e+000  0.000000e+000  
0.000000e+000  0.000000e+000  0.000000e+000  0.000000e+000  0.000000e+000  0.000000e+000  0.000000e+000  0.000000e+000  0.000000e+000  0.000000e+000  0.000000e+000  0.000000e+000  0.000000e+000  0.000000e+000  0.000000e+000  0.000000e+000  0.000000e+000  
0.000000e+000  0.000000e+000  0.000000e+000  0.000000e+000  0.000000e+000  0.000000e+000  0.000000e+000  0.000000e+000  0.000000e+000  0.000000e+000  0.000000e+000  0.000000e+000  0.000000e+000  0.000000e+000  0.000000e+000  0.000000e+000  0.000000e+000  
0.000000e+000  0.000000e+000  0.000000e+000  0.000000e+000  0.000000e+000  0.000000e+000  0.000000e+000  0.000000e+000  0.000000e+000  0.000000e+000  0.000000e+000  0.000000e+000  0.000000e+000  0.000000e+000  0.000000e+000  0.000000e+000  0.000000e+000  
0.000000e+000  0.000000e+000  0.000000e+000  0.000000e+000  0.000000e+000  0.000000e+000  0.000000e+000  0.000000e+000  0.000000e+000  0.000000e+000  0.000000e+000  0.000000e+000  0.000000e+000  0.000000e+000  0.000000e+000  0.000000e+000  0.000000e+000  
0.000000e+000  0.000000e+000  0.000000e+000  0.000000e+000  0.000000e+000  0.000000e+000  0.000000e+000  0.000000e+000  0.000000e+000  0.000000e+000  0.000000e+000  0.000000e+000  0.000000e+000  0.000000e+000  0.000000e+000  0.000000e+000  0.000000e+000  
0.000000e+000  0.000000e+000  0.000000e+000  0.000000e+000  0.000000e+000  0.000000e+000  0.000000e+000  0.000000e+000  0.000000e+000  0.000000e+000  0.000000e+000  0.000000e+000  0.000000e+000  0.000000e+000  0.000000e+000  0.000000e+000  0.000000e+000  
0.000000e+000  0.000000e+000  0.000000e+000  0.000000e+000  0.000000e+000  0.000000e+000  0.000000e+000  0.000000e+000  0.000000e+000  0.000000e+000  0.000000e+000  0.000000e+000  0.000000e+000  0.000000e+000  0.000000e+000  0.000000e+000  0.000000e+000  
0.000000e+000  0.000000e+000  0.000000e+000  0.000000e+000  0.000000e+000  0.000000e+000  0.000000e+000  0.000000e+000  0.000000e+000  0.000000e+000  0.000000e+000  0.000000e+000  0.000000e+000  0.000000e+000  0.000000e+000  0.000000e+000  0.000000e+000  
0.000000e+000  0.000000e+000  0.000000e+000  0.000000e+000  0.000000e+000  0.000000e+000  0.000000e+000  0.000000e+000  0.000000e+000  0.000000e+000  0.000000e+000  0.000000e+000  0.000000e+000  0.000000e+000  0.000000e+000  0.000000e+000  0.000000e+000  
0.000000e+000  0.000000e+000  0.000000e+000  0.000000e+000  0.000000e+000  0.000000e+000  0.000000e+000  0.000000e+000  0.000000e+000  0.000000e+000  0.000000e+000  0.000000e+000  0.000000e+000  0.000000e+000  0.000000e+000  0.000000e+000  0.000000e+000  
0.000000e+000  0.000000e+000  0.000000e+000  0.000000e+000  0.000000e+000  0.000000e+000  0.000000e+000  0.000000e+000  0.000000e+000  0.000000e+000  0.000000e+000  0.000000e+000  0.000000e+000  0.000000e+000  0.000000e+000  0.000000e+000  0.000000e+000  
0.000000e+000  0.000000e+000  0.000000e+000  0.000000e+000  0.000000e+000  0.000000e+000  0.000000e+000  0.000000e+000  0.000000e+000  0.000000e+000  0.000000e+000  0.000000e+000  0.000000e+000  0.000000e+000  0.000000e+000  0.000000e+000  0.000000e+000  
0.000000e+000  0.000000e+000  0.000000e+000  0.000000e+000  0.000000e+000  0.000000e+000  0.000000e+000  0.000000e+000  0.000000e+000  0.000000e+000  0.000000e+000  0.000000e+000  0.000000e+000  0.000000e+000  0.000000e+000  0.000000e+000  0.000000e+000  
0.000000e+000  0.000000e+000  0.000000e+000  0.000000e+000  0.000000e+000  0.000000e+000  0.000000e+000  0.000000e+000  0.000000e+000  0.000000e+000  0.000000e+000  0.000000e+000  0.000000e+000  0.000000e+000  0.000000e+000  0.000000e+000  0.000000e+000  
0.000000e+000  0.000000e+000  0.000000e+000  0.000000e+000  0.000000e+000  0.000000e+000  0.000000e+000  0.000000e+000  0.000000e+000  0.000000e+000  0.000000e+000  0.000000e+000  0.000000e+000  0.000000e+000  0.000000e+000  0.000000e+000  0.000000e+000  
0.000000e+000  0.000000e+000  0.000000e+000  0.000000e+000  0.000000e+000  0.000000e+000  0.000000e+000  0.000000e+000  0.000000e+000  0.000000e+000  0.000000e+000  0.000000e+000  0.000000e+000  0.000000e+000  0.000000e+000  0.000000e+000  0.000000e+000  
0.000000e+000  0.000000e+000  0.000000e+000  0.000000e+000  0.000000e+000  0.000000e+000  0.000000e+000  0.000000e+000  0.000000e+000  0.000000e+000  0.000000e+000  0.000000e+000  0.000000e+000  0.000000e+000  0.000000e+000  0.000000e+000  0.000000e+000  
0.000000e+000  0.000000e+000  0.000000e+000  0.000000e+000  0.000000e+000  0.000000e+000  0.000000e+000  0.000000e+000  0.000000e+000  0.000000e+000  0.000000e+000  0.000000e+000  0.000000e+000  0.000000e+000  0.000000e+000  0.000000e+000  0.000000e+000  
0.000000e+000  0.000000e+000  0.000000e+000  0.000000e+000  0.000000e+000  0.000000e+000  0.000000e+000  0.000000e+000  0.000000e+000  0.000000e+000  0.000000e+000  0.000000e+000  0.000000e+000  0.000000e+000  0.000000e+000  0.000000e+000  0.000000e+000  
0.000000e+000  0.000000e+000  0.000000e+000  0.000000e+000  0.000000e+000  0.000000e+000  0.000000e+000  0.000000e+000  0.000000e+000  0.000000e+000  0.000000e+000  0.000000e+000  0.000000e+000  0.000000e+000  0.000000e+000  0.000000e+000  0.000000e+000  
0.000000e+000  0.000000e+000  0.000000e+000  0.000000e+000  0.000000e+000  0.000000e+000  0.000000e+000  0.000000e+000  0.000000e+000  0.000000e+000  0.000000e+000  0.000000e+000  0.000000e+000  0.000000e+000  0.000000e+000  0.000000e+000  0.000000e+000  
0.000000e+000  0.000000e+000  0.000000e+000  0.000000e+000  0.000000e+000  0.000000e+000  0.000000e+000  0.000000e+000  0.000000e+000  0.000000e+000  0.000000e+000  0.000000e+000  0.000000e+000  0.000000e+000  0.000000e+000  0.000000e+000  0.000000e+000  
0.000000e+000  0.000000e+000  0.000000e+000  0.000000e+000  0.000000e+000  0.000000e+000  0.000000e+000  0.000000e+000  0.000000e+000  0.000000e+000  0.000000e+000  0.000000e+000  0.000000e+000  0.000000e+000  0.000000e+000  0.000000e+000  0.000000e+000  
0.000000e+000  0.000000e+000  0.000000e+000  0.000000e+000  0.000000e+000  0.000000e+000  0.000000e+000  0.000000e+000  0.000000e+000  0.000000e+000  0.000000e+000  0.000000e+000  0.000000e+000  0.000000e+000  0.000000e+000  0.000000e+000  0.000000e+000  
0.000000e+000  0.000000e+000  0.000000e+000  0.000000e+000  0.000000e+000  0.000000e+000  0.000000e+000  0.000000e+000  0.000000e+000  0.000000e+000  0.000000e+000  0.000000e+000  0.000000e+000  0.000000e+000  0.000000e+000  0.000000e+000  0.000000e+000  
0.000000e+000  0.000000e+000  0.000000e+000  0.000000e+000  0.000000e+000  0.000000e+000  0.000000e+000  0.000000e+000  0.000000e+000  0.000000e+000  0.000000e+000  0.000000e+000  0.000000e+000  0.000000e+000  0.000000e+000  0.000000e+000  0.000000e+000  

-0.000000e+000  -6.281779e+000  -1.252745e+001  -1.870129e+001  -2.476840e+001  -2.525862e+001  -2.562528e+001  -2.588028e+001  -2.603633e+001  -2.610651e+001  -2.610382e+001  -2.604080e+001  -2.592933e+001  -2.559414e+001  -2.518599e+001  -2.409247e+001  -2.337096e+001  
-0.000000e+000  -6.570299e+000  -1.310120e+001  -1.955368e+001  -2.588953e+001  -2.631436e+001  -2.660505e+001  -2.677739e+001  -2.684764e+001  -2.683181e+001  -2.674528e+001  -2.660240e+001  -2.641632e+001  -2.595007e+001  -2.543698e+001  -2.418744e+001  -2.340791e+001  
-0.000000e+000  -7.843555e+000  -1.563440e+001  -2.331985e+001  -3.084734e+001  -3.092004e+001  -3.081864e+001  -3.057915e+001  -3.023468e+001  -2.981453e+001  -2.934385e+001  -2.884360e+001  -2.833087e+001  -2.730894e+001  -2.636558e+001  -2.451323e+001  -2.352111e+001  
-0.000000e+000  -9.891420e+000  -1.971944e+001  -2.941788e+001  -3.891555e+001  -3.811104e+001  -3.711647e+001  -3.601032e+001  -3.485491e+001  -3.369708e+001  -3.257015e+001  -3.149637e+001  -3.048951e+001  -2.869913e+001  -2.721464e+001  -2.472727e+001  -2.354674e+001  
-0.000000e+000  -1.286257e+001  -2.569887e+001  -3.846722e+001  -5.109711e+001  -4.820130e+001  -4.529145e+001  -4.250829e+001  -3.993428e+001  -3.760784e+001  -3.553745e+001  -3.371339e+001  -3.211624e+001  -2.953248e+001  -2.757080e+001  -2.468038e+001  -2.342372e+001  
-0.000000e+000  -1.447509e+001  -2.903669e+001  -4.373757e+001  -5.856412e+001  -5.360239e+001  -4.904134e+001  -4.500776e+001  -4.152614e+001  -3.856252e+001  -3.605667e+001  -3.394159e+001  -3.215358e+001  -2.939050e+001  -2.736760e+001  -2.451202e+001  -2.329467e+001  
-0.000000e+000  -1.571777e+001  -3.177170e+001  -4.844182e+001  -6.587998e+001  -5.795344e+001  -5.131419e+001  -4.593381e+001  -4.163824e+001  -3.821775e+001  -3.548043e+001  -3.326941e+001  -3.146275e+001  -2.878398e+001  -2.687717e+001  -2.424741e+001  -2.312460e+001  
-0.000000e+000  -1.582675e+001  -3.215725e+001  -4.944862e+001  -6.801493e+001  -5.861590e+001  -5.114493e+001  -4.536801e+001  -4.092811e+001  -3.749383e+001  -3.480344e+001  -3.266307e+001  -3.093229e+001  -2.839414e+001  -2.659691e+001  -2.411587e+001  -2.304625e+001  
-0.000000e+000  -1.559032e+001  -3.188352e+001  -4.957924e+001  -6.926014e+001  -5.828734e+001  -5.010465e+001  -4.411846e+001  -3.970868e+001  -3.639850e+001  -3.385701e+001  -3.186107e+001  -3.025949e+001  -2.792583e+001  -2.627401e+001  -2.397255e+001  -2.296378e+001  
-0.000000e+000  -1.487330e+001  -3.065069e+001  -4.835136e+001  -6.903513e+001  -5.650513e+001  -4.792311e+001  -4.205583e+001  -3.792868e+001  -3.491763e+001  -3.264288e+001  -3.087097e+001  -2.945349e+001  -2.738663e+001  -2.591390e+001  -2.381970e+001  -2.287831e+001  
-0.000000e+000  -1.353925e+001  -2.810543e+001  -4.508766e+001  -6.642810e+001  -5.264692e+001  -4.432072e+001  -3.909080e+001  -3.557793e+001  -3.306752e+001  -3.118306e+001  -2.971346e+001  -2.853183e+001  -2.678791e+001  -2.552371e+001  -2.365992e+001  -2.279113e+001  
-0.000000e+000  -1.207091e+001  -2.509864e+001  -4.066531e+001  -6.182692e+001  -4.783046e+001  -4.052924e+001  -3.626614e+001  -3.346792e+001  -3.146714e+001  -2.995078e+001  -2.875333e+001  -2.777779e+001  -2.630711e+001  -2.521541e+001  -2.353683e+001  -2.272517e+001  
-0.000000e+000  -1.023198e+001  -2.110932e+001  -3.407959e+001  -5.359838e+001  -4.099369e+001  -3.582885e+001  -3.301023e+001  -3.112888e+001  -2.973230e+001  -2.863382e+001  -2.773759e+001  -2.698656e+001  -2.580844e+001  -2.489909e+001  -2.341283e+001  -2.265962e+001  
-0.000000e+000  -8.142836e+000  -1.631004e+001  -2.496343e+001  -3.896135e+001  -3.190682e+001  -3.042845e+001  -2.948249e+001  -2.865512e+001  -2.791903e+001  -2.726719e+001  -2.668918e+001  -2.617370e+001  -2.530007e+001  -2.457920e+001  -2.328931e+001  -2.259511e+001  
-0.000000e+000  -6.043314e+000  -1.132123e+001  -1.378240e+001  -0.000000e+000  -2.113403e+001  -2.487851e+001  -2.593094e+001  -2.616552e+001  -2.609175e+001  -2.588945e+001  -2.563288e+001  -2.535580e+001  -2.479063e+001  -2.426039e+001  -2.316772e+001  -2.253226e+001  
-0.000000e+000  -3.681234e+000  -6.317547e+000  -6.163434e+000  -0.000000e+000  -1.263869e+001  -1.871691e+001  -2.155882e+001  -2.297840e+001  -2.370996e+001  -2.407721e+001  -2.423708e+001  -2.427279e+001  -2.411671e+001  -2.384020e+001  -2.300933e+001  -2.245126e+001  
-0.000000e+000  -2.049508e+000  -3.265026e+000  -2.748007e+000  -0.000000e+000  -8.367068e+000  -1.435828e+001  -1.798919e+001  -2.018898e+001  -2.154751e+001  -2.239785e+001  -2.292829e+001  -2.325008e+001  -2.347770e+001  -2.344200e+001  -2.286059e+001  -2.237595e+001  
-0.000000e+000  -5.354096e-001  -7.947539e-001  -5.986015e-001  -0.000000e+000  -4.950229e+000  -9.587486e+000  -1.326386e+001  -1.605098e+001  -1.811426e+001  -1.962048e+001  -2.070879e+001  -2.148745e+001  -2.236223e+001  -2.274403e+001  -2.260216e+001  -2.224666e+001  
-0.000000e+000  -9.336820e-002  -1.343046e-001  -9.690473e-002  -0.000000e+000  -3.467138e+000  -7.008295e+000  -1.017199e+001  -1.288561e+001  -1.514185e+001  -1.697277e+001  -1.842960e+001  -1.956965e+001  -2.106680e+001  -2.190184e+001  -2.228881e+001  -2.209280e+001  
-0.000000e+000  -5.354096e-001  -7.947539e-001  -5.986015e-001  -0.000000e+000  -4.950229e+000  -9.587486e+000  -1.326386e+001  -1.605098e+001  -1.811426e+001  -1.962048e+001  -2.070879e+001  -2.148745e+001  -2.236223e+001  -2.274403e+001  -2.260216e+001  -2.224666e+001  
-0.000000e+000  -2.049508e+000  -3.265026e+000  -2.748007e+000  -0.000000e+000  -8.367068e+000  -1.435828e+001  -1.798919e+001  -2.018898e+001  -2.154751e+001  -2.239785e+001  -2.292829e+001  -2.325008e+001  -2.347770e+001  -2.344200e+001  -2.286059e+001  -2.237595e+001  
-0.000000e+000  -3.681234e+000  -6.317547e+000  -6.163434e+000  -0.000000e+000  -1.263869e+001  -1.871691e+001  -2.155882e+001  -2.297840e+001  -2.370996e+001  -2.407721e+001  -2.423708e+001  -2.427279e+001  -2.411671e+001  -2.384020e+001  -2.300933e+001  -2.245126e+001  
-0.000000e+000  -6.043314e+000  -1.132123e+001  -1.378240e+001  -0.000000e+000  -2.113403e+001  -2.487851e+001  -2.593094e+001  -2.616552e+001  -2.609175e+001  -2.588945e+001  -2.563288e+001  -2.535580e+001  -2.479063e+001  -2.426039e+001  -2.316772e+001  -2.253226e+001  
-0.000000e+000  -8.142836e+000  -1.631004e+001  -2.496343e+001  -3.896135e+001  -3.190682e+001  -3.042845e+001  -2.948249e+001  -2.865512e+001  -2.791903e+001  -2.726719e+001  -2.668918e+001  -2.617370e+001  -2.530007e+001  -2.457920e+001  -2.328931e+001  -2.259511e+001  
-0.000000e+000  -1.023198e+001  -2.110932e+001  -3.407959e+001  -5.359838e+001  -4.099369e+001  -3.582885e+001  -3.301023e+001  -3.112888e+001  -2.973230e+001  -2.863382e+001  -2.773759e+001  -2.698656e+001  -2.580844e+001  -2.489909e+001  -2.341283e+001  -2.265962e+001  
-0.000000e+000  -1.207091e+001  -2.509864e+001  -4.066531e+001  -6.182692e+001  -4.783046e+001  -4.052924e+001  -3.626614e+001  -3.346792e+001  -3.146714e+001  -2.995078e+001  -2.875333e+001  -2.777779e+001  -2.630711e+001  -2.521541e+001  -2.353683e+001  -2.272517e+001  
-0.000000e+000  -1.353925e+001  -2.810543e+001  -4.508766e+001  -6.642810e+001  -5.264692e+001  -4.432072e+001  -3.909080e+001  -3.557793e+001  -3.306752e+001  -3.118306e+001  -2.971346e+001  -2.853183e+001  -2.678791e+001  -2.552371e+001  -2.365992e+001  -2.279113e+001  
-0.000000e+000  -1.487330e+001  -3.065069e+001  -4.835136e+001  -6.903513e+001  -5.650513e+001  -4.792311e+001  -4.205583e+001  -3.792868e+001  -3.491763e+001  -3.264288e+001  -3.087097e+001  -2.945349e+001  -2.738663e+001  -2.591390e+001  -2.381970e+001  -2.287831e+001  
-0.000000e+000  -1.559032e+001  -3.188352e+001  -4.957924e+001  -6.926014e+001  -5.828734e+001  -5.010465e+001  -4.411846e+001  -3.970868e+001  -3.639850e+001  -3.385701e+001  -3.186107e+001  -3.025949e+001  -2.792583e+001  -2.627401e+001  -2.397255e+001  -2.296378e+001  
-0.000000e+000  -1.582675e+001  -3.215725e+001  -4.944862e+001  -6.801493e+001  -5.861590e+001  -5.114493e+001  -4.536801e+001  -4.092811e+001  -3.749383e+001  -3.480344e+001  -3.266307e+001  -3.093229e+001  -2.839414e+001  -2.659691e+001  -2.411587e+001  -2.304625e+001  
-0.000000e+000  -1.571777e+001  -3.177170e+001  -4.844182e+001  -6.587998e+001  -5.795344e+001  -5.131419e+001  -4.593381e+001  -4.163824e+001  -3.821775e+001  -3.548043e+001  -3.326941e+001  -3.146275e+001  -2.878398e+001  -2.687717e+001  -2.424741e+001  -2.312460e+001  
-0.000000e+000  -1.447509e+001  -2.903669e+001  -4.373757e+001  -5.856412e+001  -5.360239e+001  -4.904134e+001  -4.500776e+001  -4.152614e+001  -3.856252e+001  -3.605667e+001  -3.394159e+001  -3.215358e+001  -2.939050e+001  -2.736760e+001  -2.451202e+001  -2.329467e+001  
-0.000000e+000  -1.286257e+001  -2.569887e+001  -3.846722e+001  -5.109711e+001  -4.820130e+001  -4.529145e+001  -4.250829e+001  -3.993428e+001  -3.760784e+001  -3.553745e+001  -3.371339e+001  -3.211624e+001  -2.953248e+001  -2.757080e+001  -2.468038e+001  -2.342372e+001  
-0.000000e+000  -9.891420e+000  -1.971944e+001  -2.941788e+001  -3.891555e+001  -3.811104e+001  -3.711647e+001  -3.601032e+001  -3.485491e+001  -3.369708e+001  -3.257015e+001  -3.149637e+001  -3.048952e+001  -2.869913e+001  -2.721464e+001  -2.472727e+001  -2.354674e+001  
-0.000000e+000  -7.843555e+000  -1.563440e+001  -2.331985e+001  -3.084734e+001  -3.092004e+001  -3.081864e+001  -3.057915e+001  -3.023468e+001  -2.981453e+001  -2.934385e+001  -2.884360e+001  -2.833087e+001  -2.730894e+001  -2.636558e+001  -2.451323e+001  -2.352111e+001  
-0.000000e+000  -6.570299e+000  -1.310120e+001  -1.955368e+001  -2.588953e+001  -2.631436e+001  -2.660505e+001  -2.677739e+001  -2.684764e+001  -2.683181e+001  -2.674528e+001  -2.660240e+001  -2.641632e+001  -2.595007e+001  -2.543698e+001  -2.418744e+001  -2.340791e+001  
-0.000000e+000  -6.281779e+000  -1.252745e+001  -1.870129e+001  -2.476840e+001  -2.525862e+001  -2.562528e+001  -2.588028e+001  -2.603633e+001  -2.610651e+001  -2.610382e+001  -2.604080e+001  -2.592933e+001  -2.559414e+001  -2.518599e+001  -2.409247e+001  -2.337096e+001  

