2025-10-20 13:55:27   Build version: 2025.4 Release from 2025-04-11 (change 1409410)

2025-10-20 13:55:27   Starting adaptive port meshing.

                      ------------------------------------------------------------------------------
2025-10-20 13:55:27   Mode calculation for port 1:

                      ------------------------------------------------------------------------------
2025-10-20 13:55:28   According to the selected features the <Time Domain Solver (HEX)> will be
                      started.

                      ------------------------------------------------------------------------------
2025-10-20 13:55:28   

                      ------------------------------------------------------------------------------
2025-10-20 13:55:28   

                      ------------------------------------------------------------------------------
2025-10-20 13:55:37   Using Generalized port mode solver.

                      ------------------------------------------------------------------------------
2025-10-20 13:55:37   Using electric shielding for port 1.

                      ------------------------------------------------------------------------------
2025-10-20 13:55:40   Port mode solver: Detected dispersive material(s) at port 1. 
                      Using a constant approximation of dispersive material(s) at 2.4 GHz and neglecting loss terms.  More...

                      ------------------------------------------------------------------------------
2025-10-20 13:55:43     -------------------------------- F-Calc 2.4 --------------------------------
                        Port   Mode   Type        Z-Wave        Z-Wave-Sigma  Z-Line        F-Cutoff
                        1      1      QTEM        215           0             74            ---
                        ----------------------------------------------------------------------------

2025-10-20 13:55:48   Pass 1 successfully completed. 
2025-10-20 13:55:48   According to the selected features the <Time Domain Solver (HEX)> will be
                      started.

                      ------------------------------------------------------------------------------
2025-10-20 13:55:48   

                      ------------------------------------------------------------------------------
2025-10-20 13:55:48   

                      ------------------------------------------------------------------------------
2025-10-20 13:56:03     -------------------------------- F-Calc 2.4 --------------------------------
                        Port   Mode   Type        Z-Wave        Z-Wave-Sigma  Z-Line        F-Cutoff
                        1      1      QTEM        219           0             77.8          ---
                        ----------------------------------------------------------------------------

2025-10-20 13:56:08   Pass 2 successfully completed. Delta (Line Imp.): 4.91%
2025-10-20 13:56:08   According to the selected features the <Time Domain Solver (HEX)> will be
                      started.

                      ------------------------------------------------------------------------------
2025-10-20 13:56:09   

                      ------------------------------------------------------------------------------
2025-10-20 13:56:09   

                      ------------------------------------------------------------------------------
2025-10-20 13:56:24     -------------------------------- F-Calc 2.4 --------------------------------
                        Port   Mode   Type        Z-Wave        Z-Wave-Sigma  Z-Line        F-Cutoff
                        1      1      QTEM        247           9.12e-006     78.3          ---
                        ----------------------------------------------------------------------------

2025-10-20 13:56:29   Pass 3 successfully completed. Delta (Line Imp.): 0.58%
2025-10-20 13:56:30   According to the selected features the <Time Domain Solver (HEX)> will be
                      started.

                      ------------------------------------------------------------------------------
2025-10-20 13:56:30   

                      ------------------------------------------------------------------------------
2025-10-20 13:56:30   

                      ------------------------------------------------------------------------------
2025-10-20 13:56:46     -------------------------------- F-Calc 2.4 --------------------------------
                        Port   Mode   Type        Z-Wave        Z-Wave-Sigma  Z-Line        F-Cutoff
                        1      1      QTEM        251           9.73e-006     78.4          ---
                        ----------------------------------------------------------------------------

2025-10-20 13:56:51   Pass 4 successfully completed. Delta (Line Imp.): 0.20%
2025-10-20 13:56:51   Adaptive port meshing finished. 

                      ------------------------------------------------------------------------------
2025-10-20 13:56:52   The following farfield monitor(s) have been adjusted to model box [-32.585,
                      32.585, -49.2935, 22.91, -3.77147, 14.6343]:
                        farfield (f=2.4417).
                      For further information please check the page "Special Solver Parameters -
                      Solver" in the Online Help.

                      ------------------------------------------------------------------------------
2025-10-20 13:56:52   According to the selected features the <Time Domain Solver (HEX)> will be
                      started.

                      ------------------------------------------------------------------------------
2025-10-20 13:56:52   
                      Solver started at: 2025-10-20 13:56:52 +0200

                        Module:  Time Domain: S-Parameter (Win 64)
                        Version: 2025.4 Release from 2025-04-11 (change 1409410)

2025-10-20 13:56:52   

                      ------------------------------------------------------------------------------
2025-10-20 13:56:52   

                      ------------------------------------------------------------------------------
2025-10-20 13:56:52   ======================================================================
                       Solver cycle: 1
                      ======================================================================

                      Stimulation at port 1 (mode 1) 



                      ------------------------------------------------------------------------------
2025-10-20 13:56:53   Units settings: 

                        Dimensions: mm
                        Frequency:  GHz
                        Time:       ns

                      ------------------------------------------------------------------------------
2025-10-20 13:56:53   The dispersive material update [Automatic] will be performed using the "Standard" update schema

                      ------------------------------------------------------------------------------
2025-10-20 13:57:09   Mesh statistics:

                         Hexahedral mesh type: Perfect Boundary Approximation (PBA)
                            Version: default

                         Parallelization type: domain decomposition
                            Number of parallel working threads: 2
                            Number of calculation domains used: 2

                         Used point accuracy enhancement value: 75.00%.
                         Acceleration mode: CPU
                         PBA fill limit: 99.00% (inverse)
                         Used point accuracy enhancement value: 74.00%.
2025-10-20 10:13:03      current system memory usage reached 75%
2025-10-20 10:15:44      current system memory usage reached 75%
2025-10-20 10:15:43      current system memory usage reached 75%
2025-10-20 10:40:03      current system memory usage reached 80%
2025-10-20 11:33:28      current system memory usage reached 75%
2025-10-20 12:02:04      current system memory usage reached 75%
2025-10-20 13:09:38      current system memory usage reached 75%
2025-10-20 13:09:39      current system memory usage reached 75%
2025-10-20 13:14:46      current system memory usage reached 75%
                         Used point accuracy enhancement value: 72.00%.
2025-10-20 13:20:39      current system memory usage reached 75%
                         Used point accuracy enhancement value: 71.00%.
2025-10-20 13:26:46      current system memory usage reached 75%
2025-10-20 13:45:31      current system memory usage reached 75%
2025-10-20 13:45:55      current system memory usage reached 75%
2025-10-20 13:45:54      current system memory usage reached 75%
2025-10-20 13:56:56      current system memory usage reached 75%

2025-10-20 13:57:12   Using Generalized port mode solver.

                      ------------------------------------------------------------------------------
2025-10-20 13:57:13   Using electric shielding for port 1.

                      ------------------------------------------------------------------------------
2025-10-20 13:57:13   Port mode solver: Detected dispersive material(s) at port 1. 
                      Using a constant approximation of dispersive material(s) at 2.4 GHz and neglecting loss terms.  More...

                      ------------------------------------------------------------------------------
2025-10-20 13:57:14   Boundary conditions: 

                        YZsymmetry: none
                        XZsymmetry: none
                        XYsymmetry: none

                        Xmin: expanded open, 4 Layer, depth 37.1455 mm
                        Xmax: expanded open, 4 Layer, depth 37.1455 mm

                        Ymin: expanded open, 4 Layer, depth 32.3731 mm
                        Ymax: expanded open, 4 Layer, depth 37.1121 mm

                        Zmin: expanded open, 4 Layer, depth 37.3903 mm
                        Zmax: expanded open, 4 Layer, depth 34.3907 mm

                        PML-Type: Convolution PML

                      ------------------------------------------------------------------------------
2025-10-20 13:57:14   Frequency settings: 

                        Fmin:         2.2
                        Fmax:         2.6
                        Nfsteps(lin): 1001

                      ------------------------------------------------------------------------------
2025-10-20 13:57:14   Field update statistics:

                        Number of components in total: 	448367
                        Number of TST and special elements:	328
                        Number of lossy metal components:	8898
                        Number of disp. elements:		9280

                      Subcycling state:      			Automatically deactivated

                      ------------------------------------------------------------------------------
2025-10-20 13:57:14   Waveguide boundaries:

2025-10-20 13:57:14   Port: 1

2025-10-20 13:57:14     -------------------------------- F-Calc 2.4 --------------------------------
                        Port   Mode   Type        Z-Wave        Z-Wave-Sigma  Z-Line        F-Cutoff
                        1      1      QTEM        215           0             78.4          ---
                        ----------------------------------------------------------------------------

2025-10-20 13:57:16   Using standard absorber for unconsidered modes at port 1.

                      ------------------------------------------------------------------------------
2025-10-20 13:58:12   
                      --------------------------------------------------------------------------------
2025-10-20 13:58:12   Steady state energy criterion met, solver finished successfully.

                      ------------------------------------------------------------------------------
2025-10-20 13:58:12   Frequency domain results normalized to default signal.


                      ------------------------------------------------------------------------------
2025-10-20 13:58:12   
                        ----------------------------------------------------------------------------
                                            Peak memory used (kB)         Free physical memory (kB) 
                                                                          At begin     Minimum      
                        ----------------------------------------------------------------------------
                        CAD preparation     16128                         4603480      4603480      
                        Matrices calc.      143433                        1989257      1206054      
                        Solver run total    82220                         4610292      4340604      
                        ----------------------------------------------------------------------------

                      --------------------------------------------------------------------------------
                      Solver Statistics:

                        Hardware:
                           Computer name:                 	Heu 

                           Number of CPU threads:               4
                           Hardware info:                  	Hardware Accelerator Device not activated

                        Number of mesh cells:             	71808
                        Excitation duration:              	1.77727437e+001 ns 
                        Calculation time for excitation:  	0 	s
                        Number of calculated pulse widths:	1.18717 
                        Steady state accuracy limit:      	-40	dB 
                        Simulated number of time steps:   	13035 
                        Maximum number of time steps:     	219598 
                        Time step width:
                           without subcycles:             	1.618661067e-003 ns
                           used:                          	1.618661067e-003 ns

                        CAD preparation time:             	1      	s
                        Matrix calculation time:          	14 	s
                        Solver setup time:                	17 	s
                        Solver loop time:                 	40 	s
                        Solver post-processing time:      	6 	s
                                                          	------------
                        Total solver time:                	78 	s  ( = 0 h, 1 m, 18 s )

                      ------------------------------------------------------------------------------
2025-10-20 13:58:14   
                        Adaptive port meshing time:          	86     	s  ( = 0 h, 1 m, 26 s )
                        Total solver time (all cycles):      	78     	s  ( = 0 h, 1 m, 18 s )
                        Solver initialization and clean-up:  	4      	s
                                                             	------------
                        Total simulation time:               	168    	s  ( = 0 h, 2 m, 48 s )

                      ------------------------------------------------------------------------------
2025-10-20 13:58:15   Solver finished at: 2025-10-20 13:58:15 +0200



                      ------------------------------------------------------------------------------
2025-10-20 13:58:16   Creating parametric 1D results for Run ID 1

                      ------------------------------------------------------------------------------
