Port monitor named: Port1_h1[2.4].prt

nx        = 42
ny        = 4
nz        = 19

nu        = 17
nv        = 40
iu        = 2
iv        = 2

idir      = 1
dcut      = -4.860000e-002
icut      = 2
type      = 1
frequency = 2.400000e+009

fcutoff   = 0.000000e+000
alpha     = 0.000000e+000
beta      = 9.676694e+001
accuracy  = 1.778278e-010

type          = QTEM
wave imp.     = 2.253312e+002
wave imp.sig. = 2.525818e+001
line imp.     = 2.870314e+001

ref. port     = 0

-0.000000e+000  1.038997e-002  2.056157e-002  3.030695e-002  3.943843e-002  4.885321e-002  5.719021e-002  6.434386e-002  7.026509e-002  7.495717e-002  7.846853e-002  8.088374e-002  8.231375e-002  8.260229e-002  8.058895e-002  6.989583e-002  6.132907e-002  
-0.000000e+000  3.758391e-002  7.426622e-002  1.091962e-001  1.416196e-001  1.745921e-001  2.032306e-001  2.271915e-001  2.463766e-001  2.609028e-001  2.710607e-001  2.772680e-001  2.800239e-001  2.768037e-001  2.663629e-001  2.248090e-001  1.944757e-001  
-0.000000e+000  8.630998e-002  1.698301e-001  2.479821e-001  3.185842e-001  3.875221e-001  4.439687e-001  4.875201e-001  5.185755e-001  5.381434e-001  5.476290e-001  5.486395e-001  5.428291e-001  5.155134e-001  4.783503e-001  3.766673e-001  3.143931e-001  
-0.000000e+000  1.800646e-001  3.518397e-001  5.078569e-001  6.421989e-001  7.637722e-001  8.520946e-001  9.084906e-001  9.365678e-001  9.411684e-001  9.274764e-001  9.004066e-001  8.642673e-001  7.754981e-001  6.845131e-001  4.945160e-001  3.955649e-001  
-0.000000e+000  3.527622e-001  6.828667e-001  9.700661e-001  1.199122e+000  1.379425e+000  1.479175e+000  1.509990e+000  1.488275e+000  1.430590e+000  1.351020e+000  1.260311e+000  1.166054e+000  9.820704e-001  8.223727e-001  5.493903e-001  4.237492e-001  
-0.000000e+000  5.090963e-001  9.808830e-001  1.380661e+000  1.681278e+000  1.887788e+000  1.965119e+000  1.943141e+000  1.856020e+000  1.732652e+000  1.593716e+000  1.452437e+000  1.316550e+000  1.073383e+000  8.757741e-001  5.641163e-001  4.277142e-001  
-0.000000e+000  6.519837e-001  1.254185e+000  1.757144e+000  2.118543e+000  2.334315e+000  2.372408e+000  2.287321e+000  2.132907e+000  1.948730e+000  1.759262e+000  1.577794e+000  1.410613e+000  1.126198e+000  9.037559e-001  5.689469e-001  4.266802e-001  
-0.000000e+000  8.282756e-001  1.595174e+000  2.231435e+000  2.666663e+000  2.872975e+000  2.835215e+000  2.652985e+000  2.408142e+000  2.150545e+000  1.905238e+000  1.682499e+000  1.485030e+000  1.163784e+000  9.206001e-001  5.683612e-001  4.222459e-001  
-0.000000e+000  1.028407e+000  1.990473e+000  2.794548e+000  3.322116e+000  3.489881e+000  3.330345e+000  3.016705e+000  2.663684e+000  2.326540e+000  2.025427e+000  1.764048e+000  1.539649e+000  1.187850e+000  9.284499e-001  5.639631e-001  4.156388e-001  
-0.000000e+000  1.273946e+000  2.493998e+000  3.547212e+000  4.223365e+000  4.285991e+000  3.911133e+000  3.403964e+000  2.912688e+000  2.484871e+000  2.125725e+000  1.826993e+000  1.577999e+000  1.200361e+000  9.281812e-001  5.555047e-001  4.063515e-001  
-0.000000e+000  1.556286e+000  3.111732e+000  4.558411e+000  5.526803e+000  5.321340e+000  4.566267e+000  3.785242e+000  3.129680e+000  2.608052e+000  2.195055e+000  1.864499e+000  1.595911e+000  1.199564e+000  9.190656e-001  5.428489e-001  3.943603e-001  
-0.000000e+000  1.803439e+000  3.716826e+000  5.729534e+000  7.317994e+000  6.489606e+000  5.154492e+000  4.062021e+000  3.258351e+000  2.666270e+000  2.218258e+000  1.869310e+000  1.590494e+000  1.186003e+000  9.028888e-001  5.280415e-001  3.815126e-001  
-0.000000e+000  1.972519e+000  4.196385e+000  6.895686e+000  9.695109e+000  7.646423e+000  5.587092e+000  4.213418e+000  3.305913e+000  2.673671e+000  2.209095e+000  1.853002e+000  1.571083e+000  1.165710e+000  8.836264e-001  5.129529e-001  3.690098e-001  
-0.000000e+000  2.044414e+000  4.492061e+000  8.022444e+000  1.374611e+001  8.809727e+000  5.814550e+000  4.225517e+000  3.271574e+000  2.631464e+000  2.168042e+000  1.815035e+000  1.536355e+000  1.136586e+000  8.589232e-001  4.954752e-001  3.550328e-001  
-0.000000e+000  1.960518e+000  4.369532e+000  8.302167e+000  2.145849e+001  9.389243e+000  5.618890e+000  4.047198e+000  3.143642e+000  2.536904e+000  2.094495e+000  1.755346e+000  1.486384e+000  1.098708e+000  8.288360e-001  4.756473e-001  3.396154e-001  
-0.000000e+000  1.672097e+000  3.572240e+000  6.065600e+000  -0.000000e+000  6.016683e+000  4.655679e+000  3.622291e+000  2.900882e+000  2.376265e+000  1.977948e+000  1.665408e+000  1.414042e+000  1.046749e+000  7.892145e-001  4.508390e-001  3.207553e-001  
-0.000000e+000  1.216100e+000  2.334073e+000  2.827902e+000  -0.000000e+000  3.248891e+000  3.437774e+000  3.007715e+000  2.541629e+000  2.140675e+000  1.809929e+000  1.538191e+000  1.313663e+000  9.770061e-001  7.376040e-001  4.199433e-001  2.977816e-001  
-0.000000e+000  6.195723e-001  1.034559e+000  9.421352e-001  -0.000000e+000  1.438673e+000  2.048717e+000  2.114115e+000  1.959554e+000  1.740137e+000  1.518281e+000  1.315754e+000  1.138101e+000  8.562956e-001  6.495889e-001  3.688145e-001  2.604049e-001  
-0.000000e+000  9.467782e-002  1.426112e-001  1.098071e-001  -0.000000e+000  3.575339e-001  6.376681e-001  7.936488e-001  8.517223e-001  8.449063e-001  8.001914e-001  7.364436e-001  6.657776e-001  5.257180e-001  4.090252e-001  2.333260e-001  1.636195e-001  
-0.000000e+000  1.481743e-010  -1.858418e-010  1.799298e-010  -0.000000e+000  1.068350e-010  -0.000000e+000  -0.000000e+000  -1.512064e-010  1.088150e-010  2.970064e-010  1.962021e-010  8.564728e-011  -0.000000e+000  1.961007e-010  2.569273e-010  6.522149e-011  
-0.000000e+000  -9.467782e-002  -1.426112e-001  -1.098071e-001  -0.000000e+000  -3.575339e-001  -6.376681e-001  -7.936488e-001  -8.517223e-001  -8.449063e-001  -8.001914e-001  -7.364436e-001  -6.657776e-001  -5.257180e-001  -4.090252e-001  -2.333260e-001  -1.636195e-001  
-0.000000e+000  -6.195723e-001  -1.034559e+000  -9.421352e-001  -0.000000e+000  -1.438673e+000  -2.048717e+000  -2.114115e+000  -1.959554e+000  -1.740137e+000  -1.518281e+000  -1.315754e+000  -1.138101e+000  -8.562956e-001  -6.495889e-001  -3.688145e-001  -2.604049e-001  
-0.000000e+000  -1.216100e+000  -2.334073e+000  -2.827902e+000  -0.000000e+000  -3.248892e+000  -3.437774e+000  -3.007715e+000  -2.541629e+000  -2.140675e+000  -1.809929e+000  -1.538191e+000  -1.313663e+000  -9.770061e-001  -7.376040e-001  -4.199433e-001  -2.977816e-001  
-0.000000e+000  -1.672097e+000  -3.572240e+000  -6.065600e+000  -0.000000e+000  -6.016683e+000  -4.655679e+000  -3.622291e+000  -2.900882e+000  -2.376265e+000  -1.977948e+000  -1.665408e+000  -1.414042e+000  -1.046749e+000  -7.892145e-001  -4.508390e-001  -3.207553e-001  
-0.000000e+000  -1.960518e+000  -4.369532e+000  -8.302167e+000  -2.145849e+001  -9.389243e+000  -5.618890e+000  -4.047198e+000  -3.143642e+000  -2.536904e+000  -2.094495e+000  -1.755346e+000  -1.486384e+000  -1.098708e+000  -8.288360e-001  -4.756473e-001  -3.396154e-001  
-0.000000e+000  -2.044414e+000  -4.492061e+000  -8.022444e+000  -1.374611e+001  -8.809727e+000  -5.814550e+000  -4.225517e+000  -3.271574e+000  -2.631464e+000  -2.168042e+000  -1.815035e+000  -1.536355e+000  -1.136586e+000  -8.589232e-001  -4.954752e-001  -3.550328e-001  
-0.000000e+000  -1.972519e+000  -4.196385e+000  -6.895686e+000  -9.695109e+000  -7.646423e+000  -5.587092e+000  -4.213418e+000  -3.305913e+000  -2.673671e+000  -2.209095e+000  -1.853002e+000  -1.571083e+000  -1.165710e+000  -8.836264e-001  -5.129529e-001  -3.690098e-001  
-0.000000e+000  -1.803439e+000  -3.716826e+000  -5.729534e+000  -7.317994e+000  -6.489606e+000  -5.154492e+000  -4.062021e+000  -3.258351e+000  -2.666270e+000  -2.218258e+000  -1.869310e+000  -1.590494e+000  -1.186003e+000  -9.028888e-001  -5.280415e-001  -3.815126e-001  
-0.000000e+000  -1.556286e+000  -3.111732e+000  -4.558411e+000  -5.526803e+000  -5.321340e+000  -4.566267e+000  -3.785242e+000  -3.129680e+000  -2.608052e+000  -2.195055e+000  -1.864499e+000  -1.595911e+000  -1.199564e+000  -9.190656e-001  -5.428489e-001  -3.943603e-001  
-0.000000e+000  -1.273946e+000  -2.493998e+000  -3.547212e+000  -4.223365e+000  -4.285991e+000  -3.911133e+000  -3.403964e+000  -2.912688e+000  -2.484871e+000  -2.125725e+000  -1.826993e+000  -1.577999e+000  -1.200361e+000  -9.281812e-001  -5.555047e-001  -4.063515e-001  
-0.000000e+000  -1.028407e+000  -1.990473e+000  -2.794548e+000  -3.322116e+000  -3.489881e+000  -3.330345e+000  -3.016705e+000  -2.663684e+000  -2.326540e+000  -2.025427e+000  -1.764048e+000  -1.539649e+000  -1.187850e+000  -9.284499e-001  -5.639631e-001  -4.156388e-001  
-0.000000e+000  -8.282756e-001  -1.595174e+000  -2.231435e+000  -2.666663e+000  -2.872975e+000  -2.835215e+000  -2.652985e+000  -2.408142e+000  -2.150545e+000  -1.905238e+000  -1.682499e+000  -1.485030e+000  -1.163784e+000  -9.206001e-001  -5.683612e-001  -4.222459e-001  
-0.000000e+000  -6.519837e-001  -1.254185e+000  -1.757144e+000  -2.118543e+000  -2.334315e+000  -2.372408e+000  -2.287321e+000  -2.132907e+000  -1.948730e+000  -1.759262e+000  -1.577794e+000  -1.410613e+000  -1.126198e+000  -9.037559e-001  -5.689469e-001  -4.266802e-001  
-0.000000e+000  -5.090963e-001  -9.808830e-001  -1.380661e+000  -1.681278e+000  -1.887788e+000  -1.965119e+000  -1.943141e+000  -1.856020e+000  -1.732652e+000  -1.593716e+000  -1.452437e+000  -1.316550e+000  -1.073383e+000  -8.757741e-001  -5.641163e-001  -4.277142e-001  
-0.000000e+000  -3.527622e-001  -6.828667e-001  -9.700661e-001  -1.199122e+000  -1.379425e+000  -1.479175e+000  -1.509990e+000  -1.488275e+000  -1.430590e+000  -1.351020e+000  -1.260311e+000  -1.166054e+000  -9.820704e-001  -8.223727e-001  -5.493903e-001  -4.237492e-001  
-0.000000e+000  -1.800646e-001  -3.518397e-001  -5.078569e-001  -6.421989e-001  -7.637722e-001  -8.520946e-001  -9.084906e-001  -9.365678e-001  -9.411684e-001  -9.274764e-001  -9.004066e-001  -8.642673e-001  -7.754981e-001  -6.845131e-001  -4.945160e-001  -3.955649e-001  
-0.000000e+000  -8.630998e-002  -1.698301e-001  -2.479821e-001  -3.185842e-001  -3.875221e-001  -4.439687e-001  -4.875201e-001  -5.185755e-001  -5.381434e-001  -5.476290e-001  -5.486395e-001  -5.428291e-001  -5.155134e-001  -4.783503e-001  -3.766673e-001  -3.143931e-001  
-0.000000e+000  -3.758391e-002  -7.426622e-002  -1.091962e-001  -1.416196e-001  -1.745921e-001  -2.032306e-001  -2.271915e-001  -2.463766e-001  -2.609028e-001  -2.710607e-001  -2.772680e-001  -2.800239e-001  -2.768037e-001  -2.663629e-001  -2.248090e-001  -1.944757e-001  
-0.000000e+000  -1.038997e-002  -2.056157e-002  -3.030695e-002  -3.943843e-002  -4.885321e-002  -5.719021e-002  -6.434386e-002  -7.026509e-002  -7.495717e-002  -7.846854e-002  -8.088374e-002  -8.231375e-002  -8.260229e-002  -8.058895e-002  -6.989583e-002  -6.132907e-002  
-0.000000e+000  -0.000000e+000  -0.000000e+000  -0.000000e+000  -0.000000e+000  -0.000000e+000  -0.000000e+000  -0.000000e+000  -0.000000e+000  -0.000000e+000  -0.000000e+000  -0.000000e+000  -0.000000e+000  -0.000000e+000  -0.000000e+000  -0.000000e+000  -0.000000e+000  

-1.034381e+000  -1.027863e+000  -1.014943e+000  -9.958447e-001  -9.717951e-001  -9.434519e-001  -9.105097e-001  -8.736252e-001  -8.334814e-001  -7.907585e-001  -7.461095e-001  -7.001399e-001  -6.300208e-001  -5.362608e-001  -3.744458e-001  -1.280502e-001  -0.000000e+000  
-1.086899e+000  -1.079430e+000  -1.064651e+000  -1.042869e+000  -1.015323e+000  -9.827435e-001  -9.451423e-001  -9.033885e-001  -8.583621e-001  -8.109139e-001  -7.618343e-001  -7.118307e-001  -6.363551e-001  -5.375166e-001  -3.701822e-001  -1.249384e-001  -0.000000e+000  
-1.316561e+000  -1.304319e+000  -1.280252e+000  -1.245158e+000  -1.200351e+000  -1.147048e+000  -1.087030e+000  -1.022292e+000  -9.547076e-001  -8.859313e-001  -8.173476e-001  -7.500520e-001  -6.522636e-001  -5.336583e-001  -3.469498e-001  -1.108816e-001  -0.000000e+000  
-1.750012e+000  -1.725429e+000  -1.677585e+000  -1.608984e+000  -1.521390e+000  -1.418067e+000  -1.306241e+000  -1.191031e+000  -1.076693e+000  -9.664463e-001  -8.624951e-001  -7.661533e-001  -6.339550e-001  -4.909293e-001  -2.894377e-001  -8.461498e-002  -0.000000e+000  
-2.580619e+000  -2.521498e+000  -2.407935e+000  -2.248775e+000  -2.048598e+000  -1.819716e+000  -1.586813e+000  -1.363469e+000  -1.158562e+000  -9.766640e-001  -8.190793e-001  -6.849711e-001  -5.159626e-001  -3.608513e-001  -1.761807e-001  -4.269514e-002  -0.000000e+000  
-3.359105e+000  -3.253595e+000  -3.052132e+000  -2.773708e+000  -2.429791e+000  -2.051517e+000  -1.690059e+000  -1.367798e+000  -1.094009e+000  -8.688652e-001  -6.876794e-001  -5.439371e-001  -3.745648e-001  -2.364135e-001  -9.146449e-002  -1.553224e-002  -0.000000e+000  
-3.911498e+000  -3.767924e+000  -3.492962e+000  -3.113235e+000  -2.647902e+000  -2.150374e+000  -1.696608e+000  -1.312976e+000  -1.004061e+000  -7.626453e-001  -5.773220e-001  -4.366147e-001  -2.776748e-001  -1.574015e-001  -4.233654e-002  -6.348792e-004  -0.000000e+000  
-4.612092e+000  -4.417822e+000  -4.041744e+000  -3.517669e+000  -2.877123e+000  -2.215985e+000  -1.647863e+000  -1.198679e+000  -8.601709e-001  -6.115178e-001  -4.312111e-001  -3.014322e-001  -1.624027e-001  -6.730324e-002  1.089163e-002  1.499475e-002  -0.000000e+000  
-5.329524e+000  -5.084531e+000  -4.600416e+000  -3.909944e+000  -3.058667e+000  -2.215256e+000  -1.538100e+000  -1.040214e+000  -6.898874e-001  -4.480764e-001  -2.824117e-001  -1.694876e-001  -5.526114e-002  1.353272e-002  5.671188e-002  2.810520e-002  -0.000000e+000  
-6.214336e+000  -5.914632e+000  -5.300051e+000  -4.380941e+000  -3.213927e+000  -2.126535e+000  -1.332810e+000  -8.029480e-001  -4.615959e-001  -2.439027e-001  -1.053792e-001  -1.783651e-002  6.309941e-002  1.003636e-001  1.043640e-001  4.146376e-002  -0.000000e+000  
-7.303968e+000  -6.960045e+000  -6.208006e+000  -4.977376e+000  -3.294062e+000  -1.881030e+000  -9.862055e-001  -4.646112e-001  -1.669542e-001  2.789504e-003  9.907204e-002  1.519169e-001  1.910352e-001  1.919910e-001  1.532957e-001  5.494161e-002  -0.000000e+000  
-8.628605e+000  -8.284666e+000  -7.443772e+000  -5.818405e+000  -3.179408e+000  -1.357435e+000  -4.390325e-001  -5.836498e-003  1.965567e-001  2.891087e-001  3.270290e-001  3.362236e-001  3.260209e-001  2.868437e-001  2.028699e-001  6.839856e-002  -0.000000e+000  
-9.774661e+000  -9.499673e+000  -8.721825e+000  -6.834993e+000  -2.752111e+000  -6.466054e-001  1.420829e-001  4.193796e-001  5.077695e-001  5.230353e-001  5.081018e-001  4.801053e-001  4.295585e-001  3.587729e-001  2.399658e-001  7.836800e-002  -0.000000e+000  
-1.102572e+001  -1.090762e+001  -1.042674e+001  -8.604842e+000  -1.654383e+000  4.625126e-001  8.780431e-001  9.019516e-001  8.413318e-001  7.663258e-001  6.933456e-001  6.259178e-001  5.335361e-001  4.305822e-001  2.767177e-001  8.817817e-002  -0.000000e+000  
-1.232110e+001  -1.245431e+001  -1.264784e+001  -1.219176e+001  1.031554e+000  2.086785e+000  1.732911e+000  1.410493e+000  1.179608e+000  1.009330e+000  8.772049e-001  7.702300e-001  6.362114e-001  5.013678e-001  3.128098e-001  9.776423e-002  -0.000000e+000  
-1.356373e+001  -1.397634e+001  -1.511815e+001  -1.832527e+001  9.602459e+000  4.138445e+000  2.579000e+000  1.891933e+000  1.500043e+000  1.241219e+000  1.053827e+000  9.095354e-001  7.358406e-001  5.702314e-001  3.479278e-001  1.070616e-001  -0.000000e+000  
-1.488463e+001  -1.547423e+001  -1.707603e+001  -2.126706e+001  9.089218e+000  5.043655e+000  3.264265e+000  2.367053e+000  1.843176e+000  1.500119e+000  1.255860e+000  1.071252e+000  8.531878e-001  6.519787e-001  3.898070e-001  1.181303e-001  -0.000000e+000  
-1.585135e+001  -1.636580e+001  -1.748681e+001  -1.911404e+001  6.655638e+000  4.891870e+000  3.538922e+000  2.669055e+000  2.102921e+000  1.713784e+000  1.430813e+000  1.215319e+000  9.606242e-001  7.279600e-001  4.291558e-001  1.285375e-001  -0.000000e+000  
-1.685619e+001  -1.705529e+001  -1.739367e+001  -1.770946e+001  4.484390e+000  4.021333e+000  3.417153e+000  2.852001e+000  2.378131e+000  1.995485e+000  1.688835e+000  1.441717e+000  1.139876e+000  8.590043e-001  4.987686e-001  1.470367e-001  -0.000000e+000  
-1.727803e+001  -1.730330e+001  -1.734136e+001  -1.737066e+001  3.159797e+000  3.052181e+000  2.860290e+000  2.621537e+000  2.365418e+000  2.111474e+000  1.871112e+000  1.650051e+000  1.350516e+000  1.035770e+000  6.037395e-001  1.757848e-001  -0.000000e+000  
-1.727803e+001  -1.730330e+001  -1.734136e+001  -1.737066e+001  3.159797e+000  3.052181e+000  2.860290e+000  2.621537e+000  2.365418e+000  2.111474e+000  1.871112e+000  1.650051e+000  1.350516e+000  1.035770e+000  6.037395e-001  1.757848e-001  -0.000000e+000  
-1.685619e+001  -1.705529e+001  -1.739367e+001  -1.770946e+001  4.484390e+000  4.021333e+000  3.417153e+000  2.852001e+000  2.378131e+000  1.995485e+000  1.688835e+000  1.441717e+000  1.139876e+000  8.590042e-001  4.987686e-001  1.470367e-001  -0.000000e+000  
-1.585135e+001  -1.636580e+001  -1.748681e+001  -1.911404e+001  6.655638e+000  4.891870e+000  3.538922e+000  2.669055e+000  2.102921e+000  1.713784e+000  1.430813e+000  1.215319e+000  9.606242e-001  7.279600e-001  4.291558e-001  1.285375e-001  -0.000000e+000  
-1.488463e+001  -1.547423e+001  -1.707603e+001  -2.126706e+001  9.089218e+000  5.043655e+000  3.264265e+000  2.367053e+000  1.843176e+000  1.500119e+000  1.255860e+000  1.071252e+000  8.531878e-001  6.519787e-001  3.898070e-001  1.181303e-001  -0.000000e+000  
-1.356373e+001  -1.397634e+001  -1.511815e+001  -1.832527e+001  9.602459e+000  4.138445e+000  2.579000e+000  1.891933e+000  1.500043e+000  1.241219e+000  1.053827e+000  9.095354e-001  7.358406e-001  5.702314e-001  3.479278e-001  1.070616e-001  -0.000000e+000  
-1.232110e+001  -1.245431e+001  -1.264784e+001  -1.219176e+001  1.031554e+000  2.086785e+000  1.732911e+000  1.410493e+000  1.179608e+000  1.009330e+000  8.772049e-001  7.702300e-001  6.362114e-001  5.013678e-001  3.128098e-001  9.776423e-002  -0.000000e+000  
-1.102572e+001  -1.090762e+001  -1.042674e+001  -8.604842e+000  -1.654383e+000  4.625126e-001  8.780431e-001  9.019516e-001  8.413318e-001  7.663258e-001  6.933456e-001  6.259178e-001  5.335361e-001  4.305822e-001  2.767177e-001  8.817817e-002  -0.000000e+000  
-9.774661e+000  -9.499673e+000  -8.721825e+000  -6.834993e+000  -2.752111e+000  -6.466054e-001  1.420829e-001  4.193796e-001  5.077695e-001  5.230353e-001  5.081018e-001  4.801054e-001  4.295585e-001  3.587729e-001  2.399658e-001  7.836800e-002  -0.000000e+000  
-8.628605e+000  -8.284666e+000  -7.443772e+000  -5.818405e+000  -3.179408e+000  -1.357435e+000  -4.390325e-001  -5.836500e-003  1.965567e-001  2.891087e-001  3.270290e-001  3.362236e-001  3.260209e-001  2.868437e-001  2.028699e-001  6.839856e-002  -0.000000e+000  
-7.303968e+000  -6.960045e+000  -6.208006e+000  -4.977376e+000  -3.294062e+000  -1.881030e+000  -9.862055e-001  -4.646112e-001  -1.669542e-001  2.789506e-003  9.907204e-002  1.519169e-001  1.910352e-001  1.919910e-001  1.532957e-001  5.494161e-002  -0.000000e+000  
-6.214336e+000  -5.914632e+000  -5.300051e+000  -4.380941e+000  -3.213927e+000  -2.126535e+000  -1.332810e+000  -8.029480e-001  -4.615959e-001  -2.439027e-001  -1.053792e-001  -1.783650e-002  6.309941e-002  1.003636e-001  1.043640e-001  4.146376e-002  -0.000000e+000  
-5.329524e+000  -5.084531e+000  -4.600416e+000  -3.909944e+000  -3.058667e+000  -2.215256e+000  -1.538100e+000  -1.040214e+000  -6.898874e-001  -4.480764e-001  -2.824117e-001  -1.694876e-001  -5.526113e-002  1.353272e-002  5.671188e-002  2.810520e-002  -0.000000e+000  
-4.612092e+000  -4.417822e+000  -4.041744e+000  -3.517669e+000  -2.877123e+000  -2.215985e+000  -1.647863e+000  -1.198679e+000  -8.601709e-001  -6.115178e-001  -4.312111e-001  -3.014322e-001  -1.624027e-001  -6.730324e-002  1.089163e-002  1.499475e-002  -0.000000e+000  
-3.911498e+000  -3.767924e+000  -3.492962e+000  -3.113235e+000  -2.647902e+000  -2.150374e+000  -1.696608e+000  -1.312976e+000  -1.004061e+000  -7.626453e-001  -5.773220e-001  -4.366147e-001  -2.776748e-001  -1.574015e-001  -4.233654e-002  -6.348794e-004  -0.000000e+000  
-3.359105e+000  -3.253595e+000  -3.052132e+000  -2.773708e+000  -2.429791e+000  -2.051517e+000  -1.690059e+000  -1.367798e+000  -1.094009e+000  -8.688652e-001  -6.876794e-001  -5.439371e-001  -3.745648e-001  -2.364135e-001  -9.146449e-002  -1.553224e-002  -0.000000e+000  
-2.580619e+000  -2.521498e+000  -2.407935e+000  -2.248775e+000  -2.048598e+000  -1.819716e+000  -1.586813e+000  -1.363469e+000  -1.158562e+000  -9.766640e-001  -8.190793e-001  -6.849711e-001  -5.159626e-001  -3.608513e-001  -1.761807e-001  -4.269514e-002  -0.000000e+000  
-1.750012e+000  -1.725429e+000  -1.677585e+000  -1.608984e+000  -1.521390e+000  -1.418067e+000  -1.306241e+000  -1.191031e+000  -1.076693e+000  -9.664463e-001  -8.624951e-001  -7.661533e-001  -6.339550e-001  -4.909293e-001  -2.894377e-001  -8.461498e-002  -0.000000e+000  
-1.316561e+000  -1.304319e+000  -1.280252e+000  -1.245158e+000  -1.200351e+000  -1.147048e+000  -1.087030e+000  -1.022292e+000  -9.547076e-001  -8.859313e-001  -8.173476e-001  -7.500520e-001  -6.522636e-001  -5.336583e-001  -3.469498e-001  -1.108816e-001  -0.000000e+000  
-1.086899e+000  -1.079430e+000  -1.064651e+000  -1.042869e+000  -1.015323e+000  -9.827435e-001  -9.451423e-001  -9.033885e-001  -8.583621e-001  -8.109139e-001  -7.618343e-001  -7.118307e-001  -6.363551e-001  -5.375166e-001  -3.701822e-001  -1.249384e-001  -0.000000e+000  
-1.034381e+000  -1.027863e+000  -1.014943e+000  -9.958447e-001  -9.717951e-001  -9.434519e-001  -9.105097e-001  -8.736252e-001  -8.334814e-001  -7.907585e-001  -7.461095e-001  -7.001399e-001  -6.300208e-001  -5.362608e-001  -3.744458e-001  -1.280502e-001  -0.000000e+000  

0.000000e+000  0.000000e+000  0.000000e+000  0.000000e+000  0.000000e+000  0.000000e+000  0.000000e+000  0.000000e+000  0.000000e+000  0.000000e+000  0.000000e+000  0.000000e+000  0.000000e+000  0.000000e+000  0.000000e+000  0.000000e+000  0.000000e+000  
0.000000e+000  0.000000e+000  0.000000e+000  0.000000e+000  0.000000e+000  0.000000e+000  0.000000e+000  0.000000e+000  0.000000e+000  0.000000e+000  0.000000e+000  0.000000e+000  0.000000e+000  0.000000e+000  0.000000e+000  0.000000e+000  0.000000e+000  
0.000000e+000  0.000000e+000  0.000000e+000  0.000000e+000  0.000000e+000  0.000000e+000  0.000000e+000  0.000000e+000  0.000000e+000  0.000000e+000  0.000000e+000  0.000000e+000  0.000000e+000  0.000000e+000  0.000000e+000  0.000000e+000  0.000000e+000  
0.000000e+000  0.000000e+000  0.000000e+000  0.000000e+000  0.000000e+000  0.000000e+000  0.000000e+000  0.000000e+000  0.000000e+000  0.000000e+000  0.000000e+000  0.000000e+000  0.000000e+000  0.000000e+000  0.000000e+000  0.000000e+000  0.000000e+000  
0.000000e+000  0.000000e+000  0.000000e+000  0.000000e+000  0.000000e+000  0.000000e+000  0.000000e+000  0.000000e+000  0.000000e+000  0.000000e+000  0.000000e+000  0.000000e+000  0.000000e+000  0.000000e+000  0.000000e+000  0.000000e+000  0.000000e+000  
0.000000e+000  0.000000e+000  0.000000e+000  0.000000e+000  0.000000e+000  0.000000e+000  0.000000e+000  0.000000e+000  0.000000e+000  0.000000e+000  0.000000e+000  0.000000e+000  0.000000e+000  0.000000e+000  0.000000e+000  0.000000e+000  0.000000e+000  
0.000000e+000  0.000000e+000  0.000000e+000  0.000000e+000  0.000000e+000  0.000000e+000  0.000000e+000  0.000000e+000  0.000000e+000  0.000000e+000  0.000000e+000  0.000000e+000  0.000000e+000  0.000000e+000  0.000000e+000  0.000000e+000  0.000000e+000  
0.000000e+000  0.000000e+000  0.000000e+000  0.000000e+000  0.000000e+000  0.000000e+000  0.000000e+000  0.000000e+000  0.000000e+000  0.000000e+000  0.000000e+000  0.000000e+000  0.000000e+000  0.000000e+000  0.000000e+000  0.000000e+000  0.000000e+000  
0.000000e+000  0.000000e+000  0.000000e+000  0.000000e+000  0.000000e+000  0.000000e+000  0.000000e+000  0.000000e+000  0.000000e+000  0.000000e+000  0.000000e+000  0.000000e+000  0.000000e+000  0.000000e+000  0.000000e+000  0.000000e+000  0.000000e+000  
0.000000e+000  0.000000e+000  0.000000e+000  0.000000e+000  0.000000e+000  0.000000e+000  0.000000e+000  0.000000e+000  0.000000e+000  0.000000e+000  0.000000e+000  0.000000e+000  0.000000e+000  0.000000e+000  0.000000e+000  0.000000e+000  0.000000e+000  
0.000000e+000  0.000000e+000  0.000000e+000  0.000000e+000  0.000000e+000  0.000000e+000  0.000000e+000  0.000000e+000  0.000000e+000  0.000000e+000  0.000000e+000  0.000000e+000  0.000000e+000  0.000000e+000  0.000000e+000  0.000000e+000  0.000000e+000  
0.000000e+000  0.000000e+000  0.000000e+000  0.000000e+000  0.000000e+000  0.000000e+000  0.000000e+000  0.000000e+000  0.000000e+000  0.000000e+000  0.000000e+000  0.000000e+000  0.000000e+000  0.000000e+000  0.000000e+000  0.000000e+000  0.000000e+000  
0.000000e+000  0.000000e+000  0.000000e+000  0.000000e+000  0.000000e+000  0.000000e+000  0.000000e+000  0.000000e+000  0.000000e+000  0.000000e+000  0.000000e+000  0.000000e+000  0.000000e+000  0.000000e+000  0.000000e+000  0.000000e+000  0.000000e+000  
0.000000e+000  0.000000e+000  0.000000e+000  0.000000e+000  0.000000e+000  0.000000e+000  0.000000e+000  0.000000e+000  0.000000e+000  0.000000e+000  0.000000e+000  0.000000e+000  0.000000e+000  0.000000e+000  0.000000e+000  0.000000e+000  0.000000e+000  
0.000000e+000  0.000000e+000  0.000000e+000  0.000000e+000  0.000000e+000  0.000000e+000  0.000000e+000  0.000000e+000  0.000000e+000  0.000000e+000  0.000000e+000  0.000000e+000  0.000000e+000  0.000000e+000  0.000000e+000  0.000000e+000  0.000000e+000  
0.000000e+000  0.000000e+000  0.000000e+000  0.000000e+000  0.000000e+000  0.000000e+000  0.000000e+000  0.000000e+000  0.000000e+000  0.000000e+000  0.000000e+000  0.000000e+000  0.000000e+000  0.000000e+000  0.000000e+000  0.000000e+000  0.000000e+000  
0.000000e+000  0.000000e+000  0.000000e+000  0.000000e+000  0.000000e+000  0.000000e+000  0.000000e+000  0.000000e+000  0.000000e+000  0.000000e+000  0.000000e+000  0.000000e+000  0.000000e+000  0.000000e+000  0.000000e+000  0.000000e+000  0.000000e+000  
0.000000e+000  0.000000e+000  0.000000e+000  0.000000e+000  0.000000e+000  0.000000e+000  0.000000e+000  0.000000e+000  0.000000e+000  0.000000e+000  0.000000e+000  0.000000e+000  0.000000e+000  0.000000e+000  0.000000e+000  0.000000e+000  0.000000e+000  
0.000000e+000  0.000000e+000  0.000000e+000  0.000000e+000  0.000000e+000  0.000000e+000  0.000000e+000  0.000000e+000  0.000000e+000  0.000000e+000  0.000000e+000  0.000000e+000  0.000000e+000  0.000000e+000  0.000000e+000  0.000000e+000  0.000000e+000  
0.000000e+000  0.000000e+000  0.000000e+000  0.000000e+000  0.000000e+000  0.000000e+000  0.000000e+000  0.000000e+000  0.000000e+000  0.000000e+000  0.000000e+000  0.000000e+000  0.000000e+000  0.000000e+000  0.000000e+000  0.000000e+000  0.000000e+000  
0.000000e+000  0.000000e+000  0.000000e+000  0.000000e+000  0.000000e+000  0.000000e+000  0.000000e+000  0.000000e+000  0.000000e+000  0.000000e+000  0.000000e+000  0.000000e+000  0.000000e+000  0.000000e+000  0.000000e+000  0.000000e+000  0.000000e+000  
0.000000e+000  0.000000e+000  0.000000e+000  0.000000e+000  0.000000e+000  0.000000e+000  0.000000e+000  0.000000e+000  0.000000e+000  0.000000e+000  0.000000e+000  0.000000e+000  0.000000e+000  0.000000e+000  0.000000e+000  0.000000e+000  0.000000e+000  
0.000000e+000  0.000000e+000  0.000000e+000  0.000000e+000  0.000000e+000  0.000000e+000  0.000000e+000  0.000000e+000  0.000000e+000  0.000000e+000  0.000000e+000  0.000000e+000  0.000000e+000  0.000000e+000  0.000000e+000  0.000000e+000  0.000000e+000  
0.000000e+000  0.000000e+000  0.000000e+000  0.000000e+000  0.000000e+000  0.000000e+000  0.000000e+000  0.000000e+000  0.000000e+000  0.000000e+000  0.000000e+000  0.000000e+000  0.000000e+000  0.000000e+000  0.000000e+000  0.000000e+000  0.000000e+000  
0.000000e+000  0.000000e+000  0.000000e+000  0.000000e+000  0.000000e+000  0.000000e+000  0.000000e+000  0.000000e+000  0.000000e+000  0.000000e+000  0.000000e+000  0.000000e+000  0.000000e+000  0.000000e+000  0.000000e+000  0.000000e+000  0.000000e+000  
0.000000e+000  0.000000e+000  0.000000e+000  0.000000e+000  0.000000e+000  0.000000e+000  0.000000e+000  0.000000e+000  0.000000e+000  0.000000e+000  0.000000e+000  0.000000e+000  0.000000e+000  0.000000e+000  0.000000e+000  0.000000e+000  0.000000e+000  
0.000000e+000  0.000000e+000  0.000000e+000  0.000000e+000  0.000000e+000  0.000000e+000  0.000000e+000  0.000000e+000  0.000000e+000  0.000000e+000  0.000000e+000  0.000000e+000  0.000000e+000  0.000000e+000  0.000000e+000  0.000000e+000  0.000000e+000  
0.000000e+000  0.000000e+000  0.000000e+000  0.000000e+000  0.000000e+000  0.000000e+000  0.000000e+000  0.000000e+000  0.000000e+000  0.000000e+000  0.000000e+000  0.000000e+000  0.000000e+000  0.000000e+000  0.000000e+000  0.000000e+000  0.000000e+000  
0.000000e+000  0.000000e+000  0.000000e+000  0.000000e+000  0.000000e+000  0.000000e+000  0.000000e+000  0.000000e+000  0.000000e+000  0.000000e+000  0.000000e+000  0.000000e+000  0.000000e+000  0.000000e+000  0.000000e+000  0.000000e+000  0.000000e+000  
0.000000e+000  0.000000e+000  0.000000e+000  0.000000e+000  0.000000e+000  0.000000e+000  0.000000e+000  0.000000e+000  0.000000e+000  0.000000e+000  0.000000e+000  0.000000e+000  0.000000e+000  0.000000e+000  0.000000e+000  0.000000e+000  0.000000e+000  
0.000000e+000  0.000000e+000  0.000000e+000  0.000000e+000  0.000000e+000  0.000000e+000  0.000000e+000  0.000000e+000  0.000000e+000  0.000000e+000  0.000000e+000  0.000000e+000  0.000000e+000  0.000000e+000  0.000000e+000  0.000000e+000  0.000000e+000  
0.000000e+000  0.000000e+000  0.000000e+000  0.000000e+000  0.000000e+000  0.000000e+000  0.000000e+000  0.000000e+000  0.000000e+000  0.000000e+000  0.000000e+000  0.000000e+000  0.000000e+000  0.000000e+000  0.000000e+000  0.000000e+000  0.000000e+000  
0.000000e+000  0.000000e+000  0.000000e+000  0.000000e+000  0.000000e+000  0.000000e+000  0.000000e+000  0.000000e+000  0.000000e+000  0.000000e+000  0.000000e+000  0.000000e+000  0.000000e+000  0.000000e+000  0.000000e+000  0.000000e+000  0.000000e+000  
0.000000e+000  0.000000e+000  0.000000e+000  0.000000e+000  0.000000e+000  0.000000e+000  0.000000e+000  0.000000e+000  0.000000e+000  0.000000e+000  0.000000e+000  0.000000e+000  0.000000e+000  0.000000e+000  0.000000e+000  0.000000e+000  0.000000e+000  
0.000000e+000  0.000000e+000  0.000000e+000  0.000000e+000  0.000000e+000  0.000000e+000  0.000000e+000  0.000000e+000  0.000000e+000  0.000000e+000  0.000000e+000  0.000000e+000  0.000000e+000  0.000000e+000  0.000000e+000  0.000000e+000  0.000000e+000  
0.000000e+000  0.000000e+000  0.000000e+000  0.000000e+000  0.000000e+000  0.000000e+000  0.000000e+000  0.000000e+000  0.000000e+000  0.000000e+000  0.000000e+000  0.000000e+000  0.000000e+000  0.000000e+000  0.000000e+000  0.000000e+000  0.000000e+000  
0.000000e+000  0.000000e+000  0.000000e+000  0.000000e+000  0.000000e+000  0.000000e+000  0.000000e+000  0.000000e+000  0.000000e+000  0.000000e+000  0.000000e+000  0.000000e+000  0.000000e+000  0.000000e+000  0.000000e+000  0.000000e+000  0.000000e+000  
0.000000e+000  0.000000e+000  0.000000e+000  0.000000e+000  0.000000e+000  0.000000e+000  0.000000e+000  0.000000e+000  0.000000e+000  0.000000e+000  0.000000e+000  0.000000e+000  0.000000e+000  0.000000e+000  0.000000e+000  0.000000e+000  0.000000e+000  
0.000000e+000  0.000000e+000  0.000000e+000  0.000000e+000  0.000000e+000  0.000000e+000  0.000000e+000  0.000000e+000  0.000000e+000  0.000000e+000  0.000000e+000  0.000000e+000  0.000000e+000  0.000000e+000  0.000000e+000  0.000000e+000  0.000000e+000  
0.000000e+000  0.000000e+000  0.000000e+000  0.000000e+000  0.000000e+000  0.000000e+000  0.000000e+000  0.000000e+000  0.000000e+000  0.000000e+000  0.000000e+000  0.000000e+000  0.000000e+000  0.000000e+000  0.000000e+000  0.000000e+000  0.000000e+000  

0.000000e+000  0.000000e+000  0.000000e+000  0.000000e+000  0.000000e+000  0.000000e+000  0.000000e+000  0.000000e+000  0.000000e+000  0.000000e+000  0.000000e+000  0.000000e+000  0.000000e+000  0.000000e+000  0.000000e+000  0.000000e+000  0.000000e+000  
0.000000e+000  0.000000e+000  0.000000e+000  0.000000e+000  0.000000e+000  0.000000e+000  0.000000e+000  0.000000e+000  0.000000e+000  0.000000e+000  0.000000e+000  0.000000e+000  0.000000e+000  0.000000e+000  0.000000e+000  0.000000e+000  0.000000e+000  
0.000000e+000  0.000000e+000  0.000000e+000  0.000000e+000  0.000000e+000  0.000000e+000  0.000000e+000  0.000000e+000  0.000000e+000  0.000000e+000  0.000000e+000  0.000000e+000  0.000000e+000  0.000000e+000  0.000000e+000  0.000000e+000  0.000000e+000  
0.000000e+000  0.000000e+000  0.000000e+000  0.000000e+000  0.000000e+000  0.000000e+000  0.000000e+000  0.000000e+000  0.000000e+000  0.000000e+000  0.000000e+000  0.000000e+000  0.000000e+000  0.000000e+000  0.000000e+000  0.000000e+000  0.000000e+000  
0.000000e+000  0.000000e+000  0.000000e+000  0.000000e+000  0.000000e+000  0.000000e+000  0.000000e+000  0.000000e+000  0.000000e+000  0.000000e+000  0.000000e+000  0.000000e+000  0.000000e+000  0.000000e+000  0.000000e+000  0.000000e+000  0.000000e+000  
0.000000e+000  0.000000e+000  0.000000e+000  0.000000e+000  0.000000e+000  0.000000e+000  0.000000e+000  0.000000e+000  0.000000e+000  0.000000e+000  0.000000e+000  0.000000e+000  0.000000e+000  0.000000e+000  0.000000e+000  0.000000e+000  0.000000e+000  
0.000000e+000  0.000000e+000  0.000000e+000  0.000000e+000  0.000000e+000  0.000000e+000  0.000000e+000  0.000000e+000  0.000000e+000  0.000000e+000  0.000000e+000  0.000000e+000  0.000000e+000  0.000000e+000  0.000000e+000  0.000000e+000  0.000000e+000  
0.000000e+000  0.000000e+000  0.000000e+000  0.000000e+000  0.000000e+000  0.000000e+000  0.000000e+000  0.000000e+000  0.000000e+000  0.000000e+000  0.000000e+000  0.000000e+000  0.000000e+000  0.000000e+000  0.000000e+000  0.000000e+000  0.000000e+000  
0.000000e+000  0.000000e+000  0.000000e+000  0.000000e+000  0.000000e+000  0.000000e+000  0.000000e+000  0.000000e+000  0.000000e+000  0.000000e+000  0.000000e+000  0.000000e+000  0.000000e+000  0.000000e+000  0.000000e+000  0.000000e+000  0.000000e+000  
0.000000e+000  0.000000e+000  0.000000e+000  0.000000e+000  0.000000e+000  0.000000e+000  0.000000e+000  0.000000e+000  0.000000e+000  0.000000e+000  0.000000e+000  0.000000e+000  0.000000e+000  0.000000e+000  0.000000e+000  0.000000e+000  0.000000e+000  
0.000000e+000  0.000000e+000  0.000000e+000  0.000000e+000  0.000000e+000  0.000000e+000  0.000000e+000  0.000000e+000  0.000000e+000  0.000000e+000  0.000000e+000  0.000000e+000  0.000000e+000  0.000000e+000  0.000000e+000  0.000000e+000  0.000000e+000  
0.000000e+000  0.000000e+000  0.000000e+000  0.000000e+000  0.000000e+000  0.000000e+000  0.000000e+000  0.000000e+000  0.000000e+000  0.000000e+000  0.000000e+000  0.000000e+000  0.000000e+000  0.000000e+000  0.000000e+000  0.000000e+000  0.000000e+000  
0.000000e+000  0.000000e+000  0.000000e+000  0.000000e+000  0.000000e+000  0.000000e+000  0.000000e+000  0.000000e+000  0.000000e+000  0.000000e+000  0.000000e+000  0.000000e+000  0.000000e+000  0.000000e+000  0.000000e+000  0.000000e+000  0.000000e+000  
0.000000e+000  0.000000e+000  0.000000e+000  0.000000e+000  0.000000e+000  0.000000e+000  0.000000e+000  0.000000e+000  0.000000e+000  0.000000e+000  0.000000e+000  0.000000e+000  0.000000e+000  0.000000e+000  0.000000e+000  0.000000e+000  0.000000e+000  
0.000000e+000  0.000000e+000  0.000000e+000  0.000000e+000  0.000000e+000  0.000000e+000  0.000000e+000  0.000000e+000  0.000000e+000  0.000000e+000  0.000000e+000  0.000000e+000  0.000000e+000  0.000000e+000  0.000000e+000  0.000000e+000  0.000000e+000  
0.000000e+000  0.000000e+000  0.000000e+000  0.000000e+000  0.000000e+000  0.000000e+000  0.000000e+000  0.000000e+000  0.000000e+000  0.000000e+000  0.000000e+000  0.000000e+000  0.000000e+000  0.000000e+000  0.000000e+000  0.000000e+000  0.000000e+000  
0.000000e+000  0.000000e+000  0.000000e+000  0.000000e+000  0.000000e+000  0.000000e+000  0.000000e+000  0.000000e+000  0.000000e+000  0.000000e+000  0.000000e+000  0.000000e+000  0.000000e+000  0.000000e+000  0.000000e+000  0.000000e+000  0.000000e+000  
0.000000e+000  0.000000e+000  0.000000e+000  0.000000e+000  0.000000e+000  0.000000e+000  0.000000e+000  0.000000e+000  0.000000e+000  0.000000e+000  0.000000e+000  0.000000e+000  0.000000e+000  0.000000e+000  0.000000e+000  0.000000e+000  0.000000e+000  
0.000000e+000  0.000000e+000  0.000000e+000  0.000000e+000  0.000000e+000  0.000000e+000  0.000000e+000  0.000000e+000  0.000000e+000  0.000000e+000  0.000000e+000  0.000000e+000  0.000000e+000  0.000000e+000  0.000000e+000  0.000000e+000  0.000000e+000  
0.000000e+000  0.000000e+000  0.000000e+000  0.000000e+000  0.000000e+000  0.000000e+000  0.000000e+000  0.000000e+000  0.000000e+000  0.000000e+000  0.000000e+000  0.000000e+000  0.000000e+000  0.000000e+000  0.000000e+000  0.000000e+000  0.000000e+000  
0.000000e+000  0.000000e+000  0.000000e+000  0.000000e+000  0.000000e+000  0.000000e+000  0.000000e+000  0.000000e+000  0.000000e+000  0.000000e+000  0.000000e+000  0.000000e+000  0.000000e+000  0.000000e+000  0.000000e+000  0.000000e+000  0.000000e+000  
0.000000e+000  0.000000e+000  0.000000e+000  0.000000e+000  0.000000e+000  0.000000e+000  0.000000e+000  0.000000e+000  0.000000e+000  0.000000e+000  0.000000e+000  0.000000e+000  0.000000e+000  0.000000e+000  0.000000e+000  0.000000e+000  0.000000e+000  
0.000000e+000  0.000000e+000  0.000000e+000  0.000000e+000  0.000000e+000  0.000000e+000  0.000000e+000  0.000000e+000  0.000000e+000  0.000000e+000  0.000000e+000  0.000000e+000  0.000000e+000  0.000000e+000  0.000000e+000  0.000000e+000  0.000000e+000  
0.000000e+000  0.000000e+000  0.000000e+000  0.000000e+000  0.000000e+000  0.000000e+000  0.000000e+000  0.000000e+000  0.000000e+000  0.000000e+000  0.000000e+000  0.000000e+000  0.000000e+000  0.000000e+000  0.000000e+000  0.000000e+000  0.000000e+000  
0.000000e+000  0.000000e+000  0.000000e+000  0.000000e+000  0.000000e+000  0.000000e+000  0.000000e+000  0.000000e+000  0.000000e+000  0.000000e+000  0.000000e+000  0.000000e+000  0.000000e+000  0.000000e+000  0.000000e+000  0.000000e+000  0.000000e+000  
0.000000e+000  0.000000e+000  0.000000e+000  0.000000e+000  0.000000e+000  0.000000e+000  0.000000e+000  0.000000e+000  0.000000e+000  0.000000e+000  0.000000e+000  0.000000e+000  0.000000e+000  0.000000e+000  0.000000e+000  0.000000e+000  0.000000e+000  
0.000000e+000  0.000000e+000  0.000000e+000  0.000000e+000  0.000000e+000  0.000000e+000  0.000000e+000  0.000000e+000  0.000000e+000  0.000000e+000  0.000000e+000  0.000000e+000  0.000000e+000  0.000000e+000  0.000000e+000  0.000000e+000  0.000000e+000  
0.000000e+000  0.000000e+000  0.000000e+000  0.000000e+000  0.000000e+000  0.000000e+000  0.000000e+000  0.000000e+000  0.000000e+000  0.000000e+000  0.000000e+000  0.000000e+000  0.000000e+000  0.000000e+000  0.000000e+000  0.000000e+000  0.000000e+000  
0.000000e+000  0.000000e+000  0.000000e+000  0.000000e+000  0.000000e+000  0.000000e+000  0.000000e+000  0.000000e+000  0.000000e+000  0.000000e+000  0.000000e+000  0.000000e+000  0.000000e+000  0.000000e+000  0.000000e+000  0.000000e+000  0.000000e+000  
0.000000e+000  0.000000e+000  0.000000e+000  0.000000e+000  0.000000e+000  0.000000e+000  0.000000e+000  0.000000e+000  0.000000e+000  0.000000e+000  0.000000e+000  0.000000e+000  0.000000e+000  0.000000e+000  0.000000e+000  0.000000e+000  0.000000e+000  
0.000000e+000  0.000000e+000  0.000000e+000  0.000000e+000  0.000000e+000  0.000000e+000  0.000000e+000  0.000000e+000  0.000000e+000  0.000000e+000  0.000000e+000  0.000000e+000  0.000000e+000  0.000000e+000  0.000000e+000  0.000000e+000  0.000000e+000  
0.000000e+000  0.000000e+000  0.000000e+000  0.000000e+000  0.000000e+000  0.000000e+000  0.000000e+000  0.000000e+000  0.000000e+000  0.000000e+000  0.000000e+000  0.000000e+000  0.000000e+000  0.000000e+000  0.000000e+000  0.000000e+000  0.000000e+000  
0.000000e+000  0.000000e+000  0.000000e+000  0.000000e+000  0.000000e+000  0.000000e+000  0.000000e+000  0.000000e+000  0.000000e+000  0.000000e+000  0.000000e+000  0.000000e+000  0.000000e+000  0.000000e+000  0.000000e+000  0.000000e+000  0.000000e+000  
0.000000e+000  0.000000e+000  0.000000e+000  0.000000e+000  0.000000e+000  0.000000e+000  0.000000e+000  0.000000e+000  0.000000e+000  0.000000e+000  0.000000e+000  0.000000e+000  0.000000e+000  0.000000e+000  0.000000e+000  0.000000e+000  0.000000e+000  
0.000000e+000  0.000000e+000  0.000000e+000  0.000000e+000  0.000000e+000  0.000000e+000  0.000000e+000  0.000000e+000  0.000000e+000  0.000000e+000  0.000000e+000  0.000000e+000  0.000000e+000  0.000000e+000  0.000000e+000  0.000000e+000  0.000000e+000  
0.000000e+000  0.000000e+000  0.000000e+000  0.000000e+000  0.000000e+000  0.000000e+000  0.000000e+000  0.000000e+000  0.000000e+000  0.000000e+000  0.000000e+000  0.000000e+000  0.000000e+000  0.000000e+000  0.000000e+000  0.000000e+000  0.000000e+000  
0.000000e+000  0.000000e+000  0.000000e+000  0.000000e+000  0.000000e+000  0.000000e+000  0.000000e+000  0.000000e+000  0.000000e+000  0.000000e+000  0.000000e+000  0.000000e+000  0.000000e+000  0.000000e+000  0.000000e+000  0.000000e+000  0.000000e+000  
0.000000e+000  0.000000e+000  0.000000e+000  0.000000e+000  0.000000e+000  0.000000e+000  0.000000e+000  0.000000e+000  0.000000e+000  0.000000e+000  0.000000e+000  0.000000e+000  0.000000e+000  0.000000e+000  0.000000e+000  0.000000e+000  0.000000e+000  
0.000000e+000  0.000000e+000  0.000000e+000  0.000000e+000  0.000000e+000  0.000000e+000  0.000000e+000  0.000000e+000  0.000000e+000  0.000000e+000  0.000000e+000  0.000000e+000  0.000000e+000  0.000000e+000  0.000000e+000  0.000000e+000  0.000000e+000  
0.000000e+000  0.000000e+000  0.000000e+000  0.000000e+000  0.000000e+000  0.000000e+000  0.000000e+000  0.000000e+000  0.000000e+000  0.000000e+000  0.000000e+000  0.000000e+000  0.000000e+000  0.000000e+000  0.000000e+000  0.000000e+000  0.000000e+000  

0.000000e+000  0.000000e+000  0.000000e+000  0.000000e+000  0.000000e+000  0.000000e+000  0.000000e+000  0.000000e+000  0.000000e+000  0.000000e+000  0.000000e+000  0.000000e+000  0.000000e+000  0.000000e+000  0.000000e+000  0.000000e+000  0.000000e+000  
0.000000e+000  0.000000e+000  0.000000e+000  0.000000e+000  0.000000e+000  0.000000e+000  0.000000e+000  0.000000e+000  0.000000e+000  0.000000e+000  0.000000e+000  0.000000e+000  0.000000e+000  0.000000e+000  0.000000e+000  0.000000e+000  0.000000e+000  
0.000000e+000  0.000000e+000  0.000000e+000  0.000000e+000  0.000000e+000  0.000000e+000  0.000000e+000  0.000000e+000  0.000000e+000  0.000000e+000  0.000000e+000  0.000000e+000  0.000000e+000  0.000000e+000  0.000000e+000  0.000000e+000  0.000000e+000  
0.000000e+000  0.000000e+000  0.000000e+000  0.000000e+000  0.000000e+000  0.000000e+000  0.000000e+000  0.000000e+000  0.000000e+000  0.000000e+000  0.000000e+000  0.000000e+000  0.000000e+000  0.000000e+000  0.000000e+000  0.000000e+000  0.000000e+000  
0.000000e+000  0.000000e+000  0.000000e+000  0.000000e+000  0.000000e+000  0.000000e+000  0.000000e+000  0.000000e+000  0.000000e+000  0.000000e+000  0.000000e+000  0.000000e+000  0.000000e+000  0.000000e+000  0.000000e+000  0.000000e+000  0.000000e+000  
0.000000e+000  0.000000e+000  0.000000e+000  0.000000e+000  0.000000e+000  0.000000e+000  0.000000e+000  0.000000e+000  0.000000e+000  0.000000e+000  0.000000e+000  0.000000e+000  0.000000e+000  0.000000e+000  0.000000e+000  0.000000e+000  0.000000e+000  
0.000000e+000  0.000000e+000  0.000000e+000  0.000000e+000  0.000000e+000  0.000000e+000  0.000000e+000  0.000000e+000  0.000000e+000  0.000000e+000  0.000000e+000  0.000000e+000  0.000000e+000  0.000000e+000  0.000000e+000  0.000000e+000  0.000000e+000  
0.000000e+000  0.000000e+000  0.000000e+000  0.000000e+000  0.000000e+000  0.000000e+000  0.000000e+000  0.000000e+000  0.000000e+000  0.000000e+000  0.000000e+000  0.000000e+000  0.000000e+000  0.000000e+000  0.000000e+000  0.000000e+000  0.000000e+000  
0.000000e+000  0.000000e+000  0.000000e+000  0.000000e+000  0.000000e+000  0.000000e+000  0.000000e+000  0.000000e+000  0.000000e+000  0.000000e+000  0.000000e+000  0.000000e+000  0.000000e+000  0.000000e+000  0.000000e+000  0.000000e+000  0.000000e+000  
0.000000e+000  0.000000e+000  0.000000e+000  0.000000e+000  0.000000e+000  0.000000e+000  0.000000e+000  0.000000e+000  0.000000e+000  0.000000e+000  0.000000e+000  0.000000e+000  0.000000e+000  0.000000e+000  0.000000e+000  0.000000e+000  0.000000e+000  
0.000000e+000  0.000000e+000  0.000000e+000  0.000000e+000  0.000000e+000  0.000000e+000  0.000000e+000  0.000000e+000  0.000000e+000  0.000000e+000  0.000000e+000  0.000000e+000  0.000000e+000  0.000000e+000  0.000000e+000  0.000000e+000  0.000000e+000  
0.000000e+000  0.000000e+000  0.000000e+000  0.000000e+000  0.000000e+000  0.000000e+000  0.000000e+000  0.000000e+000  0.000000e+000  0.000000e+000  0.000000e+000  0.000000e+000  0.000000e+000  0.000000e+000  0.000000e+000  0.000000e+000  0.000000e+000  
0.000000e+000  0.000000e+000  0.000000e+000  0.000000e+000  0.000000e+000  0.000000e+000  0.000000e+000  0.000000e+000  0.000000e+000  0.000000e+000  0.000000e+000  0.000000e+000  0.000000e+000  0.000000e+000  0.000000e+000  0.000000e+000  0.000000e+000  
0.000000e+000  0.000000e+000  0.000000e+000  0.000000e+000  0.000000e+000  0.000000e+000  0.000000e+000  0.000000e+000  0.000000e+000  0.000000e+000  0.000000e+000  0.000000e+000  0.000000e+000  0.000000e+000  0.000000e+000  0.000000e+000  0.000000e+000  
0.000000e+000  0.000000e+000  0.000000e+000  0.000000e+000  0.000000e+000  0.000000e+000  0.000000e+000  0.000000e+000  0.000000e+000  0.000000e+000  0.000000e+000  0.000000e+000  0.000000e+000  0.000000e+000  0.000000e+000  0.000000e+000  0.000000e+000  
0.000000e+000  0.000000e+000  0.000000e+000  0.000000e+000  0.000000e+000  0.000000e+000  0.000000e+000  0.000000e+000  0.000000e+000  0.000000e+000  0.000000e+000  0.000000e+000  0.000000e+000  0.000000e+000  0.000000e+000  0.000000e+000  0.000000e+000  
0.000000e+000  0.000000e+000  0.000000e+000  0.000000e+000  0.000000e+000  0.000000e+000  0.000000e+000  0.000000e+000  0.000000e+000  0.000000e+000  0.000000e+000  0.000000e+000  0.000000e+000  0.000000e+000  0.000000e+000  0.000000e+000  0.000000e+000  
0.000000e+000  0.000000e+000  0.000000e+000  0.000000e+000  0.000000e+000  0.000000e+000  0.000000e+000  0.000000e+000  0.000000e+000  0.000000e+000  0.000000e+000  0.000000e+000  0.000000e+000  0.000000e+000  0.000000e+000  0.000000e+000  0.000000e+000  
0.000000e+000  0.000000e+000  0.000000e+000  0.000000e+000  0.000000e+000  0.000000e+000  0.000000e+000  0.000000e+000  0.000000e+000  0.000000e+000  0.000000e+000  0.000000e+000  0.000000e+000  0.000000e+000  0.000000e+000  0.000000e+000  0.000000e+000  
0.000000e+000  0.000000e+000  0.000000e+000  0.000000e+000  0.000000e+000  0.000000e+000  0.000000e+000  0.000000e+000  0.000000e+000  0.000000e+000  0.000000e+000  0.000000e+000  0.000000e+000  0.000000e+000  0.000000e+000  0.000000e+000  0.000000e+000  
0.000000e+000  0.000000e+000  0.000000e+000  0.000000e+000  0.000000e+000  0.000000e+000  0.000000e+000  0.000000e+000  0.000000e+000  0.000000e+000  0.000000e+000  0.000000e+000  0.000000e+000  0.000000e+000  0.000000e+000  0.000000e+000  0.000000e+000  
0.000000e+000  0.000000e+000  0.000000e+000  0.000000e+000  0.000000e+000  0.000000e+000  0.000000e+000  0.000000e+000  0.000000e+000  0.000000e+000  0.000000e+000  0.000000e+000  0.000000e+000  0.000000e+000  0.000000e+000  0.000000e+000  0.000000e+000  
0.000000e+000  0.000000e+000  0.000000e+000  0.000000e+000  0.000000e+000  0.000000e+000  0.000000e+000  0.000000e+000  0.000000e+000  0.000000e+000  0.000000e+000  0.000000e+000  0.000000e+000  0.000000e+000  0.000000e+000  0.000000e+000  0.000000e+000  
0.000000e+000  0.000000e+000  0.000000e+000  0.000000e+000  0.000000e+000  0.000000e+000  0.000000e+000  0.000000e+000  0.000000e+000  0.000000e+000  0.000000e+000  0.000000e+000  0.000000e+000  0.000000e+000  0.000000e+000  0.000000e+000  0.000000e+000  
0.000000e+000  0.000000e+000  0.000000e+000  0.000000e+000  0.000000e+000  0.000000e+000  0.000000e+000  0.000000e+000  0.000000e+000  0.000000e+000  0.000000e+000  0.000000e+000  0.000000e+000  0.000000e+000  0.000000e+000  0.000000e+000  0.000000e+000  
0.000000e+000  0.000000e+000  0.000000e+000  0.000000e+000  0.000000e+000  0.000000e+000  0.000000e+000  0.000000e+000  0.000000e+000  0.000000e+000  0.000000e+000  0.000000e+000  0.000000e+000  0.000000e+000  0.000000e+000  0.000000e+000  0.000000e+000  
0.000000e+000  0.000000e+000  0.000000e+000  0.000000e+000  0.000000e+000  0.000000e+000  0.000000e+000  0.000000e+000  0.000000e+000  0.000000e+000  0.000000e+000  0.000000e+000  0.000000e+000  0.000000e+000  0.000000e+000  0.000000e+000  0.000000e+000  
0.000000e+000  0.000000e+000  0.000000e+000  0.000000e+000  0.000000e+000  0.000000e+000  0.000000e+000  0.000000e+000  0.000000e+000  0.000000e+000  0.000000e+000  0.000000e+000  0.000000e+000  0.000000e+000  0.000000e+000  0.000000e+000  0.000000e+000  
0.000000e+000  0.000000e+000  0.000000e+000  0.000000e+000  0.000000e+000  0.000000e+000  0.000000e+000  0.000000e+000  0.000000e+000  0.000000e+000  0.000000e+000  0.000000e+000  0.000000e+000  0.000000e+000  0.000000e+000  0.000000e+000  0.000000e+000  
0.000000e+000  0.000000e+000  0.000000e+000  0.000000e+000  0.000000e+000  0.000000e+000  0.000000e+000  0.000000e+000  0.000000e+000  0.000000e+000  0.000000e+000  0.000000e+000  0.000000e+000  0.000000e+000  0.000000e+000  0.000000e+000  0.000000e+000  
0.000000e+000  0.000000e+000  0.000000e+000  0.000000e+000  0.000000e+000  0.000000e+000  0.000000e+000  0.000000e+000  0.000000e+000  0.000000e+000  0.000000e+000  0.000000e+000  0.000000e+000  0.000000e+000  0.000000e+000  0.000000e+000  0.000000e+000  
0.000000e+000  0.000000e+000  0.000000e+000  0.000000e+000  0.000000e+000  0.000000e+000  0.000000e+000  0.000000e+000  0.000000e+000  0.000000e+000  0.000000e+000  0.000000e+000  0.000000e+000  0.000000e+000  0.000000e+000  0.000000e+000  0.000000e+000  
0.000000e+000  0.000000e+000  0.000000e+000  0.000000e+000  0.000000e+000  0.000000e+000  0.000000e+000  0.000000e+000  0.000000e+000  0.000000e+000  0.000000e+000  0.000000e+000  0.000000e+000  0.000000e+000  0.000000e+000  0.000000e+000  0.000000e+000  
0.000000e+000  0.000000e+000  0.000000e+000  0.000000e+000  0.000000e+000  0.000000e+000  0.000000e+000  0.000000e+000  0.000000e+000  0.000000e+000  0.000000e+000  0.000000e+000  0.000000e+000  0.000000e+000  0.000000e+000  0.000000e+000  0.000000e+000  
0.000000e+000  0.000000e+000  0.000000e+000  0.000000e+000  0.000000e+000  0.000000e+000  0.000000e+000  0.000000e+000  0.000000e+000  0.000000e+000  0.000000e+000  0.000000e+000  0.000000e+000  0.000000e+000  0.000000e+000  0.000000e+000  0.000000e+000  
0.000000e+000  0.000000e+000  0.000000e+000  0.000000e+000  0.000000e+000  0.000000e+000  0.000000e+000  0.000000e+000  0.000000e+000  0.000000e+000  0.000000e+000  0.000000e+000  0.000000e+000  0.000000e+000  0.000000e+000  0.000000e+000  0.000000e+000  
0.000000e+000  0.000000e+000  0.000000e+000  0.000000e+000  0.000000e+000  0.000000e+000  0.000000e+000  0.000000e+000  0.000000e+000  0.000000e+000  0.000000e+000  0.000000e+000  0.000000e+000  0.000000e+000  0.000000e+000  0.000000e+000  0.000000e+000  
0.000000e+000  0.000000e+000  0.000000e+000  0.000000e+000  0.000000e+000  0.000000e+000  0.000000e+000  0.000000e+000  0.000000e+000  0.000000e+000  0.000000e+000  0.000000e+000  0.000000e+000  0.000000e+000  0.000000e+000  0.000000e+000  0.000000e+000  
0.000000e+000  0.000000e+000  0.000000e+000  0.000000e+000  0.000000e+000  0.000000e+000  0.000000e+000  0.000000e+000  0.000000e+000  0.000000e+000  0.000000e+000  0.000000e+000  0.000000e+000  0.000000e+000  0.000000e+000  0.000000e+000  0.000000e+000  
0.000000e+000  0.000000e+000  0.000000e+000  0.000000e+000  0.000000e+000  0.000000e+000  0.000000e+000  0.000000e+000  0.000000e+000  0.000000e+000  0.000000e+000  0.000000e+000  0.000000e+000  0.000000e+000  0.000000e+000  0.000000e+000  0.000000e+000  

-6.133748e-002  -6.099964e-002  -6.032699e-002  -5.932565e-002  -5.782584e-002  -5.586981e-002  -5.367513e-002  -5.128214e-002  -4.873147e-002  -4.606256e-002  -4.331240e-002  -4.051462e-002  -3.629095e-002  -3.073858e-002  -2.128495e-002  -7.219473e-003  -0.000000e+000  
-2.039827e-001  -2.028375e-001  -2.005550e-001  -1.971518e-001  -1.919202e-001  -1.849998e-001  -1.772757e-001  -1.689031e-001  -1.600360e-001  -1.508207e-001  -1.413912e-001  -1.318665e-001  -1.175891e-001  -9.908135e-002  -6.797317e-002  -2.285269e-002  -0.000000e+000  
-3.751050e-001  -3.729569e-001  -3.686552e-001  -3.621937e-001  -3.513659e-001  -3.364233e-001  -3.199824e-001  -3.024482e-001  -2.842026e-001  -2.655890e-001  -2.469028e-001  -2.283870e-001  -2.011555e-001  -1.671455e-001  -1.118930e-001  -3.678466e-002  -0.000000e+000  
-5.659213e-001  -5.629831e-001  -5.569958e-001  -5.477614e-001  -5.288556e-001  -5.006341e-001  -4.702847e-001  -4.387464e-001  -4.068339e-001  -3.752093e-001  -3.443766e-001  -3.146936e-001  -2.722413e-001  -2.219329e-001  -1.439198e-001  -4.605753e-002  -0.000000e+000  
-7.406087e-001  -7.385038e-001  -7.338090e-001  -7.256258e-001  -6.971822e-001  -6.488873e-001  -5.986286e-001  -5.483231e-001  -4.994019e-001  -4.528164e-001  -4.091170e-001  -3.685517e-001  -3.124612e-001  -2.497602e-001  -1.571613e-001  -4.914314e-002  -0.000000e+000  
-8.334337e-001  -8.332586e-001  -8.320155e-001  -8.280069e-001  -7.937473e-001  -7.297066e-001  -6.646733e-001  -6.013520e-001  -5.414680e-001  -4.859299e-001  -4.350698e-001  -3.888573e-001  -3.261544e-001  -2.581366e-001  -1.600800e-001  -4.950873e-002  -0.000000e+000  
-8.952491e-001  -8.972895e-001  -9.001139e-001  -9.012610e-001  -8.627724e-001  -7.852370e-001  -7.080714e-001  -6.345915e-001  -5.665883e-001  -5.047468e-001  -4.490792e-001  -3.992421e-001  -3.324783e-001  -2.614518e-001  -1.606241e-001  -4.932806e-002  -0.000000e+000  
-9.491139e-001  -9.543471e-001  -9.631790e-001  -9.722291e-001  -9.295806e-001  -8.361190e-001  -7.454218e-001  -6.613318e-001  -5.853911e-001  -5.177623e-001  -4.579329e-001  -4.051301e-001  -3.352297e-001  -2.621369e-001  -1.597500e-001  -4.876256e-002  -0.000000e+000  
-9.936336e-001  -1.002853e+000  -1.019395e+000  -1.038979e+000  -9.923124e-001  -8.808952e-001  -7.759210e-001  -6.814200e-001  -5.982157e-001  -5.256218e-001  -4.624313e-001  -4.073731e-001  -3.352408e-001  -2.609008e-001  -1.579165e-001  -4.795437e-002  -0.000000e+000  
-1.031618e+000  -1.046125e+000  -1.073316e+000  -1.108271e+000  -1.057146e+000  -9.228665e-001  -8.013617e-001  -6.959335e-001  -6.057724e-001  -5.288090e-001  -4.628952e-001  -4.061667e-001  -3.325624e-001  -2.576905e-001  -1.549966e-001  -4.684042e-002  -0.000000e+000  
-1.059423e+000  -1.080470e+000  -1.121686e+000  -1.178776e+000  -1.122328e+000  -9.586498e-001  -8.187406e-001  -7.027416e-001  -6.066713e-001  -5.264387e-001  -4.587569e-001  -4.011381e-001  -3.269995e-001  -2.524098e-001  -1.509656e-001  -4.541888e-002  -0.000000e+000  
-1.070903e+000  -1.098190e+000  -1.154250e+000  -1.238682e+000  -1.175889e+000  -9.793696e-001  -8.232050e-001  -6.997625e-001  -6.003902e-001  -5.187955e-001  -4.506961e-001  -3.931426e-001  -3.194910e-001  -2.459274e-001  -1.464597e-001  -4.390784e-002  -0.000000e+000  
-1.070089e+000  -1.102146e+000  -1.171069e+000  -1.284614e+000  -1.214070e+000  -9.853211e-001  -8.174766e-001  -6.902241e-001  -5.898859e-001  -5.083858e-001  -4.407922e-001  -3.839036e-001  -3.113318e-001  -2.391691e-001  -1.419735e-001  -4.244396e-002  -0.000000e+000  
-1.056789e+000  -1.091756e+000  -1.170542e+000  -1.316340e+000  -1.233901e+000  -9.732594e-001  -7.998113e-001  -6.728344e-001  -5.739317e-001  -4.939840e-001  -4.278365e-001  -3.722537e-001  -3.014440e-001  -2.312109e-001  -1.368680e-001  -4.081349e-002  -0.000000e+000  
-1.029881e+000  -1.064341e+000  -1.144032e+000  -1.311323e+000  -1.210403e+000  -9.352223e-001  -7.684220e-001  -6.472347e-001  -5.524856e-001  -4.756163e-001  -4.118659e-001  -3.582275e-001  -2.898554e-001  -2.220734e-001  -1.311555e-001  -3.902049e-002  -0.000000e+000  
-9.846596e-001  -1.013885e+000  -1.076248e+000  -1.176717e+000  -1.033512e+000  -8.562106e-001  -7.180963e-001  -6.098549e-001  -5.226247e-001  -4.507878e-001  -3.907166e-001  -3.399311e-001  -2.750113e-001  -2.105405e-001  -1.240868e-001  -3.683280e-002  -0.000000e+000  
-9.169342e-001  -9.380191e-001  -9.781996e-001  -1.025421e+000  -8.467897e-001  -7.508587e-001  -6.488088e-001  -5.589922e-001  -4.826674e-001  -4.180589e-001  -3.631865e-001  -3.163627e-001  -2.561548e-001  -1.960722e-001  -1.153794e-001  -3.417520e-002  -0.000000e+000  
-7.962476e-001  -8.068962e-001  -8.245765e-001  -8.404557e-001  -6.405019e-001  -5.978690e-001  -5.369341e-001  -4.737827e-001  -4.149867e-001  -3.625463e-001  -3.166022e-001  -2.766316e-001  -2.245805e-001  -1.720271e-001  -1.010915e-001  -2.986123e-002  -0.000000e+000  
-4.775376e-001  -4.791556e-001  -4.815868e-001  -4.834502e-001  -3.217368e-001  -3.110726e-001  -2.920166e-001  -2.682415e-001  -2.426568e-001  -2.172030e-001  -1.930242e-001  -1.707041e-001  -1.403445e-001  -1.081895e-001  -6.367798e-002  -1.872967e-002  -0.000000e+000  
-0.000000e+000  -0.000000e+000  -0.000000e+000  -0.000000e+000  1.913298e-011  2.180421e-011  1.714221e-011  1.161672e-011  -0.000000e+000  -0.000000e+000  -0.000000e+000  -0.000000e+000  -0.000000e+000  -0.000000e+000  -0.000000e+000  -0.000000e+000  -0.000000e+000  
4.775376e-001  4.791556e-001  4.815868e-001  4.834502e-001  3.217368e-001  3.110726e-001  2.920166e-001  2.682415e-001  2.426568e-001  2.172030e-001  1.930242e-001  1.707041e-001  1.403445e-001  1.081895e-001  6.367798e-002  1.872967e-002  -0.000000e+000  
7.962476e-001  8.068962e-001  8.245765e-001  8.404557e-001  6.405019e-001  5.978690e-001  5.369341e-001  4.737827e-001  4.149867e-001  3.625463e-001  3.166022e-001  2.766316e-001  2.245805e-001  1.720271e-001  1.010915e-001  2.986123e-002  -0.000000e+000  
9.169342e-001  9.380191e-001  9.781996e-001  1.025421e+000  8.467897e-001  7.508587e-001  6.488088e-001  5.589922e-001  4.826674e-001  4.180589e-001  3.631865e-001  3.163627e-001  2.561548e-001  1.960722e-001  1.153794e-001  3.417520e-002  -0.000000e+000  
9.846596e-001  1.013885e+000  1.076248e+000  1.176717e+000  1.033512e+000  8.562106e-001  7.180963e-001  6.098549e-001  5.226247e-001  4.507878e-001  3.907166e-001  3.399311e-001  2.750113e-001  2.105405e-001  1.240868e-001  3.683280e-002  -0.000000e+000  
1.029881e+000  1.064341e+000  1.144032e+000  1.311323e+000  1.210403e+000  9.352223e-001  7.684220e-001  6.472347e-001  5.524856e-001  4.756163e-001  4.118659e-001  3.582275e-001  2.898554e-001  2.220734e-001  1.311555e-001  3.902049e-002  -0.000000e+000  
1.056789e+000  1.091756e+000  1.170542e+000  1.316340e+000  1.233901e+000  9.732594e-001  7.998113e-001  6.728344e-001  5.739317e-001  4.939840e-001  4.278365e-001  3.722537e-001  3.014440e-001  2.312109e-001  1.368680e-001  4.081349e-002  -0.000000e+000  
1.070089e+000  1.102146e+000  1.171069e+000  1.284614e+000  1.214070e+000  9.853211e-001  8.174766e-001  6.902241e-001  5.898859e-001  5.083858e-001  4.407922e-001  3.839036e-001  3.113318e-001  2.391691e-001  1.419735e-001  4.244396e-002  -0.000000e+000  
1.070903e+000  1.098190e+000  1.154250e+000  1.238682e+000  1.175889e+000  9.793696e-001  8.232050e-001  6.997625e-001  6.003902e-001  5.187955e-001  4.506961e-001  3.931426e-001  3.194910e-001  2.459274e-001  1.464597e-001  4.390784e-002  -0.000000e+000  
1.059423e+000  1.080470e+000  1.121686e+000  1.178776e+000  1.122328e+000  9.586498e-001  8.187406e-001  7.027416e-001  6.066713e-001  5.264387e-001  4.587569e-001  4.011381e-001  3.269995e-001  2.524098e-001  1.509656e-001  4.541888e-002  -0.000000e+000  
1.031618e+000  1.046125e+000  1.073316e+000  1.108271e+000  1.057146e+000  9.228665e-001  8.013617e-001  6.959335e-001  6.057724e-001  5.288090e-001  4.628952e-001  4.061667e-001  3.325624e-001  2.576905e-001  1.549966e-001  4.684042e-002  -0.000000e+000  
9.936336e-001  1.002853e+000  1.019395e+000  1.038979e+000  9.923124e-001  8.808952e-001  7.759210e-001  6.814200e-001  5.982157e-001  5.256218e-001  4.624313e-001  4.073731e-001  3.352408e-001  2.609008e-001  1.579165e-001  4.795437e-002  -0.000000e+000  
9.491139e-001  9.543471e-001  9.631790e-001  9.722291e-001  9.295806e-001  8.361190e-001  7.454218e-001  6.613318e-001  5.853911e-001  5.177623e-001  4.579329e-001  4.051301e-001  3.352297e-001  2.621369e-001  1.597500e-001  4.876256e-002  -0.000000e+000  
8.952491e-001  8.972895e-001  9.001139e-001  9.012610e-001  8.627724e-001  7.852370e-001  7.080714e-001  6.345915e-001  5.665883e-001  5.047468e-001  4.490792e-001  3.992421e-001  3.324783e-001  2.614518e-001  1.606241e-001  4.932806e-002  -0.000000e+000  
8.334337e-001  8.332586e-001  8.320155e-001  8.280069e-001  7.937473e-001  7.297066e-001  6.646733e-001  6.013520e-001  5.414680e-001  4.859299e-001  4.350698e-001  3.888573e-001  3.261544e-001  2.581366e-001  1.600800e-001  4.950873e-002  -0.000000e+000  
7.406087e-001  7.385038e-001  7.338090e-001  7.256258e-001  6.971822e-001  6.488873e-001  5.986286e-001  5.483231e-001  4.994019e-001  4.528164e-001  4.091170e-001  3.685517e-001  3.124612e-001  2.497602e-001  1.571613e-001  4.914314e-002  -0.000000e+000  
5.659213e-001  5.629831e-001  5.569958e-001  5.477614e-001  5.288556e-001  5.006341e-001  4.702847e-001  4.387464e-001  4.068339e-001  3.752093e-001  3.443766e-001  3.146936e-001  2.722413e-001  2.219329e-001  1.439198e-001  4.605753e-002  -0.000000e+000  
3.751050e-001  3.729569e-001  3.686552e-001  3.621937e-001  3.513659e-001  3.364233e-001  3.199824e-001  3.024482e-001  2.842026e-001  2.655890e-001  2.469028e-001  2.283870e-001  2.011555e-001  1.671455e-001  1.118930e-001  3.678466e-002  -0.000000e+000  
2.039827e-001  2.028375e-001  2.005550e-001  1.971518e-001  1.919202e-001  1.849998e-001  1.772757e-001  1.689031e-001  1.600360e-001  1.508207e-001  1.413912e-001  1.318665e-001  1.175891e-001  9.908135e-002  6.797317e-002  2.285269e-002  -0.000000e+000  
6.133748e-002  6.099964e-002  6.032699e-002  5.932565e-002  5.782584e-002  5.586981e-002  5.367513e-002  5.128214e-002  4.873147e-002  4.606256e-002  4.331240e-002  4.051462e-002  3.629095e-002  3.073858e-002  2.128495e-002  7.219473e-003  -0.000000e+000  
-0.000000e+000  -0.000000e+000  -0.000000e+000  -0.000000e+000  -0.000000e+000  -0.000000e+000  -0.000000e+000  -0.000000e+000  -0.000000e+000  -0.000000e+000  -0.000000e+000  -0.000000e+000  -0.000000e+000  -0.000000e+000  -0.000000e+000  -0.000000e+000  -0.000000e+000  

