Port monitor named: Port1_e1[2.4].prt

nx        = 42
ny        = 4
nz        = 19

nu        = 17
nv        = 40
iu        = 2
iv        = 2

idir      = 1
dcut      = -4.860000e-002
icut      = 2
type      = 0
frequency = 2.400000e+009

fcutoff   = 0.000000e+000
alpha     = 0.000000e+000
beta      = 9.676694e+001
accuracy  = 1.778278e-010

type          = QTEM
wave imp.     = 2.253312e+002
wave imp.sig. = 2.525818e+001
line imp.     = 2.870314e+001

ref. port     = 0

-4.409587e+001  -4.371806e+001  -4.297509e+001  -4.189120e+001  -1.806708e+002  -1.778418e+002  -1.738407e+002  -1.687783e+002  -1.627814e+002  -1.559862e+002  -1.485307e+002  -1.405493e+002  -1.279777e+002  -1.103042e+002  -7.863537e+001  -2.742903e+001  -0.000000e+000  
-4.717905e+001  -4.669535e+001  -4.574947e+001  -4.438230e+001  -1.906997e+002  -1.872698e+002  -1.824984e+002  -1.765470e+002  -1.695933e+002  -1.618195e+002  -1.534035e+002  -1.445116e+002  -1.306838e+002  -1.117202e+002  -7.848034e+001  -2.699280e+001  -0.000000e+000  
-6.181675e+001  -6.070974e+001  -5.857647e+001  -5.556879e+001  -2.345917e+002  -2.279272e+002  -2.191639e+002  -2.087531e+002  -1.971428e+002  -1.847474e+002  -1.719280e+002  -1.589834e+002  -1.397310e+002  -1.155454e+002  -7.643906e+001  -2.484505e+001  -0.000000e+000  
-9.612480e+001  -9.287417e+001  -8.669640e+001  -7.819623e+001  -3.167185e+002  -3.006329e+002  -2.811723e+002  -2.596835e+002  -2.373324e+002  -2.150430e+002  -1.934879e+002  -1.731113e+002  -1.446973e+002  -1.132074e+002  -6.795838e+001  -2.026527e+001  -0.000000e+000  
-1.846149e+002  -1.737424e+002  -1.532811e+002  -1.256486e+002  -4.660871e+002  -4.216800e+002  -3.733654e+002  -3.250665e+002  -2.794897e+002  -2.381952e+002  -2.018490e+002  -1.705093e+002  -1.305518e+002  -9.312901e+001  -4.755587e+001  -1.227064e+001  -0.000000e+000  
-2.964073e+002  -2.737181e+002  -2.310388e+002  -1.737004e+002  -5.865821e+002  -5.039246e+002  -4.216440e+002  -3.463830e+002  -2.812817e+002  -2.269894e+002  -1.827619e+002  -1.472647e+002  -1.049312e+002  -6.946896e+001  -3.079123e+001  -6.810829e+000  -0.000000e+000  
-3.875794e+002  -3.547797e+002  -2.926910e+002  -2.088579e+002  -6.598595e+002  -5.454561e+002  -4.379169e+002  -3.452000e+002  -2.694294e+002  -2.094553e+002  -1.628447e+002  -1.269896e+002  -8.587949e+001  -5.359797e+001  -2.075844e+001  -3.756019e+000  -0.000000e+000  
-5.127606e+002  -4.662074e+002  -3.768785e+002  -2.545374e+002  -7.406486e+002  -5.820129e+002  -4.425953e+002  -3.305821e+002  -2.449932e+002  -1.812544e+002  -1.343357e+002  -9.996472e+001  -6.232867e+001  -3.499018e+001  -9.697975e+000  -5.135964e-001  -0.000000e+000  
-6.500971e+002  -5.894778e+002  -4.705400e+002  -3.032568e+002  -8.089774e+002  -6.006648e+002  -4.302911e+002  -3.030863e+002  -2.121946e+002  -1.483669e+002  -1.037274e+002  -7.249912e+001  -3.980216e+001  -1.793301e+001  -4.344609e-002  2.232282e+000  -0.000000e+000  
-8.289817e+002  -7.527263e+002  -5.973468e+002  -3.678037e+002  -8.743422e+002  -5.993098e+002  -3.950292e+002  -2.562338e+002  -1.649593e+002  -1.052422e+002  -6.596398e+001  -4.000203e+001  -1.437610e+001  6.955748e-001  1.010956e+001  5.052090e+000  -0.000000e+000  
-1.060129e+003  -9.702250e+002  -7.750239e+002  -4.597651e+002  -9.245921e+002  -5.602476e+002  -3.247454e+002  -1.839435e+002  -1.008274e+002  -5.117301e+001  -2.106800e+001  -2.746601e+000  1.361414e+001  2.063933e+001  2.063998e+001  7.917507e+000  -0.000000e+000  
-1.352877e+003  -1.259925e+003  -1.035089e+003  -6.083576e+002  -9.298471e+002  -4.521144e+002  -2.036275e+002  -8.067761e+001  -1.872314e+001  1.340219e+001  3.016801e+001  3.850597e+001  4.360906e+001  4.154609e+001  3.140456e+001  1.079722e+001  -0.000000e+000  
-1.613859e+003  -1.536172e+003  -1.320700e+003  -8.122270e+002  -8.507633e+002  -2.903315e+002  -6.864110e+001  1.819076e+001  5.331121e+001  6.720873e+001  7.154131e+001  7.117106e+001  6.688289e+001  5.755207e+001  3.951595e+001  1.294169e+001  -0.000000e+000  
-1.904633e+003  -1.865405e+003  -1.719200e+003  -1.200056e+003  -6.048955e+002  -2.614484e+001  1.071340e+002  1.327185e+002  1.317919e+002  1.239390e+002  1.143686e+002  1.046198e+002  9.045869e+001  7.364823e+001  4.759612e+001  1.506061e+001  -0.000000e+000  
-2.210329e+003  -2.235699e+003  -2.261384e+003  -2.040157e+003  4.365846e+001  3.728627e+002  3.155509e+002  2.553272e+002  2.124254e+002  1.812421e+002  1.572987e+002  1.380199e+002  1.139164e+002  8.961843e+001  5.557078e+001  1.713902e+001  -0.000000e+000  
-2.505991e+003  -2.605623e+003  -2.898572e+003  -3.831465e+003  2.234794e+003  8.890173e+002  5.249838e+002  3.728020e+002  2.896026e+002  2.364312e+002  1.988842e+002  1.705074e+002  1.368296e+002  1.052450e+002  6.336532e+001  1.916193e+001  -0.000000e+000  
-2.819605e+003  -2.961148e+003  -3.346054e+003  -4.326932e+003  2.088278e+003  1.116897e+003  6.962668e+002  4.899662e+002  3.730569e+002  2.985953e+002  2.468363e+002  2.085008e+002  1.639941e+002  1.239024e+002  7.270333e+001  2.157899e+001  -0.000000e+000  
-3.048320e+003  -3.171028e+003  -3.437535e+003  -3.819583e+003  1.509955e+003  1.087821e+003  7.677265e+002  5.656282e+002  4.368967e+002  3.503340e+002  2.886707e+002  2.425778e+002  1.890152e+002  1.413381e+002  8.151618e+001  2.385972e+001  -0.000000e+000  
-3.284634e+003  -3.331877e+003  -3.412008e+003  -3.486446e+003  9.983752e+002  8.885944e+002  7.465379e+002  6.150896e+002  5.062499e+002  4.195549e+002  3.510552e+002  2.966357e+002  2.311011e+002  1.716281e+002  9.720137e+001  2.793392e+001  -0.000000e+000  
-3.381667e+003  -3.387650e+003  -3.396655e+003  -3.403579e+003  6.912963e+002  6.662942e+002  6.219136e+002  5.670197e+002  5.085322e+002  4.509710e+002  3.969176e+002  3.476162e+002  2.813895e+002  2.130615e+002  1.211331e+002  3.432898e+001  -0.000000e+000  
-3.381667e+003  -3.387650e+003  -3.396655e+003  -3.403579e+003  6.912963e+002  6.662942e+002  6.219136e+002  5.670197e+002  5.085322e+002  4.509710e+002  3.969176e+002  3.476162e+002  2.813895e+002  2.130615e+002  1.211331e+002  3.432898e+001  -0.000000e+000  
-3.284634e+003  -3.331877e+003  -3.412008e+003  -3.486446e+003  9.983752e+002  8.885944e+002  7.465379e+002  6.150896e+002  5.062499e+002  4.195549e+002  3.510552e+002  2.966357e+002  2.311011e+002  1.716281e+002  9.720137e+001  2.793392e+001  -0.000000e+000  
-3.048320e+003  -3.171028e+003  -3.437535e+003  -3.819583e+003  1.509955e+003  1.087821e+003  7.677265e+002  5.656282e+002  4.368967e+002  3.503340e+002  2.886707e+002  2.425778e+002  1.890152e+002  1.413381e+002  8.151618e+001  2.385972e+001  -0.000000e+000  
-2.819605e+003  -2.961148e+003  -3.346054e+003  -4.326932e+003  2.088278e+003  1.116897e+003  6.962668e+002  4.899662e+002  3.730569e+002  2.985953e+002  2.468363e+002  2.085008e+002  1.639941e+002  1.239024e+002  7.270333e+001  2.157899e+001  -0.000000e+000  
-2.505991e+003  -2.605623e+003  -2.898572e+003  -3.831465e+003  2.234794e+003  8.890173e+002  5.249838e+002  3.728020e+002  2.896026e+002  2.364312e+002  1.988842e+002  1.705074e+002  1.368296e+002  1.052450e+002  6.336532e+001  1.916193e+001  -0.000000e+000  
-2.210329e+003  -2.235699e+003  -2.261384e+003  -2.040157e+003  4.365846e+001  3.728627e+002  3.155509e+002  2.553272e+002  2.124254e+002  1.812421e+002  1.572987e+002  1.380199e+002  1.139164e+002  8.961843e+001  5.557078e+001  1.713902e+001  -0.000000e+000  
-1.904633e+003  -1.865405e+003  -1.719200e+003  -1.200056e+003  -6.048955e+002  -2.614484e+001  1.071340e+002  1.327185e+002  1.317919e+002  1.239390e+002  1.143686e+002  1.046198e+002  9.045869e+001  7.364823e+001  4.759612e+001  1.506061e+001  -0.000000e+000  
-1.613859e+003  -1.536172e+003  -1.320700e+003  -8.122270e+002  -8.507633e+002  -2.903315e+002  -6.864110e+001  1.819076e+001  5.331121e+001  6.720873e+001  7.154131e+001  7.117106e+001  6.688289e+001  5.755207e+001  3.951595e+001  1.294169e+001  -0.000000e+000  
-1.352877e+003  -1.259925e+003  -1.035089e+003  -6.083576e+002  -9.298471e+002  -4.521144e+002  -2.036275e+002  -8.067761e+001  -1.872314e+001  1.340219e+001  3.016801e+001  3.850597e+001  4.360906e+001  4.154609e+001  3.140456e+001  1.079722e+001  -0.000000e+000  
-1.060129e+003  -9.702250e+002  -7.750239e+002  -4.597651e+002  -9.245921e+002  -5.602476e+002  -3.247454e+002  -1.839435e+002  -1.008274e+002  -5.117301e+001  -2.106800e+001  -2.746601e+000  1.361414e+001  2.063933e+001  2.063998e+001  7.917507e+000  -0.000000e+000  
-8.289817e+002  -7.527263e+002  -5.973468e+002  -3.678037e+002  -8.743422e+002  -5.993098e+002  -3.950292e+002  -2.562338e+002  -1.649593e+002  -1.052422e+002  -6.596398e+001  -4.000203e+001  -1.437610e+001  6.955748e-001  1.010956e+001  5.052090e+000  -0.000000e+000  
-6.500971e+002  -5.894778e+002  -4.705400e+002  -3.032568e+002  -8.089774e+002  -6.006648e+002  -4.302911e+002  -3.030863e+002  -2.121946e+002  -1.483669e+002  -1.037274e+002  -7.249912e+001  -3.980216e+001  -1.793301e+001  -4.344609e-002  2.232282e+000  -0.000000e+000  
-5.127606e+002  -4.662074e+002  -3.768785e+002  -2.545374e+002  -7.406486e+002  -5.820129e+002  -4.425953e+002  -3.305821e+002  -2.449932e+002  -1.812544e+002  -1.343357e+002  -9.996472e+001  -6.232867e+001  -3.499018e+001  -9.697975e+000  -5.135964e-001  -0.000000e+000  
-3.875794e+002  -3.547797e+002  -2.926910e+002  -2.088579e+002  -6.598595e+002  -5.454561e+002  -4.379169e+002  -3.452000e+002  -2.694294e+002  -2.094553e+002  -1.628447e+002  -1.269896e+002  -8.587949e+001  -5.359797e+001  -2.075844e+001  -3.756019e+000  -0.000000e+000  
-2.964073e+002  -2.737181e+002  -2.310388e+002  -1.737004e+002  -5.865821e+002  -5.039246e+002  -4.216440e+002  -3.463830e+002  -2.812817e+002  -2.269894e+002  -1.827619e+002  -1.472647e+002  -1.049312e+002  -6.946896e+001  -3.079123e+001  -6.810829e+000  -0.000000e+000  
-1.846149e+002  -1.737424e+002  -1.532811e+002  -1.256486e+002  -4.660871e+002  -4.216800e+002  -3.733654e+002  -3.250665e+002  -2.794897e+002  -2.381952e+002  -2.018490e+002  -1.705093e+002  -1.305518e+002  -9.312901e+001  -4.755587e+001  -1.227064e+001  -0.000000e+000  
-9.612480e+001  -9.287417e+001  -8.669640e+001  -7.819623e+001  -3.167185e+002  -3.006329e+002  -2.811723e+002  -2.596835e+002  -2.373324e+002  -2.150430e+002  -1.934879e+002  -1.731113e+002  -1.446973e+002  -1.132074e+002  -6.795838e+001  -2.026527e+001  -0.000000e+000  
-6.181675e+001  -6.070974e+001  -5.857647e+001  -5.556879e+001  -2.345917e+002  -2.279272e+002  -2.191639e+002  -2.087531e+002  -1.971428e+002  -1.847474e+002  -1.719280e+002  -1.589834e+002  -1.397310e+002  -1.155454e+002  -7.643906e+001  -2.484505e+001  -0.000000e+000  
-4.717905e+001  -4.669535e+001  -4.574947e+001  -4.438230e+001  -1.906997e+002  -1.872698e+002  -1.824984e+002  -1.765470e+002  -1.695933e+002  -1.618195e+002  -1.534035e+002  -1.445116e+002  -1.306838e+002  -1.117202e+002  -7.848034e+001  -2.699280e+001  -0.000000e+000  
-4.409587e+001  -4.371806e+001  -4.297509e+001  -4.189120e+001  -1.806708e+002  -1.778418e+002  -1.738407e+002  -1.687783e+002  -1.627814e+002  -1.559862e+002  -1.485307e+002  -1.405493e+002  -1.279777e+002  -1.103042e+002  -7.863537e+001  -2.742903e+001  -0.000000e+000  

-0.000000e+000  -2.823761e-001  -5.415637e-001  -7.565071e-001  -9.101604e-001  -3.167228e+000  -5.276078e+000  -7.192220e+000  -8.884781e+000  -1.033642e+001  -1.154223e+001  -1.250787e+001  -1.324747e+001  -1.410926e+001  -1.435784e+001  -1.321164e+001  -1.188164e+001  
-0.000000e+000  -1.345996e+000  -2.577160e+000  -3.590343e+000  -4.304263e+000  -1.247524e+001  -1.998188e+001  -2.666156e+001  -3.241526e+001  -3.720313e+001  -4.103597e+001  -4.396446e+001  -4.606795e+001  -4.809255e+001  -4.809846e+001  -4.280985e+001  -3.785916e+001  
-0.000000e+000  -5.126883e+000  -9.771053e+000  -1.350636e+001  -1.601214e+001  -3.457435e+001  -5.078878e+001  -6.433293e+001  -7.511611e+001  -8.323306e+001  -8.890957e+001  -9.245072e+001  -9.419771e+001  -9.334429e+001  -8.923654e+001  -7.303479e+001  -6.192305e+001  
-0.000000e+000  -1.721534e+001  -3.259850e+001  -4.455180e+001  -5.192018e+001  -8.839903e+001  -1.173407e+002  -1.386173e+002  -1.528005e+002  -1.608782e+002  -1.640074e+002  -1.633388e+002  -1.599142e+002  -1.474539e+002  -1.326004e+002  -9.786992e+001  -7.892302e+001  
-0.000000e+000  -4.915101e+001  -9.252562e+001  -1.250449e+002  -1.430651e+002  -2.037459e+002  -2.436740e+002  -2.652375e+002  -2.723129e+002  -2.690043e+002  -2.589036e+002  -2.448175e+002  -2.287799e+002  -1.950408e+002  -1.645516e+002  -1.106030e+002  -8.543055e+001  
-0.000000e+000  -8.302699e+001  -1.561431e+002  -2.102400e+002  -2.383924e+002  -3.126637e+002  -3.523488e+002  -3.646368e+002  -3.581493e+002  -3.403680e+002  -3.167763e+002  -2.909848e+002  -2.651951e+002  -2.174037e+002  -1.778248e+002  -1.144785e+002  -8.665509e+001  
-0.000000e+000  -1.158975e+002  -2.182957e+002  -2.939665e+002  -3.318759e+002  -4.138670e+002  -4.475678e+002  -4.466489e+002  -4.250047e+002  -3.930789e+002  -3.575187e+002  -3.220967e+002  -2.887466e+002  -2.308868e+002  -1.851924e+002  -1.160501e+002  -8.672065e+001  
-0.000000e+000  -1.583925e+002  -2.997810e+002  -4.053930e+002  -4.567346e+002  -5.417655e+002  -5.599619e+002  -5.367899e+002  -4.936571e+002  -4.439582e+002  -3.947206e+002  -3.491015e+002  -3.082162e+002  -2.410993e+002  -1.901352e+002  -1.164472e+002  -8.605785e+001  
-0.000000e+000  -2.081611e+002  -3.973944e+002  -5.425516e+002  -6.124724e+002  -6.929274e+002  -6.834970e+002  -6.288035e+002  -5.591421e+002  -4.896759e+002  -4.264318e+002  -3.710317e+002  -3.232762e+002  -2.482632e+002  -1.930411e+002  -1.159891e+002  -8.491502e+001  
-0.000000e+000  -2.709016e+002  -5.252321e+002  -7.313292e+002  -8.337843e+002  -8.931007e+002  -8.319673e+002  -7.293693e+002  -6.249473e+002  -5.324100e+002  -4.542365e+002  -3.891208e+002  -3.348969e+002  -2.529472e+002  -1.941990e+002  -1.146668e+002  -8.320905e+001  
-0.000000e+000  -3.449815e+002  -6.861270e+002  -9.912179e+002  -1.161434e+003  -1.158924e+003  -1.003437e+003  -8.314743e+002  -6.848176e+002  -5.678015e+002  -4.753437e+002  -4.016311e+002  -3.420080e+002  -2.546951e+002  -1.934154e+002  -1.124414e+002  -8.093090e+001  
-0.000000e+000  -4.120141e+002  -8.483959e+002  -1.299425e+003  -1.618207e+003  -1.464334e+003  -1.161834e+003  -9.093854e+002  -7.236503e+002  -5.875461e+002  -4.852766e+002  -4.061929e+002  -3.434334e+002  -2.533231e+002  -1.909008e+002  -1.096828e+002  -7.843572e+001  
-0.000000e+000  -4.599840e+002  -9.816413e+002  -1.614294e+003  -2.228901e+003  -1.771542e+003  -1.282855e+003  -9.563159e+002  -7.421994e+002  -5.944684e+002  -4.869741e+002  -4.053328e+002  -3.412286e+002  -2.501610e+002  -1.875273e+002  -1.067933e+002  -7.597776e+001  
-0.000000e+000  -4.841098e+002  -1.071957e+003  -1.935945e+003  -3.278467e+003  -2.088989e+003  -1.355347e+003  -9.696276e+002  -7.409725e+002  -5.894660e+002  -4.810546e+002  -3.993379e+002  -3.354223e+002  -2.449543e+002  -1.829155e+002  -1.033778e+002  -7.320292e+001  
-0.000000e+000  -4.681613e+002  -1.055621e+003  -2.072768e+003  -5.304655e+003  -2.269359e+003  -1.323110e+003  -9.358145e+002  -7.167114e+002  -5.716716e+002  -4.672608e+002  -3.881258e+002  -3.259896e+002  -2.377010e+002  -1.770688e+002  -9.944211e+001  -7.011728e+001  
-0.000000e+000  -3.985906e+002  -8.512303e+002  -1.422470e+003  -0.000000e+000  -1.438339e+003  -1.097822e+003  -8.412349e+002  -6.646975e+002  -5.381928e+002  -4.434315e+002  -3.699643e+002  -3.114935e+002  -2.273317e+002  -1.691541e+002  -9.445637e+001  -6.631695e+001  
-0.000000e+000  -2.891714e+002  -5.537927e+002  -6.647923e+002  -0.000000e+000  -7.735124e+002  -8.095532e+002  -6.994971e+002  -5.840709e+002  -4.865853e+002  -4.073469e+002  -3.430605e+002  -2.905181e+002  -2.129484e+002  -1.585919e+002  -8.817075e+001  -6.165506e+001  
-0.000000e+000  -1.469298e+002  -2.449179e+002  -2.221011e+002  -0.000000e+000  -3.400079e+002  -4.804876e+002  -4.913521e+002  -4.511178e+002  -3.968495e+002  -3.431295e+002  -2.948023e+002  -2.529057e+002  -1.875113e+002  -1.402667e+002  -7.766781e+001  -5.402630e+001  
-0.000000e+000  -2.241388e+001  -3.373574e+001  -2.593966e+001  -0.000000e+000  -8.335667e+001  -1.480717e+002  -1.833388e+002  -1.956021e+002  -1.928207e+002  -1.814261e+002  -1.658601e+002  -1.489346e+002  -1.160262e+002  -8.904065e+001  -4.944094e+001  -3.409485e+001  
-0.000000e+000  -0.000000e+000  -0.000000e+000  -0.000000e+000  -0.000000e+000  -0.000000e+000  -0.000000e+000  -0.000000e+000  -0.000000e+000  -0.000000e+000  -0.000000e+000  -0.000000e+000  -0.000000e+000  -0.000000e+000  -0.000000e+000  -0.000000e+000  -0.000000e+000  
-0.000000e+000  2.241388e+001  3.373574e+001  2.593966e+001  -0.000000e+000  8.335667e+001  1.480717e+002  1.833388e+002  1.956021e+002  1.928207e+002  1.814261e+002  1.658601e+002  1.489346e+002  1.160262e+002  8.904065e+001  4.944094e+001  3.409485e+001  
-0.000000e+000  1.469298e+002  2.449179e+002  2.221011e+002  -0.000000e+000  3.400079e+002  4.804876e+002  4.913521e+002  4.511178e+002  3.968495e+002  3.431295e+002  2.948023e+002  2.529057e+002  1.875113e+002  1.402667e+002  7.766781e+001  5.402630e+001  
-0.000000e+000  2.891714e+002  5.537927e+002  6.647923e+002  -0.000000e+000  7.735124e+002  8.095532e+002  6.994971e+002  5.840709e+002  4.865853e+002  4.073469e+002  3.430605e+002  2.905181e+002  2.129484e+002  1.585919e+002  8.817075e+001  6.165506e+001  
-0.000000e+000  3.985906e+002  8.512303e+002  1.422470e+003  -0.000000e+000  1.438339e+003  1.097822e+003  8.412349e+002  6.646975e+002  5.381928e+002  4.434315e+002  3.699643e+002  3.114935e+002  2.273317e+002  1.691541e+002  9.445637e+001  6.631695e+001  
-0.000000e+000  4.681613e+002  1.055621e+003  2.072768e+003  5.304655e+003  2.269359e+003  1.323110e+003  9.358145e+002  7.167114e+002  5.716716e+002  4.672608e+002  3.881258e+002  3.259896e+002  2.377010e+002  1.770688e+002  9.944211e+001  7.011728e+001  
-0.000000e+000  4.841098e+002  1.071957e+003  1.935945e+003  3.278467e+003  2.088989e+003  1.355347e+003  9.696276e+002  7.409725e+002  5.894660e+002  4.810546e+002  3.993379e+002  3.354223e+002  2.449543e+002  1.829155e+002  1.033778e+002  7.320292e+001  
-0.000000e+000  4.599840e+002  9.816413e+002  1.614294e+003  2.228901e+003  1.771542e+003  1.282855e+003  9.563159e+002  7.421994e+002  5.944684e+002  4.869741e+002  4.053328e+002  3.412286e+002  2.501610e+002  1.875273e+002  1.067933e+002  7.597776e+001  
-0.000000e+000  4.120141e+002  8.483959e+002  1.299425e+003  1.618207e+003  1.464334e+003  1.161834e+003  9.093854e+002  7.236503e+002  5.875461e+002  4.852766e+002  4.061929e+002  3.434334e+002  2.533231e+002  1.909008e+002  1.096828e+002  7.843572e+001  
-0.000000e+000  3.449815e+002  6.861270e+002  9.912179e+002  1.161434e+003  1.158924e+003  1.003437e+003  8.314743e+002  6.848176e+002  5.678015e+002  4.753437e+002  4.016311e+002  3.420080e+002  2.546951e+002  1.934154e+002  1.124414e+002  8.093090e+001  
-0.000000e+000  2.709016e+002  5.252321e+002  7.313292e+002  8.337843e+002  8.931007e+002  8.319673e+002  7.293693e+002  6.249473e+002  5.324100e+002  4.542365e+002  3.891208e+002  3.348969e+002  2.529472e+002  1.941990e+002  1.146668e+002  8.320905e+001  
-0.000000e+000  2.081611e+002  3.973944e+002  5.425516e+002  6.124724e+002  6.929274e+002  6.834970e+002  6.288035e+002  5.591421e+002  4.896759e+002  4.264318e+002  3.710317e+002  3.232762e+002  2.482632e+002  1.930411e+002  1.159891e+002  8.491502e+001  
-0.000000e+000  1.583925e+002  2.997810e+002  4.053930e+002  4.567346e+002  5.417655e+002  5.599619e+002  5.367899e+002  4.936571e+002  4.439582e+002  3.947206e+002  3.491015e+002  3.082162e+002  2.410993e+002  1.901352e+002  1.164472e+002  8.605785e+001  
-0.000000e+000  1.158975e+002  2.182957e+002  2.939665e+002  3.318759e+002  4.138670e+002  4.475678e+002  4.466489e+002  4.250047e+002  3.930789e+002  3.575187e+002  3.220967e+002  2.887466e+002  2.308868e+002  1.851924e+002  1.160501e+002  8.672065e+001  
-0.000000e+000  8.302699e+001  1.561431e+002  2.102400e+002  2.383924e+002  3.126637e+002  3.523488e+002  3.646368e+002  3.581493e+002  3.403680e+002  3.167763e+002  2.909848e+002  2.651951e+002  2.174037e+002  1.778248e+002  1.144785e+002  8.665509e+001  
-0.000000e+000  4.915101e+001  9.252562e+001  1.250449e+002  1.430651e+002  2.037459e+002  2.436740e+002  2.652375e+002  2.723129e+002  2.690043e+002  2.589036e+002  2.448175e+002  2.287799e+002  1.950408e+002  1.645516e+002  1.106030e+002  8.543055e+001  
-0.000000e+000  1.721534e+001  3.259850e+001  4.455180e+001  5.192018e+001  8.839903e+001  1.173407e+002  1.386173e+002  1.528005e+002  1.608782e+002  1.640074e+002  1.633388e+002  1.599142e+002  1.474539e+002  1.326004e+002  9.786992e+001  7.892302e+001  
-0.000000e+000  5.126883e+000  9.771053e+000  1.350636e+001  1.601214e+001  3.457435e+001  5.078878e+001  6.433293e+001  7.511611e+001  8.323306e+001  8.890957e+001  9.245072e+001  9.419771e+001  9.334429e+001  8.923654e+001  7.303479e+001  6.192305e+001  
-0.000000e+000  1.345996e+000  2.577160e+000  3.590343e+000  4.304263e+000  1.247524e+001  1.998188e+001  2.666156e+001  3.241526e+001  3.720313e+001  4.103597e+001  4.396446e+001  4.606795e+001  4.809255e+001  4.809846e+001  4.280985e+001  3.785916e+001  
-0.000000e+000  2.823761e-001  5.415637e-001  7.565071e-001  9.101604e-001  3.167228e+000  5.276078e+000  7.192220e+000  8.884781e+000  1.033642e+001  1.154223e+001  1.250787e+001  1.324747e+001  1.410926e+001  1.435784e+001  1.321164e+001  1.188164e+001  
-0.000000e+000  -0.000000e+000  -0.000000e+000  -0.000000e+000  -0.000000e+000  -0.000000e+000  -0.000000e+000  -0.000000e+000  -0.000000e+000  -0.000000e+000  -0.000000e+000  -0.000000e+000  -0.000000e+000  -0.000000e+000  -0.000000e+000  -0.000000e+000  -0.000000e+000  

0.000000e+000  0.000000e+000  0.000000e+000  0.000000e+000  0.000000e+000  0.000000e+000  0.000000e+000  0.000000e+000  0.000000e+000  0.000000e+000  0.000000e+000  0.000000e+000  0.000000e+000  0.000000e+000  0.000000e+000  0.000000e+000  0.000000e+000  
0.000000e+000  0.000000e+000  0.000000e+000  0.000000e+000  0.000000e+000  0.000000e+000  0.000000e+000  0.000000e+000  0.000000e+000  0.000000e+000  0.000000e+000  0.000000e+000  0.000000e+000  0.000000e+000  0.000000e+000  0.000000e+000  0.000000e+000  
0.000000e+000  0.000000e+000  0.000000e+000  0.000000e+000  0.000000e+000  0.000000e+000  0.000000e+000  0.000000e+000  0.000000e+000  0.000000e+000  0.000000e+000  0.000000e+000  0.000000e+000  0.000000e+000  0.000000e+000  0.000000e+000  0.000000e+000  
0.000000e+000  0.000000e+000  0.000000e+000  0.000000e+000  0.000000e+000  0.000000e+000  0.000000e+000  0.000000e+000  0.000000e+000  0.000000e+000  0.000000e+000  0.000000e+000  0.000000e+000  0.000000e+000  0.000000e+000  0.000000e+000  0.000000e+000  
0.000000e+000  0.000000e+000  0.000000e+000  0.000000e+000  0.000000e+000  0.000000e+000  0.000000e+000  0.000000e+000  0.000000e+000  0.000000e+000  0.000000e+000  0.000000e+000  0.000000e+000  0.000000e+000  0.000000e+000  0.000000e+000  0.000000e+000  
0.000000e+000  0.000000e+000  0.000000e+000  0.000000e+000  0.000000e+000  0.000000e+000  0.000000e+000  0.000000e+000  0.000000e+000  0.000000e+000  0.000000e+000  0.000000e+000  0.000000e+000  0.000000e+000  0.000000e+000  0.000000e+000  0.000000e+000  
0.000000e+000  0.000000e+000  0.000000e+000  0.000000e+000  0.000000e+000  0.000000e+000  0.000000e+000  0.000000e+000  0.000000e+000  0.000000e+000  0.000000e+000  0.000000e+000  0.000000e+000  0.000000e+000  0.000000e+000  0.000000e+000  0.000000e+000  
0.000000e+000  0.000000e+000  0.000000e+000  0.000000e+000  0.000000e+000  0.000000e+000  0.000000e+000  0.000000e+000  0.000000e+000  0.000000e+000  0.000000e+000  0.000000e+000  0.000000e+000  0.000000e+000  0.000000e+000  0.000000e+000  0.000000e+000  
0.000000e+000  0.000000e+000  0.000000e+000  0.000000e+000  0.000000e+000  0.000000e+000  0.000000e+000  0.000000e+000  0.000000e+000  0.000000e+000  0.000000e+000  0.000000e+000  0.000000e+000  0.000000e+000  0.000000e+000  0.000000e+000  0.000000e+000  
0.000000e+000  0.000000e+000  0.000000e+000  0.000000e+000  0.000000e+000  0.000000e+000  0.000000e+000  0.000000e+000  0.000000e+000  0.000000e+000  0.000000e+000  0.000000e+000  0.000000e+000  0.000000e+000  0.000000e+000  0.000000e+000  0.000000e+000  
0.000000e+000  0.000000e+000  0.000000e+000  0.000000e+000  0.000000e+000  0.000000e+000  0.000000e+000  0.000000e+000  0.000000e+000  0.000000e+000  0.000000e+000  0.000000e+000  0.000000e+000  0.000000e+000  0.000000e+000  0.000000e+000  0.000000e+000  
0.000000e+000  0.000000e+000  0.000000e+000  0.000000e+000  0.000000e+000  0.000000e+000  0.000000e+000  0.000000e+000  0.000000e+000  0.000000e+000  0.000000e+000  0.000000e+000  0.000000e+000  0.000000e+000  0.000000e+000  0.000000e+000  0.000000e+000  
0.000000e+000  0.000000e+000  0.000000e+000  0.000000e+000  0.000000e+000  0.000000e+000  0.000000e+000  0.000000e+000  0.000000e+000  0.000000e+000  0.000000e+000  0.000000e+000  0.000000e+000  0.000000e+000  0.000000e+000  0.000000e+000  0.000000e+000  
0.000000e+000  0.000000e+000  0.000000e+000  0.000000e+000  0.000000e+000  0.000000e+000  0.000000e+000  0.000000e+000  0.000000e+000  0.000000e+000  0.000000e+000  0.000000e+000  0.000000e+000  0.000000e+000  0.000000e+000  0.000000e+000  0.000000e+000  
0.000000e+000  0.000000e+000  0.000000e+000  0.000000e+000  0.000000e+000  0.000000e+000  0.000000e+000  0.000000e+000  0.000000e+000  0.000000e+000  0.000000e+000  0.000000e+000  0.000000e+000  0.000000e+000  0.000000e+000  0.000000e+000  0.000000e+000  
0.000000e+000  0.000000e+000  0.000000e+000  0.000000e+000  0.000000e+000  0.000000e+000  0.000000e+000  0.000000e+000  0.000000e+000  0.000000e+000  0.000000e+000  0.000000e+000  0.000000e+000  0.000000e+000  0.000000e+000  0.000000e+000  0.000000e+000  
0.000000e+000  0.000000e+000  0.000000e+000  0.000000e+000  0.000000e+000  0.000000e+000  0.000000e+000  0.000000e+000  0.000000e+000  0.000000e+000  0.000000e+000  0.000000e+000  0.000000e+000  0.000000e+000  0.000000e+000  0.000000e+000  0.000000e+000  
0.000000e+000  0.000000e+000  0.000000e+000  0.000000e+000  0.000000e+000  0.000000e+000  0.000000e+000  0.000000e+000  0.000000e+000  0.000000e+000  0.000000e+000  0.000000e+000  0.000000e+000  0.000000e+000  0.000000e+000  0.000000e+000  0.000000e+000  
0.000000e+000  0.000000e+000  0.000000e+000  0.000000e+000  0.000000e+000  0.000000e+000  0.000000e+000  0.000000e+000  0.000000e+000  0.000000e+000  0.000000e+000  0.000000e+000  0.000000e+000  0.000000e+000  0.000000e+000  0.000000e+000  0.000000e+000  
0.000000e+000  0.000000e+000  0.000000e+000  0.000000e+000  0.000000e+000  0.000000e+000  0.000000e+000  0.000000e+000  0.000000e+000  0.000000e+000  0.000000e+000  0.000000e+000  0.000000e+000  0.000000e+000  0.000000e+000  0.000000e+000  0.000000e+000  
0.000000e+000  0.000000e+000  0.000000e+000  0.000000e+000  0.000000e+000  0.000000e+000  0.000000e+000  0.000000e+000  0.000000e+000  0.000000e+000  0.000000e+000  0.000000e+000  0.000000e+000  0.000000e+000  0.000000e+000  0.000000e+000  0.000000e+000  
0.000000e+000  0.000000e+000  0.000000e+000  0.000000e+000  0.000000e+000  0.000000e+000  0.000000e+000  0.000000e+000  0.000000e+000  0.000000e+000  0.000000e+000  0.000000e+000  0.000000e+000  0.000000e+000  0.000000e+000  0.000000e+000  0.000000e+000  
0.000000e+000  0.000000e+000  0.000000e+000  0.000000e+000  0.000000e+000  0.000000e+000  0.000000e+000  0.000000e+000  0.000000e+000  0.000000e+000  0.000000e+000  0.000000e+000  0.000000e+000  0.000000e+000  0.000000e+000  0.000000e+000  0.000000e+000  
0.000000e+000  0.000000e+000  0.000000e+000  0.000000e+000  0.000000e+000  0.000000e+000  0.000000e+000  0.000000e+000  0.000000e+000  0.000000e+000  0.000000e+000  0.000000e+000  0.000000e+000  0.000000e+000  0.000000e+000  0.000000e+000  0.000000e+000  
0.000000e+000  0.000000e+000  0.000000e+000  0.000000e+000  0.000000e+000  0.000000e+000  0.000000e+000  0.000000e+000  0.000000e+000  0.000000e+000  0.000000e+000  0.000000e+000  0.000000e+000  0.000000e+000  0.000000e+000  0.000000e+000  0.000000e+000  
0.000000e+000  0.000000e+000  0.000000e+000  0.000000e+000  0.000000e+000  0.000000e+000  0.000000e+000  0.000000e+000  0.000000e+000  0.000000e+000  0.000000e+000  0.000000e+000  0.000000e+000  0.000000e+000  0.000000e+000  0.000000e+000  0.000000e+000  
0.000000e+000  0.000000e+000  0.000000e+000  0.000000e+000  0.000000e+000  0.000000e+000  0.000000e+000  0.000000e+000  0.000000e+000  0.000000e+000  0.000000e+000  0.000000e+000  0.000000e+000  0.000000e+000  0.000000e+000  0.000000e+000  0.000000e+000  
0.000000e+000  0.000000e+000  0.000000e+000  0.000000e+000  0.000000e+000  0.000000e+000  0.000000e+000  0.000000e+000  0.000000e+000  0.000000e+000  0.000000e+000  0.000000e+000  0.000000e+000  0.000000e+000  0.000000e+000  0.000000e+000  0.000000e+000  
0.000000e+000  0.000000e+000  0.000000e+000  0.000000e+000  0.000000e+000  0.000000e+000  0.000000e+000  0.000000e+000  0.000000e+000  0.000000e+000  0.000000e+000  0.000000e+000  0.000000e+000  0.000000e+000  0.000000e+000  0.000000e+000  0.000000e+000  
0.000000e+000  0.000000e+000  0.000000e+000  0.000000e+000  0.000000e+000  0.000000e+000  0.000000e+000  0.000000e+000  0.000000e+000  0.000000e+000  0.000000e+000  0.000000e+000  0.000000e+000  0.000000e+000  0.000000e+000  0.000000e+000  0.000000e+000  
0.000000e+000  0.000000e+000  0.000000e+000  0.000000e+000  0.000000e+000  0.000000e+000  0.000000e+000  0.000000e+000  0.000000e+000  0.000000e+000  0.000000e+000  0.000000e+000  0.000000e+000  0.000000e+000  0.000000e+000  0.000000e+000  0.000000e+000  
0.000000e+000  0.000000e+000  0.000000e+000  0.000000e+000  0.000000e+000  0.000000e+000  0.000000e+000  0.000000e+000  0.000000e+000  0.000000e+000  0.000000e+000  0.000000e+000  0.000000e+000  0.000000e+000  0.000000e+000  0.000000e+000  0.000000e+000  
0.000000e+000  0.000000e+000  0.000000e+000  0.000000e+000  0.000000e+000  0.000000e+000  0.000000e+000  0.000000e+000  0.000000e+000  0.000000e+000  0.000000e+000  0.000000e+000  0.000000e+000  0.000000e+000  0.000000e+000  0.000000e+000  0.000000e+000  
0.000000e+000  0.000000e+000  0.000000e+000  0.000000e+000  0.000000e+000  0.000000e+000  0.000000e+000  0.000000e+000  0.000000e+000  0.000000e+000  0.000000e+000  0.000000e+000  0.000000e+000  0.000000e+000  0.000000e+000  0.000000e+000  0.000000e+000  
0.000000e+000  0.000000e+000  0.000000e+000  0.000000e+000  0.000000e+000  0.000000e+000  0.000000e+000  0.000000e+000  0.000000e+000  0.000000e+000  0.000000e+000  0.000000e+000  0.000000e+000  0.000000e+000  0.000000e+000  0.000000e+000  0.000000e+000  
0.000000e+000  0.000000e+000  0.000000e+000  0.000000e+000  0.000000e+000  0.000000e+000  0.000000e+000  0.000000e+000  0.000000e+000  0.000000e+000  0.000000e+000  0.000000e+000  0.000000e+000  0.000000e+000  0.000000e+000  0.000000e+000  0.000000e+000  
0.000000e+000  0.000000e+000  0.000000e+000  0.000000e+000  0.000000e+000  0.000000e+000  0.000000e+000  0.000000e+000  0.000000e+000  0.000000e+000  0.000000e+000  0.000000e+000  0.000000e+000  0.000000e+000  0.000000e+000  0.000000e+000  0.000000e+000  
0.000000e+000  0.000000e+000  0.000000e+000  0.000000e+000  0.000000e+000  0.000000e+000  0.000000e+000  0.000000e+000  0.000000e+000  0.000000e+000  0.000000e+000  0.000000e+000  0.000000e+000  0.000000e+000  0.000000e+000  0.000000e+000  0.000000e+000  
0.000000e+000  0.000000e+000  0.000000e+000  0.000000e+000  0.000000e+000  0.000000e+000  0.000000e+000  0.000000e+000  0.000000e+000  0.000000e+000  0.000000e+000  0.000000e+000  0.000000e+000  0.000000e+000  0.000000e+000  0.000000e+000  0.000000e+000  
0.000000e+000  0.000000e+000  0.000000e+000  0.000000e+000  0.000000e+000  0.000000e+000  0.000000e+000  0.000000e+000  0.000000e+000  0.000000e+000  0.000000e+000  0.000000e+000  0.000000e+000  0.000000e+000  0.000000e+000  0.000000e+000  0.000000e+000  

0.000000e+000  0.000000e+000  0.000000e+000  0.000000e+000  0.000000e+000  0.000000e+000  0.000000e+000  0.000000e+000  0.000000e+000  0.000000e+000  0.000000e+000  0.000000e+000  0.000000e+000  0.000000e+000  0.000000e+000  0.000000e+000  0.000000e+000  
0.000000e+000  0.000000e+000  0.000000e+000  0.000000e+000  0.000000e+000  0.000000e+000  0.000000e+000  0.000000e+000  0.000000e+000  0.000000e+000  0.000000e+000  0.000000e+000  0.000000e+000  0.000000e+000  0.000000e+000  0.000000e+000  0.000000e+000  
0.000000e+000  0.000000e+000  0.000000e+000  0.000000e+000  0.000000e+000  0.000000e+000  0.000000e+000  0.000000e+000  0.000000e+000  0.000000e+000  0.000000e+000  0.000000e+000  0.000000e+000  0.000000e+000  0.000000e+000  0.000000e+000  0.000000e+000  
0.000000e+000  0.000000e+000  0.000000e+000  0.000000e+000  0.000000e+000  0.000000e+000  0.000000e+000  0.000000e+000  0.000000e+000  0.000000e+000  0.000000e+000  0.000000e+000  0.000000e+000  0.000000e+000  0.000000e+000  0.000000e+000  0.000000e+000  
0.000000e+000  0.000000e+000  0.000000e+000  0.000000e+000  0.000000e+000  0.000000e+000  0.000000e+000  0.000000e+000  0.000000e+000  0.000000e+000  0.000000e+000  0.000000e+000  0.000000e+000  0.000000e+000  0.000000e+000  0.000000e+000  0.000000e+000  
0.000000e+000  0.000000e+000  0.000000e+000  0.000000e+000  0.000000e+000  0.000000e+000  0.000000e+000  0.000000e+000  0.000000e+000  0.000000e+000  0.000000e+000  0.000000e+000  0.000000e+000  0.000000e+000  0.000000e+000  0.000000e+000  0.000000e+000  
0.000000e+000  0.000000e+000  0.000000e+000  0.000000e+000  0.000000e+000  0.000000e+000  0.000000e+000  0.000000e+000  0.000000e+000  0.000000e+000  0.000000e+000  0.000000e+000  0.000000e+000  0.000000e+000  0.000000e+000  0.000000e+000  0.000000e+000  
0.000000e+000  0.000000e+000  0.000000e+000  0.000000e+000  0.000000e+000  0.000000e+000  0.000000e+000  0.000000e+000  0.000000e+000  0.000000e+000  0.000000e+000  0.000000e+000  0.000000e+000  0.000000e+000  0.000000e+000  0.000000e+000  0.000000e+000  
0.000000e+000  0.000000e+000  0.000000e+000  0.000000e+000  0.000000e+000  0.000000e+000  0.000000e+000  0.000000e+000  0.000000e+000  0.000000e+000  0.000000e+000  0.000000e+000  0.000000e+000  0.000000e+000  0.000000e+000  0.000000e+000  0.000000e+000  
0.000000e+000  0.000000e+000  0.000000e+000  0.000000e+000  0.000000e+000  0.000000e+000  0.000000e+000  0.000000e+000  0.000000e+000  0.000000e+000  0.000000e+000  0.000000e+000  0.000000e+000  0.000000e+000  0.000000e+000  0.000000e+000  0.000000e+000  
0.000000e+000  0.000000e+000  0.000000e+000  0.000000e+000  0.000000e+000  0.000000e+000  0.000000e+000  0.000000e+000  0.000000e+000  0.000000e+000  0.000000e+000  0.000000e+000  0.000000e+000  0.000000e+000  0.000000e+000  0.000000e+000  0.000000e+000  
0.000000e+000  0.000000e+000  0.000000e+000  0.000000e+000  0.000000e+000  0.000000e+000  0.000000e+000  0.000000e+000  0.000000e+000  0.000000e+000  0.000000e+000  0.000000e+000  0.000000e+000  0.000000e+000  0.000000e+000  0.000000e+000  0.000000e+000  
0.000000e+000  0.000000e+000  0.000000e+000  0.000000e+000  0.000000e+000  0.000000e+000  0.000000e+000  0.000000e+000  0.000000e+000  0.000000e+000  0.000000e+000  0.000000e+000  0.000000e+000  0.000000e+000  0.000000e+000  0.000000e+000  0.000000e+000  
0.000000e+000  0.000000e+000  0.000000e+000  0.000000e+000  0.000000e+000  0.000000e+000  0.000000e+000  0.000000e+000  0.000000e+000  0.000000e+000  0.000000e+000  0.000000e+000  0.000000e+000  0.000000e+000  0.000000e+000  0.000000e+000  0.000000e+000  
0.000000e+000  0.000000e+000  0.000000e+000  0.000000e+000  0.000000e+000  0.000000e+000  0.000000e+000  0.000000e+000  0.000000e+000  0.000000e+000  0.000000e+000  0.000000e+000  0.000000e+000  0.000000e+000  0.000000e+000  0.000000e+000  0.000000e+000  
0.000000e+000  0.000000e+000  0.000000e+000  0.000000e+000  0.000000e+000  0.000000e+000  0.000000e+000  0.000000e+000  0.000000e+000  0.000000e+000  0.000000e+000  0.000000e+000  0.000000e+000  0.000000e+000  0.000000e+000  0.000000e+000  0.000000e+000  
0.000000e+000  0.000000e+000  0.000000e+000  0.000000e+000  0.000000e+000  0.000000e+000  0.000000e+000  0.000000e+000  0.000000e+000  0.000000e+000  0.000000e+000  0.000000e+000  0.000000e+000  0.000000e+000  0.000000e+000  0.000000e+000  0.000000e+000  
0.000000e+000  0.000000e+000  0.000000e+000  0.000000e+000  0.000000e+000  0.000000e+000  0.000000e+000  0.000000e+000  0.000000e+000  0.000000e+000  0.000000e+000  0.000000e+000  0.000000e+000  0.000000e+000  0.000000e+000  0.000000e+000  0.000000e+000  
0.000000e+000  0.000000e+000  0.000000e+000  0.000000e+000  0.000000e+000  0.000000e+000  0.000000e+000  0.000000e+000  0.000000e+000  0.000000e+000  0.000000e+000  0.000000e+000  0.000000e+000  0.000000e+000  0.000000e+000  0.000000e+000  0.000000e+000  
0.000000e+000  0.000000e+000  0.000000e+000  0.000000e+000  0.000000e+000  0.000000e+000  0.000000e+000  0.000000e+000  0.000000e+000  0.000000e+000  0.000000e+000  0.000000e+000  0.000000e+000  0.000000e+000  0.000000e+000  0.000000e+000  0.000000e+000  
0.000000e+000  0.000000e+000  0.000000e+000  0.000000e+000  0.000000e+000  0.000000e+000  0.000000e+000  0.000000e+000  0.000000e+000  0.000000e+000  0.000000e+000  0.000000e+000  0.000000e+000  0.000000e+000  0.000000e+000  0.000000e+000  0.000000e+000  
0.000000e+000  0.000000e+000  0.000000e+000  0.000000e+000  0.000000e+000  0.000000e+000  0.000000e+000  0.000000e+000  0.000000e+000  0.000000e+000  0.000000e+000  0.000000e+000  0.000000e+000  0.000000e+000  0.000000e+000  0.000000e+000  0.000000e+000  
0.000000e+000  0.000000e+000  0.000000e+000  0.000000e+000  0.000000e+000  0.000000e+000  0.000000e+000  0.000000e+000  0.000000e+000  0.000000e+000  0.000000e+000  0.000000e+000  0.000000e+000  0.000000e+000  0.000000e+000  0.000000e+000  0.000000e+000  
0.000000e+000  0.000000e+000  0.000000e+000  0.000000e+000  0.000000e+000  0.000000e+000  0.000000e+000  0.000000e+000  0.000000e+000  0.000000e+000  0.000000e+000  0.000000e+000  0.000000e+000  0.000000e+000  0.000000e+000  0.000000e+000  0.000000e+000  
0.000000e+000  0.000000e+000  0.000000e+000  0.000000e+000  0.000000e+000  0.000000e+000  0.000000e+000  0.000000e+000  0.000000e+000  0.000000e+000  0.000000e+000  0.000000e+000  0.000000e+000  0.000000e+000  0.000000e+000  0.000000e+000  0.000000e+000  
0.000000e+000  0.000000e+000  0.000000e+000  0.000000e+000  0.000000e+000  0.000000e+000  0.000000e+000  0.000000e+000  0.000000e+000  0.000000e+000  0.000000e+000  0.000000e+000  0.000000e+000  0.000000e+000  0.000000e+000  0.000000e+000  0.000000e+000  
0.000000e+000  0.000000e+000  0.000000e+000  0.000000e+000  0.000000e+000  0.000000e+000  0.000000e+000  0.000000e+000  0.000000e+000  0.000000e+000  0.000000e+000  0.000000e+000  0.000000e+000  0.000000e+000  0.000000e+000  0.000000e+000  0.000000e+000  
0.000000e+000  0.000000e+000  0.000000e+000  0.000000e+000  0.000000e+000  0.000000e+000  0.000000e+000  0.000000e+000  0.000000e+000  0.000000e+000  0.000000e+000  0.000000e+000  0.000000e+000  0.000000e+000  0.000000e+000  0.000000e+000  0.000000e+000  
0.000000e+000  0.000000e+000  0.000000e+000  0.000000e+000  0.000000e+000  0.000000e+000  0.000000e+000  0.000000e+000  0.000000e+000  0.000000e+000  0.000000e+000  0.000000e+000  0.000000e+000  0.000000e+000  0.000000e+000  0.000000e+000  0.000000e+000  
0.000000e+000  0.000000e+000  0.000000e+000  0.000000e+000  0.000000e+000  0.000000e+000  0.000000e+000  0.000000e+000  0.000000e+000  0.000000e+000  0.000000e+000  0.000000e+000  0.000000e+000  0.000000e+000  0.000000e+000  0.000000e+000  0.000000e+000  
0.000000e+000  0.000000e+000  0.000000e+000  0.000000e+000  0.000000e+000  0.000000e+000  0.000000e+000  0.000000e+000  0.000000e+000  0.000000e+000  0.000000e+000  0.000000e+000  0.000000e+000  0.000000e+000  0.000000e+000  0.000000e+000  0.000000e+000  
0.000000e+000  0.000000e+000  0.000000e+000  0.000000e+000  0.000000e+000  0.000000e+000  0.000000e+000  0.000000e+000  0.000000e+000  0.000000e+000  0.000000e+000  0.000000e+000  0.000000e+000  0.000000e+000  0.000000e+000  0.000000e+000  0.000000e+000  
0.000000e+000  0.000000e+000  0.000000e+000  0.000000e+000  0.000000e+000  0.000000e+000  0.000000e+000  0.000000e+000  0.000000e+000  0.000000e+000  0.000000e+000  0.000000e+000  0.000000e+000  0.000000e+000  0.000000e+000  0.000000e+000  0.000000e+000  
0.000000e+000  0.000000e+000  0.000000e+000  0.000000e+000  0.000000e+000  0.000000e+000  0.000000e+000  0.000000e+000  0.000000e+000  0.000000e+000  0.000000e+000  0.000000e+000  0.000000e+000  0.000000e+000  0.000000e+000  0.000000e+000  0.000000e+000  
0.000000e+000  0.000000e+000  0.000000e+000  0.000000e+000  0.000000e+000  0.000000e+000  0.000000e+000  0.000000e+000  0.000000e+000  0.000000e+000  0.000000e+000  0.000000e+000  0.000000e+000  0.000000e+000  0.000000e+000  0.000000e+000  0.000000e+000  
0.000000e+000  0.000000e+000  0.000000e+000  0.000000e+000  0.000000e+000  0.000000e+000  0.000000e+000  0.000000e+000  0.000000e+000  0.000000e+000  0.000000e+000  0.000000e+000  0.000000e+000  0.000000e+000  0.000000e+000  0.000000e+000  0.000000e+000  
0.000000e+000  0.000000e+000  0.000000e+000  0.000000e+000  0.000000e+000  0.000000e+000  0.000000e+000  0.000000e+000  0.000000e+000  0.000000e+000  0.000000e+000  0.000000e+000  0.000000e+000  0.000000e+000  0.000000e+000  0.000000e+000  0.000000e+000  
0.000000e+000  0.000000e+000  0.000000e+000  0.000000e+000  0.000000e+000  0.000000e+000  0.000000e+000  0.000000e+000  0.000000e+000  0.000000e+000  0.000000e+000  0.000000e+000  0.000000e+000  0.000000e+000  0.000000e+000  0.000000e+000  0.000000e+000  
0.000000e+000  0.000000e+000  0.000000e+000  0.000000e+000  0.000000e+000  0.000000e+000  0.000000e+000  0.000000e+000  0.000000e+000  0.000000e+000  0.000000e+000  0.000000e+000  0.000000e+000  0.000000e+000  0.000000e+000  0.000000e+000  0.000000e+000  
0.000000e+000  0.000000e+000  0.000000e+000  0.000000e+000  0.000000e+000  0.000000e+000  0.000000e+000  0.000000e+000  0.000000e+000  0.000000e+000  0.000000e+000  0.000000e+000  0.000000e+000  0.000000e+000  0.000000e+000  0.000000e+000  0.000000e+000  

0.000000e+000  0.000000e+000  0.000000e+000  0.000000e+000  0.000000e+000  0.000000e+000  0.000000e+000  0.000000e+000  0.000000e+000  0.000000e+000  0.000000e+000  0.000000e+000  0.000000e+000  0.000000e+000  0.000000e+000  0.000000e+000  0.000000e+000  
0.000000e+000  0.000000e+000  0.000000e+000  0.000000e+000  0.000000e+000  0.000000e+000  0.000000e+000  0.000000e+000  0.000000e+000  0.000000e+000  0.000000e+000  0.000000e+000  0.000000e+000  0.000000e+000  0.000000e+000  0.000000e+000  0.000000e+000  
0.000000e+000  0.000000e+000  0.000000e+000  0.000000e+000  0.000000e+000  0.000000e+000  0.000000e+000  0.000000e+000  0.000000e+000  0.000000e+000  0.000000e+000  0.000000e+000  0.000000e+000  0.000000e+000  0.000000e+000  0.000000e+000  0.000000e+000  
0.000000e+000  0.000000e+000  0.000000e+000  0.000000e+000  0.000000e+000  0.000000e+000  0.000000e+000  0.000000e+000  0.000000e+000  0.000000e+000  0.000000e+000  0.000000e+000  0.000000e+000  0.000000e+000  0.000000e+000  0.000000e+000  0.000000e+000  
0.000000e+000  0.000000e+000  0.000000e+000  0.000000e+000  0.000000e+000  0.000000e+000  0.000000e+000  0.000000e+000  0.000000e+000  0.000000e+000  0.000000e+000  0.000000e+000  0.000000e+000  0.000000e+000  0.000000e+000  0.000000e+000  0.000000e+000  
0.000000e+000  0.000000e+000  0.000000e+000  0.000000e+000  0.000000e+000  0.000000e+000  0.000000e+000  0.000000e+000  0.000000e+000  0.000000e+000  0.000000e+000  0.000000e+000  0.000000e+000  0.000000e+000  0.000000e+000  0.000000e+000  0.000000e+000  
0.000000e+000  0.000000e+000  0.000000e+000  0.000000e+000  0.000000e+000  0.000000e+000  0.000000e+000  0.000000e+000  0.000000e+000  0.000000e+000  0.000000e+000  0.000000e+000  0.000000e+000  0.000000e+000  0.000000e+000  0.000000e+000  0.000000e+000  
0.000000e+000  0.000000e+000  0.000000e+000  0.000000e+000  0.000000e+000  0.000000e+000  0.000000e+000  0.000000e+000  0.000000e+000  0.000000e+000  0.000000e+000  0.000000e+000  0.000000e+000  0.000000e+000  0.000000e+000  0.000000e+000  0.000000e+000  
0.000000e+000  0.000000e+000  0.000000e+000  0.000000e+000  0.000000e+000  0.000000e+000  0.000000e+000  0.000000e+000  0.000000e+000  0.000000e+000  0.000000e+000  0.000000e+000  0.000000e+000  0.000000e+000  0.000000e+000  0.000000e+000  0.000000e+000  
0.000000e+000  0.000000e+000  0.000000e+000  0.000000e+000  0.000000e+000  0.000000e+000  0.000000e+000  0.000000e+000  0.000000e+000  0.000000e+000  0.000000e+000  0.000000e+000  0.000000e+000  0.000000e+000  0.000000e+000  0.000000e+000  0.000000e+000  
0.000000e+000  0.000000e+000  0.000000e+000  0.000000e+000  0.000000e+000  0.000000e+000  0.000000e+000  0.000000e+000  0.000000e+000  0.000000e+000  0.000000e+000  0.000000e+000  0.000000e+000  0.000000e+000  0.000000e+000  0.000000e+000  0.000000e+000  
0.000000e+000  0.000000e+000  0.000000e+000  0.000000e+000  0.000000e+000  0.000000e+000  0.000000e+000  0.000000e+000  0.000000e+000  0.000000e+000  0.000000e+000  0.000000e+000  0.000000e+000  0.000000e+000  0.000000e+000  0.000000e+000  0.000000e+000  
0.000000e+000  0.000000e+000  0.000000e+000  0.000000e+000  0.000000e+000  0.000000e+000  0.000000e+000  0.000000e+000  0.000000e+000  0.000000e+000  0.000000e+000  0.000000e+000  0.000000e+000  0.000000e+000  0.000000e+000  0.000000e+000  0.000000e+000  
0.000000e+000  0.000000e+000  0.000000e+000  0.000000e+000  0.000000e+000  0.000000e+000  0.000000e+000  0.000000e+000  0.000000e+000  0.000000e+000  0.000000e+000  0.000000e+000  0.000000e+000  0.000000e+000  0.000000e+000  0.000000e+000  0.000000e+000  
0.000000e+000  0.000000e+000  0.000000e+000  0.000000e+000  0.000000e+000  0.000000e+000  0.000000e+000  0.000000e+000  0.000000e+000  0.000000e+000  0.000000e+000  0.000000e+000  0.000000e+000  0.000000e+000  0.000000e+000  0.000000e+000  0.000000e+000  
0.000000e+000  0.000000e+000  0.000000e+000  0.000000e+000  0.000000e+000  0.000000e+000  0.000000e+000  0.000000e+000  0.000000e+000  0.000000e+000  0.000000e+000  0.000000e+000  0.000000e+000  0.000000e+000  0.000000e+000  0.000000e+000  0.000000e+000  
0.000000e+000  0.000000e+000  0.000000e+000  0.000000e+000  0.000000e+000  0.000000e+000  0.000000e+000  0.000000e+000  0.000000e+000  0.000000e+000  0.000000e+000  0.000000e+000  0.000000e+000  0.000000e+000  0.000000e+000  0.000000e+000  0.000000e+000  
0.000000e+000  0.000000e+000  0.000000e+000  0.000000e+000  0.000000e+000  0.000000e+000  0.000000e+000  0.000000e+000  0.000000e+000  0.000000e+000  0.000000e+000  0.000000e+000  0.000000e+000  0.000000e+000  0.000000e+000  0.000000e+000  0.000000e+000  
0.000000e+000  0.000000e+000  0.000000e+000  0.000000e+000  0.000000e+000  0.000000e+000  0.000000e+000  0.000000e+000  0.000000e+000  0.000000e+000  0.000000e+000  0.000000e+000  0.000000e+000  0.000000e+000  0.000000e+000  0.000000e+000  0.000000e+000  
0.000000e+000  0.000000e+000  0.000000e+000  0.000000e+000  0.000000e+000  0.000000e+000  0.000000e+000  0.000000e+000  0.000000e+000  0.000000e+000  0.000000e+000  0.000000e+000  0.000000e+000  0.000000e+000  0.000000e+000  0.000000e+000  0.000000e+000  
0.000000e+000  0.000000e+000  0.000000e+000  0.000000e+000  0.000000e+000  0.000000e+000  0.000000e+000  0.000000e+000  0.000000e+000  0.000000e+000  0.000000e+000  0.000000e+000  0.000000e+000  0.000000e+000  0.000000e+000  0.000000e+000  0.000000e+000  
0.000000e+000  0.000000e+000  0.000000e+000  0.000000e+000  0.000000e+000  0.000000e+000  0.000000e+000  0.000000e+000  0.000000e+000  0.000000e+000  0.000000e+000  0.000000e+000  0.000000e+000  0.000000e+000  0.000000e+000  0.000000e+000  0.000000e+000  
0.000000e+000  0.000000e+000  0.000000e+000  0.000000e+000  0.000000e+000  0.000000e+000  0.000000e+000  0.000000e+000  0.000000e+000  0.000000e+000  0.000000e+000  0.000000e+000  0.000000e+000  0.000000e+000  0.000000e+000  0.000000e+000  0.000000e+000  
0.000000e+000  0.000000e+000  0.000000e+000  0.000000e+000  0.000000e+000  0.000000e+000  0.000000e+000  0.000000e+000  0.000000e+000  0.000000e+000  0.000000e+000  0.000000e+000  0.000000e+000  0.000000e+000  0.000000e+000  0.000000e+000  0.000000e+000  
0.000000e+000  0.000000e+000  0.000000e+000  0.000000e+000  0.000000e+000  0.000000e+000  0.000000e+000  0.000000e+000  0.000000e+000  0.000000e+000  0.000000e+000  0.000000e+000  0.000000e+000  0.000000e+000  0.000000e+000  0.000000e+000  0.000000e+000  
0.000000e+000  0.000000e+000  0.000000e+000  0.000000e+000  0.000000e+000  0.000000e+000  0.000000e+000  0.000000e+000  0.000000e+000  0.000000e+000  0.000000e+000  0.000000e+000  0.000000e+000  0.000000e+000  0.000000e+000  0.000000e+000  0.000000e+000  
0.000000e+000  0.000000e+000  0.000000e+000  0.000000e+000  0.000000e+000  0.000000e+000  0.000000e+000  0.000000e+000  0.000000e+000  0.000000e+000  0.000000e+000  0.000000e+000  0.000000e+000  0.000000e+000  0.000000e+000  0.000000e+000  0.000000e+000  
0.000000e+000  0.000000e+000  0.000000e+000  0.000000e+000  0.000000e+000  0.000000e+000  0.000000e+000  0.000000e+000  0.000000e+000  0.000000e+000  0.000000e+000  0.000000e+000  0.000000e+000  0.000000e+000  0.000000e+000  0.000000e+000  0.000000e+000  
0.000000e+000  0.000000e+000  0.000000e+000  0.000000e+000  0.000000e+000  0.000000e+000  0.000000e+000  0.000000e+000  0.000000e+000  0.000000e+000  0.000000e+000  0.000000e+000  0.000000e+000  0.000000e+000  0.000000e+000  0.000000e+000  0.000000e+000  
0.000000e+000  0.000000e+000  0.000000e+000  0.000000e+000  0.000000e+000  0.000000e+000  0.000000e+000  0.000000e+000  0.000000e+000  0.000000e+000  0.000000e+000  0.000000e+000  0.000000e+000  0.000000e+000  0.000000e+000  0.000000e+000  0.000000e+000  
0.000000e+000  0.000000e+000  0.000000e+000  0.000000e+000  0.000000e+000  0.000000e+000  0.000000e+000  0.000000e+000  0.000000e+000  0.000000e+000  0.000000e+000  0.000000e+000  0.000000e+000  0.000000e+000  0.000000e+000  0.000000e+000  0.000000e+000  
0.000000e+000  0.000000e+000  0.000000e+000  0.000000e+000  0.000000e+000  0.000000e+000  0.000000e+000  0.000000e+000  0.000000e+000  0.000000e+000  0.000000e+000  0.000000e+000  0.000000e+000  0.000000e+000  0.000000e+000  0.000000e+000  0.000000e+000  
0.000000e+000  0.000000e+000  0.000000e+000  0.000000e+000  0.000000e+000  0.000000e+000  0.000000e+000  0.000000e+000  0.000000e+000  0.000000e+000  0.000000e+000  0.000000e+000  0.000000e+000  0.000000e+000  0.000000e+000  0.000000e+000  0.000000e+000  
0.000000e+000  0.000000e+000  0.000000e+000  0.000000e+000  0.000000e+000  0.000000e+000  0.000000e+000  0.000000e+000  0.000000e+000  0.000000e+000  0.000000e+000  0.000000e+000  0.000000e+000  0.000000e+000  0.000000e+000  0.000000e+000  0.000000e+000  
0.000000e+000  0.000000e+000  0.000000e+000  0.000000e+000  0.000000e+000  0.000000e+000  0.000000e+000  0.000000e+000  0.000000e+000  0.000000e+000  0.000000e+000  0.000000e+000  0.000000e+000  0.000000e+000  0.000000e+000  0.000000e+000  0.000000e+000  
0.000000e+000  0.000000e+000  0.000000e+000  0.000000e+000  0.000000e+000  0.000000e+000  0.000000e+000  0.000000e+000  0.000000e+000  0.000000e+000  0.000000e+000  0.000000e+000  0.000000e+000  0.000000e+000  0.000000e+000  0.000000e+000  0.000000e+000  
0.000000e+000  0.000000e+000  0.000000e+000  0.000000e+000  0.000000e+000  0.000000e+000  0.000000e+000  0.000000e+000  0.000000e+000  0.000000e+000  0.000000e+000  0.000000e+000  0.000000e+000  0.000000e+000  0.000000e+000  0.000000e+000  0.000000e+000  
0.000000e+000  0.000000e+000  0.000000e+000  0.000000e+000  0.000000e+000  0.000000e+000  0.000000e+000  0.000000e+000  0.000000e+000  0.000000e+000  0.000000e+000  0.000000e+000  0.000000e+000  0.000000e+000  0.000000e+000  0.000000e+000  0.000000e+000  
0.000000e+000  0.000000e+000  0.000000e+000  0.000000e+000  0.000000e+000  0.000000e+000  0.000000e+000  0.000000e+000  0.000000e+000  0.000000e+000  0.000000e+000  0.000000e+000  0.000000e+000  0.000000e+000  0.000000e+000  0.000000e+000  0.000000e+000  
0.000000e+000  0.000000e+000  0.000000e+000  0.000000e+000  0.000000e+000  0.000000e+000  0.000000e+000  0.000000e+000  0.000000e+000  0.000000e+000  0.000000e+000  0.000000e+000  0.000000e+000  0.000000e+000  0.000000e+000  0.000000e+000  0.000000e+000  

-0.000000e+000  -6.171982e+000  -1.230897e+001  -1.837635e+001  -2.434028e+001  -2.476389e+001  -2.506783e+001  -2.526405e+001  -2.536526e+001  -2.538449e+001  -2.533463e+001  -2.522813e+001  -2.507676e+001  -2.467201e+001  -2.420683e+001  -2.302228e+001  -2.226611e+001  
-0.000000e+000  -6.452466e+000  -1.286681e+001  -1.920526e+001  -2.543083e+001  -2.578827e+001  -2.601598e+001  -2.612972e+001  -2.614561e+001  -2.607955e+001  -2.594675e+001  -2.576139e+001  -2.553645e+001  -2.500280e+001  -2.443472e+001  -2.309846e+001  -2.228664e+001  
-0.000000e+000  -7.634029e+000  -1.521780e+001  -2.270110e+001  -3.003387e+001  -3.005455e+001  -2.990928e+001  -2.963254e+001  -2.925613e+001  -2.880829e+001  -2.831326e+001  -2.779137e+001  -2.725919e+001  -2.620387e+001  -2.523293e+001  -2.333696e+001  -2.233076e+001  
-0.000000e+000  -9.603807e+000  -1.914672e+001  -2.856534e+001  -3.779178e+001  -3.696562e+001  -3.595705e+001  -3.484128e+001  -3.367836e+001  -3.251369e+001  -3.137981e+001  -3.029864e+001  -2.928388e+001  -2.747649e+001  -2.597528e+001  -2.345859e+001  -2.227118e+001  
-0.000000e+000  -1.249246e+001  -2.495747e+001  -3.735325e+001  -4.961132e+001  -4.675685e+001  -4.388416e+001  -4.113044e+001  -3.857733e+001  -3.626388e+001  -3.419993e+001  -3.237725e+001  -3.077784e+001  -2.818240e+001  -2.620677e+001  -2.329372e+001  -2.203740e+001  
-0.000000e+000  -1.407599e+001  -2.823094e+001  -4.251159e+001  -5.690189e+001  -5.203142e+001  -4.753828e+001  -4.355069e+001  -4.009752e+001  -3.714940e+001  -3.464993e+001  -3.253507e+001  -3.074333e+001  -2.796594e+001  -2.592802e+001  -2.305398e+001  -2.184283e+001  
-0.000000e+000  -1.473818e+001  -2.965880e+001  -4.490049e+001  -6.051110e+001  -5.429661e+001  -4.882848e+001  -4.418172e+001  -4.030850e+001  -3.710701e+001  -3.446390e+001  -3.227456e+001  -3.045021e+001  -2.767967e+001  -2.567678e+001  -2.289472e+001  -2.172775e+001  
-0.000000e+000  -1.520613e+001  -3.074371e+001  -4.689209e+001  -6.380826e+001  -5.601509e+001  -4.950446e+001  -4.423225e+001  -4.001759e+001  -3.665159e+001  -3.394718e+001  -3.175328e+001  -2.995322e+001  -2.726864e+001  -2.535054e+001  -2.271059e+001  -2.160201e+001  
-0.000000e+000  -1.532907e+001  -3.115057e+001  -4.791208e+001  -6.592267e+001  -5.668820e+001  -4.935111e+001  -4.367477e+001  -3.930463e+001  -3.591455e+001  -3.324889e+001  -3.111959e+001  -2.939109e+001  -2.684240e+001  -2.503223e+001  -2.254439e+001  -2.149316e+001  
-0.000000e+000  -1.511042e+001  -3.090497e+001  -4.806381e+001  -6.715278e+001  -5.638100e+001  -4.833952e+001  -4.244597e+001  -3.809294e+001  -3.481409e+001  -3.228658e+001  -3.029341e+001  -2.868801e+001  -2.633701e+001  -2.466972e+001  -2.236517e+001  -2.137944e+001  
-0.000000e+000  -1.441840e+001  -2.971527e+001  -4.687900e+001  -6.693534e+001  -5.464400e+001  -4.620613e+001  -4.041851e+001  -3.633084e+001  -3.333486e+001  -3.106064e+001  -2.928112e+001  -2.785218e+001  -2.575946e+001  -2.426811e+001  -2.217515e+001  -2.126207e+001  
-0.000000e+000  -1.311957e+001  -2.723618e+001  -4.369616e+001  -6.437973e+001  -5.087003e+001  -4.267836e+001  -3.750488e+001  -3.400754e+001  -3.149169e+001  -2.959150e+001  -2.810200e+001  -2.689998e+001  -2.512043e+001  -2.383416e+001  -2.197697e+001  -2.114244e+001  
-0.000000e+000  -1.169586e+001  -2.432014e+001  -3.940395e+001  -5.990083e+001  -4.618917e+001  -3.899052e+001  -3.474872e+001  -3.193733e+001  -2.990914e+001  -2.836061e+001  -2.713118e+001  -2.612655e+001  -2.461069e+001  -2.349330e+001  -2.182510e+001  -2.105233e+001  
-0.000000e+000  -9.912687e+000  -2.045253e+001  -3.301907e+001  -5.190954e+001  -3.955673e+001  -3.442437e+001  -3.157447e+001  -2.964371e+001  -2.819420e+001  -2.704525e+001  -2.610391e+001  -2.531450e+001  -2.408130e+001  -2.314279e+001  -2.167165e+001  -2.096244e+001  
-0.000000e+000  -7.886457e+000  -1.580077e+001  -2.419081e+001  -3.771871e+001  -3.075575e+001  -2.918210e+001  -2.813551e+001  -2.721708e+001  -2.640032e+001  -2.567861e+001  -2.504179e+001  -2.447840e+001  -2.353991e+001  -2.278682e+001  -2.151803e+001  -2.087347e+001  
-0.000000e+000  -5.848603e+000  -1.096373e+001  -1.337773e+001  -0.000000e+000  -2.033672e+001  -2.379276e+001  -2.466976e+001  -2.477131e+001  -2.458894e+001  -2.429725e+001  -2.396815e+001  -2.363375e+001  -2.299454e+001  -2.242975e+001  -2.136569e+001  -2.078611e+001  
-0.000000e+000  -3.708594e+000  -6.401241e+000  -6.319610e+000  -0.000000e+000  -1.251316e+001  -1.819482e+001  -2.070273e+001  -2.186500e+001  -2.239760e+001  -2.261001e+001  -2.264977e+001  -2.259349e+001  -2.232231e+001  -2.199049e+001  -2.118012e+001  -2.068071e+001  
-0.000000e+000  -2.173835e+000  -3.492169e+000  -2.980590e+000  -0.000000e+000  -8.383717e+000  -1.409388e+001  -1.737897e+001  -1.926775e+001  -2.037087e+001  -2.101849e+001  -2.139129e+001  -2.159289e+001  -2.167190e+001  -2.156492e+001  -2.100163e+001  -2.058022e+001  
-0.000000e+000  -6.338027e-001  -9.461776e-001  -7.183995e-001  -0.000000e+000  -4.878033e+000  -9.323927e+000  -1.272586e+001  -1.521421e+001  -1.699713e+001  -1.826282e+001  -1.915699e+001  -1.978614e+001  -2.047930e+001  -2.077932e+001  -2.067415e+001  -2.039783e+001  
-0.000000e+000  -7.199521e-002  -1.036823e-001  -7.492386e-002  -0.000000e+000  -2.942898e+000  -5.959093e+000  -8.676144e+000  -1.103528e+001  -1.302803e+001  -1.467638e+001  -1.601764e+001  -1.709455e+001  -1.858269e+001  -1.948230e+001  -2.013034e+001  -2.009996e+001  
-0.000000e+000  -7.199522e-002  -1.036823e-001  -7.492386e-002  -0.000000e+000  -2.942898e+000  -5.959093e+000  -8.676144e+000  -1.103528e+001  -1.302803e+001  -1.467638e+001  -1.601764e+001  -1.709455e+001  -1.858269e+001  -1.948230e+001  -2.013034e+001  -2.009996e+001  
-0.000000e+000  -6.338027e-001  -9.461776e-001  -7.183995e-001  -0.000000e+000  -4.878033e+000  -9.323927e+000  -1.272586e+001  -1.521421e+001  -1.699713e+001  -1.826282e+001  -1.915699e+001  -1.978614e+001  -2.047930e+001  -2.077932e+001  -2.067415e+001  -2.039783e+001  
-0.000000e+000  -2.173835e+000  -3.492169e+000  -2.980590e+000  -0.000000e+000  -8.383717e+000  -1.409388e+001  -1.737897e+001  -1.926775e+001  -2.037087e+001  -2.101849e+001  -2.139129e+001  -2.159289e+001  -2.167190e+001  -2.156492e+001  -2.100163e+001  -2.058022e+001  
-0.000000e+000  -3.708594e+000  -6.401241e+000  -6.319610e+000  -0.000000e+000  -1.251316e+001  -1.819482e+001  -2.070273e+001  -2.186500e+001  -2.239760e+001  -2.261001e+001  -2.264977e+001  -2.259349e+001  -2.232231e+001  -2.199049e+001  -2.118012e+001  -2.068071e+001  
-0.000000e+000  -5.848603e+000  -1.096373e+001  -1.337774e+001  -0.000000e+000  -2.033672e+001  -2.379276e+001  -2.466976e+001  -2.477131e+001  -2.458894e+001  -2.429725e+001  -2.396815e+001  -2.363375e+001  -2.299454e+001  -2.242975e+001  -2.136569e+001  -2.078611e+001  
-0.000000e+000  -7.886457e+000  -1.580077e+001  -2.419081e+001  -3.771871e+001  -3.075575e+001  -2.918210e+001  -2.813551e+001  -2.721708e+001  -2.640032e+001  -2.567861e+001  -2.504179e+001  -2.447840e+001  -2.353991e+001  -2.278682e+001  -2.151803e+001  -2.087347e+001  
-0.000000e+000  -9.912687e+000  -2.045253e+001  -3.301907e+001  -5.190954e+001  -3.955673e+001  -3.442437e+001  -3.157447e+001  -2.964371e+001  -2.819420e+001  -2.704525e+001  -2.610391e+001  -2.531450e+001  -2.408130e+001  -2.314279e+001  -2.167165e+001  -2.096244e+001  
-0.000000e+000  -1.169586e+001  -2.432014e+001  -3.940395e+001  -5.990083e+001  -4.618917e+001  -3.899052e+001  -3.474872e+001  -3.193733e+001  -2.990914e+001  -2.836061e+001  -2.713118e+001  -2.612655e+001  -2.461069e+001  -2.349330e+001  -2.182510e+001  -2.105233e+001  
-0.000000e+000  -1.311957e+001  -2.723618e+001  -4.369616e+001  -6.437973e+001  -5.087003e+001  -4.267836e+001  -3.750488e+001  -3.400754e+001  -3.149169e+001  -2.959150e+001  -2.810200e+001  -2.689998e+001  -2.512043e+001  -2.383416e+001  -2.197697e+001  -2.114244e+001  
-0.000000e+000  -1.441840e+001  -2.971527e+001  -4.687900e+001  -6.693534e+001  -5.464400e+001  -4.620613e+001  -4.041851e+001  -3.633084e+001  -3.333486e+001  -3.106064e+001  -2.928112e+001  -2.785218e+001  -2.575946e+001  -2.426811e+001  -2.217515e+001  -2.126207e+001  
-0.000000e+000  -1.511042e+001  -3.090497e+001  -4.806381e+001  -6.715278e+001  -5.638100e+001  -4.833952e+001  -4.244597e+001  -3.809294e+001  -3.481409e+001  -3.228658e+001  -3.029341e+001  -2.868801e+001  -2.633701e+001  -2.466972e+001  -2.236517e+001  -2.137944e+001  
-0.000000e+000  -1.532907e+001  -3.115057e+001  -4.791208e+001  -6.592267e+001  -5.668820e+001  -4.935111e+001  -4.367477e+001  -3.930463e+001  -3.591455e+001  -3.324889e+001  -3.111959e+001  -2.939109e+001  -2.684240e+001  -2.503223e+001  -2.254439e+001  -2.149316e+001  
-0.000000e+000  -1.520613e+001  -3.074371e+001  -4.689209e+001  -6.380826e+001  -5.601509e+001  -4.950446e+001  -4.423225e+001  -4.001759e+001  -3.665159e+001  -3.394718e+001  -3.175328e+001  -2.995322e+001  -2.726864e+001  -2.535054e+001  -2.271059e+001  -2.160201e+001  
-0.000000e+000  -1.473818e+001  -2.965880e+001  -4.490049e+001  -6.051110e+001  -5.429661e+001  -4.882848e+001  -4.418172e+001  -4.030850e+001  -3.710701e+001  -3.446390e+001  -3.227456e+001  -3.045021e+001  -2.767967e+001  -2.567678e+001  -2.289472e+001  -2.172775e+001  
-0.000000e+000  -1.407599e+001  -2.823094e+001  -4.251159e+001  -5.690189e+001  -5.203142e+001  -4.753828e+001  -4.355069e+001  -4.009752e+001  -3.714940e+001  -3.464993e+001  -3.253507e+001  -3.074333e+001  -2.796594e+001  -2.592802e+001  -2.305398e+001  -2.184283e+001  
-0.000000e+000  -1.249246e+001  -2.495747e+001  -3.735325e+001  -4.961132e+001  -4.675685e+001  -4.388416e+001  -4.113044e+001  -3.857733e+001  -3.626388e+001  -3.419993e+001  -3.237725e+001  -3.077784e+001  -2.818240e+001  -2.620677e+001  -2.329372e+001  -2.203740e+001  
-0.000000e+000  -9.603807e+000  -1.914672e+001  -2.856534e+001  -3.779178e+001  -3.696562e+001  -3.595705e+001  -3.484128e+001  -3.367836e+001  -3.251369e+001  -3.137981e+001  -3.029864e+001  -2.928388e+001  -2.747649e+001  -2.597528e+001  -2.345859e+001  -2.227118e+001  
-0.000000e+000  -7.634029e+000  -1.521780e+001  -2.270110e+001  -3.003387e+001  -3.005455e+001  -2.990928e+001  -2.963254e+001  -2.925613e+001  -2.880829e+001  -2.831326e+001  -2.779137e+001  -2.725919e+001  -2.620387e+001  -2.523293e+001  -2.333696e+001  -2.233076e+001  
-0.000000e+000  -6.452466e+000  -1.286681e+001  -1.920526e+001  -2.543083e+001  -2.578827e+001  -2.601598e+001  -2.612972e+001  -2.614561e+001  -2.607955e+001  -2.594675e+001  -2.576139e+001  -2.553645e+001  -2.500280e+001  -2.443472e+001  -2.309846e+001  -2.228664e+001  
-0.000000e+000  -6.171982e+000  -1.230897e+001  -1.837635e+001  -2.434028e+001  -2.476389e+001  -2.506783e+001  -2.526405e+001  -2.536526e+001  -2.538449e+001  -2.533463e+001  -2.522813e+001  -2.507676e+001  -2.467201e+001  -2.420683e+001  -2.302228e+001  -2.226611e+001  

