Port monitor named: Port1_e1[2.4].prt

nx        = 36
ny        = 4
nz        = 19

nu        = 17
nv        = 34
iu        = 2
iv        = 2

idir      = 1
dcut      = -3.790000e-002
icut      = 2
type      = 0
frequency = 2.400000e+009

fcutoff   = 0.000000e+000
alpha     = 0.000000e+000
beta      = 9.402012e+001
accuracy  = 6.735193e-010

type          = QTEM
wave imp.     = 2.489503e+002
wave imp.sig. = 1.653561e-007
line imp.     = 4.206699e+001

ref. port     = 0

-4.557890e+001  -4.514949e+001  -4.430715e+001  -4.308336e+001  -1.854784e+002  -1.824766e+002  -1.782765e+002  -1.729997e+002  -1.667836e+002  -1.597738e+002  -1.521168e+002  -1.439541e+002  -1.311491e+002  -1.132938e+002  -8.043737e+001  -2.760233e+001  -0.000000e+000  
-5.740451e+001  -5.650710e+001  -5.477089e+001  -5.230647e+001  -2.220329e+002  -2.166067e+002  -2.093650e+002  -2.006304e+002  -1.907358e+002  -1.800022e+002  -1.687230e+002  -1.571546e+002  -1.396888e+002  -1.171255e+002  -7.846332e+001  -2.538123e+001  -0.000000e+000  
-9.444222e+001  -9.129870e+001  -8.531830e+001  -7.707458e+001  -3.127161e+002  -2.975287e+002  -2.790275e+002  -2.584213e+002  -2.367895e+002  -2.150208e+002  -1.937928e+002  -1.735813e+002  -1.452380e+002  -1.136501e+002  -6.672823e+001  -1.910861e+001  -0.000000e+000  
-1.886006e+002  -1.773608e+002  -1.562016e+002  -1.276069e+002  -4.721568e+002  -4.275425e+002  -3.786519e+002  -3.293149e+002  -2.823032e+002  -2.393398e+002  -2.012811e+002  -1.683524e+002  -1.263761e+002  -8.764285e+001  -4.043809e+001  -9.170880e+000  -0.000000e+000  
-3.131996e+002  -2.887777e+002  -2.428432e+002  -1.811234e+002  -6.067952e+002  -5.204421e+002  -4.337457e+002  -3.535805e+002  -2.835282e+002  -2.246855e+002  -1.766305e+002  -1.381886e+002  -9.279347e+001  -5.642820e+001  -1.868659e+001  -2.487289e+000  -0.000000e+000  
-5.502564e+002  -4.992333e+002  -4.021033e+002  -2.702750e+002  -7.847090e+002  -6.171341e+002  -4.655784e+002  -3.403261e+002  -2.426509e+002  -1.692854e+002  -1.155596e+002  -7.698257e+001  -3.623991e+001  -1.021320e+001  8.687593e+000  5.082814e+000  -0.000000e+000  
-7.190426e+002  -6.501833e+002  -5.160567e+002  -3.290694e+002  -8.673850e+002  -6.400186e+002  -4.493242e+002  -3.035858e+002  -1.979796e+002  -1.238046e+002  -7.279153e+001  -3.839237e+001  -4.523878e+000  1.360200e+001  2.137375e+001  8.363330e+000  -0.000000e+000  
-9.432877e+002  -8.537087e+002  -6.725947e+002  -4.077986e+002  -9.480563e+002  -6.385964e+002  -4.029955e+002  -2.399172e+002  -1.321854e+002  -6.274002e+001  -1.883196e+001  8.171174e+000  3.176522e+001  3.977885e+001  3.459821e+001  1.166400e+001  -0.000000e+000  
-1.239677e+003  -1.130987e+003  -8.965905e+002  -5.218044e+002  -1.010746e+003  -5.876818e+002  -3.078845e+002  -1.389642e+002  -4.057144e+001  1.556763e+001  4.656072e+001  6.237652e+001  7.205007e+001  6.782430e+001  4.811352e+001  1.493027e+001  -0.000000e+000  
-1.623572e+003  -1.509563e+003  -1.233827e+003  -7.113951e+002  -1.014131e+003  -4.402269e+002  -1.379379e+002  9.638134e+000  7.962487e+001  1.109180e+002  1.222705e+002  1.229770e+002  1.152937e+002  9.703254e+001  6.162399e+001  1.810258e+001  -0.000000e+000  
-1.942291e+003  -1.847156e+003  -1.583034e+003  -9.596128e+002  -9.107415e+002  -2.311691e+002  4.057083e+001  1.429743e+002  1.779912e+002  1.847209e+002  1.788365e+002  1.672012e+002  1.460125e+002  1.173611e+002  7.075820e+001  2.020228e+001  -0.000000e+000  
-2.297433e+003  -2.249677e+003  -2.070625e+003  -1.432609e+003  -6.013470e+002  1.095831e+002  2.738143e+002  2.981419e+002  2.855685e+002  2.626726e+002  2.373312e+002  2.122961e+002  1.768213e+002  1.374769e+002  7.961337e+001  2.220609e+001  -0.000000e+000  
-2.670667e+003  -2.702527e+003  -2.734980e+003  -2.460523e+003  2.114042e+002  6.270369e+002  5.523737e+002  4.653512e+002  3.965939e+002  3.415182e+002  2.958205e+002  2.570272e+002  2.070571e+002  1.570210e+002  8.806947e+001  2.409308e+001  -0.000000e+000  
-3.031225e+003  -3.154759e+003  -3.517344e+003  -4.673800e+003  2.953010e+003  1.303170e+003  8.351447e+002  6.268418e+002  5.033546e+002  4.174681e+002  3.521955e+002  3.000889e+002  2.360342e+002  1.756262e+002  9.600659e+001  2.584279e+001  -0.000000e+000  
-3.417401e+003  -3.592983e+003  -4.066649e+003  -5.257954e+003  2.802584e+003  1.612105e+003  1.072584e+003  7.917940e+002  6.209652e+002  5.039972e+002  4.174306e+002  3.502369e+002  2.698352e+002  1.972405e+002  1.051110e+002  2.782596e+001  -0.000000e+000  
-3.695038e+003  -3.847447e+003  -4.174598e+003  -4.636069e+003  2.095617e+003  1.587429e+003  1.177695e+003  9.007181e+002  7.112785e+002  5.752148e+002  4.729690e+002  3.936175e+002  2.993580e+002  2.161139e+002  1.129844e+002  2.952326e+001  -0.000000e+000  
-3.967165e+003  -4.032007e+003  -4.140325e+003  -4.238744e+003  1.537092e+003  1.389236e+003  1.185406e+003  9.852663e+002  8.109306e+002  6.665808e+002  5.496298e+002  4.556559e+002  3.426066e+002  2.438838e+002  1.244549e+002  3.196450e+001  -0.000000e+000  
-3.967165e+003  -4.032007e+003  -4.140325e+003  -4.238744e+003  1.537092e+003  1.389236e+003  1.185406e+003  9.852663e+002  8.109306e+002  6.665808e+002  5.496298e+002  4.556559e+002  3.426066e+002  2.438838e+002  1.244549e+002  3.196450e+001  -0.000000e+000  
-3.695038e+003  -3.847447e+003  -4.174598e+003  -4.636069e+003  2.095617e+003  1.587429e+003  1.177695e+003  9.007181e+002  7.112785e+002  5.752148e+002  4.729690e+002  3.936175e+002  2.993580e+002  2.161139e+002  1.129844e+002  2.952326e+001  -0.000000e+000  
-3.417401e+003  -3.592983e+003  -4.066649e+003  -5.257954e+003  2.802584e+003  1.612105e+003  1.072584e+003  7.917940e+002  6.209652e+002  5.039972e+002  4.174306e+002  3.502369e+002  2.698352e+002  1.972405e+002  1.051110e+002  2.782596e+001  -0.000000e+000  
-3.031225e+003  -3.154759e+003  -3.517344e+003  -4.673800e+003  2.953010e+003  1.303170e+003  8.351447e+002  6.268418e+002  5.033546e+002  4.174681e+002  3.521955e+002  3.000889e+002  2.360342e+002  1.756262e+002  9.600659e+001  2.584279e+001  -0.000000e+000  
-2.670667e+003  -2.702527e+003  -2.734980e+003  -2.460523e+003  2.114042e+002  6.270369e+002  5.523737e+002  4.653512e+002  3.965939e+002  3.415182e+002  2.958205e+002  2.570272e+002  2.070571e+002  1.570210e+002  8.806947e+001  2.409308e+001  -0.000000e+000  
-2.297433e+003  -2.249677e+003  -2.070625e+003  -1.432609e+003  -6.013470e+002  1.095831e+002  2.738143e+002  2.981419e+002  2.855685e+002  2.626726e+002  2.373312e+002  2.122961e+002  1.768213e+002  1.374769e+002  7.961337e+001  2.220609e+001  -0.000000e+000  
-1.942291e+003  -1.847156e+003  -1.583034e+003  -9.596128e+002  -9.107415e+002  -2.311691e+002  4.057083e+001  1.429743e+002  1.779912e+002  1.847209e+002  1.788365e+002  1.672012e+002  1.460125e+002  1.173611e+002  7.075820e+001  2.020228e+001  -0.000000e+000  
-1.623572e+003  -1.509563e+003  -1.233827e+003  -7.113951e+002  -1.014131e+003  -4.402269e+002  -1.379379e+002  9.638134e+000  7.962487e+001  1.109180e+002  1.222705e+002  1.229770e+002  1.152937e+002  9.703254e+001  6.162399e+001  1.810258e+001  -0.000000e+000  
-1.239677e+003  -1.130987e+003  -8.965905e+002  -5.218044e+002  -1.010746e+003  -5.876818e+002  -3.078845e+002  -1.389642e+002  -4.057144e+001  1.556763e+001  4.656072e+001  6.237652e+001  7.205007e+001  6.782430e+001  4.811352e+001  1.493027e+001  -0.000000e+000  
-9.432877e+002  -8.537087e+002  -6.725947e+002  -4.077986e+002  -9.480563e+002  -6.385964e+002  -4.029955e+002  -2.399172e+002  -1.321854e+002  -6.274002e+001  -1.883196e+001  8.171174e+000  3.176522e+001  3.977885e+001  3.459821e+001  1.166400e+001  -0.000000e+000  
-7.190426e+002  -6.501833e+002  -5.160567e+002  -3.290694e+002  -8.673850e+002  -6.400186e+002  -4.493242e+002  -3.035858e+002  -1.979796e+002  -1.238046e+002  -7.279153e+001  -3.839237e+001  -4.523878e+000  1.360200e+001  2.137375e+001  8.363330e+000  -0.000000e+000  
-5.502564e+002  -4.992333e+002  -4.021033e+002  -2.702750e+002  -7.847090e+002  -6.171341e+002  -4.655784e+002  -3.403261e+002  -2.426509e+002  -1.692854e+002  -1.155596e+002  -7.698257e+001  -3.623991e+001  -1.021320e+001  8.687593e+000  5.082814e+000  -0.000000e+000  
-3.131996e+002  -2.887777e+002  -2.428432e+002  -1.811234e+002  -6.067952e+002  -5.204421e+002  -4.337457e+002  -3.535805e+002  -2.835282e+002  -2.246855e+002  -1.766305e+002  -1.381886e+002  -9.279347e+001  -5.642820e+001  -1.868659e+001  -2.487289e+000  -0.000000e+000  
-1.886006e+002  -1.773608e+002  -1.562016e+002  -1.276069e+002  -4.721568e+002  -4.275425e+002  -3.786519e+002  -3.293149e+002  -2.823032e+002  -2.393398e+002  -2.012811e+002  -1.683524e+002  -1.263761e+002  -8.764285e+001  -4.043809e+001  -9.170880e+000  -0.000000e+000  
-9.444222e+001  -9.129870e+001  -8.531830e+001  -7.707458e+001  -3.127161e+002  -2.975287e+002  -2.790275e+002  -2.584213e+002  -2.367895e+002  -2.150208e+002  -1.937928e+002  -1.735813e+002  -1.452380e+002  -1.136501e+002  -6.672823e+001  -1.910861e+001  -0.000000e+000  
-5.740451e+001  -5.650710e+001  -5.477089e+001  -5.230647e+001  -2.220329e+002  -2.166067e+002  -2.093650e+002  -2.006304e+002  -1.907358e+002  -1.800022e+002  -1.687230e+002  -1.571546e+002  -1.396888e+002  -1.171255e+002  -7.846332e+001  -2.538123e+001  -0.000000e+000  
-4.557890e+001  -4.514949e+001  -4.430715e+001  -4.308336e+001  -1.854784e+002  -1.824766e+002  -1.782765e+002  -1.729997e+002  -1.667836e+002  -1.597738e+002  -1.521168e+002  -1.439541e+002  -1.311491e+002  -1.132938e+002  -8.043737e+001  -2.760233e+001  -0.000000e+000  

-0.000000e+000  -7.072976e-001  -1.357654e+000  -1.899653e+000  -2.292243e+000  -6.688290e+000  -1.076522e+001  -1.443748e+001  -1.764795e+001  -2.036701e+001  -2.258975e+001  -2.433191e+001  -2.562525e+001  -2.699497e+001  -2.717276e+001  -2.395958e+001  -2.060826e+001  
-0.000000e+000  -4.635800e+000  -8.852934e+000  -1.228062e+001  -1.463744e+001  -3.119218e+001  -4.579716e+001  -5.814714e+001  -6.812093e+001  -7.575214e+001  -8.119161e+001  -8.466908e+001  -8.645873e+001  -8.584709e+001  -8.192405e+001  -6.440798e+001  -5.195359e+001  
-0.000000e+000  -1.780104e+001  -3.374170e+001  -4.619812e+001  -5.399208e+001  -9.032149e+001  -1.194034e+002  -1.410099e+002  -1.555715e+002  -1.639421e+002  -1.671825e+002  -1.663943e+002  -1.626128e+002  -1.487997e+002  -1.321501e+002  -9.077882e+001  -6.828251e+001  
-0.000000e+000  -5.249055e+001  -9.886655e+001  -1.337563e+002  -1.533032e+002  -2.161012e+002  -2.580963e+002  -2.813021e+002  -2.892636e+002  -2.859251e+002  -2.749048e+002  -2.591667e+002  -2.409609e+002  -2.019916e+002  -1.664346e+002  -1.013589e+002  -7.191024e+001  
-0.000000e+000  -1.038179e+002  -1.952587e+002  -2.628875e+002  -2.979273e+002  -3.815988e+002  -4.245976e+002  -4.352409e+002  -4.235530e+002  -3.983704e+002  -3.663042e+002  -3.318043e+002  -2.976370e+002  -2.351021e+002  -1.841959e+002  -1.039119e+002  -7.098079e+001  
-0.000000e+000  -1.806864e+002  -3.414802e+002  -4.610314e+002  -5.191305e+002  -6.119791e+002  -6.329802e+002  -6.072068e+002  -5.572675e+002  -4.983466e+002  -4.390228e+002  -3.835045e+002  -3.335071e+002  -2.513778e+002  -1.896210e+002  -1.015346e+002  -6.763574e+001  
-0.000000e+000  -2.420367e+002  -4.609346e+002  -6.274028e+002  -7.071265e+002  -7.969731e+002  -7.880413e+002  -7.254642e+002  -6.426476e+002  -5.579765e+002  -4.796827e+002  -4.105644e+002  -3.508983e+002  -2.577323e+002  -1.903252e+002  -9.896117e+001  -6.497756e+001  
-0.000000e+000  -3.220228e+002  -6.226416e+002  -8.637218e+002  -9.821130e+002  -1.049522e+003  -9.800843e+002  -8.580283e+002  -7.298147e+002  -6.137485e+002  -5.145250e+002  -4.315623e+002  -3.626725e+002  -2.599386e+002  -1.881270e+002  -9.515174e+001  -6.162936e+001  
-0.000000e+000  -4.192177e+002  -8.323002e+002  -1.198980e+003  -1.400862e+003  -1.395617e+003  -1.208572e+003  -9.954717e+002  -8.093583e+002  -6.586212e+002  -5.387800e+002  -4.433862e+002  -3.668351e+002  -2.571243e+002  -1.826734e+002  -9.006607e+001  -5.759847e+001  
-0.000000e+000  -5.054704e+002  -1.041046e+003  -1.594736e+003  -1.984953e+003  -1.793258e+003  -1.417492e+003  -1.096908e+003  -8.569143e+002  -6.793272e+002  -5.456644e+002  -4.429037e+002  -3.623296e+002  -2.498780e+002  -1.750902e+002  -8.467867e+001  -5.363043e+001  
-0.000000e+000  -5.642601e+002  -1.204472e+003  -1.980941e+003  -2.732747e+003  -2.178354e+003  -1.570928e+003  -1.154182e+003  -8.759441e+002  -6.823202e+002  -5.415192e+002  -4.355148e+002  -3.535458e+002  -2.410130e+002  -1.671617e+002  -7.967177e+001  -5.008510e+001  
-0.000000e+000  -5.936672e+002  -1.315159e+003  -2.376375e+003  -4.021447e+003  -2.581446e+003  -1.663367e+003  -1.167153e+003  -8.679775e+002  -6.685134e+002  -5.263436e+002  -4.205309e+002  -3.393645e+002  -2.291182e+002  -1.574909e+002  -7.407577e+001  -4.625059e+001  
-0.000000e+000  -5.736754e+002  -1.294596e+003  -2.546224e+003  -6.517284e+003  -2.816905e+003  -1.620142e+003  -1.116915e+003  -8.281329e+002  -6.364563e+002  -4.996271e+002  -3.977487e+002  -3.197067e+002  -2.141940e+002  -1.461045e+002  -6.791498e+001  -4.214376e+001  
-0.000000e+000  -4.867525e+002  -1.039648e+003  -1.733705e+003  -0.000000e+000  -1.755930e+003  -1.318609e+003  -9.822642e+002  -7.479750e+002  -5.804566e+002  -4.568741e+002  -3.634592e+002  -2.914647e+002  -1.939975e+002  -1.313644e+002  -6.034793e+001  -3.721496e+001  
-0.000000e+000  -3.490820e+002  -6.683731e+002  -8.002368e+002  -0.000000e+000  -9.019726e+002  -9.311587e+002  -7.802107e+002  -6.247016e+002  -4.957658e+002  -3.939605e+002  -3.144247e+002  -2.521709e+002  -1.671126e+002  -1.124800e+002  -5.113445e+001  -3.135577e+001  
-0.000000e+000  -1.698810e+002  -2.837703e+002  -2.578201e+002  -0.000000e+000  -3.550041e+002  -4.897549e+002  -4.813814e+002  -4.198894e+002  -3.482767e+002  -2.827895e+002  -2.278433e+002  -1.833281e+002  -1.210774e+002  -8.093374e+001  -3.630977e+001  -2.210367e+001  
-0.000000e+000  -0.000000e+000  -0.000000e+000  -0.000000e+000  -0.000000e+000  -0.000000e+000  -0.000000e+000  -0.000000e+000  -0.000000e+000  -0.000000e+000  -0.000000e+000  -0.000000e+000  -0.000000e+000  -0.000000e+000  -0.000000e+000  -0.000000e+000  -0.000000e+000  
-0.000000e+000  1.698810e+002  2.837703e+002  2.578201e+002  -0.000000e+000  3.550041e+002  4.897549e+002  4.813814e+002  4.198894e+002  3.482767e+002  2.827895e+002  2.278433e+002  1.833281e+002  1.210774e+002  8.093374e+001  3.630977e+001  2.210367e+001  
-0.000000e+000  3.490820e+002  6.683731e+002  8.002368e+002  -0.000000e+000  9.019726e+002  9.311587e+002  7.802107e+002  6.247016e+002  4.957658e+002  3.939605e+002  3.144247e+002  2.521709e+002  1.671126e+002  1.124800e+002  5.113445e+001  3.135577e+001  
-0.000000e+000  4.867525e+002  1.039648e+003  1.733705e+003  -0.000000e+000  1.755930e+003  1.318609e+003  9.822642e+002  7.479750e+002  5.804566e+002  4.568741e+002  3.634592e+002  2.914647e+002  1.939975e+002  1.313644e+002  6.034793e+001  3.721496e+001  
-0.000000e+000  5.736754e+002  1.294596e+003  2.546224e+003  6.517284e+003  2.816905e+003  1.620142e+003  1.116915e+003  8.281329e+002  6.364563e+002  4.996271e+002  3.977487e+002  3.197067e+002  2.141940e+002  1.461045e+002  6.791498e+001  4.214376e+001  
-0.000000e+000  5.936672e+002  1.315159e+003  2.376375e+003  4.021447e+003  2.581446e+003  1.663367e+003  1.167153e+003  8.679775e+002  6.685134e+002  5.263436e+002  4.205309e+002  3.393645e+002  2.291182e+002  1.574909e+002  7.407577e+001  4.625059e+001  
-0.000000e+000  5.642601e+002  1.204472e+003  1.980941e+003  2.732747e+003  2.178354e+003  1.570928e+003  1.154182e+003  8.759441e+002  6.823202e+002  5.415192e+002  4.355148e+002  3.535458e+002  2.410130e+002  1.671617e+002  7.967177e+001  5.008510e+001  
-0.000000e+000  5.054704e+002  1.041046e+003  1.594736e+003  1.984953e+003  1.793258e+003  1.417492e+003  1.096908e+003  8.569143e+002  6.793272e+002  5.456644e+002  4.429037e+002  3.623296e+002  2.498780e+002  1.750902e+002  8.467867e+001  5.363043e+001  
-0.000000e+000  4.192177e+002  8.323002e+002  1.198980e+003  1.400862e+003  1.395617e+003  1.208572e+003  9.954717e+002  8.093583e+002  6.586212e+002  5.387800e+002  4.433862e+002  3.668351e+002  2.571243e+002  1.826734e+002  9.006607e+001  5.759847e+001  
-0.000000e+000  3.220228e+002  6.226416e+002  8.637218e+002  9.821130e+002  1.049522e+003  9.800843e+002  8.580283e+002  7.298147e+002  6.137485e+002  5.145250e+002  4.315623e+002  3.626725e+002  2.599386e+002  1.881270e+002  9.515174e+001  6.162936e+001  
-0.000000e+000  2.420367e+002  4.609346e+002  6.274028e+002  7.071265e+002  7.969731e+002  7.880413e+002  7.254642e+002  6.426476e+002  5.579765e+002  4.796827e+002  4.105644e+002  3.508983e+002  2.577323e+002  1.903252e+002  9.896117e+001  6.497756e+001  
-0.000000e+000  1.806864e+002  3.414802e+002  4.610314e+002  5.191305e+002  6.119791e+002  6.329802e+002  6.072068e+002  5.572675e+002  4.983466e+002  4.390228e+002  3.835045e+002  3.335071e+002  2.513778e+002  1.896210e+002  1.015346e+002  6.763574e+001  
-0.000000e+000  1.038179e+002  1.952587e+002  2.628875e+002  2.979273e+002  3.815988e+002  4.245976e+002  4.352409e+002  4.235530e+002  3.983704e+002  3.663042e+002  3.318043e+002  2.976370e+002  2.351021e+002  1.841959e+002  1.039119e+002  7.098079e+001  
-0.000000e+000  5.249055e+001  9.886655e+001  1.337563e+002  1.533032e+002  2.161012e+002  2.580963e+002  2.813021e+002  2.892636e+002  2.859251e+002  2.749048e+002  2.591667e+002  2.409609e+002  2.019916e+002  1.664346e+002  1.013589e+002  7.191024e+001  
-0.000000e+000  1.780104e+001  3.374170e+001  4.619812e+001  5.399208e+001  9.032149e+001  1.194034e+002  1.410099e+002  1.555715e+002  1.639421e+002  1.671825e+002  1.663943e+002  1.626128e+002  1.487997e+002  1.321501e+002  9.077882e+001  6.828251e+001  
-0.000000e+000  4.635800e+000  8.852934e+000  1.228062e+001  1.463744e+001  3.119218e+001  4.579716e+001  5.814714e+001  6.812093e+001  7.575214e+001  8.119161e+001  8.466907e+001  8.645873e+001  8.584709e+001  8.192405e+001  6.440798e+001  5.195359e+001  
-0.000000e+000  7.072976e-001  1.357654e+000  1.899653e+000  2.292243e+000  6.688290e+000  1.076522e+001  1.443748e+001  1.764795e+001  2.036701e+001  2.258975e+001  2.433191e+001  2.562525e+001  2.699497e+001  2.717276e+001  2.395958e+001  2.060826e+001  
-0.000000e+000  -0.000000e+000  -0.000000e+000  -0.000000e+000  -0.000000e+000  -0.000000e+000  -0.000000e+000  -0.000000e+000  -0.000000e+000  -0.000000e+000  -0.000000e+000  -0.000000e+000  -0.000000e+000  -0.000000e+000  -0.000000e+000  -0.000000e+000  -0.000000e+000  

0.000000e+000  0.000000e+000  0.000000e+000  0.000000e+000  0.000000e+000  0.000000e+000  0.000000e+000  0.000000e+000  0.000000e+000  0.000000e+000  0.000000e+000  0.000000e+000  0.000000e+000  0.000000e+000  0.000000e+000  0.000000e+000  0.000000e+000  
0.000000e+000  0.000000e+000  0.000000e+000  0.000000e+000  0.000000e+000  0.000000e+000  0.000000e+000  0.000000e+000  0.000000e+000  0.000000e+000  0.000000e+000  0.000000e+000  0.000000e+000  0.000000e+000  0.000000e+000  0.000000e+000  0.000000e+000  
0.000000e+000  0.000000e+000  0.000000e+000  0.000000e+000  0.000000e+000  0.000000e+000  0.000000e+000  0.000000e+000  0.000000e+000  0.000000e+000  0.000000e+000  0.000000e+000  0.000000e+000  0.000000e+000  0.000000e+000  0.000000e+000  0.000000e+000  
0.000000e+000  0.000000e+000  0.000000e+000  0.000000e+000  0.000000e+000  0.000000e+000  0.000000e+000  0.000000e+000  0.000000e+000  0.000000e+000  0.000000e+000  0.000000e+000  0.000000e+000  0.000000e+000  0.000000e+000  0.000000e+000  0.000000e+000  
0.000000e+000  0.000000e+000  0.000000e+000  0.000000e+000  0.000000e+000  0.000000e+000  0.000000e+000  0.000000e+000  0.000000e+000  0.000000e+000  0.000000e+000  0.000000e+000  0.000000e+000  0.000000e+000  0.000000e+000  0.000000e+000  0.000000e+000  
0.000000e+000  0.000000e+000  0.000000e+000  0.000000e+000  0.000000e+000  0.000000e+000  0.000000e+000  0.000000e+000  0.000000e+000  0.000000e+000  0.000000e+000  0.000000e+000  0.000000e+000  0.000000e+000  0.000000e+000  0.000000e+000  0.000000e+000  
0.000000e+000  0.000000e+000  0.000000e+000  0.000000e+000  0.000000e+000  0.000000e+000  0.000000e+000  0.000000e+000  0.000000e+000  0.000000e+000  0.000000e+000  0.000000e+000  0.000000e+000  0.000000e+000  0.000000e+000  0.000000e+000  0.000000e+000  
0.000000e+000  0.000000e+000  0.000000e+000  0.000000e+000  0.000000e+000  0.000000e+000  0.000000e+000  0.000000e+000  0.000000e+000  0.000000e+000  0.000000e+000  0.000000e+000  0.000000e+000  0.000000e+000  0.000000e+000  0.000000e+000  0.000000e+000  
0.000000e+000  0.000000e+000  0.000000e+000  0.000000e+000  0.000000e+000  0.000000e+000  0.000000e+000  0.000000e+000  0.000000e+000  0.000000e+000  0.000000e+000  0.000000e+000  0.000000e+000  0.000000e+000  0.000000e+000  0.000000e+000  0.000000e+000  
0.000000e+000  0.000000e+000  0.000000e+000  0.000000e+000  0.000000e+000  0.000000e+000  0.000000e+000  0.000000e+000  0.000000e+000  0.000000e+000  0.000000e+000  0.000000e+000  0.000000e+000  0.000000e+000  0.000000e+000  0.000000e+000  0.000000e+000  
0.000000e+000  0.000000e+000  0.000000e+000  0.000000e+000  0.000000e+000  0.000000e+000  0.000000e+000  0.000000e+000  0.000000e+000  0.000000e+000  0.000000e+000  0.000000e+000  0.000000e+000  0.000000e+000  0.000000e+000  0.000000e+000  0.000000e+000  
0.000000e+000  0.000000e+000  0.000000e+000  0.000000e+000  0.000000e+000  0.000000e+000  0.000000e+000  0.000000e+000  0.000000e+000  0.000000e+000  0.000000e+000  0.000000e+000  0.000000e+000  0.000000e+000  0.000000e+000  0.000000e+000  0.000000e+000  
0.000000e+000  0.000000e+000  0.000000e+000  0.000000e+000  0.000000e+000  0.000000e+000  0.000000e+000  0.000000e+000  0.000000e+000  0.000000e+000  0.000000e+000  0.000000e+000  0.000000e+000  0.000000e+000  0.000000e+000  0.000000e+000  0.000000e+000  
0.000000e+000  0.000000e+000  0.000000e+000  0.000000e+000  0.000000e+000  0.000000e+000  0.000000e+000  0.000000e+000  0.000000e+000  0.000000e+000  0.000000e+000  0.000000e+000  0.000000e+000  0.000000e+000  0.000000e+000  0.000000e+000  0.000000e+000  
0.000000e+000  0.000000e+000  0.000000e+000  0.000000e+000  0.000000e+000  0.000000e+000  0.000000e+000  0.000000e+000  0.000000e+000  0.000000e+000  0.000000e+000  0.000000e+000  0.000000e+000  0.000000e+000  0.000000e+000  0.000000e+000  0.000000e+000  
0.000000e+000  0.000000e+000  0.000000e+000  0.000000e+000  0.000000e+000  0.000000e+000  0.000000e+000  0.000000e+000  0.000000e+000  0.000000e+000  0.000000e+000  0.000000e+000  0.000000e+000  0.000000e+000  0.000000e+000  0.000000e+000  0.000000e+000  
0.000000e+000  0.000000e+000  0.000000e+000  0.000000e+000  0.000000e+000  0.000000e+000  0.000000e+000  0.000000e+000  0.000000e+000  0.000000e+000  0.000000e+000  0.000000e+000  0.000000e+000  0.000000e+000  0.000000e+000  0.000000e+000  0.000000e+000  
0.000000e+000  0.000000e+000  0.000000e+000  0.000000e+000  0.000000e+000  0.000000e+000  0.000000e+000  0.000000e+000  0.000000e+000  0.000000e+000  0.000000e+000  0.000000e+000  0.000000e+000  0.000000e+000  0.000000e+000  0.000000e+000  0.000000e+000  
0.000000e+000  0.000000e+000  0.000000e+000  0.000000e+000  0.000000e+000  0.000000e+000  0.000000e+000  0.000000e+000  0.000000e+000  0.000000e+000  0.000000e+000  0.000000e+000  0.000000e+000  0.000000e+000  0.000000e+000  0.000000e+000  0.000000e+000  
0.000000e+000  0.000000e+000  0.000000e+000  0.000000e+000  0.000000e+000  0.000000e+000  0.000000e+000  0.000000e+000  0.000000e+000  0.000000e+000  0.000000e+000  0.000000e+000  0.000000e+000  0.000000e+000  0.000000e+000  0.000000e+000  0.000000e+000  
0.000000e+000  0.000000e+000  0.000000e+000  0.000000e+000  0.000000e+000  0.000000e+000  0.000000e+000  0.000000e+000  0.000000e+000  0.000000e+000  0.000000e+000  0.000000e+000  0.000000e+000  0.000000e+000  0.000000e+000  0.000000e+000  0.000000e+000  
0.000000e+000  0.000000e+000  0.000000e+000  0.000000e+000  0.000000e+000  0.000000e+000  0.000000e+000  0.000000e+000  0.000000e+000  0.000000e+000  0.000000e+000  0.000000e+000  0.000000e+000  0.000000e+000  0.000000e+000  0.000000e+000  0.000000e+000  
0.000000e+000  0.000000e+000  0.000000e+000  0.000000e+000  0.000000e+000  0.000000e+000  0.000000e+000  0.000000e+000  0.000000e+000  0.000000e+000  0.000000e+000  0.000000e+000  0.000000e+000  0.000000e+000  0.000000e+000  0.000000e+000  0.000000e+000  
0.000000e+000  0.000000e+000  0.000000e+000  0.000000e+000  0.000000e+000  0.000000e+000  0.000000e+000  0.000000e+000  0.000000e+000  0.000000e+000  0.000000e+000  0.000000e+000  0.000000e+000  0.000000e+000  0.000000e+000  0.000000e+000  0.000000e+000  
0.000000e+000  0.000000e+000  0.000000e+000  0.000000e+000  0.000000e+000  0.000000e+000  0.000000e+000  0.000000e+000  0.000000e+000  0.000000e+000  0.000000e+000  0.000000e+000  0.000000e+000  0.000000e+000  0.000000e+000  0.000000e+000  0.000000e+000  
0.000000e+000  0.000000e+000  0.000000e+000  0.000000e+000  0.000000e+000  0.000000e+000  0.000000e+000  0.000000e+000  0.000000e+000  0.000000e+000  0.000000e+000  0.000000e+000  0.000000e+000  0.000000e+000  0.000000e+000  0.000000e+000  0.000000e+000  
0.000000e+000  0.000000e+000  0.000000e+000  0.000000e+000  0.000000e+000  0.000000e+000  0.000000e+000  0.000000e+000  0.000000e+000  0.000000e+000  0.000000e+000  0.000000e+000  0.000000e+000  0.000000e+000  0.000000e+000  0.000000e+000  0.000000e+000  
0.000000e+000  0.000000e+000  0.000000e+000  0.000000e+000  0.000000e+000  0.000000e+000  0.000000e+000  0.000000e+000  0.000000e+000  0.000000e+000  0.000000e+000  0.000000e+000  0.000000e+000  0.000000e+000  0.000000e+000  0.000000e+000  0.000000e+000  
0.000000e+000  0.000000e+000  0.000000e+000  0.000000e+000  0.000000e+000  0.000000e+000  0.000000e+000  0.000000e+000  0.000000e+000  0.000000e+000  0.000000e+000  0.000000e+000  0.000000e+000  0.000000e+000  0.000000e+000  0.000000e+000  0.000000e+000  
0.000000e+000  0.000000e+000  0.000000e+000  0.000000e+000  0.000000e+000  0.000000e+000  0.000000e+000  0.000000e+000  0.000000e+000  0.000000e+000  0.000000e+000  0.000000e+000  0.000000e+000  0.000000e+000  0.000000e+000  0.000000e+000  0.000000e+000  
0.000000e+000  0.000000e+000  0.000000e+000  0.000000e+000  0.000000e+000  0.000000e+000  0.000000e+000  0.000000e+000  0.000000e+000  0.000000e+000  0.000000e+000  0.000000e+000  0.000000e+000  0.000000e+000  0.000000e+000  0.000000e+000  0.000000e+000  
0.000000e+000  0.000000e+000  0.000000e+000  0.000000e+000  0.000000e+000  0.000000e+000  0.000000e+000  0.000000e+000  0.000000e+000  0.000000e+000  0.000000e+000  0.000000e+000  0.000000e+000  0.000000e+000  0.000000e+000  0.000000e+000  0.000000e+000  
0.000000e+000  0.000000e+000  0.000000e+000  0.000000e+000  0.000000e+000  0.000000e+000  0.000000e+000  0.000000e+000  0.000000e+000  0.000000e+000  0.000000e+000  0.000000e+000  0.000000e+000  0.000000e+000  0.000000e+000  0.000000e+000  0.000000e+000  
0.000000e+000  0.000000e+000  0.000000e+000  0.000000e+000  0.000000e+000  0.000000e+000  0.000000e+000  0.000000e+000  0.000000e+000  0.000000e+000  0.000000e+000  0.000000e+000  0.000000e+000  0.000000e+000  0.000000e+000  0.000000e+000  0.000000e+000  

0.000000e+000  0.000000e+000  0.000000e+000  0.000000e+000  0.000000e+000  0.000000e+000  0.000000e+000  0.000000e+000  0.000000e+000  0.000000e+000  0.000000e+000  0.000000e+000  0.000000e+000  0.000000e+000  0.000000e+000  0.000000e+000  0.000000e+000  
0.000000e+000  0.000000e+000  0.000000e+000  0.000000e+000  0.000000e+000  0.000000e+000  0.000000e+000  0.000000e+000  0.000000e+000  0.000000e+000  0.000000e+000  0.000000e+000  0.000000e+000  0.000000e+000  0.000000e+000  0.000000e+000  0.000000e+000  
0.000000e+000  0.000000e+000  0.000000e+000  0.000000e+000  0.000000e+000  0.000000e+000  0.000000e+000  0.000000e+000  0.000000e+000  0.000000e+000  0.000000e+000  0.000000e+000  0.000000e+000  0.000000e+000  0.000000e+000  0.000000e+000  0.000000e+000  
0.000000e+000  0.000000e+000  0.000000e+000  0.000000e+000  0.000000e+000  0.000000e+000  0.000000e+000  0.000000e+000  0.000000e+000  0.000000e+000  0.000000e+000  0.000000e+000  0.000000e+000  0.000000e+000  0.000000e+000  0.000000e+000  0.000000e+000  
0.000000e+000  0.000000e+000  0.000000e+000  0.000000e+000  0.000000e+000  0.000000e+000  0.000000e+000  0.000000e+000  0.000000e+000  0.000000e+000  0.000000e+000  0.000000e+000  0.000000e+000  0.000000e+000  0.000000e+000  0.000000e+000  0.000000e+000  
0.000000e+000  0.000000e+000  0.000000e+000  0.000000e+000  0.000000e+000  0.000000e+000  0.000000e+000  0.000000e+000  0.000000e+000  0.000000e+000  0.000000e+000  0.000000e+000  0.000000e+000  0.000000e+000  0.000000e+000  0.000000e+000  0.000000e+000  
0.000000e+000  0.000000e+000  0.000000e+000  0.000000e+000  0.000000e+000  0.000000e+000  0.000000e+000  0.000000e+000  0.000000e+000  0.000000e+000  0.000000e+000  0.000000e+000  0.000000e+000  0.000000e+000  0.000000e+000  0.000000e+000  0.000000e+000  
0.000000e+000  0.000000e+000  0.000000e+000  0.000000e+000  0.000000e+000  0.000000e+000  0.000000e+000  0.000000e+000  0.000000e+000  0.000000e+000  0.000000e+000  0.000000e+000  0.000000e+000  0.000000e+000  0.000000e+000  0.000000e+000  0.000000e+000  
0.000000e+000  0.000000e+000  0.000000e+000  0.000000e+000  0.000000e+000  0.000000e+000  0.000000e+000  0.000000e+000  0.000000e+000  0.000000e+000  0.000000e+000  0.000000e+000  0.000000e+000  0.000000e+000  0.000000e+000  0.000000e+000  0.000000e+000  
0.000000e+000  0.000000e+000  0.000000e+000  0.000000e+000  0.000000e+000  0.000000e+000  0.000000e+000  0.000000e+000  0.000000e+000  0.000000e+000  0.000000e+000  0.000000e+000  0.000000e+000  0.000000e+000  0.000000e+000  0.000000e+000  0.000000e+000  
0.000000e+000  0.000000e+000  0.000000e+000  0.000000e+000  0.000000e+000  0.000000e+000  0.000000e+000  0.000000e+000  0.000000e+000  0.000000e+000  0.000000e+000  0.000000e+000  0.000000e+000  0.000000e+000  0.000000e+000  0.000000e+000  0.000000e+000  
0.000000e+000  0.000000e+000  0.000000e+000  0.000000e+000  0.000000e+000  0.000000e+000  0.000000e+000  0.000000e+000  0.000000e+000  0.000000e+000  0.000000e+000  0.000000e+000  0.000000e+000  0.000000e+000  0.000000e+000  0.000000e+000  0.000000e+000  
0.000000e+000  0.000000e+000  0.000000e+000  0.000000e+000  0.000000e+000  0.000000e+000  0.000000e+000  0.000000e+000  0.000000e+000  0.000000e+000  0.000000e+000  0.000000e+000  0.000000e+000  0.000000e+000  0.000000e+000  0.000000e+000  0.000000e+000  
0.000000e+000  0.000000e+000  0.000000e+000  0.000000e+000  0.000000e+000  0.000000e+000  0.000000e+000  0.000000e+000  0.000000e+000  0.000000e+000  0.000000e+000  0.000000e+000  0.000000e+000  0.000000e+000  0.000000e+000  0.000000e+000  0.000000e+000  
0.000000e+000  0.000000e+000  0.000000e+000  0.000000e+000  0.000000e+000  0.000000e+000  0.000000e+000  0.000000e+000  0.000000e+000  0.000000e+000  0.000000e+000  0.000000e+000  0.000000e+000  0.000000e+000  0.000000e+000  0.000000e+000  0.000000e+000  
0.000000e+000  0.000000e+000  0.000000e+000  0.000000e+000  0.000000e+000  0.000000e+000  0.000000e+000  0.000000e+000  0.000000e+000  0.000000e+000  0.000000e+000  0.000000e+000  0.000000e+000  0.000000e+000  0.000000e+000  0.000000e+000  0.000000e+000  
0.000000e+000  0.000000e+000  0.000000e+000  0.000000e+000  0.000000e+000  0.000000e+000  0.000000e+000  0.000000e+000  0.000000e+000  0.000000e+000  0.000000e+000  0.000000e+000  0.000000e+000  0.000000e+000  0.000000e+000  0.000000e+000  0.000000e+000  
0.000000e+000  0.000000e+000  0.000000e+000  0.000000e+000  0.000000e+000  0.000000e+000  0.000000e+000  0.000000e+000  0.000000e+000  0.000000e+000  0.000000e+000  0.000000e+000  0.000000e+000  0.000000e+000  0.000000e+000  0.000000e+000  0.000000e+000  
0.000000e+000  0.000000e+000  0.000000e+000  0.000000e+000  0.000000e+000  0.000000e+000  0.000000e+000  0.000000e+000  0.000000e+000  0.000000e+000  0.000000e+000  0.000000e+000  0.000000e+000  0.000000e+000  0.000000e+000  0.000000e+000  0.000000e+000  
0.000000e+000  0.000000e+000  0.000000e+000  0.000000e+000  0.000000e+000  0.000000e+000  0.000000e+000  0.000000e+000  0.000000e+000  0.000000e+000  0.000000e+000  0.000000e+000  0.000000e+000  0.000000e+000  0.000000e+000  0.000000e+000  0.000000e+000  
0.000000e+000  0.000000e+000  0.000000e+000  0.000000e+000  0.000000e+000  0.000000e+000  0.000000e+000  0.000000e+000  0.000000e+000  0.000000e+000  0.000000e+000  0.000000e+000  0.000000e+000  0.000000e+000  0.000000e+000  0.000000e+000  0.000000e+000  
0.000000e+000  0.000000e+000  0.000000e+000  0.000000e+000  0.000000e+000  0.000000e+000  0.000000e+000  0.000000e+000  0.000000e+000  0.000000e+000  0.000000e+000  0.000000e+000  0.000000e+000  0.000000e+000  0.000000e+000  0.000000e+000  0.000000e+000  
0.000000e+000  0.000000e+000  0.000000e+000  0.000000e+000  0.000000e+000  0.000000e+000  0.000000e+000  0.000000e+000  0.000000e+000  0.000000e+000  0.000000e+000  0.000000e+000  0.000000e+000  0.000000e+000  0.000000e+000  0.000000e+000  0.000000e+000  
0.000000e+000  0.000000e+000  0.000000e+000  0.000000e+000  0.000000e+000  0.000000e+000  0.000000e+000  0.000000e+000  0.000000e+000  0.000000e+000  0.000000e+000  0.000000e+000  0.000000e+000  0.000000e+000  0.000000e+000  0.000000e+000  0.000000e+000  
0.000000e+000  0.000000e+000  0.000000e+000  0.000000e+000  0.000000e+000  0.000000e+000  0.000000e+000  0.000000e+000  0.000000e+000  0.000000e+000  0.000000e+000  0.000000e+000  0.000000e+000  0.000000e+000  0.000000e+000  0.000000e+000  0.000000e+000  
0.000000e+000  0.000000e+000  0.000000e+000  0.000000e+000  0.000000e+000  0.000000e+000  0.000000e+000  0.000000e+000  0.000000e+000  0.000000e+000  0.000000e+000  0.000000e+000  0.000000e+000  0.000000e+000  0.000000e+000  0.000000e+000  0.000000e+000  
0.000000e+000  0.000000e+000  0.000000e+000  0.000000e+000  0.000000e+000  0.000000e+000  0.000000e+000  0.000000e+000  0.000000e+000  0.000000e+000  0.000000e+000  0.000000e+000  0.000000e+000  0.000000e+000  0.000000e+000  0.000000e+000  0.000000e+000  
0.000000e+000  0.000000e+000  0.000000e+000  0.000000e+000  0.000000e+000  0.000000e+000  0.000000e+000  0.000000e+000  0.000000e+000  0.000000e+000  0.000000e+000  0.000000e+000  0.000000e+000  0.000000e+000  0.000000e+000  0.000000e+000  0.000000e+000  
0.000000e+000  0.000000e+000  0.000000e+000  0.000000e+000  0.000000e+000  0.000000e+000  0.000000e+000  0.000000e+000  0.000000e+000  0.000000e+000  0.000000e+000  0.000000e+000  0.000000e+000  0.000000e+000  0.000000e+000  0.000000e+000  0.000000e+000  
0.000000e+000  0.000000e+000  0.000000e+000  0.000000e+000  0.000000e+000  0.000000e+000  0.000000e+000  0.000000e+000  0.000000e+000  0.000000e+000  0.000000e+000  0.000000e+000  0.000000e+000  0.000000e+000  0.000000e+000  0.000000e+000  0.000000e+000  
0.000000e+000  0.000000e+000  0.000000e+000  0.000000e+000  0.000000e+000  0.000000e+000  0.000000e+000  0.000000e+000  0.000000e+000  0.000000e+000  0.000000e+000  0.000000e+000  0.000000e+000  0.000000e+000  0.000000e+000  0.000000e+000  0.000000e+000  
0.000000e+000  0.000000e+000  0.000000e+000  0.000000e+000  0.000000e+000  0.000000e+000  0.000000e+000  0.000000e+000  0.000000e+000  0.000000e+000  0.000000e+000  0.000000e+000  0.000000e+000  0.000000e+000  0.000000e+000  0.000000e+000  0.000000e+000  
0.000000e+000  0.000000e+000  0.000000e+000  0.000000e+000  0.000000e+000  0.000000e+000  0.000000e+000  0.000000e+000  0.000000e+000  0.000000e+000  0.000000e+000  0.000000e+000  0.000000e+000  0.000000e+000  0.000000e+000  0.000000e+000  0.000000e+000  
0.000000e+000  0.000000e+000  0.000000e+000  0.000000e+000  0.000000e+000  0.000000e+000  0.000000e+000  0.000000e+000  0.000000e+000  0.000000e+000  0.000000e+000  0.000000e+000  0.000000e+000  0.000000e+000  0.000000e+000  0.000000e+000  0.000000e+000  

0.000000e+000  0.000000e+000  0.000000e+000  0.000000e+000  0.000000e+000  0.000000e+000  0.000000e+000  0.000000e+000  0.000000e+000  0.000000e+000  0.000000e+000  0.000000e+000  0.000000e+000  0.000000e+000  0.000000e+000  0.000000e+000  0.000000e+000  
0.000000e+000  0.000000e+000  0.000000e+000  0.000000e+000  0.000000e+000  0.000000e+000  0.000000e+000  0.000000e+000  0.000000e+000  0.000000e+000  0.000000e+000  0.000000e+000  0.000000e+000  0.000000e+000  0.000000e+000  0.000000e+000  0.000000e+000  
0.000000e+000  0.000000e+000  0.000000e+000  0.000000e+000  0.000000e+000  0.000000e+000  0.000000e+000  0.000000e+000  0.000000e+000  0.000000e+000  0.000000e+000  0.000000e+000  0.000000e+000  0.000000e+000  0.000000e+000  0.000000e+000  0.000000e+000  
0.000000e+000  0.000000e+000  0.000000e+000  0.000000e+000  0.000000e+000  0.000000e+000  0.000000e+000  0.000000e+000  0.000000e+000  0.000000e+000  0.000000e+000  0.000000e+000  0.000000e+000  0.000000e+000  0.000000e+000  0.000000e+000  0.000000e+000  
0.000000e+000  0.000000e+000  0.000000e+000  0.000000e+000  0.000000e+000  0.000000e+000  0.000000e+000  0.000000e+000  0.000000e+000  0.000000e+000  0.000000e+000  0.000000e+000  0.000000e+000  0.000000e+000  0.000000e+000  0.000000e+000  0.000000e+000  
0.000000e+000  0.000000e+000  0.000000e+000  0.000000e+000  0.000000e+000  0.000000e+000  0.000000e+000  0.000000e+000  0.000000e+000  0.000000e+000  0.000000e+000  0.000000e+000  0.000000e+000  0.000000e+000  0.000000e+000  0.000000e+000  0.000000e+000  
0.000000e+000  0.000000e+000  0.000000e+000  0.000000e+000  0.000000e+000  0.000000e+000  0.000000e+000  0.000000e+000  0.000000e+000  0.000000e+000  0.000000e+000  0.000000e+000  0.000000e+000  0.000000e+000  0.000000e+000  0.000000e+000  0.000000e+000  
0.000000e+000  0.000000e+000  0.000000e+000  0.000000e+000  0.000000e+000  0.000000e+000  0.000000e+000  0.000000e+000  0.000000e+000  0.000000e+000  0.000000e+000  0.000000e+000  0.000000e+000  0.000000e+000  0.000000e+000  0.000000e+000  0.000000e+000  
0.000000e+000  0.000000e+000  0.000000e+000  0.000000e+000  0.000000e+000  0.000000e+000  0.000000e+000  0.000000e+000  0.000000e+000  0.000000e+000  0.000000e+000  0.000000e+000  0.000000e+000  0.000000e+000  0.000000e+000  0.000000e+000  0.000000e+000  
0.000000e+000  0.000000e+000  0.000000e+000  0.000000e+000  0.000000e+000  0.000000e+000  0.000000e+000  0.000000e+000  0.000000e+000  0.000000e+000  0.000000e+000  0.000000e+000  0.000000e+000  0.000000e+000  0.000000e+000  0.000000e+000  0.000000e+000  
0.000000e+000  0.000000e+000  0.000000e+000  0.000000e+000  0.000000e+000  0.000000e+000  0.000000e+000  0.000000e+000  0.000000e+000  0.000000e+000  0.000000e+000  0.000000e+000  0.000000e+000  0.000000e+000  0.000000e+000  0.000000e+000  0.000000e+000  
0.000000e+000  0.000000e+000  0.000000e+000  0.000000e+000  0.000000e+000  0.000000e+000  0.000000e+000  0.000000e+000  0.000000e+000  0.000000e+000  0.000000e+000  0.000000e+000  0.000000e+000  0.000000e+000  0.000000e+000  0.000000e+000  0.000000e+000  
0.000000e+000  0.000000e+000  0.000000e+000  0.000000e+000  0.000000e+000  0.000000e+000  0.000000e+000  0.000000e+000  0.000000e+000  0.000000e+000  0.000000e+000  0.000000e+000  0.000000e+000  0.000000e+000  0.000000e+000  0.000000e+000  0.000000e+000  
0.000000e+000  0.000000e+000  0.000000e+000  0.000000e+000  0.000000e+000  0.000000e+000  0.000000e+000  0.000000e+000  0.000000e+000  0.000000e+000  0.000000e+000  0.000000e+000  0.000000e+000  0.000000e+000  0.000000e+000  0.000000e+000  0.000000e+000  
0.000000e+000  0.000000e+000  0.000000e+000  0.000000e+000  0.000000e+000  0.000000e+000  0.000000e+000  0.000000e+000  0.000000e+000  0.000000e+000  0.000000e+000  0.000000e+000  0.000000e+000  0.000000e+000  0.000000e+000  0.000000e+000  0.000000e+000  
0.000000e+000  0.000000e+000  0.000000e+000  0.000000e+000  0.000000e+000  0.000000e+000  0.000000e+000  0.000000e+000  0.000000e+000  0.000000e+000  0.000000e+000  0.000000e+000  0.000000e+000  0.000000e+000  0.000000e+000  0.000000e+000  0.000000e+000  
0.000000e+000  0.000000e+000  0.000000e+000  0.000000e+000  0.000000e+000  0.000000e+000  0.000000e+000  0.000000e+000  0.000000e+000  0.000000e+000  0.000000e+000  0.000000e+000  0.000000e+000  0.000000e+000  0.000000e+000  0.000000e+000  0.000000e+000  
0.000000e+000  0.000000e+000  0.000000e+000  0.000000e+000  0.000000e+000  0.000000e+000  0.000000e+000  0.000000e+000  0.000000e+000  0.000000e+000  0.000000e+000  0.000000e+000  0.000000e+000  0.000000e+000  0.000000e+000  0.000000e+000  0.000000e+000  
0.000000e+000  0.000000e+000  0.000000e+000  0.000000e+000  0.000000e+000  0.000000e+000  0.000000e+000  0.000000e+000  0.000000e+000  0.000000e+000  0.000000e+000  0.000000e+000  0.000000e+000  0.000000e+000  0.000000e+000  0.000000e+000  0.000000e+000  
0.000000e+000  0.000000e+000  0.000000e+000  0.000000e+000  0.000000e+000  0.000000e+000  0.000000e+000  0.000000e+000  0.000000e+000  0.000000e+000  0.000000e+000  0.000000e+000  0.000000e+000  0.000000e+000  0.000000e+000  0.000000e+000  0.000000e+000  
0.000000e+000  0.000000e+000  0.000000e+000  0.000000e+000  0.000000e+000  0.000000e+000  0.000000e+000  0.000000e+000  0.000000e+000  0.000000e+000  0.000000e+000  0.000000e+000  0.000000e+000  0.000000e+000  0.000000e+000  0.000000e+000  0.000000e+000  
0.000000e+000  0.000000e+000  0.000000e+000  0.000000e+000  0.000000e+000  0.000000e+000  0.000000e+000  0.000000e+000  0.000000e+000  0.000000e+000  0.000000e+000  0.000000e+000  0.000000e+000  0.000000e+000  0.000000e+000  0.000000e+000  0.000000e+000  
0.000000e+000  0.000000e+000  0.000000e+000  0.000000e+000  0.000000e+000  0.000000e+000  0.000000e+000  0.000000e+000  0.000000e+000  0.000000e+000  0.000000e+000  0.000000e+000  0.000000e+000  0.000000e+000  0.000000e+000  0.000000e+000  0.000000e+000  
0.000000e+000  0.000000e+000  0.000000e+000  0.000000e+000  0.000000e+000  0.000000e+000  0.000000e+000  0.000000e+000  0.000000e+000  0.000000e+000  0.000000e+000  0.000000e+000  0.000000e+000  0.000000e+000  0.000000e+000  0.000000e+000  0.000000e+000  
0.000000e+000  0.000000e+000  0.000000e+000  0.000000e+000  0.000000e+000  0.000000e+000  0.000000e+000  0.000000e+000  0.000000e+000  0.000000e+000  0.000000e+000  0.000000e+000  0.000000e+000  0.000000e+000  0.000000e+000  0.000000e+000  0.000000e+000  
0.000000e+000  0.000000e+000  0.000000e+000  0.000000e+000  0.000000e+000  0.000000e+000  0.000000e+000  0.000000e+000  0.000000e+000  0.000000e+000  0.000000e+000  0.000000e+000  0.000000e+000  0.000000e+000  0.000000e+000  0.000000e+000  0.000000e+000  
0.000000e+000  0.000000e+000  0.000000e+000  0.000000e+000  0.000000e+000  0.000000e+000  0.000000e+000  0.000000e+000  0.000000e+000  0.000000e+000  0.000000e+000  0.000000e+000  0.000000e+000  0.000000e+000  0.000000e+000  0.000000e+000  0.000000e+000  
0.000000e+000  0.000000e+000  0.000000e+000  0.000000e+000  0.000000e+000  0.000000e+000  0.000000e+000  0.000000e+000  0.000000e+000  0.000000e+000  0.000000e+000  0.000000e+000  0.000000e+000  0.000000e+000  0.000000e+000  0.000000e+000  0.000000e+000  
0.000000e+000  0.000000e+000  0.000000e+000  0.000000e+000  0.000000e+000  0.000000e+000  0.000000e+000  0.000000e+000  0.000000e+000  0.000000e+000  0.000000e+000  0.000000e+000  0.000000e+000  0.000000e+000  0.000000e+000  0.000000e+000  0.000000e+000  
0.000000e+000  0.000000e+000  0.000000e+000  0.000000e+000  0.000000e+000  0.000000e+000  0.000000e+000  0.000000e+000  0.000000e+000  0.000000e+000  0.000000e+000  0.000000e+000  0.000000e+000  0.000000e+000  0.000000e+000  0.000000e+000  0.000000e+000  
0.000000e+000  0.000000e+000  0.000000e+000  0.000000e+000  0.000000e+000  0.000000e+000  0.000000e+000  0.000000e+000  0.000000e+000  0.000000e+000  0.000000e+000  0.000000e+000  0.000000e+000  0.000000e+000  0.000000e+000  0.000000e+000  0.000000e+000  
0.000000e+000  0.000000e+000  0.000000e+000  0.000000e+000  0.000000e+000  0.000000e+000  0.000000e+000  0.000000e+000  0.000000e+000  0.000000e+000  0.000000e+000  0.000000e+000  0.000000e+000  0.000000e+000  0.000000e+000  0.000000e+000  0.000000e+000  
0.000000e+000  0.000000e+000  0.000000e+000  0.000000e+000  0.000000e+000  0.000000e+000  0.000000e+000  0.000000e+000  0.000000e+000  0.000000e+000  0.000000e+000  0.000000e+000  0.000000e+000  0.000000e+000  0.000000e+000  0.000000e+000  0.000000e+000  
0.000000e+000  0.000000e+000  0.000000e+000  0.000000e+000  0.000000e+000  0.000000e+000  0.000000e+000  0.000000e+000  0.000000e+000  0.000000e+000  0.000000e+000  0.000000e+000  0.000000e+000  0.000000e+000  0.000000e+000  0.000000e+000  0.000000e+000  

-0.000000e+000  -6.411179e+000  -1.278423e+001  -1.908145e+001  -2.526601e+001  -2.591971e+001  -2.644795e+001  -2.686149e+001  -2.717196e+001  -2.739138e+001  -2.753178e+001  -2.760487e+001  -2.762182e+001  -2.751865e+001  -2.730650e+001  -2.650103e+001  -2.588553e+001  
-0.000000e+000  -7.435949e+000  -1.482179e+001  -2.210776e+001  -2.924481e+001  -2.969286e+001  -2.997813e+001  -3.012451e+001  -3.015528e+001  -3.009228e+001  -2.995544e+001  -2.976248e+001  -2.952888e+001  -2.897965e+001  -2.840310e+001  -2.701201e+001  -2.616657e+001  
-0.000000e+000  -9.701033e+000  -1.933342e+001  -2.882669e+001  -3.810728e+001  -3.778298e+001  -3.725035e+001  -3.657467e+001  -3.581035e+001  -3.500070e+001  -3.417881e+001  -3.336891e+001  -3.258799e+001  -3.114723e+001  -2.990827e+001  -2.762898e+001  -2.648656e+001  
-0.000000e+000  -1.290820e+001  -2.576963e+001  -3.852448e+001  -5.108872e+001  -4.884723e+001  -4.650935e+001  -4.420733e+001  -4.202660e+001  -4.001504e+001  -3.819325e+001  -3.656367e+001  -3.511779e+001  -3.273440e+001  -3.088828e+001  -2.798492e+001  -2.667376e+001  
-0.000000e+000  -1.480298e+001  -2.966066e+001  -4.459644e+001  -5.957285e+001  -5.528623e+001  -5.126031e+001  -4.763225e+001  -4.444944e+001  -4.170289e+001  -3.935404e+001  -3.735255e+001  -3.564677e+001  -3.297937e+001  -3.099766e+001  -2.802786e+001  -2.671029e+001  
-0.000000e+000  -1.641908e+001  -3.313910e+001  -5.040333e+001  -6.832873e+001  -6.097639e+001  -5.471180e+001  -4.955691e+001  -4.539170e+001  -4.204673e+001  -3.935476e+001  -3.717205e+001  -3.538301e+001  -3.271596e+001  -3.079527e+001  -2.797415e+001  -2.670815e+001  
-0.000000e+000  -1.667356e+001  -3.382991e+001  -5.189827e+001  -7.115861e+001  -6.219107e+001  -5.495665e+001  -4.929412e+001  -4.490706e+001  -4.149933e+001  -3.882527e+001  -3.669653e+001  -3.497352e+001  -3.243739e+001  -3.061879e+001  -2.792669e+001  -2.669770e+001  
-0.000000e+000  -1.653263e+001  -3.377310e+001  -5.241376e+001  -7.301277e+001  -6.228341e+001  -5.418236e+001  -4.820828e+001  -4.379629e+001  -4.048937e+001  -3.795854e+001  -3.597656e+001  -3.438752e+001  -3.206414e+001  -3.039295e+001  -2.786646e+001  -2.668243e+001  
-0.000000e+000  -1.581440e+001  -3.257399e+001  -5.133001e+001  -7.315310e+001  -6.064723e+001  -5.201240e+001  -4.610438e+001  -4.197331e+001  -3.898726e+001  -3.675150e+001  -3.502020e+001  -3.363701e+001  -3.160697e+001  -3.012545e+001  -2.779600e+001  -2.666329e+001  
-0.000000e+000  -1.432717e+001  -2.975085e+001  -4.775089e+001  -7.039045e+001  -5.643956e+001  -4.803870e+001  -4.283517e+001  -3.940957e+001  -3.700926e+001  -3.523318e+001  -3.385702e+001  -3.274808e+001  -3.108306e+001  -2.982676e+001  -2.771839e+001  -2.664140e+001  
-0.000000e+000  -1.277964e+001  -2.657909e+001  -4.307965e+001  -6.552500e+001  -5.136547e+001  -4.405261e+001  -3.989452e+001  -3.725220e+001  -3.541395e+001  -3.404325e+001  -3.296423e+001  -3.207697e+001  -3.069576e+001  -2.960976e+001  -2.766263e+001  -2.662537e+001  
-0.000000e+000  -1.083682e+001  -2.236145e+001  -3.610879e+001  -5.679112e+001  -4.409923e+001  -3.906446e+001  -3.647979e+001  -3.484970e+001  -3.368152e+001  -3.277249e+001  -3.202247e+001  -3.137614e+001  -3.029671e+001  -2.938878e+001  -2.760633e+001  -2.660902e+001  
-0.000000e+000  -8.627106e+000  -1.728309e+001  -2.645730e+001  -4.124985e+001  -3.437609e+001  -3.330000e+001  -3.277100e+001  -3.231169e+001  -3.187863e+001  -3.146326e+001  -3.105984e+001  -3.066472e+001  -2.989576e+001  -2.916887e+001  -2.755074e+001  -2.659274e+001  
-0.000000e+000  -6.405006e+000  -1.200231e+001  -1.463451e+001  -0.000000e+000  -2.279306e+001  -2.737188e+001  -2.905261e+001  -2.977793e+001  -3.008260e+001  -3.016260e+001  -3.010676e+001  -2.996311e+001  -2.950320e+001  -2.895521e+001  -2.749708e+001  -2.657695e+001  
-0.000000e+000  -4.045381e+000  -6.970601e+000  -6.860893e+000  -0.000000e+000  -1.415569e+001  -2.124579e+001  -2.481931e+001  -2.679276e+001  -2.793776e+001  -2.860165e+001  -2.896208e+001  -2.912154e+001  -2.903481e+001  -2.870198e+001  -2.743392e+001  -2.655827e+001  
-0.000000e+000  -2.372283e+000  -3.799867e+000  -3.228982e+000  -0.000000e+000  -9.788469e+000  -1.694070e+001  -2.142410e+001  -2.425027e+001  -2.605776e+001  -2.721465e+001  -2.793889e+001  -2.836775e+001  -2.861626e+001  -2.847681e+001  -2.737809e+001  -2.654171e+001  
-0.000000e+000  -7.637753e-001  -1.135238e+000  -8.568485e-001  -0.000000e+000  -6.443226e+000  -1.247810e+001  -1.722969e+001  -2.078184e+001  -2.335013e+001  -2.515907e+001  -2.640058e+001  -2.722671e+001  -2.798260e+001  -2.813758e+001  -2.729458e+001  -2.651687e+001  
-0.000000e+000  -7.637753e-001  -1.135238e+000  -8.568485e-001  -0.000000e+000  -6.443226e+000  -1.247810e+001  -1.722969e+001  -2.078184e+001  -2.335013e+001  -2.515907e+001  -2.640058e+001  -2.722671e+001  -2.798260e+001  -2.813758e+001  -2.729458e+001  -2.651687e+001  
-0.000000e+000  -2.372283e+000  -3.799867e+000  -3.228981e+000  -0.000000e+000  -9.788469e+000  -1.694070e+001  -2.142410e+001  -2.425027e+001  -2.605776e+001  -2.721465e+001  -2.793889e+001  -2.836775e+001  -2.861626e+001  -2.847681e+001  -2.737809e+001  -2.654171e+001  
-0.000000e+000  -4.045381e+000  -6.970601e+000  -6.860893e+000  -0.000000e+000  -1.415569e+001  -2.124579e+001  -2.481931e+001  -2.679276e+001  -2.793776e+001  -2.860165e+001  -2.896208e+001  -2.912154e+001  -2.903481e+001  -2.870198e+001  -2.743392e+001  -2.655827e+001  
-0.000000e+000  -6.405006e+000  -1.200231e+001  -1.463451e+001  -0.000000e+000  -2.279306e+001  -2.737188e+001  -2.905261e+001  -2.977793e+001  -3.008260e+001  -3.016259e+001  -3.010676e+001  -2.996311e+001  -2.950320e+001  -2.895521e+001  -2.749708e+001  -2.657695e+001  
-0.000000e+000  -8.627106e+000  -1.728309e+001  -2.645730e+001  -4.124985e+001  -3.437609e+001  -3.330000e+001  -3.277100e+001  -3.231169e+001  -3.187863e+001  -3.146326e+001  -3.105984e+001  -3.066472e+001  -2.989576e+001  -2.916887e+001  -2.755074e+001  -2.659274e+001  
-0.000000e+000  -1.083682e+001  -2.236145e+001  -3.610879e+001  -5.679112e+001  -4.409923e+001  -3.906446e+001  -3.647979e+001  -3.484970e+001  -3.368152e+001  -3.277249e+001  -3.202247e+001  -3.137614e+001  -3.029671e+001  -2.938878e+001  -2.760633e+001  -2.660902e+001  
-0.000000e+000  -1.277964e+001  -2.657909e+001  -4.307965e+001  -6.552500e+001  -5.136547e+001  -4.405261e+001  -3.989452e+001  -3.725220e+001  -3.541395e+001  -3.404325e+001  -3.296423e+001  -3.207697e+001  -3.069576e+001  -2.960976e+001  -2.766263e+001  -2.662537e+001  
-0.000000e+000  -1.432717e+001  -2.975085e+001  -4.775089e+001  -7.039045e+001  -5.643956e+001  -4.803870e+001  -4.283517e+001  -3.940957e+001  -3.700926e+001  -3.523318e+001  -3.385703e+001  -3.274808e+001  -3.108306e+001  -2.982676e+001  -2.771839e+001  -2.664140e+001  
-0.000000e+000  -1.581440e+001  -3.257399e+001  -5.133001e+001  -7.315310e+001  -6.064723e+001  -5.201240e+001  -4.610438e+001  -4.197331e+001  -3.898726e+001  -3.675150e+001  -3.502020e+001  -3.363701e+001  -3.160697e+001  -3.012545e+001  -2.779600e+001  -2.666329e+001  
-0.000000e+000  -1.653263e+001  -3.377310e+001  -5.241376e+001  -7.301277e+001  -6.228341e+001  -5.418236e+001  -4.820828e+001  -4.379629e+001  -4.048937e+001  -3.795854e+001  -3.597656e+001  -3.438752e+001  -3.206414e+001  -3.039295e+001  -2.786646e+001  -2.668243e+001  
-0.000000e+000  -1.667356e+001  -3.382991e+001  -5.189827e+001  -7.115861e+001  -6.219107e+001  -5.495665e+001  -4.929412e+001  -4.490706e+001  -4.149933e+001  -3.882527e+001  -3.669653e+001  -3.497352e+001  -3.243739e+001  -3.061879e+001  -2.792669e+001  -2.669770e+001  
-0.000000e+000  -1.641908e+001  -3.313910e+001  -5.040333e+001  -6.832873e+001  -6.097639e+001  -5.471180e+001  -4.955691e+001  -4.539170e+001  -4.204673e+001  -3.935476e+001  -3.717205e+001  -3.538301e+001  -3.271596e+001  -3.079527e+001  -2.797415e+001  -2.670815e+001  
-0.000000e+000  -1.480298e+001  -2.966066e+001  -4.459644e+001  -5.957285e+001  -5.528623e+001  -5.126031e+001  -4.763225e+001  -4.444944e+001  -4.170289e+001  -3.935404e+001  -3.735255e+001  -3.564677e+001  -3.297937e+001  -3.099766e+001  -2.802786e+001  -2.671029e+001  
-0.000000e+000  -1.290820e+001  -2.576963e+001  -3.852448e+001  -5.108872e+001  -4.884723e+001  -4.650935e+001  -4.420733e+001  -4.202660e+001  -4.001504e+001  -3.819325e+001  -3.656367e+001  -3.511779e+001  -3.273440e+001  -3.088828e+001  -2.798492e+001  -2.667376e+001  
-0.000000e+000  -9.701033e+000  -1.933342e+001  -2.882669e+001  -3.810728e+001  -3.778298e+001  -3.725035e+001  -3.657467e+001  -3.581035e+001  -3.500070e+001  -3.417881e+001  -3.336891e+001  -3.258799e+001  -3.114723e+001  -2.990827e+001  -2.762898e+001  -2.648656e+001  
-0.000000e+000  -7.435949e+000  -1.482179e+001  -2.210776e+001  -2.924481e+001  -2.969286e+001  -2.997813e+001  -3.012451e+001  -3.015528e+001  -3.009228e+001  -2.995544e+001  -2.976248e+001  -2.952888e+001  -2.897965e+001  -2.840310e+001  -2.701201e+001  -2.616657e+001  
-0.000000e+000  -6.411179e+000  -1.278423e+001  -1.908145e+001  -2.526601e+001  -2.591971e+001  -2.644795e+001  -2.686149e+001  -2.717196e+001  -2.739138e+001  -2.753178e+001  -2.760487e+001  -2.762182e+001  -2.751865e+001  -2.730650e+001  -2.650103e+001  -2.588553e+001  

