2025-10-16 11:11:15   Build version: 2025.4 Release from 2025-04-11 (change 1409410)

2025-10-16 11:11:15   Starting adaptive port meshing.

                      ------------------------------------------------------------------------------
2025-10-16 11:11:15   Mode calculation for port 1:

                      ------------------------------------------------------------------------------
2025-10-16 11:11:15   According to the selected features the <Time Domain Solver (HEX)> will be
                      started.

                      ------------------------------------------------------------------------------
2025-10-16 11:11:16   

                      ------------------------------------------------------------------------------
2025-10-16 11:11:16   

                      ------------------------------------------------------------------------------
2025-10-16 11:11:20   Using Generalized port mode solver.

                      ------------------------------------------------------------------------------
2025-10-16 11:11:21   Port mode solver: Detected dispersive material(s) at port 1. 
                      Using a constant approximation of dispersive material(s) at 2.4 GHz and neglecting loss terms.  More...

                      ------------------------------------------------------------------------------
2025-10-16 11:11:22     -------------------------------- F-Calc 2.4 --------------------------------
                        Port   Mode   Type        Z-Wave        Z-Wave-Sigma  Z-Line        F-Cutoff
                        1      1      QTEM        207           0             60.1          ---
                        ----------------------------------------------------------------------------

2025-10-16 11:11:24   Pass 1 successfully completed. 
2025-10-16 11:11:24   According to the selected features the <Time Domain Solver (HEX)> will be
                      started.

                      ------------------------------------------------------------------------------
2025-10-16 11:11:24   

                      ------------------------------------------------------------------------------
2025-10-16 11:11:24   

                      ------------------------------------------------------------------------------
2025-10-16 11:11:31     -------------------------------- F-Calc 2.4 --------------------------------
                        Port   Mode   Type        Z-Wave        Z-Wave-Sigma  Z-Line        F-Cutoff
                        1      1      QTEM        210           0             62.9          ---
                        ----------------------------------------------------------------------------

2025-10-16 11:11:33   Pass 2 successfully completed. Delta (Line Imp.): 4.45%
2025-10-16 11:11:33   According to the selected features the <Time Domain Solver (HEX)> will be
                      started.

                      ------------------------------------------------------------------------------
2025-10-16 11:11:34   

                      ------------------------------------------------------------------------------
2025-10-16 11:11:34   

                      ------------------------------------------------------------------------------
2025-10-16 11:11:40     -------------------------------- F-Calc 2.4 --------------------------------
                        Port   Mode   Type        Z-Wave        Z-Wave-Sigma  Z-Line        F-Cutoff
                        1      1      QTEM        250           1.04e-007     62.7          ---
                        ----------------------------------------------------------------------------

2025-10-16 11:11:42   Pass 3 successfully completed. Delta (Line Imp.): 0.35%
2025-10-16 11:11:42   According to the selected features the <Time Domain Solver (HEX)> will be
                      started.

                      ------------------------------------------------------------------------------
2025-10-16 11:11:43   

                      ------------------------------------------------------------------------------
2025-10-16 11:11:43   

                      ------------------------------------------------------------------------------
2025-10-16 11:11:50     -------------------------------- F-Calc 2.4 --------------------------------
                        Port   Mode   Type        Z-Wave        Z-Wave-Sigma  Z-Line        F-Cutoff
                        1      1      QTEM        252           2.04e-007     62.7          ---
                        ----------------------------------------------------------------------------

2025-10-16 11:11:53   Pass 4 successfully completed. Delta (Line Imp.): 0.01%
2025-10-16 11:11:53   Adaptive port meshing finished. 

                      ------------------------------------------------------------------------------
2025-10-16 11:11:56   The following farfield monitor(s) have been adjusted to model box [-57.2977,
                      57.2977, -50.4376, 45.5979, -5.1991, 16.1092]:
                        farfield (f=2.4417).
                      For further information please check the page "Special Solver Parameters -
                      Solver" in the Online Help.

                      ------------------------------------------------------------------------------
2025-10-16 11:11:56   According to the selected features the <Time Domain Solver (HEX)> will be
                      started.

                      ------------------------------------------------------------------------------
2025-10-16 11:11:56   
                      Solver started at: 2025-10-16 11:11:56 +0200

                        Module:  Time Domain: S-Parameter (Win 64)
                        Version: 2025.4 Release from 2025-04-11 (change 1409410)

2025-10-16 11:11:56   

                      ------------------------------------------------------------------------------
2025-10-16 11:11:56   

                      ------------------------------------------------------------------------------
2025-10-16 11:11:56   ======================================================================
                       Solver cycle: 1
                      ======================================================================

                      Stimulation at port 1 (mode 1) 



                      ------------------------------------------------------------------------------
2025-10-16 11:11:56   Units settings: 

                        Dimensions: mm
                        Frequency:  GHz
                        Time:       ns

                      ------------------------------------------------------------------------------
2025-10-16 11:11:56   The dispersive material update [Automatic] will be performed using the "Standard" update schema

                      ------------------------------------------------------------------------------
2025-10-16 11:12:09   Mesh statistics:

                         Hexahedral mesh type: Perfect Boundary Approximation (PBA)
                            Version: default

                         Parallelization type: domain decomposition
                            Number of parallel working threads: 2
                            Number of calculation domains used: 2

                         Used point accuracy enhancement value: 75.00%.
                         Acceleration mode: CPU
                         PBA fill limit: 99.00% (inverse)

2025-10-16 11:12:12   Using Generalized port mode solver.

                      ------------------------------------------------------------------------------
2025-10-16 11:12:13   Port mode solver: Detected dispersive material(s) at port 1. 
                      Using a constant approximation of dispersive material(s) at 2.4 GHz and neglecting loss terms.  More...

                      ------------------------------------------------------------------------------
2025-10-16 11:12:13   Boundary conditions: 

                        YZsymmetry: none
                        XZsymmetry: none
                        XYsymmetry: none

                        Xmin: expanded open, 4 Layer, depth 33.476 mm
                        Xmax: expanded open, 4 Layer, depth 33.476 mm

                        Ymin: expanded open, 4 Layer, depth 32.9281 mm
                        Ymax: expanded open, 4 Layer, depth 33.4944 mm

                        Zmin: expanded open, 4 Layer, depth 33.6778 mm
                        Zmax: expanded open, 4 Layer, depth 37.8986 mm

                        PML-Type: Convolution PML

                      ------------------------------------------------------------------------------
2025-10-16 11:12:13   Frequency settings: 

                        Fmin:         2.2
                        Fmax:         2.6
                        Nfsteps(lin): 1001

                      ------------------------------------------------------------------------------
2025-10-16 11:12:13   Field update statistics:

                        Number of components in total: 	340011
                        Number of TST and special elements:	228
                        Number of lossy metal components:	7916
                        Number of disp. elements:		4450

                      Subcycling state:      			Automatically deactivated

                      ------------------------------------------------------------------------------
2025-10-16 11:12:14   Waveguide boundaries:

2025-10-16 11:12:14   Port: 1

2025-10-16 11:12:14     -------------------------------- F-Calc 2.4 --------------------------------
                        Port   Mode   Type        Z-Wave        Z-Wave-Sigma  Z-Line        F-Cutoff
                        1      1      QTEM        207           0             62.7          ---
                        ----------------------------------------------------------------------------

2025-10-16 11:12:14   Using standard absorber for unconsidered modes at port 1.

                      ------------------------------------------------------------------------------
2025-10-16 11:12:47   
                      --------------------------------------------------------------------------------
2025-10-16 11:12:47   Steady state energy criterion met, solver finished successfully.

                      ------------------------------------------------------------------------------
2025-10-16 11:12:47   Frequency domain results normalized to default signal.


                      ------------------------------------------------------------------------------
2025-10-16 11:12:47   
                        ----------------------------------------------------------------------------
                                            Peak memory used (kB)         Free physical memory (kB) 
                                                                          At begin     Minimum      
                        ----------------------------------------------------------------------------
                        Matrices calc.      143313                        1989257      1206054      
                        Solver run total    74928                         3083408      3032152      
                        ----------------------------------------------------------------------------

                      --------------------------------------------------------------------------------
                      Solver Statistics:

                        Hardware:
                           Computer name:                 	Heu 

                           Number of CPU threads:               4
                           Hardware info:                  	Hardware Accelerator Device not activated

                        Number of mesh cells:             	54144
                        Excitation duration:              	1.77727437e+001 ns 
                        Calculation time for excitation:  	0 	s
                        Number of calculated pulse widths:	1.17621 
                        Steady state accuracy limit:      	-40	dB 
                        Simulated number of time steps:   	8200 
                        Maximum number of time steps:     	139431 
                        Time step width:
                           without subcycles:             	2.549324388e-003 ns
                           used:                          	2.549324388e-003 ns

                        Matrix calculation time:          	12 	s
                        Solver setup time:                	9 	s
                        Solver loop time:                 	26 	s
                        Solver post-processing time:      	2 	s
                                                          	------------
                        Total solver time:                	49 	s

                      ------------------------------------------------------------------------------
2025-10-16 11:12:48   
                        Adaptive port meshing time:          	39     	s
                        Total solver time (all cycles):      	49     	s
                        Solver initialization and clean-up:  	3      	s
                                                             	------------
                        Total simulation time:               	91     	s  ( = 0 h, 1 m, 31 s )

                      ------------------------------------------------------------------------------
2025-10-16 11:12:48   Solver finished at: 2025-10-16 11:12:48 +0200



                      ------------------------------------------------------------------------------
2025-10-16 11:12:50   Creating parametric 1D results for Run ID 41

                      ------------------------------------------------------------------------------
