2025-10-16 11:06:54   Build version: 2025.4 Release from 2025-04-11 (change 1409410)

2025-10-16 11:06:54   Starting adaptive port meshing.

                      ------------------------------------------------------------------------------
2025-10-16 11:06:54   Mode calculation for port 1:

                      ------------------------------------------------------------------------------
2025-10-16 11:06:54   According to the selected features the <Time Domain Solver (HEX)> will be
                      started.

                      ------------------------------------------------------------------------------
2025-10-16 11:06:54   

                      ------------------------------------------------------------------------------
2025-10-16 11:06:54   

                      ------------------------------------------------------------------------------
2025-10-16 11:06:57   Using Generalized port mode solver.

                      ------------------------------------------------------------------------------
2025-10-16 11:06:58   Port mode solver: Detected dispersive material(s) at port 1. 
                      Using a constant approximation of dispersive material(s) at 2.4 GHz and neglecting loss terms.  More...

                      ------------------------------------------------------------------------------
2025-10-16 11:06:58     -------------------------------- F-Calc 2.4 --------------------------------
                        Port   Mode   Type        Z-Wave        Z-Wave-Sigma  Z-Line        F-Cutoff
                        1      1      QTEM        207           0             60.1          ---
                        ----------------------------------------------------------------------------

2025-10-16 11:06:59   Pass 1 successfully completed. 
2025-10-16 11:07:00   According to the selected features the <Time Domain Solver (HEX)> will be
                      started.

                      ------------------------------------------------------------------------------
2025-10-16 11:07:00   

                      ------------------------------------------------------------------------------
2025-10-16 11:07:00   

                      ------------------------------------------------------------------------------
2025-10-16 11:07:04     -------------------------------- F-Calc 2.4 --------------------------------
                        Port   Mode   Type        Z-Wave        Z-Wave-Sigma  Z-Line        F-Cutoff
                        1      1      QTEM        210           0             62.9          ---
                        ----------------------------------------------------------------------------

2025-10-16 11:07:05   Pass 2 successfully completed. Delta (Line Imp.): 4.42%
2025-10-16 11:07:05   According to the selected features the <Time Domain Solver (HEX)> will be
                      started.

                      ------------------------------------------------------------------------------
2025-10-16 11:07:06   

                      ------------------------------------------------------------------------------
2025-10-16 11:07:06   

                      ------------------------------------------------------------------------------
2025-10-16 11:07:13     -------------------------------- F-Calc 2.4 --------------------------------
                        Port   Mode   Type        Z-Wave        Z-Wave-Sigma  Z-Line        F-Cutoff
                        1      1      QTEM        249           1.02e-007     62.7          ---
                        ----------------------------------------------------------------------------

2025-10-16 11:07:15   Pass 3 successfully completed. Delta (Line Imp.): 0.36%
2025-10-16 11:07:15   According to the selected features the <Time Domain Solver (HEX)> will be
                      started.

                      ------------------------------------------------------------------------------
2025-10-16 11:07:15   

                      ------------------------------------------------------------------------------
2025-10-16 11:07:15   

                      ------------------------------------------------------------------------------
2025-10-16 11:07:23     -------------------------------- F-Calc 2.4 --------------------------------
                        Port   Mode   Type        Z-Wave        Z-Wave-Sigma  Z-Line        F-Cutoff
                        1      1      QTEM        252           1.99e-007     62.7          ---
                        ----------------------------------------------------------------------------

2025-10-16 11:07:25   Pass 4 successfully completed. Delta (Line Imp.): 0.00%
2025-10-16 11:07:25   Adaptive port meshing finished. 

                      ------------------------------------------------------------------------------
2025-10-16 11:07:27   The following farfield monitor(s) have been adjusted to model box [-55.1392,
                      55.1392, -50.4369, 45.5394, -5.08271, 16.111]:
                        farfield (f=2.4417).
                      For further information please check the page "Special Solver Parameters -
                      Solver" in the Online Help.

                      ------------------------------------------------------------------------------
2025-10-16 11:07:27   According to the selected features the <Time Domain Solver (HEX)> will be
                      started.

                      ------------------------------------------------------------------------------
2025-10-16 11:07:28   
                      Solver started at: 2025-10-16 11:07:28 +0200

                        Module:  Time Domain: S-Parameter (Win 64)
                        Version: 2025.4 Release from 2025-04-11 (change 1409410)

2025-10-16 11:07:28   

                      ------------------------------------------------------------------------------
2025-10-16 11:07:28   

                      ------------------------------------------------------------------------------
2025-10-16 11:07:28   ======================================================================
                       Solver cycle: 1
                      ======================================================================

                      Stimulation at port 1 (mode 1) 



                      ------------------------------------------------------------------------------
2025-10-16 11:07:28   Units settings: 

                        Dimensions: mm
                        Frequency:  GHz
                        Time:       ns

                      ------------------------------------------------------------------------------
2025-10-16 11:07:28   The dispersive material update [Automatic] will be performed using the "Standard" update schema

                      ------------------------------------------------------------------------------
2025-10-16 11:07:40   Mesh statistics:

                         Hexahedral mesh type: Perfect Boundary Approximation (PBA)
                            Version: default

                         Parallelization type: domain decomposition
                            Number of parallel working threads: 2
                            Number of calculation domains used: 2

                         Used point accuracy enhancement value: 74.00%.
                         Acceleration mode: CPU
                         PBA fill limit: 99.00% (inverse)

2025-10-16 11:07:42   Using Generalized port mode solver.

                      ------------------------------------------------------------------------------
2025-10-16 11:07:43   Port mode solver: Detected dispersive material(s) at port 1. 
                      Using a constant approximation of dispersive material(s) at 2.4 GHz and neglecting loss terms.  More...

                      ------------------------------------------------------------------------------
2025-10-16 11:07:43   Boundary conditions: 

                        YZsymmetry: none
                        XZsymmetry: none
                        XYsymmetry: none

                        Xmin: expanded open, 4 Layer, depth 34.3807 mm
                        Xmax: expanded open, 4 Layer, depth 34.3807 mm

                        Ymin: expanded open, 4 Layer, depth 32.9291 mm
                        Ymax: expanded open, 4 Layer, depth 34.4047 mm

                        Zmin: expanded open, 4 Layer, depth 34.6381 mm
                        Zmax: expanded open, 4 Layer, depth 37.8896 mm

                        PML-Type: Convolution PML

                      ------------------------------------------------------------------------------
2025-10-16 11:07:43   Frequency settings: 

                        Fmin:         2.2
                        Fmax:         2.6
                        Nfsteps(lin): 1001

                      ------------------------------------------------------------------------------
2025-10-16 11:07:44   Field update statistics:

                        Number of components in total: 	347170
                        Number of TST and special elements:	228
                        Number of lossy metal components:	8108
                        Number of disp. elements:		4596

                      Subcycling state:      			Automatically deactivated

                      ------------------------------------------------------------------------------
2025-10-16 11:07:44   Waveguide boundaries:

2025-10-16 11:07:44   Port: 1

2025-10-16 11:07:44     -------------------------------- F-Calc 2.4 --------------------------------
                        Port   Mode   Type        Z-Wave        Z-Wave-Sigma  Z-Line        F-Cutoff
                        1      1      QTEM        207           0             62.7          ---
                        ----------------------------------------------------------------------------

2025-10-16 11:07:45   Using standard absorber for unconsidered modes at port 1.

                      ------------------------------------------------------------------------------
2025-10-16 11:08:17   
                      --------------------------------------------------------------------------------
2025-10-16 11:08:17   Steady state energy criterion met, solver finished successfully.

                      ------------------------------------------------------------------------------
2025-10-16 11:08:17   Frequency domain results normalized to default signal.


                      ------------------------------------------------------------------------------
2025-10-16 11:08:17   
                        ----------------------------------------------------------------------------
                                            Peak memory used (kB)         Free physical memory (kB) 
                                                                          At begin     Minimum      
                        ----------------------------------------------------------------------------
                        Matrices calc.      143313                        1989257      1206054      
                        Solver run total    74868                         3131172      3048832      
                        ----------------------------------------------------------------------------

                      --------------------------------------------------------------------------------
                      Solver Statistics:

                        Hardware:
                           Computer name:                 	Heu 

                           Number of CPU threads:               4
                           Hardware info:                  	Hardware Accelerator Device not activated

                        Number of mesh cells:             	55296
                        Excitation duration:              	1.77727437e+001 ns 
                        Calculation time for excitation:  	0 	s
                        Number of calculated pulse widths:	1.17378 
                        Steady state accuracy limit:      	-40	dB 
                        Simulated number of time steps:   	8200 
                        Maximum number of time steps:     	139720 
                        Time step width:
                           without subcycles:             	2.544051144e-003 ns
                           used:                          	2.544051144e-003 ns

                        Matrix calculation time:          	11 	s
                        Solver setup time:                	8 	s
                        Solver loop time:                 	26 	s
                        Solver post-processing time:      	2 	s
                                                          	------------
                        Total solver time:                	47 	s

                      ------------------------------------------------------------------------------
2025-10-16 11:08:18   
                        Adaptive port meshing time:          	34     	s
                        Total solver time (all cycles):      	47     	s
                        Solver initialization and clean-up:  	3      	s
                                                             	------------
                        Total simulation time:               	84     	s  ( = 0 h, 1 m, 24 s )

                      ------------------------------------------------------------------------------
2025-10-16 11:08:19   Solver finished at: 2025-10-16 11:08:19 +0200



                      ------------------------------------------------------------------------------
2025-10-16 11:08:21   Creating parametric 1D results for Run ID 40

                      ------------------------------------------------------------------------------
