2025-10-16 11:35:44   Line impedance adaptation results found. Adaptive port meshing skipped.

                      ------------------------------------------------------------------------------
2025-10-16 11:35:47   The following farfield monitor(s) have been adjusted to model box [-54.2138,
                      54.2138, -58.8636, 45.814, -5.03077, 16.1117]:
                        farfield (f=2.4417).
                      For further information please check the page "Special Solver Parameters -
                      Solver" in the Online Help.

                      ------------------------------------------------------------------------------
2025-10-16 11:35:47   According to the selected features the <Time Domain Solver (HEX)> will be
                      started.

                      ------------------------------------------------------------------------------
2025-10-16 11:35:47   
                      Solver started at: 2025-10-16 11:35:47 +0200

                        Module:  Time Domain: S-Parameter (Win 64)
                        Version: 2025.4 Release from 2025-04-11 (change 1409410)

2025-10-16 11:35:47   

                      ------------------------------------------------------------------------------
2025-10-16 11:35:47   

                      ------------------------------------------------------------------------------
2025-10-16 11:35:47   ======================================================================
                       Solver cycle: 1
                      ======================================================================

                      Stimulation at port 1 (mode 1) 



                      ------------------------------------------------------------------------------
2025-10-16 11:35:47   Units settings: 

                        Dimensions: mm
                        Frequency:  GHz
                        Time:       ns

                      ------------------------------------------------------------------------------
2025-10-16 11:35:47   The dispersive material update [Automatic] will be performed using the "Standard" update schema

                      ------------------------------------------------------------------------------
2025-10-16 11:35:53   Mesh statistics:

                         Hexahedral mesh type: Perfect Boundary Approximation (PBA)
                            Version: default

                         Parallelization type: none

2025-10-16 11:35:49      current system memory usage reached 80%
                         Used point accuracy enhancement value: 74.00%.

2025-10-16 11:35:53   
                      --------------------------------------------------------------------------------
2025-10-16 11:35:53   *** Warning ***

2025-10-16 11:35:53   Solver run aborted.

                      ------------------------------------------------------------------------------
2025-10-16 11:35:53   Frequency domain results unnormalized.


                      ------------------------------------------------------------------------------
2025-10-16 11:35:53   
                        ----------------------------------------------------------------------------
                                            Peak memory used (kB)         Free physical memory (kB) 
                                                                          At begin     Minimum      
                        ----------------------------------------------------------------------------
                        Matrices calc.      0                             0            0            
                        Solver run total    27640                         3262332      3156604      
                        ----------------------------------------------------------------------------

                      --------------------------------------------------------------------------------
                      Solver Statistics:

                        Hardware:
                           Computer name:                 	Heu 

                           Number of CPU threads:               4
                           Hardware info:                  	Hardware Accelerator Device not activated

                        Number of mesh cells:             	56448
                        Excitation duration:              	0.00000000e+000 ns 
                        Calculation time for excitation:  	0 	s
                        Number of calculated pulse widths:	0 
                        Simulated number of time steps:   	0 
                        Maximum number of time steps:     	0 
                        Time step width:
                           without subcycles:             	0.000000000e+000 ns
                           used:                          	0.000000000e+000 ns

                        Matrix calculation time:          	0 	s
                        Solver setup time:                	0 	s
                        Solver loop time:                 	0 	s
                        Solver post-processing time:      	0 	s
                                                          	------------
                        Total solver time:                	0 	s

                      ------------------------------------------------------------------------------
2025-10-16 11:35:54   
                        Total solver time (all cycles):      	0      	s
                        Solver initialization and clean-up:  	6      	s
                                                             	------------
                        Total simulation time:               	6      	s

                      ------------------------------------------------------------------------------
2025-10-16 11:35:54   Solver finished at: 2025-10-16 11:35:54 +0200



                      ------------------------------------------------------------------------------
