2025-10-20 15:42:59   Build version: 2025.4 Release from 2025-04-11 (change 1409410)

2025-10-20 15:42:59   Starting adaptive port meshing.

                      ------------------------------------------------------------------------------
2025-10-20 15:42:59   Mode calculation for port 1:

                      ------------------------------------------------------------------------------
2025-10-20 15:42:59   According to the selected features the <Time Domain Solver (HEX)> will be
                      started.

                      ------------------------------------------------------------------------------
2025-10-20 15:42:59   

                      ------------------------------------------------------------------------------
2025-10-20 15:42:59   

                      ------------------------------------------------------------------------------
2025-10-20 15:43:08   Using Generalized port mode solver.

                      ------------------------------------------------------------------------------
2025-10-20 15:43:08   Using electric shielding for port 1.

                      ------------------------------------------------------------------------------
2025-10-20 15:43:11   Port mode solver: Detected dispersive material(s) at port 1. 
                      Using a constant approximation of dispersive material(s) at 2.4 GHz and neglecting loss terms.  More...

                      ------------------------------------------------------------------------------
2025-10-20 15:43:13     -------------------------------- F-Calc 2.4 --------------------------------
                        Port   Mode   Type        Z-Wave        Z-Wave-Sigma  Z-Line        F-Cutoff
                        1      1      QTEM        243           2.32e-009     94.4          ---
                        ----------------------------------------------------------------------------

2025-10-20 15:43:19   Pass 1 successfully completed. 
2025-10-20 15:43:19   According to the selected features the <Time Domain Solver (HEX)> will be
                      started.

                      ------------------------------------------------------------------------------
2025-10-20 15:43:19   

                      ------------------------------------------------------------------------------
2025-10-20 15:43:19   

                      ------------------------------------------------------------------------------
2025-10-20 15:43:34     -------------------------------- F-Calc 2.4 --------------------------------
                        Port   Mode   Type        Z-Wave        Z-Wave-Sigma  Z-Line        F-Cutoff
                        1      1      QTEM        244           2.19e-009     98.9          ---
                        ----------------------------------------------------------------------------

2025-10-20 15:43:39   Pass 2 successfully completed. Delta (Line Imp.): 4.49%
2025-10-20 15:43:39   According to the selected features the <Time Domain Solver (HEX)> will be
                      started.

                      ------------------------------------------------------------------------------
2025-10-20 15:43:39   

                      ------------------------------------------------------------------------------
2025-10-20 15:43:39   

                      ------------------------------------------------------------------------------
2025-10-20 15:43:55     -------------------------------- F-Calc 2.4 --------------------------------
                        Port   Mode   Type        Z-Wave        Z-Wave-Sigma  Z-Line        F-Cutoff
                        1      1      QTEM        247           1.82e-008     97.6          ---
                        ----------------------------------------------------------------------------

2025-10-20 15:44:00   Pass 3 successfully completed. Delta (Line Imp.): 1.28%
2025-10-20 15:44:00   According to the selected features the <Time Domain Solver (HEX)> will be
                      started.

                      ------------------------------------------------------------------------------
2025-10-20 15:44:00   

                      ------------------------------------------------------------------------------
2025-10-20 15:44:00   

                      ------------------------------------------------------------------------------
2025-10-20 15:44:16     -------------------------------- F-Calc 2.4 --------------------------------
                        Port   Mode   Type        Z-Wave        Z-Wave-Sigma  Z-Line        F-Cutoff
                        1      1      QTEM        252           4.46e-009     97.2          ---
                        ----------------------------------------------------------------------------

2025-10-20 15:44:21   Pass 4 successfully completed. Delta (Line Imp.): 0.49%
2025-10-20 15:44:21   Adaptive port meshing finished. 

                      ------------------------------------------------------------------------------
2025-10-20 15:44:22   The following farfield monitor(s) have been adjusted to model box [-27.1129,
                      27.1129, -26.7409, 23.4229, -3.327, 14.8388]:
                        farfield (f=2.4417).
                      For further information please check the page "Special Solver Parameters -
                      Solver" in the Online Help.

                      ------------------------------------------------------------------------------
2025-10-20 15:44:22   According to the selected features the <Time Domain Solver (HEX)> will be
                      started.

                      ------------------------------------------------------------------------------
2025-10-20 15:44:23   
                      Solver started at: 2025-10-20 15:44:23 +0200

                        Module:  Time Domain: S-Parameter (Win 64)
                        Version: 2025.4 Release from 2025-04-11 (change 1409410)

2025-10-20 15:44:23   

                      ------------------------------------------------------------------------------
2025-10-20 15:44:23   

                      ------------------------------------------------------------------------------
2025-10-20 15:44:23   ======================================================================
                       Solver cycle: 1
                      ======================================================================

                      Stimulation at port 1 (mode 1) 



                      ------------------------------------------------------------------------------
2025-10-20 15:44:23   Units settings: 

                        Dimensions: mm
                        Frequency:  GHz
                        Time:       ns

                      ------------------------------------------------------------------------------
2025-10-20 15:44:23   The dispersive material update [Automatic] will be performed using the "Standard" update schema

                      ------------------------------------------------------------------------------
2025-10-20 15:44:39   Mesh statistics:

                         Hexahedral mesh type: Perfect Boundary Approximation (PBA)
                            Version: default

                         Parallelization type: domain decomposition
                            Number of parallel working threads: 2
                            Number of calculation domains used: 2

                         Used point accuracy enhancement value: 75.00%.
                         Acceleration mode: CPU
                         PBA fill limit: 99.00% (inverse)
                         Used point accuracy enhancement value: 74.00%.
2025-10-20 10:13:03      current system memory usage reached 75%
2025-10-20 10:15:44      current system memory usage reached 75%
2025-10-20 10:15:43      current system memory usage reached 75%
2025-10-20 10:40:03      current system memory usage reached 80%
2025-10-20 11:33:28      current system memory usage reached 75%
2025-10-20 12:02:04      current system memory usage reached 75%
2025-10-20 13:09:38      current system memory usage reached 75%
2025-10-20 13:09:39      current system memory usage reached 75%
2025-10-20 13:14:46      current system memory usage reached 75%
                         Used point accuracy enhancement value: 72.00%.
2025-10-20 13:20:39      current system memory usage reached 75%
                         Used point accuracy enhancement value: 71.00%.
2025-10-20 13:26:46      current system memory usage reached 75%
2025-10-20 13:45:31      current system memory usage reached 75%
2025-10-20 13:45:55      current system memory usage reached 75%
2025-10-20 13:45:54      current system memory usage reached 75%
2025-10-20 13:56:56      current system memory usage reached 75%
                         Used point accuracy enhancement value: 73.00%.
2025-10-20 14:16:36      current system memory usage reached 80%
2025-10-20 14:22:03      current system memory usage reached 80%
                         Used point accuracy enhancement value: 67.00%.
                         Used point accuracy enhancement value: 64.00%.
                         Used point accuracy enhancement value: 69.00%.
                         Used point accuracy enhancement value: 66.00%.

2025-10-20 15:44:43   Using Generalized port mode solver.

                      ------------------------------------------------------------------------------
2025-10-20 15:44:43   Using electric shielding for port 1.

                      ------------------------------------------------------------------------------
2025-10-20 15:44:44   Port mode solver: Detected dispersive material(s) at port 1. 
                      Using a constant approximation of dispersive material(s) at 2.4 GHz and neglecting loss terms.  More...

                      ------------------------------------------------------------------------------
2025-10-20 15:44:44   Boundary conditions: 

                        YZsymmetry: none
                        XZsymmetry: none
                        XYsymmetry: none

                        Xmin: expanded open, 4 Layer, depth 33.0919 mm
                        Xmax: expanded open, 4 Layer, depth 33.0919 mm

                        Ymin: expanded open, 4 Layer, depth 39.4452 mm
                        Ymax: expanded open, 4 Layer, depth 33.0659 mm

                        Zmin: expanded open, 4 Layer, depth 33.3533 mm
                        Zmax: expanded open, 4 Layer, depth 38.1107 mm

                        PML-Type: Convolution PML

                      ------------------------------------------------------------------------------
2025-10-20 15:44:44   Frequency settings: 

                        Fmin:         2.2
                        Fmax:         2.6
                        Nfsteps(lin): 1001

                      ------------------------------------------------------------------------------
2025-10-20 15:44:44   Field update statistics:

                        Number of components in total: 	546509
                        Number of TST and special elements:	426
                        Number of lossy metal components:	9980
                        Number of disp. elements:		10007

                      Subcycling state:      			Automatically deactivated

                      ------------------------------------------------------------------------------
2025-10-20 15:44:44   Waveguide boundaries:

2025-10-20 15:44:44   Port: 1

2025-10-20 15:44:44     -------------------------------- F-Calc 2.4 --------------------------------
                        Port   Mode   Type        Z-Wave        Z-Wave-Sigma  Z-Line        F-Cutoff
                        1      1      QTEM        243           2.29e-009     97.2          ---
                        ----------------------------------------------------------------------------

2025-10-20 15:44:46   Using standard absorber for unconsidered modes at port 1.

                      ------------------------------------------------------------------------------
2025-10-20 15:45:44   
                      --------------------------------------------------------------------------------
2025-10-20 15:45:44   Steady state energy criterion met, solver finished successfully.

                      ------------------------------------------------------------------------------
2025-10-20 15:45:44   Frequency domain results normalized to default signal.


                      ------------------------------------------------------------------------------
2025-10-20 15:45:44   
                        ----------------------------------------------------------------------------
                                            Peak memory used (kB)         Free physical memory (kB) 
                                                                          At begin     Minimum      
                        ----------------------------------------------------------------------------
                        Matrices calc.      143434                        1989257      1206054      
                        Solver run total    89332                         3692176      3532596      
                        ----------------------------------------------------------------------------

                      --------------------------------------------------------------------------------
                      Solver Statistics:

                        Hardware:
                           Computer name:                 	Heu 

                           Number of CPU threads:               4
                           Hardware info:                  	Hardware Accelerator Device not activated

                        Number of mesh cells:             	87768
                        Excitation duration:              	1.77727437e+001 ns 
                        Calculation time for excitation:  	0 	s
                        Number of calculated pulse widths:	1.07924 
                        Steady state accuracy limit:      	-40	dB 
                        Simulated number of time steps:   	14345 
                        Maximum number of time steps:     	265834 
                        Time step width:
                           without subcycles:             	1.337129622e-003 ns
                           used:                          	1.337129622e-003 ns

                        Matrix calculation time:          	15 	s
                        Solver setup time:                	19 	s
                        Solver loop time:                 	43 	s
                        Solver post-processing time:      	1 	s
                                                          	------------
                        Total solver time:                	78 	s  ( = 0 h, 1 m, 18 s )

                      ------------------------------------------------------------------------------
2025-10-20 15:45:44   
                        Adaptive port meshing time:          	85     	s  ( = 0 h, 1 m, 25 s )
                        Total solver time (all cycles):      	78     	s  ( = 0 h, 1 m, 18 s )
                        Solver initialization and clean-up:  	4      	s
                                                             	------------
                        Total simulation time:               	167    	s  ( = 0 h, 2 m, 47 s )

                      ------------------------------------------------------------------------------
2025-10-20 15:45:45   Solver finished at: 2025-10-20 15:45:45 +0200



                      ------------------------------------------------------------------------------
2025-10-20 15:45:46   Creating parametric 1D results for Run ID 16

                      ------------------------------------------------------------------------------
